[2024-07-04T20:23:36.924+0000] {taskinstance.py:1165} INFO - Dependencies all met for <TaskInstance: group_dag.downloads scheduled__2024-07-03T00:00:00+00:00 [queued]>
[2024-07-04T20:23:36.931+0000] {taskinstance.py:1165} INFO - Dependencies all met for <TaskInstance: group_dag.downloads scheduled__2024-07-03T00:00:00+00:00 [queued]>
[2024-07-04T20:23:36.932+0000] {taskinstance.py:1362} INFO - 
--------------------------------------------------------------------------------
[2024-07-04T20:23:36.932+0000] {taskinstance.py:1363} INFO - Starting attempt 1 of 1
[2024-07-04T20:23:36.932+0000] {taskinstance.py:1364} INFO - 
--------------------------------------------------------------------------------
[2024-07-04T20:23:36.943+0000] {taskinstance.py:1383} INFO - Executing <Task(SubDagOperator): downloads> on 2024-07-03 00:00:00+00:00
[2024-07-04T20:23:36.946+0000] {standard_task_runner.py:55} INFO - Started process 114 to run task
[2024-07-04T20:23:36.949+0000] {standard_task_runner.py:82} INFO - Running: ['***', 'tasks', 'run', 'group_dag', 'downloads', 'scheduled__2024-07-03T00:00:00+00:00', '--job-id', '74', '--raw', '--subdir', 'DAGS_FOLDER/group_dag.py', '--cfg-path', '/tmp/tmp8zj8tuxf']
[2024-07-04T20:23:36.950+0000] {standard_task_runner.py:83} INFO - Job 74: Subtask downloads
[2024-07-04T20:23:37.002+0000] {task_command.py:376} INFO - Running <TaskInstance: group_dag.downloads scheduled__2024-07-03T00:00:00+00:00 [running]> on host e1633c9682d6
[2024-07-04T20:23:37.059+0000] {taskinstance.py:1592} INFO - Exporting the following env vars:
AIRFLOW_CTX_DAG_OWNER=***
AIRFLOW_CTX_DAG_ID=group_dag
AIRFLOW_CTX_TASK_ID=downloads
AIRFLOW_CTX_EXECUTION_DATE=2024-07-03T00:00:00+00:00
AIRFLOW_CTX_TRY_NUMBER=1
AIRFLOW_CTX_DAG_RUN_ID=scheduled__2024-07-03T00:00:00+00:00
[2024-07-04T20:23:37.060+0000] {warnings.py:110} WARNING - /home/***/.local/lib/python3.7/site-packages/***/utils/context.py:204: AirflowContextDeprecationWarning: Accessing 'execution_date' from the template is deprecated and will be removed in a future version. Please use 'data_interval_start' or 'logical_date' instead.
  warnings.warn(_create_deprecation_warning(key, self._deprecation_replacements[key]))

[2024-07-04T20:23:37.085+0000] {subdag.py:171} INFO - Created DagRun: scheduled__2024-07-03T00:00:00+00:00
[2024-07-04T20:24:37.104+0000] {base.py:213} INFO - Success criteria met. Exiting.
[2024-07-04T20:24:37.110+0000] {subdag.py:186} INFO - Execution finished. State is success
[2024-07-04T20:24:37.118+0000] {taskinstance.py:1406} INFO - Marking task as SUCCESS. dag_id=group_dag, task_id=downloads, execution_date=20240703T000000, start_date=20240704T202336, end_date=20240704T202437
[2024-07-04T20:24:37.158+0000] {local_task_job.py:164} INFO - Task exited with return code 0
[2024-07-04T20:24:37.188+0000] {local_task_job.py:273} INFO - 1 downstream tasks scheduled from follow-on schedule check
