[2024-07-01T17:04:52.720+0000] {processor.py:154} INFO - Started process (PID=74) to work on /home/airflow/.local/lib/python3.7/site-packages/airflow/example_dags/example_trigger_controller_dag.py
[2024-07-01T17:04:52.726+0000] {processor.py:756} INFO - Processing file /home/airflow/.local/lib/python3.7/site-packages/airflow/example_dags/example_trigger_controller_dag.py for tasks to queue
[2024-07-01T17:04:52.729+0000] {logging_mixin.py:120} INFO - [2024-07-01T17:04:52.729+0000] {dagbag.py:537} INFO - Filling up the DagBag from /home/airflow/.local/lib/python3.7/site-packages/airflow/example_dags/example_trigger_controller_dag.py
[2024-07-01T17:04:52.770+0000] {processor.py:766} INFO - DAG(s) dict_keys(['example_trigger_controller_dag']) retrieved from /home/airflow/.local/lib/python3.7/site-packages/airflow/example_dags/example_trigger_controller_dag.py
[2024-07-01T17:04:52.875+0000] {logging_mixin.py:120} INFO - [2024-07-01T17:04:52.875+0000] {dag.py:2585} INFO - Sync 1 DAGs
[2024-07-01T17:04:52.940+0000] {logging_mixin.py:120} INFO - [2024-07-01T17:04:52.939+0000] {dag.py:3340} INFO - Setting next_dagrun for example_trigger_controller_dag to 2021-01-01T00:00:00+00:00, run_after=2021-01-01T00:00:00+00:00
[2024-07-01T17:04:52.980+0000] {processor.py:176} INFO - Processing /home/airflow/.local/lib/python3.7/site-packages/airflow/example_dags/example_trigger_controller_dag.py took 0.289 seconds
[2024-07-01T17:05:23.168+0000] {processor.py:154} INFO - Started process (PID=144) to work on /home/airflow/.local/lib/python3.7/site-packages/airflow/example_dags/example_trigger_controller_dag.py
[2024-07-01T17:05:23.169+0000] {processor.py:756} INFO - Processing file /home/airflow/.local/lib/python3.7/site-packages/airflow/example_dags/example_trigger_controller_dag.py for tasks to queue
[2024-07-01T17:05:23.170+0000] {logging_mixin.py:120} INFO - [2024-07-01T17:05:23.170+0000] {dagbag.py:537} INFO - Filling up the DagBag from /home/airflow/.local/lib/python3.7/site-packages/airflow/example_dags/example_trigger_controller_dag.py
[2024-07-01T17:05:23.180+0000] {processor.py:766} INFO - DAG(s) dict_keys(['example_trigger_controller_dag']) retrieved from /home/airflow/.local/lib/python3.7/site-packages/airflow/example_dags/example_trigger_controller_dag.py
[2024-07-01T17:05:23.216+0000] {logging_mixin.py:120} INFO - [2024-07-01T17:05:23.216+0000] {dag.py:2585} INFO - Sync 1 DAGs
[2024-07-01T17:05:23.242+0000] {logging_mixin.py:120} INFO - [2024-07-01T17:05:23.242+0000] {dag.py:3340} INFO - Setting next_dagrun for example_trigger_controller_dag to 2021-01-01T00:00:00+00:00, run_after=2021-01-01T00:00:00+00:00
[2024-07-01T17:05:23.261+0000] {processor.py:176} INFO - Processing /home/airflow/.local/lib/python3.7/site-packages/airflow/example_dags/example_trigger_controller_dag.py took 0.096 seconds
[2024-07-01T17:05:53.991+0000] {processor.py:154} INFO - Started process (PID=211) to work on /home/airflow/.local/lib/python3.7/site-packages/airflow/example_dags/example_trigger_controller_dag.py
[2024-07-01T17:05:53.992+0000] {processor.py:756} INFO - Processing file /home/airflow/.local/lib/python3.7/site-packages/airflow/example_dags/example_trigger_controller_dag.py for tasks to queue
[2024-07-01T17:05:53.992+0000] {logging_mixin.py:120} INFO - [2024-07-01T17:05:53.992+0000] {dagbag.py:537} INFO - Filling up the DagBag from /home/airflow/.local/lib/python3.7/site-packages/airflow/example_dags/example_trigger_controller_dag.py
[2024-07-01T17:05:54.002+0000] {processor.py:766} INFO - DAG(s) dict_keys(['example_trigger_controller_dag']) retrieved from /home/airflow/.local/lib/python3.7/site-packages/airflow/example_dags/example_trigger_controller_dag.py
[2024-07-01T17:05:54.036+0000] {logging_mixin.py:120} INFO - [2024-07-01T17:05:54.036+0000] {dag.py:2585} INFO - Sync 1 DAGs
[2024-07-01T17:05:54.058+0000] {logging_mixin.py:120} INFO - [2024-07-01T17:05:54.058+0000] {dag.py:3340} INFO - Setting next_dagrun for example_trigger_controller_dag to 2021-01-01T00:00:00+00:00, run_after=2021-01-01T00:00:00+00:00
[2024-07-01T17:05:54.075+0000] {processor.py:176} INFO - Processing /home/airflow/.local/lib/python3.7/site-packages/airflow/example_dags/example_trigger_controller_dag.py took 0.088 seconds
[2024-07-01T17:06:24.843+0000] {processor.py:154} INFO - Started process (PID=278) to work on /home/airflow/.local/lib/python3.7/site-packages/airflow/example_dags/example_trigger_controller_dag.py
[2024-07-01T17:06:24.844+0000] {processor.py:756} INFO - Processing file /home/airflow/.local/lib/python3.7/site-packages/airflow/example_dags/example_trigger_controller_dag.py for tasks to queue
[2024-07-01T17:06:24.845+0000] {logging_mixin.py:120} INFO - [2024-07-01T17:06:24.845+0000] {dagbag.py:537} INFO - Filling up the DagBag from /home/airflow/.local/lib/python3.7/site-packages/airflow/example_dags/example_trigger_controller_dag.py
[2024-07-01T17:06:24.855+0000] {processor.py:766} INFO - DAG(s) dict_keys(['example_trigger_controller_dag']) retrieved from /home/airflow/.local/lib/python3.7/site-packages/airflow/example_dags/example_trigger_controller_dag.py
[2024-07-01T17:06:24.889+0000] {logging_mixin.py:120} INFO - [2024-07-01T17:06:24.889+0000] {dag.py:2585} INFO - Sync 1 DAGs
[2024-07-01T17:06:24.911+0000] {logging_mixin.py:120} INFO - [2024-07-01T17:06:24.911+0000] {dag.py:3340} INFO - Setting next_dagrun for example_trigger_controller_dag to 2021-01-01T00:00:00+00:00, run_after=2021-01-01T00:00:00+00:00
[2024-07-01T17:06:24.926+0000] {processor.py:176} INFO - Processing /home/airflow/.local/lib/python3.7/site-packages/airflow/example_dags/example_trigger_controller_dag.py took 0.086 seconds
[2024-07-01T17:06:55.218+0000] {processor.py:154} INFO - Started process (PID=343) to work on /home/airflow/.local/lib/python3.7/site-packages/airflow/example_dags/example_trigger_controller_dag.py
[2024-07-01T17:06:55.219+0000] {processor.py:756} INFO - Processing file /home/airflow/.local/lib/python3.7/site-packages/airflow/example_dags/example_trigger_controller_dag.py for tasks to queue
[2024-07-01T17:06:55.220+0000] {logging_mixin.py:120} INFO - [2024-07-01T17:06:55.220+0000] {dagbag.py:537} INFO - Filling up the DagBag from /home/airflow/.local/lib/python3.7/site-packages/airflow/example_dags/example_trigger_controller_dag.py
[2024-07-01T17:06:55.237+0000] {processor.py:766} INFO - DAG(s) dict_keys(['example_trigger_controller_dag']) retrieved from /home/airflow/.local/lib/python3.7/site-packages/airflow/example_dags/example_trigger_controller_dag.py
[2024-07-01T17:06:55.277+0000] {logging_mixin.py:120} INFO - [2024-07-01T17:06:55.277+0000] {dag.py:2585} INFO - Sync 1 DAGs
[2024-07-01T17:06:55.303+0000] {logging_mixin.py:120} INFO - [2024-07-01T17:06:55.303+0000] {dag.py:3340} INFO - Setting next_dagrun for example_trigger_controller_dag to 2021-01-01T00:00:00+00:00, run_after=2021-01-01T00:00:00+00:00
[2024-07-01T17:06:55.323+0000] {processor.py:176} INFO - Processing /home/airflow/.local/lib/python3.7/site-packages/airflow/example_dags/example_trigger_controller_dag.py took 0.107 seconds
[2024-07-01T17:07:25.487+0000] {processor.py:154} INFO - Started process (PID=404) to work on /home/airflow/.local/lib/python3.7/site-packages/airflow/example_dags/example_trigger_controller_dag.py
[2024-07-01T17:07:25.488+0000] {processor.py:756} INFO - Processing file /home/airflow/.local/lib/python3.7/site-packages/airflow/example_dags/example_trigger_controller_dag.py for tasks to queue
[2024-07-01T17:07:25.488+0000] {logging_mixin.py:120} INFO - [2024-07-01T17:07:25.488+0000] {dagbag.py:537} INFO - Filling up the DagBag from /home/airflow/.local/lib/python3.7/site-packages/airflow/example_dags/example_trigger_controller_dag.py
[2024-07-01T17:07:25.500+0000] {processor.py:766} INFO - DAG(s) dict_keys(['example_trigger_controller_dag']) retrieved from /home/airflow/.local/lib/python3.7/site-packages/airflow/example_dags/example_trigger_controller_dag.py
[2024-07-01T17:07:25.538+0000] {logging_mixin.py:120} INFO - [2024-07-01T17:07:25.538+0000] {dag.py:2585} INFO - Sync 1 DAGs
[2024-07-01T17:07:25.562+0000] {logging_mixin.py:120} INFO - [2024-07-01T17:07:25.562+0000] {dag.py:3340} INFO - Setting next_dagrun for example_trigger_controller_dag to 2021-01-01T00:00:00+00:00, run_after=2021-01-01T00:00:00+00:00
[2024-07-01T17:07:25.579+0000] {processor.py:176} INFO - Processing /home/airflow/.local/lib/python3.7/site-packages/airflow/example_dags/example_trigger_controller_dag.py took 0.096 seconds
[2024-07-01T17:07:56.387+0000] {processor.py:154} INFO - Started process (PID=471) to work on /home/airflow/.local/lib/python3.7/site-packages/airflow/example_dags/example_trigger_controller_dag.py
[2024-07-01T17:07:56.388+0000] {processor.py:756} INFO - Processing file /home/airflow/.local/lib/python3.7/site-packages/airflow/example_dags/example_trigger_controller_dag.py for tasks to queue
[2024-07-01T17:07:56.388+0000] {logging_mixin.py:120} INFO - [2024-07-01T17:07:56.388+0000] {dagbag.py:537} INFO - Filling up the DagBag from /home/airflow/.local/lib/python3.7/site-packages/airflow/example_dags/example_trigger_controller_dag.py
[2024-07-01T17:07:56.399+0000] {processor.py:766} INFO - DAG(s) dict_keys(['example_trigger_controller_dag']) retrieved from /home/airflow/.local/lib/python3.7/site-packages/airflow/example_dags/example_trigger_controller_dag.py
[2024-07-01T17:07:56.433+0000] {logging_mixin.py:120} INFO - [2024-07-01T17:07:56.433+0000] {dag.py:2585} INFO - Sync 1 DAGs
[2024-07-01T17:07:56.455+0000] {logging_mixin.py:120} INFO - [2024-07-01T17:07:56.455+0000] {dag.py:3340} INFO - Setting next_dagrun for example_trigger_controller_dag to 2021-01-01T00:00:00+00:00, run_after=2021-01-01T00:00:00+00:00
[2024-07-01T17:07:56.471+0000] {processor.py:176} INFO - Processing /home/airflow/.local/lib/python3.7/site-packages/airflow/example_dags/example_trigger_controller_dag.py took 0.087 seconds
[2024-07-01T17:08:27.064+0000] {processor.py:154} INFO - Started process (PID=539) to work on /home/airflow/.local/lib/python3.7/site-packages/airflow/example_dags/example_trigger_controller_dag.py
[2024-07-01T17:08:27.066+0000] {processor.py:756} INFO - Processing file /home/airflow/.local/lib/python3.7/site-packages/airflow/example_dags/example_trigger_controller_dag.py for tasks to queue
[2024-07-01T17:08:27.066+0000] {logging_mixin.py:120} INFO - [2024-07-01T17:08:27.066+0000] {dagbag.py:537} INFO - Filling up the DagBag from /home/airflow/.local/lib/python3.7/site-packages/airflow/example_dags/example_trigger_controller_dag.py
[2024-07-01T17:08:27.078+0000] {processor.py:766} INFO - DAG(s) dict_keys(['example_trigger_controller_dag']) retrieved from /home/airflow/.local/lib/python3.7/site-packages/airflow/example_dags/example_trigger_controller_dag.py
[2024-07-01T17:08:27.115+0000] {logging_mixin.py:120} INFO - [2024-07-01T17:08:27.114+0000] {dag.py:2585} INFO - Sync 1 DAGs
[2024-07-01T17:08:27.138+0000] {logging_mixin.py:120} INFO - [2024-07-01T17:08:27.138+0000] {dag.py:3340} INFO - Setting next_dagrun for example_trigger_controller_dag to 2021-01-01T00:00:00+00:00, run_after=2021-01-01T00:00:00+00:00
[2024-07-01T17:08:27.157+0000] {processor.py:176} INFO - Processing /home/airflow/.local/lib/python3.7/site-packages/airflow/example_dags/example_trigger_controller_dag.py took 0.095 seconds
[2024-07-01T17:08:57.725+0000] {processor.py:154} INFO - Started process (PID=606) to work on /home/airflow/.local/lib/python3.7/site-packages/airflow/example_dags/example_trigger_controller_dag.py
[2024-07-01T17:08:57.726+0000] {processor.py:756} INFO - Processing file /home/airflow/.local/lib/python3.7/site-packages/airflow/example_dags/example_trigger_controller_dag.py for tasks to queue
[2024-07-01T17:08:57.727+0000] {logging_mixin.py:120} INFO - [2024-07-01T17:08:57.727+0000] {dagbag.py:537} INFO - Filling up the DagBag from /home/airflow/.local/lib/python3.7/site-packages/airflow/example_dags/example_trigger_controller_dag.py
[2024-07-01T17:08:57.737+0000] {processor.py:766} INFO - DAG(s) dict_keys(['example_trigger_controller_dag']) retrieved from /home/airflow/.local/lib/python3.7/site-packages/airflow/example_dags/example_trigger_controller_dag.py
[2024-07-01T17:08:57.776+0000] {logging_mixin.py:120} INFO - [2024-07-01T17:08:57.776+0000] {dag.py:2585} INFO - Sync 1 DAGs
[2024-07-01T17:08:57.801+0000] {logging_mixin.py:120} INFO - [2024-07-01T17:08:57.801+0000] {dag.py:3340} INFO - Setting next_dagrun for example_trigger_controller_dag to 2021-01-01T00:00:00+00:00, run_after=2021-01-01T00:00:00+00:00
[2024-07-01T17:08:57.820+0000] {processor.py:176} INFO - Processing /home/airflow/.local/lib/python3.7/site-packages/airflow/example_dags/example_trigger_controller_dag.py took 0.099 seconds
[2024-07-01T17:09:28.401+0000] {processor.py:154} INFO - Started process (PID=664) to work on /home/airflow/.local/lib/python3.7/site-packages/airflow/example_dags/example_trigger_controller_dag.py
[2024-07-01T17:09:28.402+0000] {processor.py:756} INFO - Processing file /home/airflow/.local/lib/python3.7/site-packages/airflow/example_dags/example_trigger_controller_dag.py for tasks to queue
[2024-07-01T17:09:28.403+0000] {logging_mixin.py:120} INFO - [2024-07-01T17:09:28.403+0000] {dagbag.py:537} INFO - Filling up the DagBag from /home/airflow/.local/lib/python3.7/site-packages/airflow/example_dags/example_trigger_controller_dag.py
[2024-07-01T17:09:28.414+0000] {processor.py:766} INFO - DAG(s) dict_keys(['example_trigger_controller_dag']) retrieved from /home/airflow/.local/lib/python3.7/site-packages/airflow/example_dags/example_trigger_controller_dag.py
[2024-07-01T17:09:28.449+0000] {logging_mixin.py:120} INFO - [2024-07-01T17:09:28.449+0000] {dag.py:2585} INFO - Sync 1 DAGs
[2024-07-01T17:09:28.473+0000] {logging_mixin.py:120} INFO - [2024-07-01T17:09:28.473+0000] {dag.py:3340} INFO - Setting next_dagrun for example_trigger_controller_dag to 2021-01-01T00:00:00+00:00, run_after=2021-01-01T00:00:00+00:00
[2024-07-01T17:09:28.490+0000] {processor.py:176} INFO - Processing /home/airflow/.local/lib/python3.7/site-packages/airflow/example_dags/example_trigger_controller_dag.py took 0.092 seconds
[2024-07-01T17:09:59.205+0000] {processor.py:154} INFO - Started process (PID=732) to work on /home/airflow/.local/lib/python3.7/site-packages/airflow/example_dags/example_trigger_controller_dag.py
[2024-07-01T17:09:59.206+0000] {processor.py:756} INFO - Processing file /home/airflow/.local/lib/python3.7/site-packages/airflow/example_dags/example_trigger_controller_dag.py for tasks to queue
[2024-07-01T17:09:59.207+0000] {logging_mixin.py:120} INFO - [2024-07-01T17:09:59.207+0000] {dagbag.py:537} INFO - Filling up the DagBag from /home/airflow/.local/lib/python3.7/site-packages/airflow/example_dags/example_trigger_controller_dag.py
[2024-07-01T17:09:59.218+0000] {processor.py:766} INFO - DAG(s) dict_keys(['example_trigger_controller_dag']) retrieved from /home/airflow/.local/lib/python3.7/site-packages/airflow/example_dags/example_trigger_controller_dag.py
[2024-07-01T17:09:59.258+0000] {logging_mixin.py:120} INFO - [2024-07-01T17:09:59.258+0000] {dag.py:2585} INFO - Sync 1 DAGs
[2024-07-01T17:09:59.283+0000] {logging_mixin.py:120} INFO - [2024-07-01T17:09:59.283+0000] {dag.py:3340} INFO - Setting next_dagrun for example_trigger_controller_dag to 2021-01-01T00:00:00+00:00, run_after=2021-01-01T00:00:00+00:00
[2024-07-01T17:09:59.301+0000] {processor.py:176} INFO - Processing /home/airflow/.local/lib/python3.7/site-packages/airflow/example_dags/example_trigger_controller_dag.py took 0.098 seconds
[2024-07-01T17:10:30.068+0000] {processor.py:154} INFO - Started process (PID=799) to work on /home/airflow/.local/lib/python3.7/site-packages/airflow/example_dags/example_trigger_controller_dag.py
[2024-07-01T17:10:30.069+0000] {processor.py:756} INFO - Processing file /home/airflow/.local/lib/python3.7/site-packages/airflow/example_dags/example_trigger_controller_dag.py for tasks to queue
[2024-07-01T17:10:30.070+0000] {logging_mixin.py:120} INFO - [2024-07-01T17:10:30.070+0000] {dagbag.py:537} INFO - Filling up the DagBag from /home/airflow/.local/lib/python3.7/site-packages/airflow/example_dags/example_trigger_controller_dag.py
[2024-07-01T17:10:30.080+0000] {processor.py:766} INFO - DAG(s) dict_keys(['example_trigger_controller_dag']) retrieved from /home/airflow/.local/lib/python3.7/site-packages/airflow/example_dags/example_trigger_controller_dag.py
[2024-07-01T17:10:30.114+0000] {logging_mixin.py:120} INFO - [2024-07-01T17:10:30.114+0000] {dag.py:2585} INFO - Sync 1 DAGs
[2024-07-01T17:10:30.136+0000] {logging_mixin.py:120} INFO - [2024-07-01T17:10:30.136+0000] {dag.py:3340} INFO - Setting next_dagrun for example_trigger_controller_dag to 2021-01-01T00:00:00+00:00, run_after=2021-01-01T00:00:00+00:00
[2024-07-01T17:10:30.152+0000] {processor.py:176} INFO - Processing /home/airflow/.local/lib/python3.7/site-packages/airflow/example_dags/example_trigger_controller_dag.py took 0.087 seconds
[2024-07-01T17:11:00.688+0000] {processor.py:154} INFO - Started process (PID=866) to work on /home/airflow/.local/lib/python3.7/site-packages/airflow/example_dags/example_trigger_controller_dag.py
[2024-07-01T17:11:00.689+0000] {processor.py:756} INFO - Processing file /home/airflow/.local/lib/python3.7/site-packages/airflow/example_dags/example_trigger_controller_dag.py for tasks to queue
[2024-07-01T17:11:00.689+0000] {logging_mixin.py:120} INFO - [2024-07-01T17:11:00.689+0000] {dagbag.py:537} INFO - Filling up the DagBag from /home/airflow/.local/lib/python3.7/site-packages/airflow/example_dags/example_trigger_controller_dag.py
[2024-07-01T17:11:00.700+0000] {processor.py:766} INFO - DAG(s) dict_keys(['example_trigger_controller_dag']) retrieved from /home/airflow/.local/lib/python3.7/site-packages/airflow/example_dags/example_trigger_controller_dag.py
[2024-07-01T17:11:00.734+0000] {logging_mixin.py:120} INFO - [2024-07-01T17:11:00.734+0000] {dag.py:2585} INFO - Sync 1 DAGs
[2024-07-01T17:11:00.756+0000] {logging_mixin.py:120} INFO - [2024-07-01T17:11:00.756+0000] {dag.py:3340} INFO - Setting next_dagrun for example_trigger_controller_dag to 2021-01-01T00:00:00+00:00, run_after=2021-01-01T00:00:00+00:00
[2024-07-01T17:11:00.773+0000] {processor.py:176} INFO - Processing /home/airflow/.local/lib/python3.7/site-packages/airflow/example_dags/example_trigger_controller_dag.py took 0.088 seconds
[2024-07-01T17:11:31.488+0000] {processor.py:154} INFO - Started process (PID=924) to work on /home/airflow/.local/lib/python3.7/site-packages/airflow/example_dags/example_trigger_controller_dag.py
[2024-07-01T17:11:31.489+0000] {processor.py:756} INFO - Processing file /home/airflow/.local/lib/python3.7/site-packages/airflow/example_dags/example_trigger_controller_dag.py for tasks to queue
[2024-07-01T17:11:31.490+0000] {logging_mixin.py:120} INFO - [2024-07-01T17:11:31.490+0000] {dagbag.py:537} INFO - Filling up the DagBag from /home/airflow/.local/lib/python3.7/site-packages/airflow/example_dags/example_trigger_controller_dag.py
[2024-07-01T17:11:31.500+0000] {processor.py:766} INFO - DAG(s) dict_keys(['example_trigger_controller_dag']) retrieved from /home/airflow/.local/lib/python3.7/site-packages/airflow/example_dags/example_trigger_controller_dag.py
[2024-07-01T17:11:31.534+0000] {logging_mixin.py:120} INFO - [2024-07-01T17:11:31.534+0000] {dag.py:2585} INFO - Sync 1 DAGs
[2024-07-01T17:11:31.556+0000] {logging_mixin.py:120} INFO - [2024-07-01T17:11:31.556+0000] {dag.py:3340} INFO - Setting next_dagrun for example_trigger_controller_dag to 2021-01-01T00:00:00+00:00, run_after=2021-01-01T00:00:00+00:00
[2024-07-01T17:11:31.572+0000] {processor.py:176} INFO - Processing /home/airflow/.local/lib/python3.7/site-packages/airflow/example_dags/example_trigger_controller_dag.py took 0.087 seconds
[2024-07-01T17:12:02.131+0000] {processor.py:154} INFO - Started process (PID=991) to work on /home/airflow/.local/lib/python3.7/site-packages/airflow/example_dags/example_trigger_controller_dag.py
[2024-07-01T17:12:02.132+0000] {processor.py:756} INFO - Processing file /home/airflow/.local/lib/python3.7/site-packages/airflow/example_dags/example_trigger_controller_dag.py for tasks to queue
[2024-07-01T17:12:02.133+0000] {logging_mixin.py:120} INFO - [2024-07-01T17:12:02.132+0000] {dagbag.py:537} INFO - Filling up the DagBag from /home/airflow/.local/lib/python3.7/site-packages/airflow/example_dags/example_trigger_controller_dag.py
[2024-07-01T17:12:02.143+0000] {processor.py:766} INFO - DAG(s) dict_keys(['example_trigger_controller_dag']) retrieved from /home/airflow/.local/lib/python3.7/site-packages/airflow/example_dags/example_trigger_controller_dag.py
[2024-07-01T17:12:02.177+0000] {logging_mixin.py:120} INFO - [2024-07-01T17:12:02.177+0000] {dag.py:2585} INFO - Sync 1 DAGs
[2024-07-01T17:12:02.198+0000] {logging_mixin.py:120} INFO - [2024-07-01T17:12:02.198+0000] {dag.py:3340} INFO - Setting next_dagrun for example_trigger_controller_dag to 2021-01-01T00:00:00+00:00, run_after=2021-01-01T00:00:00+00:00
[2024-07-01T17:12:02.213+0000] {processor.py:176} INFO - Processing /home/airflow/.local/lib/python3.7/site-packages/airflow/example_dags/example_trigger_controller_dag.py took 0.085 seconds
[2024-07-01T17:12:32.710+0000] {processor.py:154} INFO - Started process (PID=1058) to work on /home/airflow/.local/lib/python3.7/site-packages/airflow/example_dags/example_trigger_controller_dag.py
[2024-07-01T17:12:32.711+0000] {processor.py:756} INFO - Processing file /home/airflow/.local/lib/python3.7/site-packages/airflow/example_dags/example_trigger_controller_dag.py for tasks to queue
[2024-07-01T17:12:32.712+0000] {logging_mixin.py:120} INFO - [2024-07-01T17:12:32.712+0000] {dagbag.py:537} INFO - Filling up the DagBag from /home/airflow/.local/lib/python3.7/site-packages/airflow/example_dags/example_trigger_controller_dag.py
[2024-07-01T17:12:32.723+0000] {processor.py:766} INFO - DAG(s) dict_keys(['example_trigger_controller_dag']) retrieved from /home/airflow/.local/lib/python3.7/site-packages/airflow/example_dags/example_trigger_controller_dag.py
[2024-07-01T17:12:32.758+0000] {logging_mixin.py:120} INFO - [2024-07-01T17:12:32.757+0000] {dag.py:2585} INFO - Sync 1 DAGs
[2024-07-01T17:12:32.780+0000] {logging_mixin.py:120} INFO - [2024-07-01T17:12:32.779+0000] {dag.py:3340} INFO - Setting next_dagrun for example_trigger_controller_dag to 2021-01-01T00:00:00+00:00, run_after=2021-01-01T00:00:00+00:00
[2024-07-01T17:12:32.795+0000] {processor.py:176} INFO - Processing /home/airflow/.local/lib/python3.7/site-packages/airflow/example_dags/example_trigger_controller_dag.py took 0.088 seconds
[2024-07-01T17:13:03.182+0000] {processor.py:154} INFO - Started process (PID=1125) to work on /home/airflow/.local/lib/python3.7/site-packages/airflow/example_dags/example_trigger_controller_dag.py
[2024-07-01T17:13:03.183+0000] {processor.py:756} INFO - Processing file /home/airflow/.local/lib/python3.7/site-packages/airflow/example_dags/example_trigger_controller_dag.py for tasks to queue
[2024-07-01T17:13:03.184+0000] {logging_mixin.py:120} INFO - [2024-07-01T17:13:03.184+0000] {dagbag.py:537} INFO - Filling up the DagBag from /home/airflow/.local/lib/python3.7/site-packages/airflow/example_dags/example_trigger_controller_dag.py
[2024-07-01T17:13:03.194+0000] {processor.py:766} INFO - DAG(s) dict_keys(['example_trigger_controller_dag']) retrieved from /home/airflow/.local/lib/python3.7/site-packages/airflow/example_dags/example_trigger_controller_dag.py
[2024-07-01T17:13:03.229+0000] {logging_mixin.py:120} INFO - [2024-07-01T17:13:03.229+0000] {dag.py:2585} INFO - Sync 1 DAGs
[2024-07-01T17:13:03.253+0000] {logging_mixin.py:120} INFO - [2024-07-01T17:13:03.253+0000] {dag.py:3340} INFO - Setting next_dagrun for example_trigger_controller_dag to 2021-01-01T00:00:00+00:00, run_after=2021-01-01T00:00:00+00:00
[2024-07-01T17:13:03.269+0000] {processor.py:176} INFO - Processing /home/airflow/.local/lib/python3.7/site-packages/airflow/example_dags/example_trigger_controller_dag.py took 0.090 seconds
[2024-07-01T17:13:33.878+0000] {processor.py:154} INFO - Started process (PID=1191) to work on /home/airflow/.local/lib/python3.7/site-packages/airflow/example_dags/example_trigger_controller_dag.py
[2024-07-01T17:13:33.880+0000] {processor.py:756} INFO - Processing file /home/airflow/.local/lib/python3.7/site-packages/airflow/example_dags/example_trigger_controller_dag.py for tasks to queue
[2024-07-01T17:13:33.880+0000] {logging_mixin.py:120} INFO - [2024-07-01T17:13:33.880+0000] {dagbag.py:537} INFO - Filling up the DagBag from /home/airflow/.local/lib/python3.7/site-packages/airflow/example_dags/example_trigger_controller_dag.py
[2024-07-01T17:13:33.891+0000] {processor.py:766} INFO - DAG(s) dict_keys(['example_trigger_controller_dag']) retrieved from /home/airflow/.local/lib/python3.7/site-packages/airflow/example_dags/example_trigger_controller_dag.py
[2024-07-01T17:13:33.929+0000] {logging_mixin.py:120} INFO - [2024-07-01T17:13:33.928+0000] {dag.py:2585} INFO - Sync 1 DAGs
[2024-07-01T17:13:33.954+0000] {logging_mixin.py:120} INFO - [2024-07-01T17:13:33.954+0000] {dag.py:3340} INFO - Setting next_dagrun for example_trigger_controller_dag to 2021-01-01T00:00:00+00:00, run_after=2021-01-01T00:00:00+00:00
[2024-07-01T17:13:33.974+0000] {processor.py:176} INFO - Processing /home/airflow/.local/lib/python3.7/site-packages/airflow/example_dags/example_trigger_controller_dag.py took 0.099 seconds
[2024-07-01T17:14:04.589+0000] {processor.py:154} INFO - Started process (PID=1249) to work on /home/airflow/.local/lib/python3.7/site-packages/airflow/example_dags/example_trigger_controller_dag.py
[2024-07-01T17:14:04.590+0000] {processor.py:756} INFO - Processing file /home/airflow/.local/lib/python3.7/site-packages/airflow/example_dags/example_trigger_controller_dag.py for tasks to queue
[2024-07-01T17:14:04.591+0000] {logging_mixin.py:120} INFO - [2024-07-01T17:14:04.591+0000] {dagbag.py:537} INFO - Filling up the DagBag from /home/airflow/.local/lib/python3.7/site-packages/airflow/example_dags/example_trigger_controller_dag.py
[2024-07-01T17:14:04.601+0000] {processor.py:766} INFO - DAG(s) dict_keys(['example_trigger_controller_dag']) retrieved from /home/airflow/.local/lib/python3.7/site-packages/airflow/example_dags/example_trigger_controller_dag.py
[2024-07-01T17:14:04.636+0000] {logging_mixin.py:120} INFO - [2024-07-01T17:14:04.636+0000] {dag.py:2585} INFO - Sync 1 DAGs
[2024-07-01T17:14:04.658+0000] {logging_mixin.py:120} INFO - [2024-07-01T17:14:04.658+0000] {dag.py:3340} INFO - Setting next_dagrun for example_trigger_controller_dag to 2021-01-01T00:00:00+00:00, run_after=2021-01-01T00:00:00+00:00
[2024-07-01T17:14:04.677+0000] {processor.py:176} INFO - Processing /home/airflow/.local/lib/python3.7/site-packages/airflow/example_dags/example_trigger_controller_dag.py took 0.091 seconds
[2024-07-01T17:14:35.161+0000] {processor.py:154} INFO - Started process (PID=1315) to work on /home/airflow/.local/lib/python3.7/site-packages/airflow/example_dags/example_trigger_controller_dag.py
[2024-07-01T17:14:35.162+0000] {processor.py:756} INFO - Processing file /home/airflow/.local/lib/python3.7/site-packages/airflow/example_dags/example_trigger_controller_dag.py for tasks to queue
[2024-07-01T17:14:35.162+0000] {logging_mixin.py:120} INFO - [2024-07-01T17:14:35.162+0000] {dagbag.py:537} INFO - Filling up the DagBag from /home/airflow/.local/lib/python3.7/site-packages/airflow/example_dags/example_trigger_controller_dag.py
[2024-07-01T17:14:35.173+0000] {processor.py:766} INFO - DAG(s) dict_keys(['example_trigger_controller_dag']) retrieved from /home/airflow/.local/lib/python3.7/site-packages/airflow/example_dags/example_trigger_controller_dag.py
[2024-07-01T17:14:35.207+0000] {logging_mixin.py:120} INFO - [2024-07-01T17:14:35.207+0000] {dag.py:2585} INFO - Sync 1 DAGs
[2024-07-01T17:14:35.228+0000] {logging_mixin.py:120} INFO - [2024-07-01T17:14:35.228+0000] {dag.py:3340} INFO - Setting next_dagrun for example_trigger_controller_dag to 2021-01-01T00:00:00+00:00, run_after=2021-01-01T00:00:00+00:00
[2024-07-01T17:14:35.246+0000] {processor.py:176} INFO - Processing /home/airflow/.local/lib/python3.7/site-packages/airflow/example_dags/example_trigger_controller_dag.py took 0.089 seconds
[2024-07-01T17:15:05.803+0000] {processor.py:154} INFO - Started process (PID=1382) to work on /home/airflow/.local/lib/python3.7/site-packages/airflow/example_dags/example_trigger_controller_dag.py
[2024-07-01T17:15:05.804+0000] {processor.py:756} INFO - Processing file /home/airflow/.local/lib/python3.7/site-packages/airflow/example_dags/example_trigger_controller_dag.py for tasks to queue
[2024-07-01T17:15:05.804+0000] {logging_mixin.py:120} INFO - [2024-07-01T17:15:05.804+0000] {dagbag.py:537} INFO - Filling up the DagBag from /home/airflow/.local/lib/python3.7/site-packages/airflow/example_dags/example_trigger_controller_dag.py
[2024-07-01T17:15:05.815+0000] {processor.py:766} INFO - DAG(s) dict_keys(['example_trigger_controller_dag']) retrieved from /home/airflow/.local/lib/python3.7/site-packages/airflow/example_dags/example_trigger_controller_dag.py
[2024-07-01T17:15:05.849+0000] {logging_mixin.py:120} INFO - [2024-07-01T17:15:05.849+0000] {dag.py:2585} INFO - Sync 1 DAGs
[2024-07-01T17:15:05.872+0000] {logging_mixin.py:120} INFO - [2024-07-01T17:15:05.872+0000] {dag.py:3340} INFO - Setting next_dagrun for example_trigger_controller_dag to 2021-01-01T00:00:00+00:00, run_after=2021-01-01T00:00:00+00:00
[2024-07-01T17:15:05.890+0000] {processor.py:176} INFO - Processing /home/airflow/.local/lib/python3.7/site-packages/airflow/example_dags/example_trigger_controller_dag.py took 0.090 seconds
[2024-07-01T17:15:36.408+0000] {processor.py:154} INFO - Started process (PID=1449) to work on /home/airflow/.local/lib/python3.7/site-packages/airflow/example_dags/example_trigger_controller_dag.py
[2024-07-01T17:15:36.409+0000] {processor.py:756} INFO - Processing file /home/airflow/.local/lib/python3.7/site-packages/airflow/example_dags/example_trigger_controller_dag.py for tasks to queue
[2024-07-01T17:15:36.410+0000] {logging_mixin.py:120} INFO - [2024-07-01T17:15:36.410+0000] {dagbag.py:537} INFO - Filling up the DagBag from /home/airflow/.local/lib/python3.7/site-packages/airflow/example_dags/example_trigger_controller_dag.py
[2024-07-01T17:15:36.420+0000] {processor.py:766} INFO - DAG(s) dict_keys(['example_trigger_controller_dag']) retrieved from /home/airflow/.local/lib/python3.7/site-packages/airflow/example_dags/example_trigger_controller_dag.py
[2024-07-01T17:15:36.455+0000] {logging_mixin.py:120} INFO - [2024-07-01T17:15:36.455+0000] {dag.py:2585} INFO - Sync 1 DAGs
[2024-07-01T17:15:36.477+0000] {logging_mixin.py:120} INFO - [2024-07-01T17:15:36.477+0000] {dag.py:3340} INFO - Setting next_dagrun for example_trigger_controller_dag to 2021-01-01T00:00:00+00:00, run_after=2021-01-01T00:00:00+00:00
[2024-07-01T17:15:36.493+0000] {processor.py:176} INFO - Processing /home/airflow/.local/lib/python3.7/site-packages/airflow/example_dags/example_trigger_controller_dag.py took 0.088 seconds
[2024-07-01T17:16:07.049+0000] {processor.py:154} INFO - Started process (PID=1507) to work on /home/airflow/.local/lib/python3.7/site-packages/airflow/example_dags/example_trigger_controller_dag.py
[2024-07-01T17:16:07.050+0000] {processor.py:756} INFO - Processing file /home/airflow/.local/lib/python3.7/site-packages/airflow/example_dags/example_trigger_controller_dag.py for tasks to queue
[2024-07-01T17:16:07.051+0000] {logging_mixin.py:120} INFO - [2024-07-01T17:16:07.051+0000] {dagbag.py:537} INFO - Filling up the DagBag from /home/airflow/.local/lib/python3.7/site-packages/airflow/example_dags/example_trigger_controller_dag.py
[2024-07-01T17:16:07.062+0000] {processor.py:766} INFO - DAG(s) dict_keys(['example_trigger_controller_dag']) retrieved from /home/airflow/.local/lib/python3.7/site-packages/airflow/example_dags/example_trigger_controller_dag.py
[2024-07-01T17:16:07.098+0000] {logging_mixin.py:120} INFO - [2024-07-01T17:16:07.098+0000] {dag.py:2585} INFO - Sync 1 DAGs
[2024-07-01T17:16:07.122+0000] {logging_mixin.py:120} INFO - [2024-07-01T17:16:07.121+0000] {dag.py:3340} INFO - Setting next_dagrun for example_trigger_controller_dag to 2021-01-01T00:00:00+00:00, run_after=2021-01-01T00:00:00+00:00
[2024-07-01T17:16:07.139+0000] {processor.py:176} INFO - Processing /home/airflow/.local/lib/python3.7/site-packages/airflow/example_dags/example_trigger_controller_dag.py took 0.094 seconds
[2024-07-01T17:16:37.849+0000] {processor.py:154} INFO - Started process (PID=1575) to work on /home/airflow/.local/lib/python3.7/site-packages/airflow/example_dags/example_trigger_controller_dag.py
[2024-07-01T17:16:37.850+0000] {processor.py:756} INFO - Processing file /home/airflow/.local/lib/python3.7/site-packages/airflow/example_dags/example_trigger_controller_dag.py for tasks to queue
[2024-07-01T17:16:37.851+0000] {logging_mixin.py:120} INFO - [2024-07-01T17:16:37.851+0000] {dagbag.py:537} INFO - Filling up the DagBag from /home/airflow/.local/lib/python3.7/site-packages/airflow/example_dags/example_trigger_controller_dag.py
[2024-07-01T17:16:37.863+0000] {processor.py:766} INFO - DAG(s) dict_keys(['example_trigger_controller_dag']) retrieved from /home/airflow/.local/lib/python3.7/site-packages/airflow/example_dags/example_trigger_controller_dag.py
[2024-07-01T17:16:37.899+0000] {logging_mixin.py:120} INFO - [2024-07-01T17:16:37.899+0000] {dag.py:2585} INFO - Sync 1 DAGs
[2024-07-01T17:16:37.923+0000] {logging_mixin.py:120} INFO - [2024-07-01T17:16:37.923+0000] {dag.py:3340} INFO - Setting next_dagrun for example_trigger_controller_dag to 2021-01-01T00:00:00+00:00, run_after=2021-01-01T00:00:00+00:00
[2024-07-01T17:16:37.941+0000] {processor.py:176} INFO - Processing /home/airflow/.local/lib/python3.7/site-packages/airflow/example_dags/example_trigger_controller_dag.py took 0.095 seconds
[2024-07-01T17:17:08.541+0000] {processor.py:154} INFO - Started process (PID=1642) to work on /home/airflow/.local/lib/python3.7/site-packages/airflow/example_dags/example_trigger_controller_dag.py
[2024-07-01T17:17:08.542+0000] {processor.py:756} INFO - Processing file /home/airflow/.local/lib/python3.7/site-packages/airflow/example_dags/example_trigger_controller_dag.py for tasks to queue
[2024-07-01T17:17:08.543+0000] {logging_mixin.py:120} INFO - [2024-07-01T17:17:08.543+0000] {dagbag.py:537} INFO - Filling up the DagBag from /home/airflow/.local/lib/python3.7/site-packages/airflow/example_dags/example_trigger_controller_dag.py
[2024-07-01T17:17:08.554+0000] {processor.py:766} INFO - DAG(s) dict_keys(['example_trigger_controller_dag']) retrieved from /home/airflow/.local/lib/python3.7/site-packages/airflow/example_dags/example_trigger_controller_dag.py
[2024-07-01T17:17:08.589+0000] {logging_mixin.py:120} INFO - [2024-07-01T17:17:08.589+0000] {dag.py:2585} INFO - Sync 1 DAGs
[2024-07-01T17:17:08.613+0000] {logging_mixin.py:120} INFO - [2024-07-01T17:17:08.613+0000] {dag.py:3340} INFO - Setting next_dagrun for example_trigger_controller_dag to 2021-01-01T00:00:00+00:00, run_after=2021-01-01T00:00:00+00:00
[2024-07-01T17:17:08.632+0000] {processor.py:176} INFO - Processing /home/airflow/.local/lib/python3.7/site-packages/airflow/example_dags/example_trigger_controller_dag.py took 0.094 seconds
[2024-07-01T17:17:39.186+0000] {processor.py:154} INFO - Started process (PID=1709) to work on /home/airflow/.local/lib/python3.7/site-packages/airflow/example_dags/example_trigger_controller_dag.py
[2024-07-01T17:17:39.187+0000] {processor.py:756} INFO - Processing file /home/airflow/.local/lib/python3.7/site-packages/airflow/example_dags/example_trigger_controller_dag.py for tasks to queue
[2024-07-01T17:17:39.188+0000] {logging_mixin.py:120} INFO - [2024-07-01T17:17:39.187+0000] {dagbag.py:537} INFO - Filling up the DagBag from /home/airflow/.local/lib/python3.7/site-packages/airflow/example_dags/example_trigger_controller_dag.py
[2024-07-01T17:17:39.198+0000] {processor.py:766} INFO - DAG(s) dict_keys(['example_trigger_controller_dag']) retrieved from /home/airflow/.local/lib/python3.7/site-packages/airflow/example_dags/example_trigger_controller_dag.py
[2024-07-01T17:17:39.235+0000] {logging_mixin.py:120} INFO - [2024-07-01T17:17:39.235+0000] {dag.py:2585} INFO - Sync 1 DAGs
[2024-07-01T17:17:39.258+0000] {logging_mixin.py:120} INFO - [2024-07-01T17:17:39.258+0000] {dag.py:3340} INFO - Setting next_dagrun for example_trigger_controller_dag to 2021-01-01T00:00:00+00:00, run_after=2021-01-01T00:00:00+00:00
[2024-07-01T17:17:39.275+0000] {processor.py:176} INFO - Processing /home/airflow/.local/lib/python3.7/site-packages/airflow/example_dags/example_trigger_controller_dag.py took 0.092 seconds
[2024-07-01T17:18:09.870+0000] {processor.py:154} INFO - Started process (PID=1776) to work on /home/airflow/.local/lib/python3.7/site-packages/airflow/example_dags/example_trigger_controller_dag.py
[2024-07-01T17:18:09.871+0000] {processor.py:756} INFO - Processing file /home/airflow/.local/lib/python3.7/site-packages/airflow/example_dags/example_trigger_controller_dag.py for tasks to queue
[2024-07-01T17:18:09.871+0000] {logging_mixin.py:120} INFO - [2024-07-01T17:18:09.871+0000] {dagbag.py:537} INFO - Filling up the DagBag from /home/airflow/.local/lib/python3.7/site-packages/airflow/example_dags/example_trigger_controller_dag.py
[2024-07-01T17:18:09.882+0000] {processor.py:766} INFO - DAG(s) dict_keys(['example_trigger_controller_dag']) retrieved from /home/airflow/.local/lib/python3.7/site-packages/airflow/example_dags/example_trigger_controller_dag.py
[2024-07-01T17:18:09.920+0000] {logging_mixin.py:120} INFO - [2024-07-01T17:18:09.920+0000] {dag.py:2585} INFO - Sync 1 DAGs
[2024-07-01T17:18:09.945+0000] {logging_mixin.py:120} INFO - [2024-07-01T17:18:09.944+0000] {dag.py:3340} INFO - Setting next_dagrun for example_trigger_controller_dag to 2021-01-01T00:00:00+00:00, run_after=2021-01-01T00:00:00+00:00
[2024-07-01T17:18:09.964+0000] {processor.py:176} INFO - Processing /home/airflow/.local/lib/python3.7/site-packages/airflow/example_dags/example_trigger_controller_dag.py took 0.099 seconds
[2024-07-01T17:18:40.660+0000] {processor.py:154} INFO - Started process (PID=1834) to work on /home/airflow/.local/lib/python3.7/site-packages/airflow/example_dags/example_trigger_controller_dag.py
[2024-07-01T17:18:40.661+0000] {processor.py:756} INFO - Processing file /home/airflow/.local/lib/python3.7/site-packages/airflow/example_dags/example_trigger_controller_dag.py for tasks to queue
[2024-07-01T17:18:40.662+0000] {logging_mixin.py:120} INFO - [2024-07-01T17:18:40.662+0000] {dagbag.py:537} INFO - Filling up the DagBag from /home/airflow/.local/lib/python3.7/site-packages/airflow/example_dags/example_trigger_controller_dag.py
[2024-07-01T17:18:40.675+0000] {processor.py:766} INFO - DAG(s) dict_keys(['example_trigger_controller_dag']) retrieved from /home/airflow/.local/lib/python3.7/site-packages/airflow/example_dags/example_trigger_controller_dag.py
[2024-07-01T17:18:40.712+0000] {logging_mixin.py:120} INFO - [2024-07-01T17:18:40.712+0000] {dag.py:2585} INFO - Sync 1 DAGs
[2024-07-01T17:18:40.737+0000] {logging_mixin.py:120} INFO - [2024-07-01T17:18:40.737+0000] {dag.py:3340} INFO - Setting next_dagrun for example_trigger_controller_dag to 2021-01-01T00:00:00+00:00, run_after=2021-01-01T00:00:00+00:00
[2024-07-01T17:18:40.756+0000] {processor.py:176} INFO - Processing /home/airflow/.local/lib/python3.7/site-packages/airflow/example_dags/example_trigger_controller_dag.py took 0.099 seconds
[2024-07-01T17:19:11.455+0000] {processor.py:154} INFO - Started process (PID=1901) to work on /home/airflow/.local/lib/python3.7/site-packages/airflow/example_dags/example_trigger_controller_dag.py
[2024-07-01T17:19:11.456+0000] {processor.py:756} INFO - Processing file /home/airflow/.local/lib/python3.7/site-packages/airflow/example_dags/example_trigger_controller_dag.py for tasks to queue
[2024-07-01T17:19:11.457+0000] {logging_mixin.py:120} INFO - [2024-07-01T17:19:11.457+0000] {dagbag.py:537} INFO - Filling up the DagBag from /home/airflow/.local/lib/python3.7/site-packages/airflow/example_dags/example_trigger_controller_dag.py
[2024-07-01T17:19:11.467+0000] {processor.py:766} INFO - DAG(s) dict_keys(['example_trigger_controller_dag']) retrieved from /home/airflow/.local/lib/python3.7/site-packages/airflow/example_dags/example_trigger_controller_dag.py
[2024-07-01T17:19:11.508+0000] {logging_mixin.py:120} INFO - [2024-07-01T17:19:11.508+0000] {dag.py:2585} INFO - Sync 1 DAGs
[2024-07-01T17:19:11.532+0000] {logging_mixin.py:120} INFO - [2024-07-01T17:19:11.531+0000] {dag.py:3340} INFO - Setting next_dagrun for example_trigger_controller_dag to 2021-01-01T00:00:00+00:00, run_after=2021-01-01T00:00:00+00:00
[2024-07-01T17:19:11.548+0000] {processor.py:176} INFO - Processing /home/airflow/.local/lib/python3.7/site-packages/airflow/example_dags/example_trigger_controller_dag.py took 0.097 seconds
[2024-07-01T17:19:42.284+0000] {processor.py:154} INFO - Started process (PID=1970) to work on /home/airflow/.local/lib/python3.7/site-packages/airflow/example_dags/example_trigger_controller_dag.py
[2024-07-01T17:19:42.285+0000] {processor.py:756} INFO - Processing file /home/airflow/.local/lib/python3.7/site-packages/airflow/example_dags/example_trigger_controller_dag.py for tasks to queue
[2024-07-01T17:19:42.286+0000] {logging_mixin.py:120} INFO - [2024-07-01T17:19:42.286+0000] {dagbag.py:537} INFO - Filling up the DagBag from /home/airflow/.local/lib/python3.7/site-packages/airflow/example_dags/example_trigger_controller_dag.py
[2024-07-01T17:19:42.296+0000] {processor.py:766} INFO - DAG(s) dict_keys(['example_trigger_controller_dag']) retrieved from /home/airflow/.local/lib/python3.7/site-packages/airflow/example_dags/example_trigger_controller_dag.py
[2024-07-01T17:19:42.344+0000] {logging_mixin.py:120} INFO - [2024-07-01T17:19:42.343+0000] {dag.py:2585} INFO - Sync 1 DAGs
[2024-07-01T17:19:42.374+0000] {logging_mixin.py:120} INFO - [2024-07-01T17:19:42.373+0000] {dag.py:3340} INFO - Setting next_dagrun for example_trigger_controller_dag to 2021-01-01T00:00:00+00:00, run_after=2021-01-01T00:00:00+00:00
[2024-07-01T17:19:42.390+0000] {processor.py:176} INFO - Processing /home/airflow/.local/lib/python3.7/site-packages/airflow/example_dags/example_trigger_controller_dag.py took 0.109 seconds
[2024-07-01T17:20:13.446+0000] {processor.py:154} INFO - Started process (PID=2038) to work on /home/airflow/.local/lib/python3.7/site-packages/airflow/example_dags/example_trigger_controller_dag.py
[2024-07-01T17:20:13.447+0000] {processor.py:756} INFO - Processing file /home/airflow/.local/lib/python3.7/site-packages/airflow/example_dags/example_trigger_controller_dag.py for tasks to queue
[2024-07-01T17:20:13.448+0000] {logging_mixin.py:120} INFO - [2024-07-01T17:20:13.447+0000] {dagbag.py:537} INFO - Filling up the DagBag from /home/airflow/.local/lib/python3.7/site-packages/airflow/example_dags/example_trigger_controller_dag.py
[2024-07-01T17:20:13.458+0000] {processor.py:766} INFO - DAG(s) dict_keys(['example_trigger_controller_dag']) retrieved from /home/airflow/.local/lib/python3.7/site-packages/airflow/example_dags/example_trigger_controller_dag.py
[2024-07-01T17:20:13.495+0000] {logging_mixin.py:120} INFO - [2024-07-01T17:20:13.495+0000] {dag.py:2585} INFO - Sync 1 DAGs
[2024-07-01T17:20:13.518+0000] {logging_mixin.py:120} INFO - [2024-07-01T17:20:13.518+0000] {dag.py:3340} INFO - Setting next_dagrun for example_trigger_controller_dag to 2021-01-01T00:00:00+00:00, run_after=2021-01-01T00:00:00+00:00
[2024-07-01T17:20:13.534+0000] {processor.py:176} INFO - Processing /home/airflow/.local/lib/python3.7/site-packages/airflow/example_dags/example_trigger_controller_dag.py took 0.092 seconds
[2024-07-01T17:20:44.201+0000] {processor.py:154} INFO - Started process (PID=2096) to work on /home/airflow/.local/lib/python3.7/site-packages/airflow/example_dags/example_trigger_controller_dag.py
[2024-07-01T17:20:44.202+0000] {processor.py:756} INFO - Processing file /home/airflow/.local/lib/python3.7/site-packages/airflow/example_dags/example_trigger_controller_dag.py for tasks to queue
[2024-07-01T17:20:44.203+0000] {logging_mixin.py:120} INFO - [2024-07-01T17:20:44.203+0000] {dagbag.py:537} INFO - Filling up the DagBag from /home/airflow/.local/lib/python3.7/site-packages/airflow/example_dags/example_trigger_controller_dag.py
[2024-07-01T17:20:44.213+0000] {processor.py:766} INFO - DAG(s) dict_keys(['example_trigger_controller_dag']) retrieved from /home/airflow/.local/lib/python3.7/site-packages/airflow/example_dags/example_trigger_controller_dag.py
[2024-07-01T17:20:44.247+0000] {logging_mixin.py:120} INFO - [2024-07-01T17:20:44.247+0000] {dag.py:2585} INFO - Sync 1 DAGs
[2024-07-01T17:20:44.270+0000] {logging_mixin.py:120} INFO - [2024-07-01T17:20:44.270+0000] {dag.py:3340} INFO - Setting next_dagrun for example_trigger_controller_dag to 2021-01-01T00:00:00+00:00, run_after=2021-01-01T00:00:00+00:00
[2024-07-01T17:20:44.287+0000] {processor.py:176} INFO - Processing /home/airflow/.local/lib/python3.7/site-packages/airflow/example_dags/example_trigger_controller_dag.py took 0.089 seconds
[2024-07-01T17:21:14.759+0000] {processor.py:154} INFO - Started process (PID=2162) to work on /home/airflow/.local/lib/python3.7/site-packages/airflow/example_dags/example_trigger_controller_dag.py
[2024-07-01T17:21:14.760+0000] {processor.py:756} INFO - Processing file /home/airflow/.local/lib/python3.7/site-packages/airflow/example_dags/example_trigger_controller_dag.py for tasks to queue
[2024-07-01T17:21:14.761+0000] {logging_mixin.py:120} INFO - [2024-07-01T17:21:14.761+0000] {dagbag.py:537} INFO - Filling up the DagBag from /home/airflow/.local/lib/python3.7/site-packages/airflow/example_dags/example_trigger_controller_dag.py
[2024-07-01T17:21:14.772+0000] {processor.py:766} INFO - DAG(s) dict_keys(['example_trigger_controller_dag']) retrieved from /home/airflow/.local/lib/python3.7/site-packages/airflow/example_dags/example_trigger_controller_dag.py
[2024-07-01T17:21:14.806+0000] {logging_mixin.py:120} INFO - [2024-07-01T17:21:14.806+0000] {dag.py:2585} INFO - Sync 1 DAGs
[2024-07-01T17:21:14.829+0000] {logging_mixin.py:120} INFO - [2024-07-01T17:21:14.828+0000] {dag.py:3340} INFO - Setting next_dagrun for example_trigger_controller_dag to 2021-01-01T00:00:00+00:00, run_after=2021-01-01T00:00:00+00:00
[2024-07-01T17:21:14.843+0000] {processor.py:176} INFO - Processing /home/airflow/.local/lib/python3.7/site-packages/airflow/example_dags/example_trigger_controller_dag.py took 0.087 seconds
[2024-07-01T17:21:45.254+0000] {processor.py:154} INFO - Started process (PID=2229) to work on /home/airflow/.local/lib/python3.7/site-packages/airflow/example_dags/example_trigger_controller_dag.py
[2024-07-01T17:21:45.255+0000] {processor.py:756} INFO - Processing file /home/airflow/.local/lib/python3.7/site-packages/airflow/example_dags/example_trigger_controller_dag.py for tasks to queue
[2024-07-01T17:21:45.257+0000] {logging_mixin.py:120} INFO - [2024-07-01T17:21:45.257+0000] {dagbag.py:537} INFO - Filling up the DagBag from /home/airflow/.local/lib/python3.7/site-packages/airflow/example_dags/example_trigger_controller_dag.py
[2024-07-01T17:21:45.267+0000] {processor.py:766} INFO - DAG(s) dict_keys(['example_trigger_controller_dag']) retrieved from /home/airflow/.local/lib/python3.7/site-packages/airflow/example_dags/example_trigger_controller_dag.py
[2024-07-01T17:21:45.302+0000] {logging_mixin.py:120} INFO - [2024-07-01T17:21:45.302+0000] {dag.py:2585} INFO - Sync 1 DAGs
[2024-07-01T17:21:45.324+0000] {logging_mixin.py:120} INFO - [2024-07-01T17:21:45.324+0000] {dag.py:3340} INFO - Setting next_dagrun for example_trigger_controller_dag to 2021-01-01T00:00:00+00:00, run_after=2021-01-01T00:00:00+00:00
[2024-07-01T17:21:45.339+0000] {processor.py:176} INFO - Processing /home/airflow/.local/lib/python3.7/site-packages/airflow/example_dags/example_trigger_controller_dag.py took 0.088 seconds
[2024-07-01T17:22:15.809+0000] {processor.py:154} INFO - Started process (PID=2297) to work on /home/airflow/.local/lib/python3.7/site-packages/airflow/example_dags/example_trigger_controller_dag.py
[2024-07-01T17:22:15.810+0000] {processor.py:756} INFO - Processing file /home/airflow/.local/lib/python3.7/site-packages/airflow/example_dags/example_trigger_controller_dag.py for tasks to queue
[2024-07-01T17:22:15.811+0000] {logging_mixin.py:120} INFO - [2024-07-01T17:22:15.811+0000] {dagbag.py:537} INFO - Filling up the DagBag from /home/airflow/.local/lib/python3.7/site-packages/airflow/example_dags/example_trigger_controller_dag.py
[2024-07-01T17:22:15.821+0000] {processor.py:766} INFO - DAG(s) dict_keys(['example_trigger_controller_dag']) retrieved from /home/airflow/.local/lib/python3.7/site-packages/airflow/example_dags/example_trigger_controller_dag.py
[2024-07-01T17:22:15.856+0000] {logging_mixin.py:120} INFO - [2024-07-01T17:22:15.855+0000] {dag.py:2585} INFO - Sync 1 DAGs
[2024-07-01T17:22:15.878+0000] {logging_mixin.py:120} INFO - [2024-07-01T17:22:15.877+0000] {dag.py:3340} INFO - Setting next_dagrun for example_trigger_controller_dag to 2021-01-01T00:00:00+00:00, run_after=2021-01-01T00:00:00+00:00
[2024-07-01T17:22:15.893+0000] {processor.py:176} INFO - Processing /home/airflow/.local/lib/python3.7/site-packages/airflow/example_dags/example_trigger_controller_dag.py took 0.087 seconds
[2024-07-01T17:22:46.433+0000] {processor.py:154} INFO - Started process (PID=2364) to work on /home/airflow/.local/lib/python3.7/site-packages/airflow/example_dags/example_trigger_controller_dag.py
[2024-07-01T17:22:46.434+0000] {processor.py:756} INFO - Processing file /home/airflow/.local/lib/python3.7/site-packages/airflow/example_dags/example_trigger_controller_dag.py for tasks to queue
[2024-07-01T17:22:46.435+0000] {logging_mixin.py:120} INFO - [2024-07-01T17:22:46.435+0000] {dagbag.py:537} INFO - Filling up the DagBag from /home/airflow/.local/lib/python3.7/site-packages/airflow/example_dags/example_trigger_controller_dag.py
[2024-07-01T17:22:46.445+0000] {processor.py:766} INFO - DAG(s) dict_keys(['example_trigger_controller_dag']) retrieved from /home/airflow/.local/lib/python3.7/site-packages/airflow/example_dags/example_trigger_controller_dag.py
[2024-07-01T17:22:46.483+0000] {logging_mixin.py:120} INFO - [2024-07-01T17:22:46.483+0000] {dag.py:2585} INFO - Sync 1 DAGs
[2024-07-01T17:22:46.508+0000] {logging_mixin.py:120} INFO - [2024-07-01T17:22:46.508+0000] {dag.py:3340} INFO - Setting next_dagrun for example_trigger_controller_dag to 2021-01-01T00:00:00+00:00, run_after=2021-01-01T00:00:00+00:00
[2024-07-01T17:22:46.527+0000] {processor.py:176} INFO - Processing /home/airflow/.local/lib/python3.7/site-packages/airflow/example_dags/example_trigger_controller_dag.py took 0.097 seconds
[2024-07-01T17:23:17.338+0000] {processor.py:154} INFO - Started process (PID=2422) to work on /home/airflow/.local/lib/python3.7/site-packages/airflow/example_dags/example_trigger_controller_dag.py
[2024-07-01T17:23:17.338+0000] {processor.py:756} INFO - Processing file /home/airflow/.local/lib/python3.7/site-packages/airflow/example_dags/example_trigger_controller_dag.py for tasks to queue
[2024-07-01T17:23:17.339+0000] {logging_mixin.py:120} INFO - [2024-07-01T17:23:17.339+0000] {dagbag.py:537} INFO - Filling up the DagBag from /home/airflow/.local/lib/python3.7/site-packages/airflow/example_dags/example_trigger_controller_dag.py
[2024-07-01T17:23:17.351+0000] {processor.py:766} INFO - DAG(s) dict_keys(['example_trigger_controller_dag']) retrieved from /home/airflow/.local/lib/python3.7/site-packages/airflow/example_dags/example_trigger_controller_dag.py
[2024-07-01T17:23:17.389+0000] {logging_mixin.py:120} INFO - [2024-07-01T17:23:17.389+0000] {dag.py:2585} INFO - Sync 1 DAGs
[2024-07-01T17:23:17.414+0000] {logging_mixin.py:120} INFO - [2024-07-01T17:23:17.414+0000] {dag.py:3340} INFO - Setting next_dagrun for example_trigger_controller_dag to 2021-01-01T00:00:00+00:00, run_after=2021-01-01T00:00:00+00:00
[2024-07-01T17:23:17.432+0000] {processor.py:176} INFO - Processing /home/airflow/.local/lib/python3.7/site-packages/airflow/example_dags/example_trigger_controller_dag.py took 0.097 seconds
[2024-07-01T17:23:48.100+0000] {processor.py:154} INFO - Started process (PID=2489) to work on /home/airflow/.local/lib/python3.7/site-packages/airflow/example_dags/example_trigger_controller_dag.py
[2024-07-01T17:23:48.101+0000] {processor.py:756} INFO - Processing file /home/airflow/.local/lib/python3.7/site-packages/airflow/example_dags/example_trigger_controller_dag.py for tasks to queue
[2024-07-01T17:23:48.102+0000] {logging_mixin.py:120} INFO - [2024-07-01T17:23:48.102+0000] {dagbag.py:537} INFO - Filling up the DagBag from /home/airflow/.local/lib/python3.7/site-packages/airflow/example_dags/example_trigger_controller_dag.py
[2024-07-01T17:23:48.114+0000] {processor.py:766} INFO - DAG(s) dict_keys(['example_trigger_controller_dag']) retrieved from /home/airflow/.local/lib/python3.7/site-packages/airflow/example_dags/example_trigger_controller_dag.py
[2024-07-01T17:23:48.151+0000] {logging_mixin.py:120} INFO - [2024-07-01T17:23:48.151+0000] {dag.py:2585} INFO - Sync 1 DAGs
[2024-07-01T17:23:48.174+0000] {logging_mixin.py:120} INFO - [2024-07-01T17:23:48.174+0000] {dag.py:3340} INFO - Setting next_dagrun for example_trigger_controller_dag to 2021-01-01T00:00:00+00:00, run_after=2021-01-01T00:00:00+00:00
[2024-07-01T17:23:48.193+0000] {processor.py:176} INFO - Processing /home/airflow/.local/lib/python3.7/site-packages/airflow/example_dags/example_trigger_controller_dag.py took 0.096 seconds
[2024-07-01T17:24:19.104+0000] {processor.py:154} INFO - Started process (PID=2556) to work on /home/airflow/.local/lib/python3.7/site-packages/airflow/example_dags/example_trigger_controller_dag.py
[2024-07-01T17:24:19.105+0000] {processor.py:756} INFO - Processing file /home/airflow/.local/lib/python3.7/site-packages/airflow/example_dags/example_trigger_controller_dag.py for tasks to queue
[2024-07-01T17:24:19.106+0000] {logging_mixin.py:120} INFO - [2024-07-01T17:24:19.106+0000] {dagbag.py:537} INFO - Filling up the DagBag from /home/airflow/.local/lib/python3.7/site-packages/airflow/example_dags/example_trigger_controller_dag.py
[2024-07-01T17:24:19.116+0000] {processor.py:766} INFO - DAG(s) dict_keys(['example_trigger_controller_dag']) retrieved from /home/airflow/.local/lib/python3.7/site-packages/airflow/example_dags/example_trigger_controller_dag.py
[2024-07-01T17:24:19.154+0000] {logging_mixin.py:120} INFO - [2024-07-01T17:24:19.154+0000] {dag.py:2585} INFO - Sync 1 DAGs
[2024-07-01T17:24:19.177+0000] {logging_mixin.py:120} INFO - [2024-07-01T17:24:19.177+0000] {dag.py:3340} INFO - Setting next_dagrun for example_trigger_controller_dag to 2021-01-01T00:00:00+00:00, run_after=2021-01-01T00:00:00+00:00
[2024-07-01T17:24:19.196+0000] {processor.py:176} INFO - Processing /home/airflow/.local/lib/python3.7/site-packages/airflow/example_dags/example_trigger_controller_dag.py took 0.095 seconds
[2024-07-01T17:24:49.974+0000] {processor.py:154} INFO - Started process (PID=2623) to work on /home/airflow/.local/lib/python3.7/site-packages/airflow/example_dags/example_trigger_controller_dag.py
[2024-07-01T17:24:49.975+0000] {processor.py:756} INFO - Processing file /home/airflow/.local/lib/python3.7/site-packages/airflow/example_dags/example_trigger_controller_dag.py for tasks to queue
[2024-07-01T17:24:49.975+0000] {logging_mixin.py:120} INFO - [2024-07-01T17:24:49.975+0000] {dagbag.py:537} INFO - Filling up the DagBag from /home/airflow/.local/lib/python3.7/site-packages/airflow/example_dags/example_trigger_controller_dag.py
[2024-07-01T17:24:49.986+0000] {processor.py:766} INFO - DAG(s) dict_keys(['example_trigger_controller_dag']) retrieved from /home/airflow/.local/lib/python3.7/site-packages/airflow/example_dags/example_trigger_controller_dag.py
[2024-07-01T17:24:50.022+0000] {logging_mixin.py:120} INFO - [2024-07-01T17:24:50.022+0000] {dag.py:2585} INFO - Sync 1 DAGs
[2024-07-01T17:24:50.046+0000] {logging_mixin.py:120} INFO - [2024-07-01T17:24:50.046+0000] {dag.py:3340} INFO - Setting next_dagrun for example_trigger_controller_dag to 2021-01-01T00:00:00+00:00, run_after=2021-01-01T00:00:00+00:00
[2024-07-01T17:24:50.065+0000] {processor.py:176} INFO - Processing /home/airflow/.local/lib/python3.7/site-packages/airflow/example_dags/example_trigger_controller_dag.py took 0.095 seconds
[2024-07-01T17:25:21.022+0000] {processor.py:154} INFO - Started process (PID=2681) to work on /home/airflow/.local/lib/python3.7/site-packages/airflow/example_dags/example_trigger_controller_dag.py
[2024-07-01T17:25:21.022+0000] {processor.py:756} INFO - Processing file /home/airflow/.local/lib/python3.7/site-packages/airflow/example_dags/example_trigger_controller_dag.py for tasks to queue
[2024-07-01T17:25:21.024+0000] {logging_mixin.py:120} INFO - [2024-07-01T17:25:21.024+0000] {dagbag.py:537} INFO - Filling up the DagBag from /home/airflow/.local/lib/python3.7/site-packages/airflow/example_dags/example_trigger_controller_dag.py
[2024-07-01T17:25:21.035+0000] {processor.py:766} INFO - DAG(s) dict_keys(['example_trigger_controller_dag']) retrieved from /home/airflow/.local/lib/python3.7/site-packages/airflow/example_dags/example_trigger_controller_dag.py
[2024-07-01T17:25:21.072+0000] {logging_mixin.py:120} INFO - [2024-07-01T17:25:21.072+0000] {dag.py:2585} INFO - Sync 1 DAGs
[2024-07-01T17:25:21.095+0000] {logging_mixin.py:120} INFO - [2024-07-01T17:25:21.094+0000] {dag.py:3340} INFO - Setting next_dagrun for example_trigger_controller_dag to 2021-01-01T00:00:00+00:00, run_after=2021-01-01T00:00:00+00:00
[2024-07-01T17:25:21.111+0000] {processor.py:176} INFO - Processing /home/airflow/.local/lib/python3.7/site-packages/airflow/example_dags/example_trigger_controller_dag.py took 0.093 seconds
[2024-07-01T17:25:51.944+0000] {processor.py:154} INFO - Started process (PID=2748) to work on /home/airflow/.local/lib/python3.7/site-packages/airflow/example_dags/example_trigger_controller_dag.py
[2024-07-01T17:25:51.947+0000] {processor.py:756} INFO - Processing file /home/airflow/.local/lib/python3.7/site-packages/airflow/example_dags/example_trigger_controller_dag.py for tasks to queue
[2024-07-01T17:25:51.948+0000] {logging_mixin.py:120} INFO - [2024-07-01T17:25:51.948+0000] {dagbag.py:537} INFO - Filling up the DagBag from /home/airflow/.local/lib/python3.7/site-packages/airflow/example_dags/example_trigger_controller_dag.py
[2024-07-01T17:25:51.962+0000] {processor.py:766} INFO - DAG(s) dict_keys(['example_trigger_controller_dag']) retrieved from /home/airflow/.local/lib/python3.7/site-packages/airflow/example_dags/example_trigger_controller_dag.py
[2024-07-01T17:25:51.997+0000] {logging_mixin.py:120} INFO - [2024-07-01T17:25:51.996+0000] {dag.py:2585} INFO - Sync 1 DAGs
[2024-07-01T17:25:52.019+0000] {logging_mixin.py:120} INFO - [2024-07-01T17:25:52.019+0000] {dag.py:3340} INFO - Setting next_dagrun for example_trigger_controller_dag to 2021-01-01T00:00:00+00:00, run_after=2021-01-01T00:00:00+00:00
[2024-07-01T17:25:52.034+0000] {processor.py:176} INFO - Processing /home/airflow/.local/lib/python3.7/site-packages/airflow/example_dags/example_trigger_controller_dag.py took 0.094 seconds
[2024-07-01T17:26:22.595+0000] {processor.py:154} INFO - Started process (PID=2815) to work on /home/airflow/.local/lib/python3.7/site-packages/airflow/example_dags/example_trigger_controller_dag.py
[2024-07-01T17:26:22.596+0000] {processor.py:756} INFO - Processing file /home/airflow/.local/lib/python3.7/site-packages/airflow/example_dags/example_trigger_controller_dag.py for tasks to queue
[2024-07-01T17:26:22.598+0000] {logging_mixin.py:120} INFO - [2024-07-01T17:26:22.597+0000] {dagbag.py:537} INFO - Filling up the DagBag from /home/airflow/.local/lib/python3.7/site-packages/airflow/example_dags/example_trigger_controller_dag.py
[2024-07-01T17:26:22.608+0000] {processor.py:766} INFO - DAG(s) dict_keys(['example_trigger_controller_dag']) retrieved from /home/airflow/.local/lib/python3.7/site-packages/airflow/example_dags/example_trigger_controller_dag.py
[2024-07-01T17:26:22.643+0000] {logging_mixin.py:120} INFO - [2024-07-01T17:26:22.643+0000] {dag.py:2585} INFO - Sync 1 DAGs
[2024-07-01T17:26:22.664+0000] {logging_mixin.py:120} INFO - [2024-07-01T17:26:22.664+0000] {dag.py:3340} INFO - Setting next_dagrun for example_trigger_controller_dag to 2021-01-01T00:00:00+00:00, run_after=2021-01-01T00:00:00+00:00
[2024-07-01T17:26:22.681+0000] {processor.py:176} INFO - Processing /home/airflow/.local/lib/python3.7/site-packages/airflow/example_dags/example_trigger_controller_dag.py took 0.089 seconds
[2024-07-01T17:26:53.104+0000] {processor.py:154} INFO - Started process (PID=2882) to work on /home/airflow/.local/lib/python3.7/site-packages/airflow/example_dags/example_trigger_controller_dag.py
[2024-07-01T17:26:53.105+0000] {processor.py:756} INFO - Processing file /home/airflow/.local/lib/python3.7/site-packages/airflow/example_dags/example_trigger_controller_dag.py for tasks to queue
[2024-07-01T17:26:53.106+0000] {logging_mixin.py:120} INFO - [2024-07-01T17:26:53.106+0000] {dagbag.py:537} INFO - Filling up the DagBag from /home/airflow/.local/lib/python3.7/site-packages/airflow/example_dags/example_trigger_controller_dag.py
[2024-07-01T17:26:53.116+0000] {processor.py:766} INFO - DAG(s) dict_keys(['example_trigger_controller_dag']) retrieved from /home/airflow/.local/lib/python3.7/site-packages/airflow/example_dags/example_trigger_controller_dag.py
[2024-07-01T17:26:53.151+0000] {logging_mixin.py:120} INFO - [2024-07-01T17:26:53.151+0000] {dag.py:2585} INFO - Sync 1 DAGs
[2024-07-01T17:26:53.175+0000] {logging_mixin.py:120} INFO - [2024-07-01T17:26:53.175+0000] {dag.py:3340} INFO - Setting next_dagrun for example_trigger_controller_dag to 2021-01-01T00:00:00+00:00, run_after=2021-01-01T00:00:00+00:00
[2024-07-01T17:26:53.191+0000] {processor.py:176} INFO - Processing /home/airflow/.local/lib/python3.7/site-packages/airflow/example_dags/example_trigger_controller_dag.py took 0.090 seconds
[2024-07-01T17:27:23.671+0000] {processor.py:154} INFO - Started process (PID=2949) to work on /home/airflow/.local/lib/python3.7/site-packages/airflow/example_dags/example_trigger_controller_dag.py
[2024-07-01T17:27:23.672+0000] {processor.py:756} INFO - Processing file /home/airflow/.local/lib/python3.7/site-packages/airflow/example_dags/example_trigger_controller_dag.py for tasks to queue
[2024-07-01T17:27:23.673+0000] {logging_mixin.py:120} INFO - [2024-07-01T17:27:23.673+0000] {dagbag.py:537} INFO - Filling up the DagBag from /home/airflow/.local/lib/python3.7/site-packages/airflow/example_dags/example_trigger_controller_dag.py
[2024-07-01T17:27:23.684+0000] {processor.py:766} INFO - DAG(s) dict_keys(['example_trigger_controller_dag']) retrieved from /home/airflow/.local/lib/python3.7/site-packages/airflow/example_dags/example_trigger_controller_dag.py
[2024-07-01T17:27:23.718+0000] {logging_mixin.py:120} INFO - [2024-07-01T17:27:23.718+0000] {dag.py:2585} INFO - Sync 1 DAGs
[2024-07-01T17:27:23.739+0000] {logging_mixin.py:120} INFO - [2024-07-01T17:27:23.739+0000] {dag.py:3340} INFO - Setting next_dagrun for example_trigger_controller_dag to 2021-01-01T00:00:00+00:00, run_after=2021-01-01T00:00:00+00:00
[2024-07-01T17:27:23.755+0000] {processor.py:176} INFO - Processing /home/airflow/.local/lib/python3.7/site-packages/airflow/example_dags/example_trigger_controller_dag.py took 0.086 seconds
[2024-07-01T17:27:54.177+0000] {processor.py:154} INFO - Started process (PID=3007) to work on /home/airflow/.local/lib/python3.7/site-packages/airflow/example_dags/example_trigger_controller_dag.py
[2024-07-01T17:27:54.178+0000] {processor.py:756} INFO - Processing file /home/airflow/.local/lib/python3.7/site-packages/airflow/example_dags/example_trigger_controller_dag.py for tasks to queue
[2024-07-01T17:27:54.178+0000] {logging_mixin.py:120} INFO - [2024-07-01T17:27:54.178+0000] {dagbag.py:537} INFO - Filling up the DagBag from /home/airflow/.local/lib/python3.7/site-packages/airflow/example_dags/example_trigger_controller_dag.py
[2024-07-01T17:27:54.189+0000] {processor.py:766} INFO - DAG(s) dict_keys(['example_trigger_controller_dag']) retrieved from /home/airflow/.local/lib/python3.7/site-packages/airflow/example_dags/example_trigger_controller_dag.py
[2024-07-01T17:27:54.222+0000] {logging_mixin.py:120} INFO - [2024-07-01T17:27:54.222+0000] {dag.py:2585} INFO - Sync 1 DAGs
[2024-07-01T17:27:54.244+0000] {logging_mixin.py:120} INFO - [2024-07-01T17:27:54.244+0000] {dag.py:3340} INFO - Setting next_dagrun for example_trigger_controller_dag to 2021-01-01T00:00:00+00:00, run_after=2021-01-01T00:00:00+00:00
[2024-07-01T17:27:54.261+0000] {processor.py:176} INFO - Processing /home/airflow/.local/lib/python3.7/site-packages/airflow/example_dags/example_trigger_controller_dag.py took 0.087 seconds
[2024-07-01T17:28:24.611+0000] {processor.py:154} INFO - Started process (PID=3074) to work on /home/airflow/.local/lib/python3.7/site-packages/airflow/example_dags/example_trigger_controller_dag.py
[2024-07-01T17:28:24.612+0000] {processor.py:756} INFO - Processing file /home/airflow/.local/lib/python3.7/site-packages/airflow/example_dags/example_trigger_controller_dag.py for tasks to queue
[2024-07-01T17:28:24.613+0000] {logging_mixin.py:120} INFO - [2024-07-01T17:28:24.613+0000] {dagbag.py:537} INFO - Filling up the DagBag from /home/airflow/.local/lib/python3.7/site-packages/airflow/example_dags/example_trigger_controller_dag.py
[2024-07-01T17:28:24.623+0000] {processor.py:766} INFO - DAG(s) dict_keys(['example_trigger_controller_dag']) retrieved from /home/airflow/.local/lib/python3.7/site-packages/airflow/example_dags/example_trigger_controller_dag.py
[2024-07-01T17:28:24.658+0000] {logging_mixin.py:120} INFO - [2024-07-01T17:28:24.658+0000] {dag.py:2585} INFO - Sync 1 DAGs
[2024-07-01T17:28:24.681+0000] {logging_mixin.py:120} INFO - [2024-07-01T17:28:24.681+0000] {dag.py:3340} INFO - Setting next_dagrun for example_trigger_controller_dag to 2021-01-01T00:00:00+00:00, run_after=2021-01-01T00:00:00+00:00
[2024-07-01T17:28:24.697+0000] {processor.py:176} INFO - Processing /home/airflow/.local/lib/python3.7/site-packages/airflow/example_dags/example_trigger_controller_dag.py took 0.090 seconds
[2024-07-01T17:34:07.853+0000] {processor.py:154} INFO - Started process (PID=66) to work on /home/airflow/.local/lib/python3.7/site-packages/airflow/example_dags/example_trigger_controller_dag.py
[2024-07-01T17:34:07.855+0000] {processor.py:756} INFO - Processing file /home/airflow/.local/lib/python3.7/site-packages/airflow/example_dags/example_trigger_controller_dag.py for tasks to queue
[2024-07-01T17:34:07.856+0000] {logging_mixin.py:120} INFO - [2024-07-01T17:34:07.856+0000] {dagbag.py:537} INFO - Filling up the DagBag from /home/airflow/.local/lib/python3.7/site-packages/airflow/example_dags/example_trigger_controller_dag.py
[2024-07-01T17:34:07.871+0000] {processor.py:766} INFO - DAG(s) dict_keys(['example_trigger_controller_dag']) retrieved from /home/airflow/.local/lib/python3.7/site-packages/airflow/example_dags/example_trigger_controller_dag.py
[2024-07-01T17:34:07.945+0000] {logging_mixin.py:120} INFO - [2024-07-01T17:34:07.945+0000] {dag.py:2585} INFO - Sync 1 DAGs
[2024-07-01T17:34:07.985+0000] {logging_mixin.py:120} INFO - [2024-07-01T17:34:07.984+0000] {dag.py:3340} INFO - Setting next_dagrun for example_trigger_controller_dag to 2021-01-01T00:00:00+00:00, run_after=2021-01-01T00:00:00+00:00
[2024-07-01T17:34:08.014+0000] {processor.py:176} INFO - Processing /home/airflow/.local/lib/python3.7/site-packages/airflow/example_dags/example_trigger_controller_dag.py took 0.165 seconds
