[2024-07-01T17:04:51.111+0000] {processor.py:154} INFO - Started process (PID=63) to work on /home/airflow/.local/lib/python3.7/site-packages/airflow/example_dags/example_branch_labels.py
[2024-07-01T17:04:51.112+0000] {processor.py:756} INFO - Processing file /home/airflow/.local/lib/python3.7/site-packages/airflow/example_dags/example_branch_labels.py for tasks to queue
[2024-07-01T17:04:51.114+0000] {logging_mixin.py:120} INFO - [2024-07-01T17:04:51.113+0000] {dagbag.py:537} INFO - Filling up the DagBag from /home/airflow/.local/lib/python3.7/site-packages/airflow/example_dags/example_branch_labels.py
[2024-07-01T17:04:51.133+0000] {processor.py:766} INFO - DAG(s) dict_keys(['example_branch_labels']) retrieved from /home/airflow/.local/lib/python3.7/site-packages/airflow/example_dags/example_branch_labels.py
[2024-07-01T17:04:51.218+0000] {logging_mixin.py:120} INFO - [2024-07-01T17:04:51.218+0000] {dag.py:2585} INFO - Sync 1 DAGs
[2024-07-01T17:04:51.281+0000] {logging_mixin.py:120} INFO - [2024-07-01T17:04:51.281+0000] {dag.py:3340} INFO - Setting next_dagrun for example_branch_labels to 2024-06-30T00:00:00+00:00, run_after=2024-07-01T00:00:00+00:00
[2024-07-01T17:04:51.404+0000] {processor.py:176} INFO - Processing /home/airflow/.local/lib/python3.7/site-packages/airflow/example_dags/example_branch_labels.py took 0.297 seconds
[2024-07-01T17:05:21.437+0000] {processor.py:154} INFO - Started process (PID=133) to work on /home/airflow/.local/lib/python3.7/site-packages/airflow/example_dags/example_branch_labels.py
[2024-07-01T17:05:21.438+0000] {processor.py:756} INFO - Processing file /home/airflow/.local/lib/python3.7/site-packages/airflow/example_dags/example_branch_labels.py for tasks to queue
[2024-07-01T17:05:21.439+0000] {logging_mixin.py:120} INFO - [2024-07-01T17:05:21.439+0000] {dagbag.py:537} INFO - Filling up the DagBag from /home/airflow/.local/lib/python3.7/site-packages/airflow/example_dags/example_branch_labels.py
[2024-07-01T17:05:21.453+0000] {processor.py:766} INFO - DAG(s) dict_keys(['example_branch_labels']) retrieved from /home/airflow/.local/lib/python3.7/site-packages/airflow/example_dags/example_branch_labels.py
[2024-07-01T17:05:21.491+0000] {logging_mixin.py:120} INFO - [2024-07-01T17:05:21.491+0000] {dag.py:2585} INFO - Sync 1 DAGs
[2024-07-01T17:05:21.518+0000] {logging_mixin.py:120} INFO - [2024-07-01T17:05:21.518+0000] {dag.py:3340} INFO - Setting next_dagrun for example_branch_labels to 2024-06-30T00:00:00+00:00, run_after=2024-07-01T00:00:00+00:00
[2024-07-01T17:05:21.535+0000] {processor.py:176} INFO - Processing /home/airflow/.local/lib/python3.7/site-packages/airflow/example_dags/example_branch_labels.py took 0.102 seconds
[2024-07-01T17:05:52.300+0000] {processor.py:154} INFO - Started process (PID=200) to work on /home/airflow/.local/lib/python3.7/site-packages/airflow/example_dags/example_branch_labels.py
[2024-07-01T17:05:52.301+0000] {processor.py:756} INFO - Processing file /home/airflow/.local/lib/python3.7/site-packages/airflow/example_dags/example_branch_labels.py for tasks to queue
[2024-07-01T17:05:52.302+0000] {logging_mixin.py:120} INFO - [2024-07-01T17:05:52.302+0000] {dagbag.py:537} INFO - Filling up the DagBag from /home/airflow/.local/lib/python3.7/site-packages/airflow/example_dags/example_branch_labels.py
[2024-07-01T17:05:52.316+0000] {processor.py:766} INFO - DAG(s) dict_keys(['example_branch_labels']) retrieved from /home/airflow/.local/lib/python3.7/site-packages/airflow/example_dags/example_branch_labels.py
[2024-07-01T17:05:52.355+0000] {logging_mixin.py:120} INFO - [2024-07-01T17:05:52.355+0000] {dag.py:2585} INFO - Sync 1 DAGs
[2024-07-01T17:05:52.380+0000] {logging_mixin.py:120} INFO - [2024-07-01T17:05:52.380+0000] {dag.py:3340} INFO - Setting next_dagrun for example_branch_labels to 2024-06-30T00:00:00+00:00, run_after=2024-07-01T00:00:00+00:00
[2024-07-01T17:05:52.397+0000] {processor.py:176} INFO - Processing /home/airflow/.local/lib/python3.7/site-packages/airflow/example_dags/example_branch_labels.py took 0.100 seconds
[2024-07-01T17:06:23.122+0000] {processor.py:154} INFO - Started process (PID=267) to work on /home/airflow/.local/lib/python3.7/site-packages/airflow/example_dags/example_branch_labels.py
[2024-07-01T17:06:23.123+0000] {processor.py:756} INFO - Processing file /home/airflow/.local/lib/python3.7/site-packages/airflow/example_dags/example_branch_labels.py for tasks to queue
[2024-07-01T17:06:23.124+0000] {logging_mixin.py:120} INFO - [2024-07-01T17:06:23.124+0000] {dagbag.py:537} INFO - Filling up the DagBag from /home/airflow/.local/lib/python3.7/site-packages/airflow/example_dags/example_branch_labels.py
[2024-07-01T17:06:23.139+0000] {processor.py:766} INFO - DAG(s) dict_keys(['example_branch_labels']) retrieved from /home/airflow/.local/lib/python3.7/site-packages/airflow/example_dags/example_branch_labels.py
[2024-07-01T17:06:23.177+0000] {logging_mixin.py:120} INFO - [2024-07-01T17:06:23.177+0000] {dag.py:2585} INFO - Sync 1 DAGs
[2024-07-01T17:06:23.203+0000] {logging_mixin.py:120} INFO - [2024-07-01T17:06:23.203+0000] {dag.py:3340} INFO - Setting next_dagrun for example_branch_labels to 2024-06-30T00:00:00+00:00, run_after=2024-07-01T00:00:00+00:00
[2024-07-01T17:06:23.221+0000] {processor.py:176} INFO - Processing /home/airflow/.local/lib/python3.7/site-packages/airflow/example_dags/example_branch_labels.py took 0.103 seconds
[2024-07-01T17:06:54.347+0000] {processor.py:154} INFO - Started process (PID=325) to work on /home/airflow/.local/lib/python3.7/site-packages/airflow/example_dags/example_branch_labels.py
[2024-07-01T17:06:54.348+0000] {processor.py:756} INFO - Processing file /home/airflow/.local/lib/python3.7/site-packages/airflow/example_dags/example_branch_labels.py for tasks to queue
[2024-07-01T17:06:54.348+0000] {logging_mixin.py:120} INFO - [2024-07-01T17:06:54.348+0000] {dagbag.py:537} INFO - Filling up the DagBag from /home/airflow/.local/lib/python3.7/site-packages/airflow/example_dags/example_branch_labels.py
[2024-07-01T17:06:54.361+0000] {processor.py:766} INFO - DAG(s) dict_keys(['example_branch_labels']) retrieved from /home/airflow/.local/lib/python3.7/site-packages/airflow/example_dags/example_branch_labels.py
[2024-07-01T17:06:54.398+0000] {logging_mixin.py:120} INFO - [2024-07-01T17:06:54.398+0000] {dag.py:2585} INFO - Sync 1 DAGs
[2024-07-01T17:06:54.422+0000] {logging_mixin.py:120} INFO - [2024-07-01T17:06:54.422+0000] {dag.py:3340} INFO - Setting next_dagrun for example_branch_labels to 2024-06-30T00:00:00+00:00, run_after=2024-07-01T00:00:00+00:00
[2024-07-01T17:06:54.440+0000] {processor.py:176} INFO - Processing /home/airflow/.local/lib/python3.7/site-packages/airflow/example_dags/example_branch_labels.py took 0.096 seconds
[2024-07-01T17:07:24.672+0000] {processor.py:154} INFO - Started process (PID=393) to work on /home/airflow/.local/lib/python3.7/site-packages/airflow/example_dags/example_branch_labels.py
[2024-07-01T17:07:24.673+0000] {processor.py:756} INFO - Processing file /home/airflow/.local/lib/python3.7/site-packages/airflow/example_dags/example_branch_labels.py for tasks to queue
[2024-07-01T17:07:24.674+0000] {logging_mixin.py:120} INFO - [2024-07-01T17:07:24.673+0000] {dagbag.py:537} INFO - Filling up the DagBag from /home/airflow/.local/lib/python3.7/site-packages/airflow/example_dags/example_branch_labels.py
[2024-07-01T17:07:24.686+0000] {processor.py:766} INFO - DAG(s) dict_keys(['example_branch_labels']) retrieved from /home/airflow/.local/lib/python3.7/site-packages/airflow/example_dags/example_branch_labels.py
[2024-07-01T17:07:24.721+0000] {logging_mixin.py:120} INFO - [2024-07-01T17:07:24.721+0000] {dag.py:2585} INFO - Sync 1 DAGs
[2024-07-01T17:07:24.746+0000] {logging_mixin.py:120} INFO - [2024-07-01T17:07:24.745+0000] {dag.py:3340} INFO - Setting next_dagrun for example_branch_labels to 2024-06-30T00:00:00+00:00, run_after=2024-07-01T00:00:00+00:00
[2024-07-01T17:07:24.761+0000] {processor.py:176} INFO - Processing /home/airflow/.local/lib/python3.7/site-packages/airflow/example_dags/example_branch_labels.py took 0.092 seconds
[2024-07-01T17:07:55.662+0000] {processor.py:154} INFO - Started process (PID=460) to work on /home/airflow/.local/lib/python3.7/site-packages/airflow/example_dags/example_branch_labels.py
[2024-07-01T17:07:55.664+0000] {processor.py:756} INFO - Processing file /home/airflow/.local/lib/python3.7/site-packages/airflow/example_dags/example_branch_labels.py for tasks to queue
[2024-07-01T17:07:55.664+0000] {logging_mixin.py:120} INFO - [2024-07-01T17:07:55.664+0000] {dagbag.py:537} INFO - Filling up the DagBag from /home/airflow/.local/lib/python3.7/site-packages/airflow/example_dags/example_branch_labels.py
[2024-07-01T17:07:55.705+0000] {processor.py:766} INFO - DAG(s) dict_keys(['example_branch_labels']) retrieved from /home/airflow/.local/lib/python3.7/site-packages/airflow/example_dags/example_branch_labels.py
[2024-07-01T17:07:55.750+0000] {logging_mixin.py:120} INFO - [2024-07-01T17:07:55.750+0000] {dag.py:2585} INFO - Sync 1 DAGs
[2024-07-01T17:07:55.774+0000] {logging_mixin.py:120} INFO - [2024-07-01T17:07:55.774+0000] {dag.py:3340} INFO - Setting next_dagrun for example_branch_labels to 2024-06-30T00:00:00+00:00, run_after=2024-07-01T00:00:00+00:00
[2024-07-01T17:07:55.790+0000] {processor.py:176} INFO - Processing /home/airflow/.local/lib/python3.7/site-packages/airflow/example_dags/example_branch_labels.py took 0.130 seconds
[2024-07-01T17:08:26.347+0000] {processor.py:154} INFO - Started process (PID=528) to work on /home/airflow/.local/lib/python3.7/site-packages/airflow/example_dags/example_branch_labels.py
[2024-07-01T17:08:26.348+0000] {processor.py:756} INFO - Processing file /home/airflow/.local/lib/python3.7/site-packages/airflow/example_dags/example_branch_labels.py for tasks to queue
[2024-07-01T17:08:26.349+0000] {logging_mixin.py:120} INFO - [2024-07-01T17:08:26.348+0000] {dagbag.py:537} INFO - Filling up the DagBag from /home/airflow/.local/lib/python3.7/site-packages/airflow/example_dags/example_branch_labels.py
[2024-07-01T17:08:26.363+0000] {processor.py:766} INFO - DAG(s) dict_keys(['example_branch_labels']) retrieved from /home/airflow/.local/lib/python3.7/site-packages/airflow/example_dags/example_branch_labels.py
[2024-07-01T17:08:26.399+0000] {logging_mixin.py:120} INFO - [2024-07-01T17:08:26.399+0000] {dag.py:2585} INFO - Sync 1 DAGs
[2024-07-01T17:08:26.425+0000] {logging_mixin.py:120} INFO - [2024-07-01T17:08:26.424+0000] {dag.py:3340} INFO - Setting next_dagrun for example_branch_labels to 2024-06-30T00:00:00+00:00, run_after=2024-07-01T00:00:00+00:00
[2024-07-01T17:08:26.441+0000] {processor.py:176} INFO - Processing /home/airflow/.local/lib/python3.7/site-packages/airflow/example_dags/example_branch_labels.py took 0.097 seconds
[2024-07-01T17:08:56.984+0000] {processor.py:154} INFO - Started process (PID=586) to work on /home/airflow/.local/lib/python3.7/site-packages/airflow/example_dags/example_branch_labels.py
[2024-07-01T17:08:56.985+0000] {processor.py:756} INFO - Processing file /home/airflow/.local/lib/python3.7/site-packages/airflow/example_dags/example_branch_labels.py for tasks to queue
[2024-07-01T17:08:56.986+0000] {logging_mixin.py:120} INFO - [2024-07-01T17:08:56.986+0000] {dagbag.py:537} INFO - Filling up the DagBag from /home/airflow/.local/lib/python3.7/site-packages/airflow/example_dags/example_branch_labels.py
[2024-07-01T17:08:56.999+0000] {processor.py:766} INFO - DAG(s) dict_keys(['example_branch_labels']) retrieved from /home/airflow/.local/lib/python3.7/site-packages/airflow/example_dags/example_branch_labels.py
[2024-07-01T17:08:57.039+0000] {logging_mixin.py:120} INFO - [2024-07-01T17:08:57.039+0000] {dag.py:2585} INFO - Sync 1 DAGs
[2024-07-01T17:08:57.064+0000] {logging_mixin.py:120} INFO - [2024-07-01T17:08:57.063+0000] {dag.py:3340} INFO - Setting next_dagrun for example_branch_labels to 2024-06-30T00:00:00+00:00, run_after=2024-07-01T00:00:00+00:00
[2024-07-01T17:08:57.081+0000] {processor.py:176} INFO - Processing /home/airflow/.local/lib/python3.7/site-packages/airflow/example_dags/example_branch_labels.py took 0.100 seconds
[2024-07-01T17:09:27.695+0000] {processor.py:154} INFO - Started process (PID=653) to work on /home/airflow/.local/lib/python3.7/site-packages/airflow/example_dags/example_branch_labels.py
[2024-07-01T17:09:27.696+0000] {processor.py:756} INFO - Processing file /home/airflow/.local/lib/python3.7/site-packages/airflow/example_dags/example_branch_labels.py for tasks to queue
[2024-07-01T17:09:27.697+0000] {logging_mixin.py:120} INFO - [2024-07-01T17:09:27.697+0000] {dagbag.py:537} INFO - Filling up the DagBag from /home/airflow/.local/lib/python3.7/site-packages/airflow/example_dags/example_branch_labels.py
[2024-07-01T17:09:27.712+0000] {processor.py:766} INFO - DAG(s) dict_keys(['example_branch_labels']) retrieved from /home/airflow/.local/lib/python3.7/site-packages/airflow/example_dags/example_branch_labels.py
[2024-07-01T17:09:27.747+0000] {logging_mixin.py:120} INFO - [2024-07-01T17:09:27.747+0000] {dag.py:2585} INFO - Sync 1 DAGs
[2024-07-01T17:09:27.773+0000] {logging_mixin.py:120} INFO - [2024-07-01T17:09:27.773+0000] {dag.py:3340} INFO - Setting next_dagrun for example_branch_labels to 2024-06-30T00:00:00+00:00, run_after=2024-07-01T00:00:00+00:00
[2024-07-01T17:09:27.790+0000] {processor.py:176} INFO - Processing /home/airflow/.local/lib/python3.7/site-packages/airflow/example_dags/example_branch_labels.py took 0.097 seconds
[2024-07-01T17:09:58.497+0000] {processor.py:154} INFO - Started process (PID=721) to work on /home/airflow/.local/lib/python3.7/site-packages/airflow/example_dags/example_branch_labels.py
[2024-07-01T17:09:58.498+0000] {processor.py:756} INFO - Processing file /home/airflow/.local/lib/python3.7/site-packages/airflow/example_dags/example_branch_labels.py for tasks to queue
[2024-07-01T17:09:58.499+0000] {logging_mixin.py:120} INFO - [2024-07-01T17:09:58.498+0000] {dagbag.py:537} INFO - Filling up the DagBag from /home/airflow/.local/lib/python3.7/site-packages/airflow/example_dags/example_branch_labels.py
[2024-07-01T17:09:58.511+0000] {processor.py:766} INFO - DAG(s) dict_keys(['example_branch_labels']) retrieved from /home/airflow/.local/lib/python3.7/site-packages/airflow/example_dags/example_branch_labels.py
[2024-07-01T17:09:58.549+0000] {logging_mixin.py:120} INFO - [2024-07-01T17:09:58.549+0000] {dag.py:2585} INFO - Sync 1 DAGs
[2024-07-01T17:09:58.574+0000] {logging_mixin.py:120} INFO - [2024-07-01T17:09:58.574+0000] {dag.py:3340} INFO - Setting next_dagrun for example_branch_labels to 2024-06-30T00:00:00+00:00, run_after=2024-07-01T00:00:00+00:00
[2024-07-01T17:09:58.591+0000] {processor.py:176} INFO - Processing /home/airflow/.local/lib/python3.7/site-packages/airflow/example_dags/example_branch_labels.py took 0.098 seconds
[2024-07-01T17:10:29.389+0000] {processor.py:154} INFO - Started process (PID=788) to work on /home/airflow/.local/lib/python3.7/site-packages/airflow/example_dags/example_branch_labels.py
[2024-07-01T17:10:29.390+0000] {processor.py:756} INFO - Processing file /home/airflow/.local/lib/python3.7/site-packages/airflow/example_dags/example_branch_labels.py for tasks to queue
[2024-07-01T17:10:29.391+0000] {logging_mixin.py:120} INFO - [2024-07-01T17:10:29.391+0000] {dagbag.py:537} INFO - Filling up the DagBag from /home/airflow/.local/lib/python3.7/site-packages/airflow/example_dags/example_branch_labels.py
[2024-07-01T17:10:29.404+0000] {processor.py:766} INFO - DAG(s) dict_keys(['example_branch_labels']) retrieved from /home/airflow/.local/lib/python3.7/site-packages/airflow/example_dags/example_branch_labels.py
[2024-07-01T17:10:29.439+0000] {logging_mixin.py:120} INFO - [2024-07-01T17:10:29.439+0000] {dag.py:2585} INFO - Sync 1 DAGs
[2024-07-01T17:10:29.462+0000] {logging_mixin.py:120} INFO - [2024-07-01T17:10:29.462+0000] {dag.py:3340} INFO - Setting next_dagrun for example_branch_labels to 2024-06-30T00:00:00+00:00, run_after=2024-07-01T00:00:00+00:00
[2024-07-01T17:10:29.478+0000] {processor.py:176} INFO - Processing /home/airflow/.local/lib/python3.7/site-packages/airflow/example_dags/example_branch_labels.py took 0.092 seconds
[2024-07-01T17:10:59.959+0000] {processor.py:154} INFO - Started process (PID=855) to work on /home/airflow/.local/lib/python3.7/site-packages/airflow/example_dags/example_branch_labels.py
[2024-07-01T17:10:59.960+0000] {processor.py:756} INFO - Processing file /home/airflow/.local/lib/python3.7/site-packages/airflow/example_dags/example_branch_labels.py for tasks to queue
[2024-07-01T17:10:59.961+0000] {logging_mixin.py:120} INFO - [2024-07-01T17:10:59.961+0000] {dagbag.py:537} INFO - Filling up the DagBag from /home/airflow/.local/lib/python3.7/site-packages/airflow/example_dags/example_branch_labels.py
[2024-07-01T17:10:59.975+0000] {processor.py:766} INFO - DAG(s) dict_keys(['example_branch_labels']) retrieved from /home/airflow/.local/lib/python3.7/site-packages/airflow/example_dags/example_branch_labels.py
[2024-07-01T17:11:00.011+0000] {logging_mixin.py:120} INFO - [2024-07-01T17:11:00.011+0000] {dag.py:2585} INFO - Sync 1 DAGs
[2024-07-01T17:11:00.037+0000] {logging_mixin.py:120} INFO - [2024-07-01T17:11:00.037+0000] {dag.py:3340} INFO - Setting next_dagrun for example_branch_labels to 2024-06-30T00:00:00+00:00, run_after=2024-07-01T00:00:00+00:00
[2024-07-01T17:11:00.054+0000] {processor.py:176} INFO - Processing /home/airflow/.local/lib/python3.7/site-packages/airflow/example_dags/example_branch_labels.py took 0.098 seconds
[2024-07-01T17:11:30.696+0000] {processor.py:154} INFO - Started process (PID=913) to work on /home/airflow/.local/lib/python3.7/site-packages/airflow/example_dags/example_branch_labels.py
[2024-07-01T17:11:30.697+0000] {processor.py:756} INFO - Processing file /home/airflow/.local/lib/python3.7/site-packages/airflow/example_dags/example_branch_labels.py for tasks to queue
[2024-07-01T17:11:30.698+0000] {logging_mixin.py:120} INFO - [2024-07-01T17:11:30.698+0000] {dagbag.py:537} INFO - Filling up the DagBag from /home/airflow/.local/lib/python3.7/site-packages/airflow/example_dags/example_branch_labels.py
[2024-07-01T17:11:30.712+0000] {processor.py:766} INFO - DAG(s) dict_keys(['example_branch_labels']) retrieved from /home/airflow/.local/lib/python3.7/site-packages/airflow/example_dags/example_branch_labels.py
[2024-07-01T17:11:30.747+0000] {logging_mixin.py:120} INFO - [2024-07-01T17:11:30.747+0000] {dag.py:2585} INFO - Sync 1 DAGs
[2024-07-01T17:11:30.771+0000] {logging_mixin.py:120} INFO - [2024-07-01T17:11:30.771+0000] {dag.py:3340} INFO - Setting next_dagrun for example_branch_labels to 2024-06-30T00:00:00+00:00, run_after=2024-07-01T00:00:00+00:00
[2024-07-01T17:11:30.787+0000] {processor.py:176} INFO - Processing /home/airflow/.local/lib/python3.7/site-packages/airflow/example_dags/example_branch_labels.py took 0.095 seconds
[2024-07-01T17:12:01.356+0000] {processor.py:154} INFO - Started process (PID=979) to work on /home/airflow/.local/lib/python3.7/site-packages/airflow/example_dags/example_branch_labels.py
[2024-07-01T17:12:01.357+0000] {processor.py:756} INFO - Processing file /home/airflow/.local/lib/python3.7/site-packages/airflow/example_dags/example_branch_labels.py for tasks to queue
[2024-07-01T17:12:01.358+0000] {logging_mixin.py:120} INFO - [2024-07-01T17:12:01.357+0000] {dagbag.py:537} INFO - Filling up the DagBag from /home/airflow/.local/lib/python3.7/site-packages/airflow/example_dags/example_branch_labels.py
[2024-07-01T17:12:01.370+0000] {processor.py:766} INFO - DAG(s) dict_keys(['example_branch_labels']) retrieved from /home/airflow/.local/lib/python3.7/site-packages/airflow/example_dags/example_branch_labels.py
[2024-07-01T17:12:01.405+0000] {logging_mixin.py:120} INFO - [2024-07-01T17:12:01.405+0000] {dag.py:2585} INFO - Sync 1 DAGs
[2024-07-01T17:12:01.427+0000] {logging_mixin.py:120} INFO - [2024-07-01T17:12:01.427+0000] {dag.py:3340} INFO - Setting next_dagrun for example_branch_labels to 2024-06-30T00:00:00+00:00, run_after=2024-07-01T00:00:00+00:00
[2024-07-01T17:12:01.442+0000] {processor.py:176} INFO - Processing /home/airflow/.local/lib/python3.7/site-packages/airflow/example_dags/example_branch_labels.py took 0.089 seconds
[2024-07-01T17:12:31.943+0000] {processor.py:154} INFO - Started process (PID=1046) to work on /home/airflow/.local/lib/python3.7/site-packages/airflow/example_dags/example_branch_labels.py
[2024-07-01T17:12:31.944+0000] {processor.py:756} INFO - Processing file /home/airflow/.local/lib/python3.7/site-packages/airflow/example_dags/example_branch_labels.py for tasks to queue
[2024-07-01T17:12:31.945+0000] {logging_mixin.py:120} INFO - [2024-07-01T17:12:31.945+0000] {dagbag.py:537} INFO - Filling up the DagBag from /home/airflow/.local/lib/python3.7/site-packages/airflow/example_dags/example_branch_labels.py
[2024-07-01T17:12:31.958+0000] {processor.py:766} INFO - DAG(s) dict_keys(['example_branch_labels']) retrieved from /home/airflow/.local/lib/python3.7/site-packages/airflow/example_dags/example_branch_labels.py
[2024-07-01T17:12:31.992+0000] {logging_mixin.py:120} INFO - [2024-07-01T17:12:31.992+0000] {dag.py:2585} INFO - Sync 1 DAGs
[2024-07-01T17:12:32.016+0000] {logging_mixin.py:120} INFO - [2024-07-01T17:12:32.016+0000] {dag.py:3340} INFO - Setting next_dagrun for example_branch_labels to 2024-06-30T00:00:00+00:00, run_after=2024-07-01T00:00:00+00:00
[2024-07-01T17:12:32.031+0000] {processor.py:176} INFO - Processing /home/airflow/.local/lib/python3.7/site-packages/airflow/example_dags/example_branch_labels.py took 0.091 seconds
[2024-07-01T17:13:02.525+0000] {processor.py:154} INFO - Started process (PID=1114) to work on /home/airflow/.local/lib/python3.7/site-packages/airflow/example_dags/example_branch_labels.py
[2024-07-01T17:13:02.526+0000] {processor.py:756} INFO - Processing file /home/airflow/.local/lib/python3.7/site-packages/airflow/example_dags/example_branch_labels.py for tasks to queue
[2024-07-01T17:13:02.527+0000] {logging_mixin.py:120} INFO - [2024-07-01T17:13:02.527+0000] {dagbag.py:537} INFO - Filling up the DagBag from /home/airflow/.local/lib/python3.7/site-packages/airflow/example_dags/example_branch_labels.py
[2024-07-01T17:13:02.539+0000] {processor.py:766} INFO - DAG(s) dict_keys(['example_branch_labels']) retrieved from /home/airflow/.local/lib/python3.7/site-packages/airflow/example_dags/example_branch_labels.py
[2024-07-01T17:13:02.573+0000] {logging_mixin.py:120} INFO - [2024-07-01T17:13:02.573+0000] {dag.py:2585} INFO - Sync 1 DAGs
[2024-07-01T17:13:02.597+0000] {logging_mixin.py:120} INFO - [2024-07-01T17:13:02.597+0000] {dag.py:3340} INFO - Setting next_dagrun for example_branch_labels to 2024-06-30T00:00:00+00:00, run_after=2024-07-01T00:00:00+00:00
[2024-07-01T17:13:02.613+0000] {processor.py:176} INFO - Processing /home/airflow/.local/lib/python3.7/site-packages/airflow/example_dags/example_branch_labels.py took 0.091 seconds
[2024-07-01T17:13:33.064+0000] {processor.py:154} INFO - Started process (PID=1178) to work on /home/airflow/.local/lib/python3.7/site-packages/airflow/example_dags/example_branch_labels.py
[2024-07-01T17:13:33.065+0000] {processor.py:756} INFO - Processing file /home/airflow/.local/lib/python3.7/site-packages/airflow/example_dags/example_branch_labels.py for tasks to queue
[2024-07-01T17:13:33.066+0000] {logging_mixin.py:120} INFO - [2024-07-01T17:13:33.066+0000] {dagbag.py:537} INFO - Filling up the DagBag from /home/airflow/.local/lib/python3.7/site-packages/airflow/example_dags/example_branch_labels.py
[2024-07-01T17:13:33.080+0000] {processor.py:766} INFO - DAG(s) dict_keys(['example_branch_labels']) retrieved from /home/airflow/.local/lib/python3.7/site-packages/airflow/example_dags/example_branch_labels.py
[2024-07-01T17:13:33.118+0000] {logging_mixin.py:120} INFO - [2024-07-01T17:13:33.118+0000] {dag.py:2585} INFO - Sync 1 DAGs
[2024-07-01T17:13:33.143+0000] {logging_mixin.py:120} INFO - [2024-07-01T17:13:33.143+0000] {dag.py:3340} INFO - Setting next_dagrun for example_branch_labels to 2024-06-30T00:00:00+00:00, run_after=2024-07-01T00:00:00+00:00
[2024-07-01T17:13:33.160+0000] {processor.py:176} INFO - Processing /home/airflow/.local/lib/python3.7/site-packages/airflow/example_dags/example_branch_labels.py took 0.099 seconds
[2024-07-01T17:14:03.814+0000] {processor.py:154} INFO - Started process (PID=1238) to work on /home/airflow/.local/lib/python3.7/site-packages/airflow/example_dags/example_branch_labels.py
[2024-07-01T17:14:03.814+0000] {processor.py:756} INFO - Processing file /home/airflow/.local/lib/python3.7/site-packages/airflow/example_dags/example_branch_labels.py for tasks to queue
[2024-07-01T17:14:03.815+0000] {logging_mixin.py:120} INFO - [2024-07-01T17:14:03.815+0000] {dagbag.py:537} INFO - Filling up the DagBag from /home/airflow/.local/lib/python3.7/site-packages/airflow/example_dags/example_branch_labels.py
[2024-07-01T17:14:03.828+0000] {processor.py:766} INFO - DAG(s) dict_keys(['example_branch_labels']) retrieved from /home/airflow/.local/lib/python3.7/site-packages/airflow/example_dags/example_branch_labels.py
[2024-07-01T17:14:03.864+0000] {logging_mixin.py:120} INFO - [2024-07-01T17:14:03.863+0000] {dag.py:2585} INFO - Sync 1 DAGs
[2024-07-01T17:14:03.887+0000] {logging_mixin.py:120} INFO - [2024-07-01T17:14:03.887+0000] {dag.py:3340} INFO - Setting next_dagrun for example_branch_labels to 2024-06-30T00:00:00+00:00, run_after=2024-07-01T00:00:00+00:00
[2024-07-01T17:14:03.902+0000] {processor.py:176} INFO - Processing /home/airflow/.local/lib/python3.7/site-packages/airflow/example_dags/example_branch_labels.py took 0.092 seconds
[2024-07-01T17:14:34.466+0000] {processor.py:154} INFO - Started process (PID=1304) to work on /home/airflow/.local/lib/python3.7/site-packages/airflow/example_dags/example_branch_labels.py
[2024-07-01T17:14:34.470+0000] {processor.py:756} INFO - Processing file /home/airflow/.local/lib/python3.7/site-packages/airflow/example_dags/example_branch_labels.py for tasks to queue
[2024-07-01T17:14:34.471+0000] {logging_mixin.py:120} INFO - [2024-07-01T17:14:34.471+0000] {dagbag.py:537} INFO - Filling up the DagBag from /home/airflow/.local/lib/python3.7/site-packages/airflow/example_dags/example_branch_labels.py
[2024-07-01T17:14:34.484+0000] {processor.py:766} INFO - DAG(s) dict_keys(['example_branch_labels']) retrieved from /home/airflow/.local/lib/python3.7/site-packages/airflow/example_dags/example_branch_labels.py
[2024-07-01T17:14:34.519+0000] {logging_mixin.py:120} INFO - [2024-07-01T17:14:34.518+0000] {dag.py:2585} INFO - Sync 1 DAGs
[2024-07-01T17:14:34.544+0000] {logging_mixin.py:120} INFO - [2024-07-01T17:14:34.544+0000] {dag.py:3340} INFO - Setting next_dagrun for example_branch_labels to 2024-06-30T00:00:00+00:00, run_after=2024-07-01T00:00:00+00:00
[2024-07-01T17:14:34.563+0000] {processor.py:176} INFO - Processing /home/airflow/.local/lib/python3.7/site-packages/airflow/example_dags/example_branch_labels.py took 0.099 seconds
[2024-07-01T17:15:05.194+0000] {processor.py:154} INFO - Started process (PID=1371) to work on /home/airflow/.local/lib/python3.7/site-packages/airflow/example_dags/example_branch_labels.py
[2024-07-01T17:15:05.196+0000] {processor.py:756} INFO - Processing file /home/airflow/.local/lib/python3.7/site-packages/airflow/example_dags/example_branch_labels.py for tasks to queue
[2024-07-01T17:15:05.196+0000] {logging_mixin.py:120} INFO - [2024-07-01T17:15:05.196+0000] {dagbag.py:537} INFO - Filling up the DagBag from /home/airflow/.local/lib/python3.7/site-packages/airflow/example_dags/example_branch_labels.py
[2024-07-01T17:15:05.209+0000] {processor.py:766} INFO - DAG(s) dict_keys(['example_branch_labels']) retrieved from /home/airflow/.local/lib/python3.7/site-packages/airflow/example_dags/example_branch_labels.py
[2024-07-01T17:15:05.245+0000] {logging_mixin.py:120} INFO - [2024-07-01T17:15:05.245+0000] {dag.py:2585} INFO - Sync 1 DAGs
[2024-07-01T17:15:05.270+0000] {logging_mixin.py:120} INFO - [2024-07-01T17:15:05.269+0000] {dag.py:3340} INFO - Setting next_dagrun for example_branch_labels to 2024-06-30T00:00:00+00:00, run_after=2024-07-01T00:00:00+00:00
[2024-07-01T17:15:05.286+0000] {processor.py:176} INFO - Processing /home/airflow/.local/lib/python3.7/site-packages/airflow/example_dags/example_branch_labels.py took 0.094 seconds
[2024-07-01T17:15:35.738+0000] {processor.py:154} INFO - Started process (PID=1438) to work on /home/airflow/.local/lib/python3.7/site-packages/airflow/example_dags/example_branch_labels.py
[2024-07-01T17:15:35.739+0000] {processor.py:756} INFO - Processing file /home/airflow/.local/lib/python3.7/site-packages/airflow/example_dags/example_branch_labels.py for tasks to queue
[2024-07-01T17:15:35.740+0000] {logging_mixin.py:120} INFO - [2024-07-01T17:15:35.740+0000] {dagbag.py:537} INFO - Filling up the DagBag from /home/airflow/.local/lib/python3.7/site-packages/airflow/example_dags/example_branch_labels.py
[2024-07-01T17:15:35.752+0000] {processor.py:766} INFO - DAG(s) dict_keys(['example_branch_labels']) retrieved from /home/airflow/.local/lib/python3.7/site-packages/airflow/example_dags/example_branch_labels.py
[2024-07-01T17:15:35.787+0000] {logging_mixin.py:120} INFO - [2024-07-01T17:15:35.787+0000] {dag.py:2585} INFO - Sync 1 DAGs
[2024-07-01T17:15:35.809+0000] {logging_mixin.py:120} INFO - [2024-07-01T17:15:35.809+0000] {dag.py:3340} INFO - Setting next_dagrun for example_branch_labels to 2024-06-30T00:00:00+00:00, run_after=2024-07-01T00:00:00+00:00
[2024-07-01T17:15:35.824+0000] {processor.py:176} INFO - Processing /home/airflow/.local/lib/python3.7/site-packages/airflow/example_dags/example_branch_labels.py took 0.089 seconds
[2024-07-01T17:16:06.344+0000] {processor.py:154} INFO - Started process (PID=1496) to work on /home/airflow/.local/lib/python3.7/site-packages/airflow/example_dags/example_branch_labels.py
[2024-07-01T17:16:06.363+0000] {processor.py:756} INFO - Processing file /home/airflow/.local/lib/python3.7/site-packages/airflow/example_dags/example_branch_labels.py for tasks to queue
[2024-07-01T17:16:06.364+0000] {logging_mixin.py:120} INFO - [2024-07-01T17:16:06.364+0000] {dagbag.py:537} INFO - Filling up the DagBag from /home/airflow/.local/lib/python3.7/site-packages/airflow/example_dags/example_branch_labels.py
[2024-07-01T17:16:06.377+0000] {processor.py:766} INFO - DAG(s) dict_keys(['example_branch_labels']) retrieved from /home/airflow/.local/lib/python3.7/site-packages/airflow/example_dags/example_branch_labels.py
[2024-07-01T17:16:06.413+0000] {logging_mixin.py:120} INFO - [2024-07-01T17:16:06.413+0000] {dag.py:2585} INFO - Sync 1 DAGs
[2024-07-01T17:16:06.438+0000] {logging_mixin.py:120} INFO - [2024-07-01T17:16:06.437+0000] {dag.py:3340} INFO - Setting next_dagrun for example_branch_labels to 2024-06-30T00:00:00+00:00, run_after=2024-07-01T00:00:00+00:00
[2024-07-01T17:16:06.455+0000] {processor.py:176} INFO - Processing /home/airflow/.local/lib/python3.7/site-packages/airflow/example_dags/example_branch_labels.py took 0.114 seconds
[2024-07-01T17:16:37.133+0000] {processor.py:154} INFO - Started process (PID=1564) to work on /home/airflow/.local/lib/python3.7/site-packages/airflow/example_dags/example_branch_labels.py
[2024-07-01T17:16:37.134+0000] {processor.py:756} INFO - Processing file /home/airflow/.local/lib/python3.7/site-packages/airflow/example_dags/example_branch_labels.py for tasks to queue
[2024-07-01T17:16:37.134+0000] {logging_mixin.py:120} INFO - [2024-07-01T17:16:37.134+0000] {dagbag.py:537} INFO - Filling up the DagBag from /home/airflow/.local/lib/python3.7/site-packages/airflow/example_dags/example_branch_labels.py
[2024-07-01T17:16:37.148+0000] {processor.py:766} INFO - DAG(s) dict_keys(['example_branch_labels']) retrieved from /home/airflow/.local/lib/python3.7/site-packages/airflow/example_dags/example_branch_labels.py
[2024-07-01T17:16:37.184+0000] {logging_mixin.py:120} INFO - [2024-07-01T17:16:37.184+0000] {dag.py:2585} INFO - Sync 1 DAGs
[2024-07-01T17:16:37.208+0000] {logging_mixin.py:120} INFO - [2024-07-01T17:16:37.208+0000] {dag.py:3340} INFO - Setting next_dagrun for example_branch_labels to 2024-06-30T00:00:00+00:00, run_after=2024-07-01T00:00:00+00:00
[2024-07-01T17:16:37.226+0000] {processor.py:176} INFO - Processing /home/airflow/.local/lib/python3.7/site-packages/airflow/example_dags/example_branch_labels.py took 0.097 seconds
[2024-07-01T17:17:07.809+0000] {processor.py:154} INFO - Started process (PID=1631) to work on /home/airflow/.local/lib/python3.7/site-packages/airflow/example_dags/example_branch_labels.py
[2024-07-01T17:17:07.810+0000] {processor.py:756} INFO - Processing file /home/airflow/.local/lib/python3.7/site-packages/airflow/example_dags/example_branch_labels.py for tasks to queue
[2024-07-01T17:17:07.811+0000] {logging_mixin.py:120} INFO - [2024-07-01T17:17:07.811+0000] {dagbag.py:537} INFO - Filling up the DagBag from /home/airflow/.local/lib/python3.7/site-packages/airflow/example_dags/example_branch_labels.py
[2024-07-01T17:17:07.824+0000] {processor.py:766} INFO - DAG(s) dict_keys(['example_branch_labels']) retrieved from /home/airflow/.local/lib/python3.7/site-packages/airflow/example_dags/example_branch_labels.py
[2024-07-01T17:17:07.860+0000] {logging_mixin.py:120} INFO - [2024-07-01T17:17:07.860+0000] {dag.py:2585} INFO - Sync 1 DAGs
[2024-07-01T17:17:07.887+0000] {logging_mixin.py:120} INFO - [2024-07-01T17:17:07.887+0000] {dag.py:3340} INFO - Setting next_dagrun for example_branch_labels to 2024-06-30T00:00:00+00:00, run_after=2024-07-01T00:00:00+00:00
[2024-07-01T17:17:07.904+0000] {processor.py:176} INFO - Processing /home/airflow/.local/lib/python3.7/site-packages/airflow/example_dags/example_branch_labels.py took 0.098 seconds
[2024-07-01T17:17:38.490+0000] {processor.py:154} INFO - Started process (PID=1698) to work on /home/airflow/.local/lib/python3.7/site-packages/airflow/example_dags/example_branch_labels.py
[2024-07-01T17:17:38.491+0000] {processor.py:756} INFO - Processing file /home/airflow/.local/lib/python3.7/site-packages/airflow/example_dags/example_branch_labels.py for tasks to queue
[2024-07-01T17:17:38.492+0000] {logging_mixin.py:120} INFO - [2024-07-01T17:17:38.491+0000] {dagbag.py:537} INFO - Filling up the DagBag from /home/airflow/.local/lib/python3.7/site-packages/airflow/example_dags/example_branch_labels.py
[2024-07-01T17:17:38.505+0000] {processor.py:766} INFO - DAG(s) dict_keys(['example_branch_labels']) retrieved from /home/airflow/.local/lib/python3.7/site-packages/airflow/example_dags/example_branch_labels.py
[2024-07-01T17:17:38.540+0000] {logging_mixin.py:120} INFO - [2024-07-01T17:17:38.540+0000] {dag.py:2585} INFO - Sync 1 DAGs
[2024-07-01T17:17:38.564+0000] {logging_mixin.py:120} INFO - [2024-07-01T17:17:38.564+0000] {dag.py:3340} INFO - Setting next_dagrun for example_branch_labels to 2024-06-30T00:00:00+00:00, run_after=2024-07-01T00:00:00+00:00
[2024-07-01T17:17:38.579+0000] {processor.py:176} INFO - Processing /home/airflow/.local/lib/python3.7/site-packages/airflow/example_dags/example_branch_labels.py took 0.093 seconds
[2024-07-01T17:18:09.137+0000] {processor.py:154} INFO - Started process (PID=1756) to work on /home/airflow/.local/lib/python3.7/site-packages/airflow/example_dags/example_branch_labels.py
[2024-07-01T17:18:09.138+0000] {processor.py:756} INFO - Processing file /home/airflow/.local/lib/python3.7/site-packages/airflow/example_dags/example_branch_labels.py for tasks to queue
[2024-07-01T17:18:09.139+0000] {logging_mixin.py:120} INFO - [2024-07-01T17:18:09.139+0000] {dagbag.py:537} INFO - Filling up the DagBag from /home/airflow/.local/lib/python3.7/site-packages/airflow/example_dags/example_branch_labels.py
[2024-07-01T17:18:09.152+0000] {processor.py:766} INFO - DAG(s) dict_keys(['example_branch_labels']) retrieved from /home/airflow/.local/lib/python3.7/site-packages/airflow/example_dags/example_branch_labels.py
[2024-07-01T17:18:09.188+0000] {logging_mixin.py:120} INFO - [2024-07-01T17:18:09.188+0000] {dag.py:2585} INFO - Sync 1 DAGs
[2024-07-01T17:18:09.213+0000] {logging_mixin.py:120} INFO - [2024-07-01T17:18:09.212+0000] {dag.py:3340} INFO - Setting next_dagrun for example_branch_labels to 2024-06-30T00:00:00+00:00, run_after=2024-07-01T00:00:00+00:00
[2024-07-01T17:18:09.228+0000] {processor.py:176} INFO - Processing /home/airflow/.local/lib/python3.7/site-packages/airflow/example_dags/example_branch_labels.py took 0.094 seconds
[2024-07-01T17:18:39.892+0000] {processor.py:154} INFO - Started process (PID=1823) to work on /home/airflow/.local/lib/python3.7/site-packages/airflow/example_dags/example_branch_labels.py
[2024-07-01T17:18:39.893+0000] {processor.py:756} INFO - Processing file /home/airflow/.local/lib/python3.7/site-packages/airflow/example_dags/example_branch_labels.py for tasks to queue
[2024-07-01T17:18:39.893+0000] {logging_mixin.py:120} INFO - [2024-07-01T17:18:39.893+0000] {dagbag.py:537} INFO - Filling up the DagBag from /home/airflow/.local/lib/python3.7/site-packages/airflow/example_dags/example_branch_labels.py
[2024-07-01T17:18:39.907+0000] {processor.py:766} INFO - DAG(s) dict_keys(['example_branch_labels']) retrieved from /home/airflow/.local/lib/python3.7/site-packages/airflow/example_dags/example_branch_labels.py
[2024-07-01T17:18:39.942+0000] {logging_mixin.py:120} INFO - [2024-07-01T17:18:39.942+0000] {dag.py:2585} INFO - Sync 1 DAGs
[2024-07-01T17:18:39.966+0000] {logging_mixin.py:120} INFO - [2024-07-01T17:18:39.966+0000] {dag.py:3340} INFO - Setting next_dagrun for example_branch_labels to 2024-06-30T00:00:00+00:00, run_after=2024-07-01T00:00:00+00:00
[2024-07-01T17:18:39.984+0000] {processor.py:176} INFO - Processing /home/airflow/.local/lib/python3.7/site-packages/airflow/example_dags/example_branch_labels.py took 0.095 seconds
[2024-07-01T17:19:10.731+0000] {processor.py:154} INFO - Started process (PID=1890) to work on /home/airflow/.local/lib/python3.7/site-packages/airflow/example_dags/example_branch_labels.py
[2024-07-01T17:19:10.732+0000] {processor.py:756} INFO - Processing file /home/airflow/.local/lib/python3.7/site-packages/airflow/example_dags/example_branch_labels.py for tasks to queue
[2024-07-01T17:19:10.733+0000] {logging_mixin.py:120} INFO - [2024-07-01T17:19:10.732+0000] {dagbag.py:537} INFO - Filling up the DagBag from /home/airflow/.local/lib/python3.7/site-packages/airflow/example_dags/example_branch_labels.py
[2024-07-01T17:19:10.747+0000] {processor.py:766} INFO - DAG(s) dict_keys(['example_branch_labels']) retrieved from /home/airflow/.local/lib/python3.7/site-packages/airflow/example_dags/example_branch_labels.py
[2024-07-01T17:19:10.785+0000] {logging_mixin.py:120} INFO - [2024-07-01T17:19:10.785+0000] {dag.py:2585} INFO - Sync 1 DAGs
[2024-07-01T17:19:10.813+0000] {logging_mixin.py:120} INFO - [2024-07-01T17:19:10.813+0000] {dag.py:3340} INFO - Setting next_dagrun for example_branch_labels to 2024-06-30T00:00:00+00:00, run_after=2024-07-01T00:00:00+00:00
[2024-07-01T17:19:10.830+0000] {processor.py:176} INFO - Processing /home/airflow/.local/lib/python3.7/site-packages/airflow/example_dags/example_branch_labels.py took 0.103 seconds
[2024-07-01T17:19:41.595+0000] {processor.py:154} INFO - Started process (PID=1959) to work on /home/airflow/.local/lib/python3.7/site-packages/airflow/example_dags/example_branch_labels.py
[2024-07-01T17:19:41.596+0000] {processor.py:756} INFO - Processing file /home/airflow/.local/lib/python3.7/site-packages/airflow/example_dags/example_branch_labels.py for tasks to queue
[2024-07-01T17:19:41.597+0000] {logging_mixin.py:120} INFO - [2024-07-01T17:19:41.596+0000] {dagbag.py:537} INFO - Filling up the DagBag from /home/airflow/.local/lib/python3.7/site-packages/airflow/example_dags/example_branch_labels.py
[2024-07-01T17:19:41.611+0000] {processor.py:766} INFO - DAG(s) dict_keys(['example_branch_labels']) retrieved from /home/airflow/.local/lib/python3.7/site-packages/airflow/example_dags/example_branch_labels.py
[2024-07-01T17:19:41.648+0000] {logging_mixin.py:120} INFO - [2024-07-01T17:19:41.648+0000] {dag.py:2585} INFO - Sync 1 DAGs
[2024-07-01T17:19:41.672+0000] {logging_mixin.py:120} INFO - [2024-07-01T17:19:41.672+0000] {dag.py:3340} INFO - Setting next_dagrun for example_branch_labels to 2024-06-30T00:00:00+00:00, run_after=2024-07-01T00:00:00+00:00
[2024-07-01T17:19:41.689+0000] {processor.py:176} INFO - Processing /home/airflow/.local/lib/python3.7/site-packages/airflow/example_dags/example_branch_labels.py took 0.097 seconds
[2024-07-01T17:20:12.701+0000] {processor.py:154} INFO - Started process (PID=2027) to work on /home/airflow/.local/lib/python3.7/site-packages/airflow/example_dags/example_branch_labels.py
[2024-07-01T17:20:12.702+0000] {processor.py:756} INFO - Processing file /home/airflow/.local/lib/python3.7/site-packages/airflow/example_dags/example_branch_labels.py for tasks to queue
[2024-07-01T17:20:12.703+0000] {logging_mixin.py:120} INFO - [2024-07-01T17:20:12.703+0000] {dagbag.py:537} INFO - Filling up the DagBag from /home/airflow/.local/lib/python3.7/site-packages/airflow/example_dags/example_branch_labels.py
[2024-07-01T17:20:12.718+0000] {processor.py:766} INFO - DAG(s) dict_keys(['example_branch_labels']) retrieved from /home/airflow/.local/lib/python3.7/site-packages/airflow/example_dags/example_branch_labels.py
[2024-07-01T17:20:12.755+0000] {logging_mixin.py:120} INFO - [2024-07-01T17:20:12.755+0000] {dag.py:2585} INFO - Sync 1 DAGs
[2024-07-01T17:20:12.782+0000] {logging_mixin.py:120} INFO - [2024-07-01T17:20:12.782+0000] {dag.py:3340} INFO - Setting next_dagrun for example_branch_labels to 2024-06-30T00:00:00+00:00, run_after=2024-07-01T00:00:00+00:00
[2024-07-01T17:20:12.802+0000] {processor.py:176} INFO - Processing /home/airflow/.local/lib/python3.7/site-packages/airflow/example_dags/example_branch_labels.py took 0.104 seconds
[2024-07-01T17:20:43.605+0000] {processor.py:154} INFO - Started process (PID=2085) to work on /home/airflow/.local/lib/python3.7/site-packages/airflow/example_dags/example_branch_labels.py
[2024-07-01T17:20:43.607+0000] {processor.py:756} INFO - Processing file /home/airflow/.local/lib/python3.7/site-packages/airflow/example_dags/example_branch_labels.py for tasks to queue
[2024-07-01T17:20:43.607+0000] {logging_mixin.py:120} INFO - [2024-07-01T17:20:43.607+0000] {dagbag.py:537} INFO - Filling up the DagBag from /home/airflow/.local/lib/python3.7/site-packages/airflow/example_dags/example_branch_labels.py
[2024-07-01T17:20:43.621+0000] {processor.py:766} INFO - DAG(s) dict_keys(['example_branch_labels']) retrieved from /home/airflow/.local/lib/python3.7/site-packages/airflow/example_dags/example_branch_labels.py
[2024-07-01T17:20:43.654+0000] {logging_mixin.py:120} INFO - [2024-07-01T17:20:43.654+0000] {dag.py:2585} INFO - Sync 1 DAGs
[2024-07-01T17:20:43.678+0000] {logging_mixin.py:120} INFO - [2024-07-01T17:20:43.678+0000] {dag.py:3340} INFO - Setting next_dagrun for example_branch_labels to 2024-06-30T00:00:00+00:00, run_after=2024-07-01T00:00:00+00:00
[2024-07-01T17:20:43.693+0000] {processor.py:176} INFO - Processing /home/airflow/.local/lib/python3.7/site-packages/airflow/example_dags/example_branch_labels.py took 0.091 seconds
[2024-07-01T17:21:14.095+0000] {processor.py:154} INFO - Started process (PID=2151) to work on /home/airflow/.local/lib/python3.7/site-packages/airflow/example_dags/example_branch_labels.py
[2024-07-01T17:21:14.096+0000] {processor.py:756} INFO - Processing file /home/airflow/.local/lib/python3.7/site-packages/airflow/example_dags/example_branch_labels.py for tasks to queue
[2024-07-01T17:21:14.097+0000] {logging_mixin.py:120} INFO - [2024-07-01T17:21:14.097+0000] {dagbag.py:537} INFO - Filling up the DagBag from /home/airflow/.local/lib/python3.7/site-packages/airflow/example_dags/example_branch_labels.py
[2024-07-01T17:21:14.110+0000] {processor.py:766} INFO - DAG(s) dict_keys(['example_branch_labels']) retrieved from /home/airflow/.local/lib/python3.7/site-packages/airflow/example_dags/example_branch_labels.py
[2024-07-01T17:21:14.143+0000] {logging_mixin.py:120} INFO - [2024-07-01T17:21:14.143+0000] {dag.py:2585} INFO - Sync 1 DAGs
[2024-07-01T17:21:14.167+0000] {logging_mixin.py:120} INFO - [2024-07-01T17:21:14.167+0000] {dag.py:3340} INFO - Setting next_dagrun for example_branch_labels to 2024-06-30T00:00:00+00:00, run_after=2024-07-01T00:00:00+00:00
[2024-07-01T17:21:14.181+0000] {processor.py:176} INFO - Processing /home/airflow/.local/lib/python3.7/site-packages/airflow/example_dags/example_branch_labels.py took 0.089 seconds
[2024-07-01T17:21:44.599+0000] {processor.py:154} INFO - Started process (PID=2218) to work on /home/airflow/.local/lib/python3.7/site-packages/airflow/example_dags/example_branch_labels.py
[2024-07-01T17:21:44.600+0000] {processor.py:756} INFO - Processing file /home/airflow/.local/lib/python3.7/site-packages/airflow/example_dags/example_branch_labels.py for tasks to queue
[2024-07-01T17:21:44.600+0000] {logging_mixin.py:120} INFO - [2024-07-01T17:21:44.600+0000] {dagbag.py:537} INFO - Filling up the DagBag from /home/airflow/.local/lib/python3.7/site-packages/airflow/example_dags/example_branch_labels.py
[2024-07-01T17:21:44.613+0000] {processor.py:766} INFO - DAG(s) dict_keys(['example_branch_labels']) retrieved from /home/airflow/.local/lib/python3.7/site-packages/airflow/example_dags/example_branch_labels.py
[2024-07-01T17:21:44.647+0000] {logging_mixin.py:120} INFO - [2024-07-01T17:21:44.647+0000] {dag.py:2585} INFO - Sync 1 DAGs
[2024-07-01T17:21:44.669+0000] {logging_mixin.py:120} INFO - [2024-07-01T17:21:44.669+0000] {dag.py:3340} INFO - Setting next_dagrun for example_branch_labels to 2024-06-30T00:00:00+00:00, run_after=2024-07-01T00:00:00+00:00
[2024-07-01T17:21:44.684+0000] {processor.py:176} INFO - Processing /home/airflow/.local/lib/python3.7/site-packages/airflow/example_dags/example_branch_labels.py took 0.088 seconds
[2024-07-01T17:22:15.147+0000] {processor.py:154} INFO - Started process (PID=2286) to work on /home/airflow/.local/lib/python3.7/site-packages/airflow/example_dags/example_branch_labels.py
[2024-07-01T17:22:15.148+0000] {processor.py:756} INFO - Processing file /home/airflow/.local/lib/python3.7/site-packages/airflow/example_dags/example_branch_labels.py for tasks to queue
[2024-07-01T17:22:15.149+0000] {logging_mixin.py:120} INFO - [2024-07-01T17:22:15.149+0000] {dagbag.py:537} INFO - Filling up the DagBag from /home/airflow/.local/lib/python3.7/site-packages/airflow/example_dags/example_branch_labels.py
[2024-07-01T17:22:15.162+0000] {processor.py:766} INFO - DAG(s) dict_keys(['example_branch_labels']) retrieved from /home/airflow/.local/lib/python3.7/site-packages/airflow/example_dags/example_branch_labels.py
[2024-07-01T17:22:15.196+0000] {logging_mixin.py:120} INFO - [2024-07-01T17:22:15.196+0000] {dag.py:2585} INFO - Sync 1 DAGs
[2024-07-01T17:22:15.218+0000] {logging_mixin.py:120} INFO - [2024-07-01T17:22:15.217+0000] {dag.py:3340} INFO - Setting next_dagrun for example_branch_labels to 2024-06-30T00:00:00+00:00, run_after=2024-07-01T00:00:00+00:00
[2024-07-01T17:22:15.232+0000] {processor.py:176} INFO - Processing /home/airflow/.local/lib/python3.7/site-packages/airflow/example_dags/example_branch_labels.py took 0.088 seconds
[2024-07-01T17:22:45.707+0000] {processor.py:154} INFO - Started process (PID=2344) to work on /home/airflow/.local/lib/python3.7/site-packages/airflow/example_dags/example_branch_labels.py
[2024-07-01T17:22:45.708+0000] {processor.py:756} INFO - Processing file /home/airflow/.local/lib/python3.7/site-packages/airflow/example_dags/example_branch_labels.py for tasks to queue
[2024-07-01T17:22:45.709+0000] {logging_mixin.py:120} INFO - [2024-07-01T17:22:45.709+0000] {dagbag.py:537} INFO - Filling up the DagBag from /home/airflow/.local/lib/python3.7/site-packages/airflow/example_dags/example_branch_labels.py
[2024-07-01T17:22:45.722+0000] {processor.py:766} INFO - DAG(s) dict_keys(['example_branch_labels']) retrieved from /home/airflow/.local/lib/python3.7/site-packages/airflow/example_dags/example_branch_labels.py
[2024-07-01T17:22:45.757+0000] {logging_mixin.py:120} INFO - [2024-07-01T17:22:45.757+0000] {dag.py:2585} INFO - Sync 1 DAGs
[2024-07-01T17:22:45.782+0000] {logging_mixin.py:120} INFO - [2024-07-01T17:22:45.781+0000] {dag.py:3340} INFO - Setting next_dagrun for example_branch_labels to 2024-06-30T00:00:00+00:00, run_after=2024-07-01T00:00:00+00:00
[2024-07-01T17:22:45.797+0000] {processor.py:176} INFO - Processing /home/airflow/.local/lib/python3.7/site-packages/airflow/example_dags/example_branch_labels.py took 0.093 seconds
[2024-07-01T17:23:16.623+0000] {processor.py:154} INFO - Started process (PID=2411) to work on /home/airflow/.local/lib/python3.7/site-packages/airflow/example_dags/example_branch_labels.py
[2024-07-01T17:23:16.624+0000] {processor.py:756} INFO - Processing file /home/airflow/.local/lib/python3.7/site-packages/airflow/example_dags/example_branch_labels.py for tasks to queue
[2024-07-01T17:23:16.626+0000] {logging_mixin.py:120} INFO - [2024-07-01T17:23:16.625+0000] {dagbag.py:537} INFO - Filling up the DagBag from /home/airflow/.local/lib/python3.7/site-packages/airflow/example_dags/example_branch_labels.py
[2024-07-01T17:23:16.639+0000] {processor.py:766} INFO - DAG(s) dict_keys(['example_branch_labels']) retrieved from /home/airflow/.local/lib/python3.7/site-packages/airflow/example_dags/example_branch_labels.py
[2024-07-01T17:23:16.676+0000] {logging_mixin.py:120} INFO - [2024-07-01T17:23:16.676+0000] {dag.py:2585} INFO - Sync 1 DAGs
[2024-07-01T17:23:16.701+0000] {logging_mixin.py:120} INFO - [2024-07-01T17:23:16.701+0000] {dag.py:3340} INFO - Setting next_dagrun for example_branch_labels to 2024-06-30T00:00:00+00:00, run_after=2024-07-01T00:00:00+00:00
[2024-07-01T17:23:16.718+0000] {processor.py:176} INFO - Processing /home/airflow/.local/lib/python3.7/site-packages/airflow/example_dags/example_branch_labels.py took 0.098 seconds
[2024-07-01T17:23:47.379+0000] {processor.py:154} INFO - Started process (PID=2478) to work on /home/airflow/.local/lib/python3.7/site-packages/airflow/example_dags/example_branch_labels.py
[2024-07-01T17:23:47.379+0000] {processor.py:756} INFO - Processing file /home/airflow/.local/lib/python3.7/site-packages/airflow/example_dags/example_branch_labels.py for tasks to queue
[2024-07-01T17:23:47.380+0000] {logging_mixin.py:120} INFO - [2024-07-01T17:23:47.380+0000] {dagbag.py:537} INFO - Filling up the DagBag from /home/airflow/.local/lib/python3.7/site-packages/airflow/example_dags/example_branch_labels.py
[2024-07-01T17:23:47.393+0000] {processor.py:766} INFO - DAG(s) dict_keys(['example_branch_labels']) retrieved from /home/airflow/.local/lib/python3.7/site-packages/airflow/example_dags/example_branch_labels.py
[2024-07-01T17:23:47.430+0000] {logging_mixin.py:120} INFO - [2024-07-01T17:23:47.430+0000] {dag.py:2585} INFO - Sync 1 DAGs
[2024-07-01T17:23:47.455+0000] {logging_mixin.py:120} INFO - [2024-07-01T17:23:47.454+0000] {dag.py:3340} INFO - Setting next_dagrun for example_branch_labels to 2024-06-30T00:00:00+00:00, run_after=2024-07-01T00:00:00+00:00
[2024-07-01T17:23:47.470+0000] {processor.py:176} INFO - Processing /home/airflow/.local/lib/python3.7/site-packages/airflow/example_dags/example_branch_labels.py took 0.095 seconds
[2024-07-01T17:24:18.413+0000] {processor.py:154} INFO - Started process (PID=2545) to work on /home/airflow/.local/lib/python3.7/site-packages/airflow/example_dags/example_branch_labels.py
[2024-07-01T17:24:18.414+0000] {processor.py:756} INFO - Processing file /home/airflow/.local/lib/python3.7/site-packages/airflow/example_dags/example_branch_labels.py for tasks to queue
[2024-07-01T17:24:18.415+0000] {logging_mixin.py:120} INFO - [2024-07-01T17:24:18.414+0000] {dagbag.py:537} INFO - Filling up the DagBag from /home/airflow/.local/lib/python3.7/site-packages/airflow/example_dags/example_branch_labels.py
[2024-07-01T17:24:18.427+0000] {processor.py:766} INFO - DAG(s) dict_keys(['example_branch_labels']) retrieved from /home/airflow/.local/lib/python3.7/site-packages/airflow/example_dags/example_branch_labels.py
[2024-07-01T17:24:18.462+0000] {logging_mixin.py:120} INFO - [2024-07-01T17:24:18.462+0000] {dag.py:2585} INFO - Sync 1 DAGs
[2024-07-01T17:24:18.486+0000] {logging_mixin.py:120} INFO - [2024-07-01T17:24:18.486+0000] {dag.py:3340} INFO - Setting next_dagrun for example_branch_labels to 2024-06-30T00:00:00+00:00, run_after=2024-07-01T00:00:00+00:00
[2024-07-01T17:24:18.501+0000] {processor.py:176} INFO - Processing /home/airflow/.local/lib/python3.7/site-packages/airflow/example_dags/example_branch_labels.py took 0.091 seconds
[2024-07-01T17:24:49.256+0000] {processor.py:154} INFO - Started process (PID=2612) to work on /home/airflow/.local/lib/python3.7/site-packages/airflow/example_dags/example_branch_labels.py
[2024-07-01T17:24:49.257+0000] {processor.py:756} INFO - Processing file /home/airflow/.local/lib/python3.7/site-packages/airflow/example_dags/example_branch_labels.py for tasks to queue
[2024-07-01T17:24:49.258+0000] {logging_mixin.py:120} INFO - [2024-07-01T17:24:49.258+0000] {dagbag.py:537} INFO - Filling up the DagBag from /home/airflow/.local/lib/python3.7/site-packages/airflow/example_dags/example_branch_labels.py
[2024-07-01T17:24:49.272+0000] {processor.py:766} INFO - DAG(s) dict_keys(['example_branch_labels']) retrieved from /home/airflow/.local/lib/python3.7/site-packages/airflow/example_dags/example_branch_labels.py
[2024-07-01T17:24:49.307+0000] {logging_mixin.py:120} INFO - [2024-07-01T17:24:49.307+0000] {dag.py:2585} INFO - Sync 1 DAGs
[2024-07-01T17:24:49.334+0000] {logging_mixin.py:120} INFO - [2024-07-01T17:24:49.334+0000] {dag.py:3340} INFO - Setting next_dagrun for example_branch_labels to 2024-06-30T00:00:00+00:00, run_after=2024-07-01T00:00:00+00:00
[2024-07-01T17:24:49.352+0000] {processor.py:176} INFO - Processing /home/airflow/.local/lib/python3.7/site-packages/airflow/example_dags/example_branch_labels.py took 0.099 seconds
