[2024-07-01T17:04:52.384+0000] {processor.py:154} INFO - Started process (PID=72) to work on /home/airflow/.local/lib/python3.7/site-packages/airflow/example_dags/example_task_group_decorator.py
[2024-07-01T17:04:52.386+0000] {processor.py:756} INFO - Processing file /home/airflow/.local/lib/python3.7/site-packages/airflow/example_dags/example_task_group_decorator.py for tasks to queue
[2024-07-01T17:04:52.387+0000] {logging_mixin.py:120} INFO - [2024-07-01T17:04:52.387+0000] {dagbag.py:537} INFO - Filling up the DagBag from /home/airflow/.local/lib/python3.7/site-packages/airflow/example_dags/example_task_group_decorator.py
[2024-07-01T17:04:52.448+0000] {processor.py:766} INFO - DAG(s) dict_keys(['example_task_group_decorator']) retrieved from /home/airflow/.local/lib/python3.7/site-packages/airflow/example_dags/example_task_group_decorator.py
[2024-07-01T17:04:52.537+0000] {logging_mixin.py:120} INFO - [2024-07-01T17:04:52.537+0000] {dag.py:2585} INFO - Sync 1 DAGs
[2024-07-01T17:04:52.590+0000] {logging_mixin.py:120} INFO - [2024-07-01T17:04:52.590+0000] {dag.py:3340} INFO - Setting next_dagrun for example_task_group_decorator to 2024-06-30T17:04:52.589503+00:00, run_after=2024-07-01T17:04:52.589503+00:00
[2024-07-01T17:04:52.634+0000] {processor.py:176} INFO - Processing /home/airflow/.local/lib/python3.7/site-packages/airflow/example_dags/example_task_group_decorator.py took 0.254 seconds
[2024-07-01T17:05:23.043+0000] {processor.py:154} INFO - Started process (PID=142) to work on /home/airflow/.local/lib/python3.7/site-packages/airflow/example_dags/example_task_group_decorator.py
[2024-07-01T17:05:23.044+0000] {processor.py:756} INFO - Processing file /home/airflow/.local/lib/python3.7/site-packages/airflow/example_dags/example_task_group_decorator.py for tasks to queue
[2024-07-01T17:05:23.044+0000] {logging_mixin.py:120} INFO - [2024-07-01T17:05:23.044+0000] {dagbag.py:537} INFO - Filling up the DagBag from /home/airflow/.local/lib/python3.7/site-packages/airflow/example_dags/example_task_group_decorator.py
[2024-07-01T17:05:23.071+0000] {processor.py:766} INFO - DAG(s) dict_keys(['example_task_group_decorator']) retrieved from /home/airflow/.local/lib/python3.7/site-packages/airflow/example_dags/example_task_group_decorator.py
[2024-07-01T17:05:23.110+0000] {logging_mixin.py:120} INFO - [2024-07-01T17:05:23.109+0000] {dag.py:2585} INFO - Sync 1 DAGs
[2024-07-01T17:05:23.133+0000] {logging_mixin.py:120} INFO - [2024-07-01T17:05:23.132+0000] {dag.py:3340} INFO - Setting next_dagrun for example_task_group_decorator to 2024-06-30T17:05:23.132720+00:00, run_after=2024-07-01T17:05:23.132720+00:00
[2024-07-01T17:05:23.151+0000] {processor.py:176} INFO - Processing /home/airflow/.local/lib/python3.7/site-packages/airflow/example_dags/example_task_group_decorator.py took 0.111 seconds
[2024-07-01T17:05:53.790+0000] {processor.py:154} INFO - Started process (PID=209) to work on /home/airflow/.local/lib/python3.7/site-packages/airflow/example_dags/example_task_group_decorator.py
[2024-07-01T17:05:53.791+0000] {processor.py:756} INFO - Processing file /home/airflow/.local/lib/python3.7/site-packages/airflow/example_dags/example_task_group_decorator.py for tasks to queue
[2024-07-01T17:05:53.792+0000] {logging_mixin.py:120} INFO - [2024-07-01T17:05:53.792+0000] {dagbag.py:537} INFO - Filling up the DagBag from /home/airflow/.local/lib/python3.7/site-packages/airflow/example_dags/example_task_group_decorator.py
[2024-07-01T17:05:53.816+0000] {processor.py:766} INFO - DAG(s) dict_keys(['example_task_group_decorator']) retrieved from /home/airflow/.local/lib/python3.7/site-packages/airflow/example_dags/example_task_group_decorator.py
[2024-07-01T17:05:53.854+0000] {logging_mixin.py:120} INFO - [2024-07-01T17:05:53.854+0000] {dag.py:2585} INFO - Sync 1 DAGs
[2024-07-01T17:05:53.877+0000] {logging_mixin.py:120} INFO - [2024-07-01T17:05:53.877+0000] {dag.py:3340} INFO - Setting next_dagrun for example_task_group_decorator to 2024-06-30T17:05:53.877171+00:00, run_after=2024-07-01T17:05:53.877171+00:00
[2024-07-01T17:05:53.894+0000] {processor.py:176} INFO - Processing /home/airflow/.local/lib/python3.7/site-packages/airflow/example_dags/example_task_group_decorator.py took 0.107 seconds
[2024-07-01T17:06:24.721+0000] {processor.py:154} INFO - Started process (PID=276) to work on /home/airflow/.local/lib/python3.7/site-packages/airflow/example_dags/example_task_group_decorator.py
[2024-07-01T17:06:24.723+0000] {processor.py:756} INFO - Processing file /home/airflow/.local/lib/python3.7/site-packages/airflow/example_dags/example_task_group_decorator.py for tasks to queue
[2024-07-01T17:06:24.724+0000] {logging_mixin.py:120} INFO - [2024-07-01T17:06:24.724+0000] {dagbag.py:537} INFO - Filling up the DagBag from /home/airflow/.local/lib/python3.7/site-packages/airflow/example_dags/example_task_group_decorator.py
[2024-07-01T17:06:24.751+0000] {processor.py:766} INFO - DAG(s) dict_keys(['example_task_group_decorator']) retrieved from /home/airflow/.local/lib/python3.7/site-packages/airflow/example_dags/example_task_group_decorator.py
[2024-07-01T17:06:24.790+0000] {logging_mixin.py:120} INFO - [2024-07-01T17:06:24.790+0000] {dag.py:2585} INFO - Sync 1 DAGs
[2024-07-01T17:06:24.812+0000] {logging_mixin.py:120} INFO - [2024-07-01T17:06:24.812+0000] {dag.py:3340} INFO - Setting next_dagrun for example_task_group_decorator to 2024-06-30T17:06:24.812240+00:00, run_after=2024-07-01T17:06:24.812240+00:00
[2024-07-01T17:06:24.828+0000] {processor.py:176} INFO - Processing /home/airflow/.local/lib/python3.7/site-packages/airflow/example_dags/example_task_group_decorator.py took 0.109 seconds
[2024-07-01T17:06:55.076+0000] {processor.py:154} INFO - Started process (PID=341) to work on /home/airflow/.local/lib/python3.7/site-packages/airflow/example_dags/example_task_group_decorator.py
[2024-07-01T17:06:55.077+0000] {processor.py:756} INFO - Processing file /home/airflow/.local/lib/python3.7/site-packages/airflow/example_dags/example_task_group_decorator.py for tasks to queue
[2024-07-01T17:06:55.078+0000] {logging_mixin.py:120} INFO - [2024-07-01T17:06:55.078+0000] {dagbag.py:537} INFO - Filling up the DagBag from /home/airflow/.local/lib/python3.7/site-packages/airflow/example_dags/example_task_group_decorator.py
[2024-07-01T17:06:55.106+0000] {processor.py:766} INFO - DAG(s) dict_keys(['example_task_group_decorator']) retrieved from /home/airflow/.local/lib/python3.7/site-packages/airflow/example_dags/example_task_group_decorator.py
[2024-07-01T17:06:55.147+0000] {logging_mixin.py:120} INFO - [2024-07-01T17:06:55.147+0000] {dag.py:2585} INFO - Sync 1 DAGs
[2024-07-01T17:06:55.175+0000] {logging_mixin.py:120} INFO - [2024-07-01T17:06:55.175+0000] {dag.py:3340} INFO - Setting next_dagrun for example_task_group_decorator to 2024-06-30T17:06:55.174832+00:00, run_after=2024-07-01T17:06:55.174832+00:00
[2024-07-01T17:06:55.196+0000] {processor.py:176} INFO - Processing /home/airflow/.local/lib/python3.7/site-packages/airflow/example_dags/example_task_group_decorator.py took 0.123 seconds
[2024-07-01T17:07:25.364+0000] {processor.py:154} INFO - Started process (PID=402) to work on /home/airflow/.local/lib/python3.7/site-packages/airflow/example_dags/example_task_group_decorator.py
[2024-07-01T17:07:25.365+0000] {processor.py:756} INFO - Processing file /home/airflow/.local/lib/python3.7/site-packages/airflow/example_dags/example_task_group_decorator.py for tasks to queue
[2024-07-01T17:07:25.366+0000] {logging_mixin.py:120} INFO - [2024-07-01T17:07:25.366+0000] {dagbag.py:537} INFO - Filling up the DagBag from /home/airflow/.local/lib/python3.7/site-packages/airflow/example_dags/example_task_group_decorator.py
[2024-07-01T17:07:25.391+0000] {processor.py:766} INFO - DAG(s) dict_keys(['example_task_group_decorator']) retrieved from /home/airflow/.local/lib/python3.7/site-packages/airflow/example_dags/example_task_group_decorator.py
[2024-07-01T17:07:25.427+0000] {logging_mixin.py:120} INFO - [2024-07-01T17:07:25.427+0000] {dag.py:2585} INFO - Sync 1 DAGs
[2024-07-01T17:07:25.450+0000] {logging_mixin.py:120} INFO - [2024-07-01T17:07:25.450+0000] {dag.py:3340} INFO - Setting next_dagrun for example_task_group_decorator to 2024-06-30T17:07:25.450235+00:00, run_after=2024-07-01T17:07:25.450235+00:00
[2024-07-01T17:07:25.467+0000] {processor.py:176} INFO - Processing /home/airflow/.local/lib/python3.7/site-packages/airflow/example_dags/example_task_group_decorator.py took 0.106 seconds
[2024-07-01T17:07:56.271+0000] {processor.py:154} INFO - Started process (PID=469) to work on /home/airflow/.local/lib/python3.7/site-packages/airflow/example_dags/example_task_group_decorator.py
[2024-07-01T17:07:56.272+0000] {processor.py:756} INFO - Processing file /home/airflow/.local/lib/python3.7/site-packages/airflow/example_dags/example_task_group_decorator.py for tasks to queue
[2024-07-01T17:07:56.273+0000] {logging_mixin.py:120} INFO - [2024-07-01T17:07:56.273+0000] {dagbag.py:537} INFO - Filling up the DagBag from /home/airflow/.local/lib/python3.7/site-packages/airflow/example_dags/example_task_group_decorator.py
[2024-07-01T17:07:56.298+0000] {processor.py:766} INFO - DAG(s) dict_keys(['example_task_group_decorator']) retrieved from /home/airflow/.local/lib/python3.7/site-packages/airflow/example_dags/example_task_group_decorator.py
[2024-07-01T17:07:56.334+0000] {logging_mixin.py:120} INFO - [2024-07-01T17:07:56.334+0000] {dag.py:2585} INFO - Sync 1 DAGs
[2024-07-01T17:07:56.356+0000] {logging_mixin.py:120} INFO - [2024-07-01T17:07:56.356+0000] {dag.py:3340} INFO - Setting next_dagrun for example_task_group_decorator to 2024-06-30T17:07:56.355957+00:00, run_after=2024-07-01T17:07:56.355957+00:00
[2024-07-01T17:07:56.371+0000] {processor.py:176} INFO - Processing /home/airflow/.local/lib/python3.7/site-packages/airflow/example_dags/example_task_group_decorator.py took 0.103 seconds
[2024-07-01T17:08:26.944+0000] {processor.py:154} INFO - Started process (PID=537) to work on /home/airflow/.local/lib/python3.7/site-packages/airflow/example_dags/example_task_group_decorator.py
[2024-07-01T17:08:26.945+0000] {processor.py:756} INFO - Processing file /home/airflow/.local/lib/python3.7/site-packages/airflow/example_dags/example_task_group_decorator.py for tasks to queue
[2024-07-01T17:08:26.945+0000] {logging_mixin.py:120} INFO - [2024-07-01T17:08:26.945+0000] {dagbag.py:537} INFO - Filling up the DagBag from /home/airflow/.local/lib/python3.7/site-packages/airflow/example_dags/example_task_group_decorator.py
[2024-07-01T17:08:26.971+0000] {processor.py:766} INFO - DAG(s) dict_keys(['example_task_group_decorator']) retrieved from /home/airflow/.local/lib/python3.7/site-packages/airflow/example_dags/example_task_group_decorator.py
[2024-07-01T17:08:27.008+0000] {logging_mixin.py:120} INFO - [2024-07-01T17:08:27.007+0000] {dag.py:2585} INFO - Sync 1 DAGs
[2024-07-01T17:08:27.031+0000] {logging_mixin.py:120} INFO - [2024-07-01T17:08:27.031+0000] {dag.py:3340} INFO - Setting next_dagrun for example_task_group_decorator to 2024-06-30T17:08:27.031614+00:00, run_after=2024-07-01T17:08:27.031614+00:00
[2024-07-01T17:08:27.049+0000] {processor.py:176} INFO - Processing /home/airflow/.local/lib/python3.7/site-packages/airflow/example_dags/example_task_group_decorator.py took 0.108 seconds
[2024-07-01T17:08:57.596+0000] {processor.py:154} INFO - Started process (PID=604) to work on /home/airflow/.local/lib/python3.7/site-packages/airflow/example_dags/example_task_group_decorator.py
[2024-07-01T17:08:57.597+0000] {processor.py:756} INFO - Processing file /home/airflow/.local/lib/python3.7/site-packages/airflow/example_dags/example_task_group_decorator.py for tasks to queue
[2024-07-01T17:08:57.599+0000] {logging_mixin.py:120} INFO - [2024-07-01T17:08:57.598+0000] {dagbag.py:537} INFO - Filling up the DagBag from /home/airflow/.local/lib/python3.7/site-packages/airflow/example_dags/example_task_group_decorator.py
[2024-07-01T17:08:57.624+0000] {processor.py:766} INFO - DAG(s) dict_keys(['example_task_group_decorator']) retrieved from /home/airflow/.local/lib/python3.7/site-packages/airflow/example_dags/example_task_group_decorator.py
[2024-07-01T17:08:57.663+0000] {logging_mixin.py:120} INFO - [2024-07-01T17:08:57.663+0000] {dag.py:2585} INFO - Sync 1 DAGs
[2024-07-01T17:08:57.689+0000] {logging_mixin.py:120} INFO - [2024-07-01T17:08:57.689+0000] {dag.py:3340} INFO - Setting next_dagrun for example_task_group_decorator to 2024-06-30T17:08:57.688903+00:00, run_after=2024-07-01T17:08:57.688903+00:00
[2024-07-01T17:08:57.707+0000] {processor.py:176} INFO - Processing /home/airflow/.local/lib/python3.7/site-packages/airflow/example_dags/example_task_group_decorator.py took 0.115 seconds
[2024-07-01T17:09:28.287+0000] {processor.py:154} INFO - Started process (PID=662) to work on /home/airflow/.local/lib/python3.7/site-packages/airflow/example_dags/example_task_group_decorator.py
[2024-07-01T17:09:28.287+0000] {processor.py:756} INFO - Processing file /home/airflow/.local/lib/python3.7/site-packages/airflow/example_dags/example_task_group_decorator.py for tasks to queue
[2024-07-01T17:09:28.288+0000] {logging_mixin.py:120} INFO - [2024-07-01T17:09:28.288+0000] {dagbag.py:537} INFO - Filling up the DagBag from /home/airflow/.local/lib/python3.7/site-packages/airflow/example_dags/example_task_group_decorator.py
[2024-07-01T17:09:28.314+0000] {processor.py:766} INFO - DAG(s) dict_keys(['example_task_group_decorator']) retrieved from /home/airflow/.local/lib/python3.7/site-packages/airflow/example_dags/example_task_group_decorator.py
[2024-07-01T17:09:28.352+0000] {logging_mixin.py:120} INFO - [2024-07-01T17:09:28.352+0000] {dag.py:2585} INFO - Sync 1 DAGs
[2024-07-01T17:09:28.375+0000] {logging_mixin.py:120} INFO - [2024-07-01T17:09:28.374+0000] {dag.py:3340} INFO - Setting next_dagrun for example_task_group_decorator to 2024-06-30T17:09:28.374774+00:00, run_after=2024-07-01T17:09:28.374774+00:00
[2024-07-01T17:09:28.392+0000] {processor.py:176} INFO - Processing /home/airflow/.local/lib/python3.7/site-packages/airflow/example_dags/example_task_group_decorator.py took 0.109 seconds
[2024-07-01T17:09:58.976+0000] {processor.py:154} INFO - Started process (PID=730) to work on /home/airflow/.local/lib/python3.7/site-packages/airflow/example_dags/example_task_group_decorator.py
[2024-07-01T17:09:58.977+0000] {processor.py:756} INFO - Processing file /home/airflow/.local/lib/python3.7/site-packages/airflow/example_dags/example_task_group_decorator.py for tasks to queue
[2024-07-01T17:09:58.978+0000] {logging_mixin.py:120} INFO - [2024-07-01T17:09:58.978+0000] {dagbag.py:537} INFO - Filling up the DagBag from /home/airflow/.local/lib/python3.7/site-packages/airflow/example_dags/example_task_group_decorator.py
[2024-07-01T17:09:59.002+0000] {processor.py:766} INFO - DAG(s) dict_keys(['example_task_group_decorator']) retrieved from /home/airflow/.local/lib/python3.7/site-packages/airflow/example_dags/example_task_group_decorator.py
[2024-07-01T17:09:59.040+0000] {logging_mixin.py:120} INFO - [2024-07-01T17:09:59.040+0000] {dag.py:2585} INFO - Sync 1 DAGs
[2024-07-01T17:09:59.064+0000] {logging_mixin.py:120} INFO - [2024-07-01T17:09:59.063+0000] {dag.py:3340} INFO - Setting next_dagrun for example_task_group_decorator to 2024-06-30T17:09:59.063693+00:00, run_after=2024-07-01T17:09:59.063693+00:00
[2024-07-01T17:09:59.080+0000] {processor.py:176} INFO - Processing /home/airflow/.local/lib/python3.7/site-packages/airflow/example_dags/example_task_group_decorator.py took 0.106 seconds
[2024-07-01T17:10:29.958+0000] {processor.py:154} INFO - Started process (PID=797) to work on /home/airflow/.local/lib/python3.7/site-packages/airflow/example_dags/example_task_group_decorator.py
[2024-07-01T17:10:29.959+0000] {processor.py:756} INFO - Processing file /home/airflow/.local/lib/python3.7/site-packages/airflow/example_dags/example_task_group_decorator.py for tasks to queue
[2024-07-01T17:10:29.959+0000] {logging_mixin.py:120} INFO - [2024-07-01T17:10:29.959+0000] {dagbag.py:537} INFO - Filling up the DagBag from /home/airflow/.local/lib/python3.7/site-packages/airflow/example_dags/example_task_group_decorator.py
[2024-07-01T17:10:29.985+0000] {processor.py:766} INFO - DAG(s) dict_keys(['example_task_group_decorator']) retrieved from /home/airflow/.local/lib/python3.7/site-packages/airflow/example_dags/example_task_group_decorator.py
[2024-07-01T17:10:30.022+0000] {logging_mixin.py:120} INFO - [2024-07-01T17:10:30.022+0000] {dag.py:2585} INFO - Sync 1 DAGs
[2024-07-01T17:10:30.044+0000] {logging_mixin.py:120} INFO - [2024-07-01T17:10:30.044+0000] {dag.py:3340} INFO - Setting next_dagrun for example_task_group_decorator to 2024-06-30T17:10:30.044550+00:00, run_after=2024-07-01T17:10:30.044550+00:00
[2024-07-01T17:10:30.060+0000] {processor.py:176} INFO - Processing /home/airflow/.local/lib/python3.7/site-packages/airflow/example_dags/example_task_group_decorator.py took 0.106 seconds
[2024-07-01T17:11:00.578+0000] {processor.py:154} INFO - Started process (PID=864) to work on /home/airflow/.local/lib/python3.7/site-packages/airflow/example_dags/example_task_group_decorator.py
[2024-07-01T17:11:00.579+0000] {processor.py:756} INFO - Processing file /home/airflow/.local/lib/python3.7/site-packages/airflow/example_dags/example_task_group_decorator.py for tasks to queue
[2024-07-01T17:11:00.580+0000] {logging_mixin.py:120} INFO - [2024-07-01T17:11:00.580+0000] {dagbag.py:537} INFO - Filling up the DagBag from /home/airflow/.local/lib/python3.7/site-packages/airflow/example_dags/example_task_group_decorator.py
[2024-07-01T17:11:00.604+0000] {processor.py:766} INFO - DAG(s) dict_keys(['example_task_group_decorator']) retrieved from /home/airflow/.local/lib/python3.7/site-packages/airflow/example_dags/example_task_group_decorator.py
[2024-07-01T17:11:00.640+0000] {logging_mixin.py:120} INFO - [2024-07-01T17:11:00.639+0000] {dag.py:2585} INFO - Sync 1 DAGs
[2024-07-01T17:11:00.662+0000] {logging_mixin.py:120} INFO - [2024-07-01T17:11:00.662+0000] {dag.py:3340} INFO - Setting next_dagrun for example_task_group_decorator to 2024-06-30T17:11:00.662255+00:00, run_after=2024-07-01T17:11:00.662255+00:00
[2024-07-01T17:11:00.679+0000] {processor.py:176} INFO - Processing /home/airflow/.local/lib/python3.7/site-packages/airflow/example_dags/example_task_group_decorator.py took 0.103 seconds
[2024-07-01T17:11:31.373+0000] {processor.py:154} INFO - Started process (PID=922) to work on /home/airflow/.local/lib/python3.7/site-packages/airflow/example_dags/example_task_group_decorator.py
[2024-07-01T17:11:31.374+0000] {processor.py:756} INFO - Processing file /home/airflow/.local/lib/python3.7/site-packages/airflow/example_dags/example_task_group_decorator.py for tasks to queue
[2024-07-01T17:11:31.375+0000] {logging_mixin.py:120} INFO - [2024-07-01T17:11:31.375+0000] {dagbag.py:537} INFO - Filling up the DagBag from /home/airflow/.local/lib/python3.7/site-packages/airflow/example_dags/example_task_group_decorator.py
[2024-07-01T17:11:31.399+0000] {processor.py:766} INFO - DAG(s) dict_keys(['example_task_group_decorator']) retrieved from /home/airflow/.local/lib/python3.7/site-packages/airflow/example_dags/example_task_group_decorator.py
[2024-07-01T17:11:31.434+0000] {logging_mixin.py:120} INFO - [2024-07-01T17:11:31.434+0000] {dag.py:2585} INFO - Sync 1 DAGs
[2024-07-01T17:11:31.456+0000] {logging_mixin.py:120} INFO - [2024-07-01T17:11:31.456+0000] {dag.py:3340} INFO - Setting next_dagrun for example_task_group_decorator to 2024-06-30T17:11:31.456031+00:00, run_after=2024-07-01T17:11:31.456031+00:00
[2024-07-01T17:11:31.473+0000] {processor.py:176} INFO - Processing /home/airflow/.local/lib/python3.7/site-packages/airflow/example_dags/example_task_group_decorator.py took 0.103 seconds
[2024-07-01T17:12:02.014+0000] {processor.py:154} INFO - Started process (PID=989) to work on /home/airflow/.local/lib/python3.7/site-packages/airflow/example_dags/example_task_group_decorator.py
[2024-07-01T17:12:02.015+0000] {processor.py:756} INFO - Processing file /home/airflow/.local/lib/python3.7/site-packages/airflow/example_dags/example_task_group_decorator.py for tasks to queue
[2024-07-01T17:12:02.015+0000] {logging_mixin.py:120} INFO - [2024-07-01T17:12:02.015+0000] {dagbag.py:537} INFO - Filling up the DagBag from /home/airflow/.local/lib/python3.7/site-packages/airflow/example_dags/example_task_group_decorator.py
[2024-07-01T17:12:02.040+0000] {processor.py:766} INFO - DAG(s) dict_keys(['example_task_group_decorator']) retrieved from /home/airflow/.local/lib/python3.7/site-packages/airflow/example_dags/example_task_group_decorator.py
[2024-07-01T17:12:02.076+0000] {logging_mixin.py:120} INFO - [2024-07-01T17:12:02.076+0000] {dag.py:2585} INFO - Sync 1 DAGs
[2024-07-01T17:12:02.098+0000] {logging_mixin.py:120} INFO - [2024-07-01T17:12:02.098+0000] {dag.py:3340} INFO - Setting next_dagrun for example_task_group_decorator to 2024-06-30T17:12:02.097797+00:00, run_after=2024-07-01T17:12:02.097797+00:00
[2024-07-01T17:12:02.114+0000] {processor.py:176} INFO - Processing /home/airflow/.local/lib/python3.7/site-packages/airflow/example_dags/example_task_group_decorator.py took 0.103 seconds
[2024-07-01T17:12:32.596+0000] {processor.py:154} INFO - Started process (PID=1056) to work on /home/airflow/.local/lib/python3.7/site-packages/airflow/example_dags/example_task_group_decorator.py
[2024-07-01T17:12:32.596+0000] {processor.py:756} INFO - Processing file /home/airflow/.local/lib/python3.7/site-packages/airflow/example_dags/example_task_group_decorator.py for tasks to queue
[2024-07-01T17:12:32.597+0000] {logging_mixin.py:120} INFO - [2024-07-01T17:12:32.597+0000] {dagbag.py:537} INFO - Filling up the DagBag from /home/airflow/.local/lib/python3.7/site-packages/airflow/example_dags/example_task_group_decorator.py
[2024-07-01T17:12:32.622+0000] {processor.py:766} INFO - DAG(s) dict_keys(['example_task_group_decorator']) retrieved from /home/airflow/.local/lib/python3.7/site-packages/airflow/example_dags/example_task_group_decorator.py
[2024-07-01T17:12:32.656+0000] {logging_mixin.py:120} INFO - [2024-07-01T17:12:32.656+0000] {dag.py:2585} INFO - Sync 1 DAGs
[2024-07-01T17:12:32.679+0000] {logging_mixin.py:120} INFO - [2024-07-01T17:12:32.679+0000] {dag.py:3340} INFO - Setting next_dagrun for example_task_group_decorator to 2024-06-30T17:12:32.679052+00:00, run_after=2024-07-01T17:12:32.679052+00:00
[2024-07-01T17:12:32.694+0000] {processor.py:176} INFO - Processing /home/airflow/.local/lib/python3.7/site-packages/airflow/example_dags/example_task_group_decorator.py took 0.102 seconds
[2024-07-01T17:13:03.066+0000] {processor.py:154} INFO - Started process (PID=1123) to work on /home/airflow/.local/lib/python3.7/site-packages/airflow/example_dags/example_task_group_decorator.py
[2024-07-01T17:13:03.067+0000] {processor.py:756} INFO - Processing file /home/airflow/.local/lib/python3.7/site-packages/airflow/example_dags/example_task_group_decorator.py for tasks to queue
[2024-07-01T17:13:03.068+0000] {logging_mixin.py:120} INFO - [2024-07-01T17:13:03.068+0000] {dagbag.py:537} INFO - Filling up the DagBag from /home/airflow/.local/lib/python3.7/site-packages/airflow/example_dags/example_task_group_decorator.py
[2024-07-01T17:13:03.092+0000] {processor.py:766} INFO - DAG(s) dict_keys(['example_task_group_decorator']) retrieved from /home/airflow/.local/lib/python3.7/site-packages/airflow/example_dags/example_task_group_decorator.py
[2024-07-01T17:13:03.127+0000] {logging_mixin.py:120} INFO - [2024-07-01T17:13:03.127+0000] {dag.py:2585} INFO - Sync 1 DAGs
[2024-07-01T17:13:03.150+0000] {logging_mixin.py:120} INFO - [2024-07-01T17:13:03.150+0000] {dag.py:3340} INFO - Setting next_dagrun for example_task_group_decorator to 2024-06-30T17:13:03.150071+00:00, run_after=2024-07-01T17:13:03.150071+00:00
[2024-07-01T17:13:03.166+0000] {processor.py:176} INFO - Processing /home/airflow/.local/lib/python3.7/site-packages/airflow/example_dags/example_task_group_decorator.py took 0.104 seconds
[2024-07-01T17:13:33.755+0000] {processor.py:154} INFO - Started process (PID=1189) to work on /home/airflow/.local/lib/python3.7/site-packages/airflow/example_dags/example_task_group_decorator.py
[2024-07-01T17:13:33.756+0000] {processor.py:756} INFO - Processing file /home/airflow/.local/lib/python3.7/site-packages/airflow/example_dags/example_task_group_decorator.py for tasks to queue
[2024-07-01T17:13:33.756+0000] {logging_mixin.py:120} INFO - [2024-07-01T17:13:33.756+0000] {dagbag.py:537} INFO - Filling up the DagBag from /home/airflow/.local/lib/python3.7/site-packages/airflow/example_dags/example_task_group_decorator.py
[2024-07-01T17:13:33.783+0000] {processor.py:766} INFO - DAG(s) dict_keys(['example_task_group_decorator']) retrieved from /home/airflow/.local/lib/python3.7/site-packages/airflow/example_dags/example_task_group_decorator.py
[2024-07-01T17:13:33.819+0000] {logging_mixin.py:120} INFO - [2024-07-01T17:13:33.819+0000] {dag.py:2585} INFO - Sync 1 DAGs
[2024-07-01T17:13:33.842+0000] {logging_mixin.py:120} INFO - [2024-07-01T17:13:33.842+0000] {dag.py:3340} INFO - Setting next_dagrun for example_task_group_decorator to 2024-06-30T17:13:33.842278+00:00, run_after=2024-07-01T17:13:33.842278+00:00
[2024-07-01T17:13:33.861+0000] {processor.py:176} INFO - Processing /home/airflow/.local/lib/python3.7/site-packages/airflow/example_dags/example_task_group_decorator.py took 0.110 seconds
[2024-07-01T17:14:04.473+0000] {processor.py:154} INFO - Started process (PID=1247) to work on /home/airflow/.local/lib/python3.7/site-packages/airflow/example_dags/example_task_group_decorator.py
[2024-07-01T17:14:04.474+0000] {processor.py:756} INFO - Processing file /home/airflow/.local/lib/python3.7/site-packages/airflow/example_dags/example_task_group_decorator.py for tasks to queue
[2024-07-01T17:14:04.475+0000] {logging_mixin.py:120} INFO - [2024-07-01T17:14:04.475+0000] {dagbag.py:537} INFO - Filling up the DagBag from /home/airflow/.local/lib/python3.7/site-packages/airflow/example_dags/example_task_group_decorator.py
[2024-07-01T17:14:04.498+0000] {processor.py:766} INFO - DAG(s) dict_keys(['example_task_group_decorator']) retrieved from /home/airflow/.local/lib/python3.7/site-packages/airflow/example_dags/example_task_group_decorator.py
[2024-07-01T17:14:04.534+0000] {logging_mixin.py:120} INFO - [2024-07-01T17:14:04.534+0000] {dag.py:2585} INFO - Sync 1 DAGs
[2024-07-01T17:14:04.556+0000] {logging_mixin.py:120} INFO - [2024-07-01T17:14:04.556+0000] {dag.py:3340} INFO - Setting next_dagrun for example_task_group_decorator to 2024-06-30T17:14:04.555921+00:00, run_after=2024-07-01T17:14:04.555921+00:00
[2024-07-01T17:14:04.573+0000] {processor.py:176} INFO - Processing /home/airflow/.local/lib/python3.7/site-packages/airflow/example_dags/example_task_group_decorator.py took 0.103 seconds
[2024-07-01T17:14:35.049+0000] {processor.py:154} INFO - Started process (PID=1313) to work on /home/airflow/.local/lib/python3.7/site-packages/airflow/example_dags/example_task_group_decorator.py
[2024-07-01T17:14:35.050+0000] {processor.py:756} INFO - Processing file /home/airflow/.local/lib/python3.7/site-packages/airflow/example_dags/example_task_group_decorator.py for tasks to queue
[2024-07-01T17:14:35.051+0000] {logging_mixin.py:120} INFO - [2024-07-01T17:14:35.050+0000] {dagbag.py:537} INFO - Filling up the DagBag from /home/airflow/.local/lib/python3.7/site-packages/airflow/example_dags/example_task_group_decorator.py
[2024-07-01T17:14:35.074+0000] {processor.py:766} INFO - DAG(s) dict_keys(['example_task_group_decorator']) retrieved from /home/airflow/.local/lib/python3.7/site-packages/airflow/example_dags/example_task_group_decorator.py
[2024-07-01T17:14:35.108+0000] {logging_mixin.py:120} INFO - [2024-07-01T17:14:35.108+0000] {dag.py:2585} INFO - Sync 1 DAGs
[2024-07-01T17:14:35.130+0000] {logging_mixin.py:120} INFO - [2024-07-01T17:14:35.130+0000] {dag.py:3340} INFO - Setting next_dagrun for example_task_group_decorator to 2024-06-30T17:14:35.130269+00:00, run_after=2024-07-01T17:14:35.130269+00:00
[2024-07-01T17:14:35.146+0000] {processor.py:176} INFO - Processing /home/airflow/.local/lib/python3.7/site-packages/airflow/example_dags/example_task_group_decorator.py took 0.100 seconds
[2024-07-01T17:15:05.673+0000] {processor.py:154} INFO - Started process (PID=1380) to work on /home/airflow/.local/lib/python3.7/site-packages/airflow/example_dags/example_task_group_decorator.py
[2024-07-01T17:15:05.674+0000] {processor.py:756} INFO - Processing file /home/airflow/.local/lib/python3.7/site-packages/airflow/example_dags/example_task_group_decorator.py for tasks to queue
[2024-07-01T17:15:05.675+0000] {logging_mixin.py:120} INFO - [2024-07-01T17:15:05.675+0000] {dagbag.py:537} INFO - Filling up the DagBag from /home/airflow/.local/lib/python3.7/site-packages/airflow/example_dags/example_task_group_decorator.py
[2024-07-01T17:15:05.705+0000] {processor.py:766} INFO - DAG(s) dict_keys(['example_task_group_decorator']) retrieved from /home/airflow/.local/lib/python3.7/site-packages/airflow/example_dags/example_task_group_decorator.py
[2024-07-01T17:15:05.742+0000] {logging_mixin.py:120} INFO - [2024-07-01T17:15:05.742+0000] {dag.py:2585} INFO - Sync 1 DAGs
[2024-07-01T17:15:05.767+0000] {logging_mixin.py:120} INFO - [2024-07-01T17:15:05.767+0000] {dag.py:3340} INFO - Setting next_dagrun for example_task_group_decorator to 2024-06-30T17:15:05.767366+00:00, run_after=2024-07-01T17:15:05.767366+00:00
[2024-07-01T17:15:05.785+0000] {processor.py:176} INFO - Processing /home/airflow/.local/lib/python3.7/site-packages/airflow/example_dags/example_task_group_decorator.py took 0.116 seconds
[2024-07-01T17:15:36.293+0000] {processor.py:154} INFO - Started process (PID=1447) to work on /home/airflow/.local/lib/python3.7/site-packages/airflow/example_dags/example_task_group_decorator.py
[2024-07-01T17:15:36.294+0000] {processor.py:756} INFO - Processing file /home/airflow/.local/lib/python3.7/site-packages/airflow/example_dags/example_task_group_decorator.py for tasks to queue
[2024-07-01T17:15:36.295+0000] {logging_mixin.py:120} INFO - [2024-07-01T17:15:36.294+0000] {dagbag.py:537} INFO - Filling up the DagBag from /home/airflow/.local/lib/python3.7/site-packages/airflow/example_dags/example_task_group_decorator.py
[2024-07-01T17:15:36.319+0000] {processor.py:766} INFO - DAG(s) dict_keys(['example_task_group_decorator']) retrieved from /home/airflow/.local/lib/python3.7/site-packages/airflow/example_dags/example_task_group_decorator.py
[2024-07-01T17:15:36.354+0000] {logging_mixin.py:120} INFO - [2024-07-01T17:15:36.354+0000] {dag.py:2585} INFO - Sync 1 DAGs
[2024-07-01T17:15:36.377+0000] {logging_mixin.py:120} INFO - [2024-07-01T17:15:36.377+0000] {dag.py:3340} INFO - Setting next_dagrun for example_task_group_decorator to 2024-06-30T17:15:36.377015+00:00, run_after=2024-07-01T17:15:36.377015+00:00
[2024-07-01T17:15:36.393+0000] {processor.py:176} INFO - Processing /home/airflow/.local/lib/python3.7/site-packages/airflow/example_dags/example_task_group_decorator.py took 0.103 seconds
[2024-07-01T17:16:06.931+0000] {processor.py:154} INFO - Started process (PID=1505) to work on /home/airflow/.local/lib/python3.7/site-packages/airflow/example_dags/example_task_group_decorator.py
[2024-07-01T17:16:06.932+0000] {processor.py:756} INFO - Processing file /home/airflow/.local/lib/python3.7/site-packages/airflow/example_dags/example_task_group_decorator.py for tasks to queue
[2024-07-01T17:16:06.932+0000] {logging_mixin.py:120} INFO - [2024-07-01T17:16:06.932+0000] {dagbag.py:537} INFO - Filling up the DagBag from /home/airflow/.local/lib/python3.7/site-packages/airflow/example_dags/example_task_group_decorator.py
[2024-07-01T17:16:06.957+0000] {processor.py:766} INFO - DAG(s) dict_keys(['example_task_group_decorator']) retrieved from /home/airflow/.local/lib/python3.7/site-packages/airflow/example_dags/example_task_group_decorator.py
[2024-07-01T17:16:06.992+0000] {logging_mixin.py:120} INFO - [2024-07-01T17:16:06.992+0000] {dag.py:2585} INFO - Sync 1 DAGs
[2024-07-01T17:16:07.015+0000] {logging_mixin.py:120} INFO - [2024-07-01T17:16:07.014+0000] {dag.py:3340} INFO - Setting next_dagrun for example_task_group_decorator to 2024-06-30T17:16:07.014639+00:00, run_after=2024-07-01T17:16:07.014639+00:00
[2024-07-01T17:16:07.033+0000] {processor.py:176} INFO - Processing /home/airflow/.local/lib/python3.7/site-packages/airflow/example_dags/example_task_group_decorator.py took 0.106 seconds
[2024-07-01T17:16:37.718+0000] {processor.py:154} INFO - Started process (PID=1573) to work on /home/airflow/.local/lib/python3.7/site-packages/airflow/example_dags/example_task_group_decorator.py
[2024-07-01T17:16:37.719+0000] {processor.py:756} INFO - Processing file /home/airflow/.local/lib/python3.7/site-packages/airflow/example_dags/example_task_group_decorator.py for tasks to queue
[2024-07-01T17:16:37.720+0000] {logging_mixin.py:120} INFO - [2024-07-01T17:16:37.720+0000] {dagbag.py:537} INFO - Filling up the DagBag from /home/airflow/.local/lib/python3.7/site-packages/airflow/example_dags/example_task_group_decorator.py
[2024-07-01T17:16:37.745+0000] {processor.py:766} INFO - DAG(s) dict_keys(['example_task_group_decorator']) retrieved from /home/airflow/.local/lib/python3.7/site-packages/airflow/example_dags/example_task_group_decorator.py
[2024-07-01T17:16:37.782+0000] {logging_mixin.py:120} INFO - [2024-07-01T17:16:37.782+0000] {dag.py:2585} INFO - Sync 1 DAGs
[2024-07-01T17:16:37.811+0000] {logging_mixin.py:120} INFO - [2024-07-01T17:16:37.811+0000] {dag.py:3340} INFO - Setting next_dagrun for example_task_group_decorator to 2024-06-30T17:16:37.811602+00:00, run_after=2024-07-01T17:16:37.811602+00:00
[2024-07-01T17:16:37.829+0000] {processor.py:176} INFO - Processing /home/airflow/.local/lib/python3.7/site-packages/airflow/example_dags/example_task_group_decorator.py took 0.114 seconds
[2024-07-01T17:17:08.408+0000] {processor.py:154} INFO - Started process (PID=1640) to work on /home/airflow/.local/lib/python3.7/site-packages/airflow/example_dags/example_task_group_decorator.py
[2024-07-01T17:17:08.409+0000] {processor.py:756} INFO - Processing file /home/airflow/.local/lib/python3.7/site-packages/airflow/example_dags/example_task_group_decorator.py for tasks to queue
[2024-07-01T17:17:08.410+0000] {logging_mixin.py:120} INFO - [2024-07-01T17:17:08.410+0000] {dagbag.py:537} INFO - Filling up the DagBag from /home/airflow/.local/lib/python3.7/site-packages/airflow/example_dags/example_task_group_decorator.py
[2024-07-01T17:17:08.437+0000] {processor.py:766} INFO - DAG(s) dict_keys(['example_task_group_decorator']) retrieved from /home/airflow/.local/lib/python3.7/site-packages/airflow/example_dags/example_task_group_decorator.py
[2024-07-01T17:17:08.484+0000] {logging_mixin.py:120} INFO - [2024-07-01T17:17:08.484+0000] {dag.py:2585} INFO - Sync 1 DAGs
[2024-07-01T17:17:08.507+0000] {logging_mixin.py:120} INFO - [2024-07-01T17:17:08.507+0000] {dag.py:3340} INFO - Setting next_dagrun for example_task_group_decorator to 2024-06-30T17:17:08.507182+00:00, run_after=2024-07-01T17:17:08.507182+00:00
[2024-07-01T17:17:08.525+0000] {processor.py:176} INFO - Processing /home/airflow/.local/lib/python3.7/site-packages/airflow/example_dags/example_task_group_decorator.py took 0.120 seconds
[2024-07-01T17:17:39.058+0000] {processor.py:154} INFO - Started process (PID=1707) to work on /home/airflow/.local/lib/python3.7/site-packages/airflow/example_dags/example_task_group_decorator.py
[2024-07-01T17:17:39.059+0000] {processor.py:756} INFO - Processing file /home/airflow/.local/lib/python3.7/site-packages/airflow/example_dags/example_task_group_decorator.py for tasks to queue
[2024-07-01T17:17:39.060+0000] {logging_mixin.py:120} INFO - [2024-07-01T17:17:39.060+0000] {dagbag.py:537} INFO - Filling up the DagBag from /home/airflow/.local/lib/python3.7/site-packages/airflow/example_dags/example_task_group_decorator.py
[2024-07-01T17:17:39.086+0000] {processor.py:766} INFO - DAG(s) dict_keys(['example_task_group_decorator']) retrieved from /home/airflow/.local/lib/python3.7/site-packages/airflow/example_dags/example_task_group_decorator.py
[2024-07-01T17:17:39.125+0000] {logging_mixin.py:120} INFO - [2024-07-01T17:17:39.125+0000] {dag.py:2585} INFO - Sync 1 DAGs
[2024-07-01T17:17:39.151+0000] {logging_mixin.py:120} INFO - [2024-07-01T17:17:39.151+0000] {dag.py:3340} INFO - Setting next_dagrun for example_task_group_decorator to 2024-06-30T17:17:39.150804+00:00, run_after=2024-07-01T17:17:39.150804+00:00
[2024-07-01T17:17:39.168+0000] {processor.py:176} INFO - Processing /home/airflow/.local/lib/python3.7/site-packages/airflow/example_dags/example_task_group_decorator.py took 0.113 seconds
[2024-07-01T17:18:09.737+0000] {processor.py:154} INFO - Started process (PID=1774) to work on /home/airflow/.local/lib/python3.7/site-packages/airflow/example_dags/example_task_group_decorator.py
[2024-07-01T17:18:09.738+0000] {processor.py:756} INFO - Processing file /home/airflow/.local/lib/python3.7/site-packages/airflow/example_dags/example_task_group_decorator.py for tasks to queue
[2024-07-01T17:18:09.739+0000] {logging_mixin.py:120} INFO - [2024-07-01T17:18:09.739+0000] {dagbag.py:537} INFO - Filling up the DagBag from /home/airflow/.local/lib/python3.7/site-packages/airflow/example_dags/example_task_group_decorator.py
[2024-07-01T17:18:09.767+0000] {processor.py:766} INFO - DAG(s) dict_keys(['example_task_group_decorator']) retrieved from /home/airflow/.local/lib/python3.7/site-packages/airflow/example_dags/example_task_group_decorator.py
[2024-07-01T17:18:09.807+0000] {logging_mixin.py:120} INFO - [2024-07-01T17:18:09.807+0000] {dag.py:2585} INFO - Sync 1 DAGs
[2024-07-01T17:18:09.832+0000] {logging_mixin.py:120} INFO - [2024-07-01T17:18:09.832+0000] {dag.py:3340} INFO - Setting next_dagrun for example_task_group_decorator to 2024-06-30T17:18:09.832033+00:00, run_after=2024-07-01T17:18:09.832033+00:00
[2024-07-01T17:18:09.851+0000] {processor.py:176} INFO - Processing /home/airflow/.local/lib/python3.7/site-packages/airflow/example_dags/example_task_group_decorator.py took 0.117 seconds
[2024-07-01T17:18:40.519+0000] {processor.py:154} INFO - Started process (PID=1832) to work on /home/airflow/.local/lib/python3.7/site-packages/airflow/example_dags/example_task_group_decorator.py
[2024-07-01T17:18:40.520+0000] {processor.py:756} INFO - Processing file /home/airflow/.local/lib/python3.7/site-packages/airflow/example_dags/example_task_group_decorator.py for tasks to queue
[2024-07-01T17:18:40.521+0000] {logging_mixin.py:120} INFO - [2024-07-01T17:18:40.521+0000] {dagbag.py:537} INFO - Filling up the DagBag from /home/airflow/.local/lib/python3.7/site-packages/airflow/example_dags/example_task_group_decorator.py
[2024-07-01T17:18:40.552+0000] {processor.py:766} INFO - DAG(s) dict_keys(['example_task_group_decorator']) retrieved from /home/airflow/.local/lib/python3.7/site-packages/airflow/example_dags/example_task_group_decorator.py
[2024-07-01T17:18:40.594+0000] {logging_mixin.py:120} INFO - [2024-07-01T17:18:40.594+0000] {dag.py:2585} INFO - Sync 1 DAGs
[2024-07-01T17:18:40.623+0000] {logging_mixin.py:120} INFO - [2024-07-01T17:18:40.623+0000] {dag.py:3340} INFO - Setting next_dagrun for example_task_group_decorator to 2024-06-30T17:18:40.623604+00:00, run_after=2024-07-01T17:18:40.623604+00:00
[2024-07-01T17:18:40.643+0000] {processor.py:176} INFO - Processing /home/airflow/.local/lib/python3.7/site-packages/airflow/example_dags/example_task_group_decorator.py took 0.129 seconds
[2024-07-01T17:19:11.230+0000] {processor.py:154} INFO - Started process (PID=1899) to work on /home/airflow/.local/lib/python3.7/site-packages/airflow/example_dags/example_task_group_decorator.py
[2024-07-01T17:19:11.231+0000] {processor.py:756} INFO - Processing file /home/airflow/.local/lib/python3.7/site-packages/airflow/example_dags/example_task_group_decorator.py for tasks to queue
[2024-07-01T17:19:11.232+0000] {logging_mixin.py:120} INFO - [2024-07-01T17:19:11.232+0000] {dagbag.py:537} INFO - Filling up the DagBag from /home/airflow/.local/lib/python3.7/site-packages/airflow/example_dags/example_task_group_decorator.py
[2024-07-01T17:19:11.258+0000] {processor.py:766} INFO - DAG(s) dict_keys(['example_task_group_decorator']) retrieved from /home/airflow/.local/lib/python3.7/site-packages/airflow/example_dags/example_task_group_decorator.py
[2024-07-01T17:19:11.295+0000] {logging_mixin.py:120} INFO - [2024-07-01T17:19:11.295+0000] {dag.py:2585} INFO - Sync 1 DAGs
[2024-07-01T17:19:11.320+0000] {logging_mixin.py:120} INFO - [2024-07-01T17:19:11.319+0000] {dag.py:3340} INFO - Setting next_dagrun for example_task_group_decorator to 2024-06-30T17:19:11.319658+00:00, run_after=2024-07-01T17:19:11.319658+00:00
[2024-07-01T17:19:11.336+0000] {processor.py:176} INFO - Processing /home/airflow/.local/lib/python3.7/site-packages/airflow/example_dags/example_task_group_decorator.py took 0.109 seconds
[2024-07-01T17:19:42.156+0000] {processor.py:154} INFO - Started process (PID=1968) to work on /home/airflow/.local/lib/python3.7/site-packages/airflow/example_dags/example_task_group_decorator.py
[2024-07-01T17:19:42.157+0000] {processor.py:756} INFO - Processing file /home/airflow/.local/lib/python3.7/site-packages/airflow/example_dags/example_task_group_decorator.py for tasks to queue
[2024-07-01T17:19:42.158+0000] {logging_mixin.py:120} INFO - [2024-07-01T17:19:42.157+0000] {dagbag.py:537} INFO - Filling up the DagBag from /home/airflow/.local/lib/python3.7/site-packages/airflow/example_dags/example_task_group_decorator.py
[2024-07-01T17:19:42.183+0000] {processor.py:766} INFO - DAG(s) dict_keys(['example_task_group_decorator']) retrieved from /home/airflow/.local/lib/python3.7/site-packages/airflow/example_dags/example_task_group_decorator.py
[2024-07-01T17:19:42.221+0000] {logging_mixin.py:120} INFO - [2024-07-01T17:19:42.221+0000] {dag.py:2585} INFO - Sync 1 DAGs
[2024-07-01T17:19:42.248+0000] {logging_mixin.py:120} INFO - [2024-07-01T17:19:42.247+0000] {dag.py:3340} INFO - Setting next_dagrun for example_task_group_decorator to 2024-06-30T17:19:42.247300+00:00, run_after=2024-07-01T17:19:42.247300+00:00
[2024-07-01T17:19:42.266+0000] {processor.py:176} INFO - Processing /home/airflow/.local/lib/python3.7/site-packages/airflow/example_dags/example_task_group_decorator.py took 0.114 seconds
[2024-07-01T17:20:13.212+0000] {processor.py:154} INFO - Started process (PID=2036) to work on /home/airflow/.local/lib/python3.7/site-packages/airflow/example_dags/example_task_group_decorator.py
[2024-07-01T17:20:13.213+0000] {processor.py:756} INFO - Processing file /home/airflow/.local/lib/python3.7/site-packages/airflow/example_dags/example_task_group_decorator.py for tasks to queue
[2024-07-01T17:20:13.214+0000] {logging_mixin.py:120} INFO - [2024-07-01T17:20:13.214+0000] {dagbag.py:537} INFO - Filling up the DagBag from /home/airflow/.local/lib/python3.7/site-packages/airflow/example_dags/example_task_group_decorator.py
[2024-07-01T17:20:13.241+0000] {processor.py:766} INFO - DAG(s) dict_keys(['example_task_group_decorator']) retrieved from /home/airflow/.local/lib/python3.7/site-packages/airflow/example_dags/example_task_group_decorator.py
[2024-07-01T17:20:13.278+0000] {logging_mixin.py:120} INFO - [2024-07-01T17:20:13.278+0000] {dag.py:2585} INFO - Sync 1 DAGs
[2024-07-01T17:20:13.303+0000] {logging_mixin.py:120} INFO - [2024-07-01T17:20:13.302+0000] {dag.py:3340} INFO - Setting next_dagrun for example_task_group_decorator to 2024-06-30T17:20:13.302678+00:00, run_after=2024-07-01T17:20:13.302678+00:00
[2024-07-01T17:20:13.320+0000] {processor.py:176} INFO - Processing /home/airflow/.local/lib/python3.7/site-packages/airflow/example_dags/example_task_group_decorator.py took 0.111 seconds
[2024-07-01T17:20:44.079+0000] {processor.py:154} INFO - Started process (PID=2094) to work on /home/airflow/.local/lib/python3.7/site-packages/airflow/example_dags/example_task_group_decorator.py
[2024-07-01T17:20:44.080+0000] {processor.py:756} INFO - Processing file /home/airflow/.local/lib/python3.7/site-packages/airflow/example_dags/example_task_group_decorator.py for tasks to queue
[2024-07-01T17:20:44.080+0000] {logging_mixin.py:120} INFO - [2024-07-01T17:20:44.080+0000] {dagbag.py:537} INFO - Filling up the DagBag from /home/airflow/.local/lib/python3.7/site-packages/airflow/example_dags/example_task_group_decorator.py
[2024-07-01T17:20:44.106+0000] {processor.py:766} INFO - DAG(s) dict_keys(['example_task_group_decorator']) retrieved from /home/airflow/.local/lib/python3.7/site-packages/airflow/example_dags/example_task_group_decorator.py
[2024-07-01T17:20:44.142+0000] {logging_mixin.py:120} INFO - [2024-07-01T17:20:44.142+0000] {dag.py:2585} INFO - Sync 1 DAGs
[2024-07-01T17:20:44.167+0000] {logging_mixin.py:120} INFO - [2024-07-01T17:20:44.167+0000] {dag.py:3340} INFO - Setting next_dagrun for example_task_group_decorator to 2024-06-30T17:20:44.167142+00:00, run_after=2024-07-01T17:20:44.167142+00:00
[2024-07-01T17:20:44.183+0000] {processor.py:176} INFO - Processing /home/airflow/.local/lib/python3.7/site-packages/airflow/example_dags/example_task_group_decorator.py took 0.108 seconds
[2024-07-01T17:21:14.652+0000] {processor.py:154} INFO - Started process (PID=2160) to work on /home/airflow/.local/lib/python3.7/site-packages/airflow/example_dags/example_task_group_decorator.py
[2024-07-01T17:21:14.653+0000] {processor.py:756} INFO - Processing file /home/airflow/.local/lib/python3.7/site-packages/airflow/example_dags/example_task_group_decorator.py for tasks to queue
[2024-07-01T17:21:14.654+0000] {logging_mixin.py:120} INFO - [2024-07-01T17:21:14.654+0000] {dagbag.py:537} INFO - Filling up the DagBag from /home/airflow/.local/lib/python3.7/site-packages/airflow/example_dags/example_task_group_decorator.py
[2024-07-01T17:21:14.678+0000] {processor.py:766} INFO - DAG(s) dict_keys(['example_task_group_decorator']) retrieved from /home/airflow/.local/lib/python3.7/site-packages/airflow/example_dags/example_task_group_decorator.py
[2024-07-01T17:21:14.713+0000] {logging_mixin.py:120} INFO - [2024-07-01T17:21:14.713+0000] {dag.py:2585} INFO - Sync 1 DAGs
[2024-07-01T17:21:14.735+0000] {logging_mixin.py:120} INFO - [2024-07-01T17:21:14.735+0000] {dag.py:3340} INFO - Setting next_dagrun for example_task_group_decorator to 2024-06-30T17:21:14.734837+00:00, run_after=2024-07-01T17:21:14.734837+00:00
[2024-07-01T17:21:14.751+0000] {processor.py:176} INFO - Processing /home/airflow/.local/lib/python3.7/site-packages/airflow/example_dags/example_task_group_decorator.py took 0.102 seconds
[2024-07-01T17:21:45.138+0000] {processor.py:154} INFO - Started process (PID=2227) to work on /home/airflow/.local/lib/python3.7/site-packages/airflow/example_dags/example_task_group_decorator.py
[2024-07-01T17:21:45.140+0000] {processor.py:756} INFO - Processing file /home/airflow/.local/lib/python3.7/site-packages/airflow/example_dags/example_task_group_decorator.py for tasks to queue
[2024-07-01T17:21:45.140+0000] {logging_mixin.py:120} INFO - [2024-07-01T17:21:45.140+0000] {dagbag.py:537} INFO - Filling up the DagBag from /home/airflow/.local/lib/python3.7/site-packages/airflow/example_dags/example_task_group_decorator.py
[2024-07-01T17:21:45.165+0000] {processor.py:766} INFO - DAG(s) dict_keys(['example_task_group_decorator']) retrieved from /home/airflow/.local/lib/python3.7/site-packages/airflow/example_dags/example_task_group_decorator.py
[2024-07-01T17:21:45.201+0000] {logging_mixin.py:120} INFO - [2024-07-01T17:21:45.201+0000] {dag.py:2585} INFO - Sync 1 DAGs
[2024-07-01T17:21:45.223+0000] {logging_mixin.py:120} INFO - [2024-07-01T17:21:45.223+0000] {dag.py:3340} INFO - Setting next_dagrun for example_task_group_decorator to 2024-06-30T17:21:45.222989+00:00, run_after=2024-07-01T17:21:45.222989+00:00
[2024-07-01T17:21:45.239+0000] {processor.py:176} INFO - Processing /home/airflow/.local/lib/python3.7/site-packages/airflow/example_dags/example_task_group_decorator.py took 0.104 seconds
[2024-07-01T17:22:15.686+0000] {processor.py:154} INFO - Started process (PID=2295) to work on /home/airflow/.local/lib/python3.7/site-packages/airflow/example_dags/example_task_group_decorator.py
[2024-07-01T17:22:15.687+0000] {processor.py:756} INFO - Processing file /home/airflow/.local/lib/python3.7/site-packages/airflow/example_dags/example_task_group_decorator.py for tasks to queue
[2024-07-01T17:22:15.688+0000] {logging_mixin.py:120} INFO - [2024-07-01T17:22:15.688+0000] {dagbag.py:537} INFO - Filling up the DagBag from /home/airflow/.local/lib/python3.7/site-packages/airflow/example_dags/example_task_group_decorator.py
[2024-07-01T17:22:15.712+0000] {processor.py:766} INFO - DAG(s) dict_keys(['example_task_group_decorator']) retrieved from /home/airflow/.local/lib/python3.7/site-packages/airflow/example_dags/example_task_group_decorator.py
[2024-07-01T17:22:15.749+0000] {logging_mixin.py:120} INFO - [2024-07-01T17:22:15.749+0000] {dag.py:2585} INFO - Sync 1 DAGs
[2024-07-01T17:22:15.772+0000] {logging_mixin.py:120} INFO - [2024-07-01T17:22:15.772+0000] {dag.py:3340} INFO - Setting next_dagrun for example_task_group_decorator to 2024-06-30T17:22:15.772413+00:00, run_after=2024-07-01T17:22:15.772413+00:00
[2024-07-01T17:22:15.790+0000] {processor.py:176} INFO - Processing /home/airflow/.local/lib/python3.7/site-packages/airflow/example_dags/example_task_group_decorator.py took 0.108 seconds
[2024-07-01T17:22:46.290+0000] {processor.py:154} INFO - Started process (PID=2360) to work on /home/airflow/.local/lib/python3.7/site-packages/airflow/example_dags/example_task_group_decorator.py
[2024-07-01T17:22:46.291+0000] {processor.py:756} INFO - Processing file /home/airflow/.local/lib/python3.7/site-packages/airflow/example_dags/example_task_group_decorator.py for tasks to queue
[2024-07-01T17:22:46.292+0000] {logging_mixin.py:120} INFO - [2024-07-01T17:22:46.291+0000] {dagbag.py:537} INFO - Filling up the DagBag from /home/airflow/.local/lib/python3.7/site-packages/airflow/example_dags/example_task_group_decorator.py
[2024-07-01T17:22:46.319+0000] {processor.py:766} INFO - DAG(s) dict_keys(['example_task_group_decorator']) retrieved from /home/airflow/.local/lib/python3.7/site-packages/airflow/example_dags/example_task_group_decorator.py
[2024-07-01T17:22:46.359+0000] {logging_mixin.py:120} INFO - [2024-07-01T17:22:46.359+0000] {dag.py:2585} INFO - Sync 1 DAGs
[2024-07-01T17:22:46.395+0000] {logging_mixin.py:120} INFO - [2024-07-01T17:22:46.395+0000] {dag.py:3340} INFO - Setting next_dagrun for example_task_group_decorator to 2024-06-30T17:22:46.395083+00:00, run_after=2024-07-01T17:22:46.395083+00:00
[2024-07-01T17:22:46.416+0000] {processor.py:176} INFO - Processing /home/airflow/.local/lib/python3.7/site-packages/airflow/example_dags/example_task_group_decorator.py took 0.130 seconds
[2024-07-01T17:23:17.109+0000] {processor.py:154} INFO - Started process (PID=2420) to work on /home/airflow/.local/lib/python3.7/site-packages/airflow/example_dags/example_task_group_decorator.py
[2024-07-01T17:23:17.110+0000] {processor.py:756} INFO - Processing file /home/airflow/.local/lib/python3.7/site-packages/airflow/example_dags/example_task_group_decorator.py for tasks to queue
[2024-07-01T17:23:17.111+0000] {logging_mixin.py:120} INFO - [2024-07-01T17:23:17.111+0000] {dagbag.py:537} INFO - Filling up the DagBag from /home/airflow/.local/lib/python3.7/site-packages/airflow/example_dags/example_task_group_decorator.py
[2024-07-01T17:23:17.135+0000] {processor.py:766} INFO - DAG(s) dict_keys(['example_task_group_decorator']) retrieved from /home/airflow/.local/lib/python3.7/site-packages/airflow/example_dags/example_task_group_decorator.py
[2024-07-01T17:23:17.172+0000] {logging_mixin.py:120} INFO - [2024-07-01T17:23:17.172+0000] {dag.py:2585} INFO - Sync 1 DAGs
[2024-07-01T17:23:17.196+0000] {logging_mixin.py:120} INFO - [2024-07-01T17:23:17.196+0000] {dag.py:3340} INFO - Setting next_dagrun for example_task_group_decorator to 2024-06-30T17:23:17.196557+00:00, run_after=2024-07-01T17:23:17.196557+00:00
[2024-07-01T17:23:17.215+0000] {processor.py:176} INFO - Processing /home/airflow/.local/lib/python3.7/site-packages/airflow/example_dags/example_task_group_decorator.py took 0.110 seconds
[2024-07-01T17:23:47.866+0000] {processor.py:154} INFO - Started process (PID=2487) to work on /home/airflow/.local/lib/python3.7/site-packages/airflow/example_dags/example_task_group_decorator.py
[2024-07-01T17:23:47.867+0000] {processor.py:756} INFO - Processing file /home/airflow/.local/lib/python3.7/site-packages/airflow/example_dags/example_task_group_decorator.py for tasks to queue
[2024-07-01T17:23:47.868+0000] {logging_mixin.py:120} INFO - [2024-07-01T17:23:47.868+0000] {dagbag.py:537} INFO - Filling up the DagBag from /home/airflow/.local/lib/python3.7/site-packages/airflow/example_dags/example_task_group_decorator.py
[2024-07-01T17:23:47.893+0000] {processor.py:766} INFO - DAG(s) dict_keys(['example_task_group_decorator']) retrieved from /home/airflow/.local/lib/python3.7/site-packages/airflow/example_dags/example_task_group_decorator.py
[2024-07-01T17:23:47.933+0000] {logging_mixin.py:120} INFO - [2024-07-01T17:23:47.933+0000] {dag.py:2585} INFO - Sync 1 DAGs
[2024-07-01T17:23:47.958+0000] {logging_mixin.py:120} INFO - [2024-07-01T17:23:47.957+0000] {dag.py:3340} INFO - Setting next_dagrun for example_task_group_decorator to 2024-06-30T17:23:47.957705+00:00, run_after=2024-07-01T17:23:47.957705+00:00
[2024-07-01T17:23:47.975+0000] {processor.py:176} INFO - Processing /home/airflow/.local/lib/python3.7/site-packages/airflow/example_dags/example_task_group_decorator.py took 0.112 seconds
[2024-07-01T17:24:18.984+0000] {processor.py:154} INFO - Started process (PID=2554) to work on /home/airflow/.local/lib/python3.7/site-packages/airflow/example_dags/example_task_group_decorator.py
[2024-07-01T17:24:18.985+0000] {processor.py:756} INFO - Processing file /home/airflow/.local/lib/python3.7/site-packages/airflow/example_dags/example_task_group_decorator.py for tasks to queue
[2024-07-01T17:24:18.985+0000] {logging_mixin.py:120} INFO - [2024-07-01T17:24:18.985+0000] {dagbag.py:537} INFO - Filling up the DagBag from /home/airflow/.local/lib/python3.7/site-packages/airflow/example_dags/example_task_group_decorator.py
[2024-07-01T17:24:19.011+0000] {processor.py:766} INFO - DAG(s) dict_keys(['example_task_group_decorator']) retrieved from /home/airflow/.local/lib/python3.7/site-packages/airflow/example_dags/example_task_group_decorator.py
[2024-07-01T17:24:19.047+0000] {logging_mixin.py:120} INFO - [2024-07-01T17:24:19.047+0000] {dag.py:2585} INFO - Sync 1 DAGs
[2024-07-01T17:24:19.071+0000] {logging_mixin.py:120} INFO - [2024-07-01T17:24:19.071+0000] {dag.py:3340} INFO - Setting next_dagrun for example_task_group_decorator to 2024-06-30T17:24:19.071515+00:00, run_after=2024-07-01T17:24:19.071515+00:00
[2024-07-01T17:24:19.088+0000] {processor.py:176} INFO - Processing /home/airflow/.local/lib/python3.7/site-packages/airflow/example_dags/example_task_group_decorator.py took 0.107 seconds
[2024-07-01T17:24:49.848+0000] {processor.py:154} INFO - Started process (PID=2621) to work on /home/airflow/.local/lib/python3.7/site-packages/airflow/example_dags/example_task_group_decorator.py
[2024-07-01T17:24:49.849+0000] {processor.py:756} INFO - Processing file /home/airflow/.local/lib/python3.7/site-packages/airflow/example_dags/example_task_group_decorator.py for tasks to queue
[2024-07-01T17:24:49.850+0000] {logging_mixin.py:120} INFO - [2024-07-01T17:24:49.850+0000] {dagbag.py:537} INFO - Filling up the DagBag from /home/airflow/.local/lib/python3.7/site-packages/airflow/example_dags/example_task_group_decorator.py
[2024-07-01T17:24:49.876+0000] {processor.py:766} INFO - DAG(s) dict_keys(['example_task_group_decorator']) retrieved from /home/airflow/.local/lib/python3.7/site-packages/airflow/example_dags/example_task_group_decorator.py
[2024-07-01T17:24:49.914+0000] {logging_mixin.py:120} INFO - [2024-07-01T17:24:49.914+0000] {dag.py:2585} INFO - Sync 1 DAGs
[2024-07-01T17:24:49.939+0000] {logging_mixin.py:120} INFO - [2024-07-01T17:24:49.939+0000] {dag.py:3340} INFO - Setting next_dagrun for example_task_group_decorator to 2024-06-30T17:24:49.939242+00:00, run_after=2024-07-01T17:24:49.939242+00:00
[2024-07-01T17:24:49.957+0000] {processor.py:176} INFO - Processing /home/airflow/.local/lib/python3.7/site-packages/airflow/example_dags/example_task_group_decorator.py took 0.113 seconds
[2024-07-01T17:25:20.897+0000] {processor.py:154} INFO - Started process (PID=2679) to work on /home/airflow/.local/lib/python3.7/site-packages/airflow/example_dags/example_task_group_decorator.py
[2024-07-01T17:25:20.898+0000] {processor.py:756} INFO - Processing file /home/airflow/.local/lib/python3.7/site-packages/airflow/example_dags/example_task_group_decorator.py for tasks to queue
[2024-07-01T17:25:20.898+0000] {logging_mixin.py:120} INFO - [2024-07-01T17:25:20.898+0000] {dagbag.py:537} INFO - Filling up the DagBag from /home/airflow/.local/lib/python3.7/site-packages/airflow/example_dags/example_task_group_decorator.py
[2024-07-01T17:25:20.925+0000] {processor.py:766} INFO - DAG(s) dict_keys(['example_task_group_decorator']) retrieved from /home/airflow/.local/lib/python3.7/site-packages/airflow/example_dags/example_task_group_decorator.py
[2024-07-01T17:25:20.962+0000] {logging_mixin.py:120} INFO - [2024-07-01T17:25:20.962+0000] {dag.py:2585} INFO - Sync 1 DAGs
[2024-07-01T17:25:20.985+0000] {logging_mixin.py:120} INFO - [2024-07-01T17:25:20.985+0000] {dag.py:3340} INFO - Setting next_dagrun for example_task_group_decorator to 2024-06-30T17:25:20.984869+00:00, run_after=2024-07-01T17:25:20.984869+00:00
[2024-07-01T17:25:21.002+0000] {processor.py:176} INFO - Processing /home/airflow/.local/lib/python3.7/site-packages/airflow/example_dags/example_task_group_decorator.py took 0.108 seconds
[2024-07-01T17:25:51.820+0000] {processor.py:154} INFO - Started process (PID=2746) to work on /home/airflow/.local/lib/python3.7/site-packages/airflow/example_dags/example_task_group_decorator.py
[2024-07-01T17:25:51.822+0000] {processor.py:756} INFO - Processing file /home/airflow/.local/lib/python3.7/site-packages/airflow/example_dags/example_task_group_decorator.py for tasks to queue
[2024-07-01T17:25:51.822+0000] {logging_mixin.py:120} INFO - [2024-07-01T17:25:51.822+0000] {dagbag.py:537} INFO - Filling up the DagBag from /home/airflow/.local/lib/python3.7/site-packages/airflow/example_dags/example_task_group_decorator.py
[2024-07-01T17:25:51.850+0000] {processor.py:766} INFO - DAG(s) dict_keys(['example_task_group_decorator']) retrieved from /home/airflow/.local/lib/python3.7/site-packages/airflow/example_dags/example_task_group_decorator.py
[2024-07-01T17:25:51.887+0000] {logging_mixin.py:120} INFO - [2024-07-01T17:25:51.887+0000] {dag.py:2585} INFO - Sync 1 DAGs
[2024-07-01T17:25:51.910+0000] {logging_mixin.py:120} INFO - [2024-07-01T17:25:51.910+0000] {dag.py:3340} INFO - Setting next_dagrun for example_task_group_decorator to 2024-06-30T17:25:51.909999+00:00, run_after=2024-07-01T17:25:51.909999+00:00
[2024-07-01T17:25:51.927+0000] {processor.py:176} INFO - Processing /home/airflow/.local/lib/python3.7/site-packages/airflow/example_dags/example_task_group_decorator.py took 0.111 seconds
[2024-07-01T17:26:22.386+0000] {processor.py:154} INFO - Started process (PID=2813) to work on /home/airflow/.local/lib/python3.7/site-packages/airflow/example_dags/example_task_group_decorator.py
[2024-07-01T17:26:22.386+0000] {processor.py:756} INFO - Processing file /home/airflow/.local/lib/python3.7/site-packages/airflow/example_dags/example_task_group_decorator.py for tasks to queue
[2024-07-01T17:26:22.387+0000] {logging_mixin.py:120} INFO - [2024-07-01T17:26:22.387+0000] {dagbag.py:537} INFO - Filling up the DagBag from /home/airflow/.local/lib/python3.7/site-packages/airflow/example_dags/example_task_group_decorator.py
[2024-07-01T17:26:22.410+0000] {processor.py:766} INFO - DAG(s) dict_keys(['example_task_group_decorator']) retrieved from /home/airflow/.local/lib/python3.7/site-packages/airflow/example_dags/example_task_group_decorator.py
[2024-07-01T17:26:22.446+0000] {logging_mixin.py:120} INFO - [2024-07-01T17:26:22.446+0000] {dag.py:2585} INFO - Sync 1 DAGs
[2024-07-01T17:26:22.467+0000] {logging_mixin.py:120} INFO - [2024-07-01T17:26:22.467+0000] {dag.py:3340} INFO - Setting next_dagrun for example_task_group_decorator to 2024-06-30T17:26:22.467461+00:00, run_after=2024-07-01T17:26:22.467461+00:00
[2024-07-01T17:26:22.482+0000] {processor.py:176} INFO - Processing /home/airflow/.local/lib/python3.7/site-packages/airflow/example_dags/example_task_group_decorator.py took 0.101 seconds
[2024-07-01T17:26:52.988+0000] {processor.py:154} INFO - Started process (PID=2880) to work on /home/airflow/.local/lib/python3.7/site-packages/airflow/example_dags/example_task_group_decorator.py
[2024-07-01T17:26:52.989+0000] {processor.py:756} INFO - Processing file /home/airflow/.local/lib/python3.7/site-packages/airflow/example_dags/example_task_group_decorator.py for tasks to queue
[2024-07-01T17:26:52.990+0000] {logging_mixin.py:120} INFO - [2024-07-01T17:26:52.990+0000] {dagbag.py:537} INFO - Filling up the DagBag from /home/airflow/.local/lib/python3.7/site-packages/airflow/example_dags/example_task_group_decorator.py
[2024-07-01T17:26:53.014+0000] {processor.py:766} INFO - DAG(s) dict_keys(['example_task_group_decorator']) retrieved from /home/airflow/.local/lib/python3.7/site-packages/airflow/example_dags/example_task_group_decorator.py
[2024-07-01T17:26:53.050+0000] {logging_mixin.py:120} INFO - [2024-07-01T17:26:53.049+0000] {dag.py:2585} INFO - Sync 1 DAGs
[2024-07-01T17:26:53.071+0000] {logging_mixin.py:120} INFO - [2024-07-01T17:26:53.071+0000] {dag.py:3340} INFO - Setting next_dagrun for example_task_group_decorator to 2024-06-30T17:26:53.071207+00:00, run_after=2024-07-01T17:26:53.071207+00:00
[2024-07-01T17:26:53.087+0000] {processor.py:176} INFO - Processing /home/airflow/.local/lib/python3.7/site-packages/airflow/example_dags/example_task_group_decorator.py took 0.102 seconds
[2024-07-01T17:27:23.557+0000] {processor.py:154} INFO - Started process (PID=2947) to work on /home/airflow/.local/lib/python3.7/site-packages/airflow/example_dags/example_task_group_decorator.py
[2024-07-01T17:27:23.558+0000] {processor.py:756} INFO - Processing file /home/airflow/.local/lib/python3.7/site-packages/airflow/example_dags/example_task_group_decorator.py for tasks to queue
[2024-07-01T17:27:23.559+0000] {logging_mixin.py:120} INFO - [2024-07-01T17:27:23.559+0000] {dagbag.py:537} INFO - Filling up the DagBag from /home/airflow/.local/lib/python3.7/site-packages/airflow/example_dags/example_task_group_decorator.py
[2024-07-01T17:27:23.585+0000] {processor.py:766} INFO - DAG(s) dict_keys(['example_task_group_decorator']) retrieved from /home/airflow/.local/lib/python3.7/site-packages/airflow/example_dags/example_task_group_decorator.py
[2024-07-01T17:27:23.620+0000] {logging_mixin.py:120} INFO - [2024-07-01T17:27:23.620+0000] {dag.py:2585} INFO - Sync 1 DAGs
[2024-07-01T17:27:23.641+0000] {logging_mixin.py:120} INFO - [2024-07-01T17:27:23.641+0000] {dag.py:3340} INFO - Setting next_dagrun for example_task_group_decorator to 2024-06-30T17:27:23.641402+00:00, run_after=2024-07-01T17:27:23.641402+00:00
[2024-07-01T17:27:23.657+0000] {processor.py:176} INFO - Processing /home/airflow/.local/lib/python3.7/site-packages/airflow/example_dags/example_task_group_decorator.py took 0.102 seconds
[2024-07-01T17:27:54.067+0000] {processor.py:154} INFO - Started process (PID=3005) to work on /home/airflow/.local/lib/python3.7/site-packages/airflow/example_dags/example_task_group_decorator.py
[2024-07-01T17:27:54.068+0000] {processor.py:756} INFO - Processing file /home/airflow/.local/lib/python3.7/site-packages/airflow/example_dags/example_task_group_decorator.py for tasks to queue
[2024-07-01T17:27:54.069+0000] {logging_mixin.py:120} INFO - [2024-07-01T17:27:54.069+0000] {dagbag.py:537} INFO - Filling up the DagBag from /home/airflow/.local/lib/python3.7/site-packages/airflow/example_dags/example_task_group_decorator.py
[2024-07-01T17:27:54.093+0000] {processor.py:766} INFO - DAG(s) dict_keys(['example_task_group_decorator']) retrieved from /home/airflow/.local/lib/python3.7/site-packages/airflow/example_dags/example_task_group_decorator.py
[2024-07-01T17:27:54.129+0000] {logging_mixin.py:120} INFO - [2024-07-01T17:27:54.129+0000] {dag.py:2585} INFO - Sync 1 DAGs
[2024-07-01T17:27:54.151+0000] {logging_mixin.py:120} INFO - [2024-07-01T17:27:54.151+0000] {dag.py:3340} INFO - Setting next_dagrun for example_task_group_decorator to 2024-06-30T17:27:54.151026+00:00, run_after=2024-07-01T17:27:54.151026+00:00
[2024-07-01T17:27:54.168+0000] {processor.py:176} INFO - Processing /home/airflow/.local/lib/python3.7/site-packages/airflow/example_dags/example_task_group_decorator.py took 0.103 seconds
[2024-07-01T17:28:24.491+0000] {processor.py:154} INFO - Started process (PID=3072) to work on /home/airflow/.local/lib/python3.7/site-packages/airflow/example_dags/example_task_group_decorator.py
[2024-07-01T17:28:24.492+0000] {processor.py:756} INFO - Processing file /home/airflow/.local/lib/python3.7/site-packages/airflow/example_dags/example_task_group_decorator.py for tasks to queue
[2024-07-01T17:28:24.493+0000] {logging_mixin.py:120} INFO - [2024-07-01T17:28:24.492+0000] {dagbag.py:537} INFO - Filling up the DagBag from /home/airflow/.local/lib/python3.7/site-packages/airflow/example_dags/example_task_group_decorator.py
[2024-07-01T17:28:24.517+0000] {processor.py:766} INFO - DAG(s) dict_keys(['example_task_group_decorator']) retrieved from /home/airflow/.local/lib/python3.7/site-packages/airflow/example_dags/example_task_group_decorator.py
[2024-07-01T17:28:24.553+0000] {logging_mixin.py:120} INFO - [2024-07-01T17:28:24.553+0000] {dag.py:2585} INFO - Sync 1 DAGs
[2024-07-01T17:28:24.578+0000] {logging_mixin.py:120} INFO - [2024-07-01T17:28:24.578+0000] {dag.py:3340} INFO - Setting next_dagrun for example_task_group_decorator to 2024-06-30T17:28:24.577956+00:00, run_after=2024-07-01T17:28:24.577956+00:00
[2024-07-01T17:28:24.593+0000] {processor.py:176} INFO - Processing /home/airflow/.local/lib/python3.7/site-packages/airflow/example_dags/example_task_group_decorator.py took 0.106 seconds
[2024-07-01T17:34:07.641+0000] {processor.py:154} INFO - Started process (PID=64) to work on /home/airflow/.local/lib/python3.7/site-packages/airflow/example_dags/example_task_group_decorator.py
[2024-07-01T17:34:07.643+0000] {processor.py:756} INFO - Processing file /home/airflow/.local/lib/python3.7/site-packages/airflow/example_dags/example_task_group_decorator.py for tasks to queue
[2024-07-01T17:34:07.645+0000] {logging_mixin.py:120} INFO - [2024-07-01T17:34:07.645+0000] {dagbag.py:537} INFO - Filling up the DagBag from /home/airflow/.local/lib/python3.7/site-packages/airflow/example_dags/example_task_group_decorator.py
[2024-07-01T17:34:07.695+0000] {processor.py:766} INFO - DAG(s) dict_keys(['example_task_group_decorator']) retrieved from /home/airflow/.local/lib/python3.7/site-packages/airflow/example_dags/example_task_group_decorator.py
[2024-07-01T17:34:07.763+0000] {logging_mixin.py:120} INFO - [2024-07-01T17:34:07.763+0000] {dag.py:2585} INFO - Sync 1 DAGs
[2024-07-01T17:34:07.800+0000] {logging_mixin.py:120} INFO - [2024-07-01T17:34:07.800+0000] {dag.py:3340} INFO - Setting next_dagrun for example_task_group_decorator to 2024-06-30T17:34:07.800453+00:00, run_after=2024-07-01T17:34:07.800453+00:00
[2024-07-01T17:34:07.830+0000] {processor.py:176} INFO - Processing /home/airflow/.local/lib/python3.7/site-packages/airflow/example_dags/example_task_group_decorator.py took 0.196 seconds
