[2024-07-01T17:04:52.289+0000] {processor.py:154} INFO - Started process (PID=71) to work on /home/airflow/.local/lib/python3.7/site-packages/airflow/example_dags/example_xcomargs.py
[2024-07-01T17:04:52.292+0000] {processor.py:756} INFO - Processing file /home/airflow/.local/lib/python3.7/site-packages/airflow/example_dags/example_xcomargs.py for tasks to queue
[2024-07-01T17:04:52.294+0000] {logging_mixin.py:120} INFO - [2024-07-01T17:04:52.293+0000] {dagbag.py:537} INFO - Filling up the DagBag from /home/airflow/.local/lib/python3.7/site-packages/airflow/example_dags/example_xcomargs.py
[2024-07-01T17:04:52.354+0000] {processor.py:766} INFO - DAG(s) dict_keys(['example_xcom_args_with_operators', 'example_xcom_args']) retrieved from /home/airflow/.local/lib/python3.7/site-packages/airflow/example_dags/example_xcomargs.py
[2024-07-01T17:04:52.431+0000] {logging_mixin.py:120} INFO - [2024-07-01T17:04:52.431+0000] {dag.py:2585} INFO - Sync 2 DAGs
[2024-07-01T17:04:52.485+0000] {logging_mixin.py:120} INFO - [2024-07-01T17:04:52.485+0000] {dag.py:3340} INFO - Setting next_dagrun for example_xcom_args to None, run_after=None
[2024-07-01T17:04:52.492+0000] {logging_mixin.py:120} INFO - [2024-07-01T17:04:52.492+0000] {dag.py:3340} INFO - Setting next_dagrun for example_xcom_args_with_operators to None, run_after=None
[2024-07-01T17:04:52.524+0000] {processor.py:176} INFO - Processing /home/airflow/.local/lib/python3.7/site-packages/airflow/example_dags/example_xcomargs.py took 0.242 seconds
[2024-07-01T17:05:22.941+0000] {processor.py:154} INFO - Started process (PID=141) to work on /home/airflow/.local/lib/python3.7/site-packages/airflow/example_dags/example_xcomargs.py
[2024-07-01T17:05:22.942+0000] {processor.py:756} INFO - Processing file /home/airflow/.local/lib/python3.7/site-packages/airflow/example_dags/example_xcomargs.py for tasks to queue
[2024-07-01T17:05:22.942+0000] {logging_mixin.py:120} INFO - [2024-07-01T17:05:22.942+0000] {dagbag.py:537} INFO - Filling up the DagBag from /home/airflow/.local/lib/python3.7/site-packages/airflow/example_dags/example_xcomargs.py
[2024-07-01T17:05:22.964+0000] {processor.py:766} INFO - DAG(s) dict_keys(['example_xcom_args_with_operators', 'example_xcom_args']) retrieved from /home/airflow/.local/lib/python3.7/site-packages/airflow/example_dags/example_xcomargs.py
[2024-07-01T17:05:23.003+0000] {logging_mixin.py:120} INFO - [2024-07-01T17:05:23.003+0000] {dag.py:2585} INFO - Sync 2 DAGs
[2024-07-01T17:05:23.026+0000] {logging_mixin.py:120} INFO - [2024-07-01T17:05:23.026+0000] {dag.py:3340} INFO - Setting next_dagrun for example_xcom_args to None, run_after=None
[2024-07-01T17:05:23.030+0000] {logging_mixin.py:120} INFO - [2024-07-01T17:05:23.030+0000] {dag.py:3340} INFO - Setting next_dagrun for example_xcom_args_with_operators to None, run_after=None
[2024-07-01T17:05:23.045+0000] {processor.py:176} INFO - Processing /home/airflow/.local/lib/python3.7/site-packages/airflow/example_dags/example_xcomargs.py took 0.107 seconds
[2024-07-01T17:05:53.781+0000] {processor.py:154} INFO - Started process (PID=208) to work on /home/airflow/.local/lib/python3.7/site-packages/airflow/example_dags/example_xcomargs.py
[2024-07-01T17:05:53.782+0000] {processor.py:756} INFO - Processing file /home/airflow/.local/lib/python3.7/site-packages/airflow/example_dags/example_xcomargs.py for tasks to queue
[2024-07-01T17:05:53.783+0000] {logging_mixin.py:120} INFO - [2024-07-01T17:05:53.782+0000] {dagbag.py:537} INFO - Filling up the DagBag from /home/airflow/.local/lib/python3.7/site-packages/airflow/example_dags/example_xcomargs.py
[2024-07-01T17:05:53.803+0000] {processor.py:766} INFO - DAG(s) dict_keys(['example_xcom_args', 'example_xcom_args_with_operators']) retrieved from /home/airflow/.local/lib/python3.7/site-packages/airflow/example_dags/example_xcomargs.py
[2024-07-01T17:05:53.841+0000] {logging_mixin.py:120} INFO - [2024-07-01T17:05:53.841+0000] {dag.py:2585} INFO - Sync 2 DAGs
[2024-07-01T17:05:53.865+0000] {logging_mixin.py:120} INFO - [2024-07-01T17:05:53.865+0000] {dag.py:3340} INFO - Setting next_dagrun for example_xcom_args to None, run_after=None
[2024-07-01T17:05:53.869+0000] {logging_mixin.py:120} INFO - [2024-07-01T17:05:53.868+0000] {dag.py:3340} INFO - Setting next_dagrun for example_xcom_args_with_operators to None, run_after=None
[2024-07-01T17:05:53.883+0000] {processor.py:176} INFO - Processing /home/airflow/.local/lib/python3.7/site-packages/airflow/example_dags/example_xcomargs.py took 0.105 seconds
[2024-07-01T17:06:24.612+0000] {processor.py:154} INFO - Started process (PID=275) to work on /home/airflow/.local/lib/python3.7/site-packages/airflow/example_dags/example_xcomargs.py
[2024-07-01T17:06:24.613+0000] {processor.py:756} INFO - Processing file /home/airflow/.local/lib/python3.7/site-packages/airflow/example_dags/example_xcomargs.py for tasks to queue
[2024-07-01T17:06:24.614+0000] {logging_mixin.py:120} INFO - [2024-07-01T17:06:24.614+0000] {dagbag.py:537} INFO - Filling up the DagBag from /home/airflow/.local/lib/python3.7/site-packages/airflow/example_dags/example_xcomargs.py
[2024-07-01T17:06:24.634+0000] {processor.py:766} INFO - DAG(s) dict_keys(['example_xcom_args', 'example_xcom_args_with_operators']) retrieved from /home/airflow/.local/lib/python3.7/site-packages/airflow/example_dags/example_xcomargs.py
[2024-07-01T17:06:24.671+0000] {logging_mixin.py:120} INFO - [2024-07-01T17:06:24.671+0000] {dag.py:2585} INFO - Sync 2 DAGs
[2024-07-01T17:06:24.695+0000] {logging_mixin.py:120} INFO - [2024-07-01T17:06:24.695+0000] {dag.py:3340} INFO - Setting next_dagrun for example_xcom_args to None, run_after=None
[2024-07-01T17:06:24.699+0000] {logging_mixin.py:120} INFO - [2024-07-01T17:06:24.698+0000] {dag.py:3340} INFO - Setting next_dagrun for example_xcom_args_with_operators to None, run_after=None
[2024-07-01T17:06:24.714+0000] {processor.py:176} INFO - Processing /home/airflow/.local/lib/python3.7/site-packages/airflow/example_dags/example_xcomargs.py took 0.105 seconds
[2024-07-01T17:06:55.066+0000] {processor.py:154} INFO - Started process (PID=339) to work on /home/airflow/.local/lib/python3.7/site-packages/airflow/example_dags/example_xcomargs.py
[2024-07-01T17:06:55.068+0000] {processor.py:756} INFO - Processing file /home/airflow/.local/lib/python3.7/site-packages/airflow/example_dags/example_xcomargs.py for tasks to queue
[2024-07-01T17:06:55.068+0000] {logging_mixin.py:120} INFO - [2024-07-01T17:06:55.068+0000] {dagbag.py:537} INFO - Filling up the DagBag from /home/airflow/.local/lib/python3.7/site-packages/airflow/example_dags/example_xcomargs.py
[2024-07-01T17:06:55.091+0000] {processor.py:766} INFO - DAG(s) dict_keys(['example_xcom_args_with_operators', 'example_xcom_args']) retrieved from /home/airflow/.local/lib/python3.7/site-packages/airflow/example_dags/example_xcomargs.py
[2024-07-01T17:06:55.134+0000] {logging_mixin.py:120} INFO - [2024-07-01T17:06:55.134+0000] {dag.py:2585} INFO - Sync 2 DAGs
[2024-07-01T17:06:55.162+0000] {logging_mixin.py:120} INFO - [2024-07-01T17:06:55.161+0000] {dag.py:3340} INFO - Setting next_dagrun for example_xcom_args to None, run_after=None
[2024-07-01T17:06:55.167+0000] {logging_mixin.py:120} INFO - [2024-07-01T17:06:55.167+0000] {dag.py:3340} INFO - Setting next_dagrun for example_xcom_args_with_operators to None, run_after=None
[2024-07-01T17:06:55.184+0000] {processor.py:176} INFO - Processing /home/airflow/.local/lib/python3.7/site-packages/airflow/example_dags/example_xcomargs.py took 0.123 seconds
[2024-07-01T17:07:25.248+0000] {processor.py:154} INFO - Started process (PID=401) to work on /home/airflow/.local/lib/python3.7/site-packages/airflow/example_dags/example_xcomargs.py
[2024-07-01T17:07:25.249+0000] {processor.py:756} INFO - Processing file /home/airflow/.local/lib/python3.7/site-packages/airflow/example_dags/example_xcomargs.py for tasks to queue
[2024-07-01T17:07:25.250+0000] {logging_mixin.py:120} INFO - [2024-07-01T17:07:25.250+0000] {dagbag.py:537} INFO - Filling up the DagBag from /home/airflow/.local/lib/python3.7/site-packages/airflow/example_dags/example_xcomargs.py
[2024-07-01T17:07:25.270+0000] {processor.py:766} INFO - DAG(s) dict_keys(['example_xcom_args_with_operators', 'example_xcom_args']) retrieved from /home/airflow/.local/lib/python3.7/site-packages/airflow/example_dags/example_xcomargs.py
[2024-07-01T17:07:25.308+0000] {logging_mixin.py:120} INFO - [2024-07-01T17:07:25.308+0000] {dag.py:2585} INFO - Sync 2 DAGs
[2024-07-01T17:07:25.330+0000] {logging_mixin.py:120} INFO - [2024-07-01T17:07:25.330+0000] {dag.py:3340} INFO - Setting next_dagrun for example_xcom_args to None, run_after=None
[2024-07-01T17:07:25.333+0000] {logging_mixin.py:120} INFO - [2024-07-01T17:07:25.333+0000] {dag.py:3340} INFO - Setting next_dagrun for example_xcom_args_with_operators to None, run_after=None
[2024-07-01T17:07:25.349+0000] {processor.py:176} INFO - Processing /home/airflow/.local/lib/python3.7/site-packages/airflow/example_dags/example_xcomargs.py took 0.104 seconds
[2024-07-01T17:07:56.183+0000] {processor.py:154} INFO - Started process (PID=468) to work on /home/airflow/.local/lib/python3.7/site-packages/airflow/example_dags/example_xcomargs.py
[2024-07-01T17:07:56.184+0000] {processor.py:756} INFO - Processing file /home/airflow/.local/lib/python3.7/site-packages/airflow/example_dags/example_xcomargs.py for tasks to queue
[2024-07-01T17:07:56.185+0000] {logging_mixin.py:120} INFO - [2024-07-01T17:07:56.185+0000] {dagbag.py:537} INFO - Filling up the DagBag from /home/airflow/.local/lib/python3.7/site-packages/airflow/example_dags/example_xcomargs.py
[2024-07-01T17:07:56.208+0000] {processor.py:766} INFO - DAG(s) dict_keys(['example_xcom_args_with_operators', 'example_xcom_args']) retrieved from /home/airflow/.local/lib/python3.7/site-packages/airflow/example_dags/example_xcomargs.py
[2024-07-01T17:07:56.248+0000] {logging_mixin.py:120} INFO - [2024-07-01T17:07:56.248+0000] {dag.py:2585} INFO - Sync 2 DAGs
[2024-07-01T17:07:56.272+0000] {logging_mixin.py:120} INFO - [2024-07-01T17:07:56.272+0000] {dag.py:3340} INFO - Setting next_dagrun for example_xcom_args to None, run_after=None
[2024-07-01T17:07:56.275+0000] {logging_mixin.py:120} INFO - [2024-07-01T17:07:56.275+0000] {dag.py:3340} INFO - Setting next_dagrun for example_xcom_args_with_operators to None, run_after=None
[2024-07-01T17:07:56.290+0000] {processor.py:176} INFO - Processing /home/airflow/.local/lib/python3.7/site-packages/airflow/example_dags/example_xcomargs.py took 0.110 seconds
[2024-07-01T17:08:26.832+0000] {processor.py:154} INFO - Started process (PID=536) to work on /home/airflow/.local/lib/python3.7/site-packages/airflow/example_dags/example_xcomargs.py
[2024-07-01T17:08:26.833+0000] {processor.py:756} INFO - Processing file /home/airflow/.local/lib/python3.7/site-packages/airflow/example_dags/example_xcomargs.py for tasks to queue
[2024-07-01T17:08:26.834+0000] {logging_mixin.py:120} INFO - [2024-07-01T17:08:26.834+0000] {dagbag.py:537} INFO - Filling up the DagBag from /home/airflow/.local/lib/python3.7/site-packages/airflow/example_dags/example_xcomargs.py
[2024-07-01T17:08:26.856+0000] {processor.py:766} INFO - DAG(s) dict_keys(['example_xcom_args', 'example_xcom_args_with_operators']) retrieved from /home/airflow/.local/lib/python3.7/site-packages/airflow/example_dags/example_xcomargs.py
[2024-07-01T17:08:26.894+0000] {logging_mixin.py:120} INFO - [2024-07-01T17:08:26.894+0000] {dag.py:2585} INFO - Sync 2 DAGs
[2024-07-01T17:08:26.918+0000] {logging_mixin.py:120} INFO - [2024-07-01T17:08:26.918+0000] {dag.py:3340} INFO - Setting next_dagrun for example_xcom_args to None, run_after=None
[2024-07-01T17:08:26.922+0000] {logging_mixin.py:120} INFO - [2024-07-01T17:08:26.922+0000] {dag.py:3340} INFO - Setting next_dagrun for example_xcom_args_with_operators to None, run_after=None
[2024-07-01T17:08:26.937+0000] {processor.py:176} INFO - Processing /home/airflow/.local/lib/python3.7/site-packages/airflow/example_dags/example_xcomargs.py took 0.108 seconds
[2024-07-01T17:08:57.509+0000] {processor.py:154} INFO - Started process (PID=603) to work on /home/airflow/.local/lib/python3.7/site-packages/airflow/example_dags/example_xcomargs.py
[2024-07-01T17:08:57.510+0000] {processor.py:756} INFO - Processing file /home/airflow/.local/lib/python3.7/site-packages/airflow/example_dags/example_xcomargs.py for tasks to queue
[2024-07-01T17:08:57.511+0000] {logging_mixin.py:120} INFO - [2024-07-01T17:08:57.511+0000] {dagbag.py:537} INFO - Filling up the DagBag from /home/airflow/.local/lib/python3.7/site-packages/airflow/example_dags/example_xcomargs.py
[2024-07-01T17:08:57.533+0000] {processor.py:766} INFO - DAG(s) dict_keys(['example_xcom_args_with_operators', 'example_xcom_args']) retrieved from /home/airflow/.local/lib/python3.7/site-packages/airflow/example_dags/example_xcomargs.py
[2024-07-01T17:08:57.573+0000] {logging_mixin.py:120} INFO - [2024-07-01T17:08:57.573+0000] {dag.py:2585} INFO - Sync 2 DAGs
[2024-07-01T17:08:57.600+0000] {logging_mixin.py:120} INFO - [2024-07-01T17:08:57.600+0000] {dag.py:3340} INFO - Setting next_dagrun for example_xcom_args to None, run_after=None
[2024-07-01T17:08:57.604+0000] {logging_mixin.py:120} INFO - [2024-07-01T17:08:57.604+0000] {dag.py:3340} INFO - Setting next_dagrun for example_xcom_args_with_operators to None, run_after=None
[2024-07-01T17:08:57.620+0000] {processor.py:176} INFO - Processing /home/airflow/.local/lib/python3.7/site-packages/airflow/example_dags/example_xcomargs.py took 0.115 seconds
[2024-07-01T17:09:28.168+0000] {processor.py:154} INFO - Started process (PID=661) to work on /home/airflow/.local/lib/python3.7/site-packages/airflow/example_dags/example_xcomargs.py
[2024-07-01T17:09:28.169+0000] {processor.py:756} INFO - Processing file /home/airflow/.local/lib/python3.7/site-packages/airflow/example_dags/example_xcomargs.py for tasks to queue
[2024-07-01T17:09:28.170+0000] {logging_mixin.py:120} INFO - [2024-07-01T17:09:28.170+0000] {dagbag.py:537} INFO - Filling up the DagBag from /home/airflow/.local/lib/python3.7/site-packages/airflow/example_dags/example_xcomargs.py
[2024-07-01T17:09:28.190+0000] {processor.py:766} INFO - DAG(s) dict_keys(['example_xcom_args', 'example_xcom_args_with_operators']) retrieved from /home/airflow/.local/lib/python3.7/site-packages/airflow/example_dags/example_xcomargs.py
[2024-07-01T17:09:28.229+0000] {logging_mixin.py:120} INFO - [2024-07-01T17:09:28.229+0000] {dag.py:2585} INFO - Sync 2 DAGs
[2024-07-01T17:09:28.252+0000] {logging_mixin.py:120} INFO - [2024-07-01T17:09:28.252+0000] {dag.py:3340} INFO - Setting next_dagrun for example_xcom_args to None, run_after=None
[2024-07-01T17:09:28.255+0000] {logging_mixin.py:120} INFO - [2024-07-01T17:09:28.255+0000] {dag.py:3340} INFO - Setting next_dagrun for example_xcom_args_with_operators to None, run_after=None
[2024-07-01T17:09:28.269+0000] {processor.py:176} INFO - Processing /home/airflow/.local/lib/python3.7/site-packages/airflow/example_dags/example_xcomargs.py took 0.105 seconds
[2024-07-01T17:09:58.974+0000] {processor.py:154} INFO - Started process (PID=729) to work on /home/airflow/.local/lib/python3.7/site-packages/airflow/example_dags/example_xcomargs.py
[2024-07-01T17:09:58.975+0000] {processor.py:756} INFO - Processing file /home/airflow/.local/lib/python3.7/site-packages/airflow/example_dags/example_xcomargs.py for tasks to queue
[2024-07-01T17:09:58.975+0000] {logging_mixin.py:120} INFO - [2024-07-01T17:09:58.975+0000] {dagbag.py:537} INFO - Filling up the DagBag from /home/airflow/.local/lib/python3.7/site-packages/airflow/example_dags/example_xcomargs.py
[2024-07-01T17:09:58.996+0000] {processor.py:766} INFO - DAG(s) dict_keys(['example_xcom_args', 'example_xcom_args_with_operators']) retrieved from /home/airflow/.local/lib/python3.7/site-packages/airflow/example_dags/example_xcomargs.py
[2024-07-01T17:09:59.036+0000] {logging_mixin.py:120} INFO - [2024-07-01T17:09:59.036+0000] {dag.py:2585} INFO - Sync 2 DAGs
[2024-07-01T17:09:59.060+0000] {logging_mixin.py:120} INFO - [2024-07-01T17:09:59.059+0000] {dag.py:3340} INFO - Setting next_dagrun for example_xcom_args to None, run_after=None
[2024-07-01T17:09:59.063+0000] {logging_mixin.py:120} INFO - [2024-07-01T17:09:59.063+0000] {dag.py:3340} INFO - Setting next_dagrun for example_xcom_args_with_operators to None, run_after=None
[2024-07-01T17:09:59.078+0000] {processor.py:176} INFO - Processing /home/airflow/.local/lib/python3.7/site-packages/airflow/example_dags/example_xcomargs.py took 0.107 seconds
[2024-07-01T17:10:29.841+0000] {processor.py:154} INFO - Started process (PID=796) to work on /home/airflow/.local/lib/python3.7/site-packages/airflow/example_dags/example_xcomargs.py
[2024-07-01T17:10:29.842+0000] {processor.py:756} INFO - Processing file /home/airflow/.local/lib/python3.7/site-packages/airflow/example_dags/example_xcomargs.py for tasks to queue
[2024-07-01T17:10:29.843+0000] {logging_mixin.py:120} INFO - [2024-07-01T17:10:29.843+0000] {dagbag.py:537} INFO - Filling up the DagBag from /home/airflow/.local/lib/python3.7/site-packages/airflow/example_dags/example_xcomargs.py
[2024-07-01T17:10:29.863+0000] {processor.py:766} INFO - DAG(s) dict_keys(['example_xcom_args_with_operators', 'example_xcom_args']) retrieved from /home/airflow/.local/lib/python3.7/site-packages/airflow/example_dags/example_xcomargs.py
[2024-07-01T17:10:29.901+0000] {logging_mixin.py:120} INFO - [2024-07-01T17:10:29.901+0000] {dag.py:2585} INFO - Sync 2 DAGs
[2024-07-01T17:10:29.924+0000] {logging_mixin.py:120} INFO - [2024-07-01T17:10:29.924+0000] {dag.py:3340} INFO - Setting next_dagrun for example_xcom_args to None, run_after=None
[2024-07-01T17:10:29.927+0000] {logging_mixin.py:120} INFO - [2024-07-01T17:10:29.927+0000] {dag.py:3340} INFO - Setting next_dagrun for example_xcom_args_with_operators to None, run_after=None
[2024-07-01T17:10:29.943+0000] {processor.py:176} INFO - Processing /home/airflow/.local/lib/python3.7/site-packages/airflow/example_dags/example_xcomargs.py took 0.105 seconds
[2024-07-01T17:11:00.468+0000] {processor.py:154} INFO - Started process (PID=863) to work on /home/airflow/.local/lib/python3.7/site-packages/airflow/example_dags/example_xcomargs.py
[2024-07-01T17:11:00.469+0000] {processor.py:756} INFO - Processing file /home/airflow/.local/lib/python3.7/site-packages/airflow/example_dags/example_xcomargs.py for tasks to queue
[2024-07-01T17:11:00.469+0000] {logging_mixin.py:120} INFO - [2024-07-01T17:11:00.469+0000] {dagbag.py:537} INFO - Filling up the DagBag from /home/airflow/.local/lib/python3.7/site-packages/airflow/example_dags/example_xcomargs.py
[2024-07-01T17:11:00.489+0000] {processor.py:766} INFO - DAG(s) dict_keys(['example_xcom_args_with_operators', 'example_xcom_args']) retrieved from /home/airflow/.local/lib/python3.7/site-packages/airflow/example_dags/example_xcomargs.py
[2024-07-01T17:11:00.525+0000] {logging_mixin.py:120} INFO - [2024-07-01T17:11:00.524+0000] {dag.py:2585} INFO - Sync 2 DAGs
[2024-07-01T17:11:00.547+0000] {logging_mixin.py:120} INFO - [2024-07-01T17:11:00.547+0000] {dag.py:3340} INFO - Setting next_dagrun for example_xcom_args to None, run_after=None
[2024-07-01T17:11:00.550+0000] {logging_mixin.py:120} INFO - [2024-07-01T17:11:00.550+0000] {dag.py:3340} INFO - Setting next_dagrun for example_xcom_args_with_operators to None, run_after=None
[2024-07-01T17:11:00.563+0000] {processor.py:176} INFO - Processing /home/airflow/.local/lib/python3.7/site-packages/airflow/example_dags/example_xcomargs.py took 0.098 seconds
[2024-07-01T17:11:31.279+0000] {processor.py:154} INFO - Started process (PID=921) to work on /home/airflow/.local/lib/python3.7/site-packages/airflow/example_dags/example_xcomargs.py
[2024-07-01T17:11:31.280+0000] {processor.py:756} INFO - Processing file /home/airflow/.local/lib/python3.7/site-packages/airflow/example_dags/example_xcomargs.py for tasks to queue
[2024-07-01T17:11:31.281+0000] {logging_mixin.py:120} INFO - [2024-07-01T17:11:31.281+0000] {dagbag.py:537} INFO - Filling up the DagBag from /home/airflow/.local/lib/python3.7/site-packages/airflow/example_dags/example_xcomargs.py
[2024-07-01T17:11:31.301+0000] {processor.py:766} INFO - DAG(s) dict_keys(['example_xcom_args', 'example_xcom_args_with_operators']) retrieved from /home/airflow/.local/lib/python3.7/site-packages/airflow/example_dags/example_xcomargs.py
[2024-07-01T17:11:31.339+0000] {logging_mixin.py:120} INFO - [2024-07-01T17:11:31.338+0000] {dag.py:2585} INFO - Sync 2 DAGs
[2024-07-01T17:11:31.360+0000] {logging_mixin.py:120} INFO - [2024-07-01T17:11:31.360+0000] {dag.py:3340} INFO - Setting next_dagrun for example_xcom_args to None, run_after=None
[2024-07-01T17:11:31.364+0000] {logging_mixin.py:120} INFO - [2024-07-01T17:11:31.363+0000] {dag.py:3340} INFO - Setting next_dagrun for example_xcom_args_with_operators to None, run_after=None
[2024-07-01T17:11:31.378+0000] {processor.py:176} INFO - Processing /home/airflow/.local/lib/python3.7/site-packages/airflow/example_dags/example_xcomargs.py took 0.102 seconds
[2024-07-01T17:12:02.004+0000] {processor.py:154} INFO - Started process (PID=988) to work on /home/airflow/.local/lib/python3.7/site-packages/airflow/example_dags/example_xcomargs.py
[2024-07-01T17:12:02.005+0000] {processor.py:756} INFO - Processing file /home/airflow/.local/lib/python3.7/site-packages/airflow/example_dags/example_xcomargs.py for tasks to queue
[2024-07-01T17:12:02.006+0000] {logging_mixin.py:120} INFO - [2024-07-01T17:12:02.005+0000] {dagbag.py:537} INFO - Filling up the DagBag from /home/airflow/.local/lib/python3.7/site-packages/airflow/example_dags/example_xcomargs.py
[2024-07-01T17:12:02.026+0000] {processor.py:766} INFO - DAG(s) dict_keys(['example_xcom_args', 'example_xcom_args_with_operators']) retrieved from /home/airflow/.local/lib/python3.7/site-packages/airflow/example_dags/example_xcomargs.py
[2024-07-01T17:12:02.063+0000] {logging_mixin.py:120} INFO - [2024-07-01T17:12:02.063+0000] {dag.py:2585} INFO - Sync 2 DAGs
[2024-07-01T17:12:02.085+0000] {logging_mixin.py:120} INFO - [2024-07-01T17:12:02.085+0000] {dag.py:3340} INFO - Setting next_dagrun for example_xcom_args to None, run_after=None
[2024-07-01T17:12:02.088+0000] {logging_mixin.py:120} INFO - [2024-07-01T17:12:02.088+0000] {dag.py:3340} INFO - Setting next_dagrun for example_xcom_args_with_operators to None, run_after=None
[2024-07-01T17:12:02.102+0000] {processor.py:176} INFO - Processing /home/airflow/.local/lib/python3.7/site-packages/airflow/example_dags/example_xcomargs.py took 0.101 seconds
[2024-07-01T17:12:32.511+0000] {processor.py:154} INFO - Started process (PID=1055) to work on /home/airflow/.local/lib/python3.7/site-packages/airflow/example_dags/example_xcomargs.py
[2024-07-01T17:12:32.512+0000] {processor.py:756} INFO - Processing file /home/airflow/.local/lib/python3.7/site-packages/airflow/example_dags/example_xcomargs.py for tasks to queue
[2024-07-01T17:12:32.513+0000] {logging_mixin.py:120} INFO - [2024-07-01T17:12:32.512+0000] {dagbag.py:537} INFO - Filling up the DagBag from /home/airflow/.local/lib/python3.7/site-packages/airflow/example_dags/example_xcomargs.py
[2024-07-01T17:12:32.533+0000] {processor.py:766} INFO - DAG(s) dict_keys(['example_xcom_args_with_operators', 'example_xcom_args']) retrieved from /home/airflow/.local/lib/python3.7/site-packages/airflow/example_dags/example_xcomargs.py
[2024-07-01T17:12:32.571+0000] {logging_mixin.py:120} INFO - [2024-07-01T17:12:32.571+0000] {dag.py:2585} INFO - Sync 2 DAGs
[2024-07-01T17:12:32.594+0000] {logging_mixin.py:120} INFO - [2024-07-01T17:12:32.594+0000] {dag.py:3340} INFO - Setting next_dagrun for example_xcom_args to None, run_after=None
[2024-07-01T17:12:32.598+0000] {logging_mixin.py:120} INFO - [2024-07-01T17:12:32.598+0000] {dag.py:3340} INFO - Setting next_dagrun for example_xcom_args_with_operators to None, run_after=None
[2024-07-01T17:12:32.612+0000] {processor.py:176} INFO - Processing /home/airflow/.local/lib/python3.7/site-packages/airflow/example_dags/example_xcomargs.py took 0.104 seconds
[2024-07-01T17:13:02.984+0000] {processor.py:154} INFO - Started process (PID=1122) to work on /home/airflow/.local/lib/python3.7/site-packages/airflow/example_dags/example_xcomargs.py
[2024-07-01T17:13:02.985+0000] {processor.py:756} INFO - Processing file /home/airflow/.local/lib/python3.7/site-packages/airflow/example_dags/example_xcomargs.py for tasks to queue
[2024-07-01T17:13:02.985+0000] {logging_mixin.py:120} INFO - [2024-07-01T17:13:02.985+0000] {dagbag.py:537} INFO - Filling up the DagBag from /home/airflow/.local/lib/python3.7/site-packages/airflow/example_dags/example_xcomargs.py
[2024-07-01T17:13:03.005+0000] {processor.py:766} INFO - DAG(s) dict_keys(['example_xcom_args', 'example_xcom_args_with_operators']) retrieved from /home/airflow/.local/lib/python3.7/site-packages/airflow/example_dags/example_xcomargs.py
[2024-07-01T17:13:03.042+0000] {logging_mixin.py:120} INFO - [2024-07-01T17:13:03.042+0000] {dag.py:2585} INFO - Sync 2 DAGs
[2024-07-01T17:13:03.067+0000] {logging_mixin.py:120} INFO - [2024-07-01T17:13:03.067+0000] {dag.py:3340} INFO - Setting next_dagrun for example_xcom_args to None, run_after=None
[2024-07-01T17:13:03.070+0000] {logging_mixin.py:120} INFO - [2024-07-01T17:13:03.070+0000] {dag.py:3340} INFO - Setting next_dagrun for example_xcom_args_with_operators to None, run_after=None
[2024-07-01T17:13:03.084+0000] {processor.py:176} INFO - Processing /home/airflow/.local/lib/python3.7/site-packages/airflow/example_dags/example_xcomargs.py took 0.104 seconds
[2024-07-01T17:13:33.652+0000] {processor.py:154} INFO - Started process (PID=1188) to work on /home/airflow/.local/lib/python3.7/site-packages/airflow/example_dags/example_xcomargs.py
[2024-07-01T17:13:33.654+0000] {processor.py:756} INFO - Processing file /home/airflow/.local/lib/python3.7/site-packages/airflow/example_dags/example_xcomargs.py for tasks to queue
[2024-07-01T17:13:33.656+0000] {logging_mixin.py:120} INFO - [2024-07-01T17:13:33.655+0000] {dagbag.py:537} INFO - Filling up the DagBag from /home/airflow/.local/lib/python3.7/site-packages/airflow/example_dags/example_xcomargs.py
[2024-07-01T17:13:33.678+0000] {processor.py:766} INFO - DAG(s) dict_keys(['example_xcom_args', 'example_xcom_args_with_operators']) retrieved from /home/airflow/.local/lib/python3.7/site-packages/airflow/example_dags/example_xcomargs.py
[2024-07-01T17:13:33.717+0000] {logging_mixin.py:120} INFO - [2024-07-01T17:13:33.717+0000] {dag.py:2585} INFO - Sync 2 DAGs
[2024-07-01T17:13:33.740+0000] {logging_mixin.py:120} INFO - [2024-07-01T17:13:33.740+0000] {dag.py:3340} INFO - Setting next_dagrun for example_xcom_args to None, run_after=None
[2024-07-01T17:13:33.744+0000] {logging_mixin.py:120} INFO - [2024-07-01T17:13:33.743+0000] {dag.py:3340} INFO - Setting next_dagrun for example_xcom_args_with_operators to None, run_after=None
[2024-07-01T17:13:33.760+0000] {processor.py:176} INFO - Processing /home/airflow/.local/lib/python3.7/site-packages/airflow/example_dags/example_xcomargs.py took 0.112 seconds
[2024-07-01T17:14:04.363+0000] {processor.py:154} INFO - Started process (PID=1246) to work on /home/airflow/.local/lib/python3.7/site-packages/airflow/example_dags/example_xcomargs.py
[2024-07-01T17:14:04.364+0000] {processor.py:756} INFO - Processing file /home/airflow/.local/lib/python3.7/site-packages/airflow/example_dags/example_xcomargs.py for tasks to queue
[2024-07-01T17:14:04.365+0000] {logging_mixin.py:120} INFO - [2024-07-01T17:14:04.365+0000] {dagbag.py:537} INFO - Filling up the DagBag from /home/airflow/.local/lib/python3.7/site-packages/airflow/example_dags/example_xcomargs.py
[2024-07-01T17:14:04.386+0000] {processor.py:766} INFO - DAG(s) dict_keys(['example_xcom_args_with_operators', 'example_xcom_args']) retrieved from /home/airflow/.local/lib/python3.7/site-packages/airflow/example_dags/example_xcomargs.py
[2024-07-01T17:14:04.424+0000] {logging_mixin.py:120} INFO - [2024-07-01T17:14:04.424+0000] {dag.py:2585} INFO - Sync 2 DAGs
[2024-07-01T17:14:04.446+0000] {logging_mixin.py:120} INFO - [2024-07-01T17:14:04.446+0000] {dag.py:3340} INFO - Setting next_dagrun for example_xcom_args to None, run_after=None
[2024-07-01T17:14:04.450+0000] {logging_mixin.py:120} INFO - [2024-07-01T17:14:04.450+0000] {dag.py:3340} INFO - Setting next_dagrun for example_xcom_args_with_operators to None, run_after=None
[2024-07-01T17:14:04.465+0000] {processor.py:176} INFO - Processing /home/airflow/.local/lib/python3.7/site-packages/airflow/example_dags/example_xcomargs.py took 0.105 seconds
[2024-07-01T17:14:34.932+0000] {processor.py:154} INFO - Started process (PID=1312) to work on /home/airflow/.local/lib/python3.7/site-packages/airflow/example_dags/example_xcomargs.py
[2024-07-01T17:14:34.934+0000] {processor.py:756} INFO - Processing file /home/airflow/.local/lib/python3.7/site-packages/airflow/example_dags/example_xcomargs.py for tasks to queue
[2024-07-01T17:14:34.935+0000] {logging_mixin.py:120} INFO - [2024-07-01T17:14:34.935+0000] {dagbag.py:537} INFO - Filling up the DagBag from /home/airflow/.local/lib/python3.7/site-packages/airflow/example_dags/example_xcomargs.py
[2024-07-01T17:14:34.954+0000] {processor.py:766} INFO - DAG(s) dict_keys(['example_xcom_args_with_operators', 'example_xcom_args']) retrieved from /home/airflow/.local/lib/python3.7/site-packages/airflow/example_dags/example_xcomargs.py
[2024-07-01T17:14:34.993+0000] {logging_mixin.py:120} INFO - [2024-07-01T17:14:34.993+0000] {dag.py:2585} INFO - Sync 2 DAGs
[2024-07-01T17:14:35.017+0000] {logging_mixin.py:120} INFO - [2024-07-01T17:14:35.017+0000] {dag.py:3340} INFO - Setting next_dagrun for example_xcom_args to None, run_after=None
[2024-07-01T17:14:35.020+0000] {logging_mixin.py:120} INFO - [2024-07-01T17:14:35.020+0000] {dag.py:3340} INFO - Setting next_dagrun for example_xcom_args_with_operators to None, run_after=None
[2024-07-01T17:14:35.036+0000] {processor.py:176} INFO - Processing /home/airflow/.local/lib/python3.7/site-packages/airflow/example_dags/example_xcomargs.py took 0.107 seconds
[2024-07-01T17:15:05.657+0000] {processor.py:154} INFO - Started process (PID=1379) to work on /home/airflow/.local/lib/python3.7/site-packages/airflow/example_dags/example_xcomargs.py
[2024-07-01T17:15:05.658+0000] {processor.py:756} INFO - Processing file /home/airflow/.local/lib/python3.7/site-packages/airflow/example_dags/example_xcomargs.py for tasks to queue
[2024-07-01T17:15:05.659+0000] {logging_mixin.py:120} INFO - [2024-07-01T17:15:05.659+0000] {dagbag.py:537} INFO - Filling up the DagBag from /home/airflow/.local/lib/python3.7/site-packages/airflow/example_dags/example_xcomargs.py
[2024-07-01T17:15:05.679+0000] {processor.py:766} INFO - DAG(s) dict_keys(['example_xcom_args', 'example_xcom_args_with_operators']) retrieved from /home/airflow/.local/lib/python3.7/site-packages/airflow/example_dags/example_xcomargs.py
[2024-07-01T17:15:05.720+0000] {logging_mixin.py:120} INFO - [2024-07-01T17:15:05.720+0000] {dag.py:2585} INFO - Sync 2 DAGs
[2024-07-01T17:15:05.743+0000] {logging_mixin.py:120} INFO - [2024-07-01T17:15:05.743+0000] {dag.py:3340} INFO - Setting next_dagrun for example_xcom_args to None, run_after=None
[2024-07-01T17:15:05.748+0000] {logging_mixin.py:120} INFO - [2024-07-01T17:15:05.748+0000] {dag.py:3340} INFO - Setting next_dagrun for example_xcom_args_with_operators to None, run_after=None
[2024-07-01T17:15:05.763+0000] {processor.py:176} INFO - Processing /home/airflow/.local/lib/python3.7/site-packages/airflow/example_dags/example_xcomargs.py took 0.109 seconds
[2024-07-01T17:15:36.195+0000] {processor.py:154} INFO - Started process (PID=1446) to work on /home/airflow/.local/lib/python3.7/site-packages/airflow/example_dags/example_xcomargs.py
[2024-07-01T17:15:36.196+0000] {processor.py:756} INFO - Processing file /home/airflow/.local/lib/python3.7/site-packages/airflow/example_dags/example_xcomargs.py for tasks to queue
[2024-07-01T17:15:36.197+0000] {logging_mixin.py:120} INFO - [2024-07-01T17:15:36.197+0000] {dagbag.py:537} INFO - Filling up the DagBag from /home/airflow/.local/lib/python3.7/site-packages/airflow/example_dags/example_xcomargs.py
[2024-07-01T17:15:36.218+0000] {processor.py:766} INFO - DAG(s) dict_keys(['example_xcom_args', 'example_xcom_args_with_operators']) retrieved from /home/airflow/.local/lib/python3.7/site-packages/airflow/example_dags/example_xcomargs.py
[2024-07-01T17:15:36.258+0000] {logging_mixin.py:120} INFO - [2024-07-01T17:15:36.258+0000] {dag.py:2585} INFO - Sync 2 DAGs
[2024-07-01T17:15:36.293+0000] {logging_mixin.py:120} INFO - [2024-07-01T17:15:36.293+0000] {dag.py:3340} INFO - Setting next_dagrun for example_xcom_args to None, run_after=None
[2024-07-01T17:15:36.296+0000] {logging_mixin.py:120} INFO - [2024-07-01T17:15:36.296+0000] {dag.py:3340} INFO - Setting next_dagrun for example_xcom_args_with_operators to None, run_after=None
[2024-07-01T17:15:36.310+0000] {processor.py:176} INFO - Processing /home/airflow/.local/lib/python3.7/site-packages/airflow/example_dags/example_xcomargs.py took 0.117 seconds
[2024-07-01T17:16:06.848+0000] {processor.py:154} INFO - Started process (PID=1504) to work on /home/airflow/.local/lib/python3.7/site-packages/airflow/example_dags/example_xcomargs.py
[2024-07-01T17:16:06.849+0000] {processor.py:756} INFO - Processing file /home/airflow/.local/lib/python3.7/site-packages/airflow/example_dags/example_xcomargs.py for tasks to queue
[2024-07-01T17:16:06.849+0000] {logging_mixin.py:120} INFO - [2024-07-01T17:16:06.849+0000] {dagbag.py:537} INFO - Filling up the DagBag from /home/airflow/.local/lib/python3.7/site-packages/airflow/example_dags/example_xcomargs.py
[2024-07-01T17:16:06.869+0000] {processor.py:766} INFO - DAG(s) dict_keys(['example_xcom_args_with_operators', 'example_xcom_args']) retrieved from /home/airflow/.local/lib/python3.7/site-packages/airflow/example_dags/example_xcomargs.py
[2024-07-01T17:16:06.908+0000] {logging_mixin.py:120} INFO - [2024-07-01T17:16:06.908+0000] {dag.py:2585} INFO - Sync 2 DAGs
[2024-07-01T17:16:06.930+0000] {logging_mixin.py:120} INFO - [2024-07-01T17:16:06.930+0000] {dag.py:3340} INFO - Setting next_dagrun for example_xcom_args to None, run_after=None
[2024-07-01T17:16:06.934+0000] {logging_mixin.py:120} INFO - [2024-07-01T17:16:06.933+0000] {dag.py:3340} INFO - Setting next_dagrun for example_xcom_args_with_operators to None, run_after=None
[2024-07-01T17:16:06.949+0000] {processor.py:176} INFO - Processing /home/airflow/.local/lib/python3.7/site-packages/airflow/example_dags/example_xcomargs.py took 0.105 seconds
[2024-07-01T17:16:37.634+0000] {processor.py:154} INFO - Started process (PID=1572) to work on /home/airflow/.local/lib/python3.7/site-packages/airflow/example_dags/example_xcomargs.py
[2024-07-01T17:16:37.635+0000] {processor.py:756} INFO - Processing file /home/airflow/.local/lib/python3.7/site-packages/airflow/example_dags/example_xcomargs.py for tasks to queue
[2024-07-01T17:16:37.636+0000] {logging_mixin.py:120} INFO - [2024-07-01T17:16:37.636+0000] {dagbag.py:537} INFO - Filling up the DagBag from /home/airflow/.local/lib/python3.7/site-packages/airflow/example_dags/example_xcomargs.py
[2024-07-01T17:16:37.656+0000] {processor.py:766} INFO - DAG(s) dict_keys(['example_xcom_args', 'example_xcom_args_with_operators']) retrieved from /home/airflow/.local/lib/python3.7/site-packages/airflow/example_dags/example_xcomargs.py
[2024-07-01T17:16:37.692+0000] {logging_mixin.py:120} INFO - [2024-07-01T17:16:37.692+0000] {dag.py:2585} INFO - Sync 2 DAGs
[2024-07-01T17:16:37.717+0000] {logging_mixin.py:120} INFO - [2024-07-01T17:16:37.717+0000] {dag.py:3340} INFO - Setting next_dagrun for example_xcom_args to None, run_after=None
[2024-07-01T17:16:37.720+0000] {logging_mixin.py:120} INFO - [2024-07-01T17:16:37.720+0000] {dag.py:3340} INFO - Setting next_dagrun for example_xcom_args_with_operators to None, run_after=None
[2024-07-01T17:16:37.735+0000] {processor.py:176} INFO - Processing /home/airflow/.local/lib/python3.7/site-packages/airflow/example_dags/example_xcomargs.py took 0.104 seconds
[2024-07-01T17:17:08.316+0000] {processor.py:154} INFO - Started process (PID=1639) to work on /home/airflow/.local/lib/python3.7/site-packages/airflow/example_dags/example_xcomargs.py
[2024-07-01T17:17:08.317+0000] {processor.py:756} INFO - Processing file /home/airflow/.local/lib/python3.7/site-packages/airflow/example_dags/example_xcomargs.py for tasks to queue
[2024-07-01T17:17:08.318+0000] {logging_mixin.py:120} INFO - [2024-07-01T17:17:08.317+0000] {dagbag.py:537} INFO - Filling up the DagBag from /home/airflow/.local/lib/python3.7/site-packages/airflow/example_dags/example_xcomargs.py
[2024-07-01T17:17:08.340+0000] {processor.py:766} INFO - DAG(s) dict_keys(['example_xcom_args', 'example_xcom_args_with_operators']) retrieved from /home/airflow/.local/lib/python3.7/site-packages/airflow/example_dags/example_xcomargs.py
[2024-07-01T17:17:08.383+0000] {logging_mixin.py:120} INFO - [2024-07-01T17:17:08.383+0000] {dag.py:2585} INFO - Sync 2 DAGs
[2024-07-01T17:17:08.408+0000] {logging_mixin.py:120} INFO - [2024-07-01T17:17:08.407+0000] {dag.py:3340} INFO - Setting next_dagrun for example_xcom_args to None, run_after=None
[2024-07-01T17:17:08.412+0000] {logging_mixin.py:120} INFO - [2024-07-01T17:17:08.412+0000] {dag.py:3340} INFO - Setting next_dagrun for example_xcom_args_with_operators to None, run_after=None
[2024-07-01T17:17:08.428+0000] {processor.py:176} INFO - Processing /home/airflow/.local/lib/python3.7/site-packages/airflow/example_dags/example_xcomargs.py took 0.115 seconds
[2024-07-01T17:17:38.970+0000] {processor.py:154} INFO - Started process (PID=1706) to work on /home/airflow/.local/lib/python3.7/site-packages/airflow/example_dags/example_xcomargs.py
[2024-07-01T17:17:38.971+0000] {processor.py:756} INFO - Processing file /home/airflow/.local/lib/python3.7/site-packages/airflow/example_dags/example_xcomargs.py for tasks to queue
[2024-07-01T17:17:38.971+0000] {logging_mixin.py:120} INFO - [2024-07-01T17:17:38.971+0000] {dagbag.py:537} INFO - Filling up the DagBag from /home/airflow/.local/lib/python3.7/site-packages/airflow/example_dags/example_xcomargs.py
[2024-07-01T17:17:38.993+0000] {processor.py:766} INFO - DAG(s) dict_keys(['example_xcom_args_with_operators', 'example_xcom_args']) retrieved from /home/airflow/.local/lib/python3.7/site-packages/airflow/example_dags/example_xcomargs.py
[2024-07-01T17:17:39.034+0000] {logging_mixin.py:120} INFO - [2024-07-01T17:17:39.034+0000] {dag.py:2585} INFO - Sync 2 DAGs
[2024-07-01T17:17:39.059+0000] {logging_mixin.py:120} INFO - [2024-07-01T17:17:39.059+0000] {dag.py:3340} INFO - Setting next_dagrun for example_xcom_args to None, run_after=None
[2024-07-01T17:17:39.062+0000] {logging_mixin.py:120} INFO - [2024-07-01T17:17:39.062+0000] {dag.py:3340} INFO - Setting next_dagrun for example_xcom_args_with_operators to None, run_after=None
[2024-07-01T17:17:39.077+0000] {processor.py:176} INFO - Processing /home/airflow/.local/lib/python3.7/site-packages/airflow/example_dags/example_xcomargs.py took 0.111 seconds
[2024-07-01T17:18:09.645+0000] {processor.py:154} INFO - Started process (PID=1771) to work on /home/airflow/.local/lib/python3.7/site-packages/airflow/example_dags/example_xcomargs.py
[2024-07-01T17:18:09.646+0000] {processor.py:756} INFO - Processing file /home/airflow/.local/lib/python3.7/site-packages/airflow/example_dags/example_xcomargs.py for tasks to queue
[2024-07-01T17:18:09.647+0000] {logging_mixin.py:120} INFO - [2024-07-01T17:18:09.647+0000] {dagbag.py:537} INFO - Filling up the DagBag from /home/airflow/.local/lib/python3.7/site-packages/airflow/example_dags/example_xcomargs.py
[2024-07-01T17:18:09.670+0000] {processor.py:766} INFO - DAG(s) dict_keys(['example_xcom_args', 'example_xcom_args_with_operators']) retrieved from /home/airflow/.local/lib/python3.7/site-packages/airflow/example_dags/example_xcomargs.py
[2024-07-01T17:18:09.710+0000] {logging_mixin.py:120} INFO - [2024-07-01T17:18:09.710+0000] {dag.py:2585} INFO - Sync 2 DAGs
[2024-07-01T17:18:09.736+0000] {logging_mixin.py:120} INFO - [2024-07-01T17:18:09.736+0000] {dag.py:3340} INFO - Setting next_dagrun for example_xcom_args to None, run_after=None
[2024-07-01T17:18:09.739+0000] {logging_mixin.py:120} INFO - [2024-07-01T17:18:09.739+0000] {dag.py:3340} INFO - Setting next_dagrun for example_xcom_args_with_operators to None, run_after=None
[2024-07-01T17:18:09.757+0000] {processor.py:176} INFO - Processing /home/airflow/.local/lib/python3.7/site-packages/airflow/example_dags/example_xcomargs.py took 0.115 seconds
[2024-07-01T17:18:40.414+0000] {processor.py:154} INFO - Started process (PID=1831) to work on /home/airflow/.local/lib/python3.7/site-packages/airflow/example_dags/example_xcomargs.py
[2024-07-01T17:18:40.415+0000] {processor.py:756} INFO - Processing file /home/airflow/.local/lib/python3.7/site-packages/airflow/example_dags/example_xcomargs.py for tasks to queue
[2024-07-01T17:18:40.416+0000] {logging_mixin.py:120} INFO - [2024-07-01T17:18:40.416+0000] {dagbag.py:537} INFO - Filling up the DagBag from /home/airflow/.local/lib/python3.7/site-packages/airflow/example_dags/example_xcomargs.py
[2024-07-01T17:18:40.440+0000] {processor.py:766} INFO - DAG(s) dict_keys(['example_xcom_args', 'example_xcom_args_with_operators']) retrieved from /home/airflow/.local/lib/python3.7/site-packages/airflow/example_dags/example_xcomargs.py
[2024-07-01T17:18:40.483+0000] {logging_mixin.py:120} INFO - [2024-07-01T17:18:40.483+0000] {dag.py:2585} INFO - Sync 2 DAGs
[2024-07-01T17:18:40.512+0000] {logging_mixin.py:120} INFO - [2024-07-01T17:18:40.511+0000] {dag.py:3340} INFO - Setting next_dagrun for example_xcom_args to None, run_after=None
[2024-07-01T17:18:40.515+0000] {logging_mixin.py:120} INFO - [2024-07-01T17:18:40.515+0000] {dag.py:3340} INFO - Setting next_dagrun for example_xcom_args_with_operators to None, run_after=None
[2024-07-01T17:18:40.538+0000] {processor.py:176} INFO - Processing /home/airflow/.local/lib/python3.7/site-packages/airflow/example_dags/example_xcomargs.py took 0.128 seconds
[2024-07-01T17:19:11.227+0000] {processor.py:154} INFO - Started process (PID=1898) to work on /home/airflow/.local/lib/python3.7/site-packages/airflow/example_dags/example_xcomargs.py
[2024-07-01T17:19:11.228+0000] {processor.py:756} INFO - Processing file /home/airflow/.local/lib/python3.7/site-packages/airflow/example_dags/example_xcomargs.py for tasks to queue
[2024-07-01T17:19:11.229+0000] {logging_mixin.py:120} INFO - [2024-07-01T17:19:11.228+0000] {dagbag.py:537} INFO - Filling up the DagBag from /home/airflow/.local/lib/python3.7/site-packages/airflow/example_dags/example_xcomargs.py
[2024-07-01T17:19:11.249+0000] {processor.py:766} INFO - DAG(s) dict_keys(['example_xcom_args_with_operators', 'example_xcom_args']) retrieved from /home/airflow/.local/lib/python3.7/site-packages/airflow/example_dags/example_xcomargs.py
[2024-07-01T17:19:11.289+0000] {logging_mixin.py:120} INFO - [2024-07-01T17:19:11.288+0000] {dag.py:2585} INFO - Sync 2 DAGs
[2024-07-01T17:19:11.313+0000] {logging_mixin.py:120} INFO - [2024-07-01T17:19:11.313+0000] {dag.py:3340} INFO - Setting next_dagrun for example_xcom_args to None, run_after=None
[2024-07-01T17:19:11.316+0000] {logging_mixin.py:120} INFO - [2024-07-01T17:19:11.316+0000] {dag.py:3340} INFO - Setting next_dagrun for example_xcom_args_with_operators to None, run_after=None
[2024-07-01T17:19:11.332+0000] {processor.py:176} INFO - Processing /home/airflow/.local/lib/python3.7/site-packages/airflow/example_dags/example_xcomargs.py took 0.108 seconds
[2024-07-01T17:19:42.101+0000] {processor.py:154} INFO - Started process (PID=1967) to work on /home/airflow/.local/lib/python3.7/site-packages/airflow/example_dags/example_xcomargs.py
[2024-07-01T17:19:42.102+0000] {processor.py:756} INFO - Processing file /home/airflow/.local/lib/python3.7/site-packages/airflow/example_dags/example_xcomargs.py for tasks to queue
[2024-07-01T17:19:42.103+0000] {logging_mixin.py:120} INFO - [2024-07-01T17:19:42.102+0000] {dagbag.py:537} INFO - Filling up the DagBag from /home/airflow/.local/lib/python3.7/site-packages/airflow/example_dags/example_xcomargs.py
[2024-07-01T17:19:42.123+0000] {processor.py:766} INFO - DAG(s) dict_keys(['example_xcom_args_with_operators', 'example_xcom_args']) retrieved from /home/airflow/.local/lib/python3.7/site-packages/airflow/example_dags/example_xcomargs.py
[2024-07-01T17:19:42.164+0000] {logging_mixin.py:120} INFO - [2024-07-01T17:19:42.163+0000] {dag.py:2585} INFO - Sync 2 DAGs
[2024-07-01T17:19:42.188+0000] {logging_mixin.py:120} INFO - [2024-07-01T17:19:42.188+0000] {dag.py:3340} INFO - Setting next_dagrun for example_xcom_args to None, run_after=None
[2024-07-01T17:19:42.192+0000] {logging_mixin.py:120} INFO - [2024-07-01T17:19:42.192+0000] {dag.py:3340} INFO - Setting next_dagrun for example_xcom_args_with_operators to None, run_after=None
[2024-07-01T17:19:42.207+0000] {processor.py:176} INFO - Processing /home/airflow/.local/lib/python3.7/site-packages/airflow/example_dags/example_xcomargs.py took 0.110 seconds
[2024-07-01T17:20:13.209+0000] {processor.py:154} INFO - Started process (PID=2035) to work on /home/airflow/.local/lib/python3.7/site-packages/airflow/example_dags/example_xcomargs.py
[2024-07-01T17:20:13.210+0000] {processor.py:756} INFO - Processing file /home/airflow/.local/lib/python3.7/site-packages/airflow/example_dags/example_xcomargs.py for tasks to queue
[2024-07-01T17:20:13.211+0000] {logging_mixin.py:120} INFO - [2024-07-01T17:20:13.211+0000] {dagbag.py:537} INFO - Filling up the DagBag from /home/airflow/.local/lib/python3.7/site-packages/airflow/example_dags/example_xcomargs.py
[2024-07-01T17:20:13.232+0000] {processor.py:766} INFO - DAG(s) dict_keys(['example_xcom_args', 'example_xcom_args_with_operators']) retrieved from /home/airflow/.local/lib/python3.7/site-packages/airflow/example_dags/example_xcomargs.py
[2024-07-01T17:20:13.272+0000] {logging_mixin.py:120} INFO - [2024-07-01T17:20:13.272+0000] {dag.py:2585} INFO - Sync 2 DAGs
[2024-07-01T17:20:13.297+0000] {logging_mixin.py:120} INFO - [2024-07-01T17:20:13.296+0000] {dag.py:3340} INFO - Setting next_dagrun for example_xcom_args to None, run_after=None
[2024-07-01T17:20:13.300+0000] {logging_mixin.py:120} INFO - [2024-07-01T17:20:13.300+0000] {dag.py:3340} INFO - Setting next_dagrun for example_xcom_args_with_operators to None, run_after=None
[2024-07-01T17:20:13.316+0000] {processor.py:176} INFO - Processing /home/airflow/.local/lib/python3.7/site-packages/airflow/example_dags/example_xcomargs.py took 0.111 seconds
[2024-07-01T17:20:44.069+0000] {processor.py:154} INFO - Started process (PID=2093) to work on /home/airflow/.local/lib/python3.7/site-packages/airflow/example_dags/example_xcomargs.py
[2024-07-01T17:20:44.070+0000] {processor.py:756} INFO - Processing file /home/airflow/.local/lib/python3.7/site-packages/airflow/example_dags/example_xcomargs.py for tasks to queue
[2024-07-01T17:20:44.070+0000] {logging_mixin.py:120} INFO - [2024-07-01T17:20:44.070+0000] {dagbag.py:537} INFO - Filling up the DagBag from /home/airflow/.local/lib/python3.7/site-packages/airflow/example_dags/example_xcomargs.py
[2024-07-01T17:20:44.091+0000] {processor.py:766} INFO - DAG(s) dict_keys(['example_xcom_args_with_operators', 'example_xcom_args']) retrieved from /home/airflow/.local/lib/python3.7/site-packages/airflow/example_dags/example_xcomargs.py
[2024-07-01T17:20:44.128+0000] {logging_mixin.py:120} INFO - [2024-07-01T17:20:44.128+0000] {dag.py:2585} INFO - Sync 2 DAGs
[2024-07-01T17:20:44.152+0000] {logging_mixin.py:120} INFO - [2024-07-01T17:20:44.152+0000] {dag.py:3340} INFO - Setting next_dagrun for example_xcom_args to None, run_after=None
[2024-07-01T17:20:44.156+0000] {logging_mixin.py:120} INFO - [2024-07-01T17:20:44.156+0000] {dag.py:3340} INFO - Setting next_dagrun for example_xcom_args_with_operators to None, run_after=None
[2024-07-01T17:20:44.170+0000] {processor.py:176} INFO - Processing /home/airflow/.local/lib/python3.7/site-packages/airflow/example_dags/example_xcomargs.py took 0.104 seconds
[2024-07-01T17:21:14.538+0000] {processor.py:154} INFO - Started process (PID=2159) to work on /home/airflow/.local/lib/python3.7/site-packages/airflow/example_dags/example_xcomargs.py
[2024-07-01T17:21:14.539+0000] {processor.py:756} INFO - Processing file /home/airflow/.local/lib/python3.7/site-packages/airflow/example_dags/example_xcomargs.py for tasks to queue
[2024-07-01T17:21:14.539+0000] {logging_mixin.py:120} INFO - [2024-07-01T17:21:14.539+0000] {dagbag.py:537} INFO - Filling up the DagBag from /home/airflow/.local/lib/python3.7/site-packages/airflow/example_dags/example_xcomargs.py
[2024-07-01T17:21:14.559+0000] {processor.py:766} INFO - DAG(s) dict_keys(['example_xcom_args', 'example_xcom_args_with_operators']) retrieved from /home/airflow/.local/lib/python3.7/site-packages/airflow/example_dags/example_xcomargs.py
[2024-07-01T17:21:14.598+0000] {logging_mixin.py:120} INFO - [2024-07-01T17:21:14.597+0000] {dag.py:2585} INFO - Sync 2 DAGs
[2024-07-01T17:21:14.621+0000] {logging_mixin.py:120} INFO - [2024-07-01T17:21:14.621+0000] {dag.py:3340} INFO - Setting next_dagrun for example_xcom_args to None, run_after=None
[2024-07-01T17:21:14.624+0000] {logging_mixin.py:120} INFO - [2024-07-01T17:21:14.624+0000] {dag.py:3340} INFO - Setting next_dagrun for example_xcom_args_with_operators to None, run_after=None
[2024-07-01T17:21:14.637+0000] {processor.py:176} INFO - Processing /home/airflow/.local/lib/python3.7/site-packages/airflow/example_dags/example_xcomargs.py took 0.102 seconds
[2024-07-01T17:21:45.059+0000] {processor.py:154} INFO - Started process (PID=2226) to work on /home/airflow/.local/lib/python3.7/site-packages/airflow/example_dags/example_xcomargs.py
[2024-07-01T17:21:45.060+0000] {processor.py:756} INFO - Processing file /home/airflow/.local/lib/python3.7/site-packages/airflow/example_dags/example_xcomargs.py for tasks to queue
[2024-07-01T17:21:45.061+0000] {logging_mixin.py:120} INFO - [2024-07-01T17:21:45.060+0000] {dagbag.py:537} INFO - Filling up the DagBag from /home/airflow/.local/lib/python3.7/site-packages/airflow/example_dags/example_xcomargs.py
[2024-07-01T17:21:45.081+0000] {processor.py:766} INFO - DAG(s) dict_keys(['example_xcom_args_with_operators', 'example_xcom_args']) retrieved from /home/airflow/.local/lib/python3.7/site-packages/airflow/example_dags/example_xcomargs.py
[2024-07-01T17:21:45.118+0000] {logging_mixin.py:120} INFO - [2024-07-01T17:21:45.118+0000] {dag.py:2585} INFO - Sync 2 DAGs
[2024-07-01T17:21:45.141+0000] {logging_mixin.py:120} INFO - [2024-07-01T17:21:45.141+0000] {dag.py:3340} INFO - Setting next_dagrun for example_xcom_args to None, run_after=None
[2024-07-01T17:21:45.145+0000] {logging_mixin.py:120} INFO - [2024-07-01T17:21:45.145+0000] {dag.py:3340} INFO - Setting next_dagrun for example_xcom_args_with_operators to None, run_after=None
[2024-07-01T17:21:45.159+0000] {processor.py:176} INFO - Processing /home/airflow/.local/lib/python3.7/site-packages/airflow/example_dags/example_xcomargs.py took 0.103 seconds
[2024-07-01T17:22:15.606+0000] {processor.py:154} INFO - Started process (PID=2294) to work on /home/airflow/.local/lib/python3.7/site-packages/airflow/example_dags/example_xcomargs.py
[2024-07-01T17:22:15.607+0000] {processor.py:756} INFO - Processing file /home/airflow/.local/lib/python3.7/site-packages/airflow/example_dags/example_xcomargs.py for tasks to queue
[2024-07-01T17:22:15.608+0000] {logging_mixin.py:120} INFO - [2024-07-01T17:22:15.608+0000] {dagbag.py:537} INFO - Filling up the DagBag from /home/airflow/.local/lib/python3.7/site-packages/airflow/example_dags/example_xcomargs.py
[2024-07-01T17:22:15.628+0000] {processor.py:766} INFO - DAG(s) dict_keys(['example_xcom_args_with_operators', 'example_xcom_args']) retrieved from /home/airflow/.local/lib/python3.7/site-packages/airflow/example_dags/example_xcomargs.py
[2024-07-01T17:22:15.664+0000] {logging_mixin.py:120} INFO - [2024-07-01T17:22:15.664+0000] {dag.py:2585} INFO - Sync 2 DAGs
[2024-07-01T17:22:15.687+0000] {logging_mixin.py:120} INFO - [2024-07-01T17:22:15.687+0000] {dag.py:3340} INFO - Setting next_dagrun for example_xcom_args to None, run_after=None
[2024-07-01T17:22:15.690+0000] {logging_mixin.py:120} INFO - [2024-07-01T17:22:15.690+0000] {dag.py:3340} INFO - Setting next_dagrun for example_xcom_args_with_operators to None, run_after=None
[2024-07-01T17:22:15.704+0000] {processor.py:176} INFO - Processing /home/airflow/.local/lib/python3.7/site-packages/airflow/example_dags/example_xcomargs.py took 0.101 seconds
[2024-07-01T17:22:46.206+0000] {processor.py:154} INFO - Started process (PID=2359) to work on /home/airflow/.local/lib/python3.7/site-packages/airflow/example_dags/example_xcomargs.py
[2024-07-01T17:22:46.207+0000] {processor.py:756} INFO - Processing file /home/airflow/.local/lib/python3.7/site-packages/airflow/example_dags/example_xcomargs.py for tasks to queue
[2024-07-01T17:22:46.208+0000] {logging_mixin.py:120} INFO - [2024-07-01T17:22:46.208+0000] {dagbag.py:537} INFO - Filling up the DagBag from /home/airflow/.local/lib/python3.7/site-packages/airflow/example_dags/example_xcomargs.py
[2024-07-01T17:22:46.228+0000] {processor.py:766} INFO - DAG(s) dict_keys(['example_xcom_args_with_operators', 'example_xcom_args']) retrieved from /home/airflow/.local/lib/python3.7/site-packages/airflow/example_dags/example_xcomargs.py
[2024-07-01T17:22:46.267+0000] {logging_mixin.py:120} INFO - [2024-07-01T17:22:46.267+0000] {dag.py:2585} INFO - Sync 2 DAGs
[2024-07-01T17:22:46.292+0000] {logging_mixin.py:120} INFO - [2024-07-01T17:22:46.292+0000] {dag.py:3340} INFO - Setting next_dagrun for example_xcom_args to None, run_after=None
[2024-07-01T17:22:46.296+0000] {logging_mixin.py:120} INFO - [2024-07-01T17:22:46.295+0000] {dag.py:3340} INFO - Setting next_dagrun for example_xcom_args_with_operators to None, run_after=None
[2024-07-01T17:22:46.312+0000] {processor.py:176} INFO - Processing /home/airflow/.local/lib/python3.7/site-packages/airflow/example_dags/example_xcomargs.py took 0.109 seconds
[2024-07-01T17:23:17.105+0000] {processor.py:154} INFO - Started process (PID=2419) to work on /home/airflow/.local/lib/python3.7/site-packages/airflow/example_dags/example_xcomargs.py
[2024-07-01T17:23:17.106+0000] {processor.py:756} INFO - Processing file /home/airflow/.local/lib/python3.7/site-packages/airflow/example_dags/example_xcomargs.py for tasks to queue
[2024-07-01T17:23:17.106+0000] {logging_mixin.py:120} INFO - [2024-07-01T17:23:17.106+0000] {dagbag.py:537} INFO - Filling up the DagBag from /home/airflow/.local/lib/python3.7/site-packages/airflow/example_dags/example_xcomargs.py
[2024-07-01T17:23:17.128+0000] {processor.py:766} INFO - DAG(s) dict_keys(['example_xcom_args', 'example_xcom_args_with_operators']) retrieved from /home/airflow/.local/lib/python3.7/site-packages/airflow/example_dags/example_xcomargs.py
[2024-07-01T17:23:17.166+0000] {logging_mixin.py:120} INFO - [2024-07-01T17:23:17.166+0000] {dag.py:2585} INFO - Sync 2 DAGs
[2024-07-01T17:23:17.191+0000] {logging_mixin.py:120} INFO - [2024-07-01T17:23:17.191+0000] {dag.py:3340} INFO - Setting next_dagrun for example_xcom_args to None, run_after=None
[2024-07-01T17:23:17.194+0000] {logging_mixin.py:120} INFO - [2024-07-01T17:23:17.194+0000] {dag.py:3340} INFO - Setting next_dagrun for example_xcom_args_with_operators to None, run_after=None
[2024-07-01T17:23:17.212+0000] {processor.py:176} INFO - Processing /home/airflow/.local/lib/python3.7/site-packages/airflow/example_dags/example_xcomargs.py took 0.110 seconds
[2024-07-01T17:23:47.863+0000] {processor.py:154} INFO - Started process (PID=2486) to work on /home/airflow/.local/lib/python3.7/site-packages/airflow/example_dags/example_xcomargs.py
[2024-07-01T17:23:47.864+0000] {processor.py:756} INFO - Processing file /home/airflow/.local/lib/python3.7/site-packages/airflow/example_dags/example_xcomargs.py for tasks to queue
[2024-07-01T17:23:47.865+0000] {logging_mixin.py:120} INFO - [2024-07-01T17:23:47.864+0000] {dagbag.py:537} INFO - Filling up the DagBag from /home/airflow/.local/lib/python3.7/site-packages/airflow/example_dags/example_xcomargs.py
[2024-07-01T17:23:47.885+0000] {processor.py:766} INFO - DAG(s) dict_keys(['example_xcom_args_with_operators', 'example_xcom_args']) retrieved from /home/airflow/.local/lib/python3.7/site-packages/airflow/example_dags/example_xcomargs.py
[2024-07-01T17:23:47.926+0000] {logging_mixin.py:120} INFO - [2024-07-01T17:23:47.926+0000] {dag.py:2585} INFO - Sync 2 DAGs
[2024-07-01T17:23:47.951+0000] {logging_mixin.py:120} INFO - [2024-07-01T17:23:47.951+0000] {dag.py:3340} INFO - Setting next_dagrun for example_xcom_args to None, run_after=None
[2024-07-01T17:23:47.954+0000] {logging_mixin.py:120} INFO - [2024-07-01T17:23:47.954+0000] {dag.py:3340} INFO - Setting next_dagrun for example_xcom_args_with_operators to None, run_after=None
[2024-07-01T17:23:47.971+0000] {processor.py:176} INFO - Processing /home/airflow/.local/lib/python3.7/site-packages/airflow/example_dags/example_xcomargs.py took 0.111 seconds
[2024-07-01T17:24:18.916+0000] {processor.py:154} INFO - Started process (PID=2553) to work on /home/airflow/.local/lib/python3.7/site-packages/airflow/example_dags/example_xcomargs.py
[2024-07-01T17:24:18.917+0000] {processor.py:756} INFO - Processing file /home/airflow/.local/lib/python3.7/site-packages/airflow/example_dags/example_xcomargs.py for tasks to queue
[2024-07-01T17:24:18.917+0000] {logging_mixin.py:120} INFO - [2024-07-01T17:24:18.917+0000] {dagbag.py:537} INFO - Filling up the DagBag from /home/airflow/.local/lib/python3.7/site-packages/airflow/example_dags/example_xcomargs.py
[2024-07-01T17:24:18.938+0000] {processor.py:766} INFO - DAG(s) dict_keys(['example_xcom_args', 'example_xcom_args_with_operators']) retrieved from /home/airflow/.local/lib/python3.7/site-packages/airflow/example_dags/example_xcomargs.py
[2024-07-01T17:24:18.976+0000] {logging_mixin.py:120} INFO - [2024-07-01T17:24:18.976+0000] {dag.py:2585} INFO - Sync 2 DAGs
[2024-07-01T17:24:18.999+0000] {logging_mixin.py:120} INFO - [2024-07-01T17:24:18.999+0000] {dag.py:3340} INFO - Setting next_dagrun for example_xcom_args to None, run_after=None
[2024-07-01T17:24:19.003+0000] {logging_mixin.py:120} INFO - [2024-07-01T17:24:19.003+0000] {dag.py:3340} INFO - Setting next_dagrun for example_xcom_args_with_operators to None, run_after=None
[2024-07-01T17:24:19.017+0000] {processor.py:176} INFO - Processing /home/airflow/.local/lib/python3.7/site-packages/airflow/example_dags/example_xcomargs.py took 0.104 seconds
[2024-07-01T17:24:49.734+0000] {processor.py:154} INFO - Started process (PID=2620) to work on /home/airflow/.local/lib/python3.7/site-packages/airflow/example_dags/example_xcomargs.py
[2024-07-01T17:24:49.735+0000] {processor.py:756} INFO - Processing file /home/airflow/.local/lib/python3.7/site-packages/airflow/example_dags/example_xcomargs.py for tasks to queue
[2024-07-01T17:24:49.736+0000] {logging_mixin.py:120} INFO - [2024-07-01T17:24:49.736+0000] {dagbag.py:537} INFO - Filling up the DagBag from /home/airflow/.local/lib/python3.7/site-packages/airflow/example_dags/example_xcomargs.py
[2024-07-01T17:24:49.757+0000] {processor.py:766} INFO - DAG(s) dict_keys(['example_xcom_args', 'example_xcom_args_with_operators']) retrieved from /home/airflow/.local/lib/python3.7/site-packages/airflow/example_dags/example_xcomargs.py
[2024-07-01T17:24:49.796+0000] {logging_mixin.py:120} INFO - [2024-07-01T17:24:49.796+0000] {dag.py:2585} INFO - Sync 2 DAGs
[2024-07-01T17:24:49.820+0000] {logging_mixin.py:120} INFO - [2024-07-01T17:24:49.820+0000] {dag.py:3340} INFO - Setting next_dagrun for example_xcom_args to None, run_after=None
[2024-07-01T17:24:49.824+0000] {logging_mixin.py:120} INFO - [2024-07-01T17:24:49.824+0000] {dag.py:3340} INFO - Setting next_dagrun for example_xcom_args_with_operators to None, run_after=None
[2024-07-01T17:24:49.841+0000] {processor.py:176} INFO - Processing /home/airflow/.local/lib/python3.7/site-packages/airflow/example_dags/example_xcomargs.py took 0.109 seconds
[2024-07-01T17:25:20.885+0000] {processor.py:154} INFO - Started process (PID=2678) to work on /home/airflow/.local/lib/python3.7/site-packages/airflow/example_dags/example_xcomargs.py
[2024-07-01T17:25:20.887+0000] {processor.py:756} INFO - Processing file /home/airflow/.local/lib/python3.7/site-packages/airflow/example_dags/example_xcomargs.py for tasks to queue
[2024-07-01T17:25:20.887+0000] {logging_mixin.py:120} INFO - [2024-07-01T17:25:20.887+0000] {dagbag.py:537} INFO - Filling up the DagBag from /home/airflow/.local/lib/python3.7/site-packages/airflow/example_dags/example_xcomargs.py
[2024-07-01T17:25:20.909+0000] {processor.py:766} INFO - DAG(s) dict_keys(['example_xcom_args', 'example_xcom_args_with_operators']) retrieved from /home/airflow/.local/lib/python3.7/site-packages/airflow/example_dags/example_xcomargs.py
[2024-07-01T17:25:20.947+0000] {logging_mixin.py:120} INFO - [2024-07-01T17:25:20.947+0000] {dag.py:2585} INFO - Sync 2 DAGs
[2024-07-01T17:25:20.971+0000] {logging_mixin.py:120} INFO - [2024-07-01T17:25:20.971+0000] {dag.py:3340} INFO - Setting next_dagrun for example_xcom_args to None, run_after=None
[2024-07-01T17:25:20.975+0000] {logging_mixin.py:120} INFO - [2024-07-01T17:25:20.974+0000] {dag.py:3340} INFO - Setting next_dagrun for example_xcom_args_with_operators to None, run_after=None
[2024-07-01T17:25:20.989+0000] {processor.py:176} INFO - Processing /home/airflow/.local/lib/python3.7/site-packages/airflow/example_dags/example_xcomargs.py took 0.107 seconds
[2024-07-01T17:25:51.715+0000] {processor.py:154} INFO - Started process (PID=2745) to work on /home/airflow/.local/lib/python3.7/site-packages/airflow/example_dags/example_xcomargs.py
[2024-07-01T17:25:51.716+0000] {processor.py:756} INFO - Processing file /home/airflow/.local/lib/python3.7/site-packages/airflow/example_dags/example_xcomargs.py for tasks to queue
[2024-07-01T17:25:51.717+0000] {logging_mixin.py:120} INFO - [2024-07-01T17:25:51.717+0000] {dagbag.py:537} INFO - Filling up the DagBag from /home/airflow/.local/lib/python3.7/site-packages/airflow/example_dags/example_xcomargs.py
[2024-07-01T17:25:51.738+0000] {processor.py:766} INFO - DAG(s) dict_keys(['example_xcom_args', 'example_xcom_args_with_operators']) retrieved from /home/airflow/.local/lib/python3.7/site-packages/airflow/example_dags/example_xcomargs.py
[2024-07-01T17:25:51.779+0000] {logging_mixin.py:120} INFO - [2024-07-01T17:25:51.779+0000] {dag.py:2585} INFO - Sync 2 DAGs
[2024-07-01T17:25:51.804+0000] {logging_mixin.py:120} INFO - [2024-07-01T17:25:51.803+0000] {dag.py:3340} INFO - Setting next_dagrun for example_xcom_args to None, run_after=None
[2024-07-01T17:25:51.807+0000] {logging_mixin.py:120} INFO - [2024-07-01T17:25:51.807+0000] {dag.py:3340} INFO - Setting next_dagrun for example_xcom_args_with_operators to None, run_after=None
[2024-07-01T17:25:51.826+0000] {processor.py:176} INFO - Processing /home/airflow/.local/lib/python3.7/site-packages/airflow/example_dags/example_xcomargs.py took 0.114 seconds
[2024-07-01T17:26:22.383+0000] {processor.py:154} INFO - Started process (PID=2812) to work on /home/airflow/.local/lib/python3.7/site-packages/airflow/example_dags/example_xcomargs.py
[2024-07-01T17:26:22.384+0000] {processor.py:756} INFO - Processing file /home/airflow/.local/lib/python3.7/site-packages/airflow/example_dags/example_xcomargs.py for tasks to queue
[2024-07-01T17:26:22.384+0000] {logging_mixin.py:120} INFO - [2024-07-01T17:26:22.384+0000] {dagbag.py:537} INFO - Filling up the DagBag from /home/airflow/.local/lib/python3.7/site-packages/airflow/example_dags/example_xcomargs.py
[2024-07-01T17:26:22.404+0000] {processor.py:766} INFO - DAG(s) dict_keys(['example_xcom_args', 'example_xcom_args_with_operators']) retrieved from /home/airflow/.local/lib/python3.7/site-packages/airflow/example_dags/example_xcomargs.py
[2024-07-01T17:26:22.441+0000] {logging_mixin.py:120} INFO - [2024-07-01T17:26:22.441+0000] {dag.py:2585} INFO - Sync 2 DAGs
[2024-07-01T17:26:22.463+0000] {logging_mixin.py:120} INFO - [2024-07-01T17:26:22.462+0000] {dag.py:3340} INFO - Setting next_dagrun for example_xcom_args to None, run_after=None
[2024-07-01T17:26:22.466+0000] {logging_mixin.py:120} INFO - [2024-07-01T17:26:22.465+0000] {dag.py:3340} INFO - Setting next_dagrun for example_xcom_args_with_operators to None, run_after=None
[2024-07-01T17:26:22.479+0000] {processor.py:176} INFO - Processing /home/airflow/.local/lib/python3.7/site-packages/airflow/example_dags/example_xcomargs.py took 0.100 seconds
[2024-07-01T17:26:52.907+0000] {processor.py:154} INFO - Started process (PID=2879) to work on /home/airflow/.local/lib/python3.7/site-packages/airflow/example_dags/example_xcomargs.py
[2024-07-01T17:26:52.908+0000] {processor.py:756} INFO - Processing file /home/airflow/.local/lib/python3.7/site-packages/airflow/example_dags/example_xcomargs.py for tasks to queue
[2024-07-01T17:26:52.909+0000] {logging_mixin.py:120} INFO - [2024-07-01T17:26:52.909+0000] {dagbag.py:537} INFO - Filling up the DagBag from /home/airflow/.local/lib/python3.7/site-packages/airflow/example_dags/example_xcomargs.py
[2024-07-01T17:26:52.929+0000] {processor.py:766} INFO - DAG(s) dict_keys(['example_xcom_args', 'example_xcom_args_with_operators']) retrieved from /home/airflow/.local/lib/python3.7/site-packages/airflow/example_dags/example_xcomargs.py
[2024-07-01T17:26:52.968+0000] {logging_mixin.py:120} INFO - [2024-07-01T17:26:52.967+0000] {dag.py:2585} INFO - Sync 2 DAGs
[2024-07-01T17:26:52.991+0000] {logging_mixin.py:120} INFO - [2024-07-01T17:26:52.990+0000] {dag.py:3340} INFO - Setting next_dagrun for example_xcom_args to None, run_after=None
[2024-07-01T17:26:52.994+0000] {logging_mixin.py:120} INFO - [2024-07-01T17:26:52.994+0000] {dag.py:3340} INFO - Setting next_dagrun for example_xcom_args_with_operators to None, run_after=None
[2024-07-01T17:26:53.007+0000] {processor.py:176} INFO - Processing /home/airflow/.local/lib/python3.7/site-packages/airflow/example_dags/example_xcomargs.py took 0.102 seconds
[2024-07-01T17:27:23.460+0000] {processor.py:154} INFO - Started process (PID=2946) to work on /home/airflow/.local/lib/python3.7/site-packages/airflow/example_dags/example_xcomargs.py
[2024-07-01T17:27:23.461+0000] {processor.py:756} INFO - Processing file /home/airflow/.local/lib/python3.7/site-packages/airflow/example_dags/example_xcomargs.py for tasks to queue
[2024-07-01T17:27:23.462+0000] {logging_mixin.py:120} INFO - [2024-07-01T17:27:23.462+0000] {dagbag.py:537} INFO - Filling up the DagBag from /home/airflow/.local/lib/python3.7/site-packages/airflow/example_dags/example_xcomargs.py
[2024-07-01T17:27:23.481+0000] {processor.py:766} INFO - DAG(s) dict_keys(['example_xcom_args_with_operators', 'example_xcom_args']) retrieved from /home/airflow/.local/lib/python3.7/site-packages/airflow/example_dags/example_xcomargs.py
[2024-07-01T17:27:23.518+0000] {logging_mixin.py:120} INFO - [2024-07-01T17:27:23.518+0000] {dag.py:2585} INFO - Sync 2 DAGs
[2024-07-01T17:27:23.540+0000] {logging_mixin.py:120} INFO - [2024-07-01T17:27:23.539+0000] {dag.py:3340} INFO - Setting next_dagrun for example_xcom_args to None, run_after=None
[2024-07-01T17:27:23.542+0000] {logging_mixin.py:120} INFO - [2024-07-01T17:27:23.542+0000] {dag.py:3340} INFO - Setting next_dagrun for example_xcom_args_with_operators to None, run_after=None
[2024-07-01T17:27:23.557+0000] {processor.py:176} INFO - Processing /home/airflow/.local/lib/python3.7/site-packages/airflow/example_dags/example_xcomargs.py took 0.100 seconds
[2024-07-01T17:27:53.957+0000] {processor.py:154} INFO - Started process (PID=3004) to work on /home/airflow/.local/lib/python3.7/site-packages/airflow/example_dags/example_xcomargs.py
[2024-07-01T17:27:53.958+0000] {processor.py:756} INFO - Processing file /home/airflow/.local/lib/python3.7/site-packages/airflow/example_dags/example_xcomargs.py for tasks to queue
[2024-07-01T17:27:53.959+0000] {logging_mixin.py:120} INFO - [2024-07-01T17:27:53.959+0000] {dagbag.py:537} INFO - Filling up the DagBag from /home/airflow/.local/lib/python3.7/site-packages/airflow/example_dags/example_xcomargs.py
[2024-07-01T17:27:53.979+0000] {processor.py:766} INFO - DAG(s) dict_keys(['example_xcom_args_with_operators', 'example_xcom_args']) retrieved from /home/airflow/.local/lib/python3.7/site-packages/airflow/example_dags/example_xcomargs.py
[2024-07-01T17:27:54.014+0000] {logging_mixin.py:120} INFO - [2024-07-01T17:27:54.014+0000] {dag.py:2585} INFO - Sync 2 DAGs
[2024-07-01T17:27:54.035+0000] {logging_mixin.py:120} INFO - [2024-07-01T17:27:54.035+0000] {dag.py:3340} INFO - Setting next_dagrun for example_xcom_args to None, run_after=None
[2024-07-01T17:27:54.038+0000] {logging_mixin.py:120} INFO - [2024-07-01T17:27:54.038+0000] {dag.py:3340} INFO - Setting next_dagrun for example_xcom_args_with_operators to None, run_after=None
[2024-07-01T17:27:54.053+0000] {processor.py:176} INFO - Processing /home/airflow/.local/lib/python3.7/site-packages/airflow/example_dags/example_xcomargs.py took 0.099 seconds
[2024-07-01T17:28:24.409+0000] {processor.py:154} INFO - Started process (PID=3071) to work on /home/airflow/.local/lib/python3.7/site-packages/airflow/example_dags/example_xcomargs.py
[2024-07-01T17:28:24.410+0000] {processor.py:756} INFO - Processing file /home/airflow/.local/lib/python3.7/site-packages/airflow/example_dags/example_xcomargs.py for tasks to queue
[2024-07-01T17:28:24.411+0000] {logging_mixin.py:120} INFO - [2024-07-01T17:28:24.411+0000] {dagbag.py:537} INFO - Filling up the DagBag from /home/airflow/.local/lib/python3.7/site-packages/airflow/example_dags/example_xcomargs.py
[2024-07-01T17:28:24.431+0000] {processor.py:766} INFO - DAG(s) dict_keys(['example_xcom_args_with_operators', 'example_xcom_args']) retrieved from /home/airflow/.local/lib/python3.7/site-packages/airflow/example_dags/example_xcomargs.py
[2024-07-01T17:28:24.468+0000] {logging_mixin.py:120} INFO - [2024-07-01T17:28:24.468+0000] {dag.py:2585} INFO - Sync 2 DAGs
[2024-07-01T17:28:24.491+0000] {logging_mixin.py:120} INFO - [2024-07-01T17:28:24.491+0000] {dag.py:3340} INFO - Setting next_dagrun for example_xcom_args to None, run_after=None
[2024-07-01T17:28:24.494+0000] {logging_mixin.py:120} INFO - [2024-07-01T17:28:24.494+0000] {dag.py:3340} INFO - Setting next_dagrun for example_xcom_args_with_operators to None, run_after=None
[2024-07-01T17:28:24.508+0000] {processor.py:176} INFO - Processing /home/airflow/.local/lib/python3.7/site-packages/airflow/example_dags/example_xcomargs.py took 0.102 seconds
[2024-07-01T17:34:07.608+0000] {processor.py:154} INFO - Started process (PID=63) to work on /home/airflow/.local/lib/python3.7/site-packages/airflow/example_dags/example_xcomargs.py
[2024-07-01T17:34:07.609+0000] {processor.py:756} INFO - Processing file /home/airflow/.local/lib/python3.7/site-packages/airflow/example_dags/example_xcomargs.py for tasks to queue
[2024-07-01T17:34:07.611+0000] {logging_mixin.py:120} INFO - [2024-07-01T17:34:07.611+0000] {dagbag.py:537} INFO - Filling up the DagBag from /home/airflow/.local/lib/python3.7/site-packages/airflow/example_dags/example_xcomargs.py
[2024-07-01T17:34:07.648+0000] {processor.py:766} INFO - DAG(s) dict_keys(['example_xcom_args_with_operators', 'example_xcom_args']) retrieved from /home/airflow/.local/lib/python3.7/site-packages/airflow/example_dags/example_xcomargs.py
[2024-07-01T17:34:07.714+0000] {logging_mixin.py:120} INFO - [2024-07-01T17:34:07.714+0000] {dag.py:2585} INFO - Sync 2 DAGs
[2024-07-01T17:34:07.756+0000] {logging_mixin.py:120} INFO - [2024-07-01T17:34:07.755+0000] {dag.py:3340} INFO - Setting next_dagrun for example_xcom_args to None, run_after=None
[2024-07-01T17:34:07.760+0000] {logging_mixin.py:120} INFO - [2024-07-01T17:34:07.760+0000] {dag.py:3340} INFO - Setting next_dagrun for example_xcom_args_with_operators to None, run_after=None
[2024-07-01T17:34:07.784+0000] {processor.py:176} INFO - Processing /home/airflow/.local/lib/python3.7/site-packages/airflow/example_dags/example_xcomargs.py took 0.183 seconds
