[2024-07-01T17:04:51.227+0000] {processor.py:154} INFO - Started process (PID=64) to work on /home/airflow/.local/lib/python3.7/site-packages/airflow/example_dags/example_latest_only_with_trigger.py
[2024-07-01T17:04:51.230+0000] {processor.py:756} INFO - Processing file /home/airflow/.local/lib/python3.7/site-packages/airflow/example_dags/example_latest_only_with_trigger.py for tasks to queue
[2024-07-01T17:04:51.232+0000] {logging_mixin.py:120} INFO - [2024-07-01T17:04:51.231+0000] {dagbag.py:537} INFO - Filling up the DagBag from /home/airflow/.local/lib/python3.7/site-packages/airflow/example_dags/example_latest_only_with_trigger.py
[2024-07-01T17:04:51.271+0000] {processor.py:766} INFO - DAG(s) dict_keys(['latest_only_with_trigger']) retrieved from /home/airflow/.local/lib/python3.7/site-packages/airflow/example_dags/example_latest_only_with_trigger.py
[2024-07-01T17:04:51.429+0000] {logging_mixin.py:120} INFO - [2024-07-01T17:04:51.429+0000] {dag.py:2585} INFO - Sync 1 DAGs
[2024-07-01T17:04:51.469+0000] {logging_mixin.py:120} INFO - [2024-07-01T17:04:51.468+0000] {dag.py:3340} INFO - Setting next_dagrun for latest_only_with_trigger to 2024-07-01T13:04:51.468293+00:00, run_after=2024-07-01T17:04:51.468293+00:00
[2024-07-01T17:04:51.501+0000] {processor.py:176} INFO - Processing /home/airflow/.local/lib/python3.7/site-packages/airflow/example_dags/example_latest_only_with_trigger.py took 0.281 seconds
[2024-07-01T17:05:21.552+0000] {processor.py:154} INFO - Started process (PID=134) to work on /home/airflow/.local/lib/python3.7/site-packages/airflow/example_dags/example_latest_only_with_trigger.py
[2024-07-01T17:05:21.553+0000] {processor.py:756} INFO - Processing file /home/airflow/.local/lib/python3.7/site-packages/airflow/example_dags/example_latest_only_with_trigger.py for tasks to queue
[2024-07-01T17:05:21.554+0000] {logging_mixin.py:120} INFO - [2024-07-01T17:05:21.554+0000] {dagbag.py:537} INFO - Filling up the DagBag from /home/airflow/.local/lib/python3.7/site-packages/airflow/example_dags/example_latest_only_with_trigger.py
[2024-07-01T17:05:21.568+0000] {processor.py:766} INFO - DAG(s) dict_keys(['latest_only_with_trigger']) retrieved from /home/airflow/.local/lib/python3.7/site-packages/airflow/example_dags/example_latest_only_with_trigger.py
[2024-07-01T17:05:21.606+0000] {logging_mixin.py:120} INFO - [2024-07-01T17:05:21.605+0000] {dag.py:2585} INFO - Sync 1 DAGs
[2024-07-01T17:05:21.632+0000] {logging_mixin.py:120} INFO - [2024-07-01T17:05:21.632+0000] {dag.py:3340} INFO - Setting next_dagrun for latest_only_with_trigger to 2024-07-01T13:05:21.631875+00:00, run_after=2024-07-01T17:05:21.631875+00:00
[2024-07-01T17:05:21.650+0000] {processor.py:176} INFO - Processing /home/airflow/.local/lib/python3.7/site-packages/airflow/example_dags/example_latest_only_with_trigger.py took 0.102 seconds
[2024-07-01T17:05:52.347+0000] {processor.py:154} INFO - Started process (PID=201) to work on /home/airflow/.local/lib/python3.7/site-packages/airflow/example_dags/example_latest_only_with_trigger.py
[2024-07-01T17:05:52.348+0000] {processor.py:756} INFO - Processing file /home/airflow/.local/lib/python3.7/site-packages/airflow/example_dags/example_latest_only_with_trigger.py for tasks to queue
[2024-07-01T17:05:52.348+0000] {logging_mixin.py:120} INFO - [2024-07-01T17:05:52.348+0000] {dagbag.py:537} INFO - Filling up the DagBag from /home/airflow/.local/lib/python3.7/site-packages/airflow/example_dags/example_latest_only_with_trigger.py
[2024-07-01T17:05:52.362+0000] {processor.py:766} INFO - DAG(s) dict_keys(['latest_only_with_trigger']) retrieved from /home/airflow/.local/lib/python3.7/site-packages/airflow/example_dags/example_latest_only_with_trigger.py
[2024-07-01T17:05:52.399+0000] {logging_mixin.py:120} INFO - [2024-07-01T17:05:52.399+0000] {dag.py:2585} INFO - Sync 1 DAGs
[2024-07-01T17:05:52.423+0000] {logging_mixin.py:120} INFO - [2024-07-01T17:05:52.423+0000] {dag.py:3340} INFO - Setting next_dagrun for latest_only_with_trigger to 2024-07-01T13:05:52.423406+00:00, run_after=2024-07-01T17:05:52.423406+00:00
[2024-07-01T17:05:52.440+0000] {processor.py:176} INFO - Processing /home/airflow/.local/lib/python3.7/site-packages/airflow/example_dags/example_latest_only_with_trigger.py took 0.096 seconds
[2024-07-01T17:06:23.169+0000] {processor.py:154} INFO - Started process (PID=268) to work on /home/airflow/.local/lib/python3.7/site-packages/airflow/example_dags/example_latest_only_with_trigger.py
[2024-07-01T17:06:23.170+0000] {processor.py:756} INFO - Processing file /home/airflow/.local/lib/python3.7/site-packages/airflow/example_dags/example_latest_only_with_trigger.py for tasks to queue
[2024-07-01T17:06:23.171+0000] {logging_mixin.py:120} INFO - [2024-07-01T17:06:23.171+0000] {dagbag.py:537} INFO - Filling up the DagBag from /home/airflow/.local/lib/python3.7/site-packages/airflow/example_dags/example_latest_only_with_trigger.py
[2024-07-01T17:06:23.184+0000] {processor.py:766} INFO - DAG(s) dict_keys(['latest_only_with_trigger']) retrieved from /home/airflow/.local/lib/python3.7/site-packages/airflow/example_dags/example_latest_only_with_trigger.py
[2024-07-01T17:06:23.221+0000] {logging_mixin.py:120} INFO - [2024-07-01T17:06:23.221+0000] {dag.py:2585} INFO - Sync 1 DAGs
[2024-07-01T17:06:23.245+0000] {logging_mixin.py:120} INFO - [2024-07-01T17:06:23.245+0000] {dag.py:3340} INFO - Setting next_dagrun for latest_only_with_trigger to 2024-07-01T13:06:23.245348+00:00, run_after=2024-07-01T17:06:23.245348+00:00
[2024-07-01T17:06:23.262+0000] {processor.py:176} INFO - Processing /home/airflow/.local/lib/python3.7/site-packages/airflow/example_dags/example_latest_only_with_trigger.py took 0.097 seconds
[2024-07-01T17:06:54.455+0000] {processor.py:154} INFO - Started process (PID=326) to work on /home/airflow/.local/lib/python3.7/site-packages/airflow/example_dags/example_latest_only_with_trigger.py
[2024-07-01T17:06:54.456+0000] {processor.py:756} INFO - Processing file /home/airflow/.local/lib/python3.7/site-packages/airflow/example_dags/example_latest_only_with_trigger.py for tasks to queue
[2024-07-01T17:06:54.457+0000] {logging_mixin.py:120} INFO - [2024-07-01T17:06:54.457+0000] {dagbag.py:537} INFO - Filling up the DagBag from /home/airflow/.local/lib/python3.7/site-packages/airflow/example_dags/example_latest_only_with_trigger.py
[2024-07-01T17:06:54.470+0000] {processor.py:766} INFO - DAG(s) dict_keys(['latest_only_with_trigger']) retrieved from /home/airflow/.local/lib/python3.7/site-packages/airflow/example_dags/example_latest_only_with_trigger.py
[2024-07-01T17:06:54.504+0000] {logging_mixin.py:120} INFO - [2024-07-01T17:06:54.504+0000] {dag.py:2585} INFO - Sync 1 DAGs
[2024-07-01T17:06:54.528+0000] {logging_mixin.py:120} INFO - [2024-07-01T17:06:54.528+0000] {dag.py:3340} INFO - Setting next_dagrun for latest_only_with_trigger to 2024-07-01T13:06:54.528481+00:00, run_after=2024-07-01T17:06:54.528481+00:00
[2024-07-01T17:06:54.545+0000] {processor.py:176} INFO - Processing /home/airflow/.local/lib/python3.7/site-packages/airflow/example_dags/example_latest_only_with_trigger.py took 0.093 seconds
[2024-07-01T17:07:24.707+0000] {processor.py:154} INFO - Started process (PID=394) to work on /home/airflow/.local/lib/python3.7/site-packages/airflow/example_dags/example_latest_only_with_trigger.py
[2024-07-01T17:07:24.708+0000] {processor.py:756} INFO - Processing file /home/airflow/.local/lib/python3.7/site-packages/airflow/example_dags/example_latest_only_with_trigger.py for tasks to queue
[2024-07-01T17:07:24.709+0000] {logging_mixin.py:120} INFO - [2024-07-01T17:07:24.708+0000] {dagbag.py:537} INFO - Filling up the DagBag from /home/airflow/.local/lib/python3.7/site-packages/airflow/example_dags/example_latest_only_with_trigger.py
[2024-07-01T17:07:24.721+0000] {processor.py:766} INFO - DAG(s) dict_keys(['latest_only_with_trigger']) retrieved from /home/airflow/.local/lib/python3.7/site-packages/airflow/example_dags/example_latest_only_with_trigger.py
[2024-07-01T17:07:24.754+0000] {logging_mixin.py:120} INFO - [2024-07-01T17:07:24.754+0000] {dag.py:2585} INFO - Sync 1 DAGs
[2024-07-01T17:07:24.777+0000] {logging_mixin.py:120} INFO - [2024-07-01T17:07:24.777+0000] {dag.py:3340} INFO - Setting next_dagrun for latest_only_with_trigger to 2024-07-01T13:07:24.777303+00:00, run_after=2024-07-01T17:07:24.777303+00:00
[2024-07-01T17:07:24.793+0000] {processor.py:176} INFO - Processing /home/airflow/.local/lib/python3.7/site-packages/airflow/example_dags/example_latest_only_with_trigger.py took 0.089 seconds
[2024-07-01T17:07:55.805+0000] {processor.py:154} INFO - Started process (PID=461) to work on /home/airflow/.local/lib/python3.7/site-packages/airflow/example_dags/example_latest_only_with_trigger.py
[2024-07-01T17:07:55.806+0000] {processor.py:756} INFO - Processing file /home/airflow/.local/lib/python3.7/site-packages/airflow/example_dags/example_latest_only_with_trigger.py for tasks to queue
[2024-07-01T17:07:55.807+0000] {logging_mixin.py:120} INFO - [2024-07-01T17:07:55.807+0000] {dagbag.py:537} INFO - Filling up the DagBag from /home/airflow/.local/lib/python3.7/site-packages/airflow/example_dags/example_latest_only_with_trigger.py
[2024-07-01T17:07:55.820+0000] {processor.py:766} INFO - DAG(s) dict_keys(['latest_only_with_trigger']) retrieved from /home/airflow/.local/lib/python3.7/site-packages/airflow/example_dags/example_latest_only_with_trigger.py
[2024-07-01T17:07:55.856+0000] {logging_mixin.py:120} INFO - [2024-07-01T17:07:55.855+0000] {dag.py:2585} INFO - Sync 1 DAGs
[2024-07-01T17:07:55.878+0000] {logging_mixin.py:120} INFO - [2024-07-01T17:07:55.878+0000] {dag.py:3340} INFO - Setting next_dagrun for latest_only_with_trigger to 2024-07-01T13:07:55.878585+00:00, run_after=2024-07-01T17:07:55.878585+00:00
[2024-07-01T17:07:55.895+0000] {processor.py:176} INFO - Processing /home/airflow/.local/lib/python3.7/site-packages/airflow/example_dags/example_latest_only_with_trigger.py took 0.093 seconds
[2024-07-01T17:08:26.356+0000] {processor.py:154} INFO - Started process (PID=529) to work on /home/airflow/.local/lib/python3.7/site-packages/airflow/example_dags/example_latest_only_with_trigger.py
[2024-07-01T17:08:26.357+0000] {processor.py:756} INFO - Processing file /home/airflow/.local/lib/python3.7/site-packages/airflow/example_dags/example_latest_only_with_trigger.py for tasks to queue
[2024-07-01T17:08:26.357+0000] {logging_mixin.py:120} INFO - [2024-07-01T17:08:26.357+0000] {dagbag.py:537} INFO - Filling up the DagBag from /home/airflow/.local/lib/python3.7/site-packages/airflow/example_dags/example_latest_only_with_trigger.py
[2024-07-01T17:08:26.370+0000] {processor.py:766} INFO - DAG(s) dict_keys(['latest_only_with_trigger']) retrieved from /home/airflow/.local/lib/python3.7/site-packages/airflow/example_dags/example_latest_only_with_trigger.py
[2024-07-01T17:08:26.407+0000] {logging_mixin.py:120} INFO - [2024-07-01T17:08:26.407+0000] {dag.py:2585} INFO - Sync 1 DAGs
[2024-07-01T17:08:26.430+0000] {logging_mixin.py:120} INFO - [2024-07-01T17:08:26.430+0000] {dag.py:3340} INFO - Setting next_dagrun for latest_only_with_trigger to 2024-07-01T13:08:26.430597+00:00, run_after=2024-07-01T17:08:26.430597+00:00
[2024-07-01T17:08:26.448+0000] {processor.py:176} INFO - Processing /home/airflow/.local/lib/python3.7/site-packages/airflow/example_dags/example_latest_only_with_trigger.py took 0.095 seconds
[2024-07-01T17:08:57.097+0000] {processor.py:154} INFO - Started process (PID=594) to work on /home/airflow/.local/lib/python3.7/site-packages/airflow/example_dags/example_latest_only_with_trigger.py
[2024-07-01T17:08:57.098+0000] {processor.py:756} INFO - Processing file /home/airflow/.local/lib/python3.7/site-packages/airflow/example_dags/example_latest_only_with_trigger.py for tasks to queue
[2024-07-01T17:08:57.098+0000] {logging_mixin.py:120} INFO - [2024-07-01T17:08:57.098+0000] {dagbag.py:537} INFO - Filling up the DagBag from /home/airflow/.local/lib/python3.7/site-packages/airflow/example_dags/example_latest_only_with_trigger.py
[2024-07-01T17:08:57.112+0000] {processor.py:766} INFO - DAG(s) dict_keys(['latest_only_with_trigger']) retrieved from /home/airflow/.local/lib/python3.7/site-packages/airflow/example_dags/example_latest_only_with_trigger.py
[2024-07-01T17:08:57.149+0000] {logging_mixin.py:120} INFO - [2024-07-01T17:08:57.149+0000] {dag.py:2585} INFO - Sync 1 DAGs
[2024-07-01T17:08:57.174+0000] {logging_mixin.py:120} INFO - [2024-07-01T17:08:57.174+0000] {dag.py:3340} INFO - Setting next_dagrun for latest_only_with_trigger to 2024-07-01T13:08:57.174552+00:00, run_after=2024-07-01T17:08:57.174552+00:00
[2024-07-01T17:08:57.193+0000] {processor.py:176} INFO - Processing /home/airflow/.local/lib/python3.7/site-packages/airflow/example_dags/example_latest_only_with_trigger.py took 0.100 seconds
[2024-07-01T17:09:27.704+0000] {processor.py:154} INFO - Started process (PID=654) to work on /home/airflow/.local/lib/python3.7/site-packages/airflow/example_dags/example_latest_only_with_trigger.py
[2024-07-01T17:09:27.705+0000] {processor.py:756} INFO - Processing file /home/airflow/.local/lib/python3.7/site-packages/airflow/example_dags/example_latest_only_with_trigger.py for tasks to queue
[2024-07-01T17:09:27.706+0000] {logging_mixin.py:120} INFO - [2024-07-01T17:09:27.706+0000] {dagbag.py:537} INFO - Filling up the DagBag from /home/airflow/.local/lib/python3.7/site-packages/airflow/example_dags/example_latest_only_with_trigger.py
[2024-07-01T17:09:27.719+0000] {processor.py:766} INFO - DAG(s) dict_keys(['latest_only_with_trigger']) retrieved from /home/airflow/.local/lib/python3.7/site-packages/airflow/example_dags/example_latest_only_with_trigger.py
[2024-07-01T17:09:27.756+0000] {logging_mixin.py:120} INFO - [2024-07-01T17:09:27.755+0000] {dag.py:2585} INFO - Sync 1 DAGs
[2024-07-01T17:09:27.780+0000] {logging_mixin.py:120} INFO - [2024-07-01T17:09:27.780+0000] {dag.py:3340} INFO - Setting next_dagrun for latest_only_with_trigger to 2024-07-01T13:09:27.780488+00:00, run_after=2024-07-01T17:09:27.780488+00:00
[2024-07-01T17:09:27.798+0000] {processor.py:176} INFO - Processing /home/airflow/.local/lib/python3.7/site-packages/airflow/example_dags/example_latest_only_with_trigger.py took 0.097 seconds
[2024-07-01T17:09:58.506+0000] {processor.py:154} INFO - Started process (PID=722) to work on /home/airflow/.local/lib/python3.7/site-packages/airflow/example_dags/example_latest_only_with_trigger.py
[2024-07-01T17:09:58.507+0000] {processor.py:756} INFO - Processing file /home/airflow/.local/lib/python3.7/site-packages/airflow/example_dags/example_latest_only_with_trigger.py for tasks to queue
[2024-07-01T17:09:58.508+0000] {logging_mixin.py:120} INFO - [2024-07-01T17:09:58.507+0000] {dagbag.py:537} INFO - Filling up the DagBag from /home/airflow/.local/lib/python3.7/site-packages/airflow/example_dags/example_latest_only_with_trigger.py
[2024-07-01T17:09:58.520+0000] {processor.py:766} INFO - DAG(s) dict_keys(['latest_only_with_trigger']) retrieved from /home/airflow/.local/lib/python3.7/site-packages/airflow/example_dags/example_latest_only_with_trigger.py
[2024-07-01T17:09:58.558+0000] {logging_mixin.py:120} INFO - [2024-07-01T17:09:58.558+0000] {dag.py:2585} INFO - Sync 1 DAGs
[2024-07-01T17:09:58.583+0000] {logging_mixin.py:120} INFO - [2024-07-01T17:09:58.582+0000] {dag.py:3340} INFO - Setting next_dagrun for latest_only_with_trigger to 2024-07-01T13:09:58.582665+00:00, run_after=2024-07-01T17:09:58.582665+00:00
[2024-07-01T17:09:58.600+0000] {processor.py:176} INFO - Processing /home/airflow/.local/lib/python3.7/site-packages/airflow/example_dags/example_latest_only_with_trigger.py took 0.097 seconds
[2024-07-01T17:10:29.397+0000] {processor.py:154} INFO - Started process (PID=789) to work on /home/airflow/.local/lib/python3.7/site-packages/airflow/example_dags/example_latest_only_with_trigger.py
[2024-07-01T17:10:29.399+0000] {processor.py:756} INFO - Processing file /home/airflow/.local/lib/python3.7/site-packages/airflow/example_dags/example_latest_only_with_trigger.py for tasks to queue
[2024-07-01T17:10:29.399+0000] {logging_mixin.py:120} INFO - [2024-07-01T17:10:29.399+0000] {dagbag.py:537} INFO - Filling up the DagBag from /home/airflow/.local/lib/python3.7/site-packages/airflow/example_dags/example_latest_only_with_trigger.py
[2024-07-01T17:10:29.413+0000] {processor.py:766} INFO - DAG(s) dict_keys(['latest_only_with_trigger']) retrieved from /home/airflow/.local/lib/python3.7/site-packages/airflow/example_dags/example_latest_only_with_trigger.py
[2024-07-01T17:10:29.448+0000] {logging_mixin.py:120} INFO - [2024-07-01T17:10:29.448+0000] {dag.py:2585} INFO - Sync 1 DAGs
[2024-07-01T17:10:29.470+0000] {logging_mixin.py:120} INFO - [2024-07-01T17:10:29.470+0000] {dag.py:3340} INFO - Setting next_dagrun for latest_only_with_trigger to 2024-07-01T13:10:29.470103+00:00, run_after=2024-07-01T17:10:29.470103+00:00
[2024-07-01T17:10:29.486+0000] {processor.py:176} INFO - Processing /home/airflow/.local/lib/python3.7/site-packages/airflow/example_dags/example_latest_only_with_trigger.py took 0.092 seconds
[2024-07-01T17:10:59.972+0000] {processor.py:154} INFO - Started process (PID=856) to work on /home/airflow/.local/lib/python3.7/site-packages/airflow/example_dags/example_latest_only_with_trigger.py
[2024-07-01T17:10:59.973+0000] {processor.py:756} INFO - Processing file /home/airflow/.local/lib/python3.7/site-packages/airflow/example_dags/example_latest_only_with_trigger.py for tasks to queue
[2024-07-01T17:10:59.974+0000] {logging_mixin.py:120} INFO - [2024-07-01T17:10:59.974+0000] {dagbag.py:537} INFO - Filling up the DagBag from /home/airflow/.local/lib/python3.7/site-packages/airflow/example_dags/example_latest_only_with_trigger.py
[2024-07-01T17:10:59.987+0000] {processor.py:766} INFO - DAG(s) dict_keys(['latest_only_with_trigger']) retrieved from /home/airflow/.local/lib/python3.7/site-packages/airflow/example_dags/example_latest_only_with_trigger.py
[2024-07-01T17:11:00.023+0000] {logging_mixin.py:120} INFO - [2024-07-01T17:11:00.023+0000] {dag.py:2585} INFO - Sync 1 DAGs
[2024-07-01T17:11:00.048+0000] {logging_mixin.py:120} INFO - [2024-07-01T17:11:00.048+0000] {dag.py:3340} INFO - Setting next_dagrun for latest_only_with_trigger to 2024-07-01T13:11:00.047845+00:00, run_after=2024-07-01T17:11:00.047845+00:00
[2024-07-01T17:11:00.066+0000] {processor.py:176} INFO - Processing /home/airflow/.local/lib/python3.7/site-packages/airflow/example_dags/example_latest_only_with_trigger.py took 0.097 seconds
[2024-07-01T17:11:30.802+0000] {processor.py:154} INFO - Started process (PID=914) to work on /home/airflow/.local/lib/python3.7/site-packages/airflow/example_dags/example_latest_only_with_trigger.py
[2024-07-01T17:11:30.803+0000] {processor.py:756} INFO - Processing file /home/airflow/.local/lib/python3.7/site-packages/airflow/example_dags/example_latest_only_with_trigger.py for tasks to queue
[2024-07-01T17:11:30.804+0000] {logging_mixin.py:120} INFO - [2024-07-01T17:11:30.804+0000] {dagbag.py:537} INFO - Filling up the DagBag from /home/airflow/.local/lib/python3.7/site-packages/airflow/example_dags/example_latest_only_with_trigger.py
[2024-07-01T17:11:30.817+0000] {processor.py:766} INFO - DAG(s) dict_keys(['latest_only_with_trigger']) retrieved from /home/airflow/.local/lib/python3.7/site-packages/airflow/example_dags/example_latest_only_with_trigger.py
[2024-07-01T17:11:30.850+0000] {logging_mixin.py:120} INFO - [2024-07-01T17:11:30.850+0000] {dag.py:2585} INFO - Sync 1 DAGs
[2024-07-01T17:11:30.872+0000] {logging_mixin.py:120} INFO - [2024-07-01T17:11:30.872+0000] {dag.py:3340} INFO - Setting next_dagrun for latest_only_with_trigger to 2024-07-01T13:11:30.872060+00:00, run_after=2024-07-01T17:11:30.872060+00:00
[2024-07-01T17:11:30.887+0000] {processor.py:176} INFO - Processing /home/airflow/.local/lib/python3.7/site-packages/airflow/example_dags/example_latest_only_with_trigger.py took 0.088 seconds
[2024-07-01T17:12:01.460+0000] {processor.py:154} INFO - Started process (PID=981) to work on /home/airflow/.local/lib/python3.7/site-packages/airflow/example_dags/example_latest_only_with_trigger.py
[2024-07-01T17:12:01.461+0000] {processor.py:756} INFO - Processing file /home/airflow/.local/lib/python3.7/site-packages/airflow/example_dags/example_latest_only_with_trigger.py for tasks to queue
[2024-07-01T17:12:01.462+0000] {logging_mixin.py:120} INFO - [2024-07-01T17:12:01.462+0000] {dagbag.py:537} INFO - Filling up the DagBag from /home/airflow/.local/lib/python3.7/site-packages/airflow/example_dags/example_latest_only_with_trigger.py
[2024-07-01T17:12:01.474+0000] {processor.py:766} INFO - DAG(s) dict_keys(['latest_only_with_trigger']) retrieved from /home/airflow/.local/lib/python3.7/site-packages/airflow/example_dags/example_latest_only_with_trigger.py
[2024-07-01T17:12:01.510+0000] {logging_mixin.py:120} INFO - [2024-07-01T17:12:01.509+0000] {dag.py:2585} INFO - Sync 1 DAGs
[2024-07-01T17:12:01.531+0000] {logging_mixin.py:120} INFO - [2024-07-01T17:12:01.531+0000] {dag.py:3340} INFO - Setting next_dagrun for latest_only_with_trigger to 2024-07-01T13:12:01.531539+00:00, run_after=2024-07-01T17:12:01.531539+00:00
[2024-07-01T17:12:01.548+0000] {processor.py:176} INFO - Processing /home/airflow/.local/lib/python3.7/site-packages/airflow/example_dags/example_latest_only_with_trigger.py took 0.091 seconds
[2024-07-01T17:12:32.153+0000] {processor.py:154} INFO - Started process (PID=1048) to work on /home/airflow/.local/lib/python3.7/site-packages/airflow/example_dags/example_latest_only_with_trigger.py
[2024-07-01T17:12:32.154+0000] {processor.py:756} INFO - Processing file /home/airflow/.local/lib/python3.7/site-packages/airflow/example_dags/example_latest_only_with_trigger.py for tasks to queue
[2024-07-01T17:12:32.155+0000] {logging_mixin.py:120} INFO - [2024-07-01T17:12:32.155+0000] {dagbag.py:537} INFO - Filling up the DagBag from /home/airflow/.local/lib/python3.7/site-packages/airflow/example_dags/example_latest_only_with_trigger.py
[2024-07-01T17:12:32.167+0000] {processor.py:766} INFO - DAG(s) dict_keys(['latest_only_with_trigger']) retrieved from /home/airflow/.local/lib/python3.7/site-packages/airflow/example_dags/example_latest_only_with_trigger.py
[2024-07-01T17:12:32.203+0000] {logging_mixin.py:120} INFO - [2024-07-01T17:12:32.202+0000] {dag.py:2585} INFO - Sync 1 DAGs
[2024-07-01T17:12:32.225+0000] {logging_mixin.py:120} INFO - [2024-07-01T17:12:32.225+0000] {dag.py:3340} INFO - Setting next_dagrun for latest_only_with_trigger to 2024-07-01T13:12:32.225260+00:00, run_after=2024-07-01T17:12:32.225260+00:00
[2024-07-01T17:12:32.242+0000] {processor.py:176} INFO - Processing /home/airflow/.local/lib/python3.7/site-packages/airflow/example_dags/example_latest_only_with_trigger.py took 0.092 seconds
[2024-07-01T17:13:02.628+0000] {processor.py:154} INFO - Started process (PID=1115) to work on /home/airflow/.local/lib/python3.7/site-packages/airflow/example_dags/example_latest_only_with_trigger.py
[2024-07-01T17:13:02.629+0000] {processor.py:756} INFO - Processing file /home/airflow/.local/lib/python3.7/site-packages/airflow/example_dags/example_latest_only_with_trigger.py for tasks to queue
[2024-07-01T17:13:02.630+0000] {logging_mixin.py:120} INFO - [2024-07-01T17:13:02.630+0000] {dagbag.py:537} INFO - Filling up the DagBag from /home/airflow/.local/lib/python3.7/site-packages/airflow/example_dags/example_latest_only_with_trigger.py
[2024-07-01T17:13:02.644+0000] {processor.py:766} INFO - DAG(s) dict_keys(['latest_only_with_trigger']) retrieved from /home/airflow/.local/lib/python3.7/site-packages/airflow/example_dags/example_latest_only_with_trigger.py
[2024-07-01T17:13:02.679+0000] {logging_mixin.py:120} INFO - [2024-07-01T17:13:02.679+0000] {dag.py:2585} INFO - Sync 1 DAGs
[2024-07-01T17:13:02.702+0000] {logging_mixin.py:120} INFO - [2024-07-01T17:13:02.702+0000] {dag.py:3340} INFO - Setting next_dagrun for latest_only_with_trigger to 2024-07-01T13:13:02.701945+00:00, run_after=2024-07-01T17:13:02.701945+00:00
[2024-07-01T17:13:02.718+0000] {processor.py:176} INFO - Processing /home/airflow/.local/lib/python3.7/site-packages/airflow/example_dags/example_latest_only_with_trigger.py took 0.093 seconds
[2024-07-01T17:13:33.175+0000] {processor.py:154} INFO - Started process (PID=1181) to work on /home/airflow/.local/lib/python3.7/site-packages/airflow/example_dags/example_latest_only_with_trigger.py
[2024-07-01T17:13:33.176+0000] {processor.py:756} INFO - Processing file /home/airflow/.local/lib/python3.7/site-packages/airflow/example_dags/example_latest_only_with_trigger.py for tasks to queue
[2024-07-01T17:13:33.177+0000] {logging_mixin.py:120} INFO - [2024-07-01T17:13:33.177+0000] {dagbag.py:537} INFO - Filling up the DagBag from /home/airflow/.local/lib/python3.7/site-packages/airflow/example_dags/example_latest_only_with_trigger.py
[2024-07-01T17:13:33.190+0000] {processor.py:766} INFO - DAG(s) dict_keys(['latest_only_with_trigger']) retrieved from /home/airflow/.local/lib/python3.7/site-packages/airflow/example_dags/example_latest_only_with_trigger.py
[2024-07-01T17:13:33.226+0000] {logging_mixin.py:120} INFO - [2024-07-01T17:13:33.226+0000] {dag.py:2585} INFO - Sync 1 DAGs
[2024-07-01T17:13:33.248+0000] {logging_mixin.py:120} INFO - [2024-07-01T17:13:33.248+0000] {dag.py:3340} INFO - Setting next_dagrun for latest_only_with_trigger to 2024-07-01T13:13:33.248231+00:00, run_after=2024-07-01T17:13:33.248231+00:00
[2024-07-01T17:13:33.265+0000] {processor.py:176} INFO - Processing /home/airflow/.local/lib/python3.7/site-packages/airflow/example_dags/example_latest_only_with_trigger.py took 0.093 seconds
[2024-07-01T17:14:03.918+0000] {processor.py:154} INFO - Started process (PID=1239) to work on /home/airflow/.local/lib/python3.7/site-packages/airflow/example_dags/example_latest_only_with_trigger.py
[2024-07-01T17:14:03.919+0000] {processor.py:756} INFO - Processing file /home/airflow/.local/lib/python3.7/site-packages/airflow/example_dags/example_latest_only_with_trigger.py for tasks to queue
[2024-07-01T17:14:03.919+0000] {logging_mixin.py:120} INFO - [2024-07-01T17:14:03.919+0000] {dagbag.py:537} INFO - Filling up the DagBag from /home/airflow/.local/lib/python3.7/site-packages/airflow/example_dags/example_latest_only_with_trigger.py
[2024-07-01T17:14:03.932+0000] {processor.py:766} INFO - DAG(s) dict_keys(['latest_only_with_trigger']) retrieved from /home/airflow/.local/lib/python3.7/site-packages/airflow/example_dags/example_latest_only_with_trigger.py
[2024-07-01T17:14:03.965+0000] {logging_mixin.py:120} INFO - [2024-07-01T17:14:03.965+0000] {dag.py:2585} INFO - Sync 1 DAGs
[2024-07-01T17:14:03.986+0000] {logging_mixin.py:120} INFO - [2024-07-01T17:14:03.986+0000] {dag.py:3340} INFO - Setting next_dagrun for latest_only_with_trigger to 2024-07-01T13:14:03.986415+00:00, run_after=2024-07-01T17:14:03.986415+00:00
[2024-07-01T17:14:04.002+0000] {processor.py:176} INFO - Processing /home/airflow/.local/lib/python3.7/site-packages/airflow/example_dags/example_latest_only_with_trigger.py took 0.087 seconds
[2024-07-01T17:14:34.475+0000] {processor.py:154} INFO - Started process (PID=1305) to work on /home/airflow/.local/lib/python3.7/site-packages/airflow/example_dags/example_latest_only_with_trigger.py
[2024-07-01T17:14:34.476+0000] {processor.py:756} INFO - Processing file /home/airflow/.local/lib/python3.7/site-packages/airflow/example_dags/example_latest_only_with_trigger.py for tasks to queue
[2024-07-01T17:14:34.477+0000] {logging_mixin.py:120} INFO - [2024-07-01T17:14:34.477+0000] {dagbag.py:537} INFO - Filling up the DagBag from /home/airflow/.local/lib/python3.7/site-packages/airflow/example_dags/example_latest_only_with_trigger.py
[2024-07-01T17:14:34.490+0000] {processor.py:766} INFO - DAG(s) dict_keys(['latest_only_with_trigger']) retrieved from /home/airflow/.local/lib/python3.7/site-packages/airflow/example_dags/example_latest_only_with_trigger.py
[2024-07-01T17:14:34.525+0000] {logging_mixin.py:120} INFO - [2024-07-01T17:14:34.524+0000] {dag.py:2585} INFO - Sync 1 DAGs
[2024-07-01T17:14:34.549+0000] {logging_mixin.py:120} INFO - [2024-07-01T17:14:34.549+0000] {dag.py:3340} INFO - Setting next_dagrun for latest_only_with_trigger to 2024-07-01T13:14:34.549456+00:00, run_after=2024-07-01T17:14:34.549456+00:00
[2024-07-01T17:14:34.569+0000] {processor.py:176} INFO - Processing /home/airflow/.local/lib/python3.7/site-packages/airflow/example_dags/example_latest_only_with_trigger.py took 0.097 seconds
[2024-07-01T17:15:05.227+0000] {processor.py:154} INFO - Started process (PID=1372) to work on /home/airflow/.local/lib/python3.7/site-packages/airflow/example_dags/example_latest_only_with_trigger.py
[2024-07-01T17:15:05.228+0000] {processor.py:756} INFO - Processing file /home/airflow/.local/lib/python3.7/site-packages/airflow/example_dags/example_latest_only_with_trigger.py for tasks to queue
[2024-07-01T17:15:05.229+0000] {logging_mixin.py:120} INFO - [2024-07-01T17:15:05.229+0000] {dagbag.py:537} INFO - Filling up the DagBag from /home/airflow/.local/lib/python3.7/site-packages/airflow/example_dags/example_latest_only_with_trigger.py
[2024-07-01T17:15:05.241+0000] {processor.py:766} INFO - DAG(s) dict_keys(['latest_only_with_trigger']) retrieved from /home/airflow/.local/lib/python3.7/site-packages/airflow/example_dags/example_latest_only_with_trigger.py
[2024-07-01T17:15:05.275+0000] {logging_mixin.py:120} INFO - [2024-07-01T17:15:05.275+0000] {dag.py:2585} INFO - Sync 1 DAGs
[2024-07-01T17:15:05.299+0000] {logging_mixin.py:120} INFO - [2024-07-01T17:15:05.299+0000] {dag.py:3340} INFO - Setting next_dagrun for latest_only_with_trigger to 2024-07-01T13:15:05.299337+00:00, run_after=2024-07-01T17:15:05.299337+00:00
[2024-07-01T17:15:05.316+0000] {processor.py:176} INFO - Processing /home/airflow/.local/lib/python3.7/site-packages/airflow/example_dags/example_latest_only_with_trigger.py took 0.092 seconds
[2024-07-01T17:15:35.838+0000] {processor.py:154} INFO - Started process (PID=1439) to work on /home/airflow/.local/lib/python3.7/site-packages/airflow/example_dags/example_latest_only_with_trigger.py
[2024-07-01T17:15:35.839+0000] {processor.py:756} INFO - Processing file /home/airflow/.local/lib/python3.7/site-packages/airflow/example_dags/example_latest_only_with_trigger.py for tasks to queue
[2024-07-01T17:15:35.840+0000] {logging_mixin.py:120} INFO - [2024-07-01T17:15:35.840+0000] {dagbag.py:537} INFO - Filling up the DagBag from /home/airflow/.local/lib/python3.7/site-packages/airflow/example_dags/example_latest_only_with_trigger.py
[2024-07-01T17:15:35.853+0000] {processor.py:766} INFO - DAG(s) dict_keys(['latest_only_with_trigger']) retrieved from /home/airflow/.local/lib/python3.7/site-packages/airflow/example_dags/example_latest_only_with_trigger.py
[2024-07-01T17:15:35.889+0000] {logging_mixin.py:120} INFO - [2024-07-01T17:15:35.888+0000] {dag.py:2585} INFO - Sync 1 DAGs
[2024-07-01T17:15:35.911+0000] {logging_mixin.py:120} INFO - [2024-07-01T17:15:35.911+0000] {dag.py:3340} INFO - Setting next_dagrun for latest_only_with_trigger to 2024-07-01T13:15:35.910845+00:00, run_after=2024-07-01T17:15:35.910845+00:00
[2024-07-01T17:15:35.927+0000] {processor.py:176} INFO - Processing /home/airflow/.local/lib/python3.7/site-packages/airflow/example_dags/example_latest_only_with_trigger.py took 0.091 seconds
[2024-07-01T17:16:06.470+0000] {processor.py:154} INFO - Started process (PID=1497) to work on /home/airflow/.local/lib/python3.7/site-packages/airflow/example_dags/example_latest_only_with_trigger.py
[2024-07-01T17:16:06.471+0000] {processor.py:756} INFO - Processing file /home/airflow/.local/lib/python3.7/site-packages/airflow/example_dags/example_latest_only_with_trigger.py for tasks to queue
[2024-07-01T17:16:06.472+0000] {logging_mixin.py:120} INFO - [2024-07-01T17:16:06.472+0000] {dagbag.py:537} INFO - Filling up the DagBag from /home/airflow/.local/lib/python3.7/site-packages/airflow/example_dags/example_latest_only_with_trigger.py
[2024-07-01T17:16:06.486+0000] {processor.py:766} INFO - DAG(s) dict_keys(['latest_only_with_trigger']) retrieved from /home/airflow/.local/lib/python3.7/site-packages/airflow/example_dags/example_latest_only_with_trigger.py
[2024-07-01T17:16:06.522+0000] {logging_mixin.py:120} INFO - [2024-07-01T17:16:06.522+0000] {dag.py:2585} INFO - Sync 1 DAGs
[2024-07-01T17:16:06.545+0000] {logging_mixin.py:120} INFO - [2024-07-01T17:16:06.545+0000] {dag.py:3340} INFO - Setting next_dagrun for latest_only_with_trigger to 2024-07-01T13:16:06.545620+00:00, run_after=2024-07-01T17:16:06.545620+00:00
[2024-07-01T17:16:06.563+0000] {processor.py:176} INFO - Processing /home/airflow/.local/lib/python3.7/site-packages/airflow/example_dags/example_latest_only_with_trigger.py took 0.096 seconds
[2024-07-01T17:16:37.242+0000] {processor.py:154} INFO - Started process (PID=1565) to work on /home/airflow/.local/lib/python3.7/site-packages/airflow/example_dags/example_latest_only_with_trigger.py
[2024-07-01T17:16:37.243+0000] {processor.py:756} INFO - Processing file /home/airflow/.local/lib/python3.7/site-packages/airflow/example_dags/example_latest_only_with_trigger.py for tasks to queue
[2024-07-01T17:16:37.244+0000] {logging_mixin.py:120} INFO - [2024-07-01T17:16:37.244+0000] {dagbag.py:537} INFO - Filling up the DagBag from /home/airflow/.local/lib/python3.7/site-packages/airflow/example_dags/example_latest_only_with_trigger.py
[2024-07-01T17:16:37.258+0000] {processor.py:766} INFO - DAG(s) dict_keys(['latest_only_with_trigger']) retrieved from /home/airflow/.local/lib/python3.7/site-packages/airflow/example_dags/example_latest_only_with_trigger.py
[2024-07-01T17:16:37.301+0000] {logging_mixin.py:120} INFO - [2024-07-01T17:16:37.301+0000] {dag.py:2585} INFO - Sync 1 DAGs
[2024-07-01T17:16:37.326+0000] {logging_mixin.py:120} INFO - [2024-07-01T17:16:37.326+0000] {dag.py:3340} INFO - Setting next_dagrun for latest_only_with_trigger to 2024-07-01T13:16:37.326517+00:00, run_after=2024-07-01T17:16:37.326517+00:00
[2024-07-01T17:16:37.345+0000] {processor.py:176} INFO - Processing /home/airflow/.local/lib/python3.7/site-packages/airflow/example_dags/example_latest_only_with_trigger.py took 0.107 seconds
[2024-07-01T17:17:07.920+0000] {processor.py:154} INFO - Started process (PID=1632) to work on /home/airflow/.local/lib/python3.7/site-packages/airflow/example_dags/example_latest_only_with_trigger.py
[2024-07-01T17:17:07.921+0000] {processor.py:756} INFO - Processing file /home/airflow/.local/lib/python3.7/site-packages/airflow/example_dags/example_latest_only_with_trigger.py for tasks to queue
[2024-07-01T17:17:07.921+0000] {logging_mixin.py:120} INFO - [2024-07-01T17:17:07.921+0000] {dagbag.py:537} INFO - Filling up the DagBag from /home/airflow/.local/lib/python3.7/site-packages/airflow/example_dags/example_latest_only_with_trigger.py
[2024-07-01T17:17:07.934+0000] {processor.py:766} INFO - DAG(s) dict_keys(['latest_only_with_trigger']) retrieved from /home/airflow/.local/lib/python3.7/site-packages/airflow/example_dags/example_latest_only_with_trigger.py
[2024-07-01T17:17:07.972+0000] {logging_mixin.py:120} INFO - [2024-07-01T17:17:07.972+0000] {dag.py:2585} INFO - Sync 1 DAGs
[2024-07-01T17:17:07.999+0000] {logging_mixin.py:120} INFO - [2024-07-01T17:17:07.999+0000] {dag.py:3340} INFO - Setting next_dagrun for latest_only_with_trigger to 2024-07-01T13:17:07.998859+00:00, run_after=2024-07-01T17:17:07.998859+00:00
[2024-07-01T17:17:08.016+0000] {processor.py:176} INFO - Processing /home/airflow/.local/lib/python3.7/site-packages/airflow/example_dags/example_latest_only_with_trigger.py took 0.099 seconds
[2024-07-01T17:17:38.597+0000] {processor.py:154} INFO - Started process (PID=1699) to work on /home/airflow/.local/lib/python3.7/site-packages/airflow/example_dags/example_latest_only_with_trigger.py
[2024-07-01T17:17:38.598+0000] {processor.py:756} INFO - Processing file /home/airflow/.local/lib/python3.7/site-packages/airflow/example_dags/example_latest_only_with_trigger.py for tasks to queue
[2024-07-01T17:17:38.599+0000] {logging_mixin.py:120} INFO - [2024-07-01T17:17:38.598+0000] {dagbag.py:537} INFO - Filling up the DagBag from /home/airflow/.local/lib/python3.7/site-packages/airflow/example_dags/example_latest_only_with_trigger.py
[2024-07-01T17:17:38.611+0000] {processor.py:766} INFO - DAG(s) dict_keys(['latest_only_with_trigger']) retrieved from /home/airflow/.local/lib/python3.7/site-packages/airflow/example_dags/example_latest_only_with_trigger.py
[2024-07-01T17:17:38.647+0000] {logging_mixin.py:120} INFO - [2024-07-01T17:17:38.647+0000] {dag.py:2585} INFO - Sync 1 DAGs
[2024-07-01T17:17:38.673+0000] {logging_mixin.py:120} INFO - [2024-07-01T17:17:38.673+0000] {dag.py:3340} INFO - Setting next_dagrun for latest_only_with_trigger to 2024-07-01T13:17:38.672853+00:00, run_after=2024-07-01T17:17:38.672853+00:00
[2024-07-01T17:17:38.690+0000] {processor.py:176} INFO - Processing /home/airflow/.local/lib/python3.7/site-packages/airflow/example_dags/example_latest_only_with_trigger.py took 0.096 seconds
[2024-07-01T17:18:09.244+0000] {processor.py:154} INFO - Started process (PID=1757) to work on /home/airflow/.local/lib/python3.7/site-packages/airflow/example_dags/example_latest_only_with_trigger.py
[2024-07-01T17:18:09.245+0000] {processor.py:756} INFO - Processing file /home/airflow/.local/lib/python3.7/site-packages/airflow/example_dags/example_latest_only_with_trigger.py for tasks to queue
[2024-07-01T17:18:09.246+0000] {logging_mixin.py:120} INFO - [2024-07-01T17:18:09.246+0000] {dagbag.py:537} INFO - Filling up the DagBag from /home/airflow/.local/lib/python3.7/site-packages/airflow/example_dags/example_latest_only_with_trigger.py
[2024-07-01T17:18:09.260+0000] {processor.py:766} INFO - DAG(s) dict_keys(['latest_only_with_trigger']) retrieved from /home/airflow/.local/lib/python3.7/site-packages/airflow/example_dags/example_latest_only_with_trigger.py
[2024-07-01T17:18:09.297+0000] {logging_mixin.py:120} INFO - [2024-07-01T17:18:09.297+0000] {dag.py:2585} INFO - Sync 1 DAGs
[2024-07-01T17:18:09.321+0000] {logging_mixin.py:120} INFO - [2024-07-01T17:18:09.321+0000] {dag.py:3340} INFO - Setting next_dagrun for latest_only_with_trigger to 2024-07-01T13:18:09.320964+00:00, run_after=2024-07-01T17:18:09.320964+00:00
[2024-07-01T17:18:09.341+0000] {processor.py:176} INFO - Processing /home/airflow/.local/lib/python3.7/site-packages/airflow/example_dags/example_latest_only_with_trigger.py took 0.101 seconds
[2024-07-01T17:18:39.999+0000] {processor.py:154} INFO - Started process (PID=1824) to work on /home/airflow/.local/lib/python3.7/site-packages/airflow/example_dags/example_latest_only_with_trigger.py
[2024-07-01T17:18:40.000+0000] {processor.py:756} INFO - Processing file /home/airflow/.local/lib/python3.7/site-packages/airflow/example_dags/example_latest_only_with_trigger.py for tasks to queue
[2024-07-01T17:18:40.001+0000] {logging_mixin.py:120} INFO - [2024-07-01T17:18:40.001+0000] {dagbag.py:537} INFO - Filling up the DagBag from /home/airflow/.local/lib/python3.7/site-packages/airflow/example_dags/example_latest_only_with_trigger.py
[2024-07-01T17:18:40.015+0000] {processor.py:766} INFO - DAG(s) dict_keys(['latest_only_with_trigger']) retrieved from /home/airflow/.local/lib/python3.7/site-packages/airflow/example_dags/example_latest_only_with_trigger.py
[2024-07-01T17:18:40.053+0000] {logging_mixin.py:120} INFO - [2024-07-01T17:18:40.053+0000] {dag.py:2585} INFO - Sync 1 DAGs
[2024-07-01T17:18:40.078+0000] {logging_mixin.py:120} INFO - [2024-07-01T17:18:40.078+0000] {dag.py:3340} INFO - Setting next_dagrun for latest_only_with_trigger to 2024-07-01T13:18:40.077824+00:00, run_after=2024-07-01T17:18:40.077824+00:00
[2024-07-01T17:18:40.097+0000] {processor.py:176} INFO - Processing /home/airflow/.local/lib/python3.7/site-packages/airflow/example_dags/example_latest_only_with_trigger.py took 0.101 seconds
[2024-07-01T17:19:10.743+0000] {processor.py:154} INFO - Started process (PID=1891) to work on /home/airflow/.local/lib/python3.7/site-packages/airflow/example_dags/example_latest_only_with_trigger.py
[2024-07-01T17:19:10.744+0000] {processor.py:756} INFO - Processing file /home/airflow/.local/lib/python3.7/site-packages/airflow/example_dags/example_latest_only_with_trigger.py for tasks to queue
[2024-07-01T17:19:10.745+0000] {logging_mixin.py:120} INFO - [2024-07-01T17:19:10.745+0000] {dagbag.py:537} INFO - Filling up the DagBag from /home/airflow/.local/lib/python3.7/site-packages/airflow/example_dags/example_latest_only_with_trigger.py
[2024-07-01T17:19:10.759+0000] {processor.py:766} INFO - DAG(s) dict_keys(['latest_only_with_trigger']) retrieved from /home/airflow/.local/lib/python3.7/site-packages/airflow/example_dags/example_latest_only_with_trigger.py
[2024-07-01T17:19:10.797+0000] {logging_mixin.py:120} INFO - [2024-07-01T17:19:10.797+0000] {dag.py:2585} INFO - Sync 1 DAGs
[2024-07-01T17:19:10.823+0000] {logging_mixin.py:120} INFO - [2024-07-01T17:19:10.823+0000] {dag.py:3340} INFO - Setting next_dagrun for latest_only_with_trigger to 2024-07-01T13:19:10.822935+00:00, run_after=2024-07-01T17:19:10.822935+00:00
[2024-07-01T17:19:10.841+0000] {processor.py:176} INFO - Processing /home/airflow/.local/lib/python3.7/site-packages/airflow/example_dags/example_latest_only_with_trigger.py took 0.100 seconds
[2024-07-01T17:19:41.644+0000] {processor.py:154} INFO - Started process (PID=1960) to work on /home/airflow/.local/lib/python3.7/site-packages/airflow/example_dags/example_latest_only_with_trigger.py
[2024-07-01T17:19:41.645+0000] {processor.py:756} INFO - Processing file /home/airflow/.local/lib/python3.7/site-packages/airflow/example_dags/example_latest_only_with_trigger.py for tasks to queue
[2024-07-01T17:19:41.646+0000] {logging_mixin.py:120} INFO - [2024-07-01T17:19:41.646+0000] {dagbag.py:537} INFO - Filling up the DagBag from /home/airflow/.local/lib/python3.7/site-packages/airflow/example_dags/example_latest_only_with_trigger.py
[2024-07-01T17:19:41.659+0000] {processor.py:766} INFO - DAG(s) dict_keys(['latest_only_with_trigger']) retrieved from /home/airflow/.local/lib/python3.7/site-packages/airflow/example_dags/example_latest_only_with_trigger.py
[2024-07-01T17:19:41.696+0000] {logging_mixin.py:120} INFO - [2024-07-01T17:19:41.695+0000] {dag.py:2585} INFO - Sync 1 DAGs
[2024-07-01T17:19:41.719+0000] {logging_mixin.py:120} INFO - [2024-07-01T17:19:41.719+0000] {dag.py:3340} INFO - Setting next_dagrun for latest_only_with_trigger to 2024-07-01T13:19:41.719059+00:00, run_after=2024-07-01T17:19:41.719059+00:00
[2024-07-01T17:19:41.738+0000] {processor.py:176} INFO - Processing /home/airflow/.local/lib/python3.7/site-packages/airflow/example_dags/example_latest_only_with_trigger.py took 0.097 seconds
[2024-07-01T17:20:12.713+0000] {processor.py:154} INFO - Started process (PID=2028) to work on /home/airflow/.local/lib/python3.7/site-packages/airflow/example_dags/example_latest_only_with_trigger.py
[2024-07-01T17:20:12.714+0000] {processor.py:756} INFO - Processing file /home/airflow/.local/lib/python3.7/site-packages/airflow/example_dags/example_latest_only_with_trigger.py for tasks to queue
[2024-07-01T17:20:12.715+0000] {logging_mixin.py:120} INFO - [2024-07-01T17:20:12.715+0000] {dagbag.py:537} INFO - Filling up the DagBag from /home/airflow/.local/lib/python3.7/site-packages/airflow/example_dags/example_latest_only_with_trigger.py
[2024-07-01T17:20:12.728+0000] {processor.py:766} INFO - DAG(s) dict_keys(['latest_only_with_trigger']) retrieved from /home/airflow/.local/lib/python3.7/site-packages/airflow/example_dags/example_latest_only_with_trigger.py
[2024-07-01T17:20:12.766+0000] {logging_mixin.py:120} INFO - [2024-07-01T17:20:12.765+0000] {dag.py:2585} INFO - Sync 1 DAGs
[2024-07-01T17:20:12.792+0000] {logging_mixin.py:120} INFO - [2024-07-01T17:20:12.792+0000] {dag.py:3340} INFO - Setting next_dagrun for latest_only_with_trigger to 2024-07-01T13:20:12.791643+00:00, run_after=2024-07-01T17:20:12.791643+00:00
[2024-07-01T17:20:12.814+0000] {processor.py:176} INFO - Processing /home/airflow/.local/lib/python3.7/site-packages/airflow/example_dags/example_latest_only_with_trigger.py took 0.103 seconds
[2024-07-01T17:20:43.619+0000] {processor.py:154} INFO - Started process (PID=2086) to work on /home/airflow/.local/lib/python3.7/site-packages/airflow/example_dags/example_latest_only_with_trigger.py
[2024-07-01T17:20:43.620+0000] {processor.py:756} INFO - Processing file /home/airflow/.local/lib/python3.7/site-packages/airflow/example_dags/example_latest_only_with_trigger.py for tasks to queue
[2024-07-01T17:20:43.621+0000] {logging_mixin.py:120} INFO - [2024-07-01T17:20:43.621+0000] {dagbag.py:537} INFO - Filling up the DagBag from /home/airflow/.local/lib/python3.7/site-packages/airflow/example_dags/example_latest_only_with_trigger.py
[2024-07-01T17:20:43.633+0000] {processor.py:766} INFO - DAG(s) dict_keys(['latest_only_with_trigger']) retrieved from /home/airflow/.local/lib/python3.7/site-packages/airflow/example_dags/example_latest_only_with_trigger.py
[2024-07-01T17:20:43.667+0000] {logging_mixin.py:120} INFO - [2024-07-01T17:20:43.667+0000] {dag.py:2585} INFO - Sync 1 DAGs
[2024-07-01T17:20:43.690+0000] {logging_mixin.py:120} INFO - [2024-07-01T17:20:43.689+0000] {dag.py:3340} INFO - Setting next_dagrun for latest_only_with_trigger to 2024-07-01T13:20:43.689712+00:00, run_after=2024-07-01T17:20:43.689712+00:00
[2024-07-01T17:20:43.707+0000] {processor.py:176} INFO - Processing /home/airflow/.local/lib/python3.7/site-packages/airflow/example_dags/example_latest_only_with_trigger.py took 0.091 seconds
[2024-07-01T17:21:14.108+0000] {processor.py:154} INFO - Started process (PID=2152) to work on /home/airflow/.local/lib/python3.7/site-packages/airflow/example_dags/example_latest_only_with_trigger.py
[2024-07-01T17:21:14.109+0000] {processor.py:756} INFO - Processing file /home/airflow/.local/lib/python3.7/site-packages/airflow/example_dags/example_latest_only_with_trigger.py for tasks to queue
[2024-07-01T17:21:14.110+0000] {logging_mixin.py:120} INFO - [2024-07-01T17:21:14.110+0000] {dagbag.py:537} INFO - Filling up the DagBag from /home/airflow/.local/lib/python3.7/site-packages/airflow/example_dags/example_latest_only_with_trigger.py
[2024-07-01T17:21:14.122+0000] {processor.py:766} INFO - DAG(s) dict_keys(['latest_only_with_trigger']) retrieved from /home/airflow/.local/lib/python3.7/site-packages/airflow/example_dags/example_latest_only_with_trigger.py
[2024-07-01T17:21:14.156+0000] {logging_mixin.py:120} INFO - [2024-07-01T17:21:14.156+0000] {dag.py:2585} INFO - Sync 1 DAGs
[2024-07-01T17:21:14.178+0000] {logging_mixin.py:120} INFO - [2024-07-01T17:21:14.178+0000] {dag.py:3340} INFO - Setting next_dagrun for latest_only_with_trigger to 2024-07-01T13:21:14.178507+00:00, run_after=2024-07-01T17:21:14.178507+00:00
[2024-07-01T17:21:14.194+0000] {processor.py:176} INFO - Processing /home/airflow/.local/lib/python3.7/site-packages/airflow/example_dags/example_latest_only_with_trigger.py took 0.089 seconds
[2024-07-01T17:21:44.700+0000] {processor.py:154} INFO - Started process (PID=2219) to work on /home/airflow/.local/lib/python3.7/site-packages/airflow/example_dags/example_latest_only_with_trigger.py
[2024-07-01T17:21:44.701+0000] {processor.py:756} INFO - Processing file /home/airflow/.local/lib/python3.7/site-packages/airflow/example_dags/example_latest_only_with_trigger.py for tasks to queue
[2024-07-01T17:21:44.702+0000] {logging_mixin.py:120} INFO - [2024-07-01T17:21:44.702+0000] {dagbag.py:537} INFO - Filling up the DagBag from /home/airflow/.local/lib/python3.7/site-packages/airflow/example_dags/example_latest_only_with_trigger.py
[2024-07-01T17:21:44.716+0000] {processor.py:766} INFO - DAG(s) dict_keys(['latest_only_with_trigger']) retrieved from /home/airflow/.local/lib/python3.7/site-packages/airflow/example_dags/example_latest_only_with_trigger.py
[2024-07-01T17:21:44.754+0000] {logging_mixin.py:120} INFO - [2024-07-01T17:21:44.753+0000] {dag.py:2585} INFO - Sync 1 DAGs
[2024-07-01T17:21:44.777+0000] {logging_mixin.py:120} INFO - [2024-07-01T17:21:44.777+0000] {dag.py:3340} INFO - Setting next_dagrun for latest_only_with_trigger to 2024-07-01T13:21:44.777586+00:00, run_after=2024-07-01T17:21:44.777586+00:00
[2024-07-01T17:21:44.793+0000] {processor.py:176} INFO - Processing /home/airflow/.local/lib/python3.7/site-packages/airflow/example_dags/example_latest_only_with_trigger.py took 0.096 seconds
[2024-07-01T17:22:15.247+0000] {processor.py:154} INFO - Started process (PID=2287) to work on /home/airflow/.local/lib/python3.7/site-packages/airflow/example_dags/example_latest_only_with_trigger.py
[2024-07-01T17:22:15.248+0000] {processor.py:756} INFO - Processing file /home/airflow/.local/lib/python3.7/site-packages/airflow/example_dags/example_latest_only_with_trigger.py for tasks to queue
[2024-07-01T17:22:15.249+0000] {logging_mixin.py:120} INFO - [2024-07-01T17:22:15.249+0000] {dagbag.py:537} INFO - Filling up the DagBag from /home/airflow/.local/lib/python3.7/site-packages/airflow/example_dags/example_latest_only_with_trigger.py
[2024-07-01T17:22:15.262+0000] {processor.py:766} INFO - DAG(s) dict_keys(['latest_only_with_trigger']) retrieved from /home/airflow/.local/lib/python3.7/site-packages/airflow/example_dags/example_latest_only_with_trigger.py
[2024-07-01T17:22:15.296+0000] {logging_mixin.py:120} INFO - [2024-07-01T17:22:15.296+0000] {dag.py:2585} INFO - Sync 1 DAGs
[2024-07-01T17:22:15.319+0000] {logging_mixin.py:120} INFO - [2024-07-01T17:22:15.319+0000] {dag.py:3340} INFO - Setting next_dagrun for latest_only_with_trigger to 2024-07-01T13:22:15.319035+00:00, run_after=2024-07-01T17:22:15.319035+00:00
[2024-07-01T17:22:15.337+0000] {processor.py:176} INFO - Processing /home/airflow/.local/lib/python3.7/site-packages/airflow/example_dags/example_latest_only_with_trigger.py took 0.093 seconds
[2024-07-01T17:22:45.816+0000] {processor.py:154} INFO - Started process (PID=2345) to work on /home/airflow/.local/lib/python3.7/site-packages/airflow/example_dags/example_latest_only_with_trigger.py
[2024-07-01T17:22:45.817+0000] {processor.py:756} INFO - Processing file /home/airflow/.local/lib/python3.7/site-packages/airflow/example_dags/example_latest_only_with_trigger.py for tasks to queue
[2024-07-01T17:22:45.817+0000] {logging_mixin.py:120} INFO - [2024-07-01T17:22:45.817+0000] {dagbag.py:537} INFO - Filling up the DagBag from /home/airflow/.local/lib/python3.7/site-packages/airflow/example_dags/example_latest_only_with_trigger.py
[2024-07-01T17:22:45.831+0000] {processor.py:766} INFO - DAG(s) dict_keys(['latest_only_with_trigger']) retrieved from /home/airflow/.local/lib/python3.7/site-packages/airflow/example_dags/example_latest_only_with_trigger.py
[2024-07-01T17:22:45.865+0000] {logging_mixin.py:120} INFO - [2024-07-01T17:22:45.865+0000] {dag.py:2585} INFO - Sync 1 DAGs
[2024-07-01T17:22:45.889+0000] {logging_mixin.py:120} INFO - [2024-07-01T17:22:45.889+0000] {dag.py:3340} INFO - Setting next_dagrun for latest_only_with_trigger to 2024-07-01T13:22:45.889125+00:00, run_after=2024-07-01T17:22:45.889125+00:00
[2024-07-01T17:22:45.907+0000] {processor.py:176} INFO - Processing /home/airflow/.local/lib/python3.7/site-packages/airflow/example_dags/example_latest_only_with_trigger.py took 0.094 seconds
[2024-07-01T17:23:16.633+0000] {processor.py:154} INFO - Started process (PID=2412) to work on /home/airflow/.local/lib/python3.7/site-packages/airflow/example_dags/example_latest_only_with_trigger.py
[2024-07-01T17:23:16.634+0000] {processor.py:756} INFO - Processing file /home/airflow/.local/lib/python3.7/site-packages/airflow/example_dags/example_latest_only_with_trigger.py for tasks to queue
[2024-07-01T17:23:16.634+0000] {logging_mixin.py:120} INFO - [2024-07-01T17:23:16.634+0000] {dagbag.py:537} INFO - Filling up the DagBag from /home/airflow/.local/lib/python3.7/site-packages/airflow/example_dags/example_latest_only_with_trigger.py
[2024-07-01T17:23:16.648+0000] {processor.py:766} INFO - DAG(s) dict_keys(['latest_only_with_trigger']) retrieved from /home/airflow/.local/lib/python3.7/site-packages/airflow/example_dags/example_latest_only_with_trigger.py
[2024-07-01T17:23:16.685+0000] {logging_mixin.py:120} INFO - [2024-07-01T17:23:16.685+0000] {dag.py:2585} INFO - Sync 1 DAGs
[2024-07-01T17:23:16.709+0000] {logging_mixin.py:120} INFO - [2024-07-01T17:23:16.709+0000] {dag.py:3340} INFO - Setting next_dagrun for latest_only_with_trigger to 2024-07-01T13:23:16.709257+00:00, run_after=2024-07-01T17:23:16.709257+00:00
[2024-07-01T17:23:16.727+0000] {processor.py:176} INFO - Processing /home/airflow/.local/lib/python3.7/site-packages/airflow/example_dags/example_latest_only_with_trigger.py took 0.098 seconds
[2024-07-01T17:23:47.387+0000] {processor.py:154} INFO - Started process (PID=2479) to work on /home/airflow/.local/lib/python3.7/site-packages/airflow/example_dags/example_latest_only_with_trigger.py
[2024-07-01T17:23:47.387+0000] {processor.py:756} INFO - Processing file /home/airflow/.local/lib/python3.7/site-packages/airflow/example_dags/example_latest_only_with_trigger.py for tasks to queue
[2024-07-01T17:23:47.388+0000] {logging_mixin.py:120} INFO - [2024-07-01T17:23:47.388+0000] {dagbag.py:537} INFO - Filling up the DagBag from /home/airflow/.local/lib/python3.7/site-packages/airflow/example_dags/example_latest_only_with_trigger.py
[2024-07-01T17:23:47.402+0000] {processor.py:766} INFO - DAG(s) dict_keys(['latest_only_with_trigger']) retrieved from /home/airflow/.local/lib/python3.7/site-packages/airflow/example_dags/example_latest_only_with_trigger.py
[2024-07-01T17:23:47.438+0000] {logging_mixin.py:120} INFO - [2024-07-01T17:23:47.438+0000] {dag.py:2585} INFO - Sync 1 DAGs
[2024-07-01T17:23:47.462+0000] {logging_mixin.py:120} INFO - [2024-07-01T17:23:47.462+0000] {dag.py:3340} INFO - Setting next_dagrun for latest_only_with_trigger to 2024-07-01T13:23:47.462236+00:00, run_after=2024-07-01T17:23:47.462236+00:00
[2024-07-01T17:23:47.480+0000] {processor.py:176} INFO - Processing /home/airflow/.local/lib/python3.7/site-packages/airflow/example_dags/example_latest_only_with_trigger.py took 0.096 seconds
[2024-07-01T17:24:18.516+0000] {processor.py:154} INFO - Started process (PID=2546) to work on /home/airflow/.local/lib/python3.7/site-packages/airflow/example_dags/example_latest_only_with_trigger.py
[2024-07-01T17:24:18.517+0000] {processor.py:756} INFO - Processing file /home/airflow/.local/lib/python3.7/site-packages/airflow/example_dags/example_latest_only_with_trigger.py for tasks to queue
[2024-07-01T17:24:18.518+0000] {logging_mixin.py:120} INFO - [2024-07-01T17:24:18.518+0000] {dagbag.py:537} INFO - Filling up the DagBag from /home/airflow/.local/lib/python3.7/site-packages/airflow/example_dags/example_latest_only_with_trigger.py
[2024-07-01T17:24:18.531+0000] {processor.py:766} INFO - DAG(s) dict_keys(['latest_only_with_trigger']) retrieved from /home/airflow/.local/lib/python3.7/site-packages/airflow/example_dags/example_latest_only_with_trigger.py
[2024-07-01T17:24:18.570+0000] {logging_mixin.py:120} INFO - [2024-07-01T17:24:18.570+0000] {dag.py:2585} INFO - Sync 1 DAGs
[2024-07-01T17:24:18.594+0000] {logging_mixin.py:120} INFO - [2024-07-01T17:24:18.594+0000] {dag.py:3340} INFO - Setting next_dagrun for latest_only_with_trigger to 2024-07-01T13:24:18.594076+00:00, run_after=2024-07-01T17:24:18.594076+00:00
[2024-07-01T17:24:18.613+0000] {processor.py:176} INFO - Processing /home/airflow/.local/lib/python3.7/site-packages/airflow/example_dags/example_latest_only_with_trigger.py took 0.100 seconds
[2024-07-01T17:24:49.259+0000] {processor.py:154} INFO - Started process (PID=2613) to work on /home/airflow/.local/lib/python3.7/site-packages/airflow/example_dags/example_latest_only_with_trigger.py
[2024-07-01T17:24:49.260+0000] {processor.py:756} INFO - Processing file /home/airflow/.local/lib/python3.7/site-packages/airflow/example_dags/example_latest_only_with_trigger.py for tasks to queue
[2024-07-01T17:24:49.260+0000] {logging_mixin.py:120} INFO - [2024-07-01T17:24:49.260+0000] {dagbag.py:537} INFO - Filling up the DagBag from /home/airflow/.local/lib/python3.7/site-packages/airflow/example_dags/example_latest_only_with_trigger.py
[2024-07-01T17:24:49.274+0000] {processor.py:766} INFO - DAG(s) dict_keys(['latest_only_with_trigger']) retrieved from /home/airflow/.local/lib/python3.7/site-packages/airflow/example_dags/example_latest_only_with_trigger.py
[2024-07-01T17:24:49.309+0000] {logging_mixin.py:120} INFO - [2024-07-01T17:24:49.309+0000] {dag.py:2585} INFO - Sync 1 DAGs
[2024-07-01T17:24:49.333+0000] {logging_mixin.py:120} INFO - [2024-07-01T17:24:49.333+0000] {dag.py:3340} INFO - Setting next_dagrun for latest_only_with_trigger to 2024-07-01T13:24:49.333250+00:00, run_after=2024-07-01T17:24:49.333250+00:00
[2024-07-01T17:24:49.352+0000] {processor.py:176} INFO - Processing /home/airflow/.local/lib/python3.7/site-packages/airflow/example_dags/example_latest_only_with_trigger.py took 0.096 seconds
[2024-07-01T17:25:20.308+0000] {processor.py:154} INFO - Started process (PID=2671) to work on /home/airflow/.local/lib/python3.7/site-packages/airflow/example_dags/example_latest_only_with_trigger.py
[2024-07-01T17:25:20.309+0000] {processor.py:756} INFO - Processing file /home/airflow/.local/lib/python3.7/site-packages/airflow/example_dags/example_latest_only_with_trigger.py for tasks to queue
[2024-07-01T17:25:20.310+0000] {logging_mixin.py:120} INFO - [2024-07-01T17:25:20.310+0000] {dagbag.py:537} INFO - Filling up the DagBag from /home/airflow/.local/lib/python3.7/site-packages/airflow/example_dags/example_latest_only_with_trigger.py
[2024-07-01T17:25:20.323+0000] {processor.py:766} INFO - DAG(s) dict_keys(['latest_only_with_trigger']) retrieved from /home/airflow/.local/lib/python3.7/site-packages/airflow/example_dags/example_latest_only_with_trigger.py
[2024-07-01T17:25:20.358+0000] {logging_mixin.py:120} INFO - [2024-07-01T17:25:20.357+0000] {dag.py:2585} INFO - Sync 1 DAGs
[2024-07-01T17:25:20.380+0000] {logging_mixin.py:120} INFO - [2024-07-01T17:25:20.380+0000] {dag.py:3340} INFO - Setting next_dagrun for latest_only_with_trigger to 2024-07-01T13:25:20.380451+00:00, run_after=2024-07-01T17:25:20.380451+00:00
[2024-07-01T17:25:20.397+0000] {processor.py:176} INFO - Processing /home/airflow/.local/lib/python3.7/site-packages/airflow/example_dags/example_latest_only_with_trigger.py took 0.092 seconds
[2024-07-01T17:25:51.250+0000] {processor.py:154} INFO - Started process (PID=2738) to work on /home/airflow/.local/lib/python3.7/site-packages/airflow/example_dags/example_latest_only_with_trigger.py
[2024-07-01T17:25:51.251+0000] {processor.py:756} INFO - Processing file /home/airflow/.local/lib/python3.7/site-packages/airflow/example_dags/example_latest_only_with_trigger.py for tasks to queue
[2024-07-01T17:25:51.252+0000] {logging_mixin.py:120} INFO - [2024-07-01T17:25:51.252+0000] {dagbag.py:537} INFO - Filling up the DagBag from /home/airflow/.local/lib/python3.7/site-packages/airflow/example_dags/example_latest_only_with_trigger.py
[2024-07-01T17:25:51.265+0000] {processor.py:766} INFO - DAG(s) dict_keys(['latest_only_with_trigger']) retrieved from /home/airflow/.local/lib/python3.7/site-packages/airflow/example_dags/example_latest_only_with_trigger.py
[2024-07-01T17:25:51.300+0000] {logging_mixin.py:120} INFO - [2024-07-01T17:25:51.299+0000] {dag.py:2585} INFO - Sync 1 DAGs
[2024-07-01T17:25:51.322+0000] {logging_mixin.py:120} INFO - [2024-07-01T17:25:51.322+0000] {dag.py:3340} INFO - Setting next_dagrun for latest_only_with_trigger to 2024-07-01T13:25:51.322455+00:00, run_after=2024-07-01T17:25:51.322455+00:00
[2024-07-01T17:25:51.339+0000] {processor.py:176} INFO - Processing /home/airflow/.local/lib/python3.7/site-packages/airflow/example_dags/example_latest_only_with_trigger.py took 0.091 seconds
[2024-07-01T17:26:21.834+0000] {processor.py:154} INFO - Started process (PID=2805) to work on /home/airflow/.local/lib/python3.7/site-packages/airflow/example_dags/example_latest_only_with_trigger.py
[2024-07-01T17:26:21.835+0000] {processor.py:756} INFO - Processing file /home/airflow/.local/lib/python3.7/site-packages/airflow/example_dags/example_latest_only_with_trigger.py for tasks to queue
[2024-07-01T17:26:21.835+0000] {logging_mixin.py:120} INFO - [2024-07-01T17:26:21.835+0000] {dagbag.py:537} INFO - Filling up the DagBag from /home/airflow/.local/lib/python3.7/site-packages/airflow/example_dags/example_latest_only_with_trigger.py
[2024-07-01T17:26:21.848+0000] {processor.py:766} INFO - DAG(s) dict_keys(['latest_only_with_trigger']) retrieved from /home/airflow/.local/lib/python3.7/site-packages/airflow/example_dags/example_latest_only_with_trigger.py
[2024-07-01T17:26:21.884+0000] {logging_mixin.py:120} INFO - [2024-07-01T17:26:21.884+0000] {dag.py:2585} INFO - Sync 1 DAGs
[2024-07-01T17:26:21.905+0000] {logging_mixin.py:120} INFO - [2024-07-01T17:26:21.905+0000] {dag.py:3340} INFO - Setting next_dagrun for latest_only_with_trigger to 2024-07-01T13:26:21.905408+00:00, run_after=2024-07-01T17:26:21.905408+00:00
[2024-07-01T17:26:21.922+0000] {processor.py:176} INFO - Processing /home/airflow/.local/lib/python3.7/site-packages/airflow/example_dags/example_latest_only_with_trigger.py took 0.091 seconds
[2024-07-01T17:26:52.553+0000] {processor.py:154} INFO - Started process (PID=2872) to work on /home/airflow/.local/lib/python3.7/site-packages/airflow/example_dags/example_latest_only_with_trigger.py
[2024-07-01T17:26:52.554+0000] {processor.py:756} INFO - Processing file /home/airflow/.local/lib/python3.7/site-packages/airflow/example_dags/example_latest_only_with_trigger.py for tasks to queue
[2024-07-01T17:26:52.555+0000] {logging_mixin.py:120} INFO - [2024-07-01T17:26:52.555+0000] {dagbag.py:537} INFO - Filling up the DagBag from /home/airflow/.local/lib/python3.7/site-packages/airflow/example_dags/example_latest_only_with_trigger.py
[2024-07-01T17:26:52.568+0000] {processor.py:766} INFO - DAG(s) dict_keys(['latest_only_with_trigger']) retrieved from /home/airflow/.local/lib/python3.7/site-packages/airflow/example_dags/example_latest_only_with_trigger.py
[2024-07-01T17:26:52.602+0000] {logging_mixin.py:120} INFO - [2024-07-01T17:26:52.602+0000] {dag.py:2585} INFO - Sync 1 DAGs
[2024-07-01T17:26:52.625+0000] {logging_mixin.py:120} INFO - [2024-07-01T17:26:52.625+0000] {dag.py:3340} INFO - Setting next_dagrun for latest_only_with_trigger to 2024-07-01T13:26:52.625395+00:00, run_after=2024-07-01T17:26:52.625395+00:00
[2024-07-01T17:26:52.642+0000] {processor.py:176} INFO - Processing /home/airflow/.local/lib/python3.7/site-packages/airflow/example_dags/example_latest_only_with_trigger.py took 0.091 seconds
[2024-07-01T17:27:22.989+0000] {processor.py:154} INFO - Started process (PID=2939) to work on /home/airflow/.local/lib/python3.7/site-packages/airflow/example_dags/example_latest_only_with_trigger.py
[2024-07-01T17:27:22.990+0000] {processor.py:756} INFO - Processing file /home/airflow/.local/lib/python3.7/site-packages/airflow/example_dags/example_latest_only_with_trigger.py for tasks to queue
[2024-07-01T17:27:22.991+0000] {logging_mixin.py:120} INFO - [2024-07-01T17:27:22.991+0000] {dagbag.py:537} INFO - Filling up the DagBag from /home/airflow/.local/lib/python3.7/site-packages/airflow/example_dags/example_latest_only_with_trigger.py
[2024-07-01T17:27:23.003+0000] {processor.py:766} INFO - DAG(s) dict_keys(['latest_only_with_trigger']) retrieved from /home/airflow/.local/lib/python3.7/site-packages/airflow/example_dags/example_latest_only_with_trigger.py
[2024-07-01T17:27:23.040+0000] {logging_mixin.py:120} INFO - [2024-07-01T17:27:23.039+0000] {dag.py:2585} INFO - Sync 1 DAGs
[2024-07-01T17:27:23.063+0000] {logging_mixin.py:120} INFO - [2024-07-01T17:27:23.063+0000] {dag.py:3340} INFO - Setting next_dagrun for latest_only_with_trigger to 2024-07-01T13:27:23.063009+00:00, run_after=2024-07-01T17:27:23.063009+00:00
[2024-07-01T17:27:23.080+0000] {processor.py:176} INFO - Processing /home/airflow/.local/lib/python3.7/site-packages/airflow/example_dags/example_latest_only_with_trigger.py took 0.094 seconds
[2024-07-01T17:27:53.515+0000] {processor.py:154} INFO - Started process (PID=2997) to work on /home/airflow/.local/lib/python3.7/site-packages/airflow/example_dags/example_latest_only_with_trigger.py
[2024-07-01T17:27:53.516+0000] {processor.py:756} INFO - Processing file /home/airflow/.local/lib/python3.7/site-packages/airflow/example_dags/example_latest_only_with_trigger.py for tasks to queue
[2024-07-01T17:27:53.517+0000] {logging_mixin.py:120} INFO - [2024-07-01T17:27:53.516+0000] {dagbag.py:537} INFO - Filling up the DagBag from /home/airflow/.local/lib/python3.7/site-packages/airflow/example_dags/example_latest_only_with_trigger.py
[2024-07-01T17:27:53.529+0000] {processor.py:766} INFO - DAG(s) dict_keys(['latest_only_with_trigger']) retrieved from /home/airflow/.local/lib/python3.7/site-packages/airflow/example_dags/example_latest_only_with_trigger.py
[2024-07-01T17:27:53.563+0000] {logging_mixin.py:120} INFO - [2024-07-01T17:27:53.562+0000] {dag.py:2585} INFO - Sync 1 DAGs
[2024-07-01T17:27:53.584+0000] {logging_mixin.py:120} INFO - [2024-07-01T17:27:53.584+0000] {dag.py:3340} INFO - Setting next_dagrun for latest_only_with_trigger to 2024-07-01T13:27:53.584377+00:00, run_after=2024-07-01T17:27:53.584377+00:00
[2024-07-01T17:27:53.600+0000] {processor.py:176} INFO - Processing /home/airflow/.local/lib/python3.7/site-packages/airflow/example_dags/example_latest_only_with_trigger.py took 0.088 seconds
[2024-07-01T17:28:24.057+0000] {processor.py:154} INFO - Started process (PID=3064) to work on /home/airflow/.local/lib/python3.7/site-packages/airflow/example_dags/example_latest_only_with_trigger.py
[2024-07-01T17:28:24.058+0000] {processor.py:756} INFO - Processing file /home/airflow/.local/lib/python3.7/site-packages/airflow/example_dags/example_latest_only_with_trigger.py for tasks to queue
[2024-07-01T17:28:24.059+0000] {logging_mixin.py:120} INFO - [2024-07-01T17:28:24.058+0000] {dagbag.py:537} INFO - Filling up the DagBag from /home/airflow/.local/lib/python3.7/site-packages/airflow/example_dags/example_latest_only_with_trigger.py
[2024-07-01T17:28:24.071+0000] {processor.py:766} INFO - DAG(s) dict_keys(['latest_only_with_trigger']) retrieved from /home/airflow/.local/lib/python3.7/site-packages/airflow/example_dags/example_latest_only_with_trigger.py
[2024-07-01T17:28:24.104+0000] {logging_mixin.py:120} INFO - [2024-07-01T17:28:24.104+0000] {dag.py:2585} INFO - Sync 1 DAGs
[2024-07-01T17:28:24.126+0000] {logging_mixin.py:120} INFO - [2024-07-01T17:28:24.126+0000] {dag.py:3340} INFO - Setting next_dagrun for latest_only_with_trigger to 2024-07-01T13:28:24.126063+00:00, run_after=2024-07-01T17:28:24.126063+00:00
[2024-07-01T17:28:24.142+0000] {processor.py:176} INFO - Processing /home/airflow/.local/lib/python3.7/site-packages/airflow/example_dags/example_latest_only_with_trigger.py took 0.089 seconds
[2024-07-01T17:34:07.011+0000] {processor.py:154} INFO - Started process (PID=56) to work on /home/airflow/.local/lib/python3.7/site-packages/airflow/example_dags/example_latest_only_with_trigger.py
[2024-07-01T17:34:07.012+0000] {processor.py:756} INFO - Processing file /home/airflow/.local/lib/python3.7/site-packages/airflow/example_dags/example_latest_only_with_trigger.py for tasks to queue
[2024-07-01T17:34:07.013+0000] {logging_mixin.py:120} INFO - [2024-07-01T17:34:07.013+0000] {dagbag.py:537} INFO - Filling up the DagBag from /home/airflow/.local/lib/python3.7/site-packages/airflow/example_dags/example_latest_only_with_trigger.py
[2024-07-01T17:34:07.027+0000] {processor.py:766} INFO - DAG(s) dict_keys(['latest_only_with_trigger']) retrieved from /home/airflow/.local/lib/python3.7/site-packages/airflow/example_dags/example_latest_only_with_trigger.py
[2024-07-01T17:34:07.078+0000] {logging_mixin.py:120} INFO - [2024-07-01T17:34:07.078+0000] {dag.py:2585} INFO - Sync 1 DAGs
[2024-07-01T17:34:07.107+0000] {logging_mixin.py:120} INFO - [2024-07-01T17:34:07.107+0000] {dag.py:3340} INFO - Setting next_dagrun for latest_only_with_trigger to 2024-07-01T13:34:07.107063+00:00, run_after=2024-07-01T17:34:07.107063+00:00
[2024-07-01T17:34:07.129+0000] {processor.py:176} INFO - Processing /home/airflow/.local/lib/python3.7/site-packages/airflow/example_dags/example_latest_only_with_trigger.py took 0.121 seconds
