[2024-07-01T17:04:53.355+0000] {processor.py:154} INFO - Started process (PID=79) to work on /home/airflow/.local/lib/python3.7/site-packages/airflow/example_dags/example_branch_operator_decorator.py
[2024-07-01T17:04:53.358+0000] {processor.py:756} INFO - Processing file /home/airflow/.local/lib/python3.7/site-packages/airflow/example_dags/example_branch_operator_decorator.py for tasks to queue
[2024-07-01T17:04:53.360+0000] {logging_mixin.py:120} INFO - [2024-07-01T17:04:53.360+0000] {dagbag.py:537} INFO - Filling up the DagBag from /home/airflow/.local/lib/python3.7/site-packages/airflow/example_dags/example_branch_operator_decorator.py
[2024-07-01T17:04:53.426+0000] {processor.py:766} INFO - DAG(s) dict_keys(['example_branch_python_operator_decorator']) retrieved from /home/airflow/.local/lib/python3.7/site-packages/airflow/example_dags/example_branch_operator_decorator.py
[2024-07-01T17:04:53.499+0000] {logging_mixin.py:120} INFO - [2024-07-01T17:04:53.499+0000] {dag.py:2585} INFO - Sync 1 DAGs
[2024-07-01T17:04:53.547+0000] {logging_mixin.py:120} INFO - [2024-07-01T17:04:53.547+0000] {dag.py:3340} INFO - Setting next_dagrun for example_branch_python_operator_decorator to 2024-06-30T00:00:00+00:00, run_after=2024-07-01T00:00:00+00:00
[2024-07-01T17:04:53.623+0000] {processor.py:176} INFO - Processing /home/airflow/.local/lib/python3.7/site-packages/airflow/example_dags/example_branch_operator_decorator.py took 0.276 seconds
[2024-07-01T17:05:23.647+0000] {processor.py:154} INFO - Started process (PID=149) to work on /home/airflow/.local/lib/python3.7/site-packages/airflow/example_dags/example_branch_operator_decorator.py
[2024-07-01T17:05:23.648+0000] {processor.py:756} INFO - Processing file /home/airflow/.local/lib/python3.7/site-packages/airflow/example_dags/example_branch_operator_decorator.py for tasks to queue
[2024-07-01T17:05:23.649+0000] {logging_mixin.py:120} INFO - [2024-07-01T17:05:23.649+0000] {dagbag.py:537} INFO - Filling up the DagBag from /home/airflow/.local/lib/python3.7/site-packages/airflow/example_dags/example_branch_operator_decorator.py
[2024-07-01T17:05:23.670+0000] {processor.py:766} INFO - DAG(s) dict_keys(['example_branch_python_operator_decorator']) retrieved from /home/airflow/.local/lib/python3.7/site-packages/airflow/example_dags/example_branch_operator_decorator.py
[2024-07-01T17:05:23.706+0000] {logging_mixin.py:120} INFO - [2024-07-01T17:05:23.706+0000] {dag.py:2585} INFO - Sync 1 DAGs
[2024-07-01T17:05:23.730+0000] {logging_mixin.py:120} INFO - [2024-07-01T17:05:23.730+0000] {dag.py:3340} INFO - Setting next_dagrun for example_branch_python_operator_decorator to 2024-06-30T00:00:00+00:00, run_after=2024-07-01T00:00:00+00:00
[2024-07-01T17:05:23.746+0000] {processor.py:176} INFO - Processing /home/airflow/.local/lib/python3.7/site-packages/airflow/example_dags/example_branch_operator_decorator.py took 0.102 seconds
[2024-07-01T17:05:54.327+0000] {processor.py:154} INFO - Started process (PID=216) to work on /home/airflow/.local/lib/python3.7/site-packages/airflow/example_dags/example_branch_operator_decorator.py
[2024-07-01T17:05:54.329+0000] {processor.py:756} INFO - Processing file /home/airflow/.local/lib/python3.7/site-packages/airflow/example_dags/example_branch_operator_decorator.py for tasks to queue
[2024-07-01T17:05:54.329+0000] {logging_mixin.py:120} INFO - [2024-07-01T17:05:54.329+0000] {dagbag.py:537} INFO - Filling up the DagBag from /home/airflow/.local/lib/python3.7/site-packages/airflow/example_dags/example_branch_operator_decorator.py
[2024-07-01T17:05:54.351+0000] {processor.py:766} INFO - DAG(s) dict_keys(['example_branch_python_operator_decorator']) retrieved from /home/airflow/.local/lib/python3.7/site-packages/airflow/example_dags/example_branch_operator_decorator.py
[2024-07-01T17:05:54.386+0000] {logging_mixin.py:120} INFO - [2024-07-01T17:05:54.386+0000] {dag.py:2585} INFO - Sync 1 DAGs
[2024-07-01T17:05:54.411+0000] {logging_mixin.py:120} INFO - [2024-07-01T17:05:54.411+0000] {dag.py:3340} INFO - Setting next_dagrun for example_branch_python_operator_decorator to 2024-06-30T00:00:00+00:00, run_after=2024-07-01T00:00:00+00:00
[2024-07-01T17:05:54.428+0000] {processor.py:176} INFO - Processing /home/airflow/.local/lib/python3.7/site-packages/airflow/example_dags/example_branch_operator_decorator.py took 0.103 seconds
[2024-07-01T17:06:25.196+0000] {processor.py:154} INFO - Started process (PID=283) to work on /home/airflow/.local/lib/python3.7/site-packages/airflow/example_dags/example_branch_operator_decorator.py
[2024-07-01T17:06:25.197+0000] {processor.py:756} INFO - Processing file /home/airflow/.local/lib/python3.7/site-packages/airflow/example_dags/example_branch_operator_decorator.py for tasks to queue
[2024-07-01T17:06:25.198+0000] {logging_mixin.py:120} INFO - [2024-07-01T17:06:25.198+0000] {dagbag.py:537} INFO - Filling up the DagBag from /home/airflow/.local/lib/python3.7/site-packages/airflow/example_dags/example_branch_operator_decorator.py
[2024-07-01T17:06:25.221+0000] {processor.py:766} INFO - DAG(s) dict_keys(['example_branch_python_operator_decorator']) retrieved from /home/airflow/.local/lib/python3.7/site-packages/airflow/example_dags/example_branch_operator_decorator.py
[2024-07-01T17:06:25.257+0000] {logging_mixin.py:120} INFO - [2024-07-01T17:06:25.257+0000] {dag.py:2585} INFO - Sync 1 DAGs
[2024-07-01T17:06:25.288+0000] {logging_mixin.py:120} INFO - [2024-07-01T17:06:25.287+0000] {dag.py:3340} INFO - Setting next_dagrun for example_branch_python_operator_decorator to 2024-06-30T00:00:00+00:00, run_after=2024-07-01T00:00:00+00:00
[2024-07-01T17:06:25.306+0000] {processor.py:176} INFO - Processing /home/airflow/.local/lib/python3.7/site-packages/airflow/example_dags/example_branch_operator_decorator.py took 0.112 seconds
[2024-07-01T17:06:55.697+0000] {processor.py:154} INFO - Started process (PID=351) to work on /home/airflow/.local/lib/python3.7/site-packages/airflow/example_dags/example_branch_operator_decorator.py
[2024-07-01T17:06:55.698+0000] {processor.py:756} INFO - Processing file /home/airflow/.local/lib/python3.7/site-packages/airflow/example_dags/example_branch_operator_decorator.py for tasks to queue
[2024-07-01T17:06:55.700+0000] {logging_mixin.py:120} INFO - [2024-07-01T17:06:55.699+0000] {dagbag.py:537} INFO - Filling up the DagBag from /home/airflow/.local/lib/python3.7/site-packages/airflow/example_dags/example_branch_operator_decorator.py
[2024-07-01T17:06:55.726+0000] {processor.py:766} INFO - DAG(s) dict_keys(['example_branch_python_operator_decorator']) retrieved from /home/airflow/.local/lib/python3.7/site-packages/airflow/example_dags/example_branch_operator_decorator.py
[2024-07-01T17:06:55.769+0000] {logging_mixin.py:120} INFO - [2024-07-01T17:06:55.768+0000] {dag.py:2585} INFO - Sync 1 DAGs
[2024-07-01T17:06:55.798+0000] {logging_mixin.py:120} INFO - [2024-07-01T17:06:55.798+0000] {dag.py:3340} INFO - Setting next_dagrun for example_branch_python_operator_decorator to 2024-06-30T00:00:00+00:00, run_after=2024-07-01T00:00:00+00:00
[2024-07-01T17:06:55.816+0000] {processor.py:176} INFO - Processing /home/airflow/.local/lib/python3.7/site-packages/airflow/example_dags/example_branch_operator_decorator.py took 0.123 seconds
[2024-07-01T17:07:25.949+0000] {processor.py:154} INFO - Started process (PID=409) to work on /home/airflow/.local/lib/python3.7/site-packages/airflow/example_dags/example_branch_operator_decorator.py
[2024-07-01T17:07:25.950+0000] {processor.py:756} INFO - Processing file /home/airflow/.local/lib/python3.7/site-packages/airflow/example_dags/example_branch_operator_decorator.py for tasks to queue
[2024-07-01T17:07:25.951+0000] {logging_mixin.py:120} INFO - [2024-07-01T17:07:25.950+0000] {dagbag.py:537} INFO - Filling up the DagBag from /home/airflow/.local/lib/python3.7/site-packages/airflow/example_dags/example_branch_operator_decorator.py
[2024-07-01T17:07:25.972+0000] {processor.py:766} INFO - DAG(s) dict_keys(['example_branch_python_operator_decorator']) retrieved from /home/airflow/.local/lib/python3.7/site-packages/airflow/example_dags/example_branch_operator_decorator.py
[2024-07-01T17:07:26.007+0000] {logging_mixin.py:120} INFO - [2024-07-01T17:07:26.006+0000] {dag.py:2585} INFO - Sync 1 DAGs
[2024-07-01T17:07:26.029+0000] {logging_mixin.py:120} INFO - [2024-07-01T17:07:26.029+0000] {dag.py:3340} INFO - Setting next_dagrun for example_branch_python_operator_decorator to 2024-06-30T00:00:00+00:00, run_after=2024-07-01T00:00:00+00:00
[2024-07-01T17:07:26.044+0000] {processor.py:176} INFO - Processing /home/airflow/.local/lib/python3.7/site-packages/airflow/example_dags/example_branch_operator_decorator.py took 0.099 seconds
[2024-07-01T17:07:56.624+0000] {processor.py:154} INFO - Started process (PID=476) to work on /home/airflow/.local/lib/python3.7/site-packages/airflow/example_dags/example_branch_operator_decorator.py
[2024-07-01T17:07:56.625+0000] {processor.py:756} INFO - Processing file /home/airflow/.local/lib/python3.7/site-packages/airflow/example_dags/example_branch_operator_decorator.py for tasks to queue
[2024-07-01T17:07:56.626+0000] {logging_mixin.py:120} INFO - [2024-07-01T17:07:56.626+0000] {dagbag.py:537} INFO - Filling up the DagBag from /home/airflow/.local/lib/python3.7/site-packages/airflow/example_dags/example_branch_operator_decorator.py
[2024-07-01T17:07:56.647+0000] {processor.py:766} INFO - DAG(s) dict_keys(['example_branch_python_operator_decorator']) retrieved from /home/airflow/.local/lib/python3.7/site-packages/airflow/example_dags/example_branch_operator_decorator.py
[2024-07-01T17:07:56.683+0000] {logging_mixin.py:120} INFO - [2024-07-01T17:07:56.683+0000] {dag.py:2585} INFO - Sync 1 DAGs
[2024-07-01T17:07:56.707+0000] {logging_mixin.py:120} INFO - [2024-07-01T17:07:56.706+0000] {dag.py:3340} INFO - Setting next_dagrun for example_branch_python_operator_decorator to 2024-06-30T00:00:00+00:00, run_after=2024-07-01T00:00:00+00:00
[2024-07-01T17:07:56.723+0000] {processor.py:176} INFO - Processing /home/airflow/.local/lib/python3.7/site-packages/airflow/example_dags/example_branch_operator_decorator.py took 0.102 seconds
[2024-07-01T17:08:27.309+0000] {processor.py:154} INFO - Started process (PID=544) to work on /home/airflow/.local/lib/python3.7/site-packages/airflow/example_dags/example_branch_operator_decorator.py
[2024-07-01T17:08:27.310+0000] {processor.py:756} INFO - Processing file /home/airflow/.local/lib/python3.7/site-packages/airflow/example_dags/example_branch_operator_decorator.py for tasks to queue
[2024-07-01T17:08:27.310+0000] {logging_mixin.py:120} INFO - [2024-07-01T17:08:27.310+0000] {dagbag.py:537} INFO - Filling up the DagBag from /home/airflow/.local/lib/python3.7/site-packages/airflow/example_dags/example_branch_operator_decorator.py
[2024-07-01T17:08:27.332+0000] {processor.py:766} INFO - DAG(s) dict_keys(['example_branch_python_operator_decorator']) retrieved from /home/airflow/.local/lib/python3.7/site-packages/airflow/example_dags/example_branch_operator_decorator.py
[2024-07-01T17:08:27.368+0000] {logging_mixin.py:120} INFO - [2024-07-01T17:08:27.368+0000] {dag.py:2585} INFO - Sync 1 DAGs
[2024-07-01T17:08:27.394+0000] {logging_mixin.py:120} INFO - [2024-07-01T17:08:27.394+0000] {dag.py:3340} INFO - Setting next_dagrun for example_branch_python_operator_decorator to 2024-06-30T00:00:00+00:00, run_after=2024-07-01T00:00:00+00:00
[2024-07-01T17:08:27.411+0000] {processor.py:176} INFO - Processing /home/airflow/.local/lib/python3.7/site-packages/airflow/example_dags/example_branch_operator_decorator.py took 0.106 seconds
[2024-07-01T17:08:58.001+0000] {processor.py:154} INFO - Started process (PID=611) to work on /home/airflow/.local/lib/python3.7/site-packages/airflow/example_dags/example_branch_operator_decorator.py
[2024-07-01T17:08:58.002+0000] {processor.py:756} INFO - Processing file /home/airflow/.local/lib/python3.7/site-packages/airflow/example_dags/example_branch_operator_decorator.py for tasks to queue
[2024-07-01T17:08:58.003+0000] {logging_mixin.py:120} INFO - [2024-07-01T17:08:58.003+0000] {dagbag.py:537} INFO - Filling up the DagBag from /home/airflow/.local/lib/python3.7/site-packages/airflow/example_dags/example_branch_operator_decorator.py
[2024-07-01T17:08:58.026+0000] {processor.py:766} INFO - DAG(s) dict_keys(['example_branch_python_operator_decorator']) retrieved from /home/airflow/.local/lib/python3.7/site-packages/airflow/example_dags/example_branch_operator_decorator.py
[2024-07-01T17:08:58.065+0000] {logging_mixin.py:120} INFO - [2024-07-01T17:08:58.065+0000] {dag.py:2585} INFO - Sync 1 DAGs
[2024-07-01T17:08:58.095+0000] {logging_mixin.py:120} INFO - [2024-07-01T17:08:58.095+0000] {dag.py:3340} INFO - Setting next_dagrun for example_branch_python_operator_decorator to 2024-06-30T00:00:00+00:00, run_after=2024-07-01T00:00:00+00:00
[2024-07-01T17:08:58.116+0000] {processor.py:176} INFO - Processing /home/airflow/.local/lib/python3.7/site-packages/airflow/example_dags/example_branch_operator_decorator.py took 0.118 seconds
[2024-07-01T17:09:28.729+0000] {processor.py:154} INFO - Started process (PID=669) to work on /home/airflow/.local/lib/python3.7/site-packages/airflow/example_dags/example_branch_operator_decorator.py
[2024-07-01T17:09:28.730+0000] {processor.py:756} INFO - Processing file /home/airflow/.local/lib/python3.7/site-packages/airflow/example_dags/example_branch_operator_decorator.py for tasks to queue
[2024-07-01T17:09:28.731+0000] {logging_mixin.py:120} INFO - [2024-07-01T17:09:28.731+0000] {dagbag.py:537} INFO - Filling up the DagBag from /home/airflow/.local/lib/python3.7/site-packages/airflow/example_dags/example_branch_operator_decorator.py
[2024-07-01T17:09:28.752+0000] {processor.py:766} INFO - DAG(s) dict_keys(['example_branch_python_operator_decorator']) retrieved from /home/airflow/.local/lib/python3.7/site-packages/airflow/example_dags/example_branch_operator_decorator.py
[2024-07-01T17:09:28.789+0000] {logging_mixin.py:120} INFO - [2024-07-01T17:09:28.789+0000] {dag.py:2585} INFO - Sync 1 DAGs
[2024-07-01T17:09:28.813+0000] {logging_mixin.py:120} INFO - [2024-07-01T17:09:28.813+0000] {dag.py:3340} INFO - Setting next_dagrun for example_branch_python_operator_decorator to 2024-06-30T00:00:00+00:00, run_after=2024-07-01T00:00:00+00:00
[2024-07-01T17:09:28.829+0000] {processor.py:176} INFO - Processing /home/airflow/.local/lib/python3.7/site-packages/airflow/example_dags/example_branch_operator_decorator.py took 0.102 seconds
[2024-07-01T17:09:59.442+0000] {processor.py:154} INFO - Started process (PID=737) to work on /home/airflow/.local/lib/python3.7/site-packages/airflow/example_dags/example_branch_operator_decorator.py
[2024-07-01T17:09:59.443+0000] {processor.py:756} INFO - Processing file /home/airflow/.local/lib/python3.7/site-packages/airflow/example_dags/example_branch_operator_decorator.py for tasks to queue
[2024-07-01T17:09:59.444+0000] {logging_mixin.py:120} INFO - [2024-07-01T17:09:59.444+0000] {dagbag.py:537} INFO - Filling up the DagBag from /home/airflow/.local/lib/python3.7/site-packages/airflow/example_dags/example_branch_operator_decorator.py
[2024-07-01T17:09:59.469+0000] {processor.py:766} INFO - DAG(s) dict_keys(['example_branch_python_operator_decorator']) retrieved from /home/airflow/.local/lib/python3.7/site-packages/airflow/example_dags/example_branch_operator_decorator.py
[2024-07-01T17:09:59.511+0000] {logging_mixin.py:120} INFO - [2024-07-01T17:09:59.511+0000] {dag.py:2585} INFO - Sync 1 DAGs
[2024-07-01T17:09:59.540+0000] {logging_mixin.py:120} INFO - [2024-07-01T17:09:59.540+0000] {dag.py:3340} INFO - Setting next_dagrun for example_branch_python_operator_decorator to 2024-06-30T00:00:00+00:00, run_after=2024-07-01T00:00:00+00:00
[2024-07-01T17:09:59.558+0000] {processor.py:176} INFO - Processing /home/airflow/.local/lib/python3.7/site-packages/airflow/example_dags/example_branch_operator_decorator.py took 0.118 seconds
[2024-07-01T17:10:30.292+0000] {processor.py:154} INFO - Started process (PID=804) to work on /home/airflow/.local/lib/python3.7/site-packages/airflow/example_dags/example_branch_operator_decorator.py
[2024-07-01T17:10:30.293+0000] {processor.py:756} INFO - Processing file /home/airflow/.local/lib/python3.7/site-packages/airflow/example_dags/example_branch_operator_decorator.py for tasks to queue
[2024-07-01T17:10:30.294+0000] {logging_mixin.py:120} INFO - [2024-07-01T17:10:30.293+0000] {dagbag.py:537} INFO - Filling up the DagBag from /home/airflow/.local/lib/python3.7/site-packages/airflow/example_dags/example_branch_operator_decorator.py
[2024-07-01T17:10:30.315+0000] {processor.py:766} INFO - DAG(s) dict_keys(['example_branch_python_operator_decorator']) retrieved from /home/airflow/.local/lib/python3.7/site-packages/airflow/example_dags/example_branch_operator_decorator.py
[2024-07-01T17:10:30.350+0000] {logging_mixin.py:120} INFO - [2024-07-01T17:10:30.350+0000] {dag.py:2585} INFO - Sync 1 DAGs
[2024-07-01T17:10:30.373+0000] {logging_mixin.py:120} INFO - [2024-07-01T17:10:30.373+0000] {dag.py:3340} INFO - Setting next_dagrun for example_branch_python_operator_decorator to 2024-06-30T00:00:00+00:00, run_after=2024-07-01T00:00:00+00:00
[2024-07-01T17:10:30.390+0000] {processor.py:176} INFO - Processing /home/airflow/.local/lib/python3.7/site-packages/airflow/example_dags/example_branch_operator_decorator.py took 0.101 seconds
[2024-07-01T17:11:01.003+0000] {processor.py:154} INFO - Started process (PID=871) to work on /home/airflow/.local/lib/python3.7/site-packages/airflow/example_dags/example_branch_operator_decorator.py
[2024-07-01T17:11:01.004+0000] {processor.py:756} INFO - Processing file /home/airflow/.local/lib/python3.7/site-packages/airflow/example_dags/example_branch_operator_decorator.py for tasks to queue
[2024-07-01T17:11:01.005+0000] {logging_mixin.py:120} INFO - [2024-07-01T17:11:01.005+0000] {dagbag.py:537} INFO - Filling up the DagBag from /home/airflow/.local/lib/python3.7/site-packages/airflow/example_dags/example_branch_operator_decorator.py
[2024-07-01T17:11:01.026+0000] {processor.py:766} INFO - DAG(s) dict_keys(['example_branch_python_operator_decorator']) retrieved from /home/airflow/.local/lib/python3.7/site-packages/airflow/example_dags/example_branch_operator_decorator.py
[2024-07-01T17:11:01.060+0000] {logging_mixin.py:120} INFO - [2024-07-01T17:11:01.060+0000] {dag.py:2585} INFO - Sync 1 DAGs
[2024-07-01T17:11:01.084+0000] {logging_mixin.py:120} INFO - [2024-07-01T17:11:01.084+0000] {dag.py:3340} INFO - Setting next_dagrun for example_branch_python_operator_decorator to 2024-06-30T00:00:00+00:00, run_after=2024-07-01T00:00:00+00:00
[2024-07-01T17:11:01.100+0000] {processor.py:176} INFO - Processing /home/airflow/.local/lib/python3.7/site-packages/airflow/example_dags/example_branch_operator_decorator.py took 0.099 seconds
[2024-07-01T17:11:31.716+0000] {processor.py:154} INFO - Started process (PID=929) to work on /home/airflow/.local/lib/python3.7/site-packages/airflow/example_dags/example_branch_operator_decorator.py
[2024-07-01T17:11:31.717+0000] {processor.py:756} INFO - Processing file /home/airflow/.local/lib/python3.7/site-packages/airflow/example_dags/example_branch_operator_decorator.py for tasks to queue
[2024-07-01T17:11:31.718+0000] {logging_mixin.py:120} INFO - [2024-07-01T17:11:31.718+0000] {dagbag.py:537} INFO - Filling up the DagBag from /home/airflow/.local/lib/python3.7/site-packages/airflow/example_dags/example_branch_operator_decorator.py
[2024-07-01T17:11:31.739+0000] {processor.py:766} INFO - DAG(s) dict_keys(['example_branch_python_operator_decorator']) retrieved from /home/airflow/.local/lib/python3.7/site-packages/airflow/example_dags/example_branch_operator_decorator.py
[2024-07-01T17:11:31.775+0000] {logging_mixin.py:120} INFO - [2024-07-01T17:11:31.775+0000] {dag.py:2585} INFO - Sync 1 DAGs
[2024-07-01T17:11:31.801+0000] {logging_mixin.py:120} INFO - [2024-07-01T17:11:31.800+0000] {dag.py:3340} INFO - Setting next_dagrun for example_branch_python_operator_decorator to 2024-06-30T00:00:00+00:00, run_after=2024-07-01T00:00:00+00:00
[2024-07-01T17:11:31.818+0000] {processor.py:176} INFO - Processing /home/airflow/.local/lib/python3.7/site-packages/airflow/example_dags/example_branch_operator_decorator.py took 0.105 seconds
[2024-07-01T17:12:02.439+0000] {processor.py:154} INFO - Started process (PID=996) to work on /home/airflow/.local/lib/python3.7/site-packages/airflow/example_dags/example_branch_operator_decorator.py
[2024-07-01T17:12:02.440+0000] {processor.py:756} INFO - Processing file /home/airflow/.local/lib/python3.7/site-packages/airflow/example_dags/example_branch_operator_decorator.py for tasks to queue
[2024-07-01T17:12:02.441+0000] {logging_mixin.py:120} INFO - [2024-07-01T17:12:02.441+0000] {dagbag.py:537} INFO - Filling up the DagBag from /home/airflow/.local/lib/python3.7/site-packages/airflow/example_dags/example_branch_operator_decorator.py
[2024-07-01T17:12:02.462+0000] {processor.py:766} INFO - DAG(s) dict_keys(['example_branch_python_operator_decorator']) retrieved from /home/airflow/.local/lib/python3.7/site-packages/airflow/example_dags/example_branch_operator_decorator.py
[2024-07-01T17:12:02.498+0000] {logging_mixin.py:120} INFO - [2024-07-01T17:12:02.498+0000] {dag.py:2585} INFO - Sync 1 DAGs
[2024-07-01T17:12:02.521+0000] {logging_mixin.py:120} INFO - [2024-07-01T17:12:02.521+0000] {dag.py:3340} INFO - Setting next_dagrun for example_branch_python_operator_decorator to 2024-06-30T00:00:00+00:00, run_after=2024-07-01T00:00:00+00:00
[2024-07-01T17:12:02.538+0000] {processor.py:176} INFO - Processing /home/airflow/.local/lib/python3.7/site-packages/airflow/example_dags/example_branch_operator_decorator.py took 0.103 seconds
[2024-07-01T17:12:32.950+0000] {processor.py:154} INFO - Started process (PID=1063) to work on /home/airflow/.local/lib/python3.7/site-packages/airflow/example_dags/example_branch_operator_decorator.py
[2024-07-01T17:12:32.951+0000] {processor.py:756} INFO - Processing file /home/airflow/.local/lib/python3.7/site-packages/airflow/example_dags/example_branch_operator_decorator.py for tasks to queue
[2024-07-01T17:12:32.952+0000] {logging_mixin.py:120} INFO - [2024-07-01T17:12:32.952+0000] {dagbag.py:537} INFO - Filling up the DagBag from /home/airflow/.local/lib/python3.7/site-packages/airflow/example_dags/example_branch_operator_decorator.py
[2024-07-01T17:12:32.973+0000] {processor.py:766} INFO - DAG(s) dict_keys(['example_branch_python_operator_decorator']) retrieved from /home/airflow/.local/lib/python3.7/site-packages/airflow/example_dags/example_branch_operator_decorator.py
[2024-07-01T17:12:33.007+0000] {logging_mixin.py:120} INFO - [2024-07-01T17:12:33.007+0000] {dag.py:2585} INFO - Sync 1 DAGs
[2024-07-01T17:12:33.032+0000] {logging_mixin.py:120} INFO - [2024-07-01T17:12:33.032+0000] {dag.py:3340} INFO - Setting next_dagrun for example_branch_python_operator_decorator to 2024-06-30T00:00:00+00:00, run_after=2024-07-01T00:00:00+00:00
[2024-07-01T17:12:33.048+0000] {processor.py:176} INFO - Processing /home/airflow/.local/lib/python3.7/site-packages/airflow/example_dags/example_branch_operator_decorator.py took 0.101 seconds
[2024-07-01T17:13:03.425+0000] {processor.py:154} INFO - Started process (PID=1130) to work on /home/airflow/.local/lib/python3.7/site-packages/airflow/example_dags/example_branch_operator_decorator.py
[2024-07-01T17:13:03.426+0000] {processor.py:756} INFO - Processing file /home/airflow/.local/lib/python3.7/site-packages/airflow/example_dags/example_branch_operator_decorator.py for tasks to queue
[2024-07-01T17:13:03.427+0000] {logging_mixin.py:120} INFO - [2024-07-01T17:13:03.426+0000] {dagbag.py:537} INFO - Filling up the DagBag from /home/airflow/.local/lib/python3.7/site-packages/airflow/example_dags/example_branch_operator_decorator.py
[2024-07-01T17:13:03.448+0000] {processor.py:766} INFO - DAG(s) dict_keys(['example_branch_python_operator_decorator']) retrieved from /home/airflow/.local/lib/python3.7/site-packages/airflow/example_dags/example_branch_operator_decorator.py
[2024-07-01T17:13:03.525+0000] {logging_mixin.py:120} INFO - [2024-07-01T17:13:03.525+0000] {dag.py:2585} INFO - Sync 1 DAGs
[2024-07-01T17:13:03.551+0000] {logging_mixin.py:120} INFO - [2024-07-01T17:13:03.550+0000] {dag.py:3340} INFO - Setting next_dagrun for example_branch_python_operator_decorator to 2024-06-30T00:00:00+00:00, run_after=2024-07-01T00:00:00+00:00
[2024-07-01T17:13:03.569+0000] {processor.py:176} INFO - Processing /home/airflow/.local/lib/python3.7/site-packages/airflow/example_dags/example_branch_operator_decorator.py took 0.147 seconds
[2024-07-01T17:13:34.225+0000] {processor.py:154} INFO - Started process (PID=1196) to work on /home/airflow/.local/lib/python3.7/site-packages/airflow/example_dags/example_branch_operator_decorator.py
[2024-07-01T17:13:34.226+0000] {processor.py:756} INFO - Processing file /home/airflow/.local/lib/python3.7/site-packages/airflow/example_dags/example_branch_operator_decorator.py for tasks to queue
[2024-07-01T17:13:34.227+0000] {logging_mixin.py:120} INFO - [2024-07-01T17:13:34.227+0000] {dagbag.py:537} INFO - Filling up the DagBag from /home/airflow/.local/lib/python3.7/site-packages/airflow/example_dags/example_branch_operator_decorator.py
[2024-07-01T17:13:34.248+0000] {processor.py:766} INFO - DAG(s) dict_keys(['example_branch_python_operator_decorator']) retrieved from /home/airflow/.local/lib/python3.7/site-packages/airflow/example_dags/example_branch_operator_decorator.py
[2024-07-01T17:13:34.283+0000] {logging_mixin.py:120} INFO - [2024-07-01T17:13:34.282+0000] {dag.py:2585} INFO - Sync 1 DAGs
[2024-07-01T17:13:34.305+0000] {logging_mixin.py:120} INFO - [2024-07-01T17:13:34.305+0000] {dag.py:3340} INFO - Setting next_dagrun for example_branch_python_operator_decorator to 2024-06-30T00:00:00+00:00, run_after=2024-07-01T00:00:00+00:00
[2024-07-01T17:13:34.321+0000] {processor.py:176} INFO - Processing /home/airflow/.local/lib/python3.7/site-packages/airflow/example_dags/example_branch_operator_decorator.py took 0.099 seconds
[2024-07-01T17:14:04.809+0000] {processor.py:154} INFO - Started process (PID=1254) to work on /home/airflow/.local/lib/python3.7/site-packages/airflow/example_dags/example_branch_operator_decorator.py
[2024-07-01T17:14:04.810+0000] {processor.py:756} INFO - Processing file /home/airflow/.local/lib/python3.7/site-packages/airflow/example_dags/example_branch_operator_decorator.py for tasks to queue
[2024-07-01T17:14:04.811+0000] {logging_mixin.py:120} INFO - [2024-07-01T17:14:04.811+0000] {dagbag.py:537} INFO - Filling up the DagBag from /home/airflow/.local/lib/python3.7/site-packages/airflow/example_dags/example_branch_operator_decorator.py
[2024-07-01T17:14:04.832+0000] {processor.py:766} INFO - DAG(s) dict_keys(['example_branch_python_operator_decorator']) retrieved from /home/airflow/.local/lib/python3.7/site-packages/airflow/example_dags/example_branch_operator_decorator.py
[2024-07-01T17:14:04.867+0000] {logging_mixin.py:120} INFO - [2024-07-01T17:14:04.867+0000] {dag.py:2585} INFO - Sync 1 DAGs
[2024-07-01T17:14:04.890+0000] {logging_mixin.py:120} INFO - [2024-07-01T17:14:04.890+0000] {dag.py:3340} INFO - Setting next_dagrun for example_branch_python_operator_decorator to 2024-06-30T00:00:00+00:00, run_after=2024-07-01T00:00:00+00:00
[2024-07-01T17:14:04.906+0000] {processor.py:176} INFO - Processing /home/airflow/.local/lib/python3.7/site-packages/airflow/example_dags/example_branch_operator_decorator.py took 0.100 seconds
[2024-07-01T17:14:35.476+0000] {processor.py:154} INFO - Started process (PID=1320) to work on /home/airflow/.local/lib/python3.7/site-packages/airflow/example_dags/example_branch_operator_decorator.py
[2024-07-01T17:14:35.477+0000] {processor.py:756} INFO - Processing file /home/airflow/.local/lib/python3.7/site-packages/airflow/example_dags/example_branch_operator_decorator.py for tasks to queue
[2024-07-01T17:14:35.478+0000] {logging_mixin.py:120} INFO - [2024-07-01T17:14:35.478+0000] {dagbag.py:537} INFO - Filling up the DagBag from /home/airflow/.local/lib/python3.7/site-packages/airflow/example_dags/example_branch_operator_decorator.py
[2024-07-01T17:14:35.501+0000] {processor.py:766} INFO - DAG(s) dict_keys(['example_branch_python_operator_decorator']) retrieved from /home/airflow/.local/lib/python3.7/site-packages/airflow/example_dags/example_branch_operator_decorator.py
[2024-07-01T17:14:35.535+0000] {logging_mixin.py:120} INFO - [2024-07-01T17:14:35.535+0000] {dag.py:2585} INFO - Sync 1 DAGs
[2024-07-01T17:14:35.559+0000] {logging_mixin.py:120} INFO - [2024-07-01T17:14:35.558+0000] {dag.py:3340} INFO - Setting next_dagrun for example_branch_python_operator_decorator to 2024-06-30T00:00:00+00:00, run_after=2024-07-01T00:00:00+00:00
[2024-07-01T17:14:35.575+0000] {processor.py:176} INFO - Processing /home/airflow/.local/lib/python3.7/site-packages/airflow/example_dags/example_branch_operator_decorator.py took 0.102 seconds
[2024-07-01T17:15:06.113+0000] {processor.py:154} INFO - Started process (PID=1387) to work on /home/airflow/.local/lib/python3.7/site-packages/airflow/example_dags/example_branch_operator_decorator.py
[2024-07-01T17:15:06.114+0000] {processor.py:756} INFO - Processing file /home/airflow/.local/lib/python3.7/site-packages/airflow/example_dags/example_branch_operator_decorator.py for tasks to queue
[2024-07-01T17:15:06.115+0000] {logging_mixin.py:120} INFO - [2024-07-01T17:15:06.115+0000] {dagbag.py:537} INFO - Filling up the DagBag from /home/airflow/.local/lib/python3.7/site-packages/airflow/example_dags/example_branch_operator_decorator.py
[2024-07-01T17:15:06.136+0000] {processor.py:766} INFO - DAG(s) dict_keys(['example_branch_python_operator_decorator']) retrieved from /home/airflow/.local/lib/python3.7/site-packages/airflow/example_dags/example_branch_operator_decorator.py
[2024-07-01T17:15:06.172+0000] {logging_mixin.py:120} INFO - [2024-07-01T17:15:06.172+0000] {dag.py:2585} INFO - Sync 1 DAGs
[2024-07-01T17:15:06.195+0000] {logging_mixin.py:120} INFO - [2024-07-01T17:15:06.195+0000] {dag.py:3340} INFO - Setting next_dagrun for example_branch_python_operator_decorator to 2024-06-30T00:00:00+00:00, run_after=2024-07-01T00:00:00+00:00
[2024-07-01T17:15:06.214+0000] {processor.py:176} INFO - Processing /home/airflow/.local/lib/python3.7/site-packages/airflow/example_dags/example_branch_operator_decorator.py took 0.104 seconds
[2024-07-01T17:15:36.651+0000] {processor.py:154} INFO - Started process (PID=1454) to work on /home/airflow/.local/lib/python3.7/site-packages/airflow/example_dags/example_branch_operator_decorator.py
[2024-07-01T17:15:36.652+0000] {processor.py:756} INFO - Processing file /home/airflow/.local/lib/python3.7/site-packages/airflow/example_dags/example_branch_operator_decorator.py for tasks to queue
[2024-07-01T17:15:36.653+0000] {logging_mixin.py:120} INFO - [2024-07-01T17:15:36.652+0000] {dagbag.py:537} INFO - Filling up the DagBag from /home/airflow/.local/lib/python3.7/site-packages/airflow/example_dags/example_branch_operator_decorator.py
[2024-07-01T17:15:36.674+0000] {processor.py:766} INFO - DAG(s) dict_keys(['example_branch_python_operator_decorator']) retrieved from /home/airflow/.local/lib/python3.7/site-packages/airflow/example_dags/example_branch_operator_decorator.py
[2024-07-01T17:15:36.709+0000] {logging_mixin.py:120} INFO - [2024-07-01T17:15:36.709+0000] {dag.py:2585} INFO - Sync 1 DAGs
[2024-07-01T17:15:36.734+0000] {logging_mixin.py:120} INFO - [2024-07-01T17:15:36.733+0000] {dag.py:3340} INFO - Setting next_dagrun for example_branch_python_operator_decorator to 2024-06-30T00:00:00+00:00, run_after=2024-07-01T00:00:00+00:00
[2024-07-01T17:15:36.751+0000] {processor.py:176} INFO - Processing /home/airflow/.local/lib/python3.7/site-packages/airflow/example_dags/example_branch_operator_decorator.py took 0.103 seconds
[2024-07-01T17:16:07.320+0000] {processor.py:154} INFO - Started process (PID=1519) to work on /home/airflow/.local/lib/python3.7/site-packages/airflow/example_dags/example_branch_operator_decorator.py
[2024-07-01T17:16:07.321+0000] {processor.py:756} INFO - Processing file /home/airflow/.local/lib/python3.7/site-packages/airflow/example_dags/example_branch_operator_decorator.py for tasks to queue
[2024-07-01T17:16:07.322+0000] {logging_mixin.py:120} INFO - [2024-07-01T17:16:07.322+0000] {dagbag.py:537} INFO - Filling up the DagBag from /home/airflow/.local/lib/python3.7/site-packages/airflow/example_dags/example_branch_operator_decorator.py
[2024-07-01T17:16:07.345+0000] {processor.py:766} INFO - DAG(s) dict_keys(['example_branch_python_operator_decorator']) retrieved from /home/airflow/.local/lib/python3.7/site-packages/airflow/example_dags/example_branch_operator_decorator.py
[2024-07-01T17:16:07.385+0000] {logging_mixin.py:120} INFO - [2024-07-01T17:16:07.384+0000] {dag.py:2585} INFO - Sync 1 DAGs
[2024-07-01T17:16:07.411+0000] {logging_mixin.py:120} INFO - [2024-07-01T17:16:07.411+0000] {dag.py:3340} INFO - Setting next_dagrun for example_branch_python_operator_decorator to 2024-06-30T00:00:00+00:00, run_after=2024-07-01T00:00:00+00:00
[2024-07-01T17:16:07.432+0000] {processor.py:176} INFO - Processing /home/airflow/.local/lib/python3.7/site-packages/airflow/example_dags/example_branch_operator_decorator.py took 0.116 seconds
[2024-07-01T17:16:38.106+0000] {processor.py:154} INFO - Started process (PID=1580) to work on /home/airflow/.local/lib/python3.7/site-packages/airflow/example_dags/example_branch_operator_decorator.py
[2024-07-01T17:16:38.107+0000] {processor.py:756} INFO - Processing file /home/airflow/.local/lib/python3.7/site-packages/airflow/example_dags/example_branch_operator_decorator.py for tasks to queue
[2024-07-01T17:16:38.108+0000] {logging_mixin.py:120} INFO - [2024-07-01T17:16:38.108+0000] {dagbag.py:537} INFO - Filling up the DagBag from /home/airflow/.local/lib/python3.7/site-packages/airflow/example_dags/example_branch_operator_decorator.py
[2024-07-01T17:16:38.131+0000] {processor.py:766} INFO - DAG(s) dict_keys(['example_branch_python_operator_decorator']) retrieved from /home/airflow/.local/lib/python3.7/site-packages/airflow/example_dags/example_branch_operator_decorator.py
[2024-07-01T17:16:38.166+0000] {logging_mixin.py:120} INFO - [2024-07-01T17:16:38.165+0000] {dag.py:2585} INFO - Sync 1 DAGs
[2024-07-01T17:16:38.190+0000] {logging_mixin.py:120} INFO - [2024-07-01T17:16:38.190+0000] {dag.py:3340} INFO - Setting next_dagrun for example_branch_python_operator_decorator to 2024-06-30T00:00:00+00:00, run_after=2024-07-01T00:00:00+00:00
[2024-07-01T17:16:38.207+0000] {processor.py:176} INFO - Processing /home/airflow/.local/lib/python3.7/site-packages/airflow/example_dags/example_branch_operator_decorator.py took 0.104 seconds
[2024-07-01T17:17:08.792+0000] {processor.py:154} INFO - Started process (PID=1647) to work on /home/airflow/.local/lib/python3.7/site-packages/airflow/example_dags/example_branch_operator_decorator.py
[2024-07-01T17:17:08.793+0000] {processor.py:756} INFO - Processing file /home/airflow/.local/lib/python3.7/site-packages/airflow/example_dags/example_branch_operator_decorator.py for tasks to queue
[2024-07-01T17:17:08.794+0000] {logging_mixin.py:120} INFO - [2024-07-01T17:17:08.794+0000] {dagbag.py:537} INFO - Filling up the DagBag from /home/airflow/.local/lib/python3.7/site-packages/airflow/example_dags/example_branch_operator_decorator.py
[2024-07-01T17:17:08.816+0000] {processor.py:766} INFO - DAG(s) dict_keys(['example_branch_python_operator_decorator']) retrieved from /home/airflow/.local/lib/python3.7/site-packages/airflow/example_dags/example_branch_operator_decorator.py
[2024-07-01T17:17:08.852+0000] {logging_mixin.py:120} INFO - [2024-07-01T17:17:08.852+0000] {dag.py:2585} INFO - Sync 1 DAGs
[2024-07-01T17:17:08.876+0000] {logging_mixin.py:120} INFO - [2024-07-01T17:17:08.876+0000] {dag.py:3340} INFO - Setting next_dagrun for example_branch_python_operator_decorator to 2024-06-30T00:00:00+00:00, run_after=2024-07-01T00:00:00+00:00
[2024-07-01T17:17:08.893+0000] {processor.py:176} INFO - Processing /home/airflow/.local/lib/python3.7/site-packages/airflow/example_dags/example_branch_operator_decorator.py took 0.104 seconds
[2024-07-01T17:17:39.435+0000] {processor.py:154} INFO - Started process (PID=1714) to work on /home/airflow/.local/lib/python3.7/site-packages/airflow/example_dags/example_branch_operator_decorator.py
[2024-07-01T17:17:39.436+0000] {processor.py:756} INFO - Processing file /home/airflow/.local/lib/python3.7/site-packages/airflow/example_dags/example_branch_operator_decorator.py for tasks to queue
[2024-07-01T17:17:39.437+0000] {logging_mixin.py:120} INFO - [2024-07-01T17:17:39.437+0000] {dagbag.py:537} INFO - Filling up the DagBag from /home/airflow/.local/lib/python3.7/site-packages/airflow/example_dags/example_branch_operator_decorator.py
[2024-07-01T17:17:39.459+0000] {processor.py:766} INFO - DAG(s) dict_keys(['example_branch_python_operator_decorator']) retrieved from /home/airflow/.local/lib/python3.7/site-packages/airflow/example_dags/example_branch_operator_decorator.py
[2024-07-01T17:17:39.497+0000] {logging_mixin.py:120} INFO - [2024-07-01T17:17:39.497+0000] {dag.py:2585} INFO - Sync 1 DAGs
[2024-07-01T17:17:39.523+0000] {logging_mixin.py:120} INFO - [2024-07-01T17:17:39.522+0000] {dag.py:3340} INFO - Setting next_dagrun for example_branch_python_operator_decorator to 2024-06-30T00:00:00+00:00, run_after=2024-07-01T00:00:00+00:00
[2024-07-01T17:17:39.541+0000] {processor.py:176} INFO - Processing /home/airflow/.local/lib/python3.7/site-packages/airflow/example_dags/example_branch_operator_decorator.py took 0.109 seconds
[2024-07-01T17:18:10.138+0000] {processor.py:154} INFO - Started process (PID=1781) to work on /home/airflow/.local/lib/python3.7/site-packages/airflow/example_dags/example_branch_operator_decorator.py
[2024-07-01T17:18:10.139+0000] {processor.py:756} INFO - Processing file /home/airflow/.local/lib/python3.7/site-packages/airflow/example_dags/example_branch_operator_decorator.py for tasks to queue
[2024-07-01T17:18:10.140+0000] {logging_mixin.py:120} INFO - [2024-07-01T17:18:10.140+0000] {dagbag.py:537} INFO - Filling up the DagBag from /home/airflow/.local/lib/python3.7/site-packages/airflow/example_dags/example_branch_operator_decorator.py
[2024-07-01T17:18:10.164+0000] {processor.py:766} INFO - DAG(s) dict_keys(['example_branch_python_operator_decorator']) retrieved from /home/airflow/.local/lib/python3.7/site-packages/airflow/example_dags/example_branch_operator_decorator.py
[2024-07-01T17:18:10.205+0000] {logging_mixin.py:120} INFO - [2024-07-01T17:18:10.205+0000] {dag.py:2585} INFO - Sync 1 DAGs
[2024-07-01T17:18:10.234+0000] {logging_mixin.py:120} INFO - [2024-07-01T17:18:10.234+0000] {dag.py:3340} INFO - Setting next_dagrun for example_branch_python_operator_decorator to 2024-06-30T00:00:00+00:00, run_after=2024-07-01T00:00:00+00:00
[2024-07-01T17:18:10.256+0000] {processor.py:176} INFO - Processing /home/airflow/.local/lib/python3.7/site-packages/airflow/example_dags/example_branch_operator_decorator.py took 0.122 seconds
[2024-07-01T17:18:40.925+0000] {processor.py:154} INFO - Started process (PID=1839) to work on /home/airflow/.local/lib/python3.7/site-packages/airflow/example_dags/example_branch_operator_decorator.py
[2024-07-01T17:18:40.926+0000] {processor.py:756} INFO - Processing file /home/airflow/.local/lib/python3.7/site-packages/airflow/example_dags/example_branch_operator_decorator.py for tasks to queue
[2024-07-01T17:18:40.926+0000] {logging_mixin.py:120} INFO - [2024-07-01T17:18:40.926+0000] {dagbag.py:537} INFO - Filling up the DagBag from /home/airflow/.local/lib/python3.7/site-packages/airflow/example_dags/example_branch_operator_decorator.py
[2024-07-01T17:18:40.949+0000] {processor.py:766} INFO - DAG(s) dict_keys(['example_branch_python_operator_decorator']) retrieved from /home/airflow/.local/lib/python3.7/site-packages/airflow/example_dags/example_branch_operator_decorator.py
[2024-07-01T17:18:40.986+0000] {logging_mixin.py:120} INFO - [2024-07-01T17:18:40.986+0000] {dag.py:2585} INFO - Sync 1 DAGs
[2024-07-01T17:18:41.012+0000] {logging_mixin.py:120} INFO - [2024-07-01T17:18:41.012+0000] {dag.py:3340} INFO - Setting next_dagrun for example_branch_python_operator_decorator to 2024-06-30T00:00:00+00:00, run_after=2024-07-01T00:00:00+00:00
[2024-07-01T17:18:41.032+0000] {processor.py:176} INFO - Processing /home/airflow/.local/lib/python3.7/site-packages/airflow/example_dags/example_branch_operator_decorator.py took 0.110 seconds
[2024-07-01T17:19:11.702+0000] {processor.py:154} INFO - Started process (PID=1906) to work on /home/airflow/.local/lib/python3.7/site-packages/airflow/example_dags/example_branch_operator_decorator.py
[2024-07-01T17:19:11.703+0000] {processor.py:756} INFO - Processing file /home/airflow/.local/lib/python3.7/site-packages/airflow/example_dags/example_branch_operator_decorator.py for tasks to queue
[2024-07-01T17:19:11.705+0000] {logging_mixin.py:120} INFO - [2024-07-01T17:19:11.705+0000] {dagbag.py:537} INFO - Filling up the DagBag from /home/airflow/.local/lib/python3.7/site-packages/airflow/example_dags/example_branch_operator_decorator.py
[2024-07-01T17:19:11.728+0000] {processor.py:766} INFO - DAG(s) dict_keys(['example_branch_python_operator_decorator']) retrieved from /home/airflow/.local/lib/python3.7/site-packages/airflow/example_dags/example_branch_operator_decorator.py
[2024-07-01T17:19:11.767+0000] {logging_mixin.py:120} INFO - [2024-07-01T17:19:11.766+0000] {dag.py:2585} INFO - Sync 1 DAGs
[2024-07-01T17:19:11.793+0000] {logging_mixin.py:120} INFO - [2024-07-01T17:19:11.793+0000] {dag.py:3340} INFO - Setting next_dagrun for example_branch_python_operator_decorator to 2024-06-30T00:00:00+00:00, run_after=2024-07-01T00:00:00+00:00
[2024-07-01T17:19:11.812+0000] {processor.py:176} INFO - Processing /home/airflow/.local/lib/python3.7/site-packages/airflow/example_dags/example_branch_operator_decorator.py took 0.113 seconds
[2024-07-01T17:19:42.591+0000] {processor.py:154} INFO - Started process (PID=1975) to work on /home/airflow/.local/lib/python3.7/site-packages/airflow/example_dags/example_branch_operator_decorator.py
[2024-07-01T17:19:42.592+0000] {processor.py:756} INFO - Processing file /home/airflow/.local/lib/python3.7/site-packages/airflow/example_dags/example_branch_operator_decorator.py for tasks to queue
[2024-07-01T17:19:42.593+0000] {logging_mixin.py:120} INFO - [2024-07-01T17:19:42.593+0000] {dagbag.py:537} INFO - Filling up the DagBag from /home/airflow/.local/lib/python3.7/site-packages/airflow/example_dags/example_branch_operator_decorator.py
[2024-07-01T17:19:42.617+0000] {processor.py:766} INFO - DAG(s) dict_keys(['example_branch_python_operator_decorator']) retrieved from /home/airflow/.local/lib/python3.7/site-packages/airflow/example_dags/example_branch_operator_decorator.py
[2024-07-01T17:19:42.659+0000] {logging_mixin.py:120} INFO - [2024-07-01T17:19:42.659+0000] {dag.py:2585} INFO - Sync 1 DAGs
[2024-07-01T17:19:42.692+0000] {logging_mixin.py:120} INFO - [2024-07-01T17:19:42.692+0000] {dag.py:3340} INFO - Setting next_dagrun for example_branch_python_operator_decorator to 2024-06-30T00:00:00+00:00, run_after=2024-07-01T00:00:00+00:00
[2024-07-01T17:19:42.712+0000] {processor.py:176} INFO - Processing /home/airflow/.local/lib/python3.7/site-packages/airflow/example_dags/example_branch_operator_decorator.py took 0.124 seconds
[2024-07-01T17:20:13.787+0000] {processor.py:154} INFO - Started process (PID=2043) to work on /home/airflow/.local/lib/python3.7/site-packages/airflow/example_dags/example_branch_operator_decorator.py
[2024-07-01T17:20:13.788+0000] {processor.py:756} INFO - Processing file /home/airflow/.local/lib/python3.7/site-packages/airflow/example_dags/example_branch_operator_decorator.py for tasks to queue
[2024-07-01T17:20:13.789+0000] {logging_mixin.py:120} INFO - [2024-07-01T17:20:13.789+0000] {dagbag.py:537} INFO - Filling up the DagBag from /home/airflow/.local/lib/python3.7/site-packages/airflow/example_dags/example_branch_operator_decorator.py
[2024-07-01T17:20:13.811+0000] {processor.py:766} INFO - DAG(s) dict_keys(['example_branch_python_operator_decorator']) retrieved from /home/airflow/.local/lib/python3.7/site-packages/airflow/example_dags/example_branch_operator_decorator.py
[2024-07-01T17:20:13.847+0000] {logging_mixin.py:120} INFO - [2024-07-01T17:20:13.847+0000] {dag.py:2585} INFO - Sync 1 DAGs
[2024-07-01T17:20:13.872+0000] {logging_mixin.py:120} INFO - [2024-07-01T17:20:13.872+0000] {dag.py:3340} INFO - Setting next_dagrun for example_branch_python_operator_decorator to 2024-06-30T00:00:00+00:00, run_after=2024-07-01T00:00:00+00:00
[2024-07-01T17:20:13.888+0000] {processor.py:176} INFO - Processing /home/airflow/.local/lib/python3.7/site-packages/airflow/example_dags/example_branch_operator_decorator.py took 0.104 seconds
[2024-07-01T17:20:44.514+0000] {processor.py:154} INFO - Started process (PID=2101) to work on /home/airflow/.local/lib/python3.7/site-packages/airflow/example_dags/example_branch_operator_decorator.py
[2024-07-01T17:20:44.515+0000] {processor.py:756} INFO - Processing file /home/airflow/.local/lib/python3.7/site-packages/airflow/example_dags/example_branch_operator_decorator.py for tasks to queue
[2024-07-01T17:20:44.516+0000] {logging_mixin.py:120} INFO - [2024-07-01T17:20:44.516+0000] {dagbag.py:537} INFO - Filling up the DagBag from /home/airflow/.local/lib/python3.7/site-packages/airflow/example_dags/example_branch_operator_decorator.py
[2024-07-01T17:20:44.538+0000] {processor.py:766} INFO - DAG(s) dict_keys(['example_branch_python_operator_decorator']) retrieved from /home/airflow/.local/lib/python3.7/site-packages/airflow/example_dags/example_branch_operator_decorator.py
[2024-07-01T17:20:44.572+0000] {logging_mixin.py:120} INFO - [2024-07-01T17:20:44.572+0000] {dag.py:2585} INFO - Sync 1 DAGs
[2024-07-01T17:20:44.595+0000] {logging_mixin.py:120} INFO - [2024-07-01T17:20:44.595+0000] {dag.py:3340} INFO - Setting next_dagrun for example_branch_python_operator_decorator to 2024-06-30T00:00:00+00:00, run_after=2024-07-01T00:00:00+00:00
[2024-07-01T17:20:44.611+0000] {processor.py:176} INFO - Processing /home/airflow/.local/lib/python3.7/site-packages/airflow/example_dags/example_branch_operator_decorator.py took 0.101 seconds
[2024-07-01T17:21:14.985+0000] {processor.py:154} INFO - Started process (PID=2167) to work on /home/airflow/.local/lib/python3.7/site-packages/airflow/example_dags/example_branch_operator_decorator.py
[2024-07-01T17:21:14.986+0000] {processor.py:756} INFO - Processing file /home/airflow/.local/lib/python3.7/site-packages/airflow/example_dags/example_branch_operator_decorator.py for tasks to queue
[2024-07-01T17:21:14.987+0000] {logging_mixin.py:120} INFO - [2024-07-01T17:21:14.987+0000] {dagbag.py:537} INFO - Filling up the DagBag from /home/airflow/.local/lib/python3.7/site-packages/airflow/example_dags/example_branch_operator_decorator.py
[2024-07-01T17:21:15.007+0000] {processor.py:766} INFO - DAG(s) dict_keys(['example_branch_python_operator_decorator']) retrieved from /home/airflow/.local/lib/python3.7/site-packages/airflow/example_dags/example_branch_operator_decorator.py
[2024-07-01T17:21:15.043+0000] {logging_mixin.py:120} INFO - [2024-07-01T17:21:15.042+0000] {dag.py:2585} INFO - Sync 1 DAGs
[2024-07-01T17:21:15.065+0000] {logging_mixin.py:120} INFO - [2024-07-01T17:21:15.065+0000] {dag.py:3340} INFO - Setting next_dagrun for example_branch_python_operator_decorator to 2024-06-30T00:00:00+00:00, run_after=2024-07-01T00:00:00+00:00
[2024-07-01T17:21:15.082+0000] {processor.py:176} INFO - Processing /home/airflow/.local/lib/python3.7/site-packages/airflow/example_dags/example_branch_operator_decorator.py took 0.100 seconds
[2024-07-01T17:21:45.493+0000] {processor.py:154} INFO - Started process (PID=2234) to work on /home/airflow/.local/lib/python3.7/site-packages/airflow/example_dags/example_branch_operator_decorator.py
[2024-07-01T17:21:45.494+0000] {processor.py:756} INFO - Processing file /home/airflow/.local/lib/python3.7/site-packages/airflow/example_dags/example_branch_operator_decorator.py for tasks to queue
[2024-07-01T17:21:45.495+0000] {logging_mixin.py:120} INFO - [2024-07-01T17:21:45.495+0000] {dagbag.py:537} INFO - Filling up the DagBag from /home/airflow/.local/lib/python3.7/site-packages/airflow/example_dags/example_branch_operator_decorator.py
[2024-07-01T17:21:45.517+0000] {processor.py:766} INFO - DAG(s) dict_keys(['example_branch_python_operator_decorator']) retrieved from /home/airflow/.local/lib/python3.7/site-packages/airflow/example_dags/example_branch_operator_decorator.py
[2024-07-01T17:21:45.553+0000] {logging_mixin.py:120} INFO - [2024-07-01T17:21:45.553+0000] {dag.py:2585} INFO - Sync 1 DAGs
[2024-07-01T17:21:45.578+0000] {logging_mixin.py:120} INFO - [2024-07-01T17:21:45.577+0000] {dag.py:3340} INFO - Setting next_dagrun for example_branch_python_operator_decorator to 2024-06-30T00:00:00+00:00, run_after=2024-07-01T00:00:00+00:00
[2024-07-01T17:21:45.594+0000] {processor.py:176} INFO - Processing /home/airflow/.local/lib/python3.7/site-packages/airflow/example_dags/example_branch_operator_decorator.py took 0.104 seconds
[2024-07-01T17:22:16.053+0000] {processor.py:154} INFO - Started process (PID=2302) to work on /home/airflow/.local/lib/python3.7/site-packages/airflow/example_dags/example_branch_operator_decorator.py
[2024-07-01T17:22:16.054+0000] {processor.py:756} INFO - Processing file /home/airflow/.local/lib/python3.7/site-packages/airflow/example_dags/example_branch_operator_decorator.py for tasks to queue
[2024-07-01T17:22:16.055+0000] {logging_mixin.py:120} INFO - [2024-07-01T17:22:16.055+0000] {dagbag.py:537} INFO - Filling up the DagBag from /home/airflow/.local/lib/python3.7/site-packages/airflow/example_dags/example_branch_operator_decorator.py
[2024-07-01T17:22:16.076+0000] {processor.py:766} INFO - DAG(s) dict_keys(['example_branch_python_operator_decorator']) retrieved from /home/airflow/.local/lib/python3.7/site-packages/airflow/example_dags/example_branch_operator_decorator.py
[2024-07-01T17:22:16.110+0000] {logging_mixin.py:120} INFO - [2024-07-01T17:22:16.110+0000] {dag.py:2585} INFO - Sync 1 DAGs
[2024-07-01T17:22:16.135+0000] {logging_mixin.py:120} INFO - [2024-07-01T17:22:16.135+0000] {dag.py:3340} INFO - Setting next_dagrun for example_branch_python_operator_decorator to 2024-06-30T00:00:00+00:00, run_after=2024-07-01T00:00:00+00:00
[2024-07-01T17:22:16.151+0000] {processor.py:176} INFO - Processing /home/airflow/.local/lib/python3.7/site-packages/airflow/example_dags/example_branch_operator_decorator.py took 0.101 seconds
[2024-07-01T17:22:46.706+0000] {processor.py:154} INFO - Started process (PID=2369) to work on /home/airflow/.local/lib/python3.7/site-packages/airflow/example_dags/example_branch_operator_decorator.py
[2024-07-01T17:22:46.707+0000] {processor.py:756} INFO - Processing file /home/airflow/.local/lib/python3.7/site-packages/airflow/example_dags/example_branch_operator_decorator.py for tasks to queue
[2024-07-01T17:22:46.708+0000] {logging_mixin.py:120} INFO - [2024-07-01T17:22:46.708+0000] {dagbag.py:537} INFO - Filling up the DagBag from /home/airflow/.local/lib/python3.7/site-packages/airflow/example_dags/example_branch_operator_decorator.py
[2024-07-01T17:22:46.732+0000] {processor.py:766} INFO - DAG(s) dict_keys(['example_branch_python_operator_decorator']) retrieved from /home/airflow/.local/lib/python3.7/site-packages/airflow/example_dags/example_branch_operator_decorator.py
[2024-07-01T17:22:46.770+0000] {logging_mixin.py:120} INFO - [2024-07-01T17:22:46.770+0000] {dag.py:2585} INFO - Sync 1 DAGs
[2024-07-01T17:22:46.799+0000] {logging_mixin.py:120} INFO - [2024-07-01T17:22:46.799+0000] {dag.py:3340} INFO - Setting next_dagrun for example_branch_python_operator_decorator to 2024-06-30T00:00:00+00:00, run_after=2024-07-01T00:00:00+00:00
[2024-07-01T17:22:46.818+0000] {processor.py:176} INFO - Processing /home/airflow/.local/lib/python3.7/site-packages/airflow/example_dags/example_branch_operator_decorator.py took 0.115 seconds
[2024-07-01T17:23:17.576+0000] {processor.py:154} INFO - Started process (PID=2427) to work on /home/airflow/.local/lib/python3.7/site-packages/airflow/example_dags/example_branch_operator_decorator.py
[2024-07-01T17:23:17.577+0000] {processor.py:756} INFO - Processing file /home/airflow/.local/lib/python3.7/site-packages/airflow/example_dags/example_branch_operator_decorator.py for tasks to queue
[2024-07-01T17:23:17.577+0000] {logging_mixin.py:120} INFO - [2024-07-01T17:23:17.577+0000] {dagbag.py:537} INFO - Filling up the DagBag from /home/airflow/.local/lib/python3.7/site-packages/airflow/example_dags/example_branch_operator_decorator.py
[2024-07-01T17:23:17.600+0000] {processor.py:766} INFO - DAG(s) dict_keys(['example_branch_python_operator_decorator']) retrieved from /home/airflow/.local/lib/python3.7/site-packages/airflow/example_dags/example_branch_operator_decorator.py
[2024-07-01T17:23:17.639+0000] {logging_mixin.py:120} INFO - [2024-07-01T17:23:17.639+0000] {dag.py:2585} INFO - Sync 1 DAGs
[2024-07-01T17:23:17.665+0000] {logging_mixin.py:120} INFO - [2024-07-01T17:23:17.664+0000] {dag.py:3340} INFO - Setting next_dagrun for example_branch_python_operator_decorator to 2024-06-30T00:00:00+00:00, run_after=2024-07-01T00:00:00+00:00
[2024-07-01T17:23:17.683+0000] {processor.py:176} INFO - Processing /home/airflow/.local/lib/python3.7/site-packages/airflow/example_dags/example_branch_operator_decorator.py took 0.111 seconds
[2024-07-01T17:23:48.362+0000] {processor.py:154} INFO - Started process (PID=2494) to work on /home/airflow/.local/lib/python3.7/site-packages/airflow/example_dags/example_branch_operator_decorator.py
[2024-07-01T17:23:48.363+0000] {processor.py:756} INFO - Processing file /home/airflow/.local/lib/python3.7/site-packages/airflow/example_dags/example_branch_operator_decorator.py for tasks to queue
[2024-07-01T17:23:48.364+0000] {logging_mixin.py:120} INFO - [2024-07-01T17:23:48.364+0000] {dagbag.py:537} INFO - Filling up the DagBag from /home/airflow/.local/lib/python3.7/site-packages/airflow/example_dags/example_branch_operator_decorator.py
[2024-07-01T17:23:48.387+0000] {processor.py:766} INFO - DAG(s) dict_keys(['example_branch_python_operator_decorator']) retrieved from /home/airflow/.local/lib/python3.7/site-packages/airflow/example_dags/example_branch_operator_decorator.py
[2024-07-01T17:23:48.426+0000] {logging_mixin.py:120} INFO - [2024-07-01T17:23:48.425+0000] {dag.py:2585} INFO - Sync 1 DAGs
[2024-07-01T17:23:48.454+0000] {logging_mixin.py:120} INFO - [2024-07-01T17:23:48.454+0000] {dag.py:3340} INFO - Setting next_dagrun for example_branch_python_operator_decorator to 2024-06-30T00:00:00+00:00, run_after=2024-07-01T00:00:00+00:00
[2024-07-01T17:23:48.473+0000] {processor.py:176} INFO - Processing /home/airflow/.local/lib/python3.7/site-packages/airflow/example_dags/example_branch_operator_decorator.py took 0.114 seconds
[2024-07-01T17:24:19.370+0000] {processor.py:154} INFO - Started process (PID=2561) to work on /home/airflow/.local/lib/python3.7/site-packages/airflow/example_dags/example_branch_operator_decorator.py
[2024-07-01T17:24:19.372+0000] {processor.py:756} INFO - Processing file /home/airflow/.local/lib/python3.7/site-packages/airflow/example_dags/example_branch_operator_decorator.py for tasks to queue
[2024-07-01T17:24:19.373+0000] {logging_mixin.py:120} INFO - [2024-07-01T17:24:19.372+0000] {dagbag.py:537} INFO - Filling up the DagBag from /home/airflow/.local/lib/python3.7/site-packages/airflow/example_dags/example_branch_operator_decorator.py
[2024-07-01T17:24:19.395+0000] {processor.py:766} INFO - DAG(s) dict_keys(['example_branch_python_operator_decorator']) retrieved from /home/airflow/.local/lib/python3.7/site-packages/airflow/example_dags/example_branch_operator_decorator.py
[2024-07-01T17:24:19.431+0000] {logging_mixin.py:120} INFO - [2024-07-01T17:24:19.430+0000] {dag.py:2585} INFO - Sync 1 DAGs
[2024-07-01T17:24:19.457+0000] {logging_mixin.py:120} INFO - [2024-07-01T17:24:19.457+0000] {dag.py:3340} INFO - Setting next_dagrun for example_branch_python_operator_decorator to 2024-06-30T00:00:00+00:00, run_after=2024-07-01T00:00:00+00:00
[2024-07-01T17:24:19.474+0000] {processor.py:176} INFO - Processing /home/airflow/.local/lib/python3.7/site-packages/airflow/example_dags/example_branch_operator_decorator.py took 0.107 seconds
[2024-07-01T17:24:50.349+0000] {processor.py:154} INFO - Started process (PID=2628) to work on /home/airflow/.local/lib/python3.7/site-packages/airflow/example_dags/example_branch_operator_decorator.py
[2024-07-01T17:24:50.350+0000] {processor.py:756} INFO - Processing file /home/airflow/.local/lib/python3.7/site-packages/airflow/example_dags/example_branch_operator_decorator.py for tasks to queue
[2024-07-01T17:24:50.351+0000] {logging_mixin.py:120} INFO - [2024-07-01T17:24:50.351+0000] {dagbag.py:537} INFO - Filling up the DagBag from /home/airflow/.local/lib/python3.7/site-packages/airflow/example_dags/example_branch_operator_decorator.py
[2024-07-01T17:24:50.373+0000] {processor.py:766} INFO - DAG(s) dict_keys(['example_branch_python_operator_decorator']) retrieved from /home/airflow/.local/lib/python3.7/site-packages/airflow/example_dags/example_branch_operator_decorator.py
[2024-07-01T17:24:50.410+0000] {logging_mixin.py:120} INFO - [2024-07-01T17:24:50.410+0000] {dag.py:2585} INFO - Sync 1 DAGs
[2024-07-01T17:24:50.434+0000] {logging_mixin.py:120} INFO - [2024-07-01T17:24:50.434+0000] {dag.py:3340} INFO - Setting next_dagrun for example_branch_python_operator_decorator to 2024-06-30T00:00:00+00:00, run_after=2024-07-01T00:00:00+00:00
[2024-07-01T17:24:50.451+0000] {processor.py:176} INFO - Processing /home/airflow/.local/lib/python3.7/site-packages/airflow/example_dags/example_branch_operator_decorator.py took 0.105 seconds
[2024-07-01T17:25:21.352+0000] {processor.py:154} INFO - Started process (PID=2693) to work on /home/airflow/.local/lib/python3.7/site-packages/airflow/example_dags/example_branch_operator_decorator.py
[2024-07-01T17:25:21.353+0000] {processor.py:756} INFO - Processing file /home/airflow/.local/lib/python3.7/site-packages/airflow/example_dags/example_branch_operator_decorator.py for tasks to queue
[2024-07-01T17:25:21.354+0000] {logging_mixin.py:120} INFO - [2024-07-01T17:25:21.354+0000] {dagbag.py:537} INFO - Filling up the DagBag from /home/airflow/.local/lib/python3.7/site-packages/airflow/example_dags/example_branch_operator_decorator.py
[2024-07-01T17:25:21.379+0000] {processor.py:766} INFO - DAG(s) dict_keys(['example_branch_python_operator_decorator']) retrieved from /home/airflow/.local/lib/python3.7/site-packages/airflow/example_dags/example_branch_operator_decorator.py
[2024-07-01T17:25:21.418+0000] {logging_mixin.py:120} INFO - [2024-07-01T17:25:21.418+0000] {dag.py:2585} INFO - Sync 1 DAGs
[2024-07-01T17:25:21.443+0000] {logging_mixin.py:120} INFO - [2024-07-01T17:25:21.443+0000] {dag.py:3340} INFO - Setting next_dagrun for example_branch_python_operator_decorator to 2024-06-30T00:00:00+00:00, run_after=2024-07-01T00:00:00+00:00
[2024-07-01T17:25:21.461+0000] {processor.py:176} INFO - Processing /home/airflow/.local/lib/python3.7/site-packages/airflow/example_dags/example_branch_operator_decorator.py took 0.113 seconds
[2024-07-01T17:25:52.277+0000] {processor.py:154} INFO - Started process (PID=2753) to work on /home/airflow/.local/lib/python3.7/site-packages/airflow/example_dags/example_branch_operator_decorator.py
[2024-07-01T17:25:52.278+0000] {processor.py:756} INFO - Processing file /home/airflow/.local/lib/python3.7/site-packages/airflow/example_dags/example_branch_operator_decorator.py for tasks to queue
[2024-07-01T17:25:52.279+0000] {logging_mixin.py:120} INFO - [2024-07-01T17:25:52.279+0000] {dagbag.py:537} INFO - Filling up the DagBag from /home/airflow/.local/lib/python3.7/site-packages/airflow/example_dags/example_branch_operator_decorator.py
[2024-07-01T17:25:52.301+0000] {processor.py:766} INFO - DAG(s) dict_keys(['example_branch_python_operator_decorator']) retrieved from /home/airflow/.local/lib/python3.7/site-packages/airflow/example_dags/example_branch_operator_decorator.py
[2024-07-01T17:25:52.339+0000] {logging_mixin.py:120} INFO - [2024-07-01T17:25:52.339+0000] {dag.py:2585} INFO - Sync 1 DAGs
[2024-07-01T17:25:52.365+0000] {logging_mixin.py:120} INFO - [2024-07-01T17:25:52.365+0000] {dag.py:3340} INFO - Setting next_dagrun for example_branch_python_operator_decorator to 2024-06-30T00:00:00+00:00, run_after=2024-07-01T00:00:00+00:00
[2024-07-01T17:25:52.384+0000] {processor.py:176} INFO - Processing /home/airflow/.local/lib/python3.7/site-packages/airflow/example_dags/example_branch_operator_decorator.py took 0.110 seconds
[2024-07-01T17:26:22.911+0000] {processor.py:154} INFO - Started process (PID=2820) to work on /home/airflow/.local/lib/python3.7/site-packages/airflow/example_dags/example_branch_operator_decorator.py
[2024-07-01T17:26:22.912+0000] {processor.py:756} INFO - Processing file /home/airflow/.local/lib/python3.7/site-packages/airflow/example_dags/example_branch_operator_decorator.py for tasks to queue
[2024-07-01T17:26:22.913+0000] {logging_mixin.py:120} INFO - [2024-07-01T17:26:22.913+0000] {dagbag.py:537} INFO - Filling up the DagBag from /home/airflow/.local/lib/python3.7/site-packages/airflow/example_dags/example_branch_operator_decorator.py
[2024-07-01T17:26:22.934+0000] {processor.py:766} INFO - DAG(s) dict_keys(['example_branch_python_operator_decorator']) retrieved from /home/airflow/.local/lib/python3.7/site-packages/airflow/example_dags/example_branch_operator_decorator.py
[2024-07-01T17:26:22.969+0000] {logging_mixin.py:120} INFO - [2024-07-01T17:26:22.969+0000] {dag.py:2585} INFO - Sync 1 DAGs
[2024-07-01T17:26:22.992+0000] {logging_mixin.py:120} INFO - [2024-07-01T17:26:22.992+0000] {dag.py:3340} INFO - Setting next_dagrun for example_branch_python_operator_decorator to 2024-06-30T00:00:00+00:00, run_after=2024-07-01T00:00:00+00:00
[2024-07-01T17:26:23.008+0000] {processor.py:176} INFO - Processing /home/airflow/.local/lib/python3.7/site-packages/airflow/example_dags/example_branch_operator_decorator.py took 0.100 seconds
[2024-07-01T17:26:53.344+0000] {processor.py:154} INFO - Started process (PID=2887) to work on /home/airflow/.local/lib/python3.7/site-packages/airflow/example_dags/example_branch_operator_decorator.py
[2024-07-01T17:26:53.345+0000] {processor.py:756} INFO - Processing file /home/airflow/.local/lib/python3.7/site-packages/airflow/example_dags/example_branch_operator_decorator.py for tasks to queue
[2024-07-01T17:26:53.346+0000] {logging_mixin.py:120} INFO - [2024-07-01T17:26:53.346+0000] {dagbag.py:537} INFO - Filling up the DagBag from /home/airflow/.local/lib/python3.7/site-packages/airflow/example_dags/example_branch_operator_decorator.py
[2024-07-01T17:26:53.367+0000] {processor.py:766} INFO - DAG(s) dict_keys(['example_branch_python_operator_decorator']) retrieved from /home/airflow/.local/lib/python3.7/site-packages/airflow/example_dags/example_branch_operator_decorator.py
[2024-07-01T17:26:53.402+0000] {logging_mixin.py:120} INFO - [2024-07-01T17:26:53.402+0000] {dag.py:2585} INFO - Sync 1 DAGs
[2024-07-01T17:26:53.426+0000] {logging_mixin.py:120} INFO - [2024-07-01T17:26:53.426+0000] {dag.py:3340} INFO - Setting next_dagrun for example_branch_python_operator_decorator to 2024-06-30T00:00:00+00:00, run_after=2024-07-01T00:00:00+00:00
[2024-07-01T17:26:53.443+0000] {processor.py:176} INFO - Processing /home/airflow/.local/lib/python3.7/site-packages/airflow/example_dags/example_branch_operator_decorator.py took 0.102 seconds
[2024-07-01T17:27:23.996+0000] {processor.py:154} INFO - Started process (PID=2954) to work on /home/airflow/.local/lib/python3.7/site-packages/airflow/example_dags/example_branch_operator_decorator.py
[2024-07-01T17:27:23.997+0000] {processor.py:756} INFO - Processing file /home/airflow/.local/lib/python3.7/site-packages/airflow/example_dags/example_branch_operator_decorator.py for tasks to queue
[2024-07-01T17:27:23.998+0000] {logging_mixin.py:120} INFO - [2024-07-01T17:27:23.998+0000] {dagbag.py:537} INFO - Filling up the DagBag from /home/airflow/.local/lib/python3.7/site-packages/airflow/example_dags/example_branch_operator_decorator.py
[2024-07-01T17:27:24.020+0000] {processor.py:766} INFO - DAG(s) dict_keys(['example_branch_python_operator_decorator']) retrieved from /home/airflow/.local/lib/python3.7/site-packages/airflow/example_dags/example_branch_operator_decorator.py
[2024-07-01T17:27:24.056+0000] {logging_mixin.py:120} INFO - [2024-07-01T17:27:24.056+0000] {dag.py:2585} INFO - Sync 1 DAGs
[2024-07-01T17:27:24.078+0000] {logging_mixin.py:120} INFO - [2024-07-01T17:27:24.078+0000] {dag.py:3340} INFO - Setting next_dagrun for example_branch_python_operator_decorator to 2024-06-30T00:00:00+00:00, run_after=2024-07-01T00:00:00+00:00
[2024-07-01T17:27:24.094+0000] {processor.py:176} INFO - Processing /home/airflow/.local/lib/python3.7/site-packages/airflow/example_dags/example_branch_operator_decorator.py took 0.101 seconds
[2024-07-01T17:27:54.491+0000] {processor.py:154} INFO - Started process (PID=3012) to work on /home/airflow/.local/lib/python3.7/site-packages/airflow/example_dags/example_branch_operator_decorator.py
[2024-07-01T17:27:54.492+0000] {processor.py:756} INFO - Processing file /home/airflow/.local/lib/python3.7/site-packages/airflow/example_dags/example_branch_operator_decorator.py for tasks to queue
[2024-07-01T17:27:54.493+0000] {logging_mixin.py:120} INFO - [2024-07-01T17:27:54.493+0000] {dagbag.py:537} INFO - Filling up the DagBag from /home/airflow/.local/lib/python3.7/site-packages/airflow/example_dags/example_branch_operator_decorator.py
[2024-07-01T17:27:54.516+0000] {processor.py:766} INFO - DAG(s) dict_keys(['example_branch_python_operator_decorator']) retrieved from /home/airflow/.local/lib/python3.7/site-packages/airflow/example_dags/example_branch_operator_decorator.py
[2024-07-01T17:27:54.552+0000] {logging_mixin.py:120} INFO - [2024-07-01T17:27:54.552+0000] {dag.py:2585} INFO - Sync 1 DAGs
[2024-07-01T17:27:54.574+0000] {logging_mixin.py:120} INFO - [2024-07-01T17:27:54.574+0000] {dag.py:3340} INFO - Setting next_dagrun for example_branch_python_operator_decorator to 2024-06-30T00:00:00+00:00, run_after=2024-07-01T00:00:00+00:00
[2024-07-01T17:27:54.590+0000] {processor.py:176} INFO - Processing /home/airflow/.local/lib/python3.7/site-packages/airflow/example_dags/example_branch_operator_decorator.py took 0.103 seconds
[2024-07-01T17:28:24.847+0000] {processor.py:154} INFO - Started process (PID=3079) to work on /home/airflow/.local/lib/python3.7/site-packages/airflow/example_dags/example_branch_operator_decorator.py
[2024-07-01T17:28:24.848+0000] {processor.py:756} INFO - Processing file /home/airflow/.local/lib/python3.7/site-packages/airflow/example_dags/example_branch_operator_decorator.py for tasks to queue
[2024-07-01T17:28:24.849+0000] {logging_mixin.py:120} INFO - [2024-07-01T17:28:24.849+0000] {dagbag.py:537} INFO - Filling up the DagBag from /home/airflow/.local/lib/python3.7/site-packages/airflow/example_dags/example_branch_operator_decorator.py
[2024-07-01T17:28:24.870+0000] {processor.py:766} INFO - DAG(s) dict_keys(['example_branch_python_operator_decorator']) retrieved from /home/airflow/.local/lib/python3.7/site-packages/airflow/example_dags/example_branch_operator_decorator.py
[2024-07-01T17:28:24.904+0000] {logging_mixin.py:120} INFO - [2024-07-01T17:28:24.904+0000] {dag.py:2585} INFO - Sync 1 DAGs
[2024-07-01T17:28:24.928+0000] {logging_mixin.py:120} INFO - [2024-07-01T17:28:24.928+0000] {dag.py:3340} INFO - Setting next_dagrun for example_branch_python_operator_decorator to 2024-06-30T00:00:00+00:00, run_after=2024-07-01T00:00:00+00:00
[2024-07-01T17:28:24.944+0000] {processor.py:176} INFO - Processing /home/airflow/.local/lib/python3.7/site-packages/airflow/example_dags/example_branch_operator_decorator.py took 0.100 seconds
[2024-07-01T17:34:08.403+0000] {processor.py:154} INFO - Started process (PID=71) to work on /home/airflow/.local/lib/python3.7/site-packages/airflow/example_dags/example_branch_operator_decorator.py
[2024-07-01T17:34:08.405+0000] {processor.py:756} INFO - Processing file /home/airflow/.local/lib/python3.7/site-packages/airflow/example_dags/example_branch_operator_decorator.py for tasks to queue
[2024-07-01T17:34:08.406+0000] {logging_mixin.py:120} INFO - [2024-07-01T17:34:08.406+0000] {dagbag.py:537} INFO - Filling up the DagBag from /home/airflow/.local/lib/python3.7/site-packages/airflow/example_dags/example_branch_operator_decorator.py
[2024-07-01T17:34:08.448+0000] {processor.py:766} INFO - DAG(s) dict_keys(['example_branch_python_operator_decorator']) retrieved from /home/airflow/.local/lib/python3.7/site-packages/airflow/example_dags/example_branch_operator_decorator.py
[2024-07-01T17:34:08.505+0000] {logging_mixin.py:120} INFO - [2024-07-01T17:34:08.505+0000] {dag.py:2585} INFO - Sync 1 DAGs
[2024-07-01T17:34:08.549+0000] {logging_mixin.py:120} INFO - [2024-07-01T17:34:08.549+0000] {dag.py:3340} INFO - Setting next_dagrun for example_branch_python_operator_decorator to 2024-06-30T00:00:00+00:00, run_after=2024-07-01T00:00:00+00:00
[2024-07-01T17:34:08.576+0000] {processor.py:176} INFO - Processing /home/airflow/.local/lib/python3.7/site-packages/airflow/example_dags/example_branch_operator_decorator.py took 0.177 seconds
