[2024-07-01T17:04:49.670+0000] {processor.py:154} INFO - Started process (PID=46) to work on /home/airflow/.local/lib/python3.7/site-packages/airflow/example_dags/example_branch_python_dop_operator_3.py
[2024-07-01T17:04:49.673+0000] {processor.py:756} INFO - Processing file /home/airflow/.local/lib/python3.7/site-packages/airflow/example_dags/example_branch_python_dop_operator_3.py for tasks to queue
[2024-07-01T17:04:49.675+0000] {logging_mixin.py:120} INFO - [2024-07-01T17:04:49.674+0000] {dagbag.py:537} INFO - Filling up the DagBag from /home/airflow/.local/lib/python3.7/site-packages/airflow/example_dags/example_branch_python_dop_operator_3.py
[2024-07-01T17:04:49.730+0000] {processor.py:766} INFO - DAG(s) dict_keys(['example_branch_dop_operator_v3']) retrieved from /home/airflow/.local/lib/python3.7/site-packages/airflow/example_dags/example_branch_python_dop_operator_3.py
[2024-07-01T17:04:49.795+0000] {logging_mixin.py:120} INFO - [2024-07-01T17:04:49.794+0000] {dag.py:2585} INFO - Sync 1 DAGs
[2024-07-01T17:04:49.836+0000] {logging_mixin.py:120} INFO - [2024-07-01T17:04:49.836+0000] {dag.py:3340} INFO - Setting next_dagrun for example_branch_dop_operator_v3 to 2024-07-01T17:03:00+00:00, run_after=2024-07-01T17:04:00+00:00
[2024-07-01T17:04:49.860+0000] {processor.py:176} INFO - Processing /home/airflow/.local/lib/python3.7/site-packages/airflow/example_dags/example_branch_python_dop_operator_3.py took 0.201 seconds
[2024-07-01T17:05:20.157+0000] {processor.py:154} INFO - Started process (PID=122) to work on /home/airflow/.local/lib/python3.7/site-packages/airflow/example_dags/example_branch_python_dop_operator_3.py
[2024-07-01T17:05:20.158+0000] {processor.py:756} INFO - Processing file /home/airflow/.local/lib/python3.7/site-packages/airflow/example_dags/example_branch_python_dop_operator_3.py for tasks to queue
[2024-07-01T17:05:20.159+0000] {logging_mixin.py:120} INFO - [2024-07-01T17:05:20.159+0000] {dagbag.py:537} INFO - Filling up the DagBag from /home/airflow/.local/lib/python3.7/site-packages/airflow/example_dags/example_branch_python_dop_operator_3.py
[2024-07-01T17:05:20.180+0000] {processor.py:766} INFO - DAG(s) dict_keys(['example_branch_dop_operator_v3']) retrieved from /home/airflow/.local/lib/python3.7/site-packages/airflow/example_dags/example_branch_python_dop_operator_3.py
[2024-07-01T17:05:20.217+0000] {logging_mixin.py:120} INFO - [2024-07-01T17:05:20.217+0000] {dag.py:2585} INFO - Sync 1 DAGs
[2024-07-01T17:05:20.246+0000] {logging_mixin.py:120} INFO - [2024-07-01T17:05:20.246+0000] {dag.py:3340} INFO - Setting next_dagrun for example_branch_dop_operator_v3 to 2024-07-01T17:04:00+00:00, run_after=2024-07-01T17:05:00+00:00
[2024-07-01T17:05:20.277+0000] {processor.py:176} INFO - Processing /home/airflow/.local/lib/python3.7/site-packages/airflow/example_dags/example_branch_python_dop_operator_3.py took 0.122 seconds
[2024-07-01T17:05:50.487+0000] {processor.py:154} INFO - Started process (PID=189) to work on /home/airflow/.local/lib/python3.7/site-packages/airflow/example_dags/example_branch_python_dop_operator_3.py
[2024-07-01T17:05:50.488+0000] {processor.py:756} INFO - Processing file /home/airflow/.local/lib/python3.7/site-packages/airflow/example_dags/example_branch_python_dop_operator_3.py for tasks to queue
[2024-07-01T17:05:50.489+0000] {logging_mixin.py:120} INFO - [2024-07-01T17:05:50.489+0000] {dagbag.py:537} INFO - Filling up the DagBag from /home/airflow/.local/lib/python3.7/site-packages/airflow/example_dags/example_branch_python_dop_operator_3.py
[2024-07-01T17:05:50.510+0000] {processor.py:766} INFO - DAG(s) dict_keys(['example_branch_dop_operator_v3']) retrieved from /home/airflow/.local/lib/python3.7/site-packages/airflow/example_dags/example_branch_python_dop_operator_3.py
[2024-07-01T17:05:50.547+0000] {logging_mixin.py:120} INFO - [2024-07-01T17:05:50.547+0000] {dag.py:2585} INFO - Sync 1 DAGs
[2024-07-01T17:05:50.576+0000] {logging_mixin.py:120} INFO - [2024-07-01T17:05:50.575+0000] {dag.py:3340} INFO - Setting next_dagrun for example_branch_dop_operator_v3 to 2024-07-01T17:04:00+00:00, run_after=2024-07-01T17:05:00+00:00
[2024-07-01T17:05:50.596+0000] {processor.py:176} INFO - Processing /home/airflow/.local/lib/python3.7/site-packages/airflow/example_dags/example_branch_python_dop_operator_3.py took 0.112 seconds
[2024-07-01T17:06:21.176+0000] {processor.py:154} INFO - Started process (PID=247) to work on /home/airflow/.local/lib/python3.7/site-packages/airflow/example_dags/example_branch_python_dop_operator_3.py
[2024-07-01T17:06:21.177+0000] {processor.py:756} INFO - Processing file /home/airflow/.local/lib/python3.7/site-packages/airflow/example_dags/example_branch_python_dop_operator_3.py for tasks to queue
[2024-07-01T17:06:21.178+0000] {logging_mixin.py:120} INFO - [2024-07-01T17:06:21.178+0000] {dagbag.py:537} INFO - Filling up the DagBag from /home/airflow/.local/lib/python3.7/site-packages/airflow/example_dags/example_branch_python_dop_operator_3.py
[2024-07-01T17:06:21.200+0000] {processor.py:766} INFO - DAG(s) dict_keys(['example_branch_dop_operator_v3']) retrieved from /home/airflow/.local/lib/python3.7/site-packages/airflow/example_dags/example_branch_python_dop_operator_3.py
[2024-07-01T17:06:21.240+0000] {logging_mixin.py:120} INFO - [2024-07-01T17:06:21.240+0000] {dag.py:2585} INFO - Sync 1 DAGs
[2024-07-01T17:06:21.268+0000] {logging_mixin.py:120} INFO - [2024-07-01T17:06:21.267+0000] {dag.py:3340} INFO - Setting next_dagrun for example_branch_dop_operator_v3 to 2024-07-01T17:05:00+00:00, run_after=2024-07-01T17:06:00+00:00
[2024-07-01T17:06:21.293+0000] {processor.py:176} INFO - Processing /home/airflow/.local/lib/python3.7/site-packages/airflow/example_dags/example_branch_python_dop_operator_3.py took 0.120 seconds
[2024-07-01T17:06:51.419+0000] {processor.py:154} INFO - Started process (PID=314) to work on /home/airflow/.local/lib/python3.7/site-packages/airflow/example_dags/example_branch_python_dop_operator_3.py
[2024-07-01T17:06:51.420+0000] {processor.py:756} INFO - Processing file /home/airflow/.local/lib/python3.7/site-packages/airflow/example_dags/example_branch_python_dop_operator_3.py for tasks to queue
[2024-07-01T17:06:51.421+0000] {logging_mixin.py:120} INFO - [2024-07-01T17:06:51.421+0000] {dagbag.py:537} INFO - Filling up the DagBag from /home/airflow/.local/lib/python3.7/site-packages/airflow/example_dags/example_branch_python_dop_operator_3.py
[2024-07-01T17:06:51.442+0000] {processor.py:766} INFO - DAG(s) dict_keys(['example_branch_dop_operator_v3']) retrieved from /home/airflow/.local/lib/python3.7/site-packages/airflow/example_dags/example_branch_python_dop_operator_3.py
[2024-07-01T17:06:51.477+0000] {logging_mixin.py:120} INFO - [2024-07-01T17:06:51.477+0000] {dag.py:2585} INFO - Sync 1 DAGs
[2024-07-01T17:06:51.505+0000] {logging_mixin.py:120} INFO - [2024-07-01T17:06:51.505+0000] {dag.py:3340} INFO - Setting next_dagrun for example_branch_dop_operator_v3 to 2024-07-01T17:05:00+00:00, run_after=2024-07-01T17:06:00+00:00
[2024-07-01T17:06:51.524+0000] {processor.py:176} INFO - Processing /home/airflow/.local/lib/python3.7/site-packages/airflow/example_dags/example_branch_python_dop_operator_3.py took 0.107 seconds
[2024-07-01T17:07:21.571+0000] {processor.py:154} INFO - Started process (PID=382) to work on /home/airflow/.local/lib/python3.7/site-packages/airflow/example_dags/example_branch_python_dop_operator_3.py
[2024-07-01T17:07:21.572+0000] {processor.py:756} INFO - Processing file /home/airflow/.local/lib/python3.7/site-packages/airflow/example_dags/example_branch_python_dop_operator_3.py for tasks to queue
[2024-07-01T17:07:21.572+0000] {logging_mixin.py:120} INFO - [2024-07-01T17:07:21.572+0000] {dagbag.py:537} INFO - Filling up the DagBag from /home/airflow/.local/lib/python3.7/site-packages/airflow/example_dags/example_branch_python_dop_operator_3.py
[2024-07-01T17:07:21.593+0000] {processor.py:766} INFO - DAG(s) dict_keys(['example_branch_dop_operator_v3']) retrieved from /home/airflow/.local/lib/python3.7/site-packages/airflow/example_dags/example_branch_python_dop_operator_3.py
[2024-07-01T17:07:21.639+0000] {logging_mixin.py:120} INFO - [2024-07-01T17:07:21.638+0000] {dag.py:2585} INFO - Sync 1 DAGs
[2024-07-01T17:07:21.684+0000] {logging_mixin.py:120} INFO - [2024-07-01T17:07:21.684+0000] {dag.py:3340} INFO - Setting next_dagrun for example_branch_dop_operator_v3 to 2024-07-01T17:06:00+00:00, run_after=2024-07-01T17:07:00+00:00
[2024-07-01T17:07:21.702+0000] {processor.py:176} INFO - Processing /home/airflow/.local/lib/python3.7/site-packages/airflow/example_dags/example_branch_python_dop_operator_3.py took 0.134 seconds
[2024-07-01T17:07:51.802+0000] {processor.py:154} INFO - Started process (PID=449) to work on /home/airflow/.local/lib/python3.7/site-packages/airflow/example_dags/example_branch_python_dop_operator_3.py
[2024-07-01T17:07:51.803+0000] {processor.py:756} INFO - Processing file /home/airflow/.local/lib/python3.7/site-packages/airflow/example_dags/example_branch_python_dop_operator_3.py for tasks to queue
[2024-07-01T17:07:51.804+0000] {logging_mixin.py:120} INFO - [2024-07-01T17:07:51.804+0000] {dagbag.py:537} INFO - Filling up the DagBag from /home/airflow/.local/lib/python3.7/site-packages/airflow/example_dags/example_branch_python_dop_operator_3.py
[2024-07-01T17:07:51.827+0000] {processor.py:766} INFO - DAG(s) dict_keys(['example_branch_dop_operator_v3']) retrieved from /home/airflow/.local/lib/python3.7/site-packages/airflow/example_dags/example_branch_python_dop_operator_3.py
[2024-07-01T17:07:51.861+0000] {logging_mixin.py:120} INFO - [2024-07-01T17:07:51.861+0000] {dag.py:2585} INFO - Sync 1 DAGs
[2024-07-01T17:07:51.887+0000] {logging_mixin.py:120} INFO - [2024-07-01T17:07:51.887+0000] {dag.py:3340} INFO - Setting next_dagrun for example_branch_dop_operator_v3 to 2024-07-01T17:06:00+00:00, run_after=2024-07-01T17:07:00+00:00
[2024-07-01T17:07:51.903+0000] {processor.py:176} INFO - Processing /home/airflow/.local/lib/python3.7/site-packages/airflow/example_dags/example_branch_python_dop_operator_3.py took 0.105 seconds
[2024-07-01T17:08:22.455+0000] {processor.py:154} INFO - Started process (PID=508) to work on /home/airflow/.local/lib/python3.7/site-packages/airflow/example_dags/example_branch_python_dop_operator_3.py
[2024-07-01T17:08:22.456+0000] {processor.py:756} INFO - Processing file /home/airflow/.local/lib/python3.7/site-packages/airflow/example_dags/example_branch_python_dop_operator_3.py for tasks to queue
[2024-07-01T17:08:22.457+0000] {logging_mixin.py:120} INFO - [2024-07-01T17:08:22.457+0000] {dagbag.py:537} INFO - Filling up the DagBag from /home/airflow/.local/lib/python3.7/site-packages/airflow/example_dags/example_branch_python_dop_operator_3.py
[2024-07-01T17:08:22.479+0000] {processor.py:766} INFO - DAG(s) dict_keys(['example_branch_dop_operator_v3']) retrieved from /home/airflow/.local/lib/python3.7/site-packages/airflow/example_dags/example_branch_python_dop_operator_3.py
[2024-07-01T17:08:22.515+0000] {logging_mixin.py:120} INFO - [2024-07-01T17:08:22.515+0000] {dag.py:2585} INFO - Sync 1 DAGs
[2024-07-01T17:08:22.543+0000] {logging_mixin.py:120} INFO - [2024-07-01T17:08:22.543+0000] {dag.py:3340} INFO - Setting next_dagrun for example_branch_dop_operator_v3 to 2024-07-01T17:07:00+00:00, run_after=2024-07-01T17:08:00+00:00
[2024-07-01T17:08:22.562+0000] {processor.py:176} INFO - Processing /home/airflow/.local/lib/python3.7/site-packages/airflow/example_dags/example_branch_python_dop_operator_3.py took 0.110 seconds
[2024-07-01T17:08:53.139+0000] {processor.py:154} INFO - Started process (PID=575) to work on /home/airflow/.local/lib/python3.7/site-packages/airflow/example_dags/example_branch_python_dop_operator_3.py
[2024-07-01T17:08:53.141+0000] {processor.py:756} INFO - Processing file /home/airflow/.local/lib/python3.7/site-packages/airflow/example_dags/example_branch_python_dop_operator_3.py for tasks to queue
[2024-07-01T17:08:53.142+0000] {logging_mixin.py:120} INFO - [2024-07-01T17:08:53.141+0000] {dagbag.py:537} INFO - Filling up the DagBag from /home/airflow/.local/lib/python3.7/site-packages/airflow/example_dags/example_branch_python_dop_operator_3.py
[2024-07-01T17:08:53.163+0000] {processor.py:766} INFO - DAG(s) dict_keys(['example_branch_dop_operator_v3']) retrieved from /home/airflow/.local/lib/python3.7/site-packages/airflow/example_dags/example_branch_python_dop_operator_3.py
[2024-07-01T17:08:53.201+0000] {logging_mixin.py:120} INFO - [2024-07-01T17:08:53.201+0000] {dag.py:2585} INFO - Sync 1 DAGs
[2024-07-01T17:08:53.230+0000] {logging_mixin.py:120} INFO - [2024-07-01T17:08:53.230+0000] {dag.py:3340} INFO - Setting next_dagrun for example_branch_dop_operator_v3 to 2024-07-01T17:07:00+00:00, run_after=2024-07-01T17:08:00+00:00
[2024-07-01T17:08:53.248+0000] {processor.py:176} INFO - Processing /home/airflow/.local/lib/python3.7/site-packages/airflow/example_dags/example_branch_python_dop_operator_3.py took 0.111 seconds
[2024-07-01T17:09:23.860+0000] {processor.py:154} INFO - Started process (PID=642) to work on /home/airflow/.local/lib/python3.7/site-packages/airflow/example_dags/example_branch_python_dop_operator_3.py
[2024-07-01T17:09:23.862+0000] {processor.py:756} INFO - Processing file /home/airflow/.local/lib/python3.7/site-packages/airflow/example_dags/example_branch_python_dop_operator_3.py for tasks to queue
[2024-07-01T17:09:23.863+0000] {logging_mixin.py:120} INFO - [2024-07-01T17:09:23.863+0000] {dagbag.py:537} INFO - Filling up the DagBag from /home/airflow/.local/lib/python3.7/site-packages/airflow/example_dags/example_branch_python_dop_operator_3.py
[2024-07-01T17:09:23.887+0000] {processor.py:766} INFO - DAG(s) dict_keys(['example_branch_dop_operator_v3']) retrieved from /home/airflow/.local/lib/python3.7/site-packages/airflow/example_dags/example_branch_python_dop_operator_3.py
[2024-07-01T17:09:23.926+0000] {logging_mixin.py:120} INFO - [2024-07-01T17:09:23.925+0000] {dag.py:2585} INFO - Sync 1 DAGs
[2024-07-01T17:09:23.954+0000] {logging_mixin.py:120} INFO - [2024-07-01T17:09:23.953+0000] {dag.py:3340} INFO - Setting next_dagrun for example_branch_dop_operator_v3 to 2024-07-01T17:08:00+00:00, run_after=2024-07-01T17:09:00+00:00
[2024-07-01T17:09:23.971+0000] {processor.py:176} INFO - Processing /home/airflow/.local/lib/python3.7/site-packages/airflow/example_dags/example_branch_python_dop_operator_3.py took 0.113 seconds
[2024-07-01T17:09:54.603+0000] {processor.py:154} INFO - Started process (PID=710) to work on /home/airflow/.local/lib/python3.7/site-packages/airflow/example_dags/example_branch_python_dop_operator_3.py
[2024-07-01T17:09:54.604+0000] {processor.py:756} INFO - Processing file /home/airflow/.local/lib/python3.7/site-packages/airflow/example_dags/example_branch_python_dop_operator_3.py for tasks to queue
[2024-07-01T17:09:54.605+0000] {logging_mixin.py:120} INFO - [2024-07-01T17:09:54.605+0000] {dagbag.py:537} INFO - Filling up the DagBag from /home/airflow/.local/lib/python3.7/site-packages/airflow/example_dags/example_branch_python_dop_operator_3.py
[2024-07-01T17:09:54.627+0000] {processor.py:766} INFO - DAG(s) dict_keys(['example_branch_dop_operator_v3']) retrieved from /home/airflow/.local/lib/python3.7/site-packages/airflow/example_dags/example_branch_python_dop_operator_3.py
[2024-07-01T17:09:54.664+0000] {logging_mixin.py:120} INFO - [2024-07-01T17:09:54.664+0000] {dag.py:2585} INFO - Sync 1 DAGs
[2024-07-01T17:09:54.691+0000] {logging_mixin.py:120} INFO - [2024-07-01T17:09:54.691+0000] {dag.py:3340} INFO - Setting next_dagrun for example_branch_dop_operator_v3 to 2024-07-01T17:08:00+00:00, run_after=2024-07-01T17:09:00+00:00
[2024-07-01T17:09:54.708+0000] {processor.py:176} INFO - Processing /home/airflow/.local/lib/python3.7/site-packages/airflow/example_dags/example_branch_python_dop_operator_3.py took 0.108 seconds
[2024-07-01T17:10:25.497+0000] {processor.py:154} INFO - Started process (PID=768) to work on /home/airflow/.local/lib/python3.7/site-packages/airflow/example_dags/example_branch_python_dop_operator_3.py
[2024-07-01T17:10:25.498+0000] {processor.py:756} INFO - Processing file /home/airflow/.local/lib/python3.7/site-packages/airflow/example_dags/example_branch_python_dop_operator_3.py for tasks to queue
[2024-07-01T17:10:25.499+0000] {logging_mixin.py:120} INFO - [2024-07-01T17:10:25.499+0000] {dagbag.py:537} INFO - Filling up the DagBag from /home/airflow/.local/lib/python3.7/site-packages/airflow/example_dags/example_branch_python_dop_operator_3.py
[2024-07-01T17:10:25.518+0000] {processor.py:766} INFO - DAG(s) dict_keys(['example_branch_dop_operator_v3']) retrieved from /home/airflow/.local/lib/python3.7/site-packages/airflow/example_dags/example_branch_python_dop_operator_3.py
[2024-07-01T17:10:25.552+0000] {logging_mixin.py:120} INFO - [2024-07-01T17:10:25.552+0000] {dag.py:2585} INFO - Sync 1 DAGs
[2024-07-01T17:10:25.578+0000] {logging_mixin.py:120} INFO - [2024-07-01T17:10:25.578+0000] {dag.py:3340} INFO - Setting next_dagrun for example_branch_dop_operator_v3 to 2024-07-01T17:09:00+00:00, run_after=2024-07-01T17:10:00+00:00
[2024-07-01T17:10:25.595+0000] {processor.py:176} INFO - Processing /home/airflow/.local/lib/python3.7/site-packages/airflow/example_dags/example_branch_python_dop_operator_3.py took 0.102 seconds
[2024-07-01T17:10:56.115+0000] {processor.py:154} INFO - Started process (PID=835) to work on /home/airflow/.local/lib/python3.7/site-packages/airflow/example_dags/example_branch_python_dop_operator_3.py
[2024-07-01T17:10:56.116+0000] {processor.py:756} INFO - Processing file /home/airflow/.local/lib/python3.7/site-packages/airflow/example_dags/example_branch_python_dop_operator_3.py for tasks to queue
[2024-07-01T17:10:56.117+0000] {logging_mixin.py:120} INFO - [2024-07-01T17:10:56.117+0000] {dagbag.py:537} INFO - Filling up the DagBag from /home/airflow/.local/lib/python3.7/site-packages/airflow/example_dags/example_branch_python_dop_operator_3.py
[2024-07-01T17:10:56.136+0000] {processor.py:766} INFO - DAG(s) dict_keys(['example_branch_dop_operator_v3']) retrieved from /home/airflow/.local/lib/python3.7/site-packages/airflow/example_dags/example_branch_python_dop_operator_3.py
[2024-07-01T17:10:56.171+0000] {logging_mixin.py:120} INFO - [2024-07-01T17:10:56.171+0000] {dag.py:2585} INFO - Sync 1 DAGs
[2024-07-01T17:10:56.198+0000] {logging_mixin.py:120} INFO - [2024-07-01T17:10:56.198+0000] {dag.py:3340} INFO - Setting next_dagrun for example_branch_dop_operator_v3 to 2024-07-01T17:09:00+00:00, run_after=2024-07-01T17:10:00+00:00
[2024-07-01T17:10:56.225+0000] {processor.py:176} INFO - Processing /home/airflow/.local/lib/python3.7/site-packages/airflow/example_dags/example_branch_python_dop_operator_3.py took 0.112 seconds
[2024-07-01T17:11:26.890+0000] {processor.py:154} INFO - Started process (PID=902) to work on /home/airflow/.local/lib/python3.7/site-packages/airflow/example_dags/example_branch_python_dop_operator_3.py
[2024-07-01T17:11:26.891+0000] {processor.py:756} INFO - Processing file /home/airflow/.local/lib/python3.7/site-packages/airflow/example_dags/example_branch_python_dop_operator_3.py for tasks to queue
[2024-07-01T17:11:26.892+0000] {logging_mixin.py:120} INFO - [2024-07-01T17:11:26.892+0000] {dagbag.py:537} INFO - Filling up the DagBag from /home/airflow/.local/lib/python3.7/site-packages/airflow/example_dags/example_branch_python_dop_operator_3.py
[2024-07-01T17:11:26.912+0000] {processor.py:766} INFO - DAG(s) dict_keys(['example_branch_dop_operator_v3']) retrieved from /home/airflow/.local/lib/python3.7/site-packages/airflow/example_dags/example_branch_python_dop_operator_3.py
[2024-07-01T17:11:26.945+0000] {logging_mixin.py:120} INFO - [2024-07-01T17:11:26.945+0000] {dag.py:2585} INFO - Sync 1 DAGs
[2024-07-01T17:11:26.970+0000] {logging_mixin.py:120} INFO - [2024-07-01T17:11:26.969+0000] {dag.py:3340} INFO - Setting next_dagrun for example_branch_dop_operator_v3 to 2024-07-01T17:10:00+00:00, run_after=2024-07-01T17:11:00+00:00
[2024-07-01T17:11:26.985+0000] {processor.py:176} INFO - Processing /home/airflow/.local/lib/python3.7/site-packages/airflow/example_dags/example_branch_python_dop_operator_3.py took 0.098 seconds
[2024-07-01T17:11:57.560+0000] {processor.py:154} INFO - Started process (PID=969) to work on /home/airflow/.local/lib/python3.7/site-packages/airflow/example_dags/example_branch_python_dop_operator_3.py
[2024-07-01T17:11:57.561+0000] {processor.py:756} INFO - Processing file /home/airflow/.local/lib/python3.7/site-packages/airflow/example_dags/example_branch_python_dop_operator_3.py for tasks to queue
[2024-07-01T17:11:57.562+0000] {logging_mixin.py:120} INFO - [2024-07-01T17:11:57.562+0000] {dagbag.py:537} INFO - Filling up the DagBag from /home/airflow/.local/lib/python3.7/site-packages/airflow/example_dags/example_branch_python_dop_operator_3.py
[2024-07-01T17:11:57.582+0000] {processor.py:766} INFO - DAG(s) dict_keys(['example_branch_dop_operator_v3']) retrieved from /home/airflow/.local/lib/python3.7/site-packages/airflow/example_dags/example_branch_python_dop_operator_3.py
[2024-07-01T17:11:57.616+0000] {logging_mixin.py:120} INFO - [2024-07-01T17:11:57.616+0000] {dag.py:2585} INFO - Sync 1 DAGs
[2024-07-01T17:11:57.641+0000] {logging_mixin.py:120} INFO - [2024-07-01T17:11:57.641+0000] {dag.py:3340} INFO - Setting next_dagrun for example_branch_dop_operator_v3 to 2024-07-01T17:10:00+00:00, run_after=2024-07-01T17:11:00+00:00
[2024-07-01T17:11:57.657+0000] {processor.py:176} INFO - Processing /home/airflow/.local/lib/python3.7/site-packages/airflow/example_dags/example_branch_python_dop_operator_3.py took 0.099 seconds
[2024-07-01T17:12:28.258+0000] {processor.py:154} INFO - Started process (PID=1036) to work on /home/airflow/.local/lib/python3.7/site-packages/airflow/example_dags/example_branch_python_dop_operator_3.py
[2024-07-01T17:12:28.259+0000] {processor.py:756} INFO - Processing file /home/airflow/.local/lib/python3.7/site-packages/airflow/example_dags/example_branch_python_dop_operator_3.py for tasks to queue
[2024-07-01T17:12:28.260+0000] {logging_mixin.py:120} INFO - [2024-07-01T17:12:28.260+0000] {dagbag.py:537} INFO - Filling up the DagBag from /home/airflow/.local/lib/python3.7/site-packages/airflow/example_dags/example_branch_python_dop_operator_3.py
[2024-07-01T17:12:28.279+0000] {processor.py:766} INFO - DAG(s) dict_keys(['example_branch_dop_operator_v3']) retrieved from /home/airflow/.local/lib/python3.7/site-packages/airflow/example_dags/example_branch_python_dop_operator_3.py
[2024-07-01T17:12:28.312+0000] {logging_mixin.py:120} INFO - [2024-07-01T17:12:28.312+0000] {dag.py:2585} INFO - Sync 1 DAGs
[2024-07-01T17:12:28.337+0000] {logging_mixin.py:120} INFO - [2024-07-01T17:12:28.336+0000] {dag.py:3340} INFO - Setting next_dagrun for example_branch_dop_operator_v3 to 2024-07-01T17:11:00+00:00, run_after=2024-07-01T17:12:00+00:00
[2024-07-01T17:12:28.353+0000] {processor.py:176} INFO - Processing /home/airflow/.local/lib/python3.7/site-packages/airflow/example_dags/example_branch_python_dop_operator_3.py took 0.098 seconds
[2024-07-01T17:12:58.738+0000] {processor.py:154} INFO - Started process (PID=1094) to work on /home/airflow/.local/lib/python3.7/site-packages/airflow/example_dags/example_branch_python_dop_operator_3.py
[2024-07-01T17:12:58.739+0000] {processor.py:756} INFO - Processing file /home/airflow/.local/lib/python3.7/site-packages/airflow/example_dags/example_branch_python_dop_operator_3.py for tasks to queue
[2024-07-01T17:12:58.740+0000] {logging_mixin.py:120} INFO - [2024-07-01T17:12:58.740+0000] {dagbag.py:537} INFO - Filling up the DagBag from /home/airflow/.local/lib/python3.7/site-packages/airflow/example_dags/example_branch_python_dop_operator_3.py
[2024-07-01T17:12:58.760+0000] {processor.py:766} INFO - DAG(s) dict_keys(['example_branch_dop_operator_v3']) retrieved from /home/airflow/.local/lib/python3.7/site-packages/airflow/example_dags/example_branch_python_dop_operator_3.py
[2024-07-01T17:12:58.793+0000] {logging_mixin.py:120} INFO - [2024-07-01T17:12:58.793+0000] {dag.py:2585} INFO - Sync 1 DAGs
[2024-07-01T17:12:58.819+0000] {logging_mixin.py:120} INFO - [2024-07-01T17:12:58.819+0000] {dag.py:3340} INFO - Setting next_dagrun for example_branch_dop_operator_v3 to 2024-07-01T17:11:00+00:00, run_after=2024-07-01T17:12:00+00:00
[2024-07-01T17:12:58.835+0000] {processor.py:176} INFO - Processing /home/airflow/.local/lib/python3.7/site-packages/airflow/example_dags/example_branch_python_dop_operator_3.py took 0.100 seconds
[2024-07-01T17:13:29.257+0000] {processor.py:154} INFO - Started process (PID=1160) to work on /home/airflow/.local/lib/python3.7/site-packages/airflow/example_dags/example_branch_python_dop_operator_3.py
[2024-07-01T17:13:29.258+0000] {processor.py:756} INFO - Processing file /home/airflow/.local/lib/python3.7/site-packages/airflow/example_dags/example_branch_python_dop_operator_3.py for tasks to queue
[2024-07-01T17:13:29.258+0000] {logging_mixin.py:120} INFO - [2024-07-01T17:13:29.258+0000] {dagbag.py:537} INFO - Filling up the DagBag from /home/airflow/.local/lib/python3.7/site-packages/airflow/example_dags/example_branch_python_dop_operator_3.py
[2024-07-01T17:13:29.278+0000] {processor.py:766} INFO - DAG(s) dict_keys(['example_branch_dop_operator_v3']) retrieved from /home/airflow/.local/lib/python3.7/site-packages/airflow/example_dags/example_branch_python_dop_operator_3.py
[2024-07-01T17:13:29.312+0000] {logging_mixin.py:120} INFO - [2024-07-01T17:13:29.312+0000] {dag.py:2585} INFO - Sync 1 DAGs
[2024-07-01T17:13:29.336+0000] {logging_mixin.py:120} INFO - [2024-07-01T17:13:29.336+0000] {dag.py:3340} INFO - Setting next_dagrun for example_branch_dop_operator_v3 to 2024-07-01T17:12:00+00:00, run_after=2024-07-01T17:13:00+00:00
[2024-07-01T17:13:29.352+0000] {processor.py:176} INFO - Processing /home/airflow/.local/lib/python3.7/site-packages/airflow/example_dags/example_branch_python_dop_operator_3.py took 0.098 seconds
[2024-07-01T17:14:00.013+0000] {processor.py:154} INFO - Started process (PID=1227) to work on /home/airflow/.local/lib/python3.7/site-packages/airflow/example_dags/example_branch_python_dop_operator_3.py
[2024-07-01T17:14:00.014+0000] {processor.py:756} INFO - Processing file /home/airflow/.local/lib/python3.7/site-packages/airflow/example_dags/example_branch_python_dop_operator_3.py for tasks to queue
[2024-07-01T17:14:00.015+0000] {logging_mixin.py:120} INFO - [2024-07-01T17:14:00.015+0000] {dagbag.py:537} INFO - Filling up the DagBag from /home/airflow/.local/lib/python3.7/site-packages/airflow/example_dags/example_branch_python_dop_operator_3.py
[2024-07-01T17:14:00.035+0000] {processor.py:766} INFO - DAG(s) dict_keys(['example_branch_dop_operator_v3']) retrieved from /home/airflow/.local/lib/python3.7/site-packages/airflow/example_dags/example_branch_python_dop_operator_3.py
[2024-07-01T17:14:00.068+0000] {logging_mixin.py:120} INFO - [2024-07-01T17:14:00.068+0000] {dag.py:2585} INFO - Sync 1 DAGs
[2024-07-01T17:14:00.093+0000] {logging_mixin.py:120} INFO - [2024-07-01T17:14:00.093+0000] {dag.py:3340} INFO - Setting next_dagrun for example_branch_dop_operator_v3 to 2024-07-01T17:13:00+00:00, run_after=2024-07-01T17:14:00+00:00
[2024-07-01T17:14:00.109+0000] {processor.py:176} INFO - Processing /home/airflow/.local/lib/python3.7/site-packages/airflow/example_dags/example_branch_python_dop_operator_3.py took 0.099 seconds
[2024-07-01T17:14:30.664+0000] {processor.py:154} INFO - Started process (PID=1293) to work on /home/airflow/.local/lib/python3.7/site-packages/airflow/example_dags/example_branch_python_dop_operator_3.py
[2024-07-01T17:14:30.665+0000] {processor.py:756} INFO - Processing file /home/airflow/.local/lib/python3.7/site-packages/airflow/example_dags/example_branch_python_dop_operator_3.py for tasks to queue
[2024-07-01T17:14:30.666+0000] {logging_mixin.py:120} INFO - [2024-07-01T17:14:30.666+0000] {dagbag.py:537} INFO - Filling up the DagBag from /home/airflow/.local/lib/python3.7/site-packages/airflow/example_dags/example_branch_python_dop_operator_3.py
[2024-07-01T17:14:30.686+0000] {processor.py:766} INFO - DAG(s) dict_keys(['example_branch_dop_operator_v3']) retrieved from /home/airflow/.local/lib/python3.7/site-packages/airflow/example_dags/example_branch_python_dop_operator_3.py
[2024-07-01T17:14:30.719+0000] {logging_mixin.py:120} INFO - [2024-07-01T17:14:30.719+0000] {dag.py:2585} INFO - Sync 1 DAGs
[2024-07-01T17:14:30.743+0000] {logging_mixin.py:120} INFO - [2024-07-01T17:14:30.743+0000] {dag.py:3340} INFO - Setting next_dagrun for example_branch_dop_operator_v3 to 2024-07-01T17:13:00+00:00, run_after=2024-07-01T17:14:00+00:00
[2024-07-01T17:14:30.761+0000] {processor.py:176} INFO - Processing /home/airflow/.local/lib/python3.7/site-packages/airflow/example_dags/example_branch_python_dop_operator_3.py took 0.099 seconds
[2024-07-01T17:15:01.198+0000] {processor.py:154} INFO - Started process (PID=1358) to work on /home/airflow/.local/lib/python3.7/site-packages/airflow/example_dags/example_branch_python_dop_operator_3.py
[2024-07-01T17:15:01.199+0000] {processor.py:756} INFO - Processing file /home/airflow/.local/lib/python3.7/site-packages/airflow/example_dags/example_branch_python_dop_operator_3.py for tasks to queue
[2024-07-01T17:15:01.200+0000] {logging_mixin.py:120} INFO - [2024-07-01T17:15:01.200+0000] {dagbag.py:537} INFO - Filling up the DagBag from /home/airflow/.local/lib/python3.7/site-packages/airflow/example_dags/example_branch_python_dop_operator_3.py
[2024-07-01T17:15:01.220+0000] {processor.py:766} INFO - DAG(s) dict_keys(['example_branch_dop_operator_v3']) retrieved from /home/airflow/.local/lib/python3.7/site-packages/airflow/example_dags/example_branch_python_dop_operator_3.py
[2024-07-01T17:15:01.255+0000] {logging_mixin.py:120} INFO - [2024-07-01T17:15:01.255+0000] {dag.py:2585} INFO - Sync 1 DAGs
[2024-07-01T17:15:01.283+0000] {logging_mixin.py:120} INFO - [2024-07-01T17:15:01.283+0000] {dag.py:3340} INFO - Setting next_dagrun for example_branch_dop_operator_v3 to 2024-07-01T17:14:00+00:00, run_after=2024-07-01T17:15:00+00:00
[2024-07-01T17:15:01.301+0000] {processor.py:176} INFO - Processing /home/airflow/.local/lib/python3.7/site-packages/airflow/example_dags/example_branch_python_dop_operator_3.py took 0.106 seconds
[2024-07-01T17:15:31.937+0000] {processor.py:154} INFO - Started process (PID=1418) to work on /home/airflow/.local/lib/python3.7/site-packages/airflow/example_dags/example_branch_python_dop_operator_3.py
[2024-07-01T17:15:31.938+0000] {processor.py:756} INFO - Processing file /home/airflow/.local/lib/python3.7/site-packages/airflow/example_dags/example_branch_python_dop_operator_3.py for tasks to queue
[2024-07-01T17:15:31.939+0000] {logging_mixin.py:120} INFO - [2024-07-01T17:15:31.939+0000] {dagbag.py:537} INFO - Filling up the DagBag from /home/airflow/.local/lib/python3.7/site-packages/airflow/example_dags/example_branch_python_dop_operator_3.py
[2024-07-01T17:15:31.960+0000] {processor.py:766} INFO - DAG(s) dict_keys(['example_branch_dop_operator_v3']) retrieved from /home/airflow/.local/lib/python3.7/site-packages/airflow/example_dags/example_branch_python_dop_operator_3.py
[2024-07-01T17:15:31.995+0000] {logging_mixin.py:120} INFO - [2024-07-01T17:15:31.995+0000] {dag.py:2585} INFO - Sync 1 DAGs
[2024-07-01T17:15:32.020+0000] {logging_mixin.py:120} INFO - [2024-07-01T17:15:32.020+0000] {dag.py:3340} INFO - Setting next_dagrun for example_branch_dop_operator_v3 to 2024-07-01T17:14:00+00:00, run_after=2024-07-01T17:15:00+00:00
[2024-07-01T17:15:32.036+0000] {processor.py:176} INFO - Processing /home/airflow/.local/lib/python3.7/site-packages/airflow/example_dags/example_branch_python_dop_operator_3.py took 0.102 seconds
[2024-07-01T17:16:02.461+0000] {processor.py:154} INFO - Started process (PID=1485) to work on /home/airflow/.local/lib/python3.7/site-packages/airflow/example_dags/example_branch_python_dop_operator_3.py
[2024-07-01T17:16:02.462+0000] {processor.py:756} INFO - Processing file /home/airflow/.local/lib/python3.7/site-packages/airflow/example_dags/example_branch_python_dop_operator_3.py for tasks to queue
[2024-07-01T17:16:02.462+0000] {logging_mixin.py:120} INFO - [2024-07-01T17:16:02.462+0000] {dagbag.py:537} INFO - Filling up the DagBag from /home/airflow/.local/lib/python3.7/site-packages/airflow/example_dags/example_branch_python_dop_operator_3.py
[2024-07-01T17:16:02.483+0000] {processor.py:766} INFO - DAG(s) dict_keys(['example_branch_dop_operator_v3']) retrieved from /home/airflow/.local/lib/python3.7/site-packages/airflow/example_dags/example_branch_python_dop_operator_3.py
[2024-07-01T17:16:02.517+0000] {logging_mixin.py:120} INFO - [2024-07-01T17:16:02.517+0000] {dag.py:2585} INFO - Sync 1 DAGs
[2024-07-01T17:16:02.543+0000] {logging_mixin.py:120} INFO - [2024-07-01T17:16:02.543+0000] {dag.py:3340} INFO - Setting next_dagrun for example_branch_dop_operator_v3 to 2024-07-01T17:15:00+00:00, run_after=2024-07-01T17:16:00+00:00
[2024-07-01T17:16:02.560+0000] {processor.py:176} INFO - Processing /home/airflow/.local/lib/python3.7/site-packages/airflow/example_dags/example_branch_python_dop_operator_3.py took 0.102 seconds
[2024-07-01T17:16:33.261+0000] {processor.py:154} INFO - Started process (PID=1553) to work on /home/airflow/.local/lib/python3.7/site-packages/airflow/example_dags/example_branch_python_dop_operator_3.py
[2024-07-01T17:16:33.262+0000] {processor.py:756} INFO - Processing file /home/airflow/.local/lib/python3.7/site-packages/airflow/example_dags/example_branch_python_dop_operator_3.py for tasks to queue
[2024-07-01T17:16:33.263+0000] {logging_mixin.py:120} INFO - [2024-07-01T17:16:33.263+0000] {dagbag.py:537} INFO - Filling up the DagBag from /home/airflow/.local/lib/python3.7/site-packages/airflow/example_dags/example_branch_python_dop_operator_3.py
[2024-07-01T17:16:33.283+0000] {processor.py:766} INFO - DAG(s) dict_keys(['example_branch_dop_operator_v3']) retrieved from /home/airflow/.local/lib/python3.7/site-packages/airflow/example_dags/example_branch_python_dop_operator_3.py
[2024-07-01T17:16:33.317+0000] {logging_mixin.py:120} INFO - [2024-07-01T17:16:33.317+0000] {dag.py:2585} INFO - Sync 1 DAGs
[2024-07-01T17:16:33.345+0000] {logging_mixin.py:120} INFO - [2024-07-01T17:16:33.345+0000] {dag.py:3340} INFO - Setting next_dagrun for example_branch_dop_operator_v3 to 2024-07-01T17:15:00+00:00, run_after=2024-07-01T17:16:00+00:00
[2024-07-01T17:16:33.362+0000] {processor.py:176} INFO - Processing /home/airflow/.local/lib/python3.7/site-packages/airflow/example_dags/example_branch_python_dop_operator_3.py took 0.104 seconds
[2024-07-01T17:17:03.962+0000] {processor.py:154} INFO - Started process (PID=1620) to work on /home/airflow/.local/lib/python3.7/site-packages/airflow/example_dags/example_branch_python_dop_operator_3.py
[2024-07-01T17:17:03.963+0000] {processor.py:756} INFO - Processing file /home/airflow/.local/lib/python3.7/site-packages/airflow/example_dags/example_branch_python_dop_operator_3.py for tasks to queue
[2024-07-01T17:17:03.964+0000] {logging_mixin.py:120} INFO - [2024-07-01T17:17:03.964+0000] {dagbag.py:537} INFO - Filling up the DagBag from /home/airflow/.local/lib/python3.7/site-packages/airflow/example_dags/example_branch_python_dop_operator_3.py
[2024-07-01T17:17:03.984+0000] {processor.py:766} INFO - DAG(s) dict_keys(['example_branch_dop_operator_v3']) retrieved from /home/airflow/.local/lib/python3.7/site-packages/airflow/example_dags/example_branch_python_dop_operator_3.py
[2024-07-01T17:17:04.019+0000] {logging_mixin.py:120} INFO - [2024-07-01T17:17:04.018+0000] {dag.py:2585} INFO - Sync 1 DAGs
[2024-07-01T17:17:04.046+0000] {logging_mixin.py:120} INFO - [2024-07-01T17:17:04.045+0000] {dag.py:3340} INFO - Setting next_dagrun for example_branch_dop_operator_v3 to 2024-07-01T17:16:00+00:00, run_after=2024-07-01T17:17:00+00:00
[2024-07-01T17:17:04.063+0000] {processor.py:176} INFO - Processing /home/airflow/.local/lib/python3.7/site-packages/airflow/example_dags/example_branch_python_dop_operator_3.py took 0.103 seconds
[2024-07-01T17:17:34.664+0000] {processor.py:154} INFO - Started process (PID=1678) to work on /home/airflow/.local/lib/python3.7/site-packages/airflow/example_dags/example_branch_python_dop_operator_3.py
[2024-07-01T17:17:34.665+0000] {processor.py:756} INFO - Processing file /home/airflow/.local/lib/python3.7/site-packages/airflow/example_dags/example_branch_python_dop_operator_3.py for tasks to queue
[2024-07-01T17:17:34.666+0000] {logging_mixin.py:120} INFO - [2024-07-01T17:17:34.666+0000] {dagbag.py:537} INFO - Filling up the DagBag from /home/airflow/.local/lib/python3.7/site-packages/airflow/example_dags/example_branch_python_dop_operator_3.py
[2024-07-01T17:17:34.686+0000] {processor.py:766} INFO - DAG(s) dict_keys(['example_branch_dop_operator_v3']) retrieved from /home/airflow/.local/lib/python3.7/site-packages/airflow/example_dags/example_branch_python_dop_operator_3.py
[2024-07-01T17:17:34.724+0000] {logging_mixin.py:120} INFO - [2024-07-01T17:17:34.724+0000] {dag.py:2585} INFO - Sync 1 DAGs
[2024-07-01T17:17:34.750+0000] {logging_mixin.py:120} INFO - [2024-07-01T17:17:34.750+0000] {dag.py:3340} INFO - Setting next_dagrun for example_branch_dop_operator_v3 to 2024-07-01T17:16:00+00:00, run_after=2024-07-01T17:17:00+00:00
[2024-07-01T17:17:34.767+0000] {processor.py:176} INFO - Processing /home/airflow/.local/lib/python3.7/site-packages/airflow/example_dags/example_branch_python_dop_operator_3.py took 0.105 seconds
[2024-07-01T17:18:05.314+0000] {processor.py:154} INFO - Started process (PID=1745) to work on /home/airflow/.local/lib/python3.7/site-packages/airflow/example_dags/example_branch_python_dop_operator_3.py
[2024-07-01T17:18:05.315+0000] {processor.py:756} INFO - Processing file /home/airflow/.local/lib/python3.7/site-packages/airflow/example_dags/example_branch_python_dop_operator_3.py for tasks to queue
[2024-07-01T17:18:05.315+0000] {logging_mixin.py:120} INFO - [2024-07-01T17:18:05.315+0000] {dagbag.py:537} INFO - Filling up the DagBag from /home/airflow/.local/lib/python3.7/site-packages/airflow/example_dags/example_branch_python_dop_operator_3.py
[2024-07-01T17:18:05.335+0000] {processor.py:766} INFO - DAG(s) dict_keys(['example_branch_dop_operator_v3']) retrieved from /home/airflow/.local/lib/python3.7/site-packages/airflow/example_dags/example_branch_python_dop_operator_3.py
[2024-07-01T17:18:05.370+0000] {logging_mixin.py:120} INFO - [2024-07-01T17:18:05.370+0000] {dag.py:2585} INFO - Sync 1 DAGs
[2024-07-01T17:18:05.396+0000] {logging_mixin.py:120} INFO - [2024-07-01T17:18:05.396+0000] {dag.py:3340} INFO - Setting next_dagrun for example_branch_dop_operator_v3 to 2024-07-01T17:17:00+00:00, run_after=2024-07-01T17:18:00+00:00
[2024-07-01T17:18:05.414+0000] {processor.py:176} INFO - Processing /home/airflow/.local/lib/python3.7/site-packages/airflow/example_dags/example_branch_python_dop_operator_3.py took 0.103 seconds
[2024-07-01T17:18:36.031+0000] {processor.py:154} INFO - Started process (PID=1812) to work on /home/airflow/.local/lib/python3.7/site-packages/airflow/example_dags/example_branch_python_dop_operator_3.py
[2024-07-01T17:18:36.033+0000] {processor.py:756} INFO - Processing file /home/airflow/.local/lib/python3.7/site-packages/airflow/example_dags/example_branch_python_dop_operator_3.py for tasks to queue
[2024-07-01T17:18:36.036+0000] {logging_mixin.py:120} INFO - [2024-07-01T17:18:36.035+0000] {dagbag.py:537} INFO - Filling up the DagBag from /home/airflow/.local/lib/python3.7/site-packages/airflow/example_dags/example_branch_python_dop_operator_3.py
[2024-07-01T17:18:36.060+0000] {processor.py:766} INFO - DAG(s) dict_keys(['example_branch_dop_operator_v3']) retrieved from /home/airflow/.local/lib/python3.7/site-packages/airflow/example_dags/example_branch_python_dop_operator_3.py
[2024-07-01T17:18:36.100+0000] {logging_mixin.py:120} INFO - [2024-07-01T17:18:36.100+0000] {dag.py:2585} INFO - Sync 1 DAGs
[2024-07-01T17:18:36.128+0000] {logging_mixin.py:120} INFO - [2024-07-01T17:18:36.128+0000] {dag.py:3340} INFO - Setting next_dagrun for example_branch_dop_operator_v3 to 2024-07-01T17:17:00+00:00, run_after=2024-07-01T17:18:00+00:00
[2024-07-01T17:18:36.148+0000] {processor.py:176} INFO - Processing /home/airflow/.local/lib/python3.7/site-packages/airflow/example_dags/example_branch_python_dop_operator_3.py took 0.119 seconds
[2024-07-01T17:19:06.792+0000] {processor.py:154} INFO - Started process (PID=1879) to work on /home/airflow/.local/lib/python3.7/site-packages/airflow/example_dags/example_branch_python_dop_operator_3.py
[2024-07-01T17:19:06.793+0000] {processor.py:756} INFO - Processing file /home/airflow/.local/lib/python3.7/site-packages/airflow/example_dags/example_branch_python_dop_operator_3.py for tasks to queue
[2024-07-01T17:19:06.793+0000] {logging_mixin.py:120} INFO - [2024-07-01T17:19:06.793+0000] {dagbag.py:537} INFO - Filling up the DagBag from /home/airflow/.local/lib/python3.7/site-packages/airflow/example_dags/example_branch_python_dop_operator_3.py
[2024-07-01T17:19:06.816+0000] {processor.py:766} INFO - DAG(s) dict_keys(['example_branch_dop_operator_v3']) retrieved from /home/airflow/.local/lib/python3.7/site-packages/airflow/example_dags/example_branch_python_dop_operator_3.py
[2024-07-01T17:19:06.855+0000] {logging_mixin.py:120} INFO - [2024-07-01T17:19:06.855+0000] {dag.py:2585} INFO - Sync 1 DAGs
[2024-07-01T17:19:06.885+0000] {logging_mixin.py:120} INFO - [2024-07-01T17:19:06.885+0000] {dag.py:3340} INFO - Setting next_dagrun for example_branch_dop_operator_v3 to 2024-07-01T17:18:00+00:00, run_after=2024-07-01T17:19:00+00:00
[2024-07-01T17:19:06.903+0000] {processor.py:176} INFO - Processing /home/airflow/.local/lib/python3.7/site-packages/airflow/example_dags/example_branch_python_dop_operator_3.py took 0.115 seconds
[2024-07-01T17:19:37.720+0000] {processor.py:154} INFO - Started process (PID=1939) to work on /home/airflow/.local/lib/python3.7/site-packages/airflow/example_dags/example_branch_python_dop_operator_3.py
[2024-07-01T17:19:37.721+0000] {processor.py:756} INFO - Processing file /home/airflow/.local/lib/python3.7/site-packages/airflow/example_dags/example_branch_python_dop_operator_3.py for tasks to queue
[2024-07-01T17:19:37.722+0000] {logging_mixin.py:120} INFO - [2024-07-01T17:19:37.722+0000] {dagbag.py:537} INFO - Filling up the DagBag from /home/airflow/.local/lib/python3.7/site-packages/airflow/example_dags/example_branch_python_dop_operator_3.py
[2024-07-01T17:19:37.742+0000] {processor.py:766} INFO - DAG(s) dict_keys(['example_branch_dop_operator_v3']) retrieved from /home/airflow/.local/lib/python3.7/site-packages/airflow/example_dags/example_branch_python_dop_operator_3.py
[2024-07-01T17:19:37.777+0000] {logging_mixin.py:120} INFO - [2024-07-01T17:19:37.777+0000] {dag.py:2585} INFO - Sync 1 DAGs
[2024-07-01T17:19:37.804+0000] {logging_mixin.py:120} INFO - [2024-07-01T17:19:37.804+0000] {dag.py:3340} INFO - Setting next_dagrun for example_branch_dop_operator_v3 to 2024-07-01T17:18:00+00:00, run_after=2024-07-01T17:19:00+00:00
[2024-07-01T17:19:37.822+0000] {processor.py:176} INFO - Processing /home/airflow/.local/lib/python3.7/site-packages/airflow/example_dags/example_branch_python_dop_operator_3.py took 0.105 seconds
[2024-07-01T17:20:08.537+0000] {processor.py:154} INFO - Started process (PID=2007) to work on /home/airflow/.local/lib/python3.7/site-packages/airflow/example_dags/example_branch_python_dop_operator_3.py
[2024-07-01T17:20:08.538+0000] {processor.py:756} INFO - Processing file /home/airflow/.local/lib/python3.7/site-packages/airflow/example_dags/example_branch_python_dop_operator_3.py for tasks to queue
[2024-07-01T17:20:08.539+0000] {logging_mixin.py:120} INFO - [2024-07-01T17:20:08.539+0000] {dagbag.py:537} INFO - Filling up the DagBag from /home/airflow/.local/lib/python3.7/site-packages/airflow/example_dags/example_branch_python_dop_operator_3.py
[2024-07-01T17:20:08.559+0000] {processor.py:766} INFO - DAG(s) dict_keys(['example_branch_dop_operator_v3']) retrieved from /home/airflow/.local/lib/python3.7/site-packages/airflow/example_dags/example_branch_python_dop_operator_3.py
[2024-07-01T17:20:08.594+0000] {logging_mixin.py:120} INFO - [2024-07-01T17:20:08.594+0000] {dag.py:2585} INFO - Sync 1 DAGs
[2024-07-01T17:20:08.620+0000] {logging_mixin.py:120} INFO - [2024-07-01T17:20:08.620+0000] {dag.py:3340} INFO - Setting next_dagrun for example_branch_dop_operator_v3 to 2024-07-01T17:19:00+00:00, run_after=2024-07-01T17:20:00+00:00
[2024-07-01T17:20:08.638+0000] {processor.py:176} INFO - Processing /home/airflow/.local/lib/python3.7/site-packages/airflow/example_dags/example_branch_python_dop_operator_3.py took 0.103 seconds
[2024-07-01T17:20:38.769+0000] {processor.py:154} INFO - Started process (PID=2074) to work on /home/airflow/.local/lib/python3.7/site-packages/airflow/example_dags/example_branch_python_dop_operator_3.py
[2024-07-01T17:20:38.770+0000] {processor.py:756} INFO - Processing file /home/airflow/.local/lib/python3.7/site-packages/airflow/example_dags/example_branch_python_dop_operator_3.py for tasks to queue
[2024-07-01T17:20:38.771+0000] {logging_mixin.py:120} INFO - [2024-07-01T17:20:38.771+0000] {dagbag.py:537} INFO - Filling up the DagBag from /home/airflow/.local/lib/python3.7/site-packages/airflow/example_dags/example_branch_python_dop_operator_3.py
[2024-07-01T17:20:38.790+0000] {processor.py:766} INFO - DAG(s) dict_keys(['example_branch_dop_operator_v3']) retrieved from /home/airflow/.local/lib/python3.7/site-packages/airflow/example_dags/example_branch_python_dop_operator_3.py
[2024-07-01T17:20:38.824+0000] {logging_mixin.py:120} INFO - [2024-07-01T17:20:38.824+0000] {dag.py:2585} INFO - Sync 1 DAGs
[2024-07-01T17:20:38.852+0000] {logging_mixin.py:120} INFO - [2024-07-01T17:20:38.852+0000] {dag.py:3340} INFO - Setting next_dagrun for example_branch_dop_operator_v3 to 2024-07-01T17:19:00+00:00, run_after=2024-07-01T17:20:00+00:00
[2024-07-01T17:20:38.868+0000] {processor.py:176} INFO - Processing /home/airflow/.local/lib/python3.7/site-packages/airflow/example_dags/example_branch_python_dop_operator_3.py took 0.102 seconds
[2024-07-01T17:21:09.287+0000] {processor.py:154} INFO - Started process (PID=2140) to work on /home/airflow/.local/lib/python3.7/site-packages/airflow/example_dags/example_branch_python_dop_operator_3.py
[2024-07-01T17:21:09.287+0000] {processor.py:756} INFO - Processing file /home/airflow/.local/lib/python3.7/site-packages/airflow/example_dags/example_branch_python_dop_operator_3.py for tasks to queue
[2024-07-01T17:21:09.288+0000] {logging_mixin.py:120} INFO - [2024-07-01T17:21:09.288+0000] {dagbag.py:537} INFO - Filling up the DagBag from /home/airflow/.local/lib/python3.7/site-packages/airflow/example_dags/example_branch_python_dop_operator_3.py
[2024-07-01T17:21:09.308+0000] {processor.py:766} INFO - DAG(s) dict_keys(['example_branch_dop_operator_v3']) retrieved from /home/airflow/.local/lib/python3.7/site-packages/airflow/example_dags/example_branch_python_dop_operator_3.py
[2024-07-01T17:21:09.342+0000] {logging_mixin.py:120} INFO - [2024-07-01T17:21:09.342+0000] {dag.py:2585} INFO - Sync 1 DAGs
[2024-07-01T17:21:09.367+0000] {logging_mixin.py:120} INFO - [2024-07-01T17:21:09.367+0000] {dag.py:3340} INFO - Setting next_dagrun for example_branch_dop_operator_v3 to 2024-07-01T17:20:00+00:00, run_after=2024-07-01T17:21:00+00:00
[2024-07-01T17:21:09.383+0000] {processor.py:176} INFO - Processing /home/airflow/.local/lib/python3.7/site-packages/airflow/example_dags/example_branch_python_dop_operator_3.py took 0.099 seconds
[2024-07-01T17:21:39.783+0000] {processor.py:154} INFO - Started process (PID=2198) to work on /home/airflow/.local/lib/python3.7/site-packages/airflow/example_dags/example_branch_python_dop_operator_3.py
[2024-07-01T17:21:39.784+0000] {processor.py:756} INFO - Processing file /home/airflow/.local/lib/python3.7/site-packages/airflow/example_dags/example_branch_python_dop_operator_3.py for tasks to queue
[2024-07-01T17:21:39.785+0000] {logging_mixin.py:120} INFO - [2024-07-01T17:21:39.785+0000] {dagbag.py:537} INFO - Filling up the DagBag from /home/airflow/.local/lib/python3.7/site-packages/airflow/example_dags/example_branch_python_dop_operator_3.py
[2024-07-01T17:21:39.804+0000] {processor.py:766} INFO - DAG(s) dict_keys(['example_branch_dop_operator_v3']) retrieved from /home/airflow/.local/lib/python3.7/site-packages/airflow/example_dags/example_branch_python_dop_operator_3.py
[2024-07-01T17:21:39.840+0000] {logging_mixin.py:120} INFO - [2024-07-01T17:21:39.840+0000] {dag.py:2585} INFO - Sync 1 DAGs
[2024-07-01T17:21:39.866+0000] {logging_mixin.py:120} INFO - [2024-07-01T17:21:39.866+0000] {dag.py:3340} INFO - Setting next_dagrun for example_branch_dop_operator_v3 to 2024-07-01T17:20:00+00:00, run_after=2024-07-01T17:21:00+00:00
[2024-07-01T17:21:39.883+0000] {processor.py:176} INFO - Processing /home/airflow/.local/lib/python3.7/site-packages/airflow/example_dags/example_branch_python_dop_operator_3.py took 0.102 seconds
[2024-07-01T17:22:10.337+0000] {processor.py:154} INFO - Started process (PID=2266) to work on /home/airflow/.local/lib/python3.7/site-packages/airflow/example_dags/example_branch_python_dop_operator_3.py
[2024-07-01T17:22:10.338+0000] {processor.py:756} INFO - Processing file /home/airflow/.local/lib/python3.7/site-packages/airflow/example_dags/example_branch_python_dop_operator_3.py for tasks to queue
[2024-07-01T17:22:10.338+0000] {logging_mixin.py:120} INFO - [2024-07-01T17:22:10.338+0000] {dagbag.py:537} INFO - Filling up the DagBag from /home/airflow/.local/lib/python3.7/site-packages/airflow/example_dags/example_branch_python_dop_operator_3.py
[2024-07-01T17:22:10.358+0000] {processor.py:766} INFO - DAG(s) dict_keys(['example_branch_dop_operator_v3']) retrieved from /home/airflow/.local/lib/python3.7/site-packages/airflow/example_dags/example_branch_python_dop_operator_3.py
[2024-07-01T17:22:10.391+0000] {logging_mixin.py:120} INFO - [2024-07-01T17:22:10.391+0000] {dag.py:2585} INFO - Sync 1 DAGs
[2024-07-01T17:22:10.416+0000] {logging_mixin.py:120} INFO - [2024-07-01T17:22:10.416+0000] {dag.py:3340} INFO - Setting next_dagrun for example_branch_dop_operator_v3 to 2024-07-01T17:21:00+00:00, run_after=2024-07-01T17:22:00+00:00
[2024-07-01T17:22:10.433+0000] {processor.py:176} INFO - Processing /home/airflow/.local/lib/python3.7/site-packages/airflow/example_dags/example_branch_python_dop_operator_3.py took 0.100 seconds
[2024-07-01T17:22:40.893+0000] {processor.py:154} INFO - Started process (PID=2333) to work on /home/airflow/.local/lib/python3.7/site-packages/airflow/example_dags/example_branch_python_dop_operator_3.py
[2024-07-01T17:22:40.894+0000] {processor.py:756} INFO - Processing file /home/airflow/.local/lib/python3.7/site-packages/airflow/example_dags/example_branch_python_dop_operator_3.py for tasks to queue
[2024-07-01T17:22:40.895+0000] {logging_mixin.py:120} INFO - [2024-07-01T17:22:40.895+0000] {dagbag.py:537} INFO - Filling up the DagBag from /home/airflow/.local/lib/python3.7/site-packages/airflow/example_dags/example_branch_python_dop_operator_3.py
[2024-07-01T17:22:40.914+0000] {processor.py:766} INFO - DAG(s) dict_keys(['example_branch_dop_operator_v3']) retrieved from /home/airflow/.local/lib/python3.7/site-packages/airflow/example_dags/example_branch_python_dop_operator_3.py
[2024-07-01T17:22:40.947+0000] {logging_mixin.py:120} INFO - [2024-07-01T17:22:40.947+0000] {dag.py:2585} INFO - Sync 1 DAGs
[2024-07-01T17:22:40.973+0000] {logging_mixin.py:120} INFO - [2024-07-01T17:22:40.973+0000] {dag.py:3340} INFO - Setting next_dagrun for example_branch_dop_operator_v3 to 2024-07-01T17:21:00+00:00, run_after=2024-07-01T17:22:00+00:00
[2024-07-01T17:22:40.990+0000] {processor.py:176} INFO - Processing /home/airflow/.local/lib/python3.7/site-packages/airflow/example_dags/example_branch_python_dop_operator_3.py took 0.099 seconds
[2024-07-01T17:23:11.766+0000] {processor.py:154} INFO - Started process (PID=2400) to work on /home/airflow/.local/lib/python3.7/site-packages/airflow/example_dags/example_branch_python_dop_operator_3.py
[2024-07-01T17:23:11.767+0000] {processor.py:756} INFO - Processing file /home/airflow/.local/lib/python3.7/site-packages/airflow/example_dags/example_branch_python_dop_operator_3.py for tasks to queue
[2024-07-01T17:23:11.767+0000] {logging_mixin.py:120} INFO - [2024-07-01T17:23:11.767+0000] {dagbag.py:537} INFO - Filling up the DagBag from /home/airflow/.local/lib/python3.7/site-packages/airflow/example_dags/example_branch_python_dop_operator_3.py
[2024-07-01T17:23:11.788+0000] {processor.py:766} INFO - DAG(s) dict_keys(['example_branch_dop_operator_v3']) retrieved from /home/airflow/.local/lib/python3.7/site-packages/airflow/example_dags/example_branch_python_dop_operator_3.py
[2024-07-01T17:23:11.826+0000] {logging_mixin.py:120} INFO - [2024-07-01T17:23:11.826+0000] {dag.py:2585} INFO - Sync 1 DAGs
[2024-07-01T17:23:11.852+0000] {logging_mixin.py:120} INFO - [2024-07-01T17:23:11.852+0000] {dag.py:3340} INFO - Setting next_dagrun for example_branch_dop_operator_v3 to 2024-07-01T17:22:00+00:00, run_after=2024-07-01T17:23:00+00:00
[2024-07-01T17:23:11.869+0000] {processor.py:176} INFO - Processing /home/airflow/.local/lib/python3.7/site-packages/airflow/example_dags/example_branch_python_dop_operator_3.py took 0.107 seconds
[2024-07-01T17:23:42.516+0000] {processor.py:154} INFO - Started process (PID=2467) to work on /home/airflow/.local/lib/python3.7/site-packages/airflow/example_dags/example_branch_python_dop_operator_3.py
[2024-07-01T17:23:42.517+0000] {processor.py:756} INFO - Processing file /home/airflow/.local/lib/python3.7/site-packages/airflow/example_dags/example_branch_python_dop_operator_3.py for tasks to queue
[2024-07-01T17:23:42.519+0000] {logging_mixin.py:120} INFO - [2024-07-01T17:23:42.519+0000] {dagbag.py:537} INFO - Filling up the DagBag from /home/airflow/.local/lib/python3.7/site-packages/airflow/example_dags/example_branch_python_dop_operator_3.py
[2024-07-01T17:23:42.540+0000] {processor.py:766} INFO - DAG(s) dict_keys(['example_branch_dop_operator_v3']) retrieved from /home/airflow/.local/lib/python3.7/site-packages/airflow/example_dags/example_branch_python_dop_operator_3.py
[2024-07-01T17:23:42.577+0000] {logging_mixin.py:120} INFO - [2024-07-01T17:23:42.577+0000] {dag.py:2585} INFO - Sync 1 DAGs
[2024-07-01T17:23:42.604+0000] {logging_mixin.py:120} INFO - [2024-07-01T17:23:42.603+0000] {dag.py:3340} INFO - Setting next_dagrun for example_branch_dop_operator_v3 to 2024-07-01T17:22:00+00:00, run_after=2024-07-01T17:23:00+00:00
[2024-07-01T17:23:42.622+0000] {processor.py:176} INFO - Processing /home/airflow/.local/lib/python3.7/site-packages/airflow/example_dags/example_branch_python_dop_operator_3.py took 0.109 seconds
[2024-07-01T17:24:13.538+0000] {processor.py:154} INFO - Started process (PID=2525) to work on /home/airflow/.local/lib/python3.7/site-packages/airflow/example_dags/example_branch_python_dop_operator_3.py
[2024-07-01T17:24:13.540+0000] {processor.py:756} INFO - Processing file /home/airflow/.local/lib/python3.7/site-packages/airflow/example_dags/example_branch_python_dop_operator_3.py for tasks to queue
[2024-07-01T17:24:13.541+0000] {logging_mixin.py:120} INFO - [2024-07-01T17:24:13.541+0000] {dagbag.py:537} INFO - Filling up the DagBag from /home/airflow/.local/lib/python3.7/site-packages/airflow/example_dags/example_branch_python_dop_operator_3.py
[2024-07-01T17:24:13.562+0000] {processor.py:766} INFO - DAG(s) dict_keys(['example_branch_dop_operator_v3']) retrieved from /home/airflow/.local/lib/python3.7/site-packages/airflow/example_dags/example_branch_python_dop_operator_3.py
[2024-07-01T17:24:13.599+0000] {logging_mixin.py:120} INFO - [2024-07-01T17:24:13.599+0000] {dag.py:2585} INFO - Sync 1 DAGs
[2024-07-01T17:24:13.628+0000] {logging_mixin.py:120} INFO - [2024-07-01T17:24:13.628+0000] {dag.py:3340} INFO - Setting next_dagrun for example_branch_dop_operator_v3 to 2024-07-01T17:23:00+00:00, run_after=2024-07-01T17:24:00+00:00
[2024-07-01T17:24:13.647+0000] {processor.py:176} INFO - Processing /home/airflow/.local/lib/python3.7/site-packages/airflow/example_dags/example_branch_python_dop_operator_3.py took 0.112 seconds
[2024-07-01T17:24:44.209+0000] {processor.py:154} INFO - Started process (PID=2592) to work on /home/airflow/.local/lib/python3.7/site-packages/airflow/example_dags/example_branch_python_dop_operator_3.py
[2024-07-01T17:24:44.210+0000] {processor.py:756} INFO - Processing file /home/airflow/.local/lib/python3.7/site-packages/airflow/example_dags/example_branch_python_dop_operator_3.py for tasks to queue
[2024-07-01T17:24:44.211+0000] {logging_mixin.py:120} INFO - [2024-07-01T17:24:44.210+0000] {dagbag.py:537} INFO - Filling up the DagBag from /home/airflow/.local/lib/python3.7/site-packages/airflow/example_dags/example_branch_python_dop_operator_3.py
[2024-07-01T17:24:44.231+0000] {processor.py:766} INFO - DAG(s) dict_keys(['example_branch_dop_operator_v3']) retrieved from /home/airflow/.local/lib/python3.7/site-packages/airflow/example_dags/example_branch_python_dop_operator_3.py
[2024-07-01T17:24:44.266+0000] {logging_mixin.py:120} INFO - [2024-07-01T17:24:44.266+0000] {dag.py:2585} INFO - Sync 1 DAGs
[2024-07-01T17:24:44.295+0000] {logging_mixin.py:120} INFO - [2024-07-01T17:24:44.295+0000] {dag.py:3340} INFO - Setting next_dagrun for example_branch_dop_operator_v3 to 2024-07-01T17:23:00+00:00, run_after=2024-07-01T17:24:00+00:00
[2024-07-01T17:24:44.314+0000] {processor.py:176} INFO - Processing /home/airflow/.local/lib/python3.7/site-packages/airflow/example_dags/example_branch_python_dop_operator_3.py took 0.107 seconds
