[2024-07-01T17:04:52.118+0000] {processor.py:154} INFO - Started process (PID=70) to work on /home/airflow/.local/lib/python3.7/site-packages/airflow/example_dags/example_trigger_target_dag.py
[2024-07-01T17:04:52.120+0000] {processor.py:756} INFO - Processing file /home/airflow/.local/lib/python3.7/site-packages/airflow/example_dags/example_trigger_target_dag.py for tasks to queue
[2024-07-01T17:04:52.121+0000] {logging_mixin.py:120} INFO - [2024-07-01T17:04:52.121+0000] {dagbag.py:537} INFO - Filling up the DagBag from /home/airflow/.local/lib/python3.7/site-packages/airflow/example_dags/example_trigger_target_dag.py
[2024-07-01T17:04:52.188+0000] {processor.py:766} INFO - DAG(s) dict_keys(['example_trigger_target_dag']) retrieved from /home/airflow/.local/lib/python3.7/site-packages/airflow/example_dags/example_trigger_target_dag.py
[2024-07-01T17:04:52.274+0000] {logging_mixin.py:120} INFO - [2024-07-01T17:04:52.274+0000] {dag.py:2585} INFO - Sync 1 DAGs
[2024-07-01T17:04:52.320+0000] {logging_mixin.py:120} INFO - [2024-07-01T17:04:52.320+0000] {dag.py:3340} INFO - Setting next_dagrun for example_trigger_target_dag to None, run_after=None
[2024-07-01T17:04:52.356+0000] {processor.py:176} INFO - Processing /home/airflow/.local/lib/python3.7/site-packages/airflow/example_dags/example_trigger_target_dag.py took 0.241 seconds
[2024-07-01T17:05:22.927+0000] {processor.py:154} INFO - Started process (PID=140) to work on /home/airflow/.local/lib/python3.7/site-packages/airflow/example_dags/example_trigger_target_dag.py
[2024-07-01T17:05:22.928+0000] {processor.py:756} INFO - Processing file /home/airflow/.local/lib/python3.7/site-packages/airflow/example_dags/example_trigger_target_dag.py for tasks to queue
[2024-07-01T17:05:22.929+0000] {logging_mixin.py:120} INFO - [2024-07-01T17:05:22.929+0000] {dagbag.py:537} INFO - Filling up the DagBag from /home/airflow/.local/lib/python3.7/site-packages/airflow/example_dags/example_trigger_target_dag.py
[2024-07-01T17:05:22.948+0000] {processor.py:766} INFO - DAG(s) dict_keys(['example_trigger_target_dag']) retrieved from /home/airflow/.local/lib/python3.7/site-packages/airflow/example_dags/example_trigger_target_dag.py
[2024-07-01T17:05:22.985+0000] {logging_mixin.py:120} INFO - [2024-07-01T17:05:22.985+0000] {dag.py:2585} INFO - Sync 1 DAGs
[2024-07-01T17:05:23.009+0000] {logging_mixin.py:120} INFO - [2024-07-01T17:05:23.008+0000] {dag.py:3340} INFO - Setting next_dagrun for example_trigger_target_dag to None, run_after=None
[2024-07-01T17:05:23.026+0000] {processor.py:176} INFO - Processing /home/airflow/.local/lib/python3.7/site-packages/airflow/example_dags/example_trigger_target_dag.py took 0.103 seconds
[2024-07-01T17:05:53.672+0000] {processor.py:154} INFO - Started process (PID=207) to work on /home/airflow/.local/lib/python3.7/site-packages/airflow/example_dags/example_trigger_target_dag.py
[2024-07-01T17:05:53.673+0000] {processor.py:756} INFO - Processing file /home/airflow/.local/lib/python3.7/site-packages/airflow/example_dags/example_trigger_target_dag.py for tasks to queue
[2024-07-01T17:05:53.674+0000] {logging_mixin.py:120} INFO - [2024-07-01T17:05:53.674+0000] {dagbag.py:537} INFO - Filling up the DagBag from /home/airflow/.local/lib/python3.7/site-packages/airflow/example_dags/example_trigger_target_dag.py
[2024-07-01T17:05:53.692+0000] {processor.py:766} INFO - DAG(s) dict_keys(['example_trigger_target_dag']) retrieved from /home/airflow/.local/lib/python3.7/site-packages/airflow/example_dags/example_trigger_target_dag.py
[2024-07-01T17:05:53.727+0000] {logging_mixin.py:120} INFO - [2024-07-01T17:05:53.727+0000] {dag.py:2585} INFO - Sync 1 DAGs
[2024-07-01T17:05:53.749+0000] {logging_mixin.py:120} INFO - [2024-07-01T17:05:53.749+0000] {dag.py:3340} INFO - Setting next_dagrun for example_trigger_target_dag to None, run_after=None
[2024-07-01T17:05:53.765+0000] {processor.py:176} INFO - Processing /home/airflow/.local/lib/python3.7/site-packages/airflow/example_dags/example_trigger_target_dag.py took 0.096 seconds
[2024-07-01T17:06:24.610+0000] {processor.py:154} INFO - Started process (PID=274) to work on /home/airflow/.local/lib/python3.7/site-packages/airflow/example_dags/example_trigger_target_dag.py
[2024-07-01T17:06:24.611+0000] {processor.py:756} INFO - Processing file /home/airflow/.local/lib/python3.7/site-packages/airflow/example_dags/example_trigger_target_dag.py for tasks to queue
[2024-07-01T17:06:24.612+0000] {logging_mixin.py:120} INFO - [2024-07-01T17:06:24.612+0000] {dagbag.py:537} INFO - Filling up the DagBag from /home/airflow/.local/lib/python3.7/site-packages/airflow/example_dags/example_trigger_target_dag.py
[2024-07-01T17:06:24.631+0000] {processor.py:766} INFO - DAG(s) dict_keys(['example_trigger_target_dag']) retrieved from /home/airflow/.local/lib/python3.7/site-packages/airflow/example_dags/example_trigger_target_dag.py
[2024-07-01T17:06:24.666+0000] {logging_mixin.py:120} INFO - [2024-07-01T17:06:24.666+0000] {dag.py:2585} INFO - Sync 1 DAGs
[2024-07-01T17:06:24.688+0000] {logging_mixin.py:120} INFO - [2024-07-01T17:06:24.687+0000] {dag.py:3340} INFO - Setting next_dagrun for example_trigger_target_dag to None, run_after=None
[2024-07-01T17:06:24.706+0000] {processor.py:176} INFO - Processing /home/airflow/.local/lib/python3.7/site-packages/airflow/example_dags/example_trigger_target_dag.py took 0.099 seconds
[2024-07-01T17:06:54.938+0000] {processor.py:154} INFO - Started process (PID=332) to work on /home/airflow/.local/lib/python3.7/site-packages/airflow/example_dags/example_trigger_target_dag.py
[2024-07-01T17:06:54.939+0000] {processor.py:756} INFO - Processing file /home/airflow/.local/lib/python3.7/site-packages/airflow/example_dags/example_trigger_target_dag.py for tasks to queue
[2024-07-01T17:06:54.939+0000] {logging_mixin.py:120} INFO - [2024-07-01T17:06:54.939+0000] {dagbag.py:537} INFO - Filling up the DagBag from /home/airflow/.local/lib/python3.7/site-packages/airflow/example_dags/example_trigger_target_dag.py
[2024-07-01T17:06:54.958+0000] {processor.py:766} INFO - DAG(s) dict_keys(['example_trigger_target_dag']) retrieved from /home/airflow/.local/lib/python3.7/site-packages/airflow/example_dags/example_trigger_target_dag.py
[2024-07-01T17:06:54.998+0000] {logging_mixin.py:120} INFO - [2024-07-01T17:06:54.998+0000] {dag.py:2585} INFO - Sync 1 DAGs
[2024-07-01T17:06:55.023+0000] {logging_mixin.py:120} INFO - [2024-07-01T17:06:55.023+0000] {dag.py:3340} INFO - Setting next_dagrun for example_trigger_target_dag to None, run_after=None
[2024-07-01T17:06:55.048+0000] {processor.py:176} INFO - Processing /home/airflow/.local/lib/python3.7/site-packages/airflow/example_dags/example_trigger_target_dag.py took 0.113 seconds
[2024-07-01T17:07:25.122+0000] {processor.py:154} INFO - Started process (PID=400) to work on /home/airflow/.local/lib/python3.7/site-packages/airflow/example_dags/example_trigger_target_dag.py
[2024-07-01T17:07:25.123+0000] {processor.py:756} INFO - Processing file /home/airflow/.local/lib/python3.7/site-packages/airflow/example_dags/example_trigger_target_dag.py for tasks to queue
[2024-07-01T17:07:25.124+0000] {logging_mixin.py:120} INFO - [2024-07-01T17:07:25.124+0000] {dagbag.py:537} INFO - Filling up the DagBag from /home/airflow/.local/lib/python3.7/site-packages/airflow/example_dags/example_trigger_target_dag.py
[2024-07-01T17:07:25.158+0000] {processor.py:766} INFO - DAG(s) dict_keys(['example_trigger_target_dag']) retrieved from /home/airflow/.local/lib/python3.7/site-packages/airflow/example_dags/example_trigger_target_dag.py
[2024-07-01T17:07:25.195+0000] {logging_mixin.py:120} INFO - [2024-07-01T17:07:25.195+0000] {dag.py:2585} INFO - Sync 1 DAGs
[2024-07-01T17:07:25.216+0000] {logging_mixin.py:120} INFO - [2024-07-01T17:07:25.216+0000] {dag.py:3340} INFO - Setting next_dagrun for example_trigger_target_dag to None, run_after=None
[2024-07-01T17:07:25.232+0000] {processor.py:176} INFO - Processing /home/airflow/.local/lib/python3.7/site-packages/airflow/example_dags/example_trigger_target_dag.py took 0.113 seconds
[2024-07-01T17:07:56.143+0000] {processor.py:154} INFO - Started process (PID=467) to work on /home/airflow/.local/lib/python3.7/site-packages/airflow/example_dags/example_trigger_target_dag.py
[2024-07-01T17:07:56.144+0000] {processor.py:756} INFO - Processing file /home/airflow/.local/lib/python3.7/site-packages/airflow/example_dags/example_trigger_target_dag.py for tasks to queue
[2024-07-01T17:07:56.145+0000] {logging_mixin.py:120} INFO - [2024-07-01T17:07:56.145+0000] {dagbag.py:537} INFO - Filling up the DagBag from /home/airflow/.local/lib/python3.7/site-packages/airflow/example_dags/example_trigger_target_dag.py
[2024-07-01T17:07:56.175+0000] {processor.py:766} INFO - DAG(s) dict_keys(['example_trigger_target_dag']) retrieved from /home/airflow/.local/lib/python3.7/site-packages/airflow/example_dags/example_trigger_target_dag.py
[2024-07-01T17:07:56.215+0000] {logging_mixin.py:120} INFO - [2024-07-01T17:07:56.214+0000] {dag.py:2585} INFO - Sync 1 DAGs
[2024-07-01T17:07:56.239+0000] {logging_mixin.py:120} INFO - [2024-07-01T17:07:56.239+0000] {dag.py:3340} INFO - Setting next_dagrun for example_trigger_target_dag to None, run_after=None
[2024-07-01T17:07:56.256+0000] {processor.py:176} INFO - Processing /home/airflow/.local/lib/python3.7/site-packages/airflow/example_dags/example_trigger_target_dag.py took 0.116 seconds
[2024-07-01T17:08:26.829+0000] {processor.py:154} INFO - Started process (PID=535) to work on /home/airflow/.local/lib/python3.7/site-packages/airflow/example_dags/example_trigger_target_dag.py
[2024-07-01T17:08:26.830+0000] {processor.py:756} INFO - Processing file /home/airflow/.local/lib/python3.7/site-packages/airflow/example_dags/example_trigger_target_dag.py for tasks to queue
[2024-07-01T17:08:26.830+0000] {logging_mixin.py:120} INFO - [2024-07-01T17:08:26.830+0000] {dagbag.py:537} INFO - Filling up the DagBag from /home/airflow/.local/lib/python3.7/site-packages/airflow/example_dags/example_trigger_target_dag.py
[2024-07-01T17:08:26.850+0000] {processor.py:766} INFO - DAG(s) dict_keys(['example_trigger_target_dag']) retrieved from /home/airflow/.local/lib/python3.7/site-packages/airflow/example_dags/example_trigger_target_dag.py
[2024-07-01T17:08:26.887+0000] {logging_mixin.py:120} INFO - [2024-07-01T17:08:26.887+0000] {dag.py:2585} INFO - Sync 1 DAGs
[2024-07-01T17:08:26.910+0000] {logging_mixin.py:120} INFO - [2024-07-01T17:08:26.910+0000] {dag.py:3340} INFO - Setting next_dagrun for example_trigger_target_dag to None, run_after=None
[2024-07-01T17:08:26.928+0000] {processor.py:176} INFO - Processing /home/airflow/.local/lib/python3.7/site-packages/airflow/example_dags/example_trigger_target_dag.py took 0.102 seconds
[2024-07-01T17:08:57.474+0000] {processor.py:154} INFO - Started process (PID=602) to work on /home/airflow/.local/lib/python3.7/site-packages/airflow/example_dags/example_trigger_target_dag.py
[2024-07-01T17:08:57.475+0000] {processor.py:756} INFO - Processing file /home/airflow/.local/lib/python3.7/site-packages/airflow/example_dags/example_trigger_target_dag.py for tasks to queue
[2024-07-01T17:08:57.476+0000] {logging_mixin.py:120} INFO - [2024-07-01T17:08:57.475+0000] {dagbag.py:537} INFO - Filling up the DagBag from /home/airflow/.local/lib/python3.7/site-packages/airflow/example_dags/example_trigger_target_dag.py
[2024-07-01T17:08:57.495+0000] {processor.py:766} INFO - DAG(s) dict_keys(['example_trigger_target_dag']) retrieved from /home/airflow/.local/lib/python3.7/site-packages/airflow/example_dags/example_trigger_target_dag.py
[2024-07-01T17:08:57.532+0000] {logging_mixin.py:120} INFO - [2024-07-01T17:08:57.532+0000] {dag.py:2585} INFO - Sync 1 DAGs
[2024-07-01T17:08:57.558+0000] {logging_mixin.py:120} INFO - [2024-07-01T17:08:57.558+0000] {dag.py:3340} INFO - Setting next_dagrun for example_trigger_target_dag to None, run_after=None
[2024-07-01T17:08:57.577+0000] {processor.py:176} INFO - Processing /home/airflow/.local/lib/python3.7/site-packages/airflow/example_dags/example_trigger_target_dag.py took 0.106 seconds
[2024-07-01T17:09:28.055+0000] {processor.py:154} INFO - Started process (PID=660) to work on /home/airflow/.local/lib/python3.7/site-packages/airflow/example_dags/example_trigger_target_dag.py
[2024-07-01T17:09:28.056+0000] {processor.py:756} INFO - Processing file /home/airflow/.local/lib/python3.7/site-packages/airflow/example_dags/example_trigger_target_dag.py for tasks to queue
[2024-07-01T17:09:28.057+0000] {logging_mixin.py:120} INFO - [2024-07-01T17:09:28.057+0000] {dagbag.py:537} INFO - Filling up the DagBag from /home/airflow/.local/lib/python3.7/site-packages/airflow/example_dags/example_trigger_target_dag.py
[2024-07-01T17:09:28.076+0000] {processor.py:766} INFO - DAG(s) dict_keys(['example_trigger_target_dag']) retrieved from /home/airflow/.local/lib/python3.7/site-packages/airflow/example_dags/example_trigger_target_dag.py
[2024-07-01T17:09:28.113+0000] {logging_mixin.py:120} INFO - [2024-07-01T17:09:28.113+0000] {dag.py:2585} INFO - Sync 1 DAGs
[2024-07-01T17:09:28.135+0000] {logging_mixin.py:120} INFO - [2024-07-01T17:09:28.135+0000] {dag.py:3340} INFO - Setting next_dagrun for example_trigger_target_dag to None, run_after=None
[2024-07-01T17:09:28.152+0000] {processor.py:176} INFO - Processing /home/airflow/.local/lib/python3.7/site-packages/airflow/example_dags/example_trigger_target_dag.py took 0.100 seconds
[2024-07-01T17:09:58.860+0000] {processor.py:154} INFO - Started process (PID=728) to work on /home/airflow/.local/lib/python3.7/site-packages/airflow/example_dags/example_trigger_target_dag.py
[2024-07-01T17:09:58.861+0000] {processor.py:756} INFO - Processing file /home/airflow/.local/lib/python3.7/site-packages/airflow/example_dags/example_trigger_target_dag.py for tasks to queue
[2024-07-01T17:09:58.862+0000] {logging_mixin.py:120} INFO - [2024-07-01T17:09:58.862+0000] {dagbag.py:537} INFO - Filling up the DagBag from /home/airflow/.local/lib/python3.7/site-packages/airflow/example_dags/example_trigger_target_dag.py
[2024-07-01T17:09:58.880+0000] {processor.py:766} INFO - DAG(s) dict_keys(['example_trigger_target_dag']) retrieved from /home/airflow/.local/lib/python3.7/site-packages/airflow/example_dags/example_trigger_target_dag.py
[2024-07-01T17:09:58.917+0000] {logging_mixin.py:120} INFO - [2024-07-01T17:09:58.917+0000] {dag.py:2585} INFO - Sync 1 DAGs
[2024-07-01T17:09:58.940+0000] {logging_mixin.py:120} INFO - [2024-07-01T17:09:58.940+0000] {dag.py:3340} INFO - Setting next_dagrun for example_trigger_target_dag to None, run_after=None
[2024-07-01T17:09:58.957+0000] {processor.py:176} INFO - Processing /home/airflow/.local/lib/python3.7/site-packages/airflow/example_dags/example_trigger_target_dag.py took 0.100 seconds
[2024-07-01T17:10:29.735+0000] {processor.py:154} INFO - Started process (PID=795) to work on /home/airflow/.local/lib/python3.7/site-packages/airflow/example_dags/example_trigger_target_dag.py
[2024-07-01T17:10:29.736+0000] {processor.py:756} INFO - Processing file /home/airflow/.local/lib/python3.7/site-packages/airflow/example_dags/example_trigger_target_dag.py for tasks to queue
[2024-07-01T17:10:29.736+0000] {logging_mixin.py:120} INFO - [2024-07-01T17:10:29.736+0000] {dagbag.py:537} INFO - Filling up the DagBag from /home/airflow/.local/lib/python3.7/site-packages/airflow/example_dags/example_trigger_target_dag.py
[2024-07-01T17:10:29.754+0000] {processor.py:766} INFO - DAG(s) dict_keys(['example_trigger_target_dag']) retrieved from /home/airflow/.local/lib/python3.7/site-packages/airflow/example_dags/example_trigger_target_dag.py
[2024-07-01T17:10:29.788+0000] {logging_mixin.py:120} INFO - [2024-07-01T17:10:29.788+0000] {dag.py:2585} INFO - Sync 1 DAGs
[2024-07-01T17:10:29.810+0000] {logging_mixin.py:120} INFO - [2024-07-01T17:10:29.810+0000] {dag.py:3340} INFO - Setting next_dagrun for example_trigger_target_dag to None, run_after=None
[2024-07-01T17:10:29.826+0000] {processor.py:176} INFO - Processing /home/airflow/.local/lib/python3.7/site-packages/airflow/example_dags/example_trigger_target_dag.py took 0.094 seconds
[2024-07-01T17:11:00.361+0000] {processor.py:154} INFO - Started process (PID=862) to work on /home/airflow/.local/lib/python3.7/site-packages/airflow/example_dags/example_trigger_target_dag.py
[2024-07-01T17:11:00.362+0000] {processor.py:756} INFO - Processing file /home/airflow/.local/lib/python3.7/site-packages/airflow/example_dags/example_trigger_target_dag.py for tasks to queue
[2024-07-01T17:11:00.363+0000] {logging_mixin.py:120} INFO - [2024-07-01T17:11:00.363+0000] {dagbag.py:537} INFO - Filling up the DagBag from /home/airflow/.local/lib/python3.7/site-packages/airflow/example_dags/example_trigger_target_dag.py
[2024-07-01T17:11:00.381+0000] {processor.py:766} INFO - DAG(s) dict_keys(['example_trigger_target_dag']) retrieved from /home/airflow/.local/lib/python3.7/site-packages/airflow/example_dags/example_trigger_target_dag.py
[2024-07-01T17:11:00.415+0000] {logging_mixin.py:120} INFO - [2024-07-01T17:11:00.415+0000] {dag.py:2585} INFO - Sync 1 DAGs
[2024-07-01T17:11:00.437+0000] {logging_mixin.py:120} INFO - [2024-07-01T17:11:00.437+0000] {dag.py:3340} INFO - Setting next_dagrun for example_trigger_target_dag to None, run_after=None
[2024-07-01T17:11:00.453+0000] {processor.py:176} INFO - Processing /home/airflow/.local/lib/python3.7/site-packages/airflow/example_dags/example_trigger_target_dag.py took 0.094 seconds
[2024-07-01T17:11:31.266+0000] {processor.py:154} INFO - Started process (PID=920) to work on /home/airflow/.local/lib/python3.7/site-packages/airflow/example_dags/example_trigger_target_dag.py
[2024-07-01T17:11:31.267+0000] {processor.py:756} INFO - Processing file /home/airflow/.local/lib/python3.7/site-packages/airflow/example_dags/example_trigger_target_dag.py for tasks to queue
[2024-07-01T17:11:31.268+0000] {logging_mixin.py:120} INFO - [2024-07-01T17:11:31.268+0000] {dagbag.py:537} INFO - Filling up the DagBag from /home/airflow/.local/lib/python3.7/site-packages/airflow/example_dags/example_trigger_target_dag.py
[2024-07-01T17:11:31.286+0000] {processor.py:766} INFO - DAG(s) dict_keys(['example_trigger_target_dag']) retrieved from /home/airflow/.local/lib/python3.7/site-packages/airflow/example_dags/example_trigger_target_dag.py
[2024-07-01T17:11:31.321+0000] {logging_mixin.py:120} INFO - [2024-07-01T17:11:31.321+0000] {dag.py:2585} INFO - Sync 1 DAGs
[2024-07-01T17:11:31.343+0000] {logging_mixin.py:120} INFO - [2024-07-01T17:11:31.342+0000] {dag.py:3340} INFO - Setting next_dagrun for example_trigger_target_dag to None, run_after=None
[2024-07-01T17:11:31.357+0000] {processor.py:176} INFO - Processing /home/airflow/.local/lib/python3.7/site-packages/airflow/example_dags/example_trigger_target_dag.py took 0.094 seconds
[2024-07-01T17:12:01.897+0000] {processor.py:154} INFO - Started process (PID=987) to work on /home/airflow/.local/lib/python3.7/site-packages/airflow/example_dags/example_trigger_target_dag.py
[2024-07-01T17:12:01.898+0000] {processor.py:756} INFO - Processing file /home/airflow/.local/lib/python3.7/site-packages/airflow/example_dags/example_trigger_target_dag.py for tasks to queue
[2024-07-01T17:12:01.899+0000] {logging_mixin.py:120} INFO - [2024-07-01T17:12:01.899+0000] {dagbag.py:537} INFO - Filling up the DagBag from /home/airflow/.local/lib/python3.7/site-packages/airflow/example_dags/example_trigger_target_dag.py
[2024-07-01T17:12:01.916+0000] {processor.py:766} INFO - DAG(s) dict_keys(['example_trigger_target_dag']) retrieved from /home/airflow/.local/lib/python3.7/site-packages/airflow/example_dags/example_trigger_target_dag.py
[2024-07-01T17:12:01.951+0000] {logging_mixin.py:120} INFO - [2024-07-01T17:12:01.951+0000] {dag.py:2585} INFO - Sync 1 DAGs
[2024-07-01T17:12:01.973+0000] {logging_mixin.py:120} INFO - [2024-07-01T17:12:01.972+0000] {dag.py:3340} INFO - Setting next_dagrun for example_trigger_target_dag to None, run_after=None
[2024-07-01T17:12:01.988+0000] {processor.py:176} INFO - Processing /home/airflow/.local/lib/python3.7/site-packages/airflow/example_dags/example_trigger_target_dag.py took 0.094 seconds
[2024-07-01T17:12:32.484+0000] {processor.py:154} INFO - Started process (PID=1054) to work on /home/airflow/.local/lib/python3.7/site-packages/airflow/example_dags/example_trigger_target_dag.py
[2024-07-01T17:12:32.485+0000] {processor.py:756} INFO - Processing file /home/airflow/.local/lib/python3.7/site-packages/airflow/example_dags/example_trigger_target_dag.py for tasks to queue
[2024-07-01T17:12:32.486+0000] {logging_mixin.py:120} INFO - [2024-07-01T17:12:32.486+0000] {dagbag.py:537} INFO - Filling up the DagBag from /home/airflow/.local/lib/python3.7/site-packages/airflow/example_dags/example_trigger_target_dag.py
[2024-07-01T17:12:32.506+0000] {processor.py:766} INFO - DAG(s) dict_keys(['example_trigger_target_dag']) retrieved from /home/airflow/.local/lib/python3.7/site-packages/airflow/example_dags/example_trigger_target_dag.py
[2024-07-01T17:12:32.540+0000] {logging_mixin.py:120} INFO - [2024-07-01T17:12:32.540+0000] {dag.py:2585} INFO - Sync 1 DAGs
[2024-07-01T17:12:32.564+0000] {logging_mixin.py:120} INFO - [2024-07-01T17:12:32.564+0000] {dag.py:3340} INFO - Setting next_dagrun for example_trigger_target_dag to None, run_after=None
[2024-07-01T17:12:32.579+0000] {processor.py:176} INFO - Processing /home/airflow/.local/lib/python3.7/site-packages/airflow/example_dags/example_trigger_target_dag.py took 0.098 seconds
[2024-07-01T17:13:02.958+0000] {processor.py:154} INFO - Started process (PID=1121) to work on /home/airflow/.local/lib/python3.7/site-packages/airflow/example_dags/example_trigger_target_dag.py
[2024-07-01T17:13:02.959+0000] {processor.py:756} INFO - Processing file /home/airflow/.local/lib/python3.7/site-packages/airflow/example_dags/example_trigger_target_dag.py for tasks to queue
[2024-07-01T17:13:02.959+0000] {logging_mixin.py:120} INFO - [2024-07-01T17:13:02.959+0000] {dagbag.py:537} INFO - Filling up the DagBag from /home/airflow/.local/lib/python3.7/site-packages/airflow/example_dags/example_trigger_target_dag.py
[2024-07-01T17:13:02.976+0000] {processor.py:766} INFO - DAG(s) dict_keys(['example_trigger_target_dag']) retrieved from /home/airflow/.local/lib/python3.7/site-packages/airflow/example_dags/example_trigger_target_dag.py
[2024-07-01T17:13:03.010+0000] {logging_mixin.py:120} INFO - [2024-07-01T17:13:03.010+0000] {dag.py:2585} INFO - Sync 1 DAGs
[2024-07-01T17:13:03.033+0000] {logging_mixin.py:120} INFO - [2024-07-01T17:13:03.033+0000] {dag.py:3340} INFO - Setting next_dagrun for example_trigger_target_dag to None, run_after=None
[2024-07-01T17:13:03.049+0000] {processor.py:176} INFO - Processing /home/airflow/.local/lib/python3.7/site-packages/airflow/example_dags/example_trigger_target_dag.py took 0.095 seconds
[2024-07-01T17:13:33.632+0000] {processor.py:154} INFO - Started process (PID=1187) to work on /home/airflow/.local/lib/python3.7/site-packages/airflow/example_dags/example_trigger_target_dag.py
[2024-07-01T17:13:33.634+0000] {processor.py:756} INFO - Processing file /home/airflow/.local/lib/python3.7/site-packages/airflow/example_dags/example_trigger_target_dag.py for tasks to queue
[2024-07-01T17:13:33.635+0000] {logging_mixin.py:120} INFO - [2024-07-01T17:13:33.635+0000] {dagbag.py:537} INFO - Filling up the DagBag from /home/airflow/.local/lib/python3.7/site-packages/airflow/example_dags/example_trigger_target_dag.py
[2024-07-01T17:13:33.661+0000] {processor.py:766} INFO - DAG(s) dict_keys(['example_trigger_target_dag']) retrieved from /home/airflow/.local/lib/python3.7/site-packages/airflow/example_dags/example_trigger_target_dag.py
[2024-07-01T17:13:33.697+0000] {logging_mixin.py:120} INFO - [2024-07-01T17:13:33.697+0000] {dag.py:2585} INFO - Sync 1 DAGs
[2024-07-01T17:13:33.720+0000] {logging_mixin.py:120} INFO - [2024-07-01T17:13:33.720+0000] {dag.py:3340} INFO - Setting next_dagrun for example_trigger_target_dag to None, run_after=None
[2024-07-01T17:13:33.737+0000] {processor.py:176} INFO - Processing /home/airflow/.local/lib/python3.7/site-packages/airflow/example_dags/example_trigger_target_dag.py took 0.109 seconds
[2024-07-01T17:14:04.360+0000] {processor.py:154} INFO - Started process (PID=1245) to work on /home/airflow/.local/lib/python3.7/site-packages/airflow/example_dags/example_trigger_target_dag.py
[2024-07-01T17:14:04.361+0000] {processor.py:756} INFO - Processing file /home/airflow/.local/lib/python3.7/site-packages/airflow/example_dags/example_trigger_target_dag.py for tasks to queue
[2024-07-01T17:14:04.362+0000] {logging_mixin.py:120} INFO - [2024-07-01T17:14:04.362+0000] {dagbag.py:537} INFO - Filling up the DagBag from /home/airflow/.local/lib/python3.7/site-packages/airflow/example_dags/example_trigger_target_dag.py
[2024-07-01T17:14:04.381+0000] {processor.py:766} INFO - DAG(s) dict_keys(['example_trigger_target_dag']) retrieved from /home/airflow/.local/lib/python3.7/site-packages/airflow/example_dags/example_trigger_target_dag.py
[2024-07-01T17:14:04.418+0000] {logging_mixin.py:120} INFO - [2024-07-01T17:14:04.418+0000] {dag.py:2585} INFO - Sync 1 DAGs
[2024-07-01T17:14:04.439+0000] {logging_mixin.py:120} INFO - [2024-07-01T17:14:04.439+0000] {dag.py:3340} INFO - Setting next_dagrun for example_trigger_target_dag to None, run_after=None
[2024-07-01T17:14:04.456+0000] {processor.py:176} INFO - Processing /home/airflow/.local/lib/python3.7/site-packages/airflow/example_dags/example_trigger_target_dag.py took 0.100 seconds
[2024-07-01T17:14:34.931+0000] {processor.py:154} INFO - Started process (PID=1311) to work on /home/airflow/.local/lib/python3.7/site-packages/airflow/example_dags/example_trigger_target_dag.py
[2024-07-01T17:14:34.932+0000] {processor.py:756} INFO - Processing file /home/airflow/.local/lib/python3.7/site-packages/airflow/example_dags/example_trigger_target_dag.py for tasks to queue
[2024-07-01T17:14:34.933+0000] {logging_mixin.py:120} INFO - [2024-07-01T17:14:34.933+0000] {dagbag.py:537} INFO - Filling up the DagBag from /home/airflow/.local/lib/python3.7/site-packages/airflow/example_dags/example_trigger_target_dag.py
[2024-07-01T17:14:34.951+0000] {processor.py:766} INFO - DAG(s) dict_keys(['example_trigger_target_dag']) retrieved from /home/airflow/.local/lib/python3.7/site-packages/airflow/example_dags/example_trigger_target_dag.py
[2024-07-01T17:14:34.988+0000] {logging_mixin.py:120} INFO - [2024-07-01T17:14:34.987+0000] {dag.py:2585} INFO - Sync 1 DAGs
[2024-07-01T17:14:35.012+0000] {logging_mixin.py:120} INFO - [2024-07-01T17:14:35.012+0000] {dag.py:3340} INFO - Setting next_dagrun for example_trigger_target_dag to None, run_after=None
[2024-07-01T17:14:35.029+0000] {processor.py:176} INFO - Processing /home/airflow/.local/lib/python3.7/site-packages/airflow/example_dags/example_trigger_target_dag.py took 0.101 seconds
[2024-07-01T17:15:05.562+0000] {processor.py:154} INFO - Started process (PID=1378) to work on /home/airflow/.local/lib/python3.7/site-packages/airflow/example_dags/example_trigger_target_dag.py
[2024-07-01T17:15:05.563+0000] {processor.py:756} INFO - Processing file /home/airflow/.local/lib/python3.7/site-packages/airflow/example_dags/example_trigger_target_dag.py for tasks to queue
[2024-07-01T17:15:05.563+0000] {logging_mixin.py:120} INFO - [2024-07-01T17:15:05.563+0000] {dagbag.py:537} INFO - Filling up the DagBag from /home/airflow/.local/lib/python3.7/site-packages/airflow/example_dags/example_trigger_target_dag.py
[2024-07-01T17:15:05.582+0000] {processor.py:766} INFO - DAG(s) dict_keys(['example_trigger_target_dag']) retrieved from /home/airflow/.local/lib/python3.7/site-packages/airflow/example_dags/example_trigger_target_dag.py
[2024-07-01T17:15:05.615+0000] {logging_mixin.py:120} INFO - [2024-07-01T17:15:05.615+0000] {dag.py:2585} INFO - Sync 1 DAGs
[2024-07-01T17:15:05.639+0000] {logging_mixin.py:120} INFO - [2024-07-01T17:15:05.639+0000] {dag.py:3340} INFO - Setting next_dagrun for example_trigger_target_dag to None, run_after=None
[2024-07-01T17:15:05.655+0000] {processor.py:176} INFO - Processing /home/airflow/.local/lib/python3.7/site-packages/airflow/example_dags/example_trigger_target_dag.py took 0.096 seconds
[2024-07-01T17:15:36.168+0000] {processor.py:154} INFO - Started process (PID=1445) to work on /home/airflow/.local/lib/python3.7/site-packages/airflow/example_dags/example_trigger_target_dag.py
[2024-07-01T17:15:36.169+0000] {processor.py:756} INFO - Processing file /home/airflow/.local/lib/python3.7/site-packages/airflow/example_dags/example_trigger_target_dag.py for tasks to queue
[2024-07-01T17:15:36.169+0000] {logging_mixin.py:120} INFO - [2024-07-01T17:15:36.169+0000] {dagbag.py:537} INFO - Filling up the DagBag from /home/airflow/.local/lib/python3.7/site-packages/airflow/example_dags/example_trigger_target_dag.py
[2024-07-01T17:15:36.187+0000] {processor.py:766} INFO - DAG(s) dict_keys(['example_trigger_target_dag']) retrieved from /home/airflow/.local/lib/python3.7/site-packages/airflow/example_dags/example_trigger_target_dag.py
[2024-07-01T17:15:36.223+0000] {logging_mixin.py:120} INFO - [2024-07-01T17:15:36.223+0000] {dag.py:2585} INFO - Sync 1 DAGs
[2024-07-01T17:15:36.246+0000] {logging_mixin.py:120} INFO - [2024-07-01T17:15:36.246+0000] {dag.py:3340} INFO - Setting next_dagrun for example_trigger_target_dag to None, run_after=None
[2024-07-01T17:15:36.274+0000] {processor.py:176} INFO - Processing /home/airflow/.local/lib/python3.7/site-packages/airflow/example_dags/example_trigger_target_dag.py took 0.109 seconds
[2024-07-01T17:16:06.817+0000] {processor.py:154} INFO - Started process (PID=1503) to work on /home/airflow/.local/lib/python3.7/site-packages/airflow/example_dags/example_trigger_target_dag.py
[2024-07-01T17:16:06.818+0000] {processor.py:756} INFO - Processing file /home/airflow/.local/lib/python3.7/site-packages/airflow/example_dags/example_trigger_target_dag.py for tasks to queue
[2024-07-01T17:16:06.819+0000] {logging_mixin.py:120} INFO - [2024-07-01T17:16:06.819+0000] {dagbag.py:537} INFO - Filling up the DagBag from /home/airflow/.local/lib/python3.7/site-packages/airflow/example_dags/example_trigger_target_dag.py
[2024-07-01T17:16:06.838+0000] {processor.py:766} INFO - DAG(s) dict_keys(['example_trigger_target_dag']) retrieved from /home/airflow/.local/lib/python3.7/site-packages/airflow/example_dags/example_trigger_target_dag.py
[2024-07-01T17:16:06.874+0000] {logging_mixin.py:120} INFO - [2024-07-01T17:16:06.874+0000] {dag.py:2585} INFO - Sync 1 DAGs
[2024-07-01T17:16:06.897+0000] {logging_mixin.py:120} INFO - [2024-07-01T17:16:06.897+0000] {dag.py:3340} INFO - Setting next_dagrun for example_trigger_target_dag to None, run_after=None
[2024-07-01T17:16:06.914+0000] {processor.py:176} INFO - Processing /home/airflow/.local/lib/python3.7/site-packages/airflow/example_dags/example_trigger_target_dag.py took 0.100 seconds
[2024-07-01T17:16:37.609+0000] {processor.py:154} INFO - Started process (PID=1571) to work on /home/airflow/.local/lib/python3.7/site-packages/airflow/example_dags/example_trigger_target_dag.py
[2024-07-01T17:16:37.610+0000] {processor.py:756} INFO - Processing file /home/airflow/.local/lib/python3.7/site-packages/airflow/example_dags/example_trigger_target_dag.py for tasks to queue
[2024-07-01T17:16:37.610+0000] {logging_mixin.py:120} INFO - [2024-07-01T17:16:37.610+0000] {dagbag.py:537} INFO - Filling up the DagBag from /home/airflow/.local/lib/python3.7/site-packages/airflow/example_dags/example_trigger_target_dag.py
[2024-07-01T17:16:37.628+0000] {processor.py:766} INFO - DAG(s) dict_keys(['example_trigger_target_dag']) retrieved from /home/airflow/.local/lib/python3.7/site-packages/airflow/example_dags/example_trigger_target_dag.py
[2024-07-01T17:16:37.662+0000] {logging_mixin.py:120} INFO - [2024-07-01T17:16:37.662+0000] {dag.py:2585} INFO - Sync 1 DAGs
[2024-07-01T17:16:37.685+0000] {logging_mixin.py:120} INFO - [2024-07-01T17:16:37.685+0000] {dag.py:3340} INFO - Setting next_dagrun for example_trigger_target_dag to None, run_after=None
[2024-07-01T17:16:37.701+0000] {processor.py:176} INFO - Processing /home/airflow/.local/lib/python3.7/site-packages/airflow/example_dags/example_trigger_target_dag.py took 0.095 seconds
[2024-07-01T17:17:08.284+0000] {processor.py:154} INFO - Started process (PID=1638) to work on /home/airflow/.local/lib/python3.7/site-packages/airflow/example_dags/example_trigger_target_dag.py
[2024-07-01T17:17:08.285+0000] {processor.py:756} INFO - Processing file /home/airflow/.local/lib/python3.7/site-packages/airflow/example_dags/example_trigger_target_dag.py for tasks to queue
[2024-07-01T17:17:08.286+0000] {logging_mixin.py:120} INFO - [2024-07-01T17:17:08.286+0000] {dagbag.py:537} INFO - Filling up the DagBag from /home/airflow/.local/lib/python3.7/site-packages/airflow/example_dags/example_trigger_target_dag.py
[2024-07-01T17:17:08.307+0000] {processor.py:766} INFO - DAG(s) dict_keys(['example_trigger_target_dag']) retrieved from /home/airflow/.local/lib/python3.7/site-packages/airflow/example_dags/example_trigger_target_dag.py
[2024-07-01T17:17:08.347+0000] {logging_mixin.py:120} INFO - [2024-07-01T17:17:08.347+0000] {dag.py:2585} INFO - Sync 1 DAGs
[2024-07-01T17:17:08.372+0000] {logging_mixin.py:120} INFO - [2024-07-01T17:17:08.372+0000] {dag.py:3340} INFO - Setting next_dagrun for example_trigger_target_dag to None, run_after=None
[2024-07-01T17:17:08.390+0000] {processor.py:176} INFO - Processing /home/airflow/.local/lib/python3.7/site-packages/airflow/example_dags/example_trigger_target_dag.py took 0.109 seconds
[2024-07-01T17:17:38.937+0000] {processor.py:154} INFO - Started process (PID=1705) to work on /home/airflow/.local/lib/python3.7/site-packages/airflow/example_dags/example_trigger_target_dag.py
[2024-07-01T17:17:38.938+0000] {processor.py:756} INFO - Processing file /home/airflow/.local/lib/python3.7/site-packages/airflow/example_dags/example_trigger_target_dag.py for tasks to queue
[2024-07-01T17:17:38.939+0000] {logging_mixin.py:120} INFO - [2024-07-01T17:17:38.939+0000] {dagbag.py:537} INFO - Filling up the DagBag from /home/airflow/.local/lib/python3.7/site-packages/airflow/example_dags/example_trigger_target_dag.py
[2024-07-01T17:17:38.959+0000] {processor.py:766} INFO - DAG(s) dict_keys(['example_trigger_target_dag']) retrieved from /home/airflow/.local/lib/python3.7/site-packages/airflow/example_dags/example_trigger_target_dag.py
[2024-07-01T17:17:38.999+0000] {logging_mixin.py:120} INFO - [2024-07-01T17:17:38.999+0000] {dag.py:2585} INFO - Sync 1 DAGs
[2024-07-01T17:17:39.023+0000] {logging_mixin.py:120} INFO - [2024-07-01T17:17:39.023+0000] {dag.py:3340} INFO - Setting next_dagrun for example_trigger_target_dag to None, run_after=None
[2024-07-01T17:17:39.040+0000] {processor.py:176} INFO - Processing /home/airflow/.local/lib/python3.7/site-packages/airflow/example_dags/example_trigger_target_dag.py took 0.106 seconds
[2024-07-01T17:18:09.614+0000] {processor.py:154} INFO - Started process (PID=1770) to work on /home/airflow/.local/lib/python3.7/site-packages/airflow/example_dags/example_trigger_target_dag.py
[2024-07-01T17:18:09.615+0000] {processor.py:756} INFO - Processing file /home/airflow/.local/lib/python3.7/site-packages/airflow/example_dags/example_trigger_target_dag.py for tasks to queue
[2024-07-01T17:18:09.616+0000] {logging_mixin.py:120} INFO - [2024-07-01T17:18:09.616+0000] {dagbag.py:537} INFO - Filling up the DagBag from /home/airflow/.local/lib/python3.7/site-packages/airflow/example_dags/example_trigger_target_dag.py
[2024-07-01T17:18:09.637+0000] {processor.py:766} INFO - DAG(s) dict_keys(['example_trigger_target_dag']) retrieved from /home/airflow/.local/lib/python3.7/site-packages/airflow/example_dags/example_trigger_target_dag.py
[2024-07-01T17:18:09.674+0000] {logging_mixin.py:120} INFO - [2024-07-01T17:18:09.674+0000] {dag.py:2585} INFO - Sync 1 DAGs
[2024-07-01T17:18:09.698+0000] {logging_mixin.py:120} INFO - [2024-07-01T17:18:09.698+0000] {dag.py:3340} INFO - Setting next_dagrun for example_trigger_target_dag to None, run_after=None
[2024-07-01T17:18:09.718+0000] {processor.py:176} INFO - Processing /home/airflow/.local/lib/python3.7/site-packages/airflow/example_dags/example_trigger_target_dag.py took 0.108 seconds
[2024-07-01T17:18:40.388+0000] {processor.py:154} INFO - Started process (PID=1830) to work on /home/airflow/.local/lib/python3.7/site-packages/airflow/example_dags/example_trigger_target_dag.py
[2024-07-01T17:18:40.389+0000] {processor.py:756} INFO - Processing file /home/airflow/.local/lib/python3.7/site-packages/airflow/example_dags/example_trigger_target_dag.py for tasks to queue
[2024-07-01T17:18:40.390+0000] {logging_mixin.py:120} INFO - [2024-07-01T17:18:40.390+0000] {dagbag.py:537} INFO - Filling up the DagBag from /home/airflow/.local/lib/python3.7/site-packages/airflow/example_dags/example_trigger_target_dag.py
[2024-07-01T17:18:40.411+0000] {processor.py:766} INFO - DAG(s) dict_keys(['example_trigger_target_dag']) retrieved from /home/airflow/.local/lib/python3.7/site-packages/airflow/example_dags/example_trigger_target_dag.py
[2024-07-01T17:18:40.452+0000] {logging_mixin.py:120} INFO - [2024-07-01T17:18:40.452+0000] {dag.py:2585} INFO - Sync 1 DAGs
[2024-07-01T17:18:40.479+0000] {logging_mixin.py:120} INFO - [2024-07-01T17:18:40.479+0000] {dag.py:3340} INFO - Setting next_dagrun for example_trigger_target_dag to None, run_after=None
[2024-07-01T17:18:40.498+0000] {processor.py:176} INFO - Processing /home/airflow/.local/lib/python3.7/site-packages/airflow/example_dags/example_trigger_target_dag.py took 0.113 seconds
[2024-07-01T17:19:11.116+0000] {processor.py:154} INFO - Started process (PID=1897) to work on /home/airflow/.local/lib/python3.7/site-packages/airflow/example_dags/example_trigger_target_dag.py
[2024-07-01T17:19:11.117+0000] {processor.py:756} INFO - Processing file /home/airflow/.local/lib/python3.7/site-packages/airflow/example_dags/example_trigger_target_dag.py for tasks to queue
[2024-07-01T17:19:11.117+0000] {logging_mixin.py:120} INFO - [2024-07-01T17:19:11.117+0000] {dagbag.py:537} INFO - Filling up the DagBag from /home/airflow/.local/lib/python3.7/site-packages/airflow/example_dags/example_trigger_target_dag.py
[2024-07-01T17:19:11.135+0000] {processor.py:766} INFO - DAG(s) dict_keys(['example_trigger_target_dag']) retrieved from /home/airflow/.local/lib/python3.7/site-packages/airflow/example_dags/example_trigger_target_dag.py
[2024-07-01T17:19:11.173+0000] {logging_mixin.py:120} INFO - [2024-07-01T17:19:11.173+0000] {dag.py:2585} INFO - Sync 1 DAGs
[2024-07-01T17:19:11.195+0000] {logging_mixin.py:120} INFO - [2024-07-01T17:19:11.195+0000] {dag.py:3340} INFO - Setting next_dagrun for example_trigger_target_dag to None, run_after=None
[2024-07-01T17:19:11.212+0000] {processor.py:176} INFO - Processing /home/airflow/.local/lib/python3.7/site-packages/airflow/example_dags/example_trigger_target_dag.py took 0.099 seconds
[2024-07-01T17:19:42.034+0000] {processor.py:154} INFO - Started process (PID=1966) to work on /home/airflow/.local/lib/python3.7/site-packages/airflow/example_dags/example_trigger_target_dag.py
[2024-07-01T17:19:42.035+0000] {processor.py:756} INFO - Processing file /home/airflow/.local/lib/python3.7/site-packages/airflow/example_dags/example_trigger_target_dag.py for tasks to queue
[2024-07-01T17:19:42.036+0000] {logging_mixin.py:120} INFO - [2024-07-01T17:19:42.036+0000] {dagbag.py:537} INFO - Filling up the DagBag from /home/airflow/.local/lib/python3.7/site-packages/airflow/example_dags/example_trigger_target_dag.py
[2024-07-01T17:19:42.056+0000] {processor.py:766} INFO - DAG(s) dict_keys(['example_trigger_target_dag']) retrieved from /home/airflow/.local/lib/python3.7/site-packages/airflow/example_dags/example_trigger_target_dag.py
[2024-07-01T17:19:42.093+0000] {logging_mixin.py:120} INFO - [2024-07-01T17:19:42.093+0000] {dag.py:2585} INFO - Sync 1 DAGs
[2024-07-01T17:19:42.116+0000] {logging_mixin.py:120} INFO - [2024-07-01T17:19:42.116+0000] {dag.py:3340} INFO - Setting next_dagrun for example_trigger_target_dag to None, run_after=None
[2024-07-01T17:19:42.136+0000] {processor.py:176} INFO - Processing /home/airflow/.local/lib/python3.7/site-packages/airflow/example_dags/example_trigger_target_dag.py took 0.105 seconds
[2024-07-01T17:20:13.090+0000] {processor.py:154} INFO - Started process (PID=2034) to work on /home/airflow/.local/lib/python3.7/site-packages/airflow/example_dags/example_trigger_target_dag.py
[2024-07-01T17:20:13.091+0000] {processor.py:756} INFO - Processing file /home/airflow/.local/lib/python3.7/site-packages/airflow/example_dags/example_trigger_target_dag.py for tasks to queue
[2024-07-01T17:20:13.092+0000] {logging_mixin.py:120} INFO - [2024-07-01T17:20:13.092+0000] {dagbag.py:537} INFO - Filling up the DagBag from /home/airflow/.local/lib/python3.7/site-packages/airflow/example_dags/example_trigger_target_dag.py
[2024-07-01T17:20:13.113+0000] {processor.py:766} INFO - DAG(s) dict_keys(['example_trigger_target_dag']) retrieved from /home/airflow/.local/lib/python3.7/site-packages/airflow/example_dags/example_trigger_target_dag.py
[2024-07-01T17:20:13.151+0000] {logging_mixin.py:120} INFO - [2024-07-01T17:20:13.151+0000] {dag.py:2585} INFO - Sync 1 DAGs
[2024-07-01T17:20:13.175+0000] {logging_mixin.py:120} INFO - [2024-07-01T17:20:13.175+0000] {dag.py:3340} INFO - Setting next_dagrun for example_trigger_target_dag to None, run_after=None
[2024-07-01T17:20:13.193+0000] {processor.py:176} INFO - Processing /home/airflow/.local/lib/python3.7/site-packages/airflow/example_dags/example_trigger_target_dag.py took 0.105 seconds
[2024-07-01T17:20:43.966+0000] {processor.py:154} INFO - Started process (PID=2092) to work on /home/airflow/.local/lib/python3.7/site-packages/airflow/example_dags/example_trigger_target_dag.py
[2024-07-01T17:20:43.967+0000] {processor.py:756} INFO - Processing file /home/airflow/.local/lib/python3.7/site-packages/airflow/example_dags/example_trigger_target_dag.py for tasks to queue
[2024-07-01T17:20:43.967+0000] {logging_mixin.py:120} INFO - [2024-07-01T17:20:43.967+0000] {dagbag.py:537} INFO - Filling up the DagBag from /home/airflow/.local/lib/python3.7/site-packages/airflow/example_dags/example_trigger_target_dag.py
[2024-07-01T17:20:43.985+0000] {processor.py:766} INFO - DAG(s) dict_keys(['example_trigger_target_dag']) retrieved from /home/airflow/.local/lib/python3.7/site-packages/airflow/example_dags/example_trigger_target_dag.py
[2024-07-01T17:20:44.020+0000] {logging_mixin.py:120} INFO - [2024-07-01T17:20:44.020+0000] {dag.py:2585} INFO - Sync 1 DAGs
[2024-07-01T17:20:44.042+0000] {logging_mixin.py:120} INFO - [2024-07-01T17:20:44.042+0000] {dag.py:3340} INFO - Setting next_dagrun for example_trigger_target_dag to None, run_after=None
[2024-07-01T17:20:44.061+0000] {processor.py:176} INFO - Processing /home/airflow/.local/lib/python3.7/site-packages/airflow/example_dags/example_trigger_target_dag.py took 0.098 seconds
[2024-07-01T17:21:14.435+0000] {processor.py:154} INFO - Started process (PID=2158) to work on /home/airflow/.local/lib/python3.7/site-packages/airflow/example_dags/example_trigger_target_dag.py
[2024-07-01T17:21:14.436+0000] {processor.py:756} INFO - Processing file /home/airflow/.local/lib/python3.7/site-packages/airflow/example_dags/example_trigger_target_dag.py for tasks to queue
[2024-07-01T17:21:14.437+0000] {logging_mixin.py:120} INFO - [2024-07-01T17:21:14.437+0000] {dagbag.py:537} INFO - Filling up the DagBag from /home/airflow/.local/lib/python3.7/site-packages/airflow/example_dags/example_trigger_target_dag.py
[2024-07-01T17:21:14.454+0000] {processor.py:766} INFO - DAG(s) dict_keys(['example_trigger_target_dag']) retrieved from /home/airflow/.local/lib/python3.7/site-packages/airflow/example_dags/example_trigger_target_dag.py
[2024-07-01T17:21:14.489+0000] {logging_mixin.py:120} INFO - [2024-07-01T17:21:14.489+0000] {dag.py:2585} INFO - Sync 1 DAGs
[2024-07-01T17:21:14.510+0000] {logging_mixin.py:120} INFO - [2024-07-01T17:21:14.510+0000] {dag.py:3340} INFO - Setting next_dagrun for example_trigger_target_dag to None, run_after=None
[2024-07-01T17:21:14.525+0000] {processor.py:176} INFO - Processing /home/airflow/.local/lib/python3.7/site-packages/airflow/example_dags/example_trigger_target_dag.py took 0.093 seconds
[2024-07-01T17:21:45.030+0000] {processor.py:154} INFO - Started process (PID=2225) to work on /home/airflow/.local/lib/python3.7/site-packages/airflow/example_dags/example_trigger_target_dag.py
[2024-07-01T17:21:45.031+0000] {processor.py:756} INFO - Processing file /home/airflow/.local/lib/python3.7/site-packages/airflow/example_dags/example_trigger_target_dag.py for tasks to queue
[2024-07-01T17:21:45.032+0000] {logging_mixin.py:120} INFO - [2024-07-01T17:21:45.032+0000] {dagbag.py:537} INFO - Filling up the DagBag from /home/airflow/.local/lib/python3.7/site-packages/airflow/example_dags/example_trigger_target_dag.py
[2024-07-01T17:21:45.050+0000] {processor.py:766} INFO - DAG(s) dict_keys(['example_trigger_target_dag']) retrieved from /home/airflow/.local/lib/python3.7/site-packages/airflow/example_dags/example_trigger_target_dag.py
[2024-07-01T17:21:45.085+0000] {logging_mixin.py:120} INFO - [2024-07-01T17:21:45.085+0000] {dag.py:2585} INFO - Sync 1 DAGs
[2024-07-01T17:21:45.107+0000] {logging_mixin.py:120} INFO - [2024-07-01T17:21:45.107+0000] {dag.py:3340} INFO - Setting next_dagrun for example_trigger_target_dag to None, run_after=None
[2024-07-01T17:21:45.123+0000] {processor.py:176} INFO - Processing /home/airflow/.local/lib/python3.7/site-packages/airflow/example_dags/example_trigger_target_dag.py took 0.096 seconds
[2024-07-01T17:22:15.578+0000] {processor.py:154} INFO - Started process (PID=2293) to work on /home/airflow/.local/lib/python3.7/site-packages/airflow/example_dags/example_trigger_target_dag.py
[2024-07-01T17:22:15.579+0000] {processor.py:756} INFO - Processing file /home/airflow/.local/lib/python3.7/site-packages/airflow/example_dags/example_trigger_target_dag.py for tasks to queue
[2024-07-01T17:22:15.580+0000] {logging_mixin.py:120} INFO - [2024-07-01T17:22:15.580+0000] {dagbag.py:537} INFO - Filling up the DagBag from /home/airflow/.local/lib/python3.7/site-packages/airflow/example_dags/example_trigger_target_dag.py
[2024-07-01T17:22:15.598+0000] {processor.py:766} INFO - DAG(s) dict_keys(['example_trigger_target_dag']) retrieved from /home/airflow/.local/lib/python3.7/site-packages/airflow/example_dags/example_trigger_target_dag.py
[2024-07-01T17:22:15.631+0000] {logging_mixin.py:120} INFO - [2024-07-01T17:22:15.631+0000] {dag.py:2585} INFO - Sync 1 DAGs
[2024-07-01T17:22:15.654+0000] {logging_mixin.py:120} INFO - [2024-07-01T17:22:15.654+0000] {dag.py:3340} INFO - Setting next_dagrun for example_trigger_target_dag to None, run_after=None
[2024-07-01T17:22:15.670+0000] {processor.py:176} INFO - Processing /home/airflow/.local/lib/python3.7/site-packages/airflow/example_dags/example_trigger_target_dag.py took 0.095 seconds
[2024-07-01T17:22:46.173+0000] {processor.py:154} INFO - Started process (PID=2358) to work on /home/airflow/.local/lib/python3.7/site-packages/airflow/example_dags/example_trigger_target_dag.py
[2024-07-01T17:22:46.174+0000] {processor.py:756} INFO - Processing file /home/airflow/.local/lib/python3.7/site-packages/airflow/example_dags/example_trigger_target_dag.py for tasks to queue
[2024-07-01T17:22:46.175+0000] {logging_mixin.py:120} INFO - [2024-07-01T17:22:46.175+0000] {dagbag.py:537} INFO - Filling up the DagBag from /home/airflow/.local/lib/python3.7/site-packages/airflow/example_dags/example_trigger_target_dag.py
[2024-07-01T17:22:46.194+0000] {processor.py:766} INFO - DAG(s) dict_keys(['example_trigger_target_dag']) retrieved from /home/airflow/.local/lib/python3.7/site-packages/airflow/example_dags/example_trigger_target_dag.py
[2024-07-01T17:22:46.230+0000] {logging_mixin.py:120} INFO - [2024-07-01T17:22:46.230+0000] {dag.py:2585} INFO - Sync 1 DAGs
[2024-07-01T17:22:46.255+0000] {logging_mixin.py:120} INFO - [2024-07-01T17:22:46.255+0000] {dag.py:3340} INFO - Setting next_dagrun for example_trigger_target_dag to None, run_after=None
[2024-07-01T17:22:46.273+0000] {processor.py:176} INFO - Processing /home/airflow/.local/lib/python3.7/site-packages/airflow/example_dags/example_trigger_target_dag.py took 0.103 seconds
[2024-07-01T17:23:16.992+0000] {processor.py:154} INFO - Started process (PID=2418) to work on /home/airflow/.local/lib/python3.7/site-packages/airflow/example_dags/example_trigger_target_dag.py
[2024-07-01T17:23:16.993+0000] {processor.py:756} INFO - Processing file /home/airflow/.local/lib/python3.7/site-packages/airflow/example_dags/example_trigger_target_dag.py for tasks to queue
[2024-07-01T17:23:16.994+0000] {logging_mixin.py:120} INFO - [2024-07-01T17:23:16.994+0000] {dagbag.py:537} INFO - Filling up the DagBag from /home/airflow/.local/lib/python3.7/site-packages/airflow/example_dags/example_trigger_target_dag.py
[2024-07-01T17:23:17.013+0000] {processor.py:766} INFO - DAG(s) dict_keys(['example_trigger_target_dag']) retrieved from /home/airflow/.local/lib/python3.7/site-packages/airflow/example_dags/example_trigger_target_dag.py
[2024-07-01T17:23:17.050+0000] {logging_mixin.py:120} INFO - [2024-07-01T17:23:17.050+0000] {dag.py:2585} INFO - Sync 1 DAGs
[2024-07-01T17:23:17.072+0000] {logging_mixin.py:120} INFO - [2024-07-01T17:23:17.072+0000] {dag.py:3340} INFO - Setting next_dagrun for example_trigger_target_dag to None, run_after=None
[2024-07-01T17:23:17.089+0000] {processor.py:176} INFO - Processing /home/airflow/.local/lib/python3.7/site-packages/airflow/example_dags/example_trigger_target_dag.py took 0.100 seconds
[2024-07-01T17:23:47.746+0000] {processor.py:154} INFO - Started process (PID=2485) to work on /home/airflow/.local/lib/python3.7/site-packages/airflow/example_dags/example_trigger_target_dag.py
[2024-07-01T17:23:47.747+0000] {processor.py:756} INFO - Processing file /home/airflow/.local/lib/python3.7/site-packages/airflow/example_dags/example_trigger_target_dag.py for tasks to queue
[2024-07-01T17:23:47.748+0000] {logging_mixin.py:120} INFO - [2024-07-01T17:23:47.748+0000] {dagbag.py:537} INFO - Filling up the DagBag from /home/airflow/.local/lib/python3.7/site-packages/airflow/example_dags/example_trigger_target_dag.py
[2024-07-01T17:23:47.767+0000] {processor.py:766} INFO - DAG(s) dict_keys(['example_trigger_target_dag']) retrieved from /home/airflow/.local/lib/python3.7/site-packages/airflow/example_dags/example_trigger_target_dag.py
[2024-07-01T17:23:47.806+0000] {logging_mixin.py:120} INFO - [2024-07-01T17:23:47.805+0000] {dag.py:2585} INFO - Sync 1 DAGs
[2024-07-01T17:23:47.830+0000] {logging_mixin.py:120} INFO - [2024-07-01T17:23:47.830+0000] {dag.py:3340} INFO - Setting next_dagrun for example_trigger_target_dag to None, run_after=None
[2024-07-01T17:23:47.848+0000] {processor.py:176} INFO - Processing /home/airflow/.local/lib/python3.7/site-packages/airflow/example_dags/example_trigger_target_dag.py took 0.106 seconds
[2024-07-01T17:24:18.870+0000] {processor.py:154} INFO - Started process (PID=2552) to work on /home/airflow/.local/lib/python3.7/site-packages/airflow/example_dags/example_trigger_target_dag.py
[2024-07-01T17:24:18.871+0000] {processor.py:756} INFO - Processing file /home/airflow/.local/lib/python3.7/site-packages/airflow/example_dags/example_trigger_target_dag.py for tasks to queue
[2024-07-01T17:24:18.872+0000] {logging_mixin.py:120} INFO - [2024-07-01T17:24:18.872+0000] {dagbag.py:537} INFO - Filling up the DagBag from /home/airflow/.local/lib/python3.7/site-packages/airflow/example_dags/example_trigger_target_dag.py
[2024-07-01T17:24:18.891+0000] {processor.py:766} INFO - DAG(s) dict_keys(['example_trigger_target_dag']) retrieved from /home/airflow/.local/lib/python3.7/site-packages/airflow/example_dags/example_trigger_target_dag.py
[2024-07-01T17:24:18.927+0000] {logging_mixin.py:120} INFO - [2024-07-01T17:24:18.927+0000] {dag.py:2585} INFO - Sync 1 DAGs
[2024-07-01T17:24:18.951+0000] {logging_mixin.py:120} INFO - [2024-07-01T17:24:18.951+0000] {dag.py:3340} INFO - Setting next_dagrun for example_trigger_target_dag to None, run_after=None
[2024-07-01T17:24:18.967+0000] {processor.py:176} INFO - Processing /home/airflow/.local/lib/python3.7/site-packages/airflow/example_dags/example_trigger_target_dag.py took 0.101 seconds
[2024-07-01T17:24:49.731+0000] {processor.py:154} INFO - Started process (PID=2619) to work on /home/airflow/.local/lib/python3.7/site-packages/airflow/example_dags/example_trigger_target_dag.py
[2024-07-01T17:24:49.732+0000] {processor.py:756} INFO - Processing file /home/airflow/.local/lib/python3.7/site-packages/airflow/example_dags/example_trigger_target_dag.py for tasks to queue
[2024-07-01T17:24:49.733+0000] {logging_mixin.py:120} INFO - [2024-07-01T17:24:49.733+0000] {dagbag.py:537} INFO - Filling up the DagBag from /home/airflow/.local/lib/python3.7/site-packages/airflow/example_dags/example_trigger_target_dag.py
[2024-07-01T17:24:49.753+0000] {processor.py:766} INFO - DAG(s) dict_keys(['example_trigger_target_dag']) retrieved from /home/airflow/.local/lib/python3.7/site-packages/airflow/example_dags/example_trigger_target_dag.py
[2024-07-01T17:24:49.789+0000] {logging_mixin.py:120} INFO - [2024-07-01T17:24:49.789+0000] {dag.py:2585} INFO - Sync 1 DAGs
[2024-07-01T17:24:49.812+0000] {logging_mixin.py:120} INFO - [2024-07-01T17:24:49.812+0000] {dag.py:3340} INFO - Setting next_dagrun for example_trigger_target_dag to None, run_after=None
[2024-07-01T17:24:49.832+0000] {processor.py:176} INFO - Processing /home/airflow/.local/lib/python3.7/site-packages/airflow/example_dags/example_trigger_target_dag.py took 0.104 seconds
