[2024-07-01T17:04:52.563+0000] {processor.py:154} INFO - Started process (PID=73) to work on /home/airflow/.local/lib/python3.7/site-packages/airflow/example_dags/example_short_circuit_operator.py
[2024-07-01T17:04:52.566+0000] {processor.py:756} INFO - Processing file /home/airflow/.local/lib/python3.7/site-packages/airflow/example_dags/example_short_circuit_operator.py for tasks to queue
[2024-07-01T17:04:52.571+0000] {logging_mixin.py:120} INFO - [2024-07-01T17:04:52.570+0000] {dagbag.py:537} INFO - Filling up the DagBag from /home/airflow/.local/lib/python3.7/site-packages/airflow/example_dags/example_short_circuit_operator.py
[2024-07-01T17:04:52.621+0000] {processor.py:766} INFO - DAG(s) dict_keys(['example_short_circuit_operator']) retrieved from /home/airflow/.local/lib/python3.7/site-packages/airflow/example_dags/example_short_circuit_operator.py
[2024-07-01T17:04:52.749+0000] {logging_mixin.py:120} INFO - [2024-07-01T17:04:52.749+0000] {dag.py:2585} INFO - Sync 1 DAGs
[2024-07-01T17:04:52.812+0000] {logging_mixin.py:120} INFO - [2024-07-01T17:04:52.811+0000] {dag.py:3340} INFO - Setting next_dagrun for example_short_circuit_operator to 2024-06-30T17:04:52.811523+00:00, run_after=2024-07-01T17:04:52.811523+00:00
[2024-07-01T17:04:52.859+0000] {processor.py:176} INFO - Processing /home/airflow/.local/lib/python3.7/site-packages/airflow/example_dags/example_short_circuit_operator.py took 0.306 seconds
[2024-07-01T17:05:23.063+0000] {processor.py:154} INFO - Started process (PID=143) to work on /home/airflow/.local/lib/python3.7/site-packages/airflow/example_dags/example_short_circuit_operator.py
[2024-07-01T17:05:23.064+0000] {processor.py:756} INFO - Processing file /home/airflow/.local/lib/python3.7/site-packages/airflow/example_dags/example_short_circuit_operator.py for tasks to queue
[2024-07-01T17:05:23.065+0000] {logging_mixin.py:120} INFO - [2024-07-01T17:05:23.065+0000] {dagbag.py:537} INFO - Filling up the DagBag from /home/airflow/.local/lib/python3.7/site-packages/airflow/example_dags/example_short_circuit_operator.py
[2024-07-01T17:05:23.079+0000] {processor.py:766} INFO - DAG(s) dict_keys(['example_short_circuit_operator']) retrieved from /home/airflow/.local/lib/python3.7/site-packages/airflow/example_dags/example_short_circuit_operator.py
[2024-07-01T17:05:23.117+0000] {logging_mixin.py:120} INFO - [2024-07-01T17:05:23.117+0000] {dag.py:2585} INFO - Sync 1 DAGs
[2024-07-01T17:05:23.141+0000] {logging_mixin.py:120} INFO - [2024-07-01T17:05:23.141+0000] {dag.py:3340} INFO - Setting next_dagrun for example_short_circuit_operator to 2024-06-30T17:05:23.141339+00:00, run_after=2024-07-01T17:05:23.141339+00:00
[2024-07-01T17:05:23.160+0000] {processor.py:176} INFO - Processing /home/airflow/.local/lib/python3.7/site-packages/airflow/example_dags/example_short_circuit_operator.py took 0.100 seconds
[2024-07-01T17:05:53.914+0000] {processor.py:154} INFO - Started process (PID=210) to work on /home/airflow/.local/lib/python3.7/site-packages/airflow/example_dags/example_short_circuit_operator.py
[2024-07-01T17:05:53.947+0000] {processor.py:756} INFO - Processing file /home/airflow/.local/lib/python3.7/site-packages/airflow/example_dags/example_short_circuit_operator.py for tasks to queue
[2024-07-01T17:05:53.966+0000] {logging_mixin.py:120} INFO - [2024-07-01T17:05:53.966+0000] {dagbag.py:537} INFO - Filling up the DagBag from /home/airflow/.local/lib/python3.7/site-packages/airflow/example_dags/example_short_circuit_operator.py
[2024-07-01T17:05:54.001+0000] {processor.py:766} INFO - DAG(s) dict_keys(['example_short_circuit_operator']) retrieved from /home/airflow/.local/lib/python3.7/site-packages/airflow/example_dags/example_short_circuit_operator.py
[2024-07-01T17:05:54.036+0000] {logging_mixin.py:120} INFO - [2024-07-01T17:05:54.036+0000] {dag.py:2585} INFO - Sync 1 DAGs
[2024-07-01T17:05:54.059+0000] {logging_mixin.py:120} INFO - [2024-07-01T17:05:54.059+0000] {dag.py:3340} INFO - Setting next_dagrun for example_short_circuit_operator to 2024-06-30T17:05:54.058839+00:00, run_after=2024-07-01T17:05:54.058839+00:00
[2024-07-01T17:05:54.075+0000] {processor.py:176} INFO - Processing /home/airflow/.local/lib/python3.7/site-packages/airflow/example_dags/example_short_circuit_operator.py took 0.164 seconds
[2024-07-01T17:06:24.733+0000] {processor.py:154} INFO - Started process (PID=277) to work on /home/airflow/.local/lib/python3.7/site-packages/airflow/example_dags/example_short_circuit_operator.py
[2024-07-01T17:06:24.734+0000] {processor.py:756} INFO - Processing file /home/airflow/.local/lib/python3.7/site-packages/airflow/example_dags/example_short_circuit_operator.py for tasks to queue
[2024-07-01T17:06:24.734+0000] {logging_mixin.py:120} INFO - [2024-07-01T17:06:24.734+0000] {dagbag.py:537} INFO - Filling up the DagBag from /home/airflow/.local/lib/python3.7/site-packages/airflow/example_dags/example_short_circuit_operator.py
[2024-07-01T17:06:24.749+0000] {processor.py:766} INFO - DAG(s) dict_keys(['example_short_circuit_operator']) retrieved from /home/airflow/.local/lib/python3.7/site-packages/airflow/example_dags/example_short_circuit_operator.py
[2024-07-01T17:06:24.789+0000] {logging_mixin.py:120} INFO - [2024-07-01T17:06:24.789+0000] {dag.py:2585} INFO - Sync 1 DAGs
[2024-07-01T17:06:24.811+0000] {logging_mixin.py:120} INFO - [2024-07-01T17:06:24.811+0000] {dag.py:3340} INFO - Setting next_dagrun for example_short_circuit_operator to 2024-06-30T17:06:24.811046+00:00, run_after=2024-07-01T17:06:24.811046+00:00
[2024-07-01T17:06:24.829+0000] {processor.py:176} INFO - Processing /home/airflow/.local/lib/python3.7/site-packages/airflow/example_dags/example_short_circuit_operator.py took 0.099 seconds
[2024-07-01T17:06:55.204+0000] {processor.py:154} INFO - Started process (PID=342) to work on /home/airflow/.local/lib/python3.7/site-packages/airflow/example_dags/example_short_circuit_operator.py
[2024-07-01T17:06:55.205+0000] {processor.py:756} INFO - Processing file /home/airflow/.local/lib/python3.7/site-packages/airflow/example_dags/example_short_circuit_operator.py for tasks to queue
[2024-07-01T17:06:55.205+0000] {logging_mixin.py:120} INFO - [2024-07-01T17:06:55.205+0000] {dagbag.py:537} INFO - Filling up the DagBag from /home/airflow/.local/lib/python3.7/site-packages/airflow/example_dags/example_short_circuit_operator.py
[2024-07-01T17:06:55.223+0000] {processor.py:766} INFO - DAG(s) dict_keys(['example_short_circuit_operator']) retrieved from /home/airflow/.local/lib/python3.7/site-packages/airflow/example_dags/example_short_circuit_operator.py
[2024-07-01T17:06:55.268+0000] {logging_mixin.py:120} INFO - [2024-07-01T17:06:55.268+0000] {dag.py:2585} INFO - Sync 1 DAGs
[2024-07-01T17:06:55.294+0000] {logging_mixin.py:120} INFO - [2024-07-01T17:06:55.294+0000] {dag.py:3340} INFO - Setting next_dagrun for example_short_circuit_operator to 2024-06-30T17:06:55.294038+00:00, run_after=2024-07-01T17:06:55.294038+00:00
[2024-07-01T17:06:55.316+0000] {processor.py:176} INFO - Processing /home/airflow/.local/lib/python3.7/site-packages/airflow/example_dags/example_short_circuit_operator.py took 0.116 seconds
[2024-07-01T17:07:25.483+0000] {processor.py:154} INFO - Started process (PID=403) to work on /home/airflow/.local/lib/python3.7/site-packages/airflow/example_dags/example_short_circuit_operator.py
[2024-07-01T17:07:25.484+0000] {processor.py:756} INFO - Processing file /home/airflow/.local/lib/python3.7/site-packages/airflow/example_dags/example_short_circuit_operator.py for tasks to queue
[2024-07-01T17:07:25.485+0000] {logging_mixin.py:120} INFO - [2024-07-01T17:07:25.485+0000] {dagbag.py:537} INFO - Filling up the DagBag from /home/airflow/.local/lib/python3.7/site-packages/airflow/example_dags/example_short_circuit_operator.py
[2024-07-01T17:07:25.502+0000] {processor.py:766} INFO - DAG(s) dict_keys(['example_short_circuit_operator']) retrieved from /home/airflow/.local/lib/python3.7/site-packages/airflow/example_dags/example_short_circuit_operator.py
[2024-07-01T17:07:25.538+0000] {logging_mixin.py:120} INFO - [2024-07-01T17:07:25.538+0000] {dag.py:2585} INFO - Sync 1 DAGs
[2024-07-01T17:07:25.562+0000] {logging_mixin.py:120} INFO - [2024-07-01T17:07:25.562+0000] {dag.py:3340} INFO - Setting next_dagrun for example_short_circuit_operator to 2024-06-30T17:07:25.562137+00:00, run_after=2024-07-01T17:07:25.562137+00:00
[2024-07-01T17:07:25.580+0000] {processor.py:176} INFO - Processing /home/airflow/.local/lib/python3.7/site-packages/airflow/example_dags/example_short_circuit_operator.py took 0.100 seconds
[2024-07-01T17:07:56.306+0000] {processor.py:154} INFO - Started process (PID=470) to work on /home/airflow/.local/lib/python3.7/site-packages/airflow/example_dags/example_short_circuit_operator.py
[2024-07-01T17:07:56.307+0000] {processor.py:756} INFO - Processing file /home/airflow/.local/lib/python3.7/site-packages/airflow/example_dags/example_short_circuit_operator.py for tasks to queue
[2024-07-01T17:07:56.308+0000] {logging_mixin.py:120} INFO - [2024-07-01T17:07:56.308+0000] {dagbag.py:537} INFO - Filling up the DagBag from /home/airflow/.local/lib/python3.7/site-packages/airflow/example_dags/example_short_circuit_operator.py
[2024-07-01T17:07:56.322+0000] {processor.py:766} INFO - DAG(s) dict_keys(['example_short_circuit_operator']) retrieved from /home/airflow/.local/lib/python3.7/site-packages/airflow/example_dags/example_short_circuit_operator.py
[2024-07-01T17:07:56.357+0000] {logging_mixin.py:120} INFO - [2024-07-01T17:07:56.357+0000] {dag.py:2585} INFO - Sync 1 DAGs
[2024-07-01T17:07:56.379+0000] {logging_mixin.py:120} INFO - [2024-07-01T17:07:56.379+0000] {dag.py:3340} INFO - Setting next_dagrun for example_short_circuit_operator to 2024-06-30T17:07:56.379540+00:00, run_after=2024-07-01T17:07:56.379540+00:00
[2024-07-01T17:07:56.396+0000] {processor.py:176} INFO - Processing /home/airflow/.local/lib/python3.7/site-packages/airflow/example_dags/example_short_circuit_operator.py took 0.093 seconds
[2024-07-01T17:08:26.954+0000] {processor.py:154} INFO - Started process (PID=538) to work on /home/airflow/.local/lib/python3.7/site-packages/airflow/example_dags/example_short_circuit_operator.py
[2024-07-01T17:08:26.955+0000] {processor.py:756} INFO - Processing file /home/airflow/.local/lib/python3.7/site-packages/airflow/example_dags/example_short_circuit_operator.py for tasks to queue
[2024-07-01T17:08:26.956+0000] {logging_mixin.py:120} INFO - [2024-07-01T17:08:26.956+0000] {dagbag.py:537} INFO - Filling up the DagBag from /home/airflow/.local/lib/python3.7/site-packages/airflow/example_dags/example_short_circuit_operator.py
[2024-07-01T17:08:26.971+0000] {processor.py:766} INFO - DAG(s) dict_keys(['example_short_circuit_operator']) retrieved from /home/airflow/.local/lib/python3.7/site-packages/airflow/example_dags/example_short_circuit_operator.py
[2024-07-01T17:08:27.007+0000] {logging_mixin.py:120} INFO - [2024-07-01T17:08:27.007+0000] {dag.py:2585} INFO - Sync 1 DAGs
[2024-07-01T17:08:27.031+0000] {logging_mixin.py:120} INFO - [2024-07-01T17:08:27.031+0000] {dag.py:3340} INFO - Setting next_dagrun for example_short_circuit_operator to 2024-06-30T17:08:27.031216+00:00, run_after=2024-07-01T17:08:27.031216+00:00
[2024-07-01T17:08:27.048+0000] {processor.py:176} INFO - Processing /home/airflow/.local/lib/python3.7/site-packages/airflow/example_dags/example_short_circuit_operator.py took 0.097 seconds
[2024-07-01T17:08:57.639+0000] {processor.py:154} INFO - Started process (PID=605) to work on /home/airflow/.local/lib/python3.7/site-packages/airflow/example_dags/example_short_circuit_operator.py
[2024-07-01T17:08:57.640+0000] {processor.py:756} INFO - Processing file /home/airflow/.local/lib/python3.7/site-packages/airflow/example_dags/example_short_circuit_operator.py for tasks to queue
[2024-07-01T17:08:57.641+0000] {logging_mixin.py:120} INFO - [2024-07-01T17:08:57.640+0000] {dagbag.py:537} INFO - Filling up the DagBag from /home/airflow/.local/lib/python3.7/site-packages/airflow/example_dags/example_short_circuit_operator.py
[2024-07-01T17:08:57.656+0000] {processor.py:766} INFO - DAG(s) dict_keys(['example_short_circuit_operator']) retrieved from /home/airflow/.local/lib/python3.7/site-packages/airflow/example_dags/example_short_circuit_operator.py
[2024-07-01T17:08:57.694+0000] {logging_mixin.py:120} INFO - [2024-07-01T17:08:57.694+0000] {dag.py:2585} INFO - Sync 1 DAGs
[2024-07-01T17:08:57.719+0000] {logging_mixin.py:120} INFO - [2024-07-01T17:08:57.718+0000] {dag.py:3340} INFO - Setting next_dagrun for example_short_circuit_operator to 2024-06-30T17:08:57.718713+00:00, run_after=2024-07-01T17:08:57.718713+00:00
[2024-07-01T17:08:57.738+0000] {processor.py:176} INFO - Processing /home/airflow/.local/lib/python3.7/site-packages/airflow/example_dags/example_short_circuit_operator.py took 0.103 seconds
[2024-07-01T17:09:28.290+0000] {processor.py:154} INFO - Started process (PID=663) to work on /home/airflow/.local/lib/python3.7/site-packages/airflow/example_dags/example_short_circuit_operator.py
[2024-07-01T17:09:28.291+0000] {processor.py:756} INFO - Processing file /home/airflow/.local/lib/python3.7/site-packages/airflow/example_dags/example_short_circuit_operator.py for tasks to queue
[2024-07-01T17:09:28.292+0000] {logging_mixin.py:120} INFO - [2024-07-01T17:09:28.291+0000] {dagbag.py:537} INFO - Filling up the DagBag from /home/airflow/.local/lib/python3.7/site-packages/airflow/example_dags/example_short_circuit_operator.py
[2024-07-01T17:09:28.307+0000] {processor.py:766} INFO - DAG(s) dict_keys(['example_short_circuit_operator']) retrieved from /home/airflow/.local/lib/python3.7/site-packages/airflow/example_dags/example_short_circuit_operator.py
[2024-07-01T17:09:28.344+0000] {logging_mixin.py:120} INFO - [2024-07-01T17:09:28.344+0000] {dag.py:2585} INFO - Sync 1 DAGs
[2024-07-01T17:09:28.368+0000] {logging_mixin.py:120} INFO - [2024-07-01T17:09:28.368+0000] {dag.py:3340} INFO - Setting next_dagrun for example_short_circuit_operator to 2024-06-30T17:09:28.368193+00:00, run_after=2024-07-01T17:09:28.368193+00:00
[2024-07-01T17:09:28.386+0000] {processor.py:176} INFO - Processing /home/airflow/.local/lib/python3.7/site-packages/airflow/example_dags/example_short_circuit_operator.py took 0.099 seconds
[2024-07-01T17:09:59.094+0000] {processor.py:154} INFO - Started process (PID=731) to work on /home/airflow/.local/lib/python3.7/site-packages/airflow/example_dags/example_short_circuit_operator.py
[2024-07-01T17:09:59.096+0000] {processor.py:756} INFO - Processing file /home/airflow/.local/lib/python3.7/site-packages/airflow/example_dags/example_short_circuit_operator.py for tasks to queue
[2024-07-01T17:09:59.096+0000] {logging_mixin.py:120} INFO - [2024-07-01T17:09:59.096+0000] {dagbag.py:537} INFO - Filling up the DagBag from /home/airflow/.local/lib/python3.7/site-packages/airflow/example_dags/example_short_circuit_operator.py
[2024-07-01T17:09:59.111+0000] {processor.py:766} INFO - DAG(s) dict_keys(['example_short_circuit_operator']) retrieved from /home/airflow/.local/lib/python3.7/site-packages/airflow/example_dags/example_short_circuit_operator.py
[2024-07-01T17:09:59.148+0000] {logging_mixin.py:120} INFO - [2024-07-01T17:09:59.148+0000] {dag.py:2585} INFO - Sync 1 DAGs
[2024-07-01T17:09:59.171+0000] {logging_mixin.py:120} INFO - [2024-07-01T17:09:59.171+0000] {dag.py:3340} INFO - Setting next_dagrun for example_short_circuit_operator to 2024-06-30T17:09:59.170918+00:00, run_after=2024-07-01T17:09:59.170918+00:00
[2024-07-01T17:09:59.189+0000] {processor.py:176} INFO - Processing /home/airflow/.local/lib/python3.7/site-packages/airflow/example_dags/example_short_circuit_operator.py took 0.099 seconds
[2024-07-01T17:10:29.961+0000] {processor.py:154} INFO - Started process (PID=798) to work on /home/airflow/.local/lib/python3.7/site-packages/airflow/example_dags/example_short_circuit_operator.py
[2024-07-01T17:10:29.962+0000] {processor.py:756} INFO - Processing file /home/airflow/.local/lib/python3.7/site-packages/airflow/example_dags/example_short_circuit_operator.py for tasks to queue
[2024-07-01T17:10:29.962+0000] {logging_mixin.py:120} INFO - [2024-07-01T17:10:29.962+0000] {dagbag.py:537} INFO - Filling up the DagBag from /home/airflow/.local/lib/python3.7/site-packages/airflow/example_dags/example_short_circuit_operator.py
[2024-07-01T17:10:29.977+0000] {processor.py:766} INFO - DAG(s) dict_keys(['example_short_circuit_operator']) retrieved from /home/airflow/.local/lib/python3.7/site-packages/airflow/example_dags/example_short_circuit_operator.py
[2024-07-01T17:10:30.014+0000] {logging_mixin.py:120} INFO - [2024-07-01T17:10:30.014+0000] {dag.py:2585} INFO - Sync 1 DAGs
[2024-07-01T17:10:30.036+0000] {logging_mixin.py:120} INFO - [2024-07-01T17:10:30.036+0000] {dag.py:3340} INFO - Setting next_dagrun for example_short_circuit_operator to 2024-06-30T17:10:30.036060+00:00, run_after=2024-07-01T17:10:30.036060+00:00
[2024-07-01T17:10:30.053+0000] {processor.py:176} INFO - Processing /home/airflow/.local/lib/python3.7/site-packages/airflow/example_dags/example_short_circuit_operator.py took 0.095 seconds
[2024-07-01T17:11:00.581+0000] {processor.py:154} INFO - Started process (PID=865) to work on /home/airflow/.local/lib/python3.7/site-packages/airflow/example_dags/example_short_circuit_operator.py
[2024-07-01T17:11:00.582+0000] {processor.py:756} INFO - Processing file /home/airflow/.local/lib/python3.7/site-packages/airflow/example_dags/example_short_circuit_operator.py for tasks to queue
[2024-07-01T17:11:00.583+0000] {logging_mixin.py:120} INFO - [2024-07-01T17:11:00.583+0000] {dagbag.py:537} INFO - Filling up the DagBag from /home/airflow/.local/lib/python3.7/site-packages/airflow/example_dags/example_short_circuit_operator.py
[2024-07-01T17:11:00.598+0000] {processor.py:766} INFO - DAG(s) dict_keys(['example_short_circuit_operator']) retrieved from /home/airflow/.local/lib/python3.7/site-packages/airflow/example_dags/example_short_circuit_operator.py
[2024-07-01T17:11:00.633+0000] {logging_mixin.py:120} INFO - [2024-07-01T17:11:00.633+0000] {dag.py:2585} INFO - Sync 1 DAGs
[2024-07-01T17:11:00.656+0000] {logging_mixin.py:120} INFO - [2024-07-01T17:11:00.656+0000] {dag.py:3340} INFO - Setting next_dagrun for example_short_circuit_operator to 2024-06-30T17:11:00.656302+00:00, run_after=2024-07-01T17:11:00.656302+00:00
[2024-07-01T17:11:00.672+0000] {processor.py:176} INFO - Processing /home/airflow/.local/lib/python3.7/site-packages/airflow/example_dags/example_short_circuit_operator.py took 0.094 seconds
[2024-07-01T17:11:31.394+0000] {processor.py:154} INFO - Started process (PID=923) to work on /home/airflow/.local/lib/python3.7/site-packages/airflow/example_dags/example_short_circuit_operator.py
[2024-07-01T17:11:31.395+0000] {processor.py:756} INFO - Processing file /home/airflow/.local/lib/python3.7/site-packages/airflow/example_dags/example_short_circuit_operator.py for tasks to queue
[2024-07-01T17:11:31.396+0000] {logging_mixin.py:120} INFO - [2024-07-01T17:11:31.396+0000] {dagbag.py:537} INFO - Filling up the DagBag from /home/airflow/.local/lib/python3.7/site-packages/airflow/example_dags/example_short_circuit_operator.py
[2024-07-01T17:11:31.410+0000] {processor.py:766} INFO - DAG(s) dict_keys(['example_short_circuit_operator']) retrieved from /home/airflow/.local/lib/python3.7/site-packages/airflow/example_dags/example_short_circuit_operator.py
[2024-07-01T17:11:31.445+0000] {logging_mixin.py:120} INFO - [2024-07-01T17:11:31.445+0000] {dag.py:2585} INFO - Sync 1 DAGs
[2024-07-01T17:11:31.467+0000] {logging_mixin.py:120} INFO - [2024-07-01T17:11:31.467+0000] {dag.py:3340} INFO - Setting next_dagrun for example_short_circuit_operator to 2024-06-30T17:11:31.467455+00:00, run_after=2024-07-01T17:11:31.467455+00:00
[2024-07-01T17:11:31.484+0000] {processor.py:176} INFO - Processing /home/airflow/.local/lib/python3.7/site-packages/airflow/example_dags/example_short_circuit_operator.py took 0.092 seconds
[2024-07-01T17:12:02.118+0000] {processor.py:154} INFO - Started process (PID=990) to work on /home/airflow/.local/lib/python3.7/site-packages/airflow/example_dags/example_short_circuit_operator.py
[2024-07-01T17:12:02.119+0000] {processor.py:756} INFO - Processing file /home/airflow/.local/lib/python3.7/site-packages/airflow/example_dags/example_short_circuit_operator.py for tasks to queue
[2024-07-01T17:12:02.120+0000] {logging_mixin.py:120} INFO - [2024-07-01T17:12:02.119+0000] {dagbag.py:537} INFO - Filling up the DagBag from /home/airflow/.local/lib/python3.7/site-packages/airflow/example_dags/example_short_circuit_operator.py
[2024-07-01T17:12:02.134+0000] {processor.py:766} INFO - DAG(s) dict_keys(['example_short_circuit_operator']) retrieved from /home/airflow/.local/lib/python3.7/site-packages/airflow/example_dags/example_short_circuit_operator.py
[2024-07-01T17:12:02.168+0000] {logging_mixin.py:120} INFO - [2024-07-01T17:12:02.168+0000] {dag.py:2585} INFO - Sync 1 DAGs
[2024-07-01T17:12:02.190+0000] {logging_mixin.py:120} INFO - [2024-07-01T17:12:02.190+0000] {dag.py:3340} INFO - Setting next_dagrun for example_short_circuit_operator to 2024-06-30T17:12:02.190421+00:00, run_after=2024-07-01T17:12:02.190421+00:00
[2024-07-01T17:12:02.206+0000] {processor.py:176} INFO - Processing /home/airflow/.local/lib/python3.7/site-packages/airflow/example_dags/example_short_circuit_operator.py took 0.091 seconds
[2024-07-01T17:12:32.629+0000] {processor.py:154} INFO - Started process (PID=1057) to work on /home/airflow/.local/lib/python3.7/site-packages/airflow/example_dags/example_short_circuit_operator.py
[2024-07-01T17:12:32.630+0000] {processor.py:756} INFO - Processing file /home/airflow/.local/lib/python3.7/site-packages/airflow/example_dags/example_short_circuit_operator.py for tasks to queue
[2024-07-01T17:12:32.631+0000] {logging_mixin.py:120} INFO - [2024-07-01T17:12:32.631+0000] {dagbag.py:537} INFO - Filling up the DagBag from /home/airflow/.local/lib/python3.7/site-packages/airflow/example_dags/example_short_circuit_operator.py
[2024-07-01T17:12:32.645+0000] {processor.py:766} INFO - DAG(s) dict_keys(['example_short_circuit_operator']) retrieved from /home/airflow/.local/lib/python3.7/site-packages/airflow/example_dags/example_short_circuit_operator.py
[2024-07-01T17:12:32.679+0000] {logging_mixin.py:120} INFO - [2024-07-01T17:12:32.679+0000] {dag.py:2585} INFO - Sync 1 DAGs
[2024-07-01T17:12:32.702+0000] {logging_mixin.py:120} INFO - [2024-07-01T17:12:32.701+0000] {dag.py:3340} INFO - Setting next_dagrun for example_short_circuit_operator to 2024-06-30T17:12:32.701748+00:00, run_after=2024-07-01T17:12:32.701748+00:00
[2024-07-01T17:12:32.720+0000] {processor.py:176} INFO - Processing /home/airflow/.local/lib/python3.7/site-packages/airflow/example_dags/example_short_circuit_operator.py took 0.094 seconds
[2024-07-01T17:13:03.102+0000] {processor.py:154} INFO - Started process (PID=1124) to work on /home/airflow/.local/lib/python3.7/site-packages/airflow/example_dags/example_short_circuit_operator.py
[2024-07-01T17:13:03.103+0000] {processor.py:756} INFO - Processing file /home/airflow/.local/lib/python3.7/site-packages/airflow/example_dags/example_short_circuit_operator.py for tasks to queue
[2024-07-01T17:13:03.103+0000] {logging_mixin.py:120} INFO - [2024-07-01T17:13:03.103+0000] {dagbag.py:537} INFO - Filling up the DagBag from /home/airflow/.local/lib/python3.7/site-packages/airflow/example_dags/example_short_circuit_operator.py
[2024-07-01T17:13:03.117+0000] {processor.py:766} INFO - DAG(s) dict_keys(['example_short_circuit_operator']) retrieved from /home/airflow/.local/lib/python3.7/site-packages/airflow/example_dags/example_short_circuit_operator.py
[2024-07-01T17:13:03.152+0000] {logging_mixin.py:120} INFO - [2024-07-01T17:13:03.152+0000] {dag.py:2585} INFO - Sync 1 DAGs
[2024-07-01T17:13:03.175+0000] {logging_mixin.py:120} INFO - [2024-07-01T17:13:03.174+0000] {dag.py:3340} INFO - Setting next_dagrun for example_short_circuit_operator to 2024-06-30T17:13:03.174740+00:00, run_after=2024-07-01T17:13:03.174740+00:00
[2024-07-01T17:13:03.191+0000] {processor.py:176} INFO - Processing /home/airflow/.local/lib/python3.7/site-packages/airflow/example_dags/example_short_circuit_operator.py took 0.092 seconds
[2024-07-01T17:13:33.778+0000] {processor.py:154} INFO - Started process (PID=1190) to work on /home/airflow/.local/lib/python3.7/site-packages/airflow/example_dags/example_short_circuit_operator.py
[2024-07-01T17:13:33.779+0000] {processor.py:756} INFO - Processing file /home/airflow/.local/lib/python3.7/site-packages/airflow/example_dags/example_short_circuit_operator.py for tasks to queue
[2024-07-01T17:13:33.780+0000] {logging_mixin.py:120} INFO - [2024-07-01T17:13:33.779+0000] {dagbag.py:537} INFO - Filling up the DagBag from /home/airflow/.local/lib/python3.7/site-packages/airflow/example_dags/example_short_circuit_operator.py
[2024-07-01T17:13:33.794+0000] {processor.py:766} INFO - DAG(s) dict_keys(['example_short_circuit_operator']) retrieved from /home/airflow/.local/lib/python3.7/site-packages/airflow/example_dags/example_short_circuit_operator.py
[2024-07-01T17:13:33.831+0000] {logging_mixin.py:120} INFO - [2024-07-01T17:13:33.831+0000] {dag.py:2585} INFO - Sync 1 DAGs
[2024-07-01T17:13:33.854+0000] {logging_mixin.py:120} INFO - [2024-07-01T17:13:33.854+0000] {dag.py:3340} INFO - Setting next_dagrun for example_short_circuit_operator to 2024-06-30T17:13:33.854348+00:00, run_after=2024-07-01T17:13:33.854348+00:00
[2024-07-01T17:13:33.873+0000] {processor.py:176} INFO - Processing /home/airflow/.local/lib/python3.7/site-packages/airflow/example_dags/example_short_circuit_operator.py took 0.098 seconds
[2024-07-01T17:14:04.483+0000] {processor.py:154} INFO - Started process (PID=1248) to work on /home/airflow/.local/lib/python3.7/site-packages/airflow/example_dags/example_short_circuit_operator.py
[2024-07-01T17:14:04.484+0000] {processor.py:756} INFO - Processing file /home/airflow/.local/lib/python3.7/site-packages/airflow/example_dags/example_short_circuit_operator.py for tasks to queue
[2024-07-01T17:14:04.485+0000] {logging_mixin.py:120} INFO - [2024-07-01T17:14:04.485+0000] {dagbag.py:537} INFO - Filling up the DagBag from /home/airflow/.local/lib/python3.7/site-packages/airflow/example_dags/example_short_circuit_operator.py
[2024-07-01T17:14:04.499+0000] {processor.py:766} INFO - DAG(s) dict_keys(['example_short_circuit_operator']) retrieved from /home/airflow/.local/lib/python3.7/site-packages/airflow/example_dags/example_short_circuit_operator.py
[2024-07-01T17:14:04.534+0000] {logging_mixin.py:120} INFO - [2024-07-01T17:14:04.534+0000] {dag.py:2585} INFO - Sync 1 DAGs
[2024-07-01T17:14:04.556+0000] {logging_mixin.py:120} INFO - [2024-07-01T17:14:04.556+0000] {dag.py:3340} INFO - Setting next_dagrun for example_short_circuit_operator to 2024-06-30T17:14:04.555922+00:00, run_after=2024-07-01T17:14:04.555922+00:00
[2024-07-01T17:14:04.573+0000] {processor.py:176} INFO - Processing /home/airflow/.local/lib/python3.7/site-packages/airflow/example_dags/example_short_circuit_operator.py took 0.093 seconds
[2024-07-01T17:14:35.055+0000] {processor.py:154} INFO - Started process (PID=1314) to work on /home/airflow/.local/lib/python3.7/site-packages/airflow/example_dags/example_short_circuit_operator.py
[2024-07-01T17:14:35.056+0000] {processor.py:756} INFO - Processing file /home/airflow/.local/lib/python3.7/site-packages/airflow/example_dags/example_short_circuit_operator.py for tasks to queue
[2024-07-01T17:14:35.056+0000] {logging_mixin.py:120} INFO - [2024-07-01T17:14:35.056+0000] {dagbag.py:537} INFO - Filling up the DagBag from /home/airflow/.local/lib/python3.7/site-packages/airflow/example_dags/example_short_circuit_operator.py
[2024-07-01T17:14:35.071+0000] {processor.py:766} INFO - DAG(s) dict_keys(['example_short_circuit_operator']) retrieved from /home/airflow/.local/lib/python3.7/site-packages/airflow/example_dags/example_short_circuit_operator.py
[2024-07-01T17:14:35.105+0000] {logging_mixin.py:120} INFO - [2024-07-01T17:14:35.105+0000] {dag.py:2585} INFO - Sync 1 DAGs
[2024-07-01T17:14:35.127+0000] {logging_mixin.py:120} INFO - [2024-07-01T17:14:35.127+0000] {dag.py:3340} INFO - Setting next_dagrun for example_short_circuit_operator to 2024-06-30T17:14:35.127012+00:00, run_after=2024-07-01T17:14:35.127012+00:00
[2024-07-01T17:14:35.144+0000] {processor.py:176} INFO - Processing /home/airflow/.local/lib/python3.7/site-packages/airflow/example_dags/example_short_circuit_operator.py took 0.093 seconds
[2024-07-01T17:15:05.782+0000] {processor.py:154} INFO - Started process (PID=1381) to work on /home/airflow/.local/lib/python3.7/site-packages/airflow/example_dags/example_short_circuit_operator.py
[2024-07-01T17:15:05.783+0000] {processor.py:756} INFO - Processing file /home/airflow/.local/lib/python3.7/site-packages/airflow/example_dags/example_short_circuit_operator.py for tasks to queue
[2024-07-01T17:15:05.784+0000] {logging_mixin.py:120} INFO - [2024-07-01T17:15:05.783+0000] {dagbag.py:537} INFO - Filling up the DagBag from /home/airflow/.local/lib/python3.7/site-packages/airflow/example_dags/example_short_circuit_operator.py
[2024-07-01T17:15:05.799+0000] {processor.py:766} INFO - DAG(s) dict_keys(['example_short_circuit_operator']) retrieved from /home/airflow/.local/lib/python3.7/site-packages/airflow/example_dags/example_short_circuit_operator.py
[2024-07-01T17:15:05.835+0000] {logging_mixin.py:120} INFO - [2024-07-01T17:15:05.835+0000] {dag.py:2585} INFO - Sync 1 DAGs
[2024-07-01T17:15:05.858+0000] {logging_mixin.py:120} INFO - [2024-07-01T17:15:05.858+0000] {dag.py:3340} INFO - Setting next_dagrun for example_short_circuit_operator to 2024-06-30T17:15:05.857922+00:00, run_after=2024-07-01T17:15:05.857922+00:00
[2024-07-01T17:15:05.875+0000] {processor.py:176} INFO - Processing /home/airflow/.local/lib/python3.7/site-packages/airflow/example_dags/example_short_circuit_operator.py took 0.096 seconds
[2024-07-01T17:15:36.326+0000] {processor.py:154} INFO - Started process (PID=1448) to work on /home/airflow/.local/lib/python3.7/site-packages/airflow/example_dags/example_short_circuit_operator.py
[2024-07-01T17:15:36.327+0000] {processor.py:756} INFO - Processing file /home/airflow/.local/lib/python3.7/site-packages/airflow/example_dags/example_short_circuit_operator.py for tasks to queue
[2024-07-01T17:15:36.329+0000] {logging_mixin.py:120} INFO - [2024-07-01T17:15:36.328+0000] {dagbag.py:537} INFO - Filling up the DagBag from /home/airflow/.local/lib/python3.7/site-packages/airflow/example_dags/example_short_circuit_operator.py
[2024-07-01T17:15:36.343+0000] {processor.py:766} INFO - DAG(s) dict_keys(['example_short_circuit_operator']) retrieved from /home/airflow/.local/lib/python3.7/site-packages/airflow/example_dags/example_short_circuit_operator.py
[2024-07-01T17:15:36.378+0000] {logging_mixin.py:120} INFO - [2024-07-01T17:15:36.378+0000] {dag.py:2585} INFO - Sync 1 DAGs
[2024-07-01T17:15:36.400+0000] {logging_mixin.py:120} INFO - [2024-07-01T17:15:36.400+0000] {dag.py:3340} INFO - Setting next_dagrun for example_short_circuit_operator to 2024-06-30T17:15:36.399777+00:00, run_after=2024-07-01T17:15:36.399777+00:00
[2024-07-01T17:15:36.416+0000] {processor.py:176} INFO - Processing /home/airflow/.local/lib/python3.7/site-packages/airflow/example_dags/example_short_circuit_operator.py took 0.093 seconds
[2024-07-01T17:16:06.966+0000] {processor.py:154} INFO - Started process (PID=1506) to work on /home/airflow/.local/lib/python3.7/site-packages/airflow/example_dags/example_short_circuit_operator.py
[2024-07-01T17:16:06.967+0000] {processor.py:756} INFO - Processing file /home/airflow/.local/lib/python3.7/site-packages/airflow/example_dags/example_short_circuit_operator.py for tasks to queue
[2024-07-01T17:16:06.968+0000] {logging_mixin.py:120} INFO - [2024-07-01T17:16:06.968+0000] {dagbag.py:537} INFO - Filling up the DagBag from /home/airflow/.local/lib/python3.7/site-packages/airflow/example_dags/example_short_circuit_operator.py
[2024-07-01T17:16:06.982+0000] {processor.py:766} INFO - DAG(s) dict_keys(['example_short_circuit_operator']) retrieved from /home/airflow/.local/lib/python3.7/site-packages/airflow/example_dags/example_short_circuit_operator.py
[2024-07-01T17:16:07.017+0000] {logging_mixin.py:120} INFO - [2024-07-01T17:16:07.017+0000] {dag.py:2585} INFO - Sync 1 DAGs
[2024-07-01T17:16:07.040+0000] {logging_mixin.py:120} INFO - [2024-07-01T17:16:07.040+0000] {dag.py:3340} INFO - Setting next_dagrun for example_short_circuit_operator to 2024-06-30T17:16:07.039831+00:00, run_after=2024-07-01T17:16:07.039831+00:00
[2024-07-01T17:16:07.057+0000] {processor.py:176} INFO - Processing /home/airflow/.local/lib/python3.7/site-packages/airflow/example_dags/example_short_circuit_operator.py took 0.095 seconds
[2024-07-01T17:16:37.752+0000] {processor.py:154} INFO - Started process (PID=1574) to work on /home/airflow/.local/lib/python3.7/site-packages/airflow/example_dags/example_short_circuit_operator.py
[2024-07-01T17:16:37.753+0000] {processor.py:756} INFO - Processing file /home/airflow/.local/lib/python3.7/site-packages/airflow/example_dags/example_short_circuit_operator.py for tasks to queue
[2024-07-01T17:16:37.754+0000] {logging_mixin.py:120} INFO - [2024-07-01T17:16:37.754+0000] {dagbag.py:537} INFO - Filling up the DagBag from /home/airflow/.local/lib/python3.7/site-packages/airflow/example_dags/example_short_circuit_operator.py
[2024-07-01T17:16:37.769+0000] {processor.py:766} INFO - DAG(s) dict_keys(['example_short_circuit_operator']) retrieved from /home/airflow/.local/lib/python3.7/site-packages/airflow/example_dags/example_short_circuit_operator.py
[2024-07-01T17:16:37.810+0000] {logging_mixin.py:120} INFO - [2024-07-01T17:16:37.810+0000] {dag.py:2585} INFO - Sync 1 DAGs
[2024-07-01T17:16:37.834+0000] {logging_mixin.py:120} INFO - [2024-07-01T17:16:37.833+0000] {dag.py:3340} INFO - Setting next_dagrun for example_short_circuit_operator to 2024-06-30T17:16:37.833665+00:00, run_after=2024-07-01T17:16:37.833665+00:00
[2024-07-01T17:16:37.854+0000] {processor.py:176} INFO - Processing /home/airflow/.local/lib/python3.7/site-packages/airflow/example_dags/example_short_circuit_operator.py took 0.106 seconds
[2024-07-01T17:17:08.446+0000] {processor.py:154} INFO - Started process (PID=1641) to work on /home/airflow/.local/lib/python3.7/site-packages/airflow/example_dags/example_short_circuit_operator.py
[2024-07-01T17:17:08.447+0000] {processor.py:756} INFO - Processing file /home/airflow/.local/lib/python3.7/site-packages/airflow/example_dags/example_short_circuit_operator.py for tasks to queue
[2024-07-01T17:17:08.448+0000] {logging_mixin.py:120} INFO - [2024-07-01T17:17:08.448+0000] {dagbag.py:537} INFO - Filling up the DagBag from /home/airflow/.local/lib/python3.7/site-packages/airflow/example_dags/example_short_circuit_operator.py
[2024-07-01T17:17:08.463+0000] {processor.py:766} INFO - DAG(s) dict_keys(['example_short_circuit_operator']) retrieved from /home/airflow/.local/lib/python3.7/site-packages/airflow/example_dags/example_short_circuit_operator.py
[2024-07-01T17:17:08.507+0000] {logging_mixin.py:120} INFO - [2024-07-01T17:17:08.507+0000] {dag.py:2585} INFO - Sync 1 DAGs
[2024-07-01T17:17:08.532+0000] {logging_mixin.py:120} INFO - [2024-07-01T17:17:08.532+0000] {dag.py:3340} INFO - Setting next_dagrun for example_short_circuit_operator to 2024-06-30T17:17:08.531896+00:00, run_after=2024-07-01T17:17:08.531896+00:00
[2024-07-01T17:17:08.549+0000] {processor.py:176} INFO - Processing /home/airflow/.local/lib/python3.7/site-packages/airflow/example_dags/example_short_circuit_operator.py took 0.107 seconds
[2024-07-01T17:17:39.095+0000] {processor.py:154} INFO - Started process (PID=1708) to work on /home/airflow/.local/lib/python3.7/site-packages/airflow/example_dags/example_short_circuit_operator.py
[2024-07-01T17:17:39.097+0000] {processor.py:756} INFO - Processing file /home/airflow/.local/lib/python3.7/site-packages/airflow/example_dags/example_short_circuit_operator.py for tasks to queue
[2024-07-01T17:17:39.098+0000] {logging_mixin.py:120} INFO - [2024-07-01T17:17:39.098+0000] {dagbag.py:537} INFO - Filling up the DagBag from /home/airflow/.local/lib/python3.7/site-packages/airflow/example_dags/example_short_circuit_operator.py
[2024-07-01T17:17:39.113+0000] {processor.py:766} INFO - DAG(s) dict_keys(['example_short_circuit_operator']) retrieved from /home/airflow/.local/lib/python3.7/site-packages/airflow/example_dags/example_short_circuit_operator.py
[2024-07-01T17:17:39.152+0000] {logging_mixin.py:120} INFO - [2024-07-01T17:17:39.152+0000] {dag.py:2585} INFO - Sync 1 DAGs
[2024-07-01T17:17:39.175+0000] {logging_mixin.py:120} INFO - [2024-07-01T17:17:39.175+0000] {dag.py:3340} INFO - Setting next_dagrun for example_short_circuit_operator to 2024-06-30T17:17:39.175407+00:00, run_after=2024-07-01T17:17:39.175407+00:00
[2024-07-01T17:17:39.194+0000] {processor.py:176} INFO - Processing /home/airflow/.local/lib/python3.7/site-packages/airflow/example_dags/example_short_circuit_operator.py took 0.101 seconds
[2024-07-01T17:18:09.777+0000] {processor.py:154} INFO - Started process (PID=1775) to work on /home/airflow/.local/lib/python3.7/site-packages/airflow/example_dags/example_short_circuit_operator.py
[2024-07-01T17:18:09.778+0000] {processor.py:756} INFO - Processing file /home/airflow/.local/lib/python3.7/site-packages/airflow/example_dags/example_short_circuit_operator.py for tasks to queue
[2024-07-01T17:18:09.778+0000] {logging_mixin.py:120} INFO - [2024-07-01T17:18:09.778+0000] {dagbag.py:537} INFO - Filling up the DagBag from /home/airflow/.local/lib/python3.7/site-packages/airflow/example_dags/example_short_circuit_operator.py
[2024-07-01T17:18:09.795+0000] {processor.py:766} INFO - DAG(s) dict_keys(['example_short_circuit_operator']) retrieved from /home/airflow/.local/lib/python3.7/site-packages/airflow/example_dags/example_short_circuit_operator.py
[2024-07-01T17:18:09.835+0000] {logging_mixin.py:120} INFO - [2024-07-01T17:18:09.834+0000] {dag.py:2585} INFO - Sync 1 DAGs
[2024-07-01T17:18:09.858+0000] {logging_mixin.py:120} INFO - [2024-07-01T17:18:09.858+0000] {dag.py:3340} INFO - Setting next_dagrun for example_short_circuit_operator to 2024-06-30T17:18:09.857960+00:00, run_after=2024-07-01T17:18:09.857960+00:00
[2024-07-01T17:18:09.879+0000] {processor.py:176} INFO - Processing /home/airflow/.local/lib/python3.7/site-packages/airflow/example_dags/example_short_circuit_operator.py took 0.105 seconds
[2024-07-01T17:18:40.557+0000] {processor.py:154} INFO - Started process (PID=1833) to work on /home/airflow/.local/lib/python3.7/site-packages/airflow/example_dags/example_short_circuit_operator.py
[2024-07-01T17:18:40.558+0000] {processor.py:756} INFO - Processing file /home/airflow/.local/lib/python3.7/site-packages/airflow/example_dags/example_short_circuit_operator.py for tasks to queue
[2024-07-01T17:18:40.558+0000] {logging_mixin.py:120} INFO - [2024-07-01T17:18:40.558+0000] {dagbag.py:537} INFO - Filling up the DagBag from /home/airflow/.local/lib/python3.7/site-packages/airflow/example_dags/example_short_circuit_operator.py
[2024-07-01T17:18:40.576+0000] {processor.py:766} INFO - DAG(s) dict_keys(['example_short_circuit_operator']) retrieved from /home/airflow/.local/lib/python3.7/site-packages/airflow/example_dags/example_short_circuit_operator.py
[2024-07-01T17:18:40.620+0000] {logging_mixin.py:120} INFO - [2024-07-01T17:18:40.620+0000] {dag.py:2585} INFO - Sync 1 DAGs
[2024-07-01T17:18:40.646+0000] {logging_mixin.py:120} INFO - [2024-07-01T17:18:40.646+0000] {dag.py:3340} INFO - Setting next_dagrun for example_short_circuit_operator to 2024-06-30T17:18:40.645866+00:00, run_after=2024-07-01T17:18:40.645866+00:00
[2024-07-01T17:18:40.665+0000] {processor.py:176} INFO - Processing /home/airflow/.local/lib/python3.7/site-packages/airflow/example_dags/example_short_circuit_operator.py took 0.111 seconds
[2024-07-01T17:19:11.348+0000] {processor.py:154} INFO - Started process (PID=1900) to work on /home/airflow/.local/lib/python3.7/site-packages/airflow/example_dags/example_short_circuit_operator.py
[2024-07-01T17:19:11.349+0000] {processor.py:756} INFO - Processing file /home/airflow/.local/lib/python3.7/site-packages/airflow/example_dags/example_short_circuit_operator.py for tasks to queue
[2024-07-01T17:19:11.349+0000] {logging_mixin.py:120} INFO - [2024-07-01T17:19:11.349+0000] {dagbag.py:537} INFO - Filling up the DagBag from /home/airflow/.local/lib/python3.7/site-packages/airflow/example_dags/example_short_circuit_operator.py
[2024-07-01T17:19:11.364+0000] {processor.py:766} INFO - DAG(s) dict_keys(['example_short_circuit_operator']) retrieved from /home/airflow/.local/lib/python3.7/site-packages/airflow/example_dags/example_short_circuit_operator.py
[2024-07-01T17:19:11.399+0000] {logging_mixin.py:120} INFO - [2024-07-01T17:19:11.399+0000] {dag.py:2585} INFO - Sync 1 DAGs
[2024-07-01T17:19:11.423+0000] {logging_mixin.py:120} INFO - [2024-07-01T17:19:11.423+0000] {dag.py:3340} INFO - Setting next_dagrun for example_short_circuit_operator to 2024-06-30T17:19:11.423380+00:00, run_after=2024-07-01T17:19:11.423380+00:00
[2024-07-01T17:19:11.439+0000] {processor.py:176} INFO - Processing /home/airflow/.local/lib/python3.7/site-packages/airflow/example_dags/example_short_circuit_operator.py took 0.095 seconds
[2024-07-01T17:19:42.224+0000] {processor.py:154} INFO - Started process (PID=1969) to work on /home/airflow/.local/lib/python3.7/site-packages/airflow/example_dags/example_short_circuit_operator.py
[2024-07-01T17:19:42.225+0000] {processor.py:756} INFO - Processing file /home/airflow/.local/lib/python3.7/site-packages/airflow/example_dags/example_short_circuit_operator.py for tasks to queue
[2024-07-01T17:19:42.226+0000] {logging_mixin.py:120} INFO - [2024-07-01T17:19:42.226+0000] {dagbag.py:537} INFO - Filling up the DagBag from /home/airflow/.local/lib/python3.7/site-packages/airflow/example_dags/example_short_circuit_operator.py
[2024-07-01T17:19:42.243+0000] {processor.py:766} INFO - DAG(s) dict_keys(['example_short_circuit_operator']) retrieved from /home/airflow/.local/lib/python3.7/site-packages/airflow/example_dags/example_short_circuit_operator.py
[2024-07-01T17:19:42.283+0000] {logging_mixin.py:120} INFO - [2024-07-01T17:19:42.282+0000] {dag.py:2585} INFO - Sync 1 DAGs
[2024-07-01T17:19:42.308+0000] {logging_mixin.py:120} INFO - [2024-07-01T17:19:42.307+0000] {dag.py:3340} INFO - Setting next_dagrun for example_short_circuit_operator to 2024-06-30T17:19:42.306845+00:00, run_after=2024-07-01T17:19:42.306845+00:00
[2024-07-01T17:19:42.331+0000] {processor.py:176} INFO - Processing /home/airflow/.local/lib/python3.7/site-packages/airflow/example_dags/example_short_circuit_operator.py took 0.111 seconds
[2024-07-01T17:20:13.332+0000] {processor.py:154} INFO - Started process (PID=2037) to work on /home/airflow/.local/lib/python3.7/site-packages/airflow/example_dags/example_short_circuit_operator.py
[2024-07-01T17:20:13.333+0000] {processor.py:756} INFO - Processing file /home/airflow/.local/lib/python3.7/site-packages/airflow/example_dags/example_short_circuit_operator.py for tasks to queue
[2024-07-01T17:20:13.334+0000] {logging_mixin.py:120} INFO - [2024-07-01T17:20:13.334+0000] {dagbag.py:537} INFO - Filling up the DagBag from /home/airflow/.local/lib/python3.7/site-packages/airflow/example_dags/example_short_circuit_operator.py
[2024-07-01T17:20:13.351+0000] {processor.py:766} INFO - DAG(s) dict_keys(['example_short_circuit_operator']) retrieved from /home/airflow/.local/lib/python3.7/site-packages/airflow/example_dags/example_short_circuit_operator.py
[2024-07-01T17:20:13.388+0000] {logging_mixin.py:120} INFO - [2024-07-01T17:20:13.388+0000] {dag.py:2585} INFO - Sync 1 DAGs
[2024-07-01T17:20:13.412+0000] {logging_mixin.py:120} INFO - [2024-07-01T17:20:13.412+0000] {dag.py:3340} INFO - Setting next_dagrun for example_short_circuit_operator to 2024-06-30T17:20:13.412006+00:00, run_after=2024-07-01T17:20:13.412006+00:00
[2024-07-01T17:20:13.429+0000] {processor.py:176} INFO - Processing /home/airflow/.local/lib/python3.7/site-packages/airflow/example_dags/example_short_circuit_operator.py took 0.100 seconds
[2024-07-01T17:20:44.186+0000] {processor.py:154} INFO - Started process (PID=2095) to work on /home/airflow/.local/lib/python3.7/site-packages/airflow/example_dags/example_short_circuit_operator.py
[2024-07-01T17:20:44.187+0000] {processor.py:756} INFO - Processing file /home/airflow/.local/lib/python3.7/site-packages/airflow/example_dags/example_short_circuit_operator.py for tasks to queue
[2024-07-01T17:20:44.188+0000] {logging_mixin.py:120} INFO - [2024-07-01T17:20:44.188+0000] {dagbag.py:537} INFO - Filling up the DagBag from /home/airflow/.local/lib/python3.7/site-packages/airflow/example_dags/example_short_circuit_operator.py
[2024-07-01T17:20:44.203+0000] {processor.py:766} INFO - DAG(s) dict_keys(['example_short_circuit_operator']) retrieved from /home/airflow/.local/lib/python3.7/site-packages/airflow/example_dags/example_short_circuit_operator.py
[2024-07-01T17:20:44.238+0000] {logging_mixin.py:120} INFO - [2024-07-01T17:20:44.238+0000] {dag.py:2585} INFO - Sync 1 DAGs
[2024-07-01T17:20:44.262+0000] {logging_mixin.py:120} INFO - [2024-07-01T17:20:44.261+0000] {dag.py:3340} INFO - Setting next_dagrun for example_short_circuit_operator to 2024-06-30T17:20:44.261689+00:00, run_after=2024-07-01T17:20:44.261689+00:00
[2024-07-01T17:20:44.278+0000] {processor.py:176} INFO - Processing /home/airflow/.local/lib/python3.7/site-packages/airflow/example_dags/example_short_circuit_operator.py took 0.095 seconds
[2024-07-01T17:21:14.655+0000] {processor.py:154} INFO - Started process (PID=2161) to work on /home/airflow/.local/lib/python3.7/site-packages/airflow/example_dags/example_short_circuit_operator.py
[2024-07-01T17:21:14.656+0000] {processor.py:756} INFO - Processing file /home/airflow/.local/lib/python3.7/site-packages/airflow/example_dags/example_short_circuit_operator.py for tasks to queue
[2024-07-01T17:21:14.657+0000] {logging_mixin.py:120} INFO - [2024-07-01T17:21:14.657+0000] {dagbag.py:537} INFO - Filling up the DagBag from /home/airflow/.local/lib/python3.7/site-packages/airflow/example_dags/example_short_circuit_operator.py
[2024-07-01T17:21:14.672+0000] {processor.py:766} INFO - DAG(s) dict_keys(['example_short_circuit_operator']) retrieved from /home/airflow/.local/lib/python3.7/site-packages/airflow/example_dags/example_short_circuit_operator.py
[2024-07-01T17:21:14.707+0000] {logging_mixin.py:120} INFO - [2024-07-01T17:21:14.707+0000] {dag.py:2585} INFO - Sync 1 DAGs
[2024-07-01T17:21:14.728+0000] {logging_mixin.py:120} INFO - [2024-07-01T17:21:14.728+0000] {dag.py:3340} INFO - Setting next_dagrun for example_short_circuit_operator to 2024-06-30T17:21:14.728400+00:00, run_after=2024-07-01T17:21:14.728400+00:00
[2024-07-01T17:21:14.744+0000] {processor.py:176} INFO - Processing /home/airflow/.local/lib/python3.7/site-packages/airflow/example_dags/example_short_circuit_operator.py took 0.092 seconds
[2024-07-01T17:21:45.176+0000] {processor.py:154} INFO - Started process (PID=2228) to work on /home/airflow/.local/lib/python3.7/site-packages/airflow/example_dags/example_short_circuit_operator.py
[2024-07-01T17:21:45.177+0000] {processor.py:756} INFO - Processing file /home/airflow/.local/lib/python3.7/site-packages/airflow/example_dags/example_short_circuit_operator.py for tasks to queue
[2024-07-01T17:21:45.177+0000] {logging_mixin.py:120} INFO - [2024-07-01T17:21:45.177+0000] {dagbag.py:537} INFO - Filling up the DagBag from /home/airflow/.local/lib/python3.7/site-packages/airflow/example_dags/example_short_circuit_operator.py
[2024-07-01T17:21:45.192+0000] {processor.py:766} INFO - DAG(s) dict_keys(['example_short_circuit_operator']) retrieved from /home/airflow/.local/lib/python3.7/site-packages/airflow/example_dags/example_short_circuit_operator.py
[2024-07-01T17:21:45.226+0000] {logging_mixin.py:120} INFO - [2024-07-01T17:21:45.226+0000] {dag.py:2585} INFO - Sync 1 DAGs
[2024-07-01T17:21:45.248+0000] {logging_mixin.py:120} INFO - [2024-07-01T17:21:45.248+0000] {dag.py:3340} INFO - Setting next_dagrun for example_short_circuit_operator to 2024-06-30T17:21:45.248254+00:00, run_after=2024-07-01T17:21:45.248254+00:00
[2024-07-01T17:21:45.266+0000] {processor.py:176} INFO - Processing /home/airflow/.local/lib/python3.7/site-packages/airflow/example_dags/example_short_circuit_operator.py took 0.093 seconds
[2024-07-01T17:22:15.721+0000] {processor.py:154} INFO - Started process (PID=2296) to work on /home/airflow/.local/lib/python3.7/site-packages/airflow/example_dags/example_short_circuit_operator.py
[2024-07-01T17:22:15.723+0000] {processor.py:756} INFO - Processing file /home/airflow/.local/lib/python3.7/site-packages/airflow/example_dags/example_short_circuit_operator.py for tasks to queue
[2024-07-01T17:22:15.723+0000] {logging_mixin.py:120} INFO - [2024-07-01T17:22:15.723+0000] {dagbag.py:537} INFO - Filling up the DagBag from /home/airflow/.local/lib/python3.7/site-packages/airflow/example_dags/example_short_circuit_operator.py
[2024-07-01T17:22:15.738+0000] {processor.py:766} INFO - DAG(s) dict_keys(['example_short_circuit_operator']) retrieved from /home/airflow/.local/lib/python3.7/site-packages/airflow/example_dags/example_short_circuit_operator.py
[2024-07-01T17:22:15.774+0000] {logging_mixin.py:120} INFO - [2024-07-01T17:22:15.774+0000] {dag.py:2585} INFO - Sync 1 DAGs
[2024-07-01T17:22:15.800+0000] {logging_mixin.py:120} INFO - [2024-07-01T17:22:15.799+0000] {dag.py:3340} INFO - Setting next_dagrun for example_short_circuit_operator to 2024-06-30T17:22:15.799697+00:00, run_after=2024-07-01T17:22:15.799697+00:00
[2024-07-01T17:22:15.817+0000] {processor.py:176} INFO - Processing /home/airflow/.local/lib/python3.7/site-packages/airflow/example_dags/example_short_circuit_operator.py took 0.098 seconds
[2024-07-01T17:22:46.333+0000] {processor.py:154} INFO - Started process (PID=2363) to work on /home/airflow/.local/lib/python3.7/site-packages/airflow/example_dags/example_short_circuit_operator.py
[2024-07-01T17:22:46.334+0000] {processor.py:756} INFO - Processing file /home/airflow/.local/lib/python3.7/site-packages/airflow/example_dags/example_short_circuit_operator.py for tasks to queue
[2024-07-01T17:22:46.335+0000] {logging_mixin.py:120} INFO - [2024-07-01T17:22:46.335+0000] {dagbag.py:537} INFO - Filling up the DagBag from /home/airflow/.local/lib/python3.7/site-packages/airflow/example_dags/example_short_circuit_operator.py
[2024-07-01T17:22:46.351+0000] {processor.py:766} INFO - DAG(s) dict_keys(['example_short_circuit_operator']) retrieved from /home/airflow/.local/lib/python3.7/site-packages/airflow/example_dags/example_short_circuit_operator.py
[2024-07-01T17:22:46.400+0000] {logging_mixin.py:120} INFO - [2024-07-01T17:22:46.399+0000] {dag.py:2585} INFO - Sync 1 DAGs
[2024-07-01T17:22:46.427+0000] {logging_mixin.py:120} INFO - [2024-07-01T17:22:46.427+0000] {dag.py:3340} INFO - Setting next_dagrun for example_short_circuit_operator to 2024-06-30T17:22:46.427304+00:00, run_after=2024-07-01T17:22:46.427304+00:00
[2024-07-01T17:22:46.446+0000] {processor.py:176} INFO - Processing /home/airflow/.local/lib/python3.7/site-packages/airflow/example_dags/example_short_circuit_operator.py took 0.117 seconds
[2024-07-01T17:23:17.227+0000] {processor.py:154} INFO - Started process (PID=2421) to work on /home/airflow/.local/lib/python3.7/site-packages/airflow/example_dags/example_short_circuit_operator.py
[2024-07-01T17:23:17.228+0000] {processor.py:756} INFO - Processing file /home/airflow/.local/lib/python3.7/site-packages/airflow/example_dags/example_short_circuit_operator.py for tasks to queue
[2024-07-01T17:23:17.229+0000] {logging_mixin.py:120} INFO - [2024-07-01T17:23:17.229+0000] {dagbag.py:537} INFO - Filling up the DagBag from /home/airflow/.local/lib/python3.7/site-packages/airflow/example_dags/example_short_circuit_operator.py
[2024-07-01T17:23:17.245+0000] {processor.py:766} INFO - DAG(s) dict_keys(['example_short_circuit_operator']) retrieved from /home/airflow/.local/lib/python3.7/site-packages/airflow/example_dags/example_short_circuit_operator.py
[2024-07-01T17:23:17.282+0000] {logging_mixin.py:120} INFO - [2024-07-01T17:23:17.282+0000] {dag.py:2585} INFO - Sync 1 DAGs
[2024-07-01T17:23:17.305+0000] {logging_mixin.py:120} INFO - [2024-07-01T17:23:17.305+0000] {dag.py:3340} INFO - Setting next_dagrun for example_short_circuit_operator to 2024-06-30T17:23:17.305379+00:00, run_after=2024-07-01T17:23:17.305379+00:00
[2024-07-01T17:23:17.323+0000] {processor.py:176} INFO - Processing /home/airflow/.local/lib/python3.7/site-packages/airflow/example_dags/example_short_circuit_operator.py took 0.098 seconds
[2024-07-01T17:23:47.989+0000] {processor.py:154} INFO - Started process (PID=2488) to work on /home/airflow/.local/lib/python3.7/site-packages/airflow/example_dags/example_short_circuit_operator.py
[2024-07-01T17:23:47.990+0000] {processor.py:756} INFO - Processing file /home/airflow/.local/lib/python3.7/site-packages/airflow/example_dags/example_short_circuit_operator.py for tasks to queue
[2024-07-01T17:23:47.991+0000] {logging_mixin.py:120} INFO - [2024-07-01T17:23:47.991+0000] {dagbag.py:537} INFO - Filling up the DagBag from /home/airflow/.local/lib/python3.7/site-packages/airflow/example_dags/example_short_circuit_operator.py
[2024-07-01T17:23:48.006+0000] {processor.py:766} INFO - DAG(s) dict_keys(['example_short_circuit_operator']) retrieved from /home/airflow/.local/lib/python3.7/site-packages/airflow/example_dags/example_short_circuit_operator.py
[2024-07-01T17:23:48.043+0000] {logging_mixin.py:120} INFO - [2024-07-01T17:23:48.042+0000] {dag.py:2585} INFO - Sync 1 DAGs
[2024-07-01T17:23:48.066+0000] {logging_mixin.py:120} INFO - [2024-07-01T17:23:48.066+0000] {dag.py:3340} INFO - Setting next_dagrun for example_short_circuit_operator to 2024-06-30T17:23:48.065985+00:00, run_after=2024-07-01T17:23:48.065985+00:00
[2024-07-01T17:23:48.083+0000] {processor.py:176} INFO - Processing /home/airflow/.local/lib/python3.7/site-packages/airflow/example_dags/example_short_circuit_operator.py took 0.097 seconds
[2024-07-01T17:24:19.034+0000] {processor.py:154} INFO - Started process (PID=2555) to work on /home/airflow/.local/lib/python3.7/site-packages/airflow/example_dags/example_short_circuit_operator.py
[2024-07-01T17:24:19.035+0000] {processor.py:756} INFO - Processing file /home/airflow/.local/lib/python3.7/site-packages/airflow/example_dags/example_short_circuit_operator.py for tasks to queue
[2024-07-01T17:24:19.036+0000] {logging_mixin.py:120} INFO - [2024-07-01T17:24:19.036+0000] {dagbag.py:537} INFO - Filling up the DagBag from /home/airflow/.local/lib/python3.7/site-packages/airflow/example_dags/example_short_circuit_operator.py
[2024-07-01T17:24:19.051+0000] {processor.py:766} INFO - DAG(s) dict_keys(['example_short_circuit_operator']) retrieved from /home/airflow/.local/lib/python3.7/site-packages/airflow/example_dags/example_short_circuit_operator.py
[2024-07-01T17:24:19.087+0000] {logging_mixin.py:120} INFO - [2024-07-01T17:24:19.087+0000] {dag.py:2585} INFO - Sync 1 DAGs
[2024-07-01T17:24:19.111+0000] {logging_mixin.py:120} INFO - [2024-07-01T17:24:19.111+0000] {dag.py:3340} INFO - Setting next_dagrun for example_short_circuit_operator to 2024-06-30T17:24:19.111024+00:00, run_after=2024-07-01T17:24:19.111024+00:00
[2024-07-01T17:24:19.129+0000] {processor.py:176} INFO - Processing /home/airflow/.local/lib/python3.7/site-packages/airflow/example_dags/example_short_circuit_operator.py took 0.097 seconds
[2024-07-01T17:24:49.859+0000] {processor.py:154} INFO - Started process (PID=2622) to work on /home/airflow/.local/lib/python3.7/site-packages/airflow/example_dags/example_short_circuit_operator.py
[2024-07-01T17:24:49.860+0000] {processor.py:756} INFO - Processing file /home/airflow/.local/lib/python3.7/site-packages/airflow/example_dags/example_short_circuit_operator.py for tasks to queue
[2024-07-01T17:24:49.861+0000] {logging_mixin.py:120} INFO - [2024-07-01T17:24:49.861+0000] {dagbag.py:537} INFO - Filling up the DagBag from /home/airflow/.local/lib/python3.7/site-packages/airflow/example_dags/example_short_circuit_operator.py
[2024-07-01T17:24:49.876+0000] {processor.py:766} INFO - DAG(s) dict_keys(['example_short_circuit_operator']) retrieved from /home/airflow/.local/lib/python3.7/site-packages/airflow/example_dags/example_short_circuit_operator.py
[2024-07-01T17:24:49.913+0000] {logging_mixin.py:120} INFO - [2024-07-01T17:24:49.913+0000] {dag.py:2585} INFO - Sync 1 DAGs
[2024-07-01T17:24:49.939+0000] {logging_mixin.py:120} INFO - [2024-07-01T17:24:49.939+0000] {dag.py:3340} INFO - Setting next_dagrun for example_short_circuit_operator to 2024-06-30T17:24:49.939264+00:00, run_after=2024-07-01T17:24:49.939264+00:00
[2024-07-01T17:24:49.957+0000] {processor.py:176} INFO - Processing /home/airflow/.local/lib/python3.7/site-packages/airflow/example_dags/example_short_circuit_operator.py took 0.101 seconds
[2024-07-01T17:25:21.006+0000] {processor.py:154} INFO - Started process (PID=2680) to work on /home/airflow/.local/lib/python3.7/site-packages/airflow/example_dags/example_short_circuit_operator.py
[2024-07-01T17:25:21.007+0000] {processor.py:756} INFO - Processing file /home/airflow/.local/lib/python3.7/site-packages/airflow/example_dags/example_short_circuit_operator.py for tasks to queue
[2024-07-01T17:25:21.008+0000] {logging_mixin.py:120} INFO - [2024-07-01T17:25:21.008+0000] {dagbag.py:537} INFO - Filling up the DagBag from /home/airflow/.local/lib/python3.7/site-packages/airflow/example_dags/example_short_circuit_operator.py
[2024-07-01T17:25:21.024+0000] {processor.py:766} INFO - DAG(s) dict_keys(['example_short_circuit_operator']) retrieved from /home/airflow/.local/lib/python3.7/site-packages/airflow/example_dags/example_short_circuit_operator.py
[2024-07-01T17:25:21.062+0000] {logging_mixin.py:120} INFO - [2024-07-01T17:25:21.062+0000] {dag.py:2585} INFO - Sync 1 DAGs
[2024-07-01T17:25:21.085+0000] {logging_mixin.py:120} INFO - [2024-07-01T17:25:21.085+0000] {dag.py:3340} INFO - Setting next_dagrun for example_short_circuit_operator to 2024-06-30T17:25:21.085270+00:00, run_after=2024-07-01T17:25:21.085270+00:00
[2024-07-01T17:25:21.102+0000] {processor.py:176} INFO - Processing /home/airflow/.local/lib/python3.7/site-packages/airflow/example_dags/example_short_circuit_operator.py took 0.099 seconds
[2024-07-01T17:25:51.846+0000] {processor.py:154} INFO - Started process (PID=2747) to work on /home/airflow/.local/lib/python3.7/site-packages/airflow/example_dags/example_short_circuit_operator.py
[2024-07-01T17:25:51.847+0000] {processor.py:756} INFO - Processing file /home/airflow/.local/lib/python3.7/site-packages/airflow/example_dags/example_short_circuit_operator.py for tasks to queue
[2024-07-01T17:25:51.847+0000] {logging_mixin.py:120} INFO - [2024-07-01T17:25:51.847+0000] {dagbag.py:537} INFO - Filling up the DagBag from /home/airflow/.local/lib/python3.7/site-packages/airflow/example_dags/example_short_circuit_operator.py
[2024-07-01T17:25:51.863+0000] {processor.py:766} INFO - DAG(s) dict_keys(['example_short_circuit_operator']) retrieved from /home/airflow/.local/lib/python3.7/site-packages/airflow/example_dags/example_short_circuit_operator.py
[2024-07-01T17:25:51.899+0000] {logging_mixin.py:120} INFO - [2024-07-01T17:25:51.899+0000] {dag.py:2585} INFO - Sync 1 DAGs
[2024-07-01T17:25:51.922+0000] {logging_mixin.py:120} INFO - [2024-07-01T17:25:51.922+0000] {dag.py:3340} INFO - Setting next_dagrun for example_short_circuit_operator to 2024-06-30T17:25:51.922239+00:00, run_after=2024-07-01T17:25:51.922239+00:00
[2024-07-01T17:25:51.939+0000] {processor.py:176} INFO - Processing /home/airflow/.local/lib/python3.7/site-packages/airflow/example_dags/example_short_circuit_operator.py took 0.097 seconds
[2024-07-01T17:26:22.495+0000] {processor.py:154} INFO - Started process (PID=2814) to work on /home/airflow/.local/lib/python3.7/site-packages/airflow/example_dags/example_short_circuit_operator.py
[2024-07-01T17:26:22.496+0000] {processor.py:756} INFO - Processing file /home/airflow/.local/lib/python3.7/site-packages/airflow/example_dags/example_short_circuit_operator.py for tasks to queue
[2024-07-01T17:26:22.496+0000] {logging_mixin.py:120} INFO - [2024-07-01T17:26:22.496+0000] {dagbag.py:537} INFO - Filling up the DagBag from /home/airflow/.local/lib/python3.7/site-packages/airflow/example_dags/example_short_circuit_operator.py
[2024-07-01T17:26:22.511+0000] {processor.py:766} INFO - DAG(s) dict_keys(['example_short_circuit_operator']) retrieved from /home/airflow/.local/lib/python3.7/site-packages/airflow/example_dags/example_short_circuit_operator.py
[2024-07-01T17:26:22.544+0000] {logging_mixin.py:120} INFO - [2024-07-01T17:26:22.544+0000] {dag.py:2585} INFO - Sync 1 DAGs
[2024-07-01T17:26:22.565+0000] {logging_mixin.py:120} INFO - [2024-07-01T17:26:22.565+0000] {dag.py:3340} INFO - Setting next_dagrun for example_short_circuit_operator to 2024-06-30T17:26:22.564949+00:00, run_after=2024-07-01T17:26:22.564949+00:00
[2024-07-01T17:26:22.581+0000] {processor.py:176} INFO - Processing /home/airflow/.local/lib/python3.7/site-packages/airflow/example_dags/example_short_circuit_operator.py took 0.089 seconds
[2024-07-01T17:26:53.023+0000] {processor.py:154} INFO - Started process (PID=2881) to work on /home/airflow/.local/lib/python3.7/site-packages/airflow/example_dags/example_short_circuit_operator.py
[2024-07-01T17:26:53.024+0000] {processor.py:756} INFO - Processing file /home/airflow/.local/lib/python3.7/site-packages/airflow/example_dags/example_short_circuit_operator.py for tasks to queue
[2024-07-01T17:26:53.025+0000] {logging_mixin.py:120} INFO - [2024-07-01T17:26:53.025+0000] {dagbag.py:537} INFO - Filling up the DagBag from /home/airflow/.local/lib/python3.7/site-packages/airflow/example_dags/example_short_circuit_operator.py
[2024-07-01T17:26:53.039+0000] {processor.py:766} INFO - DAG(s) dict_keys(['example_short_circuit_operator']) retrieved from /home/airflow/.local/lib/python3.7/site-packages/airflow/example_dags/example_short_circuit_operator.py
[2024-07-01T17:26:53.073+0000] {logging_mixin.py:120} INFO - [2024-07-01T17:26:53.073+0000] {dag.py:2585} INFO - Sync 1 DAGs
[2024-07-01T17:26:53.096+0000] {logging_mixin.py:120} INFO - [2024-07-01T17:26:53.096+0000] {dag.py:3340} INFO - Setting next_dagrun for example_short_circuit_operator to 2024-06-30T17:26:53.096030+00:00, run_after=2024-07-01T17:26:53.096030+00:00
[2024-07-01T17:26:53.113+0000] {processor.py:176} INFO - Processing /home/airflow/.local/lib/python3.7/site-packages/airflow/example_dags/example_short_circuit_operator.py took 0.093 seconds
[2024-07-01T17:27:23.574+0000] {processor.py:154} INFO - Started process (PID=2948) to work on /home/airflow/.local/lib/python3.7/site-packages/airflow/example_dags/example_short_circuit_operator.py
[2024-07-01T17:27:23.575+0000] {processor.py:756} INFO - Processing file /home/airflow/.local/lib/python3.7/site-packages/airflow/example_dags/example_short_circuit_operator.py for tasks to queue
[2024-07-01T17:27:23.576+0000] {logging_mixin.py:120} INFO - [2024-07-01T17:27:23.576+0000] {dagbag.py:537} INFO - Filling up the DagBag from /home/airflow/.local/lib/python3.7/site-packages/airflow/example_dags/example_short_circuit_operator.py
[2024-07-01T17:27:23.591+0000] {processor.py:766} INFO - DAG(s) dict_keys(['example_short_circuit_operator']) retrieved from /home/airflow/.local/lib/python3.7/site-packages/airflow/example_dags/example_short_circuit_operator.py
[2024-07-01T17:27:23.626+0000] {logging_mixin.py:120} INFO - [2024-07-01T17:27:23.625+0000] {dag.py:2585} INFO - Sync 1 DAGs
[2024-07-01T17:27:23.647+0000] {logging_mixin.py:120} INFO - [2024-07-01T17:27:23.646+0000] {dag.py:3340} INFO - Setting next_dagrun for example_short_circuit_operator to 2024-06-30T17:27:23.646650+00:00, run_after=2024-07-01T17:27:23.646650+00:00
[2024-07-01T17:27:23.662+0000] {processor.py:176} INFO - Processing /home/airflow/.local/lib/python3.7/site-packages/airflow/example_dags/example_short_circuit_operator.py took 0.091 seconds
[2024-07-01T17:27:54.071+0000] {processor.py:154} INFO - Started process (PID=3006) to work on /home/airflow/.local/lib/python3.7/site-packages/airflow/example_dags/example_short_circuit_operator.py
[2024-07-01T17:27:54.071+0000] {processor.py:756} INFO - Processing file /home/airflow/.local/lib/python3.7/site-packages/airflow/example_dags/example_short_circuit_operator.py for tasks to queue
[2024-07-01T17:27:54.072+0000] {logging_mixin.py:120} INFO - [2024-07-01T17:27:54.072+0000] {dagbag.py:537} INFO - Filling up the DagBag from /home/airflow/.local/lib/python3.7/site-packages/airflow/example_dags/example_short_circuit_operator.py
[2024-07-01T17:27:54.086+0000] {processor.py:766} INFO - DAG(s) dict_keys(['example_short_circuit_operator']) retrieved from /home/airflow/.local/lib/python3.7/site-packages/airflow/example_dags/example_short_circuit_operator.py
[2024-07-01T17:27:54.122+0000] {logging_mixin.py:120} INFO - [2024-07-01T17:27:54.122+0000] {dag.py:2585} INFO - Sync 1 DAGs
[2024-07-01T17:27:54.144+0000] {logging_mixin.py:120} INFO - [2024-07-01T17:27:54.144+0000] {dag.py:3340} INFO - Setting next_dagrun for example_short_circuit_operator to 2024-06-30T17:27:54.144120+00:00, run_after=2024-07-01T17:27:54.144120+00:00
[2024-07-01T17:27:54.160+0000] {processor.py:176} INFO - Processing /home/airflow/.local/lib/python3.7/site-packages/airflow/example_dags/example_short_circuit_operator.py took 0.093 seconds
[2024-07-01T17:28:24.524+0000] {processor.py:154} INFO - Started process (PID=3073) to work on /home/airflow/.local/lib/python3.7/site-packages/airflow/example_dags/example_short_circuit_operator.py
[2024-07-01T17:28:24.525+0000] {processor.py:756} INFO - Processing file /home/airflow/.local/lib/python3.7/site-packages/airflow/example_dags/example_short_circuit_operator.py for tasks to queue
[2024-07-01T17:28:24.526+0000] {logging_mixin.py:120} INFO - [2024-07-01T17:28:24.526+0000] {dagbag.py:537} INFO - Filling up the DagBag from /home/airflow/.local/lib/python3.7/site-packages/airflow/example_dags/example_short_circuit_operator.py
[2024-07-01T17:28:24.540+0000] {processor.py:766} INFO - DAG(s) dict_keys(['example_short_circuit_operator']) retrieved from /home/airflow/.local/lib/python3.7/site-packages/airflow/example_dags/example_short_circuit_operator.py
[2024-07-01T17:28:24.576+0000] {logging_mixin.py:120} INFO - [2024-07-01T17:28:24.576+0000] {dag.py:2585} INFO - Sync 1 DAGs
[2024-07-01T17:28:24.599+0000] {logging_mixin.py:120} INFO - [2024-07-01T17:28:24.599+0000] {dag.py:3340} INFO - Setting next_dagrun for example_short_circuit_operator to 2024-06-30T17:28:24.599426+00:00, run_after=2024-07-01T17:28:24.599426+00:00
[2024-07-01T17:28:24.617+0000] {processor.py:176} INFO - Processing /home/airflow/.local/lib/python3.7/site-packages/airflow/example_dags/example_short_circuit_operator.py took 0.095 seconds
[2024-07-01T17:34:07.810+0000] {processor.py:154} INFO - Started process (PID=65) to work on /home/airflow/.local/lib/python3.7/site-packages/airflow/example_dags/example_short_circuit_operator.py
[2024-07-01T17:34:07.812+0000] {processor.py:756} INFO - Processing file /home/airflow/.local/lib/python3.7/site-packages/airflow/example_dags/example_short_circuit_operator.py for tasks to queue
[2024-07-01T17:34:07.814+0000] {logging_mixin.py:120} INFO - [2024-07-01T17:34:07.814+0000] {dagbag.py:537} INFO - Filling up the DagBag from /home/airflow/.local/lib/python3.7/site-packages/airflow/example_dags/example_short_circuit_operator.py
[2024-07-01T17:34:07.847+0000] {processor.py:766} INFO - DAG(s) dict_keys(['example_short_circuit_operator']) retrieved from /home/airflow/.local/lib/python3.7/site-packages/airflow/example_dags/example_short_circuit_operator.py
[2024-07-01T17:34:07.903+0000] {logging_mixin.py:120} INFO - [2024-07-01T17:34:07.903+0000] {dag.py:2585} INFO - Sync 1 DAGs
[2024-07-01T17:34:07.942+0000] {logging_mixin.py:120} INFO - [2024-07-01T17:34:07.942+0000] {dag.py:3340} INFO - Setting next_dagrun for example_short_circuit_operator to 2024-06-30T17:34:07.941817+00:00, run_after=2024-07-01T17:34:07.941817+00:00
[2024-07-01T17:34:07.971+0000] {processor.py:176} INFO - Processing /home/airflow/.local/lib/python3.7/site-packages/airflow/example_dags/example_short_circuit_operator.py took 0.169 seconds
