[2024-07-01T17:04:53.468+0000] {processor.py:154} INFO - Started process (PID=80) to work on /home/airflow/.local/lib/python3.7/site-packages/airflow/example_dags/tutorial_dag.py
[2024-07-01T17:04:53.471+0000] {processor.py:756} INFO - Processing file /home/airflow/.local/lib/python3.7/site-packages/airflow/example_dags/tutorial_dag.py for tasks to queue
[2024-07-01T17:04:53.473+0000] {logging_mixin.py:120} INFO - [2024-07-01T17:04:53.473+0000] {dagbag.py:537} INFO - Filling up the DagBag from /home/airflow/.local/lib/python3.7/site-packages/airflow/example_dags/tutorial_dag.py
[2024-07-01T17:04:53.509+0000] {processor.py:766} INFO - DAG(s) dict_keys(['tutorial_dag']) retrieved from /home/airflow/.local/lib/python3.7/site-packages/airflow/example_dags/tutorial_dag.py
[2024-07-01T17:04:53.585+0000] {logging_mixin.py:120} INFO - [2024-07-01T17:04:53.585+0000] {dag.py:2585} INFO - Sync 1 DAGs
[2024-07-01T17:04:53.670+0000] {logging_mixin.py:120} INFO - [2024-07-01T17:04:53.670+0000] {dag.py:3340} INFO - Setting next_dagrun for tutorial_dag to None, run_after=None
[2024-07-01T17:04:53.709+0000] {processor.py:176} INFO - Processing /home/airflow/.local/lib/python3.7/site-packages/airflow/example_dags/tutorial_dag.py took 0.248 seconds
[2024-07-01T17:05:23.762+0000] {processor.py:154} INFO - Started process (PID=150) to work on /home/airflow/.local/lib/python3.7/site-packages/airflow/example_dags/tutorial_dag.py
[2024-07-01T17:05:23.763+0000] {processor.py:756} INFO - Processing file /home/airflow/.local/lib/python3.7/site-packages/airflow/example_dags/tutorial_dag.py for tasks to queue
[2024-07-01T17:05:23.763+0000] {logging_mixin.py:120} INFO - [2024-07-01T17:05:23.763+0000] {dagbag.py:537} INFO - Filling up the DagBag from /home/airflow/.local/lib/python3.7/site-packages/airflow/example_dags/tutorial_dag.py
[2024-07-01T17:05:23.775+0000] {processor.py:766} INFO - DAG(s) dict_keys(['tutorial_dag']) retrieved from /home/airflow/.local/lib/python3.7/site-packages/airflow/example_dags/tutorial_dag.py
[2024-07-01T17:05:23.812+0000] {logging_mixin.py:120} INFO - [2024-07-01T17:05:23.812+0000] {dag.py:2585} INFO - Sync 1 DAGs
[2024-07-01T17:05:23.851+0000] {logging_mixin.py:120} INFO - [2024-07-01T17:05:23.851+0000] {dag.py:3340} INFO - Setting next_dagrun for tutorial_dag to None, run_after=None
[2024-07-01T17:05:23.897+0000] {processor.py:176} INFO - Processing /home/airflow/.local/lib/python3.7/site-packages/airflow/example_dags/tutorial_dag.py took 0.139 seconds
[2024-07-01T17:05:54.421+0000] {processor.py:154} INFO - Started process (PID=217) to work on /home/airflow/.local/lib/python3.7/site-packages/airflow/example_dags/tutorial_dag.py
[2024-07-01T17:05:54.422+0000] {processor.py:756} INFO - Processing file /home/airflow/.local/lib/python3.7/site-packages/airflow/example_dags/tutorial_dag.py for tasks to queue
[2024-07-01T17:05:54.423+0000] {logging_mixin.py:120} INFO - [2024-07-01T17:05:54.423+0000] {dagbag.py:537} INFO - Filling up the DagBag from /home/airflow/.local/lib/python3.7/site-packages/airflow/example_dags/tutorial_dag.py
[2024-07-01T17:05:54.436+0000] {processor.py:766} INFO - DAG(s) dict_keys(['tutorial_dag']) retrieved from /home/airflow/.local/lib/python3.7/site-packages/airflow/example_dags/tutorial_dag.py
[2024-07-01T17:05:54.471+0000] {logging_mixin.py:120} INFO - [2024-07-01T17:05:54.471+0000] {dag.py:2585} INFO - Sync 1 DAGs
[2024-07-01T17:05:54.492+0000] {logging_mixin.py:120} INFO - [2024-07-01T17:05:54.492+0000] {dag.py:3340} INFO - Setting next_dagrun for tutorial_dag to None, run_after=None
[2024-07-01T17:05:54.508+0000] {processor.py:176} INFO - Processing /home/airflow/.local/lib/python3.7/site-packages/airflow/example_dags/tutorial_dag.py took 0.090 seconds
[2024-07-01T17:06:25.294+0000] {processor.py:154} INFO - Started process (PID=284) to work on /home/airflow/.local/lib/python3.7/site-packages/airflow/example_dags/tutorial_dag.py
[2024-07-01T17:06:25.296+0000] {processor.py:756} INFO - Processing file /home/airflow/.local/lib/python3.7/site-packages/airflow/example_dags/tutorial_dag.py for tasks to queue
[2024-07-01T17:06:25.296+0000] {logging_mixin.py:120} INFO - [2024-07-01T17:06:25.296+0000] {dagbag.py:537} INFO - Filling up the DagBag from /home/airflow/.local/lib/python3.7/site-packages/airflow/example_dags/tutorial_dag.py
[2024-07-01T17:06:25.308+0000] {processor.py:766} INFO - DAG(s) dict_keys(['tutorial_dag']) retrieved from /home/airflow/.local/lib/python3.7/site-packages/airflow/example_dags/tutorial_dag.py
[2024-07-01T17:06:25.344+0000] {logging_mixin.py:120} INFO - [2024-07-01T17:06:25.344+0000] {dag.py:2585} INFO - Sync 1 DAGs
[2024-07-01T17:06:25.366+0000] {logging_mixin.py:120} INFO - [2024-07-01T17:06:25.366+0000] {dag.py:3340} INFO - Setting next_dagrun for tutorial_dag to None, run_after=None
[2024-07-01T17:06:25.383+0000] {processor.py:176} INFO - Processing /home/airflow/.local/lib/python3.7/site-packages/airflow/example_dags/tutorial_dag.py took 0.091 seconds
[2024-07-01T17:06:55.767+0000] {processor.py:154} INFO - Started process (PID=352) to work on /home/airflow/.local/lib/python3.7/site-packages/airflow/example_dags/tutorial_dag.py
[2024-07-01T17:06:55.768+0000] {processor.py:756} INFO - Processing file /home/airflow/.local/lib/python3.7/site-packages/airflow/example_dags/tutorial_dag.py for tasks to queue
[2024-07-01T17:06:55.769+0000] {logging_mixin.py:120} INFO - [2024-07-01T17:06:55.769+0000] {dagbag.py:537} INFO - Filling up the DagBag from /home/airflow/.local/lib/python3.7/site-packages/airflow/example_dags/tutorial_dag.py
[2024-07-01T17:06:55.784+0000] {processor.py:766} INFO - DAG(s) dict_keys(['tutorial_dag']) retrieved from /home/airflow/.local/lib/python3.7/site-packages/airflow/example_dags/tutorial_dag.py
[2024-07-01T17:06:55.824+0000] {logging_mixin.py:120} INFO - [2024-07-01T17:06:55.824+0000] {dag.py:2585} INFO - Sync 1 DAGs
[2024-07-01T17:06:55.852+0000] {logging_mixin.py:120} INFO - [2024-07-01T17:06:55.852+0000] {dag.py:3340} INFO - Setting next_dagrun for tutorial_dag to None, run_after=None
[2024-07-01T17:06:55.871+0000] {processor.py:176} INFO - Processing /home/airflow/.local/lib/python3.7/site-packages/airflow/example_dags/tutorial_dag.py took 0.109 seconds
[2024-07-01T17:07:26.062+0000] {processor.py:154} INFO - Started process (PID=410) to work on /home/airflow/.local/lib/python3.7/site-packages/airflow/example_dags/tutorial_dag.py
[2024-07-01T17:07:26.063+0000] {processor.py:756} INFO - Processing file /home/airflow/.local/lib/python3.7/site-packages/airflow/example_dags/tutorial_dag.py for tasks to queue
[2024-07-01T17:07:26.063+0000] {logging_mixin.py:120} INFO - [2024-07-01T17:07:26.063+0000] {dagbag.py:537} INFO - Filling up the DagBag from /home/airflow/.local/lib/python3.7/site-packages/airflow/example_dags/tutorial_dag.py
[2024-07-01T17:07:26.075+0000] {processor.py:766} INFO - DAG(s) dict_keys(['tutorial_dag']) retrieved from /home/airflow/.local/lib/python3.7/site-packages/airflow/example_dags/tutorial_dag.py
[2024-07-01T17:07:26.112+0000] {logging_mixin.py:120} INFO - [2024-07-01T17:07:26.112+0000] {dag.py:2585} INFO - Sync 1 DAGs
[2024-07-01T17:07:26.136+0000] {logging_mixin.py:120} INFO - [2024-07-01T17:07:26.136+0000] {dag.py:3340} INFO - Setting next_dagrun for tutorial_dag to None, run_after=None
[2024-07-01T17:07:26.166+0000] {processor.py:176} INFO - Processing /home/airflow/.local/lib/python3.7/site-packages/airflow/example_dags/tutorial_dag.py took 0.107 seconds
[2024-07-01T17:07:56.705+0000] {processor.py:154} INFO - Started process (PID=477) to work on /home/airflow/.local/lib/python3.7/site-packages/airflow/example_dags/tutorial_dag.py
[2024-07-01T17:07:56.706+0000] {processor.py:756} INFO - Processing file /home/airflow/.local/lib/python3.7/site-packages/airflow/example_dags/tutorial_dag.py for tasks to queue
[2024-07-01T17:07:56.707+0000] {logging_mixin.py:120} INFO - [2024-07-01T17:07:56.707+0000] {dagbag.py:537} INFO - Filling up the DagBag from /home/airflow/.local/lib/python3.7/site-packages/airflow/example_dags/tutorial_dag.py
[2024-07-01T17:07:56.719+0000] {processor.py:766} INFO - DAG(s) dict_keys(['tutorial_dag']) retrieved from /home/airflow/.local/lib/python3.7/site-packages/airflow/example_dags/tutorial_dag.py
[2024-07-01T17:07:56.755+0000] {logging_mixin.py:120} INFO - [2024-07-01T17:07:56.755+0000] {dag.py:2585} INFO - Sync 1 DAGs
[2024-07-01T17:07:56.776+0000] {logging_mixin.py:120} INFO - [2024-07-01T17:07:56.776+0000] {dag.py:3340} INFO - Setting next_dagrun for tutorial_dag to None, run_after=None
[2024-07-01T17:07:56.791+0000] {processor.py:176} INFO - Processing /home/airflow/.local/lib/python3.7/site-packages/airflow/example_dags/tutorial_dag.py took 0.089 seconds
[2024-07-01T17:08:27.403+0000] {processor.py:154} INFO - Started process (PID=545) to work on /home/airflow/.local/lib/python3.7/site-packages/airflow/example_dags/tutorial_dag.py
[2024-07-01T17:08:27.404+0000] {processor.py:756} INFO - Processing file /home/airflow/.local/lib/python3.7/site-packages/airflow/example_dags/tutorial_dag.py for tasks to queue
[2024-07-01T17:08:27.405+0000] {logging_mixin.py:120} INFO - [2024-07-01T17:08:27.405+0000] {dagbag.py:537} INFO - Filling up the DagBag from /home/airflow/.local/lib/python3.7/site-packages/airflow/example_dags/tutorial_dag.py
[2024-07-01T17:08:27.417+0000] {processor.py:766} INFO - DAG(s) dict_keys(['tutorial_dag']) retrieved from /home/airflow/.local/lib/python3.7/site-packages/airflow/example_dags/tutorial_dag.py
[2024-07-01T17:08:27.454+0000] {logging_mixin.py:120} INFO - [2024-07-01T17:08:27.454+0000] {dag.py:2585} INFO - Sync 1 DAGs
[2024-07-01T17:08:27.476+0000] {logging_mixin.py:120} INFO - [2024-07-01T17:08:27.476+0000] {dag.py:3340} INFO - Setting next_dagrun for tutorial_dag to None, run_after=None
[2024-07-01T17:08:27.493+0000] {processor.py:176} INFO - Processing /home/airflow/.local/lib/python3.7/site-packages/airflow/example_dags/tutorial_dag.py took 0.093 seconds
[2024-07-01T17:08:58.089+0000] {processor.py:154} INFO - Started process (PID=612) to work on /home/airflow/.local/lib/python3.7/site-packages/airflow/example_dags/tutorial_dag.py
[2024-07-01T17:08:58.091+0000] {processor.py:756} INFO - Processing file /home/airflow/.local/lib/python3.7/site-packages/airflow/example_dags/tutorial_dag.py for tasks to queue
[2024-07-01T17:08:58.092+0000] {logging_mixin.py:120} INFO - [2024-07-01T17:08:58.092+0000] {dagbag.py:537} INFO - Filling up the DagBag from /home/airflow/.local/lib/python3.7/site-packages/airflow/example_dags/tutorial_dag.py
[2024-07-01T17:08:58.106+0000] {processor.py:766} INFO - DAG(s) dict_keys(['tutorial_dag']) retrieved from /home/airflow/.local/lib/python3.7/site-packages/airflow/example_dags/tutorial_dag.py
[2024-07-01T17:08:58.147+0000] {logging_mixin.py:120} INFO - [2024-07-01T17:08:58.147+0000] {dag.py:2585} INFO - Sync 1 DAGs
[2024-07-01T17:08:58.173+0000] {logging_mixin.py:120} INFO - [2024-07-01T17:08:58.173+0000] {dag.py:3340} INFO - Setting next_dagrun for tutorial_dag to None, run_after=None
[2024-07-01T17:08:58.190+0000] {processor.py:176} INFO - Processing /home/airflow/.local/lib/python3.7/site-packages/airflow/example_dags/tutorial_dag.py took 0.105 seconds
[2024-07-01T17:09:28.733+0000] {processor.py:154} INFO - Started process (PID=670) to work on /home/airflow/.local/lib/python3.7/site-packages/airflow/example_dags/tutorial_dag.py
[2024-07-01T17:09:28.733+0000] {processor.py:756} INFO - Processing file /home/airflow/.local/lib/python3.7/site-packages/airflow/example_dags/tutorial_dag.py for tasks to queue
[2024-07-01T17:09:28.734+0000] {logging_mixin.py:120} INFO - [2024-07-01T17:09:28.734+0000] {dagbag.py:537} INFO - Filling up the DagBag from /home/airflow/.local/lib/python3.7/site-packages/airflow/example_dags/tutorial_dag.py
[2024-07-01T17:09:28.746+0000] {processor.py:766} INFO - DAG(s) dict_keys(['tutorial_dag']) retrieved from /home/airflow/.local/lib/python3.7/site-packages/airflow/example_dags/tutorial_dag.py
[2024-07-01T17:09:28.782+0000] {logging_mixin.py:120} INFO - [2024-07-01T17:09:28.782+0000] {dag.py:2585} INFO - Sync 1 DAGs
[2024-07-01T17:09:28.806+0000] {logging_mixin.py:120} INFO - [2024-07-01T17:09:28.806+0000] {dag.py:3340} INFO - Setting next_dagrun for tutorial_dag to None, run_after=None
[2024-07-01T17:09:28.822+0000] {processor.py:176} INFO - Processing /home/airflow/.local/lib/python3.7/site-packages/airflow/example_dags/tutorial_dag.py took 0.092 seconds
[2024-07-01T17:09:59.559+0000] {processor.py:154} INFO - Started process (PID=738) to work on /home/airflow/.local/lib/python3.7/site-packages/airflow/example_dags/tutorial_dag.py
[2024-07-01T17:09:59.561+0000] {processor.py:756} INFO - Processing file /home/airflow/.local/lib/python3.7/site-packages/airflow/example_dags/tutorial_dag.py for tasks to queue
[2024-07-01T17:09:59.562+0000] {logging_mixin.py:120} INFO - [2024-07-01T17:09:59.562+0000] {dagbag.py:537} INFO - Filling up the DagBag from /home/airflow/.local/lib/python3.7/site-packages/airflow/example_dags/tutorial_dag.py
[2024-07-01T17:09:59.575+0000] {processor.py:766} INFO - DAG(s) dict_keys(['tutorial_dag']) retrieved from /home/airflow/.local/lib/python3.7/site-packages/airflow/example_dags/tutorial_dag.py
[2024-07-01T17:09:59.613+0000] {logging_mixin.py:120} INFO - [2024-07-01T17:09:59.612+0000] {dag.py:2585} INFO - Sync 1 DAGs
[2024-07-01T17:09:59.637+0000] {logging_mixin.py:120} INFO - [2024-07-01T17:09:59.636+0000] {dag.py:3340} INFO - Setting next_dagrun for tutorial_dag to None, run_after=None
[2024-07-01T17:09:59.653+0000] {processor.py:176} INFO - Processing /home/airflow/.local/lib/python3.7/site-packages/airflow/example_dags/tutorial_dag.py took 0.097 seconds
[2024-07-01T17:10:30.385+0000] {processor.py:154} INFO - Started process (PID=805) to work on /home/airflow/.local/lib/python3.7/site-packages/airflow/example_dags/tutorial_dag.py
[2024-07-01T17:10:30.386+0000] {processor.py:756} INFO - Processing file /home/airflow/.local/lib/python3.7/site-packages/airflow/example_dags/tutorial_dag.py for tasks to queue
[2024-07-01T17:10:30.386+0000] {logging_mixin.py:120} INFO - [2024-07-01T17:10:30.386+0000] {dagbag.py:537} INFO - Filling up the DagBag from /home/airflow/.local/lib/python3.7/site-packages/airflow/example_dags/tutorial_dag.py
[2024-07-01T17:10:30.398+0000] {processor.py:766} INFO - DAG(s) dict_keys(['tutorial_dag']) retrieved from /home/airflow/.local/lib/python3.7/site-packages/airflow/example_dags/tutorial_dag.py
[2024-07-01T17:10:30.432+0000] {logging_mixin.py:120} INFO - [2024-07-01T17:10:30.432+0000] {dag.py:2585} INFO - Sync 1 DAGs
[2024-07-01T17:10:30.453+0000] {logging_mixin.py:120} INFO - [2024-07-01T17:10:30.453+0000] {dag.py:3340} INFO - Setting next_dagrun for tutorial_dag to None, run_after=None
[2024-07-01T17:10:30.469+0000] {processor.py:176} INFO - Processing /home/airflow/.local/lib/python3.7/site-packages/airflow/example_dags/tutorial_dag.py took 0.087 seconds
[2024-07-01T17:11:01.006+0000] {processor.py:154} INFO - Started process (PID=872) to work on /home/airflow/.local/lib/python3.7/site-packages/airflow/example_dags/tutorial_dag.py
[2024-07-01T17:11:01.007+0000] {processor.py:756} INFO - Processing file /home/airflow/.local/lib/python3.7/site-packages/airflow/example_dags/tutorial_dag.py for tasks to queue
[2024-07-01T17:11:01.008+0000] {logging_mixin.py:120} INFO - [2024-07-01T17:11:01.008+0000] {dagbag.py:537} INFO - Filling up the DagBag from /home/airflow/.local/lib/python3.7/site-packages/airflow/example_dags/tutorial_dag.py
[2024-07-01T17:11:01.019+0000] {processor.py:766} INFO - DAG(s) dict_keys(['tutorial_dag']) retrieved from /home/airflow/.local/lib/python3.7/site-packages/airflow/example_dags/tutorial_dag.py
[2024-07-01T17:11:01.054+0000] {logging_mixin.py:120} INFO - [2024-07-01T17:11:01.053+0000] {dag.py:2585} INFO - Sync 1 DAGs
[2024-07-01T17:11:01.076+0000] {logging_mixin.py:120} INFO - [2024-07-01T17:11:01.076+0000] {dag.py:3340} INFO - Setting next_dagrun for tutorial_dag to None, run_after=None
[2024-07-01T17:11:01.091+0000] {processor.py:176} INFO - Processing /home/airflow/.local/lib/python3.7/site-packages/airflow/example_dags/tutorial_dag.py took 0.088 seconds
[2024-07-01T17:11:31.813+0000] {processor.py:154} INFO - Started process (PID=930) to work on /home/airflow/.local/lib/python3.7/site-packages/airflow/example_dags/tutorial_dag.py
[2024-07-01T17:11:31.814+0000] {processor.py:756} INFO - Processing file /home/airflow/.local/lib/python3.7/site-packages/airflow/example_dags/tutorial_dag.py for tasks to queue
[2024-07-01T17:11:31.815+0000] {logging_mixin.py:120} INFO - [2024-07-01T17:11:31.815+0000] {dagbag.py:537} INFO - Filling up the DagBag from /home/airflow/.local/lib/python3.7/site-packages/airflow/example_dags/tutorial_dag.py
[2024-07-01T17:11:31.826+0000] {processor.py:766} INFO - DAG(s) dict_keys(['tutorial_dag']) retrieved from /home/airflow/.local/lib/python3.7/site-packages/airflow/example_dags/tutorial_dag.py
[2024-07-01T17:11:31.861+0000] {logging_mixin.py:120} INFO - [2024-07-01T17:11:31.860+0000] {dag.py:2585} INFO - Sync 1 DAGs
[2024-07-01T17:11:31.882+0000] {logging_mixin.py:120} INFO - [2024-07-01T17:11:31.882+0000] {dag.py:3340} INFO - Setting next_dagrun for tutorial_dag to None, run_after=None
[2024-07-01T17:11:31.897+0000] {processor.py:176} INFO - Processing /home/airflow/.local/lib/python3.7/site-packages/airflow/example_dags/tutorial_dag.py took 0.088 seconds
[2024-07-01T17:12:02.461+0000] {processor.py:154} INFO - Started process (PID=997) to work on /home/airflow/.local/lib/python3.7/site-packages/airflow/example_dags/tutorial_dag.py
[2024-07-01T17:12:02.462+0000] {processor.py:756} INFO - Processing file /home/airflow/.local/lib/python3.7/site-packages/airflow/example_dags/tutorial_dag.py for tasks to queue
[2024-07-01T17:12:02.463+0000] {logging_mixin.py:120} INFO - [2024-07-01T17:12:02.463+0000] {dagbag.py:537} INFO - Filling up the DagBag from /home/airflow/.local/lib/python3.7/site-packages/airflow/example_dags/tutorial_dag.py
[2024-07-01T17:12:02.474+0000] {processor.py:766} INFO - DAG(s) dict_keys(['tutorial_dag']) retrieved from /home/airflow/.local/lib/python3.7/site-packages/airflow/example_dags/tutorial_dag.py
[2024-07-01T17:12:02.510+0000] {logging_mixin.py:120} INFO - [2024-07-01T17:12:02.509+0000] {dag.py:2585} INFO - Sync 1 DAGs
[2024-07-01T17:12:02.531+0000] {logging_mixin.py:120} INFO - [2024-07-01T17:12:02.531+0000] {dag.py:3340} INFO - Setting next_dagrun for tutorial_dag to None, run_after=None
[2024-07-01T17:12:02.547+0000] {processor.py:176} INFO - Processing /home/airflow/.local/lib/python3.7/site-packages/airflow/example_dags/tutorial_dag.py took 0.089 seconds
[2024-07-01T17:12:33.029+0000] {processor.py:154} INFO - Started process (PID=1064) to work on /home/airflow/.local/lib/python3.7/site-packages/airflow/example_dags/tutorial_dag.py
[2024-07-01T17:12:33.030+0000] {processor.py:756} INFO - Processing file /home/airflow/.local/lib/python3.7/site-packages/airflow/example_dags/tutorial_dag.py for tasks to queue
[2024-07-01T17:12:33.031+0000] {logging_mixin.py:120} INFO - [2024-07-01T17:12:33.031+0000] {dagbag.py:537} INFO - Filling up the DagBag from /home/airflow/.local/lib/python3.7/site-packages/airflow/example_dags/tutorial_dag.py
[2024-07-01T17:12:33.043+0000] {processor.py:766} INFO - DAG(s) dict_keys(['tutorial_dag']) retrieved from /home/airflow/.local/lib/python3.7/site-packages/airflow/example_dags/tutorial_dag.py
[2024-07-01T17:12:33.077+0000] {logging_mixin.py:120} INFO - [2024-07-01T17:12:33.077+0000] {dag.py:2585} INFO - Sync 1 DAGs
[2024-07-01T17:12:33.099+0000] {logging_mixin.py:120} INFO - [2024-07-01T17:12:33.099+0000] {dag.py:3340} INFO - Setting next_dagrun for tutorial_dag to None, run_after=None
[2024-07-01T17:12:33.115+0000] {processor.py:176} INFO - Processing /home/airflow/.local/lib/python3.7/site-packages/airflow/example_dags/tutorial_dag.py took 0.089 seconds
[2024-07-01T17:13:03.551+0000] {processor.py:154} INFO - Started process (PID=1131) to work on /home/airflow/.local/lib/python3.7/site-packages/airflow/example_dags/tutorial_dag.py
[2024-07-01T17:13:03.554+0000] {processor.py:756} INFO - Processing file /home/airflow/.local/lib/python3.7/site-packages/airflow/example_dags/tutorial_dag.py for tasks to queue
[2024-07-01T17:13:03.556+0000] {logging_mixin.py:120} INFO - [2024-07-01T17:13:03.556+0000] {dagbag.py:537} INFO - Filling up the DagBag from /home/airflow/.local/lib/python3.7/site-packages/airflow/example_dags/tutorial_dag.py
[2024-07-01T17:13:03.571+0000] {processor.py:766} INFO - DAG(s) dict_keys(['tutorial_dag']) retrieved from /home/airflow/.local/lib/python3.7/site-packages/airflow/example_dags/tutorial_dag.py
[2024-07-01T17:13:03.609+0000] {logging_mixin.py:120} INFO - [2024-07-01T17:13:03.609+0000] {dag.py:2585} INFO - Sync 1 DAGs
[2024-07-01T17:13:03.633+0000] {logging_mixin.py:120} INFO - [2024-07-01T17:13:03.633+0000] {dag.py:3340} INFO - Setting next_dagrun for tutorial_dag to None, run_after=None
[2024-07-01T17:13:03.656+0000] {processor.py:176} INFO - Processing /home/airflow/.local/lib/python3.7/site-packages/airflow/example_dags/tutorial_dag.py took 0.108 seconds
[2024-07-01T17:13:34.228+0000] {processor.py:154} INFO - Started process (PID=1197) to work on /home/airflow/.local/lib/python3.7/site-packages/airflow/example_dags/tutorial_dag.py
[2024-07-01T17:13:34.229+0000] {processor.py:756} INFO - Processing file /home/airflow/.local/lib/python3.7/site-packages/airflow/example_dags/tutorial_dag.py for tasks to queue
[2024-07-01T17:13:34.230+0000] {logging_mixin.py:120} INFO - [2024-07-01T17:13:34.230+0000] {dagbag.py:537} INFO - Filling up the DagBag from /home/airflow/.local/lib/python3.7/site-packages/airflow/example_dags/tutorial_dag.py
[2024-07-01T17:13:34.241+0000] {processor.py:766} INFO - DAG(s) dict_keys(['tutorial_dag']) retrieved from /home/airflow/.local/lib/python3.7/site-packages/airflow/example_dags/tutorial_dag.py
[2024-07-01T17:13:34.277+0000] {logging_mixin.py:120} INFO - [2024-07-01T17:13:34.277+0000] {dag.py:2585} INFO - Sync 1 DAGs
[2024-07-01T17:13:34.298+0000] {logging_mixin.py:120} INFO - [2024-07-01T17:13:34.298+0000] {dag.py:3340} INFO - Setting next_dagrun for tutorial_dag to None, run_after=None
[2024-07-01T17:13:34.314+0000] {processor.py:176} INFO - Processing /home/airflow/.local/lib/python3.7/site-packages/airflow/example_dags/tutorial_dag.py took 0.089 seconds
[2024-07-01T17:14:04.909+0000] {processor.py:154} INFO - Started process (PID=1255) to work on /home/airflow/.local/lib/python3.7/site-packages/airflow/example_dags/tutorial_dag.py
[2024-07-01T17:14:04.910+0000] {processor.py:756} INFO - Processing file /home/airflow/.local/lib/python3.7/site-packages/airflow/example_dags/tutorial_dag.py for tasks to queue
[2024-07-01T17:14:04.910+0000] {logging_mixin.py:120} INFO - [2024-07-01T17:14:04.910+0000] {dagbag.py:537} INFO - Filling up the DagBag from /home/airflow/.local/lib/python3.7/site-packages/airflow/example_dags/tutorial_dag.py
[2024-07-01T17:14:04.922+0000] {processor.py:766} INFO - DAG(s) dict_keys(['tutorial_dag']) retrieved from /home/airflow/.local/lib/python3.7/site-packages/airflow/example_dags/tutorial_dag.py
[2024-07-01T17:14:04.957+0000] {logging_mixin.py:120} INFO - [2024-07-01T17:14:04.957+0000] {dag.py:2585} INFO - Sync 1 DAGs
[2024-07-01T17:14:04.980+0000] {logging_mixin.py:120} INFO - [2024-07-01T17:14:04.980+0000] {dag.py:3340} INFO - Setting next_dagrun for tutorial_dag to None, run_after=None
[2024-07-01T17:14:04.998+0000] {processor.py:176} INFO - Processing /home/airflow/.local/lib/python3.7/site-packages/airflow/example_dags/tutorial_dag.py took 0.092 seconds
[2024-07-01T17:14:35.491+0000] {processor.py:154} INFO - Started process (PID=1321) to work on /home/airflow/.local/lib/python3.7/site-packages/airflow/example_dags/tutorial_dag.py
[2024-07-01T17:14:35.492+0000] {processor.py:756} INFO - Processing file /home/airflow/.local/lib/python3.7/site-packages/airflow/example_dags/tutorial_dag.py for tasks to queue
[2024-07-01T17:14:35.493+0000] {logging_mixin.py:120} INFO - [2024-07-01T17:14:35.493+0000] {dagbag.py:537} INFO - Filling up the DagBag from /home/airflow/.local/lib/python3.7/site-packages/airflow/example_dags/tutorial_dag.py
[2024-07-01T17:14:35.505+0000] {processor.py:766} INFO - DAG(s) dict_keys(['tutorial_dag']) retrieved from /home/airflow/.local/lib/python3.7/site-packages/airflow/example_dags/tutorial_dag.py
[2024-07-01T17:14:35.539+0000] {logging_mixin.py:120} INFO - [2024-07-01T17:14:35.539+0000] {dag.py:2585} INFO - Sync 1 DAGs
[2024-07-01T17:14:35.560+0000] {logging_mixin.py:120} INFO - [2024-07-01T17:14:35.560+0000] {dag.py:3340} INFO - Setting next_dagrun for tutorial_dag to None, run_after=None
[2024-07-01T17:14:35.576+0000] {processor.py:176} INFO - Processing /home/airflow/.local/lib/python3.7/site-packages/airflow/example_dags/tutorial_dag.py took 0.089 seconds
[2024-07-01T17:15:06.136+0000] {processor.py:154} INFO - Started process (PID=1388) to work on /home/airflow/.local/lib/python3.7/site-packages/airflow/example_dags/tutorial_dag.py
[2024-07-01T17:15:06.137+0000] {processor.py:756} INFO - Processing file /home/airflow/.local/lib/python3.7/site-packages/airflow/example_dags/tutorial_dag.py for tasks to queue
[2024-07-01T17:15:06.138+0000] {logging_mixin.py:120} INFO - [2024-07-01T17:15:06.138+0000] {dagbag.py:537} INFO - Filling up the DagBag from /home/airflow/.local/lib/python3.7/site-packages/airflow/example_dags/tutorial_dag.py
[2024-07-01T17:15:06.149+0000] {processor.py:766} INFO - DAG(s) dict_keys(['tutorial_dag']) retrieved from /home/airflow/.local/lib/python3.7/site-packages/airflow/example_dags/tutorial_dag.py
[2024-07-01T17:15:06.184+0000] {logging_mixin.py:120} INFO - [2024-07-01T17:15:06.183+0000] {dag.py:2585} INFO - Sync 1 DAGs
[2024-07-01T17:15:06.207+0000] {logging_mixin.py:120} INFO - [2024-07-01T17:15:06.207+0000] {dag.py:3340} INFO - Setting next_dagrun for tutorial_dag to None, run_after=None
[2024-07-01T17:15:06.226+0000] {processor.py:176} INFO - Processing /home/airflow/.local/lib/python3.7/site-packages/airflow/example_dags/tutorial_dag.py took 0.093 seconds
[2024-07-01T17:15:36.729+0000] {processor.py:154} INFO - Started process (PID=1455) to work on /home/airflow/.local/lib/python3.7/site-packages/airflow/example_dags/tutorial_dag.py
[2024-07-01T17:15:36.730+0000] {processor.py:756} INFO - Processing file /home/airflow/.local/lib/python3.7/site-packages/airflow/example_dags/tutorial_dag.py for tasks to queue
[2024-07-01T17:15:36.732+0000] {logging_mixin.py:120} INFO - [2024-07-01T17:15:36.731+0000] {dagbag.py:537} INFO - Filling up the DagBag from /home/airflow/.local/lib/python3.7/site-packages/airflow/example_dags/tutorial_dag.py
[2024-07-01T17:15:36.744+0000] {processor.py:766} INFO - DAG(s) dict_keys(['tutorial_dag']) retrieved from /home/airflow/.local/lib/python3.7/site-packages/airflow/example_dags/tutorial_dag.py
[2024-07-01T17:15:36.781+0000] {logging_mixin.py:120} INFO - [2024-07-01T17:15:36.781+0000] {dag.py:2585} INFO - Sync 1 DAGs
[2024-07-01T17:15:36.803+0000] {logging_mixin.py:120} INFO - [2024-07-01T17:15:36.803+0000] {dag.py:3340} INFO - Setting next_dagrun for tutorial_dag to None, run_after=None
[2024-07-01T17:15:36.818+0000] {processor.py:176} INFO - Processing /home/airflow/.local/lib/python3.7/site-packages/airflow/example_dags/tutorial_dag.py took 0.092 seconds
[2024-07-01T17:16:07.418+0000] {processor.py:154} INFO - Started process (PID=1522) to work on /home/airflow/.local/lib/python3.7/site-packages/airflow/example_dags/tutorial_dag.py
[2024-07-01T17:16:07.420+0000] {processor.py:756} INFO - Processing file /home/airflow/.local/lib/python3.7/site-packages/airflow/example_dags/tutorial_dag.py for tasks to queue
[2024-07-01T17:16:07.421+0000] {logging_mixin.py:120} INFO - [2024-07-01T17:16:07.421+0000] {dagbag.py:537} INFO - Filling up the DagBag from /home/airflow/.local/lib/python3.7/site-packages/airflow/example_dags/tutorial_dag.py
[2024-07-01T17:16:07.434+0000] {processor.py:766} INFO - DAG(s) dict_keys(['tutorial_dag']) retrieved from /home/airflow/.local/lib/python3.7/site-packages/airflow/example_dags/tutorial_dag.py
[2024-07-01T17:16:07.472+0000] {logging_mixin.py:120} INFO - [2024-07-01T17:16:07.472+0000] {dag.py:2585} INFO - Sync 1 DAGs
[2024-07-01T17:16:07.495+0000] {logging_mixin.py:120} INFO - [2024-07-01T17:16:07.495+0000] {dag.py:3340} INFO - Setting next_dagrun for tutorial_dag to None, run_after=None
[2024-07-01T17:16:07.512+0000] {processor.py:176} INFO - Processing /home/airflow/.local/lib/python3.7/site-packages/airflow/example_dags/tutorial_dag.py took 0.097 seconds
[2024-07-01T17:16:38.198+0000] {processor.py:154} INFO - Started process (PID=1581) to work on /home/airflow/.local/lib/python3.7/site-packages/airflow/example_dags/tutorial_dag.py
[2024-07-01T17:16:38.199+0000] {processor.py:756} INFO - Processing file /home/airflow/.local/lib/python3.7/site-packages/airflow/example_dags/tutorial_dag.py for tasks to queue
[2024-07-01T17:16:38.199+0000] {logging_mixin.py:120} INFO - [2024-07-01T17:16:38.199+0000] {dagbag.py:537} INFO - Filling up the DagBag from /home/airflow/.local/lib/python3.7/site-packages/airflow/example_dags/tutorial_dag.py
[2024-07-01T17:16:38.212+0000] {processor.py:766} INFO - DAG(s) dict_keys(['tutorial_dag']) retrieved from /home/airflow/.local/lib/python3.7/site-packages/airflow/example_dags/tutorial_dag.py
[2024-07-01T17:16:38.247+0000] {logging_mixin.py:120} INFO - [2024-07-01T17:16:38.247+0000] {dag.py:2585} INFO - Sync 1 DAGs
[2024-07-01T17:16:38.274+0000] {logging_mixin.py:120} INFO - [2024-07-01T17:16:38.273+0000] {dag.py:3340} INFO - Setting next_dagrun for tutorial_dag to None, run_after=None
[2024-07-01T17:16:38.299+0000] {processor.py:176} INFO - Processing /home/airflow/.local/lib/python3.7/site-packages/airflow/example_dags/tutorial_dag.py took 0.105 seconds
[2024-07-01T17:17:08.879+0000] {processor.py:154} INFO - Started process (PID=1648) to work on /home/airflow/.local/lib/python3.7/site-packages/airflow/example_dags/tutorial_dag.py
[2024-07-01T17:17:08.880+0000] {processor.py:756} INFO - Processing file /home/airflow/.local/lib/python3.7/site-packages/airflow/example_dags/tutorial_dag.py for tasks to queue
[2024-07-01T17:17:08.881+0000] {logging_mixin.py:120} INFO - [2024-07-01T17:17:08.881+0000] {dagbag.py:537} INFO - Filling up the DagBag from /home/airflow/.local/lib/python3.7/site-packages/airflow/example_dags/tutorial_dag.py
[2024-07-01T17:17:08.893+0000] {processor.py:766} INFO - DAG(s) dict_keys(['tutorial_dag']) retrieved from /home/airflow/.local/lib/python3.7/site-packages/airflow/example_dags/tutorial_dag.py
[2024-07-01T17:17:08.928+0000] {logging_mixin.py:120} INFO - [2024-07-01T17:17:08.928+0000] {dag.py:2585} INFO - Sync 1 DAGs
[2024-07-01T17:17:08.950+0000] {logging_mixin.py:120} INFO - [2024-07-01T17:17:08.950+0000] {dag.py:3340} INFO - Setting next_dagrun for tutorial_dag to None, run_after=None
[2024-07-01T17:17:08.965+0000] {processor.py:176} INFO - Processing /home/airflow/.local/lib/python3.7/site-packages/airflow/example_dags/tutorial_dag.py took 0.089 seconds
[2024-07-01T17:17:39.523+0000] {processor.py:154} INFO - Started process (PID=1715) to work on /home/airflow/.local/lib/python3.7/site-packages/airflow/example_dags/tutorial_dag.py
[2024-07-01T17:17:39.524+0000] {processor.py:756} INFO - Processing file /home/airflow/.local/lib/python3.7/site-packages/airflow/example_dags/tutorial_dag.py for tasks to queue
[2024-07-01T17:17:39.525+0000] {logging_mixin.py:120} INFO - [2024-07-01T17:17:39.525+0000] {dagbag.py:537} INFO - Filling up the DagBag from /home/airflow/.local/lib/python3.7/site-packages/airflow/example_dags/tutorial_dag.py
[2024-07-01T17:17:39.537+0000] {processor.py:766} INFO - DAG(s) dict_keys(['tutorial_dag']) retrieved from /home/airflow/.local/lib/python3.7/site-packages/airflow/example_dags/tutorial_dag.py
[2024-07-01T17:17:39.574+0000] {logging_mixin.py:120} INFO - [2024-07-01T17:17:39.574+0000] {dag.py:2585} INFO - Sync 1 DAGs
[2024-07-01T17:17:39.597+0000] {logging_mixin.py:120} INFO - [2024-07-01T17:17:39.596+0000] {dag.py:3340} INFO - Setting next_dagrun for tutorial_dag to None, run_after=None
[2024-07-01T17:17:39.613+0000] {processor.py:176} INFO - Processing /home/airflow/.local/lib/python3.7/site-packages/airflow/example_dags/tutorial_dag.py took 0.093 seconds
[2024-07-01T17:18:10.239+0000] {processor.py:154} INFO - Started process (PID=1782) to work on /home/airflow/.local/lib/python3.7/site-packages/airflow/example_dags/tutorial_dag.py
[2024-07-01T17:18:10.240+0000] {processor.py:756} INFO - Processing file /home/airflow/.local/lib/python3.7/site-packages/airflow/example_dags/tutorial_dag.py for tasks to queue
[2024-07-01T17:18:10.241+0000] {logging_mixin.py:120} INFO - [2024-07-01T17:18:10.241+0000] {dagbag.py:537} INFO - Filling up the DagBag from /home/airflow/.local/lib/python3.7/site-packages/airflow/example_dags/tutorial_dag.py
[2024-07-01T17:18:10.254+0000] {processor.py:766} INFO - DAG(s) dict_keys(['tutorial_dag']) retrieved from /home/airflow/.local/lib/python3.7/site-packages/airflow/example_dags/tutorial_dag.py
[2024-07-01T17:18:10.293+0000] {logging_mixin.py:120} INFO - [2024-07-01T17:18:10.293+0000] {dag.py:2585} INFO - Sync 1 DAGs
[2024-07-01T17:18:10.317+0000] {logging_mixin.py:120} INFO - [2024-07-01T17:18:10.317+0000] {dag.py:3340} INFO - Setting next_dagrun for tutorial_dag to None, run_after=None
[2024-07-01T17:18:10.335+0000] {processor.py:176} INFO - Processing /home/airflow/.local/lib/python3.7/site-packages/airflow/example_dags/tutorial_dag.py took 0.100 seconds
[2024-07-01T17:18:41.016+0000] {processor.py:154} INFO - Started process (PID=1840) to work on /home/airflow/.local/lib/python3.7/site-packages/airflow/example_dags/tutorial_dag.py
[2024-07-01T17:18:41.017+0000] {processor.py:756} INFO - Processing file /home/airflow/.local/lib/python3.7/site-packages/airflow/example_dags/tutorial_dag.py for tasks to queue
[2024-07-01T17:18:41.019+0000] {logging_mixin.py:120} INFO - [2024-07-01T17:18:41.019+0000] {dagbag.py:537} INFO - Filling up the DagBag from /home/airflow/.local/lib/python3.7/site-packages/airflow/example_dags/tutorial_dag.py
[2024-07-01T17:18:41.032+0000] {processor.py:766} INFO - DAG(s) dict_keys(['tutorial_dag']) retrieved from /home/airflow/.local/lib/python3.7/site-packages/airflow/example_dags/tutorial_dag.py
[2024-07-01T17:18:41.073+0000] {logging_mixin.py:120} INFO - [2024-07-01T17:18:41.072+0000] {dag.py:2585} INFO - Sync 1 DAGs
[2024-07-01T17:18:41.095+0000] {logging_mixin.py:120} INFO - [2024-07-01T17:18:41.095+0000] {dag.py:3340} INFO - Setting next_dagrun for tutorial_dag to None, run_after=None
[2024-07-01T17:18:41.111+0000] {processor.py:176} INFO - Processing /home/airflow/.local/lib/python3.7/site-packages/airflow/example_dags/tutorial_dag.py took 0.098 seconds
[2024-07-01T17:19:11.816+0000] {processor.py:154} INFO - Started process (PID=1907) to work on /home/airflow/.local/lib/python3.7/site-packages/airflow/example_dags/tutorial_dag.py
[2024-07-01T17:19:11.817+0000] {processor.py:756} INFO - Processing file /home/airflow/.local/lib/python3.7/site-packages/airflow/example_dags/tutorial_dag.py for tasks to queue
[2024-07-01T17:19:11.818+0000] {logging_mixin.py:120} INFO - [2024-07-01T17:19:11.818+0000] {dagbag.py:537} INFO - Filling up the DagBag from /home/airflow/.local/lib/python3.7/site-packages/airflow/example_dags/tutorial_dag.py
[2024-07-01T17:19:11.830+0000] {processor.py:766} INFO - DAG(s) dict_keys(['tutorial_dag']) retrieved from /home/airflow/.local/lib/python3.7/site-packages/airflow/example_dags/tutorial_dag.py
[2024-07-01T17:19:11.864+0000] {logging_mixin.py:120} INFO - [2024-07-01T17:19:11.864+0000] {dag.py:2585} INFO - Sync 1 DAGs
[2024-07-01T17:19:11.889+0000] {logging_mixin.py:120} INFO - [2024-07-01T17:19:11.889+0000] {dag.py:3340} INFO - Setting next_dagrun for tutorial_dag to None, run_after=None
[2024-07-01T17:19:11.907+0000] {processor.py:176} INFO - Processing /home/airflow/.local/lib/python3.7/site-packages/airflow/example_dags/tutorial_dag.py took 0.095 seconds
[2024-07-01T17:19:42.656+0000] {processor.py:154} INFO - Started process (PID=1976) to work on /home/airflow/.local/lib/python3.7/site-packages/airflow/example_dags/tutorial_dag.py
[2024-07-01T17:19:42.658+0000] {processor.py:756} INFO - Processing file /home/airflow/.local/lib/python3.7/site-packages/airflow/example_dags/tutorial_dag.py for tasks to queue
[2024-07-01T17:19:42.659+0000] {logging_mixin.py:120} INFO - [2024-07-01T17:19:42.658+0000] {dagbag.py:537} INFO - Filling up the DagBag from /home/airflow/.local/lib/python3.7/site-packages/airflow/example_dags/tutorial_dag.py
[2024-07-01T17:19:42.676+0000] {processor.py:766} INFO - DAG(s) dict_keys(['tutorial_dag']) retrieved from /home/airflow/.local/lib/python3.7/site-packages/airflow/example_dags/tutorial_dag.py
[2024-07-01T17:19:42.717+0000] {logging_mixin.py:120} INFO - [2024-07-01T17:19:42.717+0000] {dag.py:2585} INFO - Sync 1 DAGs
[2024-07-01T17:19:42.742+0000] {logging_mixin.py:120} INFO - [2024-07-01T17:19:42.742+0000] {dag.py:3340} INFO - Setting next_dagrun for tutorial_dag to None, run_after=None
[2024-07-01T17:19:42.761+0000] {processor.py:176} INFO - Processing /home/airflow/.local/lib/python3.7/site-packages/airflow/example_dags/tutorial_dag.py took 0.107 seconds
[2024-07-01T17:20:13.791+0000] {processor.py:154} INFO - Started process (PID=2044) to work on /home/airflow/.local/lib/python3.7/site-packages/airflow/example_dags/tutorial_dag.py
[2024-07-01T17:20:13.792+0000] {processor.py:756} INFO - Processing file /home/airflow/.local/lib/python3.7/site-packages/airflow/example_dags/tutorial_dag.py for tasks to queue
[2024-07-01T17:20:13.793+0000] {logging_mixin.py:120} INFO - [2024-07-01T17:20:13.792+0000] {dagbag.py:537} INFO - Filling up the DagBag from /home/airflow/.local/lib/python3.7/site-packages/airflow/example_dags/tutorial_dag.py
[2024-07-01T17:20:13.805+0000] {processor.py:766} INFO - DAG(s) dict_keys(['tutorial_dag']) retrieved from /home/airflow/.local/lib/python3.7/site-packages/airflow/example_dags/tutorial_dag.py
[2024-07-01T17:20:13.840+0000] {logging_mixin.py:120} INFO - [2024-07-01T17:20:13.840+0000] {dag.py:2585} INFO - Sync 1 DAGs
[2024-07-01T17:20:13.863+0000] {logging_mixin.py:120} INFO - [2024-07-01T17:20:13.863+0000] {dag.py:3340} INFO - Setting next_dagrun for tutorial_dag to None, run_after=None
[2024-07-01T17:20:13.881+0000] {processor.py:176} INFO - Processing /home/airflow/.local/lib/python3.7/site-packages/airflow/example_dags/tutorial_dag.py took 0.093 seconds
[2024-07-01T17:20:44.535+0000] {processor.py:154} INFO - Started process (PID=2102) to work on /home/airflow/.local/lib/python3.7/site-packages/airflow/example_dags/tutorial_dag.py
[2024-07-01T17:20:44.536+0000] {processor.py:756} INFO - Processing file /home/airflow/.local/lib/python3.7/site-packages/airflow/example_dags/tutorial_dag.py for tasks to queue
[2024-07-01T17:20:44.537+0000] {logging_mixin.py:120} INFO - [2024-07-01T17:20:44.536+0000] {dagbag.py:537} INFO - Filling up the DagBag from /home/airflow/.local/lib/python3.7/site-packages/airflow/example_dags/tutorial_dag.py
[2024-07-01T17:20:44.548+0000] {processor.py:766} INFO - DAG(s) dict_keys(['tutorial_dag']) retrieved from /home/airflow/.local/lib/python3.7/site-packages/airflow/example_dags/tutorial_dag.py
[2024-07-01T17:20:44.582+0000] {logging_mixin.py:120} INFO - [2024-07-01T17:20:44.582+0000] {dag.py:2585} INFO - Sync 1 DAGs
[2024-07-01T17:20:44.604+0000] {logging_mixin.py:120} INFO - [2024-07-01T17:20:44.604+0000] {dag.py:3340} INFO - Setting next_dagrun for tutorial_dag to None, run_after=None
[2024-07-01T17:20:44.620+0000] {processor.py:176} INFO - Processing /home/airflow/.local/lib/python3.7/site-packages/airflow/example_dags/tutorial_dag.py took 0.089 seconds
[2024-07-01T17:21:15.079+0000] {processor.py:154} INFO - Started process (PID=2168) to work on /home/airflow/.local/lib/python3.7/site-packages/airflow/example_dags/tutorial_dag.py
[2024-07-01T17:21:15.080+0000] {processor.py:756} INFO - Processing file /home/airflow/.local/lib/python3.7/site-packages/airflow/example_dags/tutorial_dag.py for tasks to queue
[2024-07-01T17:21:15.080+0000] {logging_mixin.py:120} INFO - [2024-07-01T17:21:15.080+0000] {dagbag.py:537} INFO - Filling up the DagBag from /home/airflow/.local/lib/python3.7/site-packages/airflow/example_dags/tutorial_dag.py
[2024-07-01T17:21:15.092+0000] {processor.py:766} INFO - DAG(s) dict_keys(['tutorial_dag']) retrieved from /home/airflow/.local/lib/python3.7/site-packages/airflow/example_dags/tutorial_dag.py
[2024-07-01T17:21:15.128+0000] {logging_mixin.py:120} INFO - [2024-07-01T17:21:15.128+0000] {dag.py:2585} INFO - Sync 1 DAGs
[2024-07-01T17:21:15.150+0000] {logging_mixin.py:120} INFO - [2024-07-01T17:21:15.149+0000] {dag.py:3340} INFO - Setting next_dagrun for tutorial_dag to None, run_after=None
[2024-07-01T17:21:15.165+0000] {processor.py:176} INFO - Processing /home/airflow/.local/lib/python3.7/site-packages/airflow/example_dags/tutorial_dag.py took 0.090 seconds
[2024-07-01T17:21:45.576+0000] {processor.py:154} INFO - Started process (PID=2235) to work on /home/airflow/.local/lib/python3.7/site-packages/airflow/example_dags/tutorial_dag.py
[2024-07-01T17:21:45.577+0000] {processor.py:756} INFO - Processing file /home/airflow/.local/lib/python3.7/site-packages/airflow/example_dags/tutorial_dag.py for tasks to queue
[2024-07-01T17:21:45.578+0000] {logging_mixin.py:120} INFO - [2024-07-01T17:21:45.578+0000] {dagbag.py:537} INFO - Filling up the DagBag from /home/airflow/.local/lib/python3.7/site-packages/airflow/example_dags/tutorial_dag.py
[2024-07-01T17:21:45.590+0000] {processor.py:766} INFO - DAG(s) dict_keys(['tutorial_dag']) retrieved from /home/airflow/.local/lib/python3.7/site-packages/airflow/example_dags/tutorial_dag.py
[2024-07-01T17:21:45.625+0000] {logging_mixin.py:120} INFO - [2024-07-01T17:21:45.625+0000] {dag.py:2585} INFO - Sync 1 DAGs
[2024-07-01T17:21:45.647+0000] {logging_mixin.py:120} INFO - [2024-07-01T17:21:45.646+0000] {dag.py:3340} INFO - Setting next_dagrun for tutorial_dag to None, run_after=None
[2024-07-01T17:21:45.662+0000] {processor.py:176} INFO - Processing /home/airflow/.local/lib/python3.7/site-packages/airflow/example_dags/tutorial_dag.py took 0.090 seconds
[2024-07-01T17:22:16.131+0000] {processor.py:154} INFO - Started process (PID=2303) to work on /home/airflow/.local/lib/python3.7/site-packages/airflow/example_dags/tutorial_dag.py
[2024-07-01T17:22:16.132+0000] {processor.py:756} INFO - Processing file /home/airflow/.local/lib/python3.7/site-packages/airflow/example_dags/tutorial_dag.py for tasks to queue
[2024-07-01T17:22:16.133+0000] {logging_mixin.py:120} INFO - [2024-07-01T17:22:16.132+0000] {dagbag.py:537} INFO - Filling up the DagBag from /home/airflow/.local/lib/python3.7/site-packages/airflow/example_dags/tutorial_dag.py
[2024-07-01T17:22:16.145+0000] {processor.py:766} INFO - DAG(s) dict_keys(['tutorial_dag']) retrieved from /home/airflow/.local/lib/python3.7/site-packages/airflow/example_dags/tutorial_dag.py
[2024-07-01T17:22:16.179+0000] {logging_mixin.py:120} INFO - [2024-07-01T17:22:16.179+0000] {dag.py:2585} INFO - Sync 1 DAGs
[2024-07-01T17:22:16.201+0000] {logging_mixin.py:120} INFO - [2024-07-01T17:22:16.201+0000] {dag.py:3340} INFO - Setting next_dagrun for tutorial_dag to None, run_after=None
[2024-07-01T17:22:16.218+0000] {processor.py:176} INFO - Processing /home/airflow/.local/lib/python3.7/site-packages/airflow/example_dags/tutorial_dag.py took 0.091 seconds
[2024-07-01T17:22:46.801+0000] {processor.py:154} INFO - Started process (PID=2370) to work on /home/airflow/.local/lib/python3.7/site-packages/airflow/example_dags/tutorial_dag.py
[2024-07-01T17:22:46.802+0000] {processor.py:756} INFO - Processing file /home/airflow/.local/lib/python3.7/site-packages/airflow/example_dags/tutorial_dag.py for tasks to queue
[2024-07-01T17:22:46.805+0000] {logging_mixin.py:120} INFO - [2024-07-01T17:22:46.805+0000] {dagbag.py:537} INFO - Filling up the DagBag from /home/airflow/.local/lib/python3.7/site-packages/airflow/example_dags/tutorial_dag.py
[2024-07-01T17:22:46.820+0000] {processor.py:766} INFO - DAG(s) dict_keys(['tutorial_dag']) retrieved from /home/airflow/.local/lib/python3.7/site-packages/airflow/example_dags/tutorial_dag.py
[2024-07-01T17:22:46.858+0000] {logging_mixin.py:120} INFO - [2024-07-01T17:22:46.858+0000] {dag.py:2585} INFO - Sync 1 DAGs
[2024-07-01T17:22:46.882+0000] {logging_mixin.py:120} INFO - [2024-07-01T17:22:46.882+0000] {dag.py:3340} INFO - Setting next_dagrun for tutorial_dag to None, run_after=None
[2024-07-01T17:22:46.900+0000] {processor.py:176} INFO - Processing /home/airflow/.local/lib/python3.7/site-packages/airflow/example_dags/tutorial_dag.py took 0.103 seconds
[2024-07-01T17:23:17.684+0000] {processor.py:154} INFO - Started process (PID=2428) to work on /home/airflow/.local/lib/python3.7/site-packages/airflow/example_dags/tutorial_dag.py
[2024-07-01T17:23:17.685+0000] {processor.py:756} INFO - Processing file /home/airflow/.local/lib/python3.7/site-packages/airflow/example_dags/tutorial_dag.py for tasks to queue
[2024-07-01T17:23:17.686+0000] {logging_mixin.py:120} INFO - [2024-07-01T17:23:17.685+0000] {dagbag.py:537} INFO - Filling up the DagBag from /home/airflow/.local/lib/python3.7/site-packages/airflow/example_dags/tutorial_dag.py
[2024-07-01T17:23:17.699+0000] {processor.py:766} INFO - DAG(s) dict_keys(['tutorial_dag']) retrieved from /home/airflow/.local/lib/python3.7/site-packages/airflow/example_dags/tutorial_dag.py
[2024-07-01T17:23:17.738+0000] {logging_mixin.py:120} INFO - [2024-07-01T17:23:17.738+0000] {dag.py:2585} INFO - Sync 1 DAGs
[2024-07-01T17:23:17.762+0000] {logging_mixin.py:120} INFO - [2024-07-01T17:23:17.761+0000] {dag.py:3340} INFO - Setting next_dagrun for tutorial_dag to None, run_after=None
[2024-07-01T17:23:17.779+0000] {processor.py:176} INFO - Processing /home/airflow/.local/lib/python3.7/site-packages/airflow/example_dags/tutorial_dag.py took 0.098 seconds
[2024-07-01T17:23:48.468+0000] {processor.py:154} INFO - Started process (PID=2495) to work on /home/airflow/.local/lib/python3.7/site-packages/airflow/example_dags/tutorial_dag.py
[2024-07-01T17:23:48.469+0000] {processor.py:756} INFO - Processing file /home/airflow/.local/lib/python3.7/site-packages/airflow/example_dags/tutorial_dag.py for tasks to queue
[2024-07-01T17:23:48.470+0000] {logging_mixin.py:120} INFO - [2024-07-01T17:23:48.470+0000] {dagbag.py:537} INFO - Filling up the DagBag from /home/airflow/.local/lib/python3.7/site-packages/airflow/example_dags/tutorial_dag.py
[2024-07-01T17:23:48.484+0000] {processor.py:766} INFO - DAG(s) dict_keys(['tutorial_dag']) retrieved from /home/airflow/.local/lib/python3.7/site-packages/airflow/example_dags/tutorial_dag.py
[2024-07-01T17:23:48.526+0000] {logging_mixin.py:120} INFO - [2024-07-01T17:23:48.526+0000] {dag.py:2585} INFO - Sync 1 DAGs
[2024-07-01T17:23:48.550+0000] {logging_mixin.py:120} INFO - [2024-07-01T17:23:48.550+0000] {dag.py:3340} INFO - Setting next_dagrun for tutorial_dag to None, run_after=None
[2024-07-01T17:23:48.567+0000] {processor.py:176} INFO - Processing /home/airflow/.local/lib/python3.7/site-packages/airflow/example_dags/tutorial_dag.py took 0.103 seconds
[2024-07-01T17:24:19.443+0000] {processor.py:154} INFO - Started process (PID=2562) to work on /home/airflow/.local/lib/python3.7/site-packages/airflow/example_dags/tutorial_dag.py
[2024-07-01T17:24:19.444+0000] {processor.py:756} INFO - Processing file /home/airflow/.local/lib/python3.7/site-packages/airflow/example_dags/tutorial_dag.py for tasks to queue
[2024-07-01T17:24:19.445+0000] {logging_mixin.py:120} INFO - [2024-07-01T17:24:19.445+0000] {dagbag.py:537} INFO - Filling up the DagBag from /home/airflow/.local/lib/python3.7/site-packages/airflow/example_dags/tutorial_dag.py
[2024-07-01T17:24:19.457+0000] {processor.py:766} INFO - DAG(s) dict_keys(['tutorial_dag']) retrieved from /home/airflow/.local/lib/python3.7/site-packages/airflow/example_dags/tutorial_dag.py
[2024-07-01T17:24:19.494+0000] {logging_mixin.py:120} INFO - [2024-07-01T17:24:19.494+0000] {dag.py:2585} INFO - Sync 1 DAGs
[2024-07-01T17:24:19.519+0000] {logging_mixin.py:120} INFO - [2024-07-01T17:24:19.519+0000] {dag.py:3340} INFO - Setting next_dagrun for tutorial_dag to None, run_after=None
[2024-07-01T17:24:19.541+0000] {processor.py:176} INFO - Processing /home/airflow/.local/lib/python3.7/site-packages/airflow/example_dags/tutorial_dag.py took 0.101 seconds
[2024-07-01T17:24:50.466+0000] {processor.py:154} INFO - Started process (PID=2629) to work on /home/airflow/.local/lib/python3.7/site-packages/airflow/example_dags/tutorial_dag.py
[2024-07-01T17:24:50.467+0000] {processor.py:756} INFO - Processing file /home/airflow/.local/lib/python3.7/site-packages/airflow/example_dags/tutorial_dag.py for tasks to queue
[2024-07-01T17:24:50.468+0000] {logging_mixin.py:120} INFO - [2024-07-01T17:24:50.468+0000] {dagbag.py:537} INFO - Filling up the DagBag from /home/airflow/.local/lib/python3.7/site-packages/airflow/example_dags/tutorial_dag.py
[2024-07-01T17:24:50.481+0000] {processor.py:766} INFO - DAG(s) dict_keys(['tutorial_dag']) retrieved from /home/airflow/.local/lib/python3.7/site-packages/airflow/example_dags/tutorial_dag.py
[2024-07-01T17:24:50.518+0000] {logging_mixin.py:120} INFO - [2024-07-01T17:24:50.518+0000] {dag.py:2585} INFO - Sync 1 DAGs
[2024-07-01T17:24:50.542+0000] {logging_mixin.py:120} INFO - [2024-07-01T17:24:50.542+0000] {dag.py:3340} INFO - Setting next_dagrun for tutorial_dag to None, run_after=None
[2024-07-01T17:24:50.560+0000] {processor.py:176} INFO - Processing /home/airflow/.local/lib/python3.7/site-packages/airflow/example_dags/tutorial_dag.py took 0.097 seconds
[2024-07-01T17:25:21.384+0000] {processor.py:154} INFO - Started process (PID=2694) to work on /home/airflow/.local/lib/python3.7/site-packages/airflow/example_dags/tutorial_dag.py
[2024-07-01T17:25:21.385+0000] {processor.py:756} INFO - Processing file /home/airflow/.local/lib/python3.7/site-packages/airflow/example_dags/tutorial_dag.py for tasks to queue
[2024-07-01T17:25:21.386+0000] {logging_mixin.py:120} INFO - [2024-07-01T17:25:21.386+0000] {dagbag.py:537} INFO - Filling up the DagBag from /home/airflow/.local/lib/python3.7/site-packages/airflow/example_dags/tutorial_dag.py
[2024-07-01T17:25:21.399+0000] {processor.py:766} INFO - DAG(s) dict_keys(['tutorial_dag']) retrieved from /home/airflow/.local/lib/python3.7/site-packages/airflow/example_dags/tutorial_dag.py
[2024-07-01T17:25:21.436+0000] {logging_mixin.py:120} INFO - [2024-07-01T17:25:21.436+0000] {dag.py:2585} INFO - Sync 1 DAGs
[2024-07-01T17:25:21.459+0000] {logging_mixin.py:120} INFO - [2024-07-01T17:25:21.459+0000] {dag.py:3340} INFO - Setting next_dagrun for tutorial_dag to None, run_after=None
[2024-07-01T17:25:21.478+0000] {processor.py:176} INFO - Processing /home/airflow/.local/lib/python3.7/site-packages/airflow/example_dags/tutorial_dag.py took 0.097 seconds
[2024-07-01T17:25:52.280+0000] {processor.py:154} INFO - Started process (PID=2754) to work on /home/airflow/.local/lib/python3.7/site-packages/airflow/example_dags/tutorial_dag.py
[2024-07-01T17:25:52.281+0000] {processor.py:756} INFO - Processing file /home/airflow/.local/lib/python3.7/site-packages/airflow/example_dags/tutorial_dag.py for tasks to queue
[2024-07-01T17:25:52.282+0000] {logging_mixin.py:120} INFO - [2024-07-01T17:25:52.282+0000] {dagbag.py:537} INFO - Filling up the DagBag from /home/airflow/.local/lib/python3.7/site-packages/airflow/example_dags/tutorial_dag.py
[2024-07-01T17:25:52.294+0000] {processor.py:766} INFO - DAG(s) dict_keys(['tutorial_dag']) retrieved from /home/airflow/.local/lib/python3.7/site-packages/airflow/example_dags/tutorial_dag.py
[2024-07-01T17:25:52.333+0000] {logging_mixin.py:120} INFO - [2024-07-01T17:25:52.332+0000] {dag.py:2585} INFO - Sync 1 DAGs
[2024-07-01T17:25:52.356+0000] {logging_mixin.py:120} INFO - [2024-07-01T17:25:52.356+0000] {dag.py:3340} INFO - Setting next_dagrun for tutorial_dag to None, run_after=None
[2024-07-01T17:25:52.373+0000] {processor.py:176} INFO - Processing /home/airflow/.local/lib/python3.7/site-packages/airflow/example_dags/tutorial_dag.py took 0.096 seconds
[2024-07-01T17:26:22.914+0000] {processor.py:154} INFO - Started process (PID=2821) to work on /home/airflow/.local/lib/python3.7/site-packages/airflow/example_dags/tutorial_dag.py
[2024-07-01T17:26:22.915+0000] {processor.py:756} INFO - Processing file /home/airflow/.local/lib/python3.7/site-packages/airflow/example_dags/tutorial_dag.py for tasks to queue
[2024-07-01T17:26:22.916+0000] {logging_mixin.py:120} INFO - [2024-07-01T17:26:22.916+0000] {dagbag.py:537} INFO - Filling up the DagBag from /home/airflow/.local/lib/python3.7/site-packages/airflow/example_dags/tutorial_dag.py
[2024-07-01T17:26:22.928+0000] {processor.py:766} INFO - DAG(s) dict_keys(['tutorial_dag']) retrieved from /home/airflow/.local/lib/python3.7/site-packages/airflow/example_dags/tutorial_dag.py
[2024-07-01T17:26:22.962+0000] {logging_mixin.py:120} INFO - [2024-07-01T17:26:22.962+0000] {dag.py:2585} INFO - Sync 1 DAGs
[2024-07-01T17:26:22.983+0000] {logging_mixin.py:120} INFO - [2024-07-01T17:26:22.983+0000] {dag.py:3340} INFO - Setting next_dagrun for tutorial_dag to None, run_after=None
[2024-07-01T17:26:23.000+0000] {processor.py:176} INFO - Processing /home/airflow/.local/lib/python3.7/site-packages/airflow/example_dags/tutorial_dag.py took 0.089 seconds
[2024-07-01T17:26:53.426+0000] {processor.py:154} INFO - Started process (PID=2888) to work on /home/airflow/.local/lib/python3.7/site-packages/airflow/example_dags/tutorial_dag.py
[2024-07-01T17:26:53.427+0000] {processor.py:756} INFO - Processing file /home/airflow/.local/lib/python3.7/site-packages/airflow/example_dags/tutorial_dag.py for tasks to queue
[2024-07-01T17:26:53.428+0000] {logging_mixin.py:120} INFO - [2024-07-01T17:26:53.428+0000] {dagbag.py:537} INFO - Filling up the DagBag from /home/airflow/.local/lib/python3.7/site-packages/airflow/example_dags/tutorial_dag.py
[2024-07-01T17:26:53.439+0000] {processor.py:766} INFO - DAG(s) dict_keys(['tutorial_dag']) retrieved from /home/airflow/.local/lib/python3.7/site-packages/airflow/example_dags/tutorial_dag.py
[2024-07-01T17:26:53.475+0000] {logging_mixin.py:120} INFO - [2024-07-01T17:26:53.475+0000] {dag.py:2585} INFO - Sync 1 DAGs
[2024-07-01T17:26:53.498+0000] {logging_mixin.py:120} INFO - [2024-07-01T17:26:53.498+0000] {dag.py:3340} INFO - Setting next_dagrun for tutorial_dag to None, run_after=None
[2024-07-01T17:26:53.514+0000] {processor.py:176} INFO - Processing /home/airflow/.local/lib/python3.7/site-packages/airflow/example_dags/tutorial_dag.py took 0.091 seconds
[2024-07-01T17:27:23.999+0000] {processor.py:154} INFO - Started process (PID=2955) to work on /home/airflow/.local/lib/python3.7/site-packages/airflow/example_dags/tutorial_dag.py
[2024-07-01T17:27:24.000+0000] {processor.py:756} INFO - Processing file /home/airflow/.local/lib/python3.7/site-packages/airflow/example_dags/tutorial_dag.py for tasks to queue
[2024-07-01T17:27:24.001+0000] {logging_mixin.py:120} INFO - [2024-07-01T17:27:24.001+0000] {dagbag.py:537} INFO - Filling up the DagBag from /home/airflow/.local/lib/python3.7/site-packages/airflow/example_dags/tutorial_dag.py
[2024-07-01T17:27:24.013+0000] {processor.py:766} INFO - DAG(s) dict_keys(['tutorial_dag']) retrieved from /home/airflow/.local/lib/python3.7/site-packages/airflow/example_dags/tutorial_dag.py
[2024-07-01T17:27:24.050+0000] {logging_mixin.py:120} INFO - [2024-07-01T17:27:24.049+0000] {dag.py:2585} INFO - Sync 1 DAGs
[2024-07-01T17:27:24.071+0000] {logging_mixin.py:120} INFO - [2024-07-01T17:27:24.071+0000] {dag.py:3340} INFO - Setting next_dagrun for tutorial_dag to None, run_after=None
[2024-07-01T17:27:24.087+0000] {processor.py:176} INFO - Processing /home/airflow/.local/lib/python3.7/site-packages/airflow/example_dags/tutorial_dag.py took 0.091 seconds
[2024-07-01T17:27:54.495+0000] {processor.py:154} INFO - Started process (PID=3013) to work on /home/airflow/.local/lib/python3.7/site-packages/airflow/example_dags/tutorial_dag.py
[2024-07-01T17:27:54.496+0000] {processor.py:756} INFO - Processing file /home/airflow/.local/lib/python3.7/site-packages/airflow/example_dags/tutorial_dag.py for tasks to queue
[2024-07-01T17:27:54.496+0000] {logging_mixin.py:120} INFO - [2024-07-01T17:27:54.496+0000] {dagbag.py:537} INFO - Filling up the DagBag from /home/airflow/.local/lib/python3.7/site-packages/airflow/example_dags/tutorial_dag.py
[2024-07-01T17:27:54.509+0000] {processor.py:766} INFO - DAG(s) dict_keys(['tutorial_dag']) retrieved from /home/airflow/.local/lib/python3.7/site-packages/airflow/example_dags/tutorial_dag.py
[2024-07-01T17:27:54.545+0000] {logging_mixin.py:120} INFO - [2024-07-01T17:27:54.545+0000] {dag.py:2585} INFO - Sync 1 DAGs
[2024-07-01T17:27:54.567+0000] {logging_mixin.py:120} INFO - [2024-07-01T17:27:54.566+0000] {dag.py:3340} INFO - Setting next_dagrun for tutorial_dag to None, run_after=None
[2024-07-01T17:27:54.582+0000] {processor.py:176} INFO - Processing /home/airflow/.local/lib/python3.7/site-packages/airflow/example_dags/tutorial_dag.py took 0.091 seconds
[2024-07-01T17:28:24.940+0000] {processor.py:154} INFO - Started process (PID=3080) to work on /home/airflow/.local/lib/python3.7/site-packages/airflow/example_dags/tutorial_dag.py
[2024-07-01T17:28:24.940+0000] {processor.py:756} INFO - Processing file /home/airflow/.local/lib/python3.7/site-packages/airflow/example_dags/tutorial_dag.py for tasks to queue
[2024-07-01T17:28:24.941+0000] {logging_mixin.py:120} INFO - [2024-07-01T17:28:24.941+0000] {dagbag.py:537} INFO - Filling up the DagBag from /home/airflow/.local/lib/python3.7/site-packages/airflow/example_dags/tutorial_dag.py
[2024-07-01T17:28:24.953+0000] {processor.py:766} INFO - DAG(s) dict_keys(['tutorial_dag']) retrieved from /home/airflow/.local/lib/python3.7/site-packages/airflow/example_dags/tutorial_dag.py
[2024-07-01T17:28:24.992+0000] {logging_mixin.py:120} INFO - [2024-07-01T17:28:24.992+0000] {dag.py:2585} INFO - Sync 1 DAGs
[2024-07-01T17:28:25.014+0000] {logging_mixin.py:120} INFO - [2024-07-01T17:28:25.014+0000] {dag.py:3340} INFO - Setting next_dagrun for tutorial_dag to None, run_after=None
[2024-07-01T17:28:25.030+0000] {processor.py:176} INFO - Processing /home/airflow/.local/lib/python3.7/site-packages/airflow/example_dags/tutorial_dag.py took 0.093 seconds
[2024-07-01T17:34:08.471+0000] {processor.py:154} INFO - Started process (PID=72) to work on /home/airflow/.local/lib/python3.7/site-packages/airflow/example_dags/tutorial_dag.py
[2024-07-01T17:34:08.473+0000] {processor.py:756} INFO - Processing file /home/airflow/.local/lib/python3.7/site-packages/airflow/example_dags/tutorial_dag.py for tasks to queue
[2024-07-01T17:34:08.475+0000] {logging_mixin.py:120} INFO - [2024-07-01T17:34:08.475+0000] {dagbag.py:537} INFO - Filling up the DagBag from /home/airflow/.local/lib/python3.7/site-packages/airflow/example_dags/tutorial_dag.py
[2024-07-01T17:34:08.505+0000] {processor.py:766} INFO - DAG(s) dict_keys(['tutorial_dag']) retrieved from /home/airflow/.local/lib/python3.7/site-packages/airflow/example_dags/tutorial_dag.py
[2024-07-01T17:34:08.574+0000] {logging_mixin.py:120} INFO - [2024-07-01T17:34:08.574+0000] {dag.py:2585} INFO - Sync 1 DAGs
[2024-07-01T17:34:08.604+0000] {logging_mixin.py:120} INFO - [2024-07-01T17:34:08.603+0000] {dag.py:3340} INFO - Setting next_dagrun for tutorial_dag to None, run_after=None
[2024-07-01T17:34:08.629+0000] {processor.py:176} INFO - Processing /home/airflow/.local/lib/python3.7/site-packages/airflow/example_dags/tutorial_dag.py took 0.164 seconds
