[2024-07-06T21:00:15.048+0000] {processor.py:154} INFO - Started process (PID=394) to work on /opt/airflow/dags/xcom_dag.py
[2024-07-06T21:00:15.049+0000] {processor.py:756} INFO - Processing file /opt/airflow/dags/xcom_dag.py for tasks to queue
[2024-07-06T21:00:15.050+0000] {logging_mixin.py:120} INFO - [2024-07-06T21:00:15.050+0000] {dagbag.py:537} INFO - Filling up the DagBag from /opt/airflow/dags/xcom_dag.py
[2024-07-06T21:00:15.072+0000] {processor.py:766} INFO - DAG(s) dict_keys(['xcom_dag']) retrieved from /opt/airflow/dags/xcom_dag.py
[2024-07-06T21:00:15.211+0000] {logging_mixin.py:120} INFO - [2024-07-06T21:00:15.211+0000] {manager.py:507} INFO - Created Permission View: can read on DAG:xcom_dag
[2024-07-06T21:00:15.219+0000] {logging_mixin.py:120} INFO - [2024-07-06T21:00:15.219+0000] {manager.py:507} INFO - Created Permission View: can delete on DAG:xcom_dag
[2024-07-06T21:00:15.226+0000] {logging_mixin.py:120} INFO - [2024-07-06T21:00:15.225+0000] {manager.py:507} INFO - Created Permission View: can edit on DAG:xcom_dag
[2024-07-06T21:00:15.226+0000] {logging_mixin.py:120} INFO - [2024-07-06T21:00:15.226+0000] {dag.py:2585} INFO - Sync 1 DAGs
[2024-07-06T21:00:15.239+0000] {logging_mixin.py:120} INFO - [2024-07-06T21:00:15.239+0000] {dag.py:2606} INFO - Creating ORM DAG for xcom_dag
[2024-07-06T21:00:15.251+0000] {logging_mixin.py:120} INFO - [2024-07-06T21:00:15.250+0000] {dag.py:3340} INFO - Setting next_dagrun for xcom_dag to 2024-07-05T00:00:00+00:00, run_after=2024-07-06T00:00:00+00:00
[2024-07-06T21:00:15.269+0000] {processor.py:176} INFO - Processing /opt/airflow/dags/xcom_dag.py took 0.224 seconds
[2024-07-06T21:00:45.579+0000] {processor.py:154} INFO - Started process (PID=423) to work on /opt/airflow/dags/xcom_dag.py
[2024-07-06T21:00:45.580+0000] {processor.py:756} INFO - Processing file /opt/airflow/dags/xcom_dag.py for tasks to queue
[2024-07-06T21:00:45.581+0000] {logging_mixin.py:120} INFO - [2024-07-06T21:00:45.580+0000] {dagbag.py:537} INFO - Filling up the DagBag from /opt/airflow/dags/xcom_dag.py
[2024-07-06T21:00:45.601+0000] {processor.py:766} INFO - DAG(s) dict_keys(['xcom_dag']) retrieved from /opt/airflow/dags/xcom_dag.py
[2024-07-06T21:00:45.637+0000] {logging_mixin.py:120} INFO - [2024-07-06T21:00:45.636+0000] {dag.py:2585} INFO - Sync 1 DAGs
[2024-07-06T21:00:45.662+0000] {logging_mixin.py:120} INFO - [2024-07-06T21:00:45.661+0000] {dag.py:3340} INFO - Setting next_dagrun for xcom_dag to 2024-07-05T00:00:00+00:00, run_after=2024-07-06T00:00:00+00:00
[2024-07-06T21:00:45.678+0000] {processor.py:176} INFO - Processing /opt/airflow/dags/xcom_dag.py took 0.103 seconds
[2024-07-06T21:01:15.876+0000] {processor.py:154} INFO - Started process (PID=460) to work on /opt/airflow/dags/xcom_dag.py
[2024-07-06T21:01:15.877+0000] {processor.py:756} INFO - Processing file /opt/airflow/dags/xcom_dag.py for tasks to queue
[2024-07-06T21:01:15.878+0000] {logging_mixin.py:120} INFO - [2024-07-06T21:01:15.877+0000] {dagbag.py:537} INFO - Filling up the DagBag from /opt/airflow/dags/xcom_dag.py
[2024-07-06T21:01:15.896+0000] {processor.py:766} INFO - DAG(s) dict_keys(['xcom_dag']) retrieved from /opt/airflow/dags/xcom_dag.py
[2024-07-06T21:01:15.931+0000] {logging_mixin.py:120} INFO - [2024-07-06T21:01:15.930+0000] {dag.py:2585} INFO - Sync 1 DAGs
[2024-07-06T21:01:15.955+0000] {logging_mixin.py:120} INFO - [2024-07-06T21:01:15.955+0000] {dag.py:3340} INFO - Setting next_dagrun for xcom_dag to 2024-07-05T00:00:00+00:00, run_after=2024-07-06T00:00:00+00:00
[2024-07-06T21:01:15.972+0000] {processor.py:176} INFO - Processing /opt/airflow/dags/xcom_dag.py took 0.100 seconds
[2024-07-06T21:01:46.434+0000] {processor.py:154} INFO - Started process (PID=498) to work on /opt/airflow/dags/xcom_dag.py
[2024-07-06T21:01:46.435+0000] {processor.py:756} INFO - Processing file /opt/airflow/dags/xcom_dag.py for tasks to queue
[2024-07-06T21:01:46.436+0000] {logging_mixin.py:120} INFO - [2024-07-06T21:01:46.436+0000] {dagbag.py:537} INFO - Filling up the DagBag from /opt/airflow/dags/xcom_dag.py
[2024-07-06T21:01:46.455+0000] {processor.py:766} INFO - DAG(s) dict_keys(['xcom_dag']) retrieved from /opt/airflow/dags/xcom_dag.py
[2024-07-06T21:01:46.490+0000] {logging_mixin.py:120} INFO - [2024-07-06T21:01:46.490+0000] {dag.py:2585} INFO - Sync 1 DAGs
[2024-07-06T21:01:46.513+0000] {logging_mixin.py:120} INFO - [2024-07-06T21:01:46.513+0000] {dag.py:3340} INFO - Setting next_dagrun for xcom_dag to 2024-07-05T00:00:00+00:00, run_after=2024-07-06T00:00:00+00:00
[2024-07-06T21:01:46.531+0000] {processor.py:176} INFO - Processing /opt/airflow/dags/xcom_dag.py took 0.100 seconds
[2024-07-06T21:02:16.906+0000] {processor.py:154} INFO - Started process (PID=536) to work on /opt/airflow/dags/xcom_dag.py
[2024-07-06T21:02:16.907+0000] {processor.py:756} INFO - Processing file /opt/airflow/dags/xcom_dag.py for tasks to queue
[2024-07-06T21:02:16.908+0000] {logging_mixin.py:120} INFO - [2024-07-06T21:02:16.908+0000] {dagbag.py:537} INFO - Filling up the DagBag from /opt/airflow/dags/xcom_dag.py
[2024-07-06T21:02:16.927+0000] {processor.py:766} INFO - DAG(s) dict_keys(['xcom_dag']) retrieved from /opt/airflow/dags/xcom_dag.py
[2024-07-06T21:02:16.962+0000] {logging_mixin.py:120} INFO - [2024-07-06T21:02:16.962+0000] {dag.py:2585} INFO - Sync 1 DAGs
[2024-07-06T21:02:16.988+0000] {logging_mixin.py:120} INFO - [2024-07-06T21:02:16.987+0000] {dag.py:3340} INFO - Setting next_dagrun for xcom_dag to 2024-07-05T00:00:00+00:00, run_after=2024-07-06T00:00:00+00:00
[2024-07-06T21:02:17.007+0000] {processor.py:176} INFO - Processing /opt/airflow/dags/xcom_dag.py took 0.103 seconds
[2024-07-06T21:02:42.358+0000] {processor.py:154} INFO - Started process (PID=565) to work on /opt/airflow/dags/xcom_dag.py
[2024-07-06T21:02:42.359+0000] {processor.py:756} INFO - Processing file /opt/airflow/dags/xcom_dag.py for tasks to queue
[2024-07-06T21:02:42.359+0000] {logging_mixin.py:120} INFO - [2024-07-06T21:02:42.359+0000] {dagbag.py:537} INFO - Filling up the DagBag from /opt/airflow/dags/xcom_dag.py
[2024-07-06T21:02:42.382+0000] {processor.py:766} INFO - DAG(s) dict_keys(['xcom_dag']) retrieved from /opt/airflow/dags/xcom_dag.py
[2024-07-06T21:02:42.417+0000] {logging_mixin.py:120} INFO - [2024-07-06T21:02:42.417+0000] {dag.py:2585} INFO - Sync 1 DAGs
[2024-07-06T21:02:42.442+0000] {logging_mixin.py:120} INFO - [2024-07-06T21:02:42.442+0000] {dag.py:3340} INFO - Setting next_dagrun for xcom_dag to 2024-07-05T00:00:00+00:00, run_after=2024-07-06T00:00:00+00:00
[2024-07-06T21:02:42.461+0000] {processor.py:176} INFO - Processing /opt/airflow/dags/xcom_dag.py took 0.106 seconds
[2024-07-06T21:02:49.406+0000] {processor.py:154} INFO - Started process (PID=573) to work on /opt/airflow/dags/xcom_dag.py
[2024-07-06T21:02:49.408+0000] {processor.py:756} INFO - Processing file /opt/airflow/dags/xcom_dag.py for tasks to queue
[2024-07-06T21:02:49.409+0000] {logging_mixin.py:120} INFO - [2024-07-06T21:02:49.409+0000] {dagbag.py:537} INFO - Filling up the DagBag from /opt/airflow/dags/xcom_dag.py
[2024-07-06T21:02:49.436+0000] {processor.py:766} INFO - DAG(s) dict_keys(['xcom_dag']) retrieved from /opt/airflow/dags/xcom_dag.py
[2024-07-06T21:02:49.473+0000] {logging_mixin.py:120} INFO - [2024-07-06T21:02:49.473+0000] {dag.py:2585} INFO - Sync 1 DAGs
[2024-07-06T21:02:49.500+0000] {logging_mixin.py:120} INFO - [2024-07-06T21:02:49.500+0000] {dag.py:3340} INFO - Setting next_dagrun for xcom_dag to 2024-07-05T00:00:00+00:00, run_after=2024-07-06T00:00:00+00:00
[2024-07-06T21:02:49.519+0000] {processor.py:176} INFO - Processing /opt/airflow/dags/xcom_dag.py took 0.115 seconds
[2024-07-06T21:03:19.539+0000] {processor.py:154} INFO - Started process (PID=604) to work on /opt/airflow/dags/xcom_dag.py
[2024-07-06T21:03:19.539+0000] {processor.py:756} INFO - Processing file /opt/airflow/dags/xcom_dag.py for tasks to queue
[2024-07-06T21:03:19.540+0000] {logging_mixin.py:120} INFO - [2024-07-06T21:03:19.540+0000] {dagbag.py:537} INFO - Filling up the DagBag from /opt/airflow/dags/xcom_dag.py
[2024-07-06T21:03:19.559+0000] {processor.py:766} INFO - DAG(s) dict_keys(['xcom_dag']) retrieved from /opt/airflow/dags/xcom_dag.py
[2024-07-06T21:03:19.595+0000] {logging_mixin.py:120} INFO - [2024-07-06T21:03:19.595+0000] {dag.py:2585} INFO - Sync 1 DAGs
[2024-07-06T21:03:19.620+0000] {logging_mixin.py:120} INFO - [2024-07-06T21:03:19.619+0000] {dag.py:3340} INFO - Setting next_dagrun for xcom_dag to 2024-07-05T00:00:00+00:00, run_after=2024-07-06T00:00:00+00:00
[2024-07-06T21:03:19.636+0000] {processor.py:176} INFO - Processing /opt/airflow/dags/xcom_dag.py took 0.100 seconds
[2024-07-06T21:03:50.120+0000] {processor.py:154} INFO - Started process (PID=642) to work on /opt/airflow/dags/xcom_dag.py
[2024-07-06T21:03:50.121+0000] {processor.py:756} INFO - Processing file /opt/airflow/dags/xcom_dag.py for tasks to queue
[2024-07-06T21:03:50.122+0000] {logging_mixin.py:120} INFO - [2024-07-06T21:03:50.122+0000] {dagbag.py:537} INFO - Filling up the DagBag from /opt/airflow/dags/xcom_dag.py
[2024-07-06T21:03:50.139+0000] {processor.py:766} INFO - DAG(s) dict_keys(['xcom_dag']) retrieved from /opt/airflow/dags/xcom_dag.py
[2024-07-06T21:03:50.175+0000] {logging_mixin.py:120} INFO - [2024-07-06T21:03:50.175+0000] {dag.py:2585} INFO - Sync 1 DAGs
[2024-07-06T21:03:50.198+0000] {logging_mixin.py:120} INFO - [2024-07-06T21:03:50.198+0000] {dag.py:3340} INFO - Setting next_dagrun for xcom_dag to 2024-07-05T00:00:00+00:00, run_after=2024-07-06T00:00:00+00:00
[2024-07-06T21:03:50.215+0000] {processor.py:176} INFO - Processing /opt/airflow/dags/xcom_dag.py took 0.098 seconds
[2024-07-06T21:04:20.587+0000] {processor.py:154} INFO - Started process (PID=680) to work on /opt/airflow/dags/xcom_dag.py
[2024-07-06T21:04:20.587+0000] {processor.py:756} INFO - Processing file /opt/airflow/dags/xcom_dag.py for tasks to queue
[2024-07-06T21:04:20.588+0000] {logging_mixin.py:120} INFO - [2024-07-06T21:04:20.588+0000] {dagbag.py:537} INFO - Filling up the DagBag from /opt/airflow/dags/xcom_dag.py
[2024-07-06T21:04:20.606+0000] {processor.py:766} INFO - DAG(s) dict_keys(['xcom_dag']) retrieved from /opt/airflow/dags/xcom_dag.py
[2024-07-06T21:04:20.641+0000] {logging_mixin.py:120} INFO - [2024-07-06T21:04:20.641+0000] {dag.py:2585} INFO - Sync 1 DAGs
[2024-07-06T21:04:20.664+0000] {logging_mixin.py:120} INFO - [2024-07-06T21:04:20.664+0000] {dag.py:3340} INFO - Setting next_dagrun for xcom_dag to 2024-07-05T00:00:00+00:00, run_after=2024-07-06T00:00:00+00:00
[2024-07-06T21:04:20.680+0000] {processor.py:176} INFO - Processing /opt/airflow/dags/xcom_dag.py took 0.097 seconds
[2024-07-06T21:04:51.061+0000] {processor.py:154} INFO - Started process (PID=716) to work on /opt/airflow/dags/xcom_dag.py
[2024-07-06T21:04:51.062+0000] {processor.py:756} INFO - Processing file /opt/airflow/dags/xcom_dag.py for tasks to queue
[2024-07-06T21:04:51.063+0000] {logging_mixin.py:120} INFO - [2024-07-06T21:04:51.063+0000] {dagbag.py:537} INFO - Filling up the DagBag from /opt/airflow/dags/xcom_dag.py
[2024-07-06T21:04:51.084+0000] {processor.py:766} INFO - DAG(s) dict_keys(['xcom_dag']) retrieved from /opt/airflow/dags/xcom_dag.py
[2024-07-06T21:04:51.134+0000] {logging_mixin.py:120} INFO - [2024-07-06T21:04:51.134+0000] {dag.py:2585} INFO - Sync 1 DAGs
[2024-07-06T21:04:51.181+0000] {logging_mixin.py:120} INFO - [2024-07-06T21:04:51.181+0000] {dag.py:3340} INFO - Setting next_dagrun for xcom_dag to 2024-07-05T00:00:00+00:00, run_after=2024-07-06T00:00:00+00:00
[2024-07-06T21:04:51.207+0000] {processor.py:176} INFO - Processing /opt/airflow/dags/xcom_dag.py took 0.149 seconds
[2024-07-06T21:05:21.532+0000] {processor.py:154} INFO - Started process (PID=747) to work on /opt/airflow/dags/xcom_dag.py
[2024-07-06T21:05:21.533+0000] {processor.py:756} INFO - Processing file /opt/airflow/dags/xcom_dag.py for tasks to queue
[2024-07-06T21:05:21.534+0000] {logging_mixin.py:120} INFO - [2024-07-06T21:05:21.534+0000] {dagbag.py:537} INFO - Filling up the DagBag from /opt/airflow/dags/xcom_dag.py
[2024-07-06T21:05:21.552+0000] {processor.py:766} INFO - DAG(s) dict_keys(['xcom_dag']) retrieved from /opt/airflow/dags/xcom_dag.py
[2024-07-06T21:05:21.587+0000] {logging_mixin.py:120} INFO - [2024-07-06T21:05:21.587+0000] {dag.py:2585} INFO - Sync 1 DAGs
[2024-07-06T21:05:21.612+0000] {logging_mixin.py:120} INFO - [2024-07-06T21:05:21.612+0000] {dag.py:3340} INFO - Setting next_dagrun for xcom_dag to 2024-07-06T00:00:00+00:00, run_after=2024-07-07T00:00:00+00:00
[2024-07-06T21:05:21.627+0000] {processor.py:176} INFO - Processing /opt/airflow/dags/xcom_dag.py took 0.098 seconds
[2024-07-06T21:05:52.012+0000] {processor.py:154} INFO - Started process (PID=785) to work on /opt/airflow/dags/xcom_dag.py
[2024-07-06T21:05:52.013+0000] {processor.py:756} INFO - Processing file /opt/airflow/dags/xcom_dag.py for tasks to queue
[2024-07-06T21:05:52.014+0000] {logging_mixin.py:120} INFO - [2024-07-06T21:05:52.014+0000] {dagbag.py:537} INFO - Filling up the DagBag from /opt/airflow/dags/xcom_dag.py
[2024-07-06T21:05:52.033+0000] {processor.py:766} INFO - DAG(s) dict_keys(['xcom_dag']) retrieved from /opt/airflow/dags/xcom_dag.py
[2024-07-06T21:05:52.069+0000] {logging_mixin.py:120} INFO - [2024-07-06T21:05:52.068+0000] {dag.py:2585} INFO - Sync 1 DAGs
[2024-07-06T21:05:52.092+0000] {logging_mixin.py:120} INFO - [2024-07-06T21:05:52.092+0000] {dag.py:3340} INFO - Setting next_dagrun for xcom_dag to 2024-07-06T00:00:00+00:00, run_after=2024-07-07T00:00:00+00:00
[2024-07-06T21:05:52.108+0000] {processor.py:176} INFO - Processing /opt/airflow/dags/xcom_dag.py took 0.100 seconds
[2024-07-06T21:06:22.519+0000] {processor.py:154} INFO - Started process (PID=823) to work on /opt/airflow/dags/xcom_dag.py
[2024-07-06T21:06:22.520+0000] {processor.py:756} INFO - Processing file /opt/airflow/dags/xcom_dag.py for tasks to queue
[2024-07-06T21:06:22.521+0000] {logging_mixin.py:120} INFO - [2024-07-06T21:06:22.521+0000] {dagbag.py:537} INFO - Filling up the DagBag from /opt/airflow/dags/xcom_dag.py
[2024-07-06T21:06:22.538+0000] {processor.py:766} INFO - DAG(s) dict_keys(['xcom_dag']) retrieved from /opt/airflow/dags/xcom_dag.py
[2024-07-06T21:06:22.573+0000] {logging_mixin.py:120} INFO - [2024-07-06T21:06:22.573+0000] {dag.py:2585} INFO - Sync 1 DAGs
[2024-07-06T21:06:22.597+0000] {logging_mixin.py:120} INFO - [2024-07-06T21:06:22.596+0000] {dag.py:3340} INFO - Setting next_dagrun for xcom_dag to 2024-07-06T00:00:00+00:00, run_after=2024-07-07T00:00:00+00:00
[2024-07-06T21:06:22.612+0000] {processor.py:176} INFO - Processing /opt/airflow/dags/xcom_dag.py took 0.096 seconds
[2024-07-06T21:06:53.009+0000] {processor.py:154} INFO - Started process (PID=852) to work on /opt/airflow/dags/xcom_dag.py
[2024-07-06T21:06:53.010+0000] {processor.py:756} INFO - Processing file /opt/airflow/dags/xcom_dag.py for tasks to queue
[2024-07-06T21:06:53.011+0000] {logging_mixin.py:120} INFO - [2024-07-06T21:06:53.011+0000] {dagbag.py:537} INFO - Filling up the DagBag from /opt/airflow/dags/xcom_dag.py
[2024-07-06T21:06:53.029+0000] {processor.py:766} INFO - DAG(s) dict_keys(['xcom_dag']) retrieved from /opt/airflow/dags/xcom_dag.py
[2024-07-06T21:06:53.064+0000] {logging_mixin.py:120} INFO - [2024-07-06T21:06:53.064+0000] {dag.py:2585} INFO - Sync 1 DAGs
[2024-07-06T21:06:53.088+0000] {logging_mixin.py:120} INFO - [2024-07-06T21:06:53.088+0000] {dag.py:3340} INFO - Setting next_dagrun for xcom_dag to 2024-07-06T00:00:00+00:00, run_after=2024-07-07T00:00:00+00:00
[2024-07-06T21:06:53.103+0000] {processor.py:176} INFO - Processing /opt/airflow/dags/xcom_dag.py took 0.097 seconds
[2024-07-06T21:07:23.539+0000] {processor.py:154} INFO - Started process (PID=890) to work on /opt/airflow/dags/xcom_dag.py
[2024-07-06T21:07:23.540+0000] {processor.py:756} INFO - Processing file /opt/airflow/dags/xcom_dag.py for tasks to queue
[2024-07-06T21:07:23.541+0000] {logging_mixin.py:120} INFO - [2024-07-06T21:07:23.541+0000] {dagbag.py:537} INFO - Filling up the DagBag from /opt/airflow/dags/xcom_dag.py
[2024-07-06T21:07:23.558+0000] {processor.py:766} INFO - DAG(s) dict_keys(['xcom_dag']) retrieved from /opt/airflow/dags/xcom_dag.py
[2024-07-06T21:07:23.592+0000] {logging_mixin.py:120} INFO - [2024-07-06T21:07:23.592+0000] {dag.py:2585} INFO - Sync 1 DAGs
[2024-07-06T21:07:23.614+0000] {logging_mixin.py:120} INFO - [2024-07-06T21:07:23.614+0000] {dag.py:3340} INFO - Setting next_dagrun for xcom_dag to 2024-07-06T00:00:00+00:00, run_after=2024-07-07T00:00:00+00:00
[2024-07-06T21:07:23.630+0000] {processor.py:176} INFO - Processing /opt/airflow/dags/xcom_dag.py took 0.094 seconds
[2024-07-06T21:07:54.010+0000] {processor.py:154} INFO - Started process (PID=928) to work on /opt/airflow/dags/xcom_dag.py
[2024-07-06T21:07:54.011+0000] {processor.py:756} INFO - Processing file /opt/airflow/dags/xcom_dag.py for tasks to queue
[2024-07-06T21:07:54.011+0000] {logging_mixin.py:120} INFO - [2024-07-06T21:07:54.011+0000] {dagbag.py:537} INFO - Filling up the DagBag from /opt/airflow/dags/xcom_dag.py
[2024-07-06T21:07:54.028+0000] {processor.py:766} INFO - DAG(s) dict_keys(['xcom_dag']) retrieved from /opt/airflow/dags/xcom_dag.py
[2024-07-06T21:07:54.062+0000] {logging_mixin.py:120} INFO - [2024-07-06T21:07:54.061+0000] {dag.py:2585} INFO - Sync 1 DAGs
[2024-07-06T21:07:54.086+0000] {logging_mixin.py:120} INFO - [2024-07-06T21:07:54.086+0000] {dag.py:3340} INFO - Setting next_dagrun for xcom_dag to 2024-07-06T00:00:00+00:00, run_after=2024-07-07T00:00:00+00:00
[2024-07-06T21:07:54.100+0000] {processor.py:176} INFO - Processing /opt/airflow/dags/xcom_dag.py took 0.094 seconds
[2024-07-06T21:08:24.491+0000] {processor.py:154} INFO - Started process (PID=966) to work on /opt/airflow/dags/xcom_dag.py
[2024-07-06T21:08:24.492+0000] {processor.py:756} INFO - Processing file /opt/airflow/dags/xcom_dag.py for tasks to queue
[2024-07-06T21:08:24.492+0000] {logging_mixin.py:120} INFO - [2024-07-06T21:08:24.492+0000] {dagbag.py:537} INFO - Filling up the DagBag from /opt/airflow/dags/xcom_dag.py
[2024-07-06T21:08:24.509+0000] {processor.py:766} INFO - DAG(s) dict_keys(['xcom_dag']) retrieved from /opt/airflow/dags/xcom_dag.py
[2024-07-06T21:08:24.541+0000] {logging_mixin.py:120} INFO - [2024-07-06T21:08:24.541+0000] {dag.py:2585} INFO - Sync 1 DAGs
[2024-07-06T21:08:24.564+0000] {logging_mixin.py:120} INFO - [2024-07-06T21:08:24.564+0000] {dag.py:3340} INFO - Setting next_dagrun for xcom_dag to 2024-07-06T00:00:00+00:00, run_after=2024-07-07T00:00:00+00:00
[2024-07-06T21:08:24.578+0000] {processor.py:176} INFO - Processing /opt/airflow/dags/xcom_dag.py took 0.091 seconds
[2024-07-06T21:08:54.962+0000] {processor.py:154} INFO - Started process (PID=1004) to work on /opt/airflow/dags/xcom_dag.py
[2024-07-06T21:08:54.963+0000] {processor.py:756} INFO - Processing file /opt/airflow/dags/xcom_dag.py for tasks to queue
[2024-07-06T21:08:54.964+0000] {logging_mixin.py:120} INFO - [2024-07-06T21:08:54.964+0000] {dagbag.py:537} INFO - Filling up the DagBag from /opt/airflow/dags/xcom_dag.py
[2024-07-06T21:08:54.981+0000] {processor.py:766} INFO - DAG(s) dict_keys(['xcom_dag']) retrieved from /opt/airflow/dags/xcom_dag.py
[2024-07-06T21:08:55.017+0000] {logging_mixin.py:120} INFO - [2024-07-06T21:08:55.017+0000] {dag.py:2585} INFO - Sync 1 DAGs
[2024-07-06T21:08:55.042+0000] {logging_mixin.py:120} INFO - [2024-07-06T21:08:55.042+0000] {dag.py:3340} INFO - Setting next_dagrun for xcom_dag to 2024-07-06T00:00:00+00:00, run_after=2024-07-07T00:00:00+00:00
[2024-07-06T21:08:55.057+0000] {processor.py:176} INFO - Processing /opt/airflow/dags/xcom_dag.py took 0.098 seconds
[2024-07-06T21:09:25.448+0000] {processor.py:154} INFO - Started process (PID=1033) to work on /opt/airflow/dags/xcom_dag.py
[2024-07-06T21:09:25.448+0000] {processor.py:756} INFO - Processing file /opt/airflow/dags/xcom_dag.py for tasks to queue
[2024-07-06T21:09:25.449+0000] {logging_mixin.py:120} INFO - [2024-07-06T21:09:25.449+0000] {dagbag.py:537} INFO - Filling up the DagBag from /opt/airflow/dags/xcom_dag.py
[2024-07-06T21:09:25.466+0000] {processor.py:766} INFO - DAG(s) dict_keys(['xcom_dag']) retrieved from /opt/airflow/dags/xcom_dag.py
[2024-07-06T21:09:25.501+0000] {logging_mixin.py:120} INFO - [2024-07-06T21:09:25.500+0000] {dag.py:2585} INFO - Sync 1 DAGs
[2024-07-06T21:09:25.522+0000] {logging_mixin.py:120} INFO - [2024-07-06T21:09:25.522+0000] {dag.py:3340} INFO - Setting next_dagrun for xcom_dag to 2024-07-06T00:00:00+00:00, run_after=2024-07-07T00:00:00+00:00
[2024-07-06T21:09:25.539+0000] {processor.py:176} INFO - Processing /opt/airflow/dags/xcom_dag.py took 0.094 seconds
[2024-07-06T21:09:55.934+0000] {processor.py:154} INFO - Started process (PID=1071) to work on /opt/airflow/dags/xcom_dag.py
[2024-07-06T21:09:55.935+0000] {processor.py:756} INFO - Processing file /opt/airflow/dags/xcom_dag.py for tasks to queue
[2024-07-06T21:09:55.936+0000] {logging_mixin.py:120} INFO - [2024-07-06T21:09:55.936+0000] {dagbag.py:537} INFO - Filling up the DagBag from /opt/airflow/dags/xcom_dag.py
[2024-07-06T21:09:55.952+0000] {processor.py:766} INFO - DAG(s) dict_keys(['xcom_dag']) retrieved from /opt/airflow/dags/xcom_dag.py
[2024-07-06T21:09:55.985+0000] {logging_mixin.py:120} INFO - [2024-07-06T21:09:55.985+0000] {dag.py:2585} INFO - Sync 1 DAGs
[2024-07-06T21:09:56.009+0000] {logging_mixin.py:120} INFO - [2024-07-06T21:09:56.009+0000] {dag.py:3340} INFO - Setting next_dagrun for xcom_dag to 2024-07-06T00:00:00+00:00, run_after=2024-07-07T00:00:00+00:00
[2024-07-06T21:09:56.026+0000] {processor.py:176} INFO - Processing /opt/airflow/dags/xcom_dag.py took 0.095 seconds
[2024-07-06T21:10:26.445+0000] {processor.py:154} INFO - Started process (PID=1109) to work on /opt/airflow/dags/xcom_dag.py
[2024-07-06T21:10:26.446+0000] {processor.py:756} INFO - Processing file /opt/airflow/dags/xcom_dag.py for tasks to queue
[2024-07-06T21:10:26.446+0000] {logging_mixin.py:120} INFO - [2024-07-06T21:10:26.446+0000] {dagbag.py:537} INFO - Filling up the DagBag from /opt/airflow/dags/xcom_dag.py
[2024-07-06T21:10:26.465+0000] {processor.py:766} INFO - DAG(s) dict_keys(['xcom_dag']) retrieved from /opt/airflow/dags/xcom_dag.py
[2024-07-06T21:10:26.502+0000] {logging_mixin.py:120} INFO - [2024-07-06T21:10:26.502+0000] {dag.py:2585} INFO - Sync 1 DAGs
[2024-07-06T21:10:26.527+0000] {logging_mixin.py:120} INFO - [2024-07-06T21:10:26.527+0000] {dag.py:3340} INFO - Setting next_dagrun for xcom_dag to 2024-07-06T00:00:00+00:00, run_after=2024-07-07T00:00:00+00:00
[2024-07-06T21:10:26.546+0000] {processor.py:176} INFO - Processing /opt/airflow/dags/xcom_dag.py took 0.105 seconds
[2024-07-06T21:10:56.938+0000] {processor.py:154} INFO - Started process (PID=1147) to work on /opt/airflow/dags/xcom_dag.py
[2024-07-06T21:10:56.939+0000] {processor.py:756} INFO - Processing file /opt/airflow/dags/xcom_dag.py for tasks to queue
[2024-07-06T21:10:56.940+0000] {logging_mixin.py:120} INFO - [2024-07-06T21:10:56.940+0000] {dagbag.py:537} INFO - Filling up the DagBag from /opt/airflow/dags/xcom_dag.py
[2024-07-06T21:10:56.956+0000] {processor.py:766} INFO - DAG(s) dict_keys(['xcom_dag']) retrieved from /opt/airflow/dags/xcom_dag.py
[2024-07-06T21:10:56.989+0000] {logging_mixin.py:120} INFO - [2024-07-06T21:10:56.989+0000] {dag.py:2585} INFO - Sync 1 DAGs
[2024-07-06T21:10:57.013+0000] {logging_mixin.py:120} INFO - [2024-07-06T21:10:57.013+0000] {dag.py:3340} INFO - Setting next_dagrun for xcom_dag to 2024-07-06T00:00:00+00:00, run_after=2024-07-07T00:00:00+00:00
[2024-07-06T21:10:57.027+0000] {processor.py:176} INFO - Processing /opt/airflow/dags/xcom_dag.py took 0.092 seconds
[2024-07-06T21:11:27.423+0000] {processor.py:154} INFO - Started process (PID=1174) to work on /opt/airflow/dags/xcom_dag.py
[2024-07-06T21:11:27.424+0000] {processor.py:756} INFO - Processing file /opt/airflow/dags/xcom_dag.py for tasks to queue
[2024-07-06T21:11:27.425+0000] {logging_mixin.py:120} INFO - [2024-07-06T21:11:27.425+0000] {dagbag.py:537} INFO - Filling up the DagBag from /opt/airflow/dags/xcom_dag.py
[2024-07-06T21:11:27.446+0000] {processor.py:766} INFO - DAG(s) dict_keys(['xcom_dag']) retrieved from /opt/airflow/dags/xcom_dag.py
[2024-07-06T21:11:27.481+0000] {logging_mixin.py:120} INFO - [2024-07-06T21:11:27.481+0000] {dag.py:2585} INFO - Sync 1 DAGs
[2024-07-06T21:11:27.507+0000] {logging_mixin.py:120} INFO - [2024-07-06T21:11:27.506+0000] {dag.py:3340} INFO - Setting next_dagrun for xcom_dag to 2024-07-06T00:00:00+00:00, run_after=2024-07-07T00:00:00+00:00
[2024-07-06T21:11:27.523+0000] {processor.py:176} INFO - Processing /opt/airflow/dags/xcom_dag.py took 0.103 seconds
[2024-07-06T21:11:58.041+0000] {processor.py:154} INFO - Started process (PID=1212) to work on /opt/airflow/dags/xcom_dag.py
[2024-07-06T21:11:58.044+0000] {processor.py:756} INFO - Processing file /opt/airflow/dags/xcom_dag.py for tasks to queue
[2024-07-06T21:11:58.045+0000] {logging_mixin.py:120} INFO - [2024-07-06T21:11:58.045+0000] {dagbag.py:537} INFO - Filling up the DagBag from /opt/airflow/dags/xcom_dag.py
[2024-07-06T21:11:58.066+0000] {processor.py:766} INFO - DAG(s) dict_keys(['xcom_dag']) retrieved from /opt/airflow/dags/xcom_dag.py
[2024-07-06T21:11:58.100+0000] {logging_mixin.py:120} INFO - [2024-07-06T21:11:58.100+0000] {dag.py:2585} INFO - Sync 1 DAGs
[2024-07-06T21:11:58.124+0000] {logging_mixin.py:120} INFO - [2024-07-06T21:11:58.123+0000] {dag.py:3340} INFO - Setting next_dagrun for xcom_dag to 2024-07-06T00:00:00+00:00, run_after=2024-07-07T00:00:00+00:00
[2024-07-06T21:11:58.140+0000] {processor.py:176} INFO - Processing /opt/airflow/dags/xcom_dag.py took 0.101 seconds
[2024-07-06T21:12:28.651+0000] {processor.py:154} INFO - Started process (PID=1250) to work on /opt/airflow/dags/xcom_dag.py
[2024-07-06T21:12:28.653+0000] {processor.py:756} INFO - Processing file /opt/airflow/dags/xcom_dag.py for tasks to queue
[2024-07-06T21:12:28.654+0000] {logging_mixin.py:120} INFO - [2024-07-06T21:12:28.654+0000] {dagbag.py:537} INFO - Filling up the DagBag from /opt/airflow/dags/xcom_dag.py
[2024-07-06T21:12:28.676+0000] {processor.py:766} INFO - DAG(s) dict_keys(['xcom_dag']) retrieved from /opt/airflow/dags/xcom_dag.py
[2024-07-06T21:12:28.719+0000] {logging_mixin.py:120} INFO - [2024-07-06T21:12:28.718+0000] {dag.py:2585} INFO - Sync 1 DAGs
[2024-07-06T21:12:28.753+0000] {logging_mixin.py:120} INFO - [2024-07-06T21:12:28.753+0000] {dag.py:3340} INFO - Setting next_dagrun for xcom_dag to 2024-07-06T00:00:00+00:00, run_after=2024-07-07T00:00:00+00:00
[2024-07-06T21:12:28.772+0000] {processor.py:176} INFO - Processing /opt/airflow/dags/xcom_dag.py took 0.124 seconds
[2024-07-06T21:12:59.694+0000] {processor.py:154} INFO - Started process (PID=1288) to work on /opt/airflow/dags/xcom_dag.py
[2024-07-06T21:12:59.695+0000] {processor.py:756} INFO - Processing file /opt/airflow/dags/xcom_dag.py for tasks to queue
[2024-07-06T21:12:59.696+0000] {logging_mixin.py:120} INFO - [2024-07-06T21:12:59.696+0000] {dagbag.py:537} INFO - Filling up the DagBag from /opt/airflow/dags/xcom_dag.py
[2024-07-06T21:12:59.719+0000] {processor.py:766} INFO - DAG(s) dict_keys(['xcom_dag']) retrieved from /opt/airflow/dags/xcom_dag.py
[2024-07-06T21:12:59.756+0000] {logging_mixin.py:120} INFO - [2024-07-06T21:12:59.756+0000] {dag.py:2585} INFO - Sync 1 DAGs
[2024-07-06T21:12:59.781+0000] {logging_mixin.py:120} INFO - [2024-07-06T21:12:59.781+0000] {dag.py:3340} INFO - Setting next_dagrun for xcom_dag to 2024-07-06T00:00:00+00:00, run_after=2024-07-07T00:00:00+00:00
[2024-07-06T21:12:59.797+0000] {processor.py:176} INFO - Processing /opt/airflow/dags/xcom_dag.py took 0.105 seconds
[2024-07-06T21:13:30.741+0000] {processor.py:154} INFO - Started process (PID=1326) to work on /opt/airflow/dags/xcom_dag.py
[2024-07-06T21:13:30.742+0000] {processor.py:756} INFO - Processing file /opt/airflow/dags/xcom_dag.py for tasks to queue
[2024-07-06T21:13:30.743+0000] {logging_mixin.py:120} INFO - [2024-07-06T21:13:30.742+0000] {dagbag.py:537} INFO - Filling up the DagBag from /opt/airflow/dags/xcom_dag.py
[2024-07-06T21:13:30.767+0000] {processor.py:766} INFO - DAG(s) dict_keys(['xcom_dag']) retrieved from /opt/airflow/dags/xcom_dag.py
[2024-07-06T21:13:30.809+0000] {logging_mixin.py:120} INFO - [2024-07-06T21:13:30.809+0000] {dag.py:2585} INFO - Sync 1 DAGs
[2024-07-06T21:13:30.836+0000] {logging_mixin.py:120} INFO - [2024-07-06T21:13:30.836+0000] {dag.py:3340} INFO - Setting next_dagrun for xcom_dag to 2024-07-06T00:00:00+00:00, run_after=2024-07-07T00:00:00+00:00
[2024-07-06T21:13:30.853+0000] {processor.py:176} INFO - Processing /opt/airflow/dags/xcom_dag.py took 0.116 seconds
[2024-07-06T21:14:01.221+0000] {processor.py:154} INFO - Started process (PID=1355) to work on /opt/airflow/dags/xcom_dag.py
[2024-07-06T21:14:01.222+0000] {processor.py:756} INFO - Processing file /opt/airflow/dags/xcom_dag.py for tasks to queue
[2024-07-06T21:14:01.223+0000] {logging_mixin.py:120} INFO - [2024-07-06T21:14:01.223+0000] {dagbag.py:537} INFO - Filling up the DagBag from /opt/airflow/dags/xcom_dag.py
[2024-07-06T21:14:01.243+0000] {processor.py:766} INFO - DAG(s) dict_keys(['xcom_dag']) retrieved from /opt/airflow/dags/xcom_dag.py
[2024-07-06T21:14:01.277+0000] {logging_mixin.py:120} INFO - [2024-07-06T21:14:01.277+0000] {dag.py:2585} INFO - Sync 1 DAGs
[2024-07-06T21:14:01.304+0000] {logging_mixin.py:120} INFO - [2024-07-06T21:14:01.304+0000] {dag.py:3340} INFO - Setting next_dagrun for xcom_dag to 2024-07-06T00:00:00+00:00, run_after=2024-07-07T00:00:00+00:00
[2024-07-06T21:14:01.324+0000] {processor.py:176} INFO - Processing /opt/airflow/dags/xcom_dag.py took 0.105 seconds
[2024-07-06T21:14:31.796+0000] {processor.py:154} INFO - Started process (PID=1393) to work on /opt/airflow/dags/xcom_dag.py
[2024-07-06T21:14:31.797+0000] {processor.py:756} INFO - Processing file /opt/airflow/dags/xcom_dag.py for tasks to queue
[2024-07-06T21:14:31.799+0000] {logging_mixin.py:120} INFO - [2024-07-06T21:14:31.798+0000] {dagbag.py:537} INFO - Filling up the DagBag from /opt/airflow/dags/xcom_dag.py
[2024-07-06T21:14:31.818+0000] {processor.py:766} INFO - DAG(s) dict_keys(['xcom_dag']) retrieved from /opt/airflow/dags/xcom_dag.py
[2024-07-06T21:14:31.856+0000] {logging_mixin.py:120} INFO - [2024-07-06T21:14:31.856+0000] {dag.py:2585} INFO - Sync 1 DAGs
[2024-07-06T21:14:31.880+0000] {logging_mixin.py:120} INFO - [2024-07-06T21:14:31.880+0000] {dag.py:3340} INFO - Setting next_dagrun for xcom_dag to 2024-07-06T00:00:00+00:00, run_after=2024-07-07T00:00:00+00:00
[2024-07-06T21:14:31.896+0000] {processor.py:176} INFO - Processing /opt/airflow/dags/xcom_dag.py took 0.103 seconds
[2024-07-06T21:15:02.360+0000] {processor.py:154} INFO - Started process (PID=1431) to work on /opt/airflow/dags/xcom_dag.py
[2024-07-06T21:15:02.361+0000] {processor.py:756} INFO - Processing file /opt/airflow/dags/xcom_dag.py for tasks to queue
[2024-07-06T21:15:02.361+0000] {logging_mixin.py:120} INFO - [2024-07-06T21:15:02.361+0000] {dagbag.py:537} INFO - Filling up the DagBag from /opt/airflow/dags/xcom_dag.py
[2024-07-06T21:15:02.385+0000] {processor.py:766} INFO - DAG(s) dict_keys(['xcom_dag']) retrieved from /opt/airflow/dags/xcom_dag.py
[2024-07-06T21:15:02.423+0000] {logging_mixin.py:120} INFO - [2024-07-06T21:15:02.423+0000] {dag.py:2585} INFO - Sync 1 DAGs
[2024-07-06T21:15:02.452+0000] {logging_mixin.py:120} INFO - [2024-07-06T21:15:02.452+0000] {dag.py:3340} INFO - Setting next_dagrun for xcom_dag to 2024-07-06T00:00:00+00:00, run_after=2024-07-07T00:00:00+00:00
[2024-07-06T21:15:02.472+0000] {processor.py:176} INFO - Processing /opt/airflow/dags/xcom_dag.py took 0.115 seconds
[2024-07-06T21:15:32.533+0000] {processor.py:154} INFO - Started process (PID=1469) to work on /opt/airflow/dags/xcom_dag.py
[2024-07-06T21:15:32.534+0000] {processor.py:756} INFO - Processing file /opt/airflow/dags/xcom_dag.py for tasks to queue
[2024-07-06T21:15:32.535+0000] {logging_mixin.py:120} INFO - [2024-07-06T21:15:32.535+0000] {dagbag.py:537} INFO - Filling up the DagBag from /opt/airflow/dags/xcom_dag.py
[2024-07-06T21:15:32.554+0000] {processor.py:766} INFO - DAG(s) dict_keys(['xcom_dag']) retrieved from /opt/airflow/dags/xcom_dag.py
[2024-07-06T21:15:32.589+0000] {logging_mixin.py:120} INFO - [2024-07-06T21:15:32.589+0000] {dag.py:2585} INFO - Sync 1 DAGs
[2024-07-06T21:15:32.614+0000] {logging_mixin.py:120} INFO - [2024-07-06T21:15:32.614+0000] {dag.py:3340} INFO - Setting next_dagrun for xcom_dag to 2024-07-06T00:00:00+00:00, run_after=2024-07-07T00:00:00+00:00
[2024-07-06T21:15:32.628+0000] {processor.py:176} INFO - Processing /opt/airflow/dags/xcom_dag.py took 0.098 seconds
[2024-07-06T21:16:03.018+0000] {processor.py:154} INFO - Started process (PID=1498) to work on /opt/airflow/dags/xcom_dag.py
[2024-07-06T21:16:03.019+0000] {processor.py:756} INFO - Processing file /opt/airflow/dags/xcom_dag.py for tasks to queue
[2024-07-06T21:16:03.020+0000] {logging_mixin.py:120} INFO - [2024-07-06T21:16:03.020+0000] {dagbag.py:537} INFO - Filling up the DagBag from /opt/airflow/dags/xcom_dag.py
[2024-07-06T21:16:03.039+0000] {processor.py:766} INFO - DAG(s) dict_keys(['xcom_dag']) retrieved from /opt/airflow/dags/xcom_dag.py
[2024-07-06T21:16:03.075+0000] {logging_mixin.py:120} INFO - [2024-07-06T21:16:03.075+0000] {dag.py:2585} INFO - Sync 1 DAGs
[2024-07-06T21:16:03.100+0000] {logging_mixin.py:120} INFO - [2024-07-06T21:16:03.100+0000] {dag.py:3340} INFO - Setting next_dagrun for xcom_dag to 2024-07-06T00:00:00+00:00, run_after=2024-07-07T00:00:00+00:00
[2024-07-06T21:16:03.119+0000] {processor.py:176} INFO - Processing /opt/airflow/dags/xcom_dag.py took 0.105 seconds
[2024-07-06T21:16:33.486+0000] {processor.py:154} INFO - Started process (PID=1536) to work on /opt/airflow/dags/xcom_dag.py
[2024-07-06T21:16:33.488+0000] {processor.py:756} INFO - Processing file /opt/airflow/dags/xcom_dag.py for tasks to queue
[2024-07-06T21:16:33.489+0000] {logging_mixin.py:120} INFO - [2024-07-06T21:16:33.489+0000] {dagbag.py:537} INFO - Filling up the DagBag from /opt/airflow/dags/xcom_dag.py
[2024-07-06T21:16:33.514+0000] {processor.py:766} INFO - DAG(s) dict_keys(['xcom_dag']) retrieved from /opt/airflow/dags/xcom_dag.py
[2024-07-06T21:16:33.560+0000] {logging_mixin.py:120} INFO - [2024-07-06T21:16:33.560+0000] {dag.py:2585} INFO - Sync 1 DAGs
[2024-07-06T21:16:33.587+0000] {logging_mixin.py:120} INFO - [2024-07-06T21:16:33.587+0000] {dag.py:3340} INFO - Setting next_dagrun for xcom_dag to 2024-07-06T00:00:00+00:00, run_after=2024-07-07T00:00:00+00:00
[2024-07-06T21:16:33.605+0000] {processor.py:176} INFO - Processing /opt/airflow/dags/xcom_dag.py took 0.122 seconds
[2024-07-06T21:17:03.941+0000] {processor.py:154} INFO - Started process (PID=1575) to work on /opt/airflow/dags/xcom_dag.py
[2024-07-06T21:17:03.942+0000] {processor.py:756} INFO - Processing file /opt/airflow/dags/xcom_dag.py for tasks to queue
[2024-07-06T21:17:03.943+0000] {logging_mixin.py:120} INFO - [2024-07-06T21:17:03.943+0000] {dagbag.py:537} INFO - Filling up the DagBag from /opt/airflow/dags/xcom_dag.py
[2024-07-06T21:17:03.963+0000] {processor.py:766} INFO - DAG(s) dict_keys(['xcom_dag']) retrieved from /opt/airflow/dags/xcom_dag.py
[2024-07-06T21:17:04.000+0000] {logging_mixin.py:120} INFO - [2024-07-06T21:17:04.000+0000] {dag.py:2585} INFO - Sync 1 DAGs
[2024-07-06T21:17:04.028+0000] {logging_mixin.py:120} INFO - [2024-07-06T21:17:04.028+0000] {dag.py:3340} INFO - Setting next_dagrun for xcom_dag to 2024-07-06T00:00:00+00:00, run_after=2024-07-07T00:00:00+00:00
[2024-07-06T21:17:04.045+0000] {processor.py:176} INFO - Processing /opt/airflow/dags/xcom_dag.py took 0.108 seconds
[2024-07-06T21:17:28.987+0000] {processor.py:154} INFO - Started process (PID=1604) to work on /opt/airflow/dags/xcom_dag.py
[2024-07-06T21:17:28.988+0000] {processor.py:756} INFO - Processing file /opt/airflow/dags/xcom_dag.py for tasks to queue
[2024-07-06T21:17:28.989+0000] {logging_mixin.py:120} INFO - [2024-07-06T21:17:28.988+0000] {dagbag.py:537} INFO - Filling up the DagBag from /opt/airflow/dags/xcom_dag.py
[2024-07-06T21:17:29.009+0000] {processor.py:766} INFO - DAG(s) dict_keys(['xcom_dag']) retrieved from /opt/airflow/dags/xcom_dag.py
[2024-07-06T21:17:29.047+0000] {logging_mixin.py:120} INFO - [2024-07-06T21:17:29.047+0000] {dag.py:2585} INFO - Sync 1 DAGs
[2024-07-06T21:17:29.077+0000] {logging_mixin.py:120} INFO - [2024-07-06T21:17:29.077+0000] {dag.py:3340} INFO - Setting next_dagrun for xcom_dag to 2024-07-06T00:00:00+00:00, run_after=2024-07-07T00:00:00+00:00
[2024-07-06T21:17:29.100+0000] {processor.py:176} INFO - Processing /opt/airflow/dags/xcom_dag.py took 0.116 seconds
[2024-07-06T21:17:59.455+0000] {processor.py:154} INFO - Started process (PID=1642) to work on /opt/airflow/dags/xcom_dag.py
[2024-07-06T21:17:59.456+0000] {processor.py:756} INFO - Processing file /opt/airflow/dags/xcom_dag.py for tasks to queue
[2024-07-06T21:17:59.456+0000] {logging_mixin.py:120} INFO - [2024-07-06T21:17:59.456+0000] {dagbag.py:537} INFO - Filling up the DagBag from /opt/airflow/dags/xcom_dag.py
[2024-07-06T21:17:59.475+0000] {processor.py:766} INFO - DAG(s) dict_keys(['xcom_dag']) retrieved from /opt/airflow/dags/xcom_dag.py
[2024-07-06T21:17:59.514+0000] {logging_mixin.py:120} INFO - [2024-07-06T21:17:59.514+0000] {dag.py:2585} INFO - Sync 1 DAGs
[2024-07-06T21:17:59.540+0000] {logging_mixin.py:120} INFO - [2024-07-06T21:17:59.539+0000] {dag.py:3340} INFO - Setting next_dagrun for xcom_dag to 2024-07-06T00:00:00+00:00, run_after=2024-07-07T00:00:00+00:00
[2024-07-06T21:17:59.555+0000] {processor.py:176} INFO - Processing /opt/airflow/dags/xcom_dag.py took 0.103 seconds
[2024-07-06T21:18:29.980+0000] {processor.py:154} INFO - Started process (PID=1680) to work on /opt/airflow/dags/xcom_dag.py
[2024-07-06T21:18:29.981+0000] {processor.py:756} INFO - Processing file /opt/airflow/dags/xcom_dag.py for tasks to queue
[2024-07-06T21:18:29.982+0000] {logging_mixin.py:120} INFO - [2024-07-06T21:18:29.982+0000] {dagbag.py:537} INFO - Filling up the DagBag from /opt/airflow/dags/xcom_dag.py
[2024-07-06T21:18:30.000+0000] {processor.py:766} INFO - DAG(s) dict_keys(['xcom_dag']) retrieved from /opt/airflow/dags/xcom_dag.py
[2024-07-06T21:18:30.036+0000] {logging_mixin.py:120} INFO - [2024-07-06T21:18:30.036+0000] {dag.py:2585} INFO - Sync 1 DAGs
[2024-07-06T21:18:30.058+0000] {logging_mixin.py:120} INFO - [2024-07-06T21:18:30.058+0000] {dag.py:3340} INFO - Setting next_dagrun for xcom_dag to 2024-07-06T00:00:00+00:00, run_after=2024-07-07T00:00:00+00:00
[2024-07-06T21:18:30.073+0000] {processor.py:176} INFO - Processing /opt/airflow/dags/xcom_dag.py took 0.096 seconds
[2024-07-06T21:19:00.460+0000] {processor.py:154} INFO - Started process (PID=1718) to work on /opt/airflow/dags/xcom_dag.py
[2024-07-06T21:19:00.461+0000] {processor.py:756} INFO - Processing file /opt/airflow/dags/xcom_dag.py for tasks to queue
[2024-07-06T21:19:00.462+0000] {logging_mixin.py:120} INFO - [2024-07-06T21:19:00.462+0000] {dagbag.py:537} INFO - Filling up the DagBag from /opt/airflow/dags/xcom_dag.py
[2024-07-06T21:19:00.480+0000] {processor.py:766} INFO - DAG(s) dict_keys(['xcom_dag']) retrieved from /opt/airflow/dags/xcom_dag.py
[2024-07-06T21:19:00.514+0000] {logging_mixin.py:120} INFO - [2024-07-06T21:19:00.514+0000] {dag.py:2585} INFO - Sync 1 DAGs
[2024-07-06T21:19:00.539+0000] {logging_mixin.py:120} INFO - [2024-07-06T21:19:00.539+0000] {dag.py:3340} INFO - Setting next_dagrun for xcom_dag to 2024-07-06T00:00:00+00:00, run_after=2024-07-07T00:00:00+00:00
[2024-07-06T21:19:00.556+0000] {processor.py:176} INFO - Processing /opt/airflow/dags/xcom_dag.py took 0.099 seconds
[2024-07-06T21:19:30.995+0000] {processor.py:154} INFO - Started process (PID=1748) to work on /opt/airflow/dags/xcom_dag.py
[2024-07-06T21:19:30.996+0000] {processor.py:756} INFO - Processing file /opt/airflow/dags/xcom_dag.py for tasks to queue
[2024-07-06T21:19:30.997+0000] {logging_mixin.py:120} INFO - [2024-07-06T21:19:30.997+0000] {dagbag.py:537} INFO - Filling up the DagBag from /opt/airflow/dags/xcom_dag.py
[2024-07-06T21:19:31.016+0000] {processor.py:766} INFO - DAG(s) dict_keys(['xcom_dag']) retrieved from /opt/airflow/dags/xcom_dag.py
[2024-07-06T21:19:31.056+0000] {logging_mixin.py:120} INFO - [2024-07-06T21:19:31.056+0000] {dag.py:2585} INFO - Sync 1 DAGs
[2024-07-06T21:19:31.081+0000] {logging_mixin.py:120} INFO - [2024-07-06T21:19:31.081+0000] {dag.py:3340} INFO - Setting next_dagrun for xcom_dag to 2024-07-06T00:00:00+00:00, run_after=2024-07-07T00:00:00+00:00
[2024-07-06T21:19:31.097+0000] {processor.py:176} INFO - Processing /opt/airflow/dags/xcom_dag.py took 0.105 seconds
[2024-07-06T21:20:01.517+0000] {processor.py:154} INFO - Started process (PID=1786) to work on /opt/airflow/dags/xcom_dag.py
[2024-07-06T21:20:01.519+0000] {processor.py:756} INFO - Processing file /opt/airflow/dags/xcom_dag.py for tasks to queue
[2024-07-06T21:20:01.521+0000] {logging_mixin.py:120} INFO - [2024-07-06T21:20:01.519+0000] {dagbag.py:537} INFO - Filling up the DagBag from /opt/airflow/dags/xcom_dag.py
[2024-07-06T21:20:01.539+0000] {processor.py:766} INFO - DAG(s) dict_keys(['xcom_dag']) retrieved from /opt/airflow/dags/xcom_dag.py
[2024-07-06T21:20:01.572+0000] {logging_mixin.py:120} INFO - [2024-07-06T21:20:01.571+0000] {dag.py:2585} INFO - Sync 1 DAGs
[2024-07-06T21:20:01.594+0000] {logging_mixin.py:120} INFO - [2024-07-06T21:20:01.594+0000] {dag.py:3340} INFO - Setting next_dagrun for xcom_dag to 2024-07-06T00:00:00+00:00, run_after=2024-07-07T00:00:00+00:00
[2024-07-06T21:20:01.609+0000] {processor.py:176} INFO - Processing /opt/airflow/dags/xcom_dag.py took 0.094 seconds
[2024-07-06T21:20:32.007+0000] {processor.py:154} INFO - Started process (PID=1824) to work on /opt/airflow/dags/xcom_dag.py
[2024-07-06T21:20:32.008+0000] {processor.py:756} INFO - Processing file /opt/airflow/dags/xcom_dag.py for tasks to queue
[2024-07-06T21:20:32.009+0000] {logging_mixin.py:120} INFO - [2024-07-06T21:20:32.009+0000] {dagbag.py:537} INFO - Filling up the DagBag from /opt/airflow/dags/xcom_dag.py
[2024-07-06T21:20:32.029+0000] {processor.py:766} INFO - DAG(s) dict_keys(['xcom_dag']) retrieved from /opt/airflow/dags/xcom_dag.py
[2024-07-06T21:20:32.064+0000] {logging_mixin.py:120} INFO - [2024-07-06T21:20:32.064+0000] {dag.py:2585} INFO - Sync 1 DAGs
[2024-07-06T21:20:32.088+0000] {logging_mixin.py:120} INFO - [2024-07-06T21:20:32.088+0000] {dag.py:3340} INFO - Setting next_dagrun for xcom_dag to 2024-07-06T00:00:00+00:00, run_after=2024-07-07T00:00:00+00:00
[2024-07-06T21:20:32.102+0000] {processor.py:176} INFO - Processing /opt/airflow/dags/xcom_dag.py took 0.098 seconds
[2024-07-06T21:21:02.456+0000] {processor.py:154} INFO - Started process (PID=1862) to work on /opt/airflow/dags/xcom_dag.py
[2024-07-06T21:21:02.457+0000] {processor.py:756} INFO - Processing file /opt/airflow/dags/xcom_dag.py for tasks to queue
[2024-07-06T21:21:02.458+0000] {logging_mixin.py:120} INFO - [2024-07-06T21:21:02.458+0000] {dagbag.py:537} INFO - Filling up the DagBag from /opt/airflow/dags/xcom_dag.py
[2024-07-06T21:21:02.475+0000] {processor.py:766} INFO - DAG(s) dict_keys(['xcom_dag']) retrieved from /opt/airflow/dags/xcom_dag.py
[2024-07-06T21:21:02.509+0000] {logging_mixin.py:120} INFO - [2024-07-06T21:21:02.509+0000] {dag.py:2585} INFO - Sync 1 DAGs
[2024-07-06T21:21:02.532+0000] {logging_mixin.py:120} INFO - [2024-07-06T21:21:02.532+0000] {dag.py:3340} INFO - Setting next_dagrun for xcom_dag to 2024-07-06T00:00:00+00:00, run_after=2024-07-07T00:00:00+00:00
[2024-07-06T21:21:02.546+0000] {processor.py:176} INFO - Processing /opt/airflow/dags/xcom_dag.py took 0.093 seconds
[2024-07-06T21:21:06.491+0000] {processor.py:154} INFO - Started process (PID=1863) to work on /opt/airflow/dags/xcom_dag.py
[2024-07-06T21:21:06.492+0000] {processor.py:756} INFO - Processing file /opt/airflow/dags/xcom_dag.py for tasks to queue
[2024-07-06T21:21:06.493+0000] {logging_mixin.py:120} INFO - [2024-07-06T21:21:06.493+0000] {dagbag.py:537} INFO - Filling up the DagBag from /opt/airflow/dags/xcom_dag.py
[2024-07-06T21:21:06.513+0000] {processor.py:766} INFO - DAG(s) dict_keys(['xcom_dag']) retrieved from /opt/airflow/dags/xcom_dag.py
[2024-07-06T21:21:06.547+0000] {logging_mixin.py:120} INFO - [2024-07-06T21:21:06.547+0000] {dag.py:2585} INFO - Sync 1 DAGs
[2024-07-06T21:21:06.572+0000] {logging_mixin.py:120} INFO - [2024-07-06T21:21:06.571+0000] {dag.py:3340} INFO - Setting next_dagrun for xcom_dag to 2024-07-06T00:00:00+00:00, run_after=2024-07-07T00:00:00+00:00
[2024-07-06T21:21:06.591+0000] {processor.py:176} INFO - Processing /opt/airflow/dags/xcom_dag.py took 0.103 seconds
[2024-07-06T21:21:36.641+0000] {processor.py:154} INFO - Started process (PID=1902) to work on /opt/airflow/dags/xcom_dag.py
[2024-07-06T21:21:36.642+0000] {processor.py:756} INFO - Processing file /opt/airflow/dags/xcom_dag.py for tasks to queue
[2024-07-06T21:21:36.642+0000] {logging_mixin.py:120} INFO - [2024-07-06T21:21:36.642+0000] {dagbag.py:537} INFO - Filling up the DagBag from /opt/airflow/dags/xcom_dag.py
[2024-07-06T21:21:36.663+0000] {processor.py:766} INFO - DAG(s) dict_keys(['xcom_dag']) retrieved from /opt/airflow/dags/xcom_dag.py
[2024-07-06T21:21:36.698+0000] {logging_mixin.py:120} INFO - [2024-07-06T21:21:36.698+0000] {dag.py:2585} INFO - Sync 1 DAGs
[2024-07-06T21:21:36.722+0000] {logging_mixin.py:120} INFO - [2024-07-06T21:21:36.722+0000] {dag.py:3340} INFO - Setting next_dagrun for xcom_dag to 2024-07-06T00:00:00+00:00, run_after=2024-07-07T00:00:00+00:00
[2024-07-06T21:21:36.739+0000] {processor.py:176} INFO - Processing /opt/airflow/dags/xcom_dag.py took 0.101 seconds
[2024-07-06T21:22:04.658+0000] {processor.py:154} INFO - Started process (PID=1931) to work on /opt/airflow/dags/xcom_dag.py
[2024-07-06T21:22:04.669+0000] {processor.py:756} INFO - Processing file /opt/airflow/dags/xcom_dag.py for tasks to queue
[2024-07-06T21:22:04.670+0000] {logging_mixin.py:120} INFO - [2024-07-06T21:22:04.670+0000] {dagbag.py:537} INFO - Filling up the DagBag from /opt/airflow/dags/xcom_dag.py
[2024-07-06T21:22:04.692+0000] {processor.py:766} INFO - DAG(s) dict_keys(['xcom_dag']) retrieved from /opt/airflow/dags/xcom_dag.py
[2024-07-06T21:22:04.726+0000] {logging_mixin.py:120} INFO - [2024-07-06T21:22:04.726+0000] {dag.py:2585} INFO - Sync 1 DAGs
[2024-07-06T21:22:04.751+0000] {logging_mixin.py:120} INFO - [2024-07-06T21:22:04.751+0000] {dag.py:3340} INFO - Setting next_dagrun for xcom_dag to 2024-07-06T00:00:00+00:00, run_after=2024-07-07T00:00:00+00:00
[2024-07-06T21:22:04.767+0000] {processor.py:176} INFO - Processing /opt/airflow/dags/xcom_dag.py took 0.113 seconds
[2024-07-06T21:22:35.019+0000] {processor.py:154} INFO - Started process (PID=1969) to work on /opt/airflow/dags/xcom_dag.py
[2024-07-06T21:22:35.020+0000] {processor.py:756} INFO - Processing file /opt/airflow/dags/xcom_dag.py for tasks to queue
[2024-07-06T21:22:35.021+0000] {logging_mixin.py:120} INFO - [2024-07-06T21:22:35.020+0000] {dagbag.py:537} INFO - Filling up the DagBag from /opt/airflow/dags/xcom_dag.py
[2024-07-06T21:22:35.039+0000] {processor.py:766} INFO - DAG(s) dict_keys(['xcom_dag']) retrieved from /opt/airflow/dags/xcom_dag.py
[2024-07-06T21:22:35.074+0000] {logging_mixin.py:120} INFO - [2024-07-06T21:22:35.074+0000] {dag.py:2585} INFO - Sync 1 DAGs
[2024-07-06T21:22:35.100+0000] {logging_mixin.py:120} INFO - [2024-07-06T21:22:35.100+0000] {dag.py:3340} INFO - Setting next_dagrun for xcom_dag to 2024-07-06T00:00:00+00:00, run_after=2024-07-07T00:00:00+00:00
[2024-07-06T21:22:35.116+0000] {processor.py:176} INFO - Processing /opt/airflow/dags/xcom_dag.py took 0.100 seconds
[2024-07-06T21:23:05.586+0000] {processor.py:154} INFO - Started process (PID=2007) to work on /opt/airflow/dags/xcom_dag.py
[2024-07-06T21:23:05.587+0000] {processor.py:756} INFO - Processing file /opt/airflow/dags/xcom_dag.py for tasks to queue
[2024-07-06T21:23:05.587+0000] {logging_mixin.py:120} INFO - [2024-07-06T21:23:05.587+0000] {dagbag.py:537} INFO - Filling up the DagBag from /opt/airflow/dags/xcom_dag.py
[2024-07-06T21:23:05.605+0000] {processor.py:766} INFO - DAG(s) dict_keys(['xcom_dag']) retrieved from /opt/airflow/dags/xcom_dag.py
[2024-07-06T21:23:05.639+0000] {logging_mixin.py:120} INFO - [2024-07-06T21:23:05.638+0000] {dag.py:2585} INFO - Sync 1 DAGs
[2024-07-06T21:23:05.661+0000] {logging_mixin.py:120} INFO - [2024-07-06T21:23:05.661+0000] {dag.py:3340} INFO - Setting next_dagrun for xcom_dag to 2024-07-06T00:00:00+00:00, run_after=2024-07-07T00:00:00+00:00
[2024-07-06T21:23:05.676+0000] {processor.py:176} INFO - Processing /opt/airflow/dags/xcom_dag.py took 0.093 seconds
[2024-07-06T21:23:15.997+0000] {processor.py:154} INFO - Started process (PID=2025) to work on /opt/airflow/dags/xcom_dag.py
[2024-07-06T21:23:15.998+0000] {processor.py:756} INFO - Processing file /opt/airflow/dags/xcom_dag.py for tasks to queue
[2024-07-06T21:23:15.999+0000] {logging_mixin.py:120} INFO - [2024-07-06T21:23:15.999+0000] {dagbag.py:537} INFO - Filling up the DagBag from /opt/airflow/dags/xcom_dag.py
[2024-07-06T21:23:16.019+0000] {processor.py:766} INFO - DAG(s) dict_keys(['xcom_dag']) retrieved from /opt/airflow/dags/xcom_dag.py
[2024-07-06T21:23:16.053+0000] {logging_mixin.py:120} INFO - [2024-07-06T21:23:16.053+0000] {dag.py:2585} INFO - Sync 1 DAGs
[2024-07-06T21:23:16.076+0000] {logging_mixin.py:120} INFO - [2024-07-06T21:23:16.076+0000] {dag.py:3340} INFO - Setting next_dagrun for xcom_dag to 2024-07-06T00:00:00+00:00, run_after=2024-07-07T00:00:00+00:00
[2024-07-06T21:23:16.092+0000] {processor.py:176} INFO - Processing /opt/airflow/dags/xcom_dag.py took 0.098 seconds
[2024-07-06T21:23:39.774+0000] {processor.py:154} INFO - Started process (PID=2050) to work on /opt/airflow/dags/xcom_dag.py
[2024-07-06T21:23:39.775+0000] {processor.py:756} INFO - Processing file /opt/airflow/dags/xcom_dag.py for tasks to queue
[2024-07-06T21:23:39.775+0000] {logging_mixin.py:120} INFO - [2024-07-06T21:23:39.775+0000] {dagbag.py:537} INFO - Filling up the DagBag from /opt/airflow/dags/xcom_dag.py
[2024-07-06T21:23:39.795+0000] {processor.py:766} INFO - DAG(s) dict_keys(['xcom_dag']) retrieved from /opt/airflow/dags/xcom_dag.py
[2024-07-06T21:23:39.829+0000] {logging_mixin.py:120} INFO - [2024-07-06T21:23:39.829+0000] {dag.py:2585} INFO - Sync 1 DAGs
[2024-07-06T21:23:39.853+0000] {logging_mixin.py:120} INFO - [2024-07-06T21:23:39.853+0000] {dag.py:3340} INFO - Setting next_dagrun for xcom_dag to 2024-07-06T00:00:00+00:00, run_after=2024-07-07T00:00:00+00:00
[2024-07-06T21:23:39.870+0000] {processor.py:176} INFO - Processing /opt/airflow/dags/xcom_dag.py took 0.099 seconds
[2024-07-06T21:24:05.289+0000] {processor.py:154} INFO - Started process (PID=2075) to work on /opt/airflow/dags/xcom_dag.py
[2024-07-06T21:24:05.291+0000] {processor.py:756} INFO - Processing file /opt/airflow/dags/xcom_dag.py for tasks to queue
[2024-07-06T21:24:05.292+0000] {logging_mixin.py:120} INFO - [2024-07-06T21:24:05.292+0000] {dagbag.py:537} INFO - Filling up the DagBag from /opt/airflow/dags/xcom_dag.py
[2024-07-06T21:24:05.314+0000] {processor.py:766} INFO - DAG(s) dict_keys(['xcom_dag']) retrieved from /opt/airflow/dags/xcom_dag.py
[2024-07-06T21:24:05.350+0000] {logging_mixin.py:120} INFO - [2024-07-06T21:24:05.350+0000] {dag.py:2585} INFO - Sync 1 DAGs
[2024-07-06T21:24:05.375+0000] {logging_mixin.py:120} INFO - [2024-07-06T21:24:05.375+0000] {dag.py:3340} INFO - Setting next_dagrun for xcom_dag to 2024-07-06T00:00:00+00:00, run_after=2024-07-07T00:00:00+00:00
[2024-07-06T21:24:05.393+0000] {processor.py:176} INFO - Processing /opt/airflow/dags/xcom_dag.py took 0.108 seconds
[2024-07-06T21:24:16.583+0000] {processor.py:154} INFO - Started process (PID=2093) to work on /opt/airflow/dags/xcom_dag.py
[2024-07-06T21:24:16.584+0000] {processor.py:756} INFO - Processing file /opt/airflow/dags/xcom_dag.py for tasks to queue
[2024-07-06T21:24:16.585+0000] {logging_mixin.py:120} INFO - [2024-07-06T21:24:16.585+0000] {dagbag.py:537} INFO - Filling up the DagBag from /opt/airflow/dags/xcom_dag.py
[2024-07-06T21:24:16.606+0000] {processor.py:766} INFO - DAG(s) dict_keys(['xcom_dag']) retrieved from /opt/airflow/dags/xcom_dag.py
[2024-07-06T21:24:16.642+0000] {logging_mixin.py:120} INFO - [2024-07-06T21:24:16.642+0000] {dag.py:2585} INFO - Sync 1 DAGs
[2024-07-06T21:24:16.667+0000] {logging_mixin.py:120} INFO - [2024-07-06T21:24:16.667+0000] {dag.py:3340} INFO - Setting next_dagrun for xcom_dag to 2024-07-06T00:00:00+00:00, run_after=2024-07-07T00:00:00+00:00
[2024-07-06T21:24:16.684+0000] {processor.py:176} INFO - Processing /opt/airflow/dags/xcom_dag.py took 0.105 seconds
[2024-07-06T21:24:47.271+0000] {processor.py:154} INFO - Started process (PID=2131) to work on /opt/airflow/dags/xcom_dag.py
[2024-07-06T21:24:47.271+0000] {processor.py:756} INFO - Processing file /opt/airflow/dags/xcom_dag.py for tasks to queue
[2024-07-06T21:24:47.272+0000] {logging_mixin.py:120} INFO - [2024-07-06T21:24:47.272+0000] {dagbag.py:537} INFO - Filling up the DagBag from /opt/airflow/dags/xcom_dag.py
[2024-07-06T21:24:47.291+0000] {processor.py:766} INFO - DAG(s) dict_keys(['xcom_dag']) retrieved from /opt/airflow/dags/xcom_dag.py
[2024-07-06T21:24:47.327+0000] {logging_mixin.py:120} INFO - [2024-07-06T21:24:47.327+0000] {dag.py:2585} INFO - Sync 1 DAGs
[2024-07-06T21:24:47.352+0000] {logging_mixin.py:120} INFO - [2024-07-06T21:24:47.352+0000] {dag.py:3340} INFO - Setting next_dagrun for xcom_dag to 2024-07-06T00:00:00+00:00, run_after=2024-07-07T00:00:00+00:00
[2024-07-06T21:24:47.368+0000] {processor.py:176} INFO - Processing /opt/airflow/dags/xcom_dag.py took 0.100 seconds
[2024-07-06T21:25:18.304+0000] {processor.py:154} INFO - Started process (PID=2169) to work on /opt/airflow/dags/xcom_dag.py
[2024-07-06T21:25:18.304+0000] {processor.py:756} INFO - Processing file /opt/airflow/dags/xcom_dag.py for tasks to queue
[2024-07-06T21:25:18.305+0000] {logging_mixin.py:120} INFO - [2024-07-06T21:25:18.305+0000] {dagbag.py:537} INFO - Filling up the DagBag from /opt/airflow/dags/xcom_dag.py
[2024-07-06T21:25:18.324+0000] {processor.py:766} INFO - DAG(s) dict_keys(['xcom_dag']) retrieved from /opt/airflow/dags/xcom_dag.py
[2024-07-06T21:25:18.358+0000] {logging_mixin.py:120} INFO - [2024-07-06T21:25:18.358+0000] {dag.py:2585} INFO - Sync 1 DAGs
[2024-07-06T21:25:18.385+0000] {logging_mixin.py:120} INFO - [2024-07-06T21:25:18.384+0000] {dag.py:3340} INFO - Setting next_dagrun for xcom_dag to 2024-07-06T00:00:00+00:00, run_after=2024-07-07T00:00:00+00:00
[2024-07-06T21:25:18.401+0000] {processor.py:176} INFO - Processing /opt/airflow/dags/xcom_dag.py took 0.100 seconds
[2024-07-06T21:25:48.812+0000] {processor.py:154} INFO - Started process (PID=2198) to work on /opt/airflow/dags/xcom_dag.py
[2024-07-06T21:25:48.813+0000] {processor.py:756} INFO - Processing file /opt/airflow/dags/xcom_dag.py for tasks to queue
[2024-07-06T21:25:48.814+0000] {logging_mixin.py:120} INFO - [2024-07-06T21:25:48.814+0000] {dagbag.py:537} INFO - Filling up the DagBag from /opt/airflow/dags/xcom_dag.py
[2024-07-06T21:25:48.832+0000] {processor.py:766} INFO - DAG(s) dict_keys(['xcom_dag']) retrieved from /opt/airflow/dags/xcom_dag.py
[2024-07-06T21:25:48.868+0000] {logging_mixin.py:120} INFO - [2024-07-06T21:25:48.868+0000] {dag.py:2585} INFO - Sync 1 DAGs
[2024-07-06T21:25:48.898+0000] {logging_mixin.py:120} INFO - [2024-07-06T21:25:48.898+0000] {dag.py:3340} INFO - Setting next_dagrun for xcom_dag to 2024-07-06T00:00:00+00:00, run_after=2024-07-07T00:00:00+00:00
[2024-07-06T21:25:48.914+0000] {processor.py:176} INFO - Processing /opt/airflow/dags/xcom_dag.py took 0.105 seconds
[2024-07-06T21:26:15.738+0000] {processor.py:154} INFO - Started process (PID=2232) to work on /opt/airflow/dags/xcom_dag.py
[2024-07-06T21:26:15.739+0000] {processor.py:756} INFO - Processing file /opt/airflow/dags/xcom_dag.py for tasks to queue
[2024-07-06T21:26:15.740+0000] {logging_mixin.py:120} INFO - [2024-07-06T21:26:15.740+0000] {dagbag.py:537} INFO - Filling up the DagBag from /opt/airflow/dags/xcom_dag.py
[2024-07-06T21:26:15.763+0000] {processor.py:766} INFO - DAG(s) dict_keys(['xcom_dag']) retrieved from /opt/airflow/dags/xcom_dag.py
[2024-07-06T21:26:15.800+0000] {logging_mixin.py:120} INFO - [2024-07-06T21:26:15.799+0000] {dag.py:2585} INFO - Sync 1 DAGs
[2024-07-06T21:26:15.825+0000] {logging_mixin.py:120} INFO - [2024-07-06T21:26:15.825+0000] {dag.py:3340} INFO - Setting next_dagrun for xcom_dag to 2024-07-06T00:00:00+00:00, run_after=2024-07-07T00:00:00+00:00
[2024-07-06T21:26:15.843+0000] {processor.py:176} INFO - Processing /opt/airflow/dags/xcom_dag.py took 0.108 seconds
[2024-07-06T21:26:22.147+0000] {processor.py:154} INFO - Started process (PID=2237) to work on /opt/airflow/dags/xcom_dag.py
[2024-07-06T21:26:22.148+0000] {processor.py:756} INFO - Processing file /opt/airflow/dags/xcom_dag.py for tasks to queue
[2024-07-06T21:26:22.149+0000] {logging_mixin.py:120} INFO - [2024-07-06T21:26:22.149+0000] {dagbag.py:537} INFO - Filling up the DagBag from /opt/airflow/dags/xcom_dag.py
[2024-07-06T21:26:22.169+0000] {processor.py:766} INFO - DAG(s) dict_keys(['xcom_dag']) retrieved from /opt/airflow/dags/xcom_dag.py
[2024-07-06T21:26:22.203+0000] {logging_mixin.py:120} INFO - [2024-07-06T21:26:22.203+0000] {dag.py:2585} INFO - Sync 1 DAGs
[2024-07-06T21:26:22.228+0000] {logging_mixin.py:120} INFO - [2024-07-06T21:26:22.228+0000] {dag.py:3340} INFO - Setting next_dagrun for xcom_dag to 2024-07-06T00:00:00+00:00, run_after=2024-07-07T00:00:00+00:00
[2024-07-06T21:26:22.245+0000] {processor.py:176} INFO - Processing /opt/airflow/dags/xcom_dag.py took 0.101 seconds
[2024-07-06T21:26:48.262+0000] {processor.py:154} INFO - Started process (PID=2275) to work on /opt/airflow/dags/xcom_dag.py
[2024-07-06T21:26:48.263+0000] {processor.py:756} INFO - Processing file /opt/airflow/dags/xcom_dag.py for tasks to queue
[2024-07-06T21:26:48.264+0000] {logging_mixin.py:120} INFO - [2024-07-06T21:26:48.264+0000] {dagbag.py:537} INFO - Filling up the DagBag from /opt/airflow/dags/xcom_dag.py
[2024-07-06T21:26:48.288+0000] {processor.py:766} INFO - DAG(s) dict_keys(['xcom_dag']) retrieved from /opt/airflow/dags/xcom_dag.py
[2024-07-06T21:26:48.331+0000] {logging_mixin.py:120} INFO - [2024-07-06T21:26:48.331+0000] {dag.py:2585} INFO - Sync 1 DAGs
[2024-07-06T21:26:48.362+0000] {logging_mixin.py:120} INFO - [2024-07-06T21:26:48.362+0000] {dag.py:3340} INFO - Setting next_dagrun for xcom_dag to 2024-07-06T00:00:00+00:00, run_after=2024-07-07T00:00:00+00:00
[2024-07-06T21:26:48.382+0000] {processor.py:176} INFO - Processing /opt/airflow/dags/xcom_dag.py took 0.123 seconds
[2024-07-06T21:27:18.430+0000] {processor.py:154} INFO - Started process (PID=2312) to work on /opt/airflow/dags/xcom_dag.py
[2024-07-06T21:27:18.431+0000] {processor.py:756} INFO - Processing file /opt/airflow/dags/xcom_dag.py for tasks to queue
[2024-07-06T21:27:18.432+0000] {logging_mixin.py:120} INFO - [2024-07-06T21:27:18.432+0000] {dagbag.py:537} INFO - Filling up the DagBag from /opt/airflow/dags/xcom_dag.py
[2024-07-06T21:27:18.453+0000] {processor.py:766} INFO - DAG(s) dict_keys(['xcom_dag']) retrieved from /opt/airflow/dags/xcom_dag.py
[2024-07-06T21:27:18.488+0000] {logging_mixin.py:120} INFO - [2024-07-06T21:27:18.488+0000] {dag.py:2585} INFO - Sync 1 DAGs
[2024-07-06T21:27:18.514+0000] {logging_mixin.py:120} INFO - [2024-07-06T21:27:18.514+0000] {dag.py:3340} INFO - Setting next_dagrun for xcom_dag to 2024-07-06T00:00:00+00:00, run_after=2024-07-07T00:00:00+00:00
[2024-07-06T21:27:18.531+0000] {processor.py:176} INFO - Processing /opt/airflow/dags/xcom_dag.py took 0.103 seconds
[2024-07-06T21:27:48.651+0000] {processor.py:154} INFO - Started process (PID=2341) to work on /opt/airflow/dags/xcom_dag.py
[2024-07-06T21:27:48.652+0000] {processor.py:756} INFO - Processing file /opt/airflow/dags/xcom_dag.py for tasks to queue
[2024-07-06T21:27:48.653+0000] {logging_mixin.py:120} INFO - [2024-07-06T21:27:48.653+0000] {dagbag.py:537} INFO - Filling up the DagBag from /opt/airflow/dags/xcom_dag.py
[2024-07-06T21:27:48.671+0000] {processor.py:766} INFO - DAG(s) dict_keys(['xcom_dag']) retrieved from /opt/airflow/dags/xcom_dag.py
[2024-07-06T21:27:48.704+0000] {logging_mixin.py:120} INFO - [2024-07-06T21:27:48.704+0000] {dag.py:2585} INFO - Sync 1 DAGs
[2024-07-06T21:27:48.729+0000] {logging_mixin.py:120} INFO - [2024-07-06T21:27:48.729+0000] {dag.py:3340} INFO - Setting next_dagrun for xcom_dag to 2024-07-06T00:00:00+00:00, run_after=2024-07-07T00:00:00+00:00
[2024-07-06T21:27:48.745+0000] {processor.py:176} INFO - Processing /opt/airflow/dags/xcom_dag.py took 0.097 seconds
[2024-07-06T21:28:18.813+0000] {processor.py:154} INFO - Started process (PID=2379) to work on /opt/airflow/dags/xcom_dag.py
[2024-07-06T21:28:18.815+0000] {processor.py:756} INFO - Processing file /opt/airflow/dags/xcom_dag.py for tasks to queue
[2024-07-06T21:28:18.816+0000] {logging_mixin.py:120} INFO - [2024-07-06T21:28:18.816+0000] {dagbag.py:537} INFO - Filling up the DagBag from /opt/airflow/dags/xcom_dag.py
[2024-07-06T21:28:18.834+0000] {processor.py:766} INFO - DAG(s) dict_keys(['xcom_dag']) retrieved from /opt/airflow/dags/xcom_dag.py
[2024-07-06T21:28:18.870+0000] {logging_mixin.py:120} INFO - [2024-07-06T21:28:18.870+0000] {dag.py:2585} INFO - Sync 1 DAGs
[2024-07-06T21:28:18.896+0000] {logging_mixin.py:120} INFO - [2024-07-06T21:28:18.896+0000] {dag.py:3340} INFO - Setting next_dagrun for xcom_dag to 2024-07-06T00:00:00+00:00, run_after=2024-07-07T00:00:00+00:00
[2024-07-06T21:28:18.913+0000] {processor.py:176} INFO - Processing /opt/airflow/dags/xcom_dag.py took 0.103 seconds
[2024-07-06T21:28:26.878+0000] {processor.py:154} INFO - Started process (PID=2389) to work on /opt/airflow/dags/xcom_dag.py
[2024-07-06T21:28:26.879+0000] {processor.py:756} INFO - Processing file /opt/airflow/dags/xcom_dag.py for tasks to queue
[2024-07-06T21:28:26.879+0000] {logging_mixin.py:120} INFO - [2024-07-06T21:28:26.879+0000] {dagbag.py:537} INFO - Filling up the DagBag from /opt/airflow/dags/xcom_dag.py
[2024-07-06T21:28:26.899+0000] {processor.py:766} INFO - DAG(s) dict_keys(['xcom_dag']) retrieved from /opt/airflow/dags/xcom_dag.py
[2024-07-06T21:28:26.934+0000] {logging_mixin.py:120} INFO - [2024-07-06T21:28:26.934+0000] {dag.py:2585} INFO - Sync 1 DAGs
[2024-07-06T21:28:26.960+0000] {logging_mixin.py:120} INFO - [2024-07-06T21:28:26.960+0000] {dag.py:3340} INFO - Setting next_dagrun for xcom_dag to 2024-07-06T00:00:00+00:00, run_after=2024-07-07T00:00:00+00:00
[2024-07-06T21:28:26.978+0000] {processor.py:176} INFO - Processing /opt/airflow/dags/xcom_dag.py took 0.103 seconds
[2024-07-06T21:28:39.054+0000] {processor.py:154} INFO - Started process (PID=2401) to work on /opt/airflow/dags/xcom_dag.py
[2024-07-06T21:28:39.056+0000] {processor.py:756} INFO - Processing file /opt/airflow/dags/xcom_dag.py for tasks to queue
[2024-07-06T21:28:39.058+0000] {logging_mixin.py:120} INFO - [2024-07-06T21:28:39.058+0000] {dagbag.py:537} INFO - Filling up the DagBag from /opt/airflow/dags/xcom_dag.py
[2024-07-06T21:28:39.083+0000] {processor.py:766} INFO - DAG(s) dict_keys(['xcom_dag']) retrieved from /opt/airflow/dags/xcom_dag.py
[2024-07-06T21:28:39.122+0000] {logging_mixin.py:120} INFO - [2024-07-06T21:28:39.122+0000] {dag.py:2585} INFO - Sync 1 DAGs
[2024-07-06T21:28:39.149+0000] {logging_mixin.py:120} INFO - [2024-07-06T21:28:39.149+0000] {dag.py:3340} INFO - Setting next_dagrun for xcom_dag to 2024-07-06T00:00:00+00:00, run_after=2024-07-07T00:00:00+00:00
[2024-07-06T21:28:39.168+0000] {processor.py:176} INFO - Processing /opt/airflow/dags/xcom_dag.py took 0.118 seconds
[2024-07-06T21:29:09.735+0000] {processor.py:154} INFO - Started process (PID=2439) to work on /opt/airflow/dags/xcom_dag.py
[2024-07-06T21:29:09.736+0000] {processor.py:756} INFO - Processing file /opt/airflow/dags/xcom_dag.py for tasks to queue
[2024-07-06T21:29:09.737+0000] {logging_mixin.py:120} INFO - [2024-07-06T21:29:09.737+0000] {dagbag.py:537} INFO - Filling up the DagBag from /opt/airflow/dags/xcom_dag.py
[2024-07-06T21:29:09.754+0000] {processor.py:766} INFO - DAG(s) dict_keys(['xcom_dag']) retrieved from /opt/airflow/dags/xcom_dag.py
[2024-07-06T21:29:09.791+0000] {logging_mixin.py:120} INFO - [2024-07-06T21:29:09.791+0000] {dag.py:2585} INFO - Sync 1 DAGs
[2024-07-06T21:29:09.815+0000] {logging_mixin.py:120} INFO - [2024-07-06T21:29:09.815+0000] {dag.py:3340} INFO - Setting next_dagrun for xcom_dag to 2024-07-06T00:00:00+00:00, run_after=2024-07-07T00:00:00+00:00
[2024-07-06T21:29:09.831+0000] {processor.py:176} INFO - Processing /opt/airflow/dags/xcom_dag.py took 0.100 seconds
[2024-07-06T21:29:20.178+0000] {processor.py:154} INFO - Started process (PID=2457) to work on /opt/airflow/dags/xcom_dag.py
[2024-07-06T21:29:20.179+0000] {processor.py:756} INFO - Processing file /opt/airflow/dags/xcom_dag.py for tasks to queue
[2024-07-06T21:29:20.180+0000] {logging_mixin.py:120} INFO - [2024-07-06T21:29:20.180+0000] {dagbag.py:537} INFO - Filling up the DagBag from /opt/airflow/dags/xcom_dag.py
[2024-07-06T21:29:20.202+0000] {processor.py:766} INFO - DAG(s) dict_keys(['xcom_dag']) retrieved from /opt/airflow/dags/xcom_dag.py
[2024-07-06T21:29:20.238+0000] {logging_mixin.py:120} INFO - [2024-07-06T21:29:20.238+0000] {dag.py:2585} INFO - Sync 1 DAGs
[2024-07-06T21:29:20.264+0000] {logging_mixin.py:120} INFO - [2024-07-06T21:29:20.263+0000] {dag.py:3340} INFO - Setting next_dagrun for xcom_dag to 2024-07-06T00:00:00+00:00, run_after=2024-07-07T00:00:00+00:00
[2024-07-06T21:29:20.286+0000] {processor.py:176} INFO - Processing /opt/airflow/dags/xcom_dag.py took 0.110 seconds
