[2024-07-01T17:04:59.435+0000] {taskinstance.py:1165} INFO - Dependencies all met for <TaskInstance: user_processing.extract_user scheduled__2024-06-30T00:00:00+00:00 [queued]>
[2024-07-01T17:04:59.445+0000] {taskinstance.py:1165} INFO - Dependencies all met for <TaskInstance: user_processing.extract_user scheduled__2024-06-30T00:00:00+00:00 [queued]>
[2024-07-01T17:04:59.446+0000] {taskinstance.py:1362} INFO - 
--------------------------------------------------------------------------------
[2024-07-01T17:04:59.446+0000] {taskinstance.py:1363} INFO - Starting attempt 1 of 1
[2024-07-01T17:04:59.446+0000] {taskinstance.py:1364} INFO - 
--------------------------------------------------------------------------------
[2024-07-01T17:04:59.458+0000] {taskinstance.py:1383} INFO - Executing <Task(SimpleHttpOperator): extract_user> on 2024-06-30 00:00:00+00:00
[2024-07-01T17:04:59.461+0000] {standard_task_runner.py:55} INFO - Started process 84 to run task
[2024-07-01T17:04:59.464+0000] {standard_task_runner.py:82} INFO - Running: ['***', 'tasks', 'run', 'user_processing', 'extract_user', 'scheduled__2024-06-30T00:00:00+00:00', '--job-id', '38', '--raw', '--subdir', 'DAGS_FOLDER/user_processing.py', '--cfg-path', '/tmp/tmpwsjyk2r_']
[2024-07-01T17:04:59.467+0000] {standard_task_runner.py:83} INFO - Job 38: Subtask extract_user
[2024-07-01T17:04:59.521+0000] {task_command.py:376} INFO - Running <TaskInstance: user_processing.extract_user scheduled__2024-06-30T00:00:00+00:00 [running]> on host e1b89c427937
[2024-07-01T17:04:59.577+0000] {taskinstance.py:1592} INFO - Exporting the following env vars:
AIRFLOW_CTX_DAG_OWNER=***
AIRFLOW_CTX_DAG_ID=user_processing
AIRFLOW_CTX_TASK_ID=extract_user
AIRFLOW_CTX_EXECUTION_DATE=2024-06-30T00:00:00+00:00
AIRFLOW_CTX_TRY_NUMBER=1
AIRFLOW_CTX_DAG_RUN_ID=scheduled__2024-06-30T00:00:00+00:00
[2024-07-01T17:04:59.578+0000] {http.py:121} INFO - Calling HTTP method
[2024-07-01T17:04:59.586+0000] {base.py:71} INFO - Using connection ID 'user_api' for task execution.
[2024-07-01T17:04:59.587+0000] {http.py:148} INFO - Sending 'GET' to url: https://randomuser.me//api
[2024-07-01T17:04:59.812+0000] {taskinstance.py:1406} INFO - Marking task as SUCCESS. dag_id=user_processing, task_id=extract_user, execution_date=20240630T000000, start_date=20240701T170459, end_date=20240701T170459
[2024-07-01T17:04:59.850+0000] {local_task_job.py:164} INFO - Task exited with return code 0
[2024-07-01T17:04:59.873+0000] {local_task_job.py:273} INFO - 1 downstream tasks scheduled from follow-on schedule check
