[2024-07-07T00:00:01.711+0000] {taskinstance.py:1165} INFO - Dependencies all met for <TaskInstance: xcom_dag.branch scheduled__2024-07-06T00:00:00+00:00 [queued]>
[2024-07-07T00:00:01.723+0000] {taskinstance.py:1165} INFO - Dependencies all met for <TaskInstance: xcom_dag.branch scheduled__2024-07-06T00:00:00+00:00 [queued]>
[2024-07-07T00:00:01.724+0000] {taskinstance.py:1362} INFO - 
--------------------------------------------------------------------------------
[2024-07-07T00:00:01.724+0000] {taskinstance.py:1363} INFO - Starting attempt 1 of 1
[2024-07-07T00:00:01.725+0000] {taskinstance.py:1364} INFO - 
--------------------------------------------------------------------------------
[2024-07-07T00:00:01.740+0000] {taskinstance.py:1383} INFO - Executing <Task(BranchPythonOperator): branch> on 2024-07-06 00:00:00+00:00
[2024-07-07T00:00:01.745+0000] {standard_task_runner.py:55} INFO - Started process 5816 to run task
[2024-07-07T00:00:01.749+0000] {standard_task_runner.py:82} INFO - Running: ['***', 'tasks', 'run', 'xcom_dag', 'branch', 'scheduled__2024-07-06T00:00:00+00:00', '--job-id', '130', '--raw', '--subdir', 'DAGS_FOLDER/xcom_dag.py', '--cfg-path', '/tmp/tmpphu0j6bp']
[2024-07-07T00:00:01.751+0000] {standard_task_runner.py:83} INFO - Job 130: Subtask branch
[2024-07-07T00:00:01.827+0000] {task_command.py:376} INFO - Running <TaskInstance: xcom_dag.branch scheduled__2024-07-06T00:00:00+00:00 [running]> on host d45203605df5
[2024-07-07T00:00:01.902+0000] {taskinstance.py:1592} INFO - Exporting the following env vars:
AIRFLOW_CTX_DAG_OWNER=***
AIRFLOW_CTX_DAG_ID=xcom_dag
AIRFLOW_CTX_TASK_ID=branch
AIRFLOW_CTX_EXECUTION_DATE=2024-07-06T00:00:00+00:00
AIRFLOW_CTX_TRY_NUMBER=1
AIRFLOW_CTX_DAG_RUN_ID=scheduled__2024-07-06T00:00:00+00:00
[2024-07-07T00:00:01.915+0000] {python.py:177} INFO - Done. Returned value was: t2
[2024-07-07T00:00:01.916+0000] {skipmixin.py:155} INFO - Following branch t2
[2024-07-07T00:00:01.916+0000] {skipmixin.py:190} INFO - Skipping tasks ['t3']
[2024-07-07T00:00:01.965+0000] {taskinstance.py:1406} INFO - Marking task as SUCCESS. dag_id=xcom_dag, task_id=branch, execution_date=20240706T000000, start_date=20240707T000001, end_date=20240707T000001
[2024-07-07T00:00:02.010+0000] {local_task_job.py:164} INFO - Task exited with return code 0
[2024-07-07T00:00:02.082+0000] {local_task_job.py:273} INFO - 1 downstream tasks scheduled from follow-on schedule check
