[2024-07-04T20:23:38.570+0000] {taskinstance.py:1165} INFO - Dependencies all met for <TaskInstance: group_dag.downloads.download_a scheduled__2024-07-03T00:00:00+00:00 [queued]>
[2024-07-04T20:23:38.578+0000] {taskinstance.py:1165} INFO - Dependencies all met for <TaskInstance: group_dag.downloads.download_a scheduled__2024-07-03T00:00:00+00:00 [queued]>
[2024-07-04T20:23:38.579+0000] {taskinstance.py:1362} INFO - 
--------------------------------------------------------------------------------
[2024-07-04T20:23:38.579+0000] {taskinstance.py:1363} INFO - Starting attempt 1 of 1
[2024-07-04T20:23:38.579+0000] {taskinstance.py:1364} INFO - 
--------------------------------------------------------------------------------
[2024-07-04T20:23:38.595+0000] {taskinstance.py:1383} INFO - Executing <Task(BashOperator): download_a> on 2024-07-03 00:00:00+00:00
[2024-07-04T20:23:38.598+0000] {standard_task_runner.py:55} INFO - Started process 118 to run task
[2024-07-04T20:23:38.602+0000] {standard_task_runner.py:82} INFO - Running: ['***', 'tasks', 'run', 'group_dag.downloads', 'download_a', 'scheduled__2024-07-03T00:00:00+00:00', '--job-id', '77', '--raw', '--subdir', 'DAGS_FOLDER/group_dag.py', '--cfg-path', '/tmp/tmpzfe0e3e8']
[2024-07-04T20:23:38.602+0000] {standard_task_runner.py:83} INFO - Job 77: Subtask download_a
[2024-07-04T20:23:38.657+0000] {task_command.py:376} INFO - Running <TaskInstance: group_dag.downloads.download_a scheduled__2024-07-03T00:00:00+00:00 [running]> on host e1633c9682d6
[2024-07-04T20:23:38.727+0000] {taskinstance.py:1592} INFO - Exporting the following env vars:
AIRFLOW_CTX_DAG_OWNER=***
AIRFLOW_CTX_DAG_ID=group_dag.downloads
AIRFLOW_CTX_TASK_ID=download_a
AIRFLOW_CTX_EXECUTION_DATE=2024-07-03T00:00:00+00:00
AIRFLOW_CTX_TRY_NUMBER=1
AIRFLOW_CTX_DAG_RUN_ID=scheduled__2024-07-03T00:00:00+00:00
[2024-07-04T20:23:38.729+0000] {subprocess.py:63} INFO - Tmp dir root location: 
 /tmp
[2024-07-04T20:23:38.730+0000] {subprocess.py:75} INFO - Running command: ['/bin/bash', '-c', 'sleep 10']
[2024-07-04T20:23:38.738+0000] {subprocess.py:86} INFO - Output:
[2024-07-04T20:23:48.741+0000] {subprocess.py:97} INFO - Command exited with return code 0
[2024-07-04T20:23:48.763+0000] {taskinstance.py:1406} INFO - Marking task as SUCCESS. dag_id=group_dag.downloads, task_id=download_a, execution_date=20240703T000000, start_date=20240704T202338, end_date=20240704T202348
[2024-07-04T20:23:48.789+0000] {local_task_job.py:164} INFO - Task exited with return code 0
[2024-07-04T20:23:48.823+0000] {local_task_job.py:273} INFO - 0 downstream tasks scheduled from follow-on schedule check
