[2024-06-19T23:52:41.697+0000] {taskinstance.py:1165} INFO - Dependencies all met for <TaskInstance: user_processing.process_user scheduled__2024-06-18T00:00:00+00:00 [queued]>
[2024-06-19T23:52:41.704+0000] {taskinstance.py:1165} INFO - Dependencies all met for <TaskInstance: user_processing.process_user scheduled__2024-06-18T00:00:00+00:00 [queued]>
[2024-06-19T23:52:41.705+0000] {taskinstance.py:1362} INFO - 
--------------------------------------------------------------------------------
[2024-06-19T23:52:41.705+0000] {taskinstance.py:1363} INFO - Starting attempt 1 of 1
[2024-06-19T23:52:41.705+0000] {taskinstance.py:1364} INFO - 
--------------------------------------------------------------------------------
[2024-06-19T23:52:41.715+0000] {taskinstance.py:1383} INFO - Executing <Task(PythonOperator): process_user> on 2024-06-18 00:00:00+00:00
[2024-06-19T23:52:41.718+0000] {standard_task_runner.py:55} INFO - Started process 3939 to run task
[2024-06-19T23:52:41.722+0000] {standard_task_runner.py:82} INFO - Running: ['***', 'tasks', 'run', 'user_processing', 'process_user', 'scheduled__2024-06-18T00:00:00+00:00', '--job-id', '24', '--raw', '--subdir', 'DAGS_FOLDER/user_processing.py', '--cfg-path', '/tmp/tmp3uu8g0f2']
[2024-06-19T23:52:41.723+0000] {standard_task_runner.py:83} INFO - Job 24: Subtask process_user
[2024-06-19T23:52:41.773+0000] {task_command.py:376} INFO - Running <TaskInstance: user_processing.process_user scheduled__2024-06-18T00:00:00+00:00 [running]> on host e1b89c427937
[2024-06-19T23:52:41.869+0000] {taskinstance.py:1592} INFO - Exporting the following env vars:
AIRFLOW_CTX_DAG_OWNER=***
AIRFLOW_CTX_DAG_ID=user_processing
AIRFLOW_CTX_TASK_ID=process_user
AIRFLOW_CTX_EXECUTION_DATE=2024-06-18T00:00:00+00:00
AIRFLOW_CTX_TRY_NUMBER=1
AIRFLOW_CTX_DAG_RUN_ID=scheduled__2024-06-18T00:00:00+00:00
[2024-06-19T23:52:41.889+0000] {python.py:177} INFO - Done. Returned value was: None
[2024-06-19T23:52:41.897+0000] {taskinstance.py:1406} INFO - Marking task as SUCCESS. dag_id=user_processing, task_id=process_user, execution_date=20240618T000000, start_date=20240619T235241, end_date=20240619T235241
[2024-06-19T23:52:41.942+0000] {local_task_job.py:164} INFO - Task exited with return code 0
[2024-06-19T23:52:41.959+0000] {local_task_job.py:273} INFO - 0 downstream tasks scheduled from follow-on schedule check
