[2024-07-01T17:04:55.787+0000] {taskinstance.py:1165} INFO - Dependencies all met for <TaskInstance: user_processing.create_table scheduled__2024-06-30T00:00:00+00:00 [queued]>
[2024-07-01T17:04:55.801+0000] {taskinstance.py:1165} INFO - Dependencies all met for <TaskInstance: user_processing.create_table scheduled__2024-06-30T00:00:00+00:00 [queued]>
[2024-07-01T17:04:55.801+0000] {taskinstance.py:1362} INFO - 
--------------------------------------------------------------------------------
[2024-07-01T17:04:55.802+0000] {taskinstance.py:1363} INFO - Starting attempt 1 of 1
[2024-07-01T17:04:55.802+0000] {taskinstance.py:1364} INFO - 
--------------------------------------------------------------------------------
[2024-07-01T17:04:55.820+0000] {taskinstance.py:1383} INFO - Executing <Task(PostgresOperator): create_table> on 2024-06-30 00:00:00+00:00
[2024-07-01T17:04:55.827+0000] {standard_task_runner.py:55} INFO - Started process 72 to run task
[2024-07-01T17:04:55.834+0000] {standard_task_runner.py:82} INFO - Running: ['***', 'tasks', 'run', 'user_processing', 'create_table', 'scheduled__2024-06-30T00:00:00+00:00', '--job-id', '34', '--raw', '--subdir', 'DAGS_FOLDER/user_processing.py', '--cfg-path', '/tmp/tmpoz69l43n']
[2024-07-01T17:04:55.839+0000] {standard_task_runner.py:83} INFO - Job 34: Subtask create_table
[2024-07-01T17:04:55.938+0000] {task_command.py:376} INFO - Running <TaskInstance: user_processing.create_table scheduled__2024-06-30T00:00:00+00:00 [running]> on host e1b89c427937
[2024-07-01T17:04:56.023+0000] {taskinstance.py:1592} INFO - Exporting the following env vars:
AIRFLOW_CTX_DAG_OWNER=***
AIRFLOW_CTX_DAG_ID=user_processing
AIRFLOW_CTX_TASK_ID=create_table
AIRFLOW_CTX_EXECUTION_DATE=2024-06-30T00:00:00+00:00
AIRFLOW_CTX_TRY_NUMBER=1
AIRFLOW_CTX_DAG_RUN_ID=scheduled__2024-06-30T00:00:00+00:00
[2024-07-01T17:04:56.036+0000] {base.py:71} INFO - Using connection ID 'postgres' for task execution.
[2024-07-01T17:04:56.040+0000] {sql.py:315} INFO - Running statement: 
                                    CREATE TABLE IF NOT EXISTS users(
                                    firstName TEXT NOT NULL,
                                    lastName TEXT NOT NULL,
                                    country TEXT NOT NULL,
                                    username TEXT NOT NULL,
                                    password TEXT NOT NULL,
                                    email TEXT NOT NULL
                                    );
                                    , parameters: None
[2024-07-01T17:04:56.042+0000] {postgres.py:96} INFO - NOTICE:  relation "users" already exists, skipping

[2024-07-01T17:04:56.055+0000] {taskinstance.py:1406} INFO - Marking task as SUCCESS. dag_id=user_processing, task_id=create_table, execution_date=20240630T000000, start_date=20240701T170455, end_date=20240701T170456
[2024-07-01T17:04:56.093+0000] {local_task_job.py:164} INFO - Task exited with return code 0
[2024-07-01T17:04:56.127+0000] {local_task_job.py:273} INFO - 1 downstream tasks scheduled from follow-on schedule check
