[2024-07-15T00:00:02.199+0000] {taskinstance.py:1165} INFO - Dependencies all met for <TaskInstance: xcom_dag.branch scheduled__2024-07-14T00:00:00+00:00 [queued]>
[2024-07-15T00:00:02.208+0000] {taskinstance.py:1165} INFO - Dependencies all met for <TaskInstance: xcom_dag.branch scheduled__2024-07-14T00:00:00+00:00 [queued]>
[2024-07-15T00:00:02.208+0000] {taskinstance.py:1362} INFO - 
--------------------------------------------------------------------------------
[2024-07-15T00:00:02.209+0000] {taskinstance.py:1363} INFO - Starting attempt 1 of 1
[2024-07-15T00:00:02.209+0000] {taskinstance.py:1364} INFO - 
--------------------------------------------------------------------------------
[2024-07-15T00:00:02.220+0000] {taskinstance.py:1383} INFO - Executing <Task(BranchPythonOperator): branch> on 2024-07-14 00:00:00+00:00
[2024-07-15T00:00:02.223+0000] {standard_task_runner.py:55} INFO - Started process 15918 to run task
[2024-07-15T00:00:02.226+0000] {standard_task_runner.py:82} INFO - Running: ['***', 'tasks', 'run', 'xcom_dag', 'branch', 'scheduled__2024-07-14T00:00:00+00:00', '--job-id', '144', '--raw', '--subdir', 'DAGS_FOLDER/xcom_dag.py', '--cfg-path', '/tmp/tmp26th6dzm']
[2024-07-15T00:00:02.227+0000] {standard_task_runner.py:83} INFO - Job 144: Subtask branch
[2024-07-15T00:00:02.282+0000] {task_command.py:376} INFO - Running <TaskInstance: xcom_dag.branch scheduled__2024-07-14T00:00:00+00:00 [running]> on host d45203605df5
[2024-07-15T00:00:02.345+0000] {taskinstance.py:1592} INFO - Exporting the following env vars:
AIRFLOW_CTX_DAG_OWNER=***
AIRFLOW_CTX_DAG_ID=xcom_dag
AIRFLOW_CTX_TASK_ID=branch
AIRFLOW_CTX_EXECUTION_DATE=2024-07-14T00:00:00+00:00
AIRFLOW_CTX_TRY_NUMBER=1
AIRFLOW_CTX_DAG_RUN_ID=scheduled__2024-07-14T00:00:00+00:00
[2024-07-15T00:00:02.356+0000] {python.py:177} INFO - Done. Returned value was: t2
[2024-07-15T00:00:02.356+0000] {skipmixin.py:155} INFO - Following branch t2
[2024-07-15T00:00:02.357+0000] {skipmixin.py:190} INFO - Skipping tasks ['t3']
[2024-07-15T00:00:02.390+0000] {taskinstance.py:1406} INFO - Marking task as SUCCESS. dag_id=xcom_dag, task_id=branch, execution_date=20240714T000000, start_date=20240715T000002, end_date=20240715T000002
[2024-07-15T00:00:02.407+0000] {local_task_job.py:164} INFO - Task exited with return code 0
[2024-07-15T00:00:02.437+0000] {local_task_job.py:273} INFO - 1 downstream tasks scheduled from follow-on schedule check
