[2024-06-11T13:03:39.606+0000] {processor.py:154} INFO - Started process (PID=51) to work on /home/airflow/.local/lib/python3.7/site-packages/airflow/example_dags/example_branch_labels.py
[2024-06-11T13:03:39.608+0000] {processor.py:756} INFO - Processing file /home/airflow/.local/lib/python3.7/site-packages/airflow/example_dags/example_branch_labels.py for tasks to queue
[2024-06-11T13:03:39.609+0000] {logging_mixin.py:120} INFO - [2024-06-11T13:03:39.609+0000] {dagbag.py:537} INFO - Filling up the DagBag from /home/airflow/.local/lib/python3.7/site-packages/airflow/example_dags/example_branch_labels.py
[2024-06-11T13:03:39.637+0000] {processor.py:766} INFO - DAG(s) dict_keys(['example_branch_labels']) retrieved from /home/airflow/.local/lib/python3.7/site-packages/airflow/example_dags/example_branch_labels.py
[2024-06-11T13:03:39.689+0000] {logging_mixin.py:120} INFO - [2024-06-11T13:03:39.689+0000] {dag.py:2585} INFO - Sync 1 DAGs
[2024-06-11T13:03:39.724+0000] {logging_mixin.py:120} INFO - [2024-06-11T13:03:39.724+0000] {dag.py:3340} INFO - Setting next_dagrun for example_branch_labels to 2024-06-10T00:00:00+00:00, run_after=2024-06-11T00:00:00+00:00
[2024-06-11T13:03:39.744+0000] {processor.py:176} INFO - Processing /home/airflow/.local/lib/python3.7/site-packages/airflow/example_dags/example_branch_labels.py took 0.144 seconds
[2024-06-11T18:16:14.896+0000] {processor.py:154} INFO - Started process (PID=50) to work on /home/airflow/.local/lib/python3.7/site-packages/airflow/example_dags/example_branch_labels.py
[2024-06-11T18:16:14.898+0000] {processor.py:756} INFO - Processing file /home/airflow/.local/lib/python3.7/site-packages/airflow/example_dags/example_branch_labels.py for tasks to queue
[2024-06-11T18:16:14.900+0000] {logging_mixin.py:120} INFO - [2024-06-11T18:16:14.900+0000] {dagbag.py:537} INFO - Filling up the DagBag from /home/airflow/.local/lib/python3.7/site-packages/airflow/example_dags/example_branch_labels.py
[2024-06-11T18:16:14.926+0000] {processor.py:766} INFO - DAG(s) dict_keys(['example_branch_labels']) retrieved from /home/airflow/.local/lib/python3.7/site-packages/airflow/example_dags/example_branch_labels.py
[2024-06-11T18:16:15.022+0000] {logging_mixin.py:120} INFO - [2024-06-11T18:16:15.022+0000] {dag.py:2585} INFO - Sync 1 DAGs
[2024-06-11T18:16:15.076+0000] {logging_mixin.py:120} INFO - [2024-06-11T18:16:15.076+0000] {dag.py:3340} INFO - Setting next_dagrun for example_branch_labels to 2024-06-10T00:00:00+00:00, run_after=2024-06-11T00:00:00+00:00
[2024-06-11T18:16:15.110+0000] {processor.py:176} INFO - Processing /home/airflow/.local/lib/python3.7/site-packages/airflow/example_dags/example_branch_labels.py took 0.223 seconds
[2024-06-11T18:16:45.836+0000] {processor.py:154} INFO - Started process (PID=113) to work on /home/airflow/.local/lib/python3.7/site-packages/airflow/example_dags/example_branch_labels.py
[2024-06-11T18:16:45.837+0000] {processor.py:756} INFO - Processing file /home/airflow/.local/lib/python3.7/site-packages/airflow/example_dags/example_branch_labels.py for tasks to queue
[2024-06-11T18:16:45.838+0000] {logging_mixin.py:120} INFO - [2024-06-11T18:16:45.837+0000] {dagbag.py:537} INFO - Filling up the DagBag from /home/airflow/.local/lib/python3.7/site-packages/airflow/example_dags/example_branch_labels.py
[2024-06-11T18:16:45.851+0000] {processor.py:766} INFO - DAG(s) dict_keys(['example_branch_labels']) retrieved from /home/airflow/.local/lib/python3.7/site-packages/airflow/example_dags/example_branch_labels.py
[2024-06-11T18:16:45.883+0000] {logging_mixin.py:120} INFO - [2024-06-11T18:16:45.883+0000] {dag.py:2585} INFO - Sync 1 DAGs
[2024-06-11T18:16:45.906+0000] {logging_mixin.py:120} INFO - [2024-06-11T18:16:45.905+0000] {dag.py:3340} INFO - Setting next_dagrun for example_branch_labels to 2024-06-10T00:00:00+00:00, run_after=2024-06-11T00:00:00+00:00
[2024-06-11T18:16:45.920+0000] {processor.py:176} INFO - Processing /home/airflow/.local/lib/python3.7/site-packages/airflow/example_dags/example_branch_labels.py took 0.087 seconds
[2024-06-11T18:17:16.561+0000] {processor.py:154} INFO - Started process (PID=177) to work on /home/airflow/.local/lib/python3.7/site-packages/airflow/example_dags/example_branch_labels.py
[2024-06-11T18:17:16.563+0000] {processor.py:756} INFO - Processing file /home/airflow/.local/lib/python3.7/site-packages/airflow/example_dags/example_branch_labels.py for tasks to queue
[2024-06-11T18:17:16.564+0000] {logging_mixin.py:120} INFO - [2024-06-11T18:17:16.564+0000] {dagbag.py:537} INFO - Filling up the DagBag from /home/airflow/.local/lib/python3.7/site-packages/airflow/example_dags/example_branch_labels.py
[2024-06-11T18:17:16.581+0000] {processor.py:766} INFO - DAG(s) dict_keys(['example_branch_labels']) retrieved from /home/airflow/.local/lib/python3.7/site-packages/airflow/example_dags/example_branch_labels.py
[2024-06-11T18:17:16.618+0000] {logging_mixin.py:120} INFO - [2024-06-11T18:17:16.618+0000] {dag.py:2585} INFO - Sync 1 DAGs
[2024-06-11T18:17:16.640+0000] {logging_mixin.py:120} INFO - [2024-06-11T18:17:16.640+0000] {dag.py:3340} INFO - Setting next_dagrun for example_branch_labels to 2024-06-10T00:00:00+00:00, run_after=2024-06-11T00:00:00+00:00
[2024-06-11T18:17:16.654+0000] {processor.py:176} INFO - Processing /home/airflow/.local/lib/python3.7/site-packages/airflow/example_dags/example_branch_labels.py took 0.096 seconds
[2024-06-11T18:33:53.772+0000] {processor.py:154} INFO - Started process (PID=222) to work on /home/airflow/.local/lib/python3.7/site-packages/airflow/example_dags/example_branch_labels.py
[2024-06-11T18:33:53.773+0000] {processor.py:756} INFO - Processing file /home/airflow/.local/lib/python3.7/site-packages/airflow/example_dags/example_branch_labels.py for tasks to queue
[2024-06-11T18:33:53.774+0000] {logging_mixin.py:120} INFO - [2024-06-11T18:33:53.773+0000] {dagbag.py:537} INFO - Filling up the DagBag from /home/airflow/.local/lib/python3.7/site-packages/airflow/example_dags/example_branch_labels.py
[2024-06-11T18:33:53.786+0000] {processor.py:766} INFO - DAG(s) dict_keys(['example_branch_labels']) retrieved from /home/airflow/.local/lib/python3.7/site-packages/airflow/example_dags/example_branch_labels.py
[2024-06-11T18:33:53.820+0000] {logging_mixin.py:120} INFO - [2024-06-11T18:33:53.820+0000] {dag.py:2585} INFO - Sync 1 DAGs
[2024-06-11T18:33:53.842+0000] {logging_mixin.py:120} INFO - [2024-06-11T18:33:53.842+0000] {dag.py:3340} INFO - Setting next_dagrun for example_branch_labels to 2024-06-10T00:00:00+00:00, run_after=2024-06-11T00:00:00+00:00
[2024-06-11T18:33:53.857+0000] {processor.py:176} INFO - Processing /home/airflow/.local/lib/python3.7/site-packages/airflow/example_dags/example_branch_labels.py took 0.088 seconds
[2024-06-11T18:34:24.127+0000] {processor.py:154} INFO - Started process (PID=285) to work on /home/airflow/.local/lib/python3.7/site-packages/airflow/example_dags/example_branch_labels.py
[2024-06-11T18:34:24.128+0000] {processor.py:756} INFO - Processing file /home/airflow/.local/lib/python3.7/site-packages/airflow/example_dags/example_branch_labels.py for tasks to queue
[2024-06-11T18:34:24.129+0000] {logging_mixin.py:120} INFO - [2024-06-11T18:34:24.129+0000] {dagbag.py:537} INFO - Filling up the DagBag from /home/airflow/.local/lib/python3.7/site-packages/airflow/example_dags/example_branch_labels.py
[2024-06-11T18:34:24.142+0000] {processor.py:766} INFO - DAG(s) dict_keys(['example_branch_labels']) retrieved from /home/airflow/.local/lib/python3.7/site-packages/airflow/example_dags/example_branch_labels.py
[2024-06-11T18:34:24.175+0000] {logging_mixin.py:120} INFO - [2024-06-11T18:34:24.175+0000] {dag.py:2585} INFO - Sync 1 DAGs
[2024-06-11T18:34:24.198+0000] {logging_mixin.py:120} INFO - [2024-06-11T18:34:24.198+0000] {dag.py:3340} INFO - Setting next_dagrun for example_branch_labels to 2024-06-10T00:00:00+00:00, run_after=2024-06-11T00:00:00+00:00
[2024-06-11T18:34:24.216+0000] {processor.py:176} INFO - Processing /home/airflow/.local/lib/python3.7/site-packages/airflow/example_dags/example_branch_labels.py took 0.092 seconds
[2024-06-11T18:34:54.340+0000] {processor.py:154} INFO - Started process (PID=348) to work on /home/airflow/.local/lib/python3.7/site-packages/airflow/example_dags/example_branch_labels.py
[2024-06-11T18:34:54.341+0000] {processor.py:756} INFO - Processing file /home/airflow/.local/lib/python3.7/site-packages/airflow/example_dags/example_branch_labels.py for tasks to queue
[2024-06-11T18:34:54.342+0000] {logging_mixin.py:120} INFO - [2024-06-11T18:34:54.342+0000] {dagbag.py:537} INFO - Filling up the DagBag from /home/airflow/.local/lib/python3.7/site-packages/airflow/example_dags/example_branch_labels.py
[2024-06-11T18:34:54.354+0000] {processor.py:766} INFO - DAG(s) dict_keys(['example_branch_labels']) retrieved from /home/airflow/.local/lib/python3.7/site-packages/airflow/example_dags/example_branch_labels.py
[2024-06-11T18:34:54.388+0000] {logging_mixin.py:120} INFO - [2024-06-11T18:34:54.388+0000] {dag.py:2585} INFO - Sync 1 DAGs
[2024-06-11T18:34:54.411+0000] {logging_mixin.py:120} INFO - [2024-06-11T18:34:54.411+0000] {dag.py:3340} INFO - Setting next_dagrun for example_branch_labels to 2024-06-10T00:00:00+00:00, run_after=2024-06-11T00:00:00+00:00
[2024-06-11T18:34:54.425+0000] {processor.py:176} INFO - Processing /home/airflow/.local/lib/python3.7/site-packages/airflow/example_dags/example_branch_labels.py took 0.088 seconds
[2024-06-11T18:35:24.681+0000] {processor.py:154} INFO - Started process (PID=411) to work on /home/airflow/.local/lib/python3.7/site-packages/airflow/example_dags/example_branch_labels.py
[2024-06-11T18:35:24.682+0000] {processor.py:756} INFO - Processing file /home/airflow/.local/lib/python3.7/site-packages/airflow/example_dags/example_branch_labels.py for tasks to queue
[2024-06-11T18:35:24.683+0000] {logging_mixin.py:120} INFO - [2024-06-11T18:35:24.683+0000] {dagbag.py:537} INFO - Filling up the DagBag from /home/airflow/.local/lib/python3.7/site-packages/airflow/example_dags/example_branch_labels.py
[2024-06-11T18:35:24.696+0000] {processor.py:766} INFO - DAG(s) dict_keys(['example_branch_labels']) retrieved from /home/airflow/.local/lib/python3.7/site-packages/airflow/example_dags/example_branch_labels.py
[2024-06-11T18:35:24.732+0000] {logging_mixin.py:120} INFO - [2024-06-11T18:35:24.732+0000] {dag.py:2585} INFO - Sync 1 DAGs
[2024-06-11T18:35:24.755+0000] {logging_mixin.py:120} INFO - [2024-06-11T18:35:24.755+0000] {dag.py:3340} INFO - Setting next_dagrun for example_branch_labels to 2024-06-10T00:00:00+00:00, run_after=2024-06-11T00:00:00+00:00
[2024-06-11T18:35:24.771+0000] {processor.py:176} INFO - Processing /home/airflow/.local/lib/python3.7/site-packages/airflow/example_dags/example_branch_labels.py took 0.094 seconds
[2024-06-11T18:53:03.124+0000] {processor.py:154} INFO - Started process (PID=465) to work on /home/airflow/.local/lib/python3.7/site-packages/airflow/example_dags/example_branch_labels.py
[2024-06-11T18:53:03.125+0000] {processor.py:756} INFO - Processing file /home/airflow/.local/lib/python3.7/site-packages/airflow/example_dags/example_branch_labels.py for tasks to queue
[2024-06-11T18:53:03.126+0000] {logging_mixin.py:120} INFO - [2024-06-11T18:53:03.126+0000] {dagbag.py:537} INFO - Filling up the DagBag from /home/airflow/.local/lib/python3.7/site-packages/airflow/example_dags/example_branch_labels.py
[2024-06-11T18:53:03.142+0000] {processor.py:766} INFO - DAG(s) dict_keys(['example_branch_labels']) retrieved from /home/airflow/.local/lib/python3.7/site-packages/airflow/example_dags/example_branch_labels.py
[2024-06-11T18:53:03.187+0000] {logging_mixin.py:120} INFO - [2024-06-11T18:53:03.187+0000] {dag.py:2585} INFO - Sync 1 DAGs
[2024-06-11T18:53:03.220+0000] {logging_mixin.py:120} INFO - [2024-06-11T18:53:03.220+0000] {dag.py:3340} INFO - Setting next_dagrun for example_branch_labels to 2024-06-10T00:00:00+00:00, run_after=2024-06-11T00:00:00+00:00
[2024-06-11T18:53:03.243+0000] {processor.py:176} INFO - Processing /home/airflow/.local/lib/python3.7/site-packages/airflow/example_dags/example_branch_labels.py took 0.122 seconds
[2024-06-11T18:53:34.197+0000] {processor.py:154} INFO - Started process (PID=528) to work on /home/airflow/.local/lib/python3.7/site-packages/airflow/example_dags/example_branch_labels.py
[2024-06-11T18:53:34.198+0000] {processor.py:756} INFO - Processing file /home/airflow/.local/lib/python3.7/site-packages/airflow/example_dags/example_branch_labels.py for tasks to queue
[2024-06-11T18:53:34.199+0000] {logging_mixin.py:120} INFO - [2024-06-11T18:53:34.199+0000] {dagbag.py:537} INFO - Filling up the DagBag from /home/airflow/.local/lib/python3.7/site-packages/airflow/example_dags/example_branch_labels.py
[2024-06-11T18:53:34.213+0000] {processor.py:766} INFO - DAG(s) dict_keys(['example_branch_labels']) retrieved from /home/airflow/.local/lib/python3.7/site-packages/airflow/example_dags/example_branch_labels.py
[2024-06-11T18:53:34.248+0000] {logging_mixin.py:120} INFO - [2024-06-11T18:53:34.248+0000] {dag.py:2585} INFO - Sync 1 DAGs
[2024-06-11T18:53:34.271+0000] {logging_mixin.py:120} INFO - [2024-06-11T18:53:34.270+0000] {dag.py:3340} INFO - Setting next_dagrun for example_branch_labels to 2024-06-10T00:00:00+00:00, run_after=2024-06-11T00:00:00+00:00
[2024-06-11T18:53:34.286+0000] {processor.py:176} INFO - Processing /home/airflow/.local/lib/python3.7/site-packages/airflow/example_dags/example_branch_labels.py took 0.093 seconds
[2024-06-11T18:54:04.441+0000] {processor.py:154} INFO - Started process (PID=591) to work on /home/airflow/.local/lib/python3.7/site-packages/airflow/example_dags/example_branch_labels.py
[2024-06-11T18:54:04.442+0000] {processor.py:756} INFO - Processing file /home/airflow/.local/lib/python3.7/site-packages/airflow/example_dags/example_branch_labels.py for tasks to queue
[2024-06-11T18:54:04.443+0000] {logging_mixin.py:120} INFO - [2024-06-11T18:54:04.443+0000] {dagbag.py:537} INFO - Filling up the DagBag from /home/airflow/.local/lib/python3.7/site-packages/airflow/example_dags/example_branch_labels.py
[2024-06-11T18:54:04.456+0000] {processor.py:766} INFO - DAG(s) dict_keys(['example_branch_labels']) retrieved from /home/airflow/.local/lib/python3.7/site-packages/airflow/example_dags/example_branch_labels.py
[2024-06-11T18:54:04.490+0000] {logging_mixin.py:120} INFO - [2024-06-11T18:54:04.490+0000] {dag.py:2585} INFO - Sync 1 DAGs
[2024-06-11T18:54:04.513+0000] {logging_mixin.py:120} INFO - [2024-06-11T18:54:04.513+0000] {dag.py:3340} INFO - Setting next_dagrun for example_branch_labels to 2024-06-10T00:00:00+00:00, run_after=2024-06-11T00:00:00+00:00
[2024-06-11T18:54:04.527+0000] {processor.py:176} INFO - Processing /home/airflow/.local/lib/python3.7/site-packages/airflow/example_dags/example_branch_labels.py took 0.090 seconds
[2024-06-11T18:54:34.739+0000] {processor.py:154} INFO - Started process (PID=654) to work on /home/airflow/.local/lib/python3.7/site-packages/airflow/example_dags/example_branch_labels.py
[2024-06-11T18:54:34.740+0000] {processor.py:756} INFO - Processing file /home/airflow/.local/lib/python3.7/site-packages/airflow/example_dags/example_branch_labels.py for tasks to queue
[2024-06-11T18:54:34.740+0000] {logging_mixin.py:120} INFO - [2024-06-11T18:54:34.740+0000] {dagbag.py:537} INFO - Filling up the DagBag from /home/airflow/.local/lib/python3.7/site-packages/airflow/example_dags/example_branch_labels.py
[2024-06-11T18:54:34.754+0000] {processor.py:766} INFO - DAG(s) dict_keys(['example_branch_labels']) retrieved from /home/airflow/.local/lib/python3.7/site-packages/airflow/example_dags/example_branch_labels.py
[2024-06-11T18:54:34.791+0000] {logging_mixin.py:120} INFO - [2024-06-11T18:54:34.791+0000] {dag.py:2585} INFO - Sync 1 DAGs
[2024-06-11T18:54:34.816+0000] {logging_mixin.py:120} INFO - [2024-06-11T18:54:34.816+0000] {dag.py:3340} INFO - Setting next_dagrun for example_branch_labels to 2024-06-10T00:00:00+00:00, run_after=2024-06-11T00:00:00+00:00
[2024-06-11T18:54:34.834+0000] {processor.py:176} INFO - Processing /home/airflow/.local/lib/python3.7/site-packages/airflow/example_dags/example_branch_labels.py took 0.098 seconds
[2024-06-11T18:55:05.116+0000] {processor.py:154} INFO - Started process (PID=708) to work on /home/airflow/.local/lib/python3.7/site-packages/airflow/example_dags/example_branch_labels.py
[2024-06-11T18:55:05.117+0000] {processor.py:756} INFO - Processing file /home/airflow/.local/lib/python3.7/site-packages/airflow/example_dags/example_branch_labels.py for tasks to queue
[2024-06-11T18:55:05.118+0000] {logging_mixin.py:120} INFO - [2024-06-11T18:55:05.118+0000] {dagbag.py:537} INFO - Filling up the DagBag from /home/airflow/.local/lib/python3.7/site-packages/airflow/example_dags/example_branch_labels.py
[2024-06-11T18:55:05.131+0000] {processor.py:766} INFO - DAG(s) dict_keys(['example_branch_labels']) retrieved from /home/airflow/.local/lib/python3.7/site-packages/airflow/example_dags/example_branch_labels.py
[2024-06-11T18:55:05.165+0000] {logging_mixin.py:120} INFO - [2024-06-11T18:55:05.165+0000] {dag.py:2585} INFO - Sync 1 DAGs
[2024-06-11T18:55:05.188+0000] {logging_mixin.py:120} INFO - [2024-06-11T18:55:05.188+0000] {dag.py:3340} INFO - Setting next_dagrun for example_branch_labels to 2024-06-10T00:00:00+00:00, run_after=2024-06-11T00:00:00+00:00
[2024-06-11T18:55:05.203+0000] {processor.py:176} INFO - Processing /home/airflow/.local/lib/python3.7/site-packages/airflow/example_dags/example_branch_labels.py took 0.090 seconds
[2024-06-11T19:13:08.914+0000] {processor.py:154} INFO - Started process (PID=771) to work on /home/airflow/.local/lib/python3.7/site-packages/airflow/example_dags/example_branch_labels.py
[2024-06-11T19:13:08.915+0000] {processor.py:756} INFO - Processing file /home/airflow/.local/lib/python3.7/site-packages/airflow/example_dags/example_branch_labels.py for tasks to queue
[2024-06-11T19:13:08.915+0000] {logging_mixin.py:120} INFO - [2024-06-11T19:13:08.915+0000] {dagbag.py:537} INFO - Filling up the DagBag from /home/airflow/.local/lib/python3.7/site-packages/airflow/example_dags/example_branch_labels.py
[2024-06-11T19:13:08.929+0000] {processor.py:766} INFO - DAG(s) dict_keys(['example_branch_labels']) retrieved from /home/airflow/.local/lib/python3.7/site-packages/airflow/example_dags/example_branch_labels.py
[2024-06-11T19:13:08.967+0000] {logging_mixin.py:120} INFO - [2024-06-11T19:13:08.967+0000] {dag.py:2585} INFO - Sync 1 DAGs
[2024-06-11T19:13:08.992+0000] {logging_mixin.py:120} INFO - [2024-06-11T19:13:08.992+0000] {dag.py:3340} INFO - Setting next_dagrun for example_branch_labels to 2024-06-10T00:00:00+00:00, run_after=2024-06-11T00:00:00+00:00
[2024-06-11T19:13:09.013+0000] {processor.py:176} INFO - Processing /home/airflow/.local/lib/python3.7/site-packages/airflow/example_dags/example_branch_labels.py took 0.103 seconds
[2024-06-11T19:13:39.176+0000] {processor.py:154} INFO - Started process (PID=825) to work on /home/airflow/.local/lib/python3.7/site-packages/airflow/example_dags/example_branch_labels.py
[2024-06-11T19:13:39.177+0000] {processor.py:756} INFO - Processing file /home/airflow/.local/lib/python3.7/site-packages/airflow/example_dags/example_branch_labels.py for tasks to queue
[2024-06-11T19:13:39.178+0000] {logging_mixin.py:120} INFO - [2024-06-11T19:13:39.177+0000] {dagbag.py:537} INFO - Filling up the DagBag from /home/airflow/.local/lib/python3.7/site-packages/airflow/example_dags/example_branch_labels.py
[2024-06-11T19:13:39.191+0000] {processor.py:766} INFO - DAG(s) dict_keys(['example_branch_labels']) retrieved from /home/airflow/.local/lib/python3.7/site-packages/airflow/example_dags/example_branch_labels.py
[2024-06-11T19:13:39.224+0000] {logging_mixin.py:120} INFO - [2024-06-11T19:13:39.224+0000] {dag.py:2585} INFO - Sync 1 DAGs
[2024-06-11T19:13:39.246+0000] {logging_mixin.py:120} INFO - [2024-06-11T19:13:39.246+0000] {dag.py:3340} INFO - Setting next_dagrun for example_branch_labels to 2024-06-10T00:00:00+00:00, run_after=2024-06-11T00:00:00+00:00
[2024-06-11T19:13:39.261+0000] {processor.py:176} INFO - Processing /home/airflow/.local/lib/python3.7/site-packages/airflow/example_dags/example_branch_labels.py took 0.088 seconds
[2024-06-11T19:14:09.651+0000] {processor.py:154} INFO - Started process (PID=888) to work on /home/airflow/.local/lib/python3.7/site-packages/airflow/example_dags/example_branch_labels.py
[2024-06-11T19:14:09.652+0000] {processor.py:756} INFO - Processing file /home/airflow/.local/lib/python3.7/site-packages/airflow/example_dags/example_branch_labels.py for tasks to queue
[2024-06-11T19:14:09.653+0000] {logging_mixin.py:120} INFO - [2024-06-11T19:14:09.652+0000] {dagbag.py:537} INFO - Filling up the DagBag from /home/airflow/.local/lib/python3.7/site-packages/airflow/example_dags/example_branch_labels.py
[2024-06-11T19:14:09.665+0000] {processor.py:766} INFO - DAG(s) dict_keys(['example_branch_labels']) retrieved from /home/airflow/.local/lib/python3.7/site-packages/airflow/example_dags/example_branch_labels.py
[2024-06-11T19:14:09.700+0000] {logging_mixin.py:120} INFO - [2024-06-11T19:14:09.700+0000] {dag.py:2585} INFO - Sync 1 DAGs
[2024-06-11T19:14:09.722+0000] {logging_mixin.py:120} INFO - [2024-06-11T19:14:09.722+0000] {dag.py:3340} INFO - Setting next_dagrun for example_branch_labels to 2024-06-10T00:00:00+00:00, run_after=2024-06-11T00:00:00+00:00
[2024-06-11T19:14:09.737+0000] {processor.py:176} INFO - Processing /home/airflow/.local/lib/python3.7/site-packages/airflow/example_dags/example_branch_labels.py took 0.089 seconds
[2024-06-11T19:14:39.850+0000] {processor.py:154} INFO - Started process (PID=951) to work on /home/airflow/.local/lib/python3.7/site-packages/airflow/example_dags/example_branch_labels.py
[2024-06-11T19:14:39.851+0000] {processor.py:756} INFO - Processing file /home/airflow/.local/lib/python3.7/site-packages/airflow/example_dags/example_branch_labels.py for tasks to queue
[2024-06-11T19:14:39.852+0000] {logging_mixin.py:120} INFO - [2024-06-11T19:14:39.852+0000] {dagbag.py:537} INFO - Filling up the DagBag from /home/airflow/.local/lib/python3.7/site-packages/airflow/example_dags/example_branch_labels.py
[2024-06-11T19:14:39.865+0000] {processor.py:766} INFO - DAG(s) dict_keys(['example_branch_labels']) retrieved from /home/airflow/.local/lib/python3.7/site-packages/airflow/example_dags/example_branch_labels.py
[2024-06-11T19:14:39.898+0000] {logging_mixin.py:120} INFO - [2024-06-11T19:14:39.898+0000] {dag.py:2585} INFO - Sync 1 DAGs
[2024-06-11T19:14:39.920+0000] {logging_mixin.py:120} INFO - [2024-06-11T19:14:39.920+0000] {dag.py:3340} INFO - Setting next_dagrun for example_branch_labels to 2024-06-10T00:00:00+00:00, run_after=2024-06-11T00:00:00+00:00
[2024-06-11T19:14:39.935+0000] {processor.py:176} INFO - Processing /home/airflow/.local/lib/python3.7/site-packages/airflow/example_dags/example_branch_labels.py took 0.087 seconds
[2024-06-11T19:31:47.052+0000] {processor.py:154} INFO - Started process (PID=1014) to work on /home/airflow/.local/lib/python3.7/site-packages/airflow/example_dags/example_branch_labels.py
[2024-06-11T19:31:47.053+0000] {processor.py:756} INFO - Processing file /home/airflow/.local/lib/python3.7/site-packages/airflow/example_dags/example_branch_labels.py for tasks to queue
[2024-06-11T19:31:47.055+0000] {logging_mixin.py:120} INFO - [2024-06-11T19:31:47.055+0000] {dagbag.py:537} INFO - Filling up the DagBag from /home/airflow/.local/lib/python3.7/site-packages/airflow/example_dags/example_branch_labels.py
[2024-06-11T19:31:47.082+0000] {processor.py:766} INFO - DAG(s) dict_keys(['example_branch_labels']) retrieved from /home/airflow/.local/lib/python3.7/site-packages/airflow/example_dags/example_branch_labels.py
[2024-06-11T19:31:47.157+0000] {logging_mixin.py:120} INFO - [2024-06-11T19:31:47.157+0000] {dag.py:2585} INFO - Sync 1 DAGs
[2024-06-11T19:31:47.427+0000] {logging_mixin.py:120} INFO - [2024-06-11T19:31:47.427+0000] {dag.py:3340} INFO - Setting next_dagrun for example_branch_labels to 2024-06-10T00:00:00+00:00, run_after=2024-06-11T00:00:00+00:00
[2024-06-11T19:31:47.460+0000] {processor.py:176} INFO - Processing /home/airflow/.local/lib/python3.7/site-packages/airflow/example_dags/example_branch_labels.py took 0.413 seconds
[2024-06-11T19:32:18.275+0000] {processor.py:154} INFO - Started process (PID=1068) to work on /home/airflow/.local/lib/python3.7/site-packages/airflow/example_dags/example_branch_labels.py
[2024-06-11T19:32:18.276+0000] {processor.py:756} INFO - Processing file /home/airflow/.local/lib/python3.7/site-packages/airflow/example_dags/example_branch_labels.py for tasks to queue
[2024-06-11T19:32:18.277+0000] {logging_mixin.py:120} INFO - [2024-06-11T19:32:18.276+0000] {dagbag.py:537} INFO - Filling up the DagBag from /home/airflow/.local/lib/python3.7/site-packages/airflow/example_dags/example_branch_labels.py
[2024-06-11T19:32:18.290+0000] {processor.py:766} INFO - DAG(s) dict_keys(['example_branch_labels']) retrieved from /home/airflow/.local/lib/python3.7/site-packages/airflow/example_dags/example_branch_labels.py
[2024-06-11T19:32:18.326+0000] {logging_mixin.py:120} INFO - [2024-06-11T19:32:18.325+0000] {dag.py:2585} INFO - Sync 1 DAGs
[2024-06-11T19:32:18.350+0000] {logging_mixin.py:120} INFO - [2024-06-11T19:32:18.350+0000] {dag.py:3340} INFO - Setting next_dagrun for example_branch_labels to 2024-06-10T00:00:00+00:00, run_after=2024-06-11T00:00:00+00:00
[2024-06-11T19:32:18.364+0000] {processor.py:176} INFO - Processing /home/airflow/.local/lib/python3.7/site-packages/airflow/example_dags/example_branch_labels.py took 0.093 seconds
[2024-06-11T19:32:48.546+0000] {processor.py:154} INFO - Started process (PID=1131) to work on /home/airflow/.local/lib/python3.7/site-packages/airflow/example_dags/example_branch_labels.py
[2024-06-11T19:32:48.547+0000] {processor.py:756} INFO - Processing file /home/airflow/.local/lib/python3.7/site-packages/airflow/example_dags/example_branch_labels.py for tasks to queue
[2024-06-11T19:32:48.548+0000] {logging_mixin.py:120} INFO - [2024-06-11T19:32:48.548+0000] {dagbag.py:537} INFO - Filling up the DagBag from /home/airflow/.local/lib/python3.7/site-packages/airflow/example_dags/example_branch_labels.py
[2024-06-11T19:32:48.561+0000] {processor.py:766} INFO - DAG(s) dict_keys(['example_branch_labels']) retrieved from /home/airflow/.local/lib/python3.7/site-packages/airflow/example_dags/example_branch_labels.py
[2024-06-11T19:32:48.598+0000] {logging_mixin.py:120} INFO - [2024-06-11T19:32:48.598+0000] {dag.py:2585} INFO - Sync 1 DAGs
[2024-06-11T19:32:48.622+0000] {logging_mixin.py:120} INFO - [2024-06-11T19:32:48.622+0000] {dag.py:3340} INFO - Setting next_dagrun for example_branch_labels to 2024-06-10T00:00:00+00:00, run_after=2024-06-11T00:00:00+00:00
[2024-06-11T19:32:48.638+0000] {processor.py:176} INFO - Processing /home/airflow/.local/lib/python3.7/site-packages/airflow/example_dags/example_branch_labels.py took 0.096 seconds
[2024-06-11T19:33:18.861+0000] {processor.py:154} INFO - Started process (PID=1194) to work on /home/airflow/.local/lib/python3.7/site-packages/airflow/example_dags/example_branch_labels.py
[2024-06-11T19:33:18.863+0000] {processor.py:756} INFO - Processing file /home/airflow/.local/lib/python3.7/site-packages/airflow/example_dags/example_branch_labels.py for tasks to queue
[2024-06-11T19:33:18.864+0000] {logging_mixin.py:120} INFO - [2024-06-11T19:33:18.864+0000] {dagbag.py:537} INFO - Filling up the DagBag from /home/airflow/.local/lib/python3.7/site-packages/airflow/example_dags/example_branch_labels.py
[2024-06-11T19:33:18.880+0000] {processor.py:766} INFO - DAG(s) dict_keys(['example_branch_labels']) retrieved from /home/airflow/.local/lib/python3.7/site-packages/airflow/example_dags/example_branch_labels.py
[2024-06-11T19:33:18.921+0000] {logging_mixin.py:120} INFO - [2024-06-11T19:33:18.920+0000] {dag.py:2585} INFO - Sync 1 DAGs
[2024-06-11T19:33:18.948+0000] {logging_mixin.py:120} INFO - [2024-06-11T19:33:18.948+0000] {dag.py:3340} INFO - Setting next_dagrun for example_branch_labels to 2024-06-10T00:00:00+00:00, run_after=2024-06-11T00:00:00+00:00
[2024-06-11T19:33:18.964+0000] {processor.py:176} INFO - Processing /home/airflow/.local/lib/python3.7/site-packages/airflow/example_dags/example_branch_labels.py took 0.106 seconds
[2024-06-11T19:49:37.691+0000] {processor.py:154} INFO - Started process (PID=1248) to work on /home/airflow/.local/lib/python3.7/site-packages/airflow/example_dags/example_branch_labels.py
[2024-06-11T19:49:37.693+0000] {processor.py:756} INFO - Processing file /home/airflow/.local/lib/python3.7/site-packages/airflow/example_dags/example_branch_labels.py for tasks to queue
[2024-06-11T19:49:37.693+0000] {logging_mixin.py:120} INFO - [2024-06-11T19:49:37.693+0000] {dagbag.py:537} INFO - Filling up the DagBag from /home/airflow/.local/lib/python3.7/site-packages/airflow/example_dags/example_branch_labels.py
[2024-06-11T19:49:37.708+0000] {processor.py:766} INFO - DAG(s) dict_keys(['example_branch_labels']) retrieved from /home/airflow/.local/lib/python3.7/site-packages/airflow/example_dags/example_branch_labels.py
[2024-06-11T19:49:37.744+0000] {logging_mixin.py:120} INFO - [2024-06-11T19:49:37.743+0000] {dag.py:2585} INFO - Sync 1 DAGs
[2024-06-11T19:49:37.766+0000] {logging_mixin.py:120} INFO - [2024-06-11T19:49:37.766+0000] {dag.py:3340} INFO - Setting next_dagrun for example_branch_labels to 2024-06-10T00:00:00+00:00, run_after=2024-06-11T00:00:00+00:00
[2024-06-11T19:49:37.782+0000] {processor.py:176} INFO - Processing /home/airflow/.local/lib/python3.7/site-packages/airflow/example_dags/example_branch_labels.py took 0.094 seconds
[2024-06-11T19:50:08.153+0000] {processor.py:154} INFO - Started process (PID=1309) to work on /home/airflow/.local/lib/python3.7/site-packages/airflow/example_dags/example_branch_labels.py
[2024-06-11T19:50:08.154+0000] {processor.py:756} INFO - Processing file /home/airflow/.local/lib/python3.7/site-packages/airflow/example_dags/example_branch_labels.py for tasks to queue
[2024-06-11T19:50:08.155+0000] {logging_mixin.py:120} INFO - [2024-06-11T19:50:08.155+0000] {dagbag.py:537} INFO - Filling up the DagBag from /home/airflow/.local/lib/python3.7/site-packages/airflow/example_dags/example_branch_labels.py
[2024-06-11T19:50:08.168+0000] {processor.py:766} INFO - DAG(s) dict_keys(['example_branch_labels']) retrieved from /home/airflow/.local/lib/python3.7/site-packages/airflow/example_dags/example_branch_labels.py
[2024-06-11T19:50:08.203+0000] {logging_mixin.py:120} INFO - [2024-06-11T19:50:08.203+0000] {dag.py:2585} INFO - Sync 1 DAGs
[2024-06-11T19:50:08.227+0000] {logging_mixin.py:120} INFO - [2024-06-11T19:50:08.226+0000] {dag.py:3340} INFO - Setting next_dagrun for example_branch_labels to 2024-06-10T00:00:00+00:00, run_after=2024-06-11T00:00:00+00:00
[2024-06-11T19:50:08.242+0000] {processor.py:176} INFO - Processing /home/airflow/.local/lib/python3.7/site-packages/airflow/example_dags/example_branch_labels.py took 0.092 seconds
[2024-06-11T19:50:39.743+0000] {processor.py:154} INFO - Started process (PID=1364) to work on /home/airflow/.local/lib/python3.7/site-packages/airflow/example_dags/example_branch_labels.py
[2024-06-11T19:50:39.745+0000] {processor.py:756} INFO - Processing file /home/airflow/.local/lib/python3.7/site-packages/airflow/example_dags/example_branch_labels.py for tasks to queue
[2024-06-11T19:50:39.746+0000] {logging_mixin.py:120} INFO - [2024-06-11T19:50:39.746+0000] {dagbag.py:537} INFO - Filling up the DagBag from /home/airflow/.local/lib/python3.7/site-packages/airflow/example_dags/example_branch_labels.py
[2024-06-11T19:50:39.771+0000] {processor.py:766} INFO - DAG(s) dict_keys(['example_branch_labels']) retrieved from /home/airflow/.local/lib/python3.7/site-packages/airflow/example_dags/example_branch_labels.py
[2024-06-11T19:50:39.835+0000] {logging_mixin.py:120} INFO - [2024-06-11T19:50:39.835+0000] {dag.py:2585} INFO - Sync 1 DAGs
[2024-06-11T19:50:39.876+0000] {logging_mixin.py:120} INFO - [2024-06-11T19:50:39.876+0000] {dag.py:3340} INFO - Setting next_dagrun for example_branch_labels to 2024-06-10T00:00:00+00:00, run_after=2024-06-11T00:00:00+00:00
[2024-06-11T19:50:39.903+0000] {processor.py:176} INFO - Processing /home/airflow/.local/lib/python3.7/site-packages/airflow/example_dags/example_branch_labels.py took 0.165 seconds
[2024-06-11T19:51:09.995+0000] {processor.py:154} INFO - Started process (PID=1427) to work on /home/airflow/.local/lib/python3.7/site-packages/airflow/example_dags/example_branch_labels.py
[2024-06-11T19:51:09.996+0000] {processor.py:756} INFO - Processing file /home/airflow/.local/lib/python3.7/site-packages/airflow/example_dags/example_branch_labels.py for tasks to queue
[2024-06-11T19:51:09.997+0000] {logging_mixin.py:120} INFO - [2024-06-11T19:51:09.997+0000] {dagbag.py:537} INFO - Filling up the DagBag from /home/airflow/.local/lib/python3.7/site-packages/airflow/example_dags/example_branch_labels.py
[2024-06-11T19:51:10.010+0000] {processor.py:766} INFO - DAG(s) dict_keys(['example_branch_labels']) retrieved from /home/airflow/.local/lib/python3.7/site-packages/airflow/example_dags/example_branch_labels.py
[2024-06-11T19:51:10.044+0000] {logging_mixin.py:120} INFO - [2024-06-11T19:51:10.044+0000] {dag.py:2585} INFO - Sync 1 DAGs
[2024-06-11T19:51:10.066+0000] {logging_mixin.py:120} INFO - [2024-06-11T19:51:10.066+0000] {dag.py:3340} INFO - Setting next_dagrun for example_branch_labels to 2024-06-10T00:00:00+00:00, run_after=2024-06-11T00:00:00+00:00
[2024-06-11T19:51:10.081+0000] {processor.py:176} INFO - Processing /home/airflow/.local/lib/python3.7/site-packages/airflow/example_dags/example_branch_labels.py took 0.088 seconds
[2024-06-11T19:51:40.695+0000] {processor.py:154} INFO - Started process (PID=1489) to work on /home/airflow/.local/lib/python3.7/site-packages/airflow/example_dags/example_branch_labels.py
[2024-06-11T19:51:40.696+0000] {processor.py:756} INFO - Processing file /home/airflow/.local/lib/python3.7/site-packages/airflow/example_dags/example_branch_labels.py for tasks to queue
[2024-06-11T19:51:40.697+0000] {logging_mixin.py:120} INFO - [2024-06-11T19:51:40.697+0000] {dagbag.py:537} INFO - Filling up the DagBag from /home/airflow/.local/lib/python3.7/site-packages/airflow/example_dags/example_branch_labels.py
[2024-06-11T19:51:40.710+0000] {processor.py:766} INFO - DAG(s) dict_keys(['example_branch_labels']) retrieved from /home/airflow/.local/lib/python3.7/site-packages/airflow/example_dags/example_branch_labels.py
[2024-06-11T19:51:40.744+0000] {logging_mixin.py:120} INFO - [2024-06-11T19:51:40.744+0000] {dag.py:2585} INFO - Sync 1 DAGs
[2024-06-11T19:51:40.766+0000] {logging_mixin.py:120} INFO - [2024-06-11T19:51:40.766+0000] {dag.py:3340} INFO - Setting next_dagrun for example_branch_labels to 2024-06-10T00:00:00+00:00, run_after=2024-06-11T00:00:00+00:00
[2024-06-11T19:51:40.782+0000] {processor.py:176} INFO - Processing /home/airflow/.local/lib/python3.7/site-packages/airflow/example_dags/example_branch_labels.py took 0.090 seconds
[2024-06-11T19:56:18.752+0000] {processor.py:154} INFO - Started process (PID=1543) to work on /home/airflow/.local/lib/python3.7/site-packages/airflow/example_dags/example_branch_labels.py
[2024-06-11T19:56:18.753+0000] {processor.py:756} INFO - Processing file /home/airflow/.local/lib/python3.7/site-packages/airflow/example_dags/example_branch_labels.py for tasks to queue
[2024-06-11T19:56:18.754+0000] {logging_mixin.py:120} INFO - [2024-06-11T19:56:18.754+0000] {dagbag.py:537} INFO - Filling up the DagBag from /home/airflow/.local/lib/python3.7/site-packages/airflow/example_dags/example_branch_labels.py
[2024-06-11T19:56:18.770+0000] {processor.py:766} INFO - DAG(s) dict_keys(['example_branch_labels']) retrieved from /home/airflow/.local/lib/python3.7/site-packages/airflow/example_dags/example_branch_labels.py
[2024-06-11T19:56:18.804+0000] {logging_mixin.py:120} INFO - [2024-06-11T19:56:18.804+0000] {dag.py:2585} INFO - Sync 1 DAGs
[2024-06-11T19:56:18.826+0000] {logging_mixin.py:120} INFO - [2024-06-11T19:56:18.826+0000] {dag.py:3340} INFO - Setting next_dagrun for example_branch_labels to 2024-06-10T00:00:00+00:00, run_after=2024-06-11T00:00:00+00:00
[2024-06-11T19:56:18.841+0000] {processor.py:176} INFO - Processing /home/airflow/.local/lib/python3.7/site-packages/airflow/example_dags/example_branch_labels.py took 0.093 seconds
[2024-06-11T19:56:49.110+0000] {processor.py:154} INFO - Started process (PID=1606) to work on /home/airflow/.local/lib/python3.7/site-packages/airflow/example_dags/example_branch_labels.py
[2024-06-11T19:56:49.111+0000] {processor.py:756} INFO - Processing file /home/airflow/.local/lib/python3.7/site-packages/airflow/example_dags/example_branch_labels.py for tasks to queue
[2024-06-11T19:56:49.112+0000] {logging_mixin.py:120} INFO - [2024-06-11T19:56:49.112+0000] {dagbag.py:537} INFO - Filling up the DagBag from /home/airflow/.local/lib/python3.7/site-packages/airflow/example_dags/example_branch_labels.py
[2024-06-11T19:56:49.125+0000] {processor.py:766} INFO - DAG(s) dict_keys(['example_branch_labels']) retrieved from /home/airflow/.local/lib/python3.7/site-packages/airflow/example_dags/example_branch_labels.py
[2024-06-11T19:56:49.161+0000] {logging_mixin.py:120} INFO - [2024-06-11T19:56:49.161+0000] {dag.py:2585} INFO - Sync 1 DAGs
[2024-06-11T19:56:49.183+0000] {logging_mixin.py:120} INFO - [2024-06-11T19:56:49.183+0000] {dag.py:3340} INFO - Setting next_dagrun for example_branch_labels to 2024-06-10T00:00:00+00:00, run_after=2024-06-11T00:00:00+00:00
[2024-06-11T19:56:49.197+0000] {processor.py:176} INFO - Processing /home/airflow/.local/lib/python3.7/site-packages/airflow/example_dags/example_branch_labels.py took 0.090 seconds
[2024-06-11T19:57:19.322+0000] {processor.py:154} INFO - Started process (PID=1669) to work on /home/airflow/.local/lib/python3.7/site-packages/airflow/example_dags/example_branch_labels.py
[2024-06-11T19:57:19.323+0000] {processor.py:756} INFO - Processing file /home/airflow/.local/lib/python3.7/site-packages/airflow/example_dags/example_branch_labels.py for tasks to queue
[2024-06-11T19:57:19.324+0000] {logging_mixin.py:120} INFO - [2024-06-11T19:57:19.324+0000] {dagbag.py:537} INFO - Filling up the DagBag from /home/airflow/.local/lib/python3.7/site-packages/airflow/example_dags/example_branch_labels.py
[2024-06-11T19:57:19.337+0000] {processor.py:766} INFO - DAG(s) dict_keys(['example_branch_labels']) retrieved from /home/airflow/.local/lib/python3.7/site-packages/airflow/example_dags/example_branch_labels.py
[2024-06-11T19:57:19.371+0000] {logging_mixin.py:120} INFO - [2024-06-11T19:57:19.370+0000] {dag.py:2585} INFO - Sync 1 DAGs
[2024-06-11T19:57:19.393+0000] {logging_mixin.py:120} INFO - [2024-06-11T19:57:19.393+0000] {dag.py:3340} INFO - Setting next_dagrun for example_branch_labels to 2024-06-10T00:00:00+00:00, run_after=2024-06-11T00:00:00+00:00
[2024-06-11T19:57:19.407+0000] {processor.py:176} INFO - Processing /home/airflow/.local/lib/python3.7/site-packages/airflow/example_dags/example_branch_labels.py took 0.089 seconds
[2024-06-11T19:57:49.597+0000] {processor.py:154} INFO - Started process (PID=1731) to work on /home/airflow/.local/lib/python3.7/site-packages/airflow/example_dags/example_branch_labels.py
[2024-06-11T19:57:49.598+0000] {processor.py:756} INFO - Processing file /home/airflow/.local/lib/python3.7/site-packages/airflow/example_dags/example_branch_labels.py for tasks to queue
[2024-06-11T19:57:49.598+0000] {logging_mixin.py:120} INFO - [2024-06-11T19:57:49.598+0000] {dagbag.py:537} INFO - Filling up the DagBag from /home/airflow/.local/lib/python3.7/site-packages/airflow/example_dags/example_branch_labels.py
[2024-06-11T19:57:49.612+0000] {processor.py:766} INFO - DAG(s) dict_keys(['example_branch_labels']) retrieved from /home/airflow/.local/lib/python3.7/site-packages/airflow/example_dags/example_branch_labels.py
[2024-06-11T19:57:49.645+0000] {logging_mixin.py:120} INFO - [2024-06-11T19:57:49.645+0000] {dag.py:2585} INFO - Sync 1 DAGs
[2024-06-11T19:57:49.667+0000] {logging_mixin.py:120} INFO - [2024-06-11T19:57:49.667+0000] {dag.py:3340} INFO - Setting next_dagrun for example_branch_labels to 2024-06-10T00:00:00+00:00, run_after=2024-06-11T00:00:00+00:00
[2024-06-11T19:57:49.683+0000] {processor.py:176} INFO - Processing /home/airflow/.local/lib/python3.7/site-packages/airflow/example_dags/example_branch_labels.py took 0.089 seconds
[2024-06-11T20:15:57.881+0000] {processor.py:154} INFO - Started process (PID=1785) to work on /home/airflow/.local/lib/python3.7/site-packages/airflow/example_dags/example_branch_labels.py
[2024-06-11T20:15:57.882+0000] {processor.py:756} INFO - Processing file /home/airflow/.local/lib/python3.7/site-packages/airflow/example_dags/example_branch_labels.py for tasks to queue
[2024-06-11T20:15:57.884+0000] {logging_mixin.py:120} INFO - [2024-06-11T20:15:57.883+0000] {dagbag.py:537} INFO - Filling up the DagBag from /home/airflow/.local/lib/python3.7/site-packages/airflow/example_dags/example_branch_labels.py
[2024-06-11T20:15:57.899+0000] {processor.py:766} INFO - DAG(s) dict_keys(['example_branch_labels']) retrieved from /home/airflow/.local/lib/python3.7/site-packages/airflow/example_dags/example_branch_labels.py
[2024-06-11T20:15:57.938+0000] {logging_mixin.py:120} INFO - [2024-06-11T20:15:57.938+0000] {dag.py:2585} INFO - Sync 1 DAGs
[2024-06-11T20:15:57.962+0000] {logging_mixin.py:120} INFO - [2024-06-11T20:15:57.962+0000] {dag.py:3340} INFO - Setting next_dagrun for example_branch_labels to 2024-06-10T00:00:00+00:00, run_after=2024-06-11T00:00:00+00:00
[2024-06-11T20:15:57.978+0000] {processor.py:176} INFO - Processing /home/airflow/.local/lib/python3.7/site-packages/airflow/example_dags/example_branch_labels.py took 0.101 seconds
[2024-06-11T20:16:28.841+0000] {processor.py:154} INFO - Started process (PID=1848) to work on /home/airflow/.local/lib/python3.7/site-packages/airflow/example_dags/example_branch_labels.py
[2024-06-11T20:16:28.842+0000] {processor.py:756} INFO - Processing file /home/airflow/.local/lib/python3.7/site-packages/airflow/example_dags/example_branch_labels.py for tasks to queue
[2024-06-11T20:16:28.843+0000] {logging_mixin.py:120} INFO - [2024-06-11T20:16:28.843+0000] {dagbag.py:537} INFO - Filling up the DagBag from /home/airflow/.local/lib/python3.7/site-packages/airflow/example_dags/example_branch_labels.py
[2024-06-11T20:16:28.856+0000] {processor.py:766} INFO - DAG(s) dict_keys(['example_branch_labels']) retrieved from /home/airflow/.local/lib/python3.7/site-packages/airflow/example_dags/example_branch_labels.py
[2024-06-11T20:16:28.890+0000] {logging_mixin.py:120} INFO - [2024-06-11T20:16:28.890+0000] {dag.py:2585} INFO - Sync 1 DAGs
[2024-06-11T20:16:28.911+0000] {logging_mixin.py:120} INFO - [2024-06-11T20:16:28.911+0000] {dag.py:3340} INFO - Setting next_dagrun for example_branch_labels to 2024-06-10T00:00:00+00:00, run_after=2024-06-11T00:00:00+00:00
[2024-06-11T20:16:28.926+0000] {processor.py:176} INFO - Processing /home/airflow/.local/lib/python3.7/site-packages/airflow/example_dags/example_branch_labels.py took 0.087 seconds
[2024-06-11T20:16:59.185+0000] {processor.py:154} INFO - Started process (PID=1911) to work on /home/airflow/.local/lib/python3.7/site-packages/airflow/example_dags/example_branch_labels.py
[2024-06-11T20:16:59.186+0000] {processor.py:756} INFO - Processing file /home/airflow/.local/lib/python3.7/site-packages/airflow/example_dags/example_branch_labels.py for tasks to queue
[2024-06-11T20:16:59.187+0000] {logging_mixin.py:120} INFO - [2024-06-11T20:16:59.187+0000] {dagbag.py:537} INFO - Filling up the DagBag from /home/airflow/.local/lib/python3.7/site-packages/airflow/example_dags/example_branch_labels.py
[2024-06-11T20:16:59.200+0000] {processor.py:766} INFO - DAG(s) dict_keys(['example_branch_labels']) retrieved from /home/airflow/.local/lib/python3.7/site-packages/airflow/example_dags/example_branch_labels.py
[2024-06-11T20:16:59.233+0000] {logging_mixin.py:120} INFO - [2024-06-11T20:16:59.233+0000] {dag.py:2585} INFO - Sync 1 DAGs
[2024-06-11T20:16:59.255+0000] {logging_mixin.py:120} INFO - [2024-06-11T20:16:59.255+0000] {dag.py:3340} INFO - Setting next_dagrun for example_branch_labels to 2024-06-10T00:00:00+00:00, run_after=2024-06-11T00:00:00+00:00
[2024-06-11T20:16:59.270+0000] {processor.py:176} INFO - Processing /home/airflow/.local/lib/python3.7/site-packages/airflow/example_dags/example_branch_labels.py took 0.088 seconds
[2024-06-11T20:17:29.446+0000] {processor.py:154} INFO - Started process (PID=1974) to work on /home/airflow/.local/lib/python3.7/site-packages/airflow/example_dags/example_branch_labels.py
[2024-06-11T20:17:29.447+0000] {processor.py:756} INFO - Processing file /home/airflow/.local/lib/python3.7/site-packages/airflow/example_dags/example_branch_labels.py for tasks to queue
[2024-06-11T20:17:29.448+0000] {logging_mixin.py:120} INFO - [2024-06-11T20:17:29.448+0000] {dagbag.py:537} INFO - Filling up the DagBag from /home/airflow/.local/lib/python3.7/site-packages/airflow/example_dags/example_branch_labels.py
[2024-06-11T20:17:29.461+0000] {processor.py:766} INFO - DAG(s) dict_keys(['example_branch_labels']) retrieved from /home/airflow/.local/lib/python3.7/site-packages/airflow/example_dags/example_branch_labels.py
[2024-06-11T20:17:29.499+0000] {logging_mixin.py:120} INFO - [2024-06-11T20:17:29.499+0000] {dag.py:2585} INFO - Sync 1 DAGs
[2024-06-11T20:17:29.522+0000] {logging_mixin.py:120} INFO - [2024-06-11T20:17:29.522+0000] {dag.py:3340} INFO - Setting next_dagrun for example_branch_labels to 2024-06-10T00:00:00+00:00, run_after=2024-06-11T00:00:00+00:00
[2024-06-11T20:17:29.541+0000] {processor.py:176} INFO - Processing /home/airflow/.local/lib/python3.7/site-packages/airflow/example_dags/example_branch_labels.py took 0.098 seconds
[2024-06-11T20:17:59.680+0000] {processor.py:154} INFO - Started process (PID=2028) to work on /home/airflow/.local/lib/python3.7/site-packages/airflow/example_dags/example_branch_labels.py
[2024-06-11T20:17:59.681+0000] {processor.py:756} INFO - Processing file /home/airflow/.local/lib/python3.7/site-packages/airflow/example_dags/example_branch_labels.py for tasks to queue
[2024-06-11T20:17:59.682+0000] {logging_mixin.py:120} INFO - [2024-06-11T20:17:59.682+0000] {dagbag.py:537} INFO - Filling up the DagBag from /home/airflow/.local/lib/python3.7/site-packages/airflow/example_dags/example_branch_labels.py
[2024-06-11T20:17:59.695+0000] {processor.py:766} INFO - DAG(s) dict_keys(['example_branch_labels']) retrieved from /home/airflow/.local/lib/python3.7/site-packages/airflow/example_dags/example_branch_labels.py
[2024-06-11T20:17:59.727+0000] {logging_mixin.py:120} INFO - [2024-06-11T20:17:59.727+0000] {dag.py:2585} INFO - Sync 1 DAGs
[2024-06-11T20:17:59.750+0000] {logging_mixin.py:120} INFO - [2024-06-11T20:17:59.749+0000] {dag.py:3340} INFO - Setting next_dagrun for example_branch_labels to 2024-06-10T00:00:00+00:00, run_after=2024-06-11T00:00:00+00:00
[2024-06-11T20:17:59.764+0000] {processor.py:176} INFO - Processing /home/airflow/.local/lib/python3.7/site-packages/airflow/example_dags/example_branch_labels.py took 0.086 seconds
[2024-06-11T20:36:22.654+0000] {processor.py:154} INFO - Started process (PID=2091) to work on /home/airflow/.local/lib/python3.7/site-packages/airflow/example_dags/example_branch_labels.py
[2024-06-11T20:36:22.655+0000] {processor.py:756} INFO - Processing file /home/airflow/.local/lib/python3.7/site-packages/airflow/example_dags/example_branch_labels.py for tasks to queue
[2024-06-11T20:36:22.656+0000] {logging_mixin.py:120} INFO - [2024-06-11T20:36:22.656+0000] {dagbag.py:537} INFO - Filling up the DagBag from /home/airflow/.local/lib/python3.7/site-packages/airflow/example_dags/example_branch_labels.py
[2024-06-11T20:36:22.669+0000] {processor.py:766} INFO - DAG(s) dict_keys(['example_branch_labels']) retrieved from /home/airflow/.local/lib/python3.7/site-packages/airflow/example_dags/example_branch_labels.py
[2024-06-11T20:36:22.708+0000] {logging_mixin.py:120} INFO - [2024-06-11T20:36:22.707+0000] {dag.py:2585} INFO - Sync 1 DAGs
[2024-06-11T20:36:22.730+0000] {logging_mixin.py:120} INFO - [2024-06-11T20:36:22.730+0000] {dag.py:3340} INFO - Setting next_dagrun for example_branch_labels to 2024-06-10T00:00:00+00:00, run_after=2024-06-11T00:00:00+00:00
[2024-06-11T20:36:22.747+0000] {processor.py:176} INFO - Processing /home/airflow/.local/lib/python3.7/site-packages/airflow/example_dags/example_branch_labels.py took 0.096 seconds
[2024-06-11T20:36:53.033+0000] {processor.py:154} INFO - Started process (PID=2154) to work on /home/airflow/.local/lib/python3.7/site-packages/airflow/example_dags/example_branch_labels.py
[2024-06-11T20:36:53.034+0000] {processor.py:756} INFO - Processing file /home/airflow/.local/lib/python3.7/site-packages/airflow/example_dags/example_branch_labels.py for tasks to queue
[2024-06-11T20:36:53.035+0000] {logging_mixin.py:120} INFO - [2024-06-11T20:36:53.034+0000] {dagbag.py:537} INFO - Filling up the DagBag from /home/airflow/.local/lib/python3.7/site-packages/airflow/example_dags/example_branch_labels.py
[2024-06-11T20:36:53.048+0000] {processor.py:766} INFO - DAG(s) dict_keys(['example_branch_labels']) retrieved from /home/airflow/.local/lib/python3.7/site-packages/airflow/example_dags/example_branch_labels.py
[2024-06-11T20:36:53.082+0000] {logging_mixin.py:120} INFO - [2024-06-11T20:36:53.082+0000] {dag.py:2585} INFO - Sync 1 DAGs
[2024-06-11T20:36:53.106+0000] {logging_mixin.py:120} INFO - [2024-06-11T20:36:53.106+0000] {dag.py:3340} INFO - Setting next_dagrun for example_branch_labels to 2024-06-10T00:00:00+00:00, run_after=2024-06-11T00:00:00+00:00
[2024-06-11T20:36:53.123+0000] {processor.py:176} INFO - Processing /home/airflow/.local/lib/python3.7/site-packages/airflow/example_dags/example_branch_labels.py took 0.093 seconds
[2024-06-11T20:37:23.483+0000] {processor.py:154} INFO - Started process (PID=2208) to work on /home/airflow/.local/lib/python3.7/site-packages/airflow/example_dags/example_branch_labels.py
[2024-06-11T20:37:23.484+0000] {processor.py:756} INFO - Processing file /home/airflow/.local/lib/python3.7/site-packages/airflow/example_dags/example_branch_labels.py for tasks to queue
[2024-06-11T20:37:23.485+0000] {logging_mixin.py:120} INFO - [2024-06-11T20:37:23.485+0000] {dagbag.py:537} INFO - Filling up the DagBag from /home/airflow/.local/lib/python3.7/site-packages/airflow/example_dags/example_branch_labels.py
[2024-06-11T20:37:23.498+0000] {processor.py:766} INFO - DAG(s) dict_keys(['example_branch_labels']) retrieved from /home/airflow/.local/lib/python3.7/site-packages/airflow/example_dags/example_branch_labels.py
[2024-06-11T20:37:23.531+0000] {logging_mixin.py:120} INFO - [2024-06-11T20:37:23.531+0000] {dag.py:2585} INFO - Sync 1 DAGs
[2024-06-11T20:37:23.552+0000] {logging_mixin.py:120} INFO - [2024-06-11T20:37:23.552+0000] {dag.py:3340} INFO - Setting next_dagrun for example_branch_labels to 2024-06-10T00:00:00+00:00, run_after=2024-06-11T00:00:00+00:00
[2024-06-11T20:37:23.568+0000] {processor.py:176} INFO - Processing /home/airflow/.local/lib/python3.7/site-packages/airflow/example_dags/example_branch_labels.py took 0.088 seconds
[2024-06-11T20:37:53.817+0000] {processor.py:154} INFO - Started process (PID=2271) to work on /home/airflow/.local/lib/python3.7/site-packages/airflow/example_dags/example_branch_labels.py
[2024-06-11T20:37:53.818+0000] {processor.py:756} INFO - Processing file /home/airflow/.local/lib/python3.7/site-packages/airflow/example_dags/example_branch_labels.py for tasks to queue
[2024-06-11T20:37:53.819+0000] {logging_mixin.py:120} INFO - [2024-06-11T20:37:53.819+0000] {dagbag.py:537} INFO - Filling up the DagBag from /home/airflow/.local/lib/python3.7/site-packages/airflow/example_dags/example_branch_labels.py
[2024-06-11T20:37:53.831+0000] {processor.py:766} INFO - DAG(s) dict_keys(['example_branch_labels']) retrieved from /home/airflow/.local/lib/python3.7/site-packages/airflow/example_dags/example_branch_labels.py
[2024-06-11T20:37:53.866+0000] {logging_mixin.py:120} INFO - [2024-06-11T20:37:53.866+0000] {dag.py:2585} INFO - Sync 1 DAGs
[2024-06-11T20:37:53.888+0000] {logging_mixin.py:120} INFO - [2024-06-11T20:37:53.888+0000] {dag.py:3340} INFO - Setting next_dagrun for example_branch_labels to 2024-06-10T00:00:00+00:00, run_after=2024-06-11T00:00:00+00:00
[2024-06-11T20:37:53.903+0000] {processor.py:176} INFO - Processing /home/airflow/.local/lib/python3.7/site-packages/airflow/example_dags/example_branch_labels.py took 0.090 seconds
[2024-06-11T20:38:24.218+0000] {processor.py:154} INFO - Started process (PID=2334) to work on /home/airflow/.local/lib/python3.7/site-packages/airflow/example_dags/example_branch_labels.py
[2024-06-11T20:38:24.219+0000] {processor.py:756} INFO - Processing file /home/airflow/.local/lib/python3.7/site-packages/airflow/example_dags/example_branch_labels.py for tasks to queue
[2024-06-11T20:38:24.220+0000] {logging_mixin.py:120} INFO - [2024-06-11T20:38:24.220+0000] {dagbag.py:537} INFO - Filling up the DagBag from /home/airflow/.local/lib/python3.7/site-packages/airflow/example_dags/example_branch_labels.py
[2024-06-11T20:38:24.232+0000] {processor.py:766} INFO - DAG(s) dict_keys(['example_branch_labels']) retrieved from /home/airflow/.local/lib/python3.7/site-packages/airflow/example_dags/example_branch_labels.py
[2024-06-11T20:38:24.265+0000] {logging_mixin.py:120} INFO - [2024-06-11T20:38:24.265+0000] {dag.py:2585} INFO - Sync 1 DAGs
[2024-06-11T20:38:24.286+0000] {logging_mixin.py:120} INFO - [2024-06-11T20:38:24.286+0000] {dag.py:3340} INFO - Setting next_dagrun for example_branch_labels to 2024-06-10T00:00:00+00:00, run_after=2024-06-11T00:00:00+00:00
[2024-06-11T20:38:24.300+0000] {processor.py:176} INFO - Processing /home/airflow/.local/lib/python3.7/site-packages/airflow/example_dags/example_branch_labels.py took 0.085 seconds
[2024-06-11T20:53:48.726+0000] {processor.py:154} INFO - Started process (PID=2387) to work on /home/airflow/.local/lib/python3.7/site-packages/airflow/example_dags/example_branch_labels.py
[2024-06-11T20:53:48.728+0000] {processor.py:756} INFO - Processing file /home/airflow/.local/lib/python3.7/site-packages/airflow/example_dags/example_branch_labels.py for tasks to queue
[2024-06-11T20:53:48.729+0000] {logging_mixin.py:120} INFO - [2024-06-11T20:53:48.728+0000] {dagbag.py:537} INFO - Filling up the DagBag from /home/airflow/.local/lib/python3.7/site-packages/airflow/example_dags/example_branch_labels.py
[2024-06-11T20:53:48.744+0000] {processor.py:766} INFO - DAG(s) dict_keys(['example_branch_labels']) retrieved from /home/airflow/.local/lib/python3.7/site-packages/airflow/example_dags/example_branch_labels.py
[2024-06-11T20:53:48.783+0000] {logging_mixin.py:120} INFO - [2024-06-11T20:53:48.783+0000] {dag.py:2585} INFO - Sync 1 DAGs
[2024-06-11T20:53:48.810+0000] {logging_mixin.py:120} INFO - [2024-06-11T20:53:48.809+0000] {dag.py:3340} INFO - Setting next_dagrun for example_branch_labels to 2024-06-10T00:00:00+00:00, run_after=2024-06-11T00:00:00+00:00
[2024-06-11T20:53:48.828+0000] {processor.py:176} INFO - Processing /home/airflow/.local/lib/python3.7/site-packages/airflow/example_dags/example_branch_labels.py took 0.105 seconds
[2024-06-11T20:54:19.254+0000] {processor.py:154} INFO - Started process (PID=2450) to work on /home/airflow/.local/lib/python3.7/site-packages/airflow/example_dags/example_branch_labels.py
[2024-06-11T20:54:19.255+0000] {processor.py:756} INFO - Processing file /home/airflow/.local/lib/python3.7/site-packages/airflow/example_dags/example_branch_labels.py for tasks to queue
[2024-06-11T20:54:19.256+0000] {logging_mixin.py:120} INFO - [2024-06-11T20:54:19.256+0000] {dagbag.py:537} INFO - Filling up the DagBag from /home/airflow/.local/lib/python3.7/site-packages/airflow/example_dags/example_branch_labels.py
[2024-06-11T20:54:19.269+0000] {processor.py:766} INFO - DAG(s) dict_keys(['example_branch_labels']) retrieved from /home/airflow/.local/lib/python3.7/site-packages/airflow/example_dags/example_branch_labels.py
[2024-06-11T20:54:19.307+0000] {logging_mixin.py:120} INFO - [2024-06-11T20:54:19.306+0000] {dag.py:2585} INFO - Sync 1 DAGs
[2024-06-11T20:54:19.331+0000] {logging_mixin.py:120} INFO - [2024-06-11T20:54:19.331+0000] {dag.py:3340} INFO - Setting next_dagrun for example_branch_labels to 2024-06-10T00:00:00+00:00, run_after=2024-06-11T00:00:00+00:00
[2024-06-11T20:54:19.347+0000] {processor.py:176} INFO - Processing /home/airflow/.local/lib/python3.7/site-packages/airflow/example_dags/example_branch_labels.py took 0.096 seconds
[2024-06-11T20:54:49.498+0000] {processor.py:154} INFO - Started process (PID=2513) to work on /home/airflow/.local/lib/python3.7/site-packages/airflow/example_dags/example_branch_labels.py
[2024-06-11T20:54:49.499+0000] {processor.py:756} INFO - Processing file /home/airflow/.local/lib/python3.7/site-packages/airflow/example_dags/example_branch_labels.py for tasks to queue
[2024-06-11T20:54:49.500+0000] {logging_mixin.py:120} INFO - [2024-06-11T20:54:49.500+0000] {dagbag.py:537} INFO - Filling up the DagBag from /home/airflow/.local/lib/python3.7/site-packages/airflow/example_dags/example_branch_labels.py
[2024-06-11T20:54:49.513+0000] {processor.py:766} INFO - DAG(s) dict_keys(['example_branch_labels']) retrieved from /home/airflow/.local/lib/python3.7/site-packages/airflow/example_dags/example_branch_labels.py
[2024-06-11T20:54:49.547+0000] {logging_mixin.py:120} INFO - [2024-06-11T20:54:49.547+0000] {dag.py:2585} INFO - Sync 1 DAGs
[2024-06-11T20:54:49.569+0000] {logging_mixin.py:120} INFO - [2024-06-11T20:54:49.569+0000] {dag.py:3340} INFO - Setting next_dagrun for example_branch_labels to 2024-06-10T00:00:00+00:00, run_after=2024-06-11T00:00:00+00:00
[2024-06-11T20:54:49.583+0000] {processor.py:176} INFO - Processing /home/airflow/.local/lib/python3.7/site-packages/airflow/example_dags/example_branch_labels.py took 0.088 seconds
[2024-06-11T20:55:19.787+0000] {processor.py:154} INFO - Started process (PID=2567) to work on /home/airflow/.local/lib/python3.7/site-packages/airflow/example_dags/example_branch_labels.py
[2024-06-11T20:55:19.788+0000] {processor.py:756} INFO - Processing file /home/airflow/.local/lib/python3.7/site-packages/airflow/example_dags/example_branch_labels.py for tasks to queue
[2024-06-11T20:55:19.789+0000] {logging_mixin.py:120} INFO - [2024-06-11T20:55:19.789+0000] {dagbag.py:537} INFO - Filling up the DagBag from /home/airflow/.local/lib/python3.7/site-packages/airflow/example_dags/example_branch_labels.py
[2024-06-11T20:55:19.802+0000] {processor.py:766} INFO - DAG(s) dict_keys(['example_branch_labels']) retrieved from /home/airflow/.local/lib/python3.7/site-packages/airflow/example_dags/example_branch_labels.py
[2024-06-11T20:55:19.837+0000] {logging_mixin.py:120} INFO - [2024-06-11T20:55:19.836+0000] {dag.py:2585} INFO - Sync 1 DAGs
[2024-06-11T20:55:19.859+0000] {logging_mixin.py:120} INFO - [2024-06-11T20:55:19.859+0000] {dag.py:3340} INFO - Setting next_dagrun for example_branch_labels to 2024-06-10T00:00:00+00:00, run_after=2024-06-11T00:00:00+00:00
[2024-06-11T20:55:19.873+0000] {processor.py:176} INFO - Processing /home/airflow/.local/lib/python3.7/site-packages/airflow/example_dags/example_branch_labels.py took 0.089 seconds
[2024-06-11T20:55:50.003+0000] {processor.py:154} INFO - Started process (PID=2630) to work on /home/airflow/.local/lib/python3.7/site-packages/airflow/example_dags/example_branch_labels.py
[2024-06-11T20:55:50.003+0000] {processor.py:756} INFO - Processing file /home/airflow/.local/lib/python3.7/site-packages/airflow/example_dags/example_branch_labels.py for tasks to queue
[2024-06-11T20:55:50.004+0000] {logging_mixin.py:120} INFO - [2024-06-11T20:55:50.004+0000] {dagbag.py:537} INFO - Filling up the DagBag from /home/airflow/.local/lib/python3.7/site-packages/airflow/example_dags/example_branch_labels.py
[2024-06-11T20:55:50.017+0000] {processor.py:766} INFO - DAG(s) dict_keys(['example_branch_labels']) retrieved from /home/airflow/.local/lib/python3.7/site-packages/airflow/example_dags/example_branch_labels.py
[2024-06-11T20:55:50.051+0000] {logging_mixin.py:120} INFO - [2024-06-11T20:55:50.051+0000] {dag.py:2585} INFO - Sync 1 DAGs
[2024-06-11T20:55:50.073+0000] {logging_mixin.py:120} INFO - [2024-06-11T20:55:50.073+0000] {dag.py:3340} INFO - Setting next_dagrun for example_branch_labels to 2024-06-10T00:00:00+00:00, run_after=2024-06-11T00:00:00+00:00
[2024-06-11T20:55:50.089+0000] {processor.py:176} INFO - Processing /home/airflow/.local/lib/python3.7/site-packages/airflow/example_dags/example_branch_labels.py took 0.089 seconds
[2024-06-11T20:57:21.365+0000] {processor.py:154} INFO - Started process (PID=2693) to work on /home/airflow/.local/lib/python3.7/site-packages/airflow/example_dags/example_branch_labels.py
[2024-06-11T20:57:21.366+0000] {processor.py:756} INFO - Processing file /home/airflow/.local/lib/python3.7/site-packages/airflow/example_dags/example_branch_labels.py for tasks to queue
[2024-06-11T20:57:21.367+0000] {logging_mixin.py:120} INFO - [2024-06-11T20:57:21.367+0000] {dagbag.py:537} INFO - Filling up the DagBag from /home/airflow/.local/lib/python3.7/site-packages/airflow/example_dags/example_branch_labels.py
[2024-06-11T20:57:21.380+0000] {processor.py:766} INFO - DAG(s) dict_keys(['example_branch_labels']) retrieved from /home/airflow/.local/lib/python3.7/site-packages/airflow/example_dags/example_branch_labels.py
[2024-06-11T20:57:21.414+0000] {logging_mixin.py:120} INFO - [2024-06-11T20:57:21.413+0000] {dag.py:2585} INFO - Sync 1 DAGs
[2024-06-11T20:57:21.437+0000] {logging_mixin.py:120} INFO - [2024-06-11T20:57:21.437+0000] {dag.py:3340} INFO - Setting next_dagrun for example_branch_labels to 2024-06-10T00:00:00+00:00, run_after=2024-06-11T00:00:00+00:00
[2024-06-11T20:57:21.452+0000] {processor.py:176} INFO - Processing /home/airflow/.local/lib/python3.7/site-packages/airflow/example_dags/example_branch_labels.py took 0.091 seconds
[2024-06-11T20:57:51.537+0000] {processor.py:154} INFO - Started process (PID=2755) to work on /home/airflow/.local/lib/python3.7/site-packages/airflow/example_dags/example_branch_labels.py
[2024-06-11T20:57:51.538+0000] {processor.py:756} INFO - Processing file /home/airflow/.local/lib/python3.7/site-packages/airflow/example_dags/example_branch_labels.py for tasks to queue
[2024-06-11T20:57:51.539+0000] {logging_mixin.py:120} INFO - [2024-06-11T20:57:51.539+0000] {dagbag.py:537} INFO - Filling up the DagBag from /home/airflow/.local/lib/python3.7/site-packages/airflow/example_dags/example_branch_labels.py
[2024-06-11T20:57:51.552+0000] {processor.py:766} INFO - DAG(s) dict_keys(['example_branch_labels']) retrieved from /home/airflow/.local/lib/python3.7/site-packages/airflow/example_dags/example_branch_labels.py
[2024-06-11T20:57:51.587+0000] {logging_mixin.py:120} INFO - [2024-06-11T20:57:51.587+0000] {dag.py:2585} INFO - Sync 1 DAGs
[2024-06-11T20:57:51.612+0000] {logging_mixin.py:120} INFO - [2024-06-11T20:57:51.612+0000] {dag.py:3340} INFO - Setting next_dagrun for example_branch_labels to 2024-06-10T00:00:00+00:00, run_after=2024-06-11T00:00:00+00:00
[2024-06-11T20:57:51.628+0000] {processor.py:176} INFO - Processing /home/airflow/.local/lib/python3.7/site-packages/airflow/example_dags/example_branch_labels.py took 0.094 seconds
[2024-06-11T20:58:21.814+0000] {processor.py:154} INFO - Started process (PID=2809) to work on /home/airflow/.local/lib/python3.7/site-packages/airflow/example_dags/example_branch_labels.py
[2024-06-11T20:58:21.815+0000] {processor.py:756} INFO - Processing file /home/airflow/.local/lib/python3.7/site-packages/airflow/example_dags/example_branch_labels.py for tasks to queue
[2024-06-11T20:58:21.816+0000] {logging_mixin.py:120} INFO - [2024-06-11T20:58:21.816+0000] {dagbag.py:537} INFO - Filling up the DagBag from /home/airflow/.local/lib/python3.7/site-packages/airflow/example_dags/example_branch_labels.py
[2024-06-11T20:58:21.829+0000] {processor.py:766} INFO - DAG(s) dict_keys(['example_branch_labels']) retrieved from /home/airflow/.local/lib/python3.7/site-packages/airflow/example_dags/example_branch_labels.py
[2024-06-11T20:58:21.863+0000] {logging_mixin.py:120} INFO - [2024-06-11T20:58:21.863+0000] {dag.py:2585} INFO - Sync 1 DAGs
[2024-06-11T20:58:21.886+0000] {logging_mixin.py:120} INFO - [2024-06-11T20:58:21.886+0000] {dag.py:3340} INFO - Setting next_dagrun for example_branch_labels to 2024-06-10T00:00:00+00:00, run_after=2024-06-11T00:00:00+00:00
[2024-06-11T20:58:21.903+0000] {processor.py:176} INFO - Processing /home/airflow/.local/lib/python3.7/site-packages/airflow/example_dags/example_branch_labels.py took 0.092 seconds
[2024-06-11T20:58:52.117+0000] {processor.py:154} INFO - Started process (PID=2872) to work on /home/airflow/.local/lib/python3.7/site-packages/airflow/example_dags/example_branch_labels.py
[2024-06-11T20:58:52.118+0000] {processor.py:756} INFO - Processing file /home/airflow/.local/lib/python3.7/site-packages/airflow/example_dags/example_branch_labels.py for tasks to queue
[2024-06-11T20:58:52.118+0000] {logging_mixin.py:120} INFO - [2024-06-11T20:58:52.118+0000] {dagbag.py:537} INFO - Filling up the DagBag from /home/airflow/.local/lib/python3.7/site-packages/airflow/example_dags/example_branch_labels.py
[2024-06-11T20:58:52.132+0000] {processor.py:766} INFO - DAG(s) dict_keys(['example_branch_labels']) retrieved from /home/airflow/.local/lib/python3.7/site-packages/airflow/example_dags/example_branch_labels.py
[2024-06-11T20:58:52.166+0000] {logging_mixin.py:120} INFO - [2024-06-11T20:58:52.166+0000] {dag.py:2585} INFO - Sync 1 DAGs
[2024-06-11T20:58:52.188+0000] {logging_mixin.py:120} INFO - [2024-06-11T20:58:52.187+0000] {dag.py:3340} INFO - Setting next_dagrun for example_branch_labels to 2024-06-10T00:00:00+00:00, run_after=2024-06-11T00:00:00+00:00
[2024-06-11T20:58:52.202+0000] {processor.py:176} INFO - Processing /home/airflow/.local/lib/python3.7/site-packages/airflow/example_dags/example_branch_labels.py took 0.089 seconds
[2024-06-11T21:14:52.686+0000] {processor.py:154} INFO - Started process (PID=2934) to work on /home/airflow/.local/lib/python3.7/site-packages/airflow/example_dags/example_branch_labels.py
[2024-06-11T21:14:52.688+0000] {processor.py:756} INFO - Processing file /home/airflow/.local/lib/python3.7/site-packages/airflow/example_dags/example_branch_labels.py for tasks to queue
[2024-06-11T21:14:52.689+0000] {logging_mixin.py:120} INFO - [2024-06-11T21:14:52.689+0000] {dagbag.py:537} INFO - Filling up the DagBag from /home/airflow/.local/lib/python3.7/site-packages/airflow/example_dags/example_branch_labels.py
[2024-06-11T21:14:52.704+0000] {processor.py:766} INFO - DAG(s) dict_keys(['example_branch_labels']) retrieved from /home/airflow/.local/lib/python3.7/site-packages/airflow/example_dags/example_branch_labels.py
[2024-06-11T21:14:52.741+0000] {logging_mixin.py:120} INFO - [2024-06-11T21:14:52.741+0000] {dag.py:2585} INFO - Sync 1 DAGs
[2024-06-11T21:14:52.767+0000] {logging_mixin.py:120} INFO - [2024-06-11T21:14:52.766+0000] {dag.py:3340} INFO - Setting next_dagrun for example_branch_labels to 2024-06-10T00:00:00+00:00, run_after=2024-06-11T00:00:00+00:00
[2024-06-11T21:14:52.785+0000] {processor.py:176} INFO - Processing /home/airflow/.local/lib/python3.7/site-packages/airflow/example_dags/example_branch_labels.py took 0.102 seconds
[2024-06-11T21:15:22.894+0000] {processor.py:154} INFO - Started process (PID=2988) to work on /home/airflow/.local/lib/python3.7/site-packages/airflow/example_dags/example_branch_labels.py
[2024-06-11T21:15:22.895+0000] {processor.py:756} INFO - Processing file /home/airflow/.local/lib/python3.7/site-packages/airflow/example_dags/example_branch_labels.py for tasks to queue
[2024-06-11T21:15:22.896+0000] {logging_mixin.py:120} INFO - [2024-06-11T21:15:22.896+0000] {dagbag.py:537} INFO - Filling up the DagBag from /home/airflow/.local/lib/python3.7/site-packages/airflow/example_dags/example_branch_labels.py
[2024-06-11T21:15:22.908+0000] {processor.py:766} INFO - DAG(s) dict_keys(['example_branch_labels']) retrieved from /home/airflow/.local/lib/python3.7/site-packages/airflow/example_dags/example_branch_labels.py
[2024-06-11T21:15:22.941+0000] {logging_mixin.py:120} INFO - [2024-06-11T21:15:22.941+0000] {dag.py:2585} INFO - Sync 1 DAGs
[2024-06-11T21:15:22.962+0000] {logging_mixin.py:120} INFO - [2024-06-11T21:15:22.962+0000] {dag.py:3340} INFO - Setting next_dagrun for example_branch_labels to 2024-06-10T00:00:00+00:00, run_after=2024-06-11T00:00:00+00:00
[2024-06-11T21:15:22.977+0000] {processor.py:176} INFO - Processing /home/airflow/.local/lib/python3.7/site-packages/airflow/example_dags/example_branch_labels.py took 0.086 seconds
[2024-06-11T21:15:53.029+0000] {processor.py:154} INFO - Started process (PID=3051) to work on /home/airflow/.local/lib/python3.7/site-packages/airflow/example_dags/example_branch_labels.py
[2024-06-11T21:15:53.030+0000] {processor.py:756} INFO - Processing file /home/airflow/.local/lib/python3.7/site-packages/airflow/example_dags/example_branch_labels.py for tasks to queue
[2024-06-11T21:15:53.031+0000] {logging_mixin.py:120} INFO - [2024-06-11T21:15:53.030+0000] {dagbag.py:537} INFO - Filling up the DagBag from /home/airflow/.local/lib/python3.7/site-packages/airflow/example_dags/example_branch_labels.py
[2024-06-11T21:15:53.044+0000] {processor.py:766} INFO - DAG(s) dict_keys(['example_branch_labels']) retrieved from /home/airflow/.local/lib/python3.7/site-packages/airflow/example_dags/example_branch_labels.py
[2024-06-11T21:15:53.079+0000] {logging_mixin.py:120} INFO - [2024-06-11T21:15:53.079+0000] {dag.py:2585} INFO - Sync 1 DAGs
[2024-06-11T21:15:53.100+0000] {logging_mixin.py:120} INFO - [2024-06-11T21:15:53.100+0000] {dag.py:3340} INFO - Setting next_dagrun for example_branch_labels to 2024-06-10T00:00:00+00:00, run_after=2024-06-11T00:00:00+00:00
[2024-06-11T21:15:53.114+0000] {processor.py:176} INFO - Processing /home/airflow/.local/lib/python3.7/site-packages/airflow/example_dags/example_branch_labels.py took 0.088 seconds
[2024-06-11T21:16:23.532+0000] {processor.py:154} INFO - Started process (PID=3113) to work on /home/airflow/.local/lib/python3.7/site-packages/airflow/example_dags/example_branch_labels.py
[2024-06-11T21:16:23.533+0000] {processor.py:756} INFO - Processing file /home/airflow/.local/lib/python3.7/site-packages/airflow/example_dags/example_branch_labels.py for tasks to queue
[2024-06-11T21:16:23.534+0000] {logging_mixin.py:120} INFO - [2024-06-11T21:16:23.534+0000] {dagbag.py:537} INFO - Filling up the DagBag from /home/airflow/.local/lib/python3.7/site-packages/airflow/example_dags/example_branch_labels.py
[2024-06-11T21:16:23.546+0000] {processor.py:766} INFO - DAG(s) dict_keys(['example_branch_labels']) retrieved from /home/airflow/.local/lib/python3.7/site-packages/airflow/example_dags/example_branch_labels.py
[2024-06-11T21:16:23.581+0000] {logging_mixin.py:120} INFO - [2024-06-11T21:16:23.581+0000] {dag.py:2585} INFO - Sync 1 DAGs
[2024-06-11T21:16:23.603+0000] {logging_mixin.py:120} INFO - [2024-06-11T21:16:23.603+0000] {dag.py:3340} INFO - Setting next_dagrun for example_branch_labels to 2024-06-10T00:00:00+00:00, run_after=2024-06-11T00:00:00+00:00
[2024-06-11T21:16:23.620+0000] {processor.py:176} INFO - Processing /home/airflow/.local/lib/python3.7/site-packages/airflow/example_dags/example_branch_labels.py took 0.091 seconds
[2024-06-11T21:16:53.955+0000] {processor.py:154} INFO - Started process (PID=3176) to work on /home/airflow/.local/lib/python3.7/site-packages/airflow/example_dags/example_branch_labels.py
[2024-06-11T21:16:53.956+0000] {processor.py:756} INFO - Processing file /home/airflow/.local/lib/python3.7/site-packages/airflow/example_dags/example_branch_labels.py for tasks to queue
[2024-06-11T21:16:53.957+0000] {logging_mixin.py:120} INFO - [2024-06-11T21:16:53.957+0000] {dagbag.py:537} INFO - Filling up the DagBag from /home/airflow/.local/lib/python3.7/site-packages/airflow/example_dags/example_branch_labels.py
[2024-06-11T21:16:53.969+0000] {processor.py:766} INFO - DAG(s) dict_keys(['example_branch_labels']) retrieved from /home/airflow/.local/lib/python3.7/site-packages/airflow/example_dags/example_branch_labels.py
[2024-06-11T21:16:54.003+0000] {logging_mixin.py:120} INFO - [2024-06-11T21:16:54.002+0000] {dag.py:2585} INFO - Sync 1 DAGs
[2024-06-11T21:16:54.029+0000] {logging_mixin.py:120} INFO - [2024-06-11T21:16:54.029+0000] {dag.py:3340} INFO - Setting next_dagrun for example_branch_labels to 2024-06-10T00:00:00+00:00, run_after=2024-06-11T00:00:00+00:00
[2024-06-11T21:16:54.050+0000] {processor.py:176} INFO - Processing /home/airflow/.local/lib/python3.7/site-packages/airflow/example_dags/example_branch_labels.py took 0.098 seconds
[2024-06-11T21:30:33.759+0000] {processor.py:154} INFO - Started process (PID=3231) to work on /home/airflow/.local/lib/python3.7/site-packages/airflow/example_dags/example_branch_labels.py
[2024-06-11T21:30:33.760+0000] {processor.py:756} INFO - Processing file /home/airflow/.local/lib/python3.7/site-packages/airflow/example_dags/example_branch_labels.py for tasks to queue
[2024-06-11T21:30:33.761+0000] {logging_mixin.py:120} INFO - [2024-06-11T21:30:33.761+0000] {dagbag.py:537} INFO - Filling up the DagBag from /home/airflow/.local/lib/python3.7/site-packages/airflow/example_dags/example_branch_labels.py
[2024-06-11T21:30:33.775+0000] {processor.py:766} INFO - DAG(s) dict_keys(['example_branch_labels']) retrieved from /home/airflow/.local/lib/python3.7/site-packages/airflow/example_dags/example_branch_labels.py
[2024-06-11T21:30:33.813+0000] {logging_mixin.py:120} INFO - [2024-06-11T21:30:33.813+0000] {dag.py:2585} INFO - Sync 1 DAGs
[2024-06-11T21:30:33.837+0000] {logging_mixin.py:120} INFO - [2024-06-11T21:30:33.837+0000] {dag.py:3340} INFO - Setting next_dagrun for example_branch_labels to 2024-06-10T00:00:00+00:00, run_after=2024-06-11T00:00:00+00:00
[2024-06-11T21:30:33.851+0000] {processor.py:176} INFO - Processing /home/airflow/.local/lib/python3.7/site-packages/airflow/example_dags/example_branch_labels.py took 0.095 seconds
[2024-06-11T21:31:04.315+0000] {processor.py:154} INFO - Started process (PID=3294) to work on /home/airflow/.local/lib/python3.7/site-packages/airflow/example_dags/example_branch_labels.py
[2024-06-11T21:31:04.317+0000] {processor.py:756} INFO - Processing file /home/airflow/.local/lib/python3.7/site-packages/airflow/example_dags/example_branch_labels.py for tasks to queue
[2024-06-11T21:31:04.318+0000] {logging_mixin.py:120} INFO - [2024-06-11T21:31:04.318+0000] {dagbag.py:537} INFO - Filling up the DagBag from /home/airflow/.local/lib/python3.7/site-packages/airflow/example_dags/example_branch_labels.py
[2024-06-11T21:31:04.331+0000] {processor.py:766} INFO - DAG(s) dict_keys(['example_branch_labels']) retrieved from /home/airflow/.local/lib/python3.7/site-packages/airflow/example_dags/example_branch_labels.py
[2024-06-11T21:31:04.369+0000] {logging_mixin.py:120} INFO - [2024-06-11T21:31:04.369+0000] {dag.py:2585} INFO - Sync 1 DAGs
[2024-06-11T21:31:04.396+0000] {logging_mixin.py:120} INFO - [2024-06-11T21:31:04.396+0000] {dag.py:3340} INFO - Setting next_dagrun for example_branch_labels to 2024-06-10T00:00:00+00:00, run_after=2024-06-11T00:00:00+00:00
[2024-06-11T21:31:04.414+0000] {processor.py:176} INFO - Processing /home/airflow/.local/lib/python3.7/site-packages/airflow/example_dags/example_branch_labels.py took 0.102 seconds
[2024-06-11T21:31:35.017+0000] {processor.py:154} INFO - Started process (PID=3357) to work on /home/airflow/.local/lib/python3.7/site-packages/airflow/example_dags/example_branch_labels.py
[2024-06-11T21:31:35.018+0000] {processor.py:756} INFO - Processing file /home/airflow/.local/lib/python3.7/site-packages/airflow/example_dags/example_branch_labels.py for tasks to queue
[2024-06-11T21:31:35.019+0000] {logging_mixin.py:120} INFO - [2024-06-11T21:31:35.019+0000] {dagbag.py:537} INFO - Filling up the DagBag from /home/airflow/.local/lib/python3.7/site-packages/airflow/example_dags/example_branch_labels.py
[2024-06-11T21:31:35.032+0000] {processor.py:766} INFO - DAG(s) dict_keys(['example_branch_labels']) retrieved from /home/airflow/.local/lib/python3.7/site-packages/airflow/example_dags/example_branch_labels.py
[2024-06-11T21:31:35.064+0000] {logging_mixin.py:120} INFO - [2024-06-11T21:31:35.064+0000] {dag.py:2585} INFO - Sync 1 DAGs
[2024-06-11T21:31:35.085+0000] {logging_mixin.py:120} INFO - [2024-06-11T21:31:35.085+0000] {dag.py:3340} INFO - Setting next_dagrun for example_branch_labels to 2024-06-10T00:00:00+00:00, run_after=2024-06-11T00:00:00+00:00
[2024-06-11T21:31:35.101+0000] {processor.py:176} INFO - Processing /home/airflow/.local/lib/python3.7/site-packages/airflow/example_dags/example_branch_labels.py took 0.087 seconds
[2024-06-11T21:32:05.500+0000] {processor.py:154} INFO - Started process (PID=3420) to work on /home/airflow/.local/lib/python3.7/site-packages/airflow/example_dags/example_branch_labels.py
[2024-06-11T21:32:05.501+0000] {processor.py:756} INFO - Processing file /home/airflow/.local/lib/python3.7/site-packages/airflow/example_dags/example_branch_labels.py for tasks to queue
[2024-06-11T21:32:05.502+0000] {logging_mixin.py:120} INFO - [2024-06-11T21:32:05.502+0000] {dagbag.py:537} INFO - Filling up the DagBag from /home/airflow/.local/lib/python3.7/site-packages/airflow/example_dags/example_branch_labels.py
[2024-06-11T21:32:05.519+0000] {processor.py:766} INFO - DAG(s) dict_keys(['example_branch_labels']) retrieved from /home/airflow/.local/lib/python3.7/site-packages/airflow/example_dags/example_branch_labels.py
[2024-06-11T21:32:05.557+0000] {logging_mixin.py:120} INFO - [2024-06-11T21:32:05.557+0000] {dag.py:2585} INFO - Sync 1 DAGs
[2024-06-11T21:32:05.585+0000] {logging_mixin.py:120} INFO - [2024-06-11T21:32:05.585+0000] {dag.py:3340} INFO - Setting next_dagrun for example_branch_labels to 2024-06-10T00:00:00+00:00, run_after=2024-06-11T00:00:00+00:00
[2024-06-11T21:32:05.604+0000] {processor.py:176} INFO - Processing /home/airflow/.local/lib/python3.7/site-packages/airflow/example_dags/example_branch_labels.py took 0.109 seconds
[2024-06-11T21:32:35.746+0000] {processor.py:154} INFO - Started process (PID=3474) to work on /home/airflow/.local/lib/python3.7/site-packages/airflow/example_dags/example_branch_labels.py
[2024-06-11T21:32:35.747+0000] {processor.py:756} INFO - Processing file /home/airflow/.local/lib/python3.7/site-packages/airflow/example_dags/example_branch_labels.py for tasks to queue
[2024-06-11T21:32:35.747+0000] {logging_mixin.py:120} INFO - [2024-06-11T21:32:35.747+0000] {dagbag.py:537} INFO - Filling up the DagBag from /home/airflow/.local/lib/python3.7/site-packages/airflow/example_dags/example_branch_labels.py
[2024-06-11T21:32:35.761+0000] {processor.py:766} INFO - DAG(s) dict_keys(['example_branch_labels']) retrieved from /home/airflow/.local/lib/python3.7/site-packages/airflow/example_dags/example_branch_labels.py
[2024-06-11T21:32:35.795+0000] {logging_mixin.py:120} INFO - [2024-06-11T21:32:35.795+0000] {dag.py:2585} INFO - Sync 1 DAGs
[2024-06-11T21:32:35.817+0000] {logging_mixin.py:120} INFO - [2024-06-11T21:32:35.817+0000] {dag.py:3340} INFO - Setting next_dagrun for example_branch_labels to 2024-06-10T00:00:00+00:00, run_after=2024-06-11T00:00:00+00:00
[2024-06-11T21:32:35.832+0000] {processor.py:176} INFO - Processing /home/airflow/.local/lib/python3.7/site-packages/airflow/example_dags/example_branch_labels.py took 0.089 seconds
[2024-06-11T21:33:05.972+0000] {processor.py:154} INFO - Started process (PID=3537) to work on /home/airflow/.local/lib/python3.7/site-packages/airflow/example_dags/example_branch_labels.py
[2024-06-11T21:33:05.973+0000] {processor.py:756} INFO - Processing file /home/airflow/.local/lib/python3.7/site-packages/airflow/example_dags/example_branch_labels.py for tasks to queue
[2024-06-11T21:33:05.973+0000] {logging_mixin.py:120} INFO - [2024-06-11T21:33:05.973+0000] {dagbag.py:537} INFO - Filling up the DagBag from /home/airflow/.local/lib/python3.7/site-packages/airflow/example_dags/example_branch_labels.py
[2024-06-11T21:33:05.987+0000] {processor.py:766} INFO - DAG(s) dict_keys(['example_branch_labels']) retrieved from /home/airflow/.local/lib/python3.7/site-packages/airflow/example_dags/example_branch_labels.py
[2024-06-11T21:33:06.031+0000] {logging_mixin.py:120} INFO - [2024-06-11T21:33:06.031+0000] {dag.py:2585} INFO - Sync 1 DAGs
[2024-06-11T21:33:06.055+0000] {logging_mixin.py:120} INFO - [2024-06-11T21:33:06.055+0000] {dag.py:3340} INFO - Setting next_dagrun for example_branch_labels to 2024-06-10T00:00:00+00:00, run_after=2024-06-11T00:00:00+00:00
[2024-06-11T21:33:06.072+0000] {processor.py:176} INFO - Processing /home/airflow/.local/lib/python3.7/site-packages/airflow/example_dags/example_branch_labels.py took 0.103 seconds
[2024-06-11T21:33:36.320+0000] {processor.py:154} INFO - Started process (PID=3600) to work on /home/airflow/.local/lib/python3.7/site-packages/airflow/example_dags/example_branch_labels.py
[2024-06-11T21:33:36.321+0000] {processor.py:756} INFO - Processing file /home/airflow/.local/lib/python3.7/site-packages/airflow/example_dags/example_branch_labels.py for tasks to queue
[2024-06-11T21:33:36.322+0000] {logging_mixin.py:120} INFO - [2024-06-11T21:33:36.322+0000] {dagbag.py:537} INFO - Filling up the DagBag from /home/airflow/.local/lib/python3.7/site-packages/airflow/example_dags/example_branch_labels.py
[2024-06-11T21:33:36.337+0000] {processor.py:766} INFO - DAG(s) dict_keys(['example_branch_labels']) retrieved from /home/airflow/.local/lib/python3.7/site-packages/airflow/example_dags/example_branch_labels.py
[2024-06-11T21:33:36.376+0000] {logging_mixin.py:120} INFO - [2024-06-11T21:33:36.375+0000] {dag.py:2585} INFO - Sync 1 DAGs
[2024-06-11T21:33:36.400+0000] {logging_mixin.py:120} INFO - [2024-06-11T21:33:36.400+0000] {dag.py:3340} INFO - Setting next_dagrun for example_branch_labels to 2024-06-10T00:00:00+00:00, run_after=2024-06-11T00:00:00+00:00
[2024-06-11T21:33:36.417+0000] {processor.py:176} INFO - Processing /home/airflow/.local/lib/python3.7/site-packages/airflow/example_dags/example_branch_labels.py took 0.099 seconds
[2024-06-11T21:35:18.737+0000] {processor.py:154} INFO - Started process (PID=51) to work on /home/airflow/.local/lib/python3.7/site-packages/airflow/example_dags/example_branch_labels.py
[2024-06-11T21:35:18.740+0000] {processor.py:756} INFO - Processing file /home/airflow/.local/lib/python3.7/site-packages/airflow/example_dags/example_branch_labels.py for tasks to queue
[2024-06-11T21:35:18.741+0000] {logging_mixin.py:120} INFO - [2024-06-11T21:35:18.741+0000] {dagbag.py:537} INFO - Filling up the DagBag from /home/airflow/.local/lib/python3.7/site-packages/airflow/example_dags/example_branch_labels.py
[2024-06-11T21:35:18.768+0000] {processor.py:766} INFO - DAG(s) dict_keys(['example_branch_labels']) retrieved from /home/airflow/.local/lib/python3.7/site-packages/airflow/example_dags/example_branch_labels.py
[2024-06-11T21:35:18.827+0000] {logging_mixin.py:120} INFO - [2024-06-11T21:35:18.827+0000] {dag.py:2585} INFO - Sync 1 DAGs
[2024-06-11T21:35:18.861+0000] {logging_mixin.py:120} INFO - [2024-06-11T21:35:18.861+0000] {dag.py:3340} INFO - Setting next_dagrun for example_branch_labels to 2024-06-10T00:00:00+00:00, run_after=2024-06-11T00:00:00+00:00
[2024-06-11T21:35:18.886+0000] {processor.py:176} INFO - Processing /home/airflow/.local/lib/python3.7/site-packages/airflow/example_dags/example_branch_labels.py took 0.156 seconds
