[2024-06-11T13:03:38.575+0000] {processor.py:154} INFO - Started process (PID=42) to work on /home/airflow/.local/lib/python3.7/site-packages/airflow/example_dags/example_branch_python_dop_operator_3.py
[2024-06-11T13:03:38.577+0000] {processor.py:756} INFO - Processing file /home/airflow/.local/lib/python3.7/site-packages/airflow/example_dags/example_branch_python_dop_operator_3.py for tasks to queue
[2024-06-11T13:03:38.579+0000] {logging_mixin.py:120} INFO - [2024-06-11T13:03:38.578+0000] {dagbag.py:537} INFO - Filling up the DagBag from /home/airflow/.local/lib/python3.7/site-packages/airflow/example_dags/example_branch_python_dop_operator_3.py
[2024-06-11T13:03:38.631+0000] {processor.py:766} INFO - DAG(s) dict_keys(['example_branch_dop_operator_v3']) retrieved from /home/airflow/.local/lib/python3.7/site-packages/airflow/example_dags/example_branch_python_dop_operator_3.py
[2024-06-11T13:03:38.683+0000] {logging_mixin.py:120} INFO - [2024-06-11T13:03:38.683+0000] {dag.py:2585} INFO - Sync 1 DAGs
[2024-06-11T13:03:38.718+0000] {logging_mixin.py:120} INFO - [2024-06-11T13:03:38.717+0000] {dag.py:3340} INFO - Setting next_dagrun for example_branch_dop_operator_v3 to 2024-06-11T13:02:00+00:00, run_after=2024-06-11T13:03:00+00:00
[2024-06-11T13:03:38.738+0000] {processor.py:176} INFO - Processing /home/airflow/.local/lib/python3.7/site-packages/airflow/example_dags/example_branch_python_dop_operator_3.py took 0.170 seconds
[2024-06-11T18:16:13.796+0000] {processor.py:154} INFO - Started process (PID=41) to work on /home/airflow/.local/lib/python3.7/site-packages/airflow/example_dags/example_branch_python_dop_operator_3.py
[2024-06-11T18:16:13.798+0000] {processor.py:756} INFO - Processing file /home/airflow/.local/lib/python3.7/site-packages/airflow/example_dags/example_branch_python_dop_operator_3.py for tasks to queue
[2024-06-11T18:16:13.800+0000] {logging_mixin.py:120} INFO - [2024-06-11T18:16:13.799+0000] {dagbag.py:537} INFO - Filling up the DagBag from /home/airflow/.local/lib/python3.7/site-packages/airflow/example_dags/example_branch_python_dop_operator_3.py
[2024-06-11T18:16:13.851+0000] {processor.py:766} INFO - DAG(s) dict_keys(['example_branch_dop_operator_v3']) retrieved from /home/airflow/.local/lib/python3.7/site-packages/airflow/example_dags/example_branch_python_dop_operator_3.py
[2024-06-11T18:16:13.917+0000] {logging_mixin.py:120} INFO - [2024-06-11T18:16:13.917+0000] {dag.py:2585} INFO - Sync 1 DAGs
[2024-06-11T18:16:13.960+0000] {logging_mixin.py:120} INFO - [2024-06-11T18:16:13.960+0000] {dag.py:3340} INFO - Setting next_dagrun for example_branch_dop_operator_v3 to 2024-06-11T18:15:00+00:00, run_after=2024-06-11T18:16:00+00:00
[2024-06-11T18:16:13.987+0000] {processor.py:176} INFO - Processing /home/airflow/.local/lib/python3.7/site-packages/airflow/example_dags/example_branch_python_dop_operator_3.py took 0.199 seconds
[2024-06-11T18:16:44.274+0000] {processor.py:154} INFO - Started process (PID=104) to work on /home/airflow/.local/lib/python3.7/site-packages/airflow/example_dags/example_branch_python_dop_operator_3.py
[2024-06-11T18:16:44.275+0000] {processor.py:756} INFO - Processing file /home/airflow/.local/lib/python3.7/site-packages/airflow/example_dags/example_branch_python_dop_operator_3.py for tasks to queue
[2024-06-11T18:16:44.276+0000] {logging_mixin.py:120} INFO - [2024-06-11T18:16:44.276+0000] {dagbag.py:537} INFO - Filling up the DagBag from /home/airflow/.local/lib/python3.7/site-packages/airflow/example_dags/example_branch_python_dop_operator_3.py
[2024-06-11T18:16:44.294+0000] {processor.py:766} INFO - DAG(s) dict_keys(['example_branch_dop_operator_v3']) retrieved from /home/airflow/.local/lib/python3.7/site-packages/airflow/example_dags/example_branch_python_dop_operator_3.py
[2024-06-11T18:16:44.326+0000] {logging_mixin.py:120} INFO - [2024-06-11T18:16:44.326+0000] {dag.py:2585} INFO - Sync 1 DAGs
[2024-06-11T18:16:44.349+0000] {logging_mixin.py:120} INFO - [2024-06-11T18:16:44.349+0000] {dag.py:3340} INFO - Setting next_dagrun for example_branch_dop_operator_v3 to 2024-06-11T18:15:00+00:00, run_after=2024-06-11T18:16:00+00:00
[2024-06-11T18:16:44.364+0000] {processor.py:176} INFO - Processing /home/airflow/.local/lib/python3.7/site-packages/airflow/example_dags/example_branch_python_dop_operator_3.py took 0.094 seconds
[2024-06-11T18:17:14.905+0000] {processor.py:154} INFO - Started process (PID=168) to work on /home/airflow/.local/lib/python3.7/site-packages/airflow/example_dags/example_branch_python_dop_operator_3.py
[2024-06-11T18:17:14.906+0000] {processor.py:756} INFO - Processing file /home/airflow/.local/lib/python3.7/site-packages/airflow/example_dags/example_branch_python_dop_operator_3.py for tasks to queue
[2024-06-11T18:17:14.907+0000] {logging_mixin.py:120} INFO - [2024-06-11T18:17:14.907+0000] {dagbag.py:537} INFO - Filling up the DagBag from /home/airflow/.local/lib/python3.7/site-packages/airflow/example_dags/example_branch_python_dop_operator_3.py
[2024-06-11T18:17:14.940+0000] {processor.py:766} INFO - DAG(s) dict_keys(['example_branch_dop_operator_v3']) retrieved from /home/airflow/.local/lib/python3.7/site-packages/airflow/example_dags/example_branch_python_dop_operator_3.py
[2024-06-11T18:17:15.006+0000] {logging_mixin.py:120} INFO - [2024-06-11T18:17:15.006+0000] {dag.py:2585} INFO - Sync 1 DAGs
[2024-06-11T18:17:15.043+0000] {logging_mixin.py:120} INFO - [2024-06-11T18:17:15.043+0000] {dag.py:3340} INFO - Setting next_dagrun for example_branch_dop_operator_v3 to 2024-06-11T18:16:00+00:00, run_after=2024-06-11T18:17:00+00:00
[2024-06-11T18:17:15.066+0000] {processor.py:176} INFO - Processing /home/airflow/.local/lib/python3.7/site-packages/airflow/example_dags/example_branch_python_dop_operator_3.py took 0.164 seconds
[2024-06-11T18:33:53.220+0000] {processor.py:154} INFO - Started process (PID=213) to work on /home/airflow/.local/lib/python3.7/site-packages/airflow/example_dags/example_branch_python_dop_operator_3.py
[2024-06-11T18:33:53.221+0000] {processor.py:756} INFO - Processing file /home/airflow/.local/lib/python3.7/site-packages/airflow/example_dags/example_branch_python_dop_operator_3.py for tasks to queue
[2024-06-11T18:33:53.222+0000] {logging_mixin.py:120} INFO - [2024-06-11T18:33:53.222+0000] {dagbag.py:537} INFO - Filling up the DagBag from /home/airflow/.local/lib/python3.7/site-packages/airflow/example_dags/example_branch_python_dop_operator_3.py
[2024-06-11T18:33:53.240+0000] {processor.py:766} INFO - DAG(s) dict_keys(['example_branch_dop_operator_v3']) retrieved from /home/airflow/.local/lib/python3.7/site-packages/airflow/example_dags/example_branch_python_dop_operator_3.py
[2024-06-11T18:33:53.273+0000] {logging_mixin.py:120} INFO - [2024-06-11T18:33:53.272+0000] {dag.py:2585} INFO - Sync 1 DAGs
[2024-06-11T18:33:53.296+0000] {logging_mixin.py:120} INFO - [2024-06-11T18:33:53.296+0000] {dag.py:3340} INFO - Setting next_dagrun for example_branch_dop_operator_v3 to 2024-06-11T18:32:00+00:00, run_after=2024-06-11T18:33:00+00:00
[2024-06-11T18:33:53.312+0000] {processor.py:176} INFO - Processing /home/airflow/.local/lib/python3.7/site-packages/airflow/example_dags/example_branch_python_dop_operator_3.py took 0.094 seconds
[2024-06-11T18:34:23.562+0000] {processor.py:154} INFO - Started process (PID=276) to work on /home/airflow/.local/lib/python3.7/site-packages/airflow/example_dags/example_branch_python_dop_operator_3.py
[2024-06-11T18:34:23.565+0000] {processor.py:756} INFO - Processing file /home/airflow/.local/lib/python3.7/site-packages/airflow/example_dags/example_branch_python_dop_operator_3.py for tasks to queue
[2024-06-11T18:34:23.566+0000] {logging_mixin.py:120} INFO - [2024-06-11T18:34:23.566+0000] {dagbag.py:537} INFO - Filling up the DagBag from /home/airflow/.local/lib/python3.7/site-packages/airflow/example_dags/example_branch_python_dop_operator_3.py
[2024-06-11T18:34:23.585+0000] {processor.py:766} INFO - DAG(s) dict_keys(['example_branch_dop_operator_v3']) retrieved from /home/airflow/.local/lib/python3.7/site-packages/airflow/example_dags/example_branch_python_dop_operator_3.py
[2024-06-11T18:34:23.620+0000] {logging_mixin.py:120} INFO - [2024-06-11T18:34:23.620+0000] {dag.py:2585} INFO - Sync 1 DAGs
[2024-06-11T18:34:23.648+0000] {logging_mixin.py:120} INFO - [2024-06-11T18:34:23.648+0000] {dag.py:3340} INFO - Setting next_dagrun for example_branch_dop_operator_v3 to 2024-06-11T18:33:00+00:00, run_after=2024-06-11T18:34:00+00:00
[2024-06-11T18:34:23.665+0000] {processor.py:176} INFO - Processing /home/airflow/.local/lib/python3.7/site-packages/airflow/example_dags/example_branch_python_dop_operator_3.py took 0.106 seconds
[2024-06-11T18:34:53.783+0000] {processor.py:154} INFO - Started process (PID=339) to work on /home/airflow/.local/lib/python3.7/site-packages/airflow/example_dags/example_branch_python_dop_operator_3.py
[2024-06-11T18:34:53.784+0000] {processor.py:756} INFO - Processing file /home/airflow/.local/lib/python3.7/site-packages/airflow/example_dags/example_branch_python_dop_operator_3.py for tasks to queue
[2024-06-11T18:34:53.784+0000] {logging_mixin.py:120} INFO - [2024-06-11T18:34:53.784+0000] {dagbag.py:537} INFO - Filling up the DagBag from /home/airflow/.local/lib/python3.7/site-packages/airflow/example_dags/example_branch_python_dop_operator_3.py
[2024-06-11T18:34:53.803+0000] {processor.py:766} INFO - DAG(s) dict_keys(['example_branch_dop_operator_v3']) retrieved from /home/airflow/.local/lib/python3.7/site-packages/airflow/example_dags/example_branch_python_dop_operator_3.py
[2024-06-11T18:34:53.836+0000] {logging_mixin.py:120} INFO - [2024-06-11T18:34:53.836+0000] {dag.py:2585} INFO - Sync 1 DAGs
[2024-06-11T18:34:53.860+0000] {logging_mixin.py:120} INFO - [2024-06-11T18:34:53.860+0000] {dag.py:3340} INFO - Setting next_dagrun for example_branch_dop_operator_v3 to 2024-06-11T18:33:00+00:00, run_after=2024-06-11T18:34:00+00:00
[2024-06-11T18:34:53.875+0000] {processor.py:176} INFO - Processing /home/airflow/.local/lib/python3.7/site-packages/airflow/example_dags/example_branch_python_dop_operator_3.py took 0.095 seconds
[2024-06-11T18:35:24.087+0000] {processor.py:154} INFO - Started process (PID=393) to work on /home/airflow/.local/lib/python3.7/site-packages/airflow/example_dags/example_branch_python_dop_operator_3.py
[2024-06-11T18:35:24.088+0000] {processor.py:756} INFO - Processing file /home/airflow/.local/lib/python3.7/site-packages/airflow/example_dags/example_branch_python_dop_operator_3.py for tasks to queue
[2024-06-11T18:35:24.088+0000] {logging_mixin.py:120} INFO - [2024-06-11T18:35:24.088+0000] {dagbag.py:537} INFO - Filling up the DagBag from /home/airflow/.local/lib/python3.7/site-packages/airflow/example_dags/example_branch_python_dop_operator_3.py
[2024-06-11T18:35:24.107+0000] {processor.py:766} INFO - DAG(s) dict_keys(['example_branch_dop_operator_v3']) retrieved from /home/airflow/.local/lib/python3.7/site-packages/airflow/example_dags/example_branch_python_dop_operator_3.py
[2024-06-11T18:35:24.141+0000] {logging_mixin.py:120} INFO - [2024-06-11T18:35:24.140+0000] {dag.py:2585} INFO - Sync 1 DAGs
[2024-06-11T18:35:24.164+0000] {logging_mixin.py:120} INFO - [2024-06-11T18:35:24.164+0000] {dag.py:3340} INFO - Setting next_dagrun for example_branch_dop_operator_v3 to 2024-06-11T18:34:00+00:00, run_after=2024-06-11T18:35:00+00:00
[2024-06-11T18:35:24.180+0000] {processor.py:176} INFO - Processing /home/airflow/.local/lib/python3.7/site-packages/airflow/example_dags/example_branch_python_dop_operator_3.py took 0.096 seconds
[2024-06-11T18:53:02.150+0000] {processor.py:154} INFO - Started process (PID=456) to work on /home/airflow/.local/lib/python3.7/site-packages/airflow/example_dags/example_branch_python_dop_operator_3.py
[2024-06-11T18:53:02.155+0000] {processor.py:756} INFO - Processing file /home/airflow/.local/lib/python3.7/site-packages/airflow/example_dags/example_branch_python_dop_operator_3.py for tasks to queue
[2024-06-11T18:53:02.157+0000] {logging_mixin.py:120} INFO - [2024-06-11T18:53:02.157+0000] {dagbag.py:537} INFO - Filling up the DagBag from /home/airflow/.local/lib/python3.7/site-packages/airflow/example_dags/example_branch_python_dop_operator_3.py
[2024-06-11T18:53:02.195+0000] {processor.py:766} INFO - DAG(s) dict_keys(['example_branch_dop_operator_v3']) retrieved from /home/airflow/.local/lib/python3.7/site-packages/airflow/example_dags/example_branch_python_dop_operator_3.py
[2024-06-11T18:53:02.249+0000] {logging_mixin.py:120} INFO - [2024-06-11T18:53:02.248+0000] {dag.py:2585} INFO - Sync 1 DAGs
[2024-06-11T18:53:02.281+0000] {logging_mixin.py:120} INFO - [2024-06-11T18:53:02.281+0000] {dag.py:3340} INFO - Setting next_dagrun for example_branch_dop_operator_v3 to 2024-06-11T18:52:00+00:00, run_after=2024-06-11T18:53:00+00:00
[2024-06-11T18:53:02.310+0000] {processor.py:176} INFO - Processing /home/airflow/.local/lib/python3.7/site-packages/airflow/example_dags/example_branch_python_dop_operator_3.py took 0.165 seconds
[2024-06-11T18:53:32.485+0000] {processor.py:154} INFO - Started process (PID=519) to work on /home/airflow/.local/lib/python3.7/site-packages/airflow/example_dags/example_branch_python_dop_operator_3.py
[2024-06-11T18:53:32.486+0000] {processor.py:756} INFO - Processing file /home/airflow/.local/lib/python3.7/site-packages/airflow/example_dags/example_branch_python_dop_operator_3.py for tasks to queue
[2024-06-11T18:53:32.487+0000] {logging_mixin.py:120} INFO - [2024-06-11T18:53:32.487+0000] {dagbag.py:537} INFO - Filling up the DagBag from /home/airflow/.local/lib/python3.7/site-packages/airflow/example_dags/example_branch_python_dop_operator_3.py
[2024-06-11T18:53:32.506+0000] {processor.py:766} INFO - DAG(s) dict_keys(['example_branch_dop_operator_v3']) retrieved from /home/airflow/.local/lib/python3.7/site-packages/airflow/example_dags/example_branch_python_dop_operator_3.py
[2024-06-11T18:53:32.539+0000] {logging_mixin.py:120} INFO - [2024-06-11T18:53:32.539+0000] {dag.py:2585} INFO - Sync 1 DAGs
[2024-06-11T18:53:32.566+0000] {logging_mixin.py:120} INFO - [2024-06-11T18:53:32.566+0000] {dag.py:3340} INFO - Setting next_dagrun for example_branch_dop_operator_v3 to 2024-06-11T18:52:00+00:00, run_after=2024-06-11T18:53:00+00:00
[2024-06-11T18:53:32.584+0000] {processor.py:176} INFO - Processing /home/airflow/.local/lib/python3.7/site-packages/airflow/example_dags/example_branch_python_dop_operator_3.py took 0.101 seconds
[2024-06-11T18:54:02.771+0000] {processor.py:154} INFO - Started process (PID=582) to work on /home/airflow/.local/lib/python3.7/site-packages/airflow/example_dags/example_branch_python_dop_operator_3.py
[2024-06-11T18:54:02.772+0000] {processor.py:756} INFO - Processing file /home/airflow/.local/lib/python3.7/site-packages/airflow/example_dags/example_branch_python_dop_operator_3.py for tasks to queue
[2024-06-11T18:54:02.772+0000] {logging_mixin.py:120} INFO - [2024-06-11T18:54:02.772+0000] {dagbag.py:537} INFO - Filling up the DagBag from /home/airflow/.local/lib/python3.7/site-packages/airflow/example_dags/example_branch_python_dop_operator_3.py
[2024-06-11T18:54:02.791+0000] {processor.py:766} INFO - DAG(s) dict_keys(['example_branch_dop_operator_v3']) retrieved from /home/airflow/.local/lib/python3.7/site-packages/airflow/example_dags/example_branch_python_dop_operator_3.py
[2024-06-11T18:54:02.824+0000] {logging_mixin.py:120} INFO - [2024-06-11T18:54:02.824+0000] {dag.py:2585} INFO - Sync 1 DAGs
[2024-06-11T18:54:02.850+0000] {logging_mixin.py:120} INFO - [2024-06-11T18:54:02.849+0000] {dag.py:3340} INFO - Setting next_dagrun for example_branch_dop_operator_v3 to 2024-06-11T18:53:00+00:00, run_after=2024-06-11T18:54:00+00:00
[2024-06-11T18:54:02.865+0000] {processor.py:176} INFO - Processing /home/airflow/.local/lib/python3.7/site-packages/airflow/example_dags/example_branch_python_dop_operator_3.py took 0.098 seconds
[2024-06-11T18:54:33.059+0000] {processor.py:154} INFO - Started process (PID=636) to work on /home/airflow/.local/lib/python3.7/site-packages/airflow/example_dags/example_branch_python_dop_operator_3.py
[2024-06-11T18:54:33.060+0000] {processor.py:756} INFO - Processing file /home/airflow/.local/lib/python3.7/site-packages/airflow/example_dags/example_branch_python_dop_operator_3.py for tasks to queue
[2024-06-11T18:54:33.061+0000] {logging_mixin.py:120} INFO - [2024-06-11T18:54:33.061+0000] {dagbag.py:537} INFO - Filling up the DagBag from /home/airflow/.local/lib/python3.7/site-packages/airflow/example_dags/example_branch_python_dop_operator_3.py
[2024-06-11T18:54:33.080+0000] {processor.py:766} INFO - DAG(s) dict_keys(['example_branch_dop_operator_v3']) retrieved from /home/airflow/.local/lib/python3.7/site-packages/airflow/example_dags/example_branch_python_dop_operator_3.py
[2024-06-11T18:54:33.114+0000] {logging_mixin.py:120} INFO - [2024-06-11T18:54:33.114+0000] {dag.py:2585} INFO - Sync 1 DAGs
[2024-06-11T18:54:33.138+0000] {logging_mixin.py:120} INFO - [2024-06-11T18:54:33.138+0000] {dag.py:3340} INFO - Setting next_dagrun for example_branch_dop_operator_v3 to 2024-06-11T18:53:00+00:00, run_after=2024-06-11T18:54:00+00:00
[2024-06-11T18:54:33.153+0000] {processor.py:176} INFO - Processing /home/airflow/.local/lib/python3.7/site-packages/airflow/example_dags/example_branch_python_dop_operator_3.py took 0.097 seconds
[2024-06-11T18:55:03.338+0000] {processor.py:154} INFO - Started process (PID=699) to work on /home/airflow/.local/lib/python3.7/site-packages/airflow/example_dags/example_branch_python_dop_operator_3.py
[2024-06-11T18:55:03.339+0000] {processor.py:756} INFO - Processing file /home/airflow/.local/lib/python3.7/site-packages/airflow/example_dags/example_branch_python_dop_operator_3.py for tasks to queue
[2024-06-11T18:55:03.340+0000] {logging_mixin.py:120} INFO - [2024-06-11T18:55:03.340+0000] {dagbag.py:537} INFO - Filling up the DagBag from /home/airflow/.local/lib/python3.7/site-packages/airflow/example_dags/example_branch_python_dop_operator_3.py
[2024-06-11T18:55:03.358+0000] {processor.py:766} INFO - DAG(s) dict_keys(['example_branch_dop_operator_v3']) retrieved from /home/airflow/.local/lib/python3.7/site-packages/airflow/example_dags/example_branch_python_dop_operator_3.py
[2024-06-11T18:55:03.392+0000] {logging_mixin.py:120} INFO - [2024-06-11T18:55:03.392+0000] {dag.py:2585} INFO - Sync 1 DAGs
[2024-06-11T18:55:03.416+0000] {logging_mixin.py:120} INFO - [2024-06-11T18:55:03.416+0000] {dag.py:3340} INFO - Setting next_dagrun for example_branch_dop_operator_v3 to 2024-06-11T18:54:00+00:00, run_after=2024-06-11T18:55:00+00:00
[2024-06-11T18:55:03.432+0000] {processor.py:176} INFO - Processing /home/airflow/.local/lib/python3.7/site-packages/airflow/example_dags/example_branch_python_dop_operator_3.py took 0.096 seconds
[2024-06-11T19:13:08.201+0000] {processor.py:154} INFO - Started process (PID=762) to work on /home/airflow/.local/lib/python3.7/site-packages/airflow/example_dags/example_branch_python_dop_operator_3.py
[2024-06-11T19:13:08.202+0000] {processor.py:756} INFO - Processing file /home/airflow/.local/lib/python3.7/site-packages/airflow/example_dags/example_branch_python_dop_operator_3.py for tasks to queue
[2024-06-11T19:13:08.203+0000] {logging_mixin.py:120} INFO - [2024-06-11T19:13:08.203+0000] {dagbag.py:537} INFO - Filling up the DagBag from /home/airflow/.local/lib/python3.7/site-packages/airflow/example_dags/example_branch_python_dop_operator_3.py
[2024-06-11T19:13:08.224+0000] {processor.py:766} INFO - DAG(s) dict_keys(['example_branch_dop_operator_v3']) retrieved from /home/airflow/.local/lib/python3.7/site-packages/airflow/example_dags/example_branch_python_dop_operator_3.py
[2024-06-11T19:13:08.266+0000] {logging_mixin.py:120} INFO - [2024-06-11T19:13:08.266+0000] {dag.py:2585} INFO - Sync 1 DAGs
[2024-06-11T19:13:08.302+0000] {logging_mixin.py:120} INFO - [2024-06-11T19:13:08.302+0000] {dag.py:3340} INFO - Setting next_dagrun for example_branch_dop_operator_v3 to 2024-06-11T19:12:00+00:00, run_after=2024-06-11T19:13:00+00:00
[2024-06-11T19:13:08.324+0000] {processor.py:176} INFO - Processing /home/airflow/.local/lib/python3.7/site-packages/airflow/example_dags/example_branch_python_dop_operator_3.py took 0.126 seconds
[2024-06-11T19:13:38.527+0000] {processor.py:154} INFO - Started process (PID=816) to work on /home/airflow/.local/lib/python3.7/site-packages/airflow/example_dags/example_branch_python_dop_operator_3.py
[2024-06-11T19:13:38.528+0000] {processor.py:756} INFO - Processing file /home/airflow/.local/lib/python3.7/site-packages/airflow/example_dags/example_branch_python_dop_operator_3.py for tasks to queue
[2024-06-11T19:13:38.529+0000] {logging_mixin.py:120} INFO - [2024-06-11T19:13:38.529+0000] {dagbag.py:537} INFO - Filling up the DagBag from /home/airflow/.local/lib/python3.7/site-packages/airflow/example_dags/example_branch_python_dop_operator_3.py
[2024-06-11T19:13:38.548+0000] {processor.py:766} INFO - DAG(s) dict_keys(['example_branch_dop_operator_v3']) retrieved from /home/airflow/.local/lib/python3.7/site-packages/airflow/example_dags/example_branch_python_dop_operator_3.py
[2024-06-11T19:13:38.582+0000] {logging_mixin.py:120} INFO - [2024-06-11T19:13:38.582+0000] {dag.py:2585} INFO - Sync 1 DAGs
[2024-06-11T19:13:38.607+0000] {logging_mixin.py:120} INFO - [2024-06-11T19:13:38.607+0000] {dag.py:3340} INFO - Setting next_dagrun for example_branch_dop_operator_v3 to 2024-06-11T19:12:00+00:00, run_after=2024-06-11T19:13:00+00:00
[2024-06-11T19:13:38.623+0000] {processor.py:176} INFO - Processing /home/airflow/.local/lib/python3.7/site-packages/airflow/example_dags/example_branch_python_dop_operator_3.py took 0.098 seconds
[2024-06-11T19:14:08.990+0000] {processor.py:154} INFO - Started process (PID=879) to work on /home/airflow/.local/lib/python3.7/site-packages/airflow/example_dags/example_branch_python_dop_operator_3.py
[2024-06-11T19:14:08.991+0000] {processor.py:756} INFO - Processing file /home/airflow/.local/lib/python3.7/site-packages/airflow/example_dags/example_branch_python_dop_operator_3.py for tasks to queue
[2024-06-11T19:14:08.992+0000] {logging_mixin.py:120} INFO - [2024-06-11T19:14:08.992+0000] {dagbag.py:537} INFO - Filling up the DagBag from /home/airflow/.local/lib/python3.7/site-packages/airflow/example_dags/example_branch_python_dop_operator_3.py
[2024-06-11T19:14:09.010+0000] {processor.py:766} INFO - DAG(s) dict_keys(['example_branch_dop_operator_v3']) retrieved from /home/airflow/.local/lib/python3.7/site-packages/airflow/example_dags/example_branch_python_dop_operator_3.py
[2024-06-11T19:14:09.045+0000] {logging_mixin.py:120} INFO - [2024-06-11T19:14:09.045+0000] {dag.py:2585} INFO - Sync 1 DAGs
[2024-06-11T19:14:09.070+0000] {logging_mixin.py:120} INFO - [2024-06-11T19:14:09.070+0000] {dag.py:3340} INFO - Setting next_dagrun for example_branch_dop_operator_v3 to 2024-06-11T19:13:00+00:00, run_after=2024-06-11T19:14:00+00:00
[2024-06-11T19:14:09.087+0000] {processor.py:176} INFO - Processing /home/airflow/.local/lib/python3.7/site-packages/airflow/example_dags/example_branch_python_dop_operator_3.py took 0.099 seconds
[2024-06-11T19:14:39.291+0000] {processor.py:154} INFO - Started process (PID=942) to work on /home/airflow/.local/lib/python3.7/site-packages/airflow/example_dags/example_branch_python_dop_operator_3.py
[2024-06-11T19:14:39.292+0000] {processor.py:756} INFO - Processing file /home/airflow/.local/lib/python3.7/site-packages/airflow/example_dags/example_branch_python_dop_operator_3.py for tasks to queue
[2024-06-11T19:14:39.293+0000] {logging_mixin.py:120} INFO - [2024-06-11T19:14:39.293+0000] {dagbag.py:537} INFO - Filling up the DagBag from /home/airflow/.local/lib/python3.7/site-packages/airflow/example_dags/example_branch_python_dop_operator_3.py
[2024-06-11T19:14:39.313+0000] {processor.py:766} INFO - DAG(s) dict_keys(['example_branch_dop_operator_v3']) retrieved from /home/airflow/.local/lib/python3.7/site-packages/airflow/example_dags/example_branch_python_dop_operator_3.py
[2024-06-11T19:14:39.349+0000] {logging_mixin.py:120} INFO - [2024-06-11T19:14:39.349+0000] {dag.py:2585} INFO - Sync 1 DAGs
[2024-06-11T19:14:39.375+0000] {logging_mixin.py:120} INFO - [2024-06-11T19:14:39.375+0000] {dag.py:3340} INFO - Setting next_dagrun for example_branch_dop_operator_v3 to 2024-06-11T19:13:00+00:00, run_after=2024-06-11T19:14:00+00:00
[2024-06-11T19:14:39.390+0000] {processor.py:176} INFO - Processing /home/airflow/.local/lib/python3.7/site-packages/airflow/example_dags/example_branch_python_dop_operator_3.py took 0.102 seconds
[2024-06-11T19:31:43.148+0000] {processor.py:154} INFO - Started process (PID=1005) to work on /home/airflow/.local/lib/python3.7/site-packages/airflow/example_dags/example_branch_python_dop_operator_3.py
[2024-06-11T19:31:43.149+0000] {processor.py:756} INFO - Processing file /home/airflow/.local/lib/python3.7/site-packages/airflow/example_dags/example_branch_python_dop_operator_3.py for tasks to queue
[2024-06-11T19:31:43.151+0000] {logging_mixin.py:120} INFO - [2024-06-11T19:31:43.151+0000] {dagbag.py:537} INFO - Filling up the DagBag from /home/airflow/.local/lib/python3.7/site-packages/airflow/example_dags/example_branch_python_dop_operator_3.py
[2024-06-11T19:31:43.302+0000] {processor.py:766} INFO - DAG(s) dict_keys(['example_branch_dop_operator_v3']) retrieved from /home/airflow/.local/lib/python3.7/site-packages/airflow/example_dags/example_branch_python_dop_operator_3.py
[2024-06-11T19:31:43.617+0000] {logging_mixin.py:120} INFO - [2024-06-11T19:31:43.616+0000] {dag.py:2585} INFO - Sync 1 DAGs
[2024-06-11T19:31:43.811+0000] {logging_mixin.py:120} INFO - [2024-06-11T19:31:43.810+0000] {dag.py:3340} INFO - Setting next_dagrun for example_branch_dop_operator_v3 to 2024-06-11T19:30:00+00:00, run_after=2024-06-11T19:31:00+00:00
[2024-06-11T19:31:43.878+0000] {processor.py:176} INFO - Processing /home/airflow/.local/lib/python3.7/site-packages/airflow/example_dags/example_branch_python_dop_operator_3.py took 0.736 seconds
[2024-06-11T19:32:14.685+0000] {processor.py:154} INFO - Started process (PID=1059) to work on /home/airflow/.local/lib/python3.7/site-packages/airflow/example_dags/example_branch_python_dop_operator_3.py
[2024-06-11T19:32:14.686+0000] {processor.py:756} INFO - Processing file /home/airflow/.local/lib/python3.7/site-packages/airflow/example_dags/example_branch_python_dop_operator_3.py for tasks to queue
[2024-06-11T19:32:14.687+0000] {logging_mixin.py:120} INFO - [2024-06-11T19:32:14.687+0000] {dagbag.py:537} INFO - Filling up the DagBag from /home/airflow/.local/lib/python3.7/site-packages/airflow/example_dags/example_branch_python_dop_operator_3.py
[2024-06-11T19:32:14.707+0000] {processor.py:766} INFO - DAG(s) dict_keys(['example_branch_dop_operator_v3']) retrieved from /home/airflow/.local/lib/python3.7/site-packages/airflow/example_dags/example_branch_python_dop_operator_3.py
[2024-06-11T19:32:14.742+0000] {logging_mixin.py:120} INFO - [2024-06-11T19:32:14.742+0000] {dag.py:2585} INFO - Sync 1 DAGs
[2024-06-11T19:32:14.768+0000] {logging_mixin.py:120} INFO - [2024-06-11T19:32:14.768+0000] {dag.py:3340} INFO - Setting next_dagrun for example_branch_dop_operator_v3 to 2024-06-11T19:31:00+00:00, run_after=2024-06-11T19:32:00+00:00
[2024-06-11T19:32:14.784+0000] {processor.py:176} INFO - Processing /home/airflow/.local/lib/python3.7/site-packages/airflow/example_dags/example_branch_python_dop_operator_3.py took 0.102 seconds
[2024-06-11T19:32:44.949+0000] {processor.py:154} INFO - Started process (PID=1122) to work on /home/airflow/.local/lib/python3.7/site-packages/airflow/example_dags/example_branch_python_dop_operator_3.py
[2024-06-11T19:32:44.949+0000] {processor.py:756} INFO - Processing file /home/airflow/.local/lib/python3.7/site-packages/airflow/example_dags/example_branch_python_dop_operator_3.py for tasks to queue
[2024-06-11T19:32:44.950+0000] {logging_mixin.py:120} INFO - [2024-06-11T19:32:44.950+0000] {dagbag.py:537} INFO - Filling up the DagBag from /home/airflow/.local/lib/python3.7/site-packages/airflow/example_dags/example_branch_python_dop_operator_3.py
[2024-06-11T19:32:44.971+0000] {processor.py:766} INFO - DAG(s) dict_keys(['example_branch_dop_operator_v3']) retrieved from /home/airflow/.local/lib/python3.7/site-packages/airflow/example_dags/example_branch_python_dop_operator_3.py
[2024-06-11T19:32:45.006+0000] {logging_mixin.py:120} INFO - [2024-06-11T19:32:45.006+0000] {dag.py:2585} INFO - Sync 1 DAGs
[2024-06-11T19:32:45.033+0000] {logging_mixin.py:120} INFO - [2024-06-11T19:32:45.033+0000] {dag.py:3340} INFO - Setting next_dagrun for example_branch_dop_operator_v3 to 2024-06-11T19:31:00+00:00, run_after=2024-06-11T19:32:00+00:00
[2024-06-11T19:32:45.052+0000] {processor.py:176} INFO - Processing /home/airflow/.local/lib/python3.7/site-packages/airflow/example_dags/example_branch_python_dop_operator_3.py took 0.107 seconds
[2024-06-11T19:33:15.226+0000] {processor.py:154} INFO - Started process (PID=1176) to work on /home/airflow/.local/lib/python3.7/site-packages/airflow/example_dags/example_branch_python_dop_operator_3.py
[2024-06-11T19:33:15.231+0000] {processor.py:756} INFO - Processing file /home/airflow/.local/lib/python3.7/site-packages/airflow/example_dags/example_branch_python_dop_operator_3.py for tasks to queue
[2024-06-11T19:33:15.231+0000] {logging_mixin.py:120} INFO - [2024-06-11T19:33:15.231+0000] {dagbag.py:537} INFO - Filling up the DagBag from /home/airflow/.local/lib/python3.7/site-packages/airflow/example_dags/example_branch_python_dop_operator_3.py
[2024-06-11T19:33:15.252+0000] {processor.py:766} INFO - DAG(s) dict_keys(['example_branch_dop_operator_v3']) retrieved from /home/airflow/.local/lib/python3.7/site-packages/airflow/example_dags/example_branch_python_dop_operator_3.py
[2024-06-11T19:33:15.291+0000] {logging_mixin.py:120} INFO - [2024-06-11T19:33:15.291+0000] {dag.py:2585} INFO - Sync 1 DAGs
[2024-06-11T19:33:15.318+0000] {logging_mixin.py:120} INFO - [2024-06-11T19:33:15.318+0000] {dag.py:3340} INFO - Setting next_dagrun for example_branch_dop_operator_v3 to 2024-06-11T19:32:00+00:00, run_after=2024-06-11T19:33:00+00:00
[2024-06-11T19:33:15.334+0000] {processor.py:176} INFO - Processing /home/airflow/.local/lib/python3.7/site-packages/airflow/example_dags/example_branch_python_dop_operator_3.py took 0.112 seconds
[2024-06-11T19:49:37.105+0000] {processor.py:154} INFO - Started process (PID=1239) to work on /home/airflow/.local/lib/python3.7/site-packages/airflow/example_dags/example_branch_python_dop_operator_3.py
[2024-06-11T19:49:37.106+0000] {processor.py:756} INFO - Processing file /home/airflow/.local/lib/python3.7/site-packages/airflow/example_dags/example_branch_python_dop_operator_3.py for tasks to queue
[2024-06-11T19:49:37.107+0000] {logging_mixin.py:120} INFO - [2024-06-11T19:49:37.107+0000] {dagbag.py:537} INFO - Filling up the DagBag from /home/airflow/.local/lib/python3.7/site-packages/airflow/example_dags/example_branch_python_dop_operator_3.py
[2024-06-11T19:49:37.127+0000] {processor.py:766} INFO - DAG(s) dict_keys(['example_branch_dop_operator_v3']) retrieved from /home/airflow/.local/lib/python3.7/site-packages/airflow/example_dags/example_branch_python_dop_operator_3.py
[2024-06-11T19:49:37.160+0000] {logging_mixin.py:120} INFO - [2024-06-11T19:49:37.160+0000] {dag.py:2585} INFO - Sync 1 DAGs
[2024-06-11T19:49:37.187+0000] {logging_mixin.py:120} INFO - [2024-06-11T19:49:37.187+0000] {dag.py:3340} INFO - Setting next_dagrun for example_branch_dop_operator_v3 to 2024-06-11T19:48:00+00:00, run_after=2024-06-11T19:49:00+00:00
[2024-06-11T19:49:37.204+0000] {processor.py:176} INFO - Processing /home/airflow/.local/lib/python3.7/site-packages/airflow/example_dags/example_branch_python_dop_operator_3.py took 0.101 seconds
[2024-06-11T19:50:07.480+0000] {processor.py:154} INFO - Started process (PID=1293) to work on /home/airflow/.local/lib/python3.7/site-packages/airflow/example_dags/example_branch_python_dop_operator_3.py
[2024-06-11T19:50:07.481+0000] {processor.py:756} INFO - Processing file /home/airflow/.local/lib/python3.7/site-packages/airflow/example_dags/example_branch_python_dop_operator_3.py for tasks to queue
[2024-06-11T19:50:07.482+0000] {logging_mixin.py:120} INFO - [2024-06-11T19:50:07.482+0000] {dagbag.py:537} INFO - Filling up the DagBag from /home/airflow/.local/lib/python3.7/site-packages/airflow/example_dags/example_branch_python_dop_operator_3.py
[2024-06-11T19:50:07.500+0000] {processor.py:766} INFO - DAG(s) dict_keys(['example_branch_dop_operator_v3']) retrieved from /home/airflow/.local/lib/python3.7/site-packages/airflow/example_dags/example_branch_python_dop_operator_3.py
[2024-06-11T19:50:07.534+0000] {logging_mixin.py:120} INFO - [2024-06-11T19:50:07.534+0000] {dag.py:2585} INFO - Sync 1 DAGs
[2024-06-11T19:50:07.558+0000] {logging_mixin.py:120} INFO - [2024-06-11T19:50:07.558+0000] {dag.py:3340} INFO - Setting next_dagrun for example_branch_dop_operator_v3 to 2024-06-11T19:49:00+00:00, run_after=2024-06-11T19:50:00+00:00
[2024-06-11T19:50:07.574+0000] {processor.py:176} INFO - Processing /home/airflow/.local/lib/python3.7/site-packages/airflow/example_dags/example_branch_python_dop_operator_3.py took 0.097 seconds
[2024-06-11T19:50:37.952+0000] {processor.py:154} INFO - Started process (PID=1355) to work on /home/airflow/.local/lib/python3.7/site-packages/airflow/example_dags/example_branch_python_dop_operator_3.py
[2024-06-11T19:50:37.954+0000] {processor.py:756} INFO - Processing file /home/airflow/.local/lib/python3.7/site-packages/airflow/example_dags/example_branch_python_dop_operator_3.py for tasks to queue
[2024-06-11T19:50:37.955+0000] {logging_mixin.py:120} INFO - [2024-06-11T19:50:37.955+0000] {dagbag.py:537} INFO - Filling up the DagBag from /home/airflow/.local/lib/python3.7/site-packages/airflow/example_dags/example_branch_python_dop_operator_3.py
[2024-06-11T19:50:38.038+0000] {processor.py:766} INFO - DAG(s) dict_keys(['example_branch_dop_operator_v3']) retrieved from /home/airflow/.local/lib/python3.7/site-packages/airflow/example_dags/example_branch_python_dop_operator_3.py
[2024-06-11T19:50:38.169+0000] {logging_mixin.py:120} INFO - [2024-06-11T19:50:38.169+0000] {dag.py:2585} INFO - Sync 1 DAGs
[2024-06-11T19:50:38.390+0000] {logging_mixin.py:120} INFO - [2024-06-11T19:50:38.390+0000] {dag.py:3340} INFO - Setting next_dagrun for example_branch_dop_operator_v3 to 2024-06-11T19:49:00+00:00, run_after=2024-06-11T19:50:00+00:00
[2024-06-11T19:50:38.436+0000] {processor.py:176} INFO - Processing /home/airflow/.local/lib/python3.7/site-packages/airflow/example_dags/example_branch_python_dop_operator_3.py took 0.489 seconds
[2024-06-11T19:51:09.359+0000] {processor.py:154} INFO - Started process (PID=1418) to work on /home/airflow/.local/lib/python3.7/site-packages/airflow/example_dags/example_branch_python_dop_operator_3.py
[2024-06-11T19:51:09.360+0000] {processor.py:756} INFO - Processing file /home/airflow/.local/lib/python3.7/site-packages/airflow/example_dags/example_branch_python_dop_operator_3.py for tasks to queue
[2024-06-11T19:51:09.360+0000] {logging_mixin.py:120} INFO - [2024-06-11T19:51:09.360+0000] {dagbag.py:537} INFO - Filling up the DagBag from /home/airflow/.local/lib/python3.7/site-packages/airflow/example_dags/example_branch_python_dop_operator_3.py
[2024-06-11T19:51:09.379+0000] {processor.py:766} INFO - DAG(s) dict_keys(['example_branch_dop_operator_v3']) retrieved from /home/airflow/.local/lib/python3.7/site-packages/airflow/example_dags/example_branch_python_dop_operator_3.py
[2024-06-11T19:51:09.411+0000] {logging_mixin.py:120} INFO - [2024-06-11T19:51:09.411+0000] {dag.py:2585} INFO - Sync 1 DAGs
[2024-06-11T19:51:09.434+0000] {logging_mixin.py:120} INFO - [2024-06-11T19:51:09.434+0000] {dag.py:3340} INFO - Setting next_dagrun for example_branch_dop_operator_v3 to 2024-06-11T19:50:00+00:00, run_after=2024-06-11T19:51:00+00:00
[2024-06-11T19:51:09.449+0000] {processor.py:176} INFO - Processing /home/airflow/.local/lib/python3.7/site-packages/airflow/example_dags/example_branch_python_dop_operator_3.py took 0.093 seconds
[2024-06-11T19:51:40.072+0000] {processor.py:154} INFO - Started process (PID=1480) to work on /home/airflow/.local/lib/python3.7/site-packages/airflow/example_dags/example_branch_python_dop_operator_3.py
[2024-06-11T19:51:40.073+0000] {processor.py:756} INFO - Processing file /home/airflow/.local/lib/python3.7/site-packages/airflow/example_dags/example_branch_python_dop_operator_3.py for tasks to queue
[2024-06-11T19:51:40.073+0000] {logging_mixin.py:120} INFO - [2024-06-11T19:51:40.073+0000] {dagbag.py:537} INFO - Filling up the DagBag from /home/airflow/.local/lib/python3.7/site-packages/airflow/example_dags/example_branch_python_dop_operator_3.py
[2024-06-11T19:51:40.094+0000] {processor.py:766} INFO - DAG(s) dict_keys(['example_branch_dop_operator_v3']) retrieved from /home/airflow/.local/lib/python3.7/site-packages/airflow/example_dags/example_branch_python_dop_operator_3.py
[2024-06-11T19:51:40.128+0000] {logging_mixin.py:120} INFO - [2024-06-11T19:51:40.128+0000] {dag.py:2585} INFO - Sync 1 DAGs
[2024-06-11T19:51:40.159+0000] {logging_mixin.py:120} INFO - [2024-06-11T19:51:40.159+0000] {dag.py:3340} INFO - Setting next_dagrun for example_branch_dop_operator_v3 to 2024-06-11T19:50:00+00:00, run_after=2024-06-11T19:51:00+00:00
[2024-06-11T19:51:40.188+0000] {processor.py:176} INFO - Processing /home/airflow/.local/lib/python3.7/site-packages/airflow/example_dags/example_branch_python_dop_operator_3.py took 0.119 seconds
[2024-06-11T19:56:18.165+0000] {processor.py:154} INFO - Started process (PID=1534) to work on /home/airflow/.local/lib/python3.7/site-packages/airflow/example_dags/example_branch_python_dop_operator_3.py
[2024-06-11T19:56:18.165+0000] {processor.py:756} INFO - Processing file /home/airflow/.local/lib/python3.7/site-packages/airflow/example_dags/example_branch_python_dop_operator_3.py for tasks to queue
[2024-06-11T19:56:18.166+0000] {logging_mixin.py:120} INFO - [2024-06-11T19:56:18.166+0000] {dagbag.py:537} INFO - Filling up the DagBag from /home/airflow/.local/lib/python3.7/site-packages/airflow/example_dags/example_branch_python_dop_operator_3.py
[2024-06-11T19:56:18.184+0000] {processor.py:766} INFO - DAG(s) dict_keys(['example_branch_dop_operator_v3']) retrieved from /home/airflow/.local/lib/python3.7/site-packages/airflow/example_dags/example_branch_python_dop_operator_3.py
[2024-06-11T19:56:18.217+0000] {logging_mixin.py:120} INFO - [2024-06-11T19:56:18.217+0000] {dag.py:2585} INFO - Sync 1 DAGs
[2024-06-11T19:56:18.242+0000] {logging_mixin.py:120} INFO - [2024-06-11T19:56:18.242+0000] {dag.py:3340} INFO - Setting next_dagrun for example_branch_dop_operator_v3 to 2024-06-11T19:55:00+00:00, run_after=2024-06-11T19:56:00+00:00
[2024-06-11T19:56:18.257+0000] {processor.py:176} INFO - Processing /home/airflow/.local/lib/python3.7/site-packages/airflow/example_dags/example_branch_python_dop_operator_3.py took 0.095 seconds
[2024-06-11T19:56:48.394+0000] {processor.py:154} INFO - Started process (PID=1597) to work on /home/airflow/.local/lib/python3.7/site-packages/airflow/example_dags/example_branch_python_dop_operator_3.py
[2024-06-11T19:56:48.395+0000] {processor.py:756} INFO - Processing file /home/airflow/.local/lib/python3.7/site-packages/airflow/example_dags/example_branch_python_dop_operator_3.py for tasks to queue
[2024-06-11T19:56:48.396+0000] {logging_mixin.py:120} INFO - [2024-06-11T19:56:48.396+0000] {dagbag.py:537} INFO - Filling up the DagBag from /home/airflow/.local/lib/python3.7/site-packages/airflow/example_dags/example_branch_python_dop_operator_3.py
[2024-06-11T19:56:48.414+0000] {processor.py:766} INFO - DAG(s) dict_keys(['example_branch_dop_operator_v3']) retrieved from /home/airflow/.local/lib/python3.7/site-packages/airflow/example_dags/example_branch_python_dop_operator_3.py
[2024-06-11T19:56:48.449+0000] {logging_mixin.py:120} INFO - [2024-06-11T19:56:48.449+0000] {dag.py:2585} INFO - Sync 1 DAGs
[2024-06-11T19:56:48.472+0000] {logging_mixin.py:120} INFO - [2024-06-11T19:56:48.472+0000] {dag.py:3340} INFO - Setting next_dagrun for example_branch_dop_operator_v3 to 2024-06-11T19:55:00+00:00, run_after=2024-06-11T19:56:00+00:00
[2024-06-11T19:56:48.488+0000] {processor.py:176} INFO - Processing /home/airflow/.local/lib/python3.7/site-packages/airflow/example_dags/example_branch_python_dop_operator_3.py took 0.096 seconds
[2024-06-11T19:57:18.723+0000] {processor.py:154} INFO - Started process (PID=1660) to work on /home/airflow/.local/lib/python3.7/site-packages/airflow/example_dags/example_branch_python_dop_operator_3.py
[2024-06-11T19:57:18.724+0000] {processor.py:756} INFO - Processing file /home/airflow/.local/lib/python3.7/site-packages/airflow/example_dags/example_branch_python_dop_operator_3.py for tasks to queue
[2024-06-11T19:57:18.725+0000] {logging_mixin.py:120} INFO - [2024-06-11T19:57:18.725+0000] {dagbag.py:537} INFO - Filling up the DagBag from /home/airflow/.local/lib/python3.7/site-packages/airflow/example_dags/example_branch_python_dop_operator_3.py
[2024-06-11T19:57:18.744+0000] {processor.py:766} INFO - DAG(s) dict_keys(['example_branch_dop_operator_v3']) retrieved from /home/airflow/.local/lib/python3.7/site-packages/airflow/example_dags/example_branch_python_dop_operator_3.py
[2024-06-11T19:57:18.779+0000] {logging_mixin.py:120} INFO - [2024-06-11T19:57:18.778+0000] {dag.py:2585} INFO - Sync 1 DAGs
[2024-06-11T19:57:18.816+0000] {logging_mixin.py:120} INFO - [2024-06-11T19:57:18.815+0000] {dag.py:3340} INFO - Setting next_dagrun for example_branch_dop_operator_v3 to 2024-06-11T19:56:00+00:00, run_after=2024-06-11T19:57:00+00:00
[2024-06-11T19:57:18.845+0000] {processor.py:176} INFO - Processing /home/airflow/.local/lib/python3.7/site-packages/airflow/example_dags/example_branch_python_dop_operator_3.py took 0.124 seconds
[2024-06-11T19:57:48.986+0000] {processor.py:154} INFO - Started process (PID=1722) to work on /home/airflow/.local/lib/python3.7/site-packages/airflow/example_dags/example_branch_python_dop_operator_3.py
[2024-06-11T19:57:48.987+0000] {processor.py:756} INFO - Processing file /home/airflow/.local/lib/python3.7/site-packages/airflow/example_dags/example_branch_python_dop_operator_3.py for tasks to queue
[2024-06-11T19:57:48.987+0000] {logging_mixin.py:120} INFO - [2024-06-11T19:57:48.987+0000] {dagbag.py:537} INFO - Filling up the DagBag from /home/airflow/.local/lib/python3.7/site-packages/airflow/example_dags/example_branch_python_dop_operator_3.py
[2024-06-11T19:57:49.008+0000] {processor.py:766} INFO - DAG(s) dict_keys(['example_branch_dop_operator_v3']) retrieved from /home/airflow/.local/lib/python3.7/site-packages/airflow/example_dags/example_branch_python_dop_operator_3.py
[2024-06-11T19:57:49.044+0000] {logging_mixin.py:120} INFO - [2024-06-11T19:57:49.043+0000] {dag.py:2585} INFO - Sync 1 DAGs
[2024-06-11T19:57:49.071+0000] {logging_mixin.py:120} INFO - [2024-06-11T19:57:49.071+0000] {dag.py:3340} INFO - Setting next_dagrun for example_branch_dop_operator_v3 to 2024-06-11T19:56:00+00:00, run_after=2024-06-11T19:57:00+00:00
[2024-06-11T19:57:49.089+0000] {processor.py:176} INFO - Processing /home/airflow/.local/lib/python3.7/site-packages/airflow/example_dags/example_branch_python_dop_operator_3.py took 0.106 seconds
[2024-06-11T20:15:56.959+0000] {processor.py:154} INFO - Started process (PID=1776) to work on /home/airflow/.local/lib/python3.7/site-packages/airflow/example_dags/example_branch_python_dop_operator_3.py
[2024-06-11T20:15:56.961+0000] {processor.py:756} INFO - Processing file /home/airflow/.local/lib/python3.7/site-packages/airflow/example_dags/example_branch_python_dop_operator_3.py for tasks to queue
[2024-06-11T20:15:56.962+0000] {logging_mixin.py:120} INFO - [2024-06-11T20:15:56.962+0000] {dagbag.py:537} INFO - Filling up the DagBag from /home/airflow/.local/lib/python3.7/site-packages/airflow/example_dags/example_branch_python_dop_operator_3.py
[2024-06-11T20:15:57.002+0000] {processor.py:766} INFO - DAG(s) dict_keys(['example_branch_dop_operator_v3']) retrieved from /home/airflow/.local/lib/python3.7/site-packages/airflow/example_dags/example_branch_python_dop_operator_3.py
[2024-06-11T20:15:57.059+0000] {logging_mixin.py:120} INFO - [2024-06-11T20:15:57.059+0000] {dag.py:2585} INFO - Sync 1 DAGs
[2024-06-11T20:15:57.100+0000] {logging_mixin.py:120} INFO - [2024-06-11T20:15:57.100+0000] {dag.py:3340} INFO - Setting next_dagrun for example_branch_dop_operator_v3 to 2024-06-11T20:14:00+00:00, run_after=2024-06-11T20:15:00+00:00
[2024-06-11T20:15:57.126+0000] {processor.py:176} INFO - Processing /home/airflow/.local/lib/python3.7/site-packages/airflow/example_dags/example_branch_python_dop_operator_3.py took 0.173 seconds
[2024-06-11T20:16:27.172+0000] {processor.py:154} INFO - Started process (PID=1839) to work on /home/airflow/.local/lib/python3.7/site-packages/airflow/example_dags/example_branch_python_dop_operator_3.py
[2024-06-11T20:16:27.173+0000] {processor.py:756} INFO - Processing file /home/airflow/.local/lib/python3.7/site-packages/airflow/example_dags/example_branch_python_dop_operator_3.py for tasks to queue
[2024-06-11T20:16:27.174+0000] {logging_mixin.py:120} INFO - [2024-06-11T20:16:27.174+0000] {dagbag.py:537} INFO - Filling up the DagBag from /home/airflow/.local/lib/python3.7/site-packages/airflow/example_dags/example_branch_python_dop_operator_3.py
[2024-06-11T20:16:27.194+0000] {processor.py:766} INFO - DAG(s) dict_keys(['example_branch_dop_operator_v3']) retrieved from /home/airflow/.local/lib/python3.7/site-packages/airflow/example_dags/example_branch_python_dop_operator_3.py
[2024-06-11T20:16:27.227+0000] {logging_mixin.py:120} INFO - [2024-06-11T20:16:27.227+0000] {dag.py:2585} INFO - Sync 1 DAGs
[2024-06-11T20:16:27.251+0000] {logging_mixin.py:120} INFO - [2024-06-11T20:16:27.251+0000] {dag.py:3340} INFO - Setting next_dagrun for example_branch_dop_operator_v3 to 2024-06-11T20:15:00+00:00, run_after=2024-06-11T20:16:00+00:00
[2024-06-11T20:16:27.268+0000] {processor.py:176} INFO - Processing /home/airflow/.local/lib/python3.7/site-packages/airflow/example_dags/example_branch_python_dop_operator_3.py took 0.098 seconds
[2024-06-11T20:16:57.500+0000] {processor.py:154} INFO - Started process (PID=1902) to work on /home/airflow/.local/lib/python3.7/site-packages/airflow/example_dags/example_branch_python_dop_operator_3.py
[2024-06-11T20:16:57.501+0000] {processor.py:756} INFO - Processing file /home/airflow/.local/lib/python3.7/site-packages/airflow/example_dags/example_branch_python_dop_operator_3.py for tasks to queue
[2024-06-11T20:16:57.502+0000] {logging_mixin.py:120} INFO - [2024-06-11T20:16:57.502+0000] {dagbag.py:537} INFO - Filling up the DagBag from /home/airflow/.local/lib/python3.7/site-packages/airflow/example_dags/example_branch_python_dop_operator_3.py
[2024-06-11T20:16:57.521+0000] {processor.py:766} INFO - DAG(s) dict_keys(['example_branch_dop_operator_v3']) retrieved from /home/airflow/.local/lib/python3.7/site-packages/airflow/example_dags/example_branch_python_dop_operator_3.py
[2024-06-11T20:16:57.555+0000] {logging_mixin.py:120} INFO - [2024-06-11T20:16:57.554+0000] {dag.py:2585} INFO - Sync 1 DAGs
[2024-06-11T20:16:57.578+0000] {logging_mixin.py:120} INFO - [2024-06-11T20:16:57.578+0000] {dag.py:3340} INFO - Setting next_dagrun for example_branch_dop_operator_v3 to 2024-06-11T20:15:00+00:00, run_after=2024-06-11T20:16:00+00:00
[2024-06-11T20:16:57.596+0000] {processor.py:176} INFO - Processing /home/airflow/.local/lib/python3.7/site-packages/airflow/example_dags/example_branch_python_dop_operator_3.py took 0.099 seconds
[2024-06-11T20:17:27.839+0000] {processor.py:154} INFO - Started process (PID=1956) to work on /home/airflow/.local/lib/python3.7/site-packages/airflow/example_dags/example_branch_python_dop_operator_3.py
[2024-06-11T20:17:27.840+0000] {processor.py:756} INFO - Processing file /home/airflow/.local/lib/python3.7/site-packages/airflow/example_dags/example_branch_python_dop_operator_3.py for tasks to queue
[2024-06-11T20:17:27.841+0000] {logging_mixin.py:120} INFO - [2024-06-11T20:17:27.841+0000] {dagbag.py:537} INFO - Filling up the DagBag from /home/airflow/.local/lib/python3.7/site-packages/airflow/example_dags/example_branch_python_dop_operator_3.py
[2024-06-11T20:17:27.860+0000] {processor.py:766} INFO - DAG(s) dict_keys(['example_branch_dop_operator_v3']) retrieved from /home/airflow/.local/lib/python3.7/site-packages/airflow/example_dags/example_branch_python_dop_operator_3.py
[2024-06-11T20:17:27.893+0000] {logging_mixin.py:120} INFO - [2024-06-11T20:17:27.893+0000] {dag.py:2585} INFO - Sync 1 DAGs
[2024-06-11T20:17:27.919+0000] {logging_mixin.py:120} INFO - [2024-06-11T20:17:27.919+0000] {dag.py:3340} INFO - Setting next_dagrun for example_branch_dop_operator_v3 to 2024-06-11T20:16:00+00:00, run_after=2024-06-11T20:17:00+00:00
[2024-06-11T20:17:27.934+0000] {processor.py:176} INFO - Processing /home/airflow/.local/lib/python3.7/site-packages/airflow/example_dags/example_branch_python_dop_operator_3.py took 0.098 seconds
[2024-06-11T20:17:58.035+0000] {processor.py:154} INFO - Started process (PID=2019) to work on /home/airflow/.local/lib/python3.7/site-packages/airflow/example_dags/example_branch_python_dop_operator_3.py
[2024-06-11T20:17:58.036+0000] {processor.py:756} INFO - Processing file /home/airflow/.local/lib/python3.7/site-packages/airflow/example_dags/example_branch_python_dop_operator_3.py for tasks to queue
[2024-06-11T20:17:58.037+0000] {logging_mixin.py:120} INFO - [2024-06-11T20:17:58.037+0000] {dagbag.py:537} INFO - Filling up the DagBag from /home/airflow/.local/lib/python3.7/site-packages/airflow/example_dags/example_branch_python_dop_operator_3.py
[2024-06-11T20:17:58.055+0000] {processor.py:766} INFO - DAG(s) dict_keys(['example_branch_dop_operator_v3']) retrieved from /home/airflow/.local/lib/python3.7/site-packages/airflow/example_dags/example_branch_python_dop_operator_3.py
[2024-06-11T20:17:58.087+0000] {logging_mixin.py:120} INFO - [2024-06-11T20:17:58.087+0000] {dag.py:2585} INFO - Sync 1 DAGs
[2024-06-11T20:17:58.111+0000] {logging_mixin.py:120} INFO - [2024-06-11T20:17:58.111+0000] {dag.py:3340} INFO - Setting next_dagrun for example_branch_dop_operator_v3 to 2024-06-11T20:16:00+00:00, run_after=2024-06-11T20:17:00+00:00
[2024-06-11T20:17:58.126+0000] {processor.py:176} INFO - Processing /home/airflow/.local/lib/python3.7/site-packages/airflow/example_dags/example_branch_python_dop_operator_3.py took 0.094 seconds
[2024-06-11T20:36:21.849+0000] {processor.py:154} INFO - Started process (PID=2082) to work on /home/airflow/.local/lib/python3.7/site-packages/airflow/example_dags/example_branch_python_dop_operator_3.py
[2024-06-11T20:36:21.850+0000] {processor.py:756} INFO - Processing file /home/airflow/.local/lib/python3.7/site-packages/airflow/example_dags/example_branch_python_dop_operator_3.py for tasks to queue
[2024-06-11T20:36:21.852+0000] {logging_mixin.py:120} INFO - [2024-06-11T20:36:21.851+0000] {dagbag.py:537} INFO - Filling up the DagBag from /home/airflow/.local/lib/python3.7/site-packages/airflow/example_dags/example_branch_python_dop_operator_3.py
[2024-06-11T20:36:21.880+0000] {processor.py:766} INFO - DAG(s) dict_keys(['example_branch_dop_operator_v3']) retrieved from /home/airflow/.local/lib/python3.7/site-packages/airflow/example_dags/example_branch_python_dop_operator_3.py
[2024-06-11T20:36:21.934+0000] {logging_mixin.py:120} INFO - [2024-06-11T20:36:21.934+0000] {dag.py:2585} INFO - Sync 1 DAGs
[2024-06-11T20:36:21.989+0000] {logging_mixin.py:120} INFO - [2024-06-11T20:36:21.989+0000] {dag.py:3340} INFO - Setting next_dagrun for example_branch_dop_operator_v3 to 2024-06-11T20:35:00+00:00, run_after=2024-06-11T20:36:00+00:00
[2024-06-11T20:36:22.015+0000] {processor.py:176} INFO - Processing /home/airflow/.local/lib/python3.7/site-packages/airflow/example_dags/example_branch_python_dop_operator_3.py took 0.170 seconds
[2024-06-11T20:36:52.360+0000] {processor.py:154} INFO - Started process (PID=2136) to work on /home/airflow/.local/lib/python3.7/site-packages/airflow/example_dags/example_branch_python_dop_operator_3.py
[2024-06-11T20:36:52.361+0000] {processor.py:756} INFO - Processing file /home/airflow/.local/lib/python3.7/site-packages/airflow/example_dags/example_branch_python_dop_operator_3.py for tasks to queue
[2024-06-11T20:36:52.362+0000] {logging_mixin.py:120} INFO - [2024-06-11T20:36:52.362+0000] {dagbag.py:537} INFO - Filling up the DagBag from /home/airflow/.local/lib/python3.7/site-packages/airflow/example_dags/example_branch_python_dop_operator_3.py
[2024-06-11T20:36:52.382+0000] {processor.py:766} INFO - DAG(s) dict_keys(['example_branch_dop_operator_v3']) retrieved from /home/airflow/.local/lib/python3.7/site-packages/airflow/example_dags/example_branch_python_dop_operator_3.py
[2024-06-11T20:36:52.415+0000] {logging_mixin.py:120} INFO - [2024-06-11T20:36:52.415+0000] {dag.py:2585} INFO - Sync 1 DAGs
[2024-06-11T20:36:52.439+0000] {logging_mixin.py:120} INFO - [2024-06-11T20:36:52.439+0000] {dag.py:3340} INFO - Setting next_dagrun for example_branch_dop_operator_v3 to 2024-06-11T20:35:00+00:00, run_after=2024-06-11T20:36:00+00:00
[2024-06-11T20:36:52.456+0000] {processor.py:176} INFO - Processing /home/airflow/.local/lib/python3.7/site-packages/airflow/example_dags/example_branch_python_dop_operator_3.py took 0.099 seconds
[2024-06-11T20:37:22.914+0000] {processor.py:154} INFO - Started process (PID=2199) to work on /home/airflow/.local/lib/python3.7/site-packages/airflow/example_dags/example_branch_python_dop_operator_3.py
[2024-06-11T20:37:22.915+0000] {processor.py:756} INFO - Processing file /home/airflow/.local/lib/python3.7/site-packages/airflow/example_dags/example_branch_python_dop_operator_3.py for tasks to queue
[2024-06-11T20:37:22.916+0000] {logging_mixin.py:120} INFO - [2024-06-11T20:37:22.916+0000] {dagbag.py:537} INFO - Filling up the DagBag from /home/airflow/.local/lib/python3.7/site-packages/airflow/example_dags/example_branch_python_dop_operator_3.py
[2024-06-11T20:37:22.936+0000] {processor.py:766} INFO - DAG(s) dict_keys(['example_branch_dop_operator_v3']) retrieved from /home/airflow/.local/lib/python3.7/site-packages/airflow/example_dags/example_branch_python_dop_operator_3.py
[2024-06-11T20:37:22.970+0000] {logging_mixin.py:120} INFO - [2024-06-11T20:37:22.970+0000] {dag.py:2585} INFO - Sync 1 DAGs
[2024-06-11T20:37:22.995+0000] {logging_mixin.py:120} INFO - [2024-06-11T20:37:22.995+0000] {dag.py:3340} INFO - Setting next_dagrun for example_branch_dop_operator_v3 to 2024-06-11T20:36:00+00:00, run_after=2024-06-11T20:37:00+00:00
[2024-06-11T20:37:23.010+0000] {processor.py:176} INFO - Processing /home/airflow/.local/lib/python3.7/site-packages/airflow/example_dags/example_branch_python_dop_operator_3.py took 0.099 seconds
[2024-06-11T20:37:53.254+0000] {processor.py:154} INFO - Started process (PID=2262) to work on /home/airflow/.local/lib/python3.7/site-packages/airflow/example_dags/example_branch_python_dop_operator_3.py
[2024-06-11T20:37:53.255+0000] {processor.py:756} INFO - Processing file /home/airflow/.local/lib/python3.7/site-packages/airflow/example_dags/example_branch_python_dop_operator_3.py for tasks to queue
[2024-06-11T20:37:53.255+0000] {logging_mixin.py:120} INFO - [2024-06-11T20:37:53.255+0000] {dagbag.py:537} INFO - Filling up the DagBag from /home/airflow/.local/lib/python3.7/site-packages/airflow/example_dags/example_branch_python_dop_operator_3.py
[2024-06-11T20:37:53.274+0000] {processor.py:766} INFO - DAG(s) dict_keys(['example_branch_dop_operator_v3']) retrieved from /home/airflow/.local/lib/python3.7/site-packages/airflow/example_dags/example_branch_python_dop_operator_3.py
[2024-06-11T20:37:53.308+0000] {logging_mixin.py:120} INFO - [2024-06-11T20:37:53.308+0000] {dag.py:2585} INFO - Sync 1 DAGs
[2024-06-11T20:37:53.333+0000] {logging_mixin.py:120} INFO - [2024-06-11T20:37:53.333+0000] {dag.py:3340} INFO - Setting next_dagrun for example_branch_dop_operator_v3 to 2024-06-11T20:36:00+00:00, run_after=2024-06-11T20:37:00+00:00
[2024-06-11T20:37:53.349+0000] {processor.py:176} INFO - Processing /home/airflow/.local/lib/python3.7/site-packages/airflow/example_dags/example_branch_python_dop_operator_3.py took 0.098 seconds
[2024-06-11T20:38:23.519+0000] {processor.py:154} INFO - Started process (PID=2325) to work on /home/airflow/.local/lib/python3.7/site-packages/airflow/example_dags/example_branch_python_dop_operator_3.py
[2024-06-11T20:38:23.520+0000] {processor.py:756} INFO - Processing file /home/airflow/.local/lib/python3.7/site-packages/airflow/example_dags/example_branch_python_dop_operator_3.py for tasks to queue
[2024-06-11T20:38:23.520+0000] {logging_mixin.py:120} INFO - [2024-06-11T20:38:23.520+0000] {dagbag.py:537} INFO - Filling up the DagBag from /home/airflow/.local/lib/python3.7/site-packages/airflow/example_dags/example_branch_python_dop_operator_3.py
[2024-06-11T20:38:23.540+0000] {processor.py:766} INFO - DAG(s) dict_keys(['example_branch_dop_operator_v3']) retrieved from /home/airflow/.local/lib/python3.7/site-packages/airflow/example_dags/example_branch_python_dop_operator_3.py
[2024-06-11T20:38:23.576+0000] {logging_mixin.py:120} INFO - [2024-06-11T20:38:23.576+0000] {dag.py:2585} INFO - Sync 1 DAGs
[2024-06-11T20:38:23.601+0000] {logging_mixin.py:120} INFO - [2024-06-11T20:38:23.601+0000] {dag.py:3340} INFO - Setting next_dagrun for example_branch_dop_operator_v3 to 2024-06-11T20:37:00+00:00, run_after=2024-06-11T20:38:00+00:00
[2024-06-11T20:38:23.618+0000] {processor.py:176} INFO - Processing /home/airflow/.local/lib/python3.7/site-packages/airflow/example_dags/example_branch_python_dop_operator_3.py took 0.101 seconds
[2024-06-11T20:53:48.089+0000] {processor.py:154} INFO - Started process (PID=2378) to work on /home/airflow/.local/lib/python3.7/site-packages/airflow/example_dags/example_branch_python_dop_operator_3.py
[2024-06-11T20:53:48.092+0000] {processor.py:756} INFO - Processing file /home/airflow/.local/lib/python3.7/site-packages/airflow/example_dags/example_branch_python_dop_operator_3.py for tasks to queue
[2024-06-11T20:53:48.093+0000] {logging_mixin.py:120} INFO - [2024-06-11T20:53:48.093+0000] {dagbag.py:537} INFO - Filling up the DagBag from /home/airflow/.local/lib/python3.7/site-packages/airflow/example_dags/example_branch_python_dop_operator_3.py
[2024-06-11T20:53:48.117+0000] {processor.py:766} INFO - DAG(s) dict_keys(['example_branch_dop_operator_v3']) retrieved from /home/airflow/.local/lib/python3.7/site-packages/airflow/example_dags/example_branch_python_dop_operator_3.py
[2024-06-11T20:53:48.159+0000] {logging_mixin.py:120} INFO - [2024-06-11T20:53:48.159+0000] {dag.py:2585} INFO - Sync 1 DAGs
[2024-06-11T20:53:48.187+0000] {logging_mixin.py:120} INFO - [2024-06-11T20:53:48.187+0000] {dag.py:3340} INFO - Setting next_dagrun for example_branch_dop_operator_v3 to 2024-06-11T20:52:00+00:00, run_after=2024-06-11T20:53:00+00:00
[2024-06-11T20:53:48.206+0000] {processor.py:176} INFO - Processing /home/airflow/.local/lib/python3.7/site-packages/airflow/example_dags/example_branch_python_dop_operator_3.py took 0.121 seconds
[2024-06-11T20:54:18.692+0000] {processor.py:154} INFO - Started process (PID=2441) to work on /home/airflow/.local/lib/python3.7/site-packages/airflow/example_dags/example_branch_python_dop_operator_3.py
[2024-06-11T20:54:18.693+0000] {processor.py:756} INFO - Processing file /home/airflow/.local/lib/python3.7/site-packages/airflow/example_dags/example_branch_python_dop_operator_3.py for tasks to queue
[2024-06-11T20:54:18.694+0000] {logging_mixin.py:120} INFO - [2024-06-11T20:54:18.694+0000] {dagbag.py:537} INFO - Filling up the DagBag from /home/airflow/.local/lib/python3.7/site-packages/airflow/example_dags/example_branch_python_dop_operator_3.py
[2024-06-11T20:54:18.713+0000] {processor.py:766} INFO - DAG(s) dict_keys(['example_branch_dop_operator_v3']) retrieved from /home/airflow/.local/lib/python3.7/site-packages/airflow/example_dags/example_branch_python_dop_operator_3.py
[2024-06-11T20:54:18.748+0000] {logging_mixin.py:120} INFO - [2024-06-11T20:54:18.748+0000] {dag.py:2585} INFO - Sync 1 DAGs
[2024-06-11T20:54:18.772+0000] {logging_mixin.py:120} INFO - [2024-06-11T20:54:18.772+0000] {dag.py:3340} INFO - Setting next_dagrun for example_branch_dop_operator_v3 to 2024-06-11T20:53:00+00:00, run_after=2024-06-11T20:54:00+00:00
[2024-06-11T20:54:18.788+0000] {processor.py:176} INFO - Processing /home/airflow/.local/lib/python3.7/site-packages/airflow/example_dags/example_branch_python_dop_operator_3.py took 0.098 seconds
[2024-06-11T20:54:48.942+0000] {processor.py:154} INFO - Started process (PID=2504) to work on /home/airflow/.local/lib/python3.7/site-packages/airflow/example_dags/example_branch_python_dop_operator_3.py
[2024-06-11T20:54:48.942+0000] {processor.py:756} INFO - Processing file /home/airflow/.local/lib/python3.7/site-packages/airflow/example_dags/example_branch_python_dop_operator_3.py for tasks to queue
[2024-06-11T20:54:48.943+0000] {logging_mixin.py:120} INFO - [2024-06-11T20:54:48.943+0000] {dagbag.py:537} INFO - Filling up the DagBag from /home/airflow/.local/lib/python3.7/site-packages/airflow/example_dags/example_branch_python_dop_operator_3.py
[2024-06-11T20:54:48.963+0000] {processor.py:766} INFO - DAG(s) dict_keys(['example_branch_dop_operator_v3']) retrieved from /home/airflow/.local/lib/python3.7/site-packages/airflow/example_dags/example_branch_python_dop_operator_3.py
[2024-06-11T20:54:48.997+0000] {logging_mixin.py:120} INFO - [2024-06-11T20:54:48.996+0000] {dag.py:2585} INFO - Sync 1 DAGs
[2024-06-11T20:54:49.021+0000] {logging_mixin.py:120} INFO - [2024-06-11T20:54:49.021+0000] {dag.py:3340} INFO - Setting next_dagrun for example_branch_dop_operator_v3 to 2024-06-11T20:53:00+00:00, run_after=2024-06-11T20:54:00+00:00
[2024-06-11T20:54:49.036+0000] {processor.py:176} INFO - Processing /home/airflow/.local/lib/python3.7/site-packages/airflow/example_dags/example_branch_python_dop_operator_3.py took 0.097 seconds
[2024-06-11T20:55:19.133+0000] {processor.py:154} INFO - Started process (PID=2558) to work on /home/airflow/.local/lib/python3.7/site-packages/airflow/example_dags/example_branch_python_dop_operator_3.py
[2024-06-11T20:55:19.134+0000] {processor.py:756} INFO - Processing file /home/airflow/.local/lib/python3.7/site-packages/airflow/example_dags/example_branch_python_dop_operator_3.py for tasks to queue
[2024-06-11T20:55:19.135+0000] {logging_mixin.py:120} INFO - [2024-06-11T20:55:19.135+0000] {dagbag.py:537} INFO - Filling up the DagBag from /home/airflow/.local/lib/python3.7/site-packages/airflow/example_dags/example_branch_python_dop_operator_3.py
[2024-06-11T20:55:19.155+0000] {processor.py:766} INFO - DAG(s) dict_keys(['example_branch_dop_operator_v3']) retrieved from /home/airflow/.local/lib/python3.7/site-packages/airflow/example_dags/example_branch_python_dop_operator_3.py
[2024-06-11T20:55:19.189+0000] {logging_mixin.py:120} INFO - [2024-06-11T20:55:19.189+0000] {dag.py:2585} INFO - Sync 1 DAGs
[2024-06-11T20:55:19.213+0000] {logging_mixin.py:120} INFO - [2024-06-11T20:55:19.213+0000] {dag.py:3340} INFO - Setting next_dagrun for example_branch_dop_operator_v3 to 2024-06-11T20:54:00+00:00, run_after=2024-06-11T20:55:00+00:00
[2024-06-11T20:55:19.229+0000] {processor.py:176} INFO - Processing /home/airflow/.local/lib/python3.7/site-packages/airflow/example_dags/example_branch_python_dop_operator_3.py took 0.098 seconds
[2024-06-11T20:55:49.334+0000] {processor.py:154} INFO - Started process (PID=2621) to work on /home/airflow/.local/lib/python3.7/site-packages/airflow/example_dags/example_branch_python_dop_operator_3.py
[2024-06-11T20:55:49.335+0000] {processor.py:756} INFO - Processing file /home/airflow/.local/lib/python3.7/site-packages/airflow/example_dags/example_branch_python_dop_operator_3.py for tasks to queue
[2024-06-11T20:55:49.336+0000] {logging_mixin.py:120} INFO - [2024-06-11T20:55:49.335+0000] {dagbag.py:537} INFO - Filling up the DagBag from /home/airflow/.local/lib/python3.7/site-packages/airflow/example_dags/example_branch_python_dop_operator_3.py
[2024-06-11T20:55:49.355+0000] {processor.py:766} INFO - DAG(s) dict_keys(['example_branch_dop_operator_v3']) retrieved from /home/airflow/.local/lib/python3.7/site-packages/airflow/example_dags/example_branch_python_dop_operator_3.py
[2024-06-11T20:55:49.387+0000] {logging_mixin.py:120} INFO - [2024-06-11T20:55:49.387+0000] {dag.py:2585} INFO - Sync 1 DAGs
[2024-06-11T20:55:49.411+0000] {logging_mixin.py:120} INFO - [2024-06-11T20:55:49.411+0000] {dag.py:3340} INFO - Setting next_dagrun for example_branch_dop_operator_v3 to 2024-06-11T20:54:00+00:00, run_after=2024-06-11T20:55:00+00:00
[2024-06-11T20:55:49.428+0000] {processor.py:176} INFO - Processing /home/airflow/.local/lib/python3.7/site-packages/airflow/example_dags/example_branch_python_dop_operator_3.py took 0.098 seconds
[2024-06-11T20:57:20.699+0000] {processor.py:154} INFO - Started process (PID=2684) to work on /home/airflow/.local/lib/python3.7/site-packages/airflow/example_dags/example_branch_python_dop_operator_3.py
[2024-06-11T20:57:20.699+0000] {processor.py:756} INFO - Processing file /home/airflow/.local/lib/python3.7/site-packages/airflow/example_dags/example_branch_python_dop_operator_3.py for tasks to queue
[2024-06-11T20:57:20.700+0000] {logging_mixin.py:120} INFO - [2024-06-11T20:57:20.700+0000] {dagbag.py:537} INFO - Filling up the DagBag from /home/airflow/.local/lib/python3.7/site-packages/airflow/example_dags/example_branch_python_dop_operator_3.py
[2024-06-11T20:57:20.720+0000] {processor.py:766} INFO - DAG(s) dict_keys(['example_branch_dop_operator_v3']) retrieved from /home/airflow/.local/lib/python3.7/site-packages/airflow/example_dags/example_branch_python_dop_operator_3.py
[2024-06-11T20:57:20.754+0000] {logging_mixin.py:120} INFO - [2024-06-11T20:57:20.754+0000] {dag.py:2585} INFO - Sync 1 DAGs
[2024-06-11T20:57:20.780+0000] {logging_mixin.py:120} INFO - [2024-06-11T20:57:20.780+0000] {dag.py:3340} INFO - Setting next_dagrun for example_branch_dop_operator_v3 to 2024-06-11T20:56:00+00:00, run_after=2024-06-11T20:57:00+00:00
[2024-06-11T20:57:20.796+0000] {processor.py:176} INFO - Processing /home/airflow/.local/lib/python3.7/site-packages/airflow/example_dags/example_branch_python_dop_operator_3.py took 0.100 seconds
[2024-06-11T20:57:50.953+0000] {processor.py:154} INFO - Started process (PID=2738) to work on /home/airflow/.local/lib/python3.7/site-packages/airflow/example_dags/example_branch_python_dop_operator_3.py
[2024-06-11T20:57:50.954+0000] {processor.py:756} INFO - Processing file /home/airflow/.local/lib/python3.7/site-packages/airflow/example_dags/example_branch_python_dop_operator_3.py for tasks to queue
[2024-06-11T20:57:50.955+0000] {logging_mixin.py:120} INFO - [2024-06-11T20:57:50.954+0000] {dagbag.py:537} INFO - Filling up the DagBag from /home/airflow/.local/lib/python3.7/site-packages/airflow/example_dags/example_branch_python_dop_operator_3.py
[2024-06-11T20:57:50.973+0000] {processor.py:766} INFO - DAG(s) dict_keys(['example_branch_dop_operator_v3']) retrieved from /home/airflow/.local/lib/python3.7/site-packages/airflow/example_dags/example_branch_python_dop_operator_3.py
[2024-06-11T20:57:51.008+0000] {logging_mixin.py:120} INFO - [2024-06-11T20:57:51.008+0000] {dag.py:2585} INFO - Sync 1 DAGs
[2024-06-11T20:57:51.032+0000] {logging_mixin.py:120} INFO - [2024-06-11T20:57:51.032+0000] {dag.py:3340} INFO - Setting next_dagrun for example_branch_dop_operator_v3 to 2024-06-11T20:56:00+00:00, run_after=2024-06-11T20:57:00+00:00
[2024-06-11T20:57:51.048+0000] {processor.py:176} INFO - Processing /home/airflow/.local/lib/python3.7/site-packages/airflow/example_dags/example_branch_python_dop_operator_3.py took 0.098 seconds
[2024-06-11T20:58:21.253+0000] {processor.py:154} INFO - Started process (PID=2800) to work on /home/airflow/.local/lib/python3.7/site-packages/airflow/example_dags/example_branch_python_dop_operator_3.py
[2024-06-11T20:58:21.254+0000] {processor.py:756} INFO - Processing file /home/airflow/.local/lib/python3.7/site-packages/airflow/example_dags/example_branch_python_dop_operator_3.py for tasks to queue
[2024-06-11T20:58:21.255+0000] {logging_mixin.py:120} INFO - [2024-06-11T20:58:21.255+0000] {dagbag.py:537} INFO - Filling up the DagBag from /home/airflow/.local/lib/python3.7/site-packages/airflow/example_dags/example_branch_python_dop_operator_3.py
[2024-06-11T20:58:21.274+0000] {processor.py:766} INFO - DAG(s) dict_keys(['example_branch_dop_operator_v3']) retrieved from /home/airflow/.local/lib/python3.7/site-packages/airflow/example_dags/example_branch_python_dop_operator_3.py
[2024-06-11T20:58:21.307+0000] {logging_mixin.py:120} INFO - [2024-06-11T20:58:21.307+0000] {dag.py:2585} INFO - Sync 1 DAGs
[2024-06-11T20:58:21.332+0000] {logging_mixin.py:120} INFO - [2024-06-11T20:58:21.332+0000] {dag.py:3340} INFO - Setting next_dagrun for example_branch_dop_operator_v3 to 2024-06-11T20:57:00+00:00, run_after=2024-06-11T20:58:00+00:00
[2024-06-11T20:58:21.347+0000] {processor.py:176} INFO - Processing /home/airflow/.local/lib/python3.7/site-packages/airflow/example_dags/example_branch_python_dop_operator_3.py took 0.097 seconds
[2024-06-11T20:58:51.443+0000] {processor.py:154} INFO - Started process (PID=2863) to work on /home/airflow/.local/lib/python3.7/site-packages/airflow/example_dags/example_branch_python_dop_operator_3.py
[2024-06-11T20:58:51.444+0000] {processor.py:756} INFO - Processing file /home/airflow/.local/lib/python3.7/site-packages/airflow/example_dags/example_branch_python_dop_operator_3.py for tasks to queue
[2024-06-11T20:58:51.445+0000] {logging_mixin.py:120} INFO - [2024-06-11T20:58:51.445+0000] {dagbag.py:537} INFO - Filling up the DagBag from /home/airflow/.local/lib/python3.7/site-packages/airflow/example_dags/example_branch_python_dop_operator_3.py
[2024-06-11T20:58:51.464+0000] {processor.py:766} INFO - DAG(s) dict_keys(['example_branch_dop_operator_v3']) retrieved from /home/airflow/.local/lib/python3.7/site-packages/airflow/example_dags/example_branch_python_dop_operator_3.py
[2024-06-11T20:58:51.498+0000] {logging_mixin.py:120} INFO - [2024-06-11T20:58:51.498+0000] {dag.py:2585} INFO - Sync 1 DAGs
[2024-06-11T20:58:51.522+0000] {logging_mixin.py:120} INFO - [2024-06-11T20:58:51.522+0000] {dag.py:3340} INFO - Setting next_dagrun for example_branch_dop_operator_v3 to 2024-06-11T20:57:00+00:00, run_after=2024-06-11T20:58:00+00:00
[2024-06-11T20:58:51.540+0000] {processor.py:176} INFO - Processing /home/airflow/.local/lib/python3.7/site-packages/airflow/example_dags/example_branch_python_dop_operator_3.py took 0.099 seconds
[2024-06-11T21:14:51.872+0000] {processor.py:154} INFO - Started process (PID=2925) to work on /home/airflow/.local/lib/python3.7/site-packages/airflow/example_dags/example_branch_python_dop_operator_3.py
[2024-06-11T21:14:51.874+0000] {processor.py:756} INFO - Processing file /home/airflow/.local/lib/python3.7/site-packages/airflow/example_dags/example_branch_python_dop_operator_3.py for tasks to queue
[2024-06-11T21:14:51.875+0000] {logging_mixin.py:120} INFO - [2024-06-11T21:14:51.875+0000] {dagbag.py:537} INFO - Filling up the DagBag from /home/airflow/.local/lib/python3.7/site-packages/airflow/example_dags/example_branch_python_dop_operator_3.py
[2024-06-11T21:14:51.904+0000] {processor.py:766} INFO - DAG(s) dict_keys(['example_branch_dop_operator_v3']) retrieved from /home/airflow/.local/lib/python3.7/site-packages/airflow/example_dags/example_branch_python_dop_operator_3.py
[2024-06-11T21:14:51.948+0000] {logging_mixin.py:120} INFO - [2024-06-11T21:14:51.948+0000] {dag.py:2585} INFO - Sync 1 DAGs
[2024-06-11T21:14:51.985+0000] {logging_mixin.py:120} INFO - [2024-06-11T21:14:51.985+0000] {dag.py:3340} INFO - Setting next_dagrun for example_branch_dop_operator_v3 to 2024-06-11T21:13:00+00:00, run_after=2024-06-11T21:14:00+00:00
[2024-06-11T21:14:52.011+0000] {processor.py:176} INFO - Processing /home/airflow/.local/lib/python3.7/site-packages/airflow/example_dags/example_branch_python_dop_operator_3.py took 0.143 seconds
[2024-06-11T21:15:22.141+0000] {processor.py:154} INFO - Started process (PID=2979) to work on /home/airflow/.local/lib/python3.7/site-packages/airflow/example_dags/example_branch_python_dop_operator_3.py
[2024-06-11T21:15:22.142+0000] {processor.py:756} INFO - Processing file /home/airflow/.local/lib/python3.7/site-packages/airflow/example_dags/example_branch_python_dop_operator_3.py for tasks to queue
[2024-06-11T21:15:22.143+0000] {logging_mixin.py:120} INFO - [2024-06-11T21:15:22.143+0000] {dagbag.py:537} INFO - Filling up the DagBag from /home/airflow/.local/lib/python3.7/site-packages/airflow/example_dags/example_branch_python_dop_operator_3.py
[2024-06-11T21:15:22.161+0000] {processor.py:766} INFO - DAG(s) dict_keys(['example_branch_dop_operator_v3']) retrieved from /home/airflow/.local/lib/python3.7/site-packages/airflow/example_dags/example_branch_python_dop_operator_3.py
[2024-06-11T21:15:22.196+0000] {logging_mixin.py:120} INFO - [2024-06-11T21:15:22.196+0000] {dag.py:2585} INFO - Sync 1 DAGs
[2024-06-11T21:15:22.220+0000] {logging_mixin.py:120} INFO - [2024-06-11T21:15:22.220+0000] {dag.py:3340} INFO - Setting next_dagrun for example_branch_dop_operator_v3 to 2024-06-11T21:14:00+00:00, run_after=2024-06-11T21:15:00+00:00
[2024-06-11T21:15:22.235+0000] {processor.py:176} INFO - Processing /home/airflow/.local/lib/python3.7/site-packages/airflow/example_dags/example_branch_python_dop_operator_3.py took 0.097 seconds
[2024-06-11T21:15:52.472+0000] {processor.py:154} INFO - Started process (PID=3042) to work on /home/airflow/.local/lib/python3.7/site-packages/airflow/example_dags/example_branch_python_dop_operator_3.py
[2024-06-11T21:15:52.473+0000] {processor.py:756} INFO - Processing file /home/airflow/.local/lib/python3.7/site-packages/airflow/example_dags/example_branch_python_dop_operator_3.py for tasks to queue
[2024-06-11T21:15:52.474+0000] {logging_mixin.py:120} INFO - [2024-06-11T21:15:52.474+0000] {dagbag.py:537} INFO - Filling up the DagBag from /home/airflow/.local/lib/python3.7/site-packages/airflow/example_dags/example_branch_python_dop_operator_3.py
[2024-06-11T21:15:52.492+0000] {processor.py:766} INFO - DAG(s) dict_keys(['example_branch_dop_operator_v3']) retrieved from /home/airflow/.local/lib/python3.7/site-packages/airflow/example_dags/example_branch_python_dop_operator_3.py
[2024-06-11T21:15:52.524+0000] {logging_mixin.py:120} INFO - [2024-06-11T21:15:52.524+0000] {dag.py:2585} INFO - Sync 1 DAGs
[2024-06-11T21:15:52.548+0000] {logging_mixin.py:120} INFO - [2024-06-11T21:15:52.548+0000] {dag.py:3340} INFO - Setting next_dagrun for example_branch_dop_operator_v3 to 2024-06-11T21:14:00+00:00, run_after=2024-06-11T21:15:00+00:00
[2024-06-11T21:15:52.563+0000] {processor.py:176} INFO - Processing /home/airflow/.local/lib/python3.7/site-packages/airflow/example_dags/example_branch_python_dop_operator_3.py took 0.093 seconds
[2024-06-11T21:16:22.968+0000] {processor.py:154} INFO - Started process (PID=3104) to work on /home/airflow/.local/lib/python3.7/site-packages/airflow/example_dags/example_branch_python_dop_operator_3.py
[2024-06-11T21:16:22.969+0000] {processor.py:756} INFO - Processing file /home/airflow/.local/lib/python3.7/site-packages/airflow/example_dags/example_branch_python_dop_operator_3.py for tasks to queue
[2024-06-11T21:16:22.969+0000] {logging_mixin.py:120} INFO - [2024-06-11T21:16:22.969+0000] {dagbag.py:537} INFO - Filling up the DagBag from /home/airflow/.local/lib/python3.7/site-packages/airflow/example_dags/example_branch_python_dop_operator_3.py
[2024-06-11T21:16:22.989+0000] {processor.py:766} INFO - DAG(s) dict_keys(['example_branch_dop_operator_v3']) retrieved from /home/airflow/.local/lib/python3.7/site-packages/airflow/example_dags/example_branch_python_dop_operator_3.py
[2024-06-11T21:16:23.023+0000] {logging_mixin.py:120} INFO - [2024-06-11T21:16:23.023+0000] {dag.py:2585} INFO - Sync 1 DAGs
[2024-06-11T21:16:23.048+0000] {logging_mixin.py:120} INFO - [2024-06-11T21:16:23.048+0000] {dag.py:3340} INFO - Setting next_dagrun for example_branch_dop_operator_v3 to 2024-06-11T21:15:00+00:00, run_after=2024-06-11T21:16:00+00:00
[2024-06-11T21:16:23.064+0000] {processor.py:176} INFO - Processing /home/airflow/.local/lib/python3.7/site-packages/airflow/example_dags/example_branch_python_dop_operator_3.py took 0.100 seconds
[2024-06-11T21:16:53.389+0000] {processor.py:154} INFO - Started process (PID=3167) to work on /home/airflow/.local/lib/python3.7/site-packages/airflow/example_dags/example_branch_python_dop_operator_3.py
[2024-06-11T21:16:53.390+0000] {processor.py:756} INFO - Processing file /home/airflow/.local/lib/python3.7/site-packages/airflow/example_dags/example_branch_python_dop_operator_3.py for tasks to queue
[2024-06-11T21:16:53.391+0000] {logging_mixin.py:120} INFO - [2024-06-11T21:16:53.391+0000] {dagbag.py:537} INFO - Filling up the DagBag from /home/airflow/.local/lib/python3.7/site-packages/airflow/example_dags/example_branch_python_dop_operator_3.py
[2024-06-11T21:16:53.410+0000] {processor.py:766} INFO - DAG(s) dict_keys(['example_branch_dop_operator_v3']) retrieved from /home/airflow/.local/lib/python3.7/site-packages/airflow/example_dags/example_branch_python_dop_operator_3.py
[2024-06-11T21:16:53.442+0000] {logging_mixin.py:120} INFO - [2024-06-11T21:16:53.442+0000] {dag.py:2585} INFO - Sync 1 DAGs
[2024-06-11T21:16:53.467+0000] {logging_mixin.py:120} INFO - [2024-06-11T21:16:53.467+0000] {dag.py:3340} INFO - Setting next_dagrun for example_branch_dop_operator_v3 to 2024-06-11T21:15:00+00:00, run_after=2024-06-11T21:16:00+00:00
[2024-06-11T21:16:53.483+0000] {processor.py:176} INFO - Processing /home/airflow/.local/lib/python3.7/site-packages/airflow/example_dags/example_branch_python_dop_operator_3.py took 0.097 seconds
[2024-06-11T21:30:33.096+0000] {processor.py:154} INFO - Started process (PID=3222) to work on /home/airflow/.local/lib/python3.7/site-packages/airflow/example_dags/example_branch_python_dop_operator_3.py
[2024-06-11T21:30:33.097+0000] {processor.py:756} INFO - Processing file /home/airflow/.local/lib/python3.7/site-packages/airflow/example_dags/example_branch_python_dop_operator_3.py for tasks to queue
[2024-06-11T21:30:33.097+0000] {logging_mixin.py:120} INFO - [2024-06-11T21:30:33.097+0000] {dagbag.py:537} INFO - Filling up the DagBag from /home/airflow/.local/lib/python3.7/site-packages/airflow/example_dags/example_branch_python_dop_operator_3.py
[2024-06-11T21:30:33.116+0000] {processor.py:766} INFO - DAG(s) dict_keys(['example_branch_dop_operator_v3']) retrieved from /home/airflow/.local/lib/python3.7/site-packages/airflow/example_dags/example_branch_python_dop_operator_3.py
[2024-06-11T21:30:33.151+0000] {logging_mixin.py:120} INFO - [2024-06-11T21:30:33.150+0000] {dag.py:2585} INFO - Sync 1 DAGs
[2024-06-11T21:30:33.175+0000] {logging_mixin.py:120} INFO - [2024-06-11T21:30:33.175+0000] {dag.py:3340} INFO - Setting next_dagrun for example_branch_dop_operator_v3 to 2024-06-11T21:29:00+00:00, run_after=2024-06-11T21:30:00+00:00
[2024-06-11T21:30:33.190+0000] {processor.py:176} INFO - Processing /home/airflow/.local/lib/python3.7/site-packages/airflow/example_dags/example_branch_python_dop_operator_3.py took 0.097 seconds
[2024-06-11T21:31:03.500+0000] {processor.py:154} INFO - Started process (PID=3285) to work on /home/airflow/.local/lib/python3.7/site-packages/airflow/example_dags/example_branch_python_dop_operator_3.py
[2024-06-11T21:31:03.501+0000] {processor.py:756} INFO - Processing file /home/airflow/.local/lib/python3.7/site-packages/airflow/example_dags/example_branch_python_dop_operator_3.py for tasks to queue
[2024-06-11T21:31:03.502+0000] {logging_mixin.py:120} INFO - [2024-06-11T21:31:03.502+0000] {dagbag.py:537} INFO - Filling up the DagBag from /home/airflow/.local/lib/python3.7/site-packages/airflow/example_dags/example_branch_python_dop_operator_3.py
[2024-06-11T21:31:03.525+0000] {processor.py:766} INFO - DAG(s) dict_keys(['example_branch_dop_operator_v3']) retrieved from /home/airflow/.local/lib/python3.7/site-packages/airflow/example_dags/example_branch_python_dop_operator_3.py
[2024-06-11T21:31:03.568+0000] {logging_mixin.py:120} INFO - [2024-06-11T21:31:03.568+0000] {dag.py:2585} INFO - Sync 1 DAGs
[2024-06-11T21:31:03.613+0000] {logging_mixin.py:120} INFO - [2024-06-11T21:31:03.613+0000] {dag.py:3340} INFO - Setting next_dagrun for example_branch_dop_operator_v3 to 2024-06-11T21:30:00+00:00, run_after=2024-06-11T21:31:00+00:00
[2024-06-11T21:31:03.633+0000] {processor.py:176} INFO - Processing /home/airflow/.local/lib/python3.7/site-packages/airflow/example_dags/example_branch_python_dop_operator_3.py took 0.136 seconds
[2024-06-11T21:31:34.353+0000] {processor.py:154} INFO - Started process (PID=3348) to work on /home/airflow/.local/lib/python3.7/site-packages/airflow/example_dags/example_branch_python_dop_operator_3.py
[2024-06-11T21:31:34.354+0000] {processor.py:756} INFO - Processing file /home/airflow/.local/lib/python3.7/site-packages/airflow/example_dags/example_branch_python_dop_operator_3.py for tasks to queue
[2024-06-11T21:31:34.354+0000] {logging_mixin.py:120} INFO - [2024-06-11T21:31:34.354+0000] {dagbag.py:537} INFO - Filling up the DagBag from /home/airflow/.local/lib/python3.7/site-packages/airflow/example_dags/example_branch_python_dop_operator_3.py
[2024-06-11T21:31:34.373+0000] {processor.py:766} INFO - DAG(s) dict_keys(['example_branch_dop_operator_v3']) retrieved from /home/airflow/.local/lib/python3.7/site-packages/airflow/example_dags/example_branch_python_dop_operator_3.py
[2024-06-11T21:31:34.406+0000] {logging_mixin.py:120} INFO - [2024-06-11T21:31:34.406+0000] {dag.py:2585} INFO - Sync 1 DAGs
[2024-06-11T21:31:34.431+0000] {logging_mixin.py:120} INFO - [2024-06-11T21:31:34.431+0000] {dag.py:3340} INFO - Setting next_dagrun for example_branch_dop_operator_v3 to 2024-06-11T21:30:00+00:00, run_after=2024-06-11T21:31:00+00:00
[2024-06-11T21:31:34.447+0000] {processor.py:176} INFO - Processing /home/airflow/.local/lib/python3.7/site-packages/airflow/example_dags/example_branch_python_dop_operator_3.py took 0.097 seconds
[2024-06-11T21:32:04.859+0000] {processor.py:154} INFO - Started process (PID=3411) to work on /home/airflow/.local/lib/python3.7/site-packages/airflow/example_dags/example_branch_python_dop_operator_3.py
[2024-06-11T21:32:04.860+0000] {processor.py:756} INFO - Processing file /home/airflow/.local/lib/python3.7/site-packages/airflow/example_dags/example_branch_python_dop_operator_3.py for tasks to queue
[2024-06-11T21:32:04.860+0000] {logging_mixin.py:120} INFO - [2024-06-11T21:32:04.860+0000] {dagbag.py:537} INFO - Filling up the DagBag from /home/airflow/.local/lib/python3.7/site-packages/airflow/example_dags/example_branch_python_dop_operator_3.py
[2024-06-11T21:32:04.879+0000] {processor.py:766} INFO - DAG(s) dict_keys(['example_branch_dop_operator_v3']) retrieved from /home/airflow/.local/lib/python3.7/site-packages/airflow/example_dags/example_branch_python_dop_operator_3.py
[2024-06-11T21:32:04.911+0000] {logging_mixin.py:120} INFO - [2024-06-11T21:32:04.911+0000] {dag.py:2585} INFO - Sync 1 DAGs
[2024-06-11T21:32:04.936+0000] {logging_mixin.py:120} INFO - [2024-06-11T21:32:04.936+0000] {dag.py:3340} INFO - Setting next_dagrun for example_branch_dop_operator_v3 to 2024-06-11T21:31:00+00:00, run_after=2024-06-11T21:32:00+00:00
[2024-06-11T21:32:04.951+0000] {processor.py:176} INFO - Processing /home/airflow/.local/lib/python3.7/site-packages/airflow/example_dags/example_branch_python_dop_operator_3.py took 0.095 seconds
[2024-06-11T21:32:35.103+0000] {processor.py:154} INFO - Started process (PID=3465) to work on /home/airflow/.local/lib/python3.7/site-packages/airflow/example_dags/example_branch_python_dop_operator_3.py
[2024-06-11T21:32:35.104+0000] {processor.py:756} INFO - Processing file /home/airflow/.local/lib/python3.7/site-packages/airflow/example_dags/example_branch_python_dop_operator_3.py for tasks to queue
[2024-06-11T21:32:35.105+0000] {logging_mixin.py:120} INFO - [2024-06-11T21:32:35.105+0000] {dagbag.py:537} INFO - Filling up the DagBag from /home/airflow/.local/lib/python3.7/site-packages/airflow/example_dags/example_branch_python_dop_operator_3.py
[2024-06-11T21:32:35.124+0000] {processor.py:766} INFO - DAG(s) dict_keys(['example_branch_dop_operator_v3']) retrieved from /home/airflow/.local/lib/python3.7/site-packages/airflow/example_dags/example_branch_python_dop_operator_3.py
[2024-06-11T21:32:35.160+0000] {logging_mixin.py:120} INFO - [2024-06-11T21:32:35.160+0000] {dag.py:2585} INFO - Sync 1 DAGs
[2024-06-11T21:32:35.185+0000] {logging_mixin.py:120} INFO - [2024-06-11T21:32:35.185+0000] {dag.py:3340} INFO - Setting next_dagrun for example_branch_dop_operator_v3 to 2024-06-11T21:31:00+00:00, run_after=2024-06-11T21:32:00+00:00
[2024-06-11T21:32:35.200+0000] {processor.py:176} INFO - Processing /home/airflow/.local/lib/python3.7/site-packages/airflow/example_dags/example_branch_python_dop_operator_3.py took 0.100 seconds
[2024-06-11T21:33:05.357+0000] {processor.py:154} INFO - Started process (PID=3528) to work on /home/airflow/.local/lib/python3.7/site-packages/airflow/example_dags/example_branch_python_dop_operator_3.py
[2024-06-11T21:33:05.362+0000] {processor.py:756} INFO - Processing file /home/airflow/.local/lib/python3.7/site-packages/airflow/example_dags/example_branch_python_dop_operator_3.py for tasks to queue
[2024-06-11T21:33:05.363+0000] {logging_mixin.py:120} INFO - [2024-06-11T21:33:05.363+0000] {dagbag.py:537} INFO - Filling up the DagBag from /home/airflow/.local/lib/python3.7/site-packages/airflow/example_dags/example_branch_python_dop_operator_3.py
[2024-06-11T21:33:05.383+0000] {processor.py:766} INFO - DAG(s) dict_keys(['example_branch_dop_operator_v3']) retrieved from /home/airflow/.local/lib/python3.7/site-packages/airflow/example_dags/example_branch_python_dop_operator_3.py
[2024-06-11T21:33:05.422+0000] {logging_mixin.py:120} INFO - [2024-06-11T21:33:05.422+0000] {dag.py:2585} INFO - Sync 1 DAGs
[2024-06-11T21:33:05.448+0000] {logging_mixin.py:120} INFO - [2024-06-11T21:33:05.448+0000] {dag.py:3340} INFO - Setting next_dagrun for example_branch_dop_operator_v3 to 2024-06-11T21:32:00+00:00, run_after=2024-06-11T21:33:00+00:00
[2024-06-11T21:33:05.467+0000] {processor.py:176} INFO - Processing /home/airflow/.local/lib/python3.7/site-packages/airflow/example_dags/example_branch_python_dop_operator_3.py took 0.113 seconds
[2024-06-11T21:33:35.582+0000] {processor.py:154} INFO - Started process (PID=3591) to work on /home/airflow/.local/lib/python3.7/site-packages/airflow/example_dags/example_branch_python_dop_operator_3.py
[2024-06-11T21:33:35.583+0000] {processor.py:756} INFO - Processing file /home/airflow/.local/lib/python3.7/site-packages/airflow/example_dags/example_branch_python_dop_operator_3.py for tasks to queue
[2024-06-11T21:33:35.584+0000] {logging_mixin.py:120} INFO - [2024-06-11T21:33:35.584+0000] {dagbag.py:537} INFO - Filling up the DagBag from /home/airflow/.local/lib/python3.7/site-packages/airflow/example_dags/example_branch_python_dop_operator_3.py
[2024-06-11T21:33:35.608+0000] {processor.py:766} INFO - DAG(s) dict_keys(['example_branch_dop_operator_v3']) retrieved from /home/airflow/.local/lib/python3.7/site-packages/airflow/example_dags/example_branch_python_dop_operator_3.py
[2024-06-11T21:33:35.646+0000] {logging_mixin.py:120} INFO - [2024-06-11T21:33:35.646+0000] {dag.py:2585} INFO - Sync 1 DAGs
[2024-06-11T21:33:35.675+0000] {logging_mixin.py:120} INFO - [2024-06-11T21:33:35.675+0000] {dag.py:3340} INFO - Setting next_dagrun for example_branch_dop_operator_v3 to 2024-06-11T21:32:00+00:00, run_after=2024-06-11T21:33:00+00:00
[2024-06-11T21:33:35.692+0000] {processor.py:176} INFO - Processing /home/airflow/.local/lib/python3.7/site-packages/airflow/example_dags/example_branch_python_dop_operator_3.py took 0.114 seconds
[2024-06-11T21:35:17.775+0000] {processor.py:154} INFO - Started process (PID=42) to work on /home/airflow/.local/lib/python3.7/site-packages/airflow/example_dags/example_branch_python_dop_operator_3.py
[2024-06-11T21:35:17.777+0000] {processor.py:756} INFO - Processing file /home/airflow/.local/lib/python3.7/site-packages/airflow/example_dags/example_branch_python_dop_operator_3.py for tasks to queue
[2024-06-11T21:35:17.778+0000] {logging_mixin.py:120} INFO - [2024-06-11T21:35:17.778+0000] {dagbag.py:537} INFO - Filling up the DagBag from /home/airflow/.local/lib/python3.7/site-packages/airflow/example_dags/example_branch_python_dop_operator_3.py
[2024-06-11T21:35:17.825+0000] {processor.py:766} INFO - DAG(s) dict_keys(['example_branch_dop_operator_v3']) retrieved from /home/airflow/.local/lib/python3.7/site-packages/airflow/example_dags/example_branch_python_dop_operator_3.py
[2024-06-11T21:35:17.874+0000] {logging_mixin.py:120} INFO - [2024-06-11T21:35:17.874+0000] {dag.py:2585} INFO - Sync 1 DAGs
[2024-06-11T21:35:17.907+0000] {logging_mixin.py:120} INFO - [2024-06-11T21:35:17.907+0000] {dag.py:3340} INFO - Setting next_dagrun for example_branch_dop_operator_v3 to 2024-06-11T21:34:00+00:00, run_after=2024-06-11T21:35:00+00:00
[2024-06-11T21:35:17.927+0000] {processor.py:176} INFO - Processing /home/airflow/.local/lib/python3.7/site-packages/airflow/example_dags/example_branch_python_dop_operator_3.py took 0.158 seconds
