[2024-06-11T13:03:42.249+0000] {processor.py:154} INFO - Started process (PID=80) to work on /home/airflow/.local/lib/python3.7/site-packages/airflow/example_dags/example_local_kubernetes_executor.py
[2024-06-11T13:03:42.250+0000] {processor.py:756} INFO - Processing file /home/airflow/.local/lib/python3.7/site-packages/airflow/example_dags/example_local_kubernetes_executor.py for tasks to queue
[2024-06-11T13:03:42.252+0000] {logging_mixin.py:120} INFO - [2024-06-11T13:03:42.252+0000] {dagbag.py:537} INFO - Filling up the DagBag from /home/airflow/.local/lib/python3.7/site-packages/airflow/example_dags/example_local_kubernetes_executor.py
[2024-06-11T13:03:42.300+0000] {processor.py:766} INFO - DAG(s) dict_keys(['example_local_kubernetes_executor']) retrieved from /home/airflow/.local/lib/python3.7/site-packages/airflow/example_dags/example_local_kubernetes_executor.py
[2024-06-11T13:03:42.380+0000] {logging_mixin.py:120} INFO - [2024-06-11T13:03:42.380+0000] {dag.py:2585} INFO - Sync 1 DAGs
[2024-06-11T13:03:42.453+0000] {logging_mixin.py:120} INFO - [2024-06-11T13:03:42.453+0000] {dag.py:3340} INFO - Setting next_dagrun for example_local_kubernetes_executor to None, run_after=None
[2024-06-11T13:03:42.510+0000] {processor.py:176} INFO - Processing /home/airflow/.local/lib/python3.7/site-packages/airflow/example_dags/example_local_kubernetes_executor.py took 0.265 seconds
[2024-06-11T18:16:18.202+0000] {processor.py:154} INFO - Started process (PID=79) to work on /home/airflow/.local/lib/python3.7/site-packages/airflow/example_dags/example_local_kubernetes_executor.py
[2024-06-11T18:16:18.206+0000] {processor.py:756} INFO - Processing file /home/airflow/.local/lib/python3.7/site-packages/airflow/example_dags/example_local_kubernetes_executor.py for tasks to queue
[2024-06-11T18:16:18.208+0000] {logging_mixin.py:120} INFO - [2024-06-11T18:16:18.207+0000] {dagbag.py:537} INFO - Filling up the DagBag from /home/airflow/.local/lib/python3.7/site-packages/airflow/example_dags/example_local_kubernetes_executor.py
[2024-06-11T18:16:18.295+0000] {processor.py:766} INFO - DAG(s) dict_keys(['example_local_kubernetes_executor']) retrieved from /home/airflow/.local/lib/python3.7/site-packages/airflow/example_dags/example_local_kubernetes_executor.py
[2024-06-11T18:16:18.414+0000] {logging_mixin.py:120} INFO - [2024-06-11T18:16:18.414+0000] {dag.py:2585} INFO - Sync 1 DAGs
[2024-06-11T18:16:18.501+0000] {logging_mixin.py:120} INFO - [2024-06-11T18:16:18.501+0000] {dag.py:3340} INFO - Setting next_dagrun for example_local_kubernetes_executor to None, run_after=None
[2024-06-11T18:16:18.557+0000] {processor.py:176} INFO - Processing /home/airflow/.local/lib/python3.7/site-packages/airflow/example_dags/example_local_kubernetes_executor.py took 0.363 seconds
[2024-06-11T18:16:48.901+0000] {processor.py:154} INFO - Started process (PID=133) to work on /home/airflow/.local/lib/python3.7/site-packages/airflow/example_dags/example_local_kubernetes_executor.py
[2024-06-11T18:16:48.902+0000] {processor.py:756} INFO - Processing file /home/airflow/.local/lib/python3.7/site-packages/airflow/example_dags/example_local_kubernetes_executor.py for tasks to queue
[2024-06-11T18:16:48.903+0000] {logging_mixin.py:120} INFO - [2024-06-11T18:16:48.902+0000] {dagbag.py:537} INFO - Filling up the DagBag from /home/airflow/.local/lib/python3.7/site-packages/airflow/example_dags/example_local_kubernetes_executor.py
[2024-06-11T18:16:48.921+0000] {processor.py:766} INFO - DAG(s) dict_keys(['example_local_kubernetes_executor']) retrieved from /home/airflow/.local/lib/python3.7/site-packages/airflow/example_dags/example_local_kubernetes_executor.py
[2024-06-11T18:16:48.954+0000] {logging_mixin.py:120} INFO - [2024-06-11T18:16:48.954+0000] {dag.py:2585} INFO - Sync 1 DAGs
[2024-06-11T18:16:48.974+0000] {logging_mixin.py:120} INFO - [2024-06-11T18:16:48.973+0000] {dag.py:3340} INFO - Setting next_dagrun for example_local_kubernetes_executor to None, run_after=None
[2024-06-11T18:16:48.988+0000] {processor.py:176} INFO - Processing /home/airflow/.local/lib/python3.7/site-packages/airflow/example_dags/example_local_kubernetes_executor.py took 0.090 seconds
[2024-06-11T18:17:19.620+0000] {processor.py:154} INFO - Started process (PID=197) to work on /home/airflow/.local/lib/python3.7/site-packages/airflow/example_dags/example_local_kubernetes_executor.py
[2024-06-11T18:17:19.621+0000] {processor.py:756} INFO - Processing file /home/airflow/.local/lib/python3.7/site-packages/airflow/example_dags/example_local_kubernetes_executor.py for tasks to queue
[2024-06-11T18:17:19.621+0000] {logging_mixin.py:120} INFO - [2024-06-11T18:17:19.621+0000] {dagbag.py:537} INFO - Filling up the DagBag from /home/airflow/.local/lib/python3.7/site-packages/airflow/example_dags/example_local_kubernetes_executor.py
[2024-06-11T18:17:19.645+0000] {processor.py:766} INFO - DAG(s) dict_keys(['example_local_kubernetes_executor']) retrieved from /home/airflow/.local/lib/python3.7/site-packages/airflow/example_dags/example_local_kubernetes_executor.py
[2024-06-11T18:17:19.682+0000] {logging_mixin.py:120} INFO - [2024-06-11T18:17:19.681+0000] {dag.py:2585} INFO - Sync 1 DAGs
[2024-06-11T18:17:19.708+0000] {logging_mixin.py:120} INFO - [2024-06-11T18:17:19.708+0000] {dag.py:3340} INFO - Setting next_dagrun for example_local_kubernetes_executor to None, run_after=None
[2024-06-11T18:17:19.729+0000] {processor.py:176} INFO - Processing /home/airflow/.local/lib/python3.7/site-packages/airflow/example_dags/example_local_kubernetes_executor.py took 0.112 seconds
[2024-06-11T18:33:55.270+0000] {processor.py:154} INFO - Started process (PID=249) to work on /home/airflow/.local/lib/python3.7/site-packages/airflow/example_dags/example_local_kubernetes_executor.py
[2024-06-11T18:33:55.272+0000] {processor.py:756} INFO - Processing file /home/airflow/.local/lib/python3.7/site-packages/airflow/example_dags/example_local_kubernetes_executor.py for tasks to queue
[2024-06-11T18:33:55.273+0000] {logging_mixin.py:120} INFO - [2024-06-11T18:33:55.272+0000] {dagbag.py:537} INFO - Filling up the DagBag from /home/airflow/.local/lib/python3.7/site-packages/airflow/example_dags/example_local_kubernetes_executor.py
[2024-06-11T18:33:55.299+0000] {processor.py:766} INFO - DAG(s) dict_keys(['example_local_kubernetes_executor']) retrieved from /home/airflow/.local/lib/python3.7/site-packages/airflow/example_dags/example_local_kubernetes_executor.py
[2024-06-11T18:33:55.345+0000] {logging_mixin.py:120} INFO - [2024-06-11T18:33:55.345+0000] {dag.py:2585} INFO - Sync 1 DAGs
[2024-06-11T18:33:55.376+0000] {logging_mixin.py:120} INFO - [2024-06-11T18:33:55.376+0000] {dag.py:3340} INFO - Setting next_dagrun for example_local_kubernetes_executor to None, run_after=None
[2024-06-11T18:33:55.401+0000] {processor.py:176} INFO - Processing /home/airflow/.local/lib/python3.7/site-packages/airflow/example_dags/example_local_kubernetes_executor.py took 0.135 seconds
[2024-06-11T18:34:26.285+0000] {processor.py:154} INFO - Started process (PID=305) to work on /home/airflow/.local/lib/python3.7/site-packages/airflow/example_dags/example_local_kubernetes_executor.py
[2024-06-11T18:34:26.286+0000] {processor.py:756} INFO - Processing file /home/airflow/.local/lib/python3.7/site-packages/airflow/example_dags/example_local_kubernetes_executor.py for tasks to queue
[2024-06-11T18:34:26.286+0000] {logging_mixin.py:120} INFO - [2024-06-11T18:34:26.286+0000] {dagbag.py:537} INFO - Filling up the DagBag from /home/airflow/.local/lib/python3.7/site-packages/airflow/example_dags/example_local_kubernetes_executor.py
[2024-06-11T18:34:26.306+0000] {processor.py:766} INFO - DAG(s) dict_keys(['example_local_kubernetes_executor']) retrieved from /home/airflow/.local/lib/python3.7/site-packages/airflow/example_dags/example_local_kubernetes_executor.py
[2024-06-11T18:34:26.341+0000] {logging_mixin.py:120} INFO - [2024-06-11T18:34:26.341+0000] {dag.py:2585} INFO - Sync 1 DAGs
[2024-06-11T18:34:26.363+0000] {logging_mixin.py:120} INFO - [2024-06-11T18:34:26.362+0000] {dag.py:3340} INFO - Setting next_dagrun for example_local_kubernetes_executor to None, run_after=None
[2024-06-11T18:34:26.378+0000] {processor.py:176} INFO - Processing /home/airflow/.local/lib/python3.7/site-packages/airflow/example_dags/example_local_kubernetes_executor.py took 0.096 seconds
[2024-06-11T18:34:56.517+0000] {processor.py:154} INFO - Started process (PID=368) to work on /home/airflow/.local/lib/python3.7/site-packages/airflow/example_dags/example_local_kubernetes_executor.py
[2024-06-11T18:34:56.518+0000] {processor.py:756} INFO - Processing file /home/airflow/.local/lib/python3.7/site-packages/airflow/example_dags/example_local_kubernetes_executor.py for tasks to queue
[2024-06-11T18:34:56.519+0000] {logging_mixin.py:120} INFO - [2024-06-11T18:34:56.518+0000] {dagbag.py:537} INFO - Filling up the DagBag from /home/airflow/.local/lib/python3.7/site-packages/airflow/example_dags/example_local_kubernetes_executor.py
[2024-06-11T18:34:56.537+0000] {processor.py:766} INFO - DAG(s) dict_keys(['example_local_kubernetes_executor']) retrieved from /home/airflow/.local/lib/python3.7/site-packages/airflow/example_dags/example_local_kubernetes_executor.py
[2024-06-11T18:34:56.573+0000] {logging_mixin.py:120} INFO - [2024-06-11T18:34:56.573+0000] {dag.py:2585} INFO - Sync 1 DAGs
[2024-06-11T18:34:56.596+0000] {logging_mixin.py:120} INFO - [2024-06-11T18:34:56.596+0000] {dag.py:3340} INFO - Setting next_dagrun for example_local_kubernetes_executor to None, run_after=None
[2024-06-11T18:34:56.612+0000] {processor.py:176} INFO - Processing /home/airflow/.local/lib/python3.7/site-packages/airflow/example_dags/example_local_kubernetes_executor.py took 0.098 seconds
[2024-06-11T18:35:26.809+0000] {processor.py:154} INFO - Started process (PID=431) to work on /home/airflow/.local/lib/python3.7/site-packages/airflow/example_dags/example_local_kubernetes_executor.py
[2024-06-11T18:35:26.810+0000] {processor.py:756} INFO - Processing file /home/airflow/.local/lib/python3.7/site-packages/airflow/example_dags/example_local_kubernetes_executor.py for tasks to queue
[2024-06-11T18:35:26.810+0000] {logging_mixin.py:120} INFO - [2024-06-11T18:35:26.810+0000] {dagbag.py:537} INFO - Filling up the DagBag from /home/airflow/.local/lib/python3.7/site-packages/airflow/example_dags/example_local_kubernetes_executor.py
[2024-06-11T18:35:26.829+0000] {processor.py:766} INFO - DAG(s) dict_keys(['example_local_kubernetes_executor']) retrieved from /home/airflow/.local/lib/python3.7/site-packages/airflow/example_dags/example_local_kubernetes_executor.py
[2024-06-11T18:35:26.862+0000] {logging_mixin.py:120} INFO - [2024-06-11T18:35:26.862+0000] {dag.py:2585} INFO - Sync 1 DAGs
[2024-06-11T18:35:26.882+0000] {logging_mixin.py:120} INFO - [2024-06-11T18:35:26.882+0000] {dag.py:3340} INFO - Setting next_dagrun for example_local_kubernetes_executor to None, run_after=None
[2024-06-11T18:35:26.898+0000] {processor.py:176} INFO - Processing /home/airflow/.local/lib/python3.7/site-packages/airflow/example_dags/example_local_kubernetes_executor.py took 0.092 seconds
[2024-06-11T18:53:04.750+0000] {processor.py:154} INFO - Started process (PID=485) to work on /home/airflow/.local/lib/python3.7/site-packages/airflow/example_dags/example_local_kubernetes_executor.py
[2024-06-11T18:53:04.751+0000] {processor.py:756} INFO - Processing file /home/airflow/.local/lib/python3.7/site-packages/airflow/example_dags/example_local_kubernetes_executor.py for tasks to queue
[2024-06-11T18:53:04.752+0000] {logging_mixin.py:120} INFO - [2024-06-11T18:53:04.752+0000] {dagbag.py:537} INFO - Filling up the DagBag from /home/airflow/.local/lib/python3.7/site-packages/airflow/example_dags/example_local_kubernetes_executor.py
[2024-06-11T18:53:04.778+0000] {processor.py:766} INFO - DAG(s) dict_keys(['example_local_kubernetes_executor']) retrieved from /home/airflow/.local/lib/python3.7/site-packages/airflow/example_dags/example_local_kubernetes_executor.py
[2024-06-11T18:53:04.819+0000] {logging_mixin.py:120} INFO - [2024-06-11T18:53:04.819+0000] {dag.py:2585} INFO - Sync 1 DAGs
[2024-06-11T18:53:04.844+0000] {logging_mixin.py:120} INFO - [2024-06-11T18:53:04.844+0000] {dag.py:3340} INFO - Setting next_dagrun for example_local_kubernetes_executor to None, run_after=None
[2024-06-11T18:53:04.869+0000] {processor.py:176} INFO - Processing /home/airflow/.local/lib/python3.7/site-packages/airflow/example_dags/example_local_kubernetes_executor.py took 0.124 seconds
[2024-06-11T18:53:35.354+0000] {processor.py:154} INFO - Started process (PID=548) to work on /home/airflow/.local/lib/python3.7/site-packages/airflow/example_dags/example_local_kubernetes_executor.py
[2024-06-11T18:53:35.356+0000] {processor.py:756} INFO - Processing file /home/airflow/.local/lib/python3.7/site-packages/airflow/example_dags/example_local_kubernetes_executor.py for tasks to queue
[2024-06-11T18:53:35.357+0000] {logging_mixin.py:120} INFO - [2024-06-11T18:53:35.357+0000] {dagbag.py:537} INFO - Filling up the DagBag from /home/airflow/.local/lib/python3.7/site-packages/airflow/example_dags/example_local_kubernetes_executor.py
[2024-06-11T18:53:35.376+0000] {processor.py:766} INFO - DAG(s) dict_keys(['example_local_kubernetes_executor']) retrieved from /home/airflow/.local/lib/python3.7/site-packages/airflow/example_dags/example_local_kubernetes_executor.py
[2024-06-11T18:53:35.407+0000] {logging_mixin.py:120} INFO - [2024-06-11T18:53:35.407+0000] {dag.py:2585} INFO - Sync 1 DAGs
[2024-06-11T18:53:35.428+0000] {logging_mixin.py:120} INFO - [2024-06-11T18:53:35.428+0000] {dag.py:3340} INFO - Setting next_dagrun for example_local_kubernetes_executor to None, run_after=None
[2024-06-11T18:53:35.443+0000] {processor.py:176} INFO - Processing /home/airflow/.local/lib/python3.7/site-packages/airflow/example_dags/example_local_kubernetes_executor.py took 0.091 seconds
[2024-06-11T18:54:05.616+0000] {processor.py:154} INFO - Started process (PID=611) to work on /home/airflow/.local/lib/python3.7/site-packages/airflow/example_dags/example_local_kubernetes_executor.py
[2024-06-11T18:54:05.617+0000] {processor.py:756} INFO - Processing file /home/airflow/.local/lib/python3.7/site-packages/airflow/example_dags/example_local_kubernetes_executor.py for tasks to queue
[2024-06-11T18:54:05.618+0000] {logging_mixin.py:120} INFO - [2024-06-11T18:54:05.618+0000] {dagbag.py:537} INFO - Filling up the DagBag from /home/airflow/.local/lib/python3.7/site-packages/airflow/example_dags/example_local_kubernetes_executor.py
[2024-06-11T18:54:05.637+0000] {processor.py:766} INFO - DAG(s) dict_keys(['example_local_kubernetes_executor']) retrieved from /home/airflow/.local/lib/python3.7/site-packages/airflow/example_dags/example_local_kubernetes_executor.py
[2024-06-11T18:54:05.672+0000] {logging_mixin.py:120} INFO - [2024-06-11T18:54:05.672+0000] {dag.py:2585} INFO - Sync 1 DAGs
[2024-06-11T18:54:05.693+0000] {logging_mixin.py:120} INFO - [2024-06-11T18:54:05.693+0000] {dag.py:3340} INFO - Setting next_dagrun for example_local_kubernetes_executor to None, run_after=None
[2024-06-11T18:54:05.708+0000] {processor.py:176} INFO - Processing /home/airflow/.local/lib/python3.7/site-packages/airflow/example_dags/example_local_kubernetes_executor.py took 0.095 seconds
[2024-06-11T18:54:35.894+0000] {processor.py:154} INFO - Started process (PID=674) to work on /home/airflow/.local/lib/python3.7/site-packages/airflow/example_dags/example_local_kubernetes_executor.py
[2024-06-11T18:54:35.895+0000] {processor.py:756} INFO - Processing file /home/airflow/.local/lib/python3.7/site-packages/airflow/example_dags/example_local_kubernetes_executor.py for tasks to queue
[2024-06-11T18:54:35.896+0000] {logging_mixin.py:120} INFO - [2024-06-11T18:54:35.896+0000] {dagbag.py:537} INFO - Filling up the DagBag from /home/airflow/.local/lib/python3.7/site-packages/airflow/example_dags/example_local_kubernetes_executor.py
[2024-06-11T18:54:35.916+0000] {processor.py:766} INFO - DAG(s) dict_keys(['example_local_kubernetes_executor']) retrieved from /home/airflow/.local/lib/python3.7/site-packages/airflow/example_dags/example_local_kubernetes_executor.py
[2024-06-11T18:54:35.949+0000] {logging_mixin.py:120} INFO - [2024-06-11T18:54:35.949+0000] {dag.py:2585} INFO - Sync 1 DAGs
[2024-06-11T18:54:35.970+0000] {logging_mixin.py:120} INFO - [2024-06-11T18:54:35.970+0000] {dag.py:3340} INFO - Setting next_dagrun for example_local_kubernetes_executor to None, run_after=None
[2024-06-11T18:54:35.989+0000] {processor.py:176} INFO - Processing /home/airflow/.local/lib/python3.7/site-packages/airflow/example_dags/example_local_kubernetes_executor.py took 0.098 seconds
[2024-06-11T18:55:06.270+0000] {processor.py:154} INFO - Started process (PID=728) to work on /home/airflow/.local/lib/python3.7/site-packages/airflow/example_dags/example_local_kubernetes_executor.py
[2024-06-11T18:55:06.271+0000] {processor.py:756} INFO - Processing file /home/airflow/.local/lib/python3.7/site-packages/airflow/example_dags/example_local_kubernetes_executor.py for tasks to queue
[2024-06-11T18:55:06.272+0000] {logging_mixin.py:120} INFO - [2024-06-11T18:55:06.272+0000] {dagbag.py:537} INFO - Filling up the DagBag from /home/airflow/.local/lib/python3.7/site-packages/airflow/example_dags/example_local_kubernetes_executor.py
[2024-06-11T18:55:06.291+0000] {processor.py:766} INFO - DAG(s) dict_keys(['example_local_kubernetes_executor']) retrieved from /home/airflow/.local/lib/python3.7/site-packages/airflow/example_dags/example_local_kubernetes_executor.py
[2024-06-11T18:55:06.324+0000] {logging_mixin.py:120} INFO - [2024-06-11T18:55:06.324+0000] {dag.py:2585} INFO - Sync 1 DAGs
[2024-06-11T18:55:06.344+0000] {logging_mixin.py:120} INFO - [2024-06-11T18:55:06.344+0000] {dag.py:3340} INFO - Setting next_dagrun for example_local_kubernetes_executor to None, run_after=None
[2024-06-11T18:55:06.360+0000] {processor.py:176} INFO - Processing /home/airflow/.local/lib/python3.7/site-packages/airflow/example_dags/example_local_kubernetes_executor.py took 0.093 seconds
[2024-06-11T19:13:10.511+0000] {processor.py:154} INFO - Started process (PID=791) to work on /home/airflow/.local/lib/python3.7/site-packages/airflow/example_dags/example_local_kubernetes_executor.py
[2024-06-11T19:13:10.513+0000] {processor.py:756} INFO - Processing file /home/airflow/.local/lib/python3.7/site-packages/airflow/example_dags/example_local_kubernetes_executor.py for tasks to queue
[2024-06-11T19:13:10.515+0000] {logging_mixin.py:120} INFO - [2024-06-11T19:13:10.515+0000] {dagbag.py:537} INFO - Filling up the DagBag from /home/airflow/.local/lib/python3.7/site-packages/airflow/example_dags/example_local_kubernetes_executor.py
[2024-06-11T19:13:10.560+0000] {processor.py:766} INFO - DAG(s) dict_keys(['example_local_kubernetes_executor']) retrieved from /home/airflow/.local/lib/python3.7/site-packages/airflow/example_dags/example_local_kubernetes_executor.py
[2024-06-11T19:13:10.613+0000] {logging_mixin.py:120} INFO - [2024-06-11T19:13:10.613+0000] {dag.py:2585} INFO - Sync 1 DAGs
[2024-06-11T19:13:10.652+0000] {logging_mixin.py:120} INFO - [2024-06-11T19:13:10.652+0000] {dag.py:3340} INFO - Setting next_dagrun for example_local_kubernetes_executor to None, run_after=None
[2024-06-11T19:13:10.680+0000] {processor.py:176} INFO - Processing /home/airflow/.local/lib/python3.7/site-packages/airflow/example_dags/example_local_kubernetes_executor.py took 0.175 seconds
[2024-06-11T19:13:41.516+0000] {processor.py:154} INFO - Started process (PID=854) to work on /home/airflow/.local/lib/python3.7/site-packages/airflow/example_dags/example_local_kubernetes_executor.py
[2024-06-11T19:13:41.517+0000] {processor.py:756} INFO - Processing file /home/airflow/.local/lib/python3.7/site-packages/airflow/example_dags/example_local_kubernetes_executor.py for tasks to queue
[2024-06-11T19:13:41.518+0000] {logging_mixin.py:120} INFO - [2024-06-11T19:13:41.518+0000] {dagbag.py:537} INFO - Filling up the DagBag from /home/airflow/.local/lib/python3.7/site-packages/airflow/example_dags/example_local_kubernetes_executor.py
[2024-06-11T19:13:41.543+0000] {processor.py:766} INFO - DAG(s) dict_keys(['example_local_kubernetes_executor']) retrieved from /home/airflow/.local/lib/python3.7/site-packages/airflow/example_dags/example_local_kubernetes_executor.py
[2024-06-11T19:13:41.586+0000] {logging_mixin.py:120} INFO - [2024-06-11T19:13:41.586+0000] {dag.py:2585} INFO - Sync 1 DAGs
[2024-06-11T19:13:41.612+0000] {logging_mixin.py:120} INFO - [2024-06-11T19:13:41.612+0000] {dag.py:3340} INFO - Setting next_dagrun for example_local_kubernetes_executor to None, run_after=None
[2024-06-11T19:13:41.632+0000] {processor.py:176} INFO - Processing /home/airflow/.local/lib/python3.7/site-packages/airflow/example_dags/example_local_kubernetes_executor.py took 0.119 seconds
[2024-06-11T19:14:11.839+0000] {processor.py:154} INFO - Started process (PID=908) to work on /home/airflow/.local/lib/python3.7/site-packages/airflow/example_dags/example_local_kubernetes_executor.py
[2024-06-11T19:14:11.840+0000] {processor.py:756} INFO - Processing file /home/airflow/.local/lib/python3.7/site-packages/airflow/example_dags/example_local_kubernetes_executor.py for tasks to queue
[2024-06-11T19:14:11.841+0000] {logging_mixin.py:120} INFO - [2024-06-11T19:14:11.840+0000] {dagbag.py:537} INFO - Filling up the DagBag from /home/airflow/.local/lib/python3.7/site-packages/airflow/example_dags/example_local_kubernetes_executor.py
[2024-06-11T19:14:11.872+0000] {processor.py:766} INFO - DAG(s) dict_keys(['example_local_kubernetes_executor']) retrieved from /home/airflow/.local/lib/python3.7/site-packages/airflow/example_dags/example_local_kubernetes_executor.py
[2024-06-11T19:14:11.925+0000] {logging_mixin.py:120} INFO - [2024-06-11T19:14:11.925+0000] {dag.py:2585} INFO - Sync 1 DAGs
[2024-06-11T19:14:11.953+0000] {logging_mixin.py:120} INFO - [2024-06-11T19:14:11.953+0000] {dag.py:3340} INFO - Setting next_dagrun for example_local_kubernetes_executor to None, run_after=None
[2024-06-11T19:14:11.974+0000] {processor.py:176} INFO - Processing /home/airflow/.local/lib/python3.7/site-packages/airflow/example_dags/example_local_kubernetes_executor.py took 0.138 seconds
[2024-06-11T19:14:42.184+0000] {processor.py:154} INFO - Started process (PID=971) to work on /home/airflow/.local/lib/python3.7/site-packages/airflow/example_dags/example_local_kubernetes_executor.py
[2024-06-11T19:14:42.185+0000] {processor.py:756} INFO - Processing file /home/airflow/.local/lib/python3.7/site-packages/airflow/example_dags/example_local_kubernetes_executor.py for tasks to queue
[2024-06-11T19:14:42.186+0000] {logging_mixin.py:120} INFO - [2024-06-11T19:14:42.186+0000] {dagbag.py:537} INFO - Filling up the DagBag from /home/airflow/.local/lib/python3.7/site-packages/airflow/example_dags/example_local_kubernetes_executor.py
[2024-06-11T19:14:42.207+0000] {processor.py:766} INFO - DAG(s) dict_keys(['example_local_kubernetes_executor']) retrieved from /home/airflow/.local/lib/python3.7/site-packages/airflow/example_dags/example_local_kubernetes_executor.py
[2024-06-11T19:14:42.244+0000] {logging_mixin.py:120} INFO - [2024-06-11T19:14:42.244+0000] {dag.py:2585} INFO - Sync 1 DAGs
[2024-06-11T19:14:42.266+0000] {logging_mixin.py:120} INFO - [2024-06-11T19:14:42.266+0000] {dag.py:3340} INFO - Setting next_dagrun for example_local_kubernetes_executor to None, run_after=None
[2024-06-11T19:14:42.284+0000] {processor.py:176} INFO - Processing /home/airflow/.local/lib/python3.7/site-packages/airflow/example_dags/example_local_kubernetes_executor.py took 0.104 seconds
[2024-06-11T19:31:49.930+0000] {processor.py:154} INFO - Started process (PID=1034) to work on /home/airflow/.local/lib/python3.7/site-packages/airflow/example_dags/example_local_kubernetes_executor.py
[2024-06-11T19:31:49.933+0000] {processor.py:756} INFO - Processing file /home/airflow/.local/lib/python3.7/site-packages/airflow/example_dags/example_local_kubernetes_executor.py for tasks to queue
[2024-06-11T19:31:49.934+0000] {logging_mixin.py:120} INFO - [2024-06-11T19:31:49.934+0000] {dagbag.py:537} INFO - Filling up the DagBag from /home/airflow/.local/lib/python3.7/site-packages/airflow/example_dags/example_local_kubernetes_executor.py
[2024-06-11T19:31:49.966+0000] {processor.py:766} INFO - DAG(s) dict_keys(['example_local_kubernetes_executor']) retrieved from /home/airflow/.local/lib/python3.7/site-packages/airflow/example_dags/example_local_kubernetes_executor.py
[2024-06-11T19:31:50.018+0000] {logging_mixin.py:120} INFO - [2024-06-11T19:31:50.018+0000] {dag.py:2585} INFO - Sync 1 DAGs
[2024-06-11T19:31:50.065+0000] {logging_mixin.py:120} INFO - [2024-06-11T19:31:50.065+0000] {dag.py:3340} INFO - Setting next_dagrun for example_local_kubernetes_executor to None, run_after=None
[2024-06-11T19:31:50.106+0000] {processor.py:176} INFO - Processing /home/airflow/.local/lib/python3.7/site-packages/airflow/example_dags/example_local_kubernetes_executor.py took 0.181 seconds
[2024-06-11T19:32:20.543+0000] {processor.py:154} INFO - Started process (PID=1088) to work on /home/airflow/.local/lib/python3.7/site-packages/airflow/example_dags/example_local_kubernetes_executor.py
[2024-06-11T19:32:20.543+0000] {processor.py:756} INFO - Processing file /home/airflow/.local/lib/python3.7/site-packages/airflow/example_dags/example_local_kubernetes_executor.py for tasks to queue
[2024-06-11T19:32:20.544+0000] {logging_mixin.py:120} INFO - [2024-06-11T19:32:20.544+0000] {dagbag.py:537} INFO - Filling up the DagBag from /home/airflow/.local/lib/python3.7/site-packages/airflow/example_dags/example_local_kubernetes_executor.py
[2024-06-11T19:32:20.563+0000] {processor.py:766} INFO - DAG(s) dict_keys(['example_local_kubernetes_executor']) retrieved from /home/airflow/.local/lib/python3.7/site-packages/airflow/example_dags/example_local_kubernetes_executor.py
[2024-06-11T19:32:20.597+0000] {logging_mixin.py:120} INFO - [2024-06-11T19:32:20.597+0000] {dag.py:2585} INFO - Sync 1 DAGs
[2024-06-11T19:32:20.619+0000] {logging_mixin.py:120} INFO - [2024-06-11T19:32:20.618+0000] {dag.py:3340} INFO - Setting next_dagrun for example_local_kubernetes_executor to None, run_after=None
[2024-06-11T19:32:20.635+0000] {processor.py:176} INFO - Processing /home/airflow/.local/lib/python3.7/site-packages/airflow/example_dags/example_local_kubernetes_executor.py took 0.096 seconds
[2024-06-11T19:32:50.725+0000] {processor.py:154} INFO - Started process (PID=1151) to work on /home/airflow/.local/lib/python3.7/site-packages/airflow/example_dags/example_local_kubernetes_executor.py
[2024-06-11T19:32:50.726+0000] {processor.py:756} INFO - Processing file /home/airflow/.local/lib/python3.7/site-packages/airflow/example_dags/example_local_kubernetes_executor.py for tasks to queue
[2024-06-11T19:32:50.726+0000] {logging_mixin.py:120} INFO - [2024-06-11T19:32:50.726+0000] {dagbag.py:537} INFO - Filling up the DagBag from /home/airflow/.local/lib/python3.7/site-packages/airflow/example_dags/example_local_kubernetes_executor.py
[2024-06-11T19:32:50.746+0000] {processor.py:766} INFO - DAG(s) dict_keys(['example_local_kubernetes_executor']) retrieved from /home/airflow/.local/lib/python3.7/site-packages/airflow/example_dags/example_local_kubernetes_executor.py
[2024-06-11T19:32:50.781+0000] {logging_mixin.py:120} INFO - [2024-06-11T19:32:50.781+0000] {dag.py:2585} INFO - Sync 1 DAGs
[2024-06-11T19:32:50.803+0000] {logging_mixin.py:120} INFO - [2024-06-11T19:32:50.802+0000] {dag.py:3340} INFO - Setting next_dagrun for example_local_kubernetes_executor to None, run_after=None
[2024-06-11T19:32:50.818+0000] {processor.py:176} INFO - Processing /home/airflow/.local/lib/python3.7/site-packages/airflow/example_dags/example_local_kubernetes_executor.py took 0.096 seconds
[2024-06-11T19:33:20.956+0000] {processor.py:154} INFO - Started process (PID=1213) to work on /home/airflow/.local/lib/python3.7/site-packages/airflow/example_dags/example_local_kubernetes_executor.py
[2024-06-11T19:33:20.957+0000] {processor.py:756} INFO - Processing file /home/airflow/.local/lib/python3.7/site-packages/airflow/example_dags/example_local_kubernetes_executor.py for tasks to queue
[2024-06-11T19:33:20.958+0000] {logging_mixin.py:120} INFO - [2024-06-11T19:33:20.958+0000] {dagbag.py:537} INFO - Filling up the DagBag from /home/airflow/.local/lib/python3.7/site-packages/airflow/example_dags/example_local_kubernetes_executor.py
[2024-06-11T19:33:20.979+0000] {processor.py:766} INFO - DAG(s) dict_keys(['example_local_kubernetes_executor']) retrieved from /home/airflow/.local/lib/python3.7/site-packages/airflow/example_dags/example_local_kubernetes_executor.py
[2024-06-11T19:33:21.013+0000] {logging_mixin.py:120} INFO - [2024-06-11T19:33:21.013+0000] {dag.py:2585} INFO - Sync 1 DAGs
[2024-06-11T19:33:21.035+0000] {logging_mixin.py:120} INFO - [2024-06-11T19:33:21.035+0000] {dag.py:3340} INFO - Setting next_dagrun for example_local_kubernetes_executor to None, run_after=None
[2024-06-11T19:33:21.053+0000] {processor.py:176} INFO - Processing /home/airflow/.local/lib/python3.7/site-packages/airflow/example_dags/example_local_kubernetes_executor.py took 0.100 seconds
[2024-06-11T19:49:38.950+0000] {processor.py:154} INFO - Started process (PID=1268) to work on /home/airflow/.local/lib/python3.7/site-packages/airflow/example_dags/example_local_kubernetes_executor.py
[2024-06-11T19:49:38.952+0000] {processor.py:756} INFO - Processing file /home/airflow/.local/lib/python3.7/site-packages/airflow/example_dags/example_local_kubernetes_executor.py for tasks to queue
[2024-06-11T19:49:38.953+0000] {logging_mixin.py:120} INFO - [2024-06-11T19:49:38.953+0000] {dagbag.py:537} INFO - Filling up the DagBag from /home/airflow/.local/lib/python3.7/site-packages/airflow/example_dags/example_local_kubernetes_executor.py
[2024-06-11T19:49:38.977+0000] {processor.py:766} INFO - DAG(s) dict_keys(['example_local_kubernetes_executor']) retrieved from /home/airflow/.local/lib/python3.7/site-packages/airflow/example_dags/example_local_kubernetes_executor.py
[2024-06-11T19:49:39.019+0000] {logging_mixin.py:120} INFO - [2024-06-11T19:49:39.019+0000] {dag.py:2585} INFO - Sync 1 DAGs
[2024-06-11T19:49:39.047+0000] {logging_mixin.py:120} INFO - [2024-06-11T19:49:39.047+0000] {dag.py:3340} INFO - Setting next_dagrun for example_local_kubernetes_executor to None, run_after=None
[2024-06-11T19:49:39.067+0000] {processor.py:176} INFO - Processing /home/airflow/.local/lib/python3.7/site-packages/airflow/example_dags/example_local_kubernetes_executor.py took 0.120 seconds
[2024-06-11T19:50:09.370+0000] {processor.py:154} INFO - Started process (PID=1331) to work on /home/airflow/.local/lib/python3.7/site-packages/airflow/example_dags/example_local_kubernetes_executor.py
[2024-06-11T19:50:09.371+0000] {processor.py:756} INFO - Processing file /home/airflow/.local/lib/python3.7/site-packages/airflow/example_dags/example_local_kubernetes_executor.py for tasks to queue
[2024-06-11T19:50:09.372+0000] {logging_mixin.py:120} INFO - [2024-06-11T19:50:09.372+0000] {dagbag.py:537} INFO - Filling up the DagBag from /home/airflow/.local/lib/python3.7/site-packages/airflow/example_dags/example_local_kubernetes_executor.py
[2024-06-11T19:50:09.391+0000] {processor.py:766} INFO - DAG(s) dict_keys(['example_local_kubernetes_executor']) retrieved from /home/airflow/.local/lib/python3.7/site-packages/airflow/example_dags/example_local_kubernetes_executor.py
[2024-06-11T19:50:09.425+0000] {logging_mixin.py:120} INFO - [2024-06-11T19:50:09.425+0000] {dag.py:2585} INFO - Sync 1 DAGs
[2024-06-11T19:50:09.446+0000] {logging_mixin.py:120} INFO - [2024-06-11T19:50:09.446+0000] {dag.py:3340} INFO - Setting next_dagrun for example_local_kubernetes_executor to None, run_after=None
[2024-06-11T19:50:09.462+0000] {processor.py:176} INFO - Processing /home/airflow/.local/lib/python3.7/site-packages/airflow/example_dags/example_local_kubernetes_executor.py took 0.094 seconds
[2024-06-11T19:50:41.464+0000] {processor.py:154} INFO - Started process (PID=1393) to work on /home/airflow/.local/lib/python3.7/site-packages/airflow/example_dags/example_local_kubernetes_executor.py
[2024-06-11T19:50:41.466+0000] {processor.py:756} INFO - Processing file /home/airflow/.local/lib/python3.7/site-packages/airflow/example_dags/example_local_kubernetes_executor.py for tasks to queue
[2024-06-11T19:50:41.467+0000] {logging_mixin.py:120} INFO - [2024-06-11T19:50:41.467+0000] {dagbag.py:537} INFO - Filling up the DagBag from /home/airflow/.local/lib/python3.7/site-packages/airflow/example_dags/example_local_kubernetes_executor.py
[2024-06-11T19:50:41.495+0000] {processor.py:766} INFO - DAG(s) dict_keys(['example_local_kubernetes_executor']) retrieved from /home/airflow/.local/lib/python3.7/site-packages/airflow/example_dags/example_local_kubernetes_executor.py
[2024-06-11T19:50:41.541+0000] {logging_mixin.py:120} INFO - [2024-06-11T19:50:41.541+0000] {dag.py:2585} INFO - Sync 1 DAGs
[2024-06-11T19:50:41.572+0000] {logging_mixin.py:120} INFO - [2024-06-11T19:50:41.572+0000] {dag.py:3340} INFO - Setting next_dagrun for example_local_kubernetes_executor to None, run_after=None
[2024-06-11T19:50:41.600+0000] {processor.py:176} INFO - Processing /home/airflow/.local/lib/python3.7/site-packages/airflow/example_dags/example_local_kubernetes_executor.py took 0.140 seconds
[2024-06-11T19:51:12.557+0000] {processor.py:154} INFO - Started process (PID=1447) to work on /home/airflow/.local/lib/python3.7/site-packages/airflow/example_dags/example_local_kubernetes_executor.py
[2024-06-11T19:51:12.558+0000] {processor.py:756} INFO - Processing file /home/airflow/.local/lib/python3.7/site-packages/airflow/example_dags/example_local_kubernetes_executor.py for tasks to queue
[2024-06-11T19:51:12.559+0000] {logging_mixin.py:120} INFO - [2024-06-11T19:51:12.559+0000] {dagbag.py:537} INFO - Filling up the DagBag from /home/airflow/.local/lib/python3.7/site-packages/airflow/example_dags/example_local_kubernetes_executor.py
[2024-06-11T19:51:12.584+0000] {processor.py:766} INFO - DAG(s) dict_keys(['example_local_kubernetes_executor']) retrieved from /home/airflow/.local/lib/python3.7/site-packages/airflow/example_dags/example_local_kubernetes_executor.py
[2024-06-11T19:51:12.622+0000] {logging_mixin.py:120} INFO - [2024-06-11T19:51:12.622+0000] {dag.py:2585} INFO - Sync 1 DAGs
[2024-06-11T19:51:12.648+0000] {logging_mixin.py:120} INFO - [2024-06-11T19:51:12.648+0000] {dag.py:3340} INFO - Setting next_dagrun for example_local_kubernetes_executor to None, run_after=None
[2024-06-11T19:51:12.687+0000] {processor.py:176} INFO - Processing /home/airflow/.local/lib/python3.7/site-packages/airflow/example_dags/example_local_kubernetes_executor.py took 0.133 seconds
[2024-06-11T19:51:43.233+0000] {processor.py:154} INFO - Started process (PID=1509) to work on /home/airflow/.local/lib/python3.7/site-packages/airflow/example_dags/example_local_kubernetes_executor.py
[2024-06-11T19:51:43.234+0000] {processor.py:756} INFO - Processing file /home/airflow/.local/lib/python3.7/site-packages/airflow/example_dags/example_local_kubernetes_executor.py for tasks to queue
[2024-06-11T19:51:43.234+0000] {logging_mixin.py:120} INFO - [2024-06-11T19:51:43.234+0000] {dagbag.py:537} INFO - Filling up the DagBag from /home/airflow/.local/lib/python3.7/site-packages/airflow/example_dags/example_local_kubernetes_executor.py
[2024-06-11T19:51:43.253+0000] {processor.py:766} INFO - DAG(s) dict_keys(['example_local_kubernetes_executor']) retrieved from /home/airflow/.local/lib/python3.7/site-packages/airflow/example_dags/example_local_kubernetes_executor.py
[2024-06-11T19:51:43.286+0000] {logging_mixin.py:120} INFO - [2024-06-11T19:51:43.286+0000] {dag.py:2585} INFO - Sync 1 DAGs
[2024-06-11T19:51:43.307+0000] {logging_mixin.py:120} INFO - [2024-06-11T19:51:43.307+0000] {dag.py:3340} INFO - Setting next_dagrun for example_local_kubernetes_executor to None, run_after=None
[2024-06-11T19:51:43.322+0000] {processor.py:176} INFO - Processing /home/airflow/.local/lib/python3.7/site-packages/airflow/example_dags/example_local_kubernetes_executor.py took 0.093 seconds
[2024-06-11T19:56:19.909+0000] {processor.py:154} INFO - Started process (PID=1563) to work on /home/airflow/.local/lib/python3.7/site-packages/airflow/example_dags/example_local_kubernetes_executor.py
[2024-06-11T19:56:19.910+0000] {processor.py:756} INFO - Processing file /home/airflow/.local/lib/python3.7/site-packages/airflow/example_dags/example_local_kubernetes_executor.py for tasks to queue
[2024-06-11T19:56:19.911+0000] {logging_mixin.py:120} INFO - [2024-06-11T19:56:19.911+0000] {dagbag.py:537} INFO - Filling up the DagBag from /home/airflow/.local/lib/python3.7/site-packages/airflow/example_dags/example_local_kubernetes_executor.py
[2024-06-11T19:56:19.930+0000] {processor.py:766} INFO - DAG(s) dict_keys(['example_local_kubernetes_executor']) retrieved from /home/airflow/.local/lib/python3.7/site-packages/airflow/example_dags/example_local_kubernetes_executor.py
[2024-06-11T19:56:19.963+0000] {logging_mixin.py:120} INFO - [2024-06-11T19:56:19.962+0000] {dag.py:2585} INFO - Sync 1 DAGs
[2024-06-11T19:56:19.983+0000] {logging_mixin.py:120} INFO - [2024-06-11T19:56:19.983+0000] {dag.py:3340} INFO - Setting next_dagrun for example_local_kubernetes_executor to None, run_after=None
[2024-06-11T19:56:19.998+0000] {processor.py:176} INFO - Processing /home/airflow/.local/lib/python3.7/site-packages/airflow/example_dags/example_local_kubernetes_executor.py took 0.092 seconds
[2024-06-11T19:56:50.272+0000] {processor.py:154} INFO - Started process (PID=1626) to work on /home/airflow/.local/lib/python3.7/site-packages/airflow/example_dags/example_local_kubernetes_executor.py
[2024-06-11T19:56:50.273+0000] {processor.py:756} INFO - Processing file /home/airflow/.local/lib/python3.7/site-packages/airflow/example_dags/example_local_kubernetes_executor.py for tasks to queue
[2024-06-11T19:56:50.274+0000] {logging_mixin.py:120} INFO - [2024-06-11T19:56:50.274+0000] {dagbag.py:537} INFO - Filling up the DagBag from /home/airflow/.local/lib/python3.7/site-packages/airflow/example_dags/example_local_kubernetes_executor.py
[2024-06-11T19:56:50.294+0000] {processor.py:766} INFO - DAG(s) dict_keys(['example_local_kubernetes_executor']) retrieved from /home/airflow/.local/lib/python3.7/site-packages/airflow/example_dags/example_local_kubernetes_executor.py
[2024-06-11T19:56:50.330+0000] {logging_mixin.py:120} INFO - [2024-06-11T19:56:50.330+0000] {dag.py:2585} INFO - Sync 1 DAGs
[2024-06-11T19:56:50.352+0000] {logging_mixin.py:120} INFO - [2024-06-11T19:56:50.352+0000] {dag.py:3340} INFO - Setting next_dagrun for example_local_kubernetes_executor to None, run_after=None
[2024-06-11T19:56:50.367+0000] {processor.py:176} INFO - Processing /home/airflow/.local/lib/python3.7/site-packages/airflow/example_dags/example_local_kubernetes_executor.py took 0.099 seconds
[2024-06-11T19:57:20.461+0000] {processor.py:154} INFO - Started process (PID=1689) to work on /home/airflow/.local/lib/python3.7/site-packages/airflow/example_dags/example_local_kubernetes_executor.py
[2024-06-11T19:57:20.462+0000] {processor.py:756} INFO - Processing file /home/airflow/.local/lib/python3.7/site-packages/airflow/example_dags/example_local_kubernetes_executor.py for tasks to queue
[2024-06-11T19:57:20.462+0000] {logging_mixin.py:120} INFO - [2024-06-11T19:57:20.462+0000] {dagbag.py:537} INFO - Filling up the DagBag from /home/airflow/.local/lib/python3.7/site-packages/airflow/example_dags/example_local_kubernetes_executor.py
[2024-06-11T19:57:20.481+0000] {processor.py:766} INFO - DAG(s) dict_keys(['example_local_kubernetes_executor']) retrieved from /home/airflow/.local/lib/python3.7/site-packages/airflow/example_dags/example_local_kubernetes_executor.py
[2024-06-11T19:57:20.516+0000] {logging_mixin.py:120} INFO - [2024-06-11T19:57:20.516+0000] {dag.py:2585} INFO - Sync 1 DAGs
[2024-06-11T19:57:20.538+0000] {logging_mixin.py:120} INFO - [2024-06-11T19:57:20.538+0000] {dag.py:3340} INFO - Setting next_dagrun for example_local_kubernetes_executor to None, run_after=None
[2024-06-11T19:57:20.558+0000] {processor.py:176} INFO - Processing /home/airflow/.local/lib/python3.7/site-packages/airflow/example_dags/example_local_kubernetes_executor.py took 0.100 seconds
[2024-06-11T19:57:50.789+0000] {processor.py:154} INFO - Started process (PID=1751) to work on /home/airflow/.local/lib/python3.7/site-packages/airflow/example_dags/example_local_kubernetes_executor.py
[2024-06-11T19:57:50.790+0000] {processor.py:756} INFO - Processing file /home/airflow/.local/lib/python3.7/site-packages/airflow/example_dags/example_local_kubernetes_executor.py for tasks to queue
[2024-06-11T19:57:50.791+0000] {logging_mixin.py:120} INFO - [2024-06-11T19:57:50.791+0000] {dagbag.py:537} INFO - Filling up the DagBag from /home/airflow/.local/lib/python3.7/site-packages/airflow/example_dags/example_local_kubernetes_executor.py
[2024-06-11T19:57:50.810+0000] {processor.py:766} INFO - DAG(s) dict_keys(['example_local_kubernetes_executor']) retrieved from /home/airflow/.local/lib/python3.7/site-packages/airflow/example_dags/example_local_kubernetes_executor.py
[2024-06-11T19:57:50.843+0000] {logging_mixin.py:120} INFO - [2024-06-11T19:57:50.843+0000] {dag.py:2585} INFO - Sync 1 DAGs
[2024-06-11T19:57:50.866+0000] {logging_mixin.py:120} INFO - [2024-06-11T19:57:50.865+0000] {dag.py:3340} INFO - Setting next_dagrun for example_local_kubernetes_executor to None, run_after=None
[2024-06-11T19:57:50.882+0000] {processor.py:176} INFO - Processing /home/airflow/.local/lib/python3.7/site-packages/airflow/example_dags/example_local_kubernetes_executor.py took 0.096 seconds
[2024-06-11T20:15:59.454+0000] {processor.py:154} INFO - Started process (PID=1805) to work on /home/airflow/.local/lib/python3.7/site-packages/airflow/example_dags/example_local_kubernetes_executor.py
[2024-06-11T20:15:59.455+0000] {processor.py:756} INFO - Processing file /home/airflow/.local/lib/python3.7/site-packages/airflow/example_dags/example_local_kubernetes_executor.py for tasks to queue
[2024-06-11T20:15:59.456+0000] {logging_mixin.py:120} INFO - [2024-06-11T20:15:59.456+0000] {dagbag.py:537} INFO - Filling up the DagBag from /home/airflow/.local/lib/python3.7/site-packages/airflow/example_dags/example_local_kubernetes_executor.py
[2024-06-11T20:15:59.482+0000] {processor.py:766} INFO - DAG(s) dict_keys(['example_local_kubernetes_executor']) retrieved from /home/airflow/.local/lib/python3.7/site-packages/airflow/example_dags/example_local_kubernetes_executor.py
[2024-06-11T20:15:59.526+0000] {logging_mixin.py:120} INFO - [2024-06-11T20:15:59.526+0000] {dag.py:2585} INFO - Sync 1 DAGs
[2024-06-11T20:15:59.553+0000] {logging_mixin.py:120} INFO - [2024-06-11T20:15:59.553+0000] {dag.py:3340} INFO - Setting next_dagrun for example_local_kubernetes_executor to None, run_after=None
[2024-06-11T20:15:59.575+0000] {processor.py:176} INFO - Processing /home/airflow/.local/lib/python3.7/site-packages/airflow/example_dags/example_local_kubernetes_executor.py took 0.125 seconds
[2024-06-11T20:16:30.003+0000] {processor.py:154} INFO - Started process (PID=1868) to work on /home/airflow/.local/lib/python3.7/site-packages/airflow/example_dags/example_local_kubernetes_executor.py
[2024-06-11T20:16:30.003+0000] {processor.py:756} INFO - Processing file /home/airflow/.local/lib/python3.7/site-packages/airflow/example_dags/example_local_kubernetes_executor.py for tasks to queue
[2024-06-11T20:16:30.004+0000] {logging_mixin.py:120} INFO - [2024-06-11T20:16:30.004+0000] {dagbag.py:537} INFO - Filling up the DagBag from /home/airflow/.local/lib/python3.7/site-packages/airflow/example_dags/example_local_kubernetes_executor.py
[2024-06-11T20:16:30.026+0000] {processor.py:766} INFO - DAG(s) dict_keys(['example_local_kubernetes_executor']) retrieved from /home/airflow/.local/lib/python3.7/site-packages/airflow/example_dags/example_local_kubernetes_executor.py
[2024-06-11T20:16:30.065+0000] {logging_mixin.py:120} INFO - [2024-06-11T20:16:30.065+0000] {dag.py:2585} INFO - Sync 1 DAGs
[2024-06-11T20:16:30.092+0000] {logging_mixin.py:120} INFO - [2024-06-11T20:16:30.092+0000] {dag.py:3340} INFO - Setting next_dagrun for example_local_kubernetes_executor to None, run_after=None
[2024-06-11T20:16:30.110+0000] {processor.py:176} INFO - Processing /home/airflow/.local/lib/python3.7/site-packages/airflow/example_dags/example_local_kubernetes_executor.py took 0.111 seconds
[2024-06-11T20:17:00.387+0000] {processor.py:154} INFO - Started process (PID=1931) to work on /home/airflow/.local/lib/python3.7/site-packages/airflow/example_dags/example_local_kubernetes_executor.py
[2024-06-11T20:17:00.388+0000] {processor.py:756} INFO - Processing file /home/airflow/.local/lib/python3.7/site-packages/airflow/example_dags/example_local_kubernetes_executor.py for tasks to queue
[2024-06-11T20:17:00.389+0000] {logging_mixin.py:120} INFO - [2024-06-11T20:17:00.389+0000] {dagbag.py:537} INFO - Filling up the DagBag from /home/airflow/.local/lib/python3.7/site-packages/airflow/example_dags/example_local_kubernetes_executor.py
[2024-06-11T20:17:00.409+0000] {processor.py:766} INFO - DAG(s) dict_keys(['example_local_kubernetes_executor']) retrieved from /home/airflow/.local/lib/python3.7/site-packages/airflow/example_dags/example_local_kubernetes_executor.py
[2024-06-11T20:17:00.442+0000] {logging_mixin.py:120} INFO - [2024-06-11T20:17:00.442+0000] {dag.py:2585} INFO - Sync 1 DAGs
[2024-06-11T20:17:00.465+0000] {logging_mixin.py:120} INFO - [2024-06-11T20:17:00.465+0000] {dag.py:3340} INFO - Setting next_dagrun for example_local_kubernetes_executor to None, run_after=None
[2024-06-11T20:17:00.481+0000] {processor.py:176} INFO - Processing /home/airflow/.local/lib/python3.7/site-packages/airflow/example_dags/example_local_kubernetes_executor.py took 0.097 seconds
[2024-06-11T20:17:30.604+0000] {processor.py:154} INFO - Started process (PID=1994) to work on /home/airflow/.local/lib/python3.7/site-packages/airflow/example_dags/example_local_kubernetes_executor.py
[2024-06-11T20:17:30.605+0000] {processor.py:756} INFO - Processing file /home/airflow/.local/lib/python3.7/site-packages/airflow/example_dags/example_local_kubernetes_executor.py for tasks to queue
[2024-06-11T20:17:30.606+0000] {logging_mixin.py:120} INFO - [2024-06-11T20:17:30.606+0000] {dagbag.py:537} INFO - Filling up the DagBag from /home/airflow/.local/lib/python3.7/site-packages/airflow/example_dags/example_local_kubernetes_executor.py
[2024-06-11T20:17:30.625+0000] {processor.py:766} INFO - DAG(s) dict_keys(['example_local_kubernetes_executor']) retrieved from /home/airflow/.local/lib/python3.7/site-packages/airflow/example_dags/example_local_kubernetes_executor.py
[2024-06-11T20:17:30.657+0000] {logging_mixin.py:120} INFO - [2024-06-11T20:17:30.657+0000] {dag.py:2585} INFO - Sync 1 DAGs
[2024-06-11T20:17:30.678+0000] {logging_mixin.py:120} INFO - [2024-06-11T20:17:30.678+0000] {dag.py:3340} INFO - Setting next_dagrun for example_local_kubernetes_executor to None, run_after=None
[2024-06-11T20:17:30.694+0000] {processor.py:176} INFO - Processing /home/airflow/.local/lib/python3.7/site-packages/airflow/example_dags/example_local_kubernetes_executor.py took 0.093 seconds
[2024-06-11T20:18:00.855+0000] {processor.py:154} INFO - Started process (PID=2048) to work on /home/airflow/.local/lib/python3.7/site-packages/airflow/example_dags/example_local_kubernetes_executor.py
[2024-06-11T20:18:00.856+0000] {processor.py:756} INFO - Processing file /home/airflow/.local/lib/python3.7/site-packages/airflow/example_dags/example_local_kubernetes_executor.py for tasks to queue
[2024-06-11T20:18:00.857+0000] {logging_mixin.py:120} INFO - [2024-06-11T20:18:00.857+0000] {dagbag.py:537} INFO - Filling up the DagBag from /home/airflow/.local/lib/python3.7/site-packages/airflow/example_dags/example_local_kubernetes_executor.py
[2024-06-11T20:18:00.876+0000] {processor.py:766} INFO - DAG(s) dict_keys(['example_local_kubernetes_executor']) retrieved from /home/airflow/.local/lib/python3.7/site-packages/airflow/example_dags/example_local_kubernetes_executor.py
[2024-06-11T20:18:00.909+0000] {logging_mixin.py:120} INFO - [2024-06-11T20:18:00.908+0000] {dag.py:2585} INFO - Sync 1 DAGs
[2024-06-11T20:18:00.929+0000] {logging_mixin.py:120} INFO - [2024-06-11T20:18:00.928+0000] {dag.py:3340} INFO - Setting next_dagrun for example_local_kubernetes_executor to None, run_after=None
[2024-06-11T20:18:00.944+0000] {processor.py:176} INFO - Processing /home/airflow/.local/lib/python3.7/site-packages/airflow/example_dags/example_local_kubernetes_executor.py took 0.092 seconds
[2024-06-11T20:36:24.573+0000] {processor.py:154} INFO - Started process (PID=2111) to work on /home/airflow/.local/lib/python3.7/site-packages/airflow/example_dags/example_local_kubernetes_executor.py
[2024-06-11T20:36:24.575+0000] {processor.py:756} INFO - Processing file /home/airflow/.local/lib/python3.7/site-packages/airflow/example_dags/example_local_kubernetes_executor.py for tasks to queue
[2024-06-11T20:36:24.578+0000] {logging_mixin.py:120} INFO - [2024-06-11T20:36:24.577+0000] {dagbag.py:537} INFO - Filling up the DagBag from /home/airflow/.local/lib/python3.7/site-packages/airflow/example_dags/example_local_kubernetes_executor.py
[2024-06-11T20:36:24.638+0000] {processor.py:766} INFO - DAG(s) dict_keys(['example_local_kubernetes_executor']) retrieved from /home/airflow/.local/lib/python3.7/site-packages/airflow/example_dags/example_local_kubernetes_executor.py
[2024-06-11T20:36:24.717+0000] {logging_mixin.py:120} INFO - [2024-06-11T20:36:24.717+0000] {dag.py:2585} INFO - Sync 1 DAGs
[2024-06-11T20:36:24.760+0000] {logging_mixin.py:120} INFO - [2024-06-11T20:36:24.759+0000] {dag.py:3340} INFO - Setting next_dagrun for example_local_kubernetes_executor to None, run_after=None
[2024-06-11T20:36:24.794+0000] {processor.py:176} INFO - Processing /home/airflow/.local/lib/python3.7/site-packages/airflow/example_dags/example_local_kubernetes_executor.py took 0.228 seconds
[2024-06-11T20:36:55.501+0000] {processor.py:154} INFO - Started process (PID=2174) to work on /home/airflow/.local/lib/python3.7/site-packages/airflow/example_dags/example_local_kubernetes_executor.py
[2024-06-11T20:36:55.502+0000] {processor.py:756} INFO - Processing file /home/airflow/.local/lib/python3.7/site-packages/airflow/example_dags/example_local_kubernetes_executor.py for tasks to queue
[2024-06-11T20:36:55.504+0000] {logging_mixin.py:120} INFO - [2024-06-11T20:36:55.503+0000] {dagbag.py:537} INFO - Filling up the DagBag from /home/airflow/.local/lib/python3.7/site-packages/airflow/example_dags/example_local_kubernetes_executor.py
[2024-06-11T20:36:55.529+0000] {processor.py:766} INFO - DAG(s) dict_keys(['example_local_kubernetes_executor']) retrieved from /home/airflow/.local/lib/python3.7/site-packages/airflow/example_dags/example_local_kubernetes_executor.py
[2024-06-11T20:36:55.564+0000] {logging_mixin.py:120} INFO - [2024-06-11T20:36:55.564+0000] {dag.py:2585} INFO - Sync 1 DAGs
[2024-06-11T20:36:55.586+0000] {logging_mixin.py:120} INFO - [2024-06-11T20:36:55.586+0000] {dag.py:3340} INFO - Setting next_dagrun for example_local_kubernetes_executor to None, run_after=None
[2024-06-11T20:36:55.603+0000] {processor.py:176} INFO - Processing /home/airflow/.local/lib/python3.7/site-packages/airflow/example_dags/example_local_kubernetes_executor.py took 0.104 seconds
[2024-06-11T20:37:25.699+0000] {processor.py:154} INFO - Started process (PID=2235) to work on /home/airflow/.local/lib/python3.7/site-packages/airflow/example_dags/example_local_kubernetes_executor.py
[2024-06-11T20:37:25.714+0000] {processor.py:756} INFO - Processing file /home/airflow/.local/lib/python3.7/site-packages/airflow/example_dags/example_local_kubernetes_executor.py for tasks to queue
[2024-06-11T20:37:25.750+0000] {logging_mixin.py:120} INFO - [2024-06-11T20:37:25.750+0000] {dagbag.py:537} INFO - Filling up the DagBag from /home/airflow/.local/lib/python3.7/site-packages/airflow/example_dags/example_local_kubernetes_executor.py
[2024-06-11T20:37:25.775+0000] {processor.py:766} INFO - DAG(s) dict_keys(['example_local_kubernetes_executor']) retrieved from /home/airflow/.local/lib/python3.7/site-packages/airflow/example_dags/example_local_kubernetes_executor.py
[2024-06-11T20:37:25.825+0000] {logging_mixin.py:120} INFO - [2024-06-11T20:37:25.825+0000] {dag.py:2585} INFO - Sync 1 DAGs
[2024-06-11T20:37:25.849+0000] {logging_mixin.py:120} INFO - [2024-06-11T20:37:25.849+0000] {dag.py:3340} INFO - Setting next_dagrun for example_local_kubernetes_executor to None, run_after=None
[2024-06-11T20:37:25.870+0000] {processor.py:176} INFO - Processing /home/airflow/.local/lib/python3.7/site-packages/airflow/example_dags/example_local_kubernetes_executor.py took 0.175 seconds
[2024-06-11T20:37:55.948+0000] {processor.py:154} INFO - Started process (PID=2290) to work on /home/airflow/.local/lib/python3.7/site-packages/airflow/example_dags/example_local_kubernetes_executor.py
[2024-06-11T20:37:55.949+0000] {processor.py:756} INFO - Processing file /home/airflow/.local/lib/python3.7/site-packages/airflow/example_dags/example_local_kubernetes_executor.py for tasks to queue
[2024-06-11T20:37:55.950+0000] {logging_mixin.py:120} INFO - [2024-06-11T20:37:55.950+0000] {dagbag.py:537} INFO - Filling up the DagBag from /home/airflow/.local/lib/python3.7/site-packages/airflow/example_dags/example_local_kubernetes_executor.py
[2024-06-11T20:37:55.976+0000] {processor.py:766} INFO - DAG(s) dict_keys(['example_local_kubernetes_executor']) retrieved from /home/airflow/.local/lib/python3.7/site-packages/airflow/example_dags/example_local_kubernetes_executor.py
[2024-06-11T20:37:56.018+0000] {logging_mixin.py:120} INFO - [2024-06-11T20:37:56.018+0000] {dag.py:2585} INFO - Sync 1 DAGs
[2024-06-11T20:37:56.039+0000] {logging_mixin.py:120} INFO - [2024-06-11T20:37:56.038+0000] {dag.py:3340} INFO - Setting next_dagrun for example_local_kubernetes_executor to None, run_after=None
[2024-06-11T20:37:56.055+0000] {processor.py:176} INFO - Processing /home/airflow/.local/lib/python3.7/site-packages/airflow/example_dags/example_local_kubernetes_executor.py took 0.109 seconds
[2024-06-11T20:38:26.999+0000] {processor.py:154} INFO - Started process (PID=2354) to work on /home/airflow/.local/lib/python3.7/site-packages/airflow/example_dags/example_local_kubernetes_executor.py
[2024-06-11T20:38:27.000+0000] {processor.py:756} INFO - Processing file /home/airflow/.local/lib/python3.7/site-packages/airflow/example_dags/example_local_kubernetes_executor.py for tasks to queue
[2024-06-11T20:38:27.001+0000] {logging_mixin.py:120} INFO - [2024-06-11T20:38:27.001+0000] {dagbag.py:537} INFO - Filling up the DagBag from /home/airflow/.local/lib/python3.7/site-packages/airflow/example_dags/example_local_kubernetes_executor.py
[2024-06-11T20:38:27.027+0000] {processor.py:766} INFO - DAG(s) dict_keys(['example_local_kubernetes_executor']) retrieved from /home/airflow/.local/lib/python3.7/site-packages/airflow/example_dags/example_local_kubernetes_executor.py
[2024-06-11T20:38:27.072+0000] {logging_mixin.py:120} INFO - [2024-06-11T20:38:27.072+0000] {dag.py:2585} INFO - Sync 1 DAGs
[2024-06-11T20:38:27.099+0000] {logging_mixin.py:120} INFO - [2024-06-11T20:38:27.099+0000] {dag.py:3340} INFO - Setting next_dagrun for example_local_kubernetes_executor to None, run_after=None
[2024-06-11T20:38:27.120+0000] {processor.py:176} INFO - Processing /home/airflow/.local/lib/python3.7/site-packages/airflow/example_dags/example_local_kubernetes_executor.py took 0.124 seconds
[2024-06-11T20:53:50.782+0000] {processor.py:154} INFO - Started process (PID=2407) to work on /home/airflow/.local/lib/python3.7/site-packages/airflow/example_dags/example_local_kubernetes_executor.py
[2024-06-11T20:53:50.783+0000] {processor.py:756} INFO - Processing file /home/airflow/.local/lib/python3.7/site-packages/airflow/example_dags/example_local_kubernetes_executor.py for tasks to queue
[2024-06-11T20:53:50.785+0000] {logging_mixin.py:120} INFO - [2024-06-11T20:53:50.785+0000] {dagbag.py:537} INFO - Filling up the DagBag from /home/airflow/.local/lib/python3.7/site-packages/airflow/example_dags/example_local_kubernetes_executor.py
[2024-06-11T20:53:50.821+0000] {processor.py:766} INFO - DAG(s) dict_keys(['example_local_kubernetes_executor']) retrieved from /home/airflow/.local/lib/python3.7/site-packages/airflow/example_dags/example_local_kubernetes_executor.py
[2024-06-11T20:53:50.887+0000] {logging_mixin.py:120} INFO - [2024-06-11T20:53:50.887+0000] {dag.py:2585} INFO - Sync 1 DAGs
[2024-06-11T20:53:50.935+0000] {logging_mixin.py:120} INFO - [2024-06-11T20:53:50.935+0000] {dag.py:3340} INFO - Setting next_dagrun for example_local_kubernetes_executor to None, run_after=None
[2024-06-11T20:53:50.966+0000] {processor.py:176} INFO - Processing /home/airflow/.local/lib/python3.7/site-packages/airflow/example_dags/example_local_kubernetes_executor.py took 0.189 seconds
[2024-06-11T20:54:21.475+0000] {processor.py:154} INFO - Started process (PID=2470) to work on /home/airflow/.local/lib/python3.7/site-packages/airflow/example_dags/example_local_kubernetes_executor.py
[2024-06-11T20:54:21.476+0000] {processor.py:756} INFO - Processing file /home/airflow/.local/lib/python3.7/site-packages/airflow/example_dags/example_local_kubernetes_executor.py for tasks to queue
[2024-06-11T20:54:21.477+0000] {logging_mixin.py:120} INFO - [2024-06-11T20:54:21.477+0000] {dagbag.py:537} INFO - Filling up the DagBag from /home/airflow/.local/lib/python3.7/site-packages/airflow/example_dags/example_local_kubernetes_executor.py
[2024-06-11T20:54:21.496+0000] {processor.py:766} INFO - DAG(s) dict_keys(['example_local_kubernetes_executor']) retrieved from /home/airflow/.local/lib/python3.7/site-packages/airflow/example_dags/example_local_kubernetes_executor.py
[2024-06-11T20:54:21.529+0000] {logging_mixin.py:120} INFO - [2024-06-11T20:54:21.529+0000] {dag.py:2585} INFO - Sync 1 DAGs
[2024-06-11T20:54:21.549+0000] {logging_mixin.py:120} INFO - [2024-06-11T20:54:21.549+0000] {dag.py:3340} INFO - Setting next_dagrun for example_local_kubernetes_executor to None, run_after=None
[2024-06-11T20:54:21.564+0000] {processor.py:176} INFO - Processing /home/airflow/.local/lib/python3.7/site-packages/airflow/example_dags/example_local_kubernetes_executor.py took 0.092 seconds
[2024-06-11T20:54:51.596+0000] {processor.py:154} INFO - Started process (PID=2532) to work on /home/airflow/.local/lib/python3.7/site-packages/airflow/example_dags/example_local_kubernetes_executor.py
[2024-06-11T20:54:51.597+0000] {processor.py:756} INFO - Processing file /home/airflow/.local/lib/python3.7/site-packages/airflow/example_dags/example_local_kubernetes_executor.py for tasks to queue
[2024-06-11T20:54:51.598+0000] {logging_mixin.py:120} INFO - [2024-06-11T20:54:51.598+0000] {dagbag.py:537} INFO - Filling up the DagBag from /home/airflow/.local/lib/python3.7/site-packages/airflow/example_dags/example_local_kubernetes_executor.py
[2024-06-11T20:54:51.616+0000] {processor.py:766} INFO - DAG(s) dict_keys(['example_local_kubernetes_executor']) retrieved from /home/airflow/.local/lib/python3.7/site-packages/airflow/example_dags/example_local_kubernetes_executor.py
[2024-06-11T20:54:51.648+0000] {logging_mixin.py:120} INFO - [2024-06-11T20:54:51.648+0000] {dag.py:2585} INFO - Sync 1 DAGs
[2024-06-11T20:54:51.668+0000] {logging_mixin.py:120} INFO - [2024-06-11T20:54:51.668+0000] {dag.py:3340} INFO - Setting next_dagrun for example_local_kubernetes_executor to None, run_after=None
[2024-06-11T20:54:51.683+0000] {processor.py:176} INFO - Processing /home/airflow/.local/lib/python3.7/site-packages/airflow/example_dags/example_local_kubernetes_executor.py took 0.089 seconds
[2024-06-11T20:55:21.794+0000] {processor.py:154} INFO - Started process (PID=2595) to work on /home/airflow/.local/lib/python3.7/site-packages/airflow/example_dags/example_local_kubernetes_executor.py
[2024-06-11T20:55:21.794+0000] {processor.py:756} INFO - Processing file /home/airflow/.local/lib/python3.7/site-packages/airflow/example_dags/example_local_kubernetes_executor.py for tasks to queue
[2024-06-11T20:55:21.795+0000] {logging_mixin.py:120} INFO - [2024-06-11T20:55:21.795+0000] {dagbag.py:537} INFO - Filling up the DagBag from /home/airflow/.local/lib/python3.7/site-packages/airflow/example_dags/example_local_kubernetes_executor.py
[2024-06-11T20:55:21.814+0000] {processor.py:766} INFO - DAG(s) dict_keys(['example_local_kubernetes_executor']) retrieved from /home/airflow/.local/lib/python3.7/site-packages/airflow/example_dags/example_local_kubernetes_executor.py
[2024-06-11T20:55:21.848+0000] {logging_mixin.py:120} INFO - [2024-06-11T20:55:21.848+0000] {dag.py:2585} INFO - Sync 1 DAGs
[2024-06-11T20:55:21.869+0000] {logging_mixin.py:120} INFO - [2024-06-11T20:55:21.869+0000] {dag.py:3340} INFO - Setting next_dagrun for example_local_kubernetes_executor to None, run_after=None
[2024-06-11T20:55:21.884+0000] {processor.py:176} INFO - Processing /home/airflow/.local/lib/python3.7/site-packages/airflow/example_dags/example_local_kubernetes_executor.py took 0.094 seconds
[2024-06-11T20:55:53.713+0000] {processor.py:154} INFO - Started process (PID=2659) to work on /home/airflow/.local/lib/python3.7/site-packages/airflow/example_dags/example_local_kubernetes_executor.py
[2024-06-11T20:55:53.714+0000] {processor.py:756} INFO - Processing file /home/airflow/.local/lib/python3.7/site-packages/airflow/example_dags/example_local_kubernetes_executor.py for tasks to queue
[2024-06-11T20:55:53.714+0000] {logging_mixin.py:120} INFO - [2024-06-11T20:55:53.714+0000] {dagbag.py:537} INFO - Filling up the DagBag from /home/airflow/.local/lib/python3.7/site-packages/airflow/example_dags/example_local_kubernetes_executor.py
[2024-06-11T20:55:53.735+0000] {processor.py:766} INFO - DAG(s) dict_keys(['example_local_kubernetes_executor']) retrieved from /home/airflow/.local/lib/python3.7/site-packages/airflow/example_dags/example_local_kubernetes_executor.py
[2024-06-11T20:55:53.770+0000] {logging_mixin.py:120} INFO - [2024-06-11T20:55:53.770+0000] {dag.py:2585} INFO - Sync 1 DAGs
[2024-06-11T20:55:53.793+0000] {logging_mixin.py:120} INFO - [2024-06-11T20:55:53.793+0000] {dag.py:3340} INFO - Setting next_dagrun for example_local_kubernetes_executor to None, run_after=None
[2024-06-11T20:55:53.814+0000] {processor.py:176} INFO - Processing /home/airflow/.local/lib/python3.7/site-packages/airflow/example_dags/example_local_kubernetes_executor.py took 0.104 seconds
[2024-06-11T20:57:22.512+0000] {processor.py:154} INFO - Started process (PID=2713) to work on /home/airflow/.local/lib/python3.7/site-packages/airflow/example_dags/example_local_kubernetes_executor.py
[2024-06-11T20:57:22.513+0000] {processor.py:756} INFO - Processing file /home/airflow/.local/lib/python3.7/site-packages/airflow/example_dags/example_local_kubernetes_executor.py for tasks to queue
[2024-06-11T20:57:22.514+0000] {logging_mixin.py:120} INFO - [2024-06-11T20:57:22.514+0000] {dagbag.py:537} INFO - Filling up the DagBag from /home/airflow/.local/lib/python3.7/site-packages/airflow/example_dags/example_local_kubernetes_executor.py
[2024-06-11T20:57:22.533+0000] {processor.py:766} INFO - DAG(s) dict_keys(['example_local_kubernetes_executor']) retrieved from /home/airflow/.local/lib/python3.7/site-packages/airflow/example_dags/example_local_kubernetes_executor.py
[2024-06-11T20:57:22.565+0000] {logging_mixin.py:120} INFO - [2024-06-11T20:57:22.565+0000] {dag.py:2585} INFO - Sync 1 DAGs
[2024-06-11T20:57:22.586+0000] {logging_mixin.py:120} INFO - [2024-06-11T20:57:22.586+0000] {dag.py:3340} INFO - Setting next_dagrun for example_local_kubernetes_executor to None, run_after=None
[2024-06-11T20:57:22.603+0000] {processor.py:176} INFO - Processing /home/airflow/.local/lib/python3.7/site-packages/airflow/example_dags/example_local_kubernetes_executor.py took 0.094 seconds
[2024-06-11T20:57:52.773+0000] {processor.py:154} INFO - Started process (PID=2775) to work on /home/airflow/.local/lib/python3.7/site-packages/airflow/example_dags/example_local_kubernetes_executor.py
[2024-06-11T20:57:52.774+0000] {processor.py:756} INFO - Processing file /home/airflow/.local/lib/python3.7/site-packages/airflow/example_dags/example_local_kubernetes_executor.py for tasks to queue
[2024-06-11T20:57:52.774+0000] {logging_mixin.py:120} INFO - [2024-06-11T20:57:52.774+0000] {dagbag.py:537} INFO - Filling up the DagBag from /home/airflow/.local/lib/python3.7/site-packages/airflow/example_dags/example_local_kubernetes_executor.py
[2024-06-11T20:57:52.794+0000] {processor.py:766} INFO - DAG(s) dict_keys(['example_local_kubernetes_executor']) retrieved from /home/airflow/.local/lib/python3.7/site-packages/airflow/example_dags/example_local_kubernetes_executor.py
[2024-06-11T20:57:52.827+0000] {logging_mixin.py:120} INFO - [2024-06-11T20:57:52.826+0000] {dag.py:2585} INFO - Sync 1 DAGs
[2024-06-11T20:57:52.847+0000] {logging_mixin.py:120} INFO - [2024-06-11T20:57:52.846+0000] {dag.py:3340} INFO - Setting next_dagrun for example_local_kubernetes_executor to None, run_after=None
[2024-06-11T20:57:52.861+0000] {processor.py:176} INFO - Processing /home/airflow/.local/lib/python3.7/site-packages/airflow/example_dags/example_local_kubernetes_executor.py took 0.092 seconds
[2024-06-11T20:58:22.970+0000] {processor.py:154} INFO - Started process (PID=2829) to work on /home/airflow/.local/lib/python3.7/site-packages/airflow/example_dags/example_local_kubernetes_executor.py
[2024-06-11T20:58:22.972+0000] {processor.py:756} INFO - Processing file /home/airflow/.local/lib/python3.7/site-packages/airflow/example_dags/example_local_kubernetes_executor.py for tasks to queue
[2024-06-11T20:58:22.972+0000] {logging_mixin.py:120} INFO - [2024-06-11T20:58:22.972+0000] {dagbag.py:537} INFO - Filling up the DagBag from /home/airflow/.local/lib/python3.7/site-packages/airflow/example_dags/example_local_kubernetes_executor.py
[2024-06-11T20:58:22.993+0000] {processor.py:766} INFO - DAG(s) dict_keys(['example_local_kubernetes_executor']) retrieved from /home/airflow/.local/lib/python3.7/site-packages/airflow/example_dags/example_local_kubernetes_executor.py
[2024-06-11T20:58:23.026+0000] {logging_mixin.py:120} INFO - [2024-06-11T20:58:23.025+0000] {dag.py:2585} INFO - Sync 1 DAGs
[2024-06-11T20:58:23.046+0000] {logging_mixin.py:120} INFO - [2024-06-11T20:58:23.046+0000] {dag.py:3340} INFO - Setting next_dagrun for example_local_kubernetes_executor to None, run_after=None
[2024-06-11T20:58:23.061+0000] {processor.py:176} INFO - Processing /home/airflow/.local/lib/python3.7/site-packages/airflow/example_dags/example_local_kubernetes_executor.py took 0.094 seconds
[2024-06-11T20:58:53.273+0000] {processor.py:154} INFO - Started process (PID=2892) to work on /home/airflow/.local/lib/python3.7/site-packages/airflow/example_dags/example_local_kubernetes_executor.py
[2024-06-11T20:58:53.274+0000] {processor.py:756} INFO - Processing file /home/airflow/.local/lib/python3.7/site-packages/airflow/example_dags/example_local_kubernetes_executor.py for tasks to queue
[2024-06-11T20:58:53.275+0000] {logging_mixin.py:120} INFO - [2024-06-11T20:58:53.275+0000] {dagbag.py:537} INFO - Filling up the DagBag from /home/airflow/.local/lib/python3.7/site-packages/airflow/example_dags/example_local_kubernetes_executor.py
[2024-06-11T20:58:53.294+0000] {processor.py:766} INFO - DAG(s) dict_keys(['example_local_kubernetes_executor']) retrieved from /home/airflow/.local/lib/python3.7/site-packages/airflow/example_dags/example_local_kubernetes_executor.py
[2024-06-11T20:58:53.326+0000] {logging_mixin.py:120} INFO - [2024-06-11T20:58:53.326+0000] {dag.py:2585} INFO - Sync 1 DAGs
[2024-06-11T20:58:53.347+0000] {logging_mixin.py:120} INFO - [2024-06-11T20:58:53.347+0000] {dag.py:3340} INFO - Setting next_dagrun for example_local_kubernetes_executor to None, run_after=None
[2024-06-11T20:58:53.363+0000] {processor.py:176} INFO - Processing /home/airflow/.local/lib/python3.7/site-packages/airflow/example_dags/example_local_kubernetes_executor.py took 0.093 seconds
[2024-06-11T21:14:54.360+0000] {processor.py:154} INFO - Started process (PID=2954) to work on /home/airflow/.local/lib/python3.7/site-packages/airflow/example_dags/example_local_kubernetes_executor.py
[2024-06-11T21:14:54.362+0000] {processor.py:756} INFO - Processing file /home/airflow/.local/lib/python3.7/site-packages/airflow/example_dags/example_local_kubernetes_executor.py for tasks to queue
[2024-06-11T21:14:54.363+0000] {logging_mixin.py:120} INFO - [2024-06-11T21:14:54.363+0000] {dagbag.py:537} INFO - Filling up the DagBag from /home/airflow/.local/lib/python3.7/site-packages/airflow/example_dags/example_local_kubernetes_executor.py
[2024-06-11T21:14:54.389+0000] {processor.py:766} INFO - DAG(s) dict_keys(['example_local_kubernetes_executor']) retrieved from /home/airflow/.local/lib/python3.7/site-packages/airflow/example_dags/example_local_kubernetes_executor.py
[2024-06-11T21:14:54.434+0000] {logging_mixin.py:120} INFO - [2024-06-11T21:14:54.434+0000] {dag.py:2585} INFO - Sync 1 DAGs
[2024-06-11T21:14:54.466+0000] {logging_mixin.py:120} INFO - [2024-06-11T21:14:54.466+0000] {dag.py:3340} INFO - Setting next_dagrun for example_local_kubernetes_executor to None, run_after=None
[2024-06-11T21:14:54.495+0000] {processor.py:176} INFO - Processing /home/airflow/.local/lib/python3.7/site-packages/airflow/example_dags/example_local_kubernetes_executor.py took 0.139 seconds
[2024-06-11T21:15:25.063+0000] {processor.py:154} INFO - Started process (PID=3017) to work on /home/airflow/.local/lib/python3.7/site-packages/airflow/example_dags/example_local_kubernetes_executor.py
[2024-06-11T21:15:25.064+0000] {processor.py:756} INFO - Processing file /home/airflow/.local/lib/python3.7/site-packages/airflow/example_dags/example_local_kubernetes_executor.py for tasks to queue
[2024-06-11T21:15:25.064+0000] {logging_mixin.py:120} INFO - [2024-06-11T21:15:25.064+0000] {dagbag.py:537} INFO - Filling up the DagBag from /home/airflow/.local/lib/python3.7/site-packages/airflow/example_dags/example_local_kubernetes_executor.py
[2024-06-11T21:15:25.083+0000] {processor.py:766} INFO - DAG(s) dict_keys(['example_local_kubernetes_executor']) retrieved from /home/airflow/.local/lib/python3.7/site-packages/airflow/example_dags/example_local_kubernetes_executor.py
[2024-06-11T21:15:25.116+0000] {logging_mixin.py:120} INFO - [2024-06-11T21:15:25.116+0000] {dag.py:2585} INFO - Sync 1 DAGs
[2024-06-11T21:15:25.137+0000] {logging_mixin.py:120} INFO - [2024-06-11T21:15:25.137+0000] {dag.py:3340} INFO - Setting next_dagrun for example_local_kubernetes_executor to None, run_after=None
[2024-06-11T21:15:25.153+0000] {processor.py:176} INFO - Processing /home/airflow/.local/lib/python3.7/site-packages/airflow/example_dags/example_local_kubernetes_executor.py took 0.093 seconds
[2024-06-11T21:15:55.438+0000] {processor.py:154} INFO - Started process (PID=3071) to work on /home/airflow/.local/lib/python3.7/site-packages/airflow/example_dags/example_local_kubernetes_executor.py
[2024-06-11T21:15:55.439+0000] {processor.py:756} INFO - Processing file /home/airflow/.local/lib/python3.7/site-packages/airflow/example_dags/example_local_kubernetes_executor.py for tasks to queue
[2024-06-11T21:15:55.439+0000] {logging_mixin.py:120} INFO - [2024-06-11T21:15:55.439+0000] {dagbag.py:537} INFO - Filling up the DagBag from /home/airflow/.local/lib/python3.7/site-packages/airflow/example_dags/example_local_kubernetes_executor.py
[2024-06-11T21:15:55.459+0000] {processor.py:766} INFO - DAG(s) dict_keys(['example_local_kubernetes_executor']) retrieved from /home/airflow/.local/lib/python3.7/site-packages/airflow/example_dags/example_local_kubernetes_executor.py
[2024-06-11T21:15:55.493+0000] {logging_mixin.py:120} INFO - [2024-06-11T21:15:55.492+0000] {dag.py:2585} INFO - Sync 1 DAGs
[2024-06-11T21:15:55.513+0000] {logging_mixin.py:120} INFO - [2024-06-11T21:15:55.513+0000] {dag.py:3340} INFO - Setting next_dagrun for example_local_kubernetes_executor to None, run_after=None
[2024-06-11T21:15:55.529+0000] {processor.py:176} INFO - Processing /home/airflow/.local/lib/python3.7/site-packages/airflow/example_dags/example_local_kubernetes_executor.py took 0.094 seconds
[2024-06-11T21:16:25.847+0000] {processor.py:154} INFO - Started process (PID=3133) to work on /home/airflow/.local/lib/python3.7/site-packages/airflow/example_dags/example_local_kubernetes_executor.py
[2024-06-11T21:16:25.848+0000] {processor.py:756} INFO - Processing file /home/airflow/.local/lib/python3.7/site-packages/airflow/example_dags/example_local_kubernetes_executor.py for tasks to queue
[2024-06-11T21:16:25.849+0000] {logging_mixin.py:120} INFO - [2024-06-11T21:16:25.849+0000] {dagbag.py:537} INFO - Filling up the DagBag from /home/airflow/.local/lib/python3.7/site-packages/airflow/example_dags/example_local_kubernetes_executor.py
[2024-06-11T21:16:25.867+0000] {processor.py:766} INFO - DAG(s) dict_keys(['example_local_kubernetes_executor']) retrieved from /home/airflow/.local/lib/python3.7/site-packages/airflow/example_dags/example_local_kubernetes_executor.py
[2024-06-11T21:16:25.905+0000] {logging_mixin.py:120} INFO - [2024-06-11T21:16:25.905+0000] {dag.py:2585} INFO - Sync 1 DAGs
[2024-06-11T21:16:25.926+0000] {logging_mixin.py:120} INFO - [2024-06-11T21:16:25.926+0000] {dag.py:3340} INFO - Setting next_dagrun for example_local_kubernetes_executor to None, run_after=None
[2024-06-11T21:16:25.941+0000] {processor.py:176} INFO - Processing /home/airflow/.local/lib/python3.7/site-packages/airflow/example_dags/example_local_kubernetes_executor.py took 0.098 seconds
[2024-06-11T21:16:56.213+0000] {processor.py:154} INFO - Started process (PID=3196) to work on /home/airflow/.local/lib/python3.7/site-packages/airflow/example_dags/example_local_kubernetes_executor.py
[2024-06-11T21:16:56.214+0000] {processor.py:756} INFO - Processing file /home/airflow/.local/lib/python3.7/site-packages/airflow/example_dags/example_local_kubernetes_executor.py for tasks to queue
[2024-06-11T21:16:56.215+0000] {logging_mixin.py:120} INFO - [2024-06-11T21:16:56.215+0000] {dagbag.py:537} INFO - Filling up the DagBag from /home/airflow/.local/lib/python3.7/site-packages/airflow/example_dags/example_local_kubernetes_executor.py
[2024-06-11T21:16:56.233+0000] {processor.py:766} INFO - DAG(s) dict_keys(['example_local_kubernetes_executor']) retrieved from /home/airflow/.local/lib/python3.7/site-packages/airflow/example_dags/example_local_kubernetes_executor.py
[2024-06-11T21:16:56.266+0000] {logging_mixin.py:120} INFO - [2024-06-11T21:16:56.265+0000] {dag.py:2585} INFO - Sync 1 DAGs
[2024-06-11T21:16:56.287+0000] {logging_mixin.py:120} INFO - [2024-06-11T21:16:56.287+0000] {dag.py:3340} INFO - Setting next_dagrun for example_local_kubernetes_executor to None, run_after=None
[2024-06-11T21:16:56.303+0000] {processor.py:176} INFO - Processing /home/airflow/.local/lib/python3.7/site-packages/airflow/example_dags/example_local_kubernetes_executor.py took 0.093 seconds
[2024-06-11T21:30:35.057+0000] {processor.py:154} INFO - Started process (PID=3251) to work on /home/airflow/.local/lib/python3.7/site-packages/airflow/example_dags/example_local_kubernetes_executor.py
[2024-06-11T21:30:35.058+0000] {processor.py:756} INFO - Processing file /home/airflow/.local/lib/python3.7/site-packages/airflow/example_dags/example_local_kubernetes_executor.py for tasks to queue
[2024-06-11T21:30:35.059+0000] {logging_mixin.py:120} INFO - [2024-06-11T21:30:35.059+0000] {dagbag.py:537} INFO - Filling up the DagBag from /home/airflow/.local/lib/python3.7/site-packages/airflow/example_dags/example_local_kubernetes_executor.py
[2024-06-11T21:30:35.079+0000] {processor.py:766} INFO - DAG(s) dict_keys(['example_local_kubernetes_executor']) retrieved from /home/airflow/.local/lib/python3.7/site-packages/airflow/example_dags/example_local_kubernetes_executor.py
[2024-06-11T21:30:35.112+0000] {logging_mixin.py:120} INFO - [2024-06-11T21:30:35.112+0000] {dag.py:2585} INFO - Sync 1 DAGs
[2024-06-11T21:30:35.139+0000] {logging_mixin.py:120} INFO - [2024-06-11T21:30:35.139+0000] {dag.py:3340} INFO - Setting next_dagrun for example_local_kubernetes_executor to None, run_after=None
[2024-06-11T21:30:35.161+0000] {processor.py:176} INFO - Processing /home/airflow/.local/lib/python3.7/site-packages/airflow/example_dags/example_local_kubernetes_executor.py took 0.106 seconds
[2024-06-11T21:31:05.690+0000] {processor.py:154} INFO - Started process (PID=3314) to work on /home/airflow/.local/lib/python3.7/site-packages/airflow/example_dags/example_local_kubernetes_executor.py
[2024-06-11T21:31:05.691+0000] {processor.py:756} INFO - Processing file /home/airflow/.local/lib/python3.7/site-packages/airflow/example_dags/example_local_kubernetes_executor.py for tasks to queue
[2024-06-11T21:31:05.692+0000] {logging_mixin.py:120} INFO - [2024-06-11T21:31:05.692+0000] {dagbag.py:537} INFO - Filling up the DagBag from /home/airflow/.local/lib/python3.7/site-packages/airflow/example_dags/example_local_kubernetes_executor.py
[2024-06-11T21:31:05.712+0000] {processor.py:766} INFO - DAG(s) dict_keys(['example_local_kubernetes_executor']) retrieved from /home/airflow/.local/lib/python3.7/site-packages/airflow/example_dags/example_local_kubernetes_executor.py
[2024-06-11T21:31:05.746+0000] {logging_mixin.py:120} INFO - [2024-06-11T21:31:05.746+0000] {dag.py:2585} INFO - Sync 1 DAGs
[2024-06-11T21:31:05.770+0000] {logging_mixin.py:120} INFO - [2024-06-11T21:31:05.769+0000] {dag.py:3340} INFO - Setting next_dagrun for example_local_kubernetes_executor to None, run_after=None
[2024-06-11T21:31:05.787+0000] {processor.py:176} INFO - Processing /home/airflow/.local/lib/python3.7/site-packages/airflow/example_dags/example_local_kubernetes_executor.py took 0.100 seconds
[2024-06-11T21:31:36.195+0000] {processor.py:154} INFO - Started process (PID=3377) to work on /home/airflow/.local/lib/python3.7/site-packages/airflow/example_dags/example_local_kubernetes_executor.py
[2024-06-11T21:31:36.196+0000] {processor.py:756} INFO - Processing file /home/airflow/.local/lib/python3.7/site-packages/airflow/example_dags/example_local_kubernetes_executor.py for tasks to queue
[2024-06-11T21:31:36.197+0000] {logging_mixin.py:120} INFO - [2024-06-11T21:31:36.197+0000] {dagbag.py:537} INFO - Filling up the DagBag from /home/airflow/.local/lib/python3.7/site-packages/airflow/example_dags/example_local_kubernetes_executor.py
[2024-06-11T21:31:36.216+0000] {processor.py:766} INFO - DAG(s) dict_keys(['example_local_kubernetes_executor']) retrieved from /home/airflow/.local/lib/python3.7/site-packages/airflow/example_dags/example_local_kubernetes_executor.py
[2024-06-11T21:31:36.249+0000] {logging_mixin.py:120} INFO - [2024-06-11T21:31:36.248+0000] {dag.py:2585} INFO - Sync 1 DAGs
[2024-06-11T21:31:36.270+0000] {logging_mixin.py:120} INFO - [2024-06-11T21:31:36.270+0000] {dag.py:3340} INFO - Setting next_dagrun for example_local_kubernetes_executor to None, run_after=None
[2024-06-11T21:31:36.286+0000] {processor.py:176} INFO - Processing /home/airflow/.local/lib/python3.7/site-packages/airflow/example_dags/example_local_kubernetes_executor.py took 0.094 seconds
[2024-06-11T21:32:06.670+0000] {processor.py:154} INFO - Started process (PID=3440) to work on /home/airflow/.local/lib/python3.7/site-packages/airflow/example_dags/example_local_kubernetes_executor.py
[2024-06-11T21:32:06.671+0000] {processor.py:756} INFO - Processing file /home/airflow/.local/lib/python3.7/site-packages/airflow/example_dags/example_local_kubernetes_executor.py for tasks to queue
[2024-06-11T21:32:06.671+0000] {logging_mixin.py:120} INFO - [2024-06-11T21:32:06.671+0000] {dagbag.py:537} INFO - Filling up the DagBag from /home/airflow/.local/lib/python3.7/site-packages/airflow/example_dags/example_local_kubernetes_executor.py
[2024-06-11T21:32:06.692+0000] {processor.py:766} INFO - DAG(s) dict_keys(['example_local_kubernetes_executor']) retrieved from /home/airflow/.local/lib/python3.7/site-packages/airflow/example_dags/example_local_kubernetes_executor.py
[2024-06-11T21:32:06.725+0000] {logging_mixin.py:120} INFO - [2024-06-11T21:32:06.725+0000] {dag.py:2585} INFO - Sync 1 DAGs
[2024-06-11T21:32:06.745+0000] {logging_mixin.py:120} INFO - [2024-06-11T21:32:06.745+0000] {dag.py:3340} INFO - Setting next_dagrun for example_local_kubernetes_executor to None, run_after=None
[2024-06-11T21:32:06.761+0000] {processor.py:176} INFO - Processing /home/airflow/.local/lib/python3.7/site-packages/airflow/example_dags/example_local_kubernetes_executor.py took 0.095 seconds
[2024-06-11T21:32:36.934+0000] {processor.py:154} INFO - Started process (PID=3503) to work on /home/airflow/.local/lib/python3.7/site-packages/airflow/example_dags/example_local_kubernetes_executor.py
[2024-06-11T21:32:36.935+0000] {processor.py:756} INFO - Processing file /home/airflow/.local/lib/python3.7/site-packages/airflow/example_dags/example_local_kubernetes_executor.py for tasks to queue
[2024-06-11T21:32:36.936+0000] {logging_mixin.py:120} INFO - [2024-06-11T21:32:36.936+0000] {dagbag.py:537} INFO - Filling up the DagBag from /home/airflow/.local/lib/python3.7/site-packages/airflow/example_dags/example_local_kubernetes_executor.py
[2024-06-11T21:32:36.956+0000] {processor.py:766} INFO - DAG(s) dict_keys(['example_local_kubernetes_executor']) retrieved from /home/airflow/.local/lib/python3.7/site-packages/airflow/example_dags/example_local_kubernetes_executor.py
[2024-06-11T21:32:36.991+0000] {logging_mixin.py:120} INFO - [2024-06-11T21:32:36.991+0000] {dag.py:2585} INFO - Sync 1 DAGs
[2024-06-11T21:32:37.013+0000] {logging_mixin.py:120} INFO - [2024-06-11T21:32:37.013+0000] {dag.py:3340} INFO - Setting next_dagrun for example_local_kubernetes_executor to None, run_after=None
[2024-06-11T21:32:37.031+0000] {processor.py:176} INFO - Processing /home/airflow/.local/lib/python3.7/site-packages/airflow/example_dags/example_local_kubernetes_executor.py took 0.100 seconds
[2024-06-11T21:33:07.145+0000] {processor.py:154} INFO - Started process (PID=3557) to work on /home/airflow/.local/lib/python3.7/site-packages/airflow/example_dags/example_local_kubernetes_executor.py
[2024-06-11T21:33:07.146+0000] {processor.py:756} INFO - Processing file /home/airflow/.local/lib/python3.7/site-packages/airflow/example_dags/example_local_kubernetes_executor.py for tasks to queue
[2024-06-11T21:33:07.147+0000] {logging_mixin.py:120} INFO - [2024-06-11T21:33:07.147+0000] {dagbag.py:537} INFO - Filling up the DagBag from /home/airflow/.local/lib/python3.7/site-packages/airflow/example_dags/example_local_kubernetes_executor.py
[2024-06-11T21:33:07.166+0000] {processor.py:766} INFO - DAG(s) dict_keys(['example_local_kubernetes_executor']) retrieved from /home/airflow/.local/lib/python3.7/site-packages/airflow/example_dags/example_local_kubernetes_executor.py
[2024-06-11T21:33:07.199+0000] {logging_mixin.py:120} INFO - [2024-06-11T21:33:07.198+0000] {dag.py:2585} INFO - Sync 1 DAGs
[2024-06-11T21:33:07.219+0000] {logging_mixin.py:120} INFO - [2024-06-11T21:33:07.219+0000] {dag.py:3340} INFO - Setting next_dagrun for example_local_kubernetes_executor to None, run_after=None
[2024-06-11T21:33:07.236+0000] {processor.py:176} INFO - Processing /home/airflow/.local/lib/python3.7/site-packages/airflow/example_dags/example_local_kubernetes_executor.py took 0.094 seconds
[2024-06-11T21:33:37.905+0000] {processor.py:154} INFO - Started process (PID=3620) to work on /home/airflow/.local/lib/python3.7/site-packages/airflow/example_dags/example_local_kubernetes_executor.py
[2024-06-11T21:33:37.906+0000] {processor.py:756} INFO - Processing file /home/airflow/.local/lib/python3.7/site-packages/airflow/example_dags/example_local_kubernetes_executor.py for tasks to queue
[2024-06-11T21:33:37.907+0000] {logging_mixin.py:120} INFO - [2024-06-11T21:33:37.907+0000] {dagbag.py:537} INFO - Filling up the DagBag from /home/airflow/.local/lib/python3.7/site-packages/airflow/example_dags/example_local_kubernetes_executor.py
[2024-06-11T21:33:37.928+0000] {processor.py:766} INFO - DAG(s) dict_keys(['example_local_kubernetes_executor']) retrieved from /home/airflow/.local/lib/python3.7/site-packages/airflow/example_dags/example_local_kubernetes_executor.py
[2024-06-11T21:33:37.962+0000] {logging_mixin.py:120} INFO - [2024-06-11T21:33:37.962+0000] {dag.py:2585} INFO - Sync 1 DAGs
[2024-06-11T21:33:37.986+0000] {logging_mixin.py:120} INFO - [2024-06-11T21:33:37.986+0000] {dag.py:3340} INFO - Setting next_dagrun for example_local_kubernetes_executor to None, run_after=None
[2024-06-11T21:33:38.004+0000] {processor.py:176} INFO - Processing /home/airflow/.local/lib/python3.7/site-packages/airflow/example_dags/example_local_kubernetes_executor.py took 0.102 seconds
[2024-06-11T21:35:20.615+0000] {processor.py:154} INFO - Started process (PID=78) to work on /home/airflow/.local/lib/python3.7/site-packages/airflow/example_dags/example_local_kubernetes_executor.py
[2024-06-11T21:35:20.616+0000] {processor.py:756} INFO - Processing file /home/airflow/.local/lib/python3.7/site-packages/airflow/example_dags/example_local_kubernetes_executor.py for tasks to queue
[2024-06-11T21:35:20.618+0000] {logging_mixin.py:120} INFO - [2024-06-11T21:35:20.617+0000] {dagbag.py:537} INFO - Filling up the DagBag from /home/airflow/.local/lib/python3.7/site-packages/airflow/example_dags/example_local_kubernetes_executor.py
[2024-06-11T21:35:20.667+0000] {processor.py:766} INFO - DAG(s) dict_keys(['example_local_kubernetes_executor']) retrieved from /home/airflow/.local/lib/python3.7/site-packages/airflow/example_dags/example_local_kubernetes_executor.py
[2024-06-11T21:35:20.749+0000] {logging_mixin.py:120} INFO - [2024-06-11T21:35:20.749+0000] {dag.py:2585} INFO - Sync 1 DAGs
[2024-06-11T21:35:20.791+0000] {logging_mixin.py:120} INFO - [2024-06-11T21:35:20.791+0000] {dag.py:3340} INFO - Setting next_dagrun for example_local_kubernetes_executor to None, run_after=None
[2024-06-11T21:35:20.820+0000] {processor.py:176} INFO - Processing /home/airflow/.local/lib/python3.7/site-packages/airflow/example_dags/example_local_kubernetes_executor.py took 0.210 seconds
