[2024-06-11T13:03:38.862+0000] {processor.py:154} INFO - Started process (PID=44) to work on /home/airflow/.local/lib/python3.7/site-packages/airflow/example_dags/example_sla_dag.py
[2024-06-11T13:03:38.863+0000] {processor.py:756} INFO - Processing file /home/airflow/.local/lib/python3.7/site-packages/airflow/example_dags/example_sla_dag.py for tasks to queue
[2024-06-11T13:03:38.864+0000] {logging_mixin.py:120} INFO - [2024-06-11T13:03:38.863+0000] {dagbag.py:537} INFO - Filling up the DagBag from /home/airflow/.local/lib/python3.7/site-packages/airflow/example_dags/example_sla_dag.py
[2024-06-11T13:03:38.886+0000] {processor.py:766} INFO - DAG(s) dict_keys(['example_sla_dag']) retrieved from /home/airflow/.local/lib/python3.7/site-packages/airflow/example_dags/example_sla_dag.py
[2024-06-11T13:03:38.983+0000] {logging_mixin.py:120} INFO - [2024-06-11T13:03:38.983+0000] {dag.py:2585} INFO - Sync 1 DAGs
[2024-06-11T13:03:39.028+0000] {logging_mixin.py:120} INFO - [2024-06-11T13:03:39.028+0000] {dag.py:3340} INFO - Setting next_dagrun for example_sla_dag to 2024-06-11T13:00:00+00:00, run_after=2024-06-11T13:02:00+00:00
[2024-06-11T13:03:39.055+0000] {processor.py:176} INFO - Processing /home/airflow/.local/lib/python3.7/site-packages/airflow/example_dags/example_sla_dag.py took 0.196 seconds
[2024-06-11T18:16:14.011+0000] {processor.py:154} INFO - Started process (PID=43) to work on /home/airflow/.local/lib/python3.7/site-packages/airflow/example_dags/example_sla_dag.py
[2024-06-11T18:16:14.013+0000] {processor.py:756} INFO - Processing file /home/airflow/.local/lib/python3.7/site-packages/airflow/example_dags/example_sla_dag.py for tasks to queue
[2024-06-11T18:16:14.014+0000] {logging_mixin.py:120} INFO - [2024-06-11T18:16:14.014+0000] {dagbag.py:537} INFO - Filling up the DagBag from /home/airflow/.local/lib/python3.7/site-packages/airflow/example_dags/example_sla_dag.py
[2024-06-11T18:16:14.042+0000] {processor.py:766} INFO - DAG(s) dict_keys(['example_sla_dag']) retrieved from /home/airflow/.local/lib/python3.7/site-packages/airflow/example_dags/example_sla_dag.py
[2024-06-11T18:16:14.095+0000] {logging_mixin.py:120} INFO - [2024-06-11T18:16:14.095+0000] {dag.py:2585} INFO - Sync 1 DAGs
[2024-06-11T18:16:14.137+0000] {logging_mixin.py:120} INFO - [2024-06-11T18:16:14.137+0000] {dag.py:3340} INFO - Setting next_dagrun for example_sla_dag to 2024-06-11T18:14:00+00:00, run_after=2024-06-11T18:16:00+00:00
[2024-06-11T18:16:14.160+0000] {processor.py:176} INFO - Processing /home/airflow/.local/lib/python3.7/site-packages/airflow/example_dags/example_sla_dag.py took 0.152 seconds
[2024-06-11T18:16:44.381+0000] {processor.py:154} INFO - Started process (PID=106) to work on /home/airflow/.local/lib/python3.7/site-packages/airflow/example_dags/example_sla_dag.py
[2024-06-11T18:16:44.382+0000] {processor.py:756} INFO - Processing file /home/airflow/.local/lib/python3.7/site-packages/airflow/example_dags/example_sla_dag.py for tasks to queue
[2024-06-11T18:16:44.383+0000] {logging_mixin.py:120} INFO - [2024-06-11T18:16:44.383+0000] {dagbag.py:537} INFO - Filling up the DagBag from /home/airflow/.local/lib/python3.7/site-packages/airflow/example_dags/example_sla_dag.py
[2024-06-11T18:16:44.403+0000] {processor.py:766} INFO - DAG(s) dict_keys(['example_sla_dag']) retrieved from /home/airflow/.local/lib/python3.7/site-packages/airflow/example_dags/example_sla_dag.py
[2024-06-11T18:16:44.436+0000] {logging_mixin.py:120} INFO - [2024-06-11T18:16:44.436+0000] {dag.py:2585} INFO - Sync 1 DAGs
[2024-06-11T18:16:44.458+0000] {logging_mixin.py:120} INFO - [2024-06-11T18:16:44.458+0000] {dag.py:3340} INFO - Setting next_dagrun for example_sla_dag to 2024-06-11T18:14:00+00:00, run_after=2024-06-11T18:16:00+00:00
[2024-06-11T18:16:44.474+0000] {processor.py:176} INFO - Processing /home/airflow/.local/lib/python3.7/site-packages/airflow/example_dags/example_sla_dag.py took 0.095 seconds
[2024-06-11T18:17:15.086+0000] {processor.py:154} INFO - Started process (PID=170) to work on /home/airflow/.local/lib/python3.7/site-packages/airflow/example_dags/example_sla_dag.py
[2024-06-11T18:17:15.087+0000] {processor.py:756} INFO - Processing file /home/airflow/.local/lib/python3.7/site-packages/airflow/example_dags/example_sla_dag.py for tasks to queue
[2024-06-11T18:17:15.088+0000] {logging_mixin.py:120} INFO - [2024-06-11T18:17:15.088+0000] {dagbag.py:537} INFO - Filling up the DagBag from /home/airflow/.local/lib/python3.7/site-packages/airflow/example_dags/example_sla_dag.py
[2024-06-11T18:17:15.108+0000] {processor.py:766} INFO - DAG(s) dict_keys(['example_sla_dag']) retrieved from /home/airflow/.local/lib/python3.7/site-packages/airflow/example_dags/example_sla_dag.py
[2024-06-11T18:17:15.143+0000] {logging_mixin.py:120} INFO - [2024-06-11T18:17:15.143+0000] {dag.py:2585} INFO - Sync 1 DAGs
[2024-06-11T18:17:15.173+0000] {logging_mixin.py:120} INFO - [2024-06-11T18:17:15.172+0000] {dag.py:3340} INFO - Setting next_dagrun for example_sla_dag to 2024-06-11T18:14:00+00:00, run_after=2024-06-11T18:16:00+00:00
[2024-06-11T18:17:15.197+0000] {processor.py:176} INFO - Processing /home/airflow/.local/lib/python3.7/site-packages/airflow/example_dags/example_sla_dag.py took 0.114 seconds
[2024-06-11T18:33:53.329+0000] {processor.py:154} INFO - Started process (PID=215) to work on /home/airflow/.local/lib/python3.7/site-packages/airflow/example_dags/example_sla_dag.py
[2024-06-11T18:33:53.330+0000] {processor.py:756} INFO - Processing file /home/airflow/.local/lib/python3.7/site-packages/airflow/example_dags/example_sla_dag.py for tasks to queue
[2024-06-11T18:33:53.330+0000] {logging_mixin.py:120} INFO - [2024-06-11T18:33:53.330+0000] {dagbag.py:537} INFO - Filling up the DagBag from /home/airflow/.local/lib/python3.7/site-packages/airflow/example_dags/example_sla_dag.py
[2024-06-11T18:33:53.349+0000] {processor.py:766} INFO - DAG(s) dict_keys(['example_sla_dag']) retrieved from /home/airflow/.local/lib/python3.7/site-packages/airflow/example_dags/example_sla_dag.py
[2024-06-11T18:33:53.383+0000] {logging_mixin.py:120} INFO - [2024-06-11T18:33:53.383+0000] {dag.py:2585} INFO - Sync 1 DAGs
[2024-06-11T18:33:53.407+0000] {logging_mixin.py:120} INFO - [2024-06-11T18:33:53.407+0000] {dag.py:3340} INFO - Setting next_dagrun for example_sla_dag to 2024-06-11T18:30:00+00:00, run_after=2024-06-11T18:32:00+00:00
[2024-06-11T18:33:53.423+0000] {processor.py:176} INFO - Processing /home/airflow/.local/lib/python3.7/site-packages/airflow/example_dags/example_sla_dag.py took 0.097 seconds
[2024-06-11T18:34:23.681+0000] {processor.py:154} INFO - Started process (PID=278) to work on /home/airflow/.local/lib/python3.7/site-packages/airflow/example_dags/example_sla_dag.py
[2024-06-11T18:34:23.682+0000] {processor.py:756} INFO - Processing file /home/airflow/.local/lib/python3.7/site-packages/airflow/example_dags/example_sla_dag.py for tasks to queue
[2024-06-11T18:34:23.682+0000] {logging_mixin.py:120} INFO - [2024-06-11T18:34:23.682+0000] {dagbag.py:537} INFO - Filling up the DagBag from /home/airflow/.local/lib/python3.7/site-packages/airflow/example_dags/example_sla_dag.py
[2024-06-11T18:34:23.702+0000] {processor.py:766} INFO - DAG(s) dict_keys(['example_sla_dag']) retrieved from /home/airflow/.local/lib/python3.7/site-packages/airflow/example_dags/example_sla_dag.py
[2024-06-11T18:34:23.734+0000] {logging_mixin.py:120} INFO - [2024-06-11T18:34:23.734+0000] {dag.py:2585} INFO - Sync 1 DAGs
[2024-06-11T18:34:23.758+0000] {logging_mixin.py:120} INFO - [2024-06-11T18:34:23.758+0000] {dag.py:3340} INFO - Setting next_dagrun for example_sla_dag to 2024-06-11T18:32:00+00:00, run_after=2024-06-11T18:34:00+00:00
[2024-06-11T18:34:23.774+0000] {processor.py:176} INFO - Processing /home/airflow/.local/lib/python3.7/site-packages/airflow/example_dags/example_sla_dag.py took 0.096 seconds
[2024-06-11T18:34:53.893+0000] {processor.py:154} INFO - Started process (PID=341) to work on /home/airflow/.local/lib/python3.7/site-packages/airflow/example_dags/example_sla_dag.py
[2024-06-11T18:34:53.894+0000] {processor.py:756} INFO - Processing file /home/airflow/.local/lib/python3.7/site-packages/airflow/example_dags/example_sla_dag.py for tasks to queue
[2024-06-11T18:34:53.895+0000] {logging_mixin.py:120} INFO - [2024-06-11T18:34:53.894+0000] {dagbag.py:537} INFO - Filling up the DagBag from /home/airflow/.local/lib/python3.7/site-packages/airflow/example_dags/example_sla_dag.py
[2024-06-11T18:34:53.914+0000] {processor.py:766} INFO - DAG(s) dict_keys(['example_sla_dag']) retrieved from /home/airflow/.local/lib/python3.7/site-packages/airflow/example_dags/example_sla_dag.py
[2024-06-11T18:34:53.948+0000] {logging_mixin.py:120} INFO - [2024-06-11T18:34:53.947+0000] {dag.py:2585} INFO - Sync 1 DAGs
[2024-06-11T18:34:53.970+0000] {logging_mixin.py:120} INFO - [2024-06-11T18:34:53.970+0000] {dag.py:3340} INFO - Setting next_dagrun for example_sla_dag to 2024-06-11T18:32:00+00:00, run_after=2024-06-11T18:34:00+00:00
[2024-06-11T18:34:53.986+0000] {processor.py:176} INFO - Processing /home/airflow/.local/lib/python3.7/site-packages/airflow/example_dags/example_sla_dag.py took 0.096 seconds
[2024-06-11T18:35:24.198+0000] {processor.py:154} INFO - Started process (PID=395) to work on /home/airflow/.local/lib/python3.7/site-packages/airflow/example_dags/example_sla_dag.py
[2024-06-11T18:35:24.200+0000] {processor.py:756} INFO - Processing file /home/airflow/.local/lib/python3.7/site-packages/airflow/example_dags/example_sla_dag.py for tasks to queue
[2024-06-11T18:35:24.201+0000] {logging_mixin.py:120} INFO - [2024-06-11T18:35:24.201+0000] {dagbag.py:537} INFO - Filling up the DagBag from /home/airflow/.local/lib/python3.7/site-packages/airflow/example_dags/example_sla_dag.py
[2024-06-11T18:35:24.221+0000] {processor.py:766} INFO - DAG(s) dict_keys(['example_sla_dag']) retrieved from /home/airflow/.local/lib/python3.7/site-packages/airflow/example_dags/example_sla_dag.py
[2024-06-11T18:35:24.265+0000] {logging_mixin.py:120} INFO - [2024-06-11T18:35:24.264+0000] {dag.py:2585} INFO - Sync 1 DAGs
[2024-06-11T18:35:24.292+0000] {logging_mixin.py:120} INFO - [2024-06-11T18:35:24.292+0000] {dag.py:3340} INFO - Setting next_dagrun for example_sla_dag to 2024-06-11T18:32:00+00:00, run_after=2024-06-11T18:34:00+00:00
[2024-06-11T18:35:24.314+0000] {processor.py:176} INFO - Processing /home/airflow/.local/lib/python3.7/site-packages/airflow/example_dags/example_sla_dag.py took 0.119 seconds
[2024-06-11T18:53:02.459+0000] {processor.py:154} INFO - Started process (PID=458) to work on /home/airflow/.local/lib/python3.7/site-packages/airflow/example_dags/example_sla_dag.py
[2024-06-11T18:53:02.461+0000] {processor.py:756} INFO - Processing file /home/airflow/.local/lib/python3.7/site-packages/airflow/example_dags/example_sla_dag.py for tasks to queue
[2024-06-11T18:53:02.463+0000] {logging_mixin.py:120} INFO - [2024-06-11T18:53:02.462+0000] {dagbag.py:537} INFO - Filling up the DagBag from /home/airflow/.local/lib/python3.7/site-packages/airflow/example_dags/example_sla_dag.py
[2024-06-11T18:53:02.490+0000] {processor.py:766} INFO - DAG(s) dict_keys(['example_sla_dag']) retrieved from /home/airflow/.local/lib/python3.7/site-packages/airflow/example_dags/example_sla_dag.py
[2024-06-11T18:53:02.544+0000] {logging_mixin.py:120} INFO - [2024-06-11T18:53:02.544+0000] {dag.py:2585} INFO - Sync 1 DAGs
[2024-06-11T18:53:02.585+0000] {logging_mixin.py:120} INFO - [2024-06-11T18:53:02.585+0000] {dag.py:3340} INFO - Setting next_dagrun for example_sla_dag to 2024-06-11T18:50:00+00:00, run_after=2024-06-11T18:52:00+00:00
[2024-06-11T18:53:02.628+0000] {processor.py:176} INFO - Processing /home/airflow/.local/lib/python3.7/site-packages/airflow/example_dags/example_sla_dag.py took 0.172 seconds
[2024-06-11T18:53:32.701+0000] {processor.py:154} INFO - Started process (PID=521) to work on /home/airflow/.local/lib/python3.7/site-packages/airflow/example_dags/example_sla_dag.py
[2024-06-11T18:53:32.701+0000] {processor.py:756} INFO - Processing file /home/airflow/.local/lib/python3.7/site-packages/airflow/example_dags/example_sla_dag.py for tasks to queue
[2024-06-11T18:53:32.702+0000] {logging_mixin.py:120} INFO - [2024-06-11T18:53:32.702+0000] {dagbag.py:537} INFO - Filling up the DagBag from /home/airflow/.local/lib/python3.7/site-packages/airflow/example_dags/example_sla_dag.py
[2024-06-11T18:53:32.721+0000] {processor.py:766} INFO - DAG(s) dict_keys(['example_sla_dag']) retrieved from /home/airflow/.local/lib/python3.7/site-packages/airflow/example_dags/example_sla_dag.py
[2024-06-11T18:53:32.754+0000] {logging_mixin.py:120} INFO - [2024-06-11T18:53:32.753+0000] {dag.py:2585} INFO - Sync 1 DAGs
[2024-06-11T18:53:32.778+0000] {logging_mixin.py:120} INFO - [2024-06-11T18:53:32.778+0000] {dag.py:3340} INFO - Setting next_dagrun for example_sla_dag to 2024-06-11T18:50:00+00:00, run_after=2024-06-11T18:52:00+00:00
[2024-06-11T18:53:32.792+0000] {processor.py:176} INFO - Processing /home/airflow/.local/lib/python3.7/site-packages/airflow/example_dags/example_sla_dag.py took 0.095 seconds
[2024-06-11T18:54:02.883+0000] {processor.py:154} INFO - Started process (PID=584) to work on /home/airflow/.local/lib/python3.7/site-packages/airflow/example_dags/example_sla_dag.py
[2024-06-11T18:54:02.884+0000] {processor.py:756} INFO - Processing file /home/airflow/.local/lib/python3.7/site-packages/airflow/example_dags/example_sla_dag.py for tasks to queue
[2024-06-11T18:54:02.884+0000] {logging_mixin.py:120} INFO - [2024-06-11T18:54:02.884+0000] {dagbag.py:537} INFO - Filling up the DagBag from /home/airflow/.local/lib/python3.7/site-packages/airflow/example_dags/example_sla_dag.py
[2024-06-11T18:54:02.904+0000] {processor.py:766} INFO - DAG(s) dict_keys(['example_sla_dag']) retrieved from /home/airflow/.local/lib/python3.7/site-packages/airflow/example_dags/example_sla_dag.py
[2024-06-11T18:54:02.937+0000] {logging_mixin.py:120} INFO - [2024-06-11T18:54:02.937+0000] {dag.py:2585} INFO - Sync 1 DAGs
[2024-06-11T18:54:02.963+0000] {logging_mixin.py:120} INFO - [2024-06-11T18:54:02.963+0000] {dag.py:3340} INFO - Setting next_dagrun for example_sla_dag to 2024-06-11T18:52:00+00:00, run_after=2024-06-11T18:54:00+00:00
[2024-06-11T18:54:02.981+0000] {processor.py:176} INFO - Processing /home/airflow/.local/lib/python3.7/site-packages/airflow/example_dags/example_sla_dag.py took 0.101 seconds
[2024-06-11T18:54:33.169+0000] {processor.py:154} INFO - Started process (PID=638) to work on /home/airflow/.local/lib/python3.7/site-packages/airflow/example_dags/example_sla_dag.py
[2024-06-11T18:54:33.170+0000] {processor.py:756} INFO - Processing file /home/airflow/.local/lib/python3.7/site-packages/airflow/example_dags/example_sla_dag.py for tasks to queue
[2024-06-11T18:54:33.172+0000] {logging_mixin.py:120} INFO - [2024-06-11T18:54:33.172+0000] {dagbag.py:537} INFO - Filling up the DagBag from /home/airflow/.local/lib/python3.7/site-packages/airflow/example_dags/example_sla_dag.py
[2024-06-11T18:54:33.194+0000] {processor.py:766} INFO - DAG(s) dict_keys(['example_sla_dag']) retrieved from /home/airflow/.local/lib/python3.7/site-packages/airflow/example_dags/example_sla_dag.py
[2024-06-11T18:54:33.227+0000] {logging_mixin.py:120} INFO - [2024-06-11T18:54:33.227+0000] {dag.py:2585} INFO - Sync 1 DAGs
[2024-06-11T18:54:33.250+0000] {logging_mixin.py:120} INFO - [2024-06-11T18:54:33.249+0000] {dag.py:3340} INFO - Setting next_dagrun for example_sla_dag to 2024-06-11T18:52:00+00:00, run_after=2024-06-11T18:54:00+00:00
[2024-06-11T18:54:33.265+0000] {processor.py:176} INFO - Processing /home/airflow/.local/lib/python3.7/site-packages/airflow/example_dags/example_sla_dag.py took 0.099 seconds
[2024-06-11T18:55:03.537+0000] {processor.py:154} INFO - Started process (PID=701) to work on /home/airflow/.local/lib/python3.7/site-packages/airflow/example_dags/example_sla_dag.py
[2024-06-11T18:55:03.538+0000] {processor.py:756} INFO - Processing file /home/airflow/.local/lib/python3.7/site-packages/airflow/example_dags/example_sla_dag.py for tasks to queue
[2024-06-11T18:55:03.540+0000] {logging_mixin.py:120} INFO - [2024-06-11T18:55:03.539+0000] {dagbag.py:537} INFO - Filling up the DagBag from /home/airflow/.local/lib/python3.7/site-packages/airflow/example_dags/example_sla_dag.py
[2024-06-11T18:55:03.558+0000] {processor.py:766} INFO - DAG(s) dict_keys(['example_sla_dag']) retrieved from /home/airflow/.local/lib/python3.7/site-packages/airflow/example_dags/example_sla_dag.py
[2024-06-11T18:55:03.590+0000] {logging_mixin.py:120} INFO - [2024-06-11T18:55:03.590+0000] {dag.py:2585} INFO - Sync 1 DAGs
[2024-06-11T18:55:03.614+0000] {logging_mixin.py:120} INFO - [2024-06-11T18:55:03.614+0000] {dag.py:3340} INFO - Setting next_dagrun for example_sla_dag to 2024-06-11T18:52:00+00:00, run_after=2024-06-11T18:54:00+00:00
[2024-06-11T18:55:03.628+0000] {processor.py:176} INFO - Processing /home/airflow/.local/lib/python3.7/site-packages/airflow/example_dags/example_sla_dag.py took 0.093 seconds
[2024-06-11T19:13:08.349+0000] {processor.py:154} INFO - Started process (PID=764) to work on /home/airflow/.local/lib/python3.7/site-packages/airflow/example_dags/example_sla_dag.py
[2024-06-11T19:13:08.350+0000] {processor.py:756} INFO - Processing file /home/airflow/.local/lib/python3.7/site-packages/airflow/example_dags/example_sla_dag.py for tasks to queue
[2024-06-11T19:13:08.351+0000] {logging_mixin.py:120} INFO - [2024-06-11T19:13:08.351+0000] {dagbag.py:537} INFO - Filling up the DagBag from /home/airflow/.local/lib/python3.7/site-packages/airflow/example_dags/example_sla_dag.py
[2024-06-11T19:13:08.375+0000] {processor.py:766} INFO - DAG(s) dict_keys(['example_sla_dag']) retrieved from /home/airflow/.local/lib/python3.7/site-packages/airflow/example_dags/example_sla_dag.py
[2024-06-11T19:13:08.415+0000] {logging_mixin.py:120} INFO - [2024-06-11T19:13:08.414+0000] {dag.py:2585} INFO - Sync 1 DAGs
[2024-06-11T19:13:08.443+0000] {logging_mixin.py:120} INFO - [2024-06-11T19:13:08.443+0000] {dag.py:3340} INFO - Setting next_dagrun for example_sla_dag to 2024-06-11T19:10:00+00:00, run_after=2024-06-11T19:12:00+00:00
[2024-06-11T19:13:08.464+0000] {processor.py:176} INFO - Processing /home/airflow/.local/lib/python3.7/site-packages/airflow/example_dags/example_sla_dag.py took 0.118 seconds
[2024-06-11T19:13:38.639+0000] {processor.py:154} INFO - Started process (PID=818) to work on /home/airflow/.local/lib/python3.7/site-packages/airflow/example_dags/example_sla_dag.py
[2024-06-11T19:13:38.640+0000] {processor.py:756} INFO - Processing file /home/airflow/.local/lib/python3.7/site-packages/airflow/example_dags/example_sla_dag.py for tasks to queue
[2024-06-11T19:13:38.641+0000] {logging_mixin.py:120} INFO - [2024-06-11T19:13:38.641+0000] {dagbag.py:537} INFO - Filling up the DagBag from /home/airflow/.local/lib/python3.7/site-packages/airflow/example_dags/example_sla_dag.py
[2024-06-11T19:13:38.660+0000] {processor.py:766} INFO - DAG(s) dict_keys(['example_sla_dag']) retrieved from /home/airflow/.local/lib/python3.7/site-packages/airflow/example_dags/example_sla_dag.py
[2024-06-11T19:13:38.694+0000] {logging_mixin.py:120} INFO - [2024-06-11T19:13:38.693+0000] {dag.py:2585} INFO - Sync 1 DAGs
[2024-06-11T19:13:38.717+0000] {logging_mixin.py:120} INFO - [2024-06-11T19:13:38.717+0000] {dag.py:3340} INFO - Setting next_dagrun for example_sla_dag to 2024-06-11T19:10:00+00:00, run_after=2024-06-11T19:12:00+00:00
[2024-06-11T19:13:38.733+0000] {processor.py:176} INFO - Processing /home/airflow/.local/lib/python3.7/site-packages/airflow/example_dags/example_sla_dag.py took 0.096 seconds
[2024-06-11T19:14:09.196+0000] {processor.py:154} INFO - Started process (PID=881) to work on /home/airflow/.local/lib/python3.7/site-packages/airflow/example_dags/example_sla_dag.py
[2024-06-11T19:14:09.197+0000] {processor.py:756} INFO - Processing file /home/airflow/.local/lib/python3.7/site-packages/airflow/example_dags/example_sla_dag.py for tasks to queue
[2024-06-11T19:14:09.198+0000] {logging_mixin.py:120} INFO - [2024-06-11T19:14:09.198+0000] {dagbag.py:537} INFO - Filling up the DagBag from /home/airflow/.local/lib/python3.7/site-packages/airflow/example_dags/example_sla_dag.py
[2024-06-11T19:14:09.217+0000] {processor.py:766} INFO - DAG(s) dict_keys(['example_sla_dag']) retrieved from /home/airflow/.local/lib/python3.7/site-packages/airflow/example_dags/example_sla_dag.py
[2024-06-11T19:14:09.250+0000] {logging_mixin.py:120} INFO - [2024-06-11T19:14:09.250+0000] {dag.py:2585} INFO - Sync 1 DAGs
[2024-06-11T19:14:09.301+0000] {logging_mixin.py:120} INFO - [2024-06-11T19:14:09.300+0000] {dag.py:3340} INFO - Setting next_dagrun for example_sla_dag to 2024-06-11T19:12:00+00:00, run_after=2024-06-11T19:14:00+00:00
[2024-06-11T19:14:09.315+0000] {processor.py:176} INFO - Processing /home/airflow/.local/lib/python3.7/site-packages/airflow/example_dags/example_sla_dag.py took 0.122 seconds
[2024-06-11T19:14:39.408+0000] {processor.py:154} INFO - Started process (PID=944) to work on /home/airflow/.local/lib/python3.7/site-packages/airflow/example_dags/example_sla_dag.py
[2024-06-11T19:14:39.409+0000] {processor.py:756} INFO - Processing file /home/airflow/.local/lib/python3.7/site-packages/airflow/example_dags/example_sla_dag.py for tasks to queue
[2024-06-11T19:14:39.410+0000] {logging_mixin.py:120} INFO - [2024-06-11T19:14:39.409+0000] {dagbag.py:537} INFO - Filling up the DagBag from /home/airflow/.local/lib/python3.7/site-packages/airflow/example_dags/example_sla_dag.py
[2024-06-11T19:14:39.428+0000] {processor.py:766} INFO - DAG(s) dict_keys(['example_sla_dag']) retrieved from /home/airflow/.local/lib/python3.7/site-packages/airflow/example_dags/example_sla_dag.py
[2024-06-11T19:14:39.461+0000] {logging_mixin.py:120} INFO - [2024-06-11T19:14:39.461+0000] {dag.py:2585} INFO - Sync 1 DAGs
[2024-06-11T19:14:39.485+0000] {logging_mixin.py:120} INFO - [2024-06-11T19:14:39.485+0000] {dag.py:3340} INFO - Setting next_dagrun for example_sla_dag to 2024-06-11T19:12:00+00:00, run_after=2024-06-11T19:14:00+00:00
[2024-06-11T19:14:39.500+0000] {processor.py:176} INFO - Processing /home/airflow/.local/lib/python3.7/site-packages/airflow/example_dags/example_sla_dag.py took 0.096 seconds
[2024-06-11T19:31:44.593+0000] {processor.py:154} INFO - Started process (PID=1007) to work on /home/airflow/.local/lib/python3.7/site-packages/airflow/example_dags/example_sla_dag.py
[2024-06-11T19:31:44.612+0000] {processor.py:756} INFO - Processing file /home/airflow/.local/lib/python3.7/site-packages/airflow/example_dags/example_sla_dag.py for tasks to queue
[2024-06-11T19:31:44.652+0000] {logging_mixin.py:120} INFO - [2024-06-11T19:31:44.640+0000] {dagbag.py:537} INFO - Filling up the DagBag from /home/airflow/.local/lib/python3.7/site-packages/airflow/example_dags/example_sla_dag.py
[2024-06-11T19:31:45.186+0000] {processor.py:766} INFO - DAG(s) dict_keys(['example_sla_dag']) retrieved from /home/airflow/.local/lib/python3.7/site-packages/airflow/example_dags/example_sla_dag.py
[2024-06-11T19:31:45.399+0000] {logging_mixin.py:120} INFO - [2024-06-11T19:31:45.398+0000] {dag.py:2585} INFO - Sync 1 DAGs
[2024-06-11T19:31:45.798+0000] {logging_mixin.py:120} INFO - [2024-06-11T19:31:45.798+0000] {dag.py:3340} INFO - Setting next_dagrun for example_sla_dag to 2024-06-11T19:28:00+00:00, run_after=2024-06-11T19:30:00+00:00
[2024-06-11T19:31:45.830+0000] {processor.py:176} INFO - Processing /home/airflow/.local/lib/python3.7/site-packages/airflow/example_dags/example_sla_dag.py took 1.444 seconds
[2024-06-11T19:32:15.897+0000] {processor.py:154} INFO - Started process (PID=1061) to work on /home/airflow/.local/lib/python3.7/site-packages/airflow/example_dags/example_sla_dag.py
[2024-06-11T19:32:15.899+0000] {processor.py:756} INFO - Processing file /home/airflow/.local/lib/python3.7/site-packages/airflow/example_dags/example_sla_dag.py for tasks to queue
[2024-06-11T19:32:15.900+0000] {logging_mixin.py:120} INFO - [2024-06-11T19:32:15.900+0000] {dagbag.py:537} INFO - Filling up the DagBag from /home/airflow/.local/lib/python3.7/site-packages/airflow/example_dags/example_sla_dag.py
[2024-06-11T19:32:15.919+0000] {processor.py:766} INFO - DAG(s) dict_keys(['example_sla_dag']) retrieved from /home/airflow/.local/lib/python3.7/site-packages/airflow/example_dags/example_sla_dag.py
[2024-06-11T19:32:15.951+0000] {logging_mixin.py:120} INFO - [2024-06-11T19:32:15.951+0000] {dag.py:2585} INFO - Sync 1 DAGs
[2024-06-11T19:32:15.975+0000] {logging_mixin.py:120} INFO - [2024-06-11T19:32:15.975+0000] {dag.py:3340} INFO - Setting next_dagrun for example_sla_dag to 2024-06-11T19:30:00+00:00, run_after=2024-06-11T19:32:00+00:00
[2024-06-11T19:32:15.989+0000] {processor.py:176} INFO - Processing /home/airflow/.local/lib/python3.7/site-packages/airflow/example_dags/example_sla_dag.py took 0.095 seconds
[2024-06-11T19:32:46.076+0000] {processor.py:154} INFO - Started process (PID=1124) to work on /home/airflow/.local/lib/python3.7/site-packages/airflow/example_dags/example_sla_dag.py
[2024-06-11T19:32:46.077+0000] {processor.py:756} INFO - Processing file /home/airflow/.local/lib/python3.7/site-packages/airflow/example_dags/example_sla_dag.py for tasks to queue
[2024-06-11T19:32:46.078+0000] {logging_mixin.py:120} INFO - [2024-06-11T19:32:46.078+0000] {dagbag.py:537} INFO - Filling up the DagBag from /home/airflow/.local/lib/python3.7/site-packages/airflow/example_dags/example_sla_dag.py
[2024-06-11T19:32:46.099+0000] {processor.py:766} INFO - DAG(s) dict_keys(['example_sla_dag']) retrieved from /home/airflow/.local/lib/python3.7/site-packages/airflow/example_dags/example_sla_dag.py
[2024-06-11T19:32:46.138+0000] {logging_mixin.py:120} INFO - [2024-06-11T19:32:46.138+0000] {dag.py:2585} INFO - Sync 1 DAGs
[2024-06-11T19:32:46.163+0000] {logging_mixin.py:120} INFO - [2024-06-11T19:32:46.163+0000] {dag.py:3340} INFO - Setting next_dagrun for example_sla_dag to 2024-06-11T19:30:00+00:00, run_after=2024-06-11T19:32:00+00:00
[2024-06-11T19:32:46.179+0000] {processor.py:176} INFO - Processing /home/airflow/.local/lib/python3.7/site-packages/airflow/example_dags/example_sla_dag.py took 0.106 seconds
[2024-06-11T19:33:16.343+0000] {processor.py:154} INFO - Started process (PID=1178) to work on /home/airflow/.local/lib/python3.7/site-packages/airflow/example_dags/example_sla_dag.py
[2024-06-11T19:33:16.346+0000] {processor.py:756} INFO - Processing file /home/airflow/.local/lib/python3.7/site-packages/airflow/example_dags/example_sla_dag.py for tasks to queue
[2024-06-11T19:33:16.347+0000] {logging_mixin.py:120} INFO - [2024-06-11T19:33:16.347+0000] {dagbag.py:537} INFO - Filling up the DagBag from /home/airflow/.local/lib/python3.7/site-packages/airflow/example_dags/example_sla_dag.py
[2024-06-11T19:33:16.366+0000] {processor.py:766} INFO - DAG(s) dict_keys(['example_sla_dag']) retrieved from /home/airflow/.local/lib/python3.7/site-packages/airflow/example_dags/example_sla_dag.py
[2024-06-11T19:33:16.403+0000] {logging_mixin.py:120} INFO - [2024-06-11T19:33:16.403+0000] {dag.py:2585} INFO - Sync 1 DAGs
[2024-06-11T19:33:16.428+0000] {logging_mixin.py:120} INFO - [2024-06-11T19:33:16.428+0000] {dag.py:3340} INFO - Setting next_dagrun for example_sla_dag to 2024-06-11T19:30:00+00:00, run_after=2024-06-11T19:32:00+00:00
[2024-06-11T19:33:16.443+0000] {processor.py:176} INFO - Processing /home/airflow/.local/lib/python3.7/site-packages/airflow/example_dags/example_sla_dag.py took 0.103 seconds
[2024-06-11T19:49:37.221+0000] {processor.py:154} INFO - Started process (PID=1241) to work on /home/airflow/.local/lib/python3.7/site-packages/airflow/example_dags/example_sla_dag.py
[2024-06-11T19:49:37.222+0000] {processor.py:756} INFO - Processing file /home/airflow/.local/lib/python3.7/site-packages/airflow/example_dags/example_sla_dag.py for tasks to queue
[2024-06-11T19:49:37.223+0000] {logging_mixin.py:120} INFO - [2024-06-11T19:49:37.223+0000] {dagbag.py:537} INFO - Filling up the DagBag from /home/airflow/.local/lib/python3.7/site-packages/airflow/example_dags/example_sla_dag.py
[2024-06-11T19:49:37.242+0000] {processor.py:766} INFO - DAG(s) dict_keys(['example_sla_dag']) retrieved from /home/airflow/.local/lib/python3.7/site-packages/airflow/example_dags/example_sla_dag.py
[2024-06-11T19:49:37.276+0000] {logging_mixin.py:120} INFO - [2024-06-11T19:49:37.276+0000] {dag.py:2585} INFO - Sync 1 DAGs
[2024-06-11T19:49:37.300+0000] {logging_mixin.py:120} INFO - [2024-06-11T19:49:37.300+0000] {dag.py:3340} INFO - Setting next_dagrun for example_sla_dag to 2024-06-11T19:46:00+00:00, run_after=2024-06-11T19:48:00+00:00
[2024-06-11T19:49:37.317+0000] {processor.py:176} INFO - Processing /home/airflow/.local/lib/python3.7/site-packages/airflow/example_dags/example_sla_dag.py took 0.099 seconds
[2024-06-11T19:50:07.681+0000] {processor.py:154} INFO - Started process (PID=1295) to work on /home/airflow/.local/lib/python3.7/site-packages/airflow/example_dags/example_sla_dag.py
[2024-06-11T19:50:07.682+0000] {processor.py:756} INFO - Processing file /home/airflow/.local/lib/python3.7/site-packages/airflow/example_dags/example_sla_dag.py for tasks to queue
[2024-06-11T19:50:07.683+0000] {logging_mixin.py:120} INFO - [2024-06-11T19:50:07.683+0000] {dagbag.py:537} INFO - Filling up the DagBag from /home/airflow/.local/lib/python3.7/site-packages/airflow/example_dags/example_sla_dag.py
[2024-06-11T19:50:07.702+0000] {processor.py:766} INFO - DAG(s) dict_keys(['example_sla_dag']) retrieved from /home/airflow/.local/lib/python3.7/site-packages/airflow/example_dags/example_sla_dag.py
[2024-06-11T19:50:07.734+0000] {logging_mixin.py:120} INFO - [2024-06-11T19:50:07.734+0000] {dag.py:2585} INFO - Sync 1 DAGs
[2024-06-11T19:50:07.758+0000] {logging_mixin.py:120} INFO - [2024-06-11T19:50:07.758+0000] {dag.py:3340} INFO - Setting next_dagrun for example_sla_dag to 2024-06-11T19:48:00+00:00, run_after=2024-06-11T19:50:00+00:00
[2024-06-11T19:50:07.773+0000] {processor.py:176} INFO - Processing /home/airflow/.local/lib/python3.7/site-packages/airflow/example_dags/example_sla_dag.py took 0.095 seconds
[2024-06-11T19:50:38.707+0000] {processor.py:154} INFO - Started process (PID=1357) to work on /home/airflow/.local/lib/python3.7/site-packages/airflow/example_dags/example_sla_dag.py
[2024-06-11T19:50:38.708+0000] {processor.py:756} INFO - Processing file /home/airflow/.local/lib/python3.7/site-packages/airflow/example_dags/example_sla_dag.py for tasks to queue
[2024-06-11T19:50:38.709+0000] {logging_mixin.py:120} INFO - [2024-06-11T19:50:38.709+0000] {dagbag.py:537} INFO - Filling up the DagBag from /home/airflow/.local/lib/python3.7/site-packages/airflow/example_dags/example_sla_dag.py
[2024-06-11T19:50:38.747+0000] {processor.py:766} INFO - DAG(s) dict_keys(['example_sla_dag']) retrieved from /home/airflow/.local/lib/python3.7/site-packages/airflow/example_dags/example_sla_dag.py
[2024-06-11T19:50:38.810+0000] {logging_mixin.py:120} INFO - [2024-06-11T19:50:38.810+0000] {dag.py:2585} INFO - Sync 1 DAGs
[2024-06-11T19:50:38.906+0000] {logging_mixin.py:120} INFO - [2024-06-11T19:50:38.904+0000] {dag.py:3340} INFO - Setting next_dagrun for example_sla_dag to 2024-06-11T19:48:00+00:00, run_after=2024-06-11T19:50:00+00:00
[2024-06-11T19:50:38.998+0000] {processor.py:176} INFO - Processing /home/airflow/.local/lib/python3.7/site-packages/airflow/example_dags/example_sla_dag.py took 0.296 seconds
[2024-06-11T19:51:09.559+0000] {processor.py:154} INFO - Started process (PID=1420) to work on /home/airflow/.local/lib/python3.7/site-packages/airflow/example_dags/example_sla_dag.py
[2024-06-11T19:51:09.561+0000] {processor.py:756} INFO - Processing file /home/airflow/.local/lib/python3.7/site-packages/airflow/example_dags/example_sla_dag.py for tasks to queue
[2024-06-11T19:51:09.562+0000] {logging_mixin.py:120} INFO - [2024-06-11T19:51:09.562+0000] {dagbag.py:537} INFO - Filling up the DagBag from /home/airflow/.local/lib/python3.7/site-packages/airflow/example_dags/example_sla_dag.py
[2024-06-11T19:51:09.582+0000] {processor.py:766} INFO - DAG(s) dict_keys(['example_sla_dag']) retrieved from /home/airflow/.local/lib/python3.7/site-packages/airflow/example_dags/example_sla_dag.py
[2024-06-11T19:51:09.617+0000] {logging_mixin.py:120} INFO - [2024-06-11T19:51:09.616+0000] {dag.py:2585} INFO - Sync 1 DAGs
[2024-06-11T19:51:09.643+0000] {logging_mixin.py:120} INFO - [2024-06-11T19:51:09.643+0000] {dag.py:3340} INFO - Setting next_dagrun for example_sla_dag to 2024-06-11T19:48:00+00:00, run_after=2024-06-11T19:50:00+00:00
[2024-06-11T19:51:09.657+0000] {processor.py:176} INFO - Processing /home/airflow/.local/lib/python3.7/site-packages/airflow/example_dags/example_sla_dag.py took 0.101 seconds
[2024-06-11T19:51:40.215+0000] {processor.py:154} INFO - Started process (PID=1482) to work on /home/airflow/.local/lib/python3.7/site-packages/airflow/example_dags/example_sla_dag.py
[2024-06-11T19:51:40.216+0000] {processor.py:756} INFO - Processing file /home/airflow/.local/lib/python3.7/site-packages/airflow/example_dags/example_sla_dag.py for tasks to queue
[2024-06-11T19:51:40.217+0000] {logging_mixin.py:120} INFO - [2024-06-11T19:51:40.217+0000] {dagbag.py:537} INFO - Filling up the DagBag from /home/airflow/.local/lib/python3.7/site-packages/airflow/example_dags/example_sla_dag.py
[2024-06-11T19:51:40.237+0000] {processor.py:766} INFO - DAG(s) dict_keys(['example_sla_dag']) retrieved from /home/airflow/.local/lib/python3.7/site-packages/airflow/example_dags/example_sla_dag.py
[2024-06-11T19:51:40.278+0000] {logging_mixin.py:120} INFO - [2024-06-11T19:51:40.278+0000] {dag.py:2585} INFO - Sync 1 DAGs
[2024-06-11T19:51:40.303+0000] {logging_mixin.py:120} INFO - [2024-06-11T19:51:40.303+0000] {dag.py:3340} INFO - Setting next_dagrun for example_sla_dag to 2024-06-11T19:48:00+00:00, run_after=2024-06-11T19:50:00+00:00
[2024-06-11T19:51:40.322+0000] {processor.py:176} INFO - Processing /home/airflow/.local/lib/python3.7/site-packages/airflow/example_dags/example_sla_dag.py took 0.110 seconds
[2024-06-11T19:56:18.274+0000] {processor.py:154} INFO - Started process (PID=1536) to work on /home/airflow/.local/lib/python3.7/site-packages/airflow/example_dags/example_sla_dag.py
[2024-06-11T19:56:18.275+0000] {processor.py:756} INFO - Processing file /home/airflow/.local/lib/python3.7/site-packages/airflow/example_dags/example_sla_dag.py for tasks to queue
[2024-06-11T19:56:18.276+0000] {logging_mixin.py:120} INFO - [2024-06-11T19:56:18.276+0000] {dagbag.py:537} INFO - Filling up the DagBag from /home/airflow/.local/lib/python3.7/site-packages/airflow/example_dags/example_sla_dag.py
[2024-06-11T19:56:18.295+0000] {processor.py:766} INFO - DAG(s) dict_keys(['example_sla_dag']) retrieved from /home/airflow/.local/lib/python3.7/site-packages/airflow/example_dags/example_sla_dag.py
[2024-06-11T19:56:18.329+0000] {logging_mixin.py:120} INFO - [2024-06-11T19:56:18.329+0000] {dag.py:2585} INFO - Sync 1 DAGs
[2024-06-11T19:56:18.354+0000] {logging_mixin.py:120} INFO - [2024-06-11T19:56:18.354+0000] {dag.py:3340} INFO - Setting next_dagrun for example_sla_dag to 2024-06-11T19:54:00+00:00, run_after=2024-06-11T19:56:00+00:00
[2024-06-11T19:56:18.371+0000] {processor.py:176} INFO - Processing /home/airflow/.local/lib/python3.7/site-packages/airflow/example_dags/example_sla_dag.py took 0.099 seconds
[2024-06-11T19:56:48.505+0000] {processor.py:154} INFO - Started process (PID=1599) to work on /home/airflow/.local/lib/python3.7/site-packages/airflow/example_dags/example_sla_dag.py
[2024-06-11T19:56:48.506+0000] {processor.py:756} INFO - Processing file /home/airflow/.local/lib/python3.7/site-packages/airflow/example_dags/example_sla_dag.py for tasks to queue
[2024-06-11T19:56:48.507+0000] {logging_mixin.py:120} INFO - [2024-06-11T19:56:48.506+0000] {dagbag.py:537} INFO - Filling up the DagBag from /home/airflow/.local/lib/python3.7/site-packages/airflow/example_dags/example_sla_dag.py
[2024-06-11T19:56:48.526+0000] {processor.py:766} INFO - DAG(s) dict_keys(['example_sla_dag']) retrieved from /home/airflow/.local/lib/python3.7/site-packages/airflow/example_dags/example_sla_dag.py
[2024-06-11T19:56:48.559+0000] {logging_mixin.py:120} INFO - [2024-06-11T19:56:48.559+0000] {dag.py:2585} INFO - Sync 1 DAGs
[2024-06-11T19:56:48.582+0000] {logging_mixin.py:120} INFO - [2024-06-11T19:56:48.582+0000] {dag.py:3340} INFO - Setting next_dagrun for example_sla_dag to 2024-06-11T19:54:00+00:00, run_after=2024-06-11T19:56:00+00:00
[2024-06-11T19:56:48.598+0000] {processor.py:176} INFO - Processing /home/airflow/.local/lib/python3.7/site-packages/airflow/example_dags/example_sla_dag.py took 0.096 seconds
[2024-06-11T19:57:18.863+0000] {processor.py:154} INFO - Started process (PID=1662) to work on /home/airflow/.local/lib/python3.7/site-packages/airflow/example_dags/example_sla_dag.py
[2024-06-11T19:57:18.864+0000] {processor.py:756} INFO - Processing file /home/airflow/.local/lib/python3.7/site-packages/airflow/example_dags/example_sla_dag.py for tasks to queue
[2024-06-11T19:57:18.865+0000] {logging_mixin.py:120} INFO - [2024-06-11T19:57:18.865+0000] {dagbag.py:537} INFO - Filling up the DagBag from /home/airflow/.local/lib/python3.7/site-packages/airflow/example_dags/example_sla_dag.py
[2024-06-11T19:57:18.884+0000] {processor.py:766} INFO - DAG(s) dict_keys(['example_sla_dag']) retrieved from /home/airflow/.local/lib/python3.7/site-packages/airflow/example_dags/example_sla_dag.py
[2024-06-11T19:57:18.918+0000] {logging_mixin.py:120} INFO - [2024-06-11T19:57:18.918+0000] {dag.py:2585} INFO - Sync 1 DAGs
[2024-06-11T19:57:18.941+0000] {logging_mixin.py:120} INFO - [2024-06-11T19:57:18.940+0000] {dag.py:3340} INFO - Setting next_dagrun for example_sla_dag to 2024-06-11T19:54:00+00:00, run_after=2024-06-11T19:56:00+00:00
[2024-06-11T19:57:18.955+0000] {processor.py:176} INFO - Processing /home/airflow/.local/lib/python3.7/site-packages/airflow/example_dags/example_sla_dag.py took 0.095 seconds
[2024-06-11T19:57:49.106+0000] {processor.py:154} INFO - Started process (PID=1724) to work on /home/airflow/.local/lib/python3.7/site-packages/airflow/example_dags/example_sla_dag.py
[2024-06-11T19:57:49.107+0000] {processor.py:756} INFO - Processing file /home/airflow/.local/lib/python3.7/site-packages/airflow/example_dags/example_sla_dag.py for tasks to queue
[2024-06-11T19:57:49.108+0000] {logging_mixin.py:120} INFO - [2024-06-11T19:57:49.108+0000] {dagbag.py:537} INFO - Filling up the DagBag from /home/airflow/.local/lib/python3.7/site-packages/airflow/example_dags/example_sla_dag.py
[2024-06-11T19:57:49.129+0000] {processor.py:766} INFO - DAG(s) dict_keys(['example_sla_dag']) retrieved from /home/airflow/.local/lib/python3.7/site-packages/airflow/example_dags/example_sla_dag.py
[2024-06-11T19:57:49.163+0000] {logging_mixin.py:120} INFO - [2024-06-11T19:57:49.163+0000] {dag.py:2585} INFO - Sync 1 DAGs
[2024-06-11T19:57:49.188+0000] {logging_mixin.py:120} INFO - [2024-06-11T19:57:49.188+0000] {dag.py:3340} INFO - Setting next_dagrun for example_sla_dag to 2024-06-11T19:54:00+00:00, run_after=2024-06-11T19:56:00+00:00
[2024-06-11T19:57:49.206+0000] {processor.py:176} INFO - Processing /home/airflow/.local/lib/python3.7/site-packages/airflow/example_dags/example_sla_dag.py took 0.103 seconds
[2024-06-11T20:15:57.161+0000] {processor.py:154} INFO - Started process (PID=1778) to work on /home/airflow/.local/lib/python3.7/site-packages/airflow/example_dags/example_sla_dag.py
[2024-06-11T20:15:57.162+0000] {processor.py:756} INFO - Processing file /home/airflow/.local/lib/python3.7/site-packages/airflow/example_dags/example_sla_dag.py for tasks to queue
[2024-06-11T20:15:57.164+0000] {logging_mixin.py:120} INFO - [2024-06-11T20:15:57.164+0000] {dagbag.py:537} INFO - Filling up the DagBag from /home/airflow/.local/lib/python3.7/site-packages/airflow/example_dags/example_sla_dag.py
[2024-06-11T20:15:57.199+0000] {processor.py:766} INFO - DAG(s) dict_keys(['example_sla_dag']) retrieved from /home/airflow/.local/lib/python3.7/site-packages/airflow/example_dags/example_sla_dag.py
[2024-06-11T20:15:57.255+0000] {logging_mixin.py:120} INFO - [2024-06-11T20:15:57.255+0000] {dag.py:2585} INFO - Sync 1 DAGs
[2024-06-11T20:15:57.294+0000] {logging_mixin.py:120} INFO - [2024-06-11T20:15:57.293+0000] {dag.py:3340} INFO - Setting next_dagrun for example_sla_dag to 2024-06-11T20:12:00+00:00, run_after=2024-06-11T20:14:00+00:00
[2024-06-11T20:15:57.322+0000] {processor.py:176} INFO - Processing /home/airflow/.local/lib/python3.7/site-packages/airflow/example_dags/example_sla_dag.py took 0.167 seconds
[2024-06-11T20:16:28.290+0000] {processor.py:154} INFO - Started process (PID=1841) to work on /home/airflow/.local/lib/python3.7/site-packages/airflow/example_dags/example_sla_dag.py
[2024-06-11T20:16:28.292+0000] {processor.py:756} INFO - Processing file /home/airflow/.local/lib/python3.7/site-packages/airflow/example_dags/example_sla_dag.py for tasks to queue
[2024-06-11T20:16:28.294+0000] {logging_mixin.py:120} INFO - [2024-06-11T20:16:28.294+0000] {dagbag.py:537} INFO - Filling up the DagBag from /home/airflow/.local/lib/python3.7/site-packages/airflow/example_dags/example_sla_dag.py
[2024-06-11T20:16:28.315+0000] {processor.py:766} INFO - DAG(s) dict_keys(['example_sla_dag']) retrieved from /home/airflow/.local/lib/python3.7/site-packages/airflow/example_dags/example_sla_dag.py
[2024-06-11T20:16:28.348+0000] {logging_mixin.py:120} INFO - [2024-06-11T20:16:28.348+0000] {dag.py:2585} INFO - Sync 1 DAGs
[2024-06-11T20:16:28.371+0000] {logging_mixin.py:120} INFO - [2024-06-11T20:16:28.371+0000] {dag.py:3340} INFO - Setting next_dagrun for example_sla_dag to 2024-06-11T20:14:00+00:00, run_after=2024-06-11T20:16:00+00:00
[2024-06-11T20:16:28.386+0000] {processor.py:176} INFO - Processing /home/airflow/.local/lib/python3.7/site-packages/airflow/example_dags/example_sla_dag.py took 0.099 seconds
[2024-06-11T20:16:58.610+0000] {processor.py:154} INFO - Started process (PID=1904) to work on /home/airflow/.local/lib/python3.7/site-packages/airflow/example_dags/example_sla_dag.py
[2024-06-11T20:16:58.611+0000] {processor.py:756} INFO - Processing file /home/airflow/.local/lib/python3.7/site-packages/airflow/example_dags/example_sla_dag.py for tasks to queue
[2024-06-11T20:16:58.612+0000] {logging_mixin.py:120} INFO - [2024-06-11T20:16:58.612+0000] {dagbag.py:537} INFO - Filling up the DagBag from /home/airflow/.local/lib/python3.7/site-packages/airflow/example_dags/example_sla_dag.py
[2024-06-11T20:16:58.631+0000] {processor.py:766} INFO - DAG(s) dict_keys(['example_sla_dag']) retrieved from /home/airflow/.local/lib/python3.7/site-packages/airflow/example_dags/example_sla_dag.py
[2024-06-11T20:16:58.665+0000] {logging_mixin.py:120} INFO - [2024-06-11T20:16:58.665+0000] {dag.py:2585} INFO - Sync 1 DAGs
[2024-06-11T20:16:58.688+0000] {logging_mixin.py:120} INFO - [2024-06-11T20:16:58.688+0000] {dag.py:3340} INFO - Setting next_dagrun for example_sla_dag to 2024-06-11T20:14:00+00:00, run_after=2024-06-11T20:16:00+00:00
[2024-06-11T20:16:58.705+0000] {processor.py:176} INFO - Processing /home/airflow/.local/lib/python3.7/site-packages/airflow/example_dags/example_sla_dag.py took 0.097 seconds
[2024-06-11T20:17:28.953+0000] {processor.py:154} INFO - Started process (PID=1967) to work on /home/airflow/.local/lib/python3.7/site-packages/airflow/example_dags/example_sla_dag.py
[2024-06-11T20:17:28.954+0000] {processor.py:756} INFO - Processing file /home/airflow/.local/lib/python3.7/site-packages/airflow/example_dags/example_sla_dag.py for tasks to queue
[2024-06-11T20:17:28.954+0000] {logging_mixin.py:120} INFO - [2024-06-11T20:17:28.954+0000] {dagbag.py:537} INFO - Filling up the DagBag from /home/airflow/.local/lib/python3.7/site-packages/airflow/example_dags/example_sla_dag.py
[2024-06-11T20:17:28.974+0000] {processor.py:766} INFO - DAG(s) dict_keys(['example_sla_dag']) retrieved from /home/airflow/.local/lib/python3.7/site-packages/airflow/example_dags/example_sla_dag.py
[2024-06-11T20:17:29.009+0000] {logging_mixin.py:120} INFO - [2024-06-11T20:17:29.009+0000] {dag.py:2585} INFO - Sync 1 DAGs
[2024-06-11T20:17:29.034+0000] {logging_mixin.py:120} INFO - [2024-06-11T20:17:29.034+0000] {dag.py:3340} INFO - Setting next_dagrun for example_sla_dag to 2024-06-11T20:14:00+00:00, run_after=2024-06-11T20:16:00+00:00
[2024-06-11T20:17:29.050+0000] {processor.py:176} INFO - Processing /home/airflow/.local/lib/python3.7/site-packages/airflow/example_dags/example_sla_dag.py took 0.100 seconds
[2024-06-11T20:17:59.146+0000] {processor.py:154} INFO - Started process (PID=2021) to work on /home/airflow/.local/lib/python3.7/site-packages/airflow/example_dags/example_sla_dag.py
[2024-06-11T20:17:59.147+0000] {processor.py:756} INFO - Processing file /home/airflow/.local/lib/python3.7/site-packages/airflow/example_dags/example_sla_dag.py for tasks to queue
[2024-06-11T20:17:59.148+0000] {logging_mixin.py:120} INFO - [2024-06-11T20:17:59.148+0000] {dagbag.py:537} INFO - Filling up the DagBag from /home/airflow/.local/lib/python3.7/site-packages/airflow/example_dags/example_sla_dag.py
[2024-06-11T20:17:59.166+0000] {processor.py:766} INFO - DAG(s) dict_keys(['example_sla_dag']) retrieved from /home/airflow/.local/lib/python3.7/site-packages/airflow/example_dags/example_sla_dag.py
[2024-06-11T20:17:59.200+0000] {logging_mixin.py:120} INFO - [2024-06-11T20:17:59.200+0000] {dag.py:2585} INFO - Sync 1 DAGs
[2024-06-11T20:17:59.223+0000] {logging_mixin.py:120} INFO - [2024-06-11T20:17:59.223+0000] {dag.py:3340} INFO - Setting next_dagrun for example_sla_dag to 2024-06-11T20:14:00+00:00, run_after=2024-06-11T20:16:00+00:00
[2024-06-11T20:17:59.238+0000] {processor.py:176} INFO - Processing /home/airflow/.local/lib/python3.7/site-packages/airflow/example_dags/example_sla_dag.py took 0.095 seconds
[2024-06-11T20:36:22.040+0000] {processor.py:154} INFO - Started process (PID=2084) to work on /home/airflow/.local/lib/python3.7/site-packages/airflow/example_dags/example_sla_dag.py
[2024-06-11T20:36:22.042+0000] {processor.py:756} INFO - Processing file /home/airflow/.local/lib/python3.7/site-packages/airflow/example_dags/example_sla_dag.py for tasks to queue
[2024-06-11T20:36:22.043+0000] {logging_mixin.py:120} INFO - [2024-06-11T20:36:22.043+0000] {dagbag.py:537} INFO - Filling up the DagBag from /home/airflow/.local/lib/python3.7/site-packages/airflow/example_dags/example_sla_dag.py
[2024-06-11T20:36:22.069+0000] {processor.py:766} INFO - DAG(s) dict_keys(['example_sla_dag']) retrieved from /home/airflow/.local/lib/python3.7/site-packages/airflow/example_dags/example_sla_dag.py
[2024-06-11T20:36:22.114+0000] {logging_mixin.py:120} INFO - [2024-06-11T20:36:22.113+0000] {dag.py:2585} INFO - Sync 1 DAGs
[2024-06-11T20:36:22.145+0000] {logging_mixin.py:120} INFO - [2024-06-11T20:36:22.145+0000] {dag.py:3340} INFO - Setting next_dagrun for example_sla_dag to 2024-06-11T20:34:00+00:00, run_after=2024-06-11T20:36:00+00:00
[2024-06-11T20:36:22.168+0000] {processor.py:176} INFO - Processing /home/airflow/.local/lib/python3.7/site-packages/airflow/example_dags/example_sla_dag.py took 0.132 seconds
[2024-06-11T20:36:52.472+0000] {processor.py:154} INFO - Started process (PID=2138) to work on /home/airflow/.local/lib/python3.7/site-packages/airflow/example_dags/example_sla_dag.py
[2024-06-11T20:36:52.473+0000] {processor.py:756} INFO - Processing file /home/airflow/.local/lib/python3.7/site-packages/airflow/example_dags/example_sla_dag.py for tasks to queue
[2024-06-11T20:36:52.474+0000] {logging_mixin.py:120} INFO - [2024-06-11T20:36:52.474+0000] {dagbag.py:537} INFO - Filling up the DagBag from /home/airflow/.local/lib/python3.7/site-packages/airflow/example_dags/example_sla_dag.py
[2024-06-11T20:36:52.501+0000] {processor.py:766} INFO - DAG(s) dict_keys(['example_sla_dag']) retrieved from /home/airflow/.local/lib/python3.7/site-packages/airflow/example_dags/example_sla_dag.py
[2024-06-11T20:36:52.540+0000] {logging_mixin.py:120} INFO - [2024-06-11T20:36:52.540+0000] {dag.py:2585} INFO - Sync 1 DAGs
[2024-06-11T20:36:52.565+0000] {logging_mixin.py:120} INFO - [2024-06-11T20:36:52.565+0000] {dag.py:3340} INFO - Setting next_dagrun for example_sla_dag to 2024-06-11T20:34:00+00:00, run_after=2024-06-11T20:36:00+00:00
[2024-06-11T20:36:52.582+0000] {processor.py:176} INFO - Processing /home/airflow/.local/lib/python3.7/site-packages/airflow/example_dags/example_sla_dag.py took 0.113 seconds
[2024-06-11T20:37:23.027+0000] {processor.py:154} INFO - Started process (PID=2201) to work on /home/airflow/.local/lib/python3.7/site-packages/airflow/example_dags/example_sla_dag.py
[2024-06-11T20:37:23.028+0000] {processor.py:756} INFO - Processing file /home/airflow/.local/lib/python3.7/site-packages/airflow/example_dags/example_sla_dag.py for tasks to queue
[2024-06-11T20:37:23.029+0000] {logging_mixin.py:120} INFO - [2024-06-11T20:37:23.029+0000] {dagbag.py:537} INFO - Filling up the DagBag from /home/airflow/.local/lib/python3.7/site-packages/airflow/example_dags/example_sla_dag.py
[2024-06-11T20:37:23.049+0000] {processor.py:766} INFO - DAG(s) dict_keys(['example_sla_dag']) retrieved from /home/airflow/.local/lib/python3.7/site-packages/airflow/example_dags/example_sla_dag.py
[2024-06-11T20:37:23.082+0000] {logging_mixin.py:120} INFO - [2024-06-11T20:37:23.082+0000] {dag.py:2585} INFO - Sync 1 DAGs
[2024-06-11T20:37:23.107+0000] {logging_mixin.py:120} INFO - [2024-06-11T20:37:23.107+0000] {dag.py:3340} INFO - Setting next_dagrun for example_sla_dag to 2024-06-11T20:34:00+00:00, run_after=2024-06-11T20:36:00+00:00
[2024-06-11T20:37:23.124+0000] {processor.py:176} INFO - Processing /home/airflow/.local/lib/python3.7/site-packages/airflow/example_dags/example_sla_dag.py took 0.099 seconds
[2024-06-11T20:37:53.366+0000] {processor.py:154} INFO - Started process (PID=2264) to work on /home/airflow/.local/lib/python3.7/site-packages/airflow/example_dags/example_sla_dag.py
[2024-06-11T20:37:53.367+0000] {processor.py:756} INFO - Processing file /home/airflow/.local/lib/python3.7/site-packages/airflow/example_dags/example_sla_dag.py for tasks to queue
[2024-06-11T20:37:53.368+0000] {logging_mixin.py:120} INFO - [2024-06-11T20:37:53.367+0000] {dagbag.py:537} INFO - Filling up the DagBag from /home/airflow/.local/lib/python3.7/site-packages/airflow/example_dags/example_sla_dag.py
[2024-06-11T20:37:53.387+0000] {processor.py:766} INFO - DAG(s) dict_keys(['example_sla_dag']) retrieved from /home/airflow/.local/lib/python3.7/site-packages/airflow/example_dags/example_sla_dag.py
[2024-06-11T20:37:53.421+0000] {logging_mixin.py:120} INFO - [2024-06-11T20:37:53.421+0000] {dag.py:2585} INFO - Sync 1 DAGs
[2024-06-11T20:37:53.444+0000] {logging_mixin.py:120} INFO - [2024-06-11T20:37:53.444+0000] {dag.py:3340} INFO - Setting next_dagrun for example_sla_dag to 2024-06-11T20:34:00+00:00, run_after=2024-06-11T20:36:00+00:00
[2024-06-11T20:37:53.460+0000] {processor.py:176} INFO - Processing /home/airflow/.local/lib/python3.7/site-packages/airflow/example_dags/example_sla_dag.py took 0.096 seconds
[2024-06-11T20:38:23.635+0000] {processor.py:154} INFO - Started process (PID=2327) to work on /home/airflow/.local/lib/python3.7/site-packages/airflow/example_dags/example_sla_dag.py
[2024-06-11T20:38:23.636+0000] {processor.py:756} INFO - Processing file /home/airflow/.local/lib/python3.7/site-packages/airflow/example_dags/example_sla_dag.py for tasks to queue
[2024-06-11T20:38:23.637+0000] {logging_mixin.py:120} INFO - [2024-06-11T20:38:23.637+0000] {dagbag.py:537} INFO - Filling up the DagBag from /home/airflow/.local/lib/python3.7/site-packages/airflow/example_dags/example_sla_dag.py
[2024-06-11T20:38:23.656+0000] {processor.py:766} INFO - DAG(s) dict_keys(['example_sla_dag']) retrieved from /home/airflow/.local/lib/python3.7/site-packages/airflow/example_dags/example_sla_dag.py
[2024-06-11T20:38:23.691+0000] {logging_mixin.py:120} INFO - [2024-06-11T20:38:23.691+0000] {dag.py:2585} INFO - Sync 1 DAGs
[2024-06-11T20:38:23.718+0000] {logging_mixin.py:120} INFO - [2024-06-11T20:38:23.717+0000] {dag.py:3340} INFO - Setting next_dagrun for example_sla_dag to 2024-06-11T20:36:00+00:00, run_after=2024-06-11T20:38:00+00:00
[2024-06-11T20:38:23.737+0000] {processor.py:176} INFO - Processing /home/airflow/.local/lib/python3.7/site-packages/airflow/example_dags/example_sla_dag.py took 0.105 seconds
[2024-06-11T20:53:48.226+0000] {processor.py:154} INFO - Started process (PID=2380) to work on /home/airflow/.local/lib/python3.7/site-packages/airflow/example_dags/example_sla_dag.py
[2024-06-11T20:53:48.227+0000] {processor.py:756} INFO - Processing file /home/airflow/.local/lib/python3.7/site-packages/airflow/example_dags/example_sla_dag.py for tasks to queue
[2024-06-11T20:53:48.229+0000] {logging_mixin.py:120} INFO - [2024-06-11T20:53:48.228+0000] {dagbag.py:537} INFO - Filling up the DagBag from /home/airflow/.local/lib/python3.7/site-packages/airflow/example_dags/example_sla_dag.py
[2024-06-11T20:53:48.250+0000] {processor.py:766} INFO - DAG(s) dict_keys(['example_sla_dag']) retrieved from /home/airflow/.local/lib/python3.7/site-packages/airflow/example_dags/example_sla_dag.py
[2024-06-11T20:53:48.287+0000] {logging_mixin.py:120} INFO - [2024-06-11T20:53:48.287+0000] {dag.py:2585} INFO - Sync 1 DAGs
[2024-06-11T20:53:48.314+0000] {logging_mixin.py:120} INFO - [2024-06-11T20:53:48.314+0000] {dag.py:3340} INFO - Setting next_dagrun for example_sla_dag to 2024-06-11T20:50:00+00:00, run_after=2024-06-11T20:52:00+00:00
[2024-06-11T20:53:48.334+0000] {processor.py:176} INFO - Processing /home/airflow/.local/lib/python3.7/site-packages/airflow/example_dags/example_sla_dag.py took 0.111 seconds
[2024-06-11T20:54:18.804+0000] {processor.py:154} INFO - Started process (PID=2443) to work on /home/airflow/.local/lib/python3.7/site-packages/airflow/example_dags/example_sla_dag.py
[2024-06-11T20:54:18.805+0000] {processor.py:756} INFO - Processing file /home/airflow/.local/lib/python3.7/site-packages/airflow/example_dags/example_sla_dag.py for tasks to queue
[2024-06-11T20:54:18.806+0000] {logging_mixin.py:120} INFO - [2024-06-11T20:54:18.806+0000] {dagbag.py:537} INFO - Filling up the DagBag from /home/airflow/.local/lib/python3.7/site-packages/airflow/example_dags/example_sla_dag.py
[2024-06-11T20:54:18.825+0000] {processor.py:766} INFO - DAG(s) dict_keys(['example_sla_dag']) retrieved from /home/airflow/.local/lib/python3.7/site-packages/airflow/example_dags/example_sla_dag.py
[2024-06-11T20:54:18.858+0000] {logging_mixin.py:120} INFO - [2024-06-11T20:54:18.857+0000] {dag.py:2585} INFO - Sync 1 DAGs
[2024-06-11T20:54:18.883+0000] {logging_mixin.py:120} INFO - [2024-06-11T20:54:18.882+0000] {dag.py:3340} INFO - Setting next_dagrun for example_sla_dag to 2024-06-11T20:52:00+00:00, run_after=2024-06-11T20:54:00+00:00
[2024-06-11T20:54:18.898+0000] {processor.py:176} INFO - Processing /home/airflow/.local/lib/python3.7/site-packages/airflow/example_dags/example_sla_dag.py took 0.097 seconds
[2024-06-11T20:54:49.053+0000] {processor.py:154} INFO - Started process (PID=2506) to work on /home/airflow/.local/lib/python3.7/site-packages/airflow/example_dags/example_sla_dag.py
[2024-06-11T20:54:49.054+0000] {processor.py:756} INFO - Processing file /home/airflow/.local/lib/python3.7/site-packages/airflow/example_dags/example_sla_dag.py for tasks to queue
[2024-06-11T20:54:49.054+0000] {logging_mixin.py:120} INFO - [2024-06-11T20:54:49.054+0000] {dagbag.py:537} INFO - Filling up the DagBag from /home/airflow/.local/lib/python3.7/site-packages/airflow/example_dags/example_sla_dag.py
[2024-06-11T20:54:49.073+0000] {processor.py:766} INFO - DAG(s) dict_keys(['example_sla_dag']) retrieved from /home/airflow/.local/lib/python3.7/site-packages/airflow/example_dags/example_sla_dag.py
[2024-06-11T20:54:49.107+0000] {logging_mixin.py:120} INFO - [2024-06-11T20:54:49.107+0000] {dag.py:2585} INFO - Sync 1 DAGs
[2024-06-11T20:54:49.131+0000] {logging_mixin.py:120} INFO - [2024-06-11T20:54:49.131+0000] {dag.py:3340} INFO - Setting next_dagrun for example_sla_dag to 2024-06-11T20:52:00+00:00, run_after=2024-06-11T20:54:00+00:00
[2024-06-11T20:54:49.146+0000] {processor.py:176} INFO - Processing /home/airflow/.local/lib/python3.7/site-packages/airflow/example_dags/example_sla_dag.py took 0.096 seconds
[2024-06-11T20:55:19.245+0000] {processor.py:154} INFO - Started process (PID=2560) to work on /home/airflow/.local/lib/python3.7/site-packages/airflow/example_dags/example_sla_dag.py
[2024-06-11T20:55:19.246+0000] {processor.py:756} INFO - Processing file /home/airflow/.local/lib/python3.7/site-packages/airflow/example_dags/example_sla_dag.py for tasks to queue
[2024-06-11T20:55:19.247+0000] {logging_mixin.py:120} INFO - [2024-06-11T20:55:19.247+0000] {dagbag.py:537} INFO - Filling up the DagBag from /home/airflow/.local/lib/python3.7/site-packages/airflow/example_dags/example_sla_dag.py
[2024-06-11T20:55:19.266+0000] {processor.py:766} INFO - DAG(s) dict_keys(['example_sla_dag']) retrieved from /home/airflow/.local/lib/python3.7/site-packages/airflow/example_dags/example_sla_dag.py
[2024-06-11T20:55:19.299+0000] {logging_mixin.py:120} INFO - [2024-06-11T20:55:19.299+0000] {dag.py:2585} INFO - Sync 1 DAGs
[2024-06-11T20:55:19.326+0000] {logging_mixin.py:120} INFO - [2024-06-11T20:55:19.326+0000] {dag.py:3340} INFO - Setting next_dagrun for example_sla_dag to 2024-06-11T20:52:00+00:00, run_after=2024-06-11T20:54:00+00:00
[2024-06-11T20:55:19.342+0000] {processor.py:176} INFO - Processing /home/airflow/.local/lib/python3.7/site-packages/airflow/example_dags/example_sla_dag.py took 0.099 seconds
[2024-06-11T20:55:49.538+0000] {processor.py:154} INFO - Started process (PID=2623) to work on /home/airflow/.local/lib/python3.7/site-packages/airflow/example_dags/example_sla_dag.py
[2024-06-11T20:55:49.539+0000] {processor.py:756} INFO - Processing file /home/airflow/.local/lib/python3.7/site-packages/airflow/example_dags/example_sla_dag.py for tasks to queue
[2024-06-11T20:55:49.540+0000] {logging_mixin.py:120} INFO - [2024-06-11T20:55:49.540+0000] {dagbag.py:537} INFO - Filling up the DagBag from /home/airflow/.local/lib/python3.7/site-packages/airflow/example_dags/example_sla_dag.py
[2024-06-11T20:55:49.559+0000] {processor.py:766} INFO - DAG(s) dict_keys(['example_sla_dag']) retrieved from /home/airflow/.local/lib/python3.7/site-packages/airflow/example_dags/example_sla_dag.py
[2024-06-11T20:55:49.590+0000] {logging_mixin.py:120} INFO - [2024-06-11T20:55:49.590+0000] {dag.py:2585} INFO - Sync 1 DAGs
[2024-06-11T20:55:49.613+0000] {logging_mixin.py:120} INFO - [2024-06-11T20:55:49.612+0000] {dag.py:3340} INFO - Setting next_dagrun for example_sla_dag to 2024-06-11T20:52:00+00:00, run_after=2024-06-11T20:54:00+00:00
[2024-06-11T20:55:49.628+0000] {processor.py:176} INFO - Processing /home/airflow/.local/lib/python3.7/site-packages/airflow/example_dags/example_sla_dag.py took 0.093 seconds
[2024-06-11T20:57:20.909+0000] {processor.py:154} INFO - Started process (PID=2686) to work on /home/airflow/.local/lib/python3.7/site-packages/airflow/example_dags/example_sla_dag.py
[2024-06-11T20:57:20.910+0000] {processor.py:756} INFO - Processing file /home/airflow/.local/lib/python3.7/site-packages/airflow/example_dags/example_sla_dag.py for tasks to queue
[2024-06-11T20:57:20.911+0000] {logging_mixin.py:120} INFO - [2024-06-11T20:57:20.911+0000] {dagbag.py:537} INFO - Filling up the DagBag from /home/airflow/.local/lib/python3.7/site-packages/airflow/example_dags/example_sla_dag.py
[2024-06-11T20:57:20.930+0000] {processor.py:766} INFO - DAG(s) dict_keys(['example_sla_dag']) retrieved from /home/airflow/.local/lib/python3.7/site-packages/airflow/example_dags/example_sla_dag.py
[2024-06-11T20:57:20.964+0000] {logging_mixin.py:120} INFO - [2024-06-11T20:57:20.964+0000] {dag.py:2585} INFO - Sync 1 DAGs
[2024-06-11T20:57:20.989+0000] {logging_mixin.py:120} INFO - [2024-06-11T20:57:20.989+0000] {dag.py:3340} INFO - Setting next_dagrun for example_sla_dag to 2024-06-11T20:54:00+00:00, run_after=2024-06-11T20:56:00+00:00
[2024-06-11T20:57:21.004+0000] {processor.py:176} INFO - Processing /home/airflow/.local/lib/python3.7/site-packages/airflow/example_dags/example_sla_dag.py took 0.098 seconds
[2024-06-11T20:57:51.065+0000] {processor.py:154} INFO - Started process (PID=2740) to work on /home/airflow/.local/lib/python3.7/site-packages/airflow/example_dags/example_sla_dag.py
[2024-06-11T20:57:51.066+0000] {processor.py:756} INFO - Processing file /home/airflow/.local/lib/python3.7/site-packages/airflow/example_dags/example_sla_dag.py for tasks to queue
[2024-06-11T20:57:51.067+0000] {logging_mixin.py:120} INFO - [2024-06-11T20:57:51.067+0000] {dagbag.py:537} INFO - Filling up the DagBag from /home/airflow/.local/lib/python3.7/site-packages/airflow/example_dags/example_sla_dag.py
[2024-06-11T20:57:51.086+0000] {processor.py:766} INFO - DAG(s) dict_keys(['example_sla_dag']) retrieved from /home/airflow/.local/lib/python3.7/site-packages/airflow/example_dags/example_sla_dag.py
[2024-06-11T20:57:51.121+0000] {logging_mixin.py:120} INFO - [2024-06-11T20:57:51.121+0000] {dag.py:2585} INFO - Sync 1 DAGs
[2024-06-11T20:57:51.144+0000] {logging_mixin.py:120} INFO - [2024-06-11T20:57:51.144+0000] {dag.py:3340} INFO - Setting next_dagrun for example_sla_dag to 2024-06-11T20:54:00+00:00, run_after=2024-06-11T20:56:00+00:00
[2024-06-11T20:57:51.160+0000] {processor.py:176} INFO - Processing /home/airflow/.local/lib/python3.7/site-packages/airflow/example_dags/example_sla_dag.py took 0.097 seconds
[2024-06-11T20:58:21.367+0000] {processor.py:154} INFO - Started process (PID=2802) to work on /home/airflow/.local/lib/python3.7/site-packages/airflow/example_dags/example_sla_dag.py
[2024-06-11T20:58:21.368+0000] {processor.py:756} INFO - Processing file /home/airflow/.local/lib/python3.7/site-packages/airflow/example_dags/example_sla_dag.py for tasks to queue
[2024-06-11T20:58:21.369+0000] {logging_mixin.py:120} INFO - [2024-06-11T20:58:21.369+0000] {dagbag.py:537} INFO - Filling up the DagBag from /home/airflow/.local/lib/python3.7/site-packages/airflow/example_dags/example_sla_dag.py
[2024-06-11T20:58:21.388+0000] {processor.py:766} INFO - DAG(s) dict_keys(['example_sla_dag']) retrieved from /home/airflow/.local/lib/python3.7/site-packages/airflow/example_dags/example_sla_dag.py
[2024-06-11T20:58:21.423+0000] {logging_mixin.py:120} INFO - [2024-06-11T20:58:21.422+0000] {dag.py:2585} INFO - Sync 1 DAGs
[2024-06-11T20:58:21.446+0000] {logging_mixin.py:120} INFO - [2024-06-11T20:58:21.445+0000] {dag.py:3340} INFO - Setting next_dagrun for example_sla_dag to 2024-06-11T20:56:00+00:00, run_after=2024-06-11T20:58:00+00:00
[2024-06-11T20:58:21.462+0000] {processor.py:176} INFO - Processing /home/airflow/.local/lib/python3.7/site-packages/airflow/example_dags/example_sla_dag.py took 0.099 seconds
[2024-06-11T20:58:51.557+0000] {processor.py:154} INFO - Started process (PID=2865) to work on /home/airflow/.local/lib/python3.7/site-packages/airflow/example_dags/example_sla_dag.py
[2024-06-11T20:58:51.557+0000] {processor.py:756} INFO - Processing file /home/airflow/.local/lib/python3.7/site-packages/airflow/example_dags/example_sla_dag.py for tasks to queue
[2024-06-11T20:58:51.558+0000] {logging_mixin.py:120} INFO - [2024-06-11T20:58:51.558+0000] {dagbag.py:537} INFO - Filling up the DagBag from /home/airflow/.local/lib/python3.7/site-packages/airflow/example_dags/example_sla_dag.py
[2024-06-11T20:58:51.578+0000] {processor.py:766} INFO - DAG(s) dict_keys(['example_sla_dag']) retrieved from /home/airflow/.local/lib/python3.7/site-packages/airflow/example_dags/example_sla_dag.py
[2024-06-11T20:58:51.610+0000] {logging_mixin.py:120} INFO - [2024-06-11T20:58:51.610+0000] {dag.py:2585} INFO - Sync 1 DAGs
[2024-06-11T20:58:51.634+0000] {logging_mixin.py:120} INFO - [2024-06-11T20:58:51.634+0000] {dag.py:3340} INFO - Setting next_dagrun for example_sla_dag to 2024-06-11T20:56:00+00:00, run_after=2024-06-11T20:58:00+00:00
[2024-06-11T20:58:51.650+0000] {processor.py:176} INFO - Processing /home/airflow/.local/lib/python3.7/site-packages/airflow/example_dags/example_sla_dag.py took 0.096 seconds
[2024-06-11T21:14:52.038+0000] {processor.py:154} INFO - Started process (PID=2927) to work on /home/airflow/.local/lib/python3.7/site-packages/airflow/example_dags/example_sla_dag.py
[2024-06-11T21:14:52.039+0000] {processor.py:756} INFO - Processing file /home/airflow/.local/lib/python3.7/site-packages/airflow/example_dags/example_sla_dag.py for tasks to queue
[2024-06-11T21:14:52.040+0000] {logging_mixin.py:120} INFO - [2024-06-11T21:14:52.040+0000] {dagbag.py:537} INFO - Filling up the DagBag from /home/airflow/.local/lib/python3.7/site-packages/airflow/example_dags/example_sla_dag.py
[2024-06-11T21:14:52.064+0000] {processor.py:766} INFO - DAG(s) dict_keys(['example_sla_dag']) retrieved from /home/airflow/.local/lib/python3.7/site-packages/airflow/example_dags/example_sla_dag.py
[2024-06-11T21:14:52.116+0000] {logging_mixin.py:120} INFO - [2024-06-11T21:14:52.116+0000] {dag.py:2585} INFO - Sync 1 DAGs
[2024-06-11T21:14:52.152+0000] {logging_mixin.py:120} INFO - [2024-06-11T21:14:52.152+0000] {dag.py:3340} INFO - Setting next_dagrun for example_sla_dag to 2024-06-11T21:12:00+00:00, run_after=2024-06-11T21:14:00+00:00
[2024-06-11T21:14:52.175+0000] {processor.py:176} INFO - Processing /home/airflow/.local/lib/python3.7/site-packages/airflow/example_dags/example_sla_dag.py took 0.141 seconds
[2024-06-11T21:15:22.340+0000] {processor.py:154} INFO - Started process (PID=2981) to work on /home/airflow/.local/lib/python3.7/site-packages/airflow/example_dags/example_sla_dag.py
[2024-06-11T21:15:22.341+0000] {processor.py:756} INFO - Processing file /home/airflow/.local/lib/python3.7/site-packages/airflow/example_dags/example_sla_dag.py for tasks to queue
[2024-06-11T21:15:22.342+0000] {logging_mixin.py:120} INFO - [2024-06-11T21:15:22.342+0000] {dagbag.py:537} INFO - Filling up the DagBag from /home/airflow/.local/lib/python3.7/site-packages/airflow/example_dags/example_sla_dag.py
[2024-06-11T21:15:22.361+0000] {processor.py:766} INFO - DAG(s) dict_keys(['example_sla_dag']) retrieved from /home/airflow/.local/lib/python3.7/site-packages/airflow/example_dags/example_sla_dag.py
[2024-06-11T21:15:22.393+0000] {logging_mixin.py:120} INFO - [2024-06-11T21:15:22.393+0000] {dag.py:2585} INFO - Sync 1 DAGs
[2024-06-11T21:15:22.415+0000] {logging_mixin.py:120} INFO - [2024-06-11T21:15:22.415+0000] {dag.py:3340} INFO - Setting next_dagrun for example_sla_dag to 2024-06-11T21:12:00+00:00, run_after=2024-06-11T21:14:00+00:00
[2024-06-11T21:15:22.429+0000] {processor.py:176} INFO - Processing /home/airflow/.local/lib/python3.7/site-packages/airflow/example_dags/example_sla_dag.py took 0.092 seconds
[2024-06-11T21:15:52.582+0000] {processor.py:154} INFO - Started process (PID=3044) to work on /home/airflow/.local/lib/python3.7/site-packages/airflow/example_dags/example_sla_dag.py
[2024-06-11T21:15:52.583+0000] {processor.py:756} INFO - Processing file /home/airflow/.local/lib/python3.7/site-packages/airflow/example_dags/example_sla_dag.py for tasks to queue
[2024-06-11T21:15:52.584+0000] {logging_mixin.py:120} INFO - [2024-06-11T21:15:52.584+0000] {dagbag.py:537} INFO - Filling up the DagBag from /home/airflow/.local/lib/python3.7/site-packages/airflow/example_dags/example_sla_dag.py
[2024-06-11T21:15:52.604+0000] {processor.py:766} INFO - DAG(s) dict_keys(['example_sla_dag']) retrieved from /home/airflow/.local/lib/python3.7/site-packages/airflow/example_dags/example_sla_dag.py
[2024-06-11T21:15:52.636+0000] {logging_mixin.py:120} INFO - [2024-06-11T21:15:52.636+0000] {dag.py:2585} INFO - Sync 1 DAGs
[2024-06-11T21:15:52.660+0000] {logging_mixin.py:120} INFO - [2024-06-11T21:15:52.659+0000] {dag.py:3340} INFO - Setting next_dagrun for example_sla_dag to 2024-06-11T21:12:00+00:00, run_after=2024-06-11T21:14:00+00:00
[2024-06-11T21:15:52.675+0000] {processor.py:176} INFO - Processing /home/airflow/.local/lib/python3.7/site-packages/airflow/example_dags/example_sla_dag.py took 0.096 seconds
[2024-06-11T21:16:23.082+0000] {processor.py:154} INFO - Started process (PID=3106) to work on /home/airflow/.local/lib/python3.7/site-packages/airflow/example_dags/example_sla_dag.py
[2024-06-11T21:16:23.083+0000] {processor.py:756} INFO - Processing file /home/airflow/.local/lib/python3.7/site-packages/airflow/example_dags/example_sla_dag.py for tasks to queue
[2024-06-11T21:16:23.084+0000] {logging_mixin.py:120} INFO - [2024-06-11T21:16:23.084+0000] {dagbag.py:537} INFO - Filling up the DagBag from /home/airflow/.local/lib/python3.7/site-packages/airflow/example_dags/example_sla_dag.py
[2024-06-11T21:16:23.103+0000] {processor.py:766} INFO - DAG(s) dict_keys(['example_sla_dag']) retrieved from /home/airflow/.local/lib/python3.7/site-packages/airflow/example_dags/example_sla_dag.py
[2024-06-11T21:16:23.136+0000] {logging_mixin.py:120} INFO - [2024-06-11T21:16:23.136+0000] {dag.py:2585} INFO - Sync 1 DAGs
[2024-06-11T21:16:23.161+0000] {logging_mixin.py:120} INFO - [2024-06-11T21:16:23.160+0000] {dag.py:3340} INFO - Setting next_dagrun for example_sla_dag to 2024-06-11T21:14:00+00:00, run_after=2024-06-11T21:16:00+00:00
[2024-06-11T21:16:23.177+0000] {processor.py:176} INFO - Processing /home/airflow/.local/lib/python3.7/site-packages/airflow/example_dags/example_sla_dag.py took 0.098 seconds
[2024-06-11T21:16:53.500+0000] {processor.py:154} INFO - Started process (PID=3169) to work on /home/airflow/.local/lib/python3.7/site-packages/airflow/example_dags/example_sla_dag.py
[2024-06-11T21:16:53.501+0000] {processor.py:756} INFO - Processing file /home/airflow/.local/lib/python3.7/site-packages/airflow/example_dags/example_sla_dag.py for tasks to queue
[2024-06-11T21:16:53.502+0000] {logging_mixin.py:120} INFO - [2024-06-11T21:16:53.502+0000] {dagbag.py:537} INFO - Filling up the DagBag from /home/airflow/.local/lib/python3.7/site-packages/airflow/example_dags/example_sla_dag.py
[2024-06-11T21:16:53.521+0000] {processor.py:766} INFO - DAG(s) dict_keys(['example_sla_dag']) retrieved from /home/airflow/.local/lib/python3.7/site-packages/airflow/example_dags/example_sla_dag.py
[2024-06-11T21:16:53.554+0000] {logging_mixin.py:120} INFO - [2024-06-11T21:16:53.554+0000] {dag.py:2585} INFO - Sync 1 DAGs
[2024-06-11T21:16:53.580+0000] {logging_mixin.py:120} INFO - [2024-06-11T21:16:53.580+0000] {dag.py:3340} INFO - Setting next_dagrun for example_sla_dag to 2024-06-11T21:14:00+00:00, run_after=2024-06-11T21:16:00+00:00
[2024-06-11T21:16:53.596+0000] {processor.py:176} INFO - Processing /home/airflow/.local/lib/python3.7/site-packages/airflow/example_dags/example_sla_dag.py took 0.099 seconds
[2024-06-11T21:30:33.301+0000] {processor.py:154} INFO - Started process (PID=3224) to work on /home/airflow/.local/lib/python3.7/site-packages/airflow/example_dags/example_sla_dag.py
[2024-06-11T21:30:33.302+0000] {processor.py:756} INFO - Processing file /home/airflow/.local/lib/python3.7/site-packages/airflow/example_dags/example_sla_dag.py for tasks to queue
[2024-06-11T21:30:33.302+0000] {logging_mixin.py:120} INFO - [2024-06-11T21:30:33.302+0000] {dagbag.py:537} INFO - Filling up the DagBag from /home/airflow/.local/lib/python3.7/site-packages/airflow/example_dags/example_sla_dag.py
[2024-06-11T21:30:33.322+0000] {processor.py:766} INFO - DAG(s) dict_keys(['example_sla_dag']) retrieved from /home/airflow/.local/lib/python3.7/site-packages/airflow/example_dags/example_sla_dag.py
[2024-06-11T21:30:33.356+0000] {logging_mixin.py:120} INFO - [2024-06-11T21:30:33.355+0000] {dag.py:2585} INFO - Sync 1 DAGs
[2024-06-11T21:30:33.379+0000] {logging_mixin.py:120} INFO - [2024-06-11T21:30:33.379+0000] {dag.py:3340} INFO - Setting next_dagrun for example_sla_dag to 2024-06-11T21:28:00+00:00, run_after=2024-06-11T21:30:00+00:00
[2024-06-11T21:30:33.396+0000] {processor.py:176} INFO - Processing /home/airflow/.local/lib/python3.7/site-packages/airflow/example_dags/example_sla_dag.py took 0.098 seconds
[2024-06-11T21:31:03.756+0000] {processor.py:154} INFO - Started process (PID=3287) to work on /home/airflow/.local/lib/python3.7/site-packages/airflow/example_dags/example_sla_dag.py
[2024-06-11T21:31:03.757+0000] {processor.py:756} INFO - Processing file /home/airflow/.local/lib/python3.7/site-packages/airflow/example_dags/example_sla_dag.py for tasks to queue
[2024-06-11T21:31:03.757+0000] {logging_mixin.py:120} INFO - [2024-06-11T21:31:03.757+0000] {dagbag.py:537} INFO - Filling up the DagBag from /home/airflow/.local/lib/python3.7/site-packages/airflow/example_dags/example_sla_dag.py
[2024-06-11T21:31:03.778+0000] {processor.py:766} INFO - DAG(s) dict_keys(['example_sla_dag']) retrieved from /home/airflow/.local/lib/python3.7/site-packages/airflow/example_dags/example_sla_dag.py
[2024-06-11T21:31:03.818+0000] {logging_mixin.py:120} INFO - [2024-06-11T21:31:03.817+0000] {dag.py:2585} INFO - Sync 1 DAGs
[2024-06-11T21:31:03.845+0000] {logging_mixin.py:120} INFO - [2024-06-11T21:31:03.845+0000] {dag.py:3340} INFO - Setting next_dagrun for example_sla_dag to 2024-06-11T21:28:00+00:00, run_after=2024-06-11T21:30:00+00:00
[2024-06-11T21:31:03.863+0000] {processor.py:176} INFO - Processing /home/airflow/.local/lib/python3.7/site-packages/airflow/example_dags/example_sla_dag.py took 0.111 seconds
[2024-06-11T21:31:34.557+0000] {processor.py:154} INFO - Started process (PID=3350) to work on /home/airflow/.local/lib/python3.7/site-packages/airflow/example_dags/example_sla_dag.py
[2024-06-11T21:31:34.558+0000] {processor.py:756} INFO - Processing file /home/airflow/.local/lib/python3.7/site-packages/airflow/example_dags/example_sla_dag.py for tasks to queue
[2024-06-11T21:31:34.559+0000] {logging_mixin.py:120} INFO - [2024-06-11T21:31:34.559+0000] {dagbag.py:537} INFO - Filling up the DagBag from /home/airflow/.local/lib/python3.7/site-packages/airflow/example_dags/example_sla_dag.py
[2024-06-11T21:31:34.578+0000] {processor.py:766} INFO - DAG(s) dict_keys(['example_sla_dag']) retrieved from /home/airflow/.local/lib/python3.7/site-packages/airflow/example_dags/example_sla_dag.py
[2024-06-11T21:31:34.612+0000] {logging_mixin.py:120} INFO - [2024-06-11T21:31:34.612+0000] {dag.py:2585} INFO - Sync 1 DAGs
[2024-06-11T21:31:34.639+0000] {logging_mixin.py:120} INFO - [2024-06-11T21:31:34.639+0000] {dag.py:3340} INFO - Setting next_dagrun for example_sla_dag to 2024-06-11T21:28:00+00:00, run_after=2024-06-11T21:30:00+00:00
[2024-06-11T21:31:34.657+0000] {processor.py:176} INFO - Processing /home/airflow/.local/lib/python3.7/site-packages/airflow/example_dags/example_sla_dag.py took 0.103 seconds
[2024-06-11T21:32:05.059+0000] {processor.py:154} INFO - Started process (PID=3413) to work on /home/airflow/.local/lib/python3.7/site-packages/airflow/example_dags/example_sla_dag.py
[2024-06-11T21:32:05.060+0000] {processor.py:756} INFO - Processing file /home/airflow/.local/lib/python3.7/site-packages/airflow/example_dags/example_sla_dag.py for tasks to queue
[2024-06-11T21:32:05.061+0000] {logging_mixin.py:120} INFO - [2024-06-11T21:32:05.061+0000] {dagbag.py:537} INFO - Filling up the DagBag from /home/airflow/.local/lib/python3.7/site-packages/airflow/example_dags/example_sla_dag.py
[2024-06-11T21:32:05.080+0000] {processor.py:766} INFO - DAG(s) dict_keys(['example_sla_dag']) retrieved from /home/airflow/.local/lib/python3.7/site-packages/airflow/example_dags/example_sla_dag.py
[2024-06-11T21:32:05.112+0000] {logging_mixin.py:120} INFO - [2024-06-11T21:32:05.112+0000] {dag.py:2585} INFO - Sync 1 DAGs
[2024-06-11T21:32:05.137+0000] {logging_mixin.py:120} INFO - [2024-06-11T21:32:05.137+0000] {dag.py:3340} INFO - Setting next_dagrun for example_sla_dag to 2024-06-11T21:30:00+00:00, run_after=2024-06-11T21:32:00+00:00
[2024-06-11T21:32:05.153+0000] {processor.py:176} INFO - Processing /home/airflow/.local/lib/python3.7/site-packages/airflow/example_dags/example_sla_dag.py took 0.097 seconds
[2024-06-11T21:32:35.308+0000] {processor.py:154} INFO - Started process (PID=3467) to work on /home/airflow/.local/lib/python3.7/site-packages/airflow/example_dags/example_sla_dag.py
[2024-06-11T21:32:35.309+0000] {processor.py:756} INFO - Processing file /home/airflow/.local/lib/python3.7/site-packages/airflow/example_dags/example_sla_dag.py for tasks to queue
[2024-06-11T21:32:35.310+0000] {logging_mixin.py:120} INFO - [2024-06-11T21:32:35.310+0000] {dagbag.py:537} INFO - Filling up the DagBag from /home/airflow/.local/lib/python3.7/site-packages/airflow/example_dags/example_sla_dag.py
[2024-06-11T21:32:35.329+0000] {processor.py:766} INFO - DAG(s) dict_keys(['example_sla_dag']) retrieved from /home/airflow/.local/lib/python3.7/site-packages/airflow/example_dags/example_sla_dag.py
[2024-06-11T21:32:35.362+0000] {logging_mixin.py:120} INFO - [2024-06-11T21:32:35.362+0000] {dag.py:2585} INFO - Sync 1 DAGs
[2024-06-11T21:32:35.385+0000] {logging_mixin.py:120} INFO - [2024-06-11T21:32:35.385+0000] {dag.py:3340} INFO - Setting next_dagrun for example_sla_dag to 2024-06-11T21:30:00+00:00, run_after=2024-06-11T21:32:00+00:00
[2024-06-11T21:32:35.401+0000] {processor.py:176} INFO - Processing /home/airflow/.local/lib/python3.7/site-packages/airflow/example_dags/example_sla_dag.py took 0.096 seconds
[2024-06-11T21:33:05.485+0000] {processor.py:154} INFO - Started process (PID=3530) to work on /home/airflow/.local/lib/python3.7/site-packages/airflow/example_dags/example_sla_dag.py
[2024-06-11T21:33:05.486+0000] {processor.py:756} INFO - Processing file /home/airflow/.local/lib/python3.7/site-packages/airflow/example_dags/example_sla_dag.py for tasks to queue
[2024-06-11T21:33:05.487+0000] {logging_mixin.py:120} INFO - [2024-06-11T21:33:05.487+0000] {dagbag.py:537} INFO - Filling up the DagBag from /home/airflow/.local/lib/python3.7/site-packages/airflow/example_dags/example_sla_dag.py
[2024-06-11T21:33:05.507+0000] {processor.py:766} INFO - DAG(s) dict_keys(['example_sla_dag']) retrieved from /home/airflow/.local/lib/python3.7/site-packages/airflow/example_dags/example_sla_dag.py
[2024-06-11T21:33:05.544+0000] {logging_mixin.py:120} INFO - [2024-06-11T21:33:05.544+0000] {dag.py:2585} INFO - Sync 1 DAGs
[2024-06-11T21:33:05.573+0000] {logging_mixin.py:120} INFO - [2024-06-11T21:33:05.573+0000] {dag.py:3340} INFO - Setting next_dagrun for example_sla_dag to 2024-06-11T21:30:00+00:00, run_after=2024-06-11T21:32:00+00:00
[2024-06-11T21:33:05.621+0000] {processor.py:176} INFO - Processing /home/airflow/.local/lib/python3.7/site-packages/airflow/example_dags/example_sla_dag.py took 0.139 seconds
[2024-06-11T21:33:35.711+0000] {processor.py:154} INFO - Started process (PID=3593) to work on /home/airflow/.local/lib/python3.7/site-packages/airflow/example_dags/example_sla_dag.py
[2024-06-11T21:33:35.712+0000] {processor.py:756} INFO - Processing file /home/airflow/.local/lib/python3.7/site-packages/airflow/example_dags/example_sla_dag.py for tasks to queue
[2024-06-11T21:33:35.713+0000] {logging_mixin.py:120} INFO - [2024-06-11T21:33:35.713+0000] {dagbag.py:537} INFO - Filling up the DagBag from /home/airflow/.local/lib/python3.7/site-packages/airflow/example_dags/example_sla_dag.py
[2024-06-11T21:33:35.733+0000] {processor.py:766} INFO - DAG(s) dict_keys(['example_sla_dag']) retrieved from /home/airflow/.local/lib/python3.7/site-packages/airflow/example_dags/example_sla_dag.py
[2024-06-11T21:33:35.769+0000] {logging_mixin.py:120} INFO - [2024-06-11T21:33:35.768+0000] {dag.py:2585} INFO - Sync 1 DAGs
[2024-06-11T21:33:35.795+0000] {logging_mixin.py:120} INFO - [2024-06-11T21:33:35.794+0000] {dag.py:3340} INFO - Setting next_dagrun for example_sla_dag to 2024-06-11T21:30:00+00:00, run_after=2024-06-11T21:32:00+00:00
[2024-06-11T21:33:35.811+0000] {processor.py:176} INFO - Processing /home/airflow/.local/lib/python3.7/site-packages/airflow/example_dags/example_sla_dag.py took 0.104 seconds
[2024-06-11T21:35:18.040+0000] {processor.py:154} INFO - Started process (PID=44) to work on /home/airflow/.local/lib/python3.7/site-packages/airflow/example_dags/example_sla_dag.py
[2024-06-11T21:35:18.041+0000] {processor.py:756} INFO - Processing file /home/airflow/.local/lib/python3.7/site-packages/airflow/example_dags/example_sla_dag.py for tasks to queue
[2024-06-11T21:35:18.042+0000] {logging_mixin.py:120} INFO - [2024-06-11T21:35:18.042+0000] {dagbag.py:537} INFO - Filling up the DagBag from /home/airflow/.local/lib/python3.7/site-packages/airflow/example_dags/example_sla_dag.py
[2024-06-11T21:35:18.065+0000] {processor.py:766} INFO - DAG(s) dict_keys(['example_sla_dag']) retrieved from /home/airflow/.local/lib/python3.7/site-packages/airflow/example_dags/example_sla_dag.py
[2024-06-11T21:35:18.115+0000] {logging_mixin.py:120} INFO - [2024-06-11T21:35:18.115+0000] {dag.py:2585} INFO - Sync 1 DAGs
[2024-06-11T21:35:18.151+0000] {logging_mixin.py:120} INFO - [2024-06-11T21:35:18.151+0000] {dag.py:3340} INFO - Setting next_dagrun for example_sla_dag to 2024-06-11T21:32:00+00:00, run_after=2024-06-11T21:34:00+00:00
[2024-06-11T21:35:18.177+0000] {processor.py:176} INFO - Processing /home/airflow/.local/lib/python3.7/site-packages/airflow/example_dags/example_sla_dag.py took 0.140 seconds
