[2024-06-11T13:03:39.340+0000] {processor.py:154} INFO - Started process (PID=48) to work on /home/airflow/.local/lib/python3.7/site-packages/airflow/example_dags/example_short_circuit_decorator.py
[2024-06-11T13:03:39.342+0000] {processor.py:756} INFO - Processing file /home/airflow/.local/lib/python3.7/site-packages/airflow/example_dags/example_short_circuit_decorator.py for tasks to queue
[2024-06-11T13:03:39.342+0000] {logging_mixin.py:120} INFO - [2024-06-11T13:03:39.342+0000] {dagbag.py:537} INFO - Filling up the DagBag from /home/airflow/.local/lib/python3.7/site-packages/airflow/example_dags/example_short_circuit_decorator.py
[2024-06-11T13:03:39.367+0000] {processor.py:766} INFO - DAG(s) dict_keys(['example_short_circuit_decorator']) retrieved from /home/airflow/.local/lib/python3.7/site-packages/airflow/example_dags/example_short_circuit_decorator.py
[2024-06-11T13:03:39.418+0000] {logging_mixin.py:120} INFO - [2024-06-11T13:03:39.418+0000] {dag.py:2585} INFO - Sync 1 DAGs
[2024-06-11T13:03:39.456+0000] {logging_mixin.py:120} INFO - [2024-06-11T13:03:39.456+0000] {dag.py:3340} INFO - Setting next_dagrun for example_short_circuit_decorator to 2024-06-10T13:03:39.456218+00:00, run_after=2024-06-11T13:03:39.456218+00:00
[2024-06-11T13:03:39.478+0000] {processor.py:176} INFO - Processing /home/airflow/.local/lib/python3.7/site-packages/airflow/example_dags/example_short_circuit_decorator.py took 0.141 seconds
[2024-06-11T18:16:14.629+0000] {processor.py:154} INFO - Started process (PID=47) to work on /home/airflow/.local/lib/python3.7/site-packages/airflow/example_dags/example_short_circuit_decorator.py
[2024-06-11T18:16:14.632+0000] {processor.py:756} INFO - Processing file /home/airflow/.local/lib/python3.7/site-packages/airflow/example_dags/example_short_circuit_decorator.py for tasks to queue
[2024-06-11T18:16:14.634+0000] {logging_mixin.py:120} INFO - [2024-06-11T18:16:14.633+0000] {dagbag.py:537} INFO - Filling up the DagBag from /home/airflow/.local/lib/python3.7/site-packages/airflow/example_dags/example_short_circuit_decorator.py
[2024-06-11T18:16:14.674+0000] {processor.py:766} INFO - DAG(s) dict_keys(['example_short_circuit_decorator']) retrieved from /home/airflow/.local/lib/python3.7/site-packages/airflow/example_dags/example_short_circuit_decorator.py
[2024-06-11T18:16:14.737+0000] {logging_mixin.py:120} INFO - [2024-06-11T18:16:14.737+0000] {dag.py:2585} INFO - Sync 1 DAGs
[2024-06-11T18:16:14.777+0000] {logging_mixin.py:120} INFO - [2024-06-11T18:16:14.777+0000] {dag.py:3340} INFO - Setting next_dagrun for example_short_circuit_decorator to 2024-06-10T18:16:14.776868+00:00, run_after=2024-06-11T18:16:14.776868+00:00
[2024-06-11T18:16:14.803+0000] {processor.py:176} INFO - Processing /home/airflow/.local/lib/python3.7/site-packages/airflow/example_dags/example_short_circuit_decorator.py took 0.179 seconds
[2024-06-11T18:16:45.607+0000] {processor.py:154} INFO - Started process (PID=110) to work on /home/airflow/.local/lib/python3.7/site-packages/airflow/example_dags/example_short_circuit_decorator.py
[2024-06-11T18:16:45.608+0000] {processor.py:756} INFO - Processing file /home/airflow/.local/lib/python3.7/site-packages/airflow/example_dags/example_short_circuit_decorator.py for tasks to queue
[2024-06-11T18:16:45.609+0000] {logging_mixin.py:120} INFO - [2024-06-11T18:16:45.609+0000] {dagbag.py:537} INFO - Filling up the DagBag from /home/airflow/.local/lib/python3.7/site-packages/airflow/example_dags/example_short_circuit_decorator.py
[2024-06-11T18:16:45.635+0000] {processor.py:766} INFO - DAG(s) dict_keys(['example_short_circuit_decorator']) retrieved from /home/airflow/.local/lib/python3.7/site-packages/airflow/example_dags/example_short_circuit_decorator.py
[2024-06-11T18:16:45.675+0000] {logging_mixin.py:120} INFO - [2024-06-11T18:16:45.675+0000] {dag.py:2585} INFO - Sync 1 DAGs
[2024-06-11T18:16:45.695+0000] {logging_mixin.py:120} INFO - [2024-06-11T18:16:45.695+0000] {dag.py:3340} INFO - Setting next_dagrun for example_short_circuit_decorator to 2024-06-10T18:16:45.695481+00:00, run_after=2024-06-11T18:16:45.695481+00:00
[2024-06-11T18:16:45.710+0000] {processor.py:176} INFO - Processing /home/airflow/.local/lib/python3.7/site-packages/airflow/example_dags/example_short_circuit_decorator.py took 0.106 seconds
[2024-06-11T18:17:16.330+0000] {processor.py:154} INFO - Started process (PID=174) to work on /home/airflow/.local/lib/python3.7/site-packages/airflow/example_dags/example_short_circuit_decorator.py
[2024-06-11T18:17:16.331+0000] {processor.py:756} INFO - Processing file /home/airflow/.local/lib/python3.7/site-packages/airflow/example_dags/example_short_circuit_decorator.py for tasks to queue
[2024-06-11T18:17:16.332+0000] {logging_mixin.py:120} INFO - [2024-06-11T18:17:16.332+0000] {dagbag.py:537} INFO - Filling up the DagBag from /home/airflow/.local/lib/python3.7/site-packages/airflow/example_dags/example_short_circuit_decorator.py
[2024-06-11T18:17:16.356+0000] {processor.py:766} INFO - DAG(s) dict_keys(['example_short_circuit_decorator']) retrieved from /home/airflow/.local/lib/python3.7/site-packages/airflow/example_dags/example_short_circuit_decorator.py
[2024-06-11T18:17:16.394+0000] {logging_mixin.py:120} INFO - [2024-06-11T18:17:16.394+0000] {dag.py:2585} INFO - Sync 1 DAGs
[2024-06-11T18:17:16.415+0000] {logging_mixin.py:120} INFO - [2024-06-11T18:17:16.415+0000] {dag.py:3340} INFO - Setting next_dagrun for example_short_circuit_decorator to 2024-06-10T18:17:16.415654+00:00, run_after=2024-06-11T18:17:16.415654+00:00
[2024-06-11T18:17:16.430+0000] {processor.py:176} INFO - Processing /home/airflow/.local/lib/python3.7/site-packages/airflow/example_dags/example_short_circuit_decorator.py took 0.103 seconds
[2024-06-11T18:33:53.642+0000] {processor.py:154} INFO - Started process (PID=219) to work on /home/airflow/.local/lib/python3.7/site-packages/airflow/example_dags/example_short_circuit_decorator.py
[2024-06-11T18:33:53.643+0000] {processor.py:756} INFO - Processing file /home/airflow/.local/lib/python3.7/site-packages/airflow/example_dags/example_short_circuit_decorator.py for tasks to queue
[2024-06-11T18:33:53.644+0000] {logging_mixin.py:120} INFO - [2024-06-11T18:33:53.644+0000] {dagbag.py:537} INFO - Filling up the DagBag from /home/airflow/.local/lib/python3.7/site-packages/airflow/example_dags/example_short_circuit_decorator.py
[2024-06-11T18:33:53.665+0000] {processor.py:766} INFO - DAG(s) dict_keys(['example_short_circuit_decorator']) retrieved from /home/airflow/.local/lib/python3.7/site-packages/airflow/example_dags/example_short_circuit_decorator.py
[2024-06-11T18:33:53.699+0000] {logging_mixin.py:120} INFO - [2024-06-11T18:33:53.699+0000] {dag.py:2585} INFO - Sync 1 DAGs
[2024-06-11T18:33:53.719+0000] {logging_mixin.py:120} INFO - [2024-06-11T18:33:53.719+0000] {dag.py:3340} INFO - Setting next_dagrun for example_short_circuit_decorator to 2024-06-10T18:33:53.719434+00:00, run_after=2024-06-11T18:33:53.719434+00:00
[2024-06-11T18:33:53.735+0000] {processor.py:176} INFO - Processing /home/airflow/.local/lib/python3.7/site-packages/airflow/example_dags/example_short_circuit_decorator.py took 0.096 seconds
[2024-06-11T18:34:23.988+0000] {processor.py:154} INFO - Started process (PID=282) to work on /home/airflow/.local/lib/python3.7/site-packages/airflow/example_dags/example_short_circuit_decorator.py
[2024-06-11T18:34:23.989+0000] {processor.py:756} INFO - Processing file /home/airflow/.local/lib/python3.7/site-packages/airflow/example_dags/example_short_circuit_decorator.py for tasks to queue
[2024-06-11T18:34:23.990+0000] {logging_mixin.py:120} INFO - [2024-06-11T18:34:23.990+0000] {dagbag.py:537} INFO - Filling up the DagBag from /home/airflow/.local/lib/python3.7/site-packages/airflow/example_dags/example_short_circuit_decorator.py
[2024-06-11T18:34:24.010+0000] {processor.py:766} INFO - DAG(s) dict_keys(['example_short_circuit_decorator']) retrieved from /home/airflow/.local/lib/python3.7/site-packages/airflow/example_dags/example_short_circuit_decorator.py
[2024-06-11T18:34:24.044+0000] {logging_mixin.py:120} INFO - [2024-06-11T18:34:24.043+0000] {dag.py:2585} INFO - Sync 1 DAGs
[2024-06-11T18:34:24.065+0000] {logging_mixin.py:120} INFO - [2024-06-11T18:34:24.065+0000] {dag.py:3340} INFO - Setting next_dagrun for example_short_circuit_decorator to 2024-06-10T18:34:24.064974+00:00, run_after=2024-06-11T18:34:24.064974+00:00
[2024-06-11T18:34:24.080+0000] {processor.py:176} INFO - Processing /home/airflow/.local/lib/python3.7/site-packages/airflow/example_dags/example_short_circuit_decorator.py took 0.095 seconds
[2024-06-11T18:34:54.120+0000] {processor.py:154} INFO - Started process (PID=345) to work on /home/airflow/.local/lib/python3.7/site-packages/airflow/example_dags/example_short_circuit_decorator.py
[2024-06-11T18:34:54.121+0000] {processor.py:756} INFO - Processing file /home/airflow/.local/lib/python3.7/site-packages/airflow/example_dags/example_short_circuit_decorator.py for tasks to queue
[2024-06-11T18:34:54.122+0000] {logging_mixin.py:120} INFO - [2024-06-11T18:34:54.121+0000] {dagbag.py:537} INFO - Filling up the DagBag from /home/airflow/.local/lib/python3.7/site-packages/airflow/example_dags/example_short_circuit_decorator.py
[2024-06-11T18:34:54.142+0000] {processor.py:766} INFO - DAG(s) dict_keys(['example_short_circuit_decorator']) retrieved from /home/airflow/.local/lib/python3.7/site-packages/airflow/example_dags/example_short_circuit_decorator.py
[2024-06-11T18:34:54.175+0000] {logging_mixin.py:120} INFO - [2024-06-11T18:34:54.175+0000] {dag.py:2585} INFO - Sync 1 DAGs
[2024-06-11T18:34:54.196+0000] {logging_mixin.py:120} INFO - [2024-06-11T18:34:54.196+0000] {dag.py:3340} INFO - Setting next_dagrun for example_short_circuit_decorator to 2024-06-10T18:34:54.196505+00:00, run_after=2024-06-11T18:34:54.196505+00:00
[2024-06-11T18:34:54.211+0000] {processor.py:176} INFO - Processing /home/airflow/.local/lib/python3.7/site-packages/airflow/example_dags/example_short_circuit_decorator.py took 0.094 seconds
[2024-06-11T18:35:24.435+0000] {processor.py:154} INFO - Started process (PID=405) to work on /home/airflow/.local/lib/python3.7/site-packages/airflow/example_dags/example_short_circuit_decorator.py
[2024-06-11T18:35:24.436+0000] {processor.py:756} INFO - Processing file /home/airflow/.local/lib/python3.7/site-packages/airflow/example_dags/example_short_circuit_decorator.py for tasks to queue
[2024-06-11T18:35:24.436+0000] {logging_mixin.py:120} INFO - [2024-06-11T18:35:24.436+0000] {dagbag.py:537} INFO - Filling up the DagBag from /home/airflow/.local/lib/python3.7/site-packages/airflow/example_dags/example_short_circuit_decorator.py
[2024-06-11T18:35:24.458+0000] {processor.py:766} INFO - DAG(s) dict_keys(['example_short_circuit_decorator']) retrieved from /home/airflow/.local/lib/python3.7/site-packages/airflow/example_dags/example_short_circuit_decorator.py
[2024-06-11T18:35:24.493+0000] {logging_mixin.py:120} INFO - [2024-06-11T18:35:24.493+0000] {dag.py:2585} INFO - Sync 1 DAGs
[2024-06-11T18:35:24.514+0000] {logging_mixin.py:120} INFO - [2024-06-11T18:35:24.514+0000] {dag.py:3340} INFO - Setting next_dagrun for example_short_circuit_decorator to 2024-06-10T18:35:24.514135+00:00, run_after=2024-06-11T18:35:24.514135+00:00
[2024-06-11T18:35:24.530+0000] {processor.py:176} INFO - Processing /home/airflow/.local/lib/python3.7/site-packages/airflow/example_dags/example_short_circuit_decorator.py took 0.099 seconds
[2024-06-11T18:53:02.837+0000] {processor.py:154} INFO - Started process (PID=462) to work on /home/airflow/.local/lib/python3.7/site-packages/airflow/example_dags/example_short_circuit_decorator.py
[2024-06-11T18:53:02.839+0000] {processor.py:756} INFO - Processing file /home/airflow/.local/lib/python3.7/site-packages/airflow/example_dags/example_short_circuit_decorator.py for tasks to queue
[2024-06-11T18:53:02.840+0000] {logging_mixin.py:120} INFO - [2024-06-11T18:53:02.840+0000] {dagbag.py:537} INFO - Filling up the DagBag from /home/airflow/.local/lib/python3.7/site-packages/airflow/example_dags/example_short_circuit_decorator.py
[2024-06-11T18:53:02.880+0000] {processor.py:766} INFO - DAG(s) dict_keys(['example_short_circuit_decorator']) retrieved from /home/airflow/.local/lib/python3.7/site-packages/airflow/example_dags/example_short_circuit_decorator.py
[2024-06-11T18:53:02.945+0000] {logging_mixin.py:120} INFO - [2024-06-11T18:53:02.945+0000] {dag.py:2585} INFO - Sync 1 DAGs
[2024-06-11T18:53:02.977+0000] {logging_mixin.py:120} INFO - [2024-06-11T18:53:02.977+0000] {dag.py:3340} INFO - Setting next_dagrun for example_short_circuit_decorator to 2024-06-10T18:53:02.976995+00:00, run_after=2024-06-11T18:53:02.976995+00:00
[2024-06-11T18:53:02.995+0000] {processor.py:176} INFO - Processing /home/airflow/.local/lib/python3.7/site-packages/airflow/example_dags/example_short_circuit_decorator.py took 0.163 seconds
[2024-06-11T18:53:33.843+0000] {processor.py:154} INFO - Started process (PID=525) to work on /home/airflow/.local/lib/python3.7/site-packages/airflow/example_dags/example_short_circuit_decorator.py
[2024-06-11T18:53:33.844+0000] {processor.py:756} INFO - Processing file /home/airflow/.local/lib/python3.7/site-packages/airflow/example_dags/example_short_circuit_decorator.py for tasks to queue
[2024-06-11T18:53:33.845+0000] {logging_mixin.py:120} INFO - [2024-06-11T18:53:33.845+0000] {dagbag.py:537} INFO - Filling up the DagBag from /home/airflow/.local/lib/python3.7/site-packages/airflow/example_dags/example_short_circuit_decorator.py
[2024-06-11T18:53:33.865+0000] {processor.py:766} INFO - DAG(s) dict_keys(['example_short_circuit_decorator']) retrieved from /home/airflow/.local/lib/python3.7/site-packages/airflow/example_dags/example_short_circuit_decorator.py
[2024-06-11T18:53:33.901+0000] {logging_mixin.py:120} INFO - [2024-06-11T18:53:33.901+0000] {dag.py:2585} INFO - Sync 1 DAGs
[2024-06-11T18:53:33.923+0000] {logging_mixin.py:120} INFO - [2024-06-11T18:53:33.923+0000] {dag.py:3340} INFO - Setting next_dagrun for example_short_circuit_decorator to 2024-06-10T18:53:33.922813+00:00, run_after=2024-06-11T18:53:33.922813+00:00
[2024-06-11T18:53:33.938+0000] {processor.py:176} INFO - Processing /home/airflow/.local/lib/python3.7/site-packages/airflow/example_dags/example_short_circuit_decorator.py took 0.098 seconds
[2024-06-11T18:54:04.109+0000] {processor.py:154} INFO - Started process (PID=588) to work on /home/airflow/.local/lib/python3.7/site-packages/airflow/example_dags/example_short_circuit_decorator.py
[2024-06-11T18:54:04.110+0000] {processor.py:756} INFO - Processing file /home/airflow/.local/lib/python3.7/site-packages/airflow/example_dags/example_short_circuit_decorator.py for tasks to queue
[2024-06-11T18:54:04.111+0000] {logging_mixin.py:120} INFO - [2024-06-11T18:54:04.110+0000] {dagbag.py:537} INFO - Filling up the DagBag from /home/airflow/.local/lib/python3.7/site-packages/airflow/example_dags/example_short_circuit_decorator.py
[2024-06-11T18:54:04.131+0000] {processor.py:766} INFO - DAG(s) dict_keys(['example_short_circuit_decorator']) retrieved from /home/airflow/.local/lib/python3.7/site-packages/airflow/example_dags/example_short_circuit_decorator.py
[2024-06-11T18:54:04.164+0000] {logging_mixin.py:120} INFO - [2024-06-11T18:54:04.164+0000] {dag.py:2585} INFO - Sync 1 DAGs
[2024-06-11T18:54:04.188+0000] {logging_mixin.py:120} INFO - [2024-06-11T18:54:04.188+0000] {dag.py:3340} INFO - Setting next_dagrun for example_short_circuit_decorator to 2024-06-10T18:54:04.188221+00:00, run_after=2024-06-11T18:54:04.188221+00:00
[2024-06-11T18:54:04.203+0000] {processor.py:176} INFO - Processing /home/airflow/.local/lib/python3.7/site-packages/airflow/example_dags/example_short_circuit_decorator.py took 0.097 seconds
[2024-06-11T18:54:34.389+0000] {processor.py:154} INFO - Started process (PID=651) to work on /home/airflow/.local/lib/python3.7/site-packages/airflow/example_dags/example_short_circuit_decorator.py
[2024-06-11T18:54:34.390+0000] {processor.py:756} INFO - Processing file /home/airflow/.local/lib/python3.7/site-packages/airflow/example_dags/example_short_circuit_decorator.py for tasks to queue
[2024-06-11T18:54:34.391+0000] {logging_mixin.py:120} INFO - [2024-06-11T18:54:34.391+0000] {dagbag.py:537} INFO - Filling up the DagBag from /home/airflow/.local/lib/python3.7/site-packages/airflow/example_dags/example_short_circuit_decorator.py
[2024-06-11T18:54:34.412+0000] {processor.py:766} INFO - DAG(s) dict_keys(['example_short_circuit_decorator']) retrieved from /home/airflow/.local/lib/python3.7/site-packages/airflow/example_dags/example_short_circuit_decorator.py
[2024-06-11T18:54:34.447+0000] {logging_mixin.py:120} INFO - [2024-06-11T18:54:34.447+0000] {dag.py:2585} INFO - Sync 1 DAGs
[2024-06-11T18:54:34.468+0000] {logging_mixin.py:120} INFO - [2024-06-11T18:54:34.468+0000] {dag.py:3340} INFO - Setting next_dagrun for example_short_circuit_decorator to 2024-06-10T18:54:34.468382+00:00, run_after=2024-06-11T18:54:34.468382+00:00
[2024-06-11T18:54:34.485+0000] {processor.py:176} INFO - Processing /home/airflow/.local/lib/python3.7/site-packages/airflow/example_dags/example_short_circuit_decorator.py took 0.098 seconds
[2024-06-11T18:55:04.760+0000] {processor.py:154} INFO - Started process (PID=705) to work on /home/airflow/.local/lib/python3.7/site-packages/airflow/example_dags/example_short_circuit_decorator.py
[2024-06-11T18:55:04.761+0000] {processor.py:756} INFO - Processing file /home/airflow/.local/lib/python3.7/site-packages/airflow/example_dags/example_short_circuit_decorator.py for tasks to queue
[2024-06-11T18:55:04.762+0000] {logging_mixin.py:120} INFO - [2024-06-11T18:55:04.762+0000] {dagbag.py:537} INFO - Filling up the DagBag from /home/airflow/.local/lib/python3.7/site-packages/airflow/example_dags/example_short_circuit_decorator.py
[2024-06-11T18:55:04.783+0000] {processor.py:766} INFO - DAG(s) dict_keys(['example_short_circuit_decorator']) retrieved from /home/airflow/.local/lib/python3.7/site-packages/airflow/example_dags/example_short_circuit_decorator.py
[2024-06-11T18:55:04.817+0000] {logging_mixin.py:120} INFO - [2024-06-11T18:55:04.817+0000] {dag.py:2585} INFO - Sync 1 DAGs
[2024-06-11T18:55:04.838+0000] {logging_mixin.py:120} INFO - [2024-06-11T18:55:04.838+0000] {dag.py:3340} INFO - Setting next_dagrun for example_short_circuit_decorator to 2024-06-10T18:55:04.837984+00:00, run_after=2024-06-11T18:55:04.837984+00:00
[2024-06-11T18:55:04.854+0000] {processor.py:176} INFO - Processing /home/airflow/.local/lib/python3.7/site-packages/airflow/example_dags/example_short_circuit_decorator.py took 0.096 seconds
[2024-06-11T19:13:08.762+0000] {processor.py:154} INFO - Started process (PID=768) to work on /home/airflow/.local/lib/python3.7/site-packages/airflow/example_dags/example_short_circuit_decorator.py
[2024-06-11T19:13:08.763+0000] {processor.py:756} INFO - Processing file /home/airflow/.local/lib/python3.7/site-packages/airflow/example_dags/example_short_circuit_decorator.py for tasks to queue
[2024-06-11T19:13:08.765+0000] {logging_mixin.py:120} INFO - [2024-06-11T19:13:08.765+0000] {dagbag.py:537} INFO - Filling up the DagBag from /home/airflow/.local/lib/python3.7/site-packages/airflow/example_dags/example_short_circuit_decorator.py
[2024-06-11T19:13:08.795+0000] {processor.py:766} INFO - DAG(s) dict_keys(['example_short_circuit_decorator']) retrieved from /home/airflow/.local/lib/python3.7/site-packages/airflow/example_dags/example_short_circuit_decorator.py
[2024-06-11T19:13:08.835+0000] {logging_mixin.py:120} INFO - [2024-06-11T19:13:08.835+0000] {dag.py:2585} INFO - Sync 1 DAGs
[2024-06-11T19:13:08.860+0000] {logging_mixin.py:120} INFO - [2024-06-11T19:13:08.860+0000] {dag.py:3340} INFO - Setting next_dagrun for example_short_circuit_decorator to 2024-06-10T19:13:08.860204+00:00, run_after=2024-06-11T19:13:08.860204+00:00
[2024-06-11T19:13:08.876+0000] {processor.py:176} INFO - Processing /home/airflow/.local/lib/python3.7/site-packages/airflow/example_dags/example_short_circuit_decorator.py took 0.118 seconds
[2024-06-11T19:13:38.956+0000] {processor.py:154} INFO - Started process (PID=822) to work on /home/airflow/.local/lib/python3.7/site-packages/airflow/example_dags/example_short_circuit_decorator.py
[2024-06-11T19:13:38.957+0000] {processor.py:756} INFO - Processing file /home/airflow/.local/lib/python3.7/site-packages/airflow/example_dags/example_short_circuit_decorator.py for tasks to queue
[2024-06-11T19:13:38.958+0000] {logging_mixin.py:120} INFO - [2024-06-11T19:13:38.958+0000] {dagbag.py:537} INFO - Filling up the DagBag from /home/airflow/.local/lib/python3.7/site-packages/airflow/example_dags/example_short_circuit_decorator.py
[2024-06-11T19:13:38.979+0000] {processor.py:766} INFO - DAG(s) dict_keys(['example_short_circuit_decorator']) retrieved from /home/airflow/.local/lib/python3.7/site-packages/airflow/example_dags/example_short_circuit_decorator.py
[2024-06-11T19:13:39.012+0000] {logging_mixin.py:120} INFO - [2024-06-11T19:13:39.011+0000] {dag.py:2585} INFO - Sync 1 DAGs
[2024-06-11T19:13:39.033+0000] {logging_mixin.py:120} INFO - [2024-06-11T19:13:39.033+0000] {dag.py:3340} INFO - Setting next_dagrun for example_short_circuit_decorator to 2024-06-10T19:13:39.033117+00:00, run_after=2024-06-11T19:13:39.033117+00:00
[2024-06-11T19:13:39.048+0000] {processor.py:176} INFO - Processing /home/airflow/.local/lib/python3.7/site-packages/airflow/example_dags/example_short_circuit_decorator.py took 0.095 seconds
[2024-06-11T19:14:09.432+0000] {processor.py:154} INFO - Started process (PID=885) to work on /home/airflow/.local/lib/python3.7/site-packages/airflow/example_dags/example_short_circuit_decorator.py
[2024-06-11T19:14:09.433+0000] {processor.py:756} INFO - Processing file /home/airflow/.local/lib/python3.7/site-packages/airflow/example_dags/example_short_circuit_decorator.py for tasks to queue
[2024-06-11T19:14:09.434+0000] {logging_mixin.py:120} INFO - [2024-06-11T19:14:09.434+0000] {dagbag.py:537} INFO - Filling up the DagBag from /home/airflow/.local/lib/python3.7/site-packages/airflow/example_dags/example_short_circuit_decorator.py
[2024-06-11T19:14:09.454+0000] {processor.py:766} INFO - DAG(s) dict_keys(['example_short_circuit_decorator']) retrieved from /home/airflow/.local/lib/python3.7/site-packages/airflow/example_dags/example_short_circuit_decorator.py
[2024-06-11T19:14:09.489+0000] {logging_mixin.py:120} INFO - [2024-06-11T19:14:09.488+0000] {dag.py:2585} INFO - Sync 1 DAGs
[2024-06-11T19:14:09.509+0000] {logging_mixin.py:120} INFO - [2024-06-11T19:14:09.509+0000] {dag.py:3340} INFO - Setting next_dagrun for example_short_circuit_decorator to 2024-06-10T19:14:09.508844+00:00, run_after=2024-06-11T19:14:09.508844+00:00
[2024-06-11T19:14:09.523+0000] {processor.py:176} INFO - Processing /home/airflow/.local/lib/python3.7/site-packages/airflow/example_dags/example_short_circuit_decorator.py took 0.094 seconds
[2024-06-11T19:14:39.631+0000] {processor.py:154} INFO - Started process (PID=948) to work on /home/airflow/.local/lib/python3.7/site-packages/airflow/example_dags/example_short_circuit_decorator.py
[2024-06-11T19:14:39.632+0000] {processor.py:756} INFO - Processing file /home/airflow/.local/lib/python3.7/site-packages/airflow/example_dags/example_short_circuit_decorator.py for tasks to queue
[2024-06-11T19:14:39.632+0000] {logging_mixin.py:120} INFO - [2024-06-11T19:14:39.632+0000] {dagbag.py:537} INFO - Filling up the DagBag from /home/airflow/.local/lib/python3.7/site-packages/airflow/example_dags/example_short_circuit_decorator.py
[2024-06-11T19:14:39.652+0000] {processor.py:766} INFO - DAG(s) dict_keys(['example_short_circuit_decorator']) retrieved from /home/airflow/.local/lib/python3.7/site-packages/airflow/example_dags/example_short_circuit_decorator.py
[2024-06-11T19:14:39.687+0000] {logging_mixin.py:120} INFO - [2024-06-11T19:14:39.687+0000] {dag.py:2585} INFO - Sync 1 DAGs
[2024-06-11T19:14:39.707+0000] {logging_mixin.py:120} INFO - [2024-06-11T19:14:39.707+0000] {dag.py:3340} INFO - Setting next_dagrun for example_short_circuit_decorator to 2024-06-10T19:14:39.707528+00:00, run_after=2024-06-11T19:14:39.707528+00:00
[2024-06-11T19:14:39.722+0000] {processor.py:176} INFO - Processing /home/airflow/.local/lib/python3.7/site-packages/airflow/example_dags/example_short_circuit_decorator.py took 0.095 seconds
[2024-06-11T19:31:46.491+0000] {processor.py:154} INFO - Started process (PID=1011) to work on /home/airflow/.local/lib/python3.7/site-packages/airflow/example_dags/example_short_circuit_decorator.py
[2024-06-11T19:31:46.493+0000] {processor.py:756} INFO - Processing file /home/airflow/.local/lib/python3.7/site-packages/airflow/example_dags/example_short_circuit_decorator.py for tasks to queue
[2024-06-11T19:31:46.494+0000] {logging_mixin.py:120} INFO - [2024-06-11T19:31:46.494+0000] {dagbag.py:537} INFO - Filling up the DagBag from /home/airflow/.local/lib/python3.7/site-packages/airflow/example_dags/example_short_circuit_decorator.py
[2024-06-11T19:31:46.540+0000] {processor.py:766} INFO - DAG(s) dict_keys(['example_short_circuit_decorator']) retrieved from /home/airflow/.local/lib/python3.7/site-packages/airflow/example_dags/example_short_circuit_decorator.py
[2024-06-11T19:31:46.610+0000] {logging_mixin.py:120} INFO - [2024-06-11T19:31:46.610+0000] {dag.py:2585} INFO - Sync 1 DAGs
[2024-06-11T19:31:46.657+0000] {logging_mixin.py:120} INFO - [2024-06-11T19:31:46.657+0000] {dag.py:3340} INFO - Setting next_dagrun for example_short_circuit_decorator to 2024-06-10T19:31:46.657073+00:00, run_after=2024-06-11T19:31:46.657073+00:00
[2024-06-11T19:31:46.692+0000] {processor.py:176} INFO - Processing /home/airflow/.local/lib/python3.7/site-packages/airflow/example_dags/example_short_circuit_decorator.py took 0.206 seconds
[2024-06-11T19:32:17.139+0000] {processor.py:154} INFO - Started process (PID=1065) to work on /home/airflow/.local/lib/python3.7/site-packages/airflow/example_dags/example_short_circuit_decorator.py
[2024-06-11T19:32:17.140+0000] {processor.py:756} INFO - Processing file /home/airflow/.local/lib/python3.7/site-packages/airflow/example_dags/example_short_circuit_decorator.py for tasks to queue
[2024-06-11T19:32:17.141+0000] {logging_mixin.py:120} INFO - [2024-06-11T19:32:17.141+0000] {dagbag.py:537} INFO - Filling up the DagBag from /home/airflow/.local/lib/python3.7/site-packages/airflow/example_dags/example_short_circuit_decorator.py
[2024-06-11T19:32:17.163+0000] {processor.py:766} INFO - DAG(s) dict_keys(['example_short_circuit_decorator']) retrieved from /home/airflow/.local/lib/python3.7/site-packages/airflow/example_dags/example_short_circuit_decorator.py
[2024-06-11T19:32:17.197+0000] {logging_mixin.py:120} INFO - [2024-06-11T19:32:17.197+0000] {dag.py:2585} INFO - Sync 1 DAGs
[2024-06-11T19:32:17.220+0000] {logging_mixin.py:120} INFO - [2024-06-11T19:32:17.220+0000] {dag.py:3340} INFO - Setting next_dagrun for example_short_circuit_decorator to 2024-06-10T19:32:17.220308+00:00, run_after=2024-06-11T19:32:17.220308+00:00
[2024-06-11T19:32:17.237+0000] {processor.py:176} INFO - Processing /home/airflow/.local/lib/python3.7/site-packages/airflow/example_dags/example_short_circuit_decorator.py took 0.100 seconds
[2024-06-11T19:32:47.425+0000] {processor.py:154} INFO - Started process (PID=1128) to work on /home/airflow/.local/lib/python3.7/site-packages/airflow/example_dags/example_short_circuit_decorator.py
[2024-06-11T19:32:47.426+0000] {processor.py:756} INFO - Processing file /home/airflow/.local/lib/python3.7/site-packages/airflow/example_dags/example_short_circuit_decorator.py for tasks to queue
[2024-06-11T19:32:47.427+0000] {logging_mixin.py:120} INFO - [2024-06-11T19:32:47.427+0000] {dagbag.py:537} INFO - Filling up the DagBag from /home/airflow/.local/lib/python3.7/site-packages/airflow/example_dags/example_short_circuit_decorator.py
[2024-06-11T19:32:47.449+0000] {processor.py:766} INFO - DAG(s) dict_keys(['example_short_circuit_decorator']) retrieved from /home/airflow/.local/lib/python3.7/site-packages/airflow/example_dags/example_short_circuit_decorator.py
[2024-06-11T19:32:47.483+0000] {logging_mixin.py:120} INFO - [2024-06-11T19:32:47.482+0000] {dag.py:2585} INFO - Sync 1 DAGs
[2024-06-11T19:32:47.504+0000] {logging_mixin.py:120} INFO - [2024-06-11T19:32:47.504+0000] {dag.py:3340} INFO - Setting next_dagrun for example_short_circuit_decorator to 2024-06-10T19:32:47.503852+00:00, run_after=2024-06-11T19:32:47.503852+00:00
[2024-06-11T19:32:47.519+0000] {processor.py:176} INFO - Processing /home/airflow/.local/lib/python3.7/site-packages/airflow/example_dags/example_short_circuit_decorator.py took 0.097 seconds
[2024-06-11T19:33:17.713+0000] {processor.py:154} INFO - Started process (PID=1191) to work on /home/airflow/.local/lib/python3.7/site-packages/airflow/example_dags/example_short_circuit_decorator.py
[2024-06-11T19:33:17.714+0000] {processor.py:756} INFO - Processing file /home/airflow/.local/lib/python3.7/site-packages/airflow/example_dags/example_short_circuit_decorator.py for tasks to queue
[2024-06-11T19:33:17.716+0000] {logging_mixin.py:120} INFO - [2024-06-11T19:33:17.716+0000] {dagbag.py:537} INFO - Filling up the DagBag from /home/airflow/.local/lib/python3.7/site-packages/airflow/example_dags/example_short_circuit_decorator.py
[2024-06-11T19:33:17.740+0000] {processor.py:766} INFO - DAG(s) dict_keys(['example_short_circuit_decorator']) retrieved from /home/airflow/.local/lib/python3.7/site-packages/airflow/example_dags/example_short_circuit_decorator.py
[2024-06-11T19:33:17.777+0000] {logging_mixin.py:120} INFO - [2024-06-11T19:33:17.776+0000] {dag.py:2585} INFO - Sync 1 DAGs
[2024-06-11T19:33:17.799+0000] {logging_mixin.py:120} INFO - [2024-06-11T19:33:17.799+0000] {dag.py:3340} INFO - Setting next_dagrun for example_short_circuit_decorator to 2024-06-10T19:33:17.799512+00:00, run_after=2024-06-11T19:33:17.799512+00:00
[2024-06-11T19:33:17.818+0000] {processor.py:176} INFO - Processing /home/airflow/.local/lib/python3.7/site-packages/airflow/example_dags/example_short_circuit_decorator.py took 0.108 seconds
[2024-06-11T19:49:37.553+0000] {processor.py:154} INFO - Started process (PID=1245) to work on /home/airflow/.local/lib/python3.7/site-packages/airflow/example_dags/example_short_circuit_decorator.py
[2024-06-11T19:49:37.554+0000] {processor.py:756} INFO - Processing file /home/airflow/.local/lib/python3.7/site-packages/airflow/example_dags/example_short_circuit_decorator.py for tasks to queue
[2024-06-11T19:49:37.554+0000] {logging_mixin.py:120} INFO - [2024-06-11T19:49:37.554+0000] {dagbag.py:537} INFO - Filling up the DagBag from /home/airflow/.local/lib/python3.7/site-packages/airflow/example_dags/example_short_circuit_decorator.py
[2024-06-11T19:49:37.577+0000] {processor.py:766} INFO - DAG(s) dict_keys(['example_short_circuit_decorator']) retrieved from /home/airflow/.local/lib/python3.7/site-packages/airflow/example_dags/example_short_circuit_decorator.py
[2024-06-11T19:49:37.611+0000] {logging_mixin.py:120} INFO - [2024-06-11T19:49:37.610+0000] {dag.py:2585} INFO - Sync 1 DAGs
[2024-06-11T19:49:37.635+0000] {logging_mixin.py:120} INFO - [2024-06-11T19:49:37.635+0000] {dag.py:3340} INFO - Setting next_dagrun for example_short_circuit_decorator to 2024-06-10T19:49:37.634794+00:00, run_after=2024-06-11T19:49:37.634794+00:00
[2024-06-11T19:49:37.653+0000] {processor.py:176} INFO - Processing /home/airflow/.local/lib/python3.7/site-packages/airflow/example_dags/example_short_circuit_decorator.py took 0.103 seconds
[2024-06-11T19:50:07.923+0000] {processor.py:154} INFO - Started process (PID=1299) to work on /home/airflow/.local/lib/python3.7/site-packages/airflow/example_dags/example_short_circuit_decorator.py
[2024-06-11T19:50:07.924+0000] {processor.py:756} INFO - Processing file /home/airflow/.local/lib/python3.7/site-packages/airflow/example_dags/example_short_circuit_decorator.py for tasks to queue
[2024-06-11T19:50:07.925+0000] {logging_mixin.py:120} INFO - [2024-06-11T19:50:07.924+0000] {dagbag.py:537} INFO - Filling up the DagBag from /home/airflow/.local/lib/python3.7/site-packages/airflow/example_dags/example_short_circuit_decorator.py
[2024-06-11T19:50:07.945+0000] {processor.py:766} INFO - DAG(s) dict_keys(['example_short_circuit_decorator']) retrieved from /home/airflow/.local/lib/python3.7/site-packages/airflow/example_dags/example_short_circuit_decorator.py
[2024-06-11T19:50:07.984+0000] {logging_mixin.py:120} INFO - [2024-06-11T19:50:07.983+0000] {dag.py:2585} INFO - Sync 1 DAGs
[2024-06-11T19:50:08.008+0000] {logging_mixin.py:120} INFO - [2024-06-11T19:50:08.008+0000] {dag.py:3340} INFO - Setting next_dagrun for example_short_circuit_decorator to 2024-06-10T19:50:08.008437+00:00, run_after=2024-06-11T19:50:08.008437+00:00
[2024-06-11T19:50:08.025+0000] {processor.py:176} INFO - Processing /home/airflow/.local/lib/python3.7/site-packages/airflow/example_dags/example_short_circuit_decorator.py took 0.105 seconds
[2024-06-11T19:50:39.229+0000] {processor.py:154} INFO - Started process (PID=1361) to work on /home/airflow/.local/lib/python3.7/site-packages/airflow/example_dags/example_short_circuit_decorator.py
[2024-06-11T19:50:39.232+0000] {processor.py:756} INFO - Processing file /home/airflow/.local/lib/python3.7/site-packages/airflow/example_dags/example_short_circuit_decorator.py for tasks to queue
[2024-06-11T19:50:39.234+0000] {logging_mixin.py:120} INFO - [2024-06-11T19:50:39.234+0000] {dagbag.py:537} INFO - Filling up the DagBag from /home/airflow/.local/lib/python3.7/site-packages/airflow/example_dags/example_short_circuit_decorator.py
[2024-06-11T19:50:39.291+0000] {processor.py:766} INFO - DAG(s) dict_keys(['example_short_circuit_decorator']) retrieved from /home/airflow/.local/lib/python3.7/site-packages/airflow/example_dags/example_short_circuit_decorator.py
[2024-06-11T19:50:39.375+0000] {logging_mixin.py:120} INFO - [2024-06-11T19:50:39.374+0000] {dag.py:2585} INFO - Sync 1 DAGs
[2024-06-11T19:50:39.418+0000] {logging_mixin.py:120} INFO - [2024-06-11T19:50:39.418+0000] {dag.py:3340} INFO - Setting next_dagrun for example_short_circuit_decorator to 2024-06-10T19:50:39.418325+00:00, run_after=2024-06-11T19:50:39.418325+00:00
[2024-06-11T19:50:39.459+0000] {processor.py:176} INFO - Processing /home/airflow/.local/lib/python3.7/site-packages/airflow/example_dags/example_short_circuit_decorator.py took 0.240 seconds
[2024-06-11T19:51:09.774+0000] {processor.py:154} INFO - Started process (PID=1424) to work on /home/airflow/.local/lib/python3.7/site-packages/airflow/example_dags/example_short_circuit_decorator.py
[2024-06-11T19:51:09.775+0000] {processor.py:756} INFO - Processing file /home/airflow/.local/lib/python3.7/site-packages/airflow/example_dags/example_short_circuit_decorator.py for tasks to queue
[2024-06-11T19:51:09.776+0000] {logging_mixin.py:120} INFO - [2024-06-11T19:51:09.776+0000] {dagbag.py:537} INFO - Filling up the DagBag from /home/airflow/.local/lib/python3.7/site-packages/airflow/example_dags/example_short_circuit_decorator.py
[2024-06-11T19:51:09.796+0000] {processor.py:766} INFO - DAG(s) dict_keys(['example_short_circuit_decorator']) retrieved from /home/airflow/.local/lib/python3.7/site-packages/airflow/example_dags/example_short_circuit_decorator.py
[2024-06-11T19:51:09.830+0000] {logging_mixin.py:120} INFO - [2024-06-11T19:51:09.830+0000] {dag.py:2585} INFO - Sync 1 DAGs
[2024-06-11T19:51:09.850+0000] {logging_mixin.py:120} INFO - [2024-06-11T19:51:09.850+0000] {dag.py:3340} INFO - Setting next_dagrun for example_short_circuit_decorator to 2024-06-10T19:51:09.850474+00:00, run_after=2024-06-11T19:51:09.850474+00:00
[2024-06-11T19:51:09.865+0000] {processor.py:176} INFO - Processing /home/airflow/.local/lib/python3.7/site-packages/airflow/example_dags/example_short_circuit_decorator.py took 0.094 seconds
[2024-06-11T19:51:40.549+0000] {processor.py:154} INFO - Started process (PID=1486) to work on /home/airflow/.local/lib/python3.7/site-packages/airflow/example_dags/example_short_circuit_decorator.py
[2024-06-11T19:51:40.551+0000] {processor.py:756} INFO - Processing file /home/airflow/.local/lib/python3.7/site-packages/airflow/example_dags/example_short_circuit_decorator.py for tasks to queue
[2024-06-11T19:51:40.552+0000] {logging_mixin.py:120} INFO - [2024-06-11T19:51:40.551+0000] {dagbag.py:537} INFO - Filling up the DagBag from /home/airflow/.local/lib/python3.7/site-packages/airflow/example_dags/example_short_circuit_decorator.py
[2024-06-11T19:51:40.578+0000] {processor.py:766} INFO - DAG(s) dict_keys(['example_short_circuit_decorator']) retrieved from /home/airflow/.local/lib/python3.7/site-packages/airflow/example_dags/example_short_circuit_decorator.py
[2024-06-11T19:51:40.612+0000] {logging_mixin.py:120} INFO - [2024-06-11T19:51:40.612+0000] {dag.py:2585} INFO - Sync 1 DAGs
[2024-06-11T19:51:40.633+0000] {logging_mixin.py:120} INFO - [2024-06-11T19:51:40.633+0000] {dag.py:3340} INFO - Setting next_dagrun for example_short_circuit_decorator to 2024-06-10T19:51:40.633646+00:00, run_after=2024-06-11T19:51:40.633646+00:00
[2024-06-11T19:51:40.649+0000] {processor.py:176} INFO - Processing /home/airflow/.local/lib/python3.7/site-packages/airflow/example_dags/example_short_circuit_decorator.py took 0.103 seconds
[2024-06-11T19:56:18.596+0000] {processor.py:154} INFO - Started process (PID=1540) to work on /home/airflow/.local/lib/python3.7/site-packages/airflow/example_dags/example_short_circuit_decorator.py
[2024-06-11T19:56:18.597+0000] {processor.py:756} INFO - Processing file /home/airflow/.local/lib/python3.7/site-packages/airflow/example_dags/example_short_circuit_decorator.py for tasks to queue
[2024-06-11T19:56:18.598+0000] {logging_mixin.py:120} INFO - [2024-06-11T19:56:18.598+0000] {dagbag.py:537} INFO - Filling up the DagBag from /home/airflow/.local/lib/python3.7/site-packages/airflow/example_dags/example_short_circuit_decorator.py
[2024-06-11T19:56:18.620+0000] {processor.py:766} INFO - DAG(s) dict_keys(['example_short_circuit_decorator']) retrieved from /home/airflow/.local/lib/python3.7/site-packages/airflow/example_dags/example_short_circuit_decorator.py
[2024-06-11T19:56:18.655+0000] {logging_mixin.py:120} INFO - [2024-06-11T19:56:18.655+0000] {dag.py:2585} INFO - Sync 1 DAGs
[2024-06-11T19:56:18.685+0000] {logging_mixin.py:120} INFO - [2024-06-11T19:56:18.685+0000] {dag.py:3340} INFO - Setting next_dagrun for example_short_circuit_decorator to 2024-06-10T19:56:18.685241+00:00, run_after=2024-06-11T19:56:18.685241+00:00
[2024-06-11T19:56:18.708+0000] {processor.py:176} INFO - Processing /home/airflow/.local/lib/python3.7/site-packages/airflow/example_dags/example_short_circuit_decorator.py took 0.114 seconds
[2024-06-11T19:56:48.782+0000] {processor.py:154} INFO - Started process (PID=1603) to work on /home/airflow/.local/lib/python3.7/site-packages/airflow/example_dags/example_short_circuit_decorator.py
[2024-06-11T19:56:48.782+0000] {processor.py:756} INFO - Processing file /home/airflow/.local/lib/python3.7/site-packages/airflow/example_dags/example_short_circuit_decorator.py for tasks to queue
[2024-06-11T19:56:48.783+0000] {logging_mixin.py:120} INFO - [2024-06-11T19:56:48.783+0000] {dagbag.py:537} INFO - Filling up the DagBag from /home/airflow/.local/lib/python3.7/site-packages/airflow/example_dags/example_short_circuit_decorator.py
[2024-06-11T19:56:48.803+0000] {processor.py:766} INFO - DAG(s) dict_keys(['example_short_circuit_decorator']) retrieved from /home/airflow/.local/lib/python3.7/site-packages/airflow/example_dags/example_short_circuit_decorator.py
[2024-06-11T19:56:48.837+0000] {logging_mixin.py:120} INFO - [2024-06-11T19:56:48.837+0000] {dag.py:2585} INFO - Sync 1 DAGs
[2024-06-11T19:56:48.857+0000] {logging_mixin.py:120} INFO - [2024-06-11T19:56:48.857+0000] {dag.py:3340} INFO - Setting next_dagrun for example_short_circuit_decorator to 2024-06-10T19:56:48.857383+00:00, run_after=2024-06-11T19:56:48.857383+00:00
[2024-06-11T19:56:48.872+0000] {processor.py:176} INFO - Processing /home/airflow/.local/lib/python3.7/site-packages/airflow/example_dags/example_short_circuit_decorator.py took 0.094 seconds
[2024-06-11T19:57:19.073+0000] {processor.py:154} INFO - Started process (PID=1665) to work on /home/airflow/.local/lib/python3.7/site-packages/airflow/example_dags/example_short_circuit_decorator.py
[2024-06-11T19:57:19.075+0000] {processor.py:756} INFO - Processing file /home/airflow/.local/lib/python3.7/site-packages/airflow/example_dags/example_short_circuit_decorator.py for tasks to queue
[2024-06-11T19:57:19.075+0000] {logging_mixin.py:120} INFO - [2024-06-11T19:57:19.075+0000] {dagbag.py:537} INFO - Filling up the DagBag from /home/airflow/.local/lib/python3.7/site-packages/airflow/example_dags/example_short_circuit_decorator.py
[2024-06-11T19:57:19.097+0000] {processor.py:766} INFO - DAG(s) dict_keys(['example_short_circuit_decorator']) retrieved from /home/airflow/.local/lib/python3.7/site-packages/airflow/example_dags/example_short_circuit_decorator.py
[2024-06-11T19:57:19.131+0000] {logging_mixin.py:120} INFO - [2024-06-11T19:57:19.131+0000] {dag.py:2585} INFO - Sync 1 DAGs
[2024-06-11T19:57:19.151+0000] {logging_mixin.py:120} INFO - [2024-06-11T19:57:19.151+0000] {dag.py:3340} INFO - Setting next_dagrun for example_short_circuit_decorator to 2024-06-10T19:57:19.151519+00:00, run_after=2024-06-11T19:57:19.151519+00:00
[2024-06-11T19:57:19.167+0000] {processor.py:176} INFO - Processing /home/airflow/.local/lib/python3.7/site-packages/airflow/example_dags/example_short_circuit_decorator.py took 0.097 seconds
[2024-06-11T19:57:49.336+0000] {processor.py:154} INFO - Started process (PID=1727) to work on /home/airflow/.local/lib/python3.7/site-packages/airflow/example_dags/example_short_circuit_decorator.py
[2024-06-11T19:57:49.337+0000] {processor.py:756} INFO - Processing file /home/airflow/.local/lib/python3.7/site-packages/airflow/example_dags/example_short_circuit_decorator.py for tasks to queue
[2024-06-11T19:57:49.338+0000] {logging_mixin.py:120} INFO - [2024-06-11T19:57:49.338+0000] {dagbag.py:537} INFO - Filling up the DagBag from /home/airflow/.local/lib/python3.7/site-packages/airflow/example_dags/example_short_circuit_decorator.py
[2024-06-11T19:57:49.366+0000] {processor.py:766} INFO - DAG(s) dict_keys(['example_short_circuit_decorator']) retrieved from /home/airflow/.local/lib/python3.7/site-packages/airflow/example_dags/example_short_circuit_decorator.py
[2024-06-11T19:57:49.402+0000] {logging_mixin.py:120} INFO - [2024-06-11T19:57:49.401+0000] {dag.py:2585} INFO - Sync 1 DAGs
[2024-06-11T19:57:49.426+0000] {logging_mixin.py:120} INFO - [2024-06-11T19:57:49.426+0000] {dag.py:3340} INFO - Setting next_dagrun for example_short_circuit_decorator to 2024-06-10T19:57:49.426100+00:00, run_after=2024-06-11T19:57:49.426100+00:00
[2024-06-11T19:57:49.444+0000] {processor.py:176} INFO - Processing /home/airflow/.local/lib/python3.7/site-packages/airflow/example_dags/example_short_circuit_decorator.py took 0.112 seconds
[2024-06-11T20:15:57.612+0000] {processor.py:154} INFO - Started process (PID=1782) to work on /home/airflow/.local/lib/python3.7/site-packages/airflow/example_dags/example_short_circuit_decorator.py
[2024-06-11T20:15:57.613+0000] {processor.py:756} INFO - Processing file /home/airflow/.local/lib/python3.7/site-packages/airflow/example_dags/example_short_circuit_decorator.py for tasks to queue
[2024-06-11T20:15:57.614+0000] {logging_mixin.py:120} INFO - [2024-06-11T20:15:57.614+0000] {dagbag.py:537} INFO - Filling up the DagBag from /home/airflow/.local/lib/python3.7/site-packages/airflow/example_dags/example_short_circuit_decorator.py
[2024-06-11T20:15:57.638+0000] {processor.py:766} INFO - DAG(s) dict_keys(['example_short_circuit_decorator']) retrieved from /home/airflow/.local/lib/python3.7/site-packages/airflow/example_dags/example_short_circuit_decorator.py
[2024-06-11T20:15:57.678+0000] {logging_mixin.py:120} INFO - [2024-06-11T20:15:57.678+0000] {dag.py:2585} INFO - Sync 1 DAGs
[2024-06-11T20:15:57.703+0000] {logging_mixin.py:120} INFO - [2024-06-11T20:15:57.703+0000] {dag.py:3340} INFO - Setting next_dagrun for example_short_circuit_decorator to 2024-06-10T20:15:57.703084+00:00, run_after=2024-06-11T20:15:57.703084+00:00
[2024-06-11T20:15:57.724+0000] {processor.py:176} INFO - Processing /home/airflow/.local/lib/python3.7/site-packages/airflow/example_dags/example_short_circuit_decorator.py took 0.115 seconds
[2024-06-11T20:16:28.629+0000] {processor.py:154} INFO - Started process (PID=1845) to work on /home/airflow/.local/lib/python3.7/site-packages/airflow/example_dags/example_short_circuit_decorator.py
[2024-06-11T20:16:28.630+0000] {processor.py:756} INFO - Processing file /home/airflow/.local/lib/python3.7/site-packages/airflow/example_dags/example_short_circuit_decorator.py for tasks to queue
[2024-06-11T20:16:28.631+0000] {logging_mixin.py:120} INFO - [2024-06-11T20:16:28.631+0000] {dagbag.py:537} INFO - Filling up the DagBag from /home/airflow/.local/lib/python3.7/site-packages/airflow/example_dags/example_short_circuit_decorator.py
[2024-06-11T20:16:28.651+0000] {processor.py:766} INFO - DAG(s) dict_keys(['example_short_circuit_decorator']) retrieved from /home/airflow/.local/lib/python3.7/site-packages/airflow/example_dags/example_short_circuit_decorator.py
[2024-06-11T20:16:28.684+0000] {logging_mixin.py:120} INFO - [2024-06-11T20:16:28.684+0000] {dag.py:2585} INFO - Sync 1 DAGs
[2024-06-11T20:16:28.704+0000] {logging_mixin.py:120} INFO - [2024-06-11T20:16:28.704+0000] {dag.py:3340} INFO - Setting next_dagrun for example_short_circuit_decorator to 2024-06-10T20:16:28.704050+00:00, run_after=2024-06-11T20:16:28.704050+00:00
[2024-06-11T20:16:28.719+0000] {processor.py:176} INFO - Processing /home/airflow/.local/lib/python3.7/site-packages/airflow/example_dags/example_short_circuit_decorator.py took 0.092 seconds
[2024-06-11T20:16:58.959+0000] {processor.py:154} INFO - Started process (PID=1908) to work on /home/airflow/.local/lib/python3.7/site-packages/airflow/example_dags/example_short_circuit_decorator.py
[2024-06-11T20:16:58.960+0000] {processor.py:756} INFO - Processing file /home/airflow/.local/lib/python3.7/site-packages/airflow/example_dags/example_short_circuit_decorator.py for tasks to queue
[2024-06-11T20:16:58.961+0000] {logging_mixin.py:120} INFO - [2024-06-11T20:16:58.961+0000] {dagbag.py:537} INFO - Filling up the DagBag from /home/airflow/.local/lib/python3.7/site-packages/airflow/example_dags/example_short_circuit_decorator.py
[2024-06-11T20:16:58.982+0000] {processor.py:766} INFO - DAG(s) dict_keys(['example_short_circuit_decorator']) retrieved from /home/airflow/.local/lib/python3.7/site-packages/airflow/example_dags/example_short_circuit_decorator.py
[2024-06-11T20:16:59.016+0000] {logging_mixin.py:120} INFO - [2024-06-11T20:16:59.016+0000] {dag.py:2585} INFO - Sync 1 DAGs
[2024-06-11T20:16:59.037+0000] {logging_mixin.py:120} INFO - [2024-06-11T20:16:59.037+0000] {dag.py:3340} INFO - Setting next_dagrun for example_short_circuit_decorator to 2024-06-10T20:16:59.036980+00:00, run_after=2024-06-11T20:16:59.036980+00:00
[2024-06-11T20:16:59.053+0000] {processor.py:176} INFO - Processing /home/airflow/.local/lib/python3.7/site-packages/airflow/example_dags/example_short_circuit_decorator.py took 0.097 seconds
[2024-06-11T20:17:29.175+0000] {processor.py:154} INFO - Started process (PID=1970) to work on /home/airflow/.local/lib/python3.7/site-packages/airflow/example_dags/example_short_circuit_decorator.py
[2024-06-11T20:17:29.176+0000] {processor.py:756} INFO - Processing file /home/airflow/.local/lib/python3.7/site-packages/airflow/example_dags/example_short_circuit_decorator.py for tasks to queue
[2024-06-11T20:17:29.177+0000] {logging_mixin.py:120} INFO - [2024-06-11T20:17:29.177+0000] {dagbag.py:537} INFO - Filling up the DagBag from /home/airflow/.local/lib/python3.7/site-packages/airflow/example_dags/example_short_circuit_decorator.py
[2024-06-11T20:17:29.201+0000] {processor.py:766} INFO - DAG(s) dict_keys(['example_short_circuit_decorator']) retrieved from /home/airflow/.local/lib/python3.7/site-packages/airflow/example_dags/example_short_circuit_decorator.py
[2024-06-11T20:17:29.238+0000] {logging_mixin.py:120} INFO - [2024-06-11T20:17:29.238+0000] {dag.py:2585} INFO - Sync 1 DAGs
[2024-06-11T20:17:29.263+0000] {logging_mixin.py:120} INFO - [2024-06-11T20:17:29.263+0000] {dag.py:3340} INFO - Setting next_dagrun for example_short_circuit_decorator to 2024-06-10T20:17:29.263333+00:00, run_after=2024-06-11T20:17:29.263333+00:00
[2024-06-11T20:17:29.279+0000] {processor.py:176} INFO - Processing /home/airflow/.local/lib/python3.7/site-packages/airflow/example_dags/example_short_circuit_decorator.py took 0.107 seconds
[2024-06-11T20:17:59.356+0000] {processor.py:154} INFO - Started process (PID=2024) to work on /home/airflow/.local/lib/python3.7/site-packages/airflow/example_dags/example_short_circuit_decorator.py
[2024-06-11T20:17:59.357+0000] {processor.py:756} INFO - Processing file /home/airflow/.local/lib/python3.7/site-packages/airflow/example_dags/example_short_circuit_decorator.py for tasks to queue
[2024-06-11T20:17:59.358+0000] {logging_mixin.py:120} INFO - [2024-06-11T20:17:59.358+0000] {dagbag.py:537} INFO - Filling up the DagBag from /home/airflow/.local/lib/python3.7/site-packages/airflow/example_dags/example_short_circuit_decorator.py
[2024-06-11T20:17:59.380+0000] {processor.py:766} INFO - DAG(s) dict_keys(['example_short_circuit_decorator']) retrieved from /home/airflow/.local/lib/python3.7/site-packages/airflow/example_dags/example_short_circuit_decorator.py
[2024-06-11T20:17:59.412+0000] {logging_mixin.py:120} INFO - [2024-06-11T20:17:59.412+0000] {dag.py:2585} INFO - Sync 1 DAGs
[2024-06-11T20:17:59.432+0000] {logging_mixin.py:120} INFO - [2024-06-11T20:17:59.432+0000] {dag.py:3340} INFO - Setting next_dagrun for example_short_circuit_decorator to 2024-06-10T20:17:59.431971+00:00, run_after=2024-06-11T20:17:59.431971+00:00
[2024-06-11T20:17:59.447+0000] {processor.py:176} INFO - Processing /home/airflow/.local/lib/python3.7/site-packages/airflow/example_dags/example_short_circuit_decorator.py took 0.094 seconds
[2024-06-11T20:36:22.496+0000] {processor.py:154} INFO - Started process (PID=2088) to work on /home/airflow/.local/lib/python3.7/site-packages/airflow/example_dags/example_short_circuit_decorator.py
[2024-06-11T20:36:22.497+0000] {processor.py:756} INFO - Processing file /home/airflow/.local/lib/python3.7/site-packages/airflow/example_dags/example_short_circuit_decorator.py for tasks to queue
[2024-06-11T20:36:22.499+0000] {logging_mixin.py:120} INFO - [2024-06-11T20:36:22.498+0000] {dagbag.py:537} INFO - Filling up the DagBag from /home/airflow/.local/lib/python3.7/site-packages/airflow/example_dags/example_short_circuit_decorator.py
[2024-06-11T20:36:22.525+0000] {processor.py:766} INFO - DAG(s) dict_keys(['example_short_circuit_decorator']) retrieved from /home/airflow/.local/lib/python3.7/site-packages/airflow/example_dags/example_short_circuit_decorator.py
[2024-06-11T20:36:22.572+0000] {logging_mixin.py:120} INFO - [2024-06-11T20:36:22.571+0000] {dag.py:2585} INFO - Sync 1 DAGs
[2024-06-11T20:36:22.597+0000] {logging_mixin.py:120} INFO - [2024-06-11T20:36:22.597+0000] {dag.py:3340} INFO - Setting next_dagrun for example_short_circuit_decorator to 2024-06-10T20:36:22.597170+00:00, run_after=2024-06-11T20:36:22.597170+00:00
[2024-06-11T20:36:22.615+0000] {processor.py:176} INFO - Processing /home/airflow/.local/lib/python3.7/site-packages/airflow/example_dags/example_short_circuit_decorator.py took 0.123 seconds
[2024-06-11T20:36:52.863+0000] {processor.py:154} INFO - Started process (PID=2151) to work on /home/airflow/.local/lib/python3.7/site-packages/airflow/example_dags/example_short_circuit_decorator.py
[2024-06-11T20:36:52.864+0000] {processor.py:756} INFO - Processing file /home/airflow/.local/lib/python3.7/site-packages/airflow/example_dags/example_short_circuit_decorator.py for tasks to queue
[2024-06-11T20:36:52.865+0000] {logging_mixin.py:120} INFO - [2024-06-11T20:36:52.865+0000] {dagbag.py:537} INFO - Filling up the DagBag from /home/airflow/.local/lib/python3.7/site-packages/airflow/example_dags/example_short_circuit_decorator.py
[2024-06-11T20:36:52.887+0000] {processor.py:766} INFO - DAG(s) dict_keys(['example_short_circuit_decorator']) retrieved from /home/airflow/.local/lib/python3.7/site-packages/airflow/example_dags/example_short_circuit_decorator.py
[2024-06-11T20:36:52.923+0000] {logging_mixin.py:120} INFO - [2024-06-11T20:36:52.922+0000] {dag.py:2585} INFO - Sync 1 DAGs
[2024-06-11T20:36:52.945+0000] {logging_mixin.py:120} INFO - [2024-06-11T20:36:52.944+0000] {dag.py:3340} INFO - Setting next_dagrun for example_short_circuit_decorator to 2024-06-10T20:36:52.944686+00:00, run_after=2024-06-11T20:36:52.944686+00:00
[2024-06-11T20:36:52.963+0000] {processor.py:176} INFO - Processing /home/airflow/.local/lib/python3.7/site-packages/airflow/example_dags/example_short_circuit_decorator.py took 0.103 seconds
[2024-06-11T20:37:23.358+0000] {processor.py:154} INFO - Started process (PID=2205) to work on /home/airflow/.local/lib/python3.7/site-packages/airflow/example_dags/example_short_circuit_decorator.py
[2024-06-11T20:37:23.359+0000] {processor.py:756} INFO - Processing file /home/airflow/.local/lib/python3.7/site-packages/airflow/example_dags/example_short_circuit_decorator.py for tasks to queue
[2024-06-11T20:37:23.360+0000] {logging_mixin.py:120} INFO - [2024-06-11T20:37:23.360+0000] {dagbag.py:537} INFO - Filling up the DagBag from /home/airflow/.local/lib/python3.7/site-packages/airflow/example_dags/example_short_circuit_decorator.py
[2024-06-11T20:37:23.381+0000] {processor.py:766} INFO - DAG(s) dict_keys(['example_short_circuit_decorator']) retrieved from /home/airflow/.local/lib/python3.7/site-packages/airflow/example_dags/example_short_circuit_decorator.py
[2024-06-11T20:37:23.415+0000] {logging_mixin.py:120} INFO - [2024-06-11T20:37:23.415+0000] {dag.py:2585} INFO - Sync 1 DAGs
[2024-06-11T20:37:23.437+0000] {logging_mixin.py:120} INFO - [2024-06-11T20:37:23.437+0000] {dag.py:3340} INFO - Setting next_dagrun for example_short_circuit_decorator to 2024-06-10T20:37:23.437156+00:00, run_after=2024-06-11T20:37:23.437156+00:00
[2024-06-11T20:37:23.452+0000] {processor.py:176} INFO - Processing /home/airflow/.local/lib/python3.7/site-packages/airflow/example_dags/example_short_circuit_decorator.py took 0.097 seconds
[2024-06-11T20:37:53.687+0000] {processor.py:154} INFO - Started process (PID=2268) to work on /home/airflow/.local/lib/python3.7/site-packages/airflow/example_dags/example_short_circuit_decorator.py
[2024-06-11T20:37:53.688+0000] {processor.py:756} INFO - Processing file /home/airflow/.local/lib/python3.7/site-packages/airflow/example_dags/example_short_circuit_decorator.py for tasks to queue
[2024-06-11T20:37:53.689+0000] {logging_mixin.py:120} INFO - [2024-06-11T20:37:53.689+0000] {dagbag.py:537} INFO - Filling up the DagBag from /home/airflow/.local/lib/python3.7/site-packages/airflow/example_dags/example_short_circuit_decorator.py
[2024-06-11T20:37:53.710+0000] {processor.py:766} INFO - DAG(s) dict_keys(['example_short_circuit_decorator']) retrieved from /home/airflow/.local/lib/python3.7/site-packages/airflow/example_dags/example_short_circuit_decorator.py
[2024-06-11T20:37:53.746+0000] {logging_mixin.py:120} INFO - [2024-06-11T20:37:53.746+0000] {dag.py:2585} INFO - Sync 1 DAGs
[2024-06-11T20:37:53.768+0000] {logging_mixin.py:120} INFO - [2024-06-11T20:37:53.768+0000] {dag.py:3340} INFO - Setting next_dagrun for example_short_circuit_decorator to 2024-06-10T20:37:53.768064+00:00, run_after=2024-06-11T20:37:53.768064+00:00
[2024-06-11T20:37:53.783+0000] {processor.py:176} INFO - Processing /home/airflow/.local/lib/python3.7/site-packages/airflow/example_dags/example_short_circuit_decorator.py took 0.099 seconds
[2024-06-11T20:38:23.999+0000] {processor.py:154} INFO - Started process (PID=2331) to work on /home/airflow/.local/lib/python3.7/site-packages/airflow/example_dags/example_short_circuit_decorator.py
[2024-06-11T20:38:24.000+0000] {processor.py:756} INFO - Processing file /home/airflow/.local/lib/python3.7/site-packages/airflow/example_dags/example_short_circuit_decorator.py for tasks to queue
[2024-06-11T20:38:24.001+0000] {logging_mixin.py:120} INFO - [2024-06-11T20:38:24.001+0000] {dagbag.py:537} INFO - Filling up the DagBag from /home/airflow/.local/lib/python3.7/site-packages/airflow/example_dags/example_short_circuit_decorator.py
[2024-06-11T20:38:24.021+0000] {processor.py:766} INFO - DAG(s) dict_keys(['example_short_circuit_decorator']) retrieved from /home/airflow/.local/lib/python3.7/site-packages/airflow/example_dags/example_short_circuit_decorator.py
[2024-06-11T20:38:24.054+0000] {logging_mixin.py:120} INFO - [2024-06-11T20:38:24.054+0000] {dag.py:2585} INFO - Sync 1 DAGs
[2024-06-11T20:38:24.074+0000] {logging_mixin.py:120} INFO - [2024-06-11T20:38:24.074+0000] {dag.py:3340} INFO - Setting next_dagrun for example_short_circuit_decorator to 2024-06-10T20:38:24.074347+00:00, run_after=2024-06-11T20:38:24.074347+00:00
[2024-06-11T20:38:24.090+0000] {processor.py:176} INFO - Processing /home/airflow/.local/lib/python3.7/site-packages/airflow/example_dags/example_short_circuit_decorator.py took 0.094 seconds
[2024-06-11T20:53:48.586+0000] {processor.py:154} INFO - Started process (PID=2384) to work on /home/airflow/.local/lib/python3.7/site-packages/airflow/example_dags/example_short_circuit_decorator.py
[2024-06-11T20:53:48.587+0000] {processor.py:756} INFO - Processing file /home/airflow/.local/lib/python3.7/site-packages/airflow/example_dags/example_short_circuit_decorator.py for tasks to queue
[2024-06-11T20:53:48.588+0000] {logging_mixin.py:120} INFO - [2024-06-11T20:53:48.588+0000] {dagbag.py:537} INFO - Filling up the DagBag from /home/airflow/.local/lib/python3.7/site-packages/airflow/example_dags/example_short_circuit_decorator.py
[2024-06-11T20:53:48.612+0000] {processor.py:766} INFO - DAG(s) dict_keys(['example_short_circuit_decorator']) retrieved from /home/airflow/.local/lib/python3.7/site-packages/airflow/example_dags/example_short_circuit_decorator.py
[2024-06-11T20:53:48.649+0000] {logging_mixin.py:120} INFO - [2024-06-11T20:53:48.649+0000] {dag.py:2585} INFO - Sync 1 DAGs
[2024-06-11T20:53:48.672+0000] {logging_mixin.py:120} INFO - [2024-06-11T20:53:48.672+0000] {dag.py:3340} INFO - Setting next_dagrun for example_short_circuit_decorator to 2024-06-10T20:53:48.671748+00:00, run_after=2024-06-11T20:53:48.671748+00:00
[2024-06-11T20:53:48.690+0000] {processor.py:176} INFO - Processing /home/airflow/.local/lib/python3.7/site-packages/airflow/example_dags/example_short_circuit_decorator.py took 0.107 seconds
[2024-06-11T20:54:19.126+0000] {processor.py:154} INFO - Started process (PID=2447) to work on /home/airflow/.local/lib/python3.7/site-packages/airflow/example_dags/example_short_circuit_decorator.py
[2024-06-11T20:54:19.127+0000] {processor.py:756} INFO - Processing file /home/airflow/.local/lib/python3.7/site-packages/airflow/example_dags/example_short_circuit_decorator.py for tasks to queue
[2024-06-11T20:54:19.128+0000] {logging_mixin.py:120} INFO - [2024-06-11T20:54:19.127+0000] {dagbag.py:537} INFO - Filling up the DagBag from /home/airflow/.local/lib/python3.7/site-packages/airflow/example_dags/example_short_circuit_decorator.py
[2024-06-11T20:54:19.149+0000] {processor.py:766} INFO - DAG(s) dict_keys(['example_short_circuit_decorator']) retrieved from /home/airflow/.local/lib/python3.7/site-packages/airflow/example_dags/example_short_circuit_decorator.py
[2024-06-11T20:54:19.183+0000] {logging_mixin.py:120} INFO - [2024-06-11T20:54:19.182+0000] {dag.py:2585} INFO - Sync 1 DAGs
[2024-06-11T20:54:19.204+0000] {logging_mixin.py:120} INFO - [2024-06-11T20:54:19.204+0000] {dag.py:3340} INFO - Setting next_dagrun for example_short_circuit_decorator to 2024-06-10T20:54:19.204040+00:00, run_after=2024-06-11T20:54:19.204040+00:00
[2024-06-11T20:54:19.219+0000] {processor.py:176} INFO - Processing /home/airflow/.local/lib/python3.7/site-packages/airflow/example_dags/example_short_circuit_decorator.py took 0.097 seconds
[2024-06-11T20:54:49.373+0000] {processor.py:154} INFO - Started process (PID=2510) to work on /home/airflow/.local/lib/python3.7/site-packages/airflow/example_dags/example_short_circuit_decorator.py
[2024-06-11T20:54:49.374+0000] {processor.py:756} INFO - Processing file /home/airflow/.local/lib/python3.7/site-packages/airflow/example_dags/example_short_circuit_decorator.py for tasks to queue
[2024-06-11T20:54:49.375+0000] {logging_mixin.py:120} INFO - [2024-06-11T20:54:49.375+0000] {dagbag.py:537} INFO - Filling up the DagBag from /home/airflow/.local/lib/python3.7/site-packages/airflow/example_dags/example_short_circuit_decorator.py
[2024-06-11T20:54:49.396+0000] {processor.py:766} INFO - DAG(s) dict_keys(['example_short_circuit_decorator']) retrieved from /home/airflow/.local/lib/python3.7/site-packages/airflow/example_dags/example_short_circuit_decorator.py
[2024-06-11T20:54:49.430+0000] {logging_mixin.py:120} INFO - [2024-06-11T20:54:49.429+0000] {dag.py:2585} INFO - Sync 1 DAGs
[2024-06-11T20:54:49.450+0000] {logging_mixin.py:120} INFO - [2024-06-11T20:54:49.450+0000] {dag.py:3340} INFO - Setting next_dagrun for example_short_circuit_decorator to 2024-06-10T20:54:49.450470+00:00, run_after=2024-06-11T20:54:49.450470+00:00
[2024-06-11T20:54:49.465+0000] {processor.py:176} INFO - Processing /home/airflow/.local/lib/python3.7/site-packages/airflow/example_dags/example_short_circuit_decorator.py took 0.095 seconds
[2024-06-11T20:55:19.570+0000] {processor.py:154} INFO - Started process (PID=2564) to work on /home/airflow/.local/lib/python3.7/site-packages/airflow/example_dags/example_short_circuit_decorator.py
[2024-06-11T20:55:19.571+0000] {processor.py:756} INFO - Processing file /home/airflow/.local/lib/python3.7/site-packages/airflow/example_dags/example_short_circuit_decorator.py for tasks to queue
[2024-06-11T20:55:19.572+0000] {logging_mixin.py:120} INFO - [2024-06-11T20:55:19.572+0000] {dagbag.py:537} INFO - Filling up the DagBag from /home/airflow/.local/lib/python3.7/site-packages/airflow/example_dags/example_short_circuit_decorator.py
[2024-06-11T20:55:19.592+0000] {processor.py:766} INFO - DAG(s) dict_keys(['example_short_circuit_decorator']) retrieved from /home/airflow/.local/lib/python3.7/site-packages/airflow/example_dags/example_short_circuit_decorator.py
[2024-06-11T20:55:19.625+0000] {logging_mixin.py:120} INFO - [2024-06-11T20:55:19.625+0000] {dag.py:2585} INFO - Sync 1 DAGs
[2024-06-11T20:55:19.646+0000] {logging_mixin.py:120} INFO - [2024-06-11T20:55:19.646+0000] {dag.py:3340} INFO - Setting next_dagrun for example_short_circuit_decorator to 2024-06-10T20:55:19.645817+00:00, run_after=2024-06-11T20:55:19.645817+00:00
[2024-06-11T20:55:19.661+0000] {processor.py:176} INFO - Processing /home/airflow/.local/lib/python3.7/site-packages/airflow/example_dags/example_short_circuit_decorator.py took 0.094 seconds
[2024-06-11T20:55:49.778+0000] {processor.py:154} INFO - Started process (PID=2627) to work on /home/airflow/.local/lib/python3.7/site-packages/airflow/example_dags/example_short_circuit_decorator.py
[2024-06-11T20:55:49.779+0000] {processor.py:756} INFO - Processing file /home/airflow/.local/lib/python3.7/site-packages/airflow/example_dags/example_short_circuit_decorator.py for tasks to queue
[2024-06-11T20:55:49.780+0000] {logging_mixin.py:120} INFO - [2024-06-11T20:55:49.780+0000] {dagbag.py:537} INFO - Filling up the DagBag from /home/airflow/.local/lib/python3.7/site-packages/airflow/example_dags/example_short_circuit_decorator.py
[2024-06-11T20:55:49.801+0000] {processor.py:766} INFO - DAG(s) dict_keys(['example_short_circuit_decorator']) retrieved from /home/airflow/.local/lib/python3.7/site-packages/airflow/example_dags/example_short_circuit_decorator.py
[2024-06-11T20:55:49.834+0000] {logging_mixin.py:120} INFO - [2024-06-11T20:55:49.834+0000] {dag.py:2585} INFO - Sync 1 DAGs
[2024-06-11T20:55:49.855+0000] {logging_mixin.py:120} INFO - [2024-06-11T20:55:49.855+0000] {dag.py:3340} INFO - Setting next_dagrun for example_short_circuit_decorator to 2024-06-10T20:55:49.855612+00:00, run_after=2024-06-11T20:55:49.855612+00:00
[2024-06-11T20:55:49.871+0000] {processor.py:176} INFO - Processing /home/airflow/.local/lib/python3.7/site-packages/airflow/example_dags/example_short_circuit_decorator.py took 0.096 seconds
[2024-06-11T20:57:21.152+0000] {processor.py:154} INFO - Started process (PID=2690) to work on /home/airflow/.local/lib/python3.7/site-packages/airflow/example_dags/example_short_circuit_decorator.py
[2024-06-11T20:57:21.153+0000] {processor.py:756} INFO - Processing file /home/airflow/.local/lib/python3.7/site-packages/airflow/example_dags/example_short_circuit_decorator.py for tasks to queue
[2024-06-11T20:57:21.154+0000] {logging_mixin.py:120} INFO - [2024-06-11T20:57:21.154+0000] {dagbag.py:537} INFO - Filling up the DagBag from /home/airflow/.local/lib/python3.7/site-packages/airflow/example_dags/example_short_circuit_decorator.py
[2024-06-11T20:57:21.175+0000] {processor.py:766} INFO - DAG(s) dict_keys(['example_short_circuit_decorator']) retrieved from /home/airflow/.local/lib/python3.7/site-packages/airflow/example_dags/example_short_circuit_decorator.py
[2024-06-11T20:57:21.209+0000] {logging_mixin.py:120} INFO - [2024-06-11T20:57:21.209+0000] {dag.py:2585} INFO - Sync 1 DAGs
[2024-06-11T20:57:21.234+0000] {logging_mixin.py:120} INFO - [2024-06-11T20:57:21.234+0000] {dag.py:3340} INFO - Setting next_dagrun for example_short_circuit_decorator to 2024-06-10T20:57:21.234287+00:00, run_after=2024-06-11T20:57:21.234287+00:00
[2024-06-11T20:57:21.253+0000] {processor.py:176} INFO - Processing /home/airflow/.local/lib/python3.7/site-packages/airflow/example_dags/example_short_circuit_decorator.py took 0.104 seconds
[2024-06-11T20:57:51.299+0000] {processor.py:154} INFO - Started process (PID=2750) to work on /home/airflow/.local/lib/python3.7/site-packages/airflow/example_dags/example_short_circuit_decorator.py
[2024-06-11T20:57:51.299+0000] {processor.py:756} INFO - Processing file /home/airflow/.local/lib/python3.7/site-packages/airflow/example_dags/example_short_circuit_decorator.py for tasks to queue
[2024-06-11T20:57:51.300+0000] {logging_mixin.py:120} INFO - [2024-06-11T20:57:51.300+0000] {dagbag.py:537} INFO - Filling up the DagBag from /home/airflow/.local/lib/python3.7/site-packages/airflow/example_dags/example_short_circuit_decorator.py
[2024-06-11T20:57:51.322+0000] {processor.py:766} INFO - DAG(s) dict_keys(['example_short_circuit_decorator']) retrieved from /home/airflow/.local/lib/python3.7/site-packages/airflow/example_dags/example_short_circuit_decorator.py
[2024-06-11T20:57:51.358+0000] {logging_mixin.py:120} INFO - [2024-06-11T20:57:51.358+0000] {dag.py:2585} INFO - Sync 1 DAGs
[2024-06-11T20:57:51.382+0000] {logging_mixin.py:120} INFO - [2024-06-11T20:57:51.382+0000] {dag.py:3340} INFO - Setting next_dagrun for example_short_circuit_decorator to 2024-06-10T20:57:51.382150+00:00, run_after=2024-06-11T20:57:51.382150+00:00
[2024-06-11T20:57:51.401+0000] {processor.py:176} INFO - Processing /home/airflow/.local/lib/python3.7/site-packages/airflow/example_dags/example_short_circuit_decorator.py took 0.105 seconds
[2024-06-11T20:58:21.579+0000] {processor.py:154} INFO - Started process (PID=2805) to work on /home/airflow/.local/lib/python3.7/site-packages/airflow/example_dags/example_short_circuit_decorator.py
[2024-06-11T20:58:21.580+0000] {processor.py:756} INFO - Processing file /home/airflow/.local/lib/python3.7/site-packages/airflow/example_dags/example_short_circuit_decorator.py for tasks to queue
[2024-06-11T20:58:21.581+0000] {logging_mixin.py:120} INFO - [2024-06-11T20:58:21.581+0000] {dagbag.py:537} INFO - Filling up the DagBag from /home/airflow/.local/lib/python3.7/site-packages/airflow/example_dags/example_short_circuit_decorator.py
[2024-06-11T20:58:21.602+0000] {processor.py:766} INFO - DAG(s) dict_keys(['example_short_circuit_decorator']) retrieved from /home/airflow/.local/lib/python3.7/site-packages/airflow/example_dags/example_short_circuit_decorator.py
[2024-06-11T20:58:21.637+0000] {logging_mixin.py:120} INFO - [2024-06-11T20:58:21.637+0000] {dag.py:2585} INFO - Sync 1 DAGs
[2024-06-11T20:58:21.658+0000] {logging_mixin.py:120} INFO - [2024-06-11T20:58:21.658+0000] {dag.py:3340} INFO - Setting next_dagrun for example_short_circuit_decorator to 2024-06-10T20:58:21.657817+00:00, run_after=2024-06-11T20:58:21.657817+00:00
[2024-06-11T20:58:21.673+0000] {processor.py:176} INFO - Processing /home/airflow/.local/lib/python3.7/site-packages/airflow/example_dags/example_short_circuit_decorator.py took 0.096 seconds
[2024-06-11T20:58:51.765+0000] {processor.py:154} INFO - Started process (PID=2868) to work on /home/airflow/.local/lib/python3.7/site-packages/airflow/example_dags/example_short_circuit_decorator.py
[2024-06-11T20:58:51.766+0000] {processor.py:756} INFO - Processing file /home/airflow/.local/lib/python3.7/site-packages/airflow/example_dags/example_short_circuit_decorator.py for tasks to queue
[2024-06-11T20:58:51.767+0000] {logging_mixin.py:120} INFO - [2024-06-11T20:58:51.767+0000] {dagbag.py:537} INFO - Filling up the DagBag from /home/airflow/.local/lib/python3.7/site-packages/airflow/example_dags/example_short_circuit_decorator.py
[2024-06-11T20:58:51.789+0000] {processor.py:766} INFO - DAG(s) dict_keys(['example_short_circuit_decorator']) retrieved from /home/airflow/.local/lib/python3.7/site-packages/airflow/example_dags/example_short_circuit_decorator.py
[2024-06-11T20:58:51.821+0000] {logging_mixin.py:120} INFO - [2024-06-11T20:58:51.821+0000] {dag.py:2585} INFO - Sync 1 DAGs
[2024-06-11T20:58:51.841+0000] {logging_mixin.py:120} INFO - [2024-06-11T20:58:51.840+0000] {dag.py:3340} INFO - Setting next_dagrun for example_short_circuit_decorator to 2024-06-10T20:58:51.840690+00:00, run_after=2024-06-11T20:58:51.840690+00:00
[2024-06-11T20:58:51.855+0000] {processor.py:176} INFO - Processing /home/airflow/.local/lib/python3.7/site-packages/airflow/example_dags/example_short_circuit_decorator.py took 0.093 seconds
[2024-06-11T21:14:52.516+0000] {processor.py:154} INFO - Started process (PID=2931) to work on /home/airflow/.local/lib/python3.7/site-packages/airflow/example_dags/example_short_circuit_decorator.py
[2024-06-11T21:14:52.517+0000] {processor.py:756} INFO - Processing file /home/airflow/.local/lib/python3.7/site-packages/airflow/example_dags/example_short_circuit_decorator.py for tasks to queue
[2024-06-11T21:14:52.518+0000] {logging_mixin.py:120} INFO - [2024-06-11T21:14:52.518+0000] {dagbag.py:537} INFO - Filling up the DagBag from /home/airflow/.local/lib/python3.7/site-packages/airflow/example_dags/example_short_circuit_decorator.py
[2024-06-11T21:14:52.544+0000] {processor.py:766} INFO - DAG(s) dict_keys(['example_short_circuit_decorator']) retrieved from /home/airflow/.local/lib/python3.7/site-packages/airflow/example_dags/example_short_circuit_decorator.py
[2024-06-11T21:14:52.601+0000] {logging_mixin.py:120} INFO - [2024-06-11T21:14:52.601+0000] {dag.py:2585} INFO - Sync 1 DAGs
[2024-06-11T21:14:52.631+0000] {logging_mixin.py:120} INFO - [2024-06-11T21:14:52.631+0000] {dag.py:3340} INFO - Setting next_dagrun for example_short_circuit_decorator to 2024-06-10T21:14:52.631415+00:00, run_after=2024-06-11T21:14:52.631415+00:00
[2024-06-11T21:14:52.654+0000] {processor.py:176} INFO - Processing /home/airflow/.local/lib/python3.7/site-packages/airflow/example_dags/example_short_circuit_decorator.py took 0.142 seconds
[2024-06-11T21:15:22.674+0000] {processor.py:154} INFO - Started process (PID=2985) to work on /home/airflow/.local/lib/python3.7/site-packages/airflow/example_dags/example_short_circuit_decorator.py
[2024-06-11T21:15:22.675+0000] {processor.py:756} INFO - Processing file /home/airflow/.local/lib/python3.7/site-packages/airflow/example_dags/example_short_circuit_decorator.py for tasks to queue
[2024-06-11T21:15:22.675+0000] {logging_mixin.py:120} INFO - [2024-06-11T21:15:22.675+0000] {dagbag.py:537} INFO - Filling up the DagBag from /home/airflow/.local/lib/python3.7/site-packages/airflow/example_dags/example_short_circuit_decorator.py
[2024-06-11T21:15:22.697+0000] {processor.py:766} INFO - DAG(s) dict_keys(['example_short_circuit_decorator']) retrieved from /home/airflow/.local/lib/python3.7/site-packages/airflow/example_dags/example_short_circuit_decorator.py
[2024-06-11T21:15:22.731+0000] {logging_mixin.py:120} INFO - [2024-06-11T21:15:22.730+0000] {dag.py:2585} INFO - Sync 1 DAGs
[2024-06-11T21:15:22.751+0000] {logging_mixin.py:120} INFO - [2024-06-11T21:15:22.751+0000] {dag.py:3340} INFO - Setting next_dagrun for example_short_circuit_decorator to 2024-06-10T21:15:22.751358+00:00, run_after=2024-06-11T21:15:22.751358+00:00
[2024-06-11T21:15:22.766+0000] {processor.py:176} INFO - Processing /home/airflow/.local/lib/python3.7/site-packages/airflow/example_dags/example_short_circuit_decorator.py took 0.096 seconds
[2024-06-11T21:15:52.793+0000] {processor.py:154} INFO - Started process (PID=3047) to work on /home/airflow/.local/lib/python3.7/site-packages/airflow/example_dags/example_short_circuit_decorator.py
[2024-06-11T21:15:52.794+0000] {processor.py:756} INFO - Processing file /home/airflow/.local/lib/python3.7/site-packages/airflow/example_dags/example_short_circuit_decorator.py for tasks to queue
[2024-06-11T21:15:52.795+0000] {logging_mixin.py:120} INFO - [2024-06-11T21:15:52.795+0000] {dagbag.py:537} INFO - Filling up the DagBag from /home/airflow/.local/lib/python3.7/site-packages/airflow/example_dags/example_short_circuit_decorator.py
[2024-06-11T21:15:52.816+0000] {processor.py:766} INFO - DAG(s) dict_keys(['example_short_circuit_decorator']) retrieved from /home/airflow/.local/lib/python3.7/site-packages/airflow/example_dags/example_short_circuit_decorator.py
[2024-06-11T21:15:52.849+0000] {logging_mixin.py:120} INFO - [2024-06-11T21:15:52.849+0000] {dag.py:2585} INFO - Sync 1 DAGs
[2024-06-11T21:15:52.870+0000] {logging_mixin.py:120} INFO - [2024-06-11T21:15:52.869+0000] {dag.py:3340} INFO - Setting next_dagrun for example_short_circuit_decorator to 2024-06-10T21:15:52.869744+00:00, run_after=2024-06-11T21:15:52.869744+00:00
[2024-06-11T21:15:52.884+0000] {processor.py:176} INFO - Processing /home/airflow/.local/lib/python3.7/site-packages/airflow/example_dags/example_short_circuit_decorator.py took 0.095 seconds
[2024-06-11T21:16:23.296+0000] {processor.py:154} INFO - Started process (PID=3109) to work on /home/airflow/.local/lib/python3.7/site-packages/airflow/example_dags/example_short_circuit_decorator.py
[2024-06-11T21:16:23.297+0000] {processor.py:756} INFO - Processing file /home/airflow/.local/lib/python3.7/site-packages/airflow/example_dags/example_short_circuit_decorator.py for tasks to queue
[2024-06-11T21:16:23.298+0000] {logging_mixin.py:120} INFO - [2024-06-11T21:16:23.298+0000] {dagbag.py:537} INFO - Filling up the DagBag from /home/airflow/.local/lib/python3.7/site-packages/airflow/example_dags/example_short_circuit_decorator.py
[2024-06-11T21:16:23.319+0000] {processor.py:766} INFO - DAG(s) dict_keys(['example_short_circuit_decorator']) retrieved from /home/airflow/.local/lib/python3.7/site-packages/airflow/example_dags/example_short_circuit_decorator.py
[2024-06-11T21:16:23.353+0000] {logging_mixin.py:120} INFO - [2024-06-11T21:16:23.353+0000] {dag.py:2585} INFO - Sync 1 DAGs
[2024-06-11T21:16:23.375+0000] {logging_mixin.py:120} INFO - [2024-06-11T21:16:23.374+0000] {dag.py:3340} INFO - Setting next_dagrun for example_short_circuit_decorator to 2024-06-10T21:16:23.374774+00:00, run_after=2024-06-11T21:16:23.374774+00:00
[2024-06-11T21:16:23.390+0000] {processor.py:176} INFO - Processing /home/airflow/.local/lib/python3.7/site-packages/airflow/example_dags/example_short_circuit_decorator.py took 0.097 seconds
[2024-06-11T21:16:53.727+0000] {processor.py:154} INFO - Started process (PID=3173) to work on /home/airflow/.local/lib/python3.7/site-packages/airflow/example_dags/example_short_circuit_decorator.py
[2024-06-11T21:16:53.728+0000] {processor.py:756} INFO - Processing file /home/airflow/.local/lib/python3.7/site-packages/airflow/example_dags/example_short_circuit_decorator.py for tasks to queue
[2024-06-11T21:16:53.729+0000] {logging_mixin.py:120} INFO - [2024-06-11T21:16:53.729+0000] {dagbag.py:537} INFO - Filling up the DagBag from /home/airflow/.local/lib/python3.7/site-packages/airflow/example_dags/example_short_circuit_decorator.py
[2024-06-11T21:16:53.750+0000] {processor.py:766} INFO - DAG(s) dict_keys(['example_short_circuit_decorator']) retrieved from /home/airflow/.local/lib/python3.7/site-packages/airflow/example_dags/example_short_circuit_decorator.py
[2024-06-11T21:16:53.783+0000] {logging_mixin.py:120} INFO - [2024-06-11T21:16:53.782+0000] {dag.py:2585} INFO - Sync 1 DAGs
[2024-06-11T21:16:53.804+0000] {logging_mixin.py:120} INFO - [2024-06-11T21:16:53.804+0000] {dag.py:3340} INFO - Setting next_dagrun for example_short_circuit_decorator to 2024-06-10T21:16:53.804021+00:00, run_after=2024-06-11T21:16:53.804021+00:00
[2024-06-11T21:16:53.819+0000] {processor.py:176} INFO - Processing /home/airflow/.local/lib/python3.7/site-packages/airflow/example_dags/example_short_circuit_decorator.py took 0.095 seconds
[2024-06-11T21:30:33.542+0000] {processor.py:154} INFO - Started process (PID=3228) to work on /home/airflow/.local/lib/python3.7/site-packages/airflow/example_dags/example_short_circuit_decorator.py
[2024-06-11T21:30:33.543+0000] {processor.py:756} INFO - Processing file /home/airflow/.local/lib/python3.7/site-packages/airflow/example_dags/example_short_circuit_decorator.py for tasks to queue
[2024-06-11T21:30:33.544+0000] {logging_mixin.py:120} INFO - [2024-06-11T21:30:33.544+0000] {dagbag.py:537} INFO - Filling up the DagBag from /home/airflow/.local/lib/python3.7/site-packages/airflow/example_dags/example_short_circuit_decorator.py
[2024-06-11T21:30:33.566+0000] {processor.py:766} INFO - DAG(s) dict_keys(['example_short_circuit_decorator']) retrieved from /home/airflow/.local/lib/python3.7/site-packages/airflow/example_dags/example_short_circuit_decorator.py
[2024-06-11T21:30:33.602+0000] {logging_mixin.py:120} INFO - [2024-06-11T21:30:33.602+0000] {dag.py:2585} INFO - Sync 1 DAGs
[2024-06-11T21:30:33.624+0000] {logging_mixin.py:120} INFO - [2024-06-11T21:30:33.624+0000] {dag.py:3340} INFO - Setting next_dagrun for example_short_circuit_decorator to 2024-06-10T21:30:33.623979+00:00, run_after=2024-06-11T21:30:33.623979+00:00
[2024-06-11T21:30:33.640+0000] {processor.py:176} INFO - Processing /home/airflow/.local/lib/python3.7/site-packages/airflow/example_dags/example_short_circuit_decorator.py took 0.101 seconds
[2024-06-11T21:31:04.055+0000] {processor.py:154} INFO - Started process (PID=3291) to work on /home/airflow/.local/lib/python3.7/site-packages/airflow/example_dags/example_short_circuit_decorator.py
[2024-06-11T21:31:04.056+0000] {processor.py:756} INFO - Processing file /home/airflow/.local/lib/python3.7/site-packages/airflow/example_dags/example_short_circuit_decorator.py for tasks to queue
[2024-06-11T21:31:04.057+0000] {logging_mixin.py:120} INFO - [2024-06-11T21:31:04.057+0000] {dagbag.py:537} INFO - Filling up the DagBag from /home/airflow/.local/lib/python3.7/site-packages/airflow/example_dags/example_short_circuit_decorator.py
[2024-06-11T21:31:04.087+0000] {processor.py:766} INFO - DAG(s) dict_keys(['example_short_circuit_decorator']) retrieved from /home/airflow/.local/lib/python3.7/site-packages/airflow/example_dags/example_short_circuit_decorator.py
[2024-06-11T21:31:04.133+0000] {logging_mixin.py:120} INFO - [2024-06-11T21:31:04.133+0000] {dag.py:2585} INFO - Sync 1 DAGs
[2024-06-11T21:31:04.159+0000] {logging_mixin.py:120} INFO - [2024-06-11T21:31:04.159+0000] {dag.py:3340} INFO - Setting next_dagrun for example_short_circuit_decorator to 2024-06-10T21:31:04.158752+00:00, run_after=2024-06-11T21:31:04.158752+00:00
[2024-06-11T21:31:04.177+0000] {processor.py:176} INFO - Processing /home/airflow/.local/lib/python3.7/site-packages/airflow/example_dags/example_short_circuit_decorator.py took 0.125 seconds
[2024-06-11T21:31:34.801+0000] {processor.py:154} INFO - Started process (PID=3354) to work on /home/airflow/.local/lib/python3.7/site-packages/airflow/example_dags/example_short_circuit_decorator.py
[2024-06-11T21:31:34.803+0000] {processor.py:756} INFO - Processing file /home/airflow/.local/lib/python3.7/site-packages/airflow/example_dags/example_short_circuit_decorator.py for tasks to queue
[2024-06-11T21:31:34.804+0000] {logging_mixin.py:120} INFO - [2024-06-11T21:31:34.804+0000] {dagbag.py:537} INFO - Filling up the DagBag from /home/airflow/.local/lib/python3.7/site-packages/airflow/example_dags/example_short_circuit_decorator.py
[2024-06-11T21:31:34.826+0000] {processor.py:766} INFO - DAG(s) dict_keys(['example_short_circuit_decorator']) retrieved from /home/airflow/.local/lib/python3.7/site-packages/airflow/example_dags/example_short_circuit_decorator.py
[2024-06-11T21:31:34.860+0000] {logging_mixin.py:120} INFO - [2024-06-11T21:31:34.860+0000] {dag.py:2585} INFO - Sync 1 DAGs
[2024-06-11T21:31:34.882+0000] {logging_mixin.py:120} INFO - [2024-06-11T21:31:34.882+0000] {dag.py:3340} INFO - Setting next_dagrun for example_short_circuit_decorator to 2024-06-10T21:31:34.881791+00:00, run_after=2024-06-11T21:31:34.881791+00:00
[2024-06-11T21:31:34.898+0000] {processor.py:176} INFO - Processing /home/airflow/.local/lib/python3.7/site-packages/airflow/example_dags/example_short_circuit_decorator.py took 0.099 seconds
[2024-06-11T21:32:05.271+0000] {processor.py:154} INFO - Started process (PID=3417) to work on /home/airflow/.local/lib/python3.7/site-packages/airflow/example_dags/example_short_circuit_decorator.py
[2024-06-11T21:32:05.272+0000] {processor.py:756} INFO - Processing file /home/airflow/.local/lib/python3.7/site-packages/airflow/example_dags/example_short_circuit_decorator.py for tasks to queue
[2024-06-11T21:32:05.272+0000] {logging_mixin.py:120} INFO - [2024-06-11T21:32:05.272+0000] {dagbag.py:537} INFO - Filling up the DagBag from /home/airflow/.local/lib/python3.7/site-packages/airflow/example_dags/example_short_circuit_decorator.py
[2024-06-11T21:32:05.293+0000] {processor.py:766} INFO - DAG(s) dict_keys(['example_short_circuit_decorator']) retrieved from /home/airflow/.local/lib/python3.7/site-packages/airflow/example_dags/example_short_circuit_decorator.py
[2024-06-11T21:32:05.328+0000] {logging_mixin.py:120} INFO - [2024-06-11T21:32:05.328+0000] {dag.py:2585} INFO - Sync 1 DAGs
[2024-06-11T21:32:05.350+0000] {logging_mixin.py:120} INFO - [2024-06-11T21:32:05.350+0000] {dag.py:3340} INFO - Setting next_dagrun for example_short_circuit_decorator to 2024-06-10T21:32:05.350258+00:00, run_after=2024-06-11T21:32:05.350258+00:00
[2024-06-11T21:32:05.366+0000] {processor.py:176} INFO - Processing /home/airflow/.local/lib/python3.7/site-packages/airflow/example_dags/example_short_circuit_decorator.py took 0.098 seconds
[2024-06-11T21:32:35.520+0000] {processor.py:154} INFO - Started process (PID=3471) to work on /home/airflow/.local/lib/python3.7/site-packages/airflow/example_dags/example_short_circuit_decorator.py
[2024-06-11T21:32:35.521+0000] {processor.py:756} INFO - Processing file /home/airflow/.local/lib/python3.7/site-packages/airflow/example_dags/example_short_circuit_decorator.py for tasks to queue
[2024-06-11T21:32:35.521+0000] {logging_mixin.py:120} INFO - [2024-06-11T21:32:35.521+0000] {dagbag.py:537} INFO - Filling up the DagBag from /home/airflow/.local/lib/python3.7/site-packages/airflow/example_dags/example_short_circuit_decorator.py
[2024-06-11T21:32:35.542+0000] {processor.py:766} INFO - DAG(s) dict_keys(['example_short_circuit_decorator']) retrieved from /home/airflow/.local/lib/python3.7/site-packages/airflow/example_dags/example_short_circuit_decorator.py
[2024-06-11T21:32:35.579+0000] {logging_mixin.py:120} INFO - [2024-06-11T21:32:35.579+0000] {dag.py:2585} INFO - Sync 1 DAGs
[2024-06-11T21:32:35.601+0000] {logging_mixin.py:120} INFO - [2024-06-11T21:32:35.601+0000] {dag.py:3340} INFO - Setting next_dagrun for example_short_circuit_decorator to 2024-06-10T21:32:35.600858+00:00, run_after=2024-06-11T21:32:35.600858+00:00
[2024-06-11T21:32:35.616+0000] {processor.py:176} INFO - Processing /home/airflow/.local/lib/python3.7/site-packages/airflow/example_dags/example_short_circuit_decorator.py took 0.100 seconds
[2024-06-11T21:33:05.730+0000] {processor.py:154} INFO - Started process (PID=3533) to work on /home/airflow/.local/lib/python3.7/site-packages/airflow/example_dags/example_short_circuit_decorator.py
[2024-06-11T21:33:05.731+0000] {processor.py:756} INFO - Processing file /home/airflow/.local/lib/python3.7/site-packages/airflow/example_dags/example_short_circuit_decorator.py for tasks to queue
[2024-06-11T21:33:05.732+0000] {logging_mixin.py:120} INFO - [2024-06-11T21:33:05.732+0000] {dagbag.py:537} INFO - Filling up the DagBag from /home/airflow/.local/lib/python3.7/site-packages/airflow/example_dags/example_short_circuit_decorator.py
[2024-06-11T21:33:05.753+0000] {processor.py:766} INFO - DAG(s) dict_keys(['example_short_circuit_decorator']) retrieved from /home/airflow/.local/lib/python3.7/site-packages/airflow/example_dags/example_short_circuit_decorator.py
[2024-06-11T21:33:05.787+0000] {logging_mixin.py:120} INFO - [2024-06-11T21:33:05.787+0000] {dag.py:2585} INFO - Sync 1 DAGs
[2024-06-11T21:33:05.809+0000] {logging_mixin.py:120} INFO - [2024-06-11T21:33:05.809+0000] {dag.py:3340} INFO - Setting next_dagrun for example_short_circuit_decorator to 2024-06-10T21:33:05.809222+00:00, run_after=2024-06-11T21:33:05.809222+00:00
[2024-06-11T21:33:05.826+0000] {processor.py:176} INFO - Processing /home/airflow/.local/lib/python3.7/site-packages/airflow/example_dags/example_short_circuit_decorator.py took 0.099 seconds
[2024-06-11T21:33:35.934+0000] {processor.py:154} INFO - Started process (PID=3596) to work on /home/airflow/.local/lib/python3.7/site-packages/airflow/example_dags/example_short_circuit_decorator.py
[2024-06-11T21:33:35.935+0000] {processor.py:756} INFO - Processing file /home/airflow/.local/lib/python3.7/site-packages/airflow/example_dags/example_short_circuit_decorator.py for tasks to queue
[2024-06-11T21:33:35.936+0000] {logging_mixin.py:120} INFO - [2024-06-11T21:33:35.935+0000] {dagbag.py:537} INFO - Filling up the DagBag from /home/airflow/.local/lib/python3.7/site-packages/airflow/example_dags/example_short_circuit_decorator.py
[2024-06-11T21:33:35.957+0000] {processor.py:766} INFO - DAG(s) dict_keys(['example_short_circuit_decorator']) retrieved from /home/airflow/.local/lib/python3.7/site-packages/airflow/example_dags/example_short_circuit_decorator.py
[2024-06-11T21:33:35.992+0000] {logging_mixin.py:120} INFO - [2024-06-11T21:33:35.992+0000] {dag.py:2585} INFO - Sync 1 DAGs
[2024-06-11T21:33:36.018+0000] {logging_mixin.py:120} INFO - [2024-06-11T21:33:36.018+0000] {dag.py:3340} INFO - Setting next_dagrun for example_short_circuit_decorator to 2024-06-10T21:33:36.017644+00:00, run_after=2024-06-11T21:33:36.017644+00:00
[2024-06-11T21:33:36.041+0000] {processor.py:176} INFO - Processing /home/airflow/.local/lib/python3.7/site-packages/airflow/example_dags/example_short_circuit_decorator.py took 0.110 seconds
[2024-06-11T21:35:18.455+0000] {processor.py:154} INFO - Started process (PID=48) to work on /home/airflow/.local/lib/python3.7/site-packages/airflow/example_dags/example_short_circuit_decorator.py
[2024-06-11T21:35:18.456+0000] {processor.py:756} INFO - Processing file /home/airflow/.local/lib/python3.7/site-packages/airflow/example_dags/example_short_circuit_decorator.py for tasks to queue
[2024-06-11T21:35:18.457+0000] {logging_mixin.py:120} INFO - [2024-06-11T21:35:18.456+0000] {dagbag.py:537} INFO - Filling up the DagBag from /home/airflow/.local/lib/python3.7/site-packages/airflow/example_dags/example_short_circuit_decorator.py
[2024-06-11T21:35:18.480+0000] {processor.py:766} INFO - DAG(s) dict_keys(['example_short_circuit_decorator']) retrieved from /home/airflow/.local/lib/python3.7/site-packages/airflow/example_dags/example_short_circuit_decorator.py
[2024-06-11T21:35:18.530+0000] {logging_mixin.py:120} INFO - [2024-06-11T21:35:18.530+0000] {dag.py:2585} INFO - Sync 1 DAGs
[2024-06-11T21:35:18.557+0000] {logging_mixin.py:120} INFO - [2024-06-11T21:35:18.557+0000] {dag.py:3340} INFO - Setting next_dagrun for example_short_circuit_decorator to 2024-06-10T21:35:18.556930+00:00, run_after=2024-06-11T21:35:18.556930+00:00
[2024-06-11T21:35:18.579+0000] {processor.py:176} INFO - Processing /home/airflow/.local/lib/python3.7/site-packages/airflow/example_dags/example_short_circuit_decorator.py took 0.128 seconds
