[2024-06-11T13:03:39.969+0000] {processor.py:154} INFO - Started process (PID=55) to work on /home/airflow/.local/lib/python3.7/site-packages/airflow/example_dags/example_nested_branch_dag.py
[2024-06-11T13:03:39.971+0000] {processor.py:756} INFO - Processing file /home/airflow/.local/lib/python3.7/site-packages/airflow/example_dags/example_nested_branch_dag.py for tasks to queue
[2024-06-11T13:03:39.973+0000] {logging_mixin.py:120} INFO - [2024-06-11T13:03:39.972+0000] {dagbag.py:537} INFO - Filling up the DagBag from /home/airflow/.local/lib/python3.7/site-packages/airflow/example_dags/example_nested_branch_dag.py
[2024-06-11T13:03:40.016+0000] {processor.py:766} INFO - DAG(s) dict_keys(['example_nested_branch_dag']) retrieved from /home/airflow/.local/lib/python3.7/site-packages/airflow/example_dags/example_nested_branch_dag.py
[2024-06-11T13:03:40.070+0000] {logging_mixin.py:120} INFO - [2024-06-11T13:03:40.070+0000] {dag.py:2585} INFO - Sync 1 DAGs
[2024-06-11T13:03:40.104+0000] {logging_mixin.py:120} INFO - [2024-06-11T13:03:40.104+0000] {dag.py:3340} INFO - Setting next_dagrun for example_nested_branch_dag to 2024-06-10T00:00:00+00:00, run_after=2024-06-11T00:00:00+00:00
[2024-06-11T13:03:40.126+0000] {processor.py:176} INFO - Processing /home/airflow/.local/lib/python3.7/site-packages/airflow/example_dags/example_nested_branch_dag.py took 0.163 seconds
[2024-06-11T18:16:15.452+0000] {processor.py:154} INFO - Started process (PID=63) to work on /home/airflow/.local/lib/python3.7/site-packages/airflow/example_dags/example_nested_branch_dag.py
[2024-06-11T18:16:15.454+0000] {processor.py:756} INFO - Processing file /home/airflow/.local/lib/python3.7/site-packages/airflow/example_dags/example_nested_branch_dag.py for tasks to queue
[2024-06-11T18:16:15.456+0000] {logging_mixin.py:120} INFO - [2024-06-11T18:16:15.456+0000] {dagbag.py:537} INFO - Filling up the DagBag from /home/airflow/.local/lib/python3.7/site-packages/airflow/example_dags/example_nested_branch_dag.py
[2024-06-11T18:16:15.512+0000] {processor.py:766} INFO - DAG(s) dict_keys(['example_nested_branch_dag']) retrieved from /home/airflow/.local/lib/python3.7/site-packages/airflow/example_dags/example_nested_branch_dag.py
[2024-06-11T18:16:15.611+0000] {logging_mixin.py:120} INFO - [2024-06-11T18:16:15.610+0000] {dag.py:2585} INFO - Sync 1 DAGs
[2024-06-11T18:16:15.662+0000] {logging_mixin.py:120} INFO - [2024-06-11T18:16:15.662+0000] {dag.py:3340} INFO - Setting next_dagrun for example_nested_branch_dag to 2024-06-10T00:00:00+00:00, run_after=2024-06-11T00:00:00+00:00
[2024-06-11T18:16:15.697+0000] {processor.py:176} INFO - Processing /home/airflow/.local/lib/python3.7/site-packages/airflow/example_dags/example_nested_branch_dag.py took 0.249 seconds
[2024-06-11T18:16:46.048+0000] {processor.py:154} INFO - Started process (PID=117) to work on /home/airflow/.local/lib/python3.7/site-packages/airflow/example_dags/example_nested_branch_dag.py
[2024-06-11T18:16:46.049+0000] {processor.py:756} INFO - Processing file /home/airflow/.local/lib/python3.7/site-packages/airflow/example_dags/example_nested_branch_dag.py for tasks to queue
[2024-06-11T18:16:46.049+0000] {logging_mixin.py:120} INFO - [2024-06-11T18:16:46.049+0000] {dagbag.py:537} INFO - Filling up the DagBag from /home/airflow/.local/lib/python3.7/site-packages/airflow/example_dags/example_nested_branch_dag.py
[2024-06-11T18:16:46.072+0000] {processor.py:766} INFO - DAG(s) dict_keys(['example_nested_branch_dag']) retrieved from /home/airflow/.local/lib/python3.7/site-packages/airflow/example_dags/example_nested_branch_dag.py
[2024-06-11T18:16:46.105+0000] {logging_mixin.py:120} INFO - [2024-06-11T18:16:46.105+0000] {dag.py:2585} INFO - Sync 1 DAGs
[2024-06-11T18:16:46.126+0000] {logging_mixin.py:120} INFO - [2024-06-11T18:16:46.126+0000] {dag.py:3340} INFO - Setting next_dagrun for example_nested_branch_dag to 2024-06-10T00:00:00+00:00, run_after=2024-06-11T00:00:00+00:00
[2024-06-11T18:16:46.142+0000] {processor.py:176} INFO - Processing /home/airflow/.local/lib/python3.7/site-packages/airflow/example_dags/example_nested_branch_dag.py took 0.097 seconds
[2024-06-11T18:17:16.779+0000] {processor.py:154} INFO - Started process (PID=181) to work on /home/airflow/.local/lib/python3.7/site-packages/airflow/example_dags/example_nested_branch_dag.py
[2024-06-11T18:17:16.780+0000] {processor.py:756} INFO - Processing file /home/airflow/.local/lib/python3.7/site-packages/airflow/example_dags/example_nested_branch_dag.py for tasks to queue
[2024-06-11T18:17:16.781+0000] {logging_mixin.py:120} INFO - [2024-06-11T18:17:16.781+0000] {dagbag.py:537} INFO - Filling up the DagBag from /home/airflow/.local/lib/python3.7/site-packages/airflow/example_dags/example_nested_branch_dag.py
[2024-06-11T18:17:16.802+0000] {processor.py:766} INFO - DAG(s) dict_keys(['example_nested_branch_dag']) retrieved from /home/airflow/.local/lib/python3.7/site-packages/airflow/example_dags/example_nested_branch_dag.py
[2024-06-11T18:17:16.835+0000] {logging_mixin.py:120} INFO - [2024-06-11T18:17:16.835+0000] {dag.py:2585} INFO - Sync 1 DAGs
[2024-06-11T18:17:16.857+0000] {logging_mixin.py:120} INFO - [2024-06-11T18:17:16.857+0000] {dag.py:3340} INFO - Setting next_dagrun for example_nested_branch_dag to 2024-06-10T00:00:00+00:00, run_after=2024-06-11T00:00:00+00:00
[2024-06-11T18:17:16.872+0000] {processor.py:176} INFO - Processing /home/airflow/.local/lib/python3.7/site-packages/airflow/example_dags/example_nested_branch_dag.py took 0.096 seconds
[2024-06-11T18:33:53.994+0000] {processor.py:154} INFO - Started process (PID=226) to work on /home/airflow/.local/lib/python3.7/site-packages/airflow/example_dags/example_nested_branch_dag.py
[2024-06-11T18:33:53.995+0000] {processor.py:756} INFO - Processing file /home/airflow/.local/lib/python3.7/site-packages/airflow/example_dags/example_nested_branch_dag.py for tasks to queue
[2024-06-11T18:33:53.995+0000] {logging_mixin.py:120} INFO - [2024-06-11T18:33:53.995+0000] {dagbag.py:537} INFO - Filling up the DagBag from /home/airflow/.local/lib/python3.7/site-packages/airflow/example_dags/example_nested_branch_dag.py
[2024-06-11T18:33:54.016+0000] {processor.py:766} INFO - DAG(s) dict_keys(['example_nested_branch_dag']) retrieved from /home/airflow/.local/lib/python3.7/site-packages/airflow/example_dags/example_nested_branch_dag.py
[2024-06-11T18:33:54.049+0000] {logging_mixin.py:120} INFO - [2024-06-11T18:33:54.049+0000] {dag.py:2585} INFO - Sync 1 DAGs
[2024-06-11T18:33:54.071+0000] {logging_mixin.py:120} INFO - [2024-06-11T18:33:54.071+0000] {dag.py:3340} INFO - Setting next_dagrun for example_nested_branch_dag to 2024-06-10T00:00:00+00:00, run_after=2024-06-11T00:00:00+00:00
[2024-06-11T18:33:54.087+0000] {processor.py:176} INFO - Processing /home/airflow/.local/lib/python3.7/site-packages/airflow/example_dags/example_nested_branch_dag.py took 0.096 seconds
[2024-06-11T18:34:24.348+0000] {processor.py:154} INFO - Started process (PID=289) to work on /home/airflow/.local/lib/python3.7/site-packages/airflow/example_dags/example_nested_branch_dag.py
[2024-06-11T18:34:24.348+0000] {processor.py:756} INFO - Processing file /home/airflow/.local/lib/python3.7/site-packages/airflow/example_dags/example_nested_branch_dag.py for tasks to queue
[2024-06-11T18:34:24.349+0000] {logging_mixin.py:120} INFO - [2024-06-11T18:34:24.349+0000] {dagbag.py:537} INFO - Filling up the DagBag from /home/airflow/.local/lib/python3.7/site-packages/airflow/example_dags/example_nested_branch_dag.py
[2024-06-11T18:34:24.369+0000] {processor.py:766} INFO - DAG(s) dict_keys(['example_nested_branch_dag']) retrieved from /home/airflow/.local/lib/python3.7/site-packages/airflow/example_dags/example_nested_branch_dag.py
[2024-06-11T18:34:24.404+0000] {logging_mixin.py:120} INFO - [2024-06-11T18:34:24.403+0000] {dag.py:2585} INFO - Sync 1 DAGs
[2024-06-11T18:34:24.428+0000] {logging_mixin.py:120} INFO - [2024-06-11T18:34:24.428+0000] {dag.py:3340} INFO - Setting next_dagrun for example_nested_branch_dag to 2024-06-10T00:00:00+00:00, run_after=2024-06-11T00:00:00+00:00
[2024-06-11T18:34:24.443+0000] {processor.py:176} INFO - Processing /home/airflow/.local/lib/python3.7/site-packages/airflow/example_dags/example_nested_branch_dag.py took 0.099 seconds
[2024-06-11T18:34:54.643+0000] {processor.py:154} INFO - Started process (PID=352) to work on /home/airflow/.local/lib/python3.7/site-packages/airflow/example_dags/example_nested_branch_dag.py
[2024-06-11T18:34:54.644+0000] {processor.py:756} INFO - Processing file /home/airflow/.local/lib/python3.7/site-packages/airflow/example_dags/example_nested_branch_dag.py for tasks to queue
[2024-06-11T18:34:54.645+0000] {logging_mixin.py:120} INFO - [2024-06-11T18:34:54.645+0000] {dagbag.py:537} INFO - Filling up the DagBag from /home/airflow/.local/lib/python3.7/site-packages/airflow/example_dags/example_nested_branch_dag.py
[2024-06-11T18:34:54.665+0000] {processor.py:766} INFO - DAG(s) dict_keys(['example_nested_branch_dag']) retrieved from /home/airflow/.local/lib/python3.7/site-packages/airflow/example_dags/example_nested_branch_dag.py
[2024-06-11T18:34:54.699+0000] {logging_mixin.py:120} INFO - [2024-06-11T18:34:54.698+0000] {dag.py:2585} INFO - Sync 1 DAGs
[2024-06-11T18:34:54.720+0000] {logging_mixin.py:120} INFO - [2024-06-11T18:34:54.719+0000] {dag.py:3340} INFO - Setting next_dagrun for example_nested_branch_dag to 2024-06-10T00:00:00+00:00, run_after=2024-06-11T00:00:00+00:00
[2024-06-11T18:34:54.734+0000] {processor.py:176} INFO - Processing /home/airflow/.local/lib/python3.7/site-packages/airflow/example_dags/example_nested_branch_dag.py took 0.093 seconds
[2024-06-11T18:35:24.910+0000] {processor.py:154} INFO - Started process (PID=415) to work on /home/airflow/.local/lib/python3.7/site-packages/airflow/example_dags/example_nested_branch_dag.py
[2024-06-11T18:35:24.911+0000] {processor.py:756} INFO - Processing file /home/airflow/.local/lib/python3.7/site-packages/airflow/example_dags/example_nested_branch_dag.py for tasks to queue
[2024-06-11T18:35:24.912+0000] {logging_mixin.py:120} INFO - [2024-06-11T18:35:24.912+0000] {dagbag.py:537} INFO - Filling up the DagBag from /home/airflow/.local/lib/python3.7/site-packages/airflow/example_dags/example_nested_branch_dag.py
[2024-06-11T18:35:24.933+0000] {processor.py:766} INFO - DAG(s) dict_keys(['example_nested_branch_dag']) retrieved from /home/airflow/.local/lib/python3.7/site-packages/airflow/example_dags/example_nested_branch_dag.py
[2024-06-11T18:35:24.969+0000] {logging_mixin.py:120} INFO - [2024-06-11T18:35:24.969+0000] {dag.py:2585} INFO - Sync 1 DAGs
[2024-06-11T18:35:24.992+0000] {logging_mixin.py:120} INFO - [2024-06-11T18:35:24.992+0000] {dag.py:3340} INFO - Setting next_dagrun for example_nested_branch_dag to 2024-06-10T00:00:00+00:00, run_after=2024-06-11T00:00:00+00:00
[2024-06-11T18:35:25.009+0000] {processor.py:176} INFO - Processing /home/airflow/.local/lib/python3.7/site-packages/airflow/example_dags/example_nested_branch_dag.py took 0.102 seconds
[2024-06-11T18:53:03.428+0000] {processor.py:154} INFO - Started process (PID=469) to work on /home/airflow/.local/lib/python3.7/site-packages/airflow/example_dags/example_nested_branch_dag.py
[2024-06-11T18:53:03.431+0000] {processor.py:756} INFO - Processing file /home/airflow/.local/lib/python3.7/site-packages/airflow/example_dags/example_nested_branch_dag.py for tasks to queue
[2024-06-11T18:53:03.432+0000] {logging_mixin.py:120} INFO - [2024-06-11T18:53:03.432+0000] {dagbag.py:537} INFO - Filling up the DagBag from /home/airflow/.local/lib/python3.7/site-packages/airflow/example_dags/example_nested_branch_dag.py
[2024-06-11T18:53:03.461+0000] {processor.py:766} INFO - DAG(s) dict_keys(['example_nested_branch_dag']) retrieved from /home/airflow/.local/lib/python3.7/site-packages/airflow/example_dags/example_nested_branch_dag.py
[2024-06-11T18:53:03.507+0000] {logging_mixin.py:120} INFO - [2024-06-11T18:53:03.507+0000] {dag.py:2585} INFO - Sync 1 DAGs
[2024-06-11T18:53:03.540+0000] {logging_mixin.py:120} INFO - [2024-06-11T18:53:03.539+0000] {dag.py:3340} INFO - Setting next_dagrun for example_nested_branch_dag to 2024-06-10T00:00:00+00:00, run_after=2024-06-11T00:00:00+00:00
[2024-06-11T18:53:03.564+0000] {processor.py:176} INFO - Processing /home/airflow/.local/lib/python3.7/site-packages/airflow/example_dags/example_nested_branch_dag.py took 0.141 seconds
[2024-06-11T18:53:34.415+0000] {processor.py:154} INFO - Started process (PID=532) to work on /home/airflow/.local/lib/python3.7/site-packages/airflow/example_dags/example_nested_branch_dag.py
[2024-06-11T18:53:34.416+0000] {processor.py:756} INFO - Processing file /home/airflow/.local/lib/python3.7/site-packages/airflow/example_dags/example_nested_branch_dag.py for tasks to queue
[2024-06-11T18:53:34.416+0000] {logging_mixin.py:120} INFO - [2024-06-11T18:53:34.416+0000] {dagbag.py:537} INFO - Filling up the DagBag from /home/airflow/.local/lib/python3.7/site-packages/airflow/example_dags/example_nested_branch_dag.py
[2024-06-11T18:53:34.435+0000] {processor.py:766} INFO - DAG(s) dict_keys(['example_nested_branch_dag']) retrieved from /home/airflow/.local/lib/python3.7/site-packages/airflow/example_dags/example_nested_branch_dag.py
[2024-06-11T18:53:34.469+0000] {logging_mixin.py:120} INFO - [2024-06-11T18:53:34.469+0000] {dag.py:2585} INFO - Sync 1 DAGs
[2024-06-11T18:53:34.491+0000] {logging_mixin.py:120} INFO - [2024-06-11T18:53:34.491+0000] {dag.py:3340} INFO - Setting next_dagrun for example_nested_branch_dag to 2024-06-10T00:00:00+00:00, run_after=2024-06-11T00:00:00+00:00
[2024-06-11T18:53:34.505+0000] {processor.py:176} INFO - Processing /home/airflow/.local/lib/python3.7/site-packages/airflow/example_dags/example_nested_branch_dag.py took 0.094 seconds
[2024-06-11T18:54:04.655+0000] {processor.py:154} INFO - Started process (PID=595) to work on /home/airflow/.local/lib/python3.7/site-packages/airflow/example_dags/example_nested_branch_dag.py
[2024-06-11T18:54:04.656+0000] {processor.py:756} INFO - Processing file /home/airflow/.local/lib/python3.7/site-packages/airflow/example_dags/example_nested_branch_dag.py for tasks to queue
[2024-06-11T18:54:04.657+0000] {logging_mixin.py:120} INFO - [2024-06-11T18:54:04.657+0000] {dagbag.py:537} INFO - Filling up the DagBag from /home/airflow/.local/lib/python3.7/site-packages/airflow/example_dags/example_nested_branch_dag.py
[2024-06-11T18:54:04.677+0000] {processor.py:766} INFO - DAG(s) dict_keys(['example_nested_branch_dag']) retrieved from /home/airflow/.local/lib/python3.7/site-packages/airflow/example_dags/example_nested_branch_dag.py
[2024-06-11T18:54:04.710+0000] {logging_mixin.py:120} INFO - [2024-06-11T18:54:04.710+0000] {dag.py:2585} INFO - Sync 1 DAGs
[2024-06-11T18:54:04.732+0000] {logging_mixin.py:120} INFO - [2024-06-11T18:54:04.731+0000] {dag.py:3340} INFO - Setting next_dagrun for example_nested_branch_dag to 2024-06-10T00:00:00+00:00, run_after=2024-06-11T00:00:00+00:00
[2024-06-11T18:54:04.746+0000] {processor.py:176} INFO - Processing /home/airflow/.local/lib/python3.7/site-packages/airflow/example_dags/example_nested_branch_dag.py took 0.093 seconds
[2024-06-11T18:54:34.968+0000] {processor.py:154} INFO - Started process (PID=658) to work on /home/airflow/.local/lib/python3.7/site-packages/airflow/example_dags/example_nested_branch_dag.py
[2024-06-11T18:54:34.969+0000] {processor.py:756} INFO - Processing file /home/airflow/.local/lib/python3.7/site-packages/airflow/example_dags/example_nested_branch_dag.py for tasks to queue
[2024-06-11T18:54:34.970+0000] {logging_mixin.py:120} INFO - [2024-06-11T18:54:34.970+0000] {dagbag.py:537} INFO - Filling up the DagBag from /home/airflow/.local/lib/python3.7/site-packages/airflow/example_dags/example_nested_branch_dag.py
[2024-06-11T18:54:34.990+0000] {processor.py:766} INFO - DAG(s) dict_keys(['example_nested_branch_dag']) retrieved from /home/airflow/.local/lib/python3.7/site-packages/airflow/example_dags/example_nested_branch_dag.py
[2024-06-11T18:54:35.023+0000] {logging_mixin.py:120} INFO - [2024-06-11T18:54:35.023+0000] {dag.py:2585} INFO - Sync 1 DAGs
[2024-06-11T18:54:35.044+0000] {logging_mixin.py:120} INFO - [2024-06-11T18:54:35.044+0000] {dag.py:3340} INFO - Setting next_dagrun for example_nested_branch_dag to 2024-06-10T00:00:00+00:00, run_after=2024-06-11T00:00:00+00:00
[2024-06-11T18:54:35.059+0000] {processor.py:176} INFO - Processing /home/airflow/.local/lib/python3.7/site-packages/airflow/example_dags/example_nested_branch_dag.py took 0.093 seconds
[2024-06-11T18:55:05.332+0000] {processor.py:154} INFO - Started process (PID=712) to work on /home/airflow/.local/lib/python3.7/site-packages/airflow/example_dags/example_nested_branch_dag.py
[2024-06-11T18:55:05.333+0000] {processor.py:756} INFO - Processing file /home/airflow/.local/lib/python3.7/site-packages/airflow/example_dags/example_nested_branch_dag.py for tasks to queue
[2024-06-11T18:55:05.334+0000] {logging_mixin.py:120} INFO - [2024-06-11T18:55:05.334+0000] {dagbag.py:537} INFO - Filling up the DagBag from /home/airflow/.local/lib/python3.7/site-packages/airflow/example_dags/example_nested_branch_dag.py
[2024-06-11T18:55:05.353+0000] {processor.py:766} INFO - DAG(s) dict_keys(['example_nested_branch_dag']) retrieved from /home/airflow/.local/lib/python3.7/site-packages/airflow/example_dags/example_nested_branch_dag.py
[2024-06-11T18:55:05.387+0000] {logging_mixin.py:120} INFO - [2024-06-11T18:55:05.387+0000] {dag.py:2585} INFO - Sync 1 DAGs
[2024-06-11T18:55:05.408+0000] {logging_mixin.py:120} INFO - [2024-06-11T18:55:05.408+0000] {dag.py:3340} INFO - Setting next_dagrun for example_nested_branch_dag to 2024-06-10T00:00:00+00:00, run_after=2024-06-11T00:00:00+00:00
[2024-06-11T18:55:05.423+0000] {processor.py:176} INFO - Processing /home/airflow/.local/lib/python3.7/site-packages/airflow/example_dags/example_nested_branch_dag.py took 0.094 seconds
[2024-06-11T19:13:09.169+0000] {processor.py:154} INFO - Started process (PID=775) to work on /home/airflow/.local/lib/python3.7/site-packages/airflow/example_dags/example_nested_branch_dag.py
[2024-06-11T19:13:09.170+0000] {processor.py:756} INFO - Processing file /home/airflow/.local/lib/python3.7/site-packages/airflow/example_dags/example_nested_branch_dag.py for tasks to queue
[2024-06-11T19:13:09.171+0000] {logging_mixin.py:120} INFO - [2024-06-11T19:13:09.171+0000] {dagbag.py:537} INFO - Filling up the DagBag from /home/airflow/.local/lib/python3.7/site-packages/airflow/example_dags/example_nested_branch_dag.py
[2024-06-11T19:13:09.195+0000] {processor.py:766} INFO - DAG(s) dict_keys(['example_nested_branch_dag']) retrieved from /home/airflow/.local/lib/python3.7/site-packages/airflow/example_dags/example_nested_branch_dag.py
[2024-06-11T19:13:09.235+0000] {logging_mixin.py:120} INFO - [2024-06-11T19:13:09.235+0000] {dag.py:2585} INFO - Sync 1 DAGs
[2024-06-11T19:13:09.262+0000] {logging_mixin.py:120} INFO - [2024-06-11T19:13:09.262+0000] {dag.py:3340} INFO - Setting next_dagrun for example_nested_branch_dag to 2024-06-10T00:00:00+00:00, run_after=2024-06-11T00:00:00+00:00
[2024-06-11T19:13:09.290+0000] {processor.py:176} INFO - Processing /home/airflow/.local/lib/python3.7/site-packages/airflow/example_dags/example_nested_branch_dag.py took 0.124 seconds
[2024-06-11T19:13:39.412+0000] {processor.py:154} INFO - Started process (PID=836) to work on /home/airflow/.local/lib/python3.7/site-packages/airflow/example_dags/example_nested_branch_dag.py
[2024-06-11T19:13:39.413+0000] {processor.py:756} INFO - Processing file /home/airflow/.local/lib/python3.7/site-packages/airflow/example_dags/example_nested_branch_dag.py for tasks to queue
[2024-06-11T19:13:39.414+0000] {logging_mixin.py:120} INFO - [2024-06-11T19:13:39.414+0000] {dagbag.py:537} INFO - Filling up the DagBag from /home/airflow/.local/lib/python3.7/site-packages/airflow/example_dags/example_nested_branch_dag.py
[2024-06-11T19:13:39.435+0000] {processor.py:766} INFO - DAG(s) dict_keys(['example_nested_branch_dag']) retrieved from /home/airflow/.local/lib/python3.7/site-packages/airflow/example_dags/example_nested_branch_dag.py
[2024-06-11T19:13:39.472+0000] {logging_mixin.py:120} INFO - [2024-06-11T19:13:39.472+0000] {dag.py:2585} INFO - Sync 1 DAGs
[2024-06-11T19:13:39.498+0000] {logging_mixin.py:120} INFO - [2024-06-11T19:13:39.498+0000] {dag.py:3340} INFO - Setting next_dagrun for example_nested_branch_dag to 2024-06-10T00:00:00+00:00, run_after=2024-06-11T00:00:00+00:00
[2024-06-11T19:13:39.516+0000] {processor.py:176} INFO - Processing /home/airflow/.local/lib/python3.7/site-packages/airflow/example_dags/example_nested_branch_dag.py took 0.107 seconds
[2024-06-11T19:14:09.865+0000] {processor.py:154} INFO - Started process (PID=892) to work on /home/airflow/.local/lib/python3.7/site-packages/airflow/example_dags/example_nested_branch_dag.py
[2024-06-11T19:14:09.866+0000] {processor.py:756} INFO - Processing file /home/airflow/.local/lib/python3.7/site-packages/airflow/example_dags/example_nested_branch_dag.py for tasks to queue
[2024-06-11T19:14:09.867+0000] {logging_mixin.py:120} INFO - [2024-06-11T19:14:09.867+0000] {dagbag.py:537} INFO - Filling up the DagBag from /home/airflow/.local/lib/python3.7/site-packages/airflow/example_dags/example_nested_branch_dag.py
[2024-06-11T19:14:09.887+0000] {processor.py:766} INFO - DAG(s) dict_keys(['example_nested_branch_dag']) retrieved from /home/airflow/.local/lib/python3.7/site-packages/airflow/example_dags/example_nested_branch_dag.py
[2024-06-11T19:14:09.921+0000] {logging_mixin.py:120} INFO - [2024-06-11T19:14:09.921+0000] {dag.py:2585} INFO - Sync 1 DAGs
[2024-06-11T19:14:09.943+0000] {logging_mixin.py:120} INFO - [2024-06-11T19:14:09.943+0000] {dag.py:3340} INFO - Setting next_dagrun for example_nested_branch_dag to 2024-06-10T00:00:00+00:00, run_after=2024-06-11T00:00:00+00:00
[2024-06-11T19:14:09.958+0000] {processor.py:176} INFO - Processing /home/airflow/.local/lib/python3.7/site-packages/airflow/example_dags/example_nested_branch_dag.py took 0.096 seconds
[2024-06-11T19:14:40.155+0000] {processor.py:154} INFO - Started process (PID=955) to work on /home/airflow/.local/lib/python3.7/site-packages/airflow/example_dags/example_nested_branch_dag.py
[2024-06-11T19:14:40.156+0000] {processor.py:756} INFO - Processing file /home/airflow/.local/lib/python3.7/site-packages/airflow/example_dags/example_nested_branch_dag.py for tasks to queue
[2024-06-11T19:14:40.157+0000] {logging_mixin.py:120} INFO - [2024-06-11T19:14:40.157+0000] {dagbag.py:537} INFO - Filling up the DagBag from /home/airflow/.local/lib/python3.7/site-packages/airflow/example_dags/example_nested_branch_dag.py
[2024-06-11T19:14:40.176+0000] {processor.py:766} INFO - DAG(s) dict_keys(['example_nested_branch_dag']) retrieved from /home/airflow/.local/lib/python3.7/site-packages/airflow/example_dags/example_nested_branch_dag.py
[2024-06-11T19:14:40.210+0000] {logging_mixin.py:120} INFO - [2024-06-11T19:14:40.209+0000] {dag.py:2585} INFO - Sync 1 DAGs
[2024-06-11T19:14:40.231+0000] {logging_mixin.py:120} INFO - [2024-06-11T19:14:40.230+0000] {dag.py:3340} INFO - Setting next_dagrun for example_nested_branch_dag to 2024-06-10T00:00:00+00:00, run_after=2024-06-11T00:00:00+00:00
[2024-06-11T19:14:40.245+0000] {processor.py:176} INFO - Processing /home/airflow/.local/lib/python3.7/site-packages/airflow/example_dags/example_nested_branch_dag.py took 0.093 seconds
[2024-06-11T19:31:47.927+0000] {processor.py:154} INFO - Started process (PID=1018) to work on /home/airflow/.local/lib/python3.7/site-packages/airflow/example_dags/example_nested_branch_dag.py
[2024-06-11T19:31:47.929+0000] {processor.py:756} INFO - Processing file /home/airflow/.local/lib/python3.7/site-packages/airflow/example_dags/example_nested_branch_dag.py for tasks to queue
[2024-06-11T19:31:47.930+0000] {logging_mixin.py:120} INFO - [2024-06-11T19:31:47.930+0000] {dagbag.py:537} INFO - Filling up the DagBag from /home/airflow/.local/lib/python3.7/site-packages/airflow/example_dags/example_nested_branch_dag.py
[2024-06-11T19:31:47.998+0000] {processor.py:766} INFO - DAG(s) dict_keys(['example_nested_branch_dag']) retrieved from /home/airflow/.local/lib/python3.7/site-packages/airflow/example_dags/example_nested_branch_dag.py
[2024-06-11T19:31:48.097+0000] {logging_mixin.py:120} INFO - [2024-06-11T19:31:48.097+0000] {dag.py:2585} INFO - Sync 1 DAGs
[2024-06-11T19:31:48.145+0000] {logging_mixin.py:120} INFO - [2024-06-11T19:31:48.144+0000] {dag.py:3340} INFO - Setting next_dagrun for example_nested_branch_dag to 2024-06-10T00:00:00+00:00, run_after=2024-06-11T00:00:00+00:00
[2024-06-11T19:31:48.196+0000] {processor.py:176} INFO - Processing /home/airflow/.local/lib/python3.7/site-packages/airflow/example_dags/example_nested_branch_dag.py took 0.276 seconds
[2024-06-11T19:32:18.507+0000] {processor.py:154} INFO - Started process (PID=1072) to work on /home/airflow/.local/lib/python3.7/site-packages/airflow/example_dags/example_nested_branch_dag.py
[2024-06-11T19:32:18.508+0000] {processor.py:756} INFO - Processing file /home/airflow/.local/lib/python3.7/site-packages/airflow/example_dags/example_nested_branch_dag.py for tasks to queue
[2024-06-11T19:32:18.508+0000] {logging_mixin.py:120} INFO - [2024-06-11T19:32:18.508+0000] {dagbag.py:537} INFO - Filling up the DagBag from /home/airflow/.local/lib/python3.7/site-packages/airflow/example_dags/example_nested_branch_dag.py
[2024-06-11T19:32:18.529+0000] {processor.py:766} INFO - DAG(s) dict_keys(['example_nested_branch_dag']) retrieved from /home/airflow/.local/lib/python3.7/site-packages/airflow/example_dags/example_nested_branch_dag.py
[2024-06-11T19:32:18.565+0000] {logging_mixin.py:120} INFO - [2024-06-11T19:32:18.565+0000] {dag.py:2585} INFO - Sync 1 DAGs
[2024-06-11T19:32:18.588+0000] {logging_mixin.py:120} INFO - [2024-06-11T19:32:18.588+0000] {dag.py:3340} INFO - Setting next_dagrun for example_nested_branch_dag to 2024-06-10T00:00:00+00:00, run_after=2024-06-11T00:00:00+00:00
[2024-06-11T19:32:18.603+0000] {processor.py:176} INFO - Processing /home/airflow/.local/lib/python3.7/site-packages/airflow/example_dags/example_nested_branch_dag.py took 0.100 seconds
[2024-06-11T19:32:49.675+0000] {processor.py:154} INFO - Started process (PID=1135) to work on /home/airflow/.local/lib/python3.7/site-packages/airflow/example_dags/example_nested_branch_dag.py
[2024-06-11T19:32:49.676+0000] {processor.py:756} INFO - Processing file /home/airflow/.local/lib/python3.7/site-packages/airflow/example_dags/example_nested_branch_dag.py for tasks to queue
[2024-06-11T19:32:49.677+0000] {logging_mixin.py:120} INFO - [2024-06-11T19:32:49.677+0000] {dagbag.py:537} INFO - Filling up the DagBag from /home/airflow/.local/lib/python3.7/site-packages/airflow/example_dags/example_nested_branch_dag.py
[2024-06-11T19:32:49.702+0000] {processor.py:766} INFO - DAG(s) dict_keys(['example_nested_branch_dag']) retrieved from /home/airflow/.local/lib/python3.7/site-packages/airflow/example_dags/example_nested_branch_dag.py
[2024-06-11T19:32:49.741+0000] {logging_mixin.py:120} INFO - [2024-06-11T19:32:49.741+0000] {dag.py:2585} INFO - Sync 1 DAGs
[2024-06-11T19:32:49.764+0000] {logging_mixin.py:120} INFO - [2024-06-11T19:32:49.764+0000] {dag.py:3340} INFO - Setting next_dagrun for example_nested_branch_dag to 2024-06-10T00:00:00+00:00, run_after=2024-06-11T00:00:00+00:00
[2024-06-11T19:32:49.780+0000] {processor.py:176} INFO - Processing /home/airflow/.local/lib/python3.7/site-packages/airflow/example_dags/example_nested_branch_dag.py took 0.108 seconds
[2024-06-11T19:33:20.082+0000] {processor.py:154} INFO - Started process (PID=1198) to work on /home/airflow/.local/lib/python3.7/site-packages/airflow/example_dags/example_nested_branch_dag.py
[2024-06-11T19:33:20.083+0000] {processor.py:756} INFO - Processing file /home/airflow/.local/lib/python3.7/site-packages/airflow/example_dags/example_nested_branch_dag.py for tasks to queue
[2024-06-11T19:33:20.084+0000] {logging_mixin.py:120} INFO - [2024-06-11T19:33:20.084+0000] {dagbag.py:537} INFO - Filling up the DagBag from /home/airflow/.local/lib/python3.7/site-packages/airflow/example_dags/example_nested_branch_dag.py
[2024-06-11T19:33:20.107+0000] {processor.py:766} INFO - DAG(s) dict_keys(['example_nested_branch_dag']) retrieved from /home/airflow/.local/lib/python3.7/site-packages/airflow/example_dags/example_nested_branch_dag.py
[2024-06-11T19:33:20.142+0000] {logging_mixin.py:120} INFO - [2024-06-11T19:33:20.142+0000] {dag.py:2585} INFO - Sync 1 DAGs
[2024-06-11T19:33:20.165+0000] {logging_mixin.py:120} INFO - [2024-06-11T19:33:20.165+0000] {dag.py:3340} INFO - Setting next_dagrun for example_nested_branch_dag to 2024-06-10T00:00:00+00:00, run_after=2024-06-11T00:00:00+00:00
[2024-06-11T19:33:20.180+0000] {processor.py:176} INFO - Processing /home/airflow/.local/lib/python3.7/site-packages/airflow/example_dags/example_nested_branch_dag.py took 0.101 seconds
[2024-06-11T19:49:37.915+0000] {processor.py:154} INFO - Started process (PID=1252) to work on /home/airflow/.local/lib/python3.7/site-packages/airflow/example_dags/example_nested_branch_dag.py
[2024-06-11T19:49:37.916+0000] {processor.py:756} INFO - Processing file /home/airflow/.local/lib/python3.7/site-packages/airflow/example_dags/example_nested_branch_dag.py for tasks to queue
[2024-06-11T19:49:37.916+0000] {logging_mixin.py:120} INFO - [2024-06-11T19:49:37.916+0000] {dagbag.py:537} INFO - Filling up the DagBag from /home/airflow/.local/lib/python3.7/site-packages/airflow/example_dags/example_nested_branch_dag.py
[2024-06-11T19:49:37.938+0000] {processor.py:766} INFO - DAG(s) dict_keys(['example_nested_branch_dag']) retrieved from /home/airflow/.local/lib/python3.7/site-packages/airflow/example_dags/example_nested_branch_dag.py
[2024-06-11T19:49:37.972+0000] {logging_mixin.py:120} INFO - [2024-06-11T19:49:37.972+0000] {dag.py:2585} INFO - Sync 1 DAGs
[2024-06-11T19:49:37.995+0000] {logging_mixin.py:120} INFO - [2024-06-11T19:49:37.995+0000] {dag.py:3340} INFO - Setting next_dagrun for example_nested_branch_dag to 2024-06-10T00:00:00+00:00, run_after=2024-06-11T00:00:00+00:00
[2024-06-11T19:49:38.012+0000] {processor.py:176} INFO - Processing /home/airflow/.local/lib/python3.7/site-packages/airflow/example_dags/example_nested_branch_dag.py took 0.100 seconds
[2024-06-11T19:50:08.380+0000] {processor.py:154} INFO - Started process (PID=1315) to work on /home/airflow/.local/lib/python3.7/site-packages/airflow/example_dags/example_nested_branch_dag.py
[2024-06-11T19:50:08.381+0000] {processor.py:756} INFO - Processing file /home/airflow/.local/lib/python3.7/site-packages/airflow/example_dags/example_nested_branch_dag.py for tasks to queue
[2024-06-11T19:50:08.382+0000] {logging_mixin.py:120} INFO - [2024-06-11T19:50:08.382+0000] {dagbag.py:537} INFO - Filling up the DagBag from /home/airflow/.local/lib/python3.7/site-packages/airflow/example_dags/example_nested_branch_dag.py
[2024-06-11T19:50:08.403+0000] {processor.py:766} INFO - DAG(s) dict_keys(['example_nested_branch_dag']) retrieved from /home/airflow/.local/lib/python3.7/site-packages/airflow/example_dags/example_nested_branch_dag.py
[2024-06-11T19:50:08.438+0000] {logging_mixin.py:120} INFO - [2024-06-11T19:50:08.437+0000] {dag.py:2585} INFO - Sync 1 DAGs
[2024-06-11T19:50:08.463+0000] {logging_mixin.py:120} INFO - [2024-06-11T19:50:08.463+0000] {dag.py:3340} INFO - Setting next_dagrun for example_nested_branch_dag to 2024-06-10T00:00:00+00:00, run_after=2024-06-11T00:00:00+00:00
[2024-06-11T19:50:08.480+0000] {processor.py:176} INFO - Processing /home/airflow/.local/lib/python3.7/site-packages/airflow/example_dags/example_nested_branch_dag.py took 0.102 seconds
[2024-06-11T19:50:40.090+0000] {processor.py:154} INFO - Started process (PID=1368) to work on /home/airflow/.local/lib/python3.7/site-packages/airflow/example_dags/example_nested_branch_dag.py
[2024-06-11T19:50:40.091+0000] {processor.py:756} INFO - Processing file /home/airflow/.local/lib/python3.7/site-packages/airflow/example_dags/example_nested_branch_dag.py for tasks to queue
[2024-06-11T19:50:40.092+0000] {logging_mixin.py:120} INFO - [2024-06-11T19:50:40.092+0000] {dagbag.py:537} INFO - Filling up the DagBag from /home/airflow/.local/lib/python3.7/site-packages/airflow/example_dags/example_nested_branch_dag.py
[2024-06-11T19:50:40.122+0000] {processor.py:766} INFO - DAG(s) dict_keys(['example_nested_branch_dag']) retrieved from /home/airflow/.local/lib/python3.7/site-packages/airflow/example_dags/example_nested_branch_dag.py
[2024-06-11T19:50:40.172+0000] {logging_mixin.py:120} INFO - [2024-06-11T19:50:40.172+0000] {dag.py:2585} INFO - Sync 1 DAGs
[2024-06-11T19:50:40.205+0000] {logging_mixin.py:120} INFO - [2024-06-11T19:50:40.205+0000] {dag.py:3340} INFO - Setting next_dagrun for example_nested_branch_dag to 2024-06-10T00:00:00+00:00, run_after=2024-06-11T00:00:00+00:00
[2024-06-11T19:50:40.228+0000] {processor.py:176} INFO - Processing /home/airflow/.local/lib/python3.7/site-packages/airflow/example_dags/example_nested_branch_dag.py took 0.142 seconds
[2024-06-11T19:51:10.341+0000] {processor.py:154} INFO - Started process (PID=1431) to work on /home/airflow/.local/lib/python3.7/site-packages/airflow/example_dags/example_nested_branch_dag.py
[2024-06-11T19:51:10.342+0000] {processor.py:756} INFO - Processing file /home/airflow/.local/lib/python3.7/site-packages/airflow/example_dags/example_nested_branch_dag.py for tasks to queue
[2024-06-11T19:51:10.343+0000] {logging_mixin.py:120} INFO - [2024-06-11T19:51:10.343+0000] {dagbag.py:537} INFO - Filling up the DagBag from /home/airflow/.local/lib/python3.7/site-packages/airflow/example_dags/example_nested_branch_dag.py
[2024-06-11T19:51:10.363+0000] {processor.py:766} INFO - DAG(s) dict_keys(['example_nested_branch_dag']) retrieved from /home/airflow/.local/lib/python3.7/site-packages/airflow/example_dags/example_nested_branch_dag.py
[2024-06-11T19:51:10.396+0000] {logging_mixin.py:120} INFO - [2024-06-11T19:51:10.396+0000] {dag.py:2585} INFO - Sync 1 DAGs
[2024-06-11T19:51:10.417+0000] {logging_mixin.py:120} INFO - [2024-06-11T19:51:10.417+0000] {dag.py:3340} INFO - Setting next_dagrun for example_nested_branch_dag to 2024-06-10T00:00:00+00:00, run_after=2024-06-11T00:00:00+00:00
[2024-06-11T19:51:10.432+0000] {processor.py:176} INFO - Processing /home/airflow/.local/lib/python3.7/site-packages/airflow/example_dags/example_nested_branch_dag.py took 0.094 seconds
[2024-06-11T19:51:40.914+0000] {processor.py:154} INFO - Started process (PID=1493) to work on /home/airflow/.local/lib/python3.7/site-packages/airflow/example_dags/example_nested_branch_dag.py
[2024-06-11T19:51:40.915+0000] {processor.py:756} INFO - Processing file /home/airflow/.local/lib/python3.7/site-packages/airflow/example_dags/example_nested_branch_dag.py for tasks to queue
[2024-06-11T19:51:40.915+0000] {logging_mixin.py:120} INFO - [2024-06-11T19:51:40.915+0000] {dagbag.py:537} INFO - Filling up the DagBag from /home/airflow/.local/lib/python3.7/site-packages/airflow/example_dags/example_nested_branch_dag.py
[2024-06-11T19:51:40.936+0000] {processor.py:766} INFO - DAG(s) dict_keys(['example_nested_branch_dag']) retrieved from /home/airflow/.local/lib/python3.7/site-packages/airflow/example_dags/example_nested_branch_dag.py
[2024-06-11T19:51:40.969+0000] {logging_mixin.py:120} INFO - [2024-06-11T19:51:40.969+0000] {dag.py:2585} INFO - Sync 1 DAGs
[2024-06-11T19:51:40.993+0000] {logging_mixin.py:120} INFO - [2024-06-11T19:51:40.992+0000] {dag.py:3340} INFO - Setting next_dagrun for example_nested_branch_dag to 2024-06-10T00:00:00+00:00, run_after=2024-06-11T00:00:00+00:00
[2024-06-11T19:51:41.008+0000] {processor.py:176} INFO - Processing /home/airflow/.local/lib/python3.7/site-packages/airflow/example_dags/example_nested_branch_dag.py took 0.097 seconds
[2024-06-11T19:56:18.981+0000] {processor.py:154} INFO - Started process (PID=1547) to work on /home/airflow/.local/lib/python3.7/site-packages/airflow/example_dags/example_nested_branch_dag.py
[2024-06-11T19:56:18.982+0000] {processor.py:756} INFO - Processing file /home/airflow/.local/lib/python3.7/site-packages/airflow/example_dags/example_nested_branch_dag.py for tasks to queue
[2024-06-11T19:56:18.983+0000] {logging_mixin.py:120} INFO - [2024-06-11T19:56:18.983+0000] {dagbag.py:537} INFO - Filling up the DagBag from /home/airflow/.local/lib/python3.7/site-packages/airflow/example_dags/example_nested_branch_dag.py
[2024-06-11T19:56:19.003+0000] {processor.py:766} INFO - DAG(s) dict_keys(['example_nested_branch_dag']) retrieved from /home/airflow/.local/lib/python3.7/site-packages/airflow/example_dags/example_nested_branch_dag.py
[2024-06-11T19:56:19.036+0000] {logging_mixin.py:120} INFO - [2024-06-11T19:56:19.036+0000] {dag.py:2585} INFO - Sync 1 DAGs
[2024-06-11T19:56:19.059+0000] {logging_mixin.py:120} INFO - [2024-06-11T19:56:19.059+0000] {dag.py:3340} INFO - Setting next_dagrun for example_nested_branch_dag to 2024-06-10T00:00:00+00:00, run_after=2024-06-11T00:00:00+00:00
[2024-06-11T19:56:19.076+0000] {processor.py:176} INFO - Processing /home/airflow/.local/lib/python3.7/site-packages/airflow/example_dags/example_nested_branch_dag.py took 0.098 seconds
[2024-06-11T19:56:49.326+0000] {processor.py:154} INFO - Started process (PID=1610) to work on /home/airflow/.local/lib/python3.7/site-packages/airflow/example_dags/example_nested_branch_dag.py
[2024-06-11T19:56:49.327+0000] {processor.py:756} INFO - Processing file /home/airflow/.local/lib/python3.7/site-packages/airflow/example_dags/example_nested_branch_dag.py for tasks to queue
[2024-06-11T19:56:49.327+0000] {logging_mixin.py:120} INFO - [2024-06-11T19:56:49.327+0000] {dagbag.py:537} INFO - Filling up the DagBag from /home/airflow/.local/lib/python3.7/site-packages/airflow/example_dags/example_nested_branch_dag.py
[2024-06-11T19:56:49.347+0000] {processor.py:766} INFO - DAG(s) dict_keys(['example_nested_branch_dag']) retrieved from /home/airflow/.local/lib/python3.7/site-packages/airflow/example_dags/example_nested_branch_dag.py
[2024-06-11T19:56:49.381+0000] {logging_mixin.py:120} INFO - [2024-06-11T19:56:49.381+0000] {dag.py:2585} INFO - Sync 1 DAGs
[2024-06-11T19:56:49.403+0000] {logging_mixin.py:120} INFO - [2024-06-11T19:56:49.402+0000] {dag.py:3340} INFO - Setting next_dagrun for example_nested_branch_dag to 2024-06-10T00:00:00+00:00, run_after=2024-06-11T00:00:00+00:00
[2024-06-11T19:56:49.417+0000] {processor.py:176} INFO - Processing /home/airflow/.local/lib/python3.7/site-packages/airflow/example_dags/example_nested_branch_dag.py took 0.095 seconds
[2024-06-11T19:57:19.540+0000] {processor.py:154} INFO - Started process (PID=1673) to work on /home/airflow/.local/lib/python3.7/site-packages/airflow/example_dags/example_nested_branch_dag.py
[2024-06-11T19:57:19.541+0000] {processor.py:756} INFO - Processing file /home/airflow/.local/lib/python3.7/site-packages/airflow/example_dags/example_nested_branch_dag.py for tasks to queue
[2024-06-11T19:57:19.542+0000] {logging_mixin.py:120} INFO - [2024-06-11T19:57:19.542+0000] {dagbag.py:537} INFO - Filling up the DagBag from /home/airflow/.local/lib/python3.7/site-packages/airflow/example_dags/example_nested_branch_dag.py
[2024-06-11T19:57:19.562+0000] {processor.py:766} INFO - DAG(s) dict_keys(['example_nested_branch_dag']) retrieved from /home/airflow/.local/lib/python3.7/site-packages/airflow/example_dags/example_nested_branch_dag.py
[2024-06-11T19:57:19.595+0000] {logging_mixin.py:120} INFO - [2024-06-11T19:57:19.595+0000] {dag.py:2585} INFO - Sync 1 DAGs
[2024-06-11T19:57:19.618+0000] {logging_mixin.py:120} INFO - [2024-06-11T19:57:19.618+0000] {dag.py:3340} INFO - Setting next_dagrun for example_nested_branch_dag to 2024-06-10T00:00:00+00:00, run_after=2024-06-11T00:00:00+00:00
[2024-06-11T19:57:19.634+0000] {processor.py:176} INFO - Processing /home/airflow/.local/lib/python3.7/site-packages/airflow/example_dags/example_nested_branch_dag.py took 0.097 seconds
[2024-06-11T19:57:49.816+0000] {processor.py:154} INFO - Started process (PID=1735) to work on /home/airflow/.local/lib/python3.7/site-packages/airflow/example_dags/example_nested_branch_dag.py
[2024-06-11T19:57:49.817+0000] {processor.py:756} INFO - Processing file /home/airflow/.local/lib/python3.7/site-packages/airflow/example_dags/example_nested_branch_dag.py for tasks to queue
[2024-06-11T19:57:49.817+0000] {logging_mixin.py:120} INFO - [2024-06-11T19:57:49.817+0000] {dagbag.py:537} INFO - Filling up the DagBag from /home/airflow/.local/lib/python3.7/site-packages/airflow/example_dags/example_nested_branch_dag.py
[2024-06-11T19:57:49.838+0000] {processor.py:766} INFO - DAG(s) dict_keys(['example_nested_branch_dag']) retrieved from /home/airflow/.local/lib/python3.7/site-packages/airflow/example_dags/example_nested_branch_dag.py
[2024-06-11T19:57:49.872+0000] {logging_mixin.py:120} INFO - [2024-06-11T19:57:49.872+0000] {dag.py:2585} INFO - Sync 1 DAGs
[2024-06-11T19:57:49.896+0000] {logging_mixin.py:120} INFO - [2024-06-11T19:57:49.896+0000] {dag.py:3340} INFO - Setting next_dagrun for example_nested_branch_dag to 2024-06-10T00:00:00+00:00, run_after=2024-06-11T00:00:00+00:00
[2024-06-11T19:57:49.917+0000] {processor.py:176} INFO - Processing /home/airflow/.local/lib/python3.7/site-packages/airflow/example_dags/example_nested_branch_dag.py took 0.105 seconds
[2024-06-11T20:15:58.127+0000] {processor.py:154} INFO - Started process (PID=1789) to work on /home/airflow/.local/lib/python3.7/site-packages/airflow/example_dags/example_nested_branch_dag.py
[2024-06-11T20:15:58.128+0000] {processor.py:756} INFO - Processing file /home/airflow/.local/lib/python3.7/site-packages/airflow/example_dags/example_nested_branch_dag.py for tasks to queue
[2024-06-11T20:15:58.129+0000] {logging_mixin.py:120} INFO - [2024-06-11T20:15:58.129+0000] {dagbag.py:537} INFO - Filling up the DagBag from /home/airflow/.local/lib/python3.7/site-packages/airflow/example_dags/example_nested_branch_dag.py
[2024-06-11T20:15:58.152+0000] {processor.py:766} INFO - DAG(s) dict_keys(['example_nested_branch_dag']) retrieved from /home/airflow/.local/lib/python3.7/site-packages/airflow/example_dags/example_nested_branch_dag.py
[2024-06-11T20:15:58.193+0000] {logging_mixin.py:120} INFO - [2024-06-11T20:15:58.193+0000] {dag.py:2585} INFO - Sync 1 DAGs
[2024-06-11T20:15:58.219+0000] {logging_mixin.py:120} INFO - [2024-06-11T20:15:58.219+0000] {dag.py:3340} INFO - Setting next_dagrun for example_nested_branch_dag to 2024-06-10T00:00:00+00:00, run_after=2024-06-11T00:00:00+00:00
[2024-06-11T20:15:58.239+0000] {processor.py:176} INFO - Processing /home/airflow/.local/lib/python3.7/site-packages/airflow/example_dags/example_nested_branch_dag.py took 0.116 seconds
[2024-06-11T20:16:29.061+0000] {processor.py:154} INFO - Started process (PID=1852) to work on /home/airflow/.local/lib/python3.7/site-packages/airflow/example_dags/example_nested_branch_dag.py
[2024-06-11T20:16:29.062+0000] {processor.py:756} INFO - Processing file /home/airflow/.local/lib/python3.7/site-packages/airflow/example_dags/example_nested_branch_dag.py for tasks to queue
[2024-06-11T20:16:29.062+0000] {logging_mixin.py:120} INFO - [2024-06-11T20:16:29.062+0000] {dagbag.py:537} INFO - Filling up the DagBag from /home/airflow/.local/lib/python3.7/site-packages/airflow/example_dags/example_nested_branch_dag.py
[2024-06-11T20:16:29.082+0000] {processor.py:766} INFO - DAG(s) dict_keys(['example_nested_branch_dag']) retrieved from /home/airflow/.local/lib/python3.7/site-packages/airflow/example_dags/example_nested_branch_dag.py
[2024-06-11T20:16:29.117+0000] {logging_mixin.py:120} INFO - [2024-06-11T20:16:29.117+0000] {dag.py:2585} INFO - Sync 1 DAGs
[2024-06-11T20:16:29.139+0000] {logging_mixin.py:120} INFO - [2024-06-11T20:16:29.139+0000] {dag.py:3340} INFO - Setting next_dagrun for example_nested_branch_dag to 2024-06-10T00:00:00+00:00, run_after=2024-06-11T00:00:00+00:00
[2024-06-11T20:16:29.154+0000] {processor.py:176} INFO - Processing /home/airflow/.local/lib/python3.7/site-packages/airflow/example_dags/example_nested_branch_dag.py took 0.096 seconds
[2024-06-11T20:16:59.426+0000] {processor.py:154} INFO - Started process (PID=1915) to work on /home/airflow/.local/lib/python3.7/site-packages/airflow/example_dags/example_nested_branch_dag.py
[2024-06-11T20:16:59.427+0000] {processor.py:756} INFO - Processing file /home/airflow/.local/lib/python3.7/site-packages/airflow/example_dags/example_nested_branch_dag.py for tasks to queue
[2024-06-11T20:16:59.428+0000] {logging_mixin.py:120} INFO - [2024-06-11T20:16:59.428+0000] {dagbag.py:537} INFO - Filling up the DagBag from /home/airflow/.local/lib/python3.7/site-packages/airflow/example_dags/example_nested_branch_dag.py
[2024-06-11T20:16:59.451+0000] {processor.py:766} INFO - DAG(s) dict_keys(['example_nested_branch_dag']) retrieved from /home/airflow/.local/lib/python3.7/site-packages/airflow/example_dags/example_nested_branch_dag.py
[2024-06-11T20:16:59.485+0000] {logging_mixin.py:120} INFO - [2024-06-11T20:16:59.485+0000] {dag.py:2585} INFO - Sync 1 DAGs
[2024-06-11T20:16:59.507+0000] {logging_mixin.py:120} INFO - [2024-06-11T20:16:59.507+0000] {dag.py:3340} INFO - Setting next_dagrun for example_nested_branch_dag to 2024-06-10T00:00:00+00:00, run_after=2024-06-11T00:00:00+00:00
[2024-06-11T20:16:59.523+0000] {processor.py:176} INFO - Processing /home/airflow/.local/lib/python3.7/site-packages/airflow/example_dags/example_nested_branch_dag.py took 0.100 seconds
[2024-06-11T20:17:29.691+0000] {processor.py:154} INFO - Started process (PID=1978) to work on /home/airflow/.local/lib/python3.7/site-packages/airflow/example_dags/example_nested_branch_dag.py
[2024-06-11T20:17:29.692+0000] {processor.py:756} INFO - Processing file /home/airflow/.local/lib/python3.7/site-packages/airflow/example_dags/example_nested_branch_dag.py for tasks to queue
[2024-06-11T20:17:29.693+0000] {logging_mixin.py:120} INFO - [2024-06-11T20:17:29.693+0000] {dagbag.py:537} INFO - Filling up the DagBag from /home/airflow/.local/lib/python3.7/site-packages/airflow/example_dags/example_nested_branch_dag.py
[2024-06-11T20:17:29.714+0000] {processor.py:766} INFO - DAG(s) dict_keys(['example_nested_branch_dag']) retrieved from /home/airflow/.local/lib/python3.7/site-packages/airflow/example_dags/example_nested_branch_dag.py
[2024-06-11T20:17:29.747+0000] {logging_mixin.py:120} INFO - [2024-06-11T20:17:29.747+0000] {dag.py:2585} INFO - Sync 1 DAGs
[2024-06-11T20:17:29.770+0000] {logging_mixin.py:120} INFO - [2024-06-11T20:17:29.770+0000] {dag.py:3340} INFO - Setting next_dagrun for example_nested_branch_dag to 2024-06-10T00:00:00+00:00, run_after=2024-06-11T00:00:00+00:00
[2024-06-11T20:17:29.785+0000] {processor.py:176} INFO - Processing /home/airflow/.local/lib/python3.7/site-packages/airflow/example_dags/example_nested_branch_dag.py took 0.097 seconds
[2024-06-11T20:17:59.908+0000] {processor.py:154} INFO - Started process (PID=2032) to work on /home/airflow/.local/lib/python3.7/site-packages/airflow/example_dags/example_nested_branch_dag.py
[2024-06-11T20:17:59.909+0000] {processor.py:756} INFO - Processing file /home/airflow/.local/lib/python3.7/site-packages/airflow/example_dags/example_nested_branch_dag.py for tasks to queue
[2024-06-11T20:17:59.909+0000] {logging_mixin.py:120} INFO - [2024-06-11T20:17:59.909+0000] {dagbag.py:537} INFO - Filling up the DagBag from /home/airflow/.local/lib/python3.7/site-packages/airflow/example_dags/example_nested_branch_dag.py
[2024-06-11T20:17:59.929+0000] {processor.py:766} INFO - DAG(s) dict_keys(['example_nested_branch_dag']) retrieved from /home/airflow/.local/lib/python3.7/site-packages/airflow/example_dags/example_nested_branch_dag.py
[2024-06-11T20:17:59.964+0000] {logging_mixin.py:120} INFO - [2024-06-11T20:17:59.964+0000] {dag.py:2585} INFO - Sync 1 DAGs
[2024-06-11T20:17:59.986+0000] {logging_mixin.py:120} INFO - [2024-06-11T20:17:59.985+0000] {dag.py:3340} INFO - Setting next_dagrun for example_nested_branch_dag to 2024-06-10T00:00:00+00:00, run_after=2024-06-11T00:00:00+00:00
[2024-06-11T20:18:00.003+0000] {processor.py:176} INFO - Processing /home/airflow/.local/lib/python3.7/site-packages/airflow/example_dags/example_nested_branch_dag.py took 0.099 seconds
[2024-06-11T20:36:22.906+0000] {processor.py:154} INFO - Started process (PID=2095) to work on /home/airflow/.local/lib/python3.7/site-packages/airflow/example_dags/example_nested_branch_dag.py
[2024-06-11T20:36:22.907+0000] {processor.py:756} INFO - Processing file /home/airflow/.local/lib/python3.7/site-packages/airflow/example_dags/example_nested_branch_dag.py for tasks to queue
[2024-06-11T20:36:22.909+0000] {logging_mixin.py:120} INFO - [2024-06-11T20:36:22.909+0000] {dagbag.py:537} INFO - Filling up the DagBag from /home/airflow/.local/lib/python3.7/site-packages/airflow/example_dags/example_nested_branch_dag.py
[2024-06-11T20:36:22.933+0000] {processor.py:766} INFO - DAG(s) dict_keys(['example_nested_branch_dag']) retrieved from /home/airflow/.local/lib/python3.7/site-packages/airflow/example_dags/example_nested_branch_dag.py
[2024-06-11T20:36:22.976+0000] {logging_mixin.py:120} INFO - [2024-06-11T20:36:22.975+0000] {dag.py:2585} INFO - Sync 1 DAGs
[2024-06-11T20:36:23.002+0000] {logging_mixin.py:120} INFO - [2024-06-11T20:36:23.002+0000] {dag.py:3340} INFO - Setting next_dagrun for example_nested_branch_dag to 2024-06-10T00:00:00+00:00, run_after=2024-06-11T00:00:00+00:00
[2024-06-11T20:36:23.023+0000] {processor.py:176} INFO - Processing /home/airflow/.local/lib/python3.7/site-packages/airflow/example_dags/example_nested_branch_dag.py took 0.122 seconds
[2024-06-11T20:36:53.261+0000] {processor.py:154} INFO - Started process (PID=2158) to work on /home/airflow/.local/lib/python3.7/site-packages/airflow/example_dags/example_nested_branch_dag.py
[2024-06-11T20:36:53.262+0000] {processor.py:756} INFO - Processing file /home/airflow/.local/lib/python3.7/site-packages/airflow/example_dags/example_nested_branch_dag.py for tasks to queue
[2024-06-11T20:36:53.263+0000] {logging_mixin.py:120} INFO - [2024-06-11T20:36:53.262+0000] {dagbag.py:537} INFO - Filling up the DagBag from /home/airflow/.local/lib/python3.7/site-packages/airflow/example_dags/example_nested_branch_dag.py
[2024-06-11T20:36:53.284+0000] {processor.py:766} INFO - DAG(s) dict_keys(['example_nested_branch_dag']) retrieved from /home/airflow/.local/lib/python3.7/site-packages/airflow/example_dags/example_nested_branch_dag.py
[2024-06-11T20:36:53.319+0000] {logging_mixin.py:120} INFO - [2024-06-11T20:36:53.319+0000] {dag.py:2585} INFO - Sync 1 DAGs
[2024-06-11T20:36:53.342+0000] {logging_mixin.py:120} INFO - [2024-06-11T20:36:53.342+0000] {dag.py:3340} INFO - Setting next_dagrun for example_nested_branch_dag to 2024-06-10T00:00:00+00:00, run_after=2024-06-11T00:00:00+00:00
[2024-06-11T20:36:53.360+0000] {processor.py:176} INFO - Processing /home/airflow/.local/lib/python3.7/site-packages/airflow/example_dags/example_nested_branch_dag.py took 0.103 seconds
[2024-06-11T20:37:23.703+0000] {processor.py:154} INFO - Started process (PID=2212) to work on /home/airflow/.local/lib/python3.7/site-packages/airflow/example_dags/example_nested_branch_dag.py
[2024-06-11T20:37:23.704+0000] {processor.py:756} INFO - Processing file /home/airflow/.local/lib/python3.7/site-packages/airflow/example_dags/example_nested_branch_dag.py for tasks to queue
[2024-06-11T20:37:23.704+0000] {logging_mixin.py:120} INFO - [2024-06-11T20:37:23.704+0000] {dagbag.py:537} INFO - Filling up the DagBag from /home/airflow/.local/lib/python3.7/site-packages/airflow/example_dags/example_nested_branch_dag.py
[2024-06-11T20:37:23.724+0000] {processor.py:766} INFO - DAG(s) dict_keys(['example_nested_branch_dag']) retrieved from /home/airflow/.local/lib/python3.7/site-packages/airflow/example_dags/example_nested_branch_dag.py
[2024-06-11T20:37:23.757+0000] {logging_mixin.py:120} INFO - [2024-06-11T20:37:23.757+0000] {dag.py:2585} INFO - Sync 1 DAGs
[2024-06-11T20:37:23.780+0000] {logging_mixin.py:120} INFO - [2024-06-11T20:37:23.780+0000] {dag.py:3340} INFO - Setting next_dagrun for example_nested_branch_dag to 2024-06-10T00:00:00+00:00, run_after=2024-06-11T00:00:00+00:00
[2024-06-11T20:37:23.796+0000] {processor.py:176} INFO - Processing /home/airflow/.local/lib/python3.7/site-packages/airflow/example_dags/example_nested_branch_dag.py took 0.097 seconds
[2024-06-11T20:37:54.035+0000] {processor.py:154} INFO - Started process (PID=2275) to work on /home/airflow/.local/lib/python3.7/site-packages/airflow/example_dags/example_nested_branch_dag.py
[2024-06-11T20:37:54.036+0000] {processor.py:756} INFO - Processing file /home/airflow/.local/lib/python3.7/site-packages/airflow/example_dags/example_nested_branch_dag.py for tasks to queue
[2024-06-11T20:37:54.037+0000] {logging_mixin.py:120} INFO - [2024-06-11T20:37:54.037+0000] {dagbag.py:537} INFO - Filling up the DagBag from /home/airflow/.local/lib/python3.7/site-packages/airflow/example_dags/example_nested_branch_dag.py
[2024-06-11T20:37:54.057+0000] {processor.py:766} INFO - DAG(s) dict_keys(['example_nested_branch_dag']) retrieved from /home/airflow/.local/lib/python3.7/site-packages/airflow/example_dags/example_nested_branch_dag.py
[2024-06-11T20:37:54.091+0000] {logging_mixin.py:120} INFO - [2024-06-11T20:37:54.090+0000] {dag.py:2585} INFO - Sync 1 DAGs
[2024-06-11T20:37:54.112+0000] {logging_mixin.py:120} INFO - [2024-06-11T20:37:54.112+0000] {dag.py:3340} INFO - Setting next_dagrun for example_nested_branch_dag to 2024-06-10T00:00:00+00:00, run_after=2024-06-11T00:00:00+00:00
[2024-06-11T20:37:54.129+0000] {processor.py:176} INFO - Processing /home/airflow/.local/lib/python3.7/site-packages/airflow/example_dags/example_nested_branch_dag.py took 0.098 seconds
[2024-06-11T20:38:24.435+0000] {processor.py:154} INFO - Started process (PID=2338) to work on /home/airflow/.local/lib/python3.7/site-packages/airflow/example_dags/example_nested_branch_dag.py
[2024-06-11T20:38:24.436+0000] {processor.py:756} INFO - Processing file /home/airflow/.local/lib/python3.7/site-packages/airflow/example_dags/example_nested_branch_dag.py for tasks to queue
[2024-06-11T20:38:24.437+0000] {logging_mixin.py:120} INFO - [2024-06-11T20:38:24.437+0000] {dagbag.py:537} INFO - Filling up the DagBag from /home/airflow/.local/lib/python3.7/site-packages/airflow/example_dags/example_nested_branch_dag.py
[2024-06-11T20:38:24.457+0000] {processor.py:766} INFO - DAG(s) dict_keys(['example_nested_branch_dag']) retrieved from /home/airflow/.local/lib/python3.7/site-packages/airflow/example_dags/example_nested_branch_dag.py
[2024-06-11T20:38:24.492+0000] {logging_mixin.py:120} INFO - [2024-06-11T20:38:24.492+0000] {dag.py:2585} INFO - Sync 1 DAGs
[2024-06-11T20:38:24.514+0000] {logging_mixin.py:120} INFO - [2024-06-11T20:38:24.514+0000] {dag.py:3340} INFO - Setting next_dagrun for example_nested_branch_dag to 2024-06-10T00:00:00+00:00, run_after=2024-06-11T00:00:00+00:00
[2024-06-11T20:38:24.531+0000] {processor.py:176} INFO - Processing /home/airflow/.local/lib/python3.7/site-packages/airflow/example_dags/example_nested_branch_dag.py took 0.099 seconds
[2024-06-11T20:53:49.033+0000] {processor.py:154} INFO - Started process (PID=2391) to work on /home/airflow/.local/lib/python3.7/site-packages/airflow/example_dags/example_nested_branch_dag.py
[2024-06-11T20:53:49.034+0000] {processor.py:756} INFO - Processing file /home/airflow/.local/lib/python3.7/site-packages/airflow/example_dags/example_nested_branch_dag.py for tasks to queue
[2024-06-11T20:53:49.036+0000] {logging_mixin.py:120} INFO - [2024-06-11T20:53:49.036+0000] {dagbag.py:537} INFO - Filling up the DagBag from /home/airflow/.local/lib/python3.7/site-packages/airflow/example_dags/example_nested_branch_dag.py
[2024-06-11T20:53:49.069+0000] {processor.py:766} INFO - DAG(s) dict_keys(['example_nested_branch_dag']) retrieved from /home/airflow/.local/lib/python3.7/site-packages/airflow/example_dags/example_nested_branch_dag.py
[2024-06-11T20:53:49.126+0000] {logging_mixin.py:120} INFO - [2024-06-11T20:53:49.126+0000] {dag.py:2585} INFO - Sync 1 DAGs
[2024-06-11T20:53:49.163+0000] {logging_mixin.py:120} INFO - [2024-06-11T20:53:49.163+0000] {dag.py:3340} INFO - Setting next_dagrun for example_nested_branch_dag to 2024-06-10T00:00:00+00:00, run_after=2024-06-11T00:00:00+00:00
[2024-06-11T20:53:49.194+0000] {processor.py:176} INFO - Processing /home/airflow/.local/lib/python3.7/site-packages/airflow/example_dags/example_nested_branch_dag.py took 0.165 seconds
[2024-06-11T20:54:19.482+0000] {processor.py:154} INFO - Started process (PID=2454) to work on /home/airflow/.local/lib/python3.7/site-packages/airflow/example_dags/example_nested_branch_dag.py
[2024-06-11T20:54:19.483+0000] {processor.py:756} INFO - Processing file /home/airflow/.local/lib/python3.7/site-packages/airflow/example_dags/example_nested_branch_dag.py for tasks to queue
[2024-06-11T20:54:19.484+0000] {logging_mixin.py:120} INFO - [2024-06-11T20:54:19.484+0000] {dagbag.py:537} INFO - Filling up the DagBag from /home/airflow/.local/lib/python3.7/site-packages/airflow/example_dags/example_nested_branch_dag.py
[2024-06-11T20:54:19.504+0000] {processor.py:766} INFO - DAG(s) dict_keys(['example_nested_branch_dag']) retrieved from /home/airflow/.local/lib/python3.7/site-packages/airflow/example_dags/example_nested_branch_dag.py
[2024-06-11T20:54:19.537+0000] {logging_mixin.py:120} INFO - [2024-06-11T20:54:19.537+0000] {dag.py:2585} INFO - Sync 1 DAGs
[2024-06-11T20:54:19.560+0000] {logging_mixin.py:120} INFO - [2024-06-11T20:54:19.560+0000] {dag.py:3340} INFO - Setting next_dagrun for example_nested_branch_dag to 2024-06-10T00:00:00+00:00, run_after=2024-06-11T00:00:00+00:00
[2024-06-11T20:54:19.576+0000] {processor.py:176} INFO - Processing /home/airflow/.local/lib/python3.7/site-packages/airflow/example_dags/example_nested_branch_dag.py took 0.097 seconds
[2024-06-11T20:54:49.716+0000] {processor.py:154} INFO - Started process (PID=2517) to work on /home/airflow/.local/lib/python3.7/site-packages/airflow/example_dags/example_nested_branch_dag.py
[2024-06-11T20:54:49.717+0000] {processor.py:756} INFO - Processing file /home/airflow/.local/lib/python3.7/site-packages/airflow/example_dags/example_nested_branch_dag.py for tasks to queue
[2024-06-11T20:54:49.718+0000] {logging_mixin.py:120} INFO - [2024-06-11T20:54:49.718+0000] {dagbag.py:537} INFO - Filling up the DagBag from /home/airflow/.local/lib/python3.7/site-packages/airflow/example_dags/example_nested_branch_dag.py
[2024-06-11T20:54:49.738+0000] {processor.py:766} INFO - DAG(s) dict_keys(['example_nested_branch_dag']) retrieved from /home/airflow/.local/lib/python3.7/site-packages/airflow/example_dags/example_nested_branch_dag.py
[2024-06-11T20:54:49.773+0000] {logging_mixin.py:120} INFO - [2024-06-11T20:54:49.772+0000] {dag.py:2585} INFO - Sync 1 DAGs
[2024-06-11T20:54:49.796+0000] {logging_mixin.py:120} INFO - [2024-06-11T20:54:49.796+0000] {dag.py:3340} INFO - Setting next_dagrun for example_nested_branch_dag to 2024-06-10T00:00:00+00:00, run_after=2024-06-11T00:00:00+00:00
[2024-06-11T20:54:49.816+0000] {processor.py:176} INFO - Processing /home/airflow/.local/lib/python3.7/site-packages/airflow/example_dags/example_nested_branch_dag.py took 0.103 seconds
[2024-06-11T20:55:20.000+0000] {processor.py:154} INFO - Started process (PID=2571) to work on /home/airflow/.local/lib/python3.7/site-packages/airflow/example_dags/example_nested_branch_dag.py
[2024-06-11T20:55:20.001+0000] {processor.py:756} INFO - Processing file /home/airflow/.local/lib/python3.7/site-packages/airflow/example_dags/example_nested_branch_dag.py for tasks to queue
[2024-06-11T20:55:20.002+0000] {logging_mixin.py:120} INFO - [2024-06-11T20:55:20.001+0000] {dagbag.py:537} INFO - Filling up the DagBag from /home/airflow/.local/lib/python3.7/site-packages/airflow/example_dags/example_nested_branch_dag.py
[2024-06-11T20:55:20.022+0000] {processor.py:766} INFO - DAG(s) dict_keys(['example_nested_branch_dag']) retrieved from /home/airflow/.local/lib/python3.7/site-packages/airflow/example_dags/example_nested_branch_dag.py
[2024-06-11T20:55:20.057+0000] {logging_mixin.py:120} INFO - [2024-06-11T20:55:20.057+0000] {dag.py:2585} INFO - Sync 1 DAGs
[2024-06-11T20:55:20.079+0000] {logging_mixin.py:120} INFO - [2024-06-11T20:55:20.079+0000] {dag.py:3340} INFO - Setting next_dagrun for example_nested_branch_dag to 2024-06-10T00:00:00+00:00, run_after=2024-06-11T00:00:00+00:00
[2024-06-11T20:55:20.094+0000] {processor.py:176} INFO - Processing /home/airflow/.local/lib/python3.7/site-packages/airflow/example_dags/example_nested_branch_dag.py took 0.097 seconds
[2024-06-11T20:55:50.222+0000] {processor.py:154} INFO - Started process (PID=2634) to work on /home/airflow/.local/lib/python3.7/site-packages/airflow/example_dags/example_nested_branch_dag.py
[2024-06-11T20:55:50.223+0000] {processor.py:756} INFO - Processing file /home/airflow/.local/lib/python3.7/site-packages/airflow/example_dags/example_nested_branch_dag.py for tasks to queue
[2024-06-11T20:55:50.224+0000] {logging_mixin.py:120} INFO - [2024-06-11T20:55:50.224+0000] {dagbag.py:537} INFO - Filling up the DagBag from /home/airflow/.local/lib/python3.7/site-packages/airflow/example_dags/example_nested_branch_dag.py
[2024-06-11T20:55:50.245+0000] {processor.py:766} INFO - DAG(s) dict_keys(['example_nested_branch_dag']) retrieved from /home/airflow/.local/lib/python3.7/site-packages/airflow/example_dags/example_nested_branch_dag.py
[2024-06-11T20:55:50.278+0000] {logging_mixin.py:120} INFO - [2024-06-11T20:55:50.277+0000] {dag.py:2585} INFO - Sync 1 DAGs
[2024-06-11T20:55:50.302+0000] {logging_mixin.py:120} INFO - [2024-06-11T20:55:50.301+0000] {dag.py:3340} INFO - Setting next_dagrun for example_nested_branch_dag to 2024-06-10T00:00:00+00:00, run_after=2024-06-11T00:00:00+00:00
[2024-06-11T20:55:50.317+0000] {processor.py:176} INFO - Processing /home/airflow/.local/lib/python3.7/site-packages/airflow/example_dags/example_nested_branch_dag.py took 0.098 seconds
[2024-06-11T20:57:21.585+0000] {processor.py:154} INFO - Started process (PID=2697) to work on /home/airflow/.local/lib/python3.7/site-packages/airflow/example_dags/example_nested_branch_dag.py
[2024-06-11T20:57:21.586+0000] {processor.py:756} INFO - Processing file /home/airflow/.local/lib/python3.7/site-packages/airflow/example_dags/example_nested_branch_dag.py for tasks to queue
[2024-06-11T20:57:21.587+0000] {logging_mixin.py:120} INFO - [2024-06-11T20:57:21.587+0000] {dagbag.py:537} INFO - Filling up the DagBag from /home/airflow/.local/lib/python3.7/site-packages/airflow/example_dags/example_nested_branch_dag.py
[2024-06-11T20:57:21.609+0000] {processor.py:766} INFO - DAG(s) dict_keys(['example_nested_branch_dag']) retrieved from /home/airflow/.local/lib/python3.7/site-packages/airflow/example_dags/example_nested_branch_dag.py
[2024-06-11T20:57:21.642+0000] {logging_mixin.py:120} INFO - [2024-06-11T20:57:21.642+0000] {dag.py:2585} INFO - Sync 1 DAGs
[2024-06-11T20:57:21.666+0000] {logging_mixin.py:120} INFO - [2024-06-11T20:57:21.666+0000] {dag.py:3340} INFO - Setting next_dagrun for example_nested_branch_dag to 2024-06-10T00:00:00+00:00, run_after=2024-06-11T00:00:00+00:00
[2024-06-11T20:57:21.682+0000] {processor.py:176} INFO - Processing /home/airflow/.local/lib/python3.7/site-packages/airflow/example_dags/example_nested_branch_dag.py took 0.100 seconds
[2024-06-11T20:57:51.768+0000] {processor.py:154} INFO - Started process (PID=2759) to work on /home/airflow/.local/lib/python3.7/site-packages/airflow/example_dags/example_nested_branch_dag.py
[2024-06-11T20:57:51.769+0000] {processor.py:756} INFO - Processing file /home/airflow/.local/lib/python3.7/site-packages/airflow/example_dags/example_nested_branch_dag.py for tasks to queue
[2024-06-11T20:57:51.769+0000] {logging_mixin.py:120} INFO - [2024-06-11T20:57:51.769+0000] {dagbag.py:537} INFO - Filling up the DagBag from /home/airflow/.local/lib/python3.7/site-packages/airflow/example_dags/example_nested_branch_dag.py
[2024-06-11T20:57:51.790+0000] {processor.py:766} INFO - DAG(s) dict_keys(['example_nested_branch_dag']) retrieved from /home/airflow/.local/lib/python3.7/site-packages/airflow/example_dags/example_nested_branch_dag.py
[2024-06-11T20:57:51.826+0000] {logging_mixin.py:120} INFO - [2024-06-11T20:57:51.826+0000] {dag.py:2585} INFO - Sync 1 DAGs
[2024-06-11T20:57:51.851+0000] {logging_mixin.py:120} INFO - [2024-06-11T20:57:51.851+0000] {dag.py:3340} INFO - Setting next_dagrun for example_nested_branch_dag to 2024-06-10T00:00:00+00:00, run_after=2024-06-11T00:00:00+00:00
[2024-06-11T20:57:51.870+0000] {processor.py:176} INFO - Processing /home/airflow/.local/lib/python3.7/site-packages/airflow/example_dags/example_nested_branch_dag.py took 0.105 seconds
[2024-06-11T20:58:22.036+0000] {processor.py:154} INFO - Started process (PID=2813) to work on /home/airflow/.local/lib/python3.7/site-packages/airflow/example_dags/example_nested_branch_dag.py
[2024-06-11T20:58:22.037+0000] {processor.py:756} INFO - Processing file /home/airflow/.local/lib/python3.7/site-packages/airflow/example_dags/example_nested_branch_dag.py for tasks to queue
[2024-06-11T20:58:22.038+0000] {logging_mixin.py:120} INFO - [2024-06-11T20:58:22.038+0000] {dagbag.py:537} INFO - Filling up the DagBag from /home/airflow/.local/lib/python3.7/site-packages/airflow/example_dags/example_nested_branch_dag.py
[2024-06-11T20:58:22.059+0000] {processor.py:766} INFO - DAG(s) dict_keys(['example_nested_branch_dag']) retrieved from /home/airflow/.local/lib/python3.7/site-packages/airflow/example_dags/example_nested_branch_dag.py
[2024-06-11T20:58:22.094+0000] {logging_mixin.py:120} INFO - [2024-06-11T20:58:22.093+0000] {dag.py:2585} INFO - Sync 1 DAGs
[2024-06-11T20:58:22.117+0000] {logging_mixin.py:120} INFO - [2024-06-11T20:58:22.116+0000] {dag.py:3340} INFO - Setting next_dagrun for example_nested_branch_dag to 2024-06-10T00:00:00+00:00, run_after=2024-06-11T00:00:00+00:00
[2024-06-11T20:58:22.135+0000] {processor.py:176} INFO - Processing /home/airflow/.local/lib/python3.7/site-packages/airflow/example_dags/example_nested_branch_dag.py took 0.102 seconds
[2024-06-11T20:58:52.334+0000] {processor.py:154} INFO - Started process (PID=2876) to work on /home/airflow/.local/lib/python3.7/site-packages/airflow/example_dags/example_nested_branch_dag.py
[2024-06-11T20:58:52.335+0000] {processor.py:756} INFO - Processing file /home/airflow/.local/lib/python3.7/site-packages/airflow/example_dags/example_nested_branch_dag.py for tasks to queue
[2024-06-11T20:58:52.335+0000] {logging_mixin.py:120} INFO - [2024-06-11T20:58:52.335+0000] {dagbag.py:537} INFO - Filling up the DagBag from /home/airflow/.local/lib/python3.7/site-packages/airflow/example_dags/example_nested_branch_dag.py
[2024-06-11T20:58:52.357+0000] {processor.py:766} INFO - DAG(s) dict_keys(['example_nested_branch_dag']) retrieved from /home/airflow/.local/lib/python3.7/site-packages/airflow/example_dags/example_nested_branch_dag.py
[2024-06-11T20:58:52.390+0000] {logging_mixin.py:120} INFO - [2024-06-11T20:58:52.390+0000] {dag.py:2585} INFO - Sync 1 DAGs
[2024-06-11T20:58:52.413+0000] {logging_mixin.py:120} INFO - [2024-06-11T20:58:52.413+0000] {dag.py:3340} INFO - Setting next_dagrun for example_nested_branch_dag to 2024-06-10T00:00:00+00:00, run_after=2024-06-11T00:00:00+00:00
[2024-06-11T20:58:52.428+0000] {processor.py:176} INFO - Processing /home/airflow/.local/lib/python3.7/site-packages/airflow/example_dags/example_nested_branch_dag.py took 0.098 seconds
[2024-06-11T21:14:53.076+0000] {processor.py:154} INFO - Started process (PID=2938) to work on /home/airflow/.local/lib/python3.7/site-packages/airflow/example_dags/example_nested_branch_dag.py
[2024-06-11T21:14:53.077+0000] {processor.py:756} INFO - Processing file /home/airflow/.local/lib/python3.7/site-packages/airflow/example_dags/example_nested_branch_dag.py for tasks to queue
[2024-06-11T21:14:53.078+0000] {logging_mixin.py:120} INFO - [2024-06-11T21:14:53.078+0000] {dagbag.py:537} INFO - Filling up the DagBag from /home/airflow/.local/lib/python3.7/site-packages/airflow/example_dags/example_nested_branch_dag.py
[2024-06-11T21:14:53.103+0000] {processor.py:766} INFO - DAG(s) dict_keys(['example_nested_branch_dag']) retrieved from /home/airflow/.local/lib/python3.7/site-packages/airflow/example_dags/example_nested_branch_dag.py
[2024-06-11T21:14:53.144+0000] {logging_mixin.py:120} INFO - [2024-06-11T21:14:53.144+0000] {dag.py:2585} INFO - Sync 1 DAGs
[2024-06-11T21:14:53.172+0000] {logging_mixin.py:120} INFO - [2024-06-11T21:14:53.172+0000] {dag.py:3340} INFO - Setting next_dagrun for example_nested_branch_dag to 2024-06-10T00:00:00+00:00, run_after=2024-06-11T00:00:00+00:00
[2024-06-11T21:14:53.192+0000] {processor.py:176} INFO - Processing /home/airflow/.local/lib/python3.7/site-packages/airflow/example_dags/example_nested_branch_dag.py took 0.120 seconds
[2024-06-11T21:15:24.102+0000] {processor.py:154} INFO - Started process (PID=3001) to work on /home/airflow/.local/lib/python3.7/site-packages/airflow/example_dags/example_nested_branch_dag.py
[2024-06-11T21:15:24.103+0000] {processor.py:756} INFO - Processing file /home/airflow/.local/lib/python3.7/site-packages/airflow/example_dags/example_nested_branch_dag.py for tasks to queue
[2024-06-11T21:15:24.104+0000] {logging_mixin.py:120} INFO - [2024-06-11T21:15:24.104+0000] {dagbag.py:537} INFO - Filling up the DagBag from /home/airflow/.local/lib/python3.7/site-packages/airflow/example_dags/example_nested_branch_dag.py
[2024-06-11T21:15:24.125+0000] {processor.py:766} INFO - DAG(s) dict_keys(['example_nested_branch_dag']) retrieved from /home/airflow/.local/lib/python3.7/site-packages/airflow/example_dags/example_nested_branch_dag.py
[2024-06-11T21:15:24.167+0000] {logging_mixin.py:120} INFO - [2024-06-11T21:15:24.167+0000] {dag.py:2585} INFO - Sync 1 DAGs
[2024-06-11T21:15:24.195+0000] {logging_mixin.py:120} INFO - [2024-06-11T21:15:24.194+0000] {dag.py:3340} INFO - Setting next_dagrun for example_nested_branch_dag to 2024-06-10T00:00:00+00:00, run_after=2024-06-11T00:00:00+00:00
[2024-06-11T21:15:24.212+0000] {processor.py:176} INFO - Processing /home/airflow/.local/lib/python3.7/site-packages/airflow/example_dags/example_nested_branch_dag.py took 0.113 seconds
[2024-06-11T21:15:54.331+0000] {processor.py:154} INFO - Started process (PID=3055) to work on /home/airflow/.local/lib/python3.7/site-packages/airflow/example_dags/example_nested_branch_dag.py
[2024-06-11T21:15:54.332+0000] {processor.py:756} INFO - Processing file /home/airflow/.local/lib/python3.7/site-packages/airflow/example_dags/example_nested_branch_dag.py for tasks to queue
[2024-06-11T21:15:54.333+0000] {logging_mixin.py:120} INFO - [2024-06-11T21:15:54.333+0000] {dagbag.py:537} INFO - Filling up the DagBag from /home/airflow/.local/lib/python3.7/site-packages/airflow/example_dags/example_nested_branch_dag.py
[2024-06-11T21:15:54.358+0000] {processor.py:766} INFO - DAG(s) dict_keys(['example_nested_branch_dag']) retrieved from /home/airflow/.local/lib/python3.7/site-packages/airflow/example_dags/example_nested_branch_dag.py
[2024-06-11T21:15:54.395+0000] {logging_mixin.py:120} INFO - [2024-06-11T21:15:54.395+0000] {dag.py:2585} INFO - Sync 1 DAGs
[2024-06-11T21:15:54.417+0000] {logging_mixin.py:120} INFO - [2024-06-11T21:15:54.417+0000] {dag.py:3340} INFO - Setting next_dagrun for example_nested_branch_dag to 2024-06-10T00:00:00+00:00, run_after=2024-06-11T00:00:00+00:00
[2024-06-11T21:15:54.432+0000] {processor.py:176} INFO - Processing /home/airflow/.local/lib/python3.7/site-packages/airflow/example_dags/example_nested_branch_dag.py took 0.105 seconds
[2024-06-11T21:16:24.746+0000] {processor.py:154} INFO - Started process (PID=3117) to work on /home/airflow/.local/lib/python3.7/site-packages/airflow/example_dags/example_nested_branch_dag.py
[2024-06-11T21:16:24.747+0000] {processor.py:756} INFO - Processing file /home/airflow/.local/lib/python3.7/site-packages/airflow/example_dags/example_nested_branch_dag.py for tasks to queue
[2024-06-11T21:16:24.748+0000] {logging_mixin.py:120} INFO - [2024-06-11T21:16:24.748+0000] {dagbag.py:537} INFO - Filling up the DagBag from /home/airflow/.local/lib/python3.7/site-packages/airflow/example_dags/example_nested_branch_dag.py
[2024-06-11T21:16:24.767+0000] {processor.py:766} INFO - DAG(s) dict_keys(['example_nested_branch_dag']) retrieved from /home/airflow/.local/lib/python3.7/site-packages/airflow/example_dags/example_nested_branch_dag.py
[2024-06-11T21:16:24.800+0000] {logging_mixin.py:120} INFO - [2024-06-11T21:16:24.800+0000] {dag.py:2585} INFO - Sync 1 DAGs
[2024-06-11T21:16:24.822+0000] {logging_mixin.py:120} INFO - [2024-06-11T21:16:24.822+0000] {dag.py:3340} INFO - Setting next_dagrun for example_nested_branch_dag to 2024-06-10T00:00:00+00:00, run_after=2024-06-11T00:00:00+00:00
[2024-06-11T21:16:24.837+0000] {processor.py:176} INFO - Processing /home/airflow/.local/lib/python3.7/site-packages/airflow/example_dags/example_nested_branch_dag.py took 0.093 seconds
[2024-06-11T21:16:55.172+0000] {processor.py:154} INFO - Started process (PID=3180) to work on /home/airflow/.local/lib/python3.7/site-packages/airflow/example_dags/example_nested_branch_dag.py
[2024-06-11T21:16:55.173+0000] {processor.py:756} INFO - Processing file /home/airflow/.local/lib/python3.7/site-packages/airflow/example_dags/example_nested_branch_dag.py for tasks to queue
[2024-06-11T21:16:55.174+0000] {logging_mixin.py:120} INFO - [2024-06-11T21:16:55.174+0000] {dagbag.py:537} INFO - Filling up the DagBag from /home/airflow/.local/lib/python3.7/site-packages/airflow/example_dags/example_nested_branch_dag.py
[2024-06-11T21:16:55.195+0000] {processor.py:766} INFO - DAG(s) dict_keys(['example_nested_branch_dag']) retrieved from /home/airflow/.local/lib/python3.7/site-packages/airflow/example_dags/example_nested_branch_dag.py
[2024-06-11T21:16:55.228+0000] {logging_mixin.py:120} INFO - [2024-06-11T21:16:55.228+0000] {dag.py:2585} INFO - Sync 1 DAGs
[2024-06-11T21:16:55.250+0000] {logging_mixin.py:120} INFO - [2024-06-11T21:16:55.250+0000] {dag.py:3340} INFO - Setting next_dagrun for example_nested_branch_dag to 2024-06-10T00:00:00+00:00, run_after=2024-06-11T00:00:00+00:00
[2024-06-11T21:16:55.265+0000] {processor.py:176} INFO - Processing /home/airflow/.local/lib/python3.7/site-packages/airflow/example_dags/example_nested_branch_dag.py took 0.096 seconds
[2024-06-11T21:30:34.000+0000] {processor.py:154} INFO - Started process (PID=3235) to work on /home/airflow/.local/lib/python3.7/site-packages/airflow/example_dags/example_nested_branch_dag.py
[2024-06-11T21:30:34.001+0000] {processor.py:756} INFO - Processing file /home/airflow/.local/lib/python3.7/site-packages/airflow/example_dags/example_nested_branch_dag.py for tasks to queue
[2024-06-11T21:30:34.002+0000] {logging_mixin.py:120} INFO - [2024-06-11T21:30:34.002+0000] {dagbag.py:537} INFO - Filling up the DagBag from /home/airflow/.local/lib/python3.7/site-packages/airflow/example_dags/example_nested_branch_dag.py
[2024-06-11T21:30:34.024+0000] {processor.py:766} INFO - DAG(s) dict_keys(['example_nested_branch_dag']) retrieved from /home/airflow/.local/lib/python3.7/site-packages/airflow/example_dags/example_nested_branch_dag.py
[2024-06-11T21:30:34.060+0000] {logging_mixin.py:120} INFO - [2024-06-11T21:30:34.059+0000] {dag.py:2585} INFO - Sync 1 DAGs
[2024-06-11T21:30:34.082+0000] {logging_mixin.py:120} INFO - [2024-06-11T21:30:34.082+0000] {dag.py:3340} INFO - Setting next_dagrun for example_nested_branch_dag to 2024-06-10T00:00:00+00:00, run_after=2024-06-11T00:00:00+00:00
[2024-06-11T21:30:34.098+0000] {processor.py:176} INFO - Processing /home/airflow/.local/lib/python3.7/site-packages/airflow/example_dags/example_nested_branch_dag.py took 0.100 seconds
[2024-06-11T21:31:04.551+0000] {processor.py:154} INFO - Started process (PID=3298) to work on /home/airflow/.local/lib/python3.7/site-packages/airflow/example_dags/example_nested_branch_dag.py
[2024-06-11T21:31:04.552+0000] {processor.py:756} INFO - Processing file /home/airflow/.local/lib/python3.7/site-packages/airflow/example_dags/example_nested_branch_dag.py for tasks to queue
[2024-06-11T21:31:04.553+0000] {logging_mixin.py:120} INFO - [2024-06-11T21:31:04.553+0000] {dagbag.py:537} INFO - Filling up the DagBag from /home/airflow/.local/lib/python3.7/site-packages/airflow/example_dags/example_nested_branch_dag.py
[2024-06-11T21:31:04.575+0000] {processor.py:766} INFO - DAG(s) dict_keys(['example_nested_branch_dag']) retrieved from /home/airflow/.local/lib/python3.7/site-packages/airflow/example_dags/example_nested_branch_dag.py
[2024-06-11T21:31:04.614+0000] {logging_mixin.py:120} INFO - [2024-06-11T21:31:04.614+0000] {dag.py:2585} INFO - Sync 1 DAGs
[2024-06-11T21:31:04.638+0000] {logging_mixin.py:120} INFO - [2024-06-11T21:31:04.638+0000] {dag.py:3340} INFO - Setting next_dagrun for example_nested_branch_dag to 2024-06-10T00:00:00+00:00, run_after=2024-06-11T00:00:00+00:00
[2024-06-11T21:31:04.654+0000] {processor.py:176} INFO - Processing /home/airflow/.local/lib/python3.7/site-packages/airflow/example_dags/example_nested_branch_dag.py took 0.107 seconds
[2024-06-11T21:31:35.247+0000] {processor.py:154} INFO - Started process (PID=3361) to work on /home/airflow/.local/lib/python3.7/site-packages/airflow/example_dags/example_nested_branch_dag.py
[2024-06-11T21:31:35.249+0000] {processor.py:756} INFO - Processing file /home/airflow/.local/lib/python3.7/site-packages/airflow/example_dags/example_nested_branch_dag.py for tasks to queue
[2024-06-11T21:31:35.251+0000] {logging_mixin.py:120} INFO - [2024-06-11T21:31:35.250+0000] {dagbag.py:537} INFO - Filling up the DagBag from /home/airflow/.local/lib/python3.7/site-packages/airflow/example_dags/example_nested_branch_dag.py
[2024-06-11T21:31:35.273+0000] {processor.py:766} INFO - DAG(s) dict_keys(['example_nested_branch_dag']) retrieved from /home/airflow/.local/lib/python3.7/site-packages/airflow/example_dags/example_nested_branch_dag.py
[2024-06-11T21:31:35.307+0000] {logging_mixin.py:120} INFO - [2024-06-11T21:31:35.307+0000] {dag.py:2585} INFO - Sync 1 DAGs
[2024-06-11T21:31:35.330+0000] {logging_mixin.py:120} INFO - [2024-06-11T21:31:35.330+0000] {dag.py:3340} INFO - Setting next_dagrun for example_nested_branch_dag to 2024-06-10T00:00:00+00:00, run_after=2024-06-11T00:00:00+00:00
[2024-06-11T21:31:35.345+0000] {processor.py:176} INFO - Processing /home/airflow/.local/lib/python3.7/site-packages/airflow/example_dags/example_nested_branch_dag.py took 0.101 seconds
[2024-06-11T21:32:05.737+0000] {processor.py:154} INFO - Started process (PID=3424) to work on /home/airflow/.local/lib/python3.7/site-packages/airflow/example_dags/example_nested_branch_dag.py
[2024-06-11T21:32:05.738+0000] {processor.py:756} INFO - Processing file /home/airflow/.local/lib/python3.7/site-packages/airflow/example_dags/example_nested_branch_dag.py for tasks to queue
[2024-06-11T21:32:05.738+0000] {logging_mixin.py:120} INFO - [2024-06-11T21:32:05.738+0000] {dagbag.py:537} INFO - Filling up the DagBag from /home/airflow/.local/lib/python3.7/site-packages/airflow/example_dags/example_nested_branch_dag.py
[2024-06-11T21:32:05.759+0000] {processor.py:766} INFO - DAG(s) dict_keys(['example_nested_branch_dag']) retrieved from /home/airflow/.local/lib/python3.7/site-packages/airflow/example_dags/example_nested_branch_dag.py
[2024-06-11T21:32:05.793+0000] {logging_mixin.py:120} INFO - [2024-06-11T21:32:05.793+0000] {dag.py:2585} INFO - Sync 1 DAGs
[2024-06-11T21:32:05.816+0000] {logging_mixin.py:120} INFO - [2024-06-11T21:32:05.816+0000] {dag.py:3340} INFO - Setting next_dagrun for example_nested_branch_dag to 2024-06-10T00:00:00+00:00, run_after=2024-06-11T00:00:00+00:00
[2024-06-11T21:32:05.832+0000] {processor.py:176} INFO - Processing /home/airflow/.local/lib/python3.7/site-packages/airflow/example_dags/example_nested_branch_dag.py took 0.098 seconds
[2024-06-11T21:32:35.973+0000] {processor.py:154} INFO - Started process (PID=3478) to work on /home/airflow/.local/lib/python3.7/site-packages/airflow/example_dags/example_nested_branch_dag.py
[2024-06-11T21:32:35.975+0000] {processor.py:756} INFO - Processing file /home/airflow/.local/lib/python3.7/site-packages/airflow/example_dags/example_nested_branch_dag.py for tasks to queue
[2024-06-11T21:32:35.975+0000] {logging_mixin.py:120} INFO - [2024-06-11T21:32:35.975+0000] {dagbag.py:537} INFO - Filling up the DagBag from /home/airflow/.local/lib/python3.7/site-packages/airflow/example_dags/example_nested_branch_dag.py
[2024-06-11T21:32:35.997+0000] {processor.py:766} INFO - DAG(s) dict_keys(['example_nested_branch_dag']) retrieved from /home/airflow/.local/lib/python3.7/site-packages/airflow/example_dags/example_nested_branch_dag.py
[2024-06-11T21:32:36.038+0000] {logging_mixin.py:120} INFO - [2024-06-11T21:32:36.037+0000] {dag.py:2585} INFO - Sync 1 DAGs
[2024-06-11T21:32:36.060+0000] {logging_mixin.py:120} INFO - [2024-06-11T21:32:36.060+0000] {dag.py:3340} INFO - Setting next_dagrun for example_nested_branch_dag to 2024-06-10T00:00:00+00:00, run_after=2024-06-11T00:00:00+00:00
[2024-06-11T21:32:36.075+0000] {processor.py:176} INFO - Processing /home/airflow/.local/lib/python3.7/site-packages/airflow/example_dags/example_nested_branch_dag.py took 0.105 seconds
[2024-06-11T21:33:06.209+0000] {processor.py:154} INFO - Started process (PID=3541) to work on /home/airflow/.local/lib/python3.7/site-packages/airflow/example_dags/example_nested_branch_dag.py
[2024-06-11T21:33:06.210+0000] {processor.py:756} INFO - Processing file /home/airflow/.local/lib/python3.7/site-packages/airflow/example_dags/example_nested_branch_dag.py for tasks to queue
[2024-06-11T21:33:06.211+0000] {logging_mixin.py:120} INFO - [2024-06-11T21:33:06.211+0000] {dagbag.py:537} INFO - Filling up the DagBag from /home/airflow/.local/lib/python3.7/site-packages/airflow/example_dags/example_nested_branch_dag.py
[2024-06-11T21:33:06.236+0000] {processor.py:766} INFO - DAG(s) dict_keys(['example_nested_branch_dag']) retrieved from /home/airflow/.local/lib/python3.7/site-packages/airflow/example_dags/example_nested_branch_dag.py
[2024-06-11T21:33:06.271+0000] {logging_mixin.py:120} INFO - [2024-06-11T21:33:06.271+0000] {dag.py:2585} INFO - Sync 1 DAGs
[2024-06-11T21:33:06.295+0000] {logging_mixin.py:120} INFO - [2024-06-11T21:33:06.295+0000] {dag.py:3340} INFO - Setting next_dagrun for example_nested_branch_dag to 2024-06-10T00:00:00+00:00, run_after=2024-06-11T00:00:00+00:00
[2024-06-11T21:33:06.311+0000] {processor.py:176} INFO - Processing /home/airflow/.local/lib/python3.7/site-packages/airflow/example_dags/example_nested_branch_dag.py took 0.105 seconds
[2024-06-11T21:33:36.692+0000] {processor.py:154} INFO - Started process (PID=3604) to work on /home/airflow/.local/lib/python3.7/site-packages/airflow/example_dags/example_nested_branch_dag.py
[2024-06-11T21:33:36.694+0000] {processor.py:756} INFO - Processing file /home/airflow/.local/lib/python3.7/site-packages/airflow/example_dags/example_nested_branch_dag.py for tasks to queue
[2024-06-11T21:33:36.695+0000] {logging_mixin.py:120} INFO - [2024-06-11T21:33:36.695+0000] {dagbag.py:537} INFO - Filling up the DagBag from /home/airflow/.local/lib/python3.7/site-packages/airflow/example_dags/example_nested_branch_dag.py
[2024-06-11T21:33:36.721+0000] {processor.py:766} INFO - DAG(s) dict_keys(['example_nested_branch_dag']) retrieved from /home/airflow/.local/lib/python3.7/site-packages/airflow/example_dags/example_nested_branch_dag.py
[2024-06-11T21:33:36.764+0000] {logging_mixin.py:120} INFO - [2024-06-11T21:33:36.764+0000] {dag.py:2585} INFO - Sync 1 DAGs
[2024-06-11T21:33:36.792+0000] {logging_mixin.py:120} INFO - [2024-06-11T21:33:36.792+0000] {dag.py:3340} INFO - Setting next_dagrun for example_nested_branch_dag to 2024-06-10T00:00:00+00:00, run_after=2024-06-11T00:00:00+00:00
[2024-06-11T21:33:36.809+0000] {processor.py:176} INFO - Processing /home/airflow/.local/lib/python3.7/site-packages/airflow/example_dags/example_nested_branch_dag.py took 0.121 seconds
[2024-06-11T21:35:19.100+0000] {processor.py:154} INFO - Started process (PID=55) to work on /home/airflow/.local/lib/python3.7/site-packages/airflow/example_dags/example_nested_branch_dag.py
[2024-06-11T21:35:19.103+0000] {processor.py:756} INFO - Processing file /home/airflow/.local/lib/python3.7/site-packages/airflow/example_dags/example_nested_branch_dag.py for tasks to queue
[2024-06-11T21:35:19.104+0000] {logging_mixin.py:120} INFO - [2024-06-11T21:35:19.104+0000] {dagbag.py:537} INFO - Filling up the DagBag from /home/airflow/.local/lib/python3.7/site-packages/airflow/example_dags/example_nested_branch_dag.py
[2024-06-11T21:35:19.141+0000] {processor.py:766} INFO - DAG(s) dict_keys(['example_nested_branch_dag']) retrieved from /home/airflow/.local/lib/python3.7/site-packages/airflow/example_dags/example_nested_branch_dag.py
[2024-06-11T21:35:19.190+0000] {logging_mixin.py:120} INFO - [2024-06-11T21:35:19.190+0000] {dag.py:2585} INFO - Sync 1 DAGs
[2024-06-11T21:35:19.226+0000] {logging_mixin.py:120} INFO - [2024-06-11T21:35:19.226+0000] {dag.py:3340} INFO - Setting next_dagrun for example_nested_branch_dag to 2024-06-10T00:00:00+00:00, run_after=2024-06-11T00:00:00+00:00
[2024-06-11T21:35:19.247+0000] {processor.py:176} INFO - Processing /home/airflow/.local/lib/python3.7/site-packages/airflow/example_dags/example_nested_branch_dag.py took 0.153 seconds
