[2024-06-11T13:03:41.414+0000] {processor.py:154} INFO - Started process (PID=75) to work on /home/airflow/.local/lib/python3.7/site-packages/airflow/example_dags/example_skip_dag.py
[2024-06-11T13:03:41.417+0000] {processor.py:756} INFO - Processing file /home/airflow/.local/lib/python3.7/site-packages/airflow/example_dags/example_skip_dag.py for tasks to queue
[2024-06-11T13:03:41.420+0000] {logging_mixin.py:120} INFO - [2024-06-11T13:03:41.419+0000] {dagbag.py:537} INFO - Filling up the DagBag from /home/airflow/.local/lib/python3.7/site-packages/airflow/example_dags/example_skip_dag.py
[2024-06-11T13:03:41.455+0000] {processor.py:766} INFO - DAG(s) dict_keys(['example_skip_dag']) retrieved from /home/airflow/.local/lib/python3.7/site-packages/airflow/example_dags/example_skip_dag.py
[2024-06-11T13:03:41.533+0000] {logging_mixin.py:120} INFO - [2024-06-11T13:03:41.533+0000] {dag.py:2585} INFO - Sync 1 DAGs
[2024-06-11T13:03:41.611+0000] {logging_mixin.py:120} INFO - [2024-06-11T13:03:41.610+0000] {dag.py:3340} INFO - Setting next_dagrun for example_skip_dag to 2024-06-10T13:03:41.609970+00:00, run_after=2024-06-11T13:03:41.609970+00:00
[2024-06-11T13:03:41.659+0000] {processor.py:176} INFO - Processing /home/airflow/.local/lib/python3.7/site-packages/airflow/example_dags/example_skip_dag.py took 0.250 seconds
[2024-06-11T18:16:17.149+0000] {processor.py:154} INFO - Started process (PID=74) to work on /home/airflow/.local/lib/python3.7/site-packages/airflow/example_dags/example_skip_dag.py
[2024-06-11T18:16:17.153+0000] {processor.py:756} INFO - Processing file /home/airflow/.local/lib/python3.7/site-packages/airflow/example_dags/example_skip_dag.py for tasks to queue
[2024-06-11T18:16:17.156+0000] {logging_mixin.py:120} INFO - [2024-06-11T18:16:17.156+0000] {dagbag.py:537} INFO - Filling up the DagBag from /home/airflow/.local/lib/python3.7/site-packages/airflow/example_dags/example_skip_dag.py
[2024-06-11T18:16:17.206+0000] {processor.py:766} INFO - DAG(s) dict_keys(['example_skip_dag']) retrieved from /home/airflow/.local/lib/python3.7/site-packages/airflow/example_dags/example_skip_dag.py
[2024-06-11T18:16:17.373+0000] {logging_mixin.py:120} INFO - [2024-06-11T18:16:17.373+0000] {dag.py:2585} INFO - Sync 1 DAGs
[2024-06-11T18:16:17.439+0000] {logging_mixin.py:120} INFO - [2024-06-11T18:16:17.438+0000] {dag.py:3340} INFO - Setting next_dagrun for example_skip_dag to 2024-06-10T18:16:17.438654+00:00, run_after=2024-06-11T18:16:17.438654+00:00
[2024-06-11T18:16:17.495+0000] {processor.py:176} INFO - Processing /home/airflow/.local/lib/python3.7/site-packages/airflow/example_dags/example_skip_dag.py took 0.356 seconds
[2024-06-11T18:16:47.641+0000] {processor.py:154} INFO - Started process (PID=128) to work on /home/airflow/.local/lib/python3.7/site-packages/airflow/example_dags/example_skip_dag.py
[2024-06-11T18:16:47.642+0000] {processor.py:756} INFO - Processing file /home/airflow/.local/lib/python3.7/site-packages/airflow/example_dags/example_skip_dag.py for tasks to queue
[2024-06-11T18:16:47.642+0000] {logging_mixin.py:120} INFO - [2024-06-11T18:16:47.642+0000] {dagbag.py:537} INFO - Filling up the DagBag from /home/airflow/.local/lib/python3.7/site-packages/airflow/example_dags/example_skip_dag.py
[2024-06-11T18:16:47.654+0000] {processor.py:766} INFO - DAG(s) dict_keys(['example_skip_dag']) retrieved from /home/airflow/.local/lib/python3.7/site-packages/airflow/example_dags/example_skip_dag.py
[2024-06-11T18:16:47.687+0000] {logging_mixin.py:120} INFO - [2024-06-11T18:16:47.687+0000] {dag.py:2585} INFO - Sync 1 DAGs
[2024-06-11T18:16:47.707+0000] {logging_mixin.py:120} INFO - [2024-06-11T18:16:47.707+0000] {dag.py:3340} INFO - Setting next_dagrun for example_skip_dag to 2024-06-10T18:16:47.707483+00:00, run_after=2024-06-11T18:16:47.707483+00:00
[2024-06-11T18:16:47.722+0000] {processor.py:176} INFO - Processing /home/airflow/.local/lib/python3.7/site-packages/airflow/example_dags/example_skip_dag.py took 0.085 seconds
[2024-06-11T18:17:18.346+0000] {processor.py:154} INFO - Started process (PID=192) to work on /home/airflow/.local/lib/python3.7/site-packages/airflow/example_dags/example_skip_dag.py
[2024-06-11T18:17:18.347+0000] {processor.py:756} INFO - Processing file /home/airflow/.local/lib/python3.7/site-packages/airflow/example_dags/example_skip_dag.py for tasks to queue
[2024-06-11T18:17:18.348+0000] {logging_mixin.py:120} INFO - [2024-06-11T18:17:18.348+0000] {dagbag.py:537} INFO - Filling up the DagBag from /home/airflow/.local/lib/python3.7/site-packages/airflow/example_dags/example_skip_dag.py
[2024-06-11T18:17:18.360+0000] {processor.py:766} INFO - DAG(s) dict_keys(['example_skip_dag']) retrieved from /home/airflow/.local/lib/python3.7/site-packages/airflow/example_dags/example_skip_dag.py
[2024-06-11T18:17:18.393+0000] {logging_mixin.py:120} INFO - [2024-06-11T18:17:18.393+0000] {dag.py:2585} INFO - Sync 1 DAGs
[2024-06-11T18:17:18.413+0000] {logging_mixin.py:120} INFO - [2024-06-11T18:17:18.413+0000] {dag.py:3340} INFO - Setting next_dagrun for example_skip_dag to 2024-06-10T18:17:18.413237+00:00, run_after=2024-06-11T18:17:18.413237+00:00
[2024-06-11T18:17:18.427+0000] {processor.py:176} INFO - Processing /home/airflow/.local/lib/python3.7/site-packages/airflow/example_dags/example_skip_dag.py took 0.084 seconds
[2024-06-11T18:33:54.789+0000] {processor.py:154} INFO - Started process (PID=237) to work on /home/airflow/.local/lib/python3.7/site-packages/airflow/example_dags/example_skip_dag.py
[2024-06-11T18:33:54.791+0000] {processor.py:756} INFO - Processing file /home/airflow/.local/lib/python3.7/site-packages/airflow/example_dags/example_skip_dag.py for tasks to queue
[2024-06-11T18:33:54.792+0000] {logging_mixin.py:120} INFO - [2024-06-11T18:33:54.792+0000] {dagbag.py:537} INFO - Filling up the DagBag from /home/airflow/.local/lib/python3.7/site-packages/airflow/example_dags/example_skip_dag.py
[2024-06-11T18:33:54.808+0000] {processor.py:766} INFO - DAG(s) dict_keys(['example_skip_dag']) retrieved from /home/airflow/.local/lib/python3.7/site-packages/airflow/example_dags/example_skip_dag.py
[2024-06-11T18:33:54.869+0000] {logging_mixin.py:120} INFO - [2024-06-11T18:33:54.868+0000] {dag.py:2585} INFO - Sync 1 DAGs
[2024-06-11T18:33:54.907+0000] {logging_mixin.py:120} INFO - [2024-06-11T18:33:54.907+0000] {dag.py:3340} INFO - Setting next_dagrun for example_skip_dag to 2024-06-10T18:33:54.906723+00:00, run_after=2024-06-11T18:33:54.906723+00:00
[2024-06-11T18:33:54.941+0000] {processor.py:176} INFO - Processing /home/airflow/.local/lib/python3.7/site-packages/airflow/example_dags/example_skip_dag.py took 0.156 seconds
[2024-06-11T18:34:24.962+0000] {processor.py:154} INFO - Started process (PID=300) to work on /home/airflow/.local/lib/python3.7/site-packages/airflow/example_dags/example_skip_dag.py
[2024-06-11T18:34:24.963+0000] {processor.py:756} INFO - Processing file /home/airflow/.local/lib/python3.7/site-packages/airflow/example_dags/example_skip_dag.py for tasks to queue
[2024-06-11T18:34:24.964+0000] {logging_mixin.py:120} INFO - [2024-06-11T18:34:24.964+0000] {dagbag.py:537} INFO - Filling up the DagBag from /home/airflow/.local/lib/python3.7/site-packages/airflow/example_dags/example_skip_dag.py
[2024-06-11T18:34:24.977+0000] {processor.py:766} INFO - DAG(s) dict_keys(['example_skip_dag']) retrieved from /home/airflow/.local/lib/python3.7/site-packages/airflow/example_dags/example_skip_dag.py
[2024-06-11T18:34:25.011+0000] {logging_mixin.py:120} INFO - [2024-06-11T18:34:25.011+0000] {dag.py:2585} INFO - Sync 1 DAGs
[2024-06-11T18:34:25.033+0000] {logging_mixin.py:120} INFO - [2024-06-11T18:34:25.033+0000] {dag.py:3340} INFO - Setting next_dagrun for example_skip_dag to 2024-06-10T18:34:25.032864+00:00, run_after=2024-06-11T18:34:25.032864+00:00
[2024-06-11T18:34:25.047+0000] {processor.py:176} INFO - Processing /home/airflow/.local/lib/python3.7/site-packages/airflow/example_dags/example_skip_dag.py took 0.089 seconds
[2024-06-11T18:34:55.308+0000] {processor.py:154} INFO - Started process (PID=363) to work on /home/airflow/.local/lib/python3.7/site-packages/airflow/example_dags/example_skip_dag.py
[2024-06-11T18:34:55.309+0000] {processor.py:756} INFO - Processing file /home/airflow/.local/lib/python3.7/site-packages/airflow/example_dags/example_skip_dag.py for tasks to queue
[2024-06-11T18:34:55.309+0000] {logging_mixin.py:120} INFO - [2024-06-11T18:34:55.309+0000] {dagbag.py:537} INFO - Filling up the DagBag from /home/airflow/.local/lib/python3.7/site-packages/airflow/example_dags/example_skip_dag.py
[2024-06-11T18:34:55.322+0000] {processor.py:766} INFO - DAG(s) dict_keys(['example_skip_dag']) retrieved from /home/airflow/.local/lib/python3.7/site-packages/airflow/example_dags/example_skip_dag.py
[2024-06-11T18:34:55.355+0000] {logging_mixin.py:120} INFO - [2024-06-11T18:34:55.354+0000] {dag.py:2585} INFO - Sync 1 DAGs
[2024-06-11T18:34:55.376+0000] {logging_mixin.py:120} INFO - [2024-06-11T18:34:55.376+0000] {dag.py:3340} INFO - Setting next_dagrun for example_skip_dag to 2024-06-10T18:34:55.376053+00:00, run_after=2024-06-11T18:34:55.376053+00:00
[2024-06-11T18:34:55.392+0000] {processor.py:176} INFO - Processing /home/airflow/.local/lib/python3.7/site-packages/airflow/example_dags/example_skip_dag.py took 0.087 seconds
[2024-06-11T18:35:25.576+0000] {processor.py:154} INFO - Started process (PID=426) to work on /home/airflow/.local/lib/python3.7/site-packages/airflow/example_dags/example_skip_dag.py
[2024-06-11T18:35:25.577+0000] {processor.py:756} INFO - Processing file /home/airflow/.local/lib/python3.7/site-packages/airflow/example_dags/example_skip_dag.py for tasks to queue
[2024-06-11T18:35:25.578+0000] {logging_mixin.py:120} INFO - [2024-06-11T18:35:25.578+0000] {dagbag.py:537} INFO - Filling up the DagBag from /home/airflow/.local/lib/python3.7/site-packages/airflow/example_dags/example_skip_dag.py
[2024-06-11T18:35:25.592+0000] {processor.py:766} INFO - DAG(s) dict_keys(['example_skip_dag']) retrieved from /home/airflow/.local/lib/python3.7/site-packages/airflow/example_dags/example_skip_dag.py
[2024-06-11T18:35:25.631+0000] {logging_mixin.py:120} INFO - [2024-06-11T18:35:25.630+0000] {dag.py:2585} INFO - Sync 1 DAGs
[2024-06-11T18:35:25.652+0000] {logging_mixin.py:120} INFO - [2024-06-11T18:35:25.652+0000] {dag.py:3340} INFO - Setting next_dagrun for example_skip_dag to 2024-06-10T18:35:25.652168+00:00, run_after=2024-06-11T18:35:25.652168+00:00
[2024-06-11T18:35:25.667+0000] {processor.py:176} INFO - Processing /home/airflow/.local/lib/python3.7/site-packages/airflow/example_dags/example_skip_dag.py took 0.094 seconds
[2024-06-11T18:53:04.304+0000] {processor.py:154} INFO - Started process (PID=480) to work on /home/airflow/.local/lib/python3.7/site-packages/airflow/example_dags/example_skip_dag.py
[2024-06-11T18:53:04.306+0000] {processor.py:756} INFO - Processing file /home/airflow/.local/lib/python3.7/site-packages/airflow/example_dags/example_skip_dag.py for tasks to queue
[2024-06-11T18:53:04.307+0000] {logging_mixin.py:120} INFO - [2024-06-11T18:53:04.307+0000] {dagbag.py:537} INFO - Filling up the DagBag from /home/airflow/.local/lib/python3.7/site-packages/airflow/example_dags/example_skip_dag.py
[2024-06-11T18:53:04.323+0000] {processor.py:766} INFO - DAG(s) dict_keys(['example_skip_dag']) retrieved from /home/airflow/.local/lib/python3.7/site-packages/airflow/example_dags/example_skip_dag.py
[2024-06-11T18:53:04.365+0000] {logging_mixin.py:120} INFO - [2024-06-11T18:53:04.365+0000] {dag.py:2585} INFO - Sync 1 DAGs
[2024-06-11T18:53:04.390+0000] {logging_mixin.py:120} INFO - [2024-06-11T18:53:04.389+0000] {dag.py:3340} INFO - Setting next_dagrun for example_skip_dag to 2024-06-10T18:53:04.389703+00:00, run_after=2024-06-11T18:53:04.389703+00:00
[2024-06-11T18:53:04.408+0000] {processor.py:176} INFO - Processing /home/airflow/.local/lib/python3.7/site-packages/airflow/example_dags/example_skip_dag.py took 0.108 seconds
[2024-06-11T18:53:35.048+0000] {processor.py:154} INFO - Started process (PID=543) to work on /home/airflow/.local/lib/python3.7/site-packages/airflow/example_dags/example_skip_dag.py
[2024-06-11T18:53:35.049+0000] {processor.py:756} INFO - Processing file /home/airflow/.local/lib/python3.7/site-packages/airflow/example_dags/example_skip_dag.py for tasks to queue
[2024-06-11T18:53:35.050+0000] {logging_mixin.py:120} INFO - [2024-06-11T18:53:35.050+0000] {dagbag.py:537} INFO - Filling up the DagBag from /home/airflow/.local/lib/python3.7/site-packages/airflow/example_dags/example_skip_dag.py
[2024-06-11T18:53:35.063+0000] {processor.py:766} INFO - DAG(s) dict_keys(['example_skip_dag']) retrieved from /home/airflow/.local/lib/python3.7/site-packages/airflow/example_dags/example_skip_dag.py
[2024-06-11T18:53:35.095+0000] {logging_mixin.py:120} INFO - [2024-06-11T18:53:35.095+0000] {dag.py:2585} INFO - Sync 1 DAGs
[2024-06-11T18:53:35.116+0000] {logging_mixin.py:120} INFO - [2024-06-11T18:53:35.116+0000] {dag.py:3340} INFO - Setting next_dagrun for example_skip_dag to 2024-06-10T18:53:35.116308+00:00, run_after=2024-06-11T18:53:35.116308+00:00
[2024-06-11T18:53:35.132+0000] {processor.py:176} INFO - Processing /home/airflow/.local/lib/python3.7/site-packages/airflow/example_dags/example_skip_dag.py took 0.086 seconds
[2024-06-11T18:54:05.311+0000] {processor.py:154} INFO - Started process (PID=606) to work on /home/airflow/.local/lib/python3.7/site-packages/airflow/example_dags/example_skip_dag.py
[2024-06-11T18:54:05.312+0000] {processor.py:756} INFO - Processing file /home/airflow/.local/lib/python3.7/site-packages/airflow/example_dags/example_skip_dag.py for tasks to queue
[2024-06-11T18:54:05.313+0000] {logging_mixin.py:120} INFO - [2024-06-11T18:54:05.312+0000] {dagbag.py:537} INFO - Filling up the DagBag from /home/airflow/.local/lib/python3.7/site-packages/airflow/example_dags/example_skip_dag.py
[2024-06-11T18:54:05.326+0000] {processor.py:766} INFO - DAG(s) dict_keys(['example_skip_dag']) retrieved from /home/airflow/.local/lib/python3.7/site-packages/airflow/example_dags/example_skip_dag.py
[2024-06-11T18:54:05.364+0000] {logging_mixin.py:120} INFO - [2024-06-11T18:54:05.363+0000] {dag.py:2585} INFO - Sync 1 DAGs
[2024-06-11T18:54:05.395+0000] {logging_mixin.py:120} INFO - [2024-06-11T18:54:05.395+0000] {dag.py:3340} INFO - Setting next_dagrun for example_skip_dag to 2024-06-10T18:54:05.394797+00:00, run_after=2024-06-11T18:54:05.394797+00:00
[2024-06-11T18:54:05.411+0000] {processor.py:176} INFO - Processing /home/airflow/.local/lib/python3.7/site-packages/airflow/example_dags/example_skip_dag.py took 0.102 seconds
[2024-06-11T18:54:35.618+0000] {processor.py:154} INFO - Started process (PID=669) to work on /home/airflow/.local/lib/python3.7/site-packages/airflow/example_dags/example_skip_dag.py
[2024-06-11T18:54:35.619+0000] {processor.py:756} INFO - Processing file /home/airflow/.local/lib/python3.7/site-packages/airflow/example_dags/example_skip_dag.py for tasks to queue
[2024-06-11T18:54:35.620+0000] {logging_mixin.py:120} INFO - [2024-06-11T18:54:35.620+0000] {dagbag.py:537} INFO - Filling up the DagBag from /home/airflow/.local/lib/python3.7/site-packages/airflow/example_dags/example_skip_dag.py
[2024-06-11T18:54:35.633+0000] {processor.py:766} INFO - DAG(s) dict_keys(['example_skip_dag']) retrieved from /home/airflow/.local/lib/python3.7/site-packages/airflow/example_dags/example_skip_dag.py
[2024-06-11T18:54:35.668+0000] {logging_mixin.py:120} INFO - [2024-06-11T18:54:35.667+0000] {dag.py:2585} INFO - Sync 1 DAGs
[2024-06-11T18:54:35.689+0000] {logging_mixin.py:120} INFO - [2024-06-11T18:54:35.689+0000] {dag.py:3340} INFO - Setting next_dagrun for example_skip_dag to 2024-06-10T18:54:35.689176+00:00, run_after=2024-06-11T18:54:35.689176+00:00
[2024-06-11T18:54:35.705+0000] {processor.py:176} INFO - Processing /home/airflow/.local/lib/python3.7/site-packages/airflow/example_dags/example_skip_dag.py took 0.089 seconds
[2024-06-11T18:55:05.982+0000] {processor.py:154} INFO - Started process (PID=723) to work on /home/airflow/.local/lib/python3.7/site-packages/airflow/example_dags/example_skip_dag.py
[2024-06-11T18:55:05.983+0000] {processor.py:756} INFO - Processing file /home/airflow/.local/lib/python3.7/site-packages/airflow/example_dags/example_skip_dag.py for tasks to queue
[2024-06-11T18:55:05.984+0000] {logging_mixin.py:120} INFO - [2024-06-11T18:55:05.983+0000] {dagbag.py:537} INFO - Filling up the DagBag from /home/airflow/.local/lib/python3.7/site-packages/airflow/example_dags/example_skip_dag.py
[2024-06-11T18:55:05.996+0000] {processor.py:766} INFO - DAG(s) dict_keys(['example_skip_dag']) retrieved from /home/airflow/.local/lib/python3.7/site-packages/airflow/example_dags/example_skip_dag.py
[2024-06-11T18:55:06.030+0000] {logging_mixin.py:120} INFO - [2024-06-11T18:55:06.029+0000] {dag.py:2585} INFO - Sync 1 DAGs
[2024-06-11T18:55:06.051+0000] {logging_mixin.py:120} INFO - [2024-06-11T18:55:06.051+0000] {dag.py:3340} INFO - Setting next_dagrun for example_skip_dag to 2024-06-10T18:55:06.051146+00:00, run_after=2024-06-11T18:55:06.051146+00:00
[2024-06-11T18:55:06.066+0000] {processor.py:176} INFO - Processing /home/airflow/.local/lib/python3.7/site-packages/airflow/example_dags/example_skip_dag.py took 0.087 seconds
[2024-06-11T19:13:10.031+0000] {processor.py:154} INFO - Started process (PID=786) to work on /home/airflow/.local/lib/python3.7/site-packages/airflow/example_dags/example_skip_dag.py
[2024-06-11T19:13:10.032+0000] {processor.py:756} INFO - Processing file /home/airflow/.local/lib/python3.7/site-packages/airflow/example_dags/example_skip_dag.py for tasks to queue
[2024-06-11T19:13:10.034+0000] {logging_mixin.py:120} INFO - [2024-06-11T19:13:10.034+0000] {dagbag.py:537} INFO - Filling up the DagBag from /home/airflow/.local/lib/python3.7/site-packages/airflow/example_dags/example_skip_dag.py
[2024-06-11T19:13:10.054+0000] {processor.py:766} INFO - DAG(s) dict_keys(['example_skip_dag']) retrieved from /home/airflow/.local/lib/python3.7/site-packages/airflow/example_dags/example_skip_dag.py
[2024-06-11T19:13:10.101+0000] {logging_mixin.py:120} INFO - [2024-06-11T19:13:10.101+0000] {dag.py:2585} INFO - Sync 1 DAGs
[2024-06-11T19:13:10.131+0000] {logging_mixin.py:120} INFO - [2024-06-11T19:13:10.131+0000] {dag.py:3340} INFO - Setting next_dagrun for example_skip_dag to 2024-06-10T19:13:10.130804+00:00, run_after=2024-06-11T19:13:10.130804+00:00
[2024-06-11T19:13:10.159+0000] {processor.py:176} INFO - Processing /home/airflow/.local/lib/python3.7/site-packages/airflow/example_dags/example_skip_dag.py took 0.132 seconds
[2024-06-11T19:13:40.222+0000] {processor.py:154} INFO - Started process (PID=849) to work on /home/airflow/.local/lib/python3.7/site-packages/airflow/example_dags/example_skip_dag.py
[2024-06-11T19:13:40.223+0000] {processor.py:756} INFO - Processing file /home/airflow/.local/lib/python3.7/site-packages/airflow/example_dags/example_skip_dag.py for tasks to queue
[2024-06-11T19:13:40.224+0000] {logging_mixin.py:120} INFO - [2024-06-11T19:13:40.223+0000] {dagbag.py:537} INFO - Filling up the DagBag from /home/airflow/.local/lib/python3.7/site-packages/airflow/example_dags/example_skip_dag.py
[2024-06-11T19:13:40.238+0000] {processor.py:766} INFO - DAG(s) dict_keys(['example_skip_dag']) retrieved from /home/airflow/.local/lib/python3.7/site-packages/airflow/example_dags/example_skip_dag.py
[2024-06-11T19:13:40.275+0000] {logging_mixin.py:120} INFO - [2024-06-11T19:13:40.275+0000] {dag.py:2585} INFO - Sync 1 DAGs
[2024-06-11T19:13:40.299+0000] {logging_mixin.py:120} INFO - [2024-06-11T19:13:40.299+0000] {dag.py:3340} INFO - Setting next_dagrun for example_skip_dag to 2024-06-10T19:13:40.298965+00:00, run_after=2024-06-11T19:13:40.298965+00:00
[2024-06-11T19:13:40.317+0000] {processor.py:176} INFO - Processing /home/airflow/.local/lib/python3.7/site-packages/airflow/example_dags/example_skip_dag.py took 0.098 seconds
[2024-06-11T19:14:10.483+0000] {processor.py:154} INFO - Started process (PID=903) to work on /home/airflow/.local/lib/python3.7/site-packages/airflow/example_dags/example_skip_dag.py
[2024-06-11T19:14:10.484+0000] {processor.py:756} INFO - Processing file /home/airflow/.local/lib/python3.7/site-packages/airflow/example_dags/example_skip_dag.py for tasks to queue
[2024-06-11T19:14:10.485+0000] {logging_mixin.py:120} INFO - [2024-06-11T19:14:10.484+0000] {dagbag.py:537} INFO - Filling up the DagBag from /home/airflow/.local/lib/python3.7/site-packages/airflow/example_dags/example_skip_dag.py
[2024-06-11T19:14:10.498+0000] {processor.py:766} INFO - DAG(s) dict_keys(['example_skip_dag']) retrieved from /home/airflow/.local/lib/python3.7/site-packages/airflow/example_dags/example_skip_dag.py
[2024-06-11T19:14:10.537+0000] {logging_mixin.py:120} INFO - [2024-06-11T19:14:10.537+0000] {dag.py:2585} INFO - Sync 1 DAGs
[2024-06-11T19:14:10.562+0000] {logging_mixin.py:120} INFO - [2024-06-11T19:14:10.562+0000] {dag.py:3340} INFO - Setting next_dagrun for example_skip_dag to 2024-06-10T19:14:10.562524+00:00, run_after=2024-06-11T19:14:10.562524+00:00
[2024-06-11T19:14:10.581+0000] {processor.py:176} INFO - Processing /home/airflow/.local/lib/python3.7/site-packages/airflow/example_dags/example_skip_dag.py took 0.102 seconds
[2024-06-11T19:14:40.895+0000] {processor.py:154} INFO - Started process (PID=966) to work on /home/airflow/.local/lib/python3.7/site-packages/airflow/example_dags/example_skip_dag.py
[2024-06-11T19:14:40.896+0000] {processor.py:756} INFO - Processing file /home/airflow/.local/lib/python3.7/site-packages/airflow/example_dags/example_skip_dag.py for tasks to queue
[2024-06-11T19:14:40.897+0000] {logging_mixin.py:120} INFO - [2024-06-11T19:14:40.897+0000] {dagbag.py:537} INFO - Filling up the DagBag from /home/airflow/.local/lib/python3.7/site-packages/airflow/example_dags/example_skip_dag.py
[2024-06-11T19:14:40.910+0000] {processor.py:766} INFO - DAG(s) dict_keys(['example_skip_dag']) retrieved from /home/airflow/.local/lib/python3.7/site-packages/airflow/example_dags/example_skip_dag.py
[2024-06-11T19:14:40.944+0000] {logging_mixin.py:120} INFO - [2024-06-11T19:14:40.944+0000] {dag.py:2585} INFO - Sync 1 DAGs
[2024-06-11T19:14:40.966+0000] {logging_mixin.py:120} INFO - [2024-06-11T19:14:40.966+0000] {dag.py:3340} INFO - Setting next_dagrun for example_skip_dag to 2024-06-10T19:14:40.966565+00:00, run_after=2024-06-11T19:14:40.966565+00:00
[2024-06-11T19:14:40.981+0000] {processor.py:176} INFO - Processing /home/airflow/.local/lib/python3.7/site-packages/airflow/example_dags/example_skip_dag.py took 0.089 seconds
[2024-06-11T19:31:49.461+0000] {processor.py:154} INFO - Started process (PID=1029) to work on /home/airflow/.local/lib/python3.7/site-packages/airflow/example_dags/example_skip_dag.py
[2024-06-11T19:31:49.462+0000] {processor.py:756} INFO - Processing file /home/airflow/.local/lib/python3.7/site-packages/airflow/example_dags/example_skip_dag.py for tasks to queue
[2024-06-11T19:31:49.463+0000] {logging_mixin.py:120} INFO - [2024-06-11T19:31:49.463+0000] {dagbag.py:537} INFO - Filling up the DagBag from /home/airflow/.local/lib/python3.7/site-packages/airflow/example_dags/example_skip_dag.py
[2024-06-11T19:31:49.482+0000] {processor.py:766} INFO - DAG(s) dict_keys(['example_skip_dag']) retrieved from /home/airflow/.local/lib/python3.7/site-packages/airflow/example_dags/example_skip_dag.py
[2024-06-11T19:31:49.523+0000] {logging_mixin.py:120} INFO - [2024-06-11T19:31:49.523+0000] {dag.py:2585} INFO - Sync 1 DAGs
[2024-06-11T19:31:49.553+0000] {logging_mixin.py:120} INFO - [2024-06-11T19:31:49.553+0000] {dag.py:3340} INFO - Setting next_dagrun for example_skip_dag to 2024-06-10T19:31:49.553515+00:00, run_after=2024-06-11T19:31:49.553515+00:00
[2024-06-11T19:31:49.578+0000] {processor.py:176} INFO - Processing /home/airflow/.local/lib/python3.7/site-packages/airflow/example_dags/example_skip_dag.py took 0.121 seconds
[2024-06-11T19:32:20.187+0000] {processor.py:154} INFO - Started process (PID=1083) to work on /home/airflow/.local/lib/python3.7/site-packages/airflow/example_dags/example_skip_dag.py
[2024-06-11T19:32:20.188+0000] {processor.py:756} INFO - Processing file /home/airflow/.local/lib/python3.7/site-packages/airflow/example_dags/example_skip_dag.py for tasks to queue
[2024-06-11T19:32:20.189+0000] {logging_mixin.py:120} INFO - [2024-06-11T19:32:20.189+0000] {dagbag.py:537} INFO - Filling up the DagBag from /home/airflow/.local/lib/python3.7/site-packages/airflow/example_dags/example_skip_dag.py
[2024-06-11T19:32:20.202+0000] {processor.py:766} INFO - DAG(s) dict_keys(['example_skip_dag']) retrieved from /home/airflow/.local/lib/python3.7/site-packages/airflow/example_dags/example_skip_dag.py
[2024-06-11T19:32:20.236+0000] {logging_mixin.py:120} INFO - [2024-06-11T19:32:20.236+0000] {dag.py:2585} INFO - Sync 1 DAGs
[2024-06-11T19:32:20.259+0000] {logging_mixin.py:120} INFO - [2024-06-11T19:32:20.259+0000] {dag.py:3340} INFO - Setting next_dagrun for example_skip_dag to 2024-06-10T19:32:20.259280+00:00, run_after=2024-06-11T19:32:20.259280+00:00
[2024-06-11T19:32:20.275+0000] {processor.py:176} INFO - Processing /home/airflow/.local/lib/python3.7/site-packages/airflow/example_dags/example_skip_dag.py took 0.091 seconds
[2024-06-11T19:32:50.371+0000] {processor.py:154} INFO - Started process (PID=1146) to work on /home/airflow/.local/lib/python3.7/site-packages/airflow/example_dags/example_skip_dag.py
[2024-06-11T19:32:50.372+0000] {processor.py:756} INFO - Processing file /home/airflow/.local/lib/python3.7/site-packages/airflow/example_dags/example_skip_dag.py for tasks to queue
[2024-06-11T19:32:50.372+0000] {logging_mixin.py:120} INFO - [2024-06-11T19:32:50.372+0000] {dagbag.py:537} INFO - Filling up the DagBag from /home/airflow/.local/lib/python3.7/site-packages/airflow/example_dags/example_skip_dag.py
[2024-06-11T19:32:50.384+0000] {processor.py:766} INFO - DAG(s) dict_keys(['example_skip_dag']) retrieved from /home/airflow/.local/lib/python3.7/site-packages/airflow/example_dags/example_skip_dag.py
[2024-06-11T19:32:50.420+0000] {logging_mixin.py:120} INFO - [2024-06-11T19:32:50.420+0000] {dag.py:2585} INFO - Sync 1 DAGs
[2024-06-11T19:32:50.441+0000] {logging_mixin.py:120} INFO - [2024-06-11T19:32:50.441+0000] {dag.py:3340} INFO - Setting next_dagrun for example_skip_dag to 2024-06-10T19:32:50.440976+00:00, run_after=2024-06-11T19:32:50.440976+00:00
[2024-06-11T19:32:50.456+0000] {processor.py:176} INFO - Processing /home/airflow/.local/lib/python3.7/site-packages/airflow/example_dags/example_skip_dag.py took 0.089 seconds
[2024-06-11T19:33:20.753+0000] {processor.py:154} INFO - Started process (PID=1209) to work on /home/airflow/.local/lib/python3.7/site-packages/airflow/example_dags/example_skip_dag.py
[2024-06-11T19:33:20.754+0000] {processor.py:756} INFO - Processing file /home/airflow/.local/lib/python3.7/site-packages/airflow/example_dags/example_skip_dag.py for tasks to queue
[2024-06-11T19:33:20.755+0000] {logging_mixin.py:120} INFO - [2024-06-11T19:33:20.754+0000] {dagbag.py:537} INFO - Filling up the DagBag from /home/airflow/.local/lib/python3.7/site-packages/airflow/example_dags/example_skip_dag.py
[2024-06-11T19:33:20.767+0000] {processor.py:766} INFO - DAG(s) dict_keys(['example_skip_dag']) retrieved from /home/airflow/.local/lib/python3.7/site-packages/airflow/example_dags/example_skip_dag.py
[2024-06-11T19:33:20.801+0000] {logging_mixin.py:120} INFO - [2024-06-11T19:33:20.801+0000] {dag.py:2585} INFO - Sync 1 DAGs
[2024-06-11T19:33:20.823+0000] {logging_mixin.py:120} INFO - [2024-06-11T19:33:20.823+0000] {dag.py:3340} INFO - Setting next_dagrun for example_skip_dag to 2024-06-10T19:33:20.823398+00:00, run_after=2024-06-11T19:33:20.823398+00:00
[2024-06-11T19:33:20.839+0000] {processor.py:176} INFO - Processing /home/airflow/.local/lib/python3.7/site-packages/airflow/example_dags/example_skip_dag.py took 0.089 seconds
[2024-06-11T19:49:38.583+0000] {processor.py:154} INFO - Started process (PID=1263) to work on /home/airflow/.local/lib/python3.7/site-packages/airflow/example_dags/example_skip_dag.py
[2024-06-11T19:49:38.584+0000] {processor.py:756} INFO - Processing file /home/airflow/.local/lib/python3.7/site-packages/airflow/example_dags/example_skip_dag.py for tasks to queue
[2024-06-11T19:49:38.585+0000] {logging_mixin.py:120} INFO - [2024-06-11T19:49:38.585+0000] {dagbag.py:537} INFO - Filling up the DagBag from /home/airflow/.local/lib/python3.7/site-packages/airflow/example_dags/example_skip_dag.py
[2024-06-11T19:49:38.601+0000] {processor.py:766} INFO - DAG(s) dict_keys(['example_skip_dag']) retrieved from /home/airflow/.local/lib/python3.7/site-packages/airflow/example_dags/example_skip_dag.py
[2024-06-11T19:49:38.643+0000] {logging_mixin.py:120} INFO - [2024-06-11T19:49:38.643+0000] {dag.py:2585} INFO - Sync 1 DAGs
[2024-06-11T19:49:38.670+0000] {logging_mixin.py:120} INFO - [2024-06-11T19:49:38.670+0000] {dag.py:3340} INFO - Setting next_dagrun for example_skip_dag to 2024-06-10T19:49:38.670038+00:00, run_after=2024-06-11T19:49:38.670038+00:00
[2024-06-11T19:49:38.691+0000] {processor.py:176} INFO - Processing /home/airflow/.local/lib/python3.7/site-packages/airflow/example_dags/example_skip_dag.py took 0.112 seconds
[2024-06-11T19:50:09.084+0000] {processor.py:154} INFO - Started process (PID=1326) to work on /home/airflow/.local/lib/python3.7/site-packages/airflow/example_dags/example_skip_dag.py
[2024-06-11T19:50:09.085+0000] {processor.py:756} INFO - Processing file /home/airflow/.local/lib/python3.7/site-packages/airflow/example_dags/example_skip_dag.py for tasks to queue
[2024-06-11T19:50:09.087+0000] {logging_mixin.py:120} INFO - [2024-06-11T19:50:09.086+0000] {dagbag.py:537} INFO - Filling up the DagBag from /home/airflow/.local/lib/python3.7/site-packages/airflow/example_dags/example_skip_dag.py
[2024-06-11T19:50:09.100+0000] {processor.py:766} INFO - DAG(s) dict_keys(['example_skip_dag']) retrieved from /home/airflow/.local/lib/python3.7/site-packages/airflow/example_dags/example_skip_dag.py
[2024-06-11T19:50:09.134+0000] {logging_mixin.py:120} INFO - [2024-06-11T19:50:09.134+0000] {dag.py:2585} INFO - Sync 1 DAGs
[2024-06-11T19:50:09.156+0000] {logging_mixin.py:120} INFO - [2024-06-11T19:50:09.156+0000] {dag.py:3340} INFO - Setting next_dagrun for example_skip_dag to 2024-06-10T19:50:09.156397+00:00, run_after=2024-06-11T19:50:09.156397+00:00
[2024-06-11T19:50:09.172+0000] {processor.py:176} INFO - Processing /home/airflow/.local/lib/python3.7/site-packages/airflow/example_dags/example_skip_dag.py took 0.091 seconds
[2024-06-11T19:50:40.974+0000] {processor.py:154} INFO - Started process (PID=1379) to work on /home/airflow/.local/lib/python3.7/site-packages/airflow/example_dags/example_skip_dag.py
[2024-06-11T19:50:40.975+0000] {processor.py:756} INFO - Processing file /home/airflow/.local/lib/python3.7/site-packages/airflow/example_dags/example_skip_dag.py for tasks to queue
[2024-06-11T19:50:40.976+0000] {logging_mixin.py:120} INFO - [2024-06-11T19:50:40.976+0000] {dagbag.py:537} INFO - Filling up the DagBag from /home/airflow/.local/lib/python3.7/site-packages/airflow/example_dags/example_skip_dag.py
[2024-06-11T19:50:40.994+0000] {processor.py:766} INFO - DAG(s) dict_keys(['example_skip_dag']) retrieved from /home/airflow/.local/lib/python3.7/site-packages/airflow/example_dags/example_skip_dag.py
[2024-06-11T19:50:41.056+0000] {logging_mixin.py:120} INFO - [2024-06-11T19:50:41.056+0000] {dag.py:2585} INFO - Sync 1 DAGs
[2024-06-11T19:50:41.089+0000] {logging_mixin.py:120} INFO - [2024-06-11T19:50:41.089+0000] {dag.py:3340} INFO - Setting next_dagrun for example_skip_dag to 2024-06-10T19:50:41.089038+00:00, run_after=2024-06-11T19:50:41.089038+00:00
[2024-06-11T19:50:41.112+0000] {processor.py:176} INFO - Processing /home/airflow/.local/lib/python3.7/site-packages/airflow/example_dags/example_skip_dag.py took 0.143 seconds
[2024-06-11T19:51:11.185+0000] {processor.py:154} INFO - Started process (PID=1442) to work on /home/airflow/.local/lib/python3.7/site-packages/airflow/example_dags/example_skip_dag.py
[2024-06-11T19:51:11.186+0000] {processor.py:756} INFO - Processing file /home/airflow/.local/lib/python3.7/site-packages/airflow/example_dags/example_skip_dag.py for tasks to queue
[2024-06-11T19:51:11.187+0000] {logging_mixin.py:120} INFO - [2024-06-11T19:51:11.187+0000] {dagbag.py:537} INFO - Filling up the DagBag from /home/airflow/.local/lib/python3.7/site-packages/airflow/example_dags/example_skip_dag.py
[2024-06-11T19:51:11.204+0000] {processor.py:766} INFO - DAG(s) dict_keys(['example_skip_dag']) retrieved from /home/airflow/.local/lib/python3.7/site-packages/airflow/example_dags/example_skip_dag.py
[2024-06-11T19:51:11.243+0000] {logging_mixin.py:120} INFO - [2024-06-11T19:51:11.243+0000] {dag.py:2585} INFO - Sync 1 DAGs
[2024-06-11T19:51:11.265+0000] {logging_mixin.py:120} INFO - [2024-06-11T19:51:11.265+0000] {dag.py:3340} INFO - Setting next_dagrun for example_skip_dag to 2024-06-10T19:51:11.265362+00:00, run_after=2024-06-11T19:51:11.265362+00:00
[2024-06-11T19:51:11.282+0000] {processor.py:176} INFO - Processing /home/airflow/.local/lib/python3.7/site-packages/airflow/example_dags/example_skip_dag.py took 0.099 seconds
[2024-06-11T19:51:42.929+0000] {processor.py:154} INFO - Started process (PID=1504) to work on /home/airflow/.local/lib/python3.7/site-packages/airflow/example_dags/example_skip_dag.py
[2024-06-11T19:51:42.930+0000] {processor.py:756} INFO - Processing file /home/airflow/.local/lib/python3.7/site-packages/airflow/example_dags/example_skip_dag.py for tasks to queue
[2024-06-11T19:51:42.933+0000] {logging_mixin.py:120} INFO - [2024-06-11T19:51:42.932+0000] {dagbag.py:537} INFO - Filling up the DagBag from /home/airflow/.local/lib/python3.7/site-packages/airflow/example_dags/example_skip_dag.py
[2024-06-11T19:51:42.947+0000] {processor.py:766} INFO - DAG(s) dict_keys(['example_skip_dag']) retrieved from /home/airflow/.local/lib/python3.7/site-packages/airflow/example_dags/example_skip_dag.py
[2024-06-11T19:51:42.983+0000] {logging_mixin.py:120} INFO - [2024-06-11T19:51:42.983+0000] {dag.py:2585} INFO - Sync 1 DAGs
[2024-06-11T19:51:43.004+0000] {logging_mixin.py:120} INFO - [2024-06-11T19:51:43.004+0000] {dag.py:3340} INFO - Setting next_dagrun for example_skip_dag to 2024-06-10T19:51:43.004391+00:00, run_after=2024-06-11T19:51:43.004391+00:00
[2024-06-11T19:51:43.020+0000] {processor.py:176} INFO - Processing /home/airflow/.local/lib/python3.7/site-packages/airflow/example_dags/example_skip_dag.py took 0.095 seconds
[2024-06-11T19:56:19.632+0000] {processor.py:154} INFO - Started process (PID=1558) to work on /home/airflow/.local/lib/python3.7/site-packages/airflow/example_dags/example_skip_dag.py
[2024-06-11T19:56:19.633+0000] {processor.py:756} INFO - Processing file /home/airflow/.local/lib/python3.7/site-packages/airflow/example_dags/example_skip_dag.py for tasks to queue
[2024-06-11T19:56:19.633+0000] {logging_mixin.py:120} INFO - [2024-06-11T19:56:19.633+0000] {dagbag.py:537} INFO - Filling up the DagBag from /home/airflow/.local/lib/python3.7/site-packages/airflow/example_dags/example_skip_dag.py
[2024-06-11T19:56:19.646+0000] {processor.py:766} INFO - DAG(s) dict_keys(['example_skip_dag']) retrieved from /home/airflow/.local/lib/python3.7/site-packages/airflow/example_dags/example_skip_dag.py
[2024-06-11T19:56:19.679+0000] {logging_mixin.py:120} INFO - [2024-06-11T19:56:19.679+0000] {dag.py:2585} INFO - Sync 1 DAGs
[2024-06-11T19:56:19.701+0000] {logging_mixin.py:120} INFO - [2024-06-11T19:56:19.701+0000] {dag.py:3340} INFO - Setting next_dagrun for example_skip_dag to 2024-06-10T19:56:19.701647+00:00, run_after=2024-06-11T19:56:19.701647+00:00
[2024-06-11T19:56:19.717+0000] {processor.py:176} INFO - Processing /home/airflow/.local/lib/python3.7/site-packages/airflow/example_dags/example_skip_dag.py took 0.088 seconds
[2024-06-11T19:56:50.004+0000] {processor.py:154} INFO - Started process (PID=1621) to work on /home/airflow/.local/lib/python3.7/site-packages/airflow/example_dags/example_skip_dag.py
[2024-06-11T19:56:50.004+0000] {processor.py:756} INFO - Processing file /home/airflow/.local/lib/python3.7/site-packages/airflow/example_dags/example_skip_dag.py for tasks to queue
[2024-06-11T19:56:50.005+0000] {logging_mixin.py:120} INFO - [2024-06-11T19:56:50.005+0000] {dagbag.py:537} INFO - Filling up the DagBag from /home/airflow/.local/lib/python3.7/site-packages/airflow/example_dags/example_skip_dag.py
[2024-06-11T19:56:50.019+0000] {processor.py:766} INFO - DAG(s) dict_keys(['example_skip_dag']) retrieved from /home/airflow/.local/lib/python3.7/site-packages/airflow/example_dags/example_skip_dag.py
[2024-06-11T19:56:50.053+0000] {logging_mixin.py:120} INFO - [2024-06-11T19:56:50.053+0000] {dag.py:2585} INFO - Sync 1 DAGs
[2024-06-11T19:56:50.074+0000] {logging_mixin.py:120} INFO - [2024-06-11T19:56:50.074+0000] {dag.py:3340} INFO - Setting next_dagrun for example_skip_dag to 2024-06-10T19:56:50.074513+00:00, run_after=2024-06-11T19:56:50.074513+00:00
[2024-06-11T19:56:50.090+0000] {processor.py:176} INFO - Processing /home/airflow/.local/lib/python3.7/site-packages/airflow/example_dags/example_skip_dag.py took 0.088 seconds
[2024-06-11T19:57:20.173+0000] {processor.py:154} INFO - Started process (PID=1684) to work on /home/airflow/.local/lib/python3.7/site-packages/airflow/example_dags/example_skip_dag.py
[2024-06-11T19:57:20.174+0000] {processor.py:756} INFO - Processing file /home/airflow/.local/lib/python3.7/site-packages/airflow/example_dags/example_skip_dag.py for tasks to queue
[2024-06-11T19:57:20.175+0000] {logging_mixin.py:120} INFO - [2024-06-11T19:57:20.174+0000] {dagbag.py:537} INFO - Filling up the DagBag from /home/airflow/.local/lib/python3.7/site-packages/airflow/example_dags/example_skip_dag.py
[2024-06-11T19:57:20.188+0000] {processor.py:766} INFO - DAG(s) dict_keys(['example_skip_dag']) retrieved from /home/airflow/.local/lib/python3.7/site-packages/airflow/example_dags/example_skip_dag.py
[2024-06-11T19:57:20.221+0000] {logging_mixin.py:120} INFO - [2024-06-11T19:57:20.221+0000] {dag.py:2585} INFO - Sync 1 DAGs
[2024-06-11T19:57:20.242+0000] {logging_mixin.py:120} INFO - [2024-06-11T19:57:20.242+0000] {dag.py:3340} INFO - Setting next_dagrun for example_skip_dag to 2024-06-10T19:57:20.242538+00:00, run_after=2024-06-11T19:57:20.242538+00:00
[2024-06-11T19:57:20.258+0000] {processor.py:176} INFO - Processing /home/airflow/.local/lib/python3.7/site-packages/airflow/example_dags/example_skip_dag.py took 0.088 seconds
[2024-06-11T19:57:50.480+0000] {processor.py:154} INFO - Started process (PID=1746) to work on /home/airflow/.local/lib/python3.7/site-packages/airflow/example_dags/example_skip_dag.py
[2024-06-11T19:57:50.481+0000] {processor.py:756} INFO - Processing file /home/airflow/.local/lib/python3.7/site-packages/airflow/example_dags/example_skip_dag.py for tasks to queue
[2024-06-11T19:57:50.482+0000] {logging_mixin.py:120} INFO - [2024-06-11T19:57:50.482+0000] {dagbag.py:537} INFO - Filling up the DagBag from /home/airflow/.local/lib/python3.7/site-packages/airflow/example_dags/example_skip_dag.py
[2024-06-11T19:57:50.496+0000] {processor.py:766} INFO - DAG(s) dict_keys(['example_skip_dag']) retrieved from /home/airflow/.local/lib/python3.7/site-packages/airflow/example_dags/example_skip_dag.py
[2024-06-11T19:57:50.531+0000] {logging_mixin.py:120} INFO - [2024-06-11T19:57:50.530+0000] {dag.py:2585} INFO - Sync 1 DAGs
[2024-06-11T19:57:50.553+0000] {logging_mixin.py:120} INFO - [2024-06-11T19:57:50.552+0000] {dag.py:3340} INFO - Setting next_dagrun for example_skip_dag to 2024-06-10T19:57:50.552653+00:00, run_after=2024-06-11T19:57:50.552653+00:00
[2024-06-11T19:57:50.570+0000] {processor.py:176} INFO - Processing /home/airflow/.local/lib/python3.7/site-packages/airflow/example_dags/example_skip_dag.py took 0.093 seconds
[2024-06-11T20:15:58.997+0000] {processor.py:154} INFO - Started process (PID=1800) to work on /home/airflow/.local/lib/python3.7/site-packages/airflow/example_dags/example_skip_dag.py
[2024-06-11T20:15:58.998+0000] {processor.py:756} INFO - Processing file /home/airflow/.local/lib/python3.7/site-packages/airflow/example_dags/example_skip_dag.py for tasks to queue
[2024-06-11T20:15:58.999+0000] {logging_mixin.py:120} INFO - [2024-06-11T20:15:58.999+0000] {dagbag.py:537} INFO - Filling up the DagBag from /home/airflow/.local/lib/python3.7/site-packages/airflow/example_dags/example_skip_dag.py
[2024-06-11T20:15:59.016+0000] {processor.py:766} INFO - DAG(s) dict_keys(['example_skip_dag']) retrieved from /home/airflow/.local/lib/python3.7/site-packages/airflow/example_dags/example_skip_dag.py
[2024-06-11T20:15:59.066+0000] {logging_mixin.py:120} INFO - [2024-06-11T20:15:59.066+0000] {dag.py:2585} INFO - Sync 1 DAGs
[2024-06-11T20:15:59.099+0000] {logging_mixin.py:120} INFO - [2024-06-11T20:15:59.099+0000] {dag.py:3340} INFO - Setting next_dagrun for example_skip_dag to 2024-06-10T20:15:59.098600+00:00, run_after=2024-06-11T20:15:59.098600+00:00
[2024-06-11T20:15:59.125+0000] {processor.py:176} INFO - Processing /home/airflow/.local/lib/python3.7/site-packages/airflow/example_dags/example_skip_dag.py took 0.132 seconds
[2024-06-11T20:16:29.710+0000] {processor.py:154} INFO - Started process (PID=1863) to work on /home/airflow/.local/lib/python3.7/site-packages/airflow/example_dags/example_skip_dag.py
[2024-06-11T20:16:29.711+0000] {processor.py:756} INFO - Processing file /home/airflow/.local/lib/python3.7/site-packages/airflow/example_dags/example_skip_dag.py for tasks to queue
[2024-06-11T20:16:29.712+0000] {logging_mixin.py:120} INFO - [2024-06-11T20:16:29.712+0000] {dagbag.py:537} INFO - Filling up the DagBag from /home/airflow/.local/lib/python3.7/site-packages/airflow/example_dags/example_skip_dag.py
[2024-06-11T20:16:29.724+0000] {processor.py:766} INFO - DAG(s) dict_keys(['example_skip_dag']) retrieved from /home/airflow/.local/lib/python3.7/site-packages/airflow/example_dags/example_skip_dag.py
[2024-06-11T20:16:29.758+0000] {logging_mixin.py:120} INFO - [2024-06-11T20:16:29.758+0000] {dag.py:2585} INFO - Sync 1 DAGs
[2024-06-11T20:16:29.779+0000] {logging_mixin.py:120} INFO - [2024-06-11T20:16:29.779+0000] {dag.py:3340} INFO - Setting next_dagrun for example_skip_dag to 2024-06-10T20:16:29.779411+00:00, run_after=2024-06-11T20:16:29.779411+00:00
[2024-06-11T20:16:29.797+0000] {processor.py:176} INFO - Processing /home/airflow/.local/lib/python3.7/site-packages/airflow/example_dags/example_skip_dag.py took 0.089 seconds
[2024-06-11T20:17:00.074+0000] {processor.py:154} INFO - Started process (PID=1926) to work on /home/airflow/.local/lib/python3.7/site-packages/airflow/example_dags/example_skip_dag.py
[2024-06-11T20:17:00.075+0000] {processor.py:756} INFO - Processing file /home/airflow/.local/lib/python3.7/site-packages/airflow/example_dags/example_skip_dag.py for tasks to queue
[2024-06-11T20:17:00.076+0000] {logging_mixin.py:120} INFO - [2024-06-11T20:17:00.076+0000] {dagbag.py:537} INFO - Filling up the DagBag from /home/airflow/.local/lib/python3.7/site-packages/airflow/example_dags/example_skip_dag.py
[2024-06-11T20:17:00.089+0000] {processor.py:766} INFO - DAG(s) dict_keys(['example_skip_dag']) retrieved from /home/airflow/.local/lib/python3.7/site-packages/airflow/example_dags/example_skip_dag.py
[2024-06-11T20:17:00.124+0000] {logging_mixin.py:120} INFO - [2024-06-11T20:17:00.124+0000] {dag.py:2585} INFO - Sync 1 DAGs
[2024-06-11T20:17:00.145+0000] {logging_mixin.py:120} INFO - [2024-06-11T20:17:00.145+0000] {dag.py:3340} INFO - Setting next_dagrun for example_skip_dag to 2024-06-10T20:17:00.144833+00:00, run_after=2024-06-11T20:17:00.144833+00:00
[2024-06-11T20:17:00.159+0000] {processor.py:176} INFO - Processing /home/airflow/.local/lib/python3.7/site-packages/airflow/example_dags/example_skip_dag.py took 0.088 seconds
[2024-06-11T20:17:30.312+0000] {processor.py:154} INFO - Started process (PID=1989) to work on /home/airflow/.local/lib/python3.7/site-packages/airflow/example_dags/example_skip_dag.py
[2024-06-11T20:17:30.313+0000] {processor.py:756} INFO - Processing file /home/airflow/.local/lib/python3.7/site-packages/airflow/example_dags/example_skip_dag.py for tasks to queue
[2024-06-11T20:17:30.314+0000] {logging_mixin.py:120} INFO - [2024-06-11T20:17:30.314+0000] {dagbag.py:537} INFO - Filling up the DagBag from /home/airflow/.local/lib/python3.7/site-packages/airflow/example_dags/example_skip_dag.py
[2024-06-11T20:17:30.327+0000] {processor.py:766} INFO - DAG(s) dict_keys(['example_skip_dag']) retrieved from /home/airflow/.local/lib/python3.7/site-packages/airflow/example_dags/example_skip_dag.py
[2024-06-11T20:17:30.362+0000] {logging_mixin.py:120} INFO - [2024-06-11T20:17:30.362+0000] {dag.py:2585} INFO - Sync 1 DAGs
[2024-06-11T20:17:30.385+0000] {logging_mixin.py:120} INFO - [2024-06-11T20:17:30.385+0000] {dag.py:3340} INFO - Setting next_dagrun for example_skip_dag to 2024-06-10T20:17:30.385289+00:00, run_after=2024-06-11T20:17:30.385289+00:00
[2024-06-11T20:17:30.401+0000] {processor.py:176} INFO - Processing /home/airflow/.local/lib/python3.7/site-packages/airflow/example_dags/example_skip_dag.py took 0.092 seconds
[2024-06-11T20:18:00.562+0000] {processor.py:154} INFO - Started process (PID=2043) to work on /home/airflow/.local/lib/python3.7/site-packages/airflow/example_dags/example_skip_dag.py
[2024-06-11T20:18:00.563+0000] {processor.py:756} INFO - Processing file /home/airflow/.local/lib/python3.7/site-packages/airflow/example_dags/example_skip_dag.py for tasks to queue
[2024-06-11T20:18:00.564+0000] {logging_mixin.py:120} INFO - [2024-06-11T20:18:00.564+0000] {dagbag.py:537} INFO - Filling up the DagBag from /home/airflow/.local/lib/python3.7/site-packages/airflow/example_dags/example_skip_dag.py
[2024-06-11T20:18:00.577+0000] {processor.py:766} INFO - DAG(s) dict_keys(['example_skip_dag']) retrieved from /home/airflow/.local/lib/python3.7/site-packages/airflow/example_dags/example_skip_dag.py
[2024-06-11T20:18:00.610+0000] {logging_mixin.py:120} INFO - [2024-06-11T20:18:00.609+0000] {dag.py:2585} INFO - Sync 1 DAGs
[2024-06-11T20:18:00.632+0000] {logging_mixin.py:120} INFO - [2024-06-11T20:18:00.631+0000] {dag.py:3340} INFO - Setting next_dagrun for example_skip_dag to 2024-06-10T20:18:00.631581+00:00, run_after=2024-06-11T20:18:00.631581+00:00
[2024-06-11T20:18:00.647+0000] {processor.py:176} INFO - Processing /home/airflow/.local/lib/python3.7/site-packages/airflow/example_dags/example_skip_dag.py took 0.088 seconds
[2024-06-11T20:36:23.934+0000] {processor.py:154} INFO - Started process (PID=2106) to work on /home/airflow/.local/lib/python3.7/site-packages/airflow/example_dags/example_skip_dag.py
[2024-06-11T20:36:23.935+0000] {processor.py:756} INFO - Processing file /home/airflow/.local/lib/python3.7/site-packages/airflow/example_dags/example_skip_dag.py for tasks to queue
[2024-06-11T20:36:23.937+0000] {logging_mixin.py:120} INFO - [2024-06-11T20:36:23.937+0000] {dagbag.py:537} INFO - Filling up the DagBag from /home/airflow/.local/lib/python3.7/site-packages/airflow/example_dags/example_skip_dag.py
[2024-06-11T20:36:23.963+0000] {processor.py:766} INFO - DAG(s) dict_keys(['example_skip_dag']) retrieved from /home/airflow/.local/lib/python3.7/site-packages/airflow/example_dags/example_skip_dag.py
[2024-06-11T20:36:24.035+0000] {logging_mixin.py:120} INFO - [2024-06-11T20:36:24.034+0000] {dag.py:2585} INFO - Sync 1 DAGs
[2024-06-11T20:36:24.078+0000] {logging_mixin.py:120} INFO - [2024-06-11T20:36:24.078+0000] {dag.py:3340} INFO - Setting next_dagrun for example_skip_dag to 2024-06-10T20:36:24.078304+00:00, run_after=2024-06-11T20:36:24.078304+00:00
[2024-06-11T20:36:24.112+0000] {processor.py:176} INFO - Processing /home/airflow/.local/lib/python3.7/site-packages/airflow/example_dags/example_skip_dag.py took 0.184 seconds
[2024-06-11T20:36:54.137+0000] {processor.py:154} INFO - Started process (PID=2169) to work on /home/airflow/.local/lib/python3.7/site-packages/airflow/example_dags/example_skip_dag.py
[2024-06-11T20:36:54.138+0000] {processor.py:756} INFO - Processing file /home/airflow/.local/lib/python3.7/site-packages/airflow/example_dags/example_skip_dag.py for tasks to queue
[2024-06-11T20:36:54.138+0000] {logging_mixin.py:120} INFO - [2024-06-11T20:36:54.138+0000] {dagbag.py:537} INFO - Filling up the DagBag from /home/airflow/.local/lib/python3.7/site-packages/airflow/example_dags/example_skip_dag.py
[2024-06-11T20:36:54.152+0000] {processor.py:766} INFO - DAG(s) dict_keys(['example_skip_dag']) retrieved from /home/airflow/.local/lib/python3.7/site-packages/airflow/example_dags/example_skip_dag.py
[2024-06-11T20:36:54.187+0000] {logging_mixin.py:120} INFO - [2024-06-11T20:36:54.186+0000] {dag.py:2585} INFO - Sync 1 DAGs
[2024-06-11T20:36:54.207+0000] {logging_mixin.py:120} INFO - [2024-06-11T20:36:54.207+0000] {dag.py:3340} INFO - Setting next_dagrun for example_skip_dag to 2024-06-10T20:36:54.207019+00:00, run_after=2024-06-11T20:36:54.207019+00:00
[2024-06-11T20:36:54.222+0000] {processor.py:176} INFO - Processing /home/airflow/.local/lib/python3.7/site-packages/airflow/example_dags/example_skip_dag.py took 0.088 seconds
[2024-06-11T20:37:24.343+0000] {processor.py:154} INFO - Started process (PID=2223) to work on /home/airflow/.local/lib/python3.7/site-packages/airflow/example_dags/example_skip_dag.py
[2024-06-11T20:37:24.344+0000] {processor.py:756} INFO - Processing file /home/airflow/.local/lib/python3.7/site-packages/airflow/example_dags/example_skip_dag.py for tasks to queue
[2024-06-11T20:37:24.345+0000] {logging_mixin.py:120} INFO - [2024-06-11T20:37:24.345+0000] {dagbag.py:537} INFO - Filling up the DagBag from /home/airflow/.local/lib/python3.7/site-packages/airflow/example_dags/example_skip_dag.py
[2024-06-11T20:37:24.358+0000] {processor.py:766} INFO - DAG(s) dict_keys(['example_skip_dag']) retrieved from /home/airflow/.local/lib/python3.7/site-packages/airflow/example_dags/example_skip_dag.py
[2024-06-11T20:37:24.391+0000] {logging_mixin.py:120} INFO - [2024-06-11T20:37:24.391+0000] {dag.py:2585} INFO - Sync 1 DAGs
[2024-06-11T20:37:24.413+0000] {logging_mixin.py:120} INFO - [2024-06-11T20:37:24.413+0000] {dag.py:3340} INFO - Setting next_dagrun for example_skip_dag to 2024-06-10T20:37:24.413623+00:00, run_after=2024-06-11T20:37:24.413623+00:00
[2024-06-11T20:37:24.429+0000] {processor.py:176} INFO - Processing /home/airflow/.local/lib/python3.7/site-packages/airflow/example_dags/example_skip_dag.py took 0.089 seconds
[2024-06-11T20:37:54.659+0000] {processor.py:154} INFO - Started process (PID=2286) to work on /home/airflow/.local/lib/python3.7/site-packages/airflow/example_dags/example_skip_dag.py
[2024-06-11T20:37:54.660+0000] {processor.py:756} INFO - Processing file /home/airflow/.local/lib/python3.7/site-packages/airflow/example_dags/example_skip_dag.py for tasks to queue
[2024-06-11T20:37:54.661+0000] {logging_mixin.py:120} INFO - [2024-06-11T20:37:54.660+0000] {dagbag.py:537} INFO - Filling up the DagBag from /home/airflow/.local/lib/python3.7/site-packages/airflow/example_dags/example_skip_dag.py
[2024-06-11T20:37:54.674+0000] {processor.py:766} INFO - DAG(s) dict_keys(['example_skip_dag']) retrieved from /home/airflow/.local/lib/python3.7/site-packages/airflow/example_dags/example_skip_dag.py
[2024-06-11T20:37:54.709+0000] {logging_mixin.py:120} INFO - [2024-06-11T20:37:54.709+0000] {dag.py:2585} INFO - Sync 1 DAGs
[2024-06-11T20:37:54.731+0000] {logging_mixin.py:120} INFO - [2024-06-11T20:37:54.731+0000] {dag.py:3340} INFO - Setting next_dagrun for example_skip_dag to 2024-06-10T20:37:54.731121+00:00, run_after=2024-06-11T20:37:54.731121+00:00
[2024-06-11T20:37:54.756+0000] {processor.py:176} INFO - Processing /home/airflow/.local/lib/python3.7/site-packages/airflow/example_dags/example_skip_dag.py took 0.101 seconds
[2024-06-11T20:38:26.553+0000] {processor.py:154} INFO - Started process (PID=2349) to work on /home/airflow/.local/lib/python3.7/site-packages/airflow/example_dags/example_skip_dag.py
[2024-06-11T20:38:26.554+0000] {processor.py:756} INFO - Processing file /home/airflow/.local/lib/python3.7/site-packages/airflow/example_dags/example_skip_dag.py for tasks to queue
[2024-06-11T20:38:26.555+0000] {logging_mixin.py:120} INFO - [2024-06-11T20:38:26.555+0000] {dagbag.py:537} INFO - Filling up the DagBag from /home/airflow/.local/lib/python3.7/site-packages/airflow/example_dags/example_skip_dag.py
[2024-06-11T20:38:26.574+0000] {processor.py:766} INFO - DAG(s) dict_keys(['example_skip_dag']) retrieved from /home/airflow/.local/lib/python3.7/site-packages/airflow/example_dags/example_skip_dag.py
[2024-06-11T20:38:26.628+0000] {logging_mixin.py:120} INFO - [2024-06-11T20:38:26.628+0000] {dag.py:2585} INFO - Sync 1 DAGs
[2024-06-11T20:38:26.665+0000] {logging_mixin.py:120} INFO - [2024-06-11T20:38:26.665+0000] {dag.py:3340} INFO - Setting next_dagrun for example_skip_dag to 2024-06-10T20:38:26.665159+00:00, run_after=2024-06-11T20:38:26.665159+00:00
[2024-06-11T20:38:26.686+0000] {processor.py:176} INFO - Processing /home/airflow/.local/lib/python3.7/site-packages/airflow/example_dags/example_skip_dag.py took 0.137 seconds
[2024-06-11T20:53:50.210+0000] {processor.py:154} INFO - Started process (PID=2402) to work on /home/airflow/.local/lib/python3.7/site-packages/airflow/example_dags/example_skip_dag.py
[2024-06-11T20:53:50.212+0000] {processor.py:756} INFO - Processing file /home/airflow/.local/lib/python3.7/site-packages/airflow/example_dags/example_skip_dag.py for tasks to queue
[2024-06-11T20:53:50.214+0000] {logging_mixin.py:120} INFO - [2024-06-11T20:53:50.213+0000] {dagbag.py:537} INFO - Filling up the DagBag from /home/airflow/.local/lib/python3.7/site-packages/airflow/example_dags/example_skip_dag.py
[2024-06-11T20:53:50.240+0000] {processor.py:766} INFO - DAG(s) dict_keys(['example_skip_dag']) retrieved from /home/airflow/.local/lib/python3.7/site-packages/airflow/example_dags/example_skip_dag.py
[2024-06-11T20:53:50.316+0000] {logging_mixin.py:120} INFO - [2024-06-11T20:53:50.316+0000] {dag.py:2585} INFO - Sync 1 DAGs
[2024-06-11T20:53:50.366+0000] {logging_mixin.py:120} INFO - [2024-06-11T20:53:50.366+0000] {dag.py:3340} INFO - Setting next_dagrun for example_skip_dag to 2024-06-10T20:53:50.366098+00:00, run_after=2024-06-11T20:53:50.366098+00:00
[2024-06-11T20:53:50.398+0000] {processor.py:176} INFO - Processing /home/airflow/.local/lib/python3.7/site-packages/airflow/example_dags/example_skip_dag.py took 0.194 seconds
[2024-06-11T20:54:21.118+0000] {processor.py:154} INFO - Started process (PID=2465) to work on /home/airflow/.local/lib/python3.7/site-packages/airflow/example_dags/example_skip_dag.py
[2024-06-11T20:54:21.118+0000] {processor.py:756} INFO - Processing file /home/airflow/.local/lib/python3.7/site-packages/airflow/example_dags/example_skip_dag.py for tasks to queue
[2024-06-11T20:54:21.119+0000] {logging_mixin.py:120} INFO - [2024-06-11T20:54:21.119+0000] {dagbag.py:537} INFO - Filling up the DagBag from /home/airflow/.local/lib/python3.7/site-packages/airflow/example_dags/example_skip_dag.py
[2024-06-11T20:54:21.132+0000] {processor.py:766} INFO - DAG(s) dict_keys(['example_skip_dag']) retrieved from /home/airflow/.local/lib/python3.7/site-packages/airflow/example_dags/example_skip_dag.py
[2024-06-11T20:54:21.166+0000] {logging_mixin.py:120} INFO - [2024-06-11T20:54:21.166+0000] {dag.py:2585} INFO - Sync 1 DAGs
[2024-06-11T20:54:21.190+0000] {logging_mixin.py:120} INFO - [2024-06-11T20:54:21.190+0000] {dag.py:3340} INFO - Setting next_dagrun for example_skip_dag to 2024-06-10T20:54:21.189849+00:00, run_after=2024-06-11T20:54:21.189849+00:00
[2024-06-11T20:54:21.207+0000] {processor.py:176} INFO - Processing /home/airflow/.local/lib/python3.7/site-packages/airflow/example_dags/example_skip_dag.py took 0.092 seconds
[2024-06-11T20:54:51.373+0000] {processor.py:154} INFO - Started process (PID=2528) to work on /home/airflow/.local/lib/python3.7/site-packages/airflow/example_dags/example_skip_dag.py
[2024-06-11T20:54:51.389+0000] {processor.py:756} INFO - Processing file /home/airflow/.local/lib/python3.7/site-packages/airflow/example_dags/example_skip_dag.py for tasks to queue
[2024-06-11T20:54:51.390+0000] {logging_mixin.py:120} INFO - [2024-06-11T20:54:51.390+0000] {dagbag.py:537} INFO - Filling up the DagBag from /home/airflow/.local/lib/python3.7/site-packages/airflow/example_dags/example_skip_dag.py
[2024-06-11T20:54:51.403+0000] {processor.py:766} INFO - DAG(s) dict_keys(['example_skip_dag']) retrieved from /home/airflow/.local/lib/python3.7/site-packages/airflow/example_dags/example_skip_dag.py
[2024-06-11T20:54:51.436+0000] {logging_mixin.py:120} INFO - [2024-06-11T20:54:51.436+0000] {dag.py:2585} INFO - Sync 1 DAGs
[2024-06-11T20:54:51.456+0000] {logging_mixin.py:120} INFO - [2024-06-11T20:54:51.456+0000] {dag.py:3340} INFO - Setting next_dagrun for example_skip_dag to 2024-06-10T20:54:51.455992+00:00, run_after=2024-06-11T20:54:51.455992+00:00
[2024-06-11T20:54:51.471+0000] {processor.py:176} INFO - Processing /home/airflow/.local/lib/python3.7/site-packages/airflow/example_dags/example_skip_dag.py took 0.101 seconds
[2024-06-11T20:55:21.578+0000] {processor.py:154} INFO - Started process (PID=2591) to work on /home/airflow/.local/lib/python3.7/site-packages/airflow/example_dags/example_skip_dag.py
[2024-06-11T20:55:21.579+0000] {processor.py:756} INFO - Processing file /home/airflow/.local/lib/python3.7/site-packages/airflow/example_dags/example_skip_dag.py for tasks to queue
[2024-06-11T20:55:21.580+0000] {logging_mixin.py:120} INFO - [2024-06-11T20:55:21.579+0000] {dagbag.py:537} INFO - Filling up the DagBag from /home/airflow/.local/lib/python3.7/site-packages/airflow/example_dags/example_skip_dag.py
[2024-06-11T20:55:21.593+0000] {processor.py:766} INFO - DAG(s) dict_keys(['example_skip_dag']) retrieved from /home/airflow/.local/lib/python3.7/site-packages/airflow/example_dags/example_skip_dag.py
[2024-06-11T20:55:21.628+0000] {logging_mixin.py:120} INFO - [2024-06-11T20:55:21.628+0000] {dag.py:2585} INFO - Sync 1 DAGs
[2024-06-11T20:55:21.650+0000] {logging_mixin.py:120} INFO - [2024-06-11T20:55:21.650+0000] {dag.py:3340} INFO - Setting next_dagrun for example_skip_dag to 2024-06-10T20:55:21.650188+00:00, run_after=2024-06-11T20:55:21.650188+00:00
[2024-06-11T20:55:21.665+0000] {processor.py:176} INFO - Processing /home/airflow/.local/lib/python3.7/site-packages/airflow/example_dags/example_skip_dag.py took 0.090 seconds
[2024-06-11T20:55:51.845+0000] {processor.py:154} INFO - Started process (PID=2645) to work on /home/airflow/.local/lib/python3.7/site-packages/airflow/example_dags/example_skip_dag.py
[2024-06-11T20:55:51.846+0000] {processor.py:756} INFO - Processing file /home/airflow/.local/lib/python3.7/site-packages/airflow/example_dags/example_skip_dag.py for tasks to queue
[2024-06-11T20:55:51.847+0000] {logging_mixin.py:120} INFO - [2024-06-11T20:55:51.847+0000] {dagbag.py:537} INFO - Filling up the DagBag from /home/airflow/.local/lib/python3.7/site-packages/airflow/example_dags/example_skip_dag.py
[2024-06-11T20:55:51.860+0000] {processor.py:766} INFO - DAG(s) dict_keys(['example_skip_dag']) retrieved from /home/airflow/.local/lib/python3.7/site-packages/airflow/example_dags/example_skip_dag.py
[2024-06-11T20:55:51.892+0000] {logging_mixin.py:120} INFO - [2024-06-11T20:55:51.892+0000] {dag.py:2585} INFO - Sync 1 DAGs
[2024-06-11T20:55:51.913+0000] {logging_mixin.py:120} INFO - [2024-06-11T20:55:51.912+0000] {dag.py:3340} INFO - Setting next_dagrun for example_skip_dag to 2024-06-10T20:55:51.912755+00:00, run_after=2024-06-11T20:55:51.912755+00:00
[2024-06-11T20:55:51.928+0000] {processor.py:176} INFO - Processing /home/airflow/.local/lib/python3.7/site-packages/airflow/example_dags/example_skip_dag.py took 0.086 seconds
[2024-06-11T20:57:22.170+0000] {processor.py:154} INFO - Started process (PID=2708) to work on /home/airflow/.local/lib/python3.7/site-packages/airflow/example_dags/example_skip_dag.py
[2024-06-11T20:57:22.171+0000] {processor.py:756} INFO - Processing file /home/airflow/.local/lib/python3.7/site-packages/airflow/example_dags/example_skip_dag.py for tasks to queue
[2024-06-11T20:57:22.172+0000] {logging_mixin.py:120} INFO - [2024-06-11T20:57:22.171+0000] {dagbag.py:537} INFO - Filling up the DagBag from /home/airflow/.local/lib/python3.7/site-packages/airflow/example_dags/example_skip_dag.py
[2024-06-11T20:57:22.184+0000] {processor.py:766} INFO - DAG(s) dict_keys(['example_skip_dag']) retrieved from /home/airflow/.local/lib/python3.7/site-packages/airflow/example_dags/example_skip_dag.py
[2024-06-11T20:57:22.217+0000] {logging_mixin.py:120} INFO - [2024-06-11T20:57:22.217+0000] {dag.py:2585} INFO - Sync 1 DAGs
[2024-06-11T20:57:22.239+0000] {logging_mixin.py:120} INFO - [2024-06-11T20:57:22.239+0000] {dag.py:3340} INFO - Setting next_dagrun for example_skip_dag to 2024-06-10T20:57:22.239070+00:00, run_after=2024-06-11T20:57:22.239070+00:00
[2024-06-11T20:57:22.255+0000] {processor.py:176} INFO - Processing /home/airflow/.local/lib/python3.7/site-packages/airflow/example_dags/example_skip_dag.py took 0.089 seconds
[2024-06-11T20:57:52.443+0000] {processor.py:154} INFO - Started process (PID=2770) to work on /home/airflow/.local/lib/python3.7/site-packages/airflow/example_dags/example_skip_dag.py
[2024-06-11T20:57:52.444+0000] {processor.py:756} INFO - Processing file /home/airflow/.local/lib/python3.7/site-packages/airflow/example_dags/example_skip_dag.py for tasks to queue
[2024-06-11T20:57:52.445+0000] {logging_mixin.py:120} INFO - [2024-06-11T20:57:52.445+0000] {dagbag.py:537} INFO - Filling up the DagBag from /home/airflow/.local/lib/python3.7/site-packages/airflow/example_dags/example_skip_dag.py
[2024-06-11T20:57:52.457+0000] {processor.py:766} INFO - DAG(s) dict_keys(['example_skip_dag']) retrieved from /home/airflow/.local/lib/python3.7/site-packages/airflow/example_dags/example_skip_dag.py
[2024-06-11T20:57:52.492+0000] {logging_mixin.py:120} INFO - [2024-06-11T20:57:52.491+0000] {dag.py:2585} INFO - Sync 1 DAGs
[2024-06-11T20:57:52.513+0000] {logging_mixin.py:120} INFO - [2024-06-11T20:57:52.512+0000] {dag.py:3340} INFO - Setting next_dagrun for example_skip_dag to 2024-06-10T20:57:52.512732+00:00, run_after=2024-06-11T20:57:52.512732+00:00
[2024-06-11T20:57:52.529+0000] {processor.py:176} INFO - Processing /home/airflow/.local/lib/python3.7/site-packages/airflow/example_dags/example_skip_dag.py took 0.089 seconds
[2024-06-11T20:58:22.674+0000] {processor.py:154} INFO - Started process (PID=2824) to work on /home/airflow/.local/lib/python3.7/site-packages/airflow/example_dags/example_skip_dag.py
[2024-06-11T20:58:22.675+0000] {processor.py:756} INFO - Processing file /home/airflow/.local/lib/python3.7/site-packages/airflow/example_dags/example_skip_dag.py for tasks to queue
[2024-06-11T20:58:22.676+0000] {logging_mixin.py:120} INFO - [2024-06-11T20:58:22.676+0000] {dagbag.py:537} INFO - Filling up the DagBag from /home/airflow/.local/lib/python3.7/site-packages/airflow/example_dags/example_skip_dag.py
[2024-06-11T20:58:22.689+0000] {processor.py:766} INFO - DAG(s) dict_keys(['example_skip_dag']) retrieved from /home/airflow/.local/lib/python3.7/site-packages/airflow/example_dags/example_skip_dag.py
[2024-06-11T20:58:22.723+0000] {logging_mixin.py:120} INFO - [2024-06-11T20:58:22.723+0000] {dag.py:2585} INFO - Sync 1 DAGs
[2024-06-11T20:58:22.745+0000] {logging_mixin.py:120} INFO - [2024-06-11T20:58:22.745+0000] {dag.py:3340} INFO - Setting next_dagrun for example_skip_dag to 2024-06-10T20:58:22.745155+00:00, run_after=2024-06-11T20:58:22.745155+00:00
[2024-06-11T20:58:22.761+0000] {processor.py:176} INFO - Processing /home/airflow/.local/lib/python3.7/site-packages/airflow/example_dags/example_skip_dag.py took 0.090 seconds
[2024-06-11T20:58:53.012+0000] {processor.py:154} INFO - Started process (PID=2887) to work on /home/airflow/.local/lib/python3.7/site-packages/airflow/example_dags/example_skip_dag.py
[2024-06-11T20:58:53.013+0000] {processor.py:756} INFO - Processing file /home/airflow/.local/lib/python3.7/site-packages/airflow/example_dags/example_skip_dag.py for tasks to queue
[2024-06-11T20:58:53.013+0000] {logging_mixin.py:120} INFO - [2024-06-11T20:58:53.013+0000] {dagbag.py:537} INFO - Filling up the DagBag from /home/airflow/.local/lib/python3.7/site-packages/airflow/example_dags/example_skip_dag.py
[2024-06-11T20:58:53.026+0000] {processor.py:766} INFO - DAG(s) dict_keys(['example_skip_dag']) retrieved from /home/airflow/.local/lib/python3.7/site-packages/airflow/example_dags/example_skip_dag.py
[2024-06-11T20:58:53.059+0000] {logging_mixin.py:120} INFO - [2024-06-11T20:58:53.059+0000] {dag.py:2585} INFO - Sync 1 DAGs
[2024-06-11T20:58:53.080+0000] {logging_mixin.py:120} INFO - [2024-06-11T20:58:53.080+0000] {dag.py:3340} INFO - Setting next_dagrun for example_skip_dag to 2024-06-10T20:58:53.079939+00:00, run_after=2024-06-11T20:58:53.079939+00:00
[2024-06-11T20:58:53.096+0000] {processor.py:176} INFO - Processing /home/airflow/.local/lib/python3.7/site-packages/airflow/example_dags/example_skip_dag.py took 0.087 seconds
[2024-06-11T21:14:53.965+0000] {processor.py:154} INFO - Started process (PID=2949) to work on /home/airflow/.local/lib/python3.7/site-packages/airflow/example_dags/example_skip_dag.py
[2024-06-11T21:14:53.966+0000] {processor.py:756} INFO - Processing file /home/airflow/.local/lib/python3.7/site-packages/airflow/example_dags/example_skip_dag.py for tasks to queue
[2024-06-11T21:14:53.968+0000] {logging_mixin.py:120} INFO - [2024-06-11T21:14:53.968+0000] {dagbag.py:537} INFO - Filling up the DagBag from /home/airflow/.local/lib/python3.7/site-packages/airflow/example_dags/example_skip_dag.py
[2024-06-11T21:14:53.985+0000] {processor.py:766} INFO - DAG(s) dict_keys(['example_skip_dag']) retrieved from /home/airflow/.local/lib/python3.7/site-packages/airflow/example_dags/example_skip_dag.py
[2024-06-11T21:14:54.028+0000] {logging_mixin.py:120} INFO - [2024-06-11T21:14:54.028+0000] {dag.py:2585} INFO - Sync 1 DAGs
[2024-06-11T21:14:54.057+0000] {logging_mixin.py:120} INFO - [2024-06-11T21:14:54.057+0000] {dag.py:3340} INFO - Setting next_dagrun for example_skip_dag to 2024-06-10T21:14:54.057112+00:00, run_after=2024-06-11T21:14:54.057112+00:00
[2024-06-11T21:14:54.079+0000] {processor.py:176} INFO - Processing /home/airflow/.local/lib/python3.7/site-packages/airflow/example_dags/example_skip_dag.py took 0.119 seconds
[2024-06-11T21:15:24.724+0000] {processor.py:154} INFO - Started process (PID=3012) to work on /home/airflow/.local/lib/python3.7/site-packages/airflow/example_dags/example_skip_dag.py
[2024-06-11T21:15:24.725+0000] {processor.py:756} INFO - Processing file /home/airflow/.local/lib/python3.7/site-packages/airflow/example_dags/example_skip_dag.py for tasks to queue
[2024-06-11T21:15:24.726+0000] {logging_mixin.py:120} INFO - [2024-06-11T21:15:24.726+0000] {dagbag.py:537} INFO - Filling up the DagBag from /home/airflow/.local/lib/python3.7/site-packages/airflow/example_dags/example_skip_dag.py
[2024-06-11T21:15:24.738+0000] {processor.py:766} INFO - DAG(s) dict_keys(['example_skip_dag']) retrieved from /home/airflow/.local/lib/python3.7/site-packages/airflow/example_dags/example_skip_dag.py
[2024-06-11T21:15:24.772+0000] {logging_mixin.py:120} INFO - [2024-06-11T21:15:24.771+0000] {dag.py:2585} INFO - Sync 1 DAGs
[2024-06-11T21:15:24.792+0000] {logging_mixin.py:120} INFO - [2024-06-11T21:15:24.792+0000] {dag.py:3340} INFO - Setting next_dagrun for example_skip_dag to 2024-06-10T21:15:24.792639+00:00, run_after=2024-06-11T21:15:24.792639+00:00
[2024-06-11T21:15:24.808+0000] {processor.py:176} INFO - Processing /home/airflow/.local/lib/python3.7/site-packages/airflow/example_dags/example_skip_dag.py took 0.087 seconds
[2024-06-11T21:15:55.097+0000] {processor.py:154} INFO - Started process (PID=3066) to work on /home/airflow/.local/lib/python3.7/site-packages/airflow/example_dags/example_skip_dag.py
[2024-06-11T21:15:55.097+0000] {processor.py:756} INFO - Processing file /home/airflow/.local/lib/python3.7/site-packages/airflow/example_dags/example_skip_dag.py for tasks to queue
[2024-06-11T21:15:55.098+0000] {logging_mixin.py:120} INFO - [2024-06-11T21:15:55.098+0000] {dagbag.py:537} INFO - Filling up the DagBag from /home/airflow/.local/lib/python3.7/site-packages/airflow/example_dags/example_skip_dag.py
[2024-06-11T21:15:55.110+0000] {processor.py:766} INFO - DAG(s) dict_keys(['example_skip_dag']) retrieved from /home/airflow/.local/lib/python3.7/site-packages/airflow/example_dags/example_skip_dag.py
[2024-06-11T21:15:55.145+0000] {logging_mixin.py:120} INFO - [2024-06-11T21:15:55.145+0000] {dag.py:2585} INFO - Sync 1 DAGs
[2024-06-11T21:15:55.167+0000] {logging_mixin.py:120} INFO - [2024-06-11T21:15:55.167+0000] {dag.py:3340} INFO - Setting next_dagrun for example_skip_dag to 2024-06-10T21:15:55.167314+00:00, run_after=2024-06-11T21:15:55.167314+00:00
[2024-06-11T21:15:55.184+0000] {processor.py:176} INFO - Processing /home/airflow/.local/lib/python3.7/site-packages/airflow/example_dags/example_skip_dag.py took 0.090 seconds
[2024-06-11T21:16:25.499+0000] {processor.py:154} INFO - Started process (PID=3128) to work on /home/airflow/.local/lib/python3.7/site-packages/airflow/example_dags/example_skip_dag.py
[2024-06-11T21:16:25.500+0000] {processor.py:756} INFO - Processing file /home/airflow/.local/lib/python3.7/site-packages/airflow/example_dags/example_skip_dag.py for tasks to queue
[2024-06-11T21:16:25.501+0000] {logging_mixin.py:120} INFO - [2024-06-11T21:16:25.501+0000] {dagbag.py:537} INFO - Filling up the DagBag from /home/airflow/.local/lib/python3.7/site-packages/airflow/example_dags/example_skip_dag.py
[2024-06-11T21:16:25.514+0000] {processor.py:766} INFO - DAG(s) dict_keys(['example_skip_dag']) retrieved from /home/airflow/.local/lib/python3.7/site-packages/airflow/example_dags/example_skip_dag.py
[2024-06-11T21:16:25.549+0000] {logging_mixin.py:120} INFO - [2024-06-11T21:16:25.549+0000] {dag.py:2585} INFO - Sync 1 DAGs
[2024-06-11T21:16:25.571+0000] {logging_mixin.py:120} INFO - [2024-06-11T21:16:25.571+0000] {dag.py:3340} INFO - Setting next_dagrun for example_skip_dag to 2024-06-10T21:16:25.571052+00:00, run_after=2024-06-11T21:16:25.571052+00:00
[2024-06-11T21:16:25.594+0000] {processor.py:176} INFO - Processing /home/airflow/.local/lib/python3.7/site-packages/airflow/example_dags/example_skip_dag.py took 0.097 seconds
[2024-06-11T21:16:55.949+0000] {processor.py:154} INFO - Started process (PID=3191) to work on /home/airflow/.local/lib/python3.7/site-packages/airflow/example_dags/example_skip_dag.py
[2024-06-11T21:16:55.950+0000] {processor.py:756} INFO - Processing file /home/airflow/.local/lib/python3.7/site-packages/airflow/example_dags/example_skip_dag.py for tasks to queue
[2024-06-11T21:16:55.951+0000] {logging_mixin.py:120} INFO - [2024-06-11T21:16:55.951+0000] {dagbag.py:537} INFO - Filling up the DagBag from /home/airflow/.local/lib/python3.7/site-packages/airflow/example_dags/example_skip_dag.py
[2024-06-11T21:16:55.964+0000] {processor.py:766} INFO - DAG(s) dict_keys(['example_skip_dag']) retrieved from /home/airflow/.local/lib/python3.7/site-packages/airflow/example_dags/example_skip_dag.py
[2024-06-11T21:16:55.998+0000] {logging_mixin.py:120} INFO - [2024-06-11T21:16:55.998+0000] {dag.py:2585} INFO - Sync 1 DAGs
[2024-06-11T21:16:56.020+0000] {logging_mixin.py:120} INFO - [2024-06-11T21:16:56.020+0000] {dag.py:3340} INFO - Setting next_dagrun for example_skip_dag to 2024-06-10T21:16:56.020426+00:00, run_after=2024-06-11T21:16:56.020426+00:00
[2024-06-11T21:16:56.036+0000] {processor.py:176} INFO - Processing /home/airflow/.local/lib/python3.7/site-packages/airflow/example_dags/example_skip_dag.py took 0.090 seconds
[2024-06-11T21:30:34.696+0000] {processor.py:154} INFO - Started process (PID=3246) to work on /home/airflow/.local/lib/python3.7/site-packages/airflow/example_dags/example_skip_dag.py
[2024-06-11T21:30:34.697+0000] {processor.py:756} INFO - Processing file /home/airflow/.local/lib/python3.7/site-packages/airflow/example_dags/example_skip_dag.py for tasks to queue
[2024-06-11T21:30:34.698+0000] {logging_mixin.py:120} INFO - [2024-06-11T21:30:34.698+0000] {dagbag.py:537} INFO - Filling up the DagBag from /home/airflow/.local/lib/python3.7/site-packages/airflow/example_dags/example_skip_dag.py
[2024-06-11T21:30:34.710+0000] {processor.py:766} INFO - DAG(s) dict_keys(['example_skip_dag']) retrieved from /home/airflow/.local/lib/python3.7/site-packages/airflow/example_dags/example_skip_dag.py
[2024-06-11T21:30:34.751+0000] {logging_mixin.py:120} INFO - [2024-06-11T21:30:34.751+0000] {dag.py:2585} INFO - Sync 1 DAGs
[2024-06-11T21:30:34.773+0000] {logging_mixin.py:120} INFO - [2024-06-11T21:30:34.773+0000] {dag.py:3340} INFO - Setting next_dagrun for example_skip_dag to 2024-06-10T21:30:34.773441+00:00, run_after=2024-06-11T21:30:34.773441+00:00
[2024-06-11T21:30:34.789+0000] {processor.py:176} INFO - Processing /home/airflow/.local/lib/python3.7/site-packages/airflow/example_dags/example_skip_dag.py took 0.096 seconds
[2024-06-11T21:31:05.252+0000] {processor.py:154} INFO - Started process (PID=3309) to work on /home/airflow/.local/lib/python3.7/site-packages/airflow/example_dags/example_skip_dag.py
[2024-06-11T21:31:05.253+0000] {processor.py:756} INFO - Processing file /home/airflow/.local/lib/python3.7/site-packages/airflow/example_dags/example_skip_dag.py for tasks to queue
[2024-06-11T21:31:05.254+0000] {logging_mixin.py:120} INFO - [2024-06-11T21:31:05.254+0000] {dagbag.py:537} INFO - Filling up the DagBag from /home/airflow/.local/lib/python3.7/site-packages/airflow/example_dags/example_skip_dag.py
[2024-06-11T21:31:05.267+0000] {processor.py:766} INFO - DAG(s) dict_keys(['example_skip_dag']) retrieved from /home/airflow/.local/lib/python3.7/site-packages/airflow/example_dags/example_skip_dag.py
[2024-06-11T21:31:05.302+0000] {logging_mixin.py:120} INFO - [2024-06-11T21:31:05.302+0000] {dag.py:2585} INFO - Sync 1 DAGs
[2024-06-11T21:31:05.325+0000] {logging_mixin.py:120} INFO - [2024-06-11T21:31:05.325+0000] {dag.py:3340} INFO - Setting next_dagrun for example_skip_dag to 2024-06-10T21:31:05.325291+00:00, run_after=2024-06-11T21:31:05.325291+00:00
[2024-06-11T21:31:05.341+0000] {processor.py:176} INFO - Processing /home/airflow/.local/lib/python3.7/site-packages/airflow/example_dags/example_skip_dag.py took 0.093 seconds
[2024-06-11T21:31:35.905+0000] {processor.py:154} INFO - Started process (PID=3372) to work on /home/airflow/.local/lib/python3.7/site-packages/airflow/example_dags/example_skip_dag.py
[2024-06-11T21:31:35.906+0000] {processor.py:756} INFO - Processing file /home/airflow/.local/lib/python3.7/site-packages/airflow/example_dags/example_skip_dag.py for tasks to queue
[2024-06-11T21:31:35.907+0000] {logging_mixin.py:120} INFO - [2024-06-11T21:31:35.906+0000] {dagbag.py:537} INFO - Filling up the DagBag from /home/airflow/.local/lib/python3.7/site-packages/airflow/example_dags/example_skip_dag.py
[2024-06-11T21:31:35.920+0000] {processor.py:766} INFO - DAG(s) dict_keys(['example_skip_dag']) retrieved from /home/airflow/.local/lib/python3.7/site-packages/airflow/example_dags/example_skip_dag.py
[2024-06-11T21:31:35.953+0000] {logging_mixin.py:120} INFO - [2024-06-11T21:31:35.953+0000] {dag.py:2585} INFO - Sync 1 DAGs
[2024-06-11T21:31:35.975+0000] {logging_mixin.py:120} INFO - [2024-06-11T21:31:35.975+0000] {dag.py:3340} INFO - Setting next_dagrun for example_skip_dag to 2024-06-10T21:31:35.975441+00:00, run_after=2024-06-11T21:31:35.975441+00:00
[2024-06-11T21:31:35.996+0000] {processor.py:176} INFO - Processing /home/airflow/.local/lib/python3.7/site-packages/airflow/example_dags/example_skip_dag.py took 0.095 seconds
[2024-06-11T21:32:06.329+0000] {processor.py:154} INFO - Started process (PID=3435) to work on /home/airflow/.local/lib/python3.7/site-packages/airflow/example_dags/example_skip_dag.py
[2024-06-11T21:32:06.331+0000] {processor.py:756} INFO - Processing file /home/airflow/.local/lib/python3.7/site-packages/airflow/example_dags/example_skip_dag.py for tasks to queue
[2024-06-11T21:32:06.331+0000] {logging_mixin.py:120} INFO - [2024-06-11T21:32:06.331+0000] {dagbag.py:537} INFO - Filling up the DagBag from /home/airflow/.local/lib/python3.7/site-packages/airflow/example_dags/example_skip_dag.py
[2024-06-11T21:32:06.345+0000] {processor.py:766} INFO - DAG(s) dict_keys(['example_skip_dag']) retrieved from /home/airflow/.local/lib/python3.7/site-packages/airflow/example_dags/example_skip_dag.py
[2024-06-11T21:32:06.378+0000] {logging_mixin.py:120} INFO - [2024-06-11T21:32:06.378+0000] {dag.py:2585} INFO - Sync 1 DAGs
[2024-06-11T21:32:06.401+0000] {logging_mixin.py:120} INFO - [2024-06-11T21:32:06.401+0000] {dag.py:3340} INFO - Setting next_dagrun for example_skip_dag to 2024-06-10T21:32:06.401229+00:00, run_after=2024-06-11T21:32:06.401229+00:00
[2024-06-11T21:32:06.418+0000] {processor.py:176} INFO - Processing /home/airflow/.local/lib/python3.7/site-packages/airflow/example_dags/example_skip_dag.py took 0.092 seconds
[2024-06-11T21:32:36.584+0000] {processor.py:154} INFO - Started process (PID=3496) to work on /home/airflow/.local/lib/python3.7/site-packages/airflow/example_dags/example_skip_dag.py
[2024-06-11T21:32:36.585+0000] {processor.py:756} INFO - Processing file /home/airflow/.local/lib/python3.7/site-packages/airflow/example_dags/example_skip_dag.py for tasks to queue
[2024-06-11T21:32:36.586+0000] {logging_mixin.py:120} INFO - [2024-06-11T21:32:36.585+0000] {dagbag.py:537} INFO - Filling up the DagBag from /home/airflow/.local/lib/python3.7/site-packages/airflow/example_dags/example_skip_dag.py
[2024-06-11T21:32:36.599+0000] {processor.py:766} INFO - DAG(s) dict_keys(['example_skip_dag']) retrieved from /home/airflow/.local/lib/python3.7/site-packages/airflow/example_dags/example_skip_dag.py
[2024-06-11T21:32:36.635+0000] {logging_mixin.py:120} INFO - [2024-06-11T21:32:36.635+0000] {dag.py:2585} INFO - Sync 1 DAGs
[2024-06-11T21:32:36.659+0000] {logging_mixin.py:120} INFO - [2024-06-11T21:32:36.659+0000] {dag.py:3340} INFO - Setting next_dagrun for example_skip_dag to 2024-06-10T21:32:36.658652+00:00, run_after=2024-06-11T21:32:36.658652+00:00
[2024-06-11T21:32:36.678+0000] {processor.py:176} INFO - Processing /home/airflow/.local/lib/python3.7/site-packages/airflow/example_dags/example_skip_dag.py took 0.097 seconds
[2024-06-11T21:33:06.852+0000] {processor.py:154} INFO - Started process (PID=3552) to work on /home/airflow/.local/lib/python3.7/site-packages/airflow/example_dags/example_skip_dag.py
[2024-06-11T21:33:06.853+0000] {processor.py:756} INFO - Processing file /home/airflow/.local/lib/python3.7/site-packages/airflow/example_dags/example_skip_dag.py for tasks to queue
[2024-06-11T21:33:06.854+0000] {logging_mixin.py:120} INFO - [2024-06-11T21:33:06.854+0000] {dagbag.py:537} INFO - Filling up the DagBag from /home/airflow/.local/lib/python3.7/site-packages/airflow/example_dags/example_skip_dag.py
[2024-06-11T21:33:06.867+0000] {processor.py:766} INFO - DAG(s) dict_keys(['example_skip_dag']) retrieved from /home/airflow/.local/lib/python3.7/site-packages/airflow/example_dags/example_skip_dag.py
[2024-06-11T21:33:06.902+0000] {logging_mixin.py:120} INFO - [2024-06-11T21:33:06.901+0000] {dag.py:2585} INFO - Sync 1 DAGs
[2024-06-11T21:33:06.924+0000] {logging_mixin.py:120} INFO - [2024-06-11T21:33:06.924+0000] {dag.py:3340} INFO - Setting next_dagrun for example_skip_dag to 2024-06-10T21:33:06.924110+00:00, run_after=2024-06-11T21:33:06.924110+00:00
[2024-06-11T21:33:06.941+0000] {processor.py:176} INFO - Processing /home/airflow/.local/lib/python3.7/site-packages/airflow/example_dags/example_skip_dag.py took 0.092 seconds
[2024-06-11T21:33:37.518+0000] {processor.py:154} INFO - Started process (PID=3615) to work on /home/airflow/.local/lib/python3.7/site-packages/airflow/example_dags/example_skip_dag.py
[2024-06-11T21:33:37.519+0000] {processor.py:756} INFO - Processing file /home/airflow/.local/lib/python3.7/site-packages/airflow/example_dags/example_skip_dag.py for tasks to queue
[2024-06-11T21:33:37.519+0000] {logging_mixin.py:120} INFO - [2024-06-11T21:33:37.519+0000] {dagbag.py:537} INFO - Filling up the DagBag from /home/airflow/.local/lib/python3.7/site-packages/airflow/example_dags/example_skip_dag.py
[2024-06-11T21:33:37.533+0000] {processor.py:766} INFO - DAG(s) dict_keys(['example_skip_dag']) retrieved from /home/airflow/.local/lib/python3.7/site-packages/airflow/example_dags/example_skip_dag.py
[2024-06-11T21:33:37.569+0000] {logging_mixin.py:120} INFO - [2024-06-11T21:33:37.569+0000] {dag.py:2585} INFO - Sync 1 DAGs
[2024-06-11T21:33:37.591+0000] {logging_mixin.py:120} INFO - [2024-06-11T21:33:37.590+0000] {dag.py:3340} INFO - Setting next_dagrun for example_skip_dag to 2024-06-10T21:33:37.590768+00:00, run_after=2024-06-11T21:33:37.590768+00:00
[2024-06-11T21:33:37.608+0000] {processor.py:176} INFO - Processing /home/airflow/.local/lib/python3.7/site-packages/airflow/example_dags/example_skip_dag.py took 0.094 seconds
[2024-06-11T21:35:20.061+0000] {processor.py:154} INFO - Started process (PID=66) to work on /home/airflow/.local/lib/python3.7/site-packages/airflow/example_dags/example_skip_dag.py
[2024-06-11T21:35:20.063+0000] {processor.py:756} INFO - Processing file /home/airflow/.local/lib/python3.7/site-packages/airflow/example_dags/example_skip_dag.py for tasks to queue
[2024-06-11T21:35:20.065+0000] {logging_mixin.py:120} INFO - [2024-06-11T21:35:20.064+0000] {dagbag.py:537} INFO - Filling up the DagBag from /home/airflow/.local/lib/python3.7/site-packages/airflow/example_dags/example_skip_dag.py
[2024-06-11T21:35:20.086+0000] {processor.py:766} INFO - DAG(s) dict_keys(['example_skip_dag']) retrieved from /home/airflow/.local/lib/python3.7/site-packages/airflow/example_dags/example_skip_dag.py
[2024-06-11T21:35:20.136+0000] {logging_mixin.py:120} INFO - [2024-06-11T21:35:20.136+0000] {dag.py:2585} INFO - Sync 1 DAGs
[2024-06-11T21:35:20.165+0000] {logging_mixin.py:120} INFO - [2024-06-11T21:35:20.165+0000] {dag.py:3340} INFO - Setting next_dagrun for example_skip_dag to 2024-06-10T21:35:20.165472+00:00, run_after=2024-06-11T21:35:20.165472+00:00
[2024-06-11T21:35:20.188+0000] {processor.py:176} INFO - Processing /home/airflow/.local/lib/python3.7/site-packages/airflow/example_dags/example_skip_dag.py took 0.132 seconds
