[2024-06-11T13:03:42.007+0000] {processor.py:154} INFO - Started process (PID=79) to work on /home/airflow/.local/lib/python3.7/site-packages/airflow/example_dags/example_time_delta_sensor_async.py
[2024-06-11T13:03:42.011+0000] {processor.py:756} INFO - Processing file /home/airflow/.local/lib/python3.7/site-packages/airflow/example_dags/example_time_delta_sensor_async.py for tasks to queue
[2024-06-11T13:03:42.013+0000] {logging_mixin.py:120} INFO - [2024-06-11T13:03:42.013+0000] {dagbag.py:537} INFO - Filling up the DagBag from /home/airflow/.local/lib/python3.7/site-packages/airflow/example_dags/example_time_delta_sensor_async.py
[2024-06-11T13:03:42.069+0000] {processor.py:766} INFO - DAG(s) dict_keys(['example_time_delta_sensor_async']) retrieved from /home/airflow/.local/lib/python3.7/site-packages/airflow/example_dags/example_time_delta_sensor_async.py
[2024-06-11T13:03:42.408+0000] {logging_mixin.py:120} INFO - [2024-06-11T13:03:42.408+0000] {dag.py:2585} INFO - Sync 1 DAGs
[2024-06-11T13:03:42.484+0000] {logging_mixin.py:120} INFO - [2024-06-11T13:03:42.484+0000] {dag.py:3340} INFO - Setting next_dagrun for example_time_delta_sensor_async to None, run_after=None
[2024-06-11T13:03:42.538+0000] {processor.py:176} INFO - Processing /home/airflow/.local/lib/python3.7/site-packages/airflow/example_dags/example_time_delta_sensor_async.py took 0.541 seconds
[2024-06-11T18:16:17.903+0000] {processor.py:154} INFO - Started process (PID=78) to work on /home/airflow/.local/lib/python3.7/site-packages/airflow/example_dags/example_time_delta_sensor_async.py
[2024-06-11T18:16:17.909+0000] {processor.py:756} INFO - Processing file /home/airflow/.local/lib/python3.7/site-packages/airflow/example_dags/example_time_delta_sensor_async.py for tasks to queue
[2024-06-11T18:16:17.912+0000] {logging_mixin.py:120} INFO - [2024-06-11T18:16:17.911+0000] {dagbag.py:537} INFO - Filling up the DagBag from /home/airflow/.local/lib/python3.7/site-packages/airflow/example_dags/example_time_delta_sensor_async.py
[2024-06-11T18:16:17.975+0000] {processor.py:766} INFO - DAG(s) dict_keys(['example_time_delta_sensor_async']) retrieved from /home/airflow/.local/lib/python3.7/site-packages/airflow/example_dags/example_time_delta_sensor_async.py
[2024-06-11T18:16:18.486+0000] {logging_mixin.py:120} INFO - [2024-06-11T18:16:18.485+0000] {dag.py:2585} INFO - Sync 1 DAGs
[2024-06-11T18:16:18.569+0000] {logging_mixin.py:120} INFO - [2024-06-11T18:16:18.569+0000] {dag.py:3340} INFO - Setting next_dagrun for example_time_delta_sensor_async to None, run_after=None
[2024-06-11T18:16:18.625+0000] {processor.py:176} INFO - Processing /home/airflow/.local/lib/python3.7/site-packages/airflow/example_dags/example_time_delta_sensor_async.py took 0.737 seconds
[2024-06-11T18:16:48.845+0000] {processor.py:154} INFO - Started process (PID=132) to work on /home/airflow/.local/lib/python3.7/site-packages/airflow/example_dags/example_time_delta_sensor_async.py
[2024-06-11T18:16:48.847+0000] {processor.py:756} INFO - Processing file /home/airflow/.local/lib/python3.7/site-packages/airflow/example_dags/example_time_delta_sensor_async.py for tasks to queue
[2024-06-11T18:16:48.848+0000] {logging_mixin.py:120} INFO - [2024-06-11T18:16:48.847+0000] {dagbag.py:537} INFO - Filling up the DagBag from /home/airflow/.local/lib/python3.7/site-packages/airflow/example_dags/example_time_delta_sensor_async.py
[2024-06-11T18:16:48.859+0000] {processor.py:766} INFO - DAG(s) dict_keys(['example_time_delta_sensor_async']) retrieved from /home/airflow/.local/lib/python3.7/site-packages/airflow/example_dags/example_time_delta_sensor_async.py
[2024-06-11T18:16:49.019+0000] {logging_mixin.py:120} INFO - [2024-06-11T18:16:49.019+0000] {dag.py:2585} INFO - Sync 1 DAGs
[2024-06-11T18:16:49.042+0000] {logging_mixin.py:120} INFO - [2024-06-11T18:16:49.042+0000] {dag.py:3340} INFO - Setting next_dagrun for example_time_delta_sensor_async to None, run_after=None
[2024-06-11T18:16:49.057+0000] {processor.py:176} INFO - Processing /home/airflow/.local/lib/python3.7/site-packages/airflow/example_dags/example_time_delta_sensor_async.py took 0.214 seconds
[2024-06-11T18:17:19.559+0000] {processor.py:154} INFO - Started process (PID=196) to work on /home/airflow/.local/lib/python3.7/site-packages/airflow/example_dags/example_time_delta_sensor_async.py
[2024-06-11T18:17:19.560+0000] {processor.py:756} INFO - Processing file /home/airflow/.local/lib/python3.7/site-packages/airflow/example_dags/example_time_delta_sensor_async.py for tasks to queue
[2024-06-11T18:17:19.561+0000] {logging_mixin.py:120} INFO - [2024-06-11T18:17:19.561+0000] {dagbag.py:537} INFO - Filling up the DagBag from /home/airflow/.local/lib/python3.7/site-packages/airflow/example_dags/example_time_delta_sensor_async.py
[2024-06-11T18:17:19.574+0000] {processor.py:766} INFO - DAG(s) dict_keys(['example_time_delta_sensor_async']) retrieved from /home/airflow/.local/lib/python3.7/site-packages/airflow/example_dags/example_time_delta_sensor_async.py
[2024-06-11T18:17:19.762+0000] {logging_mixin.py:120} INFO - [2024-06-11T18:17:19.762+0000] {dag.py:2585} INFO - Sync 1 DAGs
[2024-06-11T18:17:19.783+0000] {logging_mixin.py:120} INFO - [2024-06-11T18:17:19.783+0000] {dag.py:3340} INFO - Setting next_dagrun for example_time_delta_sensor_async to None, run_after=None
[2024-06-11T18:17:19.798+0000] {processor.py:176} INFO - Processing /home/airflow/.local/lib/python3.7/site-packages/airflow/example_dags/example_time_delta_sensor_async.py took 0.242 seconds
[2024-06-11T18:33:55.086+0000] {processor.py:154} INFO - Started process (PID=241) to work on /home/airflow/.local/lib/python3.7/site-packages/airflow/example_dags/example_time_delta_sensor_async.py
[2024-06-11T18:33:55.088+0000] {processor.py:756} INFO - Processing file /home/airflow/.local/lib/python3.7/site-packages/airflow/example_dags/example_time_delta_sensor_async.py for tasks to queue
[2024-06-11T18:33:55.089+0000] {logging_mixin.py:120} INFO - [2024-06-11T18:33:55.089+0000] {dagbag.py:537} INFO - Filling up the DagBag from /home/airflow/.local/lib/python3.7/site-packages/airflow/example_dags/example_time_delta_sensor_async.py
[2024-06-11T18:33:55.105+0000] {processor.py:766} INFO - DAG(s) dict_keys(['example_time_delta_sensor_async']) retrieved from /home/airflow/.local/lib/python3.7/site-packages/airflow/example_dags/example_time_delta_sensor_async.py
[2024-06-11T18:33:55.374+0000] {logging_mixin.py:120} INFO - [2024-06-11T18:33:55.374+0000] {dag.py:2585} INFO - Sync 1 DAGs
[2024-06-11T18:33:55.410+0000] {logging_mixin.py:120} INFO - [2024-06-11T18:33:55.410+0000] {dag.py:3340} INFO - Setting next_dagrun for example_time_delta_sensor_async to None, run_after=None
[2024-06-11T18:33:55.441+0000] {processor.py:176} INFO - Processing /home/airflow/.local/lib/python3.7/site-packages/airflow/example_dags/example_time_delta_sensor_async.py took 0.358 seconds
[2024-06-11T18:34:26.282+0000] {processor.py:154} INFO - Started process (PID=304) to work on /home/airflow/.local/lib/python3.7/site-packages/airflow/example_dags/example_time_delta_sensor_async.py
[2024-06-11T18:34:26.284+0000] {processor.py:756} INFO - Processing file /home/airflow/.local/lib/python3.7/site-packages/airflow/example_dags/example_time_delta_sensor_async.py for tasks to queue
[2024-06-11T18:34:26.285+0000] {logging_mixin.py:120} INFO - [2024-06-11T18:34:26.284+0000] {dagbag.py:537} INFO - Filling up the DagBag from /home/airflow/.local/lib/python3.7/site-packages/airflow/example_dags/example_time_delta_sensor_async.py
[2024-06-11T18:34:26.296+0000] {processor.py:766} INFO - DAG(s) dict_keys(['example_time_delta_sensor_async']) retrieved from /home/airflow/.local/lib/python3.7/site-packages/airflow/example_dags/example_time_delta_sensor_async.py
[2024-06-11T18:34:26.457+0000] {logging_mixin.py:120} INFO - [2024-06-11T18:34:26.457+0000] {dag.py:2585} INFO - Sync 1 DAGs
[2024-06-11T18:34:26.478+0000] {logging_mixin.py:120} INFO - [2024-06-11T18:34:26.478+0000] {dag.py:3340} INFO - Setting next_dagrun for example_time_delta_sensor_async to None, run_after=None
[2024-06-11T18:34:26.493+0000] {processor.py:176} INFO - Processing /home/airflow/.local/lib/python3.7/site-packages/airflow/example_dags/example_time_delta_sensor_async.py took 0.214 seconds
[2024-06-11T18:34:56.514+0000] {processor.py:154} INFO - Started process (PID=367) to work on /home/airflow/.local/lib/python3.7/site-packages/airflow/example_dags/example_time_delta_sensor_async.py
[2024-06-11T18:34:56.515+0000] {processor.py:756} INFO - Processing file /home/airflow/.local/lib/python3.7/site-packages/airflow/example_dags/example_time_delta_sensor_async.py for tasks to queue
[2024-06-11T18:34:56.516+0000] {logging_mixin.py:120} INFO - [2024-06-11T18:34:56.516+0000] {dagbag.py:537} INFO - Filling up the DagBag from /home/airflow/.local/lib/python3.7/site-packages/airflow/example_dags/example_time_delta_sensor_async.py
[2024-06-11T18:34:56.526+0000] {processor.py:766} INFO - DAG(s) dict_keys(['example_time_delta_sensor_async']) retrieved from /home/airflow/.local/lib/python3.7/site-packages/airflow/example_dags/example_time_delta_sensor_async.py
[2024-06-11T18:34:56.722+0000] {logging_mixin.py:120} INFO - [2024-06-11T18:34:56.722+0000] {dag.py:2585} INFO - Sync 1 DAGs
[2024-06-11T18:34:56.749+0000] {logging_mixin.py:120} INFO - [2024-06-11T18:34:56.749+0000] {dag.py:3340} INFO - Setting next_dagrun for example_time_delta_sensor_async to None, run_after=None
[2024-06-11T18:34:56.768+0000] {processor.py:176} INFO - Processing /home/airflow/.local/lib/python3.7/site-packages/airflow/example_dags/example_time_delta_sensor_async.py took 0.256 seconds
[2024-06-11T18:35:26.806+0000] {processor.py:154} INFO - Started process (PID=430) to work on /home/airflow/.local/lib/python3.7/site-packages/airflow/example_dags/example_time_delta_sensor_async.py
[2024-06-11T18:35:26.807+0000] {processor.py:756} INFO - Processing file /home/airflow/.local/lib/python3.7/site-packages/airflow/example_dags/example_time_delta_sensor_async.py for tasks to queue
[2024-06-11T18:35:26.808+0000] {logging_mixin.py:120} INFO - [2024-06-11T18:35:26.808+0000] {dagbag.py:537} INFO - Filling up the DagBag from /home/airflow/.local/lib/python3.7/site-packages/airflow/example_dags/example_time_delta_sensor_async.py
[2024-06-11T18:35:26.818+0000] {processor.py:766} INFO - DAG(s) dict_keys(['example_time_delta_sensor_async']) retrieved from /home/airflow/.local/lib/python3.7/site-packages/airflow/example_dags/example_time_delta_sensor_async.py
[2024-06-11T18:35:26.996+0000] {logging_mixin.py:120} INFO - [2024-06-11T18:35:26.996+0000] {dag.py:2585} INFO - Sync 1 DAGs
[2024-06-11T18:35:27.016+0000] {logging_mixin.py:120} INFO - [2024-06-11T18:35:27.016+0000] {dag.py:3340} INFO - Setting next_dagrun for example_time_delta_sensor_async to None, run_after=None
[2024-06-11T18:35:27.031+0000] {processor.py:176} INFO - Processing /home/airflow/.local/lib/python3.7/site-packages/airflow/example_dags/example_time_delta_sensor_async.py took 0.227 seconds
[2024-06-11T18:53:04.579+0000] {processor.py:154} INFO - Started process (PID=484) to work on /home/airflow/.local/lib/python3.7/site-packages/airflow/example_dags/example_time_delta_sensor_async.py
[2024-06-11T18:53:04.581+0000] {processor.py:756} INFO - Processing file /home/airflow/.local/lib/python3.7/site-packages/airflow/example_dags/example_time_delta_sensor_async.py for tasks to queue
[2024-06-11T18:53:04.582+0000] {logging_mixin.py:120} INFO - [2024-06-11T18:53:04.582+0000] {dagbag.py:537} INFO - Filling up the DagBag from /home/airflow/.local/lib/python3.7/site-packages/airflow/example_dags/example_time_delta_sensor_async.py
[2024-06-11T18:53:04.598+0000] {processor.py:766} INFO - DAG(s) dict_keys(['example_time_delta_sensor_async']) retrieved from /home/airflow/.local/lib/python3.7/site-packages/airflow/example_dags/example_time_delta_sensor_async.py
[2024-06-11T18:53:04.796+0000] {logging_mixin.py:120} INFO - [2024-06-11T18:53:04.796+0000] {dag.py:2585} INFO - Sync 1 DAGs
[2024-06-11T18:53:04.821+0000] {logging_mixin.py:120} INFO - [2024-06-11T18:53:04.821+0000] {dag.py:3340} INFO - Setting next_dagrun for example_time_delta_sensor_async to None, run_after=None
[2024-06-11T18:53:04.843+0000] {processor.py:176} INFO - Processing /home/airflow/.local/lib/python3.7/site-packages/airflow/example_dags/example_time_delta_sensor_async.py took 0.268 seconds
[2024-06-11T18:53:35.252+0000] {processor.py:154} INFO - Started process (PID=547) to work on /home/airflow/.local/lib/python3.7/site-packages/airflow/example_dags/example_time_delta_sensor_async.py
[2024-06-11T18:53:35.253+0000] {processor.py:756} INFO - Processing file /home/airflow/.local/lib/python3.7/site-packages/airflow/example_dags/example_time_delta_sensor_async.py for tasks to queue
[2024-06-11T18:53:35.254+0000] {logging_mixin.py:120} INFO - [2024-06-11T18:53:35.254+0000] {dagbag.py:537} INFO - Filling up the DagBag from /home/airflow/.local/lib/python3.7/site-packages/airflow/example_dags/example_time_delta_sensor_async.py
[2024-06-11T18:53:35.265+0000] {processor.py:766} INFO - DAG(s) dict_keys(['example_time_delta_sensor_async']) retrieved from /home/airflow/.local/lib/python3.7/site-packages/airflow/example_dags/example_time_delta_sensor_async.py
[2024-06-11T18:53:35.420+0000] {logging_mixin.py:120} INFO - [2024-06-11T18:53:35.419+0000] {dag.py:2585} INFO - Sync 1 DAGs
[2024-06-11T18:53:35.440+0000] {logging_mixin.py:120} INFO - [2024-06-11T18:53:35.440+0000] {dag.py:3340} INFO - Setting next_dagrun for example_time_delta_sensor_async to None, run_after=None
[2024-06-11T18:53:35.455+0000] {processor.py:176} INFO - Processing /home/airflow/.local/lib/python3.7/site-packages/airflow/example_dags/example_time_delta_sensor_async.py took 0.206 seconds
[2024-06-11T18:54:05.550+0000] {processor.py:154} INFO - Started process (PID=610) to work on /home/airflow/.local/lib/python3.7/site-packages/airflow/example_dags/example_time_delta_sensor_async.py
[2024-06-11T18:54:05.551+0000] {processor.py:756} INFO - Processing file /home/airflow/.local/lib/python3.7/site-packages/airflow/example_dags/example_time_delta_sensor_async.py for tasks to queue
[2024-06-11T18:54:05.552+0000] {logging_mixin.py:120} INFO - [2024-06-11T18:54:05.552+0000] {dagbag.py:537} INFO - Filling up the DagBag from /home/airflow/.local/lib/python3.7/site-packages/airflow/example_dags/example_time_delta_sensor_async.py
[2024-06-11T18:54:05.563+0000] {processor.py:766} INFO - DAG(s) dict_keys(['example_time_delta_sensor_async']) retrieved from /home/airflow/.local/lib/python3.7/site-packages/airflow/example_dags/example_time_delta_sensor_async.py
[2024-06-11T18:54:05.723+0000] {logging_mixin.py:120} INFO - [2024-06-11T18:54:05.723+0000] {dag.py:2585} INFO - Sync 1 DAGs
[2024-06-11T18:54:05.744+0000] {logging_mixin.py:120} INFO - [2024-06-11T18:54:05.744+0000] {dag.py:3340} INFO - Setting next_dagrun for example_time_delta_sensor_async to None, run_after=None
[2024-06-11T18:54:05.759+0000] {processor.py:176} INFO - Processing /home/airflow/.local/lib/python3.7/site-packages/airflow/example_dags/example_time_delta_sensor_async.py took 0.214 seconds
[2024-06-11T18:54:35.829+0000] {processor.py:154} INFO - Started process (PID=673) to work on /home/airflow/.local/lib/python3.7/site-packages/airflow/example_dags/example_time_delta_sensor_async.py
[2024-06-11T18:54:35.830+0000] {processor.py:756} INFO - Processing file /home/airflow/.local/lib/python3.7/site-packages/airflow/example_dags/example_time_delta_sensor_async.py for tasks to queue
[2024-06-11T18:54:35.831+0000] {logging_mixin.py:120} INFO - [2024-06-11T18:54:35.831+0000] {dagbag.py:537} INFO - Filling up the DagBag from /home/airflow/.local/lib/python3.7/site-packages/airflow/example_dags/example_time_delta_sensor_async.py
[2024-06-11T18:54:35.842+0000] {processor.py:766} INFO - DAG(s) dict_keys(['example_time_delta_sensor_async']) retrieved from /home/airflow/.local/lib/python3.7/site-packages/airflow/example_dags/example_time_delta_sensor_async.py
[2024-06-11T18:54:36.003+0000] {logging_mixin.py:120} INFO - [2024-06-11T18:54:36.002+0000] {dag.py:2585} INFO - Sync 1 DAGs
[2024-06-11T18:54:36.029+0000] {logging_mixin.py:120} INFO - [2024-06-11T18:54:36.029+0000] {dag.py:3340} INFO - Setting next_dagrun for example_time_delta_sensor_async to None, run_after=None
[2024-06-11T18:54:36.045+0000] {processor.py:176} INFO - Processing /home/airflow/.local/lib/python3.7/site-packages/airflow/example_dags/example_time_delta_sensor_async.py took 0.219 seconds
[2024-06-11T18:55:06.185+0000] {processor.py:154} INFO - Started process (PID=727) to work on /home/airflow/.local/lib/python3.7/site-packages/airflow/example_dags/example_time_delta_sensor_async.py
[2024-06-11T18:55:06.186+0000] {processor.py:756} INFO - Processing file /home/airflow/.local/lib/python3.7/site-packages/airflow/example_dags/example_time_delta_sensor_async.py for tasks to queue
[2024-06-11T18:55:06.186+0000] {logging_mixin.py:120} INFO - [2024-06-11T18:55:06.186+0000] {dagbag.py:537} INFO - Filling up the DagBag from /home/airflow/.local/lib/python3.7/site-packages/airflow/example_dags/example_time_delta_sensor_async.py
[2024-06-11T18:55:06.200+0000] {processor.py:766} INFO - DAG(s) dict_keys(['example_time_delta_sensor_async']) retrieved from /home/airflow/.local/lib/python3.7/site-packages/airflow/example_dags/example_time_delta_sensor_async.py
[2024-06-11T18:55:06.359+0000] {logging_mixin.py:120} INFO - [2024-06-11T18:55:06.359+0000] {dag.py:2585} INFO - Sync 1 DAGs
[2024-06-11T18:55:06.381+0000] {logging_mixin.py:120} INFO - [2024-06-11T18:55:06.381+0000] {dag.py:3340} INFO - Setting next_dagrun for example_time_delta_sensor_async to None, run_after=None
[2024-06-11T18:55:06.398+0000] {processor.py:176} INFO - Processing /home/airflow/.local/lib/python3.7/site-packages/airflow/example_dags/example_time_delta_sensor_async.py took 0.217 seconds
[2024-06-11T19:13:10.361+0000] {processor.py:154} INFO - Started process (PID=790) to work on /home/airflow/.local/lib/python3.7/site-packages/airflow/example_dags/example_time_delta_sensor_async.py
[2024-06-11T19:13:10.362+0000] {processor.py:756} INFO - Processing file /home/airflow/.local/lib/python3.7/site-packages/airflow/example_dags/example_time_delta_sensor_async.py for tasks to queue
[2024-06-11T19:13:10.364+0000] {logging_mixin.py:120} INFO - [2024-06-11T19:13:10.364+0000] {dagbag.py:537} INFO - Filling up the DagBag from /home/airflow/.local/lib/python3.7/site-packages/airflow/example_dags/example_time_delta_sensor_async.py
[2024-06-11T19:13:10.383+0000] {processor.py:766} INFO - DAG(s) dict_keys(['example_time_delta_sensor_async']) retrieved from /home/airflow/.local/lib/python3.7/site-packages/airflow/example_dags/example_time_delta_sensor_async.py
[2024-06-11T19:13:10.677+0000] {logging_mixin.py:120} INFO - [2024-06-11T19:13:10.677+0000] {dag.py:2585} INFO - Sync 1 DAGs
[2024-06-11T19:13:10.718+0000] {logging_mixin.py:120} INFO - [2024-06-11T19:13:10.718+0000] {dag.py:3340} INFO - Setting next_dagrun for example_time_delta_sensor_async to None, run_after=None
[2024-06-11T19:13:10.748+0000] {processor.py:176} INFO - Processing /home/airflow/.local/lib/python3.7/site-packages/airflow/example_dags/example_time_delta_sensor_async.py took 0.393 seconds
[2024-06-11T19:13:41.368+0000] {processor.py:154} INFO - Started process (PID=853) to work on /home/airflow/.local/lib/python3.7/site-packages/airflow/example_dags/example_time_delta_sensor_async.py
[2024-06-11T19:13:41.369+0000] {processor.py:756} INFO - Processing file /home/airflow/.local/lib/python3.7/site-packages/airflow/example_dags/example_time_delta_sensor_async.py for tasks to queue
[2024-06-11T19:13:41.370+0000] {logging_mixin.py:120} INFO - [2024-06-11T19:13:41.370+0000] {dagbag.py:537} INFO - Filling up the DagBag from /home/airflow/.local/lib/python3.7/site-packages/airflow/example_dags/example_time_delta_sensor_async.py
[2024-06-11T19:13:41.381+0000] {processor.py:766} INFO - DAG(s) dict_keys(['example_time_delta_sensor_async']) retrieved from /home/airflow/.local/lib/python3.7/site-packages/airflow/example_dags/example_time_delta_sensor_async.py
[2024-06-11T19:13:41.548+0000] {logging_mixin.py:120} INFO - [2024-06-11T19:13:41.547+0000] {dag.py:2585} INFO - Sync 1 DAGs
[2024-06-11T19:13:41.577+0000] {logging_mixin.py:120} INFO - [2024-06-11T19:13:41.576+0000] {dag.py:3340} INFO - Setting next_dagrun for example_time_delta_sensor_async to None, run_after=None
[2024-06-11T19:13:41.597+0000] {processor.py:176} INFO - Processing /home/airflow/.local/lib/python3.7/site-packages/airflow/example_dags/example_time_delta_sensor_async.py took 0.232 seconds
[2024-06-11T19:14:11.698+0000] {processor.py:154} INFO - Started process (PID=907) to work on /home/airflow/.local/lib/python3.7/site-packages/airflow/example_dags/example_time_delta_sensor_async.py
[2024-06-11T19:14:11.699+0000] {processor.py:756} INFO - Processing file /home/airflow/.local/lib/python3.7/site-packages/airflow/example_dags/example_time_delta_sensor_async.py for tasks to queue
[2024-06-11T19:14:11.700+0000] {logging_mixin.py:120} INFO - [2024-06-11T19:14:11.699+0000] {dagbag.py:537} INFO - Filling up the DagBag from /home/airflow/.local/lib/python3.7/site-packages/airflow/example_dags/example_time_delta_sensor_async.py
[2024-06-11T19:14:11.710+0000] {processor.py:766} INFO - DAG(s) dict_keys(['example_time_delta_sensor_async']) retrieved from /home/airflow/.local/lib/python3.7/site-packages/airflow/example_dags/example_time_delta_sensor_async.py
[2024-06-11T19:14:11.887+0000] {logging_mixin.py:120} INFO - [2024-06-11T19:14:11.887+0000] {dag.py:2585} INFO - Sync 1 DAGs
[2024-06-11T19:14:11.921+0000] {logging_mixin.py:120} INFO - [2024-06-11T19:14:11.921+0000] {dag.py:3340} INFO - Setting next_dagrun for example_time_delta_sensor_async to None, run_after=None
[2024-06-11T19:14:11.941+0000] {processor.py:176} INFO - Processing /home/airflow/.local/lib/python3.7/site-packages/airflow/example_dags/example_time_delta_sensor_async.py took 0.246 seconds
[2024-06-11T19:14:42.032+0000] {processor.py:154} INFO - Started process (PID=970) to work on /home/airflow/.local/lib/python3.7/site-packages/airflow/example_dags/example_time_delta_sensor_async.py
[2024-06-11T19:14:42.033+0000] {processor.py:756} INFO - Processing file /home/airflow/.local/lib/python3.7/site-packages/airflow/example_dags/example_time_delta_sensor_async.py for tasks to queue
[2024-06-11T19:14:42.033+0000] {logging_mixin.py:120} INFO - [2024-06-11T19:14:42.033+0000] {dagbag.py:537} INFO - Filling up the DagBag from /home/airflow/.local/lib/python3.7/site-packages/airflow/example_dags/example_time_delta_sensor_async.py
[2024-06-11T19:14:42.043+0000] {processor.py:766} INFO - DAG(s) dict_keys(['example_time_delta_sensor_async']) retrieved from /home/airflow/.local/lib/python3.7/site-packages/airflow/example_dags/example_time_delta_sensor_async.py
[2024-06-11T19:14:42.211+0000] {logging_mixin.py:120} INFO - [2024-06-11T19:14:42.211+0000] {dag.py:2585} INFO - Sync 1 DAGs
[2024-06-11T19:14:42.236+0000] {logging_mixin.py:120} INFO - [2024-06-11T19:14:42.236+0000] {dag.py:3340} INFO - Setting next_dagrun for example_time_delta_sensor_async to None, run_after=None
[2024-06-11T19:14:42.254+0000] {processor.py:176} INFO - Processing /home/airflow/.local/lib/python3.7/site-packages/airflow/example_dags/example_time_delta_sensor_async.py took 0.225 seconds
[2024-06-11T19:31:49.794+0000] {processor.py:154} INFO - Started process (PID=1033) to work on /home/airflow/.local/lib/python3.7/site-packages/airflow/example_dags/example_time_delta_sensor_async.py
[2024-06-11T19:31:49.796+0000] {processor.py:756} INFO - Processing file /home/airflow/.local/lib/python3.7/site-packages/airflow/example_dags/example_time_delta_sensor_async.py for tasks to queue
[2024-06-11T19:31:49.797+0000] {logging_mixin.py:120} INFO - [2024-06-11T19:31:49.797+0000] {dagbag.py:537} INFO - Filling up the DagBag from /home/airflow/.local/lib/python3.7/site-packages/airflow/example_dags/example_time_delta_sensor_async.py
[2024-06-11T19:31:49.814+0000] {processor.py:766} INFO - DAG(s) dict_keys(['example_time_delta_sensor_async']) retrieved from /home/airflow/.local/lib/python3.7/site-packages/airflow/example_dags/example_time_delta_sensor_async.py
[2024-06-11T19:31:50.107+0000] {logging_mixin.py:120} INFO - [2024-06-11T19:31:50.106+0000] {dag.py:2585} INFO - Sync 1 DAGs
[2024-06-11T19:31:50.152+0000] {logging_mixin.py:120} INFO - [2024-06-11T19:31:50.151+0000] {dag.py:3340} INFO - Setting next_dagrun for example_time_delta_sensor_async to None, run_after=None
[2024-06-11T19:31:50.181+0000] {processor.py:176} INFO - Processing /home/airflow/.local/lib/python3.7/site-packages/airflow/example_dags/example_time_delta_sensor_async.py took 0.392 seconds
[2024-06-11T19:32:20.409+0000] {processor.py:154} INFO - Started process (PID=1087) to work on /home/airflow/.local/lib/python3.7/site-packages/airflow/example_dags/example_time_delta_sensor_async.py
[2024-06-11T19:32:20.410+0000] {processor.py:756} INFO - Processing file /home/airflow/.local/lib/python3.7/site-packages/airflow/example_dags/example_time_delta_sensor_async.py for tasks to queue
[2024-06-11T19:32:20.410+0000] {logging_mixin.py:120} INFO - [2024-06-11T19:32:20.410+0000] {dagbag.py:537} INFO - Filling up the DagBag from /home/airflow/.local/lib/python3.7/site-packages/airflow/example_dags/example_time_delta_sensor_async.py
[2024-06-11T19:32:20.421+0000] {processor.py:766} INFO - DAG(s) dict_keys(['example_time_delta_sensor_async']) retrieved from /home/airflow/.local/lib/python3.7/site-packages/airflow/example_dags/example_time_delta_sensor_async.py
[2024-06-11T19:32:20.579+0000] {logging_mixin.py:120} INFO - [2024-06-11T19:32:20.578+0000] {dag.py:2585} INFO - Sync 1 DAGs
[2024-06-11T19:32:20.601+0000] {logging_mixin.py:120} INFO - [2024-06-11T19:32:20.601+0000] {dag.py:3340} INFO - Setting next_dagrun for example_time_delta_sensor_async to None, run_after=None
[2024-06-11T19:32:20.617+0000] {processor.py:176} INFO - Processing /home/airflow/.local/lib/python3.7/site-packages/airflow/example_dags/example_time_delta_sensor_async.py took 0.211 seconds
[2024-06-11T19:32:50.721+0000] {processor.py:154} INFO - Started process (PID=1150) to work on /home/airflow/.local/lib/python3.7/site-packages/airflow/example_dags/example_time_delta_sensor_async.py
[2024-06-11T19:32:50.723+0000] {processor.py:756} INFO - Processing file /home/airflow/.local/lib/python3.7/site-packages/airflow/example_dags/example_time_delta_sensor_async.py for tasks to queue
[2024-06-11T19:32:50.723+0000] {logging_mixin.py:120} INFO - [2024-06-11T19:32:50.723+0000] {dagbag.py:537} INFO - Filling up the DagBag from /home/airflow/.local/lib/python3.7/site-packages/airflow/example_dags/example_time_delta_sensor_async.py
[2024-06-11T19:32:50.735+0000] {processor.py:766} INFO - DAG(s) dict_keys(['example_time_delta_sensor_async']) retrieved from /home/airflow/.local/lib/python3.7/site-packages/airflow/example_dags/example_time_delta_sensor_async.py
[2024-06-11T19:32:50.908+0000] {logging_mixin.py:120} INFO - [2024-06-11T19:32:50.908+0000] {dag.py:2585} INFO - Sync 1 DAGs
[2024-06-11T19:32:50.932+0000] {logging_mixin.py:120} INFO - [2024-06-11T19:32:50.932+0000] {dag.py:3340} INFO - Setting next_dagrun for example_time_delta_sensor_async to None, run_after=None
[2024-06-11T19:32:50.948+0000] {processor.py:176} INFO - Processing /home/airflow/.local/lib/python3.7/site-packages/airflow/example_dags/example_time_delta_sensor_async.py took 0.229 seconds
[2024-06-11T19:33:21.030+0000] {processor.py:154} INFO - Started process (PID=1214) to work on /home/airflow/.local/lib/python3.7/site-packages/airflow/example_dags/example_time_delta_sensor_async.py
[2024-06-11T19:33:21.031+0000] {processor.py:756} INFO - Processing file /home/airflow/.local/lib/python3.7/site-packages/airflow/example_dags/example_time_delta_sensor_async.py for tasks to queue
[2024-06-11T19:33:21.031+0000] {logging_mixin.py:120} INFO - [2024-06-11T19:33:21.031+0000] {dagbag.py:537} INFO - Filling up the DagBag from /home/airflow/.local/lib/python3.7/site-packages/airflow/example_dags/example_time_delta_sensor_async.py
[2024-06-11T19:33:21.043+0000] {processor.py:766} INFO - DAG(s) dict_keys(['example_time_delta_sensor_async']) retrieved from /home/airflow/.local/lib/python3.7/site-packages/airflow/example_dags/example_time_delta_sensor_async.py
[2024-06-11T19:33:21.215+0000] {logging_mixin.py:120} INFO - [2024-06-11T19:33:21.215+0000] {dag.py:2585} INFO - Sync 1 DAGs
[2024-06-11T19:33:21.238+0000] {logging_mixin.py:120} INFO - [2024-06-11T19:33:21.238+0000] {dag.py:3340} INFO - Setting next_dagrun for example_time_delta_sensor_async to None, run_after=None
[2024-06-11T19:33:21.255+0000] {processor.py:176} INFO - Processing /home/airflow/.local/lib/python3.7/site-packages/airflow/example_dags/example_time_delta_sensor_async.py took 0.229 seconds
[2024-06-11T19:49:38.839+0000] {processor.py:154} INFO - Started process (PID=1267) to work on /home/airflow/.local/lib/python3.7/site-packages/airflow/example_dags/example_time_delta_sensor_async.py
[2024-06-11T19:49:38.840+0000] {processor.py:756} INFO - Processing file /home/airflow/.local/lib/python3.7/site-packages/airflow/example_dags/example_time_delta_sensor_async.py for tasks to queue
[2024-06-11T19:49:38.841+0000] {logging_mixin.py:120} INFO - [2024-06-11T19:49:38.841+0000] {dagbag.py:537} INFO - Filling up the DagBag from /home/airflow/.local/lib/python3.7/site-packages/airflow/example_dags/example_time_delta_sensor_async.py
[2024-06-11T19:49:38.856+0000] {processor.py:766} INFO - DAG(s) dict_keys(['example_time_delta_sensor_async']) retrieved from /home/airflow/.local/lib/python3.7/site-packages/airflow/example_dags/example_time_delta_sensor_async.py
[2024-06-11T19:49:39.057+0000] {logging_mixin.py:120} INFO - [2024-06-11T19:49:39.057+0000] {dag.py:2585} INFO - Sync 1 DAGs
[2024-06-11T19:49:39.084+0000] {logging_mixin.py:120} INFO - [2024-06-11T19:49:39.084+0000] {dag.py:3340} INFO - Setting next_dagrun for example_time_delta_sensor_async to None, run_after=None
[2024-06-11T19:49:39.105+0000] {processor.py:176} INFO - Processing /home/airflow/.local/lib/python3.7/site-packages/airflow/example_dags/example_time_delta_sensor_async.py took 0.270 seconds
[2024-06-11T19:50:09.295+0000] {processor.py:154} INFO - Started process (PID=1330) to work on /home/airflow/.local/lib/python3.7/site-packages/airflow/example_dags/example_time_delta_sensor_async.py
[2024-06-11T19:50:09.297+0000] {processor.py:756} INFO - Processing file /home/airflow/.local/lib/python3.7/site-packages/airflow/example_dags/example_time_delta_sensor_async.py for tasks to queue
[2024-06-11T19:50:09.298+0000] {logging_mixin.py:120} INFO - [2024-06-11T19:50:09.297+0000] {dagbag.py:537} INFO - Filling up the DagBag from /home/airflow/.local/lib/python3.7/site-packages/airflow/example_dags/example_time_delta_sensor_async.py
[2024-06-11T19:50:09.309+0000] {processor.py:766} INFO - DAG(s) dict_keys(['example_time_delta_sensor_async']) retrieved from /home/airflow/.local/lib/python3.7/site-packages/airflow/example_dags/example_time_delta_sensor_async.py
[2024-06-11T19:50:09.464+0000] {logging_mixin.py:120} INFO - [2024-06-11T19:50:09.464+0000] {dag.py:2585} INFO - Sync 1 DAGs
[2024-06-11T19:50:09.486+0000] {logging_mixin.py:120} INFO - [2024-06-11T19:50:09.486+0000] {dag.py:3340} INFO - Setting next_dagrun for example_time_delta_sensor_async to None, run_after=None
[2024-06-11T19:50:09.502+0000] {processor.py:176} INFO - Processing /home/airflow/.local/lib/python3.7/site-packages/airflow/example_dags/example_time_delta_sensor_async.py took 0.210 seconds
[2024-06-11T19:50:41.281+0000] {processor.py:154} INFO - Started process (PID=1390) to work on /home/airflow/.local/lib/python3.7/site-packages/airflow/example_dags/example_time_delta_sensor_async.py
[2024-06-11T19:50:41.282+0000] {processor.py:756} INFO - Processing file /home/airflow/.local/lib/python3.7/site-packages/airflow/example_dags/example_time_delta_sensor_async.py for tasks to queue
[2024-06-11T19:50:41.283+0000] {logging_mixin.py:120} INFO - [2024-06-11T19:50:41.283+0000] {dagbag.py:537} INFO - Filling up the DagBag from /home/airflow/.local/lib/python3.7/site-packages/airflow/example_dags/example_time_delta_sensor_async.py
[2024-06-11T19:50:41.299+0000] {processor.py:766} INFO - DAG(s) dict_keys(['example_time_delta_sensor_async']) retrieved from /home/airflow/.local/lib/python3.7/site-packages/airflow/example_dags/example_time_delta_sensor_async.py
[2024-06-11T19:50:41.532+0000] {logging_mixin.py:120} INFO - [2024-06-11T19:50:41.532+0000] {dag.py:2585} INFO - Sync 1 DAGs
[2024-06-11T19:50:41.564+0000] {logging_mixin.py:120} INFO - [2024-06-11T19:50:41.564+0000] {dag.py:3340} INFO - Setting next_dagrun for example_time_delta_sensor_async to None, run_after=None
[2024-06-11T19:50:41.587+0000] {processor.py:176} INFO - Processing /home/airflow/.local/lib/python3.7/site-packages/airflow/example_dags/example_time_delta_sensor_async.py took 0.310 seconds
[2024-06-11T19:51:12.414+0000] {processor.py:154} INFO - Started process (PID=1446) to work on /home/airflow/.local/lib/python3.7/site-packages/airflow/example_dags/example_time_delta_sensor_async.py
[2024-06-11T19:51:12.415+0000] {processor.py:756} INFO - Processing file /home/airflow/.local/lib/python3.7/site-packages/airflow/example_dags/example_time_delta_sensor_async.py for tasks to queue
[2024-06-11T19:51:12.415+0000] {logging_mixin.py:120} INFO - [2024-06-11T19:51:12.415+0000] {dagbag.py:537} INFO - Filling up the DagBag from /home/airflow/.local/lib/python3.7/site-packages/airflow/example_dags/example_time_delta_sensor_async.py
[2024-06-11T19:51:12.426+0000] {processor.py:766} INFO - DAG(s) dict_keys(['example_time_delta_sensor_async']) retrieved from /home/airflow/.local/lib/python3.7/site-packages/airflow/example_dags/example_time_delta_sensor_async.py
[2024-06-11T19:51:12.592+0000] {logging_mixin.py:120} INFO - [2024-06-11T19:51:12.591+0000] {dag.py:2585} INFO - Sync 1 DAGs
[2024-06-11T19:51:12.615+0000] {logging_mixin.py:120} INFO - [2024-06-11T19:51:12.615+0000] {dag.py:3340} INFO - Setting next_dagrun for example_time_delta_sensor_async to None, run_after=None
[2024-06-11T19:51:12.655+0000] {processor.py:176} INFO - Processing /home/airflow/.local/lib/python3.7/site-packages/airflow/example_dags/example_time_delta_sensor_async.py took 0.245 seconds
[2024-06-11T19:51:43.136+0000] {processor.py:154} INFO - Started process (PID=1508) to work on /home/airflow/.local/lib/python3.7/site-packages/airflow/example_dags/example_time_delta_sensor_async.py
[2024-06-11T19:51:43.137+0000] {processor.py:756} INFO - Processing file /home/airflow/.local/lib/python3.7/site-packages/airflow/example_dags/example_time_delta_sensor_async.py for tasks to queue
[2024-06-11T19:51:43.138+0000] {logging_mixin.py:120} INFO - [2024-06-11T19:51:43.138+0000] {dagbag.py:537} INFO - Filling up the DagBag from /home/airflow/.local/lib/python3.7/site-packages/airflow/example_dags/example_time_delta_sensor_async.py
[2024-06-11T19:51:43.148+0000] {processor.py:766} INFO - DAG(s) dict_keys(['example_time_delta_sensor_async']) retrieved from /home/airflow/.local/lib/python3.7/site-packages/airflow/example_dags/example_time_delta_sensor_async.py
[2024-06-11T19:51:43.303+0000] {logging_mixin.py:120} INFO - [2024-06-11T19:51:43.303+0000] {dag.py:2585} INFO - Sync 1 DAGs
[2024-06-11T19:51:43.324+0000] {logging_mixin.py:120} INFO - [2024-06-11T19:51:43.324+0000] {dag.py:3340} INFO - Setting next_dagrun for example_time_delta_sensor_async to None, run_after=None
[2024-06-11T19:51:43.340+0000] {processor.py:176} INFO - Processing /home/airflow/.local/lib/python3.7/site-packages/airflow/example_dags/example_time_delta_sensor_async.py took 0.207 seconds
[2024-06-11T19:56:19.833+0000] {processor.py:154} INFO - Started process (PID=1562) to work on /home/airflow/.local/lib/python3.7/site-packages/airflow/example_dags/example_time_delta_sensor_async.py
[2024-06-11T19:56:19.834+0000] {processor.py:756} INFO - Processing file /home/airflow/.local/lib/python3.7/site-packages/airflow/example_dags/example_time_delta_sensor_async.py for tasks to queue
[2024-06-11T19:56:19.835+0000] {logging_mixin.py:120} INFO - [2024-06-11T19:56:19.835+0000] {dagbag.py:537} INFO - Filling up the DagBag from /home/airflow/.local/lib/python3.7/site-packages/airflow/example_dags/example_time_delta_sensor_async.py
[2024-06-11T19:56:19.846+0000] {processor.py:766} INFO - DAG(s) dict_keys(['example_time_delta_sensor_async']) retrieved from /home/airflow/.local/lib/python3.7/site-packages/airflow/example_dags/example_time_delta_sensor_async.py
[2024-06-11T19:56:20.001+0000] {logging_mixin.py:120} INFO - [2024-06-11T19:56:20.001+0000] {dag.py:2585} INFO - Sync 1 DAGs
[2024-06-11T19:56:20.024+0000] {logging_mixin.py:120} INFO - [2024-06-11T19:56:20.024+0000] {dag.py:3340} INFO - Setting next_dagrun for example_time_delta_sensor_async to None, run_after=None
[2024-06-11T19:56:20.039+0000] {processor.py:176} INFO - Processing /home/airflow/.local/lib/python3.7/site-packages/airflow/example_dags/example_time_delta_sensor_async.py took 0.209 seconds
[2024-06-11T19:56:50.206+0000] {processor.py:154} INFO - Started process (PID=1625) to work on /home/airflow/.local/lib/python3.7/site-packages/airflow/example_dags/example_time_delta_sensor_async.py
[2024-06-11T19:56:50.207+0000] {processor.py:756} INFO - Processing file /home/airflow/.local/lib/python3.7/site-packages/airflow/example_dags/example_time_delta_sensor_async.py for tasks to queue
[2024-06-11T19:56:50.208+0000] {logging_mixin.py:120} INFO - [2024-06-11T19:56:50.207+0000] {dagbag.py:537} INFO - Filling up the DagBag from /home/airflow/.local/lib/python3.7/site-packages/airflow/example_dags/example_time_delta_sensor_async.py
[2024-06-11T19:56:50.218+0000] {processor.py:766} INFO - DAG(s) dict_keys(['example_time_delta_sensor_async']) retrieved from /home/airflow/.local/lib/python3.7/site-packages/airflow/example_dags/example_time_delta_sensor_async.py
[2024-06-11T19:56:50.380+0000] {logging_mixin.py:120} INFO - [2024-06-11T19:56:50.380+0000] {dag.py:2585} INFO - Sync 1 DAGs
[2024-06-11T19:56:50.401+0000] {logging_mixin.py:120} INFO - [2024-06-11T19:56:50.401+0000] {dag.py:3340} INFO - Setting next_dagrun for example_time_delta_sensor_async to None, run_after=None
[2024-06-11T19:56:50.416+0000] {processor.py:176} INFO - Processing /home/airflow/.local/lib/python3.7/site-packages/airflow/example_dags/example_time_delta_sensor_async.py took 0.213 seconds
[2024-06-11T19:57:20.458+0000] {processor.py:154} INFO - Started process (PID=1688) to work on /home/airflow/.local/lib/python3.7/site-packages/airflow/example_dags/example_time_delta_sensor_async.py
[2024-06-11T19:57:20.459+0000] {processor.py:756} INFO - Processing file /home/airflow/.local/lib/python3.7/site-packages/airflow/example_dags/example_time_delta_sensor_async.py for tasks to queue
[2024-06-11T19:57:20.460+0000] {logging_mixin.py:120} INFO - [2024-06-11T19:57:20.460+0000] {dagbag.py:537} INFO - Filling up the DagBag from /home/airflow/.local/lib/python3.7/site-packages/airflow/example_dags/example_time_delta_sensor_async.py
[2024-06-11T19:57:20.471+0000] {processor.py:766} INFO - DAG(s) dict_keys(['example_time_delta_sensor_async']) retrieved from /home/airflow/.local/lib/python3.7/site-packages/airflow/example_dags/example_time_delta_sensor_async.py
[2024-06-11T19:57:20.632+0000] {logging_mixin.py:120} INFO - [2024-06-11T19:57:20.632+0000] {dag.py:2585} INFO - Sync 1 DAGs
[2024-06-11T19:57:20.656+0000] {logging_mixin.py:120} INFO - [2024-06-11T19:57:20.655+0000] {dag.py:3340} INFO - Setting next_dagrun for example_time_delta_sensor_async to None, run_after=None
[2024-06-11T19:57:20.672+0000] {processor.py:176} INFO - Processing /home/airflow/.local/lib/python3.7/site-packages/airflow/example_dags/example_time_delta_sensor_async.py took 0.217 seconds
[2024-06-11T19:57:50.690+0000] {processor.py:154} INFO - Started process (PID=1750) to work on /home/airflow/.local/lib/python3.7/site-packages/airflow/example_dags/example_time_delta_sensor_async.py
[2024-06-11T19:57:50.691+0000] {processor.py:756} INFO - Processing file /home/airflow/.local/lib/python3.7/site-packages/airflow/example_dags/example_time_delta_sensor_async.py for tasks to queue
[2024-06-11T19:57:50.692+0000] {logging_mixin.py:120} INFO - [2024-06-11T19:57:50.692+0000] {dagbag.py:537} INFO - Filling up the DagBag from /home/airflow/.local/lib/python3.7/site-packages/airflow/example_dags/example_time_delta_sensor_async.py
[2024-06-11T19:57:50.704+0000] {processor.py:766} INFO - DAG(s) dict_keys(['example_time_delta_sensor_async']) retrieved from /home/airflow/.local/lib/python3.7/site-packages/airflow/example_dags/example_time_delta_sensor_async.py
[2024-06-11T19:57:50.867+0000] {logging_mixin.py:120} INFO - [2024-06-11T19:57:50.867+0000] {dag.py:2585} INFO - Sync 1 DAGs
[2024-06-11T19:57:50.888+0000] {logging_mixin.py:120} INFO - [2024-06-11T19:57:50.888+0000] {dag.py:3340} INFO - Setting next_dagrun for example_time_delta_sensor_async to None, run_after=None
[2024-06-11T19:57:50.905+0000] {processor.py:176} INFO - Processing /home/airflow/.local/lib/python3.7/site-packages/airflow/example_dags/example_time_delta_sensor_async.py took 0.217 seconds
[2024-06-11T20:15:59.288+0000] {processor.py:154} INFO - Started process (PID=1804) to work on /home/airflow/.local/lib/python3.7/site-packages/airflow/example_dags/example_time_delta_sensor_async.py
[2024-06-11T20:15:59.289+0000] {processor.py:756} INFO - Processing file /home/airflow/.local/lib/python3.7/site-packages/airflow/example_dags/example_time_delta_sensor_async.py for tasks to queue
[2024-06-11T20:15:59.290+0000] {logging_mixin.py:120} INFO - [2024-06-11T20:15:59.290+0000] {dagbag.py:537} INFO - Filling up the DagBag from /home/airflow/.local/lib/python3.7/site-packages/airflow/example_dags/example_time_delta_sensor_async.py
[2024-06-11T20:15:59.307+0000] {processor.py:766} INFO - DAG(s) dict_keys(['example_time_delta_sensor_async']) retrieved from /home/airflow/.local/lib/python3.7/site-packages/airflow/example_dags/example_time_delta_sensor_async.py
[2024-06-11T20:15:59.513+0000] {logging_mixin.py:120} INFO - [2024-06-11T20:15:59.513+0000] {dag.py:2585} INFO - Sync 1 DAGs
[2024-06-11T20:15:59.541+0000] {logging_mixin.py:120} INFO - [2024-06-11T20:15:59.541+0000] {dag.py:3340} INFO - Setting next_dagrun for example_time_delta_sensor_async to None, run_after=None
[2024-06-11T20:15:59.564+0000] {processor.py:176} INFO - Processing /home/airflow/.local/lib/python3.7/site-packages/airflow/example_dags/example_time_delta_sensor_async.py took 0.280 seconds
[2024-06-11T20:16:29.914+0000] {processor.py:154} INFO - Started process (PID=1867) to work on /home/airflow/.local/lib/python3.7/site-packages/airflow/example_dags/example_time_delta_sensor_async.py
[2024-06-11T20:16:29.925+0000] {processor.py:756} INFO - Processing file /home/airflow/.local/lib/python3.7/site-packages/airflow/example_dags/example_time_delta_sensor_async.py for tasks to queue
[2024-06-11T20:16:29.926+0000] {logging_mixin.py:120} INFO - [2024-06-11T20:16:29.925+0000] {dagbag.py:537} INFO - Filling up the DagBag from /home/airflow/.local/lib/python3.7/site-packages/airflow/example_dags/example_time_delta_sensor_async.py
[2024-06-11T20:16:29.938+0000] {processor.py:766} INFO - DAG(s) dict_keys(['example_time_delta_sensor_async']) retrieved from /home/airflow/.local/lib/python3.7/site-packages/airflow/example_dags/example_time_delta_sensor_async.py
[2024-06-11T20:16:30.112+0000] {logging_mixin.py:120} INFO - [2024-06-11T20:16:30.112+0000] {dag.py:2585} INFO - Sync 1 DAGs
[2024-06-11T20:16:30.134+0000] {logging_mixin.py:120} INFO - [2024-06-11T20:16:30.134+0000] {dag.py:3340} INFO - Setting next_dagrun for example_time_delta_sensor_async to None, run_after=None
[2024-06-11T20:16:30.149+0000] {processor.py:176} INFO - Processing /home/airflow/.local/lib/python3.7/site-packages/airflow/example_dags/example_time_delta_sensor_async.py took 0.239 seconds
[2024-06-11T20:17:00.280+0000] {processor.py:154} INFO - Started process (PID=1930) to work on /home/airflow/.local/lib/python3.7/site-packages/airflow/example_dags/example_time_delta_sensor_async.py
[2024-06-11T20:17:00.281+0000] {processor.py:756} INFO - Processing file /home/airflow/.local/lib/python3.7/site-packages/airflow/example_dags/example_time_delta_sensor_async.py for tasks to queue
[2024-06-11T20:17:00.282+0000] {logging_mixin.py:120} INFO - [2024-06-11T20:17:00.282+0000] {dagbag.py:537} INFO - Filling up the DagBag from /home/airflow/.local/lib/python3.7/site-packages/airflow/example_dags/example_time_delta_sensor_async.py
[2024-06-11T20:17:00.295+0000] {processor.py:766} INFO - DAG(s) dict_keys(['example_time_delta_sensor_async']) retrieved from /home/airflow/.local/lib/python3.7/site-packages/airflow/example_dags/example_time_delta_sensor_async.py
[2024-06-11T20:17:00.468+0000] {logging_mixin.py:120} INFO - [2024-06-11T20:17:00.468+0000] {dag.py:2585} INFO - Sync 1 DAGs
[2024-06-11T20:17:00.489+0000] {logging_mixin.py:120} INFO - [2024-06-11T20:17:00.489+0000] {dag.py:3340} INFO - Setting next_dagrun for example_time_delta_sensor_async to None, run_after=None
[2024-06-11T20:17:00.505+0000] {processor.py:176} INFO - Processing /home/airflow/.local/lib/python3.7/site-packages/airflow/example_dags/example_time_delta_sensor_async.py took 0.228 seconds
[2024-06-11T20:17:30.521+0000] {processor.py:154} INFO - Started process (PID=1993) to work on /home/airflow/.local/lib/python3.7/site-packages/airflow/example_dags/example_time_delta_sensor_async.py
[2024-06-11T20:17:30.522+0000] {processor.py:756} INFO - Processing file /home/airflow/.local/lib/python3.7/site-packages/airflow/example_dags/example_time_delta_sensor_async.py for tasks to queue
[2024-06-11T20:17:30.523+0000] {logging_mixin.py:120} INFO - [2024-06-11T20:17:30.523+0000] {dagbag.py:537} INFO - Filling up the DagBag from /home/airflow/.local/lib/python3.7/site-packages/airflow/example_dags/example_time_delta_sensor_async.py
[2024-06-11T20:17:30.534+0000] {processor.py:766} INFO - DAG(s) dict_keys(['example_time_delta_sensor_async']) retrieved from /home/airflow/.local/lib/python3.7/site-packages/airflow/example_dags/example_time_delta_sensor_async.py
[2024-06-11T20:17:30.688+0000] {logging_mixin.py:120} INFO - [2024-06-11T20:17:30.688+0000] {dag.py:2585} INFO - Sync 1 DAGs
[2024-06-11T20:17:30.710+0000] {logging_mixin.py:120} INFO - [2024-06-11T20:17:30.710+0000] {dag.py:3340} INFO - Setting next_dagrun for example_time_delta_sensor_async to None, run_after=None
[2024-06-11T20:17:30.727+0000] {processor.py:176} INFO - Processing /home/airflow/.local/lib/python3.7/site-packages/airflow/example_dags/example_time_delta_sensor_async.py took 0.209 seconds
[2024-06-11T20:18:00.776+0000] {processor.py:154} INFO - Started process (PID=2047) to work on /home/airflow/.local/lib/python3.7/site-packages/airflow/example_dags/example_time_delta_sensor_async.py
[2024-06-11T20:18:00.777+0000] {processor.py:756} INFO - Processing file /home/airflow/.local/lib/python3.7/site-packages/airflow/example_dags/example_time_delta_sensor_async.py for tasks to queue
[2024-06-11T20:18:00.778+0000] {logging_mixin.py:120} INFO - [2024-06-11T20:18:00.778+0000] {dagbag.py:537} INFO - Filling up the DagBag from /home/airflow/.local/lib/python3.7/site-packages/airflow/example_dags/example_time_delta_sensor_async.py
[2024-06-11T20:18:00.789+0000] {processor.py:766} INFO - DAG(s) dict_keys(['example_time_delta_sensor_async']) retrieved from /home/airflow/.local/lib/python3.7/site-packages/airflow/example_dags/example_time_delta_sensor_async.py
[2024-06-11T20:18:00.944+0000] {logging_mixin.py:120} INFO - [2024-06-11T20:18:00.943+0000] {dag.py:2585} INFO - Sync 1 DAGs
[2024-06-11T20:18:00.966+0000] {logging_mixin.py:120} INFO - [2024-06-11T20:18:00.966+0000] {dag.py:3340} INFO - Setting next_dagrun for example_time_delta_sensor_async to None, run_after=None
[2024-06-11T20:18:00.982+0000] {processor.py:176} INFO - Processing /home/airflow/.local/lib/python3.7/site-packages/airflow/example_dags/example_time_delta_sensor_async.py took 0.209 seconds
[2024-06-11T20:36:24.354+0000] {processor.py:154} INFO - Started process (PID=2110) to work on /home/airflow/.local/lib/python3.7/site-packages/airflow/example_dags/example_time_delta_sensor_async.py
[2024-06-11T20:36:24.356+0000] {processor.py:756} INFO - Processing file /home/airflow/.local/lib/python3.7/site-packages/airflow/example_dags/example_time_delta_sensor_async.py for tasks to queue
[2024-06-11T20:36:24.358+0000] {logging_mixin.py:120} INFO - [2024-06-11T20:36:24.357+0000] {dagbag.py:537} INFO - Filling up the DagBag from /home/airflow/.local/lib/python3.7/site-packages/airflow/example_dags/example_time_delta_sensor_async.py
[2024-06-11T20:36:24.382+0000] {processor.py:766} INFO - DAG(s) dict_keys(['example_time_delta_sensor_async']) retrieved from /home/airflow/.local/lib/python3.7/site-packages/airflow/example_dags/example_time_delta_sensor_async.py
[2024-06-11T20:36:24.772+0000] {logging_mixin.py:120} INFO - [2024-06-11T20:36:24.772+0000] {dag.py:2585} INFO - Sync 1 DAGs
[2024-06-11T20:36:24.817+0000] {logging_mixin.py:120} INFO - [2024-06-11T20:36:24.816+0000] {dag.py:3340} INFO - Setting next_dagrun for example_time_delta_sensor_async to None, run_after=None
[2024-06-11T20:36:24.854+0000] {processor.py:176} INFO - Processing /home/airflow/.local/lib/python3.7/site-packages/airflow/example_dags/example_time_delta_sensor_async.py took 0.505 seconds
[2024-06-11T20:36:55.356+0000] {processor.py:154} INFO - Started process (PID=2173) to work on /home/airflow/.local/lib/python3.7/site-packages/airflow/example_dags/example_time_delta_sensor_async.py
[2024-06-11T20:36:55.357+0000] {processor.py:756} INFO - Processing file /home/airflow/.local/lib/python3.7/site-packages/airflow/example_dags/example_time_delta_sensor_async.py for tasks to queue
[2024-06-11T20:36:55.358+0000] {logging_mixin.py:120} INFO - [2024-06-11T20:36:55.358+0000] {dagbag.py:537} INFO - Filling up the DagBag from /home/airflow/.local/lib/python3.7/site-packages/airflow/example_dags/example_time_delta_sensor_async.py
[2024-06-11T20:36:55.369+0000] {processor.py:766} INFO - DAG(s) dict_keys(['example_time_delta_sensor_async']) retrieved from /home/airflow/.local/lib/python3.7/site-packages/airflow/example_dags/example_time_delta_sensor_async.py
[2024-06-11T20:36:55.535+0000] {logging_mixin.py:120} INFO - [2024-06-11T20:36:55.534+0000] {dag.py:2585} INFO - Sync 1 DAGs
[2024-06-11T20:36:55.557+0000] {logging_mixin.py:120} INFO - [2024-06-11T20:36:55.557+0000] {dag.py:3340} INFO - Setting next_dagrun for example_time_delta_sensor_async to None, run_after=None
[2024-06-11T20:36:55.575+0000] {processor.py:176} INFO - Processing /home/airflow/.local/lib/python3.7/site-packages/airflow/example_dags/example_time_delta_sensor_async.py took 0.222 seconds
[2024-06-11T20:37:25.698+0000] {processor.py:154} INFO - Started process (PID=2234) to work on /home/airflow/.local/lib/python3.7/site-packages/airflow/example_dags/example_time_delta_sensor_async.py
[2024-06-11T20:37:25.714+0000] {processor.py:756} INFO - Processing file /home/airflow/.local/lib/python3.7/site-packages/airflow/example_dags/example_time_delta_sensor_async.py for tasks to queue
[2024-06-11T20:37:25.750+0000] {logging_mixin.py:120} INFO - [2024-06-11T20:37:25.750+0000] {dagbag.py:537} INFO - Filling up the DagBag from /home/airflow/.local/lib/python3.7/site-packages/airflow/example_dags/example_time_delta_sensor_async.py
[2024-06-11T20:37:25.766+0000] {processor.py:766} INFO - DAG(s) dict_keys(['example_time_delta_sensor_async']) retrieved from /home/airflow/.local/lib/python3.7/site-packages/airflow/example_dags/example_time_delta_sensor_async.py
[2024-06-11T20:37:25.939+0000] {logging_mixin.py:120} INFO - [2024-06-11T20:37:25.939+0000] {dag.py:2585} INFO - Sync 1 DAGs
[2024-06-11T20:37:25.960+0000] {logging_mixin.py:120} INFO - [2024-06-11T20:37:25.960+0000] {dag.py:3340} INFO - Setting next_dagrun for example_time_delta_sensor_async to None, run_after=None
[2024-06-11T20:37:25.977+0000] {processor.py:176} INFO - Processing /home/airflow/.local/lib/python3.7/site-packages/airflow/example_dags/example_time_delta_sensor_async.py took 0.284 seconds
[2024-06-11T20:37:56.071+0000] {processor.py:154} INFO - Started process (PID=2291) to work on /home/airflow/.local/lib/python3.7/site-packages/airflow/example_dags/example_time_delta_sensor_async.py
[2024-06-11T20:37:56.072+0000] {processor.py:756} INFO - Processing file /home/airflow/.local/lib/python3.7/site-packages/airflow/example_dags/example_time_delta_sensor_async.py for tasks to queue
[2024-06-11T20:37:56.073+0000] {logging_mixin.py:120} INFO - [2024-06-11T20:37:56.073+0000] {dagbag.py:537} INFO - Filling up the DagBag from /home/airflow/.local/lib/python3.7/site-packages/airflow/example_dags/example_time_delta_sensor_async.py
[2024-06-11T20:37:56.085+0000] {processor.py:766} INFO - DAG(s) dict_keys(['example_time_delta_sensor_async']) retrieved from /home/airflow/.local/lib/python3.7/site-packages/airflow/example_dags/example_time_delta_sensor_async.py
[2024-06-11T20:37:56.247+0000] {logging_mixin.py:120} INFO - [2024-06-11T20:37:56.247+0000] {dag.py:2585} INFO - Sync 1 DAGs
[2024-06-11T20:37:56.271+0000] {logging_mixin.py:120} INFO - [2024-06-11T20:37:56.271+0000] {dag.py:3340} INFO - Setting next_dagrun for example_time_delta_sensor_async to None, run_after=None
[2024-06-11T20:37:56.289+0000] {processor.py:176} INFO - Processing /home/airflow/.local/lib/python3.7/site-packages/airflow/example_dags/example_time_delta_sensor_async.py took 0.221 seconds
[2024-06-11T20:38:26.879+0000] {processor.py:154} INFO - Started process (PID=2353) to work on /home/airflow/.local/lib/python3.7/site-packages/airflow/example_dags/example_time_delta_sensor_async.py
[2024-06-11T20:38:26.881+0000] {processor.py:756} INFO - Processing file /home/airflow/.local/lib/python3.7/site-packages/airflow/example_dags/example_time_delta_sensor_async.py for tasks to queue
[2024-06-11T20:38:26.882+0000] {logging_mixin.py:120} INFO - [2024-06-11T20:38:26.882+0000] {dagbag.py:537} INFO - Filling up the DagBag from /home/airflow/.local/lib/python3.7/site-packages/airflow/example_dags/example_time_delta_sensor_async.py
[2024-06-11T20:38:26.896+0000] {processor.py:766} INFO - DAG(s) dict_keys(['example_time_delta_sensor_async']) retrieved from /home/airflow/.local/lib/python3.7/site-packages/airflow/example_dags/example_time_delta_sensor_async.py
[2024-06-11T20:38:27.120+0000] {logging_mixin.py:120} INFO - [2024-06-11T20:38:27.119+0000] {dag.py:2585} INFO - Sync 1 DAGs
[2024-06-11T20:38:27.146+0000] {logging_mixin.py:120} INFO - [2024-06-11T20:38:27.146+0000] {dag.py:3340} INFO - Setting next_dagrun for example_time_delta_sensor_async to None, run_after=None
[2024-06-11T20:38:27.161+0000] {processor.py:176} INFO - Processing /home/airflow/.local/lib/python3.7/site-packages/airflow/example_dags/example_time_delta_sensor_async.py took 0.286 seconds
[2024-06-11T20:53:50.622+0000] {processor.py:154} INFO - Started process (PID=2406) to work on /home/airflow/.local/lib/python3.7/site-packages/airflow/example_dags/example_time_delta_sensor_async.py
[2024-06-11T20:53:50.624+0000] {processor.py:756} INFO - Processing file /home/airflow/.local/lib/python3.7/site-packages/airflow/example_dags/example_time_delta_sensor_async.py for tasks to queue
[2024-06-11T20:53:50.625+0000] {logging_mixin.py:120} INFO - [2024-06-11T20:53:50.625+0000] {dagbag.py:537} INFO - Filling up the DagBag from /home/airflow/.local/lib/python3.7/site-packages/airflow/example_dags/example_time_delta_sensor_async.py
[2024-06-11T20:53:50.647+0000] {processor.py:766} INFO - DAG(s) dict_keys(['example_time_delta_sensor_async']) retrieved from /home/airflow/.local/lib/python3.7/site-packages/airflow/example_dags/example_time_delta_sensor_async.py
[2024-06-11T20:53:50.980+0000] {logging_mixin.py:120} INFO - [2024-06-11T20:53:50.979+0000] {dag.py:2585} INFO - Sync 1 DAGs
[2024-06-11T20:53:51.027+0000] {logging_mixin.py:120} INFO - [2024-06-11T20:53:51.027+0000] {dag.py:3340} INFO - Setting next_dagrun for example_time_delta_sensor_async to None, run_after=None
[2024-06-11T20:53:51.066+0000] {processor.py:176} INFO - Processing /home/airflow/.local/lib/python3.7/site-packages/airflow/example_dags/example_time_delta_sensor_async.py took 0.450 seconds
[2024-06-11T20:54:21.472+0000] {processor.py:154} INFO - Started process (PID=2469) to work on /home/airflow/.local/lib/python3.7/site-packages/airflow/example_dags/example_time_delta_sensor_async.py
[2024-06-11T20:54:21.473+0000] {processor.py:756} INFO - Processing file /home/airflow/.local/lib/python3.7/site-packages/airflow/example_dags/example_time_delta_sensor_async.py for tasks to queue
[2024-06-11T20:54:21.474+0000] {logging_mixin.py:120} INFO - [2024-06-11T20:54:21.474+0000] {dagbag.py:537} INFO - Filling up the DagBag from /home/airflow/.local/lib/python3.7/site-packages/airflow/example_dags/example_time_delta_sensor_async.py
[2024-06-11T20:54:21.485+0000] {processor.py:766} INFO - DAG(s) dict_keys(['example_time_delta_sensor_async']) retrieved from /home/airflow/.local/lib/python3.7/site-packages/airflow/example_dags/example_time_delta_sensor_async.py
[2024-06-11T20:54:21.639+0000] {logging_mixin.py:120} INFO - [2024-06-11T20:54:21.639+0000] {dag.py:2585} INFO - Sync 1 DAGs
[2024-06-11T20:54:21.659+0000] {logging_mixin.py:120} INFO - [2024-06-11T20:54:21.659+0000] {dag.py:3340} INFO - Setting next_dagrun for example_time_delta_sensor_async to None, run_after=None
[2024-06-11T20:54:21.673+0000] {processor.py:176} INFO - Processing /home/airflow/.local/lib/python3.7/site-packages/airflow/example_dags/example_time_delta_sensor_async.py took 0.204 seconds
[2024-06-11T20:54:51.698+0000] {processor.py:154} INFO - Started process (PID=2533) to work on /home/airflow/.local/lib/python3.7/site-packages/airflow/example_dags/example_time_delta_sensor_async.py
[2024-06-11T20:54:51.699+0000] {processor.py:756} INFO - Processing file /home/airflow/.local/lib/python3.7/site-packages/airflow/example_dags/example_time_delta_sensor_async.py for tasks to queue
[2024-06-11T20:54:51.700+0000] {logging_mixin.py:120} INFO - [2024-06-11T20:54:51.700+0000] {dagbag.py:537} INFO - Filling up the DagBag from /home/airflow/.local/lib/python3.7/site-packages/airflow/example_dags/example_time_delta_sensor_async.py
[2024-06-11T20:54:51.711+0000] {processor.py:766} INFO - DAG(s) dict_keys(['example_time_delta_sensor_async']) retrieved from /home/airflow/.local/lib/python3.7/site-packages/airflow/example_dags/example_time_delta_sensor_async.py
[2024-06-11T20:54:51.864+0000] {logging_mixin.py:120} INFO - [2024-06-11T20:54:51.864+0000] {dag.py:2585} INFO - Sync 1 DAGs
[2024-06-11T20:54:51.884+0000] {logging_mixin.py:120} INFO - [2024-06-11T20:54:51.884+0000] {dag.py:3340} INFO - Setting next_dagrun for example_time_delta_sensor_async to None, run_after=None
[2024-06-11T20:54:51.899+0000] {processor.py:176} INFO - Processing /home/airflow/.local/lib/python3.7/site-packages/airflow/example_dags/example_time_delta_sensor_async.py took 0.204 seconds
[2024-06-11T20:55:21.937+0000] {processor.py:154} INFO - Started process (PID=2597) to work on /home/airflow/.local/lib/python3.7/site-packages/airflow/example_dags/example_time_delta_sensor_async.py
[2024-06-11T20:55:21.938+0000] {processor.py:756} INFO - Processing file /home/airflow/.local/lib/python3.7/site-packages/airflow/example_dags/example_time_delta_sensor_async.py for tasks to queue
[2024-06-11T20:55:21.939+0000] {logging_mixin.py:120} INFO - [2024-06-11T20:55:21.939+0000] {dagbag.py:537} INFO - Filling up the DagBag from /home/airflow/.local/lib/python3.7/site-packages/airflow/example_dags/example_time_delta_sensor_async.py
[2024-06-11T20:55:21.949+0000] {processor.py:766} INFO - DAG(s) dict_keys(['example_time_delta_sensor_async']) retrieved from /home/airflow/.local/lib/python3.7/site-packages/airflow/example_dags/example_time_delta_sensor_async.py
[2024-06-11T20:55:22.102+0000] {logging_mixin.py:120} INFO - [2024-06-11T20:55:22.102+0000] {dag.py:2585} INFO - Sync 1 DAGs
[2024-06-11T20:55:22.124+0000] {logging_mixin.py:120} INFO - [2024-06-11T20:55:22.124+0000] {dag.py:3340} INFO - Setting next_dagrun for example_time_delta_sensor_async to None, run_after=None
[2024-06-11T20:55:22.139+0000] {processor.py:176} INFO - Processing /home/airflow/.local/lib/python3.7/site-packages/airflow/example_dags/example_time_delta_sensor_async.py took 0.204 seconds
[2024-06-11T20:55:53.527+0000] {processor.py:154} INFO - Started process (PID=2656) to work on /home/airflow/.local/lib/python3.7/site-packages/airflow/example_dags/example_time_delta_sensor_async.py
[2024-06-11T20:55:53.529+0000] {processor.py:756} INFO - Processing file /home/airflow/.local/lib/python3.7/site-packages/airflow/example_dags/example_time_delta_sensor_async.py for tasks to queue
[2024-06-11T20:55:53.531+0000] {logging_mixin.py:120} INFO - [2024-06-11T20:55:53.531+0000] {dagbag.py:537} INFO - Filling up the DagBag from /home/airflow/.local/lib/python3.7/site-packages/airflow/example_dags/example_time_delta_sensor_async.py
[2024-06-11T20:55:53.552+0000] {processor.py:766} INFO - DAG(s) dict_keys(['example_time_delta_sensor_async']) retrieved from /home/airflow/.local/lib/python3.7/site-packages/airflow/example_dags/example_time_delta_sensor_async.py
[2024-06-11T20:55:53.743+0000] {logging_mixin.py:120} INFO - [2024-06-11T20:55:53.743+0000] {dag.py:2585} INFO - Sync 1 DAGs
[2024-06-11T20:55:53.766+0000] {logging_mixin.py:120} INFO - [2024-06-11T20:55:53.766+0000] {dag.py:3340} INFO - Setting next_dagrun for example_time_delta_sensor_async to None, run_after=None
[2024-06-11T20:55:53.783+0000] {processor.py:176} INFO - Processing /home/airflow/.local/lib/python3.7/site-packages/airflow/example_dags/example_time_delta_sensor_async.py took 0.262 seconds
[2024-06-11T20:57:22.375+0000] {processor.py:154} INFO - Started process (PID=2712) to work on /home/airflow/.local/lib/python3.7/site-packages/airflow/example_dags/example_time_delta_sensor_async.py
[2024-06-11T20:57:22.375+0000] {processor.py:756} INFO - Processing file /home/airflow/.local/lib/python3.7/site-packages/airflow/example_dags/example_time_delta_sensor_async.py for tasks to queue
[2024-06-11T20:57:22.376+0000] {logging_mixin.py:120} INFO - [2024-06-11T20:57:22.376+0000] {dagbag.py:537} INFO - Filling up the DagBag from /home/airflow/.local/lib/python3.7/site-packages/airflow/example_dags/example_time_delta_sensor_async.py
[2024-06-11T20:57:22.387+0000] {processor.py:766} INFO - DAG(s) dict_keys(['example_time_delta_sensor_async']) retrieved from /home/airflow/.local/lib/python3.7/site-packages/airflow/example_dags/example_time_delta_sensor_async.py
[2024-06-11T20:57:22.541+0000] {logging_mixin.py:120} INFO - [2024-06-11T20:57:22.541+0000] {dag.py:2585} INFO - Sync 1 DAGs
[2024-06-11T20:57:22.562+0000] {logging_mixin.py:120} INFO - [2024-06-11T20:57:22.561+0000] {dag.py:3340} INFO - Setting next_dagrun for example_time_delta_sensor_async to None, run_after=None
[2024-06-11T20:57:22.577+0000] {processor.py:176} INFO - Processing /home/airflow/.local/lib/python3.7/site-packages/airflow/example_dags/example_time_delta_sensor_async.py took 0.205 seconds
[2024-06-11T20:57:52.659+0000] {processor.py:154} INFO - Started process (PID=2774) to work on /home/airflow/.local/lib/python3.7/site-packages/airflow/example_dags/example_time_delta_sensor_async.py
[2024-06-11T20:57:52.660+0000] {processor.py:756} INFO - Processing file /home/airflow/.local/lib/python3.7/site-packages/airflow/example_dags/example_time_delta_sensor_async.py for tasks to queue
[2024-06-11T20:57:52.661+0000] {logging_mixin.py:120} INFO - [2024-06-11T20:57:52.661+0000] {dagbag.py:537} INFO - Filling up the DagBag from /home/airflow/.local/lib/python3.7/site-packages/airflow/example_dags/example_time_delta_sensor_async.py
[2024-06-11T20:57:52.672+0000] {processor.py:766} INFO - DAG(s) dict_keys(['example_time_delta_sensor_async']) retrieved from /home/airflow/.local/lib/python3.7/site-packages/airflow/example_dags/example_time_delta_sensor_async.py
[2024-06-11T20:57:52.826+0000] {logging_mixin.py:120} INFO - [2024-06-11T20:57:52.825+0000] {dag.py:2585} INFO - Sync 1 DAGs
[2024-06-11T20:57:52.846+0000] {logging_mixin.py:120} INFO - [2024-06-11T20:57:52.846+0000] {dag.py:3340} INFO - Setting next_dagrun for example_time_delta_sensor_async to None, run_after=None
[2024-06-11T20:57:52.861+0000] {processor.py:176} INFO - Processing /home/airflow/.local/lib/python3.7/site-packages/airflow/example_dags/example_time_delta_sensor_async.py took 0.205 seconds
[2024-06-11T20:58:22.878+0000] {processor.py:154} INFO - Started process (PID=2828) to work on /home/airflow/.local/lib/python3.7/site-packages/airflow/example_dags/example_time_delta_sensor_async.py
[2024-06-11T20:58:22.879+0000] {processor.py:756} INFO - Processing file /home/airflow/.local/lib/python3.7/site-packages/airflow/example_dags/example_time_delta_sensor_async.py for tasks to queue
[2024-06-11T20:58:22.880+0000] {logging_mixin.py:120} INFO - [2024-06-11T20:58:22.880+0000] {dagbag.py:537} INFO - Filling up the DagBag from /home/airflow/.local/lib/python3.7/site-packages/airflow/example_dags/example_time_delta_sensor_async.py
[2024-06-11T20:58:22.893+0000] {processor.py:766} INFO - DAG(s) dict_keys(['example_time_delta_sensor_async']) retrieved from /home/airflow/.local/lib/python3.7/site-packages/airflow/example_dags/example_time_delta_sensor_async.py
[2024-06-11T20:58:23.049+0000] {logging_mixin.py:120} INFO - [2024-06-11T20:58:23.049+0000] {dag.py:2585} INFO - Sync 1 DAGs
[2024-06-11T20:58:23.069+0000] {logging_mixin.py:120} INFO - [2024-06-11T20:58:23.069+0000] {dag.py:3340} INFO - Setting next_dagrun for example_time_delta_sensor_async to None, run_after=None
[2024-06-11T20:58:23.085+0000] {processor.py:176} INFO - Processing /home/airflow/.local/lib/python3.7/site-packages/airflow/example_dags/example_time_delta_sensor_async.py took 0.210 seconds
[2024-06-11T20:58:53.213+0000] {processor.py:154} INFO - Started process (PID=2891) to work on /home/airflow/.local/lib/python3.7/site-packages/airflow/example_dags/example_time_delta_sensor_async.py
[2024-06-11T20:58:53.214+0000] {processor.py:756} INFO - Processing file /home/airflow/.local/lib/python3.7/site-packages/airflow/example_dags/example_time_delta_sensor_async.py for tasks to queue
[2024-06-11T20:58:53.215+0000] {logging_mixin.py:120} INFO - [2024-06-11T20:58:53.215+0000] {dagbag.py:537} INFO - Filling up the DagBag from /home/airflow/.local/lib/python3.7/site-packages/airflow/example_dags/example_time_delta_sensor_async.py
[2024-06-11T20:58:53.226+0000] {processor.py:766} INFO - DAG(s) dict_keys(['example_time_delta_sensor_async']) retrieved from /home/airflow/.local/lib/python3.7/site-packages/airflow/example_dags/example_time_delta_sensor_async.py
[2024-06-11T20:58:53.381+0000] {logging_mixin.py:120} INFO - [2024-06-11T20:58:53.381+0000] {dag.py:2585} INFO - Sync 1 DAGs
[2024-06-11T20:58:53.404+0000] {logging_mixin.py:120} INFO - [2024-06-11T20:58:53.404+0000] {dag.py:3340} INFO - Setting next_dagrun for example_time_delta_sensor_async to None, run_after=None
[2024-06-11T20:58:53.419+0000] {processor.py:176} INFO - Processing /home/airflow/.local/lib/python3.7/site-packages/airflow/example_dags/example_time_delta_sensor_async.py took 0.209 seconds
[2024-06-11T21:14:54.254+0000] {processor.py:154} INFO - Started process (PID=2953) to work on /home/airflow/.local/lib/python3.7/site-packages/airflow/example_dags/example_time_delta_sensor_async.py
[2024-06-11T21:14:54.256+0000] {processor.py:756} INFO - Processing file /home/airflow/.local/lib/python3.7/site-packages/airflow/example_dags/example_time_delta_sensor_async.py for tasks to queue
[2024-06-11T21:14:54.257+0000] {logging_mixin.py:120} INFO - [2024-06-11T21:14:54.257+0000] {dagbag.py:537} INFO - Filling up the DagBag from /home/airflow/.local/lib/python3.7/site-packages/airflow/example_dags/example_time_delta_sensor_async.py
[2024-06-11T21:14:54.274+0000] {processor.py:766} INFO - DAG(s) dict_keys(['example_time_delta_sensor_async']) retrieved from /home/airflow/.local/lib/python3.7/site-packages/airflow/example_dags/example_time_delta_sensor_async.py
[2024-06-11T21:14:54.514+0000] {logging_mixin.py:120} INFO - [2024-06-11T21:14:54.514+0000] {dag.py:2585} INFO - Sync 1 DAGs
[2024-06-11T21:14:54.551+0000] {logging_mixin.py:120} INFO - [2024-06-11T21:14:54.551+0000] {dag.py:3340} INFO - Setting next_dagrun for example_time_delta_sensor_async to None, run_after=None
[2024-06-11T21:14:54.579+0000] {processor.py:176} INFO - Processing /home/airflow/.local/lib/python3.7/site-packages/airflow/example_dags/example_time_delta_sensor_async.py took 0.329 seconds
[2024-06-11T21:15:24.929+0000] {processor.py:154} INFO - Started process (PID=3016) to work on /home/airflow/.local/lib/python3.7/site-packages/airflow/example_dags/example_time_delta_sensor_async.py
[2024-06-11T21:15:24.930+0000] {processor.py:756} INFO - Processing file /home/airflow/.local/lib/python3.7/site-packages/airflow/example_dags/example_time_delta_sensor_async.py for tasks to queue
[2024-06-11T21:15:24.930+0000] {logging_mixin.py:120} INFO - [2024-06-11T21:15:24.930+0000] {dagbag.py:537} INFO - Filling up the DagBag from /home/airflow/.local/lib/python3.7/site-packages/airflow/example_dags/example_time_delta_sensor_async.py
[2024-06-11T21:15:24.942+0000] {processor.py:766} INFO - DAG(s) dict_keys(['example_time_delta_sensor_async']) retrieved from /home/airflow/.local/lib/python3.7/site-packages/airflow/example_dags/example_time_delta_sensor_async.py
[2024-06-11T21:15:25.098+0000] {logging_mixin.py:120} INFO - [2024-06-11T21:15:25.098+0000] {dag.py:2585} INFO - Sync 1 DAGs
[2024-06-11T21:15:25.119+0000] {logging_mixin.py:120} INFO - [2024-06-11T21:15:25.119+0000] {dag.py:3340} INFO - Setting next_dagrun for example_time_delta_sensor_async to None, run_after=None
[2024-06-11T21:15:25.133+0000] {processor.py:176} INFO - Processing /home/airflow/.local/lib/python3.7/site-packages/airflow/example_dags/example_time_delta_sensor_async.py took 0.208 seconds
[2024-06-11T21:15:55.435+0000] {processor.py:154} INFO - Started process (PID=3070) to work on /home/airflow/.local/lib/python3.7/site-packages/airflow/example_dags/example_time_delta_sensor_async.py
[2024-06-11T21:15:55.436+0000] {processor.py:756} INFO - Processing file /home/airflow/.local/lib/python3.7/site-packages/airflow/example_dags/example_time_delta_sensor_async.py for tasks to queue
[2024-06-11T21:15:55.437+0000] {logging_mixin.py:120} INFO - [2024-06-11T21:15:55.437+0000] {dagbag.py:537} INFO - Filling up the DagBag from /home/airflow/.local/lib/python3.7/site-packages/airflow/example_dags/example_time_delta_sensor_async.py
[2024-06-11T21:15:55.448+0000] {processor.py:766} INFO - DAG(s) dict_keys(['example_time_delta_sensor_async']) retrieved from /home/airflow/.local/lib/python3.7/site-packages/airflow/example_dags/example_time_delta_sensor_async.py
[2024-06-11T21:15:55.604+0000] {logging_mixin.py:120} INFO - [2024-06-11T21:15:55.603+0000] {dag.py:2585} INFO - Sync 1 DAGs
[2024-06-11T21:15:55.624+0000] {logging_mixin.py:120} INFO - [2024-06-11T21:15:55.624+0000] {dag.py:3340} INFO - Setting next_dagrun for example_time_delta_sensor_async to None, run_after=None
[2024-06-11T21:15:55.640+0000] {processor.py:176} INFO - Processing /home/airflow/.local/lib/python3.7/site-packages/airflow/example_dags/example_time_delta_sensor_async.py took 0.208 seconds
[2024-06-11T21:16:25.845+0000] {processor.py:154} INFO - Started process (PID=3132) to work on /home/airflow/.local/lib/python3.7/site-packages/airflow/example_dags/example_time_delta_sensor_async.py
[2024-06-11T21:16:25.846+0000] {processor.py:756} INFO - Processing file /home/airflow/.local/lib/python3.7/site-packages/airflow/example_dags/example_time_delta_sensor_async.py for tasks to queue
[2024-06-11T21:16:25.846+0000] {logging_mixin.py:120} INFO - [2024-06-11T21:16:25.846+0000] {dagbag.py:537} INFO - Filling up the DagBag from /home/airflow/.local/lib/python3.7/site-packages/airflow/example_dags/example_time_delta_sensor_async.py
[2024-06-11T21:16:25.857+0000] {processor.py:766} INFO - DAG(s) dict_keys(['example_time_delta_sensor_async']) retrieved from /home/airflow/.local/lib/python3.7/site-packages/airflow/example_dags/example_time_delta_sensor_async.py
[2024-06-11T21:16:26.015+0000] {logging_mixin.py:120} INFO - [2024-06-11T21:16:26.015+0000] {dag.py:2585} INFO - Sync 1 DAGs
[2024-06-11T21:16:26.036+0000] {logging_mixin.py:120} INFO - [2024-06-11T21:16:26.036+0000] {dag.py:3340} INFO - Setting next_dagrun for example_time_delta_sensor_async to None, run_after=None
[2024-06-11T21:16:26.051+0000] {processor.py:176} INFO - Processing /home/airflow/.local/lib/python3.7/site-packages/airflow/example_dags/example_time_delta_sensor_async.py took 0.210 seconds
[2024-06-11T21:16:56.153+0000] {processor.py:154} INFO - Started process (PID=3195) to work on /home/airflow/.local/lib/python3.7/site-packages/airflow/example_dags/example_time_delta_sensor_async.py
[2024-06-11T21:16:56.154+0000] {processor.py:756} INFO - Processing file /home/airflow/.local/lib/python3.7/site-packages/airflow/example_dags/example_time_delta_sensor_async.py for tasks to queue
[2024-06-11T21:16:56.155+0000] {logging_mixin.py:120} INFO - [2024-06-11T21:16:56.154+0000] {dagbag.py:537} INFO - Filling up the DagBag from /home/airflow/.local/lib/python3.7/site-packages/airflow/example_dags/example_time_delta_sensor_async.py
[2024-06-11T21:16:56.166+0000] {processor.py:766} INFO - DAG(s) dict_keys(['example_time_delta_sensor_async']) retrieved from /home/airflow/.local/lib/python3.7/site-packages/airflow/example_dags/example_time_delta_sensor_async.py
[2024-06-11T21:16:56.321+0000] {logging_mixin.py:120} INFO - [2024-06-11T21:16:56.321+0000] {dag.py:2585} INFO - Sync 1 DAGs
[2024-06-11T21:16:56.342+0000] {logging_mixin.py:120} INFO - [2024-06-11T21:16:56.342+0000] {dag.py:3340} INFO - Setting next_dagrun for example_time_delta_sensor_async to None, run_after=None
[2024-06-11T21:16:56.359+0000] {processor.py:176} INFO - Processing /home/airflow/.local/lib/python3.7/site-packages/airflow/example_dags/example_time_delta_sensor_async.py took 0.210 seconds
[2024-06-11T21:30:34.923+0000] {processor.py:154} INFO - Started process (PID=3250) to work on /home/airflow/.local/lib/python3.7/site-packages/airflow/example_dags/example_time_delta_sensor_async.py
[2024-06-11T21:30:34.924+0000] {processor.py:756} INFO - Processing file /home/airflow/.local/lib/python3.7/site-packages/airflow/example_dags/example_time_delta_sensor_async.py for tasks to queue
[2024-06-11T21:30:34.925+0000] {logging_mixin.py:120} INFO - [2024-06-11T21:30:34.925+0000] {dagbag.py:537} INFO - Filling up the DagBag from /home/airflow/.local/lib/python3.7/site-packages/airflow/example_dags/example_time_delta_sensor_async.py
[2024-06-11T21:30:34.936+0000] {processor.py:766} INFO - DAG(s) dict_keys(['example_time_delta_sensor_async']) retrieved from /home/airflow/.local/lib/python3.7/site-packages/airflow/example_dags/example_time_delta_sensor_async.py
[2024-06-11T21:30:35.092+0000] {logging_mixin.py:120} INFO - [2024-06-11T21:30:35.092+0000] {dag.py:2585} INFO - Sync 1 DAGs
[2024-06-11T21:30:35.113+0000] {logging_mixin.py:120} INFO - [2024-06-11T21:30:35.113+0000] {dag.py:3340} INFO - Setting next_dagrun for example_time_delta_sensor_async to None, run_after=None
[2024-06-11T21:30:35.133+0000] {processor.py:176} INFO - Processing /home/airflow/.local/lib/python3.7/site-packages/airflow/example_dags/example_time_delta_sensor_async.py took 0.213 seconds
[2024-06-11T21:31:05.530+0000] {processor.py:154} INFO - Started process (PID=3313) to work on /home/airflow/.local/lib/python3.7/site-packages/airflow/example_dags/example_time_delta_sensor_async.py
[2024-06-11T21:31:05.531+0000] {processor.py:756} INFO - Processing file /home/airflow/.local/lib/python3.7/site-packages/airflow/example_dags/example_time_delta_sensor_async.py for tasks to queue
[2024-06-11T21:31:05.532+0000] {logging_mixin.py:120} INFO - [2024-06-11T21:31:05.532+0000] {dagbag.py:537} INFO - Filling up the DagBag from /home/airflow/.local/lib/python3.7/site-packages/airflow/example_dags/example_time_delta_sensor_async.py
[2024-06-11T21:31:05.543+0000] {processor.py:766} INFO - DAG(s) dict_keys(['example_time_delta_sensor_async']) retrieved from /home/airflow/.local/lib/python3.7/site-packages/airflow/example_dags/example_time_delta_sensor_async.py
[2024-06-11T21:31:05.708+0000] {logging_mixin.py:120} INFO - [2024-06-11T21:31:05.708+0000] {dag.py:2585} INFO - Sync 1 DAGs
[2024-06-11T21:31:05.729+0000] {logging_mixin.py:120} INFO - [2024-06-11T21:31:05.729+0000] {dag.py:3340} INFO - Setting next_dagrun for example_time_delta_sensor_async to None, run_after=None
[2024-06-11T21:31:05.747+0000] {processor.py:176} INFO - Processing /home/airflow/.local/lib/python3.7/site-packages/airflow/example_dags/example_time_delta_sensor_async.py took 0.221 seconds
[2024-06-11T21:31:36.121+0000] {processor.py:154} INFO - Started process (PID=3376) to work on /home/airflow/.local/lib/python3.7/site-packages/airflow/example_dags/example_time_delta_sensor_async.py
[2024-06-11T21:31:36.122+0000] {processor.py:756} INFO - Processing file /home/airflow/.local/lib/python3.7/site-packages/airflow/example_dags/example_time_delta_sensor_async.py for tasks to queue
[2024-06-11T21:31:36.123+0000] {logging_mixin.py:120} INFO - [2024-06-11T21:31:36.123+0000] {dagbag.py:537} INFO - Filling up the DagBag from /home/airflow/.local/lib/python3.7/site-packages/airflow/example_dags/example_time_delta_sensor_async.py
[2024-06-11T21:31:36.134+0000] {processor.py:766} INFO - DAG(s) dict_keys(['example_time_delta_sensor_async']) retrieved from /home/airflow/.local/lib/python3.7/site-packages/airflow/example_dags/example_time_delta_sensor_async.py
[2024-06-11T21:31:36.290+0000] {logging_mixin.py:120} INFO - [2024-06-11T21:31:36.289+0000] {dag.py:2585} INFO - Sync 1 DAGs
[2024-06-11T21:31:36.312+0000] {logging_mixin.py:120} INFO - [2024-06-11T21:31:36.312+0000] {dag.py:3340} INFO - Setting next_dagrun for example_time_delta_sensor_async to None, run_after=None
[2024-06-11T21:31:36.328+0000] {processor.py:176} INFO - Processing /home/airflow/.local/lib/python3.7/site-packages/airflow/example_dags/example_time_delta_sensor_async.py took 0.210 seconds
[2024-06-11T21:32:06.540+0000] {processor.py:154} INFO - Started process (PID=3439) to work on /home/airflow/.local/lib/python3.7/site-packages/airflow/example_dags/example_time_delta_sensor_async.py
[2024-06-11T21:32:06.541+0000] {processor.py:756} INFO - Processing file /home/airflow/.local/lib/python3.7/site-packages/airflow/example_dags/example_time_delta_sensor_async.py for tasks to queue
[2024-06-11T21:32:06.542+0000] {logging_mixin.py:120} INFO - [2024-06-11T21:32:06.542+0000] {dagbag.py:537} INFO - Filling up the DagBag from /home/airflow/.local/lib/python3.7/site-packages/airflow/example_dags/example_time_delta_sensor_async.py
[2024-06-11T21:32:06.552+0000] {processor.py:766} INFO - DAG(s) dict_keys(['example_time_delta_sensor_async']) retrieved from /home/airflow/.local/lib/python3.7/site-packages/airflow/example_dags/example_time_delta_sensor_async.py
[2024-06-11T21:32:06.714+0000] {logging_mixin.py:120} INFO - [2024-06-11T21:32:06.713+0000] {dag.py:2585} INFO - Sync 1 DAGs
[2024-06-11T21:32:06.734+0000] {logging_mixin.py:120} INFO - [2024-06-11T21:32:06.734+0000] {dag.py:3340} INFO - Setting next_dagrun for example_time_delta_sensor_async to None, run_after=None
[2024-06-11T21:32:06.749+0000] {processor.py:176} INFO - Processing /home/airflow/.local/lib/python3.7/site-packages/airflow/example_dags/example_time_delta_sensor_async.py took 0.212 seconds
[2024-06-11T21:32:36.806+0000] {processor.py:154} INFO - Started process (PID=3502) to work on /home/airflow/.local/lib/python3.7/site-packages/airflow/example_dags/example_time_delta_sensor_async.py
[2024-06-11T21:32:36.807+0000] {processor.py:756} INFO - Processing file /home/airflow/.local/lib/python3.7/site-packages/airflow/example_dags/example_time_delta_sensor_async.py for tasks to queue
[2024-06-11T21:32:36.808+0000] {logging_mixin.py:120} INFO - [2024-06-11T21:32:36.808+0000] {dagbag.py:537} INFO - Filling up the DagBag from /home/airflow/.local/lib/python3.7/site-packages/airflow/example_dags/example_time_delta_sensor_async.py
[2024-06-11T21:32:36.820+0000] {processor.py:766} INFO - DAG(s) dict_keys(['example_time_delta_sensor_async']) retrieved from /home/airflow/.local/lib/python3.7/site-packages/airflow/example_dags/example_time_delta_sensor_async.py
[2024-06-11T21:32:36.979+0000] {logging_mixin.py:120} INFO - [2024-06-11T21:32:36.978+0000] {dag.py:2585} INFO - Sync 1 DAGs
[2024-06-11T21:32:37.000+0000] {logging_mixin.py:120} INFO - [2024-06-11T21:32:37.000+0000] {dag.py:3340} INFO - Setting next_dagrun for example_time_delta_sensor_async to None, run_after=None
[2024-06-11T21:32:37.016+0000] {processor.py:176} INFO - Processing /home/airflow/.local/lib/python3.7/site-packages/airflow/example_dags/example_time_delta_sensor_async.py took 0.213 seconds
[2024-06-11T21:33:07.062+0000] {processor.py:154} INFO - Started process (PID=3556) to work on /home/airflow/.local/lib/python3.7/site-packages/airflow/example_dags/example_time_delta_sensor_async.py
[2024-06-11T21:33:07.063+0000] {processor.py:756} INFO - Processing file /home/airflow/.local/lib/python3.7/site-packages/airflow/example_dags/example_time_delta_sensor_async.py for tasks to queue
[2024-06-11T21:33:07.064+0000] {logging_mixin.py:120} INFO - [2024-06-11T21:33:07.064+0000] {dagbag.py:537} INFO - Filling up the DagBag from /home/airflow/.local/lib/python3.7/site-packages/airflow/example_dags/example_time_delta_sensor_async.py
[2024-06-11T21:33:07.075+0000] {processor.py:766} INFO - DAG(s) dict_keys(['example_time_delta_sensor_async']) retrieved from /home/airflow/.local/lib/python3.7/site-packages/airflow/example_dags/example_time_delta_sensor_async.py
[2024-06-11T21:33:07.229+0000] {logging_mixin.py:120} INFO - [2024-06-11T21:33:07.229+0000] {dag.py:2585} INFO - Sync 1 DAGs
[2024-06-11T21:33:07.250+0000] {logging_mixin.py:120} INFO - [2024-06-11T21:33:07.250+0000] {dag.py:3340} INFO - Setting next_dagrun for example_time_delta_sensor_async to None, run_after=None
[2024-06-11T21:33:07.266+0000] {processor.py:176} INFO - Processing /home/airflow/.local/lib/python3.7/site-packages/airflow/example_dags/example_time_delta_sensor_async.py took 0.207 seconds
[2024-06-11T21:33:37.752+0000] {processor.py:154} INFO - Started process (PID=3619) to work on /home/airflow/.local/lib/python3.7/site-packages/airflow/example_dags/example_time_delta_sensor_async.py
[2024-06-11T21:33:37.753+0000] {processor.py:756} INFO - Processing file /home/airflow/.local/lib/python3.7/site-packages/airflow/example_dags/example_time_delta_sensor_async.py for tasks to queue
[2024-06-11T21:33:37.754+0000] {logging_mixin.py:120} INFO - [2024-06-11T21:33:37.754+0000] {dagbag.py:537} INFO - Filling up the DagBag from /home/airflow/.local/lib/python3.7/site-packages/airflow/example_dags/example_time_delta_sensor_async.py
[2024-06-11T21:33:37.767+0000] {processor.py:766} INFO - DAG(s) dict_keys(['example_time_delta_sensor_async']) retrieved from /home/airflow/.local/lib/python3.7/site-packages/airflow/example_dags/example_time_delta_sensor_async.py
[2024-06-11T21:33:37.936+0000] {logging_mixin.py:120} INFO - [2024-06-11T21:33:37.936+0000] {dag.py:2585} INFO - Sync 1 DAGs
[2024-06-11T21:33:37.958+0000] {logging_mixin.py:120} INFO - [2024-06-11T21:33:37.958+0000] {dag.py:3340} INFO - Setting next_dagrun for example_time_delta_sensor_async to None, run_after=None
[2024-06-11T21:33:37.973+0000] {processor.py:176} INFO - Processing /home/airflow/.local/lib/python3.7/site-packages/airflow/example_dags/example_time_delta_sensor_async.py took 0.224 seconds
[2024-06-11T21:35:20.372+0000] {processor.py:154} INFO - Started process (PID=70) to work on /home/airflow/.local/lib/python3.7/site-packages/airflow/example_dags/example_time_delta_sensor_async.py
[2024-06-11T21:35:20.375+0000] {processor.py:756} INFO - Processing file /home/airflow/.local/lib/python3.7/site-packages/airflow/example_dags/example_time_delta_sensor_async.py for tasks to queue
[2024-06-11T21:35:20.376+0000] {logging_mixin.py:120} INFO - [2024-06-11T21:35:20.376+0000] {dagbag.py:537} INFO - Filling up the DagBag from /home/airflow/.local/lib/python3.7/site-packages/airflow/example_dags/example_time_delta_sensor_async.py
[2024-06-11T21:35:20.410+0000] {processor.py:766} INFO - DAG(s) dict_keys(['example_time_delta_sensor_async']) retrieved from /home/airflow/.local/lib/python3.7/site-packages/airflow/example_dags/example_time_delta_sensor_async.py
[2024-06-11T21:35:20.785+0000] {logging_mixin.py:120} INFO - [2024-06-11T21:35:20.785+0000] {dag.py:2585} INFO - Sync 1 DAGs
[2024-06-11T21:35:20.830+0000] {logging_mixin.py:120} INFO - [2024-06-11T21:35:20.830+0000] {dag.py:3340} INFO - Setting next_dagrun for example_time_delta_sensor_async to None, run_after=None
[2024-06-11T21:35:20.862+0000] {processor.py:176} INFO - Processing /home/airflow/.local/lib/python3.7/site-packages/airflow/example_dags/example_time_delta_sensor_async.py took 0.497 seconds
