[2024-06-11T13:03:40.362+0000] {processor.py:154} INFO - Started process (PID=59) to work on /home/airflow/.local/lib/python3.7/site-packages/airflow/example_dags/example_xcomargs.py
[2024-06-11T13:03:40.366+0000] {processor.py:756} INFO - Processing file /home/airflow/.local/lib/python3.7/site-packages/airflow/example_dags/example_xcomargs.py for tasks to queue
[2024-06-11T13:03:40.368+0000] {logging_mixin.py:120} INFO - [2024-06-11T13:03:40.368+0000] {dagbag.py:537} INFO - Filling up the DagBag from /home/airflow/.local/lib/python3.7/site-packages/airflow/example_dags/example_xcomargs.py
[2024-06-11T13:03:40.430+0000] {processor.py:766} INFO - DAG(s) dict_keys(['example_xcom_args', 'example_xcom_args_with_operators']) retrieved from /home/airflow/.local/lib/python3.7/site-packages/airflow/example_dags/example_xcomargs.py
[2024-06-11T13:03:40.583+0000] {logging_mixin.py:120} INFO - [2024-06-11T13:03:40.583+0000] {dag.py:2585} INFO - Sync 2 DAGs
[2024-06-11T13:03:40.653+0000] {logging_mixin.py:120} INFO - [2024-06-11T13:03:40.653+0000] {dag.py:3340} INFO - Setting next_dagrun for example_xcom_args to None, run_after=None
[2024-06-11T13:03:40.662+0000] {logging_mixin.py:120} INFO - [2024-06-11T13:03:40.662+0000] {dag.py:3340} INFO - Setting next_dagrun for example_xcom_args_with_operators to None, run_after=None
[2024-06-11T13:03:40.696+0000] {processor.py:176} INFO - Processing /home/airflow/.local/lib/python3.7/site-packages/airflow/example_dags/example_xcomargs.py took 0.352 seconds
[2024-06-11T18:16:15.998+0000] {processor.py:154} INFO - Started process (PID=67) to work on /home/airflow/.local/lib/python3.7/site-packages/airflow/example_dags/example_xcomargs.py
[2024-06-11T18:16:16.000+0000] {processor.py:756} INFO - Processing file /home/airflow/.local/lib/python3.7/site-packages/airflow/example_dags/example_xcomargs.py for tasks to queue
[2024-06-11T18:16:16.001+0000] {logging_mixin.py:120} INFO - [2024-06-11T18:16:16.001+0000] {dagbag.py:537} INFO - Filling up the DagBag from /home/airflow/.local/lib/python3.7/site-packages/airflow/example_dags/example_xcomargs.py
[2024-06-11T18:16:16.049+0000] {processor.py:766} INFO - DAG(s) dict_keys(['example_xcom_args_with_operators', 'example_xcom_args']) retrieved from /home/airflow/.local/lib/python3.7/site-packages/airflow/example_dags/example_xcomargs.py
[2024-06-11T18:16:16.144+0000] {logging_mixin.py:120} INFO - [2024-06-11T18:16:16.143+0000] {dag.py:2585} INFO - Sync 2 DAGs
[2024-06-11T18:16:16.210+0000] {logging_mixin.py:120} INFO - [2024-06-11T18:16:16.209+0000] {dag.py:3340} INFO - Setting next_dagrun for example_xcom_args to None, run_after=None
[2024-06-11T18:16:16.218+0000] {logging_mixin.py:120} INFO - [2024-06-11T18:16:16.218+0000] {dag.py:3340} INFO - Setting next_dagrun for example_xcom_args_with_operators to None, run_after=None
[2024-06-11T18:16:16.257+0000] {processor.py:176} INFO - Processing /home/airflow/.local/lib/python3.7/site-packages/airflow/example_dags/example_xcomargs.py took 0.264 seconds
[2024-06-11T18:16:46.277+0000] {processor.py:154} INFO - Started process (PID=121) to work on /home/airflow/.local/lib/python3.7/site-packages/airflow/example_dags/example_xcomargs.py
[2024-06-11T18:16:46.277+0000] {processor.py:756} INFO - Processing file /home/airflow/.local/lib/python3.7/site-packages/airflow/example_dags/example_xcomargs.py for tasks to queue
[2024-06-11T18:16:46.278+0000] {logging_mixin.py:120} INFO - [2024-06-11T18:16:46.278+0000] {dagbag.py:537} INFO - Filling up the DagBag from /home/airflow/.local/lib/python3.7/site-packages/airflow/example_dags/example_xcomargs.py
[2024-06-11T18:16:46.297+0000] {processor.py:766} INFO - DAG(s) dict_keys(['example_xcom_args_with_operators', 'example_xcom_args']) retrieved from /home/airflow/.local/lib/python3.7/site-packages/airflow/example_dags/example_xcomargs.py
[2024-06-11T18:16:46.332+0000] {logging_mixin.py:120} INFO - [2024-06-11T18:16:46.332+0000] {dag.py:2585} INFO - Sync 2 DAGs
[2024-06-11T18:16:46.352+0000] {logging_mixin.py:120} INFO - [2024-06-11T18:16:46.352+0000] {dag.py:3340} INFO - Setting next_dagrun for example_xcom_args to None, run_after=None
[2024-06-11T18:16:46.355+0000] {logging_mixin.py:120} INFO - [2024-06-11T18:16:46.355+0000] {dag.py:3340} INFO - Setting next_dagrun for example_xcom_args_with_operators to None, run_after=None
[2024-06-11T18:16:46.369+0000] {processor.py:176} INFO - Processing /home/airflow/.local/lib/python3.7/site-packages/airflow/example_dags/example_xcomargs.py took 0.095 seconds
[2024-06-11T18:17:17.000+0000] {processor.py:154} INFO - Started process (PID=185) to work on /home/airflow/.local/lib/python3.7/site-packages/airflow/example_dags/example_xcomargs.py
[2024-06-11T18:17:17.001+0000] {processor.py:756} INFO - Processing file /home/airflow/.local/lib/python3.7/site-packages/airflow/example_dags/example_xcomargs.py for tasks to queue
[2024-06-11T18:17:17.002+0000] {logging_mixin.py:120} INFO - [2024-06-11T18:17:17.002+0000] {dagbag.py:537} INFO - Filling up the DagBag from /home/airflow/.local/lib/python3.7/site-packages/airflow/example_dags/example_xcomargs.py
[2024-06-11T18:17:17.021+0000] {processor.py:766} INFO - DAG(s) dict_keys(['example_xcom_args_with_operators', 'example_xcom_args']) retrieved from /home/airflow/.local/lib/python3.7/site-packages/airflow/example_dags/example_xcomargs.py
[2024-06-11T18:17:17.055+0000] {logging_mixin.py:120} INFO - [2024-06-11T18:17:17.055+0000] {dag.py:2585} INFO - Sync 2 DAGs
[2024-06-11T18:17:17.074+0000] {logging_mixin.py:120} INFO - [2024-06-11T18:17:17.074+0000] {dag.py:3340} INFO - Setting next_dagrun for example_xcom_args to None, run_after=None
[2024-06-11T18:17:17.077+0000] {logging_mixin.py:120} INFO - [2024-06-11T18:17:17.077+0000] {dag.py:3340} INFO - Setting next_dagrun for example_xcom_args_with_operators to None, run_after=None
[2024-06-11T18:17:17.089+0000] {processor.py:176} INFO - Processing /home/airflow/.local/lib/python3.7/site-packages/airflow/example_dags/example_xcomargs.py took 0.092 seconds
[2024-06-11T18:33:54.260+0000] {processor.py:154} INFO - Started process (PID=230) to work on /home/airflow/.local/lib/python3.7/site-packages/airflow/example_dags/example_xcomargs.py
[2024-06-11T18:33:54.262+0000] {processor.py:756} INFO - Processing file /home/airflow/.local/lib/python3.7/site-packages/airflow/example_dags/example_xcomargs.py for tasks to queue
[2024-06-11T18:33:54.263+0000] {logging_mixin.py:120} INFO - [2024-06-11T18:33:54.262+0000] {dagbag.py:537} INFO - Filling up the DagBag from /home/airflow/.local/lib/python3.7/site-packages/airflow/example_dags/example_xcomargs.py
[2024-06-11T18:33:54.287+0000] {processor.py:766} INFO - DAG(s) dict_keys(['example_xcom_args_with_operators', 'example_xcom_args']) retrieved from /home/airflow/.local/lib/python3.7/site-packages/airflow/example_dags/example_xcomargs.py
[2024-06-11T18:33:54.333+0000] {logging_mixin.py:120} INFO - [2024-06-11T18:33:54.333+0000] {dag.py:2585} INFO - Sync 2 DAGs
[2024-06-11T18:33:54.364+0000] {logging_mixin.py:120} INFO - [2024-06-11T18:33:54.364+0000] {dag.py:3340} INFO - Setting next_dagrun for example_xcom_args to None, run_after=None
[2024-06-11T18:33:54.368+0000] {logging_mixin.py:120} INFO - [2024-06-11T18:33:54.368+0000] {dag.py:3340} INFO - Setting next_dagrun for example_xcom_args_with_operators to None, run_after=None
[2024-06-11T18:33:54.389+0000] {processor.py:176} INFO - Processing /home/airflow/.local/lib/python3.7/site-packages/airflow/example_dags/example_xcomargs.py took 0.132 seconds
[2024-06-11T18:34:24.574+0000] {processor.py:154} INFO - Started process (PID=293) to work on /home/airflow/.local/lib/python3.7/site-packages/airflow/example_dags/example_xcomargs.py
[2024-06-11T18:34:24.576+0000] {processor.py:756} INFO - Processing file /home/airflow/.local/lib/python3.7/site-packages/airflow/example_dags/example_xcomargs.py for tasks to queue
[2024-06-11T18:34:24.577+0000] {logging_mixin.py:120} INFO - [2024-06-11T18:34:24.577+0000] {dagbag.py:537} INFO - Filling up the DagBag from /home/airflow/.local/lib/python3.7/site-packages/airflow/example_dags/example_xcomargs.py
[2024-06-11T18:34:24.602+0000] {processor.py:766} INFO - DAG(s) dict_keys(['example_xcom_args_with_operators', 'example_xcom_args']) retrieved from /home/airflow/.local/lib/python3.7/site-packages/airflow/example_dags/example_xcomargs.py
[2024-06-11T18:34:24.641+0000] {logging_mixin.py:120} INFO - [2024-06-11T18:34:24.641+0000] {dag.py:2585} INFO - Sync 2 DAGs
[2024-06-11T18:34:24.662+0000] {logging_mixin.py:120} INFO - [2024-06-11T18:34:24.662+0000] {dag.py:3340} INFO - Setting next_dagrun for example_xcom_args to None, run_after=None
[2024-06-11T18:34:24.665+0000] {logging_mixin.py:120} INFO - [2024-06-11T18:34:24.665+0000] {dag.py:3340} INFO - Setting next_dagrun for example_xcom_args_with_operators to None, run_after=None
[2024-06-11T18:34:24.679+0000] {processor.py:176} INFO - Processing /home/airflow/.local/lib/python3.7/site-packages/airflow/example_dags/example_xcomargs.py took 0.107 seconds
[2024-06-11T18:34:54.959+0000] {processor.py:154} INFO - Started process (PID=356) to work on /home/airflow/.local/lib/python3.7/site-packages/airflow/example_dags/example_xcomargs.py
[2024-06-11T18:34:54.959+0000] {processor.py:756} INFO - Processing file /home/airflow/.local/lib/python3.7/site-packages/airflow/example_dags/example_xcomargs.py for tasks to queue
[2024-06-11T18:34:54.961+0000] {logging_mixin.py:120} INFO - [2024-06-11T18:34:54.961+0000] {dagbag.py:537} INFO - Filling up the DagBag from /home/airflow/.local/lib/python3.7/site-packages/airflow/example_dags/example_xcomargs.py
[2024-06-11T18:34:54.984+0000] {processor.py:766} INFO - DAG(s) dict_keys(['example_xcom_args', 'example_xcom_args_with_operators']) retrieved from /home/airflow/.local/lib/python3.7/site-packages/airflow/example_dags/example_xcomargs.py
[2024-06-11T18:34:55.024+0000] {logging_mixin.py:120} INFO - [2024-06-11T18:34:55.024+0000] {dag.py:2585} INFO - Sync 2 DAGs
[2024-06-11T18:34:55.045+0000] {logging_mixin.py:120} INFO - [2024-06-11T18:34:55.045+0000] {dag.py:3340} INFO - Setting next_dagrun for example_xcom_args to None, run_after=None
[2024-06-11T18:34:55.048+0000] {logging_mixin.py:120} INFO - [2024-06-11T18:34:55.048+0000] {dag.py:3340} INFO - Setting next_dagrun for example_xcom_args_with_operators to None, run_after=None
[2024-06-11T18:34:55.061+0000] {processor.py:176} INFO - Processing /home/airflow/.local/lib/python3.7/site-packages/airflow/example_dags/example_xcomargs.py took 0.105 seconds
[2024-06-11T18:35:25.147+0000] {processor.py:154} INFO - Started process (PID=419) to work on /home/airflow/.local/lib/python3.7/site-packages/airflow/example_dags/example_xcomargs.py
[2024-06-11T18:35:25.148+0000] {processor.py:756} INFO - Processing file /home/airflow/.local/lib/python3.7/site-packages/airflow/example_dags/example_xcomargs.py for tasks to queue
[2024-06-11T18:35:25.149+0000] {logging_mixin.py:120} INFO - [2024-06-11T18:35:25.149+0000] {dagbag.py:537} INFO - Filling up the DagBag from /home/airflow/.local/lib/python3.7/site-packages/airflow/example_dags/example_xcomargs.py
[2024-06-11T18:35:25.170+0000] {processor.py:766} INFO - DAG(s) dict_keys(['example_xcom_args_with_operators', 'example_xcom_args']) retrieved from /home/airflow/.local/lib/python3.7/site-packages/airflow/example_dags/example_xcomargs.py
[2024-06-11T18:35:25.223+0000] {logging_mixin.py:120} INFO - [2024-06-11T18:35:25.223+0000] {dag.py:2585} INFO - Sync 2 DAGs
[2024-06-11T18:35:25.249+0000] {logging_mixin.py:120} INFO - [2024-06-11T18:35:25.249+0000] {dag.py:3340} INFO - Setting next_dagrun for example_xcom_args to None, run_after=None
[2024-06-11T18:35:25.253+0000] {logging_mixin.py:120} INFO - [2024-06-11T18:35:25.253+0000] {dag.py:3340} INFO - Setting next_dagrun for example_xcom_args_with_operators to None, run_after=None
[2024-06-11T18:35:25.270+0000] {processor.py:176} INFO - Processing /home/airflow/.local/lib/python3.7/site-packages/airflow/example_dags/example_xcomargs.py took 0.126 seconds
[2024-06-11T18:53:03.750+0000] {processor.py:154} INFO - Started process (PID=473) to work on /home/airflow/.local/lib/python3.7/site-packages/airflow/example_dags/example_xcomargs.py
[2024-06-11T18:53:03.752+0000] {processor.py:756} INFO - Processing file /home/airflow/.local/lib/python3.7/site-packages/airflow/example_dags/example_xcomargs.py for tasks to queue
[2024-06-11T18:53:03.753+0000] {logging_mixin.py:120} INFO - [2024-06-11T18:53:03.753+0000] {dagbag.py:537} INFO - Filling up the DagBag from /home/airflow/.local/lib/python3.7/site-packages/airflow/example_dags/example_xcomargs.py
[2024-06-11T18:53:03.781+0000] {processor.py:766} INFO - DAG(s) dict_keys(['example_xcom_args_with_operators', 'example_xcom_args']) retrieved from /home/airflow/.local/lib/python3.7/site-packages/airflow/example_dags/example_xcomargs.py
[2024-06-11T18:53:03.830+0000] {logging_mixin.py:120} INFO - [2024-06-11T18:53:03.829+0000] {dag.py:2585} INFO - Sync 2 DAGs
[2024-06-11T18:53:03.854+0000] {logging_mixin.py:120} INFO - [2024-06-11T18:53:03.854+0000] {dag.py:3340} INFO - Setting next_dagrun for example_xcom_args to None, run_after=None
[2024-06-11T18:53:03.859+0000] {logging_mixin.py:120} INFO - [2024-06-11T18:53:03.859+0000] {dag.py:3340} INFO - Setting next_dagrun for example_xcom_args_with_operators to None, run_after=None
[2024-06-11T18:53:03.876+0000] {processor.py:176} INFO - Processing /home/airflow/.local/lib/python3.7/site-packages/airflow/example_dags/example_xcomargs.py took 0.130 seconds
[2024-06-11T18:53:34.638+0000] {processor.py:154} INFO - Started process (PID=536) to work on /home/airflow/.local/lib/python3.7/site-packages/airflow/example_dags/example_xcomargs.py
[2024-06-11T18:53:34.639+0000] {processor.py:756} INFO - Processing file /home/airflow/.local/lib/python3.7/site-packages/airflow/example_dags/example_xcomargs.py for tasks to queue
[2024-06-11T18:53:34.640+0000] {logging_mixin.py:120} INFO - [2024-06-11T18:53:34.640+0000] {dagbag.py:537} INFO - Filling up the DagBag from /home/airflow/.local/lib/python3.7/site-packages/airflow/example_dags/example_xcomargs.py
[2024-06-11T18:53:34.659+0000] {processor.py:766} INFO - DAG(s) dict_keys(['example_xcom_args', 'example_xcom_args_with_operators']) retrieved from /home/airflow/.local/lib/python3.7/site-packages/airflow/example_dags/example_xcomargs.py
[2024-06-11T18:53:34.695+0000] {logging_mixin.py:120} INFO - [2024-06-11T18:53:34.694+0000] {dag.py:2585} INFO - Sync 2 DAGs
[2024-06-11T18:53:34.716+0000] {logging_mixin.py:120} INFO - [2024-06-11T18:53:34.716+0000] {dag.py:3340} INFO - Setting next_dagrun for example_xcom_args to None, run_after=None
[2024-06-11T18:53:34.719+0000] {logging_mixin.py:120} INFO - [2024-06-11T18:53:34.719+0000] {dag.py:3340} INFO - Setting next_dagrun for example_xcom_args_with_operators to None, run_after=None
[2024-06-11T18:53:34.733+0000] {processor.py:176} INFO - Processing /home/airflow/.local/lib/python3.7/site-packages/airflow/example_dags/example_xcomargs.py took 0.098 seconds
[2024-06-11T18:54:04.878+0000] {processor.py:154} INFO - Started process (PID=599) to work on /home/airflow/.local/lib/python3.7/site-packages/airflow/example_dags/example_xcomargs.py
[2024-06-11T18:54:04.879+0000] {processor.py:756} INFO - Processing file /home/airflow/.local/lib/python3.7/site-packages/airflow/example_dags/example_xcomargs.py for tasks to queue
[2024-06-11T18:54:04.880+0000] {logging_mixin.py:120} INFO - [2024-06-11T18:54:04.879+0000] {dagbag.py:537} INFO - Filling up the DagBag from /home/airflow/.local/lib/python3.7/site-packages/airflow/example_dags/example_xcomargs.py
[2024-06-11T18:54:04.900+0000] {processor.py:766} INFO - DAG(s) dict_keys(['example_xcom_args_with_operators', 'example_xcom_args']) retrieved from /home/airflow/.local/lib/python3.7/site-packages/airflow/example_dags/example_xcomargs.py
[2024-06-11T18:54:04.938+0000] {logging_mixin.py:120} INFO - [2024-06-11T18:54:04.938+0000] {dag.py:2585} INFO - Sync 2 DAGs
[2024-06-11T18:54:04.959+0000] {logging_mixin.py:120} INFO - [2024-06-11T18:54:04.959+0000] {dag.py:3340} INFO - Setting next_dagrun for example_xcom_args to None, run_after=None
[2024-06-11T18:54:04.962+0000] {logging_mixin.py:120} INFO - [2024-06-11T18:54:04.962+0000] {dag.py:3340} INFO - Setting next_dagrun for example_xcom_args_with_operators to None, run_after=None
[2024-06-11T18:54:04.977+0000] {processor.py:176} INFO - Processing /home/airflow/.local/lib/python3.7/site-packages/airflow/example_dags/example_xcomargs.py took 0.102 seconds
[2024-06-11T18:54:35.196+0000] {processor.py:154} INFO - Started process (PID=662) to work on /home/airflow/.local/lib/python3.7/site-packages/airflow/example_dags/example_xcomargs.py
[2024-06-11T18:54:35.197+0000] {processor.py:756} INFO - Processing file /home/airflow/.local/lib/python3.7/site-packages/airflow/example_dags/example_xcomargs.py for tasks to queue
[2024-06-11T18:54:35.198+0000] {logging_mixin.py:120} INFO - [2024-06-11T18:54:35.198+0000] {dagbag.py:537} INFO - Filling up the DagBag from /home/airflow/.local/lib/python3.7/site-packages/airflow/example_dags/example_xcomargs.py
[2024-06-11T18:54:35.218+0000] {processor.py:766} INFO - DAG(s) dict_keys(['example_xcom_args_with_operators', 'example_xcom_args']) retrieved from /home/airflow/.local/lib/python3.7/site-packages/airflow/example_dags/example_xcomargs.py
[2024-06-11T18:54:35.256+0000] {logging_mixin.py:120} INFO - [2024-06-11T18:54:35.256+0000] {dag.py:2585} INFO - Sync 2 DAGs
[2024-06-11T18:54:35.277+0000] {logging_mixin.py:120} INFO - [2024-06-11T18:54:35.277+0000] {dag.py:3340} INFO - Setting next_dagrun for example_xcom_args to None, run_after=None
[2024-06-11T18:54:35.280+0000] {logging_mixin.py:120} INFO - [2024-06-11T18:54:35.280+0000] {dag.py:3340} INFO - Setting next_dagrun for example_xcom_args_with_operators to None, run_after=None
[2024-06-11T18:54:35.294+0000] {processor.py:176} INFO - Processing /home/airflow/.local/lib/python3.7/site-packages/airflow/example_dags/example_xcomargs.py took 0.101 seconds
[2024-06-11T18:55:05.556+0000] {processor.py:154} INFO - Started process (PID=716) to work on /home/airflow/.local/lib/python3.7/site-packages/airflow/example_dags/example_xcomargs.py
[2024-06-11T18:55:05.557+0000] {processor.py:756} INFO - Processing file /home/airflow/.local/lib/python3.7/site-packages/airflow/example_dags/example_xcomargs.py for tasks to queue
[2024-06-11T18:55:05.557+0000] {logging_mixin.py:120} INFO - [2024-06-11T18:55:05.557+0000] {dagbag.py:537} INFO - Filling up the DagBag from /home/airflow/.local/lib/python3.7/site-packages/airflow/example_dags/example_xcomargs.py
[2024-06-11T18:55:05.579+0000] {processor.py:766} INFO - DAG(s) dict_keys(['example_xcom_args', 'example_xcom_args_with_operators']) retrieved from /home/airflow/.local/lib/python3.7/site-packages/airflow/example_dags/example_xcomargs.py
[2024-06-11T18:55:05.619+0000] {logging_mixin.py:120} INFO - [2024-06-11T18:55:05.619+0000] {dag.py:2585} INFO - Sync 2 DAGs
[2024-06-11T18:55:05.640+0000] {logging_mixin.py:120} INFO - [2024-06-11T18:55:05.640+0000] {dag.py:3340} INFO - Setting next_dagrun for example_xcom_args to None, run_after=None
[2024-06-11T18:55:05.644+0000] {logging_mixin.py:120} INFO - [2024-06-11T18:55:05.644+0000] {dag.py:3340} INFO - Setting next_dagrun for example_xcom_args_with_operators to None, run_after=None
[2024-06-11T18:55:05.660+0000] {processor.py:176} INFO - Processing /home/airflow/.local/lib/python3.7/site-packages/airflow/example_dags/example_xcomargs.py took 0.108 seconds
[2024-06-11T19:13:09.483+0000] {processor.py:154} INFO - Started process (PID=779) to work on /home/airflow/.local/lib/python3.7/site-packages/airflow/example_dags/example_xcomargs.py
[2024-06-11T19:13:09.484+0000] {processor.py:756} INFO - Processing file /home/airflow/.local/lib/python3.7/site-packages/airflow/example_dags/example_xcomargs.py for tasks to queue
[2024-06-11T19:13:09.484+0000] {logging_mixin.py:120} INFO - [2024-06-11T19:13:09.484+0000] {dagbag.py:537} INFO - Filling up the DagBag from /home/airflow/.local/lib/python3.7/site-packages/airflow/example_dags/example_xcomargs.py
[2024-06-11T19:13:09.508+0000] {processor.py:766} INFO - DAG(s) dict_keys(['example_xcom_args_with_operators', 'example_xcom_args']) retrieved from /home/airflow/.local/lib/python3.7/site-packages/airflow/example_dags/example_xcomargs.py
[2024-06-11T19:13:09.553+0000] {logging_mixin.py:120} INFO - [2024-06-11T19:13:09.553+0000] {dag.py:2585} INFO - Sync 2 DAGs
[2024-06-11T19:13:09.582+0000] {logging_mixin.py:120} INFO - [2024-06-11T19:13:09.582+0000] {dag.py:3340} INFO - Setting next_dagrun for example_xcom_args to None, run_after=None
[2024-06-11T19:13:09.586+0000] {logging_mixin.py:120} INFO - [2024-06-11T19:13:09.586+0000] {dag.py:3340} INFO - Setting next_dagrun for example_xcom_args_with_operators to None, run_after=None
[2024-06-11T19:13:09.605+0000] {processor.py:176} INFO - Processing /home/airflow/.local/lib/python3.7/site-packages/airflow/example_dags/example_xcomargs.py took 0.127 seconds
[2024-06-11T19:13:39.665+0000] {processor.py:154} INFO - Started process (PID=842) to work on /home/airflow/.local/lib/python3.7/site-packages/airflow/example_dags/example_xcomargs.py
[2024-06-11T19:13:39.666+0000] {processor.py:756} INFO - Processing file /home/airflow/.local/lib/python3.7/site-packages/airflow/example_dags/example_xcomargs.py for tasks to queue
[2024-06-11T19:13:39.667+0000] {logging_mixin.py:120} INFO - [2024-06-11T19:13:39.667+0000] {dagbag.py:537} INFO - Filling up the DagBag from /home/airflow/.local/lib/python3.7/site-packages/airflow/example_dags/example_xcomargs.py
[2024-06-11T19:13:39.689+0000] {processor.py:766} INFO - DAG(s) dict_keys(['example_xcom_args', 'example_xcom_args_with_operators']) retrieved from /home/airflow/.local/lib/python3.7/site-packages/airflow/example_dags/example_xcomargs.py
[2024-06-11T19:13:39.728+0000] {logging_mixin.py:120} INFO - [2024-06-11T19:13:39.728+0000] {dag.py:2585} INFO - Sync 2 DAGs
[2024-06-11T19:13:39.750+0000] {logging_mixin.py:120} INFO - [2024-06-11T19:13:39.750+0000] {dag.py:3340} INFO - Setting next_dagrun for example_xcom_args to None, run_after=None
[2024-06-11T19:13:39.753+0000] {logging_mixin.py:120} INFO - [2024-06-11T19:13:39.753+0000] {dag.py:3340} INFO - Setting next_dagrun for example_xcom_args_with_operators to None, run_after=None
[2024-06-11T19:13:39.768+0000] {processor.py:176} INFO - Processing /home/airflow/.local/lib/python3.7/site-packages/airflow/example_dags/example_xcomargs.py took 0.107 seconds
[2024-06-11T19:14:10.095+0000] {processor.py:154} INFO - Started process (PID=896) to work on /home/airflow/.local/lib/python3.7/site-packages/airflow/example_dags/example_xcomargs.py
[2024-06-11T19:14:10.096+0000] {processor.py:756} INFO - Processing file /home/airflow/.local/lib/python3.7/site-packages/airflow/example_dags/example_xcomargs.py for tasks to queue
[2024-06-11T19:14:10.098+0000] {logging_mixin.py:120} INFO - [2024-06-11T19:14:10.097+0000] {dagbag.py:537} INFO - Filling up the DagBag from /home/airflow/.local/lib/python3.7/site-packages/airflow/example_dags/example_xcomargs.py
[2024-06-11T19:14:10.121+0000] {processor.py:766} INFO - DAG(s) dict_keys(['example_xcom_args', 'example_xcom_args_with_operators']) retrieved from /home/airflow/.local/lib/python3.7/site-packages/airflow/example_dags/example_xcomargs.py
[2024-06-11T19:14:10.163+0000] {logging_mixin.py:120} INFO - [2024-06-11T19:14:10.163+0000] {dag.py:2585} INFO - Sync 2 DAGs
[2024-06-11T19:14:10.190+0000] {logging_mixin.py:120} INFO - [2024-06-11T19:14:10.190+0000] {dag.py:3340} INFO - Setting next_dagrun for example_xcom_args to None, run_after=None
[2024-06-11T19:14:10.194+0000] {logging_mixin.py:120} INFO - [2024-06-11T19:14:10.194+0000] {dag.py:3340} INFO - Setting next_dagrun for example_xcom_args_with_operators to None, run_after=None
[2024-06-11T19:14:10.209+0000] {processor.py:176} INFO - Processing /home/airflow/.local/lib/python3.7/site-packages/airflow/example_dags/example_xcomargs.py took 0.117 seconds
[2024-06-11T19:14:40.471+0000] {processor.py:154} INFO - Started process (PID=959) to work on /home/airflow/.local/lib/python3.7/site-packages/airflow/example_dags/example_xcomargs.py
[2024-06-11T19:14:40.472+0000] {processor.py:756} INFO - Processing file /home/airflow/.local/lib/python3.7/site-packages/airflow/example_dags/example_xcomargs.py for tasks to queue
[2024-06-11T19:14:40.472+0000] {logging_mixin.py:120} INFO - [2024-06-11T19:14:40.472+0000] {dagbag.py:537} INFO - Filling up the DagBag from /home/airflow/.local/lib/python3.7/site-packages/airflow/example_dags/example_xcomargs.py
[2024-06-11T19:14:40.494+0000] {processor.py:766} INFO - DAG(s) dict_keys(['example_xcom_args_with_operators', 'example_xcom_args']) retrieved from /home/airflow/.local/lib/python3.7/site-packages/airflow/example_dags/example_xcomargs.py
[2024-06-11T19:14:40.530+0000] {logging_mixin.py:120} INFO - [2024-06-11T19:14:40.530+0000] {dag.py:2585} INFO - Sync 2 DAGs
[2024-06-11T19:14:40.554+0000] {logging_mixin.py:120} INFO - [2024-06-11T19:14:40.554+0000] {dag.py:3340} INFO - Setting next_dagrun for example_xcom_args to None, run_after=None
[2024-06-11T19:14:40.557+0000] {logging_mixin.py:120} INFO - [2024-06-11T19:14:40.557+0000] {dag.py:3340} INFO - Setting next_dagrun for example_xcom_args_with_operators to None, run_after=None
[2024-06-11T19:14:40.572+0000] {processor.py:176} INFO - Processing /home/airflow/.local/lib/python3.7/site-packages/airflow/example_dags/example_xcomargs.py took 0.104 seconds
[2024-06-11T19:31:48.544+0000] {processor.py:154} INFO - Started process (PID=1022) to work on /home/airflow/.local/lib/python3.7/site-packages/airflow/example_dags/example_xcomargs.py
[2024-06-11T19:31:48.545+0000] {processor.py:756} INFO - Processing file /home/airflow/.local/lib/python3.7/site-packages/airflow/example_dags/example_xcomargs.py for tasks to queue
[2024-06-11T19:31:48.546+0000] {logging_mixin.py:120} INFO - [2024-06-11T19:31:48.546+0000] {dagbag.py:537} INFO - Filling up the DagBag from /home/airflow/.local/lib/python3.7/site-packages/airflow/example_dags/example_xcomargs.py
[2024-06-11T19:31:48.577+0000] {processor.py:766} INFO - DAG(s) dict_keys(['example_xcom_args_with_operators', 'example_xcom_args']) retrieved from /home/airflow/.local/lib/python3.7/site-packages/airflow/example_dags/example_xcomargs.py
[2024-06-11T19:31:48.650+0000] {logging_mixin.py:120} INFO - [2024-06-11T19:31:48.650+0000] {dag.py:2585} INFO - Sync 2 DAGs
[2024-06-11T19:31:48.693+0000] {logging_mixin.py:120} INFO - [2024-06-11T19:31:48.692+0000] {dag.py:3340} INFO - Setting next_dagrun for example_xcom_args to None, run_after=None
[2024-06-11T19:31:48.697+0000] {logging_mixin.py:120} INFO - [2024-06-11T19:31:48.697+0000] {dag.py:3340} INFO - Setting next_dagrun for example_xcom_args_with_operators to None, run_after=None
[2024-06-11T19:31:48.717+0000] {processor.py:176} INFO - Processing /home/airflow/.local/lib/python3.7/site-packages/airflow/example_dags/example_xcomargs.py took 0.177 seconds
[2024-06-11T19:32:18.841+0000] {processor.py:154} INFO - Started process (PID=1076) to work on /home/airflow/.local/lib/python3.7/site-packages/airflow/example_dags/example_xcomargs.py
[2024-06-11T19:32:18.842+0000] {processor.py:756} INFO - Processing file /home/airflow/.local/lib/python3.7/site-packages/airflow/example_dags/example_xcomargs.py for tasks to queue
[2024-06-11T19:32:18.842+0000] {logging_mixin.py:120} INFO - [2024-06-11T19:32:18.842+0000] {dagbag.py:537} INFO - Filling up the DagBag from /home/airflow/.local/lib/python3.7/site-packages/airflow/example_dags/example_xcomargs.py
[2024-06-11T19:32:18.862+0000] {processor.py:766} INFO - DAG(s) dict_keys(['example_xcom_args', 'example_xcom_args_with_operators']) retrieved from /home/airflow/.local/lib/python3.7/site-packages/airflow/example_dags/example_xcomargs.py
[2024-06-11T19:32:18.901+0000] {logging_mixin.py:120} INFO - [2024-06-11T19:32:18.901+0000] {dag.py:2585} INFO - Sync 2 DAGs
[2024-06-11T19:32:18.922+0000] {logging_mixin.py:120} INFO - [2024-06-11T19:32:18.922+0000] {dag.py:3340} INFO - Setting next_dagrun for example_xcom_args to None, run_after=None
[2024-06-11T19:32:18.926+0000] {logging_mixin.py:120} INFO - [2024-06-11T19:32:18.926+0000] {dag.py:3340} INFO - Setting next_dagrun for example_xcom_args_with_operators to None, run_after=None
[2024-06-11T19:32:18.940+0000] {processor.py:176} INFO - Processing /home/airflow/.local/lib/python3.7/site-packages/airflow/example_dags/example_xcomargs.py took 0.102 seconds
[2024-06-11T19:32:49.934+0000] {processor.py:154} INFO - Started process (PID=1139) to work on /home/airflow/.local/lib/python3.7/site-packages/airflow/example_dags/example_xcomargs.py
[2024-06-11T19:32:49.935+0000] {processor.py:756} INFO - Processing file /home/airflow/.local/lib/python3.7/site-packages/airflow/example_dags/example_xcomargs.py for tasks to queue
[2024-06-11T19:32:49.936+0000] {logging_mixin.py:120} INFO - [2024-06-11T19:32:49.936+0000] {dagbag.py:537} INFO - Filling up the DagBag from /home/airflow/.local/lib/python3.7/site-packages/airflow/example_dags/example_xcomargs.py
[2024-06-11T19:32:49.957+0000] {processor.py:766} INFO - DAG(s) dict_keys(['example_xcom_args_with_operators', 'example_xcom_args']) retrieved from /home/airflow/.local/lib/python3.7/site-packages/airflow/example_dags/example_xcomargs.py
[2024-06-11T19:32:49.995+0000] {logging_mixin.py:120} INFO - [2024-06-11T19:32:49.995+0000] {dag.py:2585} INFO - Sync 2 DAGs
[2024-06-11T19:32:50.016+0000] {logging_mixin.py:120} INFO - [2024-06-11T19:32:50.016+0000] {dag.py:3340} INFO - Setting next_dagrun for example_xcom_args to None, run_after=None
[2024-06-11T19:32:50.019+0000] {logging_mixin.py:120} INFO - [2024-06-11T19:32:50.019+0000] {dag.py:3340} INFO - Setting next_dagrun for example_xcom_args_with_operators to None, run_after=None
[2024-06-11T19:32:50.034+0000] {processor.py:176} INFO - Processing /home/airflow/.local/lib/python3.7/site-packages/airflow/example_dags/example_xcomargs.py took 0.104 seconds
[2024-06-11T19:33:20.327+0000] {processor.py:154} INFO - Started process (PID=1202) to work on /home/airflow/.local/lib/python3.7/site-packages/airflow/example_dags/example_xcomargs.py
[2024-06-11T19:33:20.328+0000] {processor.py:756} INFO - Processing file /home/airflow/.local/lib/python3.7/site-packages/airflow/example_dags/example_xcomargs.py for tasks to queue
[2024-06-11T19:33:20.329+0000] {logging_mixin.py:120} INFO - [2024-06-11T19:33:20.329+0000] {dagbag.py:537} INFO - Filling up the DagBag from /home/airflow/.local/lib/python3.7/site-packages/airflow/example_dags/example_xcomargs.py
[2024-06-11T19:33:20.349+0000] {processor.py:766} INFO - DAG(s) dict_keys(['example_xcom_args', 'example_xcom_args_with_operators']) retrieved from /home/airflow/.local/lib/python3.7/site-packages/airflow/example_dags/example_xcomargs.py
[2024-06-11T19:33:20.386+0000] {logging_mixin.py:120} INFO - [2024-06-11T19:33:20.386+0000] {dag.py:2585} INFO - Sync 2 DAGs
[2024-06-11T19:33:20.408+0000] {logging_mixin.py:120} INFO - [2024-06-11T19:33:20.408+0000] {dag.py:3340} INFO - Setting next_dagrun for example_xcom_args to None, run_after=None
[2024-06-11T19:33:20.411+0000] {logging_mixin.py:120} INFO - [2024-06-11T19:33:20.411+0000] {dag.py:3340} INFO - Setting next_dagrun for example_xcom_args_with_operators to None, run_after=None
[2024-06-11T19:33:20.427+0000] {processor.py:176} INFO - Processing /home/airflow/.local/lib/python3.7/site-packages/airflow/example_dags/example_xcomargs.py took 0.103 seconds
[2024-06-11T19:49:38.153+0000] {processor.py:154} INFO - Started process (PID=1256) to work on /home/airflow/.local/lib/python3.7/site-packages/airflow/example_dags/example_xcomargs.py
[2024-06-11T19:49:38.154+0000] {processor.py:756} INFO - Processing file /home/airflow/.local/lib/python3.7/site-packages/airflow/example_dags/example_xcomargs.py for tasks to queue
[2024-06-11T19:49:38.155+0000] {logging_mixin.py:120} INFO - [2024-06-11T19:49:38.155+0000] {dagbag.py:537} INFO - Filling up the DagBag from /home/airflow/.local/lib/python3.7/site-packages/airflow/example_dags/example_xcomargs.py
[2024-06-11T19:49:38.177+0000] {processor.py:766} INFO - DAG(s) dict_keys(['example_xcom_args', 'example_xcom_args_with_operators']) retrieved from /home/airflow/.local/lib/python3.7/site-packages/airflow/example_dags/example_xcomargs.py
[2024-06-11T19:49:38.222+0000] {logging_mixin.py:120} INFO - [2024-06-11T19:49:38.222+0000] {dag.py:2585} INFO - Sync 2 DAGs
[2024-06-11T19:49:38.247+0000] {logging_mixin.py:120} INFO - [2024-06-11T19:49:38.247+0000] {dag.py:3340} INFO - Setting next_dagrun for example_xcom_args to None, run_after=None
[2024-06-11T19:49:38.250+0000] {logging_mixin.py:120} INFO - [2024-06-11T19:49:38.250+0000] {dag.py:3340} INFO - Setting next_dagrun for example_xcom_args_with_operators to None, run_after=None
[2024-06-11T19:49:38.263+0000] {processor.py:176} INFO - Processing /home/airflow/.local/lib/python3.7/site-packages/airflow/example_dags/example_xcomargs.py took 0.116 seconds
[2024-06-11T19:50:08.628+0000] {processor.py:154} INFO - Started process (PID=1319) to work on /home/airflow/.local/lib/python3.7/site-packages/airflow/example_dags/example_xcomargs.py
[2024-06-11T19:50:08.630+0000] {processor.py:756} INFO - Processing file /home/airflow/.local/lib/python3.7/site-packages/airflow/example_dags/example_xcomargs.py for tasks to queue
[2024-06-11T19:50:08.631+0000] {logging_mixin.py:120} INFO - [2024-06-11T19:50:08.630+0000] {dagbag.py:537} INFO - Filling up the DagBag from /home/airflow/.local/lib/python3.7/site-packages/airflow/example_dags/example_xcomargs.py
[2024-06-11T19:50:08.652+0000] {processor.py:766} INFO - DAG(s) dict_keys(['example_xcom_args', 'example_xcom_args_with_operators']) retrieved from /home/airflow/.local/lib/python3.7/site-packages/airflow/example_dags/example_xcomargs.py
[2024-06-11T19:50:08.691+0000] {logging_mixin.py:120} INFO - [2024-06-11T19:50:08.691+0000] {dag.py:2585} INFO - Sync 2 DAGs
[2024-06-11T19:50:08.715+0000] {logging_mixin.py:120} INFO - [2024-06-11T19:50:08.715+0000] {dag.py:3340} INFO - Setting next_dagrun for example_xcom_args to None, run_after=None
[2024-06-11T19:50:08.719+0000] {logging_mixin.py:120} INFO - [2024-06-11T19:50:08.719+0000] {dag.py:3340} INFO - Setting next_dagrun for example_xcom_args_with_operators to None, run_after=None
[2024-06-11T19:50:08.736+0000] {processor.py:176} INFO - Processing /home/airflow/.local/lib/python3.7/site-packages/airflow/example_dags/example_xcomargs.py took 0.111 seconds
[2024-06-11T19:50:40.421+0000] {processor.py:154} INFO - Started process (PID=1372) to work on /home/airflow/.local/lib/python3.7/site-packages/airflow/example_dags/example_xcomargs.py
[2024-06-11T19:50:40.422+0000] {processor.py:756} INFO - Processing file /home/airflow/.local/lib/python3.7/site-packages/airflow/example_dags/example_xcomargs.py for tasks to queue
[2024-06-11T19:50:40.423+0000] {logging_mixin.py:120} INFO - [2024-06-11T19:50:40.423+0000] {dagbag.py:537} INFO - Filling up the DagBag from /home/airflow/.local/lib/python3.7/site-packages/airflow/example_dags/example_xcomargs.py
[2024-06-11T19:50:40.453+0000] {processor.py:766} INFO - DAG(s) dict_keys(['example_xcom_args', 'example_xcom_args_with_operators']) retrieved from /home/airflow/.local/lib/python3.7/site-packages/airflow/example_dags/example_xcomargs.py
[2024-06-11T19:50:40.508+0000] {logging_mixin.py:120} INFO - [2024-06-11T19:50:40.508+0000] {dag.py:2585} INFO - Sync 2 DAGs
[2024-06-11T19:50:40.538+0000] {logging_mixin.py:120} INFO - [2024-06-11T19:50:40.538+0000] {dag.py:3340} INFO - Setting next_dagrun for example_xcom_args to None, run_after=None
[2024-06-11T19:50:40.543+0000] {logging_mixin.py:120} INFO - [2024-06-11T19:50:40.543+0000] {dag.py:3340} INFO - Setting next_dagrun for example_xcom_args_with_operators to None, run_after=None
[2024-06-11T19:50:40.562+0000] {processor.py:176} INFO - Processing /home/airflow/.local/lib/python3.7/site-packages/airflow/example_dags/example_xcomargs.py took 0.145 seconds
[2024-06-11T19:51:10.661+0000] {processor.py:154} INFO - Started process (PID=1435) to work on /home/airflow/.local/lib/python3.7/site-packages/airflow/example_dags/example_xcomargs.py
[2024-06-11T19:51:10.662+0000] {processor.py:756} INFO - Processing file /home/airflow/.local/lib/python3.7/site-packages/airflow/example_dags/example_xcomargs.py for tasks to queue
[2024-06-11T19:51:10.663+0000] {logging_mixin.py:120} INFO - [2024-06-11T19:51:10.663+0000] {dagbag.py:537} INFO - Filling up the DagBag from /home/airflow/.local/lib/python3.7/site-packages/airflow/example_dags/example_xcomargs.py
[2024-06-11T19:51:10.684+0000] {processor.py:766} INFO - DAG(s) dict_keys(['example_xcom_args_with_operators', 'example_xcom_args']) retrieved from /home/airflow/.local/lib/python3.7/site-packages/airflow/example_dags/example_xcomargs.py
[2024-06-11T19:51:10.722+0000] {logging_mixin.py:120} INFO - [2024-06-11T19:51:10.721+0000] {dag.py:2585} INFO - Sync 2 DAGs
[2024-06-11T19:51:10.742+0000] {logging_mixin.py:120} INFO - [2024-06-11T19:51:10.742+0000] {dag.py:3340} INFO - Setting next_dagrun for example_xcom_args to None, run_after=None
[2024-06-11T19:51:10.745+0000] {logging_mixin.py:120} INFO - [2024-06-11T19:51:10.745+0000] {dag.py:3340} INFO - Setting next_dagrun for example_xcom_args_with_operators to None, run_after=None
[2024-06-11T19:51:10.759+0000] {processor.py:176} INFO - Processing /home/airflow/.local/lib/python3.7/site-packages/airflow/example_dags/example_xcomargs.py took 0.101 seconds
[2024-06-11T19:51:41.139+0000] {processor.py:154} INFO - Started process (PID=1497) to work on /home/airflow/.local/lib/python3.7/site-packages/airflow/example_dags/example_xcomargs.py
[2024-06-11T19:51:41.140+0000] {processor.py:756} INFO - Processing file /home/airflow/.local/lib/python3.7/site-packages/airflow/example_dags/example_xcomargs.py for tasks to queue
[2024-06-11T19:51:41.141+0000] {logging_mixin.py:120} INFO - [2024-06-11T19:51:41.141+0000] {dagbag.py:537} INFO - Filling up the DagBag from /home/airflow/.local/lib/python3.7/site-packages/airflow/example_dags/example_xcomargs.py
[2024-06-11T19:51:41.161+0000] {processor.py:766} INFO - DAG(s) dict_keys(['example_xcom_args', 'example_xcom_args_with_operators']) retrieved from /home/airflow/.local/lib/python3.7/site-packages/airflow/example_dags/example_xcomargs.py
[2024-06-11T19:51:41.197+0000] {logging_mixin.py:120} INFO - [2024-06-11T19:51:41.197+0000] {dag.py:2585} INFO - Sync 2 DAGs
[2024-06-11T19:51:41.219+0000] {logging_mixin.py:120} INFO - [2024-06-11T19:51:41.219+0000] {dag.py:3340} INFO - Setting next_dagrun for example_xcom_args to None, run_after=None
[2024-06-11T19:51:41.222+0000] {logging_mixin.py:120} INFO - [2024-06-11T19:51:41.222+0000] {dag.py:3340} INFO - Setting next_dagrun for example_xcom_args_with_operators to None, run_after=None
[2024-06-11T19:51:41.236+0000] {processor.py:176} INFO - Processing /home/airflow/.local/lib/python3.7/site-packages/airflow/example_dags/example_xcomargs.py took 0.100 seconds
[2024-06-11T19:56:19.209+0000] {processor.py:154} INFO - Started process (PID=1551) to work on /home/airflow/.local/lib/python3.7/site-packages/airflow/example_dags/example_xcomargs.py
[2024-06-11T19:56:19.210+0000] {processor.py:756} INFO - Processing file /home/airflow/.local/lib/python3.7/site-packages/airflow/example_dags/example_xcomargs.py for tasks to queue
[2024-06-11T19:56:19.211+0000] {logging_mixin.py:120} INFO - [2024-06-11T19:56:19.211+0000] {dagbag.py:537} INFO - Filling up the DagBag from /home/airflow/.local/lib/python3.7/site-packages/airflow/example_dags/example_xcomargs.py
[2024-06-11T19:56:19.236+0000] {processor.py:766} INFO - DAG(s) dict_keys(['example_xcom_args', 'example_xcom_args_with_operators']) retrieved from /home/airflow/.local/lib/python3.7/site-packages/airflow/example_dags/example_xcomargs.py
[2024-06-11T19:56:19.279+0000] {logging_mixin.py:120} INFO - [2024-06-11T19:56:19.278+0000] {dag.py:2585} INFO - Sync 2 DAGs
[2024-06-11T19:56:19.301+0000] {logging_mixin.py:120} INFO - [2024-06-11T19:56:19.301+0000] {dag.py:3340} INFO - Setting next_dagrun for example_xcom_args to None, run_after=None
[2024-06-11T19:56:19.304+0000] {logging_mixin.py:120} INFO - [2024-06-11T19:56:19.304+0000] {dag.py:3340} INFO - Setting next_dagrun for example_xcom_args_with_operators to None, run_after=None
[2024-06-11T19:56:19.318+0000] {processor.py:176} INFO - Processing /home/airflow/.local/lib/python3.7/site-packages/airflow/example_dags/example_xcomargs.py took 0.111 seconds
[2024-06-11T19:56:49.578+0000] {processor.py:154} INFO - Started process (PID=1614) to work on /home/airflow/.local/lib/python3.7/site-packages/airflow/example_dags/example_xcomargs.py
[2024-06-11T19:56:49.579+0000] {processor.py:756} INFO - Processing file /home/airflow/.local/lib/python3.7/site-packages/airflow/example_dags/example_xcomargs.py for tasks to queue
[2024-06-11T19:56:49.580+0000] {logging_mixin.py:120} INFO - [2024-06-11T19:56:49.580+0000] {dagbag.py:537} INFO - Filling up the DagBag from /home/airflow/.local/lib/python3.7/site-packages/airflow/example_dags/example_xcomargs.py
[2024-06-11T19:56:49.600+0000] {processor.py:766} INFO - DAG(s) dict_keys(['example_xcom_args', 'example_xcom_args_with_operators']) retrieved from /home/airflow/.local/lib/python3.7/site-packages/airflow/example_dags/example_xcomargs.py
[2024-06-11T19:56:49.638+0000] {logging_mixin.py:120} INFO - [2024-06-11T19:56:49.638+0000] {dag.py:2585} INFO - Sync 2 DAGs
[2024-06-11T19:56:49.659+0000] {logging_mixin.py:120} INFO - [2024-06-11T19:56:49.659+0000] {dag.py:3340} INFO - Setting next_dagrun for example_xcom_args to None, run_after=None
[2024-06-11T19:56:49.662+0000] {logging_mixin.py:120} INFO - [2024-06-11T19:56:49.662+0000] {dag.py:3340} INFO - Setting next_dagrun for example_xcom_args_with_operators to None, run_after=None
[2024-06-11T19:56:49.677+0000] {processor.py:176} INFO - Processing /home/airflow/.local/lib/python3.7/site-packages/airflow/example_dags/example_xcomargs.py took 0.103 seconds
[2024-06-11T19:57:19.774+0000] {processor.py:154} INFO - Started process (PID=1677) to work on /home/airflow/.local/lib/python3.7/site-packages/airflow/example_dags/example_xcomargs.py
[2024-06-11T19:57:19.775+0000] {processor.py:756} INFO - Processing file /home/airflow/.local/lib/python3.7/site-packages/airflow/example_dags/example_xcomargs.py for tasks to queue
[2024-06-11T19:57:19.776+0000] {logging_mixin.py:120} INFO - [2024-06-11T19:57:19.776+0000] {dagbag.py:537} INFO - Filling up the DagBag from /home/airflow/.local/lib/python3.7/site-packages/airflow/example_dags/example_xcomargs.py
[2024-06-11T19:57:19.795+0000] {processor.py:766} INFO - DAG(s) dict_keys(['example_xcom_args_with_operators', 'example_xcom_args']) retrieved from /home/airflow/.local/lib/python3.7/site-packages/airflow/example_dags/example_xcomargs.py
[2024-06-11T19:57:19.832+0000] {logging_mixin.py:120} INFO - [2024-06-11T19:57:19.831+0000] {dag.py:2585} INFO - Sync 2 DAGs
[2024-06-11T19:57:19.854+0000] {logging_mixin.py:120} INFO - [2024-06-11T19:57:19.854+0000] {dag.py:3340} INFO - Setting next_dagrun for example_xcom_args to None, run_after=None
[2024-06-11T19:57:19.857+0000] {logging_mixin.py:120} INFO - [2024-06-11T19:57:19.857+0000] {dag.py:3340} INFO - Setting next_dagrun for example_xcom_args_with_operators to None, run_after=None
[2024-06-11T19:57:19.872+0000] {processor.py:176} INFO - Processing /home/airflow/.local/lib/python3.7/site-packages/airflow/example_dags/example_xcomargs.py took 0.101 seconds
[2024-06-11T19:57:50.064+0000] {processor.py:154} INFO - Started process (PID=1739) to work on /home/airflow/.local/lib/python3.7/site-packages/airflow/example_dags/example_xcomargs.py
[2024-06-11T19:57:50.065+0000] {processor.py:756} INFO - Processing file /home/airflow/.local/lib/python3.7/site-packages/airflow/example_dags/example_xcomargs.py for tasks to queue
[2024-06-11T19:57:50.066+0000] {logging_mixin.py:120} INFO - [2024-06-11T19:57:50.066+0000] {dagbag.py:537} INFO - Filling up the DagBag from /home/airflow/.local/lib/python3.7/site-packages/airflow/example_dags/example_xcomargs.py
[2024-06-11T19:57:50.090+0000] {processor.py:766} INFO - DAG(s) dict_keys(['example_xcom_args', 'example_xcom_args_with_operators']) retrieved from /home/airflow/.local/lib/python3.7/site-packages/airflow/example_dags/example_xcomargs.py
[2024-06-11T19:57:50.132+0000] {logging_mixin.py:120} INFO - [2024-06-11T19:57:50.132+0000] {dag.py:2585} INFO - Sync 2 DAGs
[2024-06-11T19:57:50.156+0000] {logging_mixin.py:120} INFO - [2024-06-11T19:57:50.156+0000] {dag.py:3340} INFO - Setting next_dagrun for example_xcom_args to None, run_after=None
[2024-06-11T19:57:50.159+0000] {logging_mixin.py:120} INFO - [2024-06-11T19:57:50.159+0000] {dag.py:3340} INFO - Setting next_dagrun for example_xcom_args_with_operators to None, run_after=None
[2024-06-11T19:57:50.173+0000] {processor.py:176} INFO - Processing /home/airflow/.local/lib/python3.7/site-packages/airflow/example_dags/example_xcomargs.py took 0.113 seconds
[2024-06-11T20:15:58.449+0000] {processor.py:154} INFO - Started process (PID=1793) to work on /home/airflow/.local/lib/python3.7/site-packages/airflow/example_dags/example_xcomargs.py
[2024-06-11T20:15:58.450+0000] {processor.py:756} INFO - Processing file /home/airflow/.local/lib/python3.7/site-packages/airflow/example_dags/example_xcomargs.py for tasks to queue
[2024-06-11T20:15:58.452+0000] {logging_mixin.py:120} INFO - [2024-06-11T20:15:58.451+0000] {dagbag.py:537} INFO - Filling up the DagBag from /home/airflow/.local/lib/python3.7/site-packages/airflow/example_dags/example_xcomargs.py
[2024-06-11T20:15:58.480+0000] {processor.py:766} INFO - DAG(s) dict_keys(['example_xcom_args', 'example_xcom_args_with_operators']) retrieved from /home/airflow/.local/lib/python3.7/site-packages/airflow/example_dags/example_xcomargs.py
[2024-06-11T20:15:58.531+0000] {logging_mixin.py:120} INFO - [2024-06-11T20:15:58.531+0000] {dag.py:2585} INFO - Sync 2 DAGs
[2024-06-11T20:15:58.563+0000] {logging_mixin.py:120} INFO - [2024-06-11T20:15:58.563+0000] {dag.py:3340} INFO - Setting next_dagrun for example_xcom_args to None, run_after=None
[2024-06-11T20:15:58.568+0000] {logging_mixin.py:120} INFO - [2024-06-11T20:15:58.568+0000] {dag.py:3340} INFO - Setting next_dagrun for example_xcom_args_with_operators to None, run_after=None
[2024-06-11T20:15:58.588+0000] {processor.py:176} INFO - Processing /home/airflow/.local/lib/python3.7/site-packages/airflow/example_dags/example_xcomargs.py took 0.144 seconds
[2024-06-11T20:16:29.295+0000] {processor.py:154} INFO - Started process (PID=1856) to work on /home/airflow/.local/lib/python3.7/site-packages/airflow/example_dags/example_xcomargs.py
[2024-06-11T20:16:29.296+0000] {processor.py:756} INFO - Processing file /home/airflow/.local/lib/python3.7/site-packages/airflow/example_dags/example_xcomargs.py for tasks to queue
[2024-06-11T20:16:29.297+0000] {logging_mixin.py:120} INFO - [2024-06-11T20:16:29.297+0000] {dagbag.py:537} INFO - Filling up the DagBag from /home/airflow/.local/lib/python3.7/site-packages/airflow/example_dags/example_xcomargs.py
[2024-06-11T20:16:29.318+0000] {processor.py:766} INFO - DAG(s) dict_keys(['example_xcom_args_with_operators', 'example_xcom_args']) retrieved from /home/airflow/.local/lib/python3.7/site-packages/airflow/example_dags/example_xcomargs.py
[2024-06-11T20:16:29.356+0000] {logging_mixin.py:120} INFO - [2024-06-11T20:16:29.356+0000] {dag.py:2585} INFO - Sync 2 DAGs
[2024-06-11T20:16:29.378+0000] {logging_mixin.py:120} INFO - [2024-06-11T20:16:29.378+0000] {dag.py:3340} INFO - Setting next_dagrun for example_xcom_args to None, run_after=None
[2024-06-11T20:16:29.381+0000] {logging_mixin.py:120} INFO - [2024-06-11T20:16:29.381+0000] {dag.py:3340} INFO - Setting next_dagrun for example_xcom_args_with_operators to None, run_after=None
[2024-06-11T20:16:29.396+0000] {processor.py:176} INFO - Processing /home/airflow/.local/lib/python3.7/site-packages/airflow/example_dags/example_xcomargs.py took 0.105 seconds
[2024-06-11T20:16:59.653+0000] {processor.py:154} INFO - Started process (PID=1919) to work on /home/airflow/.local/lib/python3.7/site-packages/airflow/example_dags/example_xcomargs.py
[2024-06-11T20:16:59.655+0000] {processor.py:756} INFO - Processing file /home/airflow/.local/lib/python3.7/site-packages/airflow/example_dags/example_xcomargs.py for tasks to queue
[2024-06-11T20:16:59.655+0000] {logging_mixin.py:120} INFO - [2024-06-11T20:16:59.655+0000] {dagbag.py:537} INFO - Filling up the DagBag from /home/airflow/.local/lib/python3.7/site-packages/airflow/example_dags/example_xcomargs.py
[2024-06-11T20:16:59.675+0000] {processor.py:766} INFO - DAG(s) dict_keys(['example_xcom_args', 'example_xcom_args_with_operators']) retrieved from /home/airflow/.local/lib/python3.7/site-packages/airflow/example_dags/example_xcomargs.py
[2024-06-11T20:16:59.711+0000] {logging_mixin.py:120} INFO - [2024-06-11T20:16:59.711+0000] {dag.py:2585} INFO - Sync 2 DAGs
[2024-06-11T20:16:59.731+0000] {logging_mixin.py:120} INFO - [2024-06-11T20:16:59.731+0000] {dag.py:3340} INFO - Setting next_dagrun for example_xcom_args to None, run_after=None
[2024-06-11T20:16:59.735+0000] {logging_mixin.py:120} INFO - [2024-06-11T20:16:59.735+0000] {dag.py:3340} INFO - Setting next_dagrun for example_xcom_args_with_operators to None, run_after=None
[2024-06-11T20:16:59.749+0000] {processor.py:176} INFO - Processing /home/airflow/.local/lib/python3.7/site-packages/airflow/example_dags/example_xcomargs.py took 0.099 seconds
[2024-06-11T20:17:29.917+0000] {processor.py:154} INFO - Started process (PID=1982) to work on /home/airflow/.local/lib/python3.7/site-packages/airflow/example_dags/example_xcomargs.py
[2024-06-11T20:17:29.918+0000] {processor.py:756} INFO - Processing file /home/airflow/.local/lib/python3.7/site-packages/airflow/example_dags/example_xcomargs.py for tasks to queue
[2024-06-11T20:17:29.918+0000] {logging_mixin.py:120} INFO - [2024-06-11T20:17:29.918+0000] {dagbag.py:537} INFO - Filling up the DagBag from /home/airflow/.local/lib/python3.7/site-packages/airflow/example_dags/example_xcomargs.py
[2024-06-11T20:17:29.938+0000] {processor.py:766} INFO - DAG(s) dict_keys(['example_xcom_args_with_operators', 'example_xcom_args']) retrieved from /home/airflow/.local/lib/python3.7/site-packages/airflow/example_dags/example_xcomargs.py
[2024-06-11T20:17:29.974+0000] {logging_mixin.py:120} INFO - [2024-06-11T20:17:29.974+0000] {dag.py:2585} INFO - Sync 2 DAGs
[2024-06-11T20:17:29.996+0000] {logging_mixin.py:120} INFO - [2024-06-11T20:17:29.996+0000] {dag.py:3340} INFO - Setting next_dagrun for example_xcom_args to None, run_after=None
[2024-06-11T20:17:29.999+0000] {logging_mixin.py:120} INFO - [2024-06-11T20:17:29.999+0000] {dag.py:3340} INFO - Setting next_dagrun for example_xcom_args_with_operators to None, run_after=None
[2024-06-11T20:17:30.012+0000] {processor.py:176} INFO - Processing /home/airflow/.local/lib/python3.7/site-packages/airflow/example_dags/example_xcomargs.py took 0.098 seconds
[2024-06-11T20:18:00.141+0000] {processor.py:154} INFO - Started process (PID=2036) to work on /home/airflow/.local/lib/python3.7/site-packages/airflow/example_dags/example_xcomargs.py
[2024-06-11T20:18:00.142+0000] {processor.py:756} INFO - Processing file /home/airflow/.local/lib/python3.7/site-packages/airflow/example_dags/example_xcomargs.py for tasks to queue
[2024-06-11T20:18:00.142+0000] {logging_mixin.py:120} INFO - [2024-06-11T20:18:00.142+0000] {dagbag.py:537} INFO - Filling up the DagBag from /home/airflow/.local/lib/python3.7/site-packages/airflow/example_dags/example_xcomargs.py
[2024-06-11T20:18:00.162+0000] {processor.py:766} INFO - DAG(s) dict_keys(['example_xcom_args', 'example_xcom_args_with_operators']) retrieved from /home/airflow/.local/lib/python3.7/site-packages/airflow/example_dags/example_xcomargs.py
[2024-06-11T20:18:00.198+0000] {logging_mixin.py:120} INFO - [2024-06-11T20:18:00.198+0000] {dag.py:2585} INFO - Sync 2 DAGs
[2024-06-11T20:18:00.221+0000] {logging_mixin.py:120} INFO - [2024-06-11T20:18:00.221+0000] {dag.py:3340} INFO - Setting next_dagrun for example_xcom_args to None, run_after=None
[2024-06-11T20:18:00.224+0000] {logging_mixin.py:120} INFO - [2024-06-11T20:18:00.223+0000] {dag.py:3340} INFO - Setting next_dagrun for example_xcom_args_with_operators to None, run_after=None
[2024-06-11T20:18:00.237+0000] {processor.py:176} INFO - Processing /home/airflow/.local/lib/python3.7/site-packages/airflow/example_dags/example_xcomargs.py took 0.100 seconds
[2024-06-11T20:36:23.189+0000] {processor.py:154} INFO - Started process (PID=2099) to work on /home/airflow/.local/lib/python3.7/site-packages/airflow/example_dags/example_xcomargs.py
[2024-06-11T20:36:23.191+0000] {processor.py:756} INFO - Processing file /home/airflow/.local/lib/python3.7/site-packages/airflow/example_dags/example_xcomargs.py for tasks to queue
[2024-06-11T20:36:23.192+0000] {logging_mixin.py:120} INFO - [2024-06-11T20:36:23.192+0000] {dagbag.py:537} INFO - Filling up the DagBag from /home/airflow/.local/lib/python3.7/site-packages/airflow/example_dags/example_xcomargs.py
[2024-06-11T20:36:23.215+0000] {processor.py:766} INFO - DAG(s) dict_keys(['example_xcom_args', 'example_xcom_args_with_operators']) retrieved from /home/airflow/.local/lib/python3.7/site-packages/airflow/example_dags/example_xcomargs.py
[2024-06-11T20:36:23.267+0000] {logging_mixin.py:120} INFO - [2024-06-11T20:36:23.266+0000] {dag.py:2585} INFO - Sync 2 DAGs
[2024-06-11T20:36:23.299+0000] {logging_mixin.py:120} INFO - [2024-06-11T20:36:23.299+0000] {dag.py:3340} INFO - Setting next_dagrun for example_xcom_args to None, run_after=None
[2024-06-11T20:36:23.306+0000] {logging_mixin.py:120} INFO - [2024-06-11T20:36:23.306+0000] {dag.py:3340} INFO - Setting next_dagrun for example_xcom_args_with_operators to None, run_after=None
[2024-06-11T20:36:23.335+0000] {processor.py:176} INFO - Processing /home/airflow/.local/lib/python3.7/site-packages/airflow/example_dags/example_xcomargs.py took 0.149 seconds
[2024-06-11T20:36:53.515+0000] {processor.py:154} INFO - Started process (PID=2162) to work on /home/airflow/.local/lib/python3.7/site-packages/airflow/example_dags/example_xcomargs.py
[2024-06-11T20:36:53.516+0000] {processor.py:756} INFO - Processing file /home/airflow/.local/lib/python3.7/site-packages/airflow/example_dags/example_xcomargs.py for tasks to queue
[2024-06-11T20:36:53.517+0000] {logging_mixin.py:120} INFO - [2024-06-11T20:36:53.517+0000] {dagbag.py:537} INFO - Filling up the DagBag from /home/airflow/.local/lib/python3.7/site-packages/airflow/example_dags/example_xcomargs.py
[2024-06-11T20:36:53.541+0000] {processor.py:766} INFO - DAG(s) dict_keys(['example_xcom_args', 'example_xcom_args_with_operators']) retrieved from /home/airflow/.local/lib/python3.7/site-packages/airflow/example_dags/example_xcomargs.py
[2024-06-11T20:36:53.578+0000] {logging_mixin.py:120} INFO - [2024-06-11T20:36:53.578+0000] {dag.py:2585} INFO - Sync 2 DAGs
[2024-06-11T20:36:53.600+0000] {logging_mixin.py:120} INFO - [2024-06-11T20:36:53.600+0000] {dag.py:3340} INFO - Setting next_dagrun for example_xcom_args to None, run_after=None
[2024-06-11T20:36:53.603+0000] {logging_mixin.py:120} INFO - [2024-06-11T20:36:53.603+0000] {dag.py:3340} INFO - Setting next_dagrun for example_xcom_args_with_operators to None, run_after=None
[2024-06-11T20:36:53.617+0000] {processor.py:176} INFO - Processing /home/airflow/.local/lib/python3.7/site-packages/airflow/example_dags/example_xcomargs.py took 0.105 seconds
[2024-06-11T20:37:23.938+0000] {processor.py:154} INFO - Started process (PID=2216) to work on /home/airflow/.local/lib/python3.7/site-packages/airflow/example_dags/example_xcomargs.py
[2024-06-11T20:37:23.940+0000] {processor.py:756} INFO - Processing file /home/airflow/.local/lib/python3.7/site-packages/airflow/example_dags/example_xcomargs.py for tasks to queue
[2024-06-11T20:37:23.941+0000] {logging_mixin.py:120} INFO - [2024-06-11T20:37:23.941+0000] {dagbag.py:537} INFO - Filling up the DagBag from /home/airflow/.local/lib/python3.7/site-packages/airflow/example_dags/example_xcomargs.py
[2024-06-11T20:37:23.961+0000] {processor.py:766} INFO - DAG(s) dict_keys(['example_xcom_args', 'example_xcom_args_with_operators']) retrieved from /home/airflow/.local/lib/python3.7/site-packages/airflow/example_dags/example_xcomargs.py
[2024-06-11T20:37:23.998+0000] {logging_mixin.py:120} INFO - [2024-06-11T20:37:23.997+0000] {dag.py:2585} INFO - Sync 2 DAGs
[2024-06-11T20:37:24.021+0000] {logging_mixin.py:120} INFO - [2024-06-11T20:37:24.021+0000] {dag.py:3340} INFO - Setting next_dagrun for example_xcom_args to None, run_after=None
[2024-06-11T20:37:24.025+0000] {logging_mixin.py:120} INFO - [2024-06-11T20:37:24.024+0000] {dag.py:3340} INFO - Setting next_dagrun for example_xcom_args_with_operators to None, run_after=None
[2024-06-11T20:37:24.039+0000] {processor.py:176} INFO - Processing /home/airflow/.local/lib/python3.7/site-packages/airflow/example_dags/example_xcomargs.py took 0.103 seconds
[2024-06-11T20:37:54.263+0000] {processor.py:154} INFO - Started process (PID=2279) to work on /home/airflow/.local/lib/python3.7/site-packages/airflow/example_dags/example_xcomargs.py
[2024-06-11T20:37:54.264+0000] {processor.py:756} INFO - Processing file /home/airflow/.local/lib/python3.7/site-packages/airflow/example_dags/example_xcomargs.py for tasks to queue
[2024-06-11T20:37:54.265+0000] {logging_mixin.py:120} INFO - [2024-06-11T20:37:54.264+0000] {dagbag.py:537} INFO - Filling up the DagBag from /home/airflow/.local/lib/python3.7/site-packages/airflow/example_dags/example_xcomargs.py
[2024-06-11T20:37:54.284+0000] {processor.py:766} INFO - DAG(s) dict_keys(['example_xcom_args_with_operators', 'example_xcom_args']) retrieved from /home/airflow/.local/lib/python3.7/site-packages/airflow/example_dags/example_xcomargs.py
[2024-06-11T20:37:54.321+0000] {logging_mixin.py:120} INFO - [2024-06-11T20:37:54.320+0000] {dag.py:2585} INFO - Sync 2 DAGs
[2024-06-11T20:37:54.342+0000] {logging_mixin.py:120} INFO - [2024-06-11T20:37:54.342+0000] {dag.py:3340} INFO - Setting next_dagrun for example_xcom_args to None, run_after=None
[2024-06-11T20:37:54.345+0000] {logging_mixin.py:120} INFO - [2024-06-11T20:37:54.345+0000] {dag.py:3340} INFO - Setting next_dagrun for example_xcom_args_with_operators to None, run_after=None
[2024-06-11T20:37:54.359+0000] {processor.py:176} INFO - Processing /home/airflow/.local/lib/python3.7/site-packages/airflow/example_dags/example_xcomargs.py took 0.099 seconds
[2024-06-11T20:38:24.679+0000] {processor.py:154} INFO - Started process (PID=2342) to work on /home/airflow/.local/lib/python3.7/site-packages/airflow/example_dags/example_xcomargs.py
[2024-06-11T20:38:24.680+0000] {processor.py:756} INFO - Processing file /home/airflow/.local/lib/python3.7/site-packages/airflow/example_dags/example_xcomargs.py for tasks to queue
[2024-06-11T20:38:24.680+0000] {logging_mixin.py:120} INFO - [2024-06-11T20:38:24.680+0000] {dagbag.py:537} INFO - Filling up the DagBag from /home/airflow/.local/lib/python3.7/site-packages/airflow/example_dags/example_xcomargs.py
[2024-06-11T20:38:24.702+0000] {processor.py:766} INFO - DAG(s) dict_keys(['example_xcom_args', 'example_xcom_args_with_operators']) retrieved from /home/airflow/.local/lib/python3.7/site-packages/airflow/example_dags/example_xcomargs.py
[2024-06-11T20:38:24.739+0000] {logging_mixin.py:120} INFO - [2024-06-11T20:38:24.739+0000] {dag.py:2585} INFO - Sync 2 DAGs
[2024-06-11T20:38:24.760+0000] {logging_mixin.py:120} INFO - [2024-06-11T20:38:24.760+0000] {dag.py:3340} INFO - Setting next_dagrun for example_xcom_args to None, run_after=None
[2024-06-11T20:38:24.763+0000] {logging_mixin.py:120} INFO - [2024-06-11T20:38:24.763+0000] {dag.py:3340} INFO - Setting next_dagrun for example_xcom_args_with_operators to None, run_after=None
[2024-06-11T20:38:24.777+0000] {processor.py:176} INFO - Processing /home/airflow/.local/lib/python3.7/site-packages/airflow/example_dags/example_xcomargs.py took 0.101 seconds
[2024-06-11T20:53:49.427+0000] {processor.py:154} INFO - Started process (PID=2395) to work on /home/airflow/.local/lib/python3.7/site-packages/airflow/example_dags/example_xcomargs.py
[2024-06-11T20:53:49.429+0000] {processor.py:756} INFO - Processing file /home/airflow/.local/lib/python3.7/site-packages/airflow/example_dags/example_xcomargs.py for tasks to queue
[2024-06-11T20:53:49.430+0000] {logging_mixin.py:120} INFO - [2024-06-11T20:53:49.430+0000] {dagbag.py:537} INFO - Filling up the DagBag from /home/airflow/.local/lib/python3.7/site-packages/airflow/example_dags/example_xcomargs.py
[2024-06-11T20:53:49.467+0000] {processor.py:766} INFO - DAG(s) dict_keys(['example_xcom_args_with_operators', 'example_xcom_args']) retrieved from /home/airflow/.local/lib/python3.7/site-packages/airflow/example_dags/example_xcomargs.py
[2024-06-11T20:53:49.527+0000] {logging_mixin.py:120} INFO - [2024-06-11T20:53:49.527+0000] {dag.py:2585} INFO - Sync 2 DAGs
[2024-06-11T20:53:49.568+0000] {logging_mixin.py:120} INFO - [2024-06-11T20:53:49.568+0000] {dag.py:3340} INFO - Setting next_dagrun for example_xcom_args to None, run_after=None
[2024-06-11T20:53:49.575+0000] {logging_mixin.py:120} INFO - [2024-06-11T20:53:49.575+0000] {dag.py:3340} INFO - Setting next_dagrun for example_xcom_args_with_operators to None, run_after=None
[2024-06-11T20:53:49.601+0000] {processor.py:176} INFO - Processing /home/airflow/.local/lib/python3.7/site-packages/airflow/example_dags/example_xcomargs.py took 0.179 seconds
[2024-06-11T20:54:19.709+0000] {processor.py:154} INFO - Started process (PID=2458) to work on /home/airflow/.local/lib/python3.7/site-packages/airflow/example_dags/example_xcomargs.py
[2024-06-11T20:54:19.710+0000] {processor.py:756} INFO - Processing file /home/airflow/.local/lib/python3.7/site-packages/airflow/example_dags/example_xcomargs.py for tasks to queue
[2024-06-11T20:54:19.710+0000] {logging_mixin.py:120} INFO - [2024-06-11T20:54:19.710+0000] {dagbag.py:537} INFO - Filling up the DagBag from /home/airflow/.local/lib/python3.7/site-packages/airflow/example_dags/example_xcomargs.py
[2024-06-11T20:54:19.731+0000] {processor.py:766} INFO - DAG(s) dict_keys(['example_xcom_args_with_operators', 'example_xcom_args']) retrieved from /home/airflow/.local/lib/python3.7/site-packages/airflow/example_dags/example_xcomargs.py
[2024-06-11T20:54:19.766+0000] {logging_mixin.py:120} INFO - [2024-06-11T20:54:19.766+0000] {dag.py:2585} INFO - Sync 2 DAGs
[2024-06-11T20:54:19.789+0000] {logging_mixin.py:120} INFO - [2024-06-11T20:54:19.789+0000] {dag.py:3340} INFO - Setting next_dagrun for example_xcom_args to None, run_after=None
[2024-06-11T20:54:19.792+0000] {logging_mixin.py:120} INFO - [2024-06-11T20:54:19.792+0000] {dag.py:3340} INFO - Setting next_dagrun for example_xcom_args_with_operators to None, run_after=None
[2024-06-11T20:54:19.805+0000] {processor.py:176} INFO - Processing /home/airflow/.local/lib/python3.7/site-packages/airflow/example_dags/example_xcomargs.py took 0.099 seconds
[2024-06-11T20:54:49.956+0000] {processor.py:154} INFO - Started process (PID=2521) to work on /home/airflow/.local/lib/python3.7/site-packages/airflow/example_dags/example_xcomargs.py
[2024-06-11T20:54:49.957+0000] {processor.py:756} INFO - Processing file /home/airflow/.local/lib/python3.7/site-packages/airflow/example_dags/example_xcomargs.py for tasks to queue
[2024-06-11T20:54:49.958+0000] {logging_mixin.py:120} INFO - [2024-06-11T20:54:49.958+0000] {dagbag.py:537} INFO - Filling up the DagBag from /home/airflow/.local/lib/python3.7/site-packages/airflow/example_dags/example_xcomargs.py
[2024-06-11T20:54:49.979+0000] {processor.py:766} INFO - DAG(s) dict_keys(['example_xcom_args', 'example_xcom_args_with_operators']) retrieved from /home/airflow/.local/lib/python3.7/site-packages/airflow/example_dags/example_xcomargs.py
[2024-06-11T20:54:50.017+0000] {logging_mixin.py:120} INFO - [2024-06-11T20:54:50.016+0000] {dag.py:2585} INFO - Sync 2 DAGs
[2024-06-11T20:54:50.039+0000] {logging_mixin.py:120} INFO - [2024-06-11T20:54:50.039+0000] {dag.py:3340} INFO - Setting next_dagrun for example_xcom_args to None, run_after=None
[2024-06-11T20:54:50.042+0000] {logging_mixin.py:120} INFO - [2024-06-11T20:54:50.042+0000] {dag.py:3340} INFO - Setting next_dagrun for example_xcom_args_with_operators to None, run_after=None
[2024-06-11T20:54:50.057+0000] {processor.py:176} INFO - Processing /home/airflow/.local/lib/python3.7/site-packages/airflow/example_dags/example_xcomargs.py took 0.104 seconds
[2024-06-11T20:55:20.221+0000] {processor.py:154} INFO - Started process (PID=2575) to work on /home/airflow/.local/lib/python3.7/site-packages/airflow/example_dags/example_xcomargs.py
[2024-06-11T20:55:20.222+0000] {processor.py:756} INFO - Processing file /home/airflow/.local/lib/python3.7/site-packages/airflow/example_dags/example_xcomargs.py for tasks to queue
[2024-06-11T20:55:20.223+0000] {logging_mixin.py:120} INFO - [2024-06-11T20:55:20.223+0000] {dagbag.py:537} INFO - Filling up the DagBag from /home/airflow/.local/lib/python3.7/site-packages/airflow/example_dags/example_xcomargs.py
[2024-06-11T20:55:20.247+0000] {processor.py:766} INFO - DAG(s) dict_keys(['example_xcom_args', 'example_xcom_args_with_operators']) retrieved from /home/airflow/.local/lib/python3.7/site-packages/airflow/example_dags/example_xcomargs.py
[2024-06-11T20:55:20.291+0000] {logging_mixin.py:120} INFO - [2024-06-11T20:55:20.291+0000] {dag.py:2585} INFO - Sync 2 DAGs
[2024-06-11T20:55:20.316+0000] {logging_mixin.py:120} INFO - [2024-06-11T20:55:20.316+0000] {dag.py:3340} INFO - Setting next_dagrun for example_xcom_args to None, run_after=None
[2024-06-11T20:55:20.319+0000] {logging_mixin.py:120} INFO - [2024-06-11T20:55:20.319+0000] {dag.py:3340} INFO - Setting next_dagrun for example_xcom_args_with_operators to None, run_after=None
[2024-06-11T20:55:20.335+0000] {processor.py:176} INFO - Processing /home/airflow/.local/lib/python3.7/site-packages/airflow/example_dags/example_xcomargs.py took 0.116 seconds
[2024-06-11T20:55:50.446+0000] {processor.py:154} INFO - Started process (PID=2638) to work on /home/airflow/.local/lib/python3.7/site-packages/airflow/example_dags/example_xcomargs.py
[2024-06-11T20:55:50.447+0000] {processor.py:756} INFO - Processing file /home/airflow/.local/lib/python3.7/site-packages/airflow/example_dags/example_xcomargs.py for tasks to queue
[2024-06-11T20:55:50.448+0000] {logging_mixin.py:120} INFO - [2024-06-11T20:55:50.448+0000] {dagbag.py:537} INFO - Filling up the DagBag from /home/airflow/.local/lib/python3.7/site-packages/airflow/example_dags/example_xcomargs.py
[2024-06-11T20:55:50.468+0000] {processor.py:766} INFO - DAG(s) dict_keys(['example_xcom_args_with_operators', 'example_xcom_args']) retrieved from /home/airflow/.local/lib/python3.7/site-packages/airflow/example_dags/example_xcomargs.py
[2024-06-11T20:55:50.504+0000] {logging_mixin.py:120} INFO - [2024-06-11T20:55:50.504+0000] {dag.py:2585} INFO - Sync 2 DAGs
[2024-06-11T20:55:50.527+0000] {logging_mixin.py:120} INFO - [2024-06-11T20:55:50.527+0000] {dag.py:3340} INFO - Setting next_dagrun for example_xcom_args to None, run_after=None
[2024-06-11T20:55:50.530+0000] {logging_mixin.py:120} INFO - [2024-06-11T20:55:50.530+0000] {dag.py:3340} INFO - Setting next_dagrun for example_xcom_args_with_operators to None, run_after=None
[2024-06-11T20:55:50.543+0000] {processor.py:176} INFO - Processing /home/airflow/.local/lib/python3.7/site-packages/airflow/example_dags/example_xcomargs.py took 0.100 seconds
[2024-06-11T20:57:21.820+0000] {processor.py:154} INFO - Started process (PID=2701) to work on /home/airflow/.local/lib/python3.7/site-packages/airflow/example_dags/example_xcomargs.py
[2024-06-11T20:57:21.821+0000] {processor.py:756} INFO - Processing file /home/airflow/.local/lib/python3.7/site-packages/airflow/example_dags/example_xcomargs.py for tasks to queue
[2024-06-11T20:57:21.822+0000] {logging_mixin.py:120} INFO - [2024-06-11T20:57:21.822+0000] {dagbag.py:537} INFO - Filling up the DagBag from /home/airflow/.local/lib/python3.7/site-packages/airflow/example_dags/example_xcomargs.py
[2024-06-11T20:57:21.847+0000] {processor.py:766} INFO - DAG(s) dict_keys(['example_xcom_args', 'example_xcom_args_with_operators']) retrieved from /home/airflow/.local/lib/python3.7/site-packages/airflow/example_dags/example_xcomargs.py
[2024-06-11T20:57:21.887+0000] {logging_mixin.py:120} INFO - [2024-06-11T20:57:21.886+0000] {dag.py:2585} INFO - Sync 2 DAGs
[2024-06-11T20:57:21.910+0000] {logging_mixin.py:120} INFO - [2024-06-11T20:57:21.910+0000] {dag.py:3340} INFO - Setting next_dagrun for example_xcom_args to None, run_after=None
[2024-06-11T20:57:21.913+0000] {logging_mixin.py:120} INFO - [2024-06-11T20:57:21.913+0000] {dag.py:3340} INFO - Setting next_dagrun for example_xcom_args_with_operators to None, run_after=None
[2024-06-11T20:57:21.926+0000] {processor.py:176} INFO - Processing /home/airflow/.local/lib/python3.7/site-packages/airflow/example_dags/example_xcomargs.py took 0.109 seconds
[2024-06-11T20:57:52.015+0000] {processor.py:154} INFO - Started process (PID=2763) to work on /home/airflow/.local/lib/python3.7/site-packages/airflow/example_dags/example_xcomargs.py
[2024-06-11T20:57:52.016+0000] {processor.py:756} INFO - Processing file /home/airflow/.local/lib/python3.7/site-packages/airflow/example_dags/example_xcomargs.py for tasks to queue
[2024-06-11T20:57:52.017+0000] {logging_mixin.py:120} INFO - [2024-06-11T20:57:52.017+0000] {dagbag.py:537} INFO - Filling up the DagBag from /home/airflow/.local/lib/python3.7/site-packages/airflow/example_dags/example_xcomargs.py
[2024-06-11T20:57:52.040+0000] {processor.py:766} INFO - DAG(s) dict_keys(['example_xcom_args', 'example_xcom_args_with_operators']) retrieved from /home/airflow/.local/lib/python3.7/site-packages/airflow/example_dags/example_xcomargs.py
[2024-06-11T20:57:52.085+0000] {logging_mixin.py:120} INFO - [2024-06-11T20:57:52.085+0000] {dag.py:2585} INFO - Sync 2 DAGs
[2024-06-11T20:57:52.108+0000] {logging_mixin.py:120} INFO - [2024-06-11T20:57:52.108+0000] {dag.py:3340} INFO - Setting next_dagrun for example_xcom_args to None, run_after=None
[2024-06-11T20:57:52.112+0000] {logging_mixin.py:120} INFO - [2024-06-11T20:57:52.112+0000] {dag.py:3340} INFO - Setting next_dagrun for example_xcom_args_with_operators to None, run_after=None
[2024-06-11T20:57:52.129+0000] {processor.py:176} INFO - Processing /home/airflow/.local/lib/python3.7/site-packages/airflow/example_dags/example_xcomargs.py took 0.117 seconds
[2024-06-11T20:58:22.271+0000] {processor.py:154} INFO - Started process (PID=2817) to work on /home/airflow/.local/lib/python3.7/site-packages/airflow/example_dags/example_xcomargs.py
[2024-06-11T20:58:22.272+0000] {processor.py:756} INFO - Processing file /home/airflow/.local/lib/python3.7/site-packages/airflow/example_dags/example_xcomargs.py for tasks to queue
[2024-06-11T20:58:22.274+0000] {logging_mixin.py:120} INFO - [2024-06-11T20:58:22.273+0000] {dagbag.py:537} INFO - Filling up the DagBag from /home/airflow/.local/lib/python3.7/site-packages/airflow/example_dags/example_xcomargs.py
[2024-06-11T20:58:22.297+0000] {processor.py:766} INFO - DAG(s) dict_keys(['example_xcom_args_with_operators', 'example_xcom_args']) retrieved from /home/airflow/.local/lib/python3.7/site-packages/airflow/example_dags/example_xcomargs.py
[2024-06-11T20:58:22.338+0000] {logging_mixin.py:120} INFO - [2024-06-11T20:58:22.338+0000] {dag.py:2585} INFO - Sync 2 DAGs
[2024-06-11T20:58:22.359+0000] {logging_mixin.py:120} INFO - [2024-06-11T20:58:22.359+0000] {dag.py:3340} INFO - Setting next_dagrun for example_xcom_args to None, run_after=None
[2024-06-11T20:58:22.365+0000] {logging_mixin.py:120} INFO - [2024-06-11T20:58:22.365+0000] {dag.py:3340} INFO - Setting next_dagrun for example_xcom_args_with_operators to None, run_after=None
[2024-06-11T20:58:22.379+0000] {processor.py:176} INFO - Processing /home/airflow/.local/lib/python3.7/site-packages/airflow/example_dags/example_xcomargs.py took 0.111 seconds
[2024-06-11T20:58:52.570+0000] {processor.py:154} INFO - Started process (PID=2880) to work on /home/airflow/.local/lib/python3.7/site-packages/airflow/example_dags/example_xcomargs.py
[2024-06-11T20:58:52.571+0000] {processor.py:756} INFO - Processing file /home/airflow/.local/lib/python3.7/site-packages/airflow/example_dags/example_xcomargs.py for tasks to queue
[2024-06-11T20:58:52.572+0000] {logging_mixin.py:120} INFO - [2024-06-11T20:58:52.572+0000] {dagbag.py:537} INFO - Filling up the DagBag from /home/airflow/.local/lib/python3.7/site-packages/airflow/example_dags/example_xcomargs.py
[2024-06-11T20:58:52.593+0000] {processor.py:766} INFO - DAG(s) dict_keys(['example_xcom_args_with_operators', 'example_xcom_args']) retrieved from /home/airflow/.local/lib/python3.7/site-packages/airflow/example_dags/example_xcomargs.py
[2024-06-11T20:58:52.628+0000] {logging_mixin.py:120} INFO - [2024-06-11T20:58:52.628+0000] {dag.py:2585} INFO - Sync 2 DAGs
[2024-06-11T20:58:52.649+0000] {logging_mixin.py:120} INFO - [2024-06-11T20:58:52.649+0000] {dag.py:3340} INFO - Setting next_dagrun for example_xcom_args to None, run_after=None
[2024-06-11T20:58:52.652+0000] {logging_mixin.py:120} INFO - [2024-06-11T20:58:52.652+0000] {dag.py:3340} INFO - Setting next_dagrun for example_xcom_args_with_operators to None, run_after=None
[2024-06-11T20:58:52.665+0000] {processor.py:176} INFO - Processing /home/airflow/.local/lib/python3.7/site-packages/airflow/example_dags/example_xcomargs.py took 0.097 seconds
[2024-06-11T21:14:53.386+0000] {processor.py:154} INFO - Started process (PID=2942) to work on /home/airflow/.local/lib/python3.7/site-packages/airflow/example_dags/example_xcomargs.py
[2024-06-11T21:14:53.387+0000] {processor.py:756} INFO - Processing file /home/airflow/.local/lib/python3.7/site-packages/airflow/example_dags/example_xcomargs.py for tasks to queue
[2024-06-11T21:14:53.388+0000] {logging_mixin.py:120} INFO - [2024-06-11T21:14:53.388+0000] {dagbag.py:537} INFO - Filling up the DagBag from /home/airflow/.local/lib/python3.7/site-packages/airflow/example_dags/example_xcomargs.py
[2024-06-11T21:14:53.413+0000] {processor.py:766} INFO - DAG(s) dict_keys(['example_xcom_args_with_operators', 'example_xcom_args']) retrieved from /home/airflow/.local/lib/python3.7/site-packages/airflow/example_dags/example_xcomargs.py
[2024-06-11T21:14:53.458+0000] {logging_mixin.py:120} INFO - [2024-06-11T21:14:53.458+0000] {dag.py:2585} INFO - Sync 2 DAGs
[2024-06-11T21:14:53.485+0000] {logging_mixin.py:120} INFO - [2024-06-11T21:14:53.485+0000] {dag.py:3340} INFO - Setting next_dagrun for example_xcom_args to None, run_after=None
[2024-06-11T21:14:53.490+0000] {logging_mixin.py:120} INFO - [2024-06-11T21:14:53.490+0000] {dag.py:3340} INFO - Setting next_dagrun for example_xcom_args_with_operators to None, run_after=None
[2024-06-11T21:14:53.512+0000] {processor.py:176} INFO - Processing /home/airflow/.local/lib/python3.7/site-packages/airflow/example_dags/example_xcomargs.py took 0.130 seconds
[2024-06-11T21:15:24.368+0000] {processor.py:154} INFO - Started process (PID=3005) to work on /home/airflow/.local/lib/python3.7/site-packages/airflow/example_dags/example_xcomargs.py
[2024-06-11T21:15:24.369+0000] {processor.py:756} INFO - Processing file /home/airflow/.local/lib/python3.7/site-packages/airflow/example_dags/example_xcomargs.py for tasks to queue
[2024-06-11T21:15:24.370+0000] {logging_mixin.py:120} INFO - [2024-06-11T21:15:24.370+0000] {dagbag.py:537} INFO - Filling up the DagBag from /home/airflow/.local/lib/python3.7/site-packages/airflow/example_dags/example_xcomargs.py
[2024-06-11T21:15:24.390+0000] {processor.py:766} INFO - DAG(s) dict_keys(['example_xcom_args', 'example_xcom_args_with_operators']) retrieved from /home/airflow/.local/lib/python3.7/site-packages/airflow/example_dags/example_xcomargs.py
[2024-06-11T21:15:24.425+0000] {logging_mixin.py:120} INFO - [2024-06-11T21:15:24.425+0000] {dag.py:2585} INFO - Sync 2 DAGs
[2024-06-11T21:15:24.446+0000] {logging_mixin.py:120} INFO - [2024-06-11T21:15:24.446+0000] {dag.py:3340} INFO - Setting next_dagrun for example_xcom_args to None, run_after=None
[2024-06-11T21:15:24.449+0000] {logging_mixin.py:120} INFO - [2024-06-11T21:15:24.449+0000] {dag.py:3340} INFO - Setting next_dagrun for example_xcom_args_with_operators to None, run_after=None
[2024-06-11T21:15:24.462+0000] {processor.py:176} INFO - Processing /home/airflow/.local/lib/python3.7/site-packages/airflow/example_dags/example_xcomargs.py took 0.097 seconds
[2024-06-11T21:15:54.671+0000] {processor.py:154} INFO - Started process (PID=3059) to work on /home/airflow/.local/lib/python3.7/site-packages/airflow/example_dags/example_xcomargs.py
[2024-06-11T21:15:54.672+0000] {processor.py:756} INFO - Processing file /home/airflow/.local/lib/python3.7/site-packages/airflow/example_dags/example_xcomargs.py for tasks to queue
[2024-06-11T21:15:54.673+0000] {logging_mixin.py:120} INFO - [2024-06-11T21:15:54.673+0000] {dagbag.py:537} INFO - Filling up the DagBag from /home/airflow/.local/lib/python3.7/site-packages/airflow/example_dags/example_xcomargs.py
[2024-06-11T21:15:54.693+0000] {processor.py:766} INFO - DAG(s) dict_keys(['example_xcom_args', 'example_xcom_args_with_operators']) retrieved from /home/airflow/.local/lib/python3.7/site-packages/airflow/example_dags/example_xcomargs.py
[2024-06-11T21:15:54.730+0000] {logging_mixin.py:120} INFO - [2024-06-11T21:15:54.729+0000] {dag.py:2585} INFO - Sync 2 DAGs
[2024-06-11T21:15:54.750+0000] {logging_mixin.py:120} INFO - [2024-06-11T21:15:54.750+0000] {dag.py:3340} INFO - Setting next_dagrun for example_xcom_args to None, run_after=None
[2024-06-11T21:15:54.753+0000] {logging_mixin.py:120} INFO - [2024-06-11T21:15:54.753+0000] {dag.py:3340} INFO - Setting next_dagrun for example_xcom_args_with_operators to None, run_after=None
[2024-06-11T21:15:54.768+0000] {processor.py:176} INFO - Processing /home/airflow/.local/lib/python3.7/site-packages/airflow/example_dags/example_xcomargs.py took 0.100 seconds
[2024-06-11T21:16:25.079+0000] {processor.py:154} INFO - Started process (PID=3121) to work on /home/airflow/.local/lib/python3.7/site-packages/airflow/example_dags/example_xcomargs.py
[2024-06-11T21:16:25.081+0000] {processor.py:756} INFO - Processing file /home/airflow/.local/lib/python3.7/site-packages/airflow/example_dags/example_xcomargs.py for tasks to queue
[2024-06-11T21:16:25.082+0000] {logging_mixin.py:120} INFO - [2024-06-11T21:16:25.081+0000] {dagbag.py:537} INFO - Filling up the DagBag from /home/airflow/.local/lib/python3.7/site-packages/airflow/example_dags/example_xcomargs.py
[2024-06-11T21:16:25.102+0000] {processor.py:766} INFO - DAG(s) dict_keys(['example_xcom_args_with_operators', 'example_xcom_args']) retrieved from /home/airflow/.local/lib/python3.7/site-packages/airflow/example_dags/example_xcomargs.py
[2024-06-11T21:16:25.139+0000] {logging_mixin.py:120} INFO - [2024-06-11T21:16:25.139+0000] {dag.py:2585} INFO - Sync 2 DAGs
[2024-06-11T21:16:25.160+0000] {logging_mixin.py:120} INFO - [2024-06-11T21:16:25.160+0000] {dag.py:3340} INFO - Setting next_dagrun for example_xcom_args to None, run_after=None
[2024-06-11T21:16:25.163+0000] {logging_mixin.py:120} INFO - [2024-06-11T21:16:25.163+0000] {dag.py:3340} INFO - Setting next_dagrun for example_xcom_args_with_operators to None, run_after=None
[2024-06-11T21:16:25.177+0000] {processor.py:176} INFO - Processing /home/airflow/.local/lib/python3.7/site-packages/airflow/example_dags/example_xcomargs.py took 0.101 seconds
[2024-06-11T21:16:55.517+0000] {processor.py:154} INFO - Started process (PID=3184) to work on /home/airflow/.local/lib/python3.7/site-packages/airflow/example_dags/example_xcomargs.py
[2024-06-11T21:16:55.518+0000] {processor.py:756} INFO - Processing file /home/airflow/.local/lib/python3.7/site-packages/airflow/example_dags/example_xcomargs.py for tasks to queue
[2024-06-11T21:16:55.519+0000] {logging_mixin.py:120} INFO - [2024-06-11T21:16:55.519+0000] {dagbag.py:537} INFO - Filling up the DagBag from /home/airflow/.local/lib/python3.7/site-packages/airflow/example_dags/example_xcomargs.py
[2024-06-11T21:16:55.540+0000] {processor.py:766} INFO - DAG(s) dict_keys(['example_xcom_args_with_operators', 'example_xcom_args']) retrieved from /home/airflow/.local/lib/python3.7/site-packages/airflow/example_dags/example_xcomargs.py
[2024-06-11T21:16:55.577+0000] {logging_mixin.py:120} INFO - [2024-06-11T21:16:55.576+0000] {dag.py:2585} INFO - Sync 2 DAGs
[2024-06-11T21:16:55.597+0000] {logging_mixin.py:120} INFO - [2024-06-11T21:16:55.597+0000] {dag.py:3340} INFO - Setting next_dagrun for example_xcom_args to None, run_after=None
[2024-06-11T21:16:55.600+0000] {logging_mixin.py:120} INFO - [2024-06-11T21:16:55.600+0000] {dag.py:3340} INFO - Setting next_dagrun for example_xcom_args_with_operators to None, run_after=None
[2024-06-11T21:16:55.614+0000] {processor.py:176} INFO - Processing /home/airflow/.local/lib/python3.7/site-packages/airflow/example_dags/example_xcomargs.py took 0.100 seconds
[2024-06-11T21:30:34.241+0000] {processor.py:154} INFO - Started process (PID=3239) to work on /home/airflow/.local/lib/python3.7/site-packages/airflow/example_dags/example_xcomargs.py
[2024-06-11T21:30:34.242+0000] {processor.py:756} INFO - Processing file /home/airflow/.local/lib/python3.7/site-packages/airflow/example_dags/example_xcomargs.py for tasks to queue
[2024-06-11T21:30:34.243+0000] {logging_mixin.py:120} INFO - [2024-06-11T21:30:34.243+0000] {dagbag.py:537} INFO - Filling up the DagBag from /home/airflow/.local/lib/python3.7/site-packages/airflow/example_dags/example_xcomargs.py
[2024-06-11T21:30:34.263+0000] {processor.py:766} INFO - DAG(s) dict_keys(['example_xcom_args', 'example_xcom_args_with_operators']) retrieved from /home/airflow/.local/lib/python3.7/site-packages/airflow/example_dags/example_xcomargs.py
[2024-06-11T21:30:34.300+0000] {logging_mixin.py:120} INFO - [2024-06-11T21:30:34.300+0000] {dag.py:2585} INFO - Sync 2 DAGs
[2024-06-11T21:30:34.321+0000] {logging_mixin.py:120} INFO - [2024-06-11T21:30:34.321+0000] {dag.py:3340} INFO - Setting next_dagrun for example_xcom_args to None, run_after=None
[2024-06-11T21:30:34.324+0000] {logging_mixin.py:120} INFO - [2024-06-11T21:30:34.324+0000] {dag.py:3340} INFO - Setting next_dagrun for example_xcom_args_with_operators to None, run_after=None
[2024-06-11T21:30:34.338+0000] {processor.py:176} INFO - Processing /home/airflow/.local/lib/python3.7/site-packages/airflow/example_dags/example_xcomargs.py took 0.100 seconds
[2024-06-11T21:31:04.794+0000] {processor.py:154} INFO - Started process (PID=3302) to work on /home/airflow/.local/lib/python3.7/site-packages/airflow/example_dags/example_xcomargs.py
[2024-06-11T21:31:04.795+0000] {processor.py:756} INFO - Processing file /home/airflow/.local/lib/python3.7/site-packages/airflow/example_dags/example_xcomargs.py for tasks to queue
[2024-06-11T21:31:04.796+0000] {logging_mixin.py:120} INFO - [2024-06-11T21:31:04.796+0000] {dagbag.py:537} INFO - Filling up the DagBag from /home/airflow/.local/lib/python3.7/site-packages/airflow/example_dags/example_xcomargs.py
[2024-06-11T21:31:04.820+0000] {processor.py:766} INFO - DAG(s) dict_keys(['example_xcom_args', 'example_xcom_args_with_operators']) retrieved from /home/airflow/.local/lib/python3.7/site-packages/airflow/example_dags/example_xcomargs.py
[2024-06-11T21:31:04.859+0000] {logging_mixin.py:120} INFO - [2024-06-11T21:31:04.859+0000] {dag.py:2585} INFO - Sync 2 DAGs
[2024-06-11T21:31:04.880+0000] {logging_mixin.py:120} INFO - [2024-06-11T21:31:04.880+0000] {dag.py:3340} INFO - Setting next_dagrun for example_xcom_args to None, run_after=None
[2024-06-11T21:31:04.883+0000] {logging_mixin.py:120} INFO - [2024-06-11T21:31:04.883+0000] {dag.py:3340} INFO - Setting next_dagrun for example_xcom_args_with_operators to None, run_after=None
[2024-06-11T21:31:04.898+0000] {processor.py:176} INFO - Processing /home/airflow/.local/lib/python3.7/site-packages/airflow/example_dags/example_xcomargs.py took 0.107 seconds
[2024-06-11T21:31:35.478+0000] {processor.py:154} INFO - Started process (PID=3365) to work on /home/airflow/.local/lib/python3.7/site-packages/airflow/example_dags/example_xcomargs.py
[2024-06-11T21:31:35.479+0000] {processor.py:756} INFO - Processing file /home/airflow/.local/lib/python3.7/site-packages/airflow/example_dags/example_xcomargs.py for tasks to queue
[2024-06-11T21:31:35.479+0000] {logging_mixin.py:120} INFO - [2024-06-11T21:31:35.479+0000] {dagbag.py:537} INFO - Filling up the DagBag from /home/airflow/.local/lib/python3.7/site-packages/airflow/example_dags/example_xcomargs.py
[2024-06-11T21:31:35.501+0000] {processor.py:766} INFO - DAG(s) dict_keys(['example_xcom_args', 'example_xcom_args_with_operators']) retrieved from /home/airflow/.local/lib/python3.7/site-packages/airflow/example_dags/example_xcomargs.py
[2024-06-11T21:31:35.539+0000] {logging_mixin.py:120} INFO - [2024-06-11T21:31:35.539+0000] {dag.py:2585} INFO - Sync 2 DAGs
[2024-06-11T21:31:35.563+0000] {logging_mixin.py:120} INFO - [2024-06-11T21:31:35.563+0000] {dag.py:3340} INFO - Setting next_dagrun for example_xcom_args to None, run_after=None
[2024-06-11T21:31:35.567+0000] {logging_mixin.py:120} INFO - [2024-06-11T21:31:35.567+0000] {dag.py:3340} INFO - Setting next_dagrun for example_xcom_args_with_operators to None, run_after=None
[2024-06-11T21:31:35.583+0000] {processor.py:176} INFO - Processing /home/airflow/.local/lib/python3.7/site-packages/airflow/example_dags/example_xcomargs.py took 0.108 seconds
[2024-06-11T21:32:05.964+0000] {processor.py:154} INFO - Started process (PID=3428) to work on /home/airflow/.local/lib/python3.7/site-packages/airflow/example_dags/example_xcomargs.py
[2024-06-11T21:32:05.965+0000] {processor.py:756} INFO - Processing file /home/airflow/.local/lib/python3.7/site-packages/airflow/example_dags/example_xcomargs.py for tasks to queue
[2024-06-11T21:32:05.966+0000] {logging_mixin.py:120} INFO - [2024-06-11T21:32:05.966+0000] {dagbag.py:537} INFO - Filling up the DagBag from /home/airflow/.local/lib/python3.7/site-packages/airflow/example_dags/example_xcomargs.py
[2024-06-11T21:32:05.988+0000] {processor.py:766} INFO - DAG(s) dict_keys(['example_xcom_args_with_operators', 'example_xcom_args']) retrieved from /home/airflow/.local/lib/python3.7/site-packages/airflow/example_dags/example_xcomargs.py
[2024-06-11T21:32:06.032+0000] {logging_mixin.py:120} INFO - [2024-06-11T21:32:06.032+0000] {dag.py:2585} INFO - Sync 2 DAGs
[2024-06-11T21:32:06.054+0000] {logging_mixin.py:120} INFO - [2024-06-11T21:32:06.053+0000] {dag.py:3340} INFO - Setting next_dagrun for example_xcom_args to None, run_after=None
[2024-06-11T21:32:06.057+0000] {logging_mixin.py:120} INFO - [2024-06-11T21:32:06.057+0000] {dag.py:3340} INFO - Setting next_dagrun for example_xcom_args_with_operators to None, run_after=None
[2024-06-11T21:32:06.070+0000] {processor.py:176} INFO - Processing /home/airflow/.local/lib/python3.7/site-packages/airflow/example_dags/example_xcomargs.py took 0.109 seconds
[2024-06-11T21:32:36.209+0000] {processor.py:154} INFO - Started process (PID=3482) to work on /home/airflow/.local/lib/python3.7/site-packages/airflow/example_dags/example_xcomargs.py
[2024-06-11T21:32:36.210+0000] {processor.py:756} INFO - Processing file /home/airflow/.local/lib/python3.7/site-packages/airflow/example_dags/example_xcomargs.py for tasks to queue
[2024-06-11T21:32:36.211+0000] {logging_mixin.py:120} INFO - [2024-06-11T21:32:36.211+0000] {dagbag.py:537} INFO - Filling up the DagBag from /home/airflow/.local/lib/python3.7/site-packages/airflow/example_dags/example_xcomargs.py
[2024-06-11T21:32:36.232+0000] {processor.py:766} INFO - DAG(s) dict_keys(['example_xcom_args_with_operators', 'example_xcom_args']) retrieved from /home/airflow/.local/lib/python3.7/site-packages/airflow/example_dags/example_xcomargs.py
[2024-06-11T21:32:36.268+0000] {logging_mixin.py:120} INFO - [2024-06-11T21:32:36.268+0000] {dag.py:2585} INFO - Sync 2 DAGs
[2024-06-11T21:32:36.290+0000] {logging_mixin.py:120} INFO - [2024-06-11T21:32:36.289+0000] {dag.py:3340} INFO - Setting next_dagrun for example_xcom_args to None, run_after=None
[2024-06-11T21:32:36.293+0000] {logging_mixin.py:120} INFO - [2024-06-11T21:32:36.293+0000] {dag.py:3340} INFO - Setting next_dagrun for example_xcom_args_with_operators to None, run_after=None
[2024-06-11T21:32:36.306+0000] {processor.py:176} INFO - Processing /home/airflow/.local/lib/python3.7/site-packages/airflow/example_dags/example_xcomargs.py took 0.100 seconds
[2024-06-11T21:33:06.448+0000] {processor.py:154} INFO - Started process (PID=3545) to work on /home/airflow/.local/lib/python3.7/site-packages/airflow/example_dags/example_xcomargs.py
[2024-06-11T21:33:06.449+0000] {processor.py:756} INFO - Processing file /home/airflow/.local/lib/python3.7/site-packages/airflow/example_dags/example_xcomargs.py for tasks to queue
[2024-06-11T21:33:06.450+0000] {logging_mixin.py:120} INFO - [2024-06-11T21:33:06.450+0000] {dagbag.py:537} INFO - Filling up the DagBag from /home/airflow/.local/lib/python3.7/site-packages/airflow/example_dags/example_xcomargs.py
[2024-06-11T21:33:06.470+0000] {processor.py:766} INFO - DAG(s) dict_keys(['example_xcom_args', 'example_xcom_args_with_operators']) retrieved from /home/airflow/.local/lib/python3.7/site-packages/airflow/example_dags/example_xcomargs.py
[2024-06-11T21:33:06.507+0000] {logging_mixin.py:120} INFO - [2024-06-11T21:33:06.507+0000] {dag.py:2585} INFO - Sync 2 DAGs
[2024-06-11T21:33:06.529+0000] {logging_mixin.py:120} INFO - [2024-06-11T21:33:06.529+0000] {dag.py:3340} INFO - Setting next_dagrun for example_xcom_args to None, run_after=None
[2024-06-11T21:33:06.533+0000] {logging_mixin.py:120} INFO - [2024-06-11T21:33:06.533+0000] {dag.py:3340} INFO - Setting next_dagrun for example_xcom_args_with_operators to None, run_after=None
[2024-06-11T21:33:06.548+0000] {processor.py:176} INFO - Processing /home/airflow/.local/lib/python3.7/site-packages/airflow/example_dags/example_xcomargs.py took 0.104 seconds
[2024-06-11T21:33:37.061+0000] {processor.py:154} INFO - Started process (PID=3608) to work on /home/airflow/.local/lib/python3.7/site-packages/airflow/example_dags/example_xcomargs.py
[2024-06-11T21:33:37.062+0000] {processor.py:756} INFO - Processing file /home/airflow/.local/lib/python3.7/site-packages/airflow/example_dags/example_xcomargs.py for tasks to queue
[2024-06-11T21:33:37.063+0000] {logging_mixin.py:120} INFO - [2024-06-11T21:33:37.063+0000] {dagbag.py:537} INFO - Filling up the DagBag from /home/airflow/.local/lib/python3.7/site-packages/airflow/example_dags/example_xcomargs.py
[2024-06-11T21:33:37.084+0000] {processor.py:766} INFO - DAG(s) dict_keys(['example_xcom_args', 'example_xcom_args_with_operators']) retrieved from /home/airflow/.local/lib/python3.7/site-packages/airflow/example_dags/example_xcomargs.py
[2024-06-11T21:33:37.122+0000] {logging_mixin.py:120} INFO - [2024-06-11T21:33:37.122+0000] {dag.py:2585} INFO - Sync 2 DAGs
[2024-06-11T21:33:37.145+0000] {logging_mixin.py:120} INFO - [2024-06-11T21:33:37.145+0000] {dag.py:3340} INFO - Setting next_dagrun for example_xcom_args to None, run_after=None
[2024-06-11T21:33:37.148+0000] {logging_mixin.py:120} INFO - [2024-06-11T21:33:37.148+0000] {dag.py:3340} INFO - Setting next_dagrun for example_xcom_args_with_operators to None, run_after=None
[2024-06-11T21:33:37.163+0000] {processor.py:176} INFO - Processing /home/airflow/.local/lib/python3.7/site-packages/airflow/example_dags/example_xcomargs.py took 0.106 seconds
[2024-06-11T21:35:19.452+0000] {processor.py:154} INFO - Started process (PID=59) to work on /home/airflow/.local/lib/python3.7/site-packages/airflow/example_dags/example_xcomargs.py
[2024-06-11T21:35:19.454+0000] {processor.py:756} INFO - Processing file /home/airflow/.local/lib/python3.7/site-packages/airflow/example_dags/example_xcomargs.py for tasks to queue
[2024-06-11T21:35:19.455+0000] {logging_mixin.py:120} INFO - [2024-06-11T21:35:19.455+0000] {dagbag.py:537} INFO - Filling up the DagBag from /home/airflow/.local/lib/python3.7/site-packages/airflow/example_dags/example_xcomargs.py
[2024-06-11T21:35:19.498+0000] {processor.py:766} INFO - DAG(s) dict_keys(['example_xcom_args_with_operators', 'example_xcom_args']) retrieved from /home/airflow/.local/lib/python3.7/site-packages/airflow/example_dags/example_xcomargs.py
[2024-06-11T21:35:19.546+0000] {logging_mixin.py:120} INFO - [2024-06-11T21:35:19.546+0000] {dag.py:2585} INFO - Sync 2 DAGs
[2024-06-11T21:35:19.577+0000] {logging_mixin.py:120} INFO - [2024-06-11T21:35:19.577+0000] {dag.py:3340} INFO - Setting next_dagrun for example_xcom_args to None, run_after=None
[2024-06-11T21:35:19.581+0000] {logging_mixin.py:120} INFO - [2024-06-11T21:35:19.581+0000] {dag.py:3340} INFO - Setting next_dagrun for example_xcom_args_with_operators to None, run_after=None
[2024-06-11T21:35:19.599+0000] {processor.py:176} INFO - Processing /home/airflow/.local/lib/python3.7/site-packages/airflow/example_dags/example_xcomargs.py took 0.154 seconds
