[2024-06-11T13:03:40.223+0000] {processor.py:154} INFO - Started process (PID=58) to work on /home/airflow/.local/lib/python3.7/site-packages/airflow/example_dags/example_trigger_target_dag.py
[2024-06-11T13:03:40.225+0000] {processor.py:756} INFO - Processing file /home/airflow/.local/lib/python3.7/site-packages/airflow/example_dags/example_trigger_target_dag.py for tasks to queue
[2024-06-11T13:03:40.226+0000] {logging_mixin.py:120} INFO - [2024-06-11T13:03:40.226+0000] {dagbag.py:537} INFO - Filling up the DagBag from /home/airflow/.local/lib/python3.7/site-packages/airflow/example_dags/example_trigger_target_dag.py
[2024-06-11T13:03:40.264+0000] {processor.py:766} INFO - DAG(s) dict_keys(['example_trigger_target_dag']) retrieved from /home/airflow/.local/lib/python3.7/site-packages/airflow/example_dags/example_trigger_target_dag.py
[2024-06-11T13:03:40.319+0000] {logging_mixin.py:120} INFO - [2024-06-11T13:03:40.319+0000] {dag.py:2585} INFO - Sync 1 DAGs
[2024-06-11T13:03:40.368+0000] {logging_mixin.py:120} INFO - [2024-06-11T13:03:40.368+0000] {dag.py:3340} INFO - Setting next_dagrun for example_trigger_target_dag to None, run_after=None
[2024-06-11T13:03:40.407+0000] {processor.py:176} INFO - Processing /home/airflow/.local/lib/python3.7/site-packages/airflow/example_dags/example_trigger_target_dag.py took 0.189 seconds
[2024-06-11T18:16:15.872+0000] {processor.py:154} INFO - Started process (PID=66) to work on /home/airflow/.local/lib/python3.7/site-packages/airflow/example_dags/example_trigger_target_dag.py
[2024-06-11T18:16:15.875+0000] {processor.py:756} INFO - Processing file /home/airflow/.local/lib/python3.7/site-packages/airflow/example_dags/example_trigger_target_dag.py for tasks to queue
[2024-06-11T18:16:15.877+0000] {logging_mixin.py:120} INFO - [2024-06-11T18:16:15.876+0000] {dagbag.py:537} INFO - Filling up the DagBag from /home/airflow/.local/lib/python3.7/site-packages/airflow/example_dags/example_trigger_target_dag.py
[2024-06-11T18:16:15.937+0000] {processor.py:766} INFO - DAG(s) dict_keys(['example_trigger_target_dag']) retrieved from /home/airflow/.local/lib/python3.7/site-packages/airflow/example_dags/example_trigger_target_dag.py
[2024-06-11T18:16:16.012+0000] {logging_mixin.py:120} INFO - [2024-06-11T18:16:16.011+0000] {dag.py:2585} INFO - Sync 1 DAGs
[2024-06-11T18:16:16.058+0000] {logging_mixin.py:120} INFO - [2024-06-11T18:16:16.058+0000] {dag.py:3340} INFO - Setting next_dagrun for example_trigger_target_dag to None, run_after=None
[2024-06-11T18:16:16.093+0000] {processor.py:176} INFO - Processing /home/airflow/.local/lib/python3.7/site-packages/airflow/example_dags/example_trigger_target_dag.py took 0.233 seconds
[2024-06-11T18:16:46.175+0000] {processor.py:154} INFO - Started process (PID=120) to work on /home/airflow/.local/lib/python3.7/site-packages/airflow/example_dags/example_trigger_target_dag.py
[2024-06-11T18:16:46.176+0000] {processor.py:756} INFO - Processing file /home/airflow/.local/lib/python3.7/site-packages/airflow/example_dags/example_trigger_target_dag.py for tasks to queue
[2024-06-11T18:16:46.177+0000] {logging_mixin.py:120} INFO - [2024-06-11T18:16:46.177+0000] {dagbag.py:537} INFO - Filling up the DagBag from /home/airflow/.local/lib/python3.7/site-packages/airflow/example_dags/example_trigger_target_dag.py
[2024-06-11T18:16:46.195+0000] {processor.py:766} INFO - DAG(s) dict_keys(['example_trigger_target_dag']) retrieved from /home/airflow/.local/lib/python3.7/site-packages/airflow/example_dags/example_trigger_target_dag.py
[2024-06-11T18:16:46.231+0000] {logging_mixin.py:120} INFO - [2024-06-11T18:16:46.231+0000] {dag.py:2585} INFO - Sync 1 DAGs
[2024-06-11T18:16:46.253+0000] {logging_mixin.py:120} INFO - [2024-06-11T18:16:46.253+0000] {dag.py:3340} INFO - Setting next_dagrun for example_trigger_target_dag to None, run_after=None
[2024-06-11T18:16:46.269+0000] {processor.py:176} INFO - Processing /home/airflow/.local/lib/python3.7/site-packages/airflow/example_dags/example_trigger_target_dag.py took 0.097 seconds
[2024-06-11T18:17:16.908+0000] {processor.py:154} INFO - Started process (PID=184) to work on /home/airflow/.local/lib/python3.7/site-packages/airflow/example_dags/example_trigger_target_dag.py
[2024-06-11T18:17:16.909+0000] {processor.py:756} INFO - Processing file /home/airflow/.local/lib/python3.7/site-packages/airflow/example_dags/example_trigger_target_dag.py for tasks to queue
[2024-06-11T18:17:16.910+0000] {logging_mixin.py:120} INFO - [2024-06-11T18:17:16.910+0000] {dagbag.py:537} INFO - Filling up the DagBag from /home/airflow/.local/lib/python3.7/site-packages/airflow/example_dags/example_trigger_target_dag.py
[2024-06-11T18:17:16.928+0000] {processor.py:766} INFO - DAG(s) dict_keys(['example_trigger_target_dag']) retrieved from /home/airflow/.local/lib/python3.7/site-packages/airflow/example_dags/example_trigger_target_dag.py
[2024-06-11T18:17:16.961+0000] {logging_mixin.py:120} INFO - [2024-06-11T18:17:16.960+0000] {dag.py:2585} INFO - Sync 1 DAGs
[2024-06-11T18:17:16.981+0000] {logging_mixin.py:120} INFO - [2024-06-11T18:17:16.981+0000] {dag.py:3340} INFO - Setting next_dagrun for example_trigger_target_dag to None, run_after=None
[2024-06-11T18:17:16.996+0000] {processor.py:176} INFO - Processing /home/airflow/.local/lib/python3.7/site-packages/airflow/example_dags/example_trigger_target_dag.py took 0.091 seconds
[2024-06-11T18:33:54.209+0000] {processor.py:154} INFO - Started process (PID=229) to work on /home/airflow/.local/lib/python3.7/site-packages/airflow/example_dags/example_trigger_target_dag.py
[2024-06-11T18:33:54.210+0000] {processor.py:756} INFO - Processing file /home/airflow/.local/lib/python3.7/site-packages/airflow/example_dags/example_trigger_target_dag.py for tasks to queue
[2024-06-11T18:33:54.211+0000] {logging_mixin.py:120} INFO - [2024-06-11T18:33:54.211+0000] {dagbag.py:537} INFO - Filling up the DagBag from /home/airflow/.local/lib/python3.7/site-packages/airflow/example_dags/example_trigger_target_dag.py
[2024-06-11T18:33:54.234+0000] {processor.py:766} INFO - DAG(s) dict_keys(['example_trigger_target_dag']) retrieved from /home/airflow/.local/lib/python3.7/site-packages/airflow/example_dags/example_trigger_target_dag.py
[2024-06-11T18:33:54.274+0000] {logging_mixin.py:120} INFO - [2024-06-11T18:33:54.274+0000] {dag.py:2585} INFO - Sync 1 DAGs
[2024-06-11T18:33:54.300+0000] {logging_mixin.py:120} INFO - [2024-06-11T18:33:54.299+0000] {dag.py:3340} INFO - Setting next_dagrun for example_trigger_target_dag to None, run_after=None
[2024-06-11T18:33:54.325+0000] {processor.py:176} INFO - Processing /home/airflow/.local/lib/python3.7/site-packages/airflow/example_dags/example_trigger_target_dag.py took 0.121 seconds
[2024-06-11T18:34:24.522+0000] {processor.py:154} INFO - Started process (PID=292) to work on /home/airflow/.local/lib/python3.7/site-packages/airflow/example_dags/example_trigger_target_dag.py
[2024-06-11T18:34:24.523+0000] {processor.py:756} INFO - Processing file /home/airflow/.local/lib/python3.7/site-packages/airflow/example_dags/example_trigger_target_dag.py for tasks to queue
[2024-06-11T18:34:24.524+0000] {logging_mixin.py:120} INFO - [2024-06-11T18:34:24.524+0000] {dagbag.py:537} INFO - Filling up the DagBag from /home/airflow/.local/lib/python3.7/site-packages/airflow/example_dags/example_trigger_target_dag.py
[2024-06-11T18:34:24.542+0000] {processor.py:766} INFO - DAG(s) dict_keys(['example_trigger_target_dag']) retrieved from /home/airflow/.local/lib/python3.7/site-packages/airflow/example_dags/example_trigger_target_dag.py
[2024-06-11T18:34:24.575+0000] {logging_mixin.py:120} INFO - [2024-06-11T18:34:24.575+0000] {dag.py:2585} INFO - Sync 1 DAGs
[2024-06-11T18:34:24.603+0000] {logging_mixin.py:120} INFO - [2024-06-11T18:34:24.603+0000] {dag.py:3340} INFO - Setting next_dagrun for example_trigger_target_dag to None, run_after=None
[2024-06-11T18:34:24.620+0000] {processor.py:176} INFO - Processing /home/airflow/.local/lib/python3.7/site-packages/airflow/example_dags/example_trigger_target_dag.py took 0.101 seconds
[2024-06-11T18:34:54.855+0000] {processor.py:154} INFO - Started process (PID=355) to work on /home/airflow/.local/lib/python3.7/site-packages/airflow/example_dags/example_trigger_target_dag.py
[2024-06-11T18:34:54.856+0000] {processor.py:756} INFO - Processing file /home/airflow/.local/lib/python3.7/site-packages/airflow/example_dags/example_trigger_target_dag.py for tasks to queue
[2024-06-11T18:34:54.857+0000] {logging_mixin.py:120} INFO - [2024-06-11T18:34:54.856+0000] {dagbag.py:537} INFO - Filling up the DagBag from /home/airflow/.local/lib/python3.7/site-packages/airflow/example_dags/example_trigger_target_dag.py
[2024-06-11T18:34:54.874+0000] {processor.py:766} INFO - DAG(s) dict_keys(['example_trigger_target_dag']) retrieved from /home/airflow/.local/lib/python3.7/site-packages/airflow/example_dags/example_trigger_target_dag.py
[2024-06-11T18:34:54.907+0000] {logging_mixin.py:120} INFO - [2024-06-11T18:34:54.907+0000] {dag.py:2585} INFO - Sync 1 DAGs
[2024-06-11T18:34:54.928+0000] {logging_mixin.py:120} INFO - [2024-06-11T18:34:54.927+0000] {dag.py:3340} INFO - Setting next_dagrun for example_trigger_target_dag to None, run_after=None
[2024-06-11T18:34:54.944+0000] {processor.py:176} INFO - Processing /home/airflow/.local/lib/python3.7/site-packages/airflow/example_dags/example_trigger_target_dag.py took 0.092 seconds
[2024-06-11T18:35:25.108+0000] {processor.py:154} INFO - Started process (PID=418) to work on /home/airflow/.local/lib/python3.7/site-packages/airflow/example_dags/example_trigger_target_dag.py
[2024-06-11T18:35:25.109+0000] {processor.py:756} INFO - Processing file /home/airflow/.local/lib/python3.7/site-packages/airflow/example_dags/example_trigger_target_dag.py for tasks to queue
[2024-06-11T18:35:25.110+0000] {logging_mixin.py:120} INFO - [2024-06-11T18:35:25.110+0000] {dagbag.py:537} INFO - Filling up the DagBag from /home/airflow/.local/lib/python3.7/site-packages/airflow/example_dags/example_trigger_target_dag.py
[2024-06-11T18:35:25.128+0000] {processor.py:766} INFO - DAG(s) dict_keys(['example_trigger_target_dag']) retrieved from /home/airflow/.local/lib/python3.7/site-packages/airflow/example_dags/example_trigger_target_dag.py
[2024-06-11T18:35:25.166+0000] {logging_mixin.py:120} INFO - [2024-06-11T18:35:25.166+0000] {dag.py:2585} INFO - Sync 1 DAGs
[2024-06-11T18:35:25.190+0000] {logging_mixin.py:120} INFO - [2024-06-11T18:35:25.190+0000] {dag.py:3340} INFO - Setting next_dagrun for example_trigger_target_dag to None, run_after=None
[2024-06-11T18:35:25.218+0000] {processor.py:176} INFO - Processing /home/airflow/.local/lib/python3.7/site-packages/airflow/example_dags/example_trigger_target_dag.py took 0.113 seconds
[2024-06-11T18:53:03.614+0000] {processor.py:154} INFO - Started process (PID=472) to work on /home/airflow/.local/lib/python3.7/site-packages/airflow/example_dags/example_trigger_target_dag.py
[2024-06-11T18:53:03.615+0000] {processor.py:756} INFO - Processing file /home/airflow/.local/lib/python3.7/site-packages/airflow/example_dags/example_trigger_target_dag.py for tasks to queue
[2024-06-11T18:53:03.617+0000] {logging_mixin.py:120} INFO - [2024-06-11T18:53:03.616+0000] {dagbag.py:537} INFO - Filling up the DagBag from /home/airflow/.local/lib/python3.7/site-packages/airflow/example_dags/example_trigger_target_dag.py
[2024-06-11T18:53:03.643+0000] {processor.py:766} INFO - DAG(s) dict_keys(['example_trigger_target_dag']) retrieved from /home/airflow/.local/lib/python3.7/site-packages/airflow/example_dags/example_trigger_target_dag.py
[2024-06-11T18:53:03.687+0000] {logging_mixin.py:120} INFO - [2024-06-11T18:53:03.687+0000] {dag.py:2585} INFO - Sync 1 DAGs
[2024-06-11T18:53:03.712+0000] {logging_mixin.py:120} INFO - [2024-06-11T18:53:03.712+0000] {dag.py:3340} INFO - Setting next_dagrun for example_trigger_target_dag to None, run_after=None
[2024-06-11T18:53:03.732+0000] {processor.py:176} INFO - Processing /home/airflow/.local/lib/python3.7/site-packages/airflow/example_dags/example_trigger_target_dag.py took 0.122 seconds
[2024-06-11T18:53:34.625+0000] {processor.py:154} INFO - Started process (PID=535) to work on /home/airflow/.local/lib/python3.7/site-packages/airflow/example_dags/example_trigger_target_dag.py
[2024-06-11T18:53:34.626+0000] {processor.py:756} INFO - Processing file /home/airflow/.local/lib/python3.7/site-packages/airflow/example_dags/example_trigger_target_dag.py for tasks to queue
[2024-06-11T18:53:34.627+0000] {logging_mixin.py:120} INFO - [2024-06-11T18:53:34.626+0000] {dagbag.py:537} INFO - Filling up the DagBag from /home/airflow/.local/lib/python3.7/site-packages/airflow/example_dags/example_trigger_target_dag.py
[2024-06-11T18:53:34.644+0000] {processor.py:766} INFO - DAG(s) dict_keys(['example_trigger_target_dag']) retrieved from /home/airflow/.local/lib/python3.7/site-packages/airflow/example_dags/example_trigger_target_dag.py
[2024-06-11T18:53:34.676+0000] {logging_mixin.py:120} INFO - [2024-06-11T18:53:34.676+0000] {dag.py:2585} INFO - Sync 1 DAGs
[2024-06-11T18:53:34.697+0000] {logging_mixin.py:120} INFO - [2024-06-11T18:53:34.697+0000] {dag.py:3340} INFO - Setting next_dagrun for example_trigger_target_dag to None, run_after=None
[2024-06-11T18:53:34.712+0000] {processor.py:176} INFO - Processing /home/airflow/.local/lib/python3.7/site-packages/airflow/example_dags/example_trigger_target_dag.py took 0.091 seconds
[2024-06-11T18:54:04.867+0000] {processor.py:154} INFO - Started process (PID=598) to work on /home/airflow/.local/lib/python3.7/site-packages/airflow/example_dags/example_trigger_target_dag.py
[2024-06-11T18:54:04.868+0000] {processor.py:756} INFO - Processing file /home/airflow/.local/lib/python3.7/site-packages/airflow/example_dags/example_trigger_target_dag.py for tasks to queue
[2024-06-11T18:54:04.869+0000] {logging_mixin.py:120} INFO - [2024-06-11T18:54:04.869+0000] {dagbag.py:537} INFO - Filling up the DagBag from /home/airflow/.local/lib/python3.7/site-packages/airflow/example_dags/example_trigger_target_dag.py
[2024-06-11T18:54:04.886+0000] {processor.py:766} INFO - DAG(s) dict_keys(['example_trigger_target_dag']) retrieved from /home/airflow/.local/lib/python3.7/site-packages/airflow/example_dags/example_trigger_target_dag.py
[2024-06-11T18:54:04.920+0000] {logging_mixin.py:120} INFO - [2024-06-11T18:54:04.920+0000] {dag.py:2585} INFO - Sync 1 DAGs
[2024-06-11T18:54:04.942+0000] {logging_mixin.py:120} INFO - [2024-06-11T18:54:04.942+0000] {dag.py:3340} INFO - Setting next_dagrun for example_trigger_target_dag to None, run_after=None
[2024-06-11T18:54:04.956+0000] {processor.py:176} INFO - Processing /home/airflow/.local/lib/python3.7/site-packages/airflow/example_dags/example_trigger_target_dag.py took 0.092 seconds
[2024-06-11T18:54:35.183+0000] {processor.py:154} INFO - Started process (PID=661) to work on /home/airflow/.local/lib/python3.7/site-packages/airflow/example_dags/example_trigger_target_dag.py
[2024-06-11T18:54:35.184+0000] {processor.py:756} INFO - Processing file /home/airflow/.local/lib/python3.7/site-packages/airflow/example_dags/example_trigger_target_dag.py for tasks to queue
[2024-06-11T18:54:35.184+0000] {logging_mixin.py:120} INFO - [2024-06-11T18:54:35.184+0000] {dagbag.py:537} INFO - Filling up the DagBag from /home/airflow/.local/lib/python3.7/site-packages/airflow/example_dags/example_trigger_target_dag.py
[2024-06-11T18:54:35.203+0000] {processor.py:766} INFO - DAG(s) dict_keys(['example_trigger_target_dag']) retrieved from /home/airflow/.local/lib/python3.7/site-packages/airflow/example_dags/example_trigger_target_dag.py
[2024-06-11T18:54:35.237+0000] {logging_mixin.py:120} INFO - [2024-06-11T18:54:35.237+0000] {dag.py:2585} INFO - Sync 1 DAGs
[2024-06-11T18:54:35.258+0000] {logging_mixin.py:120} INFO - [2024-06-11T18:54:35.258+0000] {dag.py:3340} INFO - Setting next_dagrun for example_trigger_target_dag to None, run_after=None
[2024-06-11T18:54:35.272+0000] {processor.py:176} INFO - Processing /home/airflow/.local/lib/python3.7/site-packages/airflow/example_dags/example_trigger_target_dag.py took 0.093 seconds
[2024-06-11T18:55:05.543+0000] {processor.py:154} INFO - Started process (PID=715) to work on /home/airflow/.local/lib/python3.7/site-packages/airflow/example_dags/example_trigger_target_dag.py
[2024-06-11T18:55:05.544+0000] {processor.py:756} INFO - Processing file /home/airflow/.local/lib/python3.7/site-packages/airflow/example_dags/example_trigger_target_dag.py for tasks to queue
[2024-06-11T18:55:05.545+0000] {logging_mixin.py:120} INFO - [2024-06-11T18:55:05.544+0000] {dagbag.py:537} INFO - Filling up the DagBag from /home/airflow/.local/lib/python3.7/site-packages/airflow/example_dags/example_trigger_target_dag.py
[2024-06-11T18:55:05.563+0000] {processor.py:766} INFO - DAG(s) dict_keys(['example_trigger_target_dag']) retrieved from /home/airflow/.local/lib/python3.7/site-packages/airflow/example_dags/example_trigger_target_dag.py
[2024-06-11T18:55:05.600+0000] {logging_mixin.py:120} INFO - [2024-06-11T18:55:05.600+0000] {dag.py:2585} INFO - Sync 1 DAGs
[2024-06-11T18:55:05.623+0000] {logging_mixin.py:120} INFO - [2024-06-11T18:55:05.623+0000] {dag.py:3340} INFO - Setting next_dagrun for example_trigger_target_dag to None, run_after=None
[2024-06-11T18:55:05.640+0000] {processor.py:176} INFO - Processing /home/airflow/.local/lib/python3.7/site-packages/airflow/example_dags/example_trigger_target_dag.py took 0.100 seconds
[2024-06-11T19:13:09.429+0000] {processor.py:154} INFO - Started process (PID=778) to work on /home/airflow/.local/lib/python3.7/site-packages/airflow/example_dags/example_trigger_target_dag.py
[2024-06-11T19:13:09.430+0000] {processor.py:756} INFO - Processing file /home/airflow/.local/lib/python3.7/site-packages/airflow/example_dags/example_trigger_target_dag.py for tasks to queue
[2024-06-11T19:13:09.433+0000] {logging_mixin.py:120} INFO - [2024-06-11T19:13:09.432+0000] {dagbag.py:537} INFO - Filling up the DagBag from /home/airflow/.local/lib/python3.7/site-packages/airflow/example_dags/example_trigger_target_dag.py
[2024-06-11T19:13:09.459+0000] {processor.py:766} INFO - DAG(s) dict_keys(['example_trigger_target_dag']) retrieved from /home/airflow/.local/lib/python3.7/site-packages/airflow/example_dags/example_trigger_target_dag.py
[2024-06-11T19:13:09.501+0000] {logging_mixin.py:120} INFO - [2024-06-11T19:13:09.500+0000] {dag.py:2585} INFO - Sync 1 DAGs
[2024-06-11T19:13:09.532+0000] {logging_mixin.py:120} INFO - [2024-06-11T19:13:09.532+0000] {dag.py:3340} INFO - Setting next_dagrun for example_trigger_target_dag to None, run_after=None
[2024-06-11T19:13:09.554+0000] {processor.py:176} INFO - Processing /home/airflow/.local/lib/python3.7/site-packages/airflow/example_dags/example_trigger_target_dag.py took 0.130 seconds
[2024-06-11T19:13:39.660+0000] {processor.py:154} INFO - Started process (PID=841) to work on /home/airflow/.local/lib/python3.7/site-packages/airflow/example_dags/example_trigger_target_dag.py
[2024-06-11T19:13:39.662+0000] {processor.py:756} INFO - Processing file /home/airflow/.local/lib/python3.7/site-packages/airflow/example_dags/example_trigger_target_dag.py for tasks to queue
[2024-06-11T19:13:39.664+0000] {logging_mixin.py:120} INFO - [2024-06-11T19:13:39.664+0000] {dagbag.py:537} INFO - Filling up the DagBag from /home/airflow/.local/lib/python3.7/site-packages/airflow/example_dags/example_trigger_target_dag.py
[2024-06-11T19:13:39.684+0000] {processor.py:766} INFO - DAG(s) dict_keys(['example_trigger_target_dag']) retrieved from /home/airflow/.local/lib/python3.7/site-packages/airflow/example_dags/example_trigger_target_dag.py
[2024-06-11T19:13:39.720+0000] {logging_mixin.py:120} INFO - [2024-06-11T19:13:39.720+0000] {dag.py:2585} INFO - Sync 1 DAGs
[2024-06-11T19:13:39.742+0000] {logging_mixin.py:120} INFO - [2024-06-11T19:13:39.742+0000] {dag.py:3340} INFO - Setting next_dagrun for example_trigger_target_dag to None, run_after=None
[2024-06-11T19:13:39.758+0000] {processor.py:176} INFO - Processing /home/airflow/.local/lib/python3.7/site-packages/airflow/example_dags/example_trigger_target_dag.py took 0.102 seconds
[2024-06-11T19:14:10.003+0000] {processor.py:154} INFO - Started process (PID=895) to work on /home/airflow/.local/lib/python3.7/site-packages/airflow/example_dags/example_trigger_target_dag.py
[2024-06-11T19:14:10.004+0000] {processor.py:756} INFO - Processing file /home/airflow/.local/lib/python3.7/site-packages/airflow/example_dags/example_trigger_target_dag.py for tasks to queue
[2024-06-11T19:14:10.005+0000] {logging_mixin.py:120} INFO - [2024-06-11T19:14:10.005+0000] {dagbag.py:537} INFO - Filling up the DagBag from /home/airflow/.local/lib/python3.7/site-packages/airflow/example_dags/example_trigger_target_dag.py
[2024-06-11T19:14:10.025+0000] {processor.py:766} INFO - DAG(s) dict_keys(['example_trigger_target_dag']) retrieved from /home/airflow/.local/lib/python3.7/site-packages/airflow/example_dags/example_trigger_target_dag.py
[2024-06-11T19:14:10.063+0000] {logging_mixin.py:120} INFO - [2024-06-11T19:14:10.063+0000] {dag.py:2585} INFO - Sync 1 DAGs
[2024-06-11T19:14:10.084+0000] {logging_mixin.py:120} INFO - [2024-06-11T19:14:10.084+0000] {dag.py:3340} INFO - Setting next_dagrun for example_trigger_target_dag to None, run_after=None
[2024-06-11T19:14:10.101+0000] {processor.py:176} INFO - Processing /home/airflow/.local/lib/python3.7/site-packages/airflow/example_dags/example_trigger_target_dag.py took 0.100 seconds
[2024-06-11T19:14:40.364+0000] {processor.py:154} INFO - Started process (PID=958) to work on /home/airflow/.local/lib/python3.7/site-packages/airflow/example_dags/example_trigger_target_dag.py
[2024-06-11T19:14:40.365+0000] {processor.py:756} INFO - Processing file /home/airflow/.local/lib/python3.7/site-packages/airflow/example_dags/example_trigger_target_dag.py for tasks to queue
[2024-06-11T19:14:40.366+0000] {logging_mixin.py:120} INFO - [2024-06-11T19:14:40.366+0000] {dagbag.py:537} INFO - Filling up the DagBag from /home/airflow/.local/lib/python3.7/site-packages/airflow/example_dags/example_trigger_target_dag.py
[2024-06-11T19:14:40.385+0000] {processor.py:766} INFO - DAG(s) dict_keys(['example_trigger_target_dag']) retrieved from /home/airflow/.local/lib/python3.7/site-packages/airflow/example_dags/example_trigger_target_dag.py
[2024-06-11T19:14:40.419+0000] {logging_mixin.py:120} INFO - [2024-06-11T19:14:40.419+0000] {dag.py:2585} INFO - Sync 1 DAGs
[2024-06-11T19:14:40.440+0000] {logging_mixin.py:120} INFO - [2024-06-11T19:14:40.440+0000] {dag.py:3340} INFO - Setting next_dagrun for example_trigger_target_dag to None, run_after=None
[2024-06-11T19:14:40.456+0000] {processor.py:176} INFO - Processing /home/airflow/.local/lib/python3.7/site-packages/airflow/example_dags/example_trigger_target_dag.py took 0.095 seconds
[2024-06-11T19:31:48.539+0000] {processor.py:154} INFO - Started process (PID=1021) to work on /home/airflow/.local/lib/python3.7/site-packages/airflow/example_dags/example_trigger_target_dag.py
[2024-06-11T19:31:48.541+0000] {processor.py:756} INFO - Processing file /home/airflow/.local/lib/python3.7/site-packages/airflow/example_dags/example_trigger_target_dag.py for tasks to queue
[2024-06-11T19:31:48.542+0000] {logging_mixin.py:120} INFO - [2024-06-11T19:31:48.541+0000] {dagbag.py:537} INFO - Filling up the DagBag from /home/airflow/.local/lib/python3.7/site-packages/airflow/example_dags/example_trigger_target_dag.py
[2024-06-11T19:31:48.595+0000] {processor.py:766} INFO - DAG(s) dict_keys(['example_trigger_target_dag']) retrieved from /home/airflow/.local/lib/python3.7/site-packages/airflow/example_dags/example_trigger_target_dag.py
[2024-06-11T19:31:48.706+0000] {logging_mixin.py:120} INFO - [2024-06-11T19:31:48.705+0000] {dag.py:2585} INFO - Sync 1 DAGs
[2024-06-11T19:31:48.736+0000] {logging_mixin.py:120} INFO - [2024-06-11T19:31:48.735+0000] {dag.py:3340} INFO - Setting next_dagrun for example_trigger_target_dag to None, run_after=None
[2024-06-11T19:31:48.760+0000] {processor.py:176} INFO - Processing /home/airflow/.local/lib/python3.7/site-packages/airflow/example_dags/example_trigger_target_dag.py took 0.224 seconds
[2024-06-11T19:32:18.837+0000] {processor.py:154} INFO - Started process (PID=1075) to work on /home/airflow/.local/lib/python3.7/site-packages/airflow/example_dags/example_trigger_target_dag.py
[2024-06-11T19:32:18.839+0000] {processor.py:756} INFO - Processing file /home/airflow/.local/lib/python3.7/site-packages/airflow/example_dags/example_trigger_target_dag.py for tasks to queue
[2024-06-11T19:32:18.839+0000] {logging_mixin.py:120} INFO - [2024-06-11T19:32:18.839+0000] {dagbag.py:537} INFO - Filling up the DagBag from /home/airflow/.local/lib/python3.7/site-packages/airflow/example_dags/example_trigger_target_dag.py
[2024-06-11T19:32:18.857+0000] {processor.py:766} INFO - DAG(s) dict_keys(['example_trigger_target_dag']) retrieved from /home/airflow/.local/lib/python3.7/site-packages/airflow/example_dags/example_trigger_target_dag.py
[2024-06-11T19:32:18.894+0000] {logging_mixin.py:120} INFO - [2024-06-11T19:32:18.893+0000] {dag.py:2585} INFO - Sync 1 DAGs
[2024-06-11T19:32:18.916+0000] {logging_mixin.py:120} INFO - [2024-06-11T19:32:18.916+0000] {dag.py:3340} INFO - Setting next_dagrun for example_trigger_target_dag to None, run_after=None
[2024-06-11T19:32:18.931+0000] {processor.py:176} INFO - Processing /home/airflow/.local/lib/python3.7/site-packages/airflow/example_dags/example_trigger_target_dag.py took 0.098 seconds
[2024-06-11T19:32:49.918+0000] {processor.py:154} INFO - Started process (PID=1138) to work on /home/airflow/.local/lib/python3.7/site-packages/airflow/example_dags/example_trigger_target_dag.py
[2024-06-11T19:32:49.919+0000] {processor.py:756} INFO - Processing file /home/airflow/.local/lib/python3.7/site-packages/airflow/example_dags/example_trigger_target_dag.py for tasks to queue
[2024-06-11T19:32:49.919+0000] {logging_mixin.py:120} INFO - [2024-06-11T19:32:49.919+0000] {dagbag.py:537} INFO - Filling up the DagBag from /home/airflow/.local/lib/python3.7/site-packages/airflow/example_dags/example_trigger_target_dag.py
[2024-06-11T19:32:49.941+0000] {processor.py:766} INFO - DAG(s) dict_keys(['example_trigger_target_dag']) retrieved from /home/airflow/.local/lib/python3.7/site-packages/airflow/example_dags/example_trigger_target_dag.py
[2024-06-11T19:32:49.976+0000] {logging_mixin.py:120} INFO - [2024-06-11T19:32:49.975+0000] {dag.py:2585} INFO - Sync 1 DAGs
[2024-06-11T19:32:49.998+0000] {logging_mixin.py:120} INFO - [2024-06-11T19:32:49.997+0000] {dag.py:3340} INFO - Setting next_dagrun for example_trigger_target_dag to None, run_after=None
[2024-06-11T19:32:50.013+0000] {processor.py:176} INFO - Processing /home/airflow/.local/lib/python3.7/site-packages/airflow/example_dags/example_trigger_target_dag.py took 0.099 seconds
[2024-06-11T19:33:20.307+0000] {processor.py:154} INFO - Started process (PID=1201) to work on /home/airflow/.local/lib/python3.7/site-packages/airflow/example_dags/example_trigger_target_dag.py
[2024-06-11T19:33:20.308+0000] {processor.py:756} INFO - Processing file /home/airflow/.local/lib/python3.7/site-packages/airflow/example_dags/example_trigger_target_dag.py for tasks to queue
[2024-06-11T19:33:20.309+0000] {logging_mixin.py:120} INFO - [2024-06-11T19:33:20.309+0000] {dagbag.py:537} INFO - Filling up the DagBag from /home/airflow/.local/lib/python3.7/site-packages/airflow/example_dags/example_trigger_target_dag.py
[2024-06-11T19:33:20.328+0000] {processor.py:766} INFO - DAG(s) dict_keys(['example_trigger_target_dag']) retrieved from /home/airflow/.local/lib/python3.7/site-packages/airflow/example_dags/example_trigger_target_dag.py
[2024-06-11T19:33:20.362+0000] {logging_mixin.py:120} INFO - [2024-06-11T19:33:20.362+0000] {dag.py:2585} INFO - Sync 1 DAGs
[2024-06-11T19:33:20.384+0000] {logging_mixin.py:120} INFO - [2024-06-11T19:33:20.384+0000] {dag.py:3340} INFO - Setting next_dagrun for example_trigger_target_dag to None, run_after=None
[2024-06-11T19:33:20.401+0000] {processor.py:176} INFO - Processing /home/airflow/.local/lib/python3.7/site-packages/airflow/example_dags/example_trigger_target_dag.py took 0.097 seconds
[2024-06-11T19:49:38.107+0000] {processor.py:154} INFO - Started process (PID=1255) to work on /home/airflow/.local/lib/python3.7/site-packages/airflow/example_dags/example_trigger_target_dag.py
[2024-06-11T19:49:38.108+0000] {processor.py:756} INFO - Processing file /home/airflow/.local/lib/python3.7/site-packages/airflow/example_dags/example_trigger_target_dag.py for tasks to queue
[2024-06-11T19:49:38.109+0000] {logging_mixin.py:120} INFO - [2024-06-11T19:49:38.109+0000] {dagbag.py:537} INFO - Filling up the DagBag from /home/airflow/.local/lib/python3.7/site-packages/airflow/example_dags/example_trigger_target_dag.py
[2024-06-11T19:49:38.130+0000] {processor.py:766} INFO - DAG(s) dict_keys(['example_trigger_target_dag']) retrieved from /home/airflow/.local/lib/python3.7/site-packages/airflow/example_dags/example_trigger_target_dag.py
[2024-06-11T19:49:38.172+0000] {logging_mixin.py:120} INFO - [2024-06-11T19:49:38.172+0000] {dag.py:2585} INFO - Sync 1 DAGs
[2024-06-11T19:49:38.198+0000] {logging_mixin.py:120} INFO - [2024-06-11T19:49:38.198+0000] {dag.py:3340} INFO - Setting next_dagrun for example_trigger_target_dag to None, run_after=None
[2024-06-11T19:49:38.220+0000] {processor.py:176} INFO - Processing /home/airflow/.local/lib/python3.7/site-packages/airflow/example_dags/example_trigger_target_dag.py took 0.116 seconds
[2024-06-11T19:50:08.599+0000] {processor.py:154} INFO - Started process (PID=1318) to work on /home/airflow/.local/lib/python3.7/site-packages/airflow/example_dags/example_trigger_target_dag.py
[2024-06-11T19:50:08.600+0000] {processor.py:756} INFO - Processing file /home/airflow/.local/lib/python3.7/site-packages/airflow/example_dags/example_trigger_target_dag.py for tasks to queue
[2024-06-11T19:50:08.601+0000] {logging_mixin.py:120} INFO - [2024-06-11T19:50:08.601+0000] {dagbag.py:537} INFO - Filling up the DagBag from /home/airflow/.local/lib/python3.7/site-packages/airflow/example_dags/example_trigger_target_dag.py
[2024-06-11T19:50:08.620+0000] {processor.py:766} INFO - DAG(s) dict_keys(['example_trigger_target_dag']) retrieved from /home/airflow/.local/lib/python3.7/site-packages/airflow/example_dags/example_trigger_target_dag.py
[2024-06-11T19:50:08.657+0000] {logging_mixin.py:120} INFO - [2024-06-11T19:50:08.657+0000] {dag.py:2585} INFO - Sync 1 DAGs
[2024-06-11T19:50:08.681+0000] {logging_mixin.py:120} INFO - [2024-06-11T19:50:08.681+0000] {dag.py:3340} INFO - Setting next_dagrun for example_trigger_target_dag to None, run_after=None
[2024-06-11T19:50:08.698+0000] {processor.py:176} INFO - Processing /home/airflow/.local/lib/python3.7/site-packages/airflow/example_dags/example_trigger_target_dag.py took 0.103 seconds
[2024-06-11T19:50:40.327+0000] {processor.py:154} INFO - Started process (PID=1371) to work on /home/airflow/.local/lib/python3.7/site-packages/airflow/example_dags/example_trigger_target_dag.py
[2024-06-11T19:50:40.328+0000] {processor.py:756} INFO - Processing file /home/airflow/.local/lib/python3.7/site-packages/airflow/example_dags/example_trigger_target_dag.py for tasks to queue
[2024-06-11T19:50:40.329+0000] {logging_mixin.py:120} INFO - [2024-06-11T19:50:40.329+0000] {dagbag.py:537} INFO - Filling up the DagBag from /home/airflow/.local/lib/python3.7/site-packages/airflow/example_dags/example_trigger_target_dag.py
[2024-06-11T19:50:40.355+0000] {processor.py:766} INFO - DAG(s) dict_keys(['example_trigger_target_dag']) retrieved from /home/airflow/.local/lib/python3.7/site-packages/airflow/example_dags/example_trigger_target_dag.py
[2024-06-11T19:50:40.405+0000] {logging_mixin.py:120} INFO - [2024-06-11T19:50:40.404+0000] {dag.py:2585} INFO - Sync 1 DAGs
[2024-06-11T19:50:40.436+0000] {logging_mixin.py:120} INFO - [2024-06-11T19:50:40.435+0000] {dag.py:3340} INFO - Setting next_dagrun for example_trigger_target_dag to None, run_after=None
[2024-06-11T19:50:40.459+0000] {processor.py:176} INFO - Processing /home/airflow/.local/lib/python3.7/site-packages/airflow/example_dags/example_trigger_target_dag.py took 0.137 seconds
[2024-06-11T19:51:10.557+0000] {processor.py:154} INFO - Started process (PID=1434) to work on /home/airflow/.local/lib/python3.7/site-packages/airflow/example_dags/example_trigger_target_dag.py
[2024-06-11T19:51:10.558+0000] {processor.py:756} INFO - Processing file /home/airflow/.local/lib/python3.7/site-packages/airflow/example_dags/example_trigger_target_dag.py for tasks to queue
[2024-06-11T19:51:10.559+0000] {logging_mixin.py:120} INFO - [2024-06-11T19:51:10.559+0000] {dagbag.py:537} INFO - Filling up the DagBag from /home/airflow/.local/lib/python3.7/site-packages/airflow/example_dags/example_trigger_target_dag.py
[2024-06-11T19:51:10.578+0000] {processor.py:766} INFO - DAG(s) dict_keys(['example_trigger_target_dag']) retrieved from /home/airflow/.local/lib/python3.7/site-packages/airflow/example_dags/example_trigger_target_dag.py
[2024-06-11T19:51:10.611+0000] {logging_mixin.py:120} INFO - [2024-06-11T19:51:10.611+0000] {dag.py:2585} INFO - Sync 1 DAGs
[2024-06-11T19:51:10.631+0000] {logging_mixin.py:120} INFO - [2024-06-11T19:51:10.631+0000] {dag.py:3340} INFO - Setting next_dagrun for example_trigger_target_dag to None, run_after=None
[2024-06-11T19:51:10.646+0000] {processor.py:176} INFO - Processing /home/airflow/.local/lib/python3.7/site-packages/airflow/example_dags/example_trigger_target_dag.py took 0.092 seconds
[2024-06-11T19:51:41.089+0000] {processor.py:154} INFO - Started process (PID=1496) to work on /home/airflow/.local/lib/python3.7/site-packages/airflow/example_dags/example_trigger_target_dag.py
[2024-06-11T19:51:41.090+0000] {processor.py:756} INFO - Processing file /home/airflow/.local/lib/python3.7/site-packages/airflow/example_dags/example_trigger_target_dag.py for tasks to queue
[2024-06-11T19:51:41.091+0000] {logging_mixin.py:120} INFO - [2024-06-11T19:51:41.091+0000] {dagbag.py:537} INFO - Filling up the DagBag from /home/airflow/.local/lib/python3.7/site-packages/airflow/example_dags/example_trigger_target_dag.py
[2024-06-11T19:51:41.109+0000] {processor.py:766} INFO - DAG(s) dict_keys(['example_trigger_target_dag']) retrieved from /home/airflow/.local/lib/python3.7/site-packages/airflow/example_dags/example_trigger_target_dag.py
[2024-06-11T19:51:41.143+0000] {logging_mixin.py:120} INFO - [2024-06-11T19:51:41.143+0000] {dag.py:2585} INFO - Sync 1 DAGs
[2024-06-11T19:51:41.165+0000] {logging_mixin.py:120} INFO - [2024-06-11T19:51:41.165+0000] {dag.py:3340} INFO - Setting next_dagrun for example_trigger_target_dag to None, run_after=None
[2024-06-11T19:51:41.180+0000] {processor.py:176} INFO - Processing /home/airflow/.local/lib/python3.7/site-packages/airflow/example_dags/example_trigger_target_dag.py took 0.094 seconds
[2024-06-11T19:56:19.175+0000] {processor.py:154} INFO - Started process (PID=1550) to work on /home/airflow/.local/lib/python3.7/site-packages/airflow/example_dags/example_trigger_target_dag.py
[2024-06-11T19:56:19.176+0000] {processor.py:756} INFO - Processing file /home/airflow/.local/lib/python3.7/site-packages/airflow/example_dags/example_trigger_target_dag.py for tasks to queue
[2024-06-11T19:56:19.176+0000] {logging_mixin.py:120} INFO - [2024-06-11T19:56:19.176+0000] {dagbag.py:537} INFO - Filling up the DagBag from /home/airflow/.local/lib/python3.7/site-packages/airflow/example_dags/example_trigger_target_dag.py
[2024-06-11T19:56:19.193+0000] {processor.py:766} INFO - DAG(s) dict_keys(['example_trigger_target_dag']) retrieved from /home/airflow/.local/lib/python3.7/site-packages/airflow/example_dags/example_trigger_target_dag.py
[2024-06-11T19:56:19.234+0000] {logging_mixin.py:120} INFO - [2024-06-11T19:56:19.233+0000] {dag.py:2585} INFO - Sync 1 DAGs
[2024-06-11T19:56:19.260+0000] {logging_mixin.py:120} INFO - [2024-06-11T19:56:19.260+0000] {dag.py:3340} INFO - Setting next_dagrun for example_trigger_target_dag to None, run_after=None
[2024-06-11T19:56:19.276+0000] {processor.py:176} INFO - Processing /home/airflow/.local/lib/python3.7/site-packages/airflow/example_dags/example_trigger_target_dag.py took 0.104 seconds
[2024-06-11T19:56:49.562+0000] {processor.py:154} INFO - Started process (PID=1613) to work on /home/airflow/.local/lib/python3.7/site-packages/airflow/example_dags/example_trigger_target_dag.py
[2024-06-11T19:56:49.563+0000] {processor.py:756} INFO - Processing file /home/airflow/.local/lib/python3.7/site-packages/airflow/example_dags/example_trigger_target_dag.py for tasks to queue
[2024-06-11T19:56:49.564+0000] {logging_mixin.py:120} INFO - [2024-06-11T19:56:49.564+0000] {dagbag.py:537} INFO - Filling up the DagBag from /home/airflow/.local/lib/python3.7/site-packages/airflow/example_dags/example_trigger_target_dag.py
[2024-06-11T19:56:49.584+0000] {processor.py:766} INFO - DAG(s) dict_keys(['example_trigger_target_dag']) retrieved from /home/airflow/.local/lib/python3.7/site-packages/airflow/example_dags/example_trigger_target_dag.py
[2024-06-11T19:56:49.620+0000] {logging_mixin.py:120} INFO - [2024-06-11T19:56:49.620+0000] {dag.py:2585} INFO - Sync 1 DAGs
[2024-06-11T19:56:49.641+0000] {logging_mixin.py:120} INFO - [2024-06-11T19:56:49.641+0000] {dag.py:3340} INFO - Setting next_dagrun for example_trigger_target_dag to None, run_after=None
[2024-06-11T19:56:49.656+0000] {processor.py:176} INFO - Processing /home/airflow/.local/lib/python3.7/site-packages/airflow/example_dags/example_trigger_target_dag.py took 0.098 seconds
[2024-06-11T19:57:19.737+0000] {processor.py:154} INFO - Started process (PID=1676) to work on /home/airflow/.local/lib/python3.7/site-packages/airflow/example_dags/example_trigger_target_dag.py
[2024-06-11T19:57:19.738+0000] {processor.py:756} INFO - Processing file /home/airflow/.local/lib/python3.7/site-packages/airflow/example_dags/example_trigger_target_dag.py for tasks to queue
[2024-06-11T19:57:19.739+0000] {logging_mixin.py:120} INFO - [2024-06-11T19:57:19.738+0000] {dagbag.py:537} INFO - Filling up the DagBag from /home/airflow/.local/lib/python3.7/site-packages/airflow/example_dags/example_trigger_target_dag.py
[2024-06-11T19:57:19.757+0000] {processor.py:766} INFO - DAG(s) dict_keys(['example_trigger_target_dag']) retrieved from /home/airflow/.local/lib/python3.7/site-packages/airflow/example_dags/example_trigger_target_dag.py
[2024-06-11T19:57:19.792+0000] {logging_mixin.py:120} INFO - [2024-06-11T19:57:19.792+0000] {dag.py:2585} INFO - Sync 1 DAGs
[2024-06-11T19:57:19.813+0000] {logging_mixin.py:120} INFO - [2024-06-11T19:57:19.813+0000] {dag.py:3340} INFO - Setting next_dagrun for example_trigger_target_dag to None, run_after=None
[2024-06-11T19:57:19.828+0000] {processor.py:176} INFO - Processing /home/airflow/.local/lib/python3.7/site-packages/airflow/example_dags/example_trigger_target_dag.py took 0.095 seconds
[2024-06-11T19:57:50.020+0000] {processor.py:154} INFO - Started process (PID=1738) to work on /home/airflow/.local/lib/python3.7/site-packages/airflow/example_dags/example_trigger_target_dag.py
[2024-06-11T19:57:50.021+0000] {processor.py:756} INFO - Processing file /home/airflow/.local/lib/python3.7/site-packages/airflow/example_dags/example_trigger_target_dag.py for tasks to queue
[2024-06-11T19:57:50.022+0000] {logging_mixin.py:120} INFO - [2024-06-11T19:57:50.022+0000] {dagbag.py:537} INFO - Filling up the DagBag from /home/airflow/.local/lib/python3.7/site-packages/airflow/example_dags/example_trigger_target_dag.py
[2024-06-11T19:57:50.040+0000] {processor.py:766} INFO - DAG(s) dict_keys(['example_trigger_target_dag']) retrieved from /home/airflow/.local/lib/python3.7/site-packages/airflow/example_dags/example_trigger_target_dag.py
[2024-06-11T19:57:50.075+0000] {logging_mixin.py:120} INFO - [2024-06-11T19:57:50.075+0000] {dag.py:2585} INFO - Sync 1 DAGs
[2024-06-11T19:57:50.103+0000] {logging_mixin.py:120} INFO - [2024-06-11T19:57:50.103+0000] {dag.py:3340} INFO - Setting next_dagrun for example_trigger_target_dag to None, run_after=None
[2024-06-11T19:57:50.121+0000] {processor.py:176} INFO - Processing /home/airflow/.local/lib/python3.7/site-packages/airflow/example_dags/example_trigger_target_dag.py took 0.105 seconds
[2024-06-11T20:15:58.325+0000] {processor.py:154} INFO - Started process (PID=1792) to work on /home/airflow/.local/lib/python3.7/site-packages/airflow/example_dags/example_trigger_target_dag.py
[2024-06-11T20:15:58.327+0000] {processor.py:756} INFO - Processing file /home/airflow/.local/lib/python3.7/site-packages/airflow/example_dags/example_trigger_target_dag.py for tasks to queue
[2024-06-11T20:15:58.328+0000] {logging_mixin.py:120} INFO - [2024-06-11T20:15:58.328+0000] {dagbag.py:537} INFO - Filling up the DagBag from /home/airflow/.local/lib/python3.7/site-packages/airflow/example_dags/example_trigger_target_dag.py
[2024-06-11T20:15:58.358+0000] {processor.py:766} INFO - DAG(s) dict_keys(['example_trigger_target_dag']) retrieved from /home/airflow/.local/lib/python3.7/site-packages/airflow/example_dags/example_trigger_target_dag.py
[2024-06-11T20:15:58.407+0000] {logging_mixin.py:120} INFO - [2024-06-11T20:15:58.407+0000] {dag.py:2585} INFO - Sync 1 DAGs
[2024-06-11T20:15:58.437+0000] {logging_mixin.py:120} INFO - [2024-06-11T20:15:58.437+0000] {dag.py:3340} INFO - Setting next_dagrun for example_trigger_target_dag to None, run_after=None
[2024-06-11T20:15:58.464+0000] {processor.py:176} INFO - Processing /home/airflow/.local/lib/python3.7/site-packages/airflow/example_dags/example_trigger_target_dag.py took 0.143 seconds
[2024-06-11T20:16:29.269+0000] {processor.py:154} INFO - Started process (PID=1855) to work on /home/airflow/.local/lib/python3.7/site-packages/airflow/example_dags/example_trigger_target_dag.py
[2024-06-11T20:16:29.270+0000] {processor.py:756} INFO - Processing file /home/airflow/.local/lib/python3.7/site-packages/airflow/example_dags/example_trigger_target_dag.py for tasks to queue
[2024-06-11T20:16:29.271+0000] {logging_mixin.py:120} INFO - [2024-06-11T20:16:29.271+0000] {dagbag.py:537} INFO - Filling up the DagBag from /home/airflow/.local/lib/python3.7/site-packages/airflow/example_dags/example_trigger_target_dag.py
[2024-06-11T20:16:29.290+0000] {processor.py:766} INFO - DAG(s) dict_keys(['example_trigger_target_dag']) retrieved from /home/airflow/.local/lib/python3.7/site-packages/airflow/example_dags/example_trigger_target_dag.py
[2024-06-11T20:16:29.326+0000] {logging_mixin.py:120} INFO - [2024-06-11T20:16:29.326+0000] {dag.py:2585} INFO - Sync 1 DAGs
[2024-06-11T20:16:29.349+0000] {logging_mixin.py:120} INFO - [2024-06-11T20:16:29.349+0000] {dag.py:3340} INFO - Setting next_dagrun for example_trigger_target_dag to None, run_after=None
[2024-06-11T20:16:29.365+0000] {processor.py:176} INFO - Processing /home/airflow/.local/lib/python3.7/site-packages/airflow/example_dags/example_trigger_target_dag.py took 0.098 seconds
[2024-06-11T20:16:59.638+0000] {processor.py:154} INFO - Started process (PID=1918) to work on /home/airflow/.local/lib/python3.7/site-packages/airflow/example_dags/example_trigger_target_dag.py
[2024-06-11T20:16:59.639+0000] {processor.py:756} INFO - Processing file /home/airflow/.local/lib/python3.7/site-packages/airflow/example_dags/example_trigger_target_dag.py for tasks to queue
[2024-06-11T20:16:59.640+0000] {logging_mixin.py:120} INFO - [2024-06-11T20:16:59.640+0000] {dagbag.py:537} INFO - Filling up the DagBag from /home/airflow/.local/lib/python3.7/site-packages/airflow/example_dags/example_trigger_target_dag.py
[2024-06-11T20:16:59.658+0000] {processor.py:766} INFO - DAG(s) dict_keys(['example_trigger_target_dag']) retrieved from /home/airflow/.local/lib/python3.7/site-packages/airflow/example_dags/example_trigger_target_dag.py
[2024-06-11T20:16:59.690+0000] {logging_mixin.py:120} INFO - [2024-06-11T20:16:59.690+0000] {dag.py:2585} INFO - Sync 1 DAGs
[2024-06-11T20:16:59.711+0000] {logging_mixin.py:120} INFO - [2024-06-11T20:16:59.711+0000] {dag.py:3340} INFO - Setting next_dagrun for example_trigger_target_dag to None, run_after=None
[2024-06-11T20:16:59.727+0000] {processor.py:176} INFO - Processing /home/airflow/.local/lib/python3.7/site-packages/airflow/example_dags/example_trigger_target_dag.py took 0.091 seconds
[2024-06-11T20:17:29.879+0000] {processor.py:154} INFO - Started process (PID=1981) to work on /home/airflow/.local/lib/python3.7/site-packages/airflow/example_dags/example_trigger_target_dag.py
[2024-06-11T20:17:29.880+0000] {processor.py:756} INFO - Processing file /home/airflow/.local/lib/python3.7/site-packages/airflow/example_dags/example_trigger_target_dag.py for tasks to queue
[2024-06-11T20:17:29.881+0000] {logging_mixin.py:120} INFO - [2024-06-11T20:17:29.881+0000] {dagbag.py:537} INFO - Filling up the DagBag from /home/airflow/.local/lib/python3.7/site-packages/airflow/example_dags/example_trigger_target_dag.py
[2024-06-11T20:17:29.899+0000] {processor.py:766} INFO - DAG(s) dict_keys(['example_trigger_target_dag']) retrieved from /home/airflow/.local/lib/python3.7/site-packages/airflow/example_dags/example_trigger_target_dag.py
[2024-06-11T20:17:29.932+0000] {logging_mixin.py:120} INFO - [2024-06-11T20:17:29.932+0000] {dag.py:2585} INFO - Sync 1 DAGs
[2024-06-11T20:17:29.954+0000] {logging_mixin.py:120} INFO - [2024-06-11T20:17:29.954+0000] {dag.py:3340} INFO - Setting next_dagrun for example_trigger_target_dag to None, run_after=None
[2024-06-11T20:17:29.969+0000] {processor.py:176} INFO - Processing /home/airflow/.local/lib/python3.7/site-packages/airflow/example_dags/example_trigger_target_dag.py took 0.093 seconds
[2024-06-11T20:18:00.109+0000] {processor.py:154} INFO - Started process (PID=2035) to work on /home/airflow/.local/lib/python3.7/site-packages/airflow/example_dags/example_trigger_target_dag.py
[2024-06-11T20:18:00.110+0000] {processor.py:756} INFO - Processing file /home/airflow/.local/lib/python3.7/site-packages/airflow/example_dags/example_trigger_target_dag.py for tasks to queue
[2024-06-11T20:18:00.111+0000] {logging_mixin.py:120} INFO - [2024-06-11T20:18:00.111+0000] {dagbag.py:537} INFO - Filling up the DagBag from /home/airflow/.local/lib/python3.7/site-packages/airflow/example_dags/example_trigger_target_dag.py
[2024-06-11T20:18:00.129+0000] {processor.py:766} INFO - DAG(s) dict_keys(['example_trigger_target_dag']) retrieved from /home/airflow/.local/lib/python3.7/site-packages/airflow/example_dags/example_trigger_target_dag.py
[2024-06-11T20:18:00.164+0000] {logging_mixin.py:120} INFO - [2024-06-11T20:18:00.164+0000] {dag.py:2585} INFO - Sync 1 DAGs
[2024-06-11T20:18:00.185+0000] {logging_mixin.py:120} INFO - [2024-06-11T20:18:00.184+0000] {dag.py:3340} INFO - Setting next_dagrun for example_trigger_target_dag to None, run_after=None
[2024-06-11T20:18:00.200+0000] {processor.py:176} INFO - Processing /home/airflow/.local/lib/python3.7/site-packages/airflow/example_dags/example_trigger_target_dag.py took 0.094 seconds
[2024-06-11T20:36:23.135+0000] {processor.py:154} INFO - Started process (PID=2098) to work on /home/airflow/.local/lib/python3.7/site-packages/airflow/example_dags/example_trigger_target_dag.py
[2024-06-11T20:36:23.136+0000] {processor.py:756} INFO - Processing file /home/airflow/.local/lib/python3.7/site-packages/airflow/example_dags/example_trigger_target_dag.py for tasks to queue
[2024-06-11T20:36:23.137+0000] {logging_mixin.py:120} INFO - [2024-06-11T20:36:23.137+0000] {dagbag.py:537} INFO - Filling up the DagBag from /home/airflow/.local/lib/python3.7/site-packages/airflow/example_dags/example_trigger_target_dag.py
[2024-06-11T20:36:23.158+0000] {processor.py:766} INFO - DAG(s) dict_keys(['example_trigger_target_dag']) retrieved from /home/airflow/.local/lib/python3.7/site-packages/airflow/example_dags/example_trigger_target_dag.py
[2024-06-11T20:36:23.203+0000] {logging_mixin.py:120} INFO - [2024-06-11T20:36:23.202+0000] {dag.py:2585} INFO - Sync 1 DAGs
[2024-06-11T20:36:23.229+0000] {logging_mixin.py:120} INFO - [2024-06-11T20:36:23.229+0000] {dag.py:3340} INFO - Setting next_dagrun for example_trigger_target_dag to None, run_after=None
[2024-06-11T20:36:23.253+0000] {processor.py:176} INFO - Processing /home/airflow/.local/lib/python3.7/site-packages/airflow/example_dags/example_trigger_target_dag.py took 0.121 seconds
[2024-06-11T20:36:53.436+0000] {processor.py:154} INFO - Started process (PID=2161) to work on /home/airflow/.local/lib/python3.7/site-packages/airflow/example_dags/example_trigger_target_dag.py
[2024-06-11T20:36:53.438+0000] {processor.py:756} INFO - Processing file /home/airflow/.local/lib/python3.7/site-packages/airflow/example_dags/example_trigger_target_dag.py for tasks to queue
[2024-06-11T20:36:53.438+0000] {logging_mixin.py:120} INFO - [2024-06-11T20:36:53.438+0000] {dagbag.py:537} INFO - Filling up the DagBag from /home/airflow/.local/lib/python3.7/site-packages/airflow/example_dags/example_trigger_target_dag.py
[2024-06-11T20:36:53.459+0000] {processor.py:766} INFO - DAG(s) dict_keys(['example_trigger_target_dag']) retrieved from /home/airflow/.local/lib/python3.7/site-packages/airflow/example_dags/example_trigger_target_dag.py
[2024-06-11T20:36:53.496+0000] {logging_mixin.py:120} INFO - [2024-06-11T20:36:53.496+0000] {dag.py:2585} INFO - Sync 1 DAGs
[2024-06-11T20:36:53.521+0000] {logging_mixin.py:120} INFO - [2024-06-11T20:36:53.520+0000] {dag.py:3340} INFO - Setting next_dagrun for example_trigger_target_dag to None, run_after=None
[2024-06-11T20:36:53.543+0000] {processor.py:176} INFO - Processing /home/airflow/.local/lib/python3.7/site-packages/airflow/example_dags/example_trigger_target_dag.py took 0.110 seconds
[2024-06-11T20:37:23.904+0000] {processor.py:154} INFO - Started process (PID=2215) to work on /home/airflow/.local/lib/python3.7/site-packages/airflow/example_dags/example_trigger_target_dag.py
[2024-06-11T20:37:23.905+0000] {processor.py:756} INFO - Processing file /home/airflow/.local/lib/python3.7/site-packages/airflow/example_dags/example_trigger_target_dag.py for tasks to queue
[2024-06-11T20:37:23.906+0000] {logging_mixin.py:120} INFO - [2024-06-11T20:37:23.906+0000] {dagbag.py:537} INFO - Filling up the DagBag from /home/airflow/.local/lib/python3.7/site-packages/airflow/example_dags/example_trigger_target_dag.py
[2024-06-11T20:37:23.924+0000] {processor.py:766} INFO - DAG(s) dict_keys(['example_trigger_target_dag']) retrieved from /home/airflow/.local/lib/python3.7/site-packages/airflow/example_dags/example_trigger_target_dag.py
[2024-06-11T20:37:23.959+0000] {logging_mixin.py:120} INFO - [2024-06-11T20:37:23.959+0000] {dag.py:2585} INFO - Sync 1 DAGs
[2024-06-11T20:37:23.981+0000] {logging_mixin.py:120} INFO - [2024-06-11T20:37:23.981+0000] {dag.py:3340} INFO - Setting next_dagrun for example_trigger_target_dag to None, run_after=None
[2024-06-11T20:37:23.996+0000] {processor.py:176} INFO - Processing /home/airflow/.local/lib/python3.7/site-packages/airflow/example_dags/example_trigger_target_dag.py took 0.095 seconds
[2024-06-11T20:37:54.223+0000] {processor.py:154} INFO - Started process (PID=2278) to work on /home/airflow/.local/lib/python3.7/site-packages/airflow/example_dags/example_trigger_target_dag.py
[2024-06-11T20:37:54.224+0000] {processor.py:756} INFO - Processing file /home/airflow/.local/lib/python3.7/site-packages/airflow/example_dags/example_trigger_target_dag.py for tasks to queue
[2024-06-11T20:37:54.225+0000] {logging_mixin.py:120} INFO - [2024-06-11T20:37:54.225+0000] {dagbag.py:537} INFO - Filling up the DagBag from /home/airflow/.local/lib/python3.7/site-packages/airflow/example_dags/example_trigger_target_dag.py
[2024-06-11T20:37:54.243+0000] {processor.py:766} INFO - DAG(s) dict_keys(['example_trigger_target_dag']) retrieved from /home/airflow/.local/lib/python3.7/site-packages/airflow/example_dags/example_trigger_target_dag.py
[2024-06-11T20:37:54.278+0000] {logging_mixin.py:120} INFO - [2024-06-11T20:37:54.278+0000] {dag.py:2585} INFO - Sync 1 DAGs
[2024-06-11T20:37:54.299+0000] {logging_mixin.py:120} INFO - [2024-06-11T20:37:54.299+0000] {dag.py:3340} INFO - Setting next_dagrun for example_trigger_target_dag to None, run_after=None
[2024-06-11T20:37:54.314+0000] {processor.py:176} INFO - Processing /home/airflow/.local/lib/python3.7/site-packages/airflow/example_dags/example_trigger_target_dag.py took 0.094 seconds
[2024-06-11T20:38:24.658+0000] {processor.py:154} INFO - Started process (PID=2341) to work on /home/airflow/.local/lib/python3.7/site-packages/airflow/example_dags/example_trigger_target_dag.py
[2024-06-11T20:38:24.659+0000] {processor.py:756} INFO - Processing file /home/airflow/.local/lib/python3.7/site-packages/airflow/example_dags/example_trigger_target_dag.py for tasks to queue
[2024-06-11T20:38:24.660+0000] {logging_mixin.py:120} INFO - [2024-06-11T20:38:24.660+0000] {dagbag.py:537} INFO - Filling up the DagBag from /home/airflow/.local/lib/python3.7/site-packages/airflow/example_dags/example_trigger_target_dag.py
[2024-06-11T20:38:24.678+0000] {processor.py:766} INFO - DAG(s) dict_keys(['example_trigger_target_dag']) retrieved from /home/airflow/.local/lib/python3.7/site-packages/airflow/example_dags/example_trigger_target_dag.py
[2024-06-11T20:38:24.714+0000] {logging_mixin.py:120} INFO - [2024-06-11T20:38:24.714+0000] {dag.py:2585} INFO - Sync 1 DAGs
[2024-06-11T20:38:24.735+0000] {logging_mixin.py:120} INFO - [2024-06-11T20:38:24.735+0000] {dag.py:3340} INFO - Setting next_dagrun for example_trigger_target_dag to None, run_after=None
[2024-06-11T20:38:24.750+0000] {processor.py:176} INFO - Processing /home/airflow/.local/lib/python3.7/site-packages/airflow/example_dags/example_trigger_target_dag.py took 0.095 seconds
[2024-06-11T20:53:49.375+0000] {processor.py:154} INFO - Started process (PID=2394) to work on /home/airflow/.local/lib/python3.7/site-packages/airflow/example_dags/example_trigger_target_dag.py
[2024-06-11T20:53:49.376+0000] {processor.py:756} INFO - Processing file /home/airflow/.local/lib/python3.7/site-packages/airflow/example_dags/example_trigger_target_dag.py for tasks to queue
[2024-06-11T20:53:49.378+0000] {logging_mixin.py:120} INFO - [2024-06-11T20:53:49.378+0000] {dagbag.py:537} INFO - Filling up the DagBag from /home/airflow/.local/lib/python3.7/site-packages/airflow/example_dags/example_trigger_target_dag.py
[2024-06-11T20:53:49.414+0000] {processor.py:766} INFO - DAG(s) dict_keys(['example_trigger_target_dag']) retrieved from /home/airflow/.local/lib/python3.7/site-packages/airflow/example_dags/example_trigger_target_dag.py
[2024-06-11T20:53:49.475+0000] {logging_mixin.py:120} INFO - [2024-06-11T20:53:49.475+0000] {dag.py:2585} INFO - Sync 1 DAGs
[2024-06-11T20:53:49.514+0000] {logging_mixin.py:120} INFO - [2024-06-11T20:53:49.514+0000] {dag.py:3340} INFO - Setting next_dagrun for example_trigger_target_dag to None, run_after=None
[2024-06-11T20:53:49.546+0000] {processor.py:176} INFO - Processing /home/airflow/.local/lib/python3.7/site-packages/airflow/example_dags/example_trigger_target_dag.py took 0.176 seconds
[2024-06-11T20:54:19.671+0000] {processor.py:154} INFO - Started process (PID=2457) to work on /home/airflow/.local/lib/python3.7/site-packages/airflow/example_dags/example_trigger_target_dag.py
[2024-06-11T20:54:19.672+0000] {processor.py:756} INFO - Processing file /home/airflow/.local/lib/python3.7/site-packages/airflow/example_dags/example_trigger_target_dag.py for tasks to queue
[2024-06-11T20:54:19.673+0000] {logging_mixin.py:120} INFO - [2024-06-11T20:54:19.673+0000] {dagbag.py:537} INFO - Filling up the DagBag from /home/airflow/.local/lib/python3.7/site-packages/airflow/example_dags/example_trigger_target_dag.py
[2024-06-11T20:54:19.691+0000] {processor.py:766} INFO - DAG(s) dict_keys(['example_trigger_target_dag']) retrieved from /home/airflow/.local/lib/python3.7/site-packages/airflow/example_dags/example_trigger_target_dag.py
[2024-06-11T20:54:19.724+0000] {logging_mixin.py:120} INFO - [2024-06-11T20:54:19.724+0000] {dag.py:2585} INFO - Sync 1 DAGs
[2024-06-11T20:54:19.746+0000] {logging_mixin.py:120} INFO - [2024-06-11T20:54:19.746+0000] {dag.py:3340} INFO - Setting next_dagrun for example_trigger_target_dag to None, run_after=None
[2024-06-11T20:54:19.762+0000] {processor.py:176} INFO - Processing /home/airflow/.local/lib/python3.7/site-packages/airflow/example_dags/example_trigger_target_dag.py took 0.093 seconds
[2024-06-11T20:54:49.912+0000] {processor.py:154} INFO - Started process (PID=2520) to work on /home/airflow/.local/lib/python3.7/site-packages/airflow/example_dags/example_trigger_target_dag.py
[2024-06-11T20:54:49.914+0000] {processor.py:756} INFO - Processing file /home/airflow/.local/lib/python3.7/site-packages/airflow/example_dags/example_trigger_target_dag.py for tasks to queue
[2024-06-11T20:54:49.915+0000] {logging_mixin.py:120} INFO - [2024-06-11T20:54:49.915+0000] {dagbag.py:537} INFO - Filling up the DagBag from /home/airflow/.local/lib/python3.7/site-packages/airflow/example_dags/example_trigger_target_dag.py
[2024-06-11T20:54:49.934+0000] {processor.py:766} INFO - DAG(s) dict_keys(['example_trigger_target_dag']) retrieved from /home/airflow/.local/lib/python3.7/site-packages/airflow/example_dags/example_trigger_target_dag.py
[2024-06-11T20:54:49.971+0000] {logging_mixin.py:120} INFO - [2024-06-11T20:54:49.971+0000] {dag.py:2585} INFO - Sync 1 DAGs
[2024-06-11T20:54:49.993+0000] {logging_mixin.py:120} INFO - [2024-06-11T20:54:49.992+0000] {dag.py:3340} INFO - Setting next_dagrun for example_trigger_target_dag to None, run_after=None
[2024-06-11T20:54:50.008+0000] {processor.py:176} INFO - Processing /home/airflow/.local/lib/python3.7/site-packages/airflow/example_dags/example_trigger_target_dag.py took 0.099 seconds
[2024-06-11T20:55:20.219+0000] {processor.py:154} INFO - Started process (PID=2574) to work on /home/airflow/.local/lib/python3.7/site-packages/airflow/example_dags/example_trigger_target_dag.py
[2024-06-11T20:55:20.220+0000] {processor.py:756} INFO - Processing file /home/airflow/.local/lib/python3.7/site-packages/airflow/example_dags/example_trigger_target_dag.py for tasks to queue
[2024-06-11T20:55:20.221+0000] {logging_mixin.py:120} INFO - [2024-06-11T20:55:20.221+0000] {dagbag.py:537} INFO - Filling up the DagBag from /home/airflow/.local/lib/python3.7/site-packages/airflow/example_dags/example_trigger_target_dag.py
[2024-06-11T20:55:20.243+0000] {processor.py:766} INFO - DAG(s) dict_keys(['example_trigger_target_dag']) retrieved from /home/airflow/.local/lib/python3.7/site-packages/airflow/example_dags/example_trigger_target_dag.py
[2024-06-11T20:55:20.284+0000] {logging_mixin.py:120} INFO - [2024-06-11T20:55:20.284+0000] {dag.py:2585} INFO - Sync 1 DAGs
[2024-06-11T20:55:20.308+0000] {logging_mixin.py:120} INFO - [2024-06-11T20:55:20.307+0000] {dag.py:3340} INFO - Setting next_dagrun for example_trigger_target_dag to None, run_after=None
[2024-06-11T20:55:20.324+0000] {processor.py:176} INFO - Processing /home/airflow/.local/lib/python3.7/site-packages/airflow/example_dags/example_trigger_target_dag.py took 0.109 seconds
[2024-06-11T20:55:50.400+0000] {processor.py:154} INFO - Started process (PID=2637) to work on /home/airflow/.local/lib/python3.7/site-packages/airflow/example_dags/example_trigger_target_dag.py
[2024-06-11T20:55:50.401+0000] {processor.py:756} INFO - Processing file /home/airflow/.local/lib/python3.7/site-packages/airflow/example_dags/example_trigger_target_dag.py for tasks to queue
[2024-06-11T20:55:50.402+0000] {logging_mixin.py:120} INFO - [2024-06-11T20:55:50.402+0000] {dagbag.py:537} INFO - Filling up the DagBag from /home/airflow/.local/lib/python3.7/site-packages/airflow/example_dags/example_trigger_target_dag.py
[2024-06-11T20:55:50.420+0000] {processor.py:766} INFO - DAG(s) dict_keys(['example_trigger_target_dag']) retrieved from /home/airflow/.local/lib/python3.7/site-packages/airflow/example_dags/example_trigger_target_dag.py
[2024-06-11T20:55:50.453+0000] {logging_mixin.py:120} INFO - [2024-06-11T20:55:50.453+0000] {dag.py:2585} INFO - Sync 1 DAGs
[2024-06-11T20:55:50.476+0000] {logging_mixin.py:120} INFO - [2024-06-11T20:55:50.475+0000] {dag.py:3340} INFO - Setting next_dagrun for example_trigger_target_dag to None, run_after=None
[2024-06-11T20:55:50.491+0000] {processor.py:176} INFO - Processing /home/airflow/.local/lib/python3.7/site-packages/airflow/example_dags/example_trigger_target_dag.py took 0.093 seconds
[2024-06-11T20:57:21.716+0000] {processor.py:154} INFO - Started process (PID=2700) to work on /home/airflow/.local/lib/python3.7/site-packages/airflow/example_dags/example_trigger_target_dag.py
[2024-06-11T20:57:21.717+0000] {processor.py:756} INFO - Processing file /home/airflow/.local/lib/python3.7/site-packages/airflow/example_dags/example_trigger_target_dag.py for tasks to queue
[2024-06-11T20:57:21.718+0000] {logging_mixin.py:120} INFO - [2024-06-11T20:57:21.717+0000] {dagbag.py:537} INFO - Filling up the DagBag from /home/airflow/.local/lib/python3.7/site-packages/airflow/example_dags/example_trigger_target_dag.py
[2024-06-11T20:57:21.737+0000] {processor.py:766} INFO - DAG(s) dict_keys(['example_trigger_target_dag']) retrieved from /home/airflow/.local/lib/python3.7/site-packages/airflow/example_dags/example_trigger_target_dag.py
[2024-06-11T20:57:21.772+0000] {logging_mixin.py:120} INFO - [2024-06-11T20:57:21.772+0000] {dag.py:2585} INFO - Sync 1 DAGs
[2024-06-11T20:57:21.796+0000] {logging_mixin.py:120} INFO - [2024-06-11T20:57:21.796+0000] {dag.py:3340} INFO - Setting next_dagrun for example_trigger_target_dag to None, run_after=None
[2024-06-11T20:57:21.811+0000] {processor.py:176} INFO - Processing /home/airflow/.local/lib/python3.7/site-packages/airflow/example_dags/example_trigger_target_dag.py took 0.099 seconds
[2024-06-11T20:57:51.968+0000] {processor.py:154} INFO - Started process (PID=2762) to work on /home/airflow/.local/lib/python3.7/site-packages/airflow/example_dags/example_trigger_target_dag.py
[2024-06-11T20:57:51.970+0000] {processor.py:756} INFO - Processing file /home/airflow/.local/lib/python3.7/site-packages/airflow/example_dags/example_trigger_target_dag.py for tasks to queue
[2024-06-11T20:57:51.971+0000] {logging_mixin.py:120} INFO - [2024-06-11T20:57:51.971+0000] {dagbag.py:537} INFO - Filling up the DagBag from /home/airflow/.local/lib/python3.7/site-packages/airflow/example_dags/example_trigger_target_dag.py
[2024-06-11T20:57:51.990+0000] {processor.py:766} INFO - DAG(s) dict_keys(['example_trigger_target_dag']) retrieved from /home/airflow/.local/lib/python3.7/site-packages/airflow/example_dags/example_trigger_target_dag.py
[2024-06-11T20:57:52.027+0000] {logging_mixin.py:120} INFO - [2024-06-11T20:57:52.027+0000] {dag.py:2585} INFO - Sync 1 DAGs
[2024-06-11T20:57:52.055+0000] {logging_mixin.py:120} INFO - [2024-06-11T20:57:52.054+0000] {dag.py:3340} INFO - Setting next_dagrun for example_trigger_target_dag to None, run_after=None
[2024-06-11T20:57:52.072+0000] {processor.py:176} INFO - Processing /home/airflow/.local/lib/python3.7/site-packages/airflow/example_dags/example_trigger_target_dag.py took 0.107 seconds
[2024-06-11T20:58:22.234+0000] {processor.py:154} INFO - Started process (PID=2816) to work on /home/airflow/.local/lib/python3.7/site-packages/airflow/example_dags/example_trigger_target_dag.py
[2024-06-11T20:58:22.235+0000] {processor.py:756} INFO - Processing file /home/airflow/.local/lib/python3.7/site-packages/airflow/example_dags/example_trigger_target_dag.py for tasks to queue
[2024-06-11T20:58:22.236+0000] {logging_mixin.py:120} INFO - [2024-06-11T20:58:22.236+0000] {dagbag.py:537} INFO - Filling up the DagBag from /home/airflow/.local/lib/python3.7/site-packages/airflow/example_dags/example_trigger_target_dag.py
[2024-06-11T20:58:22.254+0000] {processor.py:766} INFO - DAG(s) dict_keys(['example_trigger_target_dag']) retrieved from /home/airflow/.local/lib/python3.7/site-packages/airflow/example_dags/example_trigger_target_dag.py
[2024-06-11T20:58:22.293+0000] {logging_mixin.py:120} INFO - [2024-06-11T20:58:22.292+0000] {dag.py:2585} INFO - Sync 1 DAGs
[2024-06-11T20:58:22.315+0000] {logging_mixin.py:120} INFO - [2024-06-11T20:58:22.315+0000] {dag.py:3340} INFO - Setting next_dagrun for example_trigger_target_dag to None, run_after=None
[2024-06-11T20:58:22.330+0000] {processor.py:176} INFO - Processing /home/airflow/.local/lib/python3.7/site-packages/airflow/example_dags/example_trigger_target_dag.py took 0.099 seconds
[2024-06-11T20:58:52.459+0000] {processor.py:154} INFO - Started process (PID=2879) to work on /home/airflow/.local/lib/python3.7/site-packages/airflow/example_dags/example_trigger_target_dag.py
[2024-06-11T20:58:52.460+0000] {processor.py:756} INFO - Processing file /home/airflow/.local/lib/python3.7/site-packages/airflow/example_dags/example_trigger_target_dag.py for tasks to queue
[2024-06-11T20:58:52.461+0000] {logging_mixin.py:120} INFO - [2024-06-11T20:58:52.460+0000] {dagbag.py:537} INFO - Filling up the DagBag from /home/airflow/.local/lib/python3.7/site-packages/airflow/example_dags/example_trigger_target_dag.py
[2024-06-11T20:58:52.479+0000] {processor.py:766} INFO - DAG(s) dict_keys(['example_trigger_target_dag']) retrieved from /home/airflow/.local/lib/python3.7/site-packages/airflow/example_dags/example_trigger_target_dag.py
[2024-06-11T20:58:52.519+0000] {logging_mixin.py:120} INFO - [2024-06-11T20:58:52.518+0000] {dag.py:2585} INFO - Sync 1 DAGs
[2024-06-11T20:58:52.543+0000] {logging_mixin.py:120} INFO - [2024-06-11T20:58:52.543+0000] {dag.py:3340} INFO - Setting next_dagrun for example_trigger_target_dag to None, run_after=None
[2024-06-11T20:58:52.559+0000] {processor.py:176} INFO - Processing /home/airflow/.local/lib/python3.7/site-packages/airflow/example_dags/example_trigger_target_dag.py took 0.104 seconds
[2024-06-11T21:14:53.350+0000] {processor.py:154} INFO - Started process (PID=2941) to work on /home/airflow/.local/lib/python3.7/site-packages/airflow/example_dags/example_trigger_target_dag.py
[2024-06-11T21:14:53.351+0000] {processor.py:756} INFO - Processing file /home/airflow/.local/lib/python3.7/site-packages/airflow/example_dags/example_trigger_target_dag.py for tasks to queue
[2024-06-11T21:14:53.352+0000] {logging_mixin.py:120} INFO - [2024-06-11T21:14:53.352+0000] {dagbag.py:537} INFO - Filling up the DagBag from /home/airflow/.local/lib/python3.7/site-packages/airflow/example_dags/example_trigger_target_dag.py
[2024-06-11T21:14:53.377+0000] {processor.py:766} INFO - DAG(s) dict_keys(['example_trigger_target_dag']) retrieved from /home/airflow/.local/lib/python3.7/site-packages/airflow/example_dags/example_trigger_target_dag.py
[2024-06-11T21:14:53.420+0000] {logging_mixin.py:120} INFO - [2024-06-11T21:14:53.420+0000] {dag.py:2585} INFO - Sync 1 DAGs
[2024-06-11T21:14:53.447+0000] {logging_mixin.py:120} INFO - [2024-06-11T21:14:53.447+0000] {dag.py:3340} INFO - Setting next_dagrun for example_trigger_target_dag to None, run_after=None
[2024-06-11T21:14:53.468+0000] {processor.py:176} INFO - Processing /home/airflow/.local/lib/python3.7/site-packages/airflow/example_dags/example_trigger_target_dag.py took 0.122 seconds
[2024-06-11T21:15:24.233+0000] {processor.py:154} INFO - Started process (PID=3004) to work on /home/airflow/.local/lib/python3.7/site-packages/airflow/example_dags/example_trigger_target_dag.py
[2024-06-11T21:15:24.235+0000] {processor.py:756} INFO - Processing file /home/airflow/.local/lib/python3.7/site-packages/airflow/example_dags/example_trigger_target_dag.py for tasks to queue
[2024-06-11T21:15:24.236+0000] {logging_mixin.py:120} INFO - [2024-06-11T21:15:24.236+0000] {dagbag.py:537} INFO - Filling up the DagBag from /home/airflow/.local/lib/python3.7/site-packages/airflow/example_dags/example_trigger_target_dag.py
[2024-06-11T21:15:24.267+0000] {processor.py:766} INFO - DAG(s) dict_keys(['example_trigger_target_dag']) retrieved from /home/airflow/.local/lib/python3.7/site-packages/airflow/example_dags/example_trigger_target_dag.py
[2024-06-11T21:15:24.317+0000] {logging_mixin.py:120} INFO - [2024-06-11T21:15:24.317+0000] {dag.py:2585} INFO - Sync 1 DAGs
[2024-06-11T21:15:24.338+0000] {logging_mixin.py:120} INFO - [2024-06-11T21:15:24.338+0000] {dag.py:3340} INFO - Setting next_dagrun for example_trigger_target_dag to None, run_after=None
[2024-06-11T21:15:24.353+0000] {processor.py:176} INFO - Processing /home/airflow/.local/lib/python3.7/site-packages/airflow/example_dags/example_trigger_target_dag.py took 0.124 seconds
[2024-06-11T21:15:54.565+0000] {processor.py:154} INFO - Started process (PID=3058) to work on /home/airflow/.local/lib/python3.7/site-packages/airflow/example_dags/example_trigger_target_dag.py
[2024-06-11T21:15:54.566+0000] {processor.py:756} INFO - Processing file /home/airflow/.local/lib/python3.7/site-packages/airflow/example_dags/example_trigger_target_dag.py for tasks to queue
[2024-06-11T21:15:54.567+0000] {logging_mixin.py:120} INFO - [2024-06-11T21:15:54.567+0000] {dagbag.py:537} INFO - Filling up the DagBag from /home/airflow/.local/lib/python3.7/site-packages/airflow/example_dags/example_trigger_target_dag.py
[2024-06-11T21:15:54.586+0000] {processor.py:766} INFO - DAG(s) dict_keys(['example_trigger_target_dag']) retrieved from /home/airflow/.local/lib/python3.7/site-packages/airflow/example_dags/example_trigger_target_dag.py
[2024-06-11T21:15:54.620+0000] {logging_mixin.py:120} INFO - [2024-06-11T21:15:54.620+0000] {dag.py:2585} INFO - Sync 1 DAGs
[2024-06-11T21:15:54.641+0000] {logging_mixin.py:120} INFO - [2024-06-11T21:15:54.641+0000] {dag.py:3340} INFO - Setting next_dagrun for example_trigger_target_dag to None, run_after=None
[2024-06-11T21:15:54.656+0000] {processor.py:176} INFO - Processing /home/airflow/.local/lib/python3.7/site-packages/airflow/example_dags/example_trigger_target_dag.py took 0.094 seconds
[2024-06-11T21:16:24.977+0000] {processor.py:154} INFO - Started process (PID=3120) to work on /home/airflow/.local/lib/python3.7/site-packages/airflow/example_dags/example_trigger_target_dag.py
[2024-06-11T21:16:24.978+0000] {processor.py:756} INFO - Processing file /home/airflow/.local/lib/python3.7/site-packages/airflow/example_dags/example_trigger_target_dag.py for tasks to queue
[2024-06-11T21:16:24.979+0000] {logging_mixin.py:120} INFO - [2024-06-11T21:16:24.979+0000] {dagbag.py:537} INFO - Filling up the DagBag from /home/airflow/.local/lib/python3.7/site-packages/airflow/example_dags/example_trigger_target_dag.py
[2024-06-11T21:16:24.998+0000] {processor.py:766} INFO - DAG(s) dict_keys(['example_trigger_target_dag']) retrieved from /home/airflow/.local/lib/python3.7/site-packages/airflow/example_dags/example_trigger_target_dag.py
[2024-06-11T21:16:25.030+0000] {logging_mixin.py:120} INFO - [2024-06-11T21:16:25.030+0000] {dag.py:2585} INFO - Sync 1 DAGs
[2024-06-11T21:16:25.050+0000] {logging_mixin.py:120} INFO - [2024-06-11T21:16:25.050+0000] {dag.py:3340} INFO - Setting next_dagrun for example_trigger_target_dag to None, run_after=None
[2024-06-11T21:16:25.064+0000] {processor.py:176} INFO - Processing /home/airflow/.local/lib/python3.7/site-packages/airflow/example_dags/example_trigger_target_dag.py took 0.090 seconds
[2024-06-11T21:16:55.414+0000] {processor.py:154} INFO - Started process (PID=3183) to work on /home/airflow/.local/lib/python3.7/site-packages/airflow/example_dags/example_trigger_target_dag.py
[2024-06-11T21:16:55.415+0000] {processor.py:756} INFO - Processing file /home/airflow/.local/lib/python3.7/site-packages/airflow/example_dags/example_trigger_target_dag.py for tasks to queue
[2024-06-11T21:16:55.416+0000] {logging_mixin.py:120} INFO - [2024-06-11T21:16:55.416+0000] {dagbag.py:537} INFO - Filling up the DagBag from /home/airflow/.local/lib/python3.7/site-packages/airflow/example_dags/example_trigger_target_dag.py
[2024-06-11T21:16:55.433+0000] {processor.py:766} INFO - DAG(s) dict_keys(['example_trigger_target_dag']) retrieved from /home/airflow/.local/lib/python3.7/site-packages/airflow/example_dags/example_trigger_target_dag.py
[2024-06-11T21:16:55.466+0000] {logging_mixin.py:120} INFO - [2024-06-11T21:16:55.466+0000] {dag.py:2585} INFO - Sync 1 DAGs
[2024-06-11T21:16:55.486+0000] {logging_mixin.py:120} INFO - [2024-06-11T21:16:55.486+0000] {dag.py:3340} INFO - Setting next_dagrun for example_trigger_target_dag to None, run_after=None
[2024-06-11T21:16:55.501+0000] {processor.py:176} INFO - Processing /home/airflow/.local/lib/python3.7/site-packages/airflow/example_dags/example_trigger_target_dag.py took 0.090 seconds
[2024-06-11T21:30:34.227+0000] {processor.py:154} INFO - Started process (PID=3238) to work on /home/airflow/.local/lib/python3.7/site-packages/airflow/example_dags/example_trigger_target_dag.py
[2024-06-11T21:30:34.228+0000] {processor.py:756} INFO - Processing file /home/airflow/.local/lib/python3.7/site-packages/airflow/example_dags/example_trigger_target_dag.py for tasks to queue
[2024-06-11T21:30:34.229+0000] {logging_mixin.py:120} INFO - [2024-06-11T21:30:34.229+0000] {dagbag.py:537} INFO - Filling up the DagBag from /home/airflow/.local/lib/python3.7/site-packages/airflow/example_dags/example_trigger_target_dag.py
[2024-06-11T21:30:34.247+0000] {processor.py:766} INFO - DAG(s) dict_keys(['example_trigger_target_dag']) retrieved from /home/airflow/.local/lib/python3.7/site-packages/airflow/example_dags/example_trigger_target_dag.py
[2024-06-11T21:30:34.281+0000] {logging_mixin.py:120} INFO - [2024-06-11T21:30:34.281+0000] {dag.py:2585} INFO - Sync 1 DAGs
[2024-06-11T21:30:34.302+0000] {logging_mixin.py:120} INFO - [2024-06-11T21:30:34.302+0000] {dag.py:3340} INFO - Setting next_dagrun for example_trigger_target_dag to None, run_after=None
[2024-06-11T21:30:34.317+0000] {processor.py:176} INFO - Processing /home/airflow/.local/lib/python3.7/site-packages/airflow/example_dags/example_trigger_target_dag.py took 0.093 seconds
[2024-06-11T21:31:04.680+0000] {processor.py:154} INFO - Started process (PID=3301) to work on /home/airflow/.local/lib/python3.7/site-packages/airflow/example_dags/example_trigger_target_dag.py
[2024-06-11T21:31:04.681+0000] {processor.py:756} INFO - Processing file /home/airflow/.local/lib/python3.7/site-packages/airflow/example_dags/example_trigger_target_dag.py for tasks to queue
[2024-06-11T21:31:04.681+0000] {logging_mixin.py:120} INFO - [2024-06-11T21:31:04.681+0000] {dagbag.py:537} INFO - Filling up the DagBag from /home/airflow/.local/lib/python3.7/site-packages/airflow/example_dags/example_trigger_target_dag.py
[2024-06-11T21:31:04.700+0000] {processor.py:766} INFO - DAG(s) dict_keys(['example_trigger_target_dag']) retrieved from /home/airflow/.local/lib/python3.7/site-packages/airflow/example_dags/example_trigger_target_dag.py
[2024-06-11T21:31:04.734+0000] {logging_mixin.py:120} INFO - [2024-06-11T21:31:04.734+0000] {dag.py:2585} INFO - Sync 1 DAGs
[2024-06-11T21:31:04.756+0000] {logging_mixin.py:120} INFO - [2024-06-11T21:31:04.756+0000] {dag.py:3340} INFO - Setting next_dagrun for example_trigger_target_dag to None, run_after=None
[2024-06-11T21:31:04.777+0000] {processor.py:176} INFO - Processing /home/airflow/.local/lib/python3.7/site-packages/airflow/example_dags/example_trigger_target_dag.py took 0.100 seconds
[2024-06-11T21:31:35.449+0000] {processor.py:154} INFO - Started process (PID=3364) to work on /home/airflow/.local/lib/python3.7/site-packages/airflow/example_dags/example_trigger_target_dag.py
[2024-06-11T21:31:35.450+0000] {processor.py:756} INFO - Processing file /home/airflow/.local/lib/python3.7/site-packages/airflow/example_dags/example_trigger_target_dag.py for tasks to queue
[2024-06-11T21:31:35.451+0000] {logging_mixin.py:120} INFO - [2024-06-11T21:31:35.451+0000] {dagbag.py:537} INFO - Filling up the DagBag from /home/airflow/.local/lib/python3.7/site-packages/airflow/example_dags/example_trigger_target_dag.py
[2024-06-11T21:31:35.469+0000] {processor.py:766} INFO - DAG(s) dict_keys(['example_trigger_target_dag']) retrieved from /home/airflow/.local/lib/python3.7/site-packages/airflow/example_dags/example_trigger_target_dag.py
[2024-06-11T21:31:35.507+0000] {logging_mixin.py:120} INFO - [2024-06-11T21:31:35.507+0000] {dag.py:2585} INFO - Sync 1 DAGs
[2024-06-11T21:31:35.530+0000] {logging_mixin.py:120} INFO - [2024-06-11T21:31:35.530+0000] {dag.py:3340} INFO - Setting next_dagrun for example_trigger_target_dag to None, run_after=None
[2024-06-11T21:31:35.546+0000] {processor.py:176} INFO - Processing /home/airflow/.local/lib/python3.7/site-packages/airflow/example_dags/example_trigger_target_dag.py took 0.100 seconds
[2024-06-11T21:32:05.878+0000] {processor.py:154} INFO - Started process (PID=3427) to work on /home/airflow/.local/lib/python3.7/site-packages/airflow/example_dags/example_trigger_target_dag.py
[2024-06-11T21:32:05.879+0000] {processor.py:756} INFO - Processing file /home/airflow/.local/lib/python3.7/site-packages/airflow/example_dags/example_trigger_target_dag.py for tasks to queue
[2024-06-11T21:32:05.880+0000] {logging_mixin.py:120} INFO - [2024-06-11T21:32:05.879+0000] {dagbag.py:537} INFO - Filling up the DagBag from /home/airflow/.local/lib/python3.7/site-packages/airflow/example_dags/example_trigger_target_dag.py
[2024-06-11T21:32:05.898+0000] {processor.py:766} INFO - DAG(s) dict_keys(['example_trigger_target_dag']) retrieved from /home/airflow/.local/lib/python3.7/site-packages/airflow/example_dags/example_trigger_target_dag.py
[2024-06-11T21:32:05.931+0000] {logging_mixin.py:120} INFO - [2024-06-11T21:32:05.931+0000] {dag.py:2585} INFO - Sync 1 DAGs
[2024-06-11T21:32:05.953+0000] {logging_mixin.py:120} INFO - [2024-06-11T21:32:05.952+0000] {dag.py:3340} INFO - Setting next_dagrun for example_trigger_target_dag to None, run_after=None
[2024-06-11T21:32:05.969+0000] {processor.py:176} INFO - Processing /home/airflow/.local/lib/python3.7/site-packages/airflow/example_dags/example_trigger_target_dag.py took 0.094 seconds
[2024-06-11T21:32:36.123+0000] {processor.py:154} INFO - Started process (PID=3481) to work on /home/airflow/.local/lib/python3.7/site-packages/airflow/example_dags/example_trigger_target_dag.py
[2024-06-11T21:32:36.124+0000] {processor.py:756} INFO - Processing file /home/airflow/.local/lib/python3.7/site-packages/airflow/example_dags/example_trigger_target_dag.py for tasks to queue
[2024-06-11T21:32:36.125+0000] {logging_mixin.py:120} INFO - [2024-06-11T21:32:36.124+0000] {dagbag.py:537} INFO - Filling up the DagBag from /home/airflow/.local/lib/python3.7/site-packages/airflow/example_dags/example_trigger_target_dag.py
[2024-06-11T21:32:36.143+0000] {processor.py:766} INFO - DAG(s) dict_keys(['example_trigger_target_dag']) retrieved from /home/airflow/.local/lib/python3.7/site-packages/airflow/example_dags/example_trigger_target_dag.py
[2024-06-11T21:32:36.178+0000] {logging_mixin.py:120} INFO - [2024-06-11T21:32:36.178+0000] {dag.py:2585} INFO - Sync 1 DAGs
[2024-06-11T21:32:36.199+0000] {logging_mixin.py:120} INFO - [2024-06-11T21:32:36.199+0000] {dag.py:3340} INFO - Setting next_dagrun for example_trigger_target_dag to None, run_after=None
[2024-06-11T21:32:36.215+0000] {processor.py:176} INFO - Processing /home/airflow/.local/lib/python3.7/site-packages/airflow/example_dags/example_trigger_target_dag.py took 0.095 seconds
[2024-06-11T21:33:06.413+0000] {processor.py:154} INFO - Started process (PID=3544) to work on /home/airflow/.local/lib/python3.7/site-packages/airflow/example_dags/example_trigger_target_dag.py
[2024-06-11T21:33:06.414+0000] {processor.py:756} INFO - Processing file /home/airflow/.local/lib/python3.7/site-packages/airflow/example_dags/example_trigger_target_dag.py for tasks to queue
[2024-06-11T21:33:06.415+0000] {logging_mixin.py:120} INFO - [2024-06-11T21:33:06.415+0000] {dagbag.py:537} INFO - Filling up the DagBag from /home/airflow/.local/lib/python3.7/site-packages/airflow/example_dags/example_trigger_target_dag.py
[2024-06-11T21:33:06.433+0000] {processor.py:766} INFO - DAG(s) dict_keys(['example_trigger_target_dag']) retrieved from /home/airflow/.local/lib/python3.7/site-packages/airflow/example_dags/example_trigger_target_dag.py
[2024-06-11T21:33:06.468+0000] {logging_mixin.py:120} INFO - [2024-06-11T21:33:06.468+0000] {dag.py:2585} INFO - Sync 1 DAGs
[2024-06-11T21:33:06.490+0000] {logging_mixin.py:120} INFO - [2024-06-11T21:33:06.489+0000] {dag.py:3340} INFO - Setting next_dagrun for example_trigger_target_dag to None, run_after=None
[2024-06-11T21:33:06.506+0000] {processor.py:176} INFO - Processing /home/airflow/.local/lib/python3.7/site-packages/airflow/example_dags/example_trigger_target_dag.py took 0.096 seconds
[2024-06-11T21:33:36.949+0000] {processor.py:154} INFO - Started process (PID=3607) to work on /home/airflow/.local/lib/python3.7/site-packages/airflow/example_dags/example_trigger_target_dag.py
[2024-06-11T21:33:36.950+0000] {processor.py:756} INFO - Processing file /home/airflow/.local/lib/python3.7/site-packages/airflow/example_dags/example_trigger_target_dag.py for tasks to queue
[2024-06-11T21:33:36.951+0000] {logging_mixin.py:120} INFO - [2024-06-11T21:33:36.951+0000] {dagbag.py:537} INFO - Filling up the DagBag from /home/airflow/.local/lib/python3.7/site-packages/airflow/example_dags/example_trigger_target_dag.py
[2024-06-11T21:33:36.969+0000] {processor.py:766} INFO - DAG(s) dict_keys(['example_trigger_target_dag']) retrieved from /home/airflow/.local/lib/python3.7/site-packages/airflow/example_dags/example_trigger_target_dag.py
[2024-06-11T21:33:37.005+0000] {logging_mixin.py:120} INFO - [2024-06-11T21:33:37.005+0000] {dag.py:2585} INFO - Sync 1 DAGs
[2024-06-11T21:33:37.027+0000] {logging_mixin.py:120} INFO - [2024-06-11T21:33:37.027+0000] {dag.py:3340} INFO - Setting next_dagrun for example_trigger_target_dag to None, run_after=None
[2024-06-11T21:33:37.045+0000] {processor.py:176} INFO - Processing /home/airflow/.local/lib/python3.7/site-packages/airflow/example_dags/example_trigger_target_dag.py took 0.099 seconds
[2024-06-11T21:35:19.330+0000] {processor.py:154} INFO - Started process (PID=58) to work on /home/airflow/.local/lib/python3.7/site-packages/airflow/example_dags/example_trigger_target_dag.py
[2024-06-11T21:35:19.333+0000] {processor.py:756} INFO - Processing file /home/airflow/.local/lib/python3.7/site-packages/airflow/example_dags/example_trigger_target_dag.py for tasks to queue
[2024-06-11T21:35:19.334+0000] {logging_mixin.py:120} INFO - [2024-06-11T21:35:19.334+0000] {dagbag.py:537} INFO - Filling up the DagBag from /home/airflow/.local/lib/python3.7/site-packages/airflow/example_dags/example_trigger_target_dag.py
[2024-06-11T21:35:19.377+0000] {processor.py:766} INFO - DAG(s) dict_keys(['example_trigger_target_dag']) retrieved from /home/airflow/.local/lib/python3.7/site-packages/airflow/example_dags/example_trigger_target_dag.py
[2024-06-11T21:35:19.437+0000] {logging_mixin.py:120} INFO - [2024-06-11T21:35:19.436+0000] {dag.py:2585} INFO - Sync 1 DAGs
[2024-06-11T21:35:19.472+0000] {logging_mixin.py:120} INFO - [2024-06-11T21:35:19.472+0000] {dag.py:3340} INFO - Setting next_dagrun for example_trigger_target_dag to None, run_after=None
[2024-06-11T21:35:19.499+0000] {processor.py:176} INFO - Processing /home/airflow/.local/lib/python3.7/site-packages/airflow/example_dags/example_trigger_target_dag.py took 0.172 seconds
