[2024-06-11T13:03:39.418+0000] {processor.py:154} INFO - Started process (PID=49) to work on /home/airflow/.local/lib/python3.7/site-packages/airflow/example_dags/example_bash_operator.py
[2024-06-11T13:03:39.420+0000] {processor.py:756} INFO - Processing file /home/airflow/.local/lib/python3.7/site-packages/airflow/example_dags/example_bash_operator.py for tasks to queue
[2024-06-11T13:03:39.421+0000] {logging_mixin.py:120} INFO - [2024-06-11T13:03:39.421+0000] {dagbag.py:537} INFO - Filling up the DagBag from /home/airflow/.local/lib/python3.7/site-packages/airflow/example_dags/example_bash_operator.py
[2024-06-11T13:03:39.467+0000] {processor.py:766} INFO - DAG(s) dict_keys(['example_bash_operator']) retrieved from /home/airflow/.local/lib/python3.7/site-packages/airflow/example_dags/example_bash_operator.py
[2024-06-11T13:03:39.516+0000] {logging_mixin.py:120} INFO - [2024-06-11T13:03:39.516+0000] {dag.py:2585} INFO - Sync 1 DAGs
[2024-06-11T13:03:39.550+0000] {logging_mixin.py:120} INFO - [2024-06-11T13:03:39.550+0000] {dag.py:3340} INFO - Setting next_dagrun for example_bash_operator to 2024-06-10T00:00:00+00:00, run_after=2024-06-11T00:00:00+00:00
[2024-06-11T13:03:39.575+0000] {processor.py:176} INFO - Processing /home/airflow/.local/lib/python3.7/site-packages/airflow/example_dags/example_bash_operator.py took 0.162 seconds
[2024-06-11T18:16:14.668+0000] {processor.py:154} INFO - Started process (PID=48) to work on /home/airflow/.local/lib/python3.7/site-packages/airflow/example_dags/example_bash_operator.py
[2024-06-11T18:16:14.671+0000] {processor.py:756} INFO - Processing file /home/airflow/.local/lib/python3.7/site-packages/airflow/example_dags/example_bash_operator.py for tasks to queue
[2024-06-11T18:16:14.672+0000] {logging_mixin.py:120} INFO - [2024-06-11T18:16:14.672+0000] {dagbag.py:537} INFO - Filling up the DagBag from /home/airflow/.local/lib/python3.7/site-packages/airflow/example_dags/example_bash_operator.py
[2024-06-11T18:16:14.717+0000] {processor.py:766} INFO - DAG(s) dict_keys(['example_bash_operator']) retrieved from /home/airflow/.local/lib/python3.7/site-packages/airflow/example_dags/example_bash_operator.py
[2024-06-11T18:16:14.791+0000] {logging_mixin.py:120} INFO - [2024-06-11T18:16:14.791+0000] {dag.py:2585} INFO - Sync 1 DAGs
[2024-06-11T18:16:14.830+0000] {logging_mixin.py:120} INFO - [2024-06-11T18:16:14.830+0000] {dag.py:3340} INFO - Setting next_dagrun for example_bash_operator to 2024-06-10T00:00:00+00:00, run_after=2024-06-11T00:00:00+00:00
[2024-06-11T18:16:14.861+0000] {processor.py:176} INFO - Processing /home/airflow/.local/lib/python3.7/site-packages/airflow/example_dags/example_bash_operator.py took 0.200 seconds
[2024-06-11T18:16:45.725+0000] {processor.py:154} INFO - Started process (PID=111) to work on /home/airflow/.local/lib/python3.7/site-packages/airflow/example_dags/example_bash_operator.py
[2024-06-11T18:16:45.726+0000] {processor.py:756} INFO - Processing file /home/airflow/.local/lib/python3.7/site-packages/airflow/example_dags/example_bash_operator.py for tasks to queue
[2024-06-11T18:16:45.727+0000] {logging_mixin.py:120} INFO - [2024-06-11T18:16:45.727+0000] {dagbag.py:537} INFO - Filling up the DagBag from /home/airflow/.local/lib/python3.7/site-packages/airflow/example_dags/example_bash_operator.py
[2024-06-11T18:16:45.746+0000] {processor.py:766} INFO - DAG(s) dict_keys(['example_bash_operator']) retrieved from /home/airflow/.local/lib/python3.7/site-packages/airflow/example_dags/example_bash_operator.py
[2024-06-11T18:16:45.784+0000] {logging_mixin.py:120} INFO - [2024-06-11T18:16:45.784+0000] {dag.py:2585} INFO - Sync 1 DAGs
[2024-06-11T18:16:45.806+0000] {logging_mixin.py:120} INFO - [2024-06-11T18:16:45.806+0000] {dag.py:3340} INFO - Setting next_dagrun for example_bash_operator to 2024-06-10T00:00:00+00:00, run_after=2024-06-11T00:00:00+00:00
[2024-06-11T18:16:45.821+0000] {processor.py:176} INFO - Processing /home/airflow/.local/lib/python3.7/site-packages/airflow/example_dags/example_bash_operator.py took 0.099 seconds
[2024-06-11T18:17:16.444+0000] {processor.py:154} INFO - Started process (PID=175) to work on /home/airflow/.local/lib/python3.7/site-packages/airflow/example_dags/example_bash_operator.py
[2024-06-11T18:17:16.445+0000] {processor.py:756} INFO - Processing file /home/airflow/.local/lib/python3.7/site-packages/airflow/example_dags/example_bash_operator.py for tasks to queue
[2024-06-11T18:17:16.446+0000] {logging_mixin.py:120} INFO - [2024-06-11T18:17:16.446+0000] {dagbag.py:537} INFO - Filling up the DagBag from /home/airflow/.local/lib/python3.7/site-packages/airflow/example_dags/example_bash_operator.py
[2024-06-11T18:17:16.468+0000] {processor.py:766} INFO - DAG(s) dict_keys(['example_bash_operator']) retrieved from /home/airflow/.local/lib/python3.7/site-packages/airflow/example_dags/example_bash_operator.py
[2024-06-11T18:17:16.507+0000] {logging_mixin.py:120} INFO - [2024-06-11T18:17:16.507+0000] {dag.py:2585} INFO - Sync 1 DAGs
[2024-06-11T18:17:16.531+0000] {logging_mixin.py:120} INFO - [2024-06-11T18:17:16.531+0000] {dag.py:3340} INFO - Setting next_dagrun for example_bash_operator to 2024-06-10T00:00:00+00:00, run_after=2024-06-11T00:00:00+00:00
[2024-06-11T18:17:16.547+0000] {processor.py:176} INFO - Processing /home/airflow/.local/lib/python3.7/site-packages/airflow/example_dags/example_bash_operator.py took 0.105 seconds
[2024-06-11T18:33:53.660+0000] {processor.py:154} INFO - Started process (PID=220) to work on /home/airflow/.local/lib/python3.7/site-packages/airflow/example_dags/example_bash_operator.py
[2024-06-11T18:33:53.660+0000] {processor.py:756} INFO - Processing file /home/airflow/.local/lib/python3.7/site-packages/airflow/example_dags/example_bash_operator.py for tasks to queue
[2024-06-11T18:33:53.661+0000] {logging_mixin.py:120} INFO - [2024-06-11T18:33:53.661+0000] {dagbag.py:537} INFO - Filling up the DagBag from /home/airflow/.local/lib/python3.7/site-packages/airflow/example_dags/example_bash_operator.py
[2024-06-11T18:33:53.679+0000] {processor.py:766} INFO - DAG(s) dict_keys(['example_bash_operator']) retrieved from /home/airflow/.local/lib/python3.7/site-packages/airflow/example_dags/example_bash_operator.py
[2024-06-11T18:33:53.717+0000] {logging_mixin.py:120} INFO - [2024-06-11T18:33:53.717+0000] {dag.py:2585} INFO - Sync 1 DAGs
[2024-06-11T18:33:53.739+0000] {logging_mixin.py:120} INFO - [2024-06-11T18:33:53.739+0000] {dag.py:3340} INFO - Setting next_dagrun for example_bash_operator to 2024-06-10T00:00:00+00:00, run_after=2024-06-11T00:00:00+00:00
[2024-06-11T18:33:53.756+0000] {processor.py:176} INFO - Processing /home/airflow/.local/lib/python3.7/site-packages/airflow/example_dags/example_bash_operator.py took 0.099 seconds
[2024-06-11T18:34:24.015+0000] {processor.py:154} INFO - Started process (PID=283) to work on /home/airflow/.local/lib/python3.7/site-packages/airflow/example_dags/example_bash_operator.py
[2024-06-11T18:34:24.016+0000] {processor.py:756} INFO - Processing file /home/airflow/.local/lib/python3.7/site-packages/airflow/example_dags/example_bash_operator.py for tasks to queue
[2024-06-11T18:34:24.016+0000] {logging_mixin.py:120} INFO - [2024-06-11T18:34:24.016+0000] {dagbag.py:537} INFO - Filling up the DagBag from /home/airflow/.local/lib/python3.7/site-packages/airflow/example_dags/example_bash_operator.py
[2024-06-11T18:34:24.035+0000] {processor.py:766} INFO - DAG(s) dict_keys(['example_bash_operator']) retrieved from /home/airflow/.local/lib/python3.7/site-packages/airflow/example_dags/example_bash_operator.py
[2024-06-11T18:34:24.072+0000] {logging_mixin.py:120} INFO - [2024-06-11T18:34:24.072+0000] {dag.py:2585} INFO - Sync 1 DAGs
[2024-06-11T18:34:24.096+0000] {logging_mixin.py:120} INFO - [2024-06-11T18:34:24.096+0000] {dag.py:3340} INFO - Setting next_dagrun for example_bash_operator to 2024-06-10T00:00:00+00:00, run_after=2024-06-11T00:00:00+00:00
[2024-06-11T18:34:24.111+0000] {processor.py:176} INFO - Processing /home/airflow/.local/lib/python3.7/site-packages/airflow/example_dags/example_bash_operator.py took 0.100 seconds
[2024-06-11T18:34:54.226+0000] {processor.py:154} INFO - Started process (PID=346) to work on /home/airflow/.local/lib/python3.7/site-packages/airflow/example_dags/example_bash_operator.py
[2024-06-11T18:34:54.228+0000] {processor.py:756} INFO - Processing file /home/airflow/.local/lib/python3.7/site-packages/airflow/example_dags/example_bash_operator.py for tasks to queue
[2024-06-11T18:34:54.229+0000] {logging_mixin.py:120} INFO - [2024-06-11T18:34:54.229+0000] {dagbag.py:537} INFO - Filling up the DagBag from /home/airflow/.local/lib/python3.7/site-packages/airflow/example_dags/example_bash_operator.py
[2024-06-11T18:34:54.248+0000] {processor.py:766} INFO - DAG(s) dict_keys(['example_bash_operator']) retrieved from /home/airflow/.local/lib/python3.7/site-packages/airflow/example_dags/example_bash_operator.py
[2024-06-11T18:34:54.285+0000] {logging_mixin.py:120} INFO - [2024-06-11T18:34:54.285+0000] {dag.py:2585} INFO - Sync 1 DAGs
[2024-06-11T18:34:54.308+0000] {logging_mixin.py:120} INFO - [2024-06-11T18:34:54.308+0000] {dag.py:3340} INFO - Setting next_dagrun for example_bash_operator to 2024-06-10T00:00:00+00:00, run_after=2024-06-11T00:00:00+00:00
[2024-06-11T18:34:54.323+0000] {processor.py:176} INFO - Processing /home/airflow/.local/lib/python3.7/site-packages/airflow/example_dags/example_bash_operator.py took 0.100 seconds
[2024-06-11T18:35:24.546+0000] {processor.py:154} INFO - Started process (PID=409) to work on /home/airflow/.local/lib/python3.7/site-packages/airflow/example_dags/example_bash_operator.py
[2024-06-11T18:35:24.547+0000] {processor.py:756} INFO - Processing file /home/airflow/.local/lib/python3.7/site-packages/airflow/example_dags/example_bash_operator.py for tasks to queue
[2024-06-11T18:35:24.548+0000] {logging_mixin.py:120} INFO - [2024-06-11T18:35:24.548+0000] {dagbag.py:537} INFO - Filling up the DagBag from /home/airflow/.local/lib/python3.7/site-packages/airflow/example_dags/example_bash_operator.py
[2024-06-11T18:35:24.567+0000] {processor.py:766} INFO - DAG(s) dict_keys(['example_bash_operator']) retrieved from /home/airflow/.local/lib/python3.7/site-packages/airflow/example_dags/example_bash_operator.py
[2024-06-11T18:35:24.609+0000] {logging_mixin.py:120} INFO - [2024-06-11T18:35:24.609+0000] {dag.py:2585} INFO - Sync 1 DAGs
[2024-06-11T18:35:24.632+0000] {logging_mixin.py:120} INFO - [2024-06-11T18:35:24.632+0000] {dag.py:3340} INFO - Setting next_dagrun for example_bash_operator to 2024-06-10T00:00:00+00:00, run_after=2024-06-11T00:00:00+00:00
[2024-06-11T18:35:24.648+0000] {processor.py:176} INFO - Processing /home/airflow/.local/lib/python3.7/site-packages/airflow/example_dags/example_bash_operator.py took 0.105 seconds
[2024-06-11T18:53:02.988+0000] {processor.py:154} INFO - Started process (PID=463) to work on /home/airflow/.local/lib/python3.7/site-packages/airflow/example_dags/example_bash_operator.py
[2024-06-11T18:53:02.989+0000] {processor.py:756} INFO - Processing file /home/airflow/.local/lib/python3.7/site-packages/airflow/example_dags/example_bash_operator.py for tasks to queue
[2024-06-11T18:53:02.990+0000] {logging_mixin.py:120} INFO - [2024-06-11T18:53:02.990+0000] {dagbag.py:537} INFO - Filling up the DagBag from /home/airflow/.local/lib/python3.7/site-packages/airflow/example_dags/example_bash_operator.py
[2024-06-11T18:53:03.013+0000] {processor.py:766} INFO - DAG(s) dict_keys(['example_bash_operator']) retrieved from /home/airflow/.local/lib/python3.7/site-packages/airflow/example_dags/example_bash_operator.py
[2024-06-11T18:53:03.058+0000] {logging_mixin.py:120} INFO - [2024-06-11T18:53:03.058+0000] {dag.py:2585} INFO - Sync 1 DAGs
[2024-06-11T18:53:03.085+0000] {logging_mixin.py:120} INFO - [2024-06-11T18:53:03.085+0000] {dag.py:3340} INFO - Setting next_dagrun for example_bash_operator to 2024-06-10T00:00:00+00:00, run_after=2024-06-11T00:00:00+00:00
[2024-06-11T18:53:03.104+0000] {processor.py:176} INFO - Processing /home/airflow/.local/lib/python3.7/site-packages/airflow/example_dags/example_bash_operator.py took 0.119 seconds
[2024-06-11T18:53:33.952+0000] {processor.py:154} INFO - Started process (PID=526) to work on /home/airflow/.local/lib/python3.7/site-packages/airflow/example_dags/example_bash_operator.py
[2024-06-11T18:53:33.953+0000] {processor.py:756} INFO - Processing file /home/airflow/.local/lib/python3.7/site-packages/airflow/example_dags/example_bash_operator.py for tasks to queue
[2024-06-11T18:53:33.954+0000] {logging_mixin.py:120} INFO - [2024-06-11T18:53:33.954+0000] {dagbag.py:537} INFO - Filling up the DagBag from /home/airflow/.local/lib/python3.7/site-packages/airflow/example_dags/example_bash_operator.py
[2024-06-11T18:53:33.977+0000] {processor.py:766} INFO - DAG(s) dict_keys(['example_bash_operator']) retrieved from /home/airflow/.local/lib/python3.7/site-packages/airflow/example_dags/example_bash_operator.py
[2024-06-11T18:53:34.024+0000] {logging_mixin.py:120} INFO - [2024-06-11T18:53:34.023+0000] {dag.py:2585} INFO - Sync 1 DAGs
[2024-06-11T18:53:34.049+0000] {logging_mixin.py:120} INFO - [2024-06-11T18:53:34.049+0000] {dag.py:3340} INFO - Setting next_dagrun for example_bash_operator to 2024-06-10T00:00:00+00:00, run_after=2024-06-11T00:00:00+00:00
[2024-06-11T18:53:34.064+0000] {processor.py:176} INFO - Processing /home/airflow/.local/lib/python3.7/site-packages/airflow/example_dags/example_bash_operator.py took 0.115 seconds
[2024-06-11T18:54:04.216+0000] {processor.py:154} INFO - Started process (PID=589) to work on /home/airflow/.local/lib/python3.7/site-packages/airflow/example_dags/example_bash_operator.py
[2024-06-11T18:54:04.217+0000] {processor.py:756} INFO - Processing file /home/airflow/.local/lib/python3.7/site-packages/airflow/example_dags/example_bash_operator.py for tasks to queue
[2024-06-11T18:54:04.219+0000] {logging_mixin.py:120} INFO - [2024-06-11T18:54:04.218+0000] {dagbag.py:537} INFO - Filling up the DagBag from /home/airflow/.local/lib/python3.7/site-packages/airflow/example_dags/example_bash_operator.py
[2024-06-11T18:54:04.240+0000] {processor.py:766} INFO - DAG(s) dict_keys(['example_bash_operator']) retrieved from /home/airflow/.local/lib/python3.7/site-packages/airflow/example_dags/example_bash_operator.py
[2024-06-11T18:54:04.283+0000] {logging_mixin.py:120} INFO - [2024-06-11T18:54:04.283+0000] {dag.py:2585} INFO - Sync 1 DAGs
[2024-06-11T18:54:04.307+0000] {logging_mixin.py:120} INFO - [2024-06-11T18:54:04.306+0000] {dag.py:3340} INFO - Setting next_dagrun for example_bash_operator to 2024-06-10T00:00:00+00:00, run_after=2024-06-11T00:00:00+00:00
[2024-06-11T18:54:04.322+0000] {processor.py:176} INFO - Processing /home/airflow/.local/lib/python3.7/site-packages/airflow/example_dags/example_bash_operator.py took 0.108 seconds
[2024-06-11T18:54:34.499+0000] {processor.py:154} INFO - Started process (PID=652) to work on /home/airflow/.local/lib/python3.7/site-packages/airflow/example_dags/example_bash_operator.py
[2024-06-11T18:54:34.500+0000] {processor.py:756} INFO - Processing file /home/airflow/.local/lib/python3.7/site-packages/airflow/example_dags/example_bash_operator.py for tasks to queue
[2024-06-11T18:54:34.501+0000] {logging_mixin.py:120} INFO - [2024-06-11T18:54:34.501+0000] {dagbag.py:537} INFO - Filling up the DagBag from /home/airflow/.local/lib/python3.7/site-packages/airflow/example_dags/example_bash_operator.py
[2024-06-11T18:54:34.523+0000] {processor.py:766} INFO - DAG(s) dict_keys(['example_bash_operator']) retrieved from /home/airflow/.local/lib/python3.7/site-packages/airflow/example_dags/example_bash_operator.py
[2024-06-11T18:54:34.568+0000] {logging_mixin.py:120} INFO - [2024-06-11T18:54:34.568+0000] {dag.py:2585} INFO - Sync 1 DAGs
[2024-06-11T18:54:34.592+0000] {logging_mixin.py:120} INFO - [2024-06-11T18:54:34.592+0000] {dag.py:3340} INFO - Setting next_dagrun for example_bash_operator to 2024-06-10T00:00:00+00:00, run_after=2024-06-11T00:00:00+00:00
[2024-06-11T18:54:34.608+0000] {processor.py:176} INFO - Processing /home/airflow/.local/lib/python3.7/site-packages/airflow/example_dags/example_bash_operator.py took 0.112 seconds
[2024-06-11T18:55:04.869+0000] {processor.py:154} INFO - Started process (PID=706) to work on /home/airflow/.local/lib/python3.7/site-packages/airflow/example_dags/example_bash_operator.py
[2024-06-11T18:55:04.870+0000] {processor.py:756} INFO - Processing file /home/airflow/.local/lib/python3.7/site-packages/airflow/example_dags/example_bash_operator.py for tasks to queue
[2024-06-11T18:55:04.871+0000] {logging_mixin.py:120} INFO - [2024-06-11T18:55:04.871+0000] {dagbag.py:537} INFO - Filling up the DagBag from /home/airflow/.local/lib/python3.7/site-packages/airflow/example_dags/example_bash_operator.py
[2024-06-11T18:55:04.892+0000] {processor.py:766} INFO - DAG(s) dict_keys(['example_bash_operator']) retrieved from /home/airflow/.local/lib/python3.7/site-packages/airflow/example_dags/example_bash_operator.py
[2024-06-11T18:55:04.936+0000] {logging_mixin.py:120} INFO - [2024-06-11T18:55:04.936+0000] {dag.py:2585} INFO - Sync 1 DAGs
[2024-06-11T18:55:04.959+0000] {logging_mixin.py:120} INFO - [2024-06-11T18:55:04.959+0000] {dag.py:3340} INFO - Setting next_dagrun for example_bash_operator to 2024-06-10T00:00:00+00:00, run_after=2024-06-11T00:00:00+00:00
[2024-06-11T18:55:04.974+0000] {processor.py:176} INFO - Processing /home/airflow/.local/lib/python3.7/site-packages/airflow/example_dags/example_bash_operator.py took 0.108 seconds
[2024-06-11T19:13:08.786+0000] {processor.py:154} INFO - Started process (PID=769) to work on /home/airflow/.local/lib/python3.7/site-packages/airflow/example_dags/example_bash_operator.py
[2024-06-11T19:13:08.787+0000] {processor.py:756} INFO - Processing file /home/airflow/.local/lib/python3.7/site-packages/airflow/example_dags/example_bash_operator.py for tasks to queue
[2024-06-11T19:13:08.788+0000] {logging_mixin.py:120} INFO - [2024-06-11T19:13:08.788+0000] {dagbag.py:537} INFO - Filling up the DagBag from /home/airflow/.local/lib/python3.7/site-packages/airflow/example_dags/example_bash_operator.py
[2024-06-11T19:13:08.810+0000] {processor.py:766} INFO - DAG(s) dict_keys(['example_bash_operator']) retrieved from /home/airflow/.local/lib/python3.7/site-packages/airflow/example_dags/example_bash_operator.py
[2024-06-11T19:13:08.855+0000] {logging_mixin.py:120} INFO - [2024-06-11T19:13:08.855+0000] {dag.py:2585} INFO - Sync 1 DAGs
[2024-06-11T19:13:08.879+0000] {logging_mixin.py:120} INFO - [2024-06-11T19:13:08.879+0000] {dag.py:3340} INFO - Setting next_dagrun for example_bash_operator to 2024-06-10T00:00:00+00:00, run_after=2024-06-11T00:00:00+00:00
[2024-06-11T19:13:08.896+0000] {processor.py:176} INFO - Processing /home/airflow/.local/lib/python3.7/site-packages/airflow/example_dags/example_bash_operator.py took 0.114 seconds
[2024-06-11T19:13:39.063+0000] {processor.py:154} INFO - Started process (PID=823) to work on /home/airflow/.local/lib/python3.7/site-packages/airflow/example_dags/example_bash_operator.py
[2024-06-11T19:13:39.064+0000] {processor.py:756} INFO - Processing file /home/airflow/.local/lib/python3.7/site-packages/airflow/example_dags/example_bash_operator.py for tasks to queue
[2024-06-11T19:13:39.065+0000] {logging_mixin.py:120} INFO - [2024-06-11T19:13:39.064+0000] {dagbag.py:537} INFO - Filling up the DagBag from /home/airflow/.local/lib/python3.7/site-packages/airflow/example_dags/example_bash_operator.py
[2024-06-11T19:13:39.083+0000] {processor.py:766} INFO - DAG(s) dict_keys(['example_bash_operator']) retrieved from /home/airflow/.local/lib/python3.7/site-packages/airflow/example_dags/example_bash_operator.py
[2024-06-11T19:13:39.122+0000] {logging_mixin.py:120} INFO - [2024-06-11T19:13:39.122+0000] {dag.py:2585} INFO - Sync 1 DAGs
[2024-06-11T19:13:39.145+0000] {logging_mixin.py:120} INFO - [2024-06-11T19:13:39.145+0000] {dag.py:3340} INFO - Setting next_dagrun for example_bash_operator to 2024-06-10T00:00:00+00:00, run_after=2024-06-11T00:00:00+00:00
[2024-06-11T19:13:39.160+0000] {processor.py:176} INFO - Processing /home/airflow/.local/lib/python3.7/site-packages/airflow/example_dags/example_bash_operator.py took 0.101 seconds
[2024-06-11T19:14:09.539+0000] {processor.py:154} INFO - Started process (PID=886) to work on /home/airflow/.local/lib/python3.7/site-packages/airflow/example_dags/example_bash_operator.py
[2024-06-11T19:14:09.540+0000] {processor.py:756} INFO - Processing file /home/airflow/.local/lib/python3.7/site-packages/airflow/example_dags/example_bash_operator.py for tasks to queue
[2024-06-11T19:14:09.541+0000] {logging_mixin.py:120} INFO - [2024-06-11T19:14:09.541+0000] {dagbag.py:537} INFO - Filling up the DagBag from /home/airflow/.local/lib/python3.7/site-packages/airflow/example_dags/example_bash_operator.py
[2024-06-11T19:14:09.559+0000] {processor.py:766} INFO - DAG(s) dict_keys(['example_bash_operator']) retrieved from /home/airflow/.local/lib/python3.7/site-packages/airflow/example_dags/example_bash_operator.py
[2024-06-11T19:14:09.598+0000] {logging_mixin.py:120} INFO - [2024-06-11T19:14:09.598+0000] {dag.py:2585} INFO - Sync 1 DAGs
[2024-06-11T19:14:09.621+0000] {logging_mixin.py:120} INFO - [2024-06-11T19:14:09.621+0000] {dag.py:3340} INFO - Setting next_dagrun for example_bash_operator to 2024-06-10T00:00:00+00:00, run_after=2024-06-11T00:00:00+00:00
[2024-06-11T19:14:09.636+0000] {processor.py:176} INFO - Processing /home/airflow/.local/lib/python3.7/site-packages/airflow/example_dags/example_bash_operator.py took 0.100 seconds
[2024-06-11T19:14:39.738+0000] {processor.py:154} INFO - Started process (PID=949) to work on /home/airflow/.local/lib/python3.7/site-packages/airflow/example_dags/example_bash_operator.py
[2024-06-11T19:14:39.739+0000] {processor.py:756} INFO - Processing file /home/airflow/.local/lib/python3.7/site-packages/airflow/example_dags/example_bash_operator.py for tasks to queue
[2024-06-11T19:14:39.739+0000] {logging_mixin.py:120} INFO - [2024-06-11T19:14:39.739+0000] {dagbag.py:537} INFO - Filling up the DagBag from /home/airflow/.local/lib/python3.7/site-packages/airflow/example_dags/example_bash_operator.py
[2024-06-11T19:14:39.757+0000] {processor.py:766} INFO - DAG(s) dict_keys(['example_bash_operator']) retrieved from /home/airflow/.local/lib/python3.7/site-packages/airflow/example_dags/example_bash_operator.py
[2024-06-11T19:14:39.796+0000] {logging_mixin.py:120} INFO - [2024-06-11T19:14:39.796+0000] {dag.py:2585} INFO - Sync 1 DAGs
[2024-06-11T19:14:39.818+0000] {logging_mixin.py:120} INFO - [2024-06-11T19:14:39.818+0000] {dag.py:3340} INFO - Setting next_dagrun for example_bash_operator to 2024-06-10T00:00:00+00:00, run_after=2024-06-11T00:00:00+00:00
[2024-06-11T19:14:39.833+0000] {processor.py:176} INFO - Processing /home/airflow/.local/lib/python3.7/site-packages/airflow/example_dags/example_bash_operator.py took 0.098 seconds
[2024-06-11T19:31:46.730+0000] {processor.py:154} INFO - Started process (PID=1012) to work on /home/airflow/.local/lib/python3.7/site-packages/airflow/example_dags/example_bash_operator.py
[2024-06-11T19:31:46.732+0000] {processor.py:756} INFO - Processing file /home/airflow/.local/lib/python3.7/site-packages/airflow/example_dags/example_bash_operator.py for tasks to queue
[2024-06-11T19:31:46.733+0000] {logging_mixin.py:120} INFO - [2024-06-11T19:31:46.733+0000] {dagbag.py:537} INFO - Filling up the DagBag from /home/airflow/.local/lib/python3.7/site-packages/airflow/example_dags/example_bash_operator.py
[2024-06-11T19:31:46.774+0000] {processor.py:766} INFO - DAG(s) dict_keys(['example_bash_operator']) retrieved from /home/airflow/.local/lib/python3.7/site-packages/airflow/example_dags/example_bash_operator.py
[2024-06-11T19:31:46.888+0000] {logging_mixin.py:120} INFO - [2024-06-11T19:31:46.888+0000] {dag.py:2585} INFO - Sync 1 DAGs
[2024-06-11T19:31:47.063+0000] {logging_mixin.py:120} INFO - [2024-06-11T19:31:47.063+0000] {dag.py:3340} INFO - Setting next_dagrun for example_bash_operator to 2024-06-10T00:00:00+00:00, run_after=2024-06-11T00:00:00+00:00
[2024-06-11T19:31:47.100+0000] {processor.py:176} INFO - Processing /home/airflow/.local/lib/python3.7/site-packages/airflow/example_dags/example_bash_operator.py took 0.376 seconds
[2024-06-11T19:32:17.148+0000] {processor.py:154} INFO - Started process (PID=1066) to work on /home/airflow/.local/lib/python3.7/site-packages/airflow/example_dags/example_bash_operator.py
[2024-06-11T19:32:17.150+0000] {processor.py:756} INFO - Processing file /home/airflow/.local/lib/python3.7/site-packages/airflow/example_dags/example_bash_operator.py for tasks to queue
[2024-06-11T19:32:17.151+0000] {logging_mixin.py:120} INFO - [2024-06-11T19:32:17.150+0000] {dagbag.py:537} INFO - Filling up the DagBag from /home/airflow/.local/lib/python3.7/site-packages/airflow/example_dags/example_bash_operator.py
[2024-06-11T19:32:17.169+0000] {processor.py:766} INFO - DAG(s) dict_keys(['example_bash_operator']) retrieved from /home/airflow/.local/lib/python3.7/site-packages/airflow/example_dags/example_bash_operator.py
[2024-06-11T19:32:17.209+0000] {logging_mixin.py:120} INFO - [2024-06-11T19:32:17.209+0000] {dag.py:2585} INFO - Sync 1 DAGs
[2024-06-11T19:32:17.234+0000] {logging_mixin.py:120} INFO - [2024-06-11T19:32:17.233+0000] {dag.py:3340} INFO - Setting next_dagrun for example_bash_operator to 2024-06-10T00:00:00+00:00, run_after=2024-06-11T00:00:00+00:00
[2024-06-11T19:32:17.250+0000] {processor.py:176} INFO - Processing /home/airflow/.local/lib/python3.7/site-packages/airflow/example_dags/example_bash_operator.py took 0.104 seconds
[2024-06-11T19:32:47.534+0000] {processor.py:154} INFO - Started process (PID=1129) to work on /home/airflow/.local/lib/python3.7/site-packages/airflow/example_dags/example_bash_operator.py
[2024-06-11T19:32:47.535+0000] {processor.py:756} INFO - Processing file /home/airflow/.local/lib/python3.7/site-packages/airflow/example_dags/example_bash_operator.py for tasks to queue
[2024-06-11T19:32:47.536+0000] {logging_mixin.py:120} INFO - [2024-06-11T19:32:47.536+0000] {dagbag.py:537} INFO - Filling up the DagBag from /home/airflow/.local/lib/python3.7/site-packages/airflow/example_dags/example_bash_operator.py
[2024-06-11T19:32:47.555+0000] {processor.py:766} INFO - DAG(s) dict_keys(['example_bash_operator']) retrieved from /home/airflow/.local/lib/python3.7/site-packages/airflow/example_dags/example_bash_operator.py
[2024-06-11T19:32:47.596+0000] {logging_mixin.py:120} INFO - [2024-06-11T19:32:47.596+0000] {dag.py:2585} INFO - Sync 1 DAGs
[2024-06-11T19:32:47.619+0000] {logging_mixin.py:120} INFO - [2024-06-11T19:32:47.619+0000] {dag.py:3340} INFO - Setting next_dagrun for example_bash_operator to 2024-06-10T00:00:00+00:00, run_after=2024-06-11T00:00:00+00:00
[2024-06-11T19:32:47.636+0000] {processor.py:176} INFO - Processing /home/airflow/.local/lib/python3.7/site-packages/airflow/example_dags/example_bash_operator.py took 0.104 seconds
[2024-06-11T19:33:17.726+0000] {processor.py:154} INFO - Started process (PID=1192) to work on /home/airflow/.local/lib/python3.7/site-packages/airflow/example_dags/example_bash_operator.py
[2024-06-11T19:33:17.727+0000] {processor.py:756} INFO - Processing file /home/airflow/.local/lib/python3.7/site-packages/airflow/example_dags/example_bash_operator.py for tasks to queue
[2024-06-11T19:33:17.728+0000] {logging_mixin.py:120} INFO - [2024-06-11T19:33:17.728+0000] {dagbag.py:537} INFO - Filling up the DagBag from /home/airflow/.local/lib/python3.7/site-packages/airflow/example_dags/example_bash_operator.py
[2024-06-11T19:33:17.749+0000] {processor.py:766} INFO - DAG(s) dict_keys(['example_bash_operator']) retrieved from /home/airflow/.local/lib/python3.7/site-packages/airflow/example_dags/example_bash_operator.py
[2024-06-11T19:33:17.791+0000] {logging_mixin.py:120} INFO - [2024-06-11T19:33:17.791+0000] {dag.py:2585} INFO - Sync 1 DAGs
[2024-06-11T19:33:17.815+0000] {logging_mixin.py:120} INFO - [2024-06-11T19:33:17.815+0000] {dag.py:3340} INFO - Setting next_dagrun for example_bash_operator to 2024-06-10T00:00:00+00:00, run_after=2024-06-11T00:00:00+00:00
[2024-06-11T19:33:17.835+0000] {processor.py:176} INFO - Processing /home/airflow/.local/lib/python3.7/site-packages/airflow/example_dags/example_bash_operator.py took 0.112 seconds
[2024-06-11T19:49:37.564+0000] {processor.py:154} INFO - Started process (PID=1246) to work on /home/airflow/.local/lib/python3.7/site-packages/airflow/example_dags/example_bash_operator.py
[2024-06-11T19:49:37.565+0000] {processor.py:756} INFO - Processing file /home/airflow/.local/lib/python3.7/site-packages/airflow/example_dags/example_bash_operator.py for tasks to queue
[2024-06-11T19:49:37.566+0000] {logging_mixin.py:120} INFO - [2024-06-11T19:49:37.565+0000] {dagbag.py:537} INFO - Filling up the DagBag from /home/airflow/.local/lib/python3.7/site-packages/airflow/example_dags/example_bash_operator.py
[2024-06-11T19:49:37.584+0000] {processor.py:766} INFO - DAG(s) dict_keys(['example_bash_operator']) retrieved from /home/airflow/.local/lib/python3.7/site-packages/airflow/example_dags/example_bash_operator.py
[2024-06-11T19:49:37.624+0000] {logging_mixin.py:120} INFO - [2024-06-11T19:49:37.624+0000] {dag.py:2585} INFO - Sync 1 DAGs
[2024-06-11T19:49:37.650+0000] {logging_mixin.py:120} INFO - [2024-06-11T19:49:37.650+0000] {dag.py:3340} INFO - Setting next_dagrun for example_bash_operator to 2024-06-10T00:00:00+00:00, run_after=2024-06-11T00:00:00+00:00
[2024-06-11T19:49:37.672+0000] {processor.py:176} INFO - Processing /home/airflow/.local/lib/python3.7/site-packages/airflow/example_dags/example_bash_operator.py took 0.111 seconds
[2024-06-11T19:50:08.028+0000] {processor.py:154} INFO - Started process (PID=1307) to work on /home/airflow/.local/lib/python3.7/site-packages/airflow/example_dags/example_bash_operator.py
[2024-06-11T19:50:08.029+0000] {processor.py:756} INFO - Processing file /home/airflow/.local/lib/python3.7/site-packages/airflow/example_dags/example_bash_operator.py for tasks to queue
[2024-06-11T19:50:08.030+0000] {logging_mixin.py:120} INFO - [2024-06-11T19:50:08.030+0000] {dagbag.py:537} INFO - Filling up the DagBag from /home/airflow/.local/lib/python3.7/site-packages/airflow/example_dags/example_bash_operator.py
[2024-06-11T19:50:08.049+0000] {processor.py:766} INFO - DAG(s) dict_keys(['example_bash_operator']) retrieved from /home/airflow/.local/lib/python3.7/site-packages/airflow/example_dags/example_bash_operator.py
[2024-06-11T19:50:08.091+0000] {logging_mixin.py:120} INFO - [2024-06-11T19:50:08.091+0000] {dag.py:2585} INFO - Sync 1 DAGs
[2024-06-11T19:50:08.118+0000] {logging_mixin.py:120} INFO - [2024-06-11T19:50:08.118+0000] {dag.py:3340} INFO - Setting next_dagrun for example_bash_operator to 2024-06-10T00:00:00+00:00, run_after=2024-06-11T00:00:00+00:00
[2024-06-11T19:50:08.135+0000] {processor.py:176} INFO - Processing /home/airflow/.local/lib/python3.7/site-packages/airflow/example_dags/example_bash_operator.py took 0.110 seconds
[2024-06-11T19:50:39.497+0000] {processor.py:154} INFO - Started process (PID=1362) to work on /home/airflow/.local/lib/python3.7/site-packages/airflow/example_dags/example_bash_operator.py
[2024-06-11T19:50:39.499+0000] {processor.py:756} INFO - Processing file /home/airflow/.local/lib/python3.7/site-packages/airflow/example_dags/example_bash_operator.py for tasks to queue
[2024-06-11T19:50:39.501+0000] {logging_mixin.py:120} INFO - [2024-06-11T19:50:39.501+0000] {dagbag.py:537} INFO - Filling up the DagBag from /home/airflow/.local/lib/python3.7/site-packages/airflow/example_dags/example_bash_operator.py
[2024-06-11T19:50:39.550+0000] {processor.py:766} INFO - DAG(s) dict_keys(['example_bash_operator']) retrieved from /home/airflow/.local/lib/python3.7/site-packages/airflow/example_dags/example_bash_operator.py
[2024-06-11T19:50:39.647+0000] {logging_mixin.py:120} INFO - [2024-06-11T19:50:39.647+0000] {dag.py:2585} INFO - Sync 1 DAGs
[2024-06-11T19:50:39.689+0000] {logging_mixin.py:120} INFO - [2024-06-11T19:50:39.689+0000] {dag.py:3340} INFO - Setting next_dagrun for example_bash_operator to 2024-06-10T00:00:00+00:00, run_after=2024-06-11T00:00:00+00:00
[2024-06-11T19:50:39.717+0000] {processor.py:176} INFO - Processing /home/airflow/.local/lib/python3.7/site-packages/airflow/example_dags/example_bash_operator.py took 0.226 seconds
[2024-06-11T19:51:09.882+0000] {processor.py:154} INFO - Started process (PID=1425) to work on /home/airflow/.local/lib/python3.7/site-packages/airflow/example_dags/example_bash_operator.py
[2024-06-11T19:51:09.883+0000] {processor.py:756} INFO - Processing file /home/airflow/.local/lib/python3.7/site-packages/airflow/example_dags/example_bash_operator.py for tasks to queue
[2024-06-11T19:51:09.884+0000] {logging_mixin.py:120} INFO - [2024-06-11T19:51:09.884+0000] {dagbag.py:537} INFO - Filling up the DagBag from /home/airflow/.local/lib/python3.7/site-packages/airflow/example_dags/example_bash_operator.py
[2024-06-11T19:51:09.903+0000] {processor.py:766} INFO - DAG(s) dict_keys(['example_bash_operator']) retrieved from /home/airflow/.local/lib/python3.7/site-packages/airflow/example_dags/example_bash_operator.py
[2024-06-11T19:51:09.941+0000] {logging_mixin.py:120} INFO - [2024-06-11T19:51:09.941+0000] {dag.py:2585} INFO - Sync 1 DAGs
[2024-06-11T19:51:09.964+0000] {logging_mixin.py:120} INFO - [2024-06-11T19:51:09.964+0000] {dag.py:3340} INFO - Setting next_dagrun for example_bash_operator to 2024-06-10T00:00:00+00:00, run_after=2024-06-11T00:00:00+00:00
[2024-06-11T19:51:09.979+0000] {processor.py:176} INFO - Processing /home/airflow/.local/lib/python3.7/site-packages/airflow/example_dags/example_bash_operator.py took 0.100 seconds
[2024-06-11T19:51:40.581+0000] {processor.py:154} INFO - Started process (PID=1487) to work on /home/airflow/.local/lib/python3.7/site-packages/airflow/example_dags/example_bash_operator.py
[2024-06-11T19:51:40.582+0000] {processor.py:756} INFO - Processing file /home/airflow/.local/lib/python3.7/site-packages/airflow/example_dags/example_bash_operator.py for tasks to queue
[2024-06-11T19:51:40.583+0000] {logging_mixin.py:120} INFO - [2024-06-11T19:51:40.583+0000] {dagbag.py:537} INFO - Filling up the DagBag from /home/airflow/.local/lib/python3.7/site-packages/airflow/example_dags/example_bash_operator.py
[2024-06-11T19:51:40.602+0000] {processor.py:766} INFO - DAG(s) dict_keys(['example_bash_operator']) retrieved from /home/airflow/.local/lib/python3.7/site-packages/airflow/example_dags/example_bash_operator.py
[2024-06-11T19:51:40.640+0000] {logging_mixin.py:120} INFO - [2024-06-11T19:51:40.640+0000] {dag.py:2585} INFO - Sync 1 DAGs
[2024-06-11T19:51:40.664+0000] {logging_mixin.py:120} INFO - [2024-06-11T19:51:40.663+0000] {dag.py:3340} INFO - Setting next_dagrun for example_bash_operator to 2024-06-10T00:00:00+00:00, run_after=2024-06-11T00:00:00+00:00
[2024-06-11T19:51:40.679+0000] {processor.py:176} INFO - Processing /home/airflow/.local/lib/python3.7/site-packages/airflow/example_dags/example_bash_operator.py took 0.101 seconds
[2024-06-11T19:56:18.611+0000] {processor.py:154} INFO - Started process (PID=1541) to work on /home/airflow/.local/lib/python3.7/site-packages/airflow/example_dags/example_bash_operator.py
[2024-06-11T19:56:18.612+0000] {processor.py:756} INFO - Processing file /home/airflow/.local/lib/python3.7/site-packages/airflow/example_dags/example_bash_operator.py for tasks to queue
[2024-06-11T19:56:18.613+0000] {logging_mixin.py:120} INFO - [2024-06-11T19:56:18.613+0000] {dagbag.py:537} INFO - Filling up the DagBag from /home/airflow/.local/lib/python3.7/site-packages/airflow/example_dags/example_bash_operator.py
[2024-06-11T19:56:18.633+0000] {processor.py:766} INFO - DAG(s) dict_keys(['example_bash_operator']) retrieved from /home/airflow/.local/lib/python3.7/site-packages/airflow/example_dags/example_bash_operator.py
[2024-06-11T19:56:18.677+0000] {logging_mixin.py:120} INFO - [2024-06-11T19:56:18.677+0000] {dag.py:2585} INFO - Sync 1 DAGs
[2024-06-11T19:56:18.708+0000] {logging_mixin.py:120} INFO - [2024-06-11T19:56:18.708+0000] {dag.py:3340} INFO - Setting next_dagrun for example_bash_operator to 2024-06-10T00:00:00+00:00, run_after=2024-06-11T00:00:00+00:00
[2024-06-11T19:56:18.728+0000] {processor.py:176} INFO - Processing /home/airflow/.local/lib/python3.7/site-packages/airflow/example_dags/example_bash_operator.py took 0.120 seconds
[2024-06-11T19:56:48.888+0000] {processor.py:154} INFO - Started process (PID=1604) to work on /home/airflow/.local/lib/python3.7/site-packages/airflow/example_dags/example_bash_operator.py
[2024-06-11T19:56:48.889+0000] {processor.py:756} INFO - Processing file /home/airflow/.local/lib/python3.7/site-packages/airflow/example_dags/example_bash_operator.py for tasks to queue
[2024-06-11T19:56:48.890+0000] {logging_mixin.py:120} INFO - [2024-06-11T19:56:48.889+0000] {dagbag.py:537} INFO - Filling up the DagBag from /home/airflow/.local/lib/python3.7/site-packages/airflow/example_dags/example_bash_operator.py
[2024-06-11T19:56:48.908+0000] {processor.py:766} INFO - DAG(s) dict_keys(['example_bash_operator']) retrieved from /home/airflow/.local/lib/python3.7/site-packages/airflow/example_dags/example_bash_operator.py
[2024-06-11T19:56:48.946+0000] {logging_mixin.py:120} INFO - [2024-06-11T19:56:48.946+0000] {dag.py:2585} INFO - Sync 1 DAGs
[2024-06-11T19:56:48.968+0000] {logging_mixin.py:120} INFO - [2024-06-11T19:56:48.968+0000] {dag.py:3340} INFO - Setting next_dagrun for example_bash_operator to 2024-06-10T00:00:00+00:00, run_after=2024-06-11T00:00:00+00:00
[2024-06-11T19:56:48.983+0000] {processor.py:176} INFO - Processing /home/airflow/.local/lib/python3.7/site-packages/airflow/example_dags/example_bash_operator.py took 0.098 seconds
[2024-06-11T19:57:19.186+0000] {processor.py:154} INFO - Started process (PID=1667) to work on /home/airflow/.local/lib/python3.7/site-packages/airflow/example_dags/example_bash_operator.py
[2024-06-11T19:57:19.187+0000] {processor.py:756} INFO - Processing file /home/airflow/.local/lib/python3.7/site-packages/airflow/example_dags/example_bash_operator.py for tasks to queue
[2024-06-11T19:57:19.188+0000] {logging_mixin.py:120} INFO - [2024-06-11T19:57:19.187+0000] {dagbag.py:537} INFO - Filling up the DagBag from /home/airflow/.local/lib/python3.7/site-packages/airflow/example_dags/example_bash_operator.py
[2024-06-11T19:57:19.208+0000] {processor.py:766} INFO - DAG(s) dict_keys(['example_bash_operator']) retrieved from /home/airflow/.local/lib/python3.7/site-packages/airflow/example_dags/example_bash_operator.py
[2024-06-11T19:57:19.248+0000] {logging_mixin.py:120} INFO - [2024-06-11T19:57:19.248+0000] {dag.py:2585} INFO - Sync 1 DAGs
[2024-06-11T19:57:19.271+0000] {logging_mixin.py:120} INFO - [2024-06-11T19:57:19.270+0000] {dag.py:3340} INFO - Setting next_dagrun for example_bash_operator to 2024-06-10T00:00:00+00:00, run_after=2024-06-11T00:00:00+00:00
[2024-06-11T19:57:19.286+0000] {processor.py:176} INFO - Processing /home/airflow/.local/lib/python3.7/site-packages/airflow/example_dags/example_bash_operator.py took 0.104 seconds
[2024-06-11T19:57:49.462+0000] {processor.py:154} INFO - Started process (PID=1729) to work on /home/airflow/.local/lib/python3.7/site-packages/airflow/example_dags/example_bash_operator.py
[2024-06-11T19:57:49.463+0000] {processor.py:756} INFO - Processing file /home/airflow/.local/lib/python3.7/site-packages/airflow/example_dags/example_bash_operator.py for tasks to queue
[2024-06-11T19:57:49.464+0000] {logging_mixin.py:120} INFO - [2024-06-11T19:57:49.464+0000] {dagbag.py:537} INFO - Filling up the DagBag from /home/airflow/.local/lib/python3.7/site-packages/airflow/example_dags/example_bash_operator.py
[2024-06-11T19:57:49.487+0000] {processor.py:766} INFO - DAG(s) dict_keys(['example_bash_operator']) retrieved from /home/airflow/.local/lib/python3.7/site-packages/airflow/example_dags/example_bash_operator.py
[2024-06-11T19:57:49.530+0000] {logging_mixin.py:120} INFO - [2024-06-11T19:57:49.530+0000] {dag.py:2585} INFO - Sync 1 DAGs
[2024-06-11T19:57:49.554+0000] {logging_mixin.py:120} INFO - [2024-06-11T19:57:49.554+0000] {dag.py:3340} INFO - Setting next_dagrun for example_bash_operator to 2024-06-10T00:00:00+00:00, run_after=2024-06-11T00:00:00+00:00
[2024-06-11T19:57:49.569+0000] {processor.py:176} INFO - Processing /home/airflow/.local/lib/python3.7/site-packages/airflow/example_dags/example_bash_operator.py took 0.110 seconds
[2024-06-11T20:15:57.744+0000] {processor.py:154} INFO - Started process (PID=1783) to work on /home/airflow/.local/lib/python3.7/site-packages/airflow/example_dags/example_bash_operator.py
[2024-06-11T20:15:57.748+0000] {processor.py:756} INFO - Processing file /home/airflow/.local/lib/python3.7/site-packages/airflow/example_dags/example_bash_operator.py for tasks to queue
[2024-06-11T20:15:57.750+0000] {logging_mixin.py:120} INFO - [2024-06-11T20:15:57.750+0000] {dagbag.py:537} INFO - Filling up the DagBag from /home/airflow/.local/lib/python3.7/site-packages/airflow/example_dags/example_bash_operator.py
[2024-06-11T20:15:57.775+0000] {processor.py:766} INFO - DAG(s) dict_keys(['example_bash_operator']) retrieved from /home/airflow/.local/lib/python3.7/site-packages/airflow/example_dags/example_bash_operator.py
[2024-06-11T20:15:57.826+0000] {logging_mixin.py:120} INFO - [2024-06-11T20:15:57.825+0000] {dag.py:2585} INFO - Sync 1 DAGs
[2024-06-11T20:15:57.858+0000] {logging_mixin.py:120} INFO - [2024-06-11T20:15:57.858+0000] {dag.py:3340} INFO - Setting next_dagrun for example_bash_operator to 2024-06-10T00:00:00+00:00, run_after=2024-06-11T00:00:00+00:00
[2024-06-11T20:15:57.882+0000] {processor.py:176} INFO - Processing /home/airflow/.local/lib/python3.7/site-packages/airflow/example_dags/example_bash_operator.py took 0.142 seconds
[2024-06-11T20:16:28.733+0000] {processor.py:154} INFO - Started process (PID=1846) to work on /home/airflow/.local/lib/python3.7/site-packages/airflow/example_dags/example_bash_operator.py
[2024-06-11T20:16:28.734+0000] {processor.py:756} INFO - Processing file /home/airflow/.local/lib/python3.7/site-packages/airflow/example_dags/example_bash_operator.py for tasks to queue
[2024-06-11T20:16:28.735+0000] {logging_mixin.py:120} INFO - [2024-06-11T20:16:28.735+0000] {dagbag.py:537} INFO - Filling up the DagBag from /home/airflow/.local/lib/python3.7/site-packages/airflow/example_dags/example_bash_operator.py
[2024-06-11T20:16:28.753+0000] {processor.py:766} INFO - DAG(s) dict_keys(['example_bash_operator']) retrieved from /home/airflow/.local/lib/python3.7/site-packages/airflow/example_dags/example_bash_operator.py
[2024-06-11T20:16:28.792+0000] {logging_mixin.py:120} INFO - [2024-06-11T20:16:28.792+0000] {dag.py:2585} INFO - Sync 1 DAGs
[2024-06-11T20:16:28.814+0000] {logging_mixin.py:120} INFO - [2024-06-11T20:16:28.814+0000] {dag.py:3340} INFO - Setting next_dagrun for example_bash_operator to 2024-06-10T00:00:00+00:00, run_after=2024-06-11T00:00:00+00:00
[2024-06-11T20:16:28.829+0000] {processor.py:176} INFO - Processing /home/airflow/.local/lib/python3.7/site-packages/airflow/example_dags/example_bash_operator.py took 0.099 seconds
[2024-06-11T20:16:59.068+0000] {processor.py:154} INFO - Started process (PID=1909) to work on /home/airflow/.local/lib/python3.7/site-packages/airflow/example_dags/example_bash_operator.py
[2024-06-11T20:16:59.070+0000] {processor.py:756} INFO - Processing file /home/airflow/.local/lib/python3.7/site-packages/airflow/example_dags/example_bash_operator.py for tasks to queue
[2024-06-11T20:16:59.071+0000] {logging_mixin.py:120} INFO - [2024-06-11T20:16:59.071+0000] {dagbag.py:537} INFO - Filling up the DagBag from /home/airflow/.local/lib/python3.7/site-packages/airflow/example_dags/example_bash_operator.py
[2024-06-11T20:16:59.090+0000] {processor.py:766} INFO - DAG(s) dict_keys(['example_bash_operator']) retrieved from /home/airflow/.local/lib/python3.7/site-packages/airflow/example_dags/example_bash_operator.py
[2024-06-11T20:16:59.129+0000] {logging_mixin.py:120} INFO - [2024-06-11T20:16:59.129+0000] {dag.py:2585} INFO - Sync 1 DAGs
[2024-06-11T20:16:59.152+0000] {logging_mixin.py:120} INFO - [2024-06-11T20:16:59.151+0000] {dag.py:3340} INFO - Setting next_dagrun for example_bash_operator to 2024-06-10T00:00:00+00:00, run_after=2024-06-11T00:00:00+00:00
[2024-06-11T20:16:59.169+0000] {processor.py:176} INFO - Processing /home/airflow/.local/lib/python3.7/site-packages/airflow/example_dags/example_bash_operator.py took 0.104 seconds
[2024-06-11T20:17:29.307+0000] {processor.py:154} INFO - Started process (PID=1972) to work on /home/airflow/.local/lib/python3.7/site-packages/airflow/example_dags/example_bash_operator.py
[2024-06-11T20:17:29.310+0000] {processor.py:756} INFO - Processing file /home/airflow/.local/lib/python3.7/site-packages/airflow/example_dags/example_bash_operator.py for tasks to queue
[2024-06-11T20:17:29.311+0000] {logging_mixin.py:120} INFO - [2024-06-11T20:17:29.311+0000] {dagbag.py:537} INFO - Filling up the DagBag from /home/airflow/.local/lib/python3.7/site-packages/airflow/example_dags/example_bash_operator.py
[2024-06-11T20:17:29.330+0000] {processor.py:766} INFO - DAG(s) dict_keys(['example_bash_operator']) retrieved from /home/airflow/.local/lib/python3.7/site-packages/airflow/example_dags/example_bash_operator.py
[2024-06-11T20:17:29.369+0000] {logging_mixin.py:120} INFO - [2024-06-11T20:17:29.369+0000] {dag.py:2585} INFO - Sync 1 DAGs
[2024-06-11T20:17:29.394+0000] {logging_mixin.py:120} INFO - [2024-06-11T20:17:29.393+0000] {dag.py:3340} INFO - Setting next_dagrun for example_bash_operator to 2024-06-10T00:00:00+00:00, run_after=2024-06-11T00:00:00+00:00
[2024-06-11T20:17:29.410+0000] {processor.py:176} INFO - Processing /home/airflow/.local/lib/python3.7/site-packages/airflow/example_dags/example_bash_operator.py took 0.106 seconds
[2024-06-11T20:17:59.465+0000] {processor.py:154} INFO - Started process (PID=2026) to work on /home/airflow/.local/lib/python3.7/site-packages/airflow/example_dags/example_bash_operator.py
[2024-06-11T20:17:59.466+0000] {processor.py:756} INFO - Processing file /home/airflow/.local/lib/python3.7/site-packages/airflow/example_dags/example_bash_operator.py for tasks to queue
[2024-06-11T20:17:59.466+0000] {logging_mixin.py:120} INFO - [2024-06-11T20:17:59.466+0000] {dagbag.py:537} INFO - Filling up the DagBag from /home/airflow/.local/lib/python3.7/site-packages/airflow/example_dags/example_bash_operator.py
[2024-06-11T20:17:59.485+0000] {processor.py:766} INFO - DAG(s) dict_keys(['example_bash_operator']) retrieved from /home/airflow/.local/lib/python3.7/site-packages/airflow/example_dags/example_bash_operator.py
[2024-06-11T20:17:59.524+0000] {logging_mixin.py:120} INFO - [2024-06-11T20:17:59.524+0000] {dag.py:2585} INFO - Sync 1 DAGs
[2024-06-11T20:17:59.546+0000] {logging_mixin.py:120} INFO - [2024-06-11T20:17:59.546+0000] {dag.py:3340} INFO - Setting next_dagrun for example_bash_operator to 2024-06-10T00:00:00+00:00, run_after=2024-06-11T00:00:00+00:00
[2024-06-11T20:17:59.561+0000] {processor.py:176} INFO - Processing /home/airflow/.local/lib/python3.7/site-packages/airflow/example_dags/example_bash_operator.py took 0.100 seconds
[2024-06-11T20:36:22.510+0000] {processor.py:154} INFO - Started process (PID=2089) to work on /home/airflow/.local/lib/python3.7/site-packages/airflow/example_dags/example_bash_operator.py
[2024-06-11T20:36:22.511+0000] {processor.py:756} INFO - Processing file /home/airflow/.local/lib/python3.7/site-packages/airflow/example_dags/example_bash_operator.py for tasks to queue
[2024-06-11T20:36:22.513+0000] {logging_mixin.py:120} INFO - [2024-06-11T20:36:22.512+0000] {dagbag.py:537} INFO - Filling up the DagBag from /home/airflow/.local/lib/python3.7/site-packages/airflow/example_dags/example_bash_operator.py
[2024-06-11T20:36:22.535+0000] {processor.py:766} INFO - DAG(s) dict_keys(['example_bash_operator']) retrieved from /home/airflow/.local/lib/python3.7/site-packages/airflow/example_dags/example_bash_operator.py
[2024-06-11T20:36:22.591+0000] {logging_mixin.py:120} INFO - [2024-06-11T20:36:22.590+0000] {dag.py:2585} INFO - Sync 1 DAGs
[2024-06-11T20:36:22.616+0000] {logging_mixin.py:120} INFO - [2024-06-11T20:36:22.616+0000] {dag.py:3340} INFO - Setting next_dagrun for example_bash_operator to 2024-06-10T00:00:00+00:00, run_after=2024-06-11T00:00:00+00:00
[2024-06-11T20:36:22.633+0000] {processor.py:176} INFO - Processing /home/airflow/.local/lib/python3.7/site-packages/airflow/example_dags/example_bash_operator.py took 0.127 seconds
[2024-06-11T20:36:52.911+0000] {processor.py:154} INFO - Started process (PID=2152) to work on /home/airflow/.local/lib/python3.7/site-packages/airflow/example_dags/example_bash_operator.py
[2024-06-11T20:36:52.912+0000] {processor.py:756} INFO - Processing file /home/airflow/.local/lib/python3.7/site-packages/airflow/example_dags/example_bash_operator.py for tasks to queue
[2024-06-11T20:36:52.913+0000] {logging_mixin.py:120} INFO - [2024-06-11T20:36:52.913+0000] {dagbag.py:537} INFO - Filling up the DagBag from /home/airflow/.local/lib/python3.7/site-packages/airflow/example_dags/example_bash_operator.py
[2024-06-11T20:36:52.932+0000] {processor.py:766} INFO - DAG(s) dict_keys(['example_bash_operator']) retrieved from /home/airflow/.local/lib/python3.7/site-packages/airflow/example_dags/example_bash_operator.py
[2024-06-11T20:36:52.974+0000] {logging_mixin.py:120} INFO - [2024-06-11T20:36:52.974+0000] {dag.py:2585} INFO - Sync 1 DAGs
[2024-06-11T20:36:52.998+0000] {logging_mixin.py:120} INFO - [2024-06-11T20:36:52.998+0000] {dag.py:3340} INFO - Setting next_dagrun for example_bash_operator to 2024-06-10T00:00:00+00:00, run_after=2024-06-11T00:00:00+00:00
[2024-06-11T20:36:53.016+0000] {processor.py:176} INFO - Processing /home/airflow/.local/lib/python3.7/site-packages/airflow/example_dags/example_bash_operator.py took 0.108 seconds
[2024-06-11T20:37:23.369+0000] {processor.py:154} INFO - Started process (PID=2206) to work on /home/airflow/.local/lib/python3.7/site-packages/airflow/example_dags/example_bash_operator.py
[2024-06-11T20:37:23.370+0000] {processor.py:756} INFO - Processing file /home/airflow/.local/lib/python3.7/site-packages/airflow/example_dags/example_bash_operator.py for tasks to queue
[2024-06-11T20:37:23.371+0000] {logging_mixin.py:120} INFO - [2024-06-11T20:37:23.371+0000] {dagbag.py:537} INFO - Filling up the DagBag from /home/airflow/.local/lib/python3.7/site-packages/airflow/example_dags/example_bash_operator.py
[2024-06-11T20:37:23.389+0000] {processor.py:766} INFO - DAG(s) dict_keys(['example_bash_operator']) retrieved from /home/airflow/.local/lib/python3.7/site-packages/airflow/example_dags/example_bash_operator.py
[2024-06-11T20:37:23.428+0000] {logging_mixin.py:120} INFO - [2024-06-11T20:37:23.428+0000] {dag.py:2585} INFO - Sync 1 DAGs
[2024-06-11T20:37:23.452+0000] {logging_mixin.py:120} INFO - [2024-06-11T20:37:23.451+0000] {dag.py:3340} INFO - Setting next_dagrun for example_bash_operator to 2024-06-10T00:00:00+00:00, run_after=2024-06-11T00:00:00+00:00
[2024-06-11T20:37:23.467+0000] {processor.py:176} INFO - Processing /home/airflow/.local/lib/python3.7/site-packages/airflow/example_dags/example_bash_operator.py took 0.101 seconds
[2024-06-11T20:37:53.699+0000] {processor.py:154} INFO - Started process (PID=2269) to work on /home/airflow/.local/lib/python3.7/site-packages/airflow/example_dags/example_bash_operator.py
[2024-06-11T20:37:53.700+0000] {processor.py:756} INFO - Processing file /home/airflow/.local/lib/python3.7/site-packages/airflow/example_dags/example_bash_operator.py for tasks to queue
[2024-06-11T20:37:53.700+0000] {logging_mixin.py:120} INFO - [2024-06-11T20:37:53.700+0000] {dagbag.py:537} INFO - Filling up the DagBag from /home/airflow/.local/lib/python3.7/site-packages/airflow/example_dags/example_bash_operator.py
[2024-06-11T20:37:53.721+0000] {processor.py:766} INFO - DAG(s) dict_keys(['example_bash_operator']) retrieved from /home/airflow/.local/lib/python3.7/site-packages/airflow/example_dags/example_bash_operator.py
[2024-06-11T20:37:53.762+0000] {logging_mixin.py:120} INFO - [2024-06-11T20:37:53.762+0000] {dag.py:2585} INFO - Sync 1 DAGs
[2024-06-11T20:37:53.784+0000] {logging_mixin.py:120} INFO - [2024-06-11T20:37:53.784+0000] {dag.py:3340} INFO - Setting next_dagrun for example_bash_operator to 2024-06-10T00:00:00+00:00, run_after=2024-06-11T00:00:00+00:00
[2024-06-11T20:37:53.799+0000] {processor.py:176} INFO - Processing /home/airflow/.local/lib/python3.7/site-packages/airflow/example_dags/example_bash_operator.py took 0.103 seconds
[2024-06-11T20:38:24.106+0000] {processor.py:154} INFO - Started process (PID=2332) to work on /home/airflow/.local/lib/python3.7/site-packages/airflow/example_dags/example_bash_operator.py
[2024-06-11T20:38:24.107+0000] {processor.py:756} INFO - Processing file /home/airflow/.local/lib/python3.7/site-packages/airflow/example_dags/example_bash_operator.py for tasks to queue
[2024-06-11T20:38:24.108+0000] {logging_mixin.py:120} INFO - [2024-06-11T20:38:24.108+0000] {dagbag.py:537} INFO - Filling up the DagBag from /home/airflow/.local/lib/python3.7/site-packages/airflow/example_dags/example_bash_operator.py
[2024-06-11T20:38:24.127+0000] {processor.py:766} INFO - DAG(s) dict_keys(['example_bash_operator']) retrieved from /home/airflow/.local/lib/python3.7/site-packages/airflow/example_dags/example_bash_operator.py
[2024-06-11T20:38:24.166+0000] {logging_mixin.py:120} INFO - [2024-06-11T20:38:24.166+0000] {dag.py:2585} INFO - Sync 1 DAGs
[2024-06-11T20:38:24.189+0000] {logging_mixin.py:120} INFO - [2024-06-11T20:38:24.189+0000] {dag.py:3340} INFO - Setting next_dagrun for example_bash_operator to 2024-06-10T00:00:00+00:00, run_after=2024-06-11T00:00:00+00:00
[2024-06-11T20:38:24.203+0000] {processor.py:176} INFO - Processing /home/airflow/.local/lib/python3.7/site-packages/airflow/example_dags/example_bash_operator.py took 0.100 seconds
[2024-06-11T20:53:48.598+0000] {processor.py:154} INFO - Started process (PID=2385) to work on /home/airflow/.local/lib/python3.7/site-packages/airflow/example_dags/example_bash_operator.py
[2024-06-11T20:53:48.599+0000] {processor.py:756} INFO - Processing file /home/airflow/.local/lib/python3.7/site-packages/airflow/example_dags/example_bash_operator.py for tasks to queue
[2024-06-11T20:53:48.600+0000] {logging_mixin.py:120} INFO - [2024-06-11T20:53:48.600+0000] {dagbag.py:537} INFO - Filling up the DagBag from /home/airflow/.local/lib/python3.7/site-packages/airflow/example_dags/example_bash_operator.py
[2024-06-11T20:53:48.621+0000] {processor.py:766} INFO - DAG(s) dict_keys(['example_bash_operator']) retrieved from /home/airflow/.local/lib/python3.7/site-packages/airflow/example_dags/example_bash_operator.py
[2024-06-11T20:53:48.663+0000] {logging_mixin.py:120} INFO - [2024-06-11T20:53:48.663+0000] {dag.py:2585} INFO - Sync 1 DAGs
[2024-06-11T20:53:48.689+0000] {logging_mixin.py:120} INFO - [2024-06-11T20:53:48.688+0000] {dag.py:3340} INFO - Setting next_dagrun for example_bash_operator to 2024-06-10T00:00:00+00:00, run_after=2024-06-11T00:00:00+00:00
[2024-06-11T20:53:48.707+0000] {processor.py:176} INFO - Processing /home/airflow/.local/lib/python3.7/site-packages/airflow/example_dags/example_bash_operator.py took 0.113 seconds
[2024-06-11T20:54:19.140+0000] {processor.py:154} INFO - Started process (PID=2448) to work on /home/airflow/.local/lib/python3.7/site-packages/airflow/example_dags/example_bash_operator.py
[2024-06-11T20:54:19.140+0000] {processor.py:756} INFO - Processing file /home/airflow/.local/lib/python3.7/site-packages/airflow/example_dags/example_bash_operator.py for tasks to queue
[2024-06-11T20:54:19.141+0000] {logging_mixin.py:120} INFO - [2024-06-11T20:54:19.141+0000] {dagbag.py:537} INFO - Filling up the DagBag from /home/airflow/.local/lib/python3.7/site-packages/airflow/example_dags/example_bash_operator.py
[2024-06-11T20:54:19.162+0000] {processor.py:766} INFO - DAG(s) dict_keys(['example_bash_operator']) retrieved from /home/airflow/.local/lib/python3.7/site-packages/airflow/example_dags/example_bash_operator.py
[2024-06-11T20:54:19.199+0000] {logging_mixin.py:120} INFO - [2024-06-11T20:54:19.199+0000] {dag.py:2585} INFO - Sync 1 DAGs
[2024-06-11T20:54:19.222+0000] {logging_mixin.py:120} INFO - [2024-06-11T20:54:19.222+0000] {dag.py:3340} INFO - Setting next_dagrun for example_bash_operator to 2024-06-10T00:00:00+00:00, run_after=2024-06-11T00:00:00+00:00
[2024-06-11T20:54:19.238+0000] {processor.py:176} INFO - Processing /home/airflow/.local/lib/python3.7/site-packages/airflow/example_dags/example_bash_operator.py took 0.102 seconds
[2024-06-11T20:54:49.385+0000] {processor.py:154} INFO - Started process (PID=2511) to work on /home/airflow/.local/lib/python3.7/site-packages/airflow/example_dags/example_bash_operator.py
[2024-06-11T20:54:49.386+0000] {processor.py:756} INFO - Processing file /home/airflow/.local/lib/python3.7/site-packages/airflow/example_dags/example_bash_operator.py for tasks to queue
[2024-06-11T20:54:49.387+0000] {logging_mixin.py:120} INFO - [2024-06-11T20:54:49.387+0000] {dagbag.py:537} INFO - Filling up the DagBag from /home/airflow/.local/lib/python3.7/site-packages/airflow/example_dags/example_bash_operator.py
[2024-06-11T20:54:49.405+0000] {processor.py:766} INFO - DAG(s) dict_keys(['example_bash_operator']) retrieved from /home/airflow/.local/lib/python3.7/site-packages/airflow/example_dags/example_bash_operator.py
[2024-06-11T20:54:49.444+0000] {logging_mixin.py:120} INFO - [2024-06-11T20:54:49.444+0000] {dag.py:2585} INFO - Sync 1 DAGs
[2024-06-11T20:54:49.466+0000] {logging_mixin.py:120} INFO - [2024-06-11T20:54:49.466+0000] {dag.py:3340} INFO - Setting next_dagrun for example_bash_operator to 2024-06-10T00:00:00+00:00, run_after=2024-06-11T00:00:00+00:00
[2024-06-11T20:54:49.481+0000] {processor.py:176} INFO - Processing /home/airflow/.local/lib/python3.7/site-packages/airflow/example_dags/example_bash_operator.py took 0.099 seconds
[2024-06-11T20:55:19.676+0000] {processor.py:154} INFO - Started process (PID=2565) to work on /home/airflow/.local/lib/python3.7/site-packages/airflow/example_dags/example_bash_operator.py
[2024-06-11T20:55:19.677+0000] {processor.py:756} INFO - Processing file /home/airflow/.local/lib/python3.7/site-packages/airflow/example_dags/example_bash_operator.py for tasks to queue
[2024-06-11T20:55:19.678+0000] {logging_mixin.py:120} INFO - [2024-06-11T20:55:19.678+0000] {dagbag.py:537} INFO - Filling up the DagBag from /home/airflow/.local/lib/python3.7/site-packages/airflow/example_dags/example_bash_operator.py
[2024-06-11T20:55:19.697+0000] {processor.py:766} INFO - DAG(s) dict_keys(['example_bash_operator']) retrieved from /home/airflow/.local/lib/python3.7/site-packages/airflow/example_dags/example_bash_operator.py
[2024-06-11T20:55:19.735+0000] {logging_mixin.py:120} INFO - [2024-06-11T20:55:19.735+0000] {dag.py:2585} INFO - Sync 1 DAGs
[2024-06-11T20:55:19.757+0000] {logging_mixin.py:120} INFO - [2024-06-11T20:55:19.757+0000] {dag.py:3340} INFO - Setting next_dagrun for example_bash_operator to 2024-06-10T00:00:00+00:00, run_after=2024-06-11T00:00:00+00:00
[2024-06-11T20:55:19.772+0000] {processor.py:176} INFO - Processing /home/airflow/.local/lib/python3.7/site-packages/airflow/example_dags/example_bash_operator.py took 0.099 seconds
[2024-06-11T20:55:49.886+0000] {processor.py:154} INFO - Started process (PID=2628) to work on /home/airflow/.local/lib/python3.7/site-packages/airflow/example_dags/example_bash_operator.py
[2024-06-11T20:55:49.887+0000] {processor.py:756} INFO - Processing file /home/airflow/.local/lib/python3.7/site-packages/airflow/example_dags/example_bash_operator.py for tasks to queue
[2024-06-11T20:55:49.888+0000] {logging_mixin.py:120} INFO - [2024-06-11T20:55:49.888+0000] {dagbag.py:537} INFO - Filling up the DagBag from /home/airflow/.local/lib/python3.7/site-packages/airflow/example_dags/example_bash_operator.py
[2024-06-11T20:55:49.907+0000] {processor.py:766} INFO - DAG(s) dict_keys(['example_bash_operator']) retrieved from /home/airflow/.local/lib/python3.7/site-packages/airflow/example_dags/example_bash_operator.py
[2024-06-11T20:55:49.945+0000] {logging_mixin.py:120} INFO - [2024-06-11T20:55:49.945+0000] {dag.py:2585} INFO - Sync 1 DAGs
[2024-06-11T20:55:49.968+0000] {logging_mixin.py:120} INFO - [2024-06-11T20:55:49.968+0000] {dag.py:3340} INFO - Setting next_dagrun for example_bash_operator to 2024-06-10T00:00:00+00:00, run_after=2024-06-11T00:00:00+00:00
[2024-06-11T20:55:49.986+0000] {processor.py:176} INFO - Processing /home/airflow/.local/lib/python3.7/site-packages/airflow/example_dags/example_bash_operator.py took 0.102 seconds
[2024-06-11T20:57:21.248+0000] {processor.py:154} INFO - Started process (PID=2691) to work on /home/airflow/.local/lib/python3.7/site-packages/airflow/example_dags/example_bash_operator.py
[2024-06-11T20:57:21.249+0000] {processor.py:756} INFO - Processing file /home/airflow/.local/lib/python3.7/site-packages/airflow/example_dags/example_bash_operator.py for tasks to queue
[2024-06-11T20:57:21.250+0000] {logging_mixin.py:120} INFO - [2024-06-11T20:57:21.250+0000] {dagbag.py:537} INFO - Filling up the DagBag from /home/airflow/.local/lib/python3.7/site-packages/airflow/example_dags/example_bash_operator.py
[2024-06-11T20:57:21.270+0000] {processor.py:766} INFO - DAG(s) dict_keys(['example_bash_operator']) retrieved from /home/airflow/.local/lib/python3.7/site-packages/airflow/example_dags/example_bash_operator.py
[2024-06-11T20:57:21.308+0000] {logging_mixin.py:120} INFO - [2024-06-11T20:57:21.308+0000] {dag.py:2585} INFO - Sync 1 DAGs
[2024-06-11T20:57:21.334+0000] {logging_mixin.py:120} INFO - [2024-06-11T20:57:21.333+0000] {dag.py:3340} INFO - Setting next_dagrun for example_bash_operator to 2024-06-10T00:00:00+00:00, run_after=2024-06-11T00:00:00+00:00
[2024-06-11T20:57:21.349+0000] {processor.py:176} INFO - Processing /home/airflow/.local/lib/python3.7/site-packages/airflow/example_dags/example_bash_operator.py took 0.104 seconds
[2024-06-11T20:57:51.417+0000] {processor.py:154} INFO - Started process (PID=2751) to work on /home/airflow/.local/lib/python3.7/site-packages/airflow/example_dags/example_bash_operator.py
[2024-06-11T20:57:51.419+0000] {processor.py:756} INFO - Processing file /home/airflow/.local/lib/python3.7/site-packages/airflow/example_dags/example_bash_operator.py for tasks to queue
[2024-06-11T20:57:51.419+0000] {logging_mixin.py:120} INFO - [2024-06-11T20:57:51.419+0000] {dagbag.py:537} INFO - Filling up the DagBag from /home/airflow/.local/lib/python3.7/site-packages/airflow/example_dags/example_bash_operator.py
[2024-06-11T20:57:51.439+0000] {processor.py:766} INFO - DAG(s) dict_keys(['example_bash_operator']) retrieved from /home/airflow/.local/lib/python3.7/site-packages/airflow/example_dags/example_bash_operator.py
[2024-06-11T20:57:51.479+0000] {logging_mixin.py:120} INFO - [2024-06-11T20:57:51.478+0000] {dag.py:2585} INFO - Sync 1 DAGs
[2024-06-11T20:57:51.502+0000] {logging_mixin.py:120} INFO - [2024-06-11T20:57:51.502+0000] {dag.py:3340} INFO - Setting next_dagrun for example_bash_operator to 2024-06-10T00:00:00+00:00, run_after=2024-06-11T00:00:00+00:00
[2024-06-11T20:57:51.519+0000] {processor.py:176} INFO - Processing /home/airflow/.local/lib/python3.7/site-packages/airflow/example_dags/example_bash_operator.py took 0.105 seconds
[2024-06-11T20:58:21.688+0000] {processor.py:154} INFO - Started process (PID=2807) to work on /home/airflow/.local/lib/python3.7/site-packages/airflow/example_dags/example_bash_operator.py
[2024-06-11T20:58:21.689+0000] {processor.py:756} INFO - Processing file /home/airflow/.local/lib/python3.7/site-packages/airflow/example_dags/example_bash_operator.py for tasks to queue
[2024-06-11T20:58:21.690+0000] {logging_mixin.py:120} INFO - [2024-06-11T20:58:21.690+0000] {dagbag.py:537} INFO - Filling up the DagBag from /home/airflow/.local/lib/python3.7/site-packages/airflow/example_dags/example_bash_operator.py
[2024-06-11T20:58:21.708+0000] {processor.py:766} INFO - DAG(s) dict_keys(['example_bash_operator']) retrieved from /home/airflow/.local/lib/python3.7/site-packages/airflow/example_dags/example_bash_operator.py
[2024-06-11T20:58:21.746+0000] {logging_mixin.py:120} INFO - [2024-06-11T20:58:21.746+0000] {dag.py:2585} INFO - Sync 1 DAGs
[2024-06-11T20:58:21.768+0000] {logging_mixin.py:120} INFO - [2024-06-11T20:58:21.768+0000] {dag.py:3340} INFO - Setting next_dagrun for example_bash_operator to 2024-06-10T00:00:00+00:00, run_after=2024-06-11T00:00:00+00:00
[2024-06-11T20:58:21.784+0000] {processor.py:176} INFO - Processing /home/airflow/.local/lib/python3.7/site-packages/airflow/example_dags/example_bash_operator.py took 0.099 seconds
[2024-06-11T20:58:51.873+0000] {processor.py:154} INFO - Started process (PID=2870) to work on /home/airflow/.local/lib/python3.7/site-packages/airflow/example_dags/example_bash_operator.py
[2024-06-11T20:58:51.874+0000] {processor.py:756} INFO - Processing file /home/airflow/.local/lib/python3.7/site-packages/airflow/example_dags/example_bash_operator.py for tasks to queue
[2024-06-11T20:58:51.875+0000] {logging_mixin.py:120} INFO - [2024-06-11T20:58:51.874+0000] {dagbag.py:537} INFO - Filling up the DagBag from /home/airflow/.local/lib/python3.7/site-packages/airflow/example_dags/example_bash_operator.py
[2024-06-11T20:58:51.893+0000] {processor.py:766} INFO - DAG(s) dict_keys(['example_bash_operator']) retrieved from /home/airflow/.local/lib/python3.7/site-packages/airflow/example_dags/example_bash_operator.py
[2024-06-11T20:58:51.968+0000] {logging_mixin.py:120} INFO - [2024-06-11T20:58:51.968+0000] {dag.py:2585} INFO - Sync 1 DAGs
[2024-06-11T20:58:51.991+0000] {logging_mixin.py:120} INFO - [2024-06-11T20:58:51.990+0000] {dag.py:3340} INFO - Setting next_dagrun for example_bash_operator to 2024-06-10T00:00:00+00:00, run_after=2024-06-11T00:00:00+00:00
[2024-06-11T20:58:52.007+0000] {processor.py:176} INFO - Processing /home/airflow/.local/lib/python3.7/site-packages/airflow/example_dags/example_bash_operator.py took 0.138 seconds
[2024-06-11T21:14:52.527+0000] {processor.py:154} INFO - Started process (PID=2932) to work on /home/airflow/.local/lib/python3.7/site-packages/airflow/example_dags/example_bash_operator.py
[2024-06-11T21:14:52.528+0000] {processor.py:756} INFO - Processing file /home/airflow/.local/lib/python3.7/site-packages/airflow/example_dags/example_bash_operator.py for tasks to queue
[2024-06-11T21:14:52.529+0000] {logging_mixin.py:120} INFO - [2024-06-11T21:14:52.529+0000] {dagbag.py:537} INFO - Filling up the DagBag from /home/airflow/.local/lib/python3.7/site-packages/airflow/example_dags/example_bash_operator.py
[2024-06-11T21:14:52.553+0000] {processor.py:766} INFO - DAG(s) dict_keys(['example_bash_operator']) retrieved from /home/airflow/.local/lib/python3.7/site-packages/airflow/example_dags/example_bash_operator.py
[2024-06-11T21:14:52.612+0000] {logging_mixin.py:120} INFO - [2024-06-11T21:14:52.612+0000] {dag.py:2585} INFO - Sync 1 DAGs
[2024-06-11T21:14:52.644+0000] {logging_mixin.py:120} INFO - [2024-06-11T21:14:52.643+0000] {dag.py:3340} INFO - Setting next_dagrun for example_bash_operator to 2024-06-10T00:00:00+00:00, run_after=2024-06-11T00:00:00+00:00
[2024-06-11T21:14:52.665+0000] {processor.py:176} INFO - Processing /home/airflow/.local/lib/python3.7/site-packages/airflow/example_dags/example_bash_operator.py took 0.142 seconds
[2024-06-11T21:15:22.782+0000] {processor.py:154} INFO - Started process (PID=2986) to work on /home/airflow/.local/lib/python3.7/site-packages/airflow/example_dags/example_bash_operator.py
[2024-06-11T21:15:22.783+0000] {processor.py:756} INFO - Processing file /home/airflow/.local/lib/python3.7/site-packages/airflow/example_dags/example_bash_operator.py for tasks to queue
[2024-06-11T21:15:22.783+0000] {logging_mixin.py:120} INFO - [2024-06-11T21:15:22.783+0000] {dagbag.py:537} INFO - Filling up the DagBag from /home/airflow/.local/lib/python3.7/site-packages/airflow/example_dags/example_bash_operator.py
[2024-06-11T21:15:22.802+0000] {processor.py:766} INFO - DAG(s) dict_keys(['example_bash_operator']) retrieved from /home/airflow/.local/lib/python3.7/site-packages/airflow/example_dags/example_bash_operator.py
[2024-06-11T21:15:22.840+0000] {logging_mixin.py:120} INFO - [2024-06-11T21:15:22.840+0000] {dag.py:2585} INFO - Sync 1 DAGs
[2024-06-11T21:15:22.863+0000] {logging_mixin.py:120} INFO - [2024-06-11T21:15:22.863+0000] {dag.py:3340} INFO - Setting next_dagrun for example_bash_operator to 2024-06-10T00:00:00+00:00, run_after=2024-06-11T00:00:00+00:00
[2024-06-11T21:15:22.879+0000] {processor.py:176} INFO - Processing /home/airflow/.local/lib/python3.7/site-packages/airflow/example_dags/example_bash_operator.py took 0.100 seconds
[2024-06-11T21:15:52.900+0000] {processor.py:154} INFO - Started process (PID=3049) to work on /home/airflow/.local/lib/python3.7/site-packages/airflow/example_dags/example_bash_operator.py
[2024-06-11T21:15:52.901+0000] {processor.py:756} INFO - Processing file /home/airflow/.local/lib/python3.7/site-packages/airflow/example_dags/example_bash_operator.py for tasks to queue
[2024-06-11T21:15:52.902+0000] {logging_mixin.py:120} INFO - [2024-06-11T21:15:52.902+0000] {dagbag.py:537} INFO - Filling up the DagBag from /home/airflow/.local/lib/python3.7/site-packages/airflow/example_dags/example_bash_operator.py
[2024-06-11T21:15:52.921+0000] {processor.py:766} INFO - DAG(s) dict_keys(['example_bash_operator']) retrieved from /home/airflow/.local/lib/python3.7/site-packages/airflow/example_dags/example_bash_operator.py
[2024-06-11T21:15:52.959+0000] {logging_mixin.py:120} INFO - [2024-06-11T21:15:52.959+0000] {dag.py:2585} INFO - Sync 1 DAGs
[2024-06-11T21:15:52.981+0000] {logging_mixin.py:120} INFO - [2024-06-11T21:15:52.981+0000] {dag.py:3340} INFO - Setting next_dagrun for example_bash_operator to 2024-06-10T00:00:00+00:00, run_after=2024-06-11T00:00:00+00:00
[2024-06-11T21:15:52.996+0000] {processor.py:176} INFO - Processing /home/airflow/.local/lib/python3.7/site-packages/airflow/example_dags/example_bash_operator.py took 0.099 seconds
[2024-06-11T21:16:23.406+0000] {processor.py:154} INFO - Started process (PID=3111) to work on /home/airflow/.local/lib/python3.7/site-packages/airflow/example_dags/example_bash_operator.py
[2024-06-11T21:16:23.407+0000] {processor.py:756} INFO - Processing file /home/airflow/.local/lib/python3.7/site-packages/airflow/example_dags/example_bash_operator.py for tasks to queue
[2024-06-11T21:16:23.407+0000] {logging_mixin.py:120} INFO - [2024-06-11T21:16:23.407+0000] {dagbag.py:537} INFO - Filling up the DagBag from /home/airflow/.local/lib/python3.7/site-packages/airflow/example_dags/example_bash_operator.py
[2024-06-11T21:16:23.426+0000] {processor.py:766} INFO - DAG(s) dict_keys(['example_bash_operator']) retrieved from /home/airflow/.local/lib/python3.7/site-packages/airflow/example_dags/example_bash_operator.py
[2024-06-11T21:16:23.466+0000] {logging_mixin.py:120} INFO - [2024-06-11T21:16:23.466+0000] {dag.py:2585} INFO - Sync 1 DAGs
[2024-06-11T21:16:23.490+0000] {logging_mixin.py:120} INFO - [2024-06-11T21:16:23.490+0000] {dag.py:3340} INFO - Setting next_dagrun for example_bash_operator to 2024-06-10T00:00:00+00:00, run_after=2024-06-11T00:00:00+00:00
[2024-06-11T21:16:23.505+0000] {processor.py:176} INFO - Processing /home/airflow/.local/lib/python3.7/site-packages/airflow/example_dags/example_bash_operator.py took 0.103 seconds
[2024-06-11T21:16:53.834+0000] {processor.py:154} INFO - Started process (PID=3174) to work on /home/airflow/.local/lib/python3.7/site-packages/airflow/example_dags/example_bash_operator.py
[2024-06-11T21:16:53.835+0000] {processor.py:756} INFO - Processing file /home/airflow/.local/lib/python3.7/site-packages/airflow/example_dags/example_bash_operator.py for tasks to queue
[2024-06-11T21:16:53.836+0000] {logging_mixin.py:120} INFO - [2024-06-11T21:16:53.836+0000] {dagbag.py:537} INFO - Filling up the DagBag from /home/airflow/.local/lib/python3.7/site-packages/airflow/example_dags/example_bash_operator.py
[2024-06-11T21:16:53.856+0000] {processor.py:766} INFO - DAG(s) dict_keys(['example_bash_operator']) retrieved from /home/airflow/.local/lib/python3.7/site-packages/airflow/example_dags/example_bash_operator.py
[2024-06-11T21:16:53.901+0000] {logging_mixin.py:120} INFO - [2024-06-11T21:16:53.901+0000] {dag.py:2585} INFO - Sync 1 DAGs
[2024-06-11T21:16:53.924+0000] {logging_mixin.py:120} INFO - [2024-06-11T21:16:53.924+0000] {dag.py:3340} INFO - Setting next_dagrun for example_bash_operator to 2024-06-10T00:00:00+00:00, run_after=2024-06-11T00:00:00+00:00
[2024-06-11T21:16:53.939+0000] {processor.py:176} INFO - Processing /home/airflow/.local/lib/python3.7/site-packages/airflow/example_dags/example_bash_operator.py took 0.108 seconds
[2024-06-11T21:30:33.642+0000] {processor.py:154} INFO - Started process (PID=3229) to work on /home/airflow/.local/lib/python3.7/site-packages/airflow/example_dags/example_bash_operator.py
[2024-06-11T21:30:33.643+0000] {processor.py:756} INFO - Processing file /home/airflow/.local/lib/python3.7/site-packages/airflow/example_dags/example_bash_operator.py for tasks to queue
[2024-06-11T21:30:33.643+0000] {logging_mixin.py:120} INFO - [2024-06-11T21:30:33.643+0000] {dagbag.py:537} INFO - Filling up the DagBag from /home/airflow/.local/lib/python3.7/site-packages/airflow/example_dags/example_bash_operator.py
[2024-06-11T21:30:33.663+0000] {processor.py:766} INFO - DAG(s) dict_keys(['example_bash_operator']) retrieved from /home/airflow/.local/lib/python3.7/site-packages/airflow/example_dags/example_bash_operator.py
[2024-06-11T21:30:33.701+0000] {logging_mixin.py:120} INFO - [2024-06-11T21:30:33.701+0000] {dag.py:2585} INFO - Sync 1 DAGs
[2024-06-11T21:30:33.727+0000] {logging_mixin.py:120} INFO - [2024-06-11T21:30:33.727+0000] {dag.py:3340} INFO - Setting next_dagrun for example_bash_operator to 2024-06-10T00:00:00+00:00, run_after=2024-06-11T00:00:00+00:00
[2024-06-11T21:30:33.743+0000] {processor.py:176} INFO - Processing /home/airflow/.local/lib/python3.7/site-packages/airflow/example_dags/example_bash_operator.py took 0.104 seconds
[2024-06-11T21:31:04.176+0000] {processor.py:154} INFO - Started process (PID=3292) to work on /home/airflow/.local/lib/python3.7/site-packages/airflow/example_dags/example_bash_operator.py
[2024-06-11T21:31:04.177+0000] {processor.py:756} INFO - Processing file /home/airflow/.local/lib/python3.7/site-packages/airflow/example_dags/example_bash_operator.py for tasks to queue
[2024-06-11T21:31:04.178+0000] {logging_mixin.py:120} INFO - [2024-06-11T21:31:04.178+0000] {dagbag.py:537} INFO - Filling up the DagBag from /home/airflow/.local/lib/python3.7/site-packages/airflow/example_dags/example_bash_operator.py
[2024-06-11T21:31:04.203+0000] {processor.py:766} INFO - DAG(s) dict_keys(['example_bash_operator']) retrieved from /home/airflow/.local/lib/python3.7/site-packages/airflow/example_dags/example_bash_operator.py
[2024-06-11T21:31:04.244+0000] {logging_mixin.py:120} INFO - [2024-06-11T21:31:04.244+0000] {dag.py:2585} INFO - Sync 1 DAGs
[2024-06-11T21:31:04.278+0000] {logging_mixin.py:120} INFO - [2024-06-11T21:31:04.278+0000] {dag.py:3340} INFO - Setting next_dagrun for example_bash_operator to 2024-06-10T00:00:00+00:00, run_after=2024-06-11T00:00:00+00:00
[2024-06-11T21:31:04.297+0000] {processor.py:176} INFO - Processing /home/airflow/.local/lib/python3.7/site-packages/airflow/example_dags/example_bash_operator.py took 0.125 seconds
[2024-06-11T21:31:34.904+0000] {processor.py:154} INFO - Started process (PID=3355) to work on /home/airflow/.local/lib/python3.7/site-packages/airflow/example_dags/example_bash_operator.py
[2024-06-11T21:31:34.905+0000] {processor.py:756} INFO - Processing file /home/airflow/.local/lib/python3.7/site-packages/airflow/example_dags/example_bash_operator.py for tasks to queue
[2024-06-11T21:31:34.906+0000] {logging_mixin.py:120} INFO - [2024-06-11T21:31:34.906+0000] {dagbag.py:537} INFO - Filling up the DagBag from /home/airflow/.local/lib/python3.7/site-packages/airflow/example_dags/example_bash_operator.py
[2024-06-11T21:31:34.925+0000] {processor.py:766} INFO - DAG(s) dict_keys(['example_bash_operator']) retrieved from /home/airflow/.local/lib/python3.7/site-packages/airflow/example_dags/example_bash_operator.py
[2024-06-11T21:31:34.963+0000] {logging_mixin.py:120} INFO - [2024-06-11T21:31:34.962+0000] {dag.py:2585} INFO - Sync 1 DAGs
[2024-06-11T21:31:34.986+0000] {logging_mixin.py:120} INFO - [2024-06-11T21:31:34.986+0000] {dag.py:3340} INFO - Setting next_dagrun for example_bash_operator to 2024-06-10T00:00:00+00:00, run_after=2024-06-11T00:00:00+00:00
[2024-06-11T21:31:35.001+0000] {processor.py:176} INFO - Processing /home/airflow/.local/lib/python3.7/site-packages/airflow/example_dags/example_bash_operator.py took 0.100 seconds
[2024-06-11T21:32:05.382+0000] {processor.py:154} INFO - Started process (PID=3418) to work on /home/airflow/.local/lib/python3.7/site-packages/airflow/example_dags/example_bash_operator.py
[2024-06-11T21:32:05.383+0000] {processor.py:756} INFO - Processing file /home/airflow/.local/lib/python3.7/site-packages/airflow/example_dags/example_bash_operator.py for tasks to queue
[2024-06-11T21:32:05.384+0000] {logging_mixin.py:120} INFO - [2024-06-11T21:32:05.383+0000] {dagbag.py:537} INFO - Filling up the DagBag from /home/airflow/.local/lib/python3.7/site-packages/airflow/example_dags/example_bash_operator.py
[2024-06-11T21:32:05.404+0000] {processor.py:766} INFO - DAG(s) dict_keys(['example_bash_operator']) retrieved from /home/airflow/.local/lib/python3.7/site-packages/airflow/example_dags/example_bash_operator.py
[2024-06-11T21:32:05.443+0000] {logging_mixin.py:120} INFO - [2024-06-11T21:32:05.443+0000] {dag.py:2585} INFO - Sync 1 DAGs
[2024-06-11T21:32:05.466+0000] {logging_mixin.py:120} INFO - [2024-06-11T21:32:05.466+0000] {dag.py:3340} INFO - Setting next_dagrun for example_bash_operator to 2024-06-10T00:00:00+00:00, run_after=2024-06-11T00:00:00+00:00
[2024-06-11T21:32:05.482+0000] {processor.py:176} INFO - Processing /home/airflow/.local/lib/python3.7/site-packages/airflow/example_dags/example_bash_operator.py took 0.103 seconds
[2024-06-11T21:32:35.632+0000] {processor.py:154} INFO - Started process (PID=3472) to work on /home/airflow/.local/lib/python3.7/site-packages/airflow/example_dags/example_bash_operator.py
[2024-06-11T21:32:35.633+0000] {processor.py:756} INFO - Processing file /home/airflow/.local/lib/python3.7/site-packages/airflow/example_dags/example_bash_operator.py for tasks to queue
[2024-06-11T21:32:35.634+0000] {logging_mixin.py:120} INFO - [2024-06-11T21:32:35.634+0000] {dagbag.py:537} INFO - Filling up the DagBag from /home/airflow/.local/lib/python3.7/site-packages/airflow/example_dags/example_bash_operator.py
[2024-06-11T21:32:35.653+0000] {processor.py:766} INFO - DAG(s) dict_keys(['example_bash_operator']) retrieved from /home/airflow/.local/lib/python3.7/site-packages/airflow/example_dags/example_bash_operator.py
[2024-06-11T21:32:35.692+0000] {logging_mixin.py:120} INFO - [2024-06-11T21:32:35.692+0000] {dag.py:2585} INFO - Sync 1 DAGs
[2024-06-11T21:32:35.715+0000] {logging_mixin.py:120} INFO - [2024-06-11T21:32:35.715+0000] {dag.py:3340} INFO - Setting next_dagrun for example_bash_operator to 2024-06-10T00:00:00+00:00, run_after=2024-06-11T00:00:00+00:00
[2024-06-11T21:32:35.730+0000] {processor.py:176} INFO - Processing /home/airflow/.local/lib/python3.7/site-packages/airflow/example_dags/example_bash_operator.py took 0.101 seconds
[2024-06-11T21:33:05.842+0000] {processor.py:154} INFO - Started process (PID=3535) to work on /home/airflow/.local/lib/python3.7/site-packages/airflow/example_dags/example_bash_operator.py
[2024-06-11T21:33:05.843+0000] {processor.py:756} INFO - Processing file /home/airflow/.local/lib/python3.7/site-packages/airflow/example_dags/example_bash_operator.py for tasks to queue
[2024-06-11T21:33:05.844+0000] {logging_mixin.py:120} INFO - [2024-06-11T21:33:05.844+0000] {dagbag.py:537} INFO - Filling up the DagBag from /home/airflow/.local/lib/python3.7/site-packages/airflow/example_dags/example_bash_operator.py
[2024-06-11T21:33:05.863+0000] {processor.py:766} INFO - DAG(s) dict_keys(['example_bash_operator']) retrieved from /home/airflow/.local/lib/python3.7/site-packages/airflow/example_dags/example_bash_operator.py
[2024-06-11T21:33:05.902+0000] {logging_mixin.py:120} INFO - [2024-06-11T21:33:05.902+0000] {dag.py:2585} INFO - Sync 1 DAGs
[2024-06-11T21:33:05.925+0000] {logging_mixin.py:120} INFO - [2024-06-11T21:33:05.925+0000] {dag.py:3340} INFO - Setting next_dagrun for example_bash_operator to 2024-06-10T00:00:00+00:00, run_after=2024-06-11T00:00:00+00:00
[2024-06-11T21:33:05.941+0000] {processor.py:176} INFO - Processing /home/airflow/.local/lib/python3.7/site-packages/airflow/example_dags/example_bash_operator.py took 0.102 seconds
[2024-06-11T21:33:36.059+0000] {processor.py:154} INFO - Started process (PID=3598) to work on /home/airflow/.local/lib/python3.7/site-packages/airflow/example_dags/example_bash_operator.py
[2024-06-11T21:33:36.060+0000] {processor.py:756} INFO - Processing file /home/airflow/.local/lib/python3.7/site-packages/airflow/example_dags/example_bash_operator.py for tasks to queue
[2024-06-11T21:33:36.061+0000] {logging_mixin.py:120} INFO - [2024-06-11T21:33:36.061+0000] {dagbag.py:537} INFO - Filling up the DagBag from /home/airflow/.local/lib/python3.7/site-packages/airflow/example_dags/example_bash_operator.py
[2024-06-11T21:33:36.083+0000] {processor.py:766} INFO - DAG(s) dict_keys(['example_bash_operator']) retrieved from /home/airflow/.local/lib/python3.7/site-packages/airflow/example_dags/example_bash_operator.py
[2024-06-11T21:33:36.132+0000] {logging_mixin.py:120} INFO - [2024-06-11T21:33:36.132+0000] {dag.py:2585} INFO - Sync 1 DAGs
[2024-06-11T21:33:36.161+0000] {logging_mixin.py:120} INFO - [2024-06-11T21:33:36.161+0000] {dag.py:3340} INFO - Setting next_dagrun for example_bash_operator to 2024-06-10T00:00:00+00:00, run_after=2024-06-11T00:00:00+00:00
[2024-06-11T21:33:36.181+0000] {processor.py:176} INFO - Processing /home/airflow/.local/lib/python3.7/site-packages/airflow/example_dags/example_bash_operator.py took 0.125 seconds
[2024-06-11T21:35:18.537+0000] {processor.py:154} INFO - Started process (PID=49) to work on /home/airflow/.local/lib/python3.7/site-packages/airflow/example_dags/example_bash_operator.py
[2024-06-11T21:35:18.538+0000] {processor.py:756} INFO - Processing file /home/airflow/.local/lib/python3.7/site-packages/airflow/example_dags/example_bash_operator.py for tasks to queue
[2024-06-11T21:35:18.539+0000] {logging_mixin.py:120} INFO - [2024-06-11T21:35:18.539+0000] {dagbag.py:537} INFO - Filling up the DagBag from /home/airflow/.local/lib/python3.7/site-packages/airflow/example_dags/example_bash_operator.py
[2024-06-11T21:35:18.575+0000] {processor.py:766} INFO - DAG(s) dict_keys(['example_bash_operator']) retrieved from /home/airflow/.local/lib/python3.7/site-packages/airflow/example_dags/example_bash_operator.py
[2024-06-11T21:35:18.631+0000] {logging_mixin.py:120} INFO - [2024-06-11T21:35:18.631+0000] {dag.py:2585} INFO - Sync 1 DAGs
[2024-06-11T21:35:18.675+0000] {logging_mixin.py:120} INFO - [2024-06-11T21:35:18.675+0000] {dag.py:3340} INFO - Setting next_dagrun for example_bash_operator to 2024-06-10T00:00:00+00:00, run_after=2024-06-11T00:00:00+00:00
[2024-06-11T21:35:18.709+0000] {processor.py:176} INFO - Processing /home/airflow/.local/lib/python3.7/site-packages/airflow/example_dags/example_bash_operator.py took 0.175 seconds
