[2024-06-11T13:03:41.520+0000] {processor.py:154} INFO - Started process (PID=76) to work on /home/airflow/.local/lib/python3.7/site-packages/airflow/example_dags/example_branch_operator_decorator.py
[2024-06-11T13:03:41.522+0000] {processor.py:756} INFO - Processing file /home/airflow/.local/lib/python3.7/site-packages/airflow/example_dags/example_branch_operator_decorator.py for tasks to queue
[2024-06-11T13:03:41.523+0000] {logging_mixin.py:120} INFO - [2024-06-11T13:03:41.523+0000] {dagbag.py:537} INFO - Filling up the DagBag from /home/airflow/.local/lib/python3.7/site-packages/airflow/example_dags/example_branch_operator_decorator.py
[2024-06-11T13:03:41.602+0000] {processor.py:766} INFO - DAG(s) dict_keys(['example_branch_python_operator_decorator']) retrieved from /home/airflow/.local/lib/python3.7/site-packages/airflow/example_dags/example_branch_operator_decorator.py
[2024-06-11T13:03:41.712+0000] {logging_mixin.py:120} INFO - [2024-06-11T13:03:41.712+0000] {dag.py:2585} INFO - Sync 1 DAGs
[2024-06-11T13:03:41.778+0000] {logging_mixin.py:120} INFO - [2024-06-11T13:03:41.778+0000] {dag.py:3340} INFO - Setting next_dagrun for example_branch_python_operator_decorator to 2024-06-10T00:00:00+00:00, run_after=2024-06-11T00:00:00+00:00
[2024-06-11T13:03:41.823+0000] {processor.py:176} INFO - Processing /home/airflow/.local/lib/python3.7/site-packages/airflow/example_dags/example_branch_operator_decorator.py took 0.309 seconds
[2024-06-11T18:16:17.297+0000] {processor.py:154} INFO - Started process (PID=75) to work on /home/airflow/.local/lib/python3.7/site-packages/airflow/example_dags/example_branch_operator_decorator.py
[2024-06-11T18:16:17.301+0000] {processor.py:756} INFO - Processing file /home/airflow/.local/lib/python3.7/site-packages/airflow/example_dags/example_branch_operator_decorator.py for tasks to queue
[2024-06-11T18:16:17.304+0000] {logging_mixin.py:120} INFO - [2024-06-11T18:16:17.304+0000] {dagbag.py:537} INFO - Filling up the DagBag from /home/airflow/.local/lib/python3.7/site-packages/airflow/example_dags/example_branch_operator_decorator.py
[2024-06-11T18:16:17.413+0000] {processor.py:766} INFO - DAG(s) dict_keys(['example_branch_python_operator_decorator']) retrieved from /home/airflow/.local/lib/python3.7/site-packages/airflow/example_dags/example_branch_operator_decorator.py
[2024-06-11T18:16:17.530+0000] {logging_mixin.py:120} INFO - [2024-06-11T18:16:17.529+0000] {dag.py:2585} INFO - Sync 1 DAGs
[2024-06-11T18:16:17.616+0000] {logging_mixin.py:120} INFO - [2024-06-11T18:16:17.616+0000] {dag.py:3340} INFO - Setting next_dagrun for example_branch_python_operator_decorator to 2024-06-10T00:00:00+00:00, run_after=2024-06-11T00:00:00+00:00
[2024-06-11T18:16:17.691+0000] {processor.py:176} INFO - Processing /home/airflow/.local/lib/python3.7/site-packages/airflow/example_dags/example_branch_operator_decorator.py took 0.414 seconds
[2024-06-11T18:16:47.737+0000] {processor.py:154} INFO - Started process (PID=129) to work on /home/airflow/.local/lib/python3.7/site-packages/airflow/example_dags/example_branch_operator_decorator.py
[2024-06-11T18:16:47.738+0000] {processor.py:756} INFO - Processing file /home/airflow/.local/lib/python3.7/site-packages/airflow/example_dags/example_branch_operator_decorator.py for tasks to queue
[2024-06-11T18:16:47.738+0000] {logging_mixin.py:120} INFO - [2024-06-11T18:16:47.738+0000] {dagbag.py:537} INFO - Filling up the DagBag from /home/airflow/.local/lib/python3.7/site-packages/airflow/example_dags/example_branch_operator_decorator.py
[2024-06-11T18:16:47.758+0000] {processor.py:766} INFO - DAG(s) dict_keys(['example_branch_python_operator_decorator']) retrieved from /home/airflow/.local/lib/python3.7/site-packages/airflow/example_dags/example_branch_operator_decorator.py
[2024-06-11T18:16:47.791+0000] {logging_mixin.py:120} INFO - [2024-06-11T18:16:47.791+0000] {dag.py:2585} INFO - Sync 1 DAGs
[2024-06-11T18:16:47.812+0000] {logging_mixin.py:120} INFO - [2024-06-11T18:16:47.812+0000] {dag.py:3340} INFO - Setting next_dagrun for example_branch_python_operator_decorator to 2024-06-10T00:00:00+00:00, run_after=2024-06-11T00:00:00+00:00
[2024-06-11T18:16:47.826+0000] {processor.py:176} INFO - Processing /home/airflow/.local/lib/python3.7/site-packages/airflow/example_dags/example_branch_operator_decorator.py took 0.092 seconds
[2024-06-11T18:17:18.441+0000] {processor.py:154} INFO - Started process (PID=193) to work on /home/airflow/.local/lib/python3.7/site-packages/airflow/example_dags/example_branch_operator_decorator.py
[2024-06-11T18:17:18.442+0000] {processor.py:756} INFO - Processing file /home/airflow/.local/lib/python3.7/site-packages/airflow/example_dags/example_branch_operator_decorator.py for tasks to queue
[2024-06-11T18:17:18.443+0000] {logging_mixin.py:120} INFO - [2024-06-11T18:17:18.443+0000] {dagbag.py:537} INFO - Filling up the DagBag from /home/airflow/.local/lib/python3.7/site-packages/airflow/example_dags/example_branch_operator_decorator.py
[2024-06-11T18:17:18.463+0000] {processor.py:766} INFO - DAG(s) dict_keys(['example_branch_python_operator_decorator']) retrieved from /home/airflow/.local/lib/python3.7/site-packages/airflow/example_dags/example_branch_operator_decorator.py
[2024-06-11T18:17:18.496+0000] {logging_mixin.py:120} INFO - [2024-06-11T18:17:18.496+0000] {dag.py:2585} INFO - Sync 1 DAGs
[2024-06-11T18:17:18.516+0000] {logging_mixin.py:120} INFO - [2024-06-11T18:17:18.516+0000] {dag.py:3340} INFO - Setting next_dagrun for example_branch_python_operator_decorator to 2024-06-10T00:00:00+00:00, run_after=2024-06-11T00:00:00+00:00
[2024-06-11T18:17:18.531+0000] {processor.py:176} INFO - Processing /home/airflow/.local/lib/python3.7/site-packages/airflow/example_dags/example_branch_operator_decorator.py took 0.092 seconds
[2024-06-11T18:33:54.842+0000] {processor.py:154} INFO - Started process (PID=238) to work on /home/airflow/.local/lib/python3.7/site-packages/airflow/example_dags/example_branch_operator_decorator.py
[2024-06-11T18:33:54.845+0000] {processor.py:756} INFO - Processing file /home/airflow/.local/lib/python3.7/site-packages/airflow/example_dags/example_branch_operator_decorator.py for tasks to queue
[2024-06-11T18:33:54.846+0000] {logging_mixin.py:120} INFO - [2024-06-11T18:33:54.846+0000] {dagbag.py:537} INFO - Filling up the DagBag from /home/airflow/.local/lib/python3.7/site-packages/airflow/example_dags/example_branch_operator_decorator.py
[2024-06-11T18:33:54.889+0000] {processor.py:766} INFO - DAG(s) dict_keys(['example_branch_python_operator_decorator']) retrieved from /home/airflow/.local/lib/python3.7/site-packages/airflow/example_dags/example_branch_operator_decorator.py
[2024-06-11T18:33:54.958+0000] {logging_mixin.py:120} INFO - [2024-06-11T18:33:54.958+0000] {dag.py:2585} INFO - Sync 1 DAGs
[2024-06-11T18:33:54.985+0000] {logging_mixin.py:120} INFO - [2024-06-11T18:33:54.985+0000] {dag.py:3340} INFO - Setting next_dagrun for example_branch_python_operator_decorator to 2024-06-10T00:00:00+00:00, run_after=2024-06-11T00:00:00+00:00
[2024-06-11T18:33:55.002+0000] {processor.py:176} INFO - Processing /home/airflow/.local/lib/python3.7/site-packages/airflow/example_dags/example_branch_operator_decorator.py took 0.168 seconds
[2024-06-11T18:34:25.061+0000] {processor.py:154} INFO - Started process (PID=301) to work on /home/airflow/.local/lib/python3.7/site-packages/airflow/example_dags/example_branch_operator_decorator.py
[2024-06-11T18:34:25.062+0000] {processor.py:756} INFO - Processing file /home/airflow/.local/lib/python3.7/site-packages/airflow/example_dags/example_branch_operator_decorator.py for tasks to queue
[2024-06-11T18:34:25.063+0000] {logging_mixin.py:120} INFO - [2024-06-11T18:34:25.063+0000] {dagbag.py:537} INFO - Filling up the DagBag from /home/airflow/.local/lib/python3.7/site-packages/airflow/example_dags/example_branch_operator_decorator.py
[2024-06-11T18:34:25.083+0000] {processor.py:766} INFO - DAG(s) dict_keys(['example_branch_python_operator_decorator']) retrieved from /home/airflow/.local/lib/python3.7/site-packages/airflow/example_dags/example_branch_operator_decorator.py
[2024-06-11T18:34:25.117+0000] {logging_mixin.py:120} INFO - [2024-06-11T18:34:25.117+0000] {dag.py:2585} INFO - Sync 1 DAGs
[2024-06-11T18:34:25.139+0000] {logging_mixin.py:120} INFO - [2024-06-11T18:34:25.139+0000] {dag.py:3340} INFO - Setting next_dagrun for example_branch_python_operator_decorator to 2024-06-10T00:00:00+00:00, run_after=2024-06-11T00:00:00+00:00
[2024-06-11T18:34:25.153+0000] {processor.py:176} INFO - Processing /home/airflow/.local/lib/python3.7/site-packages/airflow/example_dags/example_branch_operator_decorator.py took 0.094 seconds
[2024-06-11T18:34:55.388+0000] {processor.py:154} INFO - Started process (PID=364) to work on /home/airflow/.local/lib/python3.7/site-packages/airflow/example_dags/example_branch_operator_decorator.py
[2024-06-11T18:34:55.390+0000] {processor.py:756} INFO - Processing file /home/airflow/.local/lib/python3.7/site-packages/airflow/example_dags/example_branch_operator_decorator.py for tasks to queue
[2024-06-11T18:34:55.390+0000] {logging_mixin.py:120} INFO - [2024-06-11T18:34:55.390+0000] {dagbag.py:537} INFO - Filling up the DagBag from /home/airflow/.local/lib/python3.7/site-packages/airflow/example_dags/example_branch_operator_decorator.py
[2024-06-11T18:34:55.411+0000] {processor.py:766} INFO - DAG(s) dict_keys(['example_branch_python_operator_decorator']) retrieved from /home/airflow/.local/lib/python3.7/site-packages/airflow/example_dags/example_branch_operator_decorator.py
[2024-06-11T18:34:55.446+0000] {logging_mixin.py:120} INFO - [2024-06-11T18:34:55.446+0000] {dag.py:2585} INFO - Sync 1 DAGs
[2024-06-11T18:34:55.467+0000] {logging_mixin.py:120} INFO - [2024-06-11T18:34:55.467+0000] {dag.py:3340} INFO - Setting next_dagrun for example_branch_python_operator_decorator to 2024-06-10T00:00:00+00:00, run_after=2024-06-11T00:00:00+00:00
[2024-06-11T18:34:55.482+0000] {processor.py:176} INFO - Processing /home/airflow/.local/lib/python3.7/site-packages/airflow/example_dags/example_branch_operator_decorator.py took 0.097 seconds
[2024-06-11T18:35:25.610+0000] {processor.py:154} INFO - Started process (PID=427) to work on /home/airflow/.local/lib/python3.7/site-packages/airflow/example_dags/example_branch_operator_decorator.py
[2024-06-11T18:35:25.611+0000] {processor.py:756} INFO - Processing file /home/airflow/.local/lib/python3.7/site-packages/airflow/example_dags/example_branch_operator_decorator.py for tasks to queue
[2024-06-11T18:35:25.612+0000] {logging_mixin.py:120} INFO - [2024-06-11T18:35:25.612+0000] {dagbag.py:537} INFO - Filling up the DagBag from /home/airflow/.local/lib/python3.7/site-packages/airflow/example_dags/example_branch_operator_decorator.py
[2024-06-11T18:35:25.633+0000] {processor.py:766} INFO - DAG(s) dict_keys(['example_branch_python_operator_decorator']) retrieved from /home/airflow/.local/lib/python3.7/site-packages/airflow/example_dags/example_branch_operator_decorator.py
[2024-06-11T18:35:25.668+0000] {logging_mixin.py:120} INFO - [2024-06-11T18:35:25.668+0000] {dag.py:2585} INFO - Sync 1 DAGs
[2024-06-11T18:35:25.691+0000] {logging_mixin.py:120} INFO - [2024-06-11T18:35:25.691+0000] {dag.py:3340} INFO - Setting next_dagrun for example_branch_python_operator_decorator to 2024-06-10T00:00:00+00:00, run_after=2024-06-11T00:00:00+00:00
[2024-06-11T18:35:25.707+0000] {processor.py:176} INFO - Processing /home/airflow/.local/lib/python3.7/site-packages/airflow/example_dags/example_branch_operator_decorator.py took 0.101 seconds
[2024-06-11T18:53:04.427+0000] {processor.py:154} INFO - Started process (PID=481) to work on /home/airflow/.local/lib/python3.7/site-packages/airflow/example_dags/example_branch_operator_decorator.py
[2024-06-11T18:53:04.428+0000] {processor.py:756} INFO - Processing file /home/airflow/.local/lib/python3.7/site-packages/airflow/example_dags/example_branch_operator_decorator.py for tasks to queue
[2024-06-11T18:53:04.429+0000] {logging_mixin.py:120} INFO - [2024-06-11T18:53:04.429+0000] {dagbag.py:537} INFO - Filling up the DagBag from /home/airflow/.local/lib/python3.7/site-packages/airflow/example_dags/example_branch_operator_decorator.py
[2024-06-11T18:53:04.455+0000] {processor.py:766} INFO - DAG(s) dict_keys(['example_branch_python_operator_decorator']) retrieved from /home/airflow/.local/lib/python3.7/site-packages/airflow/example_dags/example_branch_operator_decorator.py
[2024-06-11T18:53:04.499+0000] {logging_mixin.py:120} INFO - [2024-06-11T18:53:04.498+0000] {dag.py:2585} INFO - Sync 1 DAGs
[2024-06-11T18:53:04.529+0000] {logging_mixin.py:120} INFO - [2024-06-11T18:53:04.528+0000] {dag.py:3340} INFO - Setting next_dagrun for example_branch_python_operator_decorator to 2024-06-10T00:00:00+00:00, run_after=2024-06-11T00:00:00+00:00
[2024-06-11T18:53:04.550+0000] {processor.py:176} INFO - Processing /home/airflow/.local/lib/python3.7/site-packages/airflow/example_dags/example_branch_operator_decorator.py took 0.127 seconds
[2024-06-11T18:53:35.058+0000] {processor.py:154} INFO - Started process (PID=544) to work on /home/airflow/.local/lib/python3.7/site-packages/airflow/example_dags/example_branch_operator_decorator.py
[2024-06-11T18:53:35.059+0000] {processor.py:756} INFO - Processing file /home/airflow/.local/lib/python3.7/site-packages/airflow/example_dags/example_branch_operator_decorator.py for tasks to queue
[2024-06-11T18:53:35.060+0000] {logging_mixin.py:120} INFO - [2024-06-11T18:53:35.059+0000] {dagbag.py:537} INFO - Filling up the DagBag from /home/airflow/.local/lib/python3.7/site-packages/airflow/example_dags/example_branch_operator_decorator.py
[2024-06-11T18:53:35.081+0000] {processor.py:766} INFO - DAG(s) dict_keys(['example_branch_python_operator_decorator']) retrieved from /home/airflow/.local/lib/python3.7/site-packages/airflow/example_dags/example_branch_operator_decorator.py
[2024-06-11T18:53:35.114+0000] {logging_mixin.py:120} INFO - [2024-06-11T18:53:35.114+0000] {dag.py:2585} INFO - Sync 1 DAGs
[2024-06-11T18:53:35.137+0000] {logging_mixin.py:120} INFO - [2024-06-11T18:53:35.136+0000] {dag.py:3340} INFO - Setting next_dagrun for example_branch_python_operator_decorator to 2024-06-10T00:00:00+00:00, run_after=2024-06-11T00:00:00+00:00
[2024-06-11T18:53:35.153+0000] {processor.py:176} INFO - Processing /home/airflow/.local/lib/python3.7/site-packages/airflow/example_dags/example_branch_operator_decorator.py took 0.098 seconds
[2024-06-11T18:54:05.320+0000] {processor.py:154} INFO - Started process (PID=607) to work on /home/airflow/.local/lib/python3.7/site-packages/airflow/example_dags/example_branch_operator_decorator.py
[2024-06-11T18:54:05.321+0000] {processor.py:756} INFO - Processing file /home/airflow/.local/lib/python3.7/site-packages/airflow/example_dags/example_branch_operator_decorator.py for tasks to queue
[2024-06-11T18:54:05.322+0000] {logging_mixin.py:120} INFO - [2024-06-11T18:54:05.322+0000] {dagbag.py:537} INFO - Filling up the DagBag from /home/airflow/.local/lib/python3.7/site-packages/airflow/example_dags/example_branch_operator_decorator.py
[2024-06-11T18:54:05.343+0000] {processor.py:766} INFO - DAG(s) dict_keys(['example_branch_python_operator_decorator']) retrieved from /home/airflow/.local/lib/python3.7/site-packages/airflow/example_dags/example_branch_operator_decorator.py
[2024-06-11T18:54:05.391+0000] {logging_mixin.py:120} INFO - [2024-06-11T18:54:05.391+0000] {dag.py:2585} INFO - Sync 1 DAGs
[2024-06-11T18:54:05.413+0000] {logging_mixin.py:120} INFO - [2024-06-11T18:54:05.413+0000] {dag.py:3340} INFO - Setting next_dagrun for example_branch_python_operator_decorator to 2024-06-10T00:00:00+00:00, run_after=2024-06-11T00:00:00+00:00
[2024-06-11T18:54:05.429+0000] {processor.py:176} INFO - Processing /home/airflow/.local/lib/python3.7/site-packages/airflow/example_dags/example_branch_operator_decorator.py took 0.112 seconds
[2024-06-11T18:54:35.628+0000] {processor.py:154} INFO - Started process (PID=670) to work on /home/airflow/.local/lib/python3.7/site-packages/airflow/example_dags/example_branch_operator_decorator.py
[2024-06-11T18:54:35.629+0000] {processor.py:756} INFO - Processing file /home/airflow/.local/lib/python3.7/site-packages/airflow/example_dags/example_branch_operator_decorator.py for tasks to queue
[2024-06-11T18:54:35.629+0000] {logging_mixin.py:120} INFO - [2024-06-11T18:54:35.629+0000] {dagbag.py:537} INFO - Filling up the DagBag from /home/airflow/.local/lib/python3.7/site-packages/airflow/example_dags/example_branch_operator_decorator.py
[2024-06-11T18:54:35.650+0000] {processor.py:766} INFO - DAG(s) dict_keys(['example_branch_python_operator_decorator']) retrieved from /home/airflow/.local/lib/python3.7/site-packages/airflow/example_dags/example_branch_operator_decorator.py
[2024-06-11T18:54:35.686+0000] {logging_mixin.py:120} INFO - [2024-06-11T18:54:35.686+0000] {dag.py:2585} INFO - Sync 1 DAGs
[2024-06-11T18:54:35.708+0000] {logging_mixin.py:120} INFO - [2024-06-11T18:54:35.708+0000] {dag.py:3340} INFO - Setting next_dagrun for example_branch_python_operator_decorator to 2024-06-10T00:00:00+00:00, run_after=2024-06-11T00:00:00+00:00
[2024-06-11T18:54:35.725+0000] {processor.py:176} INFO - Processing /home/airflow/.local/lib/python3.7/site-packages/airflow/example_dags/example_branch_operator_decorator.py took 0.101 seconds
[2024-06-11T18:55:06.002+0000] {processor.py:154} INFO - Started process (PID=724) to work on /home/airflow/.local/lib/python3.7/site-packages/airflow/example_dags/example_branch_operator_decorator.py
[2024-06-11T18:55:06.003+0000] {processor.py:756} INFO - Processing file /home/airflow/.local/lib/python3.7/site-packages/airflow/example_dags/example_branch_operator_decorator.py for tasks to queue
[2024-06-11T18:55:06.004+0000] {logging_mixin.py:120} INFO - [2024-06-11T18:55:06.004+0000] {dagbag.py:537} INFO - Filling up the DagBag from /home/airflow/.local/lib/python3.7/site-packages/airflow/example_dags/example_branch_operator_decorator.py
[2024-06-11T18:55:06.024+0000] {processor.py:766} INFO - DAG(s) dict_keys(['example_branch_python_operator_decorator']) retrieved from /home/airflow/.local/lib/python3.7/site-packages/airflow/example_dags/example_branch_operator_decorator.py
[2024-06-11T18:55:06.059+0000] {logging_mixin.py:120} INFO - [2024-06-11T18:55:06.059+0000] {dag.py:2585} INFO - Sync 1 DAGs
[2024-06-11T18:55:06.081+0000] {logging_mixin.py:120} INFO - [2024-06-11T18:55:06.081+0000] {dag.py:3340} INFO - Setting next_dagrun for example_branch_python_operator_decorator to 2024-06-10T00:00:00+00:00, run_after=2024-06-11T00:00:00+00:00
[2024-06-11T18:55:06.099+0000] {processor.py:176} INFO - Processing /home/airflow/.local/lib/python3.7/site-packages/airflow/example_dags/example_branch_operator_decorator.py took 0.099 seconds
[2024-06-11T19:13:10.067+0000] {processor.py:154} INFO - Started process (PID=787) to work on /home/airflow/.local/lib/python3.7/site-packages/airflow/example_dags/example_branch_operator_decorator.py
[2024-06-11T19:13:10.068+0000] {processor.py:756} INFO - Processing file /home/airflow/.local/lib/python3.7/site-packages/airflow/example_dags/example_branch_operator_decorator.py for tasks to queue
[2024-06-11T19:13:10.070+0000] {logging_mixin.py:120} INFO - [2024-06-11T19:13:10.069+0000] {dagbag.py:537} INFO - Filling up the DagBag from /home/airflow/.local/lib/python3.7/site-packages/airflow/example_dags/example_branch_operator_decorator.py
[2024-06-11T19:13:10.099+0000] {processor.py:766} INFO - DAG(s) dict_keys(['example_branch_python_operator_decorator']) retrieved from /home/airflow/.local/lib/python3.7/site-packages/airflow/example_dags/example_branch_operator_decorator.py
[2024-06-11T19:13:10.150+0000] {logging_mixin.py:120} INFO - [2024-06-11T19:13:10.150+0000] {dag.py:2585} INFO - Sync 1 DAGs
[2024-06-11T19:13:10.189+0000] {logging_mixin.py:120} INFO - [2024-06-11T19:13:10.189+0000] {dag.py:3340} INFO - Setting next_dagrun for example_branch_python_operator_decorator to 2024-06-10T00:00:00+00:00, run_after=2024-06-11T00:00:00+00:00
[2024-06-11T19:13:10.216+0000] {processor.py:176} INFO - Processing /home/airflow/.local/lib/python3.7/site-packages/airflow/example_dags/example_branch_operator_decorator.py took 0.153 seconds
[2024-06-11T19:13:40.234+0000] {processor.py:154} INFO - Started process (PID=850) to work on /home/airflow/.local/lib/python3.7/site-packages/airflow/example_dags/example_branch_operator_decorator.py
[2024-06-11T19:13:40.236+0000] {processor.py:756} INFO - Processing file /home/airflow/.local/lib/python3.7/site-packages/airflow/example_dags/example_branch_operator_decorator.py for tasks to queue
[2024-06-11T19:13:40.237+0000] {logging_mixin.py:120} INFO - [2024-06-11T19:13:40.237+0000] {dagbag.py:537} INFO - Filling up the DagBag from /home/airflow/.local/lib/python3.7/site-packages/airflow/example_dags/example_branch_operator_decorator.py
[2024-06-11T19:13:40.260+0000] {processor.py:766} INFO - DAG(s) dict_keys(['example_branch_python_operator_decorator']) retrieved from /home/airflow/.local/lib/python3.7/site-packages/airflow/example_dags/example_branch_operator_decorator.py
[2024-06-11T19:13:40.297+0000] {logging_mixin.py:120} INFO - [2024-06-11T19:13:40.297+0000] {dag.py:2585} INFO - Sync 1 DAGs
[2024-06-11T19:13:40.322+0000] {logging_mixin.py:120} INFO - [2024-06-11T19:13:40.322+0000] {dag.py:3340} INFO - Setting next_dagrun for example_branch_python_operator_decorator to 2024-06-10T00:00:00+00:00, run_after=2024-06-11T00:00:00+00:00
[2024-06-11T19:13:40.341+0000] {processor.py:176} INFO - Processing /home/airflow/.local/lib/python3.7/site-packages/airflow/example_dags/example_branch_operator_decorator.py took 0.110 seconds
[2024-06-11T19:14:10.575+0000] {processor.py:154} INFO - Started process (PID=904) to work on /home/airflow/.local/lib/python3.7/site-packages/airflow/example_dags/example_branch_operator_decorator.py
[2024-06-11T19:14:10.576+0000] {processor.py:756} INFO - Processing file /home/airflow/.local/lib/python3.7/site-packages/airflow/example_dags/example_branch_operator_decorator.py for tasks to queue
[2024-06-11T19:14:10.576+0000] {logging_mixin.py:120} INFO - [2024-06-11T19:14:10.576+0000] {dagbag.py:537} INFO - Filling up the DagBag from /home/airflow/.local/lib/python3.7/site-packages/airflow/example_dags/example_branch_operator_decorator.py
[2024-06-11T19:14:10.599+0000] {processor.py:766} INFO - DAG(s) dict_keys(['example_branch_python_operator_decorator']) retrieved from /home/airflow/.local/lib/python3.7/site-packages/airflow/example_dags/example_branch_operator_decorator.py
[2024-06-11T19:14:10.634+0000] {logging_mixin.py:120} INFO - [2024-06-11T19:14:10.634+0000] {dag.py:2585} INFO - Sync 1 DAGs
[2024-06-11T19:14:10.656+0000] {logging_mixin.py:120} INFO - [2024-06-11T19:14:10.656+0000] {dag.py:3340} INFO - Setting next_dagrun for example_branch_python_operator_decorator to 2024-06-10T00:00:00+00:00, run_after=2024-06-11T00:00:00+00:00
[2024-06-11T19:14:10.673+0000] {processor.py:176} INFO - Processing /home/airflow/.local/lib/python3.7/site-packages/airflow/example_dags/example_branch_operator_decorator.py took 0.102 seconds
[2024-06-11T19:14:40.909+0000] {processor.py:154} INFO - Started process (PID=967) to work on /home/airflow/.local/lib/python3.7/site-packages/airflow/example_dags/example_branch_operator_decorator.py
[2024-06-11T19:14:40.909+0000] {processor.py:756} INFO - Processing file /home/airflow/.local/lib/python3.7/site-packages/airflow/example_dags/example_branch_operator_decorator.py for tasks to queue
[2024-06-11T19:14:40.910+0000] {logging_mixin.py:120} INFO - [2024-06-11T19:14:40.910+0000] {dagbag.py:537} INFO - Filling up the DagBag from /home/airflow/.local/lib/python3.7/site-packages/airflow/example_dags/example_branch_operator_decorator.py
[2024-06-11T19:14:40.931+0000] {processor.py:766} INFO - DAG(s) dict_keys(['example_branch_python_operator_decorator']) retrieved from /home/airflow/.local/lib/python3.7/site-packages/airflow/example_dags/example_branch_operator_decorator.py
[2024-06-11T19:14:40.967+0000] {logging_mixin.py:120} INFO - [2024-06-11T19:14:40.967+0000] {dag.py:2585} INFO - Sync 1 DAGs
[2024-06-11T19:14:40.989+0000] {logging_mixin.py:120} INFO - [2024-06-11T19:14:40.989+0000] {dag.py:3340} INFO - Setting next_dagrun for example_branch_python_operator_decorator to 2024-06-10T00:00:00+00:00, run_after=2024-06-11T00:00:00+00:00
[2024-06-11T19:14:41.006+0000] {processor.py:176} INFO - Processing /home/airflow/.local/lib/python3.7/site-packages/airflow/example_dags/example_branch_operator_decorator.py took 0.100 seconds
[2024-06-11T19:31:49.480+0000] {processor.py:154} INFO - Started process (PID=1030) to work on /home/airflow/.local/lib/python3.7/site-packages/airflow/example_dags/example_branch_operator_decorator.py
[2024-06-11T19:31:49.481+0000] {processor.py:756} INFO - Processing file /home/airflow/.local/lib/python3.7/site-packages/airflow/example_dags/example_branch_operator_decorator.py for tasks to queue
[2024-06-11T19:31:49.483+0000] {logging_mixin.py:120} INFO - [2024-06-11T19:31:49.482+0000] {dagbag.py:537} INFO - Filling up the DagBag from /home/airflow/.local/lib/python3.7/site-packages/airflow/example_dags/example_branch_operator_decorator.py
[2024-06-11T19:31:49.511+0000] {processor.py:766} INFO - DAG(s) dict_keys(['example_branch_python_operator_decorator']) retrieved from /home/airflow/.local/lib/python3.7/site-packages/airflow/example_dags/example_branch_operator_decorator.py
[2024-06-11T19:31:49.554+0000] {logging_mixin.py:120} INFO - [2024-06-11T19:31:49.554+0000] {dag.py:2585} INFO - Sync 1 DAGs
[2024-06-11T19:31:49.589+0000] {logging_mixin.py:120} INFO - [2024-06-11T19:31:49.589+0000] {dag.py:3340} INFO - Setting next_dagrun for example_branch_python_operator_decorator to 2024-06-10T00:00:00+00:00, run_after=2024-06-11T00:00:00+00:00
[2024-06-11T19:31:49.615+0000] {processor.py:176} INFO - Processing /home/airflow/.local/lib/python3.7/site-packages/airflow/example_dags/example_branch_operator_decorator.py took 0.139 seconds
[2024-06-11T19:32:20.290+0000] {processor.py:154} INFO - Started process (PID=1084) to work on /home/airflow/.local/lib/python3.7/site-packages/airflow/example_dags/example_branch_operator_decorator.py
[2024-06-11T19:32:20.292+0000] {processor.py:756} INFO - Processing file /home/airflow/.local/lib/python3.7/site-packages/airflow/example_dags/example_branch_operator_decorator.py for tasks to queue
[2024-06-11T19:32:20.292+0000] {logging_mixin.py:120} INFO - [2024-06-11T19:32:20.292+0000] {dagbag.py:537} INFO - Filling up the DagBag from /home/airflow/.local/lib/python3.7/site-packages/airflow/example_dags/example_branch_operator_decorator.py
[2024-06-11T19:32:20.315+0000] {processor.py:766} INFO - DAG(s) dict_keys(['example_branch_python_operator_decorator']) retrieved from /home/airflow/.local/lib/python3.7/site-packages/airflow/example_dags/example_branch_operator_decorator.py
[2024-06-11T19:32:20.352+0000] {logging_mixin.py:120} INFO - [2024-06-11T19:32:20.352+0000] {dag.py:2585} INFO - Sync 1 DAGs
[2024-06-11T19:32:20.375+0000] {logging_mixin.py:120} INFO - [2024-06-11T19:32:20.375+0000] {dag.py:3340} INFO - Setting next_dagrun for example_branch_python_operator_decorator to 2024-06-10T00:00:00+00:00, run_after=2024-06-11T00:00:00+00:00
[2024-06-11T19:32:20.391+0000] {processor.py:176} INFO - Processing /home/airflow/.local/lib/python3.7/site-packages/airflow/example_dags/example_branch_operator_decorator.py took 0.104 seconds
[2024-06-11T19:32:50.472+0000] {processor.py:154} INFO - Started process (PID=1147) to work on /home/airflow/.local/lib/python3.7/site-packages/airflow/example_dags/example_branch_operator_decorator.py
[2024-06-11T19:32:50.473+0000] {processor.py:756} INFO - Processing file /home/airflow/.local/lib/python3.7/site-packages/airflow/example_dags/example_branch_operator_decorator.py for tasks to queue
[2024-06-11T19:32:50.473+0000] {logging_mixin.py:120} INFO - [2024-06-11T19:32:50.473+0000] {dagbag.py:537} INFO - Filling up the DagBag from /home/airflow/.local/lib/python3.7/site-packages/airflow/example_dags/example_branch_operator_decorator.py
[2024-06-11T19:32:50.494+0000] {processor.py:766} INFO - DAG(s) dict_keys(['example_branch_python_operator_decorator']) retrieved from /home/airflow/.local/lib/python3.7/site-packages/airflow/example_dags/example_branch_operator_decorator.py
[2024-06-11T19:32:50.530+0000] {logging_mixin.py:120} INFO - [2024-06-11T19:32:50.530+0000] {dag.py:2585} INFO - Sync 1 DAGs
[2024-06-11T19:32:50.553+0000] {logging_mixin.py:120} INFO - [2024-06-11T19:32:50.553+0000] {dag.py:3340} INFO - Setting next_dagrun for example_branch_python_operator_decorator to 2024-06-10T00:00:00+00:00, run_after=2024-06-11T00:00:00+00:00
[2024-06-11T19:32:50.569+0000] {processor.py:176} INFO - Processing /home/airflow/.local/lib/python3.7/site-packages/airflow/example_dags/example_branch_operator_decorator.py took 0.101 seconds
[2024-06-11T19:33:20.764+0000] {processor.py:154} INFO - Started process (PID=1210) to work on /home/airflow/.local/lib/python3.7/site-packages/airflow/example_dags/example_branch_operator_decorator.py
[2024-06-11T19:33:20.764+0000] {processor.py:756} INFO - Processing file /home/airflow/.local/lib/python3.7/site-packages/airflow/example_dags/example_branch_operator_decorator.py for tasks to queue
[2024-06-11T19:33:20.765+0000] {logging_mixin.py:120} INFO - [2024-06-11T19:33:20.765+0000] {dagbag.py:537} INFO - Filling up the DagBag from /home/airflow/.local/lib/python3.7/site-packages/airflow/example_dags/example_branch_operator_decorator.py
[2024-06-11T19:33:20.786+0000] {processor.py:766} INFO - DAG(s) dict_keys(['example_branch_python_operator_decorator']) retrieved from /home/airflow/.local/lib/python3.7/site-packages/airflow/example_dags/example_branch_operator_decorator.py
[2024-06-11T19:33:20.821+0000] {logging_mixin.py:120} INFO - [2024-06-11T19:33:20.821+0000] {dag.py:2585} INFO - Sync 1 DAGs
[2024-06-11T19:33:20.844+0000] {logging_mixin.py:120} INFO - [2024-06-11T19:33:20.843+0000] {dag.py:3340} INFO - Setting next_dagrun for example_branch_python_operator_decorator to 2024-06-10T00:00:00+00:00, run_after=2024-06-11T00:00:00+00:00
[2024-06-11T19:33:20.861+0000] {processor.py:176} INFO - Processing /home/airflow/.local/lib/python3.7/site-packages/airflow/example_dags/example_branch_operator_decorator.py took 0.100 seconds
[2024-06-11T19:49:38.620+0000] {processor.py:154} INFO - Started process (PID=1264) to work on /home/airflow/.local/lib/python3.7/site-packages/airflow/example_dags/example_branch_operator_decorator.py
[2024-06-11T19:49:38.621+0000] {processor.py:756} INFO - Processing file /home/airflow/.local/lib/python3.7/site-packages/airflow/example_dags/example_branch_operator_decorator.py for tasks to queue
[2024-06-11T19:49:38.622+0000] {logging_mixin.py:120} INFO - [2024-06-11T19:49:38.622+0000] {dagbag.py:537} INFO - Filling up the DagBag from /home/airflow/.local/lib/python3.7/site-packages/airflow/example_dags/example_branch_operator_decorator.py
[2024-06-11T19:49:38.649+0000] {processor.py:766} INFO - DAG(s) dict_keys(['example_branch_python_operator_decorator']) retrieved from /home/airflow/.local/lib/python3.7/site-packages/airflow/example_dags/example_branch_operator_decorator.py
[2024-06-11T19:49:38.692+0000] {logging_mixin.py:120} INFO - [2024-06-11T19:49:38.691+0000] {dag.py:2585} INFO - Sync 1 DAGs
[2024-06-11T19:49:38.722+0000] {logging_mixin.py:120} INFO - [2024-06-11T19:49:38.722+0000] {dag.py:3340} INFO - Setting next_dagrun for example_branch_python_operator_decorator to 2024-06-10T00:00:00+00:00, run_after=2024-06-11T00:00:00+00:00
[2024-06-11T19:49:38.741+0000] {processor.py:176} INFO - Processing /home/airflow/.local/lib/python3.7/site-packages/airflow/example_dags/example_branch_operator_decorator.py took 0.125 seconds
[2024-06-11T19:50:09.104+0000] {processor.py:154} INFO - Started process (PID=1327) to work on /home/airflow/.local/lib/python3.7/site-packages/airflow/example_dags/example_branch_operator_decorator.py
[2024-06-11T19:50:09.105+0000] {processor.py:756} INFO - Processing file /home/airflow/.local/lib/python3.7/site-packages/airflow/example_dags/example_branch_operator_decorator.py for tasks to queue
[2024-06-11T19:50:09.106+0000] {logging_mixin.py:120} INFO - [2024-06-11T19:50:09.106+0000] {dagbag.py:537} INFO - Filling up the DagBag from /home/airflow/.local/lib/python3.7/site-packages/airflow/example_dags/example_branch_operator_decorator.py
[2024-06-11T19:50:09.127+0000] {processor.py:766} INFO - DAG(s) dict_keys(['example_branch_python_operator_decorator']) retrieved from /home/airflow/.local/lib/python3.7/site-packages/airflow/example_dags/example_branch_operator_decorator.py
[2024-06-11T19:50:09.162+0000] {logging_mixin.py:120} INFO - [2024-06-11T19:50:09.162+0000] {dag.py:2585} INFO - Sync 1 DAGs
[2024-06-11T19:50:09.186+0000] {logging_mixin.py:120} INFO - [2024-06-11T19:50:09.186+0000] {dag.py:3340} INFO - Setting next_dagrun for example_branch_python_operator_decorator to 2024-06-10T00:00:00+00:00, run_after=2024-06-11T00:00:00+00:00
[2024-06-11T19:50:09.203+0000] {processor.py:176} INFO - Processing /home/airflow/.local/lib/python3.7/site-packages/airflow/example_dags/example_branch_operator_decorator.py took 0.102 seconds
[2024-06-11T19:50:41.055+0000] {processor.py:154} INFO - Started process (PID=1381) to work on /home/airflow/.local/lib/python3.7/site-packages/airflow/example_dags/example_branch_operator_decorator.py
[2024-06-11T19:50:41.056+0000] {processor.py:756} INFO - Processing file /home/airflow/.local/lib/python3.7/site-packages/airflow/example_dags/example_branch_operator_decorator.py for tasks to queue
[2024-06-11T19:50:41.061+0000] {logging_mixin.py:120} INFO - [2024-06-11T19:50:41.061+0000] {dagbag.py:537} INFO - Filling up the DagBag from /home/airflow/.local/lib/python3.7/site-packages/airflow/example_dags/example_branch_operator_decorator.py
[2024-06-11T19:50:41.093+0000] {processor.py:766} INFO - DAG(s) dict_keys(['example_branch_python_operator_decorator']) retrieved from /home/airflow/.local/lib/python3.7/site-packages/airflow/example_dags/example_branch_operator_decorator.py
[2024-06-11T19:50:41.145+0000] {logging_mixin.py:120} INFO - [2024-06-11T19:50:41.145+0000] {dag.py:2585} INFO - Sync 1 DAGs
[2024-06-11T19:50:41.178+0000] {logging_mixin.py:120} INFO - [2024-06-11T19:50:41.178+0000] {dag.py:3340} INFO - Setting next_dagrun for example_branch_python_operator_decorator to 2024-06-10T00:00:00+00:00, run_after=2024-06-11T00:00:00+00:00
[2024-06-11T19:50:41.204+0000] {processor.py:176} INFO - Processing /home/airflow/.local/lib/python3.7/site-packages/airflow/example_dags/example_branch_operator_decorator.py took 0.153 seconds
[2024-06-11T19:51:11.298+0000] {processor.py:154} INFO - Started process (PID=1443) to work on /home/airflow/.local/lib/python3.7/site-packages/airflow/example_dags/example_branch_operator_decorator.py
[2024-06-11T19:51:11.299+0000] {processor.py:756} INFO - Processing file /home/airflow/.local/lib/python3.7/site-packages/airflow/example_dags/example_branch_operator_decorator.py for tasks to queue
[2024-06-11T19:51:11.300+0000] {logging_mixin.py:120} INFO - [2024-06-11T19:51:11.299+0000] {dagbag.py:537} INFO - Filling up the DagBag from /home/airflow/.local/lib/python3.7/site-packages/airflow/example_dags/example_branch_operator_decorator.py
[2024-06-11T19:51:11.321+0000] {processor.py:766} INFO - DAG(s) dict_keys(['example_branch_python_operator_decorator']) retrieved from /home/airflow/.local/lib/python3.7/site-packages/airflow/example_dags/example_branch_operator_decorator.py
[2024-06-11T19:51:11.356+0000] {logging_mixin.py:120} INFO - [2024-06-11T19:51:11.356+0000] {dag.py:2585} INFO - Sync 1 DAGs
[2024-06-11T19:51:11.379+0000] {logging_mixin.py:120} INFO - [2024-06-11T19:51:11.378+0000] {dag.py:3340} INFO - Setting next_dagrun for example_branch_python_operator_decorator to 2024-06-10T00:00:00+00:00, run_after=2024-06-11T00:00:00+00:00
[2024-06-11T19:51:11.395+0000] {processor.py:176} INFO - Processing /home/airflow/.local/lib/python3.7/site-packages/airflow/example_dags/example_branch_operator_decorator.py took 0.100 seconds
[2024-06-11T19:51:42.978+0000] {processor.py:154} INFO - Started process (PID=1505) to work on /home/airflow/.local/lib/python3.7/site-packages/airflow/example_dags/example_branch_operator_decorator.py
[2024-06-11T19:51:42.979+0000] {processor.py:756} INFO - Processing file /home/airflow/.local/lib/python3.7/site-packages/airflow/example_dags/example_branch_operator_decorator.py for tasks to queue
[2024-06-11T19:51:42.980+0000] {logging_mixin.py:120} INFO - [2024-06-11T19:51:42.980+0000] {dagbag.py:537} INFO - Filling up the DagBag from /home/airflow/.local/lib/python3.7/site-packages/airflow/example_dags/example_branch_operator_decorator.py
[2024-06-11T19:51:43.001+0000] {processor.py:766} INFO - DAG(s) dict_keys(['example_branch_python_operator_decorator']) retrieved from /home/airflow/.local/lib/python3.7/site-packages/airflow/example_dags/example_branch_operator_decorator.py
[2024-06-11T19:51:43.035+0000] {logging_mixin.py:120} INFO - [2024-06-11T19:51:43.035+0000] {dag.py:2585} INFO - Sync 1 DAGs
[2024-06-11T19:51:43.058+0000] {logging_mixin.py:120} INFO - [2024-06-11T19:51:43.058+0000] {dag.py:3340} INFO - Setting next_dagrun for example_branch_python_operator_decorator to 2024-06-10T00:00:00+00:00, run_after=2024-06-11T00:00:00+00:00
[2024-06-11T19:51:43.074+0000] {processor.py:176} INFO - Processing /home/airflow/.local/lib/python3.7/site-packages/airflow/example_dags/example_branch_operator_decorator.py took 0.099 seconds
[2024-06-11T19:56:19.651+0000] {processor.py:154} INFO - Started process (PID=1559) to work on /home/airflow/.local/lib/python3.7/site-packages/airflow/example_dags/example_branch_operator_decorator.py
[2024-06-11T19:56:19.652+0000] {processor.py:756} INFO - Processing file /home/airflow/.local/lib/python3.7/site-packages/airflow/example_dags/example_branch_operator_decorator.py for tasks to queue
[2024-06-11T19:56:19.652+0000] {logging_mixin.py:120} INFO - [2024-06-11T19:56:19.652+0000] {dagbag.py:537} INFO - Filling up the DagBag from /home/airflow/.local/lib/python3.7/site-packages/airflow/example_dags/example_branch_operator_decorator.py
[2024-06-11T19:56:19.673+0000] {processor.py:766} INFO - DAG(s) dict_keys(['example_branch_python_operator_decorator']) retrieved from /home/airflow/.local/lib/python3.7/site-packages/airflow/example_dags/example_branch_operator_decorator.py
[2024-06-11T19:56:19.707+0000] {logging_mixin.py:120} INFO - [2024-06-11T19:56:19.707+0000] {dag.py:2585} INFO - Sync 1 DAGs
[2024-06-11T19:56:19.730+0000] {logging_mixin.py:120} INFO - [2024-06-11T19:56:19.730+0000] {dag.py:3340} INFO - Setting next_dagrun for example_branch_python_operator_decorator to 2024-06-10T00:00:00+00:00, run_after=2024-06-11T00:00:00+00:00
[2024-06-11T19:56:19.746+0000] {processor.py:176} INFO - Processing /home/airflow/.local/lib/python3.7/site-packages/airflow/example_dags/example_branch_operator_decorator.py took 0.098 seconds
[2024-06-11T19:56:50.012+0000] {processor.py:154} INFO - Started process (PID=1622) to work on /home/airflow/.local/lib/python3.7/site-packages/airflow/example_dags/example_branch_operator_decorator.py
[2024-06-11T19:56:50.013+0000] {processor.py:756} INFO - Processing file /home/airflow/.local/lib/python3.7/site-packages/airflow/example_dags/example_branch_operator_decorator.py for tasks to queue
[2024-06-11T19:56:50.014+0000] {logging_mixin.py:120} INFO - [2024-06-11T19:56:50.014+0000] {dagbag.py:537} INFO - Filling up the DagBag from /home/airflow/.local/lib/python3.7/site-packages/airflow/example_dags/example_branch_operator_decorator.py
[2024-06-11T19:56:50.036+0000] {processor.py:766} INFO - DAG(s) dict_keys(['example_branch_python_operator_decorator']) retrieved from /home/airflow/.local/lib/python3.7/site-packages/airflow/example_dags/example_branch_operator_decorator.py
[2024-06-11T19:56:50.071+0000] {logging_mixin.py:120} INFO - [2024-06-11T19:56:50.071+0000] {dag.py:2585} INFO - Sync 1 DAGs
[2024-06-11T19:56:50.093+0000] {logging_mixin.py:120} INFO - [2024-06-11T19:56:50.093+0000] {dag.py:3340} INFO - Setting next_dagrun for example_branch_python_operator_decorator to 2024-06-10T00:00:00+00:00, run_after=2024-06-11T00:00:00+00:00
[2024-06-11T19:56:50.109+0000] {processor.py:176} INFO - Processing /home/airflow/.local/lib/python3.7/site-packages/airflow/example_dags/example_branch_operator_decorator.py took 0.100 seconds
[2024-06-11T19:57:20.200+0000] {processor.py:154} INFO - Started process (PID=1685) to work on /home/airflow/.local/lib/python3.7/site-packages/airflow/example_dags/example_branch_operator_decorator.py
[2024-06-11T19:57:20.201+0000] {processor.py:756} INFO - Processing file /home/airflow/.local/lib/python3.7/site-packages/airflow/example_dags/example_branch_operator_decorator.py for tasks to queue
[2024-06-11T19:57:20.202+0000] {logging_mixin.py:120} INFO - [2024-06-11T19:57:20.202+0000] {dagbag.py:537} INFO - Filling up the DagBag from /home/airflow/.local/lib/python3.7/site-packages/airflow/example_dags/example_branch_operator_decorator.py
[2024-06-11T19:57:20.223+0000] {processor.py:766} INFO - DAG(s) dict_keys(['example_branch_python_operator_decorator']) retrieved from /home/airflow/.local/lib/python3.7/site-packages/airflow/example_dags/example_branch_operator_decorator.py
[2024-06-11T19:57:20.257+0000] {logging_mixin.py:120} INFO - [2024-06-11T19:57:20.257+0000] {dag.py:2585} INFO - Sync 1 DAGs
[2024-06-11T19:57:20.280+0000] {logging_mixin.py:120} INFO - [2024-06-11T19:57:20.280+0000] {dag.py:3340} INFO - Setting next_dagrun for example_branch_python_operator_decorator to 2024-06-10T00:00:00+00:00, run_after=2024-06-11T00:00:00+00:00
[2024-06-11T19:57:20.297+0000] {processor.py:176} INFO - Processing /home/airflow/.local/lib/python3.7/site-packages/airflow/example_dags/example_branch_operator_decorator.py took 0.100 seconds
[2024-06-11T19:57:50.516+0000] {processor.py:154} INFO - Started process (PID=1747) to work on /home/airflow/.local/lib/python3.7/site-packages/airflow/example_dags/example_branch_operator_decorator.py
[2024-06-11T19:57:50.517+0000] {processor.py:756} INFO - Processing file /home/airflow/.local/lib/python3.7/site-packages/airflow/example_dags/example_branch_operator_decorator.py for tasks to queue
[2024-06-11T19:57:50.517+0000] {logging_mixin.py:120} INFO - [2024-06-11T19:57:50.517+0000] {dagbag.py:537} INFO - Filling up the DagBag from /home/airflow/.local/lib/python3.7/site-packages/airflow/example_dags/example_branch_operator_decorator.py
[2024-06-11T19:57:50.539+0000] {processor.py:766} INFO - DAG(s) dict_keys(['example_branch_python_operator_decorator']) retrieved from /home/airflow/.local/lib/python3.7/site-packages/airflow/example_dags/example_branch_operator_decorator.py
[2024-06-11T19:57:50.573+0000] {logging_mixin.py:120} INFO - [2024-06-11T19:57:50.573+0000] {dag.py:2585} INFO - Sync 1 DAGs
[2024-06-11T19:57:50.598+0000] {logging_mixin.py:120} INFO - [2024-06-11T19:57:50.598+0000] {dag.py:3340} INFO - Setting next_dagrun for example_branch_python_operator_decorator to 2024-06-10T00:00:00+00:00, run_after=2024-06-11T00:00:00+00:00
[2024-06-11T19:57:50.614+0000] {processor.py:176} INFO - Processing /home/airflow/.local/lib/python3.7/site-packages/airflow/example_dags/example_branch_operator_decorator.py took 0.102 seconds
[2024-06-11T20:15:59.102+0000] {processor.py:154} INFO - Started process (PID=1801) to work on /home/airflow/.local/lib/python3.7/site-packages/airflow/example_dags/example_branch_operator_decorator.py
[2024-06-11T20:15:59.104+0000] {processor.py:756} INFO - Processing file /home/airflow/.local/lib/python3.7/site-packages/airflow/example_dags/example_branch_operator_decorator.py for tasks to queue
[2024-06-11T20:15:59.105+0000] {logging_mixin.py:120} INFO - [2024-06-11T20:15:59.105+0000] {dagbag.py:537} INFO - Filling up the DagBag from /home/airflow/.local/lib/python3.7/site-packages/airflow/example_dags/example_branch_operator_decorator.py
[2024-06-11T20:15:59.135+0000] {processor.py:766} INFO - DAG(s) dict_keys(['example_branch_python_operator_decorator']) retrieved from /home/airflow/.local/lib/python3.7/site-packages/airflow/example_dags/example_branch_operator_decorator.py
[2024-06-11T20:15:59.184+0000] {logging_mixin.py:120} INFO - [2024-06-11T20:15:59.184+0000] {dag.py:2585} INFO - Sync 1 DAGs
[2024-06-11T20:15:59.215+0000] {logging_mixin.py:120} INFO - [2024-06-11T20:15:59.215+0000] {dag.py:3340} INFO - Setting next_dagrun for example_branch_python_operator_decorator to 2024-06-10T00:00:00+00:00, run_after=2024-06-11T00:00:00+00:00
[2024-06-11T20:15:59.237+0000] {processor.py:176} INFO - Processing /home/airflow/.local/lib/python3.7/site-packages/airflow/example_dags/example_branch_operator_decorator.py took 0.139 seconds
[2024-06-11T20:16:29.735+0000] {processor.py:154} INFO - Started process (PID=1864) to work on /home/airflow/.local/lib/python3.7/site-packages/airflow/example_dags/example_branch_operator_decorator.py
[2024-06-11T20:16:29.736+0000] {processor.py:756} INFO - Processing file /home/airflow/.local/lib/python3.7/site-packages/airflow/example_dags/example_branch_operator_decorator.py for tasks to queue
[2024-06-11T20:16:29.737+0000] {logging_mixin.py:120} INFO - [2024-06-11T20:16:29.737+0000] {dagbag.py:537} INFO - Filling up the DagBag from /home/airflow/.local/lib/python3.7/site-packages/airflow/example_dags/example_branch_operator_decorator.py
[2024-06-11T20:16:29.757+0000] {processor.py:766} INFO - DAG(s) dict_keys(['example_branch_python_operator_decorator']) retrieved from /home/airflow/.local/lib/python3.7/site-packages/airflow/example_dags/example_branch_operator_decorator.py
[2024-06-11T20:16:29.791+0000] {logging_mixin.py:120} INFO - [2024-06-11T20:16:29.791+0000] {dag.py:2585} INFO - Sync 1 DAGs
[2024-06-11T20:16:29.814+0000] {logging_mixin.py:120} INFO - [2024-06-11T20:16:29.814+0000] {dag.py:3340} INFO - Setting next_dagrun for example_branch_python_operator_decorator to 2024-06-10T00:00:00+00:00, run_after=2024-06-11T00:00:00+00:00
[2024-06-11T20:16:29.829+0000] {processor.py:176} INFO - Processing /home/airflow/.local/lib/python3.7/site-packages/airflow/example_dags/example_branch_operator_decorator.py took 0.097 seconds
[2024-06-11T20:17:00.083+0000] {processor.py:154} INFO - Started process (PID=1927) to work on /home/airflow/.local/lib/python3.7/site-packages/airflow/example_dags/example_branch_operator_decorator.py
[2024-06-11T20:17:00.084+0000] {processor.py:756} INFO - Processing file /home/airflow/.local/lib/python3.7/site-packages/airflow/example_dags/example_branch_operator_decorator.py for tasks to queue
[2024-06-11T20:17:00.085+0000] {logging_mixin.py:120} INFO - [2024-06-11T20:17:00.084+0000] {dagbag.py:537} INFO - Filling up the DagBag from /home/airflow/.local/lib/python3.7/site-packages/airflow/example_dags/example_branch_operator_decorator.py
[2024-06-11T20:17:00.107+0000] {processor.py:766} INFO - DAG(s) dict_keys(['example_branch_python_operator_decorator']) retrieved from /home/airflow/.local/lib/python3.7/site-packages/airflow/example_dags/example_branch_operator_decorator.py
[2024-06-11T20:17:00.141+0000] {logging_mixin.py:120} INFO - [2024-06-11T20:17:00.141+0000] {dag.py:2585} INFO - Sync 1 DAGs
[2024-06-11T20:17:00.163+0000] {logging_mixin.py:120} INFO - [2024-06-11T20:17:00.163+0000] {dag.py:3340} INFO - Setting next_dagrun for example_branch_python_operator_decorator to 2024-06-10T00:00:00+00:00, run_after=2024-06-11T00:00:00+00:00
[2024-06-11T20:17:00.180+0000] {processor.py:176} INFO - Processing /home/airflow/.local/lib/python3.7/site-packages/airflow/example_dags/example_branch_operator_decorator.py took 0.100 seconds
[2024-06-11T20:17:30.343+0000] {processor.py:154} INFO - Started process (PID=1990) to work on /home/airflow/.local/lib/python3.7/site-packages/airflow/example_dags/example_branch_operator_decorator.py
[2024-06-11T20:17:30.344+0000] {processor.py:756} INFO - Processing file /home/airflow/.local/lib/python3.7/site-packages/airflow/example_dags/example_branch_operator_decorator.py for tasks to queue
[2024-06-11T20:17:30.345+0000] {logging_mixin.py:120} INFO - [2024-06-11T20:17:30.345+0000] {dagbag.py:537} INFO - Filling up the DagBag from /home/airflow/.local/lib/python3.7/site-packages/airflow/example_dags/example_branch_operator_decorator.py
[2024-06-11T20:17:30.366+0000] {processor.py:766} INFO - DAG(s) dict_keys(['example_branch_python_operator_decorator']) retrieved from /home/airflow/.local/lib/python3.7/site-packages/airflow/example_dags/example_branch_operator_decorator.py
[2024-06-11T20:17:30.401+0000] {logging_mixin.py:120} INFO - [2024-06-11T20:17:30.401+0000] {dag.py:2585} INFO - Sync 1 DAGs
[2024-06-11T20:17:30.425+0000] {logging_mixin.py:120} INFO - [2024-06-11T20:17:30.424+0000] {dag.py:3340} INFO - Setting next_dagrun for example_branch_python_operator_decorator to 2024-06-10T00:00:00+00:00, run_after=2024-06-11T00:00:00+00:00
[2024-06-11T20:17:30.440+0000] {processor.py:176} INFO - Processing /home/airflow/.local/lib/python3.7/site-packages/airflow/example_dags/example_branch_operator_decorator.py took 0.100 seconds
[2024-06-11T20:18:00.587+0000] {processor.py:154} INFO - Started process (PID=2044) to work on /home/airflow/.local/lib/python3.7/site-packages/airflow/example_dags/example_branch_operator_decorator.py
[2024-06-11T20:18:00.588+0000] {processor.py:756} INFO - Processing file /home/airflow/.local/lib/python3.7/site-packages/airflow/example_dags/example_branch_operator_decorator.py for tasks to queue
[2024-06-11T20:18:00.589+0000] {logging_mixin.py:120} INFO - [2024-06-11T20:18:00.589+0000] {dagbag.py:537} INFO - Filling up the DagBag from /home/airflow/.local/lib/python3.7/site-packages/airflow/example_dags/example_branch_operator_decorator.py
[2024-06-11T20:18:00.610+0000] {processor.py:766} INFO - DAG(s) dict_keys(['example_branch_python_operator_decorator']) retrieved from /home/airflow/.local/lib/python3.7/site-packages/airflow/example_dags/example_branch_operator_decorator.py
[2024-06-11T20:18:00.644+0000] {logging_mixin.py:120} INFO - [2024-06-11T20:18:00.644+0000] {dag.py:2585} INFO - Sync 1 DAGs
[2024-06-11T20:18:00.668+0000] {logging_mixin.py:120} INFO - [2024-06-11T20:18:00.668+0000] {dag.py:3340} INFO - Setting next_dagrun for example_branch_python_operator_decorator to 2024-06-10T00:00:00+00:00, run_after=2024-06-11T00:00:00+00:00
[2024-06-11T20:18:00.684+0000] {processor.py:176} INFO - Processing /home/airflow/.local/lib/python3.7/site-packages/airflow/example_dags/example_branch_operator_decorator.py took 0.100 seconds
[2024-06-11T20:36:24.013+0000] {processor.py:154} INFO - Started process (PID=2107) to work on /home/airflow/.local/lib/python3.7/site-packages/airflow/example_dags/example_branch_operator_decorator.py
[2024-06-11T20:36:24.015+0000] {processor.py:756} INFO - Processing file /home/airflow/.local/lib/python3.7/site-packages/airflow/example_dags/example_branch_operator_decorator.py for tasks to queue
[2024-06-11T20:36:24.017+0000] {logging_mixin.py:120} INFO - [2024-06-11T20:36:24.016+0000] {dagbag.py:537} INFO - Filling up the DagBag from /home/airflow/.local/lib/python3.7/site-packages/airflow/example_dags/example_branch_operator_decorator.py
[2024-06-11T20:36:24.058+0000] {processor.py:766} INFO - DAG(s) dict_keys(['example_branch_python_operator_decorator']) retrieved from /home/airflow/.local/lib/python3.7/site-packages/airflow/example_dags/example_branch_operator_decorator.py
[2024-06-11T20:36:24.126+0000] {logging_mixin.py:120} INFO - [2024-06-11T20:36:24.125+0000] {dag.py:2585} INFO - Sync 1 DAGs
[2024-06-11T20:36:24.178+0000] {logging_mixin.py:120} INFO - [2024-06-11T20:36:24.177+0000] {dag.py:3340} INFO - Setting next_dagrun for example_branch_python_operator_decorator to 2024-06-10T00:00:00+00:00, run_after=2024-06-11T00:00:00+00:00
[2024-06-11T20:36:24.212+0000] {processor.py:176} INFO - Processing /home/airflow/.local/lib/python3.7/site-packages/airflow/example_dags/example_branch_operator_decorator.py took 0.205 seconds
[2024-06-11T20:36:54.236+0000] {processor.py:154} INFO - Started process (PID=2170) to work on /home/airflow/.local/lib/python3.7/site-packages/airflow/example_dags/example_branch_operator_decorator.py
[2024-06-11T20:36:54.238+0000] {processor.py:756} INFO - Processing file /home/airflow/.local/lib/python3.7/site-packages/airflow/example_dags/example_branch_operator_decorator.py for tasks to queue
[2024-06-11T20:36:54.238+0000] {logging_mixin.py:120} INFO - [2024-06-11T20:36:54.238+0000] {dagbag.py:537} INFO - Filling up the DagBag from /home/airflow/.local/lib/python3.7/site-packages/airflow/example_dags/example_branch_operator_decorator.py
[2024-06-11T20:36:54.260+0000] {processor.py:766} INFO - DAG(s) dict_keys(['example_branch_python_operator_decorator']) retrieved from /home/airflow/.local/lib/python3.7/site-packages/airflow/example_dags/example_branch_operator_decorator.py
[2024-06-11T20:36:54.293+0000] {logging_mixin.py:120} INFO - [2024-06-11T20:36:54.293+0000] {dag.py:2585} INFO - Sync 1 DAGs
[2024-06-11T20:36:54.315+0000] {logging_mixin.py:120} INFO - [2024-06-11T20:36:54.315+0000] {dag.py:3340} INFO - Setting next_dagrun for example_branch_python_operator_decorator to 2024-06-10T00:00:00+00:00, run_after=2024-06-11T00:00:00+00:00
[2024-06-11T20:36:54.329+0000] {processor.py:176} INFO - Processing /home/airflow/.local/lib/python3.7/site-packages/airflow/example_dags/example_branch_operator_decorator.py took 0.096 seconds
[2024-06-11T20:37:24.373+0000] {processor.py:154} INFO - Started process (PID=2224) to work on /home/airflow/.local/lib/python3.7/site-packages/airflow/example_dags/example_branch_operator_decorator.py
[2024-06-11T20:37:24.374+0000] {processor.py:756} INFO - Processing file /home/airflow/.local/lib/python3.7/site-packages/airflow/example_dags/example_branch_operator_decorator.py for tasks to queue
[2024-06-11T20:37:24.375+0000] {logging_mixin.py:120} INFO - [2024-06-11T20:37:24.375+0000] {dagbag.py:537} INFO - Filling up the DagBag from /home/airflow/.local/lib/python3.7/site-packages/airflow/example_dags/example_branch_operator_decorator.py
[2024-06-11T20:37:24.396+0000] {processor.py:766} INFO - DAG(s) dict_keys(['example_branch_python_operator_decorator']) retrieved from /home/airflow/.local/lib/python3.7/site-packages/airflow/example_dags/example_branch_operator_decorator.py
[2024-06-11T20:37:24.429+0000] {logging_mixin.py:120} INFO - [2024-06-11T20:37:24.429+0000] {dag.py:2585} INFO - Sync 1 DAGs
[2024-06-11T20:37:24.453+0000] {logging_mixin.py:120} INFO - [2024-06-11T20:37:24.453+0000] {dag.py:3340} INFO - Setting next_dagrun for example_branch_python_operator_decorator to 2024-06-10T00:00:00+00:00, run_after=2024-06-11T00:00:00+00:00
[2024-06-11T20:37:24.468+0000] {processor.py:176} INFO - Processing /home/airflow/.local/lib/python3.7/site-packages/airflow/example_dags/example_branch_operator_decorator.py took 0.098 seconds
[2024-06-11T20:37:54.692+0000] {processor.py:154} INFO - Started process (PID=2287) to work on /home/airflow/.local/lib/python3.7/site-packages/airflow/example_dags/example_branch_operator_decorator.py
[2024-06-11T20:37:54.693+0000] {processor.py:756} INFO - Processing file /home/airflow/.local/lib/python3.7/site-packages/airflow/example_dags/example_branch_operator_decorator.py for tasks to queue
[2024-06-11T20:37:54.694+0000] {logging_mixin.py:120} INFO - [2024-06-11T20:37:54.694+0000] {dagbag.py:537} INFO - Filling up the DagBag from /home/airflow/.local/lib/python3.7/site-packages/airflow/example_dags/example_branch_operator_decorator.py
[2024-06-11T20:37:54.715+0000] {processor.py:766} INFO - DAG(s) dict_keys(['example_branch_python_operator_decorator']) retrieved from /home/airflow/.local/lib/python3.7/site-packages/airflow/example_dags/example_branch_operator_decorator.py
[2024-06-11T20:37:54.749+0000] {logging_mixin.py:120} INFO - [2024-06-11T20:37:54.749+0000] {dag.py:2585} INFO - Sync 1 DAGs
[2024-06-11T20:37:54.771+0000] {logging_mixin.py:120} INFO - [2024-06-11T20:37:54.771+0000] {dag.py:3340} INFO - Setting next_dagrun for example_branch_python_operator_decorator to 2024-06-10T00:00:00+00:00, run_after=2024-06-11T00:00:00+00:00
[2024-06-11T20:37:54.788+0000] {processor.py:176} INFO - Processing /home/airflow/.local/lib/python3.7/site-packages/airflow/example_dags/example_branch_operator_decorator.py took 0.100 seconds
[2024-06-11T20:38:26.572+0000] {processor.py:154} INFO - Started process (PID=2350) to work on /home/airflow/.local/lib/python3.7/site-packages/airflow/example_dags/example_branch_operator_decorator.py
[2024-06-11T20:38:26.573+0000] {processor.py:756} INFO - Processing file /home/airflow/.local/lib/python3.7/site-packages/airflow/example_dags/example_branch_operator_decorator.py for tasks to queue
[2024-06-11T20:38:26.575+0000] {logging_mixin.py:120} INFO - [2024-06-11T20:38:26.574+0000] {dagbag.py:537} INFO - Filling up the DagBag from /home/airflow/.local/lib/python3.7/site-packages/airflow/example_dags/example_branch_operator_decorator.py
[2024-06-11T20:38:26.605+0000] {processor.py:766} INFO - DAG(s) dict_keys(['example_branch_python_operator_decorator']) retrieved from /home/airflow/.local/lib/python3.7/site-packages/airflow/example_dags/example_branch_operator_decorator.py
[2024-06-11T20:38:26.663+0000] {logging_mixin.py:120} INFO - [2024-06-11T20:38:26.663+0000] {dag.py:2585} INFO - Sync 1 DAGs
[2024-06-11T20:38:26.696+0000] {logging_mixin.py:120} INFO - [2024-06-11T20:38:26.696+0000] {dag.py:3340} INFO - Setting next_dagrun for example_branch_python_operator_decorator to 2024-06-10T00:00:00+00:00, run_after=2024-06-11T00:00:00+00:00
[2024-06-11T20:38:26.726+0000] {processor.py:176} INFO - Processing /home/airflow/.local/lib/python3.7/site-packages/airflow/example_dags/example_branch_operator_decorator.py took 0.159 seconds
[2024-06-11T20:53:50.255+0000] {processor.py:154} INFO - Started process (PID=2403) to work on /home/airflow/.local/lib/python3.7/site-packages/airflow/example_dags/example_branch_operator_decorator.py
[2024-06-11T20:53:50.256+0000] {processor.py:756} INFO - Processing file /home/airflow/.local/lib/python3.7/site-packages/airflow/example_dags/example_branch_operator_decorator.py for tasks to queue
[2024-06-11T20:53:50.258+0000] {logging_mixin.py:120} INFO - [2024-06-11T20:53:50.258+0000] {dagbag.py:537} INFO - Filling up the DagBag from /home/airflow/.local/lib/python3.7/site-packages/airflow/example_dags/example_branch_operator_decorator.py
[2024-06-11T20:53:50.305+0000] {processor.py:766} INFO - DAG(s) dict_keys(['example_branch_python_operator_decorator']) retrieved from /home/airflow/.local/lib/python3.7/site-packages/airflow/example_dags/example_branch_operator_decorator.py
[2024-06-11T20:53:50.374+0000] {logging_mixin.py:120} INFO - [2024-06-11T20:53:50.374+0000] {dag.py:2585} INFO - Sync 1 DAGs
[2024-06-11T20:53:50.422+0000] {logging_mixin.py:120} INFO - [2024-06-11T20:53:50.421+0000] {dag.py:3340} INFO - Setting next_dagrun for example_branch_python_operator_decorator to 2024-06-10T00:00:00+00:00, run_after=2024-06-11T00:00:00+00:00
[2024-06-11T20:53:50.452+0000] {processor.py:176} INFO - Processing /home/airflow/.local/lib/python3.7/site-packages/airflow/example_dags/example_branch_operator_decorator.py took 0.201 seconds
[2024-06-11T20:54:21.222+0000] {processor.py:154} INFO - Started process (PID=2466) to work on /home/airflow/.local/lib/python3.7/site-packages/airflow/example_dags/example_branch_operator_decorator.py
[2024-06-11T20:54:21.223+0000] {processor.py:756} INFO - Processing file /home/airflow/.local/lib/python3.7/site-packages/airflow/example_dags/example_branch_operator_decorator.py for tasks to queue
[2024-06-11T20:54:21.223+0000] {logging_mixin.py:120} INFO - [2024-06-11T20:54:21.223+0000] {dagbag.py:537} INFO - Filling up the DagBag from /home/airflow/.local/lib/python3.7/site-packages/airflow/example_dags/example_branch_operator_decorator.py
[2024-06-11T20:54:21.244+0000] {processor.py:766} INFO - DAG(s) dict_keys(['example_branch_python_operator_decorator']) retrieved from /home/airflow/.local/lib/python3.7/site-packages/airflow/example_dags/example_branch_operator_decorator.py
[2024-06-11T20:54:21.278+0000] {logging_mixin.py:120} INFO - [2024-06-11T20:54:21.278+0000] {dag.py:2585} INFO - Sync 1 DAGs
[2024-06-11T20:54:21.303+0000] {logging_mixin.py:120} INFO - [2024-06-11T20:54:21.303+0000] {dag.py:3340} INFO - Setting next_dagrun for example_branch_python_operator_decorator to 2024-06-10T00:00:00+00:00, run_after=2024-06-11T00:00:00+00:00
[2024-06-11T20:54:21.319+0000] {processor.py:176} INFO - Processing /home/airflow/.local/lib/python3.7/site-packages/airflow/example_dags/example_branch_operator_decorator.py took 0.100 seconds
[2024-06-11T20:54:51.485+0000] {processor.py:154} INFO - Started process (PID=2529) to work on /home/airflow/.local/lib/python3.7/site-packages/airflow/example_dags/example_branch_operator_decorator.py
[2024-06-11T20:54:51.486+0000] {processor.py:756} INFO - Processing file /home/airflow/.local/lib/python3.7/site-packages/airflow/example_dags/example_branch_operator_decorator.py for tasks to queue
[2024-06-11T20:54:51.487+0000] {logging_mixin.py:120} INFO - [2024-06-11T20:54:51.487+0000] {dagbag.py:537} INFO - Filling up the DagBag from /home/airflow/.local/lib/python3.7/site-packages/airflow/example_dags/example_branch_operator_decorator.py
[2024-06-11T20:54:51.508+0000] {processor.py:766} INFO - DAG(s) dict_keys(['example_branch_python_operator_decorator']) retrieved from /home/airflow/.local/lib/python3.7/site-packages/airflow/example_dags/example_branch_operator_decorator.py
[2024-06-11T20:54:51.543+0000] {logging_mixin.py:120} INFO - [2024-06-11T20:54:51.543+0000] {dag.py:2585} INFO - Sync 1 DAGs
[2024-06-11T20:54:51.564+0000] {logging_mixin.py:120} INFO - [2024-06-11T20:54:51.564+0000] {dag.py:3340} INFO - Setting next_dagrun for example_branch_python_operator_decorator to 2024-06-10T00:00:00+00:00, run_after=2024-06-11T00:00:00+00:00
[2024-06-11T20:54:51.579+0000] {processor.py:176} INFO - Processing /home/airflow/.local/lib/python3.7/site-packages/airflow/example_dags/example_branch_operator_decorator.py took 0.097 seconds
[2024-06-11T20:55:21.682+0000] {processor.py:154} INFO - Started process (PID=2593) to work on /home/airflow/.local/lib/python3.7/site-packages/airflow/example_dags/example_branch_operator_decorator.py
[2024-06-11T20:55:21.683+0000] {processor.py:756} INFO - Processing file /home/airflow/.local/lib/python3.7/site-packages/airflow/example_dags/example_branch_operator_decorator.py for tasks to queue
[2024-06-11T20:55:21.683+0000] {logging_mixin.py:120} INFO - [2024-06-11T20:55:21.683+0000] {dagbag.py:537} INFO - Filling up the DagBag from /home/airflow/.local/lib/python3.7/site-packages/airflow/example_dags/example_branch_operator_decorator.py
[2024-06-11T20:55:21.706+0000] {processor.py:766} INFO - DAG(s) dict_keys(['example_branch_python_operator_decorator']) retrieved from /home/airflow/.local/lib/python3.7/site-packages/airflow/example_dags/example_branch_operator_decorator.py
[2024-06-11T20:55:21.740+0000] {logging_mixin.py:120} INFO - [2024-06-11T20:55:21.739+0000] {dag.py:2585} INFO - Sync 1 DAGs
[2024-06-11T20:55:21.761+0000] {logging_mixin.py:120} INFO - [2024-06-11T20:55:21.761+0000] {dag.py:3340} INFO - Setting next_dagrun for example_branch_python_operator_decorator to 2024-06-10T00:00:00+00:00, run_after=2024-06-11T00:00:00+00:00
[2024-06-11T20:55:21.776+0000] {processor.py:176} INFO - Processing /home/airflow/.local/lib/python3.7/site-packages/airflow/example_dags/example_branch_operator_decorator.py took 0.097 seconds
[2024-06-11T20:55:51.943+0000] {processor.py:154} INFO - Started process (PID=2646) to work on /home/airflow/.local/lib/python3.7/site-packages/airflow/example_dags/example_branch_operator_decorator.py
[2024-06-11T20:55:51.944+0000] {processor.py:756} INFO - Processing file /home/airflow/.local/lib/python3.7/site-packages/airflow/example_dags/example_branch_operator_decorator.py for tasks to queue
[2024-06-11T20:55:51.945+0000] {logging_mixin.py:120} INFO - [2024-06-11T20:55:51.945+0000] {dagbag.py:537} INFO - Filling up the DagBag from /home/airflow/.local/lib/python3.7/site-packages/airflow/example_dags/example_branch_operator_decorator.py
[2024-06-11T20:55:51.968+0000] {processor.py:766} INFO - DAG(s) dict_keys(['example_branch_python_operator_decorator']) retrieved from /home/airflow/.local/lib/python3.7/site-packages/airflow/example_dags/example_branch_operator_decorator.py
[2024-06-11T20:55:53.371+0000] {logging_mixin.py:120} INFO - [2024-06-11T20:55:53.370+0000] {dag.py:2585} INFO - Sync 1 DAGs
[2024-06-11T20:55:53.429+0000] {logging_mixin.py:120} INFO - [2024-06-11T20:55:53.429+0000] {dag.py:3340} INFO - Setting next_dagrun for example_branch_python_operator_decorator to 2024-06-10T00:00:00+00:00, run_after=2024-06-11T00:00:00+00:00
[2024-06-11T20:55:53.480+0000] {processor.py:176} INFO - Processing /home/airflow/.local/lib/python3.7/site-packages/airflow/example_dags/example_branch_operator_decorator.py took 1.540 seconds
[2024-06-11T20:57:22.253+0000] {processor.py:154} INFO - Started process (PID=2709) to work on /home/airflow/.local/lib/python3.7/site-packages/airflow/example_dags/example_branch_operator_decorator.py
[2024-06-11T20:57:22.254+0000] {processor.py:756} INFO - Processing file /home/airflow/.local/lib/python3.7/site-packages/airflow/example_dags/example_branch_operator_decorator.py for tasks to queue
[2024-06-11T20:57:22.255+0000] {logging_mixin.py:120} INFO - [2024-06-11T20:57:22.255+0000] {dagbag.py:537} INFO - Filling up the DagBag from /home/airflow/.local/lib/python3.7/site-packages/airflow/example_dags/example_branch_operator_decorator.py
[2024-06-11T20:57:22.276+0000] {processor.py:766} INFO - DAG(s) dict_keys(['example_branch_python_operator_decorator']) retrieved from /home/airflow/.local/lib/python3.7/site-packages/airflow/example_dags/example_branch_operator_decorator.py
[2024-06-11T20:57:22.310+0000] {logging_mixin.py:120} INFO - [2024-06-11T20:57:22.310+0000] {dag.py:2585} INFO - Sync 1 DAGs
[2024-06-11T20:57:22.332+0000] {logging_mixin.py:120} INFO - [2024-06-11T20:57:22.332+0000] {dag.py:3340} INFO - Setting next_dagrun for example_branch_python_operator_decorator to 2024-06-10T00:00:00+00:00, run_after=2024-06-11T00:00:00+00:00
[2024-06-11T20:57:22.347+0000] {processor.py:176} INFO - Processing /home/airflow/.local/lib/python3.7/site-packages/airflow/example_dags/example_branch_operator_decorator.py took 0.097 seconds
[2024-06-11T20:57:52.481+0000] {processor.py:154} INFO - Started process (PID=2771) to work on /home/airflow/.local/lib/python3.7/site-packages/airflow/example_dags/example_branch_operator_decorator.py
[2024-06-11T20:57:52.481+0000] {processor.py:756} INFO - Processing file /home/airflow/.local/lib/python3.7/site-packages/airflow/example_dags/example_branch_operator_decorator.py for tasks to queue
[2024-06-11T20:57:52.482+0000] {logging_mixin.py:120} INFO - [2024-06-11T20:57:52.482+0000] {dagbag.py:537} INFO - Filling up the DagBag from /home/airflow/.local/lib/python3.7/site-packages/airflow/example_dags/example_branch_operator_decorator.py
[2024-06-11T20:57:52.502+0000] {processor.py:766} INFO - DAG(s) dict_keys(['example_branch_python_operator_decorator']) retrieved from /home/airflow/.local/lib/python3.7/site-packages/airflow/example_dags/example_branch_operator_decorator.py
[2024-06-11T20:57:52.537+0000] {logging_mixin.py:120} INFO - [2024-06-11T20:57:52.537+0000] {dag.py:2585} INFO - Sync 1 DAGs
[2024-06-11T20:57:52.560+0000] {logging_mixin.py:120} INFO - [2024-06-11T20:57:52.560+0000] {dag.py:3340} INFO - Setting next_dagrun for example_branch_python_operator_decorator to 2024-06-10T00:00:00+00:00, run_after=2024-06-11T00:00:00+00:00
[2024-06-11T20:57:52.612+0000] {processor.py:176} INFO - Processing /home/airflow/.local/lib/python3.7/site-packages/airflow/example_dags/example_branch_operator_decorator.py took 0.134 seconds
[2024-06-11T20:58:22.712+0000] {processor.py:154} INFO - Started process (PID=2825) to work on /home/airflow/.local/lib/python3.7/site-packages/airflow/example_dags/example_branch_operator_decorator.py
[2024-06-11T20:58:22.713+0000] {processor.py:756} INFO - Processing file /home/airflow/.local/lib/python3.7/site-packages/airflow/example_dags/example_branch_operator_decorator.py for tasks to queue
[2024-06-11T20:58:22.714+0000] {logging_mixin.py:120} INFO - [2024-06-11T20:58:22.713+0000] {dagbag.py:537} INFO - Filling up the DagBag from /home/airflow/.local/lib/python3.7/site-packages/airflow/example_dags/example_branch_operator_decorator.py
[2024-06-11T20:58:22.734+0000] {processor.py:766} INFO - DAG(s) dict_keys(['example_branch_python_operator_decorator']) retrieved from /home/airflow/.local/lib/python3.7/site-packages/airflow/example_dags/example_branch_operator_decorator.py
[2024-06-11T20:58:22.769+0000] {logging_mixin.py:120} INFO - [2024-06-11T20:58:22.769+0000] {dag.py:2585} INFO - Sync 1 DAGs
[2024-06-11T20:58:22.792+0000] {logging_mixin.py:120} INFO - [2024-06-11T20:58:22.792+0000] {dag.py:3340} INFO - Setting next_dagrun for example_branch_python_operator_decorator to 2024-06-10T00:00:00+00:00, run_after=2024-06-11T00:00:00+00:00
[2024-06-11T20:58:22.807+0000] {processor.py:176} INFO - Processing /home/airflow/.local/lib/python3.7/site-packages/airflow/example_dags/example_branch_operator_decorator.py took 0.099 seconds
[2024-06-11T20:58:53.015+0000] {processor.py:154} INFO - Started process (PID=2888) to work on /home/airflow/.local/lib/python3.7/site-packages/airflow/example_dags/example_branch_operator_decorator.py
[2024-06-11T20:58:53.016+0000] {processor.py:756} INFO - Processing file /home/airflow/.local/lib/python3.7/site-packages/airflow/example_dags/example_branch_operator_decorator.py for tasks to queue
[2024-06-11T20:58:53.017+0000] {logging_mixin.py:120} INFO - [2024-06-11T20:58:53.017+0000] {dagbag.py:537} INFO - Filling up the DagBag from /home/airflow/.local/lib/python3.7/site-packages/airflow/example_dags/example_branch_operator_decorator.py
[2024-06-11T20:58:53.038+0000] {processor.py:766} INFO - DAG(s) dict_keys(['example_branch_python_operator_decorator']) retrieved from /home/airflow/.local/lib/python3.7/site-packages/airflow/example_dags/example_branch_operator_decorator.py
[2024-06-11T20:58:53.072+0000] {logging_mixin.py:120} INFO - [2024-06-11T20:58:53.072+0000] {dag.py:2585} INFO - Sync 1 DAGs
[2024-06-11T20:58:53.094+0000] {logging_mixin.py:120} INFO - [2024-06-11T20:58:53.094+0000] {dag.py:3340} INFO - Setting next_dagrun for example_branch_python_operator_decorator to 2024-06-10T00:00:00+00:00, run_after=2024-06-11T00:00:00+00:00
[2024-06-11T20:58:53.110+0000] {processor.py:176} INFO - Processing /home/airflow/.local/lib/python3.7/site-packages/airflow/example_dags/example_branch_operator_decorator.py took 0.098 seconds
[2024-06-11T21:14:53.984+0000] {processor.py:154} INFO - Started process (PID=2950) to work on /home/airflow/.local/lib/python3.7/site-packages/airflow/example_dags/example_branch_operator_decorator.py
[2024-06-11T21:14:53.985+0000] {processor.py:756} INFO - Processing file /home/airflow/.local/lib/python3.7/site-packages/airflow/example_dags/example_branch_operator_decorator.py for tasks to queue
[2024-06-11T21:14:53.986+0000] {logging_mixin.py:120} INFO - [2024-06-11T21:14:53.986+0000] {dagbag.py:537} INFO - Filling up the DagBag from /home/airflow/.local/lib/python3.7/site-packages/airflow/example_dags/example_branch_operator_decorator.py
[2024-06-11T21:14:54.011+0000] {processor.py:766} INFO - DAG(s) dict_keys(['example_branch_python_operator_decorator']) retrieved from /home/airflow/.local/lib/python3.7/site-packages/airflow/example_dags/example_branch_operator_decorator.py
[2024-06-11T21:14:54.057+0000] {logging_mixin.py:120} INFO - [2024-06-11T21:14:54.057+0000] {dag.py:2585} INFO - Sync 1 DAGs
[2024-06-11T21:14:54.088+0000] {logging_mixin.py:120} INFO - [2024-06-11T21:14:54.088+0000] {dag.py:3340} INFO - Setting next_dagrun for example_branch_python_operator_decorator to 2024-06-10T00:00:00+00:00, run_after=2024-06-11T00:00:00+00:00
[2024-06-11T21:14:54.117+0000] {processor.py:176} INFO - Processing /home/airflow/.local/lib/python3.7/site-packages/airflow/example_dags/example_branch_operator_decorator.py took 0.137 seconds
[2024-06-11T21:15:24.802+0000] {processor.py:154} INFO - Started process (PID=3013) to work on /home/airflow/.local/lib/python3.7/site-packages/airflow/example_dags/example_branch_operator_decorator.py
[2024-06-11T21:15:24.803+0000] {processor.py:756} INFO - Processing file /home/airflow/.local/lib/python3.7/site-packages/airflow/example_dags/example_branch_operator_decorator.py for tasks to queue
[2024-06-11T21:15:24.803+0000] {logging_mixin.py:120} INFO - [2024-06-11T21:15:24.803+0000] {dagbag.py:537} INFO - Filling up the DagBag from /home/airflow/.local/lib/python3.7/site-packages/airflow/example_dags/example_branch_operator_decorator.py
[2024-06-11T21:15:24.824+0000] {processor.py:766} INFO - DAG(s) dict_keys(['example_branch_python_operator_decorator']) retrieved from /home/airflow/.local/lib/python3.7/site-packages/airflow/example_dags/example_branch_operator_decorator.py
[2024-06-11T21:15:24.859+0000] {logging_mixin.py:120} INFO - [2024-06-11T21:15:24.858+0000] {dag.py:2585} INFO - Sync 1 DAGs
[2024-06-11T21:15:24.883+0000] {logging_mixin.py:120} INFO - [2024-06-11T21:15:24.883+0000] {dag.py:3340} INFO - Setting next_dagrun for example_branch_python_operator_decorator to 2024-06-10T00:00:00+00:00, run_after=2024-06-11T00:00:00+00:00
[2024-06-11T21:15:24.898+0000] {processor.py:176} INFO - Processing /home/airflow/.local/lib/python3.7/site-packages/airflow/example_dags/example_branch_operator_decorator.py took 0.099 seconds
[2024-06-11T21:15:55.187+0000] {processor.py:154} INFO - Started process (PID=3067) to work on /home/airflow/.local/lib/python3.7/site-packages/airflow/example_dags/example_branch_operator_decorator.py
[2024-06-11T21:15:55.188+0000] {processor.py:756} INFO - Processing file /home/airflow/.local/lib/python3.7/site-packages/airflow/example_dags/example_branch_operator_decorator.py for tasks to queue
[2024-06-11T21:15:55.189+0000] {logging_mixin.py:120} INFO - [2024-06-11T21:15:55.189+0000] {dagbag.py:537} INFO - Filling up the DagBag from /home/airflow/.local/lib/python3.7/site-packages/airflow/example_dags/example_branch_operator_decorator.py
[2024-06-11T21:15:55.210+0000] {processor.py:766} INFO - DAG(s) dict_keys(['example_branch_python_operator_decorator']) retrieved from /home/airflow/.local/lib/python3.7/site-packages/airflow/example_dags/example_branch_operator_decorator.py
[2024-06-11T21:15:55.243+0000] {logging_mixin.py:120} INFO - [2024-06-11T21:15:55.243+0000] {dag.py:2585} INFO - Sync 1 DAGs
[2024-06-11T21:15:55.264+0000] {logging_mixin.py:120} INFO - [2024-06-11T21:15:55.264+0000] {dag.py:3340} INFO - Setting next_dagrun for example_branch_python_operator_decorator to 2024-06-10T00:00:00+00:00, run_after=2024-06-11T00:00:00+00:00
[2024-06-11T21:15:55.280+0000] {processor.py:176} INFO - Processing /home/airflow/.local/lib/python3.7/site-packages/airflow/example_dags/example_branch_operator_decorator.py took 0.096 seconds
[2024-06-11T21:16:25.596+0000] {processor.py:154} INFO - Started process (PID=3129) to work on /home/airflow/.local/lib/python3.7/site-packages/airflow/example_dags/example_branch_operator_decorator.py
[2024-06-11T21:16:25.597+0000] {processor.py:756} INFO - Processing file /home/airflow/.local/lib/python3.7/site-packages/airflow/example_dags/example_branch_operator_decorator.py for tasks to queue
[2024-06-11T21:16:25.598+0000] {logging_mixin.py:120} INFO - [2024-06-11T21:16:25.597+0000] {dagbag.py:537} INFO - Filling up the DagBag from /home/airflow/.local/lib/python3.7/site-packages/airflow/example_dags/example_branch_operator_decorator.py
[2024-06-11T21:16:25.619+0000] {processor.py:766} INFO - DAG(s) dict_keys(['example_branch_python_operator_decorator']) retrieved from /home/airflow/.local/lib/python3.7/site-packages/airflow/example_dags/example_branch_operator_decorator.py
[2024-06-11T21:16:25.652+0000] {logging_mixin.py:120} INFO - [2024-06-11T21:16:25.652+0000] {dag.py:2585} INFO - Sync 1 DAGs
[2024-06-11T21:16:25.674+0000] {logging_mixin.py:120} INFO - [2024-06-11T21:16:25.674+0000] {dag.py:3340} INFO - Setting next_dagrun for example_branch_python_operator_decorator to 2024-06-10T00:00:00+00:00, run_after=2024-06-11T00:00:00+00:00
[2024-06-11T21:16:25.690+0000] {processor.py:176} INFO - Processing /home/airflow/.local/lib/python3.7/site-packages/airflow/example_dags/example_branch_operator_decorator.py took 0.099 seconds
[2024-06-11T21:16:55.953+0000] {processor.py:154} INFO - Started process (PID=3192) to work on /home/airflow/.local/lib/python3.7/site-packages/airflow/example_dags/example_branch_operator_decorator.py
[2024-06-11T21:16:55.954+0000] {processor.py:756} INFO - Processing file /home/airflow/.local/lib/python3.7/site-packages/airflow/example_dags/example_branch_operator_decorator.py for tasks to queue
[2024-06-11T21:16:55.954+0000] {logging_mixin.py:120} INFO - [2024-06-11T21:16:55.954+0000] {dagbag.py:537} INFO - Filling up the DagBag from /home/airflow/.local/lib/python3.7/site-packages/airflow/example_dags/example_branch_operator_decorator.py
[2024-06-11T21:16:55.975+0000] {processor.py:766} INFO - DAG(s) dict_keys(['example_branch_python_operator_decorator']) retrieved from /home/airflow/.local/lib/python3.7/site-packages/airflow/example_dags/example_branch_operator_decorator.py
[2024-06-11T21:16:56.010+0000] {logging_mixin.py:120} INFO - [2024-06-11T21:16:56.010+0000] {dag.py:2585} INFO - Sync 1 DAGs
[2024-06-11T21:16:56.033+0000] {logging_mixin.py:120} INFO - [2024-06-11T21:16:56.033+0000] {dag.py:3340} INFO - Setting next_dagrun for example_branch_python_operator_decorator to 2024-06-10T00:00:00+00:00, run_after=2024-06-11T00:00:00+00:00
[2024-06-11T21:16:56.049+0000] {processor.py:176} INFO - Processing /home/airflow/.local/lib/python3.7/site-packages/airflow/example_dags/example_branch_operator_decorator.py took 0.100 seconds
[2024-06-11T21:30:34.805+0000] {processor.py:154} INFO - Started process (PID=3247) to work on /home/airflow/.local/lib/python3.7/site-packages/airflow/example_dags/example_branch_operator_decorator.py
[2024-06-11T21:30:34.806+0000] {processor.py:756} INFO - Processing file /home/airflow/.local/lib/python3.7/site-packages/airflow/example_dags/example_branch_operator_decorator.py for tasks to queue
[2024-06-11T21:30:34.807+0000] {logging_mixin.py:120} INFO - [2024-06-11T21:30:34.807+0000] {dagbag.py:537} INFO - Filling up the DagBag from /home/airflow/.local/lib/python3.7/site-packages/airflow/example_dags/example_branch_operator_decorator.py
[2024-06-11T21:30:34.828+0000] {processor.py:766} INFO - DAG(s) dict_keys(['example_branch_python_operator_decorator']) retrieved from /home/airflow/.local/lib/python3.7/site-packages/airflow/example_dags/example_branch_operator_decorator.py
[2024-06-11T21:30:34.864+0000] {logging_mixin.py:120} INFO - [2024-06-11T21:30:34.864+0000] {dag.py:2585} INFO - Sync 1 DAGs
[2024-06-11T21:30:34.888+0000] {logging_mixin.py:120} INFO - [2024-06-11T21:30:34.888+0000] {dag.py:3340} INFO - Setting next_dagrun for example_branch_python_operator_decorator to 2024-06-10T00:00:00+00:00, run_after=2024-06-11T00:00:00+00:00
[2024-06-11T21:30:34.905+0000] {processor.py:176} INFO - Processing /home/airflow/.local/lib/python3.7/site-packages/airflow/example_dags/example_branch_operator_decorator.py took 0.103 seconds
[2024-06-11T21:31:05.357+0000] {processor.py:154} INFO - Started process (PID=3311) to work on /home/airflow/.local/lib/python3.7/site-packages/airflow/example_dags/example_branch_operator_decorator.py
[2024-06-11T21:31:05.358+0000] {processor.py:756} INFO - Processing file /home/airflow/.local/lib/python3.7/site-packages/airflow/example_dags/example_branch_operator_decorator.py for tasks to queue
[2024-06-11T21:31:05.359+0000] {logging_mixin.py:120} INFO - [2024-06-11T21:31:05.359+0000] {dagbag.py:537} INFO - Filling up the DagBag from /home/airflow/.local/lib/python3.7/site-packages/airflow/example_dags/example_branch_operator_decorator.py
[2024-06-11T21:31:05.381+0000] {processor.py:766} INFO - DAG(s) dict_keys(['example_branch_python_operator_decorator']) retrieved from /home/airflow/.local/lib/python3.7/site-packages/airflow/example_dags/example_branch_operator_decorator.py
[2024-06-11T21:31:05.442+0000] {logging_mixin.py:120} INFO - [2024-06-11T21:31:05.441+0000] {dag.py:2585} INFO - Sync 1 DAGs
[2024-06-11T21:31:05.492+0000] {logging_mixin.py:120} INFO - [2024-06-11T21:31:05.492+0000] {dag.py:3340} INFO - Setting next_dagrun for example_branch_python_operator_decorator to 2024-06-10T00:00:00+00:00, run_after=2024-06-11T00:00:00+00:00
[2024-06-11T21:31:05.511+0000] {processor.py:176} INFO - Processing /home/airflow/.local/lib/python3.7/site-packages/airflow/example_dags/example_branch_operator_decorator.py took 0.156 seconds
[2024-06-11T21:31:35.923+0000] {processor.py:154} INFO - Started process (PID=3373) to work on /home/airflow/.local/lib/python3.7/site-packages/airflow/example_dags/example_branch_operator_decorator.py
[2024-06-11T21:31:35.924+0000] {processor.py:756} INFO - Processing file /home/airflow/.local/lib/python3.7/site-packages/airflow/example_dags/example_branch_operator_decorator.py for tasks to queue
[2024-06-11T21:31:35.925+0000] {logging_mixin.py:120} INFO - [2024-06-11T21:31:35.925+0000] {dagbag.py:537} INFO - Filling up the DagBag from /home/airflow/.local/lib/python3.7/site-packages/airflow/example_dags/example_branch_operator_decorator.py
[2024-06-11T21:31:35.947+0000] {processor.py:766} INFO - DAG(s) dict_keys(['example_branch_python_operator_decorator']) retrieved from /home/airflow/.local/lib/python3.7/site-packages/airflow/example_dags/example_branch_operator_decorator.py
[2024-06-11T21:31:35.982+0000] {logging_mixin.py:120} INFO - [2024-06-11T21:31:35.981+0000] {dag.py:2585} INFO - Sync 1 DAGs
[2024-06-11T21:31:36.014+0000] {logging_mixin.py:120} INFO - [2024-06-11T21:31:36.013+0000] {dag.py:3340} INFO - Setting next_dagrun for example_branch_python_operator_decorator to 2024-06-10T00:00:00+00:00, run_after=2024-06-11T00:00:00+00:00
[2024-06-11T21:31:36.030+0000] {processor.py:176} INFO - Processing /home/airflow/.local/lib/python3.7/site-packages/airflow/example_dags/example_branch_operator_decorator.py took 0.110 seconds
[2024-06-11T21:32:06.402+0000] {processor.py:154} INFO - Started process (PID=3436) to work on /home/airflow/.local/lib/python3.7/site-packages/airflow/example_dags/example_branch_operator_decorator.py
[2024-06-11T21:32:06.403+0000] {processor.py:756} INFO - Processing file /home/airflow/.local/lib/python3.7/site-packages/airflow/example_dags/example_branch_operator_decorator.py for tasks to queue
[2024-06-11T21:32:06.404+0000] {logging_mixin.py:120} INFO - [2024-06-11T21:32:06.404+0000] {dagbag.py:537} INFO - Filling up the DagBag from /home/airflow/.local/lib/python3.7/site-packages/airflow/example_dags/example_branch_operator_decorator.py
[2024-06-11T21:32:06.426+0000] {processor.py:766} INFO - DAG(s) dict_keys(['example_branch_python_operator_decorator']) retrieved from /home/airflow/.local/lib/python3.7/site-packages/airflow/example_dags/example_branch_operator_decorator.py
[2024-06-11T21:32:06.462+0000] {logging_mixin.py:120} INFO - [2024-06-11T21:32:06.462+0000] {dag.py:2585} INFO - Sync 1 DAGs
[2024-06-11T21:32:06.484+0000] {logging_mixin.py:120} INFO - [2024-06-11T21:32:06.484+0000] {dag.py:3340} INFO - Setting next_dagrun for example_branch_python_operator_decorator to 2024-06-10T00:00:00+00:00, run_after=2024-06-11T00:00:00+00:00
[2024-06-11T21:32:06.500+0000] {processor.py:176} INFO - Processing /home/airflow/.local/lib/python3.7/site-packages/airflow/example_dags/example_branch_operator_decorator.py took 0.101 seconds
[2024-06-11T21:32:36.659+0000] {processor.py:154} INFO - Started process (PID=3499) to work on /home/airflow/.local/lib/python3.7/site-packages/airflow/example_dags/example_branch_operator_decorator.py
[2024-06-11T21:32:36.660+0000] {processor.py:756} INFO - Processing file /home/airflow/.local/lib/python3.7/site-packages/airflow/example_dags/example_branch_operator_decorator.py for tasks to queue
[2024-06-11T21:32:36.661+0000] {logging_mixin.py:120} INFO - [2024-06-11T21:32:36.661+0000] {dagbag.py:537} INFO - Filling up the DagBag from /home/airflow/.local/lib/python3.7/site-packages/airflow/example_dags/example_branch_operator_decorator.py
[2024-06-11T21:32:36.683+0000] {processor.py:766} INFO - DAG(s) dict_keys(['example_branch_python_operator_decorator']) retrieved from /home/airflow/.local/lib/python3.7/site-packages/airflow/example_dags/example_branch_operator_decorator.py
[2024-06-11T21:32:36.721+0000] {logging_mixin.py:120} INFO - [2024-06-11T21:32:36.720+0000] {dag.py:2585} INFO - Sync 1 DAGs
[2024-06-11T21:32:36.745+0000] {logging_mixin.py:120} INFO - [2024-06-11T21:32:36.745+0000] {dag.py:3340} INFO - Setting next_dagrun for example_branch_python_operator_decorator to 2024-06-10T00:00:00+00:00, run_after=2024-06-11T00:00:00+00:00
[2024-06-11T21:32:36.761+0000] {processor.py:176} INFO - Processing /home/airflow/.local/lib/python3.7/site-packages/airflow/example_dags/example_branch_operator_decorator.py took 0.106 seconds
[2024-06-11T21:33:06.880+0000] {processor.py:154} INFO - Started process (PID=3553) to work on /home/airflow/.local/lib/python3.7/site-packages/airflow/example_dags/example_branch_operator_decorator.py
[2024-06-11T21:33:06.881+0000] {processor.py:756} INFO - Processing file /home/airflow/.local/lib/python3.7/site-packages/airflow/example_dags/example_branch_operator_decorator.py for tasks to queue
[2024-06-11T21:33:06.881+0000] {logging_mixin.py:120} INFO - [2024-06-11T21:33:06.881+0000] {dagbag.py:537} INFO - Filling up the DagBag from /home/airflow/.local/lib/python3.7/site-packages/airflow/example_dags/example_branch_operator_decorator.py
[2024-06-11T21:33:06.903+0000] {processor.py:766} INFO - DAG(s) dict_keys(['example_branch_python_operator_decorator']) retrieved from /home/airflow/.local/lib/python3.7/site-packages/airflow/example_dags/example_branch_operator_decorator.py
[2024-06-11T21:33:06.939+0000] {logging_mixin.py:120} INFO - [2024-06-11T21:33:06.939+0000] {dag.py:2585} INFO - Sync 1 DAGs
[2024-06-11T21:33:06.963+0000] {logging_mixin.py:120} INFO - [2024-06-11T21:33:06.963+0000] {dag.py:3340} INFO - Setting next_dagrun for example_branch_python_operator_decorator to 2024-06-10T00:00:00+00:00, run_after=2024-06-11T00:00:00+00:00
[2024-06-11T21:33:06.980+0000] {processor.py:176} INFO - Processing /home/airflow/.local/lib/python3.7/site-packages/airflow/example_dags/example_branch_operator_decorator.py took 0.103 seconds
[2024-06-11T21:33:37.626+0000] {processor.py:154} INFO - Started process (PID=3616) to work on /home/airflow/.local/lib/python3.7/site-packages/airflow/example_dags/example_branch_operator_decorator.py
[2024-06-11T21:33:37.627+0000] {processor.py:756} INFO - Processing file /home/airflow/.local/lib/python3.7/site-packages/airflow/example_dags/example_branch_operator_decorator.py for tasks to queue
[2024-06-11T21:33:37.628+0000] {logging_mixin.py:120} INFO - [2024-06-11T21:33:37.628+0000] {dagbag.py:537} INFO - Filling up the DagBag from /home/airflow/.local/lib/python3.7/site-packages/airflow/example_dags/example_branch_operator_decorator.py
[2024-06-11T21:33:37.651+0000] {processor.py:766} INFO - DAG(s) dict_keys(['example_branch_python_operator_decorator']) retrieved from /home/airflow/.local/lib/python3.7/site-packages/airflow/example_dags/example_branch_operator_decorator.py
[2024-06-11T21:33:37.691+0000] {logging_mixin.py:120} INFO - [2024-06-11T21:33:37.691+0000] {dag.py:2585} INFO - Sync 1 DAGs
[2024-06-11T21:33:37.717+0000] {logging_mixin.py:120} INFO - [2024-06-11T21:33:37.717+0000] {dag.py:3340} INFO - Setting next_dagrun for example_branch_python_operator_decorator to 2024-06-10T00:00:00+00:00, run_after=2024-06-11T00:00:00+00:00
[2024-06-11T21:33:37.733+0000] {processor.py:176} INFO - Processing /home/airflow/.local/lib/python3.7/site-packages/airflow/example_dags/example_branch_operator_decorator.py took 0.111 seconds
[2024-06-11T21:35:20.134+0000] {processor.py:154} INFO - Started process (PID=67) to work on /home/airflow/.local/lib/python3.7/site-packages/airflow/example_dags/example_branch_operator_decorator.py
[2024-06-11T21:35:20.136+0000] {processor.py:756} INFO - Processing file /home/airflow/.local/lib/python3.7/site-packages/airflow/example_dags/example_branch_operator_decorator.py for tasks to queue
[2024-06-11T21:35:20.136+0000] {logging_mixin.py:120} INFO - [2024-06-11T21:35:20.136+0000] {dagbag.py:537} INFO - Filling up the DagBag from /home/airflow/.local/lib/python3.7/site-packages/airflow/example_dags/example_branch_operator_decorator.py
[2024-06-11T21:35:20.170+0000] {processor.py:766} INFO - DAG(s) dict_keys(['example_branch_python_operator_decorator']) retrieved from /home/airflow/.local/lib/python3.7/site-packages/airflow/example_dags/example_branch_operator_decorator.py
[2024-06-11T21:35:20.220+0000] {logging_mixin.py:120} INFO - [2024-06-11T21:35:20.220+0000] {dag.py:2585} INFO - Sync 1 DAGs
[2024-06-11T21:35:20.258+0000] {logging_mixin.py:120} INFO - [2024-06-11T21:35:20.258+0000] {dag.py:3340} INFO - Setting next_dagrun for example_branch_python_operator_decorator to 2024-06-10T00:00:00+00:00, run_after=2024-06-11T00:00:00+00:00
[2024-06-11T21:35:20.281+0000] {processor.py:176} INFO - Processing /home/airflow/.local/lib/python3.7/site-packages/airflow/example_dags/example_branch_operator_decorator.py took 0.149 seconds
