[2024-06-11T13:03:41.281+0000] {processor.py:154} INFO - Started process (PID=72) to work on /home/airflow/.local/lib/python3.7/site-packages/airflow/example_dags/example_latest_only.py
[2024-06-11T13:03:41.284+0000] {processor.py:756} INFO - Processing file /home/airflow/.local/lib/python3.7/site-packages/airflow/example_dags/example_latest_only.py for tasks to queue
[2024-06-11T13:03:41.286+0000] {logging_mixin.py:120} INFO - [2024-06-11T13:03:41.285+0000] {dagbag.py:537} INFO - Filling up the DagBag from /home/airflow/.local/lib/python3.7/site-packages/airflow/example_dags/example_latest_only.py
[2024-06-11T13:03:41.323+0000] {processor.py:766} INFO - DAG(s) dict_keys(['latest_only']) retrieved from /home/airflow/.local/lib/python3.7/site-packages/airflow/example_dags/example_latest_only.py
[2024-06-11T13:03:41.411+0000] {logging_mixin.py:120} INFO - [2024-06-11T13:03:41.411+0000] {dag.py:2585} INFO - Sync 1 DAGs
[2024-06-11T13:03:41.454+0000] {logging_mixin.py:120} INFO - [2024-06-11T13:03:41.454+0000] {dag.py:3340} INFO - Setting next_dagrun for latest_only to 2024-06-11T09:03:41.454010+00:00, run_after=2024-06-11T13:03:41.454010+00:00
[2024-06-11T13:03:41.487+0000] {processor.py:176} INFO - Processing /home/airflow/.local/lib/python3.7/site-packages/airflow/example_dags/example_latest_only.py took 0.214 seconds
[2024-06-11T18:16:16.980+0000] {processor.py:154} INFO - Started process (PID=73) to work on /home/airflow/.local/lib/python3.7/site-packages/airflow/example_dags/example_latest_only.py
[2024-06-11T18:16:16.982+0000] {processor.py:756} INFO - Processing file /home/airflow/.local/lib/python3.7/site-packages/airflow/example_dags/example_latest_only.py for tasks to queue
[2024-06-11T18:16:16.984+0000] {logging_mixin.py:120} INFO - [2024-06-11T18:16:16.984+0000] {dagbag.py:537} INFO - Filling up the DagBag from /home/airflow/.local/lib/python3.7/site-packages/airflow/example_dags/example_latest_only.py
[2024-06-11T18:16:17.033+0000] {processor.py:766} INFO - DAG(s) dict_keys(['latest_only']) retrieved from /home/airflow/.local/lib/python3.7/site-packages/airflow/example_dags/example_latest_only.py
[2024-06-11T18:16:17.136+0000] {logging_mixin.py:120} INFO - [2024-06-11T18:16:17.136+0000] {dag.py:2585} INFO - Sync 1 DAGs
[2024-06-11T18:16:17.194+0000] {logging_mixin.py:120} INFO - [2024-06-11T18:16:17.194+0000] {dag.py:3340} INFO - Setting next_dagrun for latest_only to 2024-06-11T14:16:17.193436+00:00, run_after=2024-06-11T18:16:17.193436+00:00
[2024-06-11T18:16:17.241+0000] {processor.py:176} INFO - Processing /home/airflow/.local/lib/python3.7/site-packages/airflow/example_dags/example_latest_only.py took 0.269 seconds
[2024-06-11T18:16:47.546+0000] {processor.py:154} INFO - Started process (PID=127) to work on /home/airflow/.local/lib/python3.7/site-packages/airflow/example_dags/example_latest_only.py
[2024-06-11T18:16:47.547+0000] {processor.py:756} INFO - Processing file /home/airflow/.local/lib/python3.7/site-packages/airflow/example_dags/example_latest_only.py for tasks to queue
[2024-06-11T18:16:47.547+0000] {logging_mixin.py:120} INFO - [2024-06-11T18:16:47.547+0000] {dagbag.py:537} INFO - Filling up the DagBag from /home/airflow/.local/lib/python3.7/site-packages/airflow/example_dags/example_latest_only.py
[2024-06-11T18:16:47.559+0000] {processor.py:766} INFO - DAG(s) dict_keys(['latest_only']) retrieved from /home/airflow/.local/lib/python3.7/site-packages/airflow/example_dags/example_latest_only.py
[2024-06-11T18:16:47.590+0000] {logging_mixin.py:120} INFO - [2024-06-11T18:16:47.590+0000] {dag.py:2585} INFO - Sync 1 DAGs
[2024-06-11T18:16:47.611+0000] {logging_mixin.py:120} INFO - [2024-06-11T18:16:47.611+0000] {dag.py:3340} INFO - Setting next_dagrun for latest_only to 2024-06-11T14:16:47.610946+00:00, run_after=2024-06-11T18:16:47.610946+00:00
[2024-06-11T18:16:47.625+0000] {processor.py:176} INFO - Processing /home/airflow/.local/lib/python3.7/site-packages/airflow/example_dags/example_latest_only.py took 0.082 seconds
[2024-06-11T18:17:18.251+0000] {processor.py:154} INFO - Started process (PID=191) to work on /home/airflow/.local/lib/python3.7/site-packages/airflow/example_dags/example_latest_only.py
[2024-06-11T18:17:18.253+0000] {processor.py:756} INFO - Processing file /home/airflow/.local/lib/python3.7/site-packages/airflow/example_dags/example_latest_only.py for tasks to queue
[2024-06-11T18:17:18.253+0000] {logging_mixin.py:120} INFO - [2024-06-11T18:17:18.253+0000] {dagbag.py:537} INFO - Filling up the DagBag from /home/airflow/.local/lib/python3.7/site-packages/airflow/example_dags/example_latest_only.py
[2024-06-11T18:17:18.264+0000] {processor.py:766} INFO - DAG(s) dict_keys(['latest_only']) retrieved from /home/airflow/.local/lib/python3.7/site-packages/airflow/example_dags/example_latest_only.py
[2024-06-11T18:17:18.299+0000] {logging_mixin.py:120} INFO - [2024-06-11T18:17:18.299+0000] {dag.py:2585} INFO - Sync 1 DAGs
[2024-06-11T18:17:18.320+0000] {logging_mixin.py:120} INFO - [2024-06-11T18:17:18.320+0000] {dag.py:3340} INFO - Setting next_dagrun for latest_only to 2024-06-11T14:17:18.320011+00:00, run_after=2024-06-11T18:17:18.320011+00:00
[2024-06-11T18:17:18.335+0000] {processor.py:176} INFO - Processing /home/airflow/.local/lib/python3.7/site-packages/airflow/example_dags/example_latest_only.py took 0.087 seconds
[2024-06-11T18:33:54.703+0000] {processor.py:154} INFO - Started process (PID=236) to work on /home/airflow/.local/lib/python3.7/site-packages/airflow/example_dags/example_latest_only.py
[2024-06-11T18:33:54.704+0000] {processor.py:756} INFO - Processing file /home/airflow/.local/lib/python3.7/site-packages/airflow/example_dags/example_latest_only.py for tasks to queue
[2024-06-11T18:33:54.705+0000] {logging_mixin.py:120} INFO - [2024-06-11T18:33:54.705+0000] {dagbag.py:537} INFO - Filling up the DagBag from /home/airflow/.local/lib/python3.7/site-packages/airflow/example_dags/example_latest_only.py
[2024-06-11T18:33:54.721+0000] {processor.py:766} INFO - DAG(s) dict_keys(['latest_only']) retrieved from /home/airflow/.local/lib/python3.7/site-packages/airflow/example_dags/example_latest_only.py
[2024-06-11T18:33:54.764+0000] {logging_mixin.py:120} INFO - [2024-06-11T18:33:54.764+0000] {dag.py:2585} INFO - Sync 1 DAGs
[2024-06-11T18:33:54.793+0000] {logging_mixin.py:120} INFO - [2024-06-11T18:33:54.792+0000] {dag.py:3340} INFO - Setting next_dagrun for latest_only to 2024-06-11T14:33:54.792634+00:00, run_after=2024-06-11T18:33:54.792634+00:00
[2024-06-11T18:33:54.816+0000] {processor.py:176} INFO - Processing /home/airflow/.local/lib/python3.7/site-packages/airflow/example_dags/example_latest_only.py took 0.117 seconds
[2024-06-11T18:34:24.903+0000] {processor.py:154} INFO - Started process (PID=299) to work on /home/airflow/.local/lib/python3.7/site-packages/airflow/example_dags/example_latest_only.py
[2024-06-11T18:34:24.904+0000] {processor.py:756} INFO - Processing file /home/airflow/.local/lib/python3.7/site-packages/airflow/example_dags/example_latest_only.py for tasks to queue
[2024-06-11T18:34:24.905+0000] {logging_mixin.py:120} INFO - [2024-06-11T18:34:24.904+0000] {dagbag.py:537} INFO - Filling up the DagBag from /home/airflow/.local/lib/python3.7/site-packages/airflow/example_dags/example_latest_only.py
[2024-06-11T18:34:24.917+0000] {processor.py:766} INFO - DAG(s) dict_keys(['latest_only']) retrieved from /home/airflow/.local/lib/python3.7/site-packages/airflow/example_dags/example_latest_only.py
[2024-06-11T18:34:24.949+0000] {logging_mixin.py:120} INFO - [2024-06-11T18:34:24.949+0000] {dag.py:2585} INFO - Sync 1 DAGs
[2024-06-11T18:34:24.972+0000] {logging_mixin.py:120} INFO - [2024-06-11T18:34:24.972+0000] {dag.py:3340} INFO - Setting next_dagrun for latest_only to 2024-06-11T14:34:24.972474+00:00, run_after=2024-06-11T18:34:24.972474+00:00
[2024-06-11T18:34:24.988+0000] {processor.py:176} INFO - Processing /home/airflow/.local/lib/python3.7/site-packages/airflow/example_dags/example_latest_only.py took 0.089 seconds
[2024-06-11T18:34:55.290+0000] {processor.py:154} INFO - Started process (PID=362) to work on /home/airflow/.local/lib/python3.7/site-packages/airflow/example_dags/example_latest_only.py
[2024-06-11T18:34:55.291+0000] {processor.py:756} INFO - Processing file /home/airflow/.local/lib/python3.7/site-packages/airflow/example_dags/example_latest_only.py for tasks to queue
[2024-06-11T18:34:55.292+0000] {logging_mixin.py:120} INFO - [2024-06-11T18:34:55.292+0000] {dagbag.py:537} INFO - Filling up the DagBag from /home/airflow/.local/lib/python3.7/site-packages/airflow/example_dags/example_latest_only.py
[2024-06-11T18:34:55.304+0000] {processor.py:766} INFO - DAG(s) dict_keys(['latest_only']) retrieved from /home/airflow/.local/lib/python3.7/site-packages/airflow/example_dags/example_latest_only.py
[2024-06-11T18:34:55.337+0000] {logging_mixin.py:120} INFO - [2024-06-11T18:34:55.336+0000] {dag.py:2585} INFO - Sync 1 DAGs
[2024-06-11T18:34:55.358+0000] {logging_mixin.py:120} INFO - [2024-06-11T18:34:55.358+0000] {dag.py:3340} INFO - Setting next_dagrun for latest_only to 2024-06-11T14:34:55.358192+00:00, run_after=2024-06-11T18:34:55.358192+00:00
[2024-06-11T18:34:55.373+0000] {processor.py:176} INFO - Processing /home/airflow/.local/lib/python3.7/site-packages/airflow/example_dags/example_latest_only.py took 0.087 seconds
[2024-06-11T18:35:25.504+0000] {processor.py:154} INFO - Started process (PID=425) to work on /home/airflow/.local/lib/python3.7/site-packages/airflow/example_dags/example_latest_only.py
[2024-06-11T18:35:25.505+0000] {processor.py:756} INFO - Processing file /home/airflow/.local/lib/python3.7/site-packages/airflow/example_dags/example_latest_only.py for tasks to queue
[2024-06-11T18:35:25.506+0000] {logging_mixin.py:120} INFO - [2024-06-11T18:35:25.506+0000] {dagbag.py:537} INFO - Filling up the DagBag from /home/airflow/.local/lib/python3.7/site-packages/airflow/example_dags/example_latest_only.py
[2024-06-11T18:35:25.518+0000] {processor.py:766} INFO - DAG(s) dict_keys(['latest_only']) retrieved from /home/airflow/.local/lib/python3.7/site-packages/airflow/example_dags/example_latest_only.py
[2024-06-11T18:35:25.551+0000] {logging_mixin.py:120} INFO - [2024-06-11T18:35:25.551+0000] {dag.py:2585} INFO - Sync 1 DAGs
[2024-06-11T18:35:25.572+0000] {logging_mixin.py:120} INFO - [2024-06-11T18:35:25.572+0000] {dag.py:3340} INFO - Setting next_dagrun for latest_only to 2024-06-11T14:35:25.571865+00:00, run_after=2024-06-11T18:35:25.571865+00:00
[2024-06-11T18:35:25.590+0000] {processor.py:176} INFO - Processing /home/airflow/.local/lib/python3.7/site-packages/airflow/example_dags/example_latest_only.py took 0.088 seconds
[2024-06-11T18:53:04.179+0000] {processor.py:154} INFO - Started process (PID=479) to work on /home/airflow/.local/lib/python3.7/site-packages/airflow/example_dags/example_latest_only.py
[2024-06-11T18:53:04.180+0000] {processor.py:756} INFO - Processing file /home/airflow/.local/lib/python3.7/site-packages/airflow/example_dags/example_latest_only.py for tasks to queue
[2024-06-11T18:53:04.182+0000] {logging_mixin.py:120} INFO - [2024-06-11T18:53:04.182+0000] {dagbag.py:537} INFO - Filling up the DagBag from /home/airflow/.local/lib/python3.7/site-packages/airflow/example_dags/example_latest_only.py
[2024-06-11T18:53:04.198+0000] {processor.py:766} INFO - DAG(s) dict_keys(['latest_only']) retrieved from /home/airflow/.local/lib/python3.7/site-packages/airflow/example_dags/example_latest_only.py
[2024-06-11T18:53:04.240+0000] {logging_mixin.py:120} INFO - [2024-06-11T18:53:04.240+0000] {dag.py:2585} INFO - Sync 1 DAGs
[2024-06-11T18:53:04.266+0000] {logging_mixin.py:120} INFO - [2024-06-11T18:53:04.266+0000] {dag.py:3340} INFO - Setting next_dagrun for latest_only to 2024-06-11T14:53:04.266023+00:00, run_after=2024-06-11T18:53:04.266023+00:00
[2024-06-11T18:53:04.286+0000] {processor.py:176} INFO - Processing /home/airflow/.local/lib/python3.7/site-packages/airflow/example_dags/example_latest_only.py took 0.112 seconds
[2024-06-11T18:53:34.958+0000] {processor.py:154} INFO - Started process (PID=542) to work on /home/airflow/.local/lib/python3.7/site-packages/airflow/example_dags/example_latest_only.py
[2024-06-11T18:53:34.959+0000] {processor.py:756} INFO - Processing file /home/airflow/.local/lib/python3.7/site-packages/airflow/example_dags/example_latest_only.py for tasks to queue
[2024-06-11T18:53:34.959+0000] {logging_mixin.py:120} INFO - [2024-06-11T18:53:34.959+0000] {dagbag.py:537} INFO - Filling up the DagBag from /home/airflow/.local/lib/python3.7/site-packages/airflow/example_dags/example_latest_only.py
[2024-06-11T18:53:34.972+0000] {processor.py:766} INFO - DAG(s) dict_keys(['latest_only']) retrieved from /home/airflow/.local/lib/python3.7/site-packages/airflow/example_dags/example_latest_only.py
[2024-06-11T18:53:35.005+0000] {logging_mixin.py:120} INFO - [2024-06-11T18:53:35.005+0000] {dag.py:2585} INFO - Sync 1 DAGs
[2024-06-11T18:53:35.026+0000] {logging_mixin.py:120} INFO - [2024-06-11T18:53:35.026+0000] {dag.py:3340} INFO - Setting next_dagrun for latest_only to 2024-06-11T14:53:35.025936+00:00, run_after=2024-06-11T18:53:35.025936+00:00
[2024-06-11T18:53:35.041+0000] {processor.py:176} INFO - Processing /home/airflow/.local/lib/python3.7/site-packages/airflow/example_dags/example_latest_only.py took 0.087 seconds
[2024-06-11T18:54:05.215+0000] {processor.py:154} INFO - Started process (PID=605) to work on /home/airflow/.local/lib/python3.7/site-packages/airflow/example_dags/example_latest_only.py
[2024-06-11T18:54:05.216+0000] {processor.py:756} INFO - Processing file /home/airflow/.local/lib/python3.7/site-packages/airflow/example_dags/example_latest_only.py for tasks to queue
[2024-06-11T18:54:05.217+0000] {logging_mixin.py:120} INFO - [2024-06-11T18:54:05.217+0000] {dagbag.py:537} INFO - Filling up the DagBag from /home/airflow/.local/lib/python3.7/site-packages/airflow/example_dags/example_latest_only.py
[2024-06-11T18:54:05.230+0000] {processor.py:766} INFO - DAG(s) dict_keys(['latest_only']) retrieved from /home/airflow/.local/lib/python3.7/site-packages/airflow/example_dags/example_latest_only.py
[2024-06-11T18:54:05.264+0000] {logging_mixin.py:120} INFO - [2024-06-11T18:54:05.264+0000] {dag.py:2585} INFO - Sync 1 DAGs
[2024-06-11T18:54:05.286+0000] {logging_mixin.py:120} INFO - [2024-06-11T18:54:05.286+0000] {dag.py:3340} INFO - Setting next_dagrun for latest_only to 2024-06-11T14:54:05.286625+00:00, run_after=2024-06-11T18:54:05.286625+00:00
[2024-06-11T18:54:05.302+0000] {processor.py:176} INFO - Processing /home/airflow/.local/lib/python3.7/site-packages/airflow/example_dags/example_latest_only.py took 0.090 seconds
[2024-06-11T18:54:35.518+0000] {processor.py:154} INFO - Started process (PID=668) to work on /home/airflow/.local/lib/python3.7/site-packages/airflow/example_dags/example_latest_only.py
[2024-06-11T18:54:35.519+0000] {processor.py:756} INFO - Processing file /home/airflow/.local/lib/python3.7/site-packages/airflow/example_dags/example_latest_only.py for tasks to queue
[2024-06-11T18:54:35.520+0000] {logging_mixin.py:120} INFO - [2024-06-11T18:54:35.520+0000] {dagbag.py:537} INFO - Filling up the DagBag from /home/airflow/.local/lib/python3.7/site-packages/airflow/example_dags/example_latest_only.py
[2024-06-11T18:54:35.535+0000] {processor.py:766} INFO - DAG(s) dict_keys(['latest_only']) retrieved from /home/airflow/.local/lib/python3.7/site-packages/airflow/example_dags/example_latest_only.py
[2024-06-11T18:54:35.571+0000] {logging_mixin.py:120} INFO - [2024-06-11T18:54:35.571+0000] {dag.py:2585} INFO - Sync 1 DAGs
[2024-06-11T18:54:35.593+0000] {logging_mixin.py:120} INFO - [2024-06-11T18:54:35.593+0000] {dag.py:3340} INFO - Setting next_dagrun for latest_only to 2024-06-11T14:54:35.592773+00:00, run_after=2024-06-11T18:54:35.592773+00:00
[2024-06-11T18:54:35.610+0000] {processor.py:176} INFO - Processing /home/airflow/.local/lib/python3.7/site-packages/airflow/example_dags/example_latest_only.py took 0.095 seconds
[2024-06-11T18:55:05.896+0000] {processor.py:154} INFO - Started process (PID=722) to work on /home/airflow/.local/lib/python3.7/site-packages/airflow/example_dags/example_latest_only.py
[2024-06-11T18:55:05.899+0000] {processor.py:756} INFO - Processing file /home/airflow/.local/lib/python3.7/site-packages/airflow/example_dags/example_latest_only.py for tasks to queue
[2024-06-11T18:55:05.900+0000] {logging_mixin.py:120} INFO - [2024-06-11T18:55:05.900+0000] {dagbag.py:537} INFO - Filling up the DagBag from /home/airflow/.local/lib/python3.7/site-packages/airflow/example_dags/example_latest_only.py
[2024-06-11T18:55:05.912+0000] {processor.py:766} INFO - DAG(s) dict_keys(['latest_only']) retrieved from /home/airflow/.local/lib/python3.7/site-packages/airflow/example_dags/example_latest_only.py
[2024-06-11T18:55:05.945+0000] {logging_mixin.py:120} INFO - [2024-06-11T18:55:05.944+0000] {dag.py:2585} INFO - Sync 1 DAGs
[2024-06-11T18:55:05.967+0000] {logging_mixin.py:120} INFO - [2024-06-11T18:55:05.967+0000] {dag.py:3340} INFO - Setting next_dagrun for latest_only to 2024-06-11T14:55:05.967528+00:00, run_after=2024-06-11T18:55:05.967528+00:00
[2024-06-11T18:55:05.985+0000] {processor.py:176} INFO - Processing /home/airflow/.local/lib/python3.7/site-packages/airflow/example_dags/example_latest_only.py took 0.093 seconds
[2024-06-11T19:13:09.917+0000] {processor.py:154} INFO - Started process (PID=785) to work on /home/airflow/.local/lib/python3.7/site-packages/airflow/example_dags/example_latest_only.py
[2024-06-11T19:13:09.918+0000] {processor.py:756} INFO - Processing file /home/airflow/.local/lib/python3.7/site-packages/airflow/example_dags/example_latest_only.py for tasks to queue
[2024-06-11T19:13:09.920+0000] {logging_mixin.py:120} INFO - [2024-06-11T19:13:09.920+0000] {dagbag.py:537} INFO - Filling up the DagBag from /home/airflow/.local/lib/python3.7/site-packages/airflow/example_dags/example_latest_only.py
[2024-06-11T19:13:09.938+0000] {processor.py:766} INFO - DAG(s) dict_keys(['latest_only']) retrieved from /home/airflow/.local/lib/python3.7/site-packages/airflow/example_dags/example_latest_only.py
[2024-06-11T19:13:09.985+0000] {logging_mixin.py:120} INFO - [2024-06-11T19:13:09.985+0000] {dag.py:2585} INFO - Sync 1 DAGs
[2024-06-11T19:13:10.017+0000] {logging_mixin.py:120} INFO - [2024-06-11T19:13:10.017+0000] {dag.py:3340} INFO - Setting next_dagrun for latest_only to 2024-06-11T15:13:10.016804+00:00, run_after=2024-06-11T19:13:10.016804+00:00
[2024-06-11T19:13:10.043+0000] {processor.py:176} INFO - Processing /home/airflow/.local/lib/python3.7/site-packages/airflow/example_dags/example_latest_only.py took 0.131 seconds
[2024-06-11T19:13:40.118+0000] {processor.py:154} INFO - Started process (PID=848) to work on /home/airflow/.local/lib/python3.7/site-packages/airflow/example_dags/example_latest_only.py
[2024-06-11T19:13:40.119+0000] {processor.py:756} INFO - Processing file /home/airflow/.local/lib/python3.7/site-packages/airflow/example_dags/example_latest_only.py for tasks to queue
[2024-06-11T19:13:40.120+0000] {logging_mixin.py:120} INFO - [2024-06-11T19:13:40.120+0000] {dagbag.py:537} INFO - Filling up the DagBag from /home/airflow/.local/lib/python3.7/site-packages/airflow/example_dags/example_latest_only.py
[2024-06-11T19:13:40.132+0000] {processor.py:766} INFO - DAG(s) dict_keys(['latest_only']) retrieved from /home/airflow/.local/lib/python3.7/site-packages/airflow/example_dags/example_latest_only.py
[2024-06-11T19:13:40.166+0000] {logging_mixin.py:120} INFO - [2024-06-11T19:13:40.166+0000] {dag.py:2585} INFO - Sync 1 DAGs
[2024-06-11T19:13:40.189+0000] {logging_mixin.py:120} INFO - [2024-06-11T19:13:40.189+0000] {dag.py:3340} INFO - Setting next_dagrun for latest_only to 2024-06-11T15:13:40.188971+00:00, run_after=2024-06-11T19:13:40.188971+00:00
[2024-06-11T19:13:40.206+0000] {processor.py:176} INFO - Processing /home/airflow/.local/lib/python3.7/site-packages/airflow/example_dags/example_latest_only.py took 0.091 seconds
[2024-06-11T19:14:10.458+0000] {processor.py:154} INFO - Started process (PID=902) to work on /home/airflow/.local/lib/python3.7/site-packages/airflow/example_dags/example_latest_only.py
[2024-06-11T19:14:10.459+0000] {processor.py:756} INFO - Processing file /home/airflow/.local/lib/python3.7/site-packages/airflow/example_dags/example_latest_only.py for tasks to queue
[2024-06-11T19:14:10.460+0000] {logging_mixin.py:120} INFO - [2024-06-11T19:14:10.460+0000] {dagbag.py:537} INFO - Filling up the DagBag from /home/airflow/.local/lib/python3.7/site-packages/airflow/example_dags/example_latest_only.py
[2024-06-11T19:14:10.474+0000] {processor.py:766} INFO - DAG(s) dict_keys(['latest_only']) retrieved from /home/airflow/.local/lib/python3.7/site-packages/airflow/example_dags/example_latest_only.py
[2024-06-11T19:14:10.513+0000] {logging_mixin.py:120} INFO - [2024-06-11T19:14:10.513+0000] {dag.py:2585} INFO - Sync 1 DAGs
[2024-06-11T19:14:10.538+0000] {logging_mixin.py:120} INFO - [2024-06-11T19:14:10.538+0000] {dag.py:3340} INFO - Setting next_dagrun for latest_only to 2024-06-11T15:14:10.537687+00:00, run_after=2024-06-11T19:14:10.537687+00:00
[2024-06-11T19:14:10.557+0000] {processor.py:176} INFO - Processing /home/airflow/.local/lib/python3.7/site-packages/airflow/example_dags/example_latest_only.py took 0.102 seconds
[2024-06-11T19:14:40.797+0000] {processor.py:154} INFO - Started process (PID=965) to work on /home/airflow/.local/lib/python3.7/site-packages/airflow/example_dags/example_latest_only.py
[2024-06-11T19:14:40.797+0000] {processor.py:756} INFO - Processing file /home/airflow/.local/lib/python3.7/site-packages/airflow/example_dags/example_latest_only.py for tasks to queue
[2024-06-11T19:14:40.798+0000] {logging_mixin.py:120} INFO - [2024-06-11T19:14:40.798+0000] {dagbag.py:537} INFO - Filling up the DagBag from /home/airflow/.local/lib/python3.7/site-packages/airflow/example_dags/example_latest_only.py
[2024-06-11T19:14:40.810+0000] {processor.py:766} INFO - DAG(s) dict_keys(['latest_only']) retrieved from /home/airflow/.local/lib/python3.7/site-packages/airflow/example_dags/example_latest_only.py
[2024-06-11T19:14:40.844+0000] {logging_mixin.py:120} INFO - [2024-06-11T19:14:40.844+0000] {dag.py:2585} INFO - Sync 1 DAGs
[2024-06-11T19:14:40.865+0000] {logging_mixin.py:120} INFO - [2024-06-11T19:14:40.864+0000] {dag.py:3340} INFO - Setting next_dagrun for latest_only to 2024-06-11T15:14:40.864698+00:00, run_after=2024-06-11T19:14:40.864698+00:00
[2024-06-11T19:14:40.880+0000] {processor.py:176} INFO - Processing /home/airflow/.local/lib/python3.7/site-packages/airflow/example_dags/example_latest_only.py took 0.086 seconds
[2024-06-11T19:31:49.333+0000] {processor.py:154} INFO - Started process (PID=1028) to work on /home/airflow/.local/lib/python3.7/site-packages/airflow/example_dags/example_latest_only.py
[2024-06-11T19:31:49.334+0000] {processor.py:756} INFO - Processing file /home/airflow/.local/lib/python3.7/site-packages/airflow/example_dags/example_latest_only.py for tasks to queue
[2024-06-11T19:31:49.335+0000] {logging_mixin.py:120} INFO - [2024-06-11T19:31:49.335+0000] {dagbag.py:537} INFO - Filling up the DagBag from /home/airflow/.local/lib/python3.7/site-packages/airflow/example_dags/example_latest_only.py
[2024-06-11T19:31:49.353+0000] {processor.py:766} INFO - DAG(s) dict_keys(['latest_only']) retrieved from /home/airflow/.local/lib/python3.7/site-packages/airflow/example_dags/example_latest_only.py
[2024-06-11T19:31:49.402+0000] {logging_mixin.py:120} INFO - [2024-06-11T19:31:49.402+0000] {dag.py:2585} INFO - Sync 1 DAGs
[2024-06-11T19:31:49.431+0000] {logging_mixin.py:120} INFO - [2024-06-11T19:31:49.431+0000] {dag.py:3340} INFO - Setting next_dagrun for latest_only to 2024-06-11T15:31:49.431247+00:00, run_after=2024-06-11T19:31:49.431247+00:00
[2024-06-11T19:31:49.457+0000] {processor.py:176} INFO - Processing /home/airflow/.local/lib/python3.7/site-packages/airflow/example_dags/example_latest_only.py took 0.127 seconds
[2024-06-11T19:32:20.084+0000] {processor.py:154} INFO - Started process (PID=1082) to work on /home/airflow/.local/lib/python3.7/site-packages/airflow/example_dags/example_latest_only.py
[2024-06-11T19:32:20.085+0000] {processor.py:756} INFO - Processing file /home/airflow/.local/lib/python3.7/site-packages/airflow/example_dags/example_latest_only.py for tasks to queue
[2024-06-11T19:32:20.086+0000] {logging_mixin.py:120} INFO - [2024-06-11T19:32:20.086+0000] {dagbag.py:537} INFO - Filling up the DagBag from /home/airflow/.local/lib/python3.7/site-packages/airflow/example_dags/example_latest_only.py
[2024-06-11T19:32:20.098+0000] {processor.py:766} INFO - DAG(s) dict_keys(['latest_only']) retrieved from /home/airflow/.local/lib/python3.7/site-packages/airflow/example_dags/example_latest_only.py
[2024-06-11T19:32:20.131+0000] {logging_mixin.py:120} INFO - [2024-06-11T19:32:20.131+0000] {dag.py:2585} INFO - Sync 1 DAGs
[2024-06-11T19:32:20.155+0000] {logging_mixin.py:120} INFO - [2024-06-11T19:32:20.155+0000] {dag.py:3340} INFO - Setting next_dagrun for latest_only to 2024-06-11T15:32:20.155548+00:00, run_after=2024-06-11T19:32:20.155548+00:00
[2024-06-11T19:32:20.172+0000] {processor.py:176} INFO - Processing /home/airflow/.local/lib/python3.7/site-packages/airflow/example_dags/example_latest_only.py took 0.091 seconds
[2024-06-11T19:32:50.273+0000] {processor.py:154} INFO - Started process (PID=1145) to work on /home/airflow/.local/lib/python3.7/site-packages/airflow/example_dags/example_latest_only.py
[2024-06-11T19:32:50.274+0000] {processor.py:756} INFO - Processing file /home/airflow/.local/lib/python3.7/site-packages/airflow/example_dags/example_latest_only.py for tasks to queue
[2024-06-11T19:32:50.274+0000] {logging_mixin.py:120} INFO - [2024-06-11T19:32:50.274+0000] {dagbag.py:537} INFO - Filling up the DagBag from /home/airflow/.local/lib/python3.7/site-packages/airflow/example_dags/example_latest_only.py
[2024-06-11T19:32:50.286+0000] {processor.py:766} INFO - DAG(s) dict_keys(['latest_only']) retrieved from /home/airflow/.local/lib/python3.7/site-packages/airflow/example_dags/example_latest_only.py
[2024-06-11T19:32:50.322+0000] {logging_mixin.py:120} INFO - [2024-06-11T19:32:50.321+0000] {dag.py:2585} INFO - Sync 1 DAGs
[2024-06-11T19:32:50.344+0000] {logging_mixin.py:120} INFO - [2024-06-11T19:32:50.344+0000] {dag.py:3340} INFO - Setting next_dagrun for latest_only to 2024-06-11T15:32:50.344041+00:00, run_after=2024-06-11T19:32:50.344041+00:00
[2024-06-11T19:32:50.360+0000] {processor.py:176} INFO - Processing /home/airflow/.local/lib/python3.7/site-packages/airflow/example_dags/example_latest_only.py took 0.090 seconds
[2024-06-11T19:33:20.659+0000] {processor.py:154} INFO - Started process (PID=1208) to work on /home/airflow/.local/lib/python3.7/site-packages/airflow/example_dags/example_latest_only.py
[2024-06-11T19:33:20.660+0000] {processor.py:756} INFO - Processing file /home/airflow/.local/lib/python3.7/site-packages/airflow/example_dags/example_latest_only.py for tasks to queue
[2024-06-11T19:33:20.661+0000] {logging_mixin.py:120} INFO - [2024-06-11T19:33:20.661+0000] {dagbag.py:537} INFO - Filling up the DagBag from /home/airflow/.local/lib/python3.7/site-packages/airflow/example_dags/example_latest_only.py
[2024-06-11T19:33:20.673+0000] {processor.py:766} INFO - DAG(s) dict_keys(['latest_only']) retrieved from /home/airflow/.local/lib/python3.7/site-packages/airflow/example_dags/example_latest_only.py
[2024-06-11T19:33:20.708+0000] {logging_mixin.py:120} INFO - [2024-06-11T19:33:20.708+0000] {dag.py:2585} INFO - Sync 1 DAGs
[2024-06-11T19:33:20.730+0000] {logging_mixin.py:120} INFO - [2024-06-11T19:33:20.730+0000] {dag.py:3340} INFO - Setting next_dagrun for latest_only to 2024-06-11T15:33:20.730106+00:00, run_after=2024-06-11T19:33:20.730106+00:00
[2024-06-11T19:33:20.746+0000] {processor.py:176} INFO - Processing /home/airflow/.local/lib/python3.7/site-packages/airflow/example_dags/example_latest_only.py took 0.090 seconds
[2024-06-11T19:49:38.508+0000] {processor.py:154} INFO - Started process (PID=1262) to work on /home/airflow/.local/lib/python3.7/site-packages/airflow/example_dags/example_latest_only.py
[2024-06-11T19:49:38.509+0000] {processor.py:756} INFO - Processing file /home/airflow/.local/lib/python3.7/site-packages/airflow/example_dags/example_latest_only.py for tasks to queue
[2024-06-11T19:49:38.510+0000] {logging_mixin.py:120} INFO - [2024-06-11T19:49:38.510+0000] {dagbag.py:537} INFO - Filling up the DagBag from /home/airflow/.local/lib/python3.7/site-packages/airflow/example_dags/example_latest_only.py
[2024-06-11T19:49:38.522+0000] {processor.py:766} INFO - DAG(s) dict_keys(['latest_only']) retrieved from /home/airflow/.local/lib/python3.7/site-packages/airflow/example_dags/example_latest_only.py
[2024-06-11T19:49:38.554+0000] {logging_mixin.py:120} INFO - [2024-06-11T19:49:38.554+0000] {dag.py:2585} INFO - Sync 1 DAGs
[2024-06-11T19:49:38.578+0000] {logging_mixin.py:120} INFO - [2024-06-11T19:49:38.578+0000] {dag.py:3340} INFO - Setting next_dagrun for latest_only to 2024-06-11T15:49:38.578475+00:00, run_after=2024-06-11T19:49:38.578475+00:00
[2024-06-11T19:49:38.600+0000] {processor.py:176} INFO - Processing /home/airflow/.local/lib/python3.7/site-packages/airflow/example_dags/example_latest_only.py took 0.095 seconds
[2024-06-11T19:50:08.991+0000] {processor.py:154} INFO - Started process (PID=1325) to work on /home/airflow/.local/lib/python3.7/site-packages/airflow/example_dags/example_latest_only.py
[2024-06-11T19:50:08.992+0000] {processor.py:756} INFO - Processing file /home/airflow/.local/lib/python3.7/site-packages/airflow/example_dags/example_latest_only.py for tasks to queue
[2024-06-11T19:50:08.993+0000] {logging_mixin.py:120} INFO - [2024-06-11T19:50:08.993+0000] {dagbag.py:537} INFO - Filling up the DagBag from /home/airflow/.local/lib/python3.7/site-packages/airflow/example_dags/example_latest_only.py
[2024-06-11T19:50:09.007+0000] {processor.py:766} INFO - DAG(s) dict_keys(['latest_only']) retrieved from /home/airflow/.local/lib/python3.7/site-packages/airflow/example_dags/example_latest_only.py
[2024-06-11T19:50:09.045+0000] {logging_mixin.py:120} INFO - [2024-06-11T19:50:09.045+0000] {dag.py:2585} INFO - Sync 1 DAGs
[2024-06-11T19:50:09.071+0000] {logging_mixin.py:120} INFO - [2024-06-11T19:50:09.070+0000] {dag.py:3340} INFO - Setting next_dagrun for latest_only to 2024-06-11T15:50:09.070662+00:00, run_after=2024-06-11T19:50:09.070662+00:00
[2024-06-11T19:50:09.087+0000] {processor.py:176} INFO - Processing /home/airflow/.local/lib/python3.7/site-packages/airflow/example_dags/example_latest_only.py took 0.099 seconds
[2024-06-11T19:50:40.878+0000] {processor.py:154} INFO - Started process (PID=1378) to work on /home/airflow/.local/lib/python3.7/site-packages/airflow/example_dags/example_latest_only.py
[2024-06-11T19:50:40.899+0000] {processor.py:756} INFO - Processing file /home/airflow/.local/lib/python3.7/site-packages/airflow/example_dags/example_latest_only.py for tasks to queue
[2024-06-11T19:50:40.900+0000] {logging_mixin.py:120} INFO - [2024-06-11T19:50:40.900+0000] {dagbag.py:537} INFO - Filling up the DagBag from /home/airflow/.local/lib/python3.7/site-packages/airflow/example_dags/example_latest_only.py
[2024-06-11T19:50:40.917+0000] {processor.py:766} INFO - DAG(s) dict_keys(['latest_only']) retrieved from /home/airflow/.local/lib/python3.7/site-packages/airflow/example_dags/example_latest_only.py
[2024-06-11T19:50:40.964+0000] {logging_mixin.py:120} INFO - [2024-06-11T19:50:40.964+0000] {dag.py:2585} INFO - Sync 1 DAGs
[2024-06-11T19:50:40.997+0000] {logging_mixin.py:120} INFO - [2024-06-11T19:50:40.997+0000] {dag.py:3340} INFO - Setting next_dagrun for latest_only to 2024-06-11T15:50:40.997356+00:00, run_after=2024-06-11T19:50:40.997356+00:00
[2024-06-11T19:50:41.025+0000] {processor.py:176} INFO - Processing /home/airflow/.local/lib/python3.7/site-packages/airflow/example_dags/example_latest_only.py took 0.151 seconds
[2024-06-11T19:51:11.080+0000] {processor.py:154} INFO - Started process (PID=1441) to work on /home/airflow/.local/lib/python3.7/site-packages/airflow/example_dags/example_latest_only.py
[2024-06-11T19:51:11.081+0000] {processor.py:756} INFO - Processing file /home/airflow/.local/lib/python3.7/site-packages/airflow/example_dags/example_latest_only.py for tasks to queue
[2024-06-11T19:51:11.082+0000] {logging_mixin.py:120} INFO - [2024-06-11T19:51:11.082+0000] {dagbag.py:537} INFO - Filling up the DagBag from /home/airflow/.local/lib/python3.7/site-packages/airflow/example_dags/example_latest_only.py
[2024-06-11T19:51:11.094+0000] {processor.py:766} INFO - DAG(s) dict_keys(['latest_only']) retrieved from /home/airflow/.local/lib/python3.7/site-packages/airflow/example_dags/example_latest_only.py
[2024-06-11T19:51:11.128+0000] {logging_mixin.py:120} INFO - [2024-06-11T19:51:11.128+0000] {dag.py:2585} INFO - Sync 1 DAGs
[2024-06-11T19:51:11.151+0000] {logging_mixin.py:120} INFO - [2024-06-11T19:51:11.151+0000] {dag.py:3340} INFO - Setting next_dagrun for latest_only to 2024-06-11T15:51:11.151545+00:00, run_after=2024-06-11T19:51:11.151545+00:00
[2024-06-11T19:51:11.169+0000] {processor.py:176} INFO - Processing /home/airflow/.local/lib/python3.7/site-packages/airflow/example_dags/example_latest_only.py took 0.092 seconds
[2024-06-11T19:51:42.846+0000] {processor.py:154} INFO - Started process (PID=1503) to work on /home/airflow/.local/lib/python3.7/site-packages/airflow/example_dags/example_latest_only.py
[2024-06-11T19:51:42.847+0000] {processor.py:756} INFO - Processing file /home/airflow/.local/lib/python3.7/site-packages/airflow/example_dags/example_latest_only.py for tasks to queue
[2024-06-11T19:51:42.848+0000] {logging_mixin.py:120} INFO - [2024-06-11T19:51:42.848+0000] {dagbag.py:537} INFO - Filling up the DagBag from /home/airflow/.local/lib/python3.7/site-packages/airflow/example_dags/example_latest_only.py
[2024-06-11T19:51:42.868+0000] {processor.py:766} INFO - DAG(s) dict_keys(['latest_only']) retrieved from /home/airflow/.local/lib/python3.7/site-packages/airflow/example_dags/example_latest_only.py
[2024-06-11T19:51:42.918+0000] {logging_mixin.py:120} INFO - [2024-06-11T19:51:42.918+0000] {dag.py:2585} INFO - Sync 1 DAGs
[2024-06-11T19:51:42.944+0000] {logging_mixin.py:120} INFO - [2024-06-11T19:51:42.944+0000] {dag.py:3340} INFO - Setting next_dagrun for latest_only to 2024-06-11T15:51:42.944513+00:00, run_after=2024-06-11T19:51:42.944513+00:00
[2024-06-11T19:51:42.961+0000] {processor.py:176} INFO - Processing /home/airflow/.local/lib/python3.7/site-packages/airflow/example_dags/example_latest_only.py took 0.119 seconds
[2024-06-11T19:56:19.548+0000] {processor.py:154} INFO - Started process (PID=1557) to work on /home/airflow/.local/lib/python3.7/site-packages/airflow/example_dags/example_latest_only.py
[2024-06-11T19:56:19.551+0000] {processor.py:756} INFO - Processing file /home/airflow/.local/lib/python3.7/site-packages/airflow/example_dags/example_latest_only.py for tasks to queue
[2024-06-11T19:56:19.552+0000] {logging_mixin.py:120} INFO - [2024-06-11T19:56:19.552+0000] {dagbag.py:537} INFO - Filling up the DagBag from /home/airflow/.local/lib/python3.7/site-packages/airflow/example_dags/example_latest_only.py
[2024-06-11T19:56:19.564+0000] {processor.py:766} INFO - DAG(s) dict_keys(['latest_only']) retrieved from /home/airflow/.local/lib/python3.7/site-packages/airflow/example_dags/example_latest_only.py
[2024-06-11T19:56:19.597+0000] {logging_mixin.py:120} INFO - [2024-06-11T19:56:19.597+0000] {dag.py:2585} INFO - Sync 1 DAGs
[2024-06-11T19:56:19.618+0000] {logging_mixin.py:120} INFO - [2024-06-11T19:56:19.618+0000] {dag.py:3340} INFO - Setting next_dagrun for latest_only to 2024-06-11T15:56:19.618431+00:00, run_after=2024-06-11T19:56:19.618431+00:00
[2024-06-11T19:56:19.634+0000] {processor.py:176} INFO - Processing /home/airflow/.local/lib/python3.7/site-packages/airflow/example_dags/example_latest_only.py took 0.089 seconds
[2024-06-11T19:56:49.912+0000] {processor.py:154} INFO - Started process (PID=1620) to work on /home/airflow/.local/lib/python3.7/site-packages/airflow/example_dags/example_latest_only.py
[2024-06-11T19:56:49.913+0000] {processor.py:756} INFO - Processing file /home/airflow/.local/lib/python3.7/site-packages/airflow/example_dags/example_latest_only.py for tasks to queue
[2024-06-11T19:56:49.914+0000] {logging_mixin.py:120} INFO - [2024-06-11T19:56:49.914+0000] {dagbag.py:537} INFO - Filling up the DagBag from /home/airflow/.local/lib/python3.7/site-packages/airflow/example_dags/example_latest_only.py
[2024-06-11T19:56:49.926+0000] {processor.py:766} INFO - DAG(s) dict_keys(['latest_only']) retrieved from /home/airflow/.local/lib/python3.7/site-packages/airflow/example_dags/example_latest_only.py
[2024-06-11T19:56:49.959+0000] {logging_mixin.py:120} INFO - [2024-06-11T19:56:49.959+0000] {dag.py:2585} INFO - Sync 1 DAGs
[2024-06-11T19:56:49.980+0000] {logging_mixin.py:120} INFO - [2024-06-11T19:56:49.980+0000] {dag.py:3340} INFO - Setting next_dagrun for latest_only to 2024-06-11T15:56:49.979819+00:00, run_after=2024-06-11T19:56:49.979819+00:00
[2024-06-11T19:56:49.995+0000] {processor.py:176} INFO - Processing /home/airflow/.local/lib/python3.7/site-packages/airflow/example_dags/example_latest_only.py took 0.086 seconds
[2024-06-11T19:57:20.100+0000] {processor.py:154} INFO - Started process (PID=1683) to work on /home/airflow/.local/lib/python3.7/site-packages/airflow/example_dags/example_latest_only.py
[2024-06-11T19:57:20.100+0000] {processor.py:756} INFO - Processing file /home/airflow/.local/lib/python3.7/site-packages/airflow/example_dags/example_latest_only.py for tasks to queue
[2024-06-11T19:57:20.101+0000] {logging_mixin.py:120} INFO - [2024-06-11T19:57:20.101+0000] {dagbag.py:537} INFO - Filling up the DagBag from /home/airflow/.local/lib/python3.7/site-packages/airflow/example_dags/example_latest_only.py
[2024-06-11T19:57:20.114+0000] {processor.py:766} INFO - DAG(s) dict_keys(['latest_only']) retrieved from /home/airflow/.local/lib/python3.7/site-packages/airflow/example_dags/example_latest_only.py
[2024-06-11T19:57:20.147+0000] {logging_mixin.py:120} INFO - [2024-06-11T19:57:20.146+0000] {dag.py:2585} INFO - Sync 1 DAGs
[2024-06-11T19:57:20.168+0000] {logging_mixin.py:120} INFO - [2024-06-11T19:57:20.167+0000] {dag.py:3340} INFO - Setting next_dagrun for latest_only to 2024-06-11T15:57:20.167746+00:00, run_after=2024-06-11T19:57:20.167746+00:00
[2024-06-11T19:57:20.184+0000] {processor.py:176} INFO - Processing /home/airflow/.local/lib/python3.7/site-packages/airflow/example_dags/example_latest_only.py took 0.087 seconds
[2024-06-11T19:57:50.409+0000] {processor.py:154} INFO - Started process (PID=1745) to work on /home/airflow/.local/lib/python3.7/site-packages/airflow/example_dags/example_latest_only.py
[2024-06-11T19:57:50.410+0000] {processor.py:756} INFO - Processing file /home/airflow/.local/lib/python3.7/site-packages/airflow/example_dags/example_latest_only.py for tasks to queue
[2024-06-11T19:57:50.411+0000] {logging_mixin.py:120} INFO - [2024-06-11T19:57:50.411+0000] {dagbag.py:537} INFO - Filling up the DagBag from /home/airflow/.local/lib/python3.7/site-packages/airflow/example_dags/example_latest_only.py
[2024-06-11T19:57:50.423+0000] {processor.py:766} INFO - DAG(s) dict_keys(['latest_only']) retrieved from /home/airflow/.local/lib/python3.7/site-packages/airflow/example_dags/example_latest_only.py
[2024-06-11T19:57:50.457+0000] {logging_mixin.py:120} INFO - [2024-06-11T19:57:50.456+0000] {dag.py:2585} INFO - Sync 1 DAGs
[2024-06-11T19:57:50.478+0000] {logging_mixin.py:120} INFO - [2024-06-11T19:57:50.478+0000] {dag.py:3340} INFO - Setting next_dagrun for latest_only to 2024-06-11T15:57:50.478480+00:00, run_after=2024-06-11T19:57:50.478480+00:00
[2024-06-11T19:57:50.498+0000] {processor.py:176} INFO - Processing /home/airflow/.local/lib/python3.7/site-packages/airflow/example_dags/example_latest_only.py took 0.093 seconds
[2024-06-11T20:15:58.940+0000] {processor.py:154} INFO - Started process (PID=1799) to work on /home/airflow/.local/lib/python3.7/site-packages/airflow/example_dags/example_latest_only.py
[2024-06-11T20:15:58.942+0000] {processor.py:756} INFO - Processing file /home/airflow/.local/lib/python3.7/site-packages/airflow/example_dags/example_latest_only.py for tasks to queue
[2024-06-11T20:15:58.944+0000] {logging_mixin.py:120} INFO - [2024-06-11T20:15:58.944+0000] {dagbag.py:537} INFO - Filling up the DagBag from /home/airflow/.local/lib/python3.7/site-packages/airflow/example_dags/example_latest_only.py
[2024-06-11T20:15:58.966+0000] {processor.py:766} INFO - DAG(s) dict_keys(['latest_only']) retrieved from /home/airflow/.local/lib/python3.7/site-packages/airflow/example_dags/example_latest_only.py
[2024-06-11T20:15:59.021+0000] {logging_mixin.py:120} INFO - [2024-06-11T20:15:59.021+0000] {dag.py:2585} INFO - Sync 1 DAGs
[2024-06-11T20:15:59.054+0000] {logging_mixin.py:120} INFO - [2024-06-11T20:15:59.053+0000] {dag.py:3340} INFO - Setting next_dagrun for latest_only to 2024-06-11T16:15:59.053677+00:00, run_after=2024-06-11T20:15:59.053677+00:00
[2024-06-11T20:15:59.079+0000] {processor.py:176} INFO - Processing /home/airflow/.local/lib/python3.7/site-packages/airflow/example_dags/example_latest_only.py took 0.144 seconds
[2024-06-11T20:16:29.633+0000] {processor.py:154} INFO - Started process (PID=1862) to work on /home/airflow/.local/lib/python3.7/site-packages/airflow/example_dags/example_latest_only.py
[2024-06-11T20:16:29.634+0000] {processor.py:756} INFO - Processing file /home/airflow/.local/lib/python3.7/site-packages/airflow/example_dags/example_latest_only.py for tasks to queue
[2024-06-11T20:16:29.635+0000] {logging_mixin.py:120} INFO - [2024-06-11T20:16:29.635+0000] {dagbag.py:537} INFO - Filling up the DagBag from /home/airflow/.local/lib/python3.7/site-packages/airflow/example_dags/example_latest_only.py
[2024-06-11T20:16:29.648+0000] {processor.py:766} INFO - DAG(s) dict_keys(['latest_only']) retrieved from /home/airflow/.local/lib/python3.7/site-packages/airflow/example_dags/example_latest_only.py
[2024-06-11T20:16:29.681+0000] {logging_mixin.py:120} INFO - [2024-06-11T20:16:29.681+0000] {dag.py:2585} INFO - Sync 1 DAGs
[2024-06-11T20:16:29.702+0000] {logging_mixin.py:120} INFO - [2024-06-11T20:16:29.702+0000] {dag.py:3340} INFO - Setting next_dagrun for latest_only to 2024-06-11T16:16:29.701881+00:00, run_after=2024-06-11T20:16:29.701881+00:00
[2024-06-11T20:16:29.718+0000] {processor.py:176} INFO - Processing /home/airflow/.local/lib/python3.7/site-packages/airflow/example_dags/example_latest_only.py took 0.090 seconds
[2024-06-11T20:16:59.977+0000] {processor.py:154} INFO - Started process (PID=1925) to work on /home/airflow/.local/lib/python3.7/site-packages/airflow/example_dags/example_latest_only.py
[2024-06-11T20:16:59.978+0000] {processor.py:756} INFO - Processing file /home/airflow/.local/lib/python3.7/site-packages/airflow/example_dags/example_latest_only.py for tasks to queue
[2024-06-11T20:16:59.979+0000] {logging_mixin.py:120} INFO - [2024-06-11T20:16:59.979+0000] {dagbag.py:537} INFO - Filling up the DagBag from /home/airflow/.local/lib/python3.7/site-packages/airflow/example_dags/example_latest_only.py
[2024-06-11T20:16:59.992+0000] {processor.py:766} INFO - DAG(s) dict_keys(['latest_only']) retrieved from /home/airflow/.local/lib/python3.7/site-packages/airflow/example_dags/example_latest_only.py
[2024-06-11T20:17:00.029+0000] {logging_mixin.py:120} INFO - [2024-06-11T20:17:00.029+0000] {dag.py:2585} INFO - Sync 1 DAGs
[2024-06-11T20:17:00.050+0000] {logging_mixin.py:120} INFO - [2024-06-11T20:17:00.049+0000] {dag.py:3340} INFO - Setting next_dagrun for latest_only to 2024-06-11T16:17:00.049781+00:00, run_after=2024-06-11T20:17:00.049781+00:00
[2024-06-11T20:17:00.065+0000] {processor.py:176} INFO - Processing /home/airflow/.local/lib/python3.7/site-packages/airflow/example_dags/example_latest_only.py took 0.091 seconds
[2024-06-11T20:17:30.240+0000] {processor.py:154} INFO - Started process (PID=1988) to work on /home/airflow/.local/lib/python3.7/site-packages/airflow/example_dags/example_latest_only.py
[2024-06-11T20:17:30.241+0000] {processor.py:756} INFO - Processing file /home/airflow/.local/lib/python3.7/site-packages/airflow/example_dags/example_latest_only.py for tasks to queue
[2024-06-11T20:17:30.241+0000] {logging_mixin.py:120} INFO - [2024-06-11T20:17:30.241+0000] {dagbag.py:537} INFO - Filling up the DagBag from /home/airflow/.local/lib/python3.7/site-packages/airflow/example_dags/example_latest_only.py
[2024-06-11T20:17:30.253+0000] {processor.py:766} INFO - DAG(s) dict_keys(['latest_only']) retrieved from /home/airflow/.local/lib/python3.7/site-packages/airflow/example_dags/example_latest_only.py
[2024-06-11T20:17:30.286+0000] {logging_mixin.py:120} INFO - [2024-06-11T20:17:30.286+0000] {dag.py:2585} INFO - Sync 1 DAGs
[2024-06-11T20:17:30.309+0000] {logging_mixin.py:120} INFO - [2024-06-11T20:17:30.309+0000] {dag.py:3340} INFO - Setting next_dagrun for latest_only to 2024-06-11T16:17:30.308887+00:00, run_after=2024-06-11T20:17:30.308887+00:00
[2024-06-11T20:17:30.326+0000] {processor.py:176} INFO - Processing /home/airflow/.local/lib/python3.7/site-packages/airflow/example_dags/example_latest_only.py took 0.089 seconds
[2024-06-11T20:18:00.486+0000] {processor.py:154} INFO - Started process (PID=2042) to work on /home/airflow/.local/lib/python3.7/site-packages/airflow/example_dags/example_latest_only.py
[2024-06-11T20:18:00.487+0000] {processor.py:756} INFO - Processing file /home/airflow/.local/lib/python3.7/site-packages/airflow/example_dags/example_latest_only.py for tasks to queue
[2024-06-11T20:18:00.488+0000] {logging_mixin.py:120} INFO - [2024-06-11T20:18:00.488+0000] {dagbag.py:537} INFO - Filling up the DagBag from /home/airflow/.local/lib/python3.7/site-packages/airflow/example_dags/example_latest_only.py
[2024-06-11T20:18:00.500+0000] {processor.py:766} INFO - DAG(s) dict_keys(['latest_only']) retrieved from /home/airflow/.local/lib/python3.7/site-packages/airflow/example_dags/example_latest_only.py
[2024-06-11T20:18:00.533+0000] {logging_mixin.py:120} INFO - [2024-06-11T20:18:00.533+0000] {dag.py:2585} INFO - Sync 1 DAGs
[2024-06-11T20:18:00.555+0000] {logging_mixin.py:120} INFO - [2024-06-11T20:18:00.554+0000] {dag.py:3340} INFO - Setting next_dagrun for latest_only to 2024-06-11T16:18:00.554685+00:00, run_after=2024-06-11T20:18:00.554685+00:00
[2024-06-11T20:18:00.571+0000] {processor.py:176} INFO - Processing /home/airflow/.local/lib/python3.7/site-packages/airflow/example_dags/example_latest_only.py took 0.088 seconds
[2024-06-11T20:36:23.803+0000] {processor.py:154} INFO - Started process (PID=2105) to work on /home/airflow/.local/lib/python3.7/site-packages/airflow/example_dags/example_latest_only.py
[2024-06-11T20:36:23.805+0000] {processor.py:756} INFO - Processing file /home/airflow/.local/lib/python3.7/site-packages/airflow/example_dags/example_latest_only.py for tasks to queue
[2024-06-11T20:36:23.806+0000] {logging_mixin.py:120} INFO - [2024-06-11T20:36:23.806+0000] {dagbag.py:537} INFO - Filling up the DagBag from /home/airflow/.local/lib/python3.7/site-packages/airflow/example_dags/example_latest_only.py
[2024-06-11T20:36:23.831+0000] {processor.py:766} INFO - DAG(s) dict_keys(['latest_only']) retrieved from /home/airflow/.local/lib/python3.7/site-packages/airflow/example_dags/example_latest_only.py
[2024-06-11T20:36:23.898+0000] {logging_mixin.py:120} INFO - [2024-06-11T20:36:23.898+0000] {dag.py:2585} INFO - Sync 1 DAGs
[2024-06-11T20:36:23.945+0000] {logging_mixin.py:120} INFO - [2024-06-11T20:36:23.945+0000] {dag.py:3340} INFO - Setting next_dagrun for latest_only to 2024-06-11T16:36:23.944850+00:00, run_after=2024-06-11T20:36:23.944850+00:00
[2024-06-11T20:36:23.982+0000] {processor.py:176} INFO - Processing /home/airflow/.local/lib/python3.7/site-packages/airflow/example_dags/example_latest_only.py took 0.184 seconds
[2024-06-11T20:36:54.037+0000] {processor.py:154} INFO - Started process (PID=2168) to work on /home/airflow/.local/lib/python3.7/site-packages/airflow/example_dags/example_latest_only.py
[2024-06-11T20:36:54.038+0000] {processor.py:756} INFO - Processing file /home/airflow/.local/lib/python3.7/site-packages/airflow/example_dags/example_latest_only.py for tasks to queue
[2024-06-11T20:36:54.040+0000] {logging_mixin.py:120} INFO - [2024-06-11T20:36:54.039+0000] {dagbag.py:537} INFO - Filling up the DagBag from /home/airflow/.local/lib/python3.7/site-packages/airflow/example_dags/example_latest_only.py
[2024-06-11T20:36:54.052+0000] {processor.py:766} INFO - DAG(s) dict_keys(['latest_only']) retrieved from /home/airflow/.local/lib/python3.7/site-packages/airflow/example_dags/example_latest_only.py
[2024-06-11T20:36:54.085+0000] {logging_mixin.py:120} INFO - [2024-06-11T20:36:54.085+0000] {dag.py:2585} INFO - Sync 1 DAGs
[2024-06-11T20:36:54.105+0000] {logging_mixin.py:120} INFO - [2024-06-11T20:36:54.105+0000] {dag.py:3340} INFO - Setting next_dagrun for latest_only to 2024-06-11T16:36:54.105338+00:00, run_after=2024-06-11T20:36:54.105338+00:00
[2024-06-11T20:36:54.120+0000] {processor.py:176} INFO - Processing /home/airflow/.local/lib/python3.7/site-packages/airflow/example_dags/example_latest_only.py took 0.086 seconds
[2024-06-11T20:37:24.271+0000] {processor.py:154} INFO - Started process (PID=2222) to work on /home/airflow/.local/lib/python3.7/site-packages/airflow/example_dags/example_latest_only.py
[2024-06-11T20:37:24.272+0000] {processor.py:756} INFO - Processing file /home/airflow/.local/lib/python3.7/site-packages/airflow/example_dags/example_latest_only.py for tasks to queue
[2024-06-11T20:37:24.273+0000] {logging_mixin.py:120} INFO - [2024-06-11T20:37:24.273+0000] {dagbag.py:537} INFO - Filling up the DagBag from /home/airflow/.local/lib/python3.7/site-packages/airflow/example_dags/example_latest_only.py
[2024-06-11T20:37:24.285+0000] {processor.py:766} INFO - DAG(s) dict_keys(['latest_only']) retrieved from /home/airflow/.local/lib/python3.7/site-packages/airflow/example_dags/example_latest_only.py
[2024-06-11T20:37:24.317+0000] {logging_mixin.py:120} INFO - [2024-06-11T20:37:24.317+0000] {dag.py:2585} INFO - Sync 1 DAGs
[2024-06-11T20:37:24.340+0000] {logging_mixin.py:120} INFO - [2024-06-11T20:37:24.340+0000] {dag.py:3340} INFO - Setting next_dagrun for latest_only to 2024-06-11T16:37:24.340223+00:00, run_after=2024-06-11T20:37:24.340223+00:00
[2024-06-11T20:37:24.357+0000] {processor.py:176} INFO - Processing /home/airflow/.local/lib/python3.7/site-packages/airflow/example_dags/example_latest_only.py took 0.089 seconds
[2024-06-11T20:37:54.588+0000] {processor.py:154} INFO - Started process (PID=2285) to work on /home/airflow/.local/lib/python3.7/site-packages/airflow/example_dags/example_latest_only.py
[2024-06-11T20:37:54.589+0000] {processor.py:756} INFO - Processing file /home/airflow/.local/lib/python3.7/site-packages/airflow/example_dags/example_latest_only.py for tasks to queue
[2024-06-11T20:37:54.589+0000] {logging_mixin.py:120} INFO - [2024-06-11T20:37:54.589+0000] {dagbag.py:537} INFO - Filling up the DagBag from /home/airflow/.local/lib/python3.7/site-packages/airflow/example_dags/example_latest_only.py
[2024-06-11T20:37:54.601+0000] {processor.py:766} INFO - DAG(s) dict_keys(['latest_only']) retrieved from /home/airflow/.local/lib/python3.7/site-packages/airflow/example_dags/example_latest_only.py
[2024-06-11T20:37:54.634+0000] {logging_mixin.py:120} INFO - [2024-06-11T20:37:54.634+0000] {dag.py:2585} INFO - Sync 1 DAGs
[2024-06-11T20:37:54.656+0000] {logging_mixin.py:120} INFO - [2024-06-11T20:37:54.656+0000] {dag.py:3340} INFO - Setting next_dagrun for latest_only to 2024-06-11T16:37:54.656574+00:00, run_after=2024-06-11T20:37:54.656574+00:00
[2024-06-11T20:37:54.673+0000] {processor.py:176} INFO - Processing /home/airflow/.local/lib/python3.7/site-packages/airflow/example_dags/example_latest_only.py took 0.089 seconds
[2024-06-11T20:38:26.381+0000] {processor.py:154} INFO - Started process (PID=2348) to work on /home/airflow/.local/lib/python3.7/site-packages/airflow/example_dags/example_latest_only.py
[2024-06-11T20:38:26.383+0000] {processor.py:756} INFO - Processing file /home/airflow/.local/lib/python3.7/site-packages/airflow/example_dags/example_latest_only.py for tasks to queue
[2024-06-11T20:38:26.384+0000] {logging_mixin.py:120} INFO - [2024-06-11T20:38:26.384+0000] {dagbag.py:537} INFO - Filling up the DagBag from /home/airflow/.local/lib/python3.7/site-packages/airflow/example_dags/example_latest_only.py
[2024-06-11T20:38:26.409+0000] {processor.py:766} INFO - DAG(s) dict_keys(['latest_only']) retrieved from /home/airflow/.local/lib/python3.7/site-packages/airflow/example_dags/example_latest_only.py
[2024-06-11T20:38:26.478+0000] {logging_mixin.py:120} INFO - [2024-06-11T20:38:26.478+0000] {dag.py:2585} INFO - Sync 1 DAGs
[2024-06-11T20:38:26.518+0000] {logging_mixin.py:120} INFO - [2024-06-11T20:38:26.517+0000] {dag.py:3340} INFO - Setting next_dagrun for latest_only to 2024-06-11T16:38:26.517498+00:00, run_after=2024-06-11T20:38:26.517498+00:00
[2024-06-11T20:38:26.547+0000] {processor.py:176} INFO - Processing /home/airflow/.local/lib/python3.7/site-packages/airflow/example_dags/example_latest_only.py took 0.172 seconds
[2024-06-11T20:53:50.031+0000] {processor.py:154} INFO - Started process (PID=2401) to work on /home/airflow/.local/lib/python3.7/site-packages/airflow/example_dags/example_latest_only.py
[2024-06-11T20:53:50.033+0000] {processor.py:756} INFO - Processing file /home/airflow/.local/lib/python3.7/site-packages/airflow/example_dags/example_latest_only.py for tasks to queue
[2024-06-11T20:53:50.035+0000] {logging_mixin.py:120} INFO - [2024-06-11T20:53:50.035+0000] {dagbag.py:537} INFO - Filling up the DagBag from /home/airflow/.local/lib/python3.7/site-packages/airflow/example_dags/example_latest_only.py
[2024-06-11T20:53:50.057+0000] {processor.py:766} INFO - DAG(s) dict_keys(['latest_only']) retrieved from /home/airflow/.local/lib/python3.7/site-packages/airflow/example_dags/example_latest_only.py
[2024-06-11T20:53:50.129+0000] {logging_mixin.py:120} INFO - [2024-06-11T20:53:50.129+0000] {dag.py:2585} INFO - Sync 1 DAGs
[2024-06-11T20:53:50.187+0000] {logging_mixin.py:120} INFO - [2024-06-11T20:53:50.187+0000] {dag.py:3340} INFO - Setting next_dagrun for latest_only to 2024-06-11T16:53:50.186723+00:00, run_after=2024-06-11T20:53:50.186723+00:00
[2024-06-11T20:53:50.227+0000] {processor.py:176} INFO - Processing /home/airflow/.local/lib/python3.7/site-packages/airflow/example_dags/example_latest_only.py took 0.201 seconds
[2024-06-11T20:54:21.012+0000] {processor.py:154} INFO - Started process (PID=2464) to work on /home/airflow/.local/lib/python3.7/site-packages/airflow/example_dags/example_latest_only.py
[2024-06-11T20:54:21.013+0000] {processor.py:756} INFO - Processing file /home/airflow/.local/lib/python3.7/site-packages/airflow/example_dags/example_latest_only.py for tasks to queue
[2024-06-11T20:54:21.014+0000] {logging_mixin.py:120} INFO - [2024-06-11T20:54:21.014+0000] {dagbag.py:537} INFO - Filling up the DagBag from /home/airflow/.local/lib/python3.7/site-packages/airflow/example_dags/example_latest_only.py
[2024-06-11T20:54:21.028+0000] {processor.py:766} INFO - DAG(s) dict_keys(['latest_only']) retrieved from /home/airflow/.local/lib/python3.7/site-packages/airflow/example_dags/example_latest_only.py
[2024-06-11T20:54:21.066+0000] {logging_mixin.py:120} INFO - [2024-06-11T20:54:21.065+0000] {dag.py:2585} INFO - Sync 1 DAGs
[2024-06-11T20:54:21.087+0000] {logging_mixin.py:120} INFO - [2024-06-11T20:54:21.087+0000] {dag.py:3340} INFO - Setting next_dagrun for latest_only to 2024-06-11T16:54:21.087527+00:00, run_after=2024-06-11T20:54:21.087527+00:00
[2024-06-11T20:54:21.103+0000] {processor.py:176} INFO - Processing /home/airflow/.local/lib/python3.7/site-packages/airflow/example_dags/example_latest_only.py took 0.094 seconds
[2024-06-11T20:54:51.260+0000] {processor.py:154} INFO - Started process (PID=2527) to work on /home/airflow/.local/lib/python3.7/site-packages/airflow/example_dags/example_latest_only.py
[2024-06-11T20:54:51.261+0000] {processor.py:756} INFO - Processing file /home/airflow/.local/lib/python3.7/site-packages/airflow/example_dags/example_latest_only.py for tasks to queue
[2024-06-11T20:54:51.262+0000] {logging_mixin.py:120} INFO - [2024-06-11T20:54:51.262+0000] {dagbag.py:537} INFO - Filling up the DagBag from /home/airflow/.local/lib/python3.7/site-packages/airflow/example_dags/example_latest_only.py
[2024-06-11T20:54:51.278+0000] {processor.py:766} INFO - DAG(s) dict_keys(['latest_only']) retrieved from /home/airflow/.local/lib/python3.7/site-packages/airflow/example_dags/example_latest_only.py
[2024-06-11T20:54:51.319+0000] {logging_mixin.py:120} INFO - [2024-06-11T20:54:51.319+0000] {dag.py:2585} INFO - Sync 1 DAGs
[2024-06-11T20:54:51.341+0000] {logging_mixin.py:120} INFO - [2024-06-11T20:54:51.341+0000] {dag.py:3340} INFO - Setting next_dagrun for latest_only to 2024-06-11T16:54:51.341393+00:00, run_after=2024-06-11T20:54:51.341393+00:00
[2024-06-11T20:54:51.357+0000] {processor.py:176} INFO - Processing /home/airflow/.local/lib/python3.7/site-packages/airflow/example_dags/example_latest_only.py took 0.103 seconds
[2024-06-11T20:55:21.491+0000] {processor.py:154} INFO - Started process (PID=2590) to work on /home/airflow/.local/lib/python3.7/site-packages/airflow/example_dags/example_latest_only.py
[2024-06-11T20:55:21.492+0000] {processor.py:756} INFO - Processing file /home/airflow/.local/lib/python3.7/site-packages/airflow/example_dags/example_latest_only.py for tasks to queue
[2024-06-11T20:55:21.493+0000] {logging_mixin.py:120} INFO - [2024-06-11T20:55:21.493+0000] {dagbag.py:537} INFO - Filling up the DagBag from /home/airflow/.local/lib/python3.7/site-packages/airflow/example_dags/example_latest_only.py
[2024-06-11T20:55:21.504+0000] {processor.py:766} INFO - DAG(s) dict_keys(['latest_only']) retrieved from /home/airflow/.local/lib/python3.7/site-packages/airflow/example_dags/example_latest_only.py
[2024-06-11T20:55:21.537+0000] {logging_mixin.py:120} INFO - [2024-06-11T20:55:21.537+0000] {dag.py:2585} INFO - Sync 1 DAGs
[2024-06-11T20:55:21.557+0000] {logging_mixin.py:120} INFO - [2024-06-11T20:55:21.557+0000] {dag.py:3340} INFO - Setting next_dagrun for latest_only to 2024-06-11T16:55:21.557515+00:00, run_after=2024-06-11T20:55:21.557515+00:00
[2024-06-11T20:55:21.573+0000] {processor.py:176} INFO - Processing /home/airflow/.local/lib/python3.7/site-packages/airflow/example_dags/example_latest_only.py took 0.085 seconds
[2024-06-11T20:55:51.740+0000] {processor.py:154} INFO - Started process (PID=2644) to work on /home/airflow/.local/lib/python3.7/site-packages/airflow/example_dags/example_latest_only.py
[2024-06-11T20:55:51.741+0000] {processor.py:756} INFO - Processing file /home/airflow/.local/lib/python3.7/site-packages/airflow/example_dags/example_latest_only.py for tasks to queue
[2024-06-11T20:55:51.743+0000] {logging_mixin.py:120} INFO - [2024-06-11T20:55:51.742+0000] {dagbag.py:537} INFO - Filling up the DagBag from /home/airflow/.local/lib/python3.7/site-packages/airflow/example_dags/example_latest_only.py
[2024-06-11T20:55:51.758+0000] {processor.py:766} INFO - DAG(s) dict_keys(['latest_only']) retrieved from /home/airflow/.local/lib/python3.7/site-packages/airflow/example_dags/example_latest_only.py
[2024-06-11T20:55:51.792+0000] {logging_mixin.py:120} INFO - [2024-06-11T20:55:51.792+0000] {dag.py:2585} INFO - Sync 1 DAGs
[2024-06-11T20:55:51.814+0000] {logging_mixin.py:120} INFO - [2024-06-11T20:55:51.814+0000] {dag.py:3340} INFO - Setting next_dagrun for latest_only to 2024-06-11T16:55:51.814102+00:00, run_after=2024-06-11T20:55:51.814102+00:00
[2024-06-11T20:55:51.831+0000] {processor.py:176} INFO - Processing /home/airflow/.local/lib/python3.7/site-packages/airflow/example_dags/example_latest_only.py took 0.095 seconds
[2024-06-11T20:57:22.152+0000] {processor.py:154} INFO - Started process (PID=2707) to work on /home/airflow/.local/lib/python3.7/site-packages/airflow/example_dags/example_latest_only.py
[2024-06-11T20:57:22.152+0000] {processor.py:756} INFO - Processing file /home/airflow/.local/lib/python3.7/site-packages/airflow/example_dags/example_latest_only.py for tasks to queue
[2024-06-11T20:57:22.153+0000] {logging_mixin.py:120} INFO - [2024-06-11T20:57:22.153+0000] {dagbag.py:537} INFO - Filling up the DagBag from /home/airflow/.local/lib/python3.7/site-packages/airflow/example_dags/example_latest_only.py
[2024-06-11T20:57:22.166+0000] {processor.py:766} INFO - DAG(s) dict_keys(['latest_only']) retrieved from /home/airflow/.local/lib/python3.7/site-packages/airflow/example_dags/example_latest_only.py
[2024-06-11T20:57:22.200+0000] {logging_mixin.py:120} INFO - [2024-06-11T20:57:22.199+0000] {dag.py:2585} INFO - Sync 1 DAGs
[2024-06-11T20:57:22.221+0000] {logging_mixin.py:120} INFO - [2024-06-11T20:57:22.221+0000] {dag.py:3340} INFO - Setting next_dagrun for latest_only to 2024-06-11T16:57:22.221408+00:00, run_after=2024-06-11T20:57:22.221408+00:00
[2024-06-11T20:57:22.237+0000] {processor.py:176} INFO - Processing /home/airflow/.local/lib/python3.7/site-packages/airflow/example_dags/example_latest_only.py took 0.089 seconds
[2024-06-11T20:57:52.378+0000] {processor.py:154} INFO - Started process (PID=2769) to work on /home/airflow/.local/lib/python3.7/site-packages/airflow/example_dags/example_latest_only.py
[2024-06-11T20:57:52.379+0000] {processor.py:756} INFO - Processing file /home/airflow/.local/lib/python3.7/site-packages/airflow/example_dags/example_latest_only.py for tasks to queue
[2024-06-11T20:57:52.380+0000] {logging_mixin.py:120} INFO - [2024-06-11T20:57:52.380+0000] {dagbag.py:537} INFO - Filling up the DagBag from /home/airflow/.local/lib/python3.7/site-packages/airflow/example_dags/example_latest_only.py
[2024-06-11T20:57:52.392+0000] {processor.py:766} INFO - DAG(s) dict_keys(['latest_only']) retrieved from /home/airflow/.local/lib/python3.7/site-packages/airflow/example_dags/example_latest_only.py
[2024-06-11T20:57:52.426+0000] {logging_mixin.py:120} INFO - [2024-06-11T20:57:52.426+0000] {dag.py:2585} INFO - Sync 1 DAGs
[2024-06-11T20:57:52.448+0000] {logging_mixin.py:120} INFO - [2024-06-11T20:57:52.448+0000] {dag.py:3340} INFO - Setting next_dagrun for latest_only to 2024-06-11T16:57:52.448005+00:00, run_after=2024-06-11T20:57:52.448005+00:00
[2024-06-11T20:57:52.464+0000] {processor.py:176} INFO - Processing /home/airflow/.local/lib/python3.7/site-packages/airflow/example_dags/example_latest_only.py took 0.090 seconds
[2024-06-11T20:58:22.609+0000] {processor.py:154} INFO - Started process (PID=2823) to work on /home/airflow/.local/lib/python3.7/site-packages/airflow/example_dags/example_latest_only.py
[2024-06-11T20:58:22.610+0000] {processor.py:756} INFO - Processing file /home/airflow/.local/lib/python3.7/site-packages/airflow/example_dags/example_latest_only.py for tasks to queue
[2024-06-11T20:58:22.611+0000] {logging_mixin.py:120} INFO - [2024-06-11T20:58:22.611+0000] {dagbag.py:537} INFO - Filling up the DagBag from /home/airflow/.local/lib/python3.7/site-packages/airflow/example_dags/example_latest_only.py
[2024-06-11T20:58:22.623+0000] {processor.py:766} INFO - DAG(s) dict_keys(['latest_only']) retrieved from /home/airflow/.local/lib/python3.7/site-packages/airflow/example_dags/example_latest_only.py
[2024-06-11T20:58:22.656+0000] {logging_mixin.py:120} INFO - [2024-06-11T20:58:22.656+0000] {dag.py:2585} INFO - Sync 1 DAGs
[2024-06-11T20:58:22.679+0000] {logging_mixin.py:120} INFO - [2024-06-11T20:58:22.679+0000] {dag.py:3340} INFO - Setting next_dagrun for latest_only to 2024-06-11T16:58:22.679150+00:00, run_after=2024-06-11T20:58:22.679150+00:00
[2024-06-11T20:58:22.695+0000] {processor.py:176} INFO - Processing /home/airflow/.local/lib/python3.7/site-packages/airflow/example_dags/example_latest_only.py took 0.089 seconds
[2024-06-11T20:58:52.910+0000] {processor.py:154} INFO - Started process (PID=2886) to work on /home/airflow/.local/lib/python3.7/site-packages/airflow/example_dags/example_latest_only.py
[2024-06-11T20:58:52.911+0000] {processor.py:756} INFO - Processing file /home/airflow/.local/lib/python3.7/site-packages/airflow/example_dags/example_latest_only.py for tasks to queue
[2024-06-11T20:58:52.912+0000] {logging_mixin.py:120} INFO - [2024-06-11T20:58:52.911+0000] {dagbag.py:537} INFO - Filling up the DagBag from /home/airflow/.local/lib/python3.7/site-packages/airflow/example_dags/example_latest_only.py
[2024-06-11T20:58:52.924+0000] {processor.py:766} INFO - DAG(s) dict_keys(['latest_only']) retrieved from /home/airflow/.local/lib/python3.7/site-packages/airflow/example_dags/example_latest_only.py
[2024-06-11T20:58:52.957+0000] {logging_mixin.py:120} INFO - [2024-06-11T20:58:52.957+0000] {dag.py:2585} INFO - Sync 1 DAGs
[2024-06-11T20:58:52.979+0000] {logging_mixin.py:120} INFO - [2024-06-11T20:58:52.979+0000] {dag.py:3340} INFO - Setting next_dagrun for latest_only to 2024-06-11T16:58:52.978915+00:00, run_after=2024-06-11T20:58:52.978915+00:00
[2024-06-11T20:58:52.996+0000] {processor.py:176} INFO - Processing /home/airflow/.local/lib/python3.7/site-packages/airflow/example_dags/example_latest_only.py took 0.089 seconds
[2024-06-11T21:14:53.814+0000] {processor.py:154} INFO - Started process (PID=2948) to work on /home/airflow/.local/lib/python3.7/site-packages/airflow/example_dags/example_latest_only.py
[2024-06-11T21:14:53.815+0000] {processor.py:756} INFO - Processing file /home/airflow/.local/lib/python3.7/site-packages/airflow/example_dags/example_latest_only.py for tasks to queue
[2024-06-11T21:14:53.816+0000] {logging_mixin.py:120} INFO - [2024-06-11T21:14:53.816+0000] {dagbag.py:537} INFO - Filling up the DagBag from /home/airflow/.local/lib/python3.7/site-packages/airflow/example_dags/example_latest_only.py
[2024-06-11T21:14:53.834+0000] {processor.py:766} INFO - DAG(s) dict_keys(['latest_only']) retrieved from /home/airflow/.local/lib/python3.7/site-packages/airflow/example_dags/example_latest_only.py
[2024-06-11T21:14:53.898+0000] {logging_mixin.py:120} INFO - [2024-06-11T21:14:53.898+0000] {dag.py:2585} INFO - Sync 1 DAGs
[2024-06-11T21:14:53.936+0000] {logging_mixin.py:120} INFO - [2024-06-11T21:14:53.935+0000] {dag.py:3340} INFO - Setting next_dagrun for latest_only to 2024-06-11T17:14:53.935692+00:00, run_after=2024-06-11T21:14:53.935692+00:00
[2024-06-11T21:14:53.959+0000] {processor.py:176} INFO - Processing /home/airflow/.local/lib/python3.7/site-packages/airflow/example_dags/example_latest_only.py took 0.150 seconds
[2024-06-11T21:15:24.703+0000] {processor.py:154} INFO - Started process (PID=3011) to work on /home/airflow/.local/lib/python3.7/site-packages/airflow/example_dags/example_latest_only.py
[2024-06-11T21:15:24.703+0000] {processor.py:756} INFO - Processing file /home/airflow/.local/lib/python3.7/site-packages/airflow/example_dags/example_latest_only.py for tasks to queue
[2024-06-11T21:15:24.704+0000] {logging_mixin.py:120} INFO - [2024-06-11T21:15:24.704+0000] {dagbag.py:537} INFO - Filling up the DagBag from /home/airflow/.local/lib/python3.7/site-packages/airflow/example_dags/example_latest_only.py
[2024-06-11T21:15:24.716+0000] {processor.py:766} INFO - DAG(s) dict_keys(['latest_only']) retrieved from /home/airflow/.local/lib/python3.7/site-packages/airflow/example_dags/example_latest_only.py
[2024-06-11T21:15:24.749+0000] {logging_mixin.py:120} INFO - [2024-06-11T21:15:24.749+0000] {dag.py:2585} INFO - Sync 1 DAGs
[2024-06-11T21:15:24.770+0000] {logging_mixin.py:120} INFO - [2024-06-11T21:15:24.770+0000] {dag.py:3340} INFO - Setting next_dagrun for latest_only to 2024-06-11T17:15:24.769887+00:00, run_after=2024-06-11T21:15:24.769887+00:00
[2024-06-11T21:15:24.785+0000] {processor.py:176} INFO - Processing /home/airflow/.local/lib/python3.7/site-packages/airflow/example_dags/example_latest_only.py took 0.086 seconds
[2024-06-11T21:15:55.085+0000] {processor.py:154} INFO - Started process (PID=3065) to work on /home/airflow/.local/lib/python3.7/site-packages/airflow/example_dags/example_latest_only.py
[2024-06-11T21:15:55.086+0000] {processor.py:756} INFO - Processing file /home/airflow/.local/lib/python3.7/site-packages/airflow/example_dags/example_latest_only.py for tasks to queue
[2024-06-11T21:15:55.086+0000] {logging_mixin.py:120} INFO - [2024-06-11T21:15:55.086+0000] {dagbag.py:537} INFO - Filling up the DagBag from /home/airflow/.local/lib/python3.7/site-packages/airflow/example_dags/example_latest_only.py
[2024-06-11T21:15:55.098+0000] {processor.py:766} INFO - DAG(s) dict_keys(['latest_only']) retrieved from /home/airflow/.local/lib/python3.7/site-packages/airflow/example_dags/example_latest_only.py
[2024-06-11T21:15:55.131+0000] {logging_mixin.py:120} INFO - [2024-06-11T21:15:55.131+0000] {dag.py:2585} INFO - Sync 1 DAGs
[2024-06-11T21:15:55.153+0000] {logging_mixin.py:120} INFO - [2024-06-11T21:15:55.153+0000] {dag.py:3340} INFO - Setting next_dagrun for latest_only to 2024-06-11T17:15:55.153533+00:00, run_after=2024-06-11T21:15:55.153533+00:00
[2024-06-11T21:15:55.170+0000] {processor.py:176} INFO - Processing /home/airflow/.local/lib/python3.7/site-packages/airflow/example_dags/example_latest_only.py took 0.089 seconds
[2024-06-11T21:16:25.488+0000] {processor.py:154} INFO - Started process (PID=3127) to work on /home/airflow/.local/lib/python3.7/site-packages/airflow/example_dags/example_latest_only.py
[2024-06-11T21:16:25.489+0000] {processor.py:756} INFO - Processing file /home/airflow/.local/lib/python3.7/site-packages/airflow/example_dags/example_latest_only.py for tasks to queue
[2024-06-11T21:16:25.490+0000] {logging_mixin.py:120} INFO - [2024-06-11T21:16:25.490+0000] {dagbag.py:537} INFO - Filling up the DagBag from /home/airflow/.local/lib/python3.7/site-packages/airflow/example_dags/example_latest_only.py
[2024-06-11T21:16:25.502+0000] {processor.py:766} INFO - DAG(s) dict_keys(['latest_only']) retrieved from /home/airflow/.local/lib/python3.7/site-packages/airflow/example_dags/example_latest_only.py
[2024-06-11T21:16:25.536+0000] {logging_mixin.py:120} INFO - [2024-06-11T21:16:25.536+0000] {dag.py:2585} INFO - Sync 1 DAGs
[2024-06-11T21:16:25.558+0000] {logging_mixin.py:120} INFO - [2024-06-11T21:16:25.557+0000] {dag.py:3340} INFO - Setting next_dagrun for latest_only to 2024-06-11T17:16:25.557556+00:00, run_after=2024-06-11T21:16:25.557556+00:00
[2024-06-11T21:16:25.575+0000] {processor.py:176} INFO - Processing /home/airflow/.local/lib/python3.7/site-packages/airflow/example_dags/example_latest_only.py took 0.090 seconds
[2024-06-11T21:16:55.847+0000] {processor.py:154} INFO - Started process (PID=3190) to work on /home/airflow/.local/lib/python3.7/site-packages/airflow/example_dags/example_latest_only.py
[2024-06-11T21:16:55.848+0000] {processor.py:756} INFO - Processing file /home/airflow/.local/lib/python3.7/site-packages/airflow/example_dags/example_latest_only.py for tasks to queue
[2024-06-11T21:16:55.849+0000] {logging_mixin.py:120} INFO - [2024-06-11T21:16:55.849+0000] {dagbag.py:537} INFO - Filling up the DagBag from /home/airflow/.local/lib/python3.7/site-packages/airflow/example_dags/example_latest_only.py
[2024-06-11T21:16:55.860+0000] {processor.py:766} INFO - DAG(s) dict_keys(['latest_only']) retrieved from /home/airflow/.local/lib/python3.7/site-packages/airflow/example_dags/example_latest_only.py
[2024-06-11T21:16:55.892+0000] {logging_mixin.py:120} INFO - [2024-06-11T21:16:55.892+0000] {dag.py:2585} INFO - Sync 1 DAGs
[2024-06-11T21:16:55.919+0000] {logging_mixin.py:120} INFO - [2024-06-11T21:16:55.919+0000] {dag.py:3340} INFO - Setting next_dagrun for latest_only to 2024-06-11T17:16:55.919114+00:00, run_after=2024-06-11T21:16:55.919114+00:00
[2024-06-11T21:16:55.934+0000] {processor.py:176} INFO - Processing /home/airflow/.local/lib/python3.7/site-packages/airflow/example_dags/example_latest_only.py took 0.090 seconds
[2024-06-11T21:30:34.599+0000] {processor.py:154} INFO - Started process (PID=3245) to work on /home/airflow/.local/lib/python3.7/site-packages/airflow/example_dags/example_latest_only.py
[2024-06-11T21:30:34.601+0000] {processor.py:756} INFO - Processing file /home/airflow/.local/lib/python3.7/site-packages/airflow/example_dags/example_latest_only.py for tasks to queue
[2024-06-11T21:30:34.602+0000] {logging_mixin.py:120} INFO - [2024-06-11T21:30:34.602+0000] {dagbag.py:537} INFO - Filling up the DagBag from /home/airflow/.local/lib/python3.7/site-packages/airflow/example_dags/example_latest_only.py
[2024-06-11T21:30:34.614+0000] {processor.py:766} INFO - DAG(s) dict_keys(['latest_only']) retrieved from /home/airflow/.local/lib/python3.7/site-packages/airflow/example_dags/example_latest_only.py
[2024-06-11T21:30:34.648+0000] {logging_mixin.py:120} INFO - [2024-06-11T21:30:34.648+0000] {dag.py:2585} INFO - Sync 1 DAGs
[2024-06-11T21:30:34.669+0000] {logging_mixin.py:120} INFO - [2024-06-11T21:30:34.669+0000] {dag.py:3340} INFO - Setting next_dagrun for latest_only to 2024-06-11T17:30:34.669310+00:00, run_after=2024-06-11T21:30:34.669310+00:00
[2024-06-11T21:30:34.685+0000] {processor.py:176} INFO - Processing /home/airflow/.local/lib/python3.7/site-packages/airflow/example_dags/example_latest_only.py took 0.091 seconds
[2024-06-11T21:31:05.155+0000] {processor.py:154} INFO - Started process (PID=3308) to work on /home/airflow/.local/lib/python3.7/site-packages/airflow/example_dags/example_latest_only.py
[2024-06-11T21:31:05.156+0000] {processor.py:756} INFO - Processing file /home/airflow/.local/lib/python3.7/site-packages/airflow/example_dags/example_latest_only.py for tasks to queue
[2024-06-11T21:31:05.156+0000] {logging_mixin.py:120} INFO - [2024-06-11T21:31:05.156+0000] {dagbag.py:537} INFO - Filling up the DagBag from /home/airflow/.local/lib/python3.7/site-packages/airflow/example_dags/example_latest_only.py
[2024-06-11T21:31:05.168+0000] {processor.py:766} INFO - DAG(s) dict_keys(['latest_only']) retrieved from /home/airflow/.local/lib/python3.7/site-packages/airflow/example_dags/example_latest_only.py
[2024-06-11T21:31:05.205+0000] {logging_mixin.py:120} INFO - [2024-06-11T21:31:05.205+0000] {dag.py:2585} INFO - Sync 1 DAGs
[2024-06-11T21:31:05.226+0000] {logging_mixin.py:120} INFO - [2024-06-11T21:31:05.226+0000] {dag.py:3340} INFO - Setting next_dagrun for latest_only to 2024-06-11T17:31:05.226512+00:00, run_after=2024-06-11T21:31:05.226512+00:00
[2024-06-11T21:31:05.242+0000] {processor.py:176} INFO - Processing /home/airflow/.local/lib/python3.7/site-packages/airflow/example_dags/example_latest_only.py took 0.091 seconds
[2024-06-11T21:31:35.819+0000] {processor.py:154} INFO - Started process (PID=3371) to work on /home/airflow/.local/lib/python3.7/site-packages/airflow/example_dags/example_latest_only.py
[2024-06-11T21:31:35.820+0000] {processor.py:756} INFO - Processing file /home/airflow/.local/lib/python3.7/site-packages/airflow/example_dags/example_latest_only.py for tasks to queue
[2024-06-11T21:31:35.821+0000] {logging_mixin.py:120} INFO - [2024-06-11T21:31:35.821+0000] {dagbag.py:537} INFO - Filling up the DagBag from /home/airflow/.local/lib/python3.7/site-packages/airflow/example_dags/example_latest_only.py
[2024-06-11T21:31:35.833+0000] {processor.py:766} INFO - DAG(s) dict_keys(['latest_only']) retrieved from /home/airflow/.local/lib/python3.7/site-packages/airflow/example_dags/example_latest_only.py
[2024-06-11T21:31:35.868+0000] {logging_mixin.py:120} INFO - [2024-06-11T21:31:35.868+0000] {dag.py:2585} INFO - Sync 1 DAGs
[2024-06-11T21:31:35.889+0000] {logging_mixin.py:120} INFO - [2024-06-11T21:31:35.889+0000] {dag.py:3340} INFO - Setting next_dagrun for latest_only to 2024-06-11T17:31:35.889118+00:00, run_after=2024-06-11T21:31:35.889118+00:00
[2024-06-11T21:31:35.906+0000] {processor.py:176} INFO - Processing /home/airflow/.local/lib/python3.7/site-packages/airflow/example_dags/example_latest_only.py took 0.091 seconds
[2024-06-11T21:32:06.298+0000] {processor.py:154} INFO - Started process (PID=3434) to work on /home/airflow/.local/lib/python3.7/site-packages/airflow/example_dags/example_latest_only.py
[2024-06-11T21:32:06.299+0000] {processor.py:756} INFO - Processing file /home/airflow/.local/lib/python3.7/site-packages/airflow/example_dags/example_latest_only.py for tasks to queue
[2024-06-11T21:32:06.300+0000] {logging_mixin.py:120} INFO - [2024-06-11T21:32:06.300+0000] {dagbag.py:537} INFO - Filling up the DagBag from /home/airflow/.local/lib/python3.7/site-packages/airflow/example_dags/example_latest_only.py
[2024-06-11T21:32:06.313+0000] {processor.py:766} INFO - DAG(s) dict_keys(['latest_only']) retrieved from /home/airflow/.local/lib/python3.7/site-packages/airflow/example_dags/example_latest_only.py
[2024-06-11T21:32:06.348+0000] {logging_mixin.py:120} INFO - [2024-06-11T21:32:06.348+0000] {dag.py:2585} INFO - Sync 1 DAGs
[2024-06-11T21:32:06.370+0000] {logging_mixin.py:120} INFO - [2024-06-11T21:32:06.370+0000] {dag.py:3340} INFO - Setting next_dagrun for latest_only to 2024-06-11T17:32:06.370153+00:00, run_after=2024-06-11T21:32:06.370153+00:00
[2024-06-11T21:32:06.386+0000] {processor.py:176} INFO - Processing /home/airflow/.local/lib/python3.7/site-packages/airflow/example_dags/example_latest_only.py took 0.091 seconds
[2024-06-11T21:32:36.549+0000] {processor.py:154} INFO - Started process (PID=3495) to work on /home/airflow/.local/lib/python3.7/site-packages/airflow/example_dags/example_latest_only.py
[2024-06-11T21:32:36.550+0000] {processor.py:756} INFO - Processing file /home/airflow/.local/lib/python3.7/site-packages/airflow/example_dags/example_latest_only.py for tasks to queue
[2024-06-11T21:32:36.551+0000] {logging_mixin.py:120} INFO - [2024-06-11T21:32:36.551+0000] {dagbag.py:537} INFO - Filling up the DagBag from /home/airflow/.local/lib/python3.7/site-packages/airflow/example_dags/example_latest_only.py
[2024-06-11T21:32:36.565+0000] {processor.py:766} INFO - DAG(s) dict_keys(['latest_only']) retrieved from /home/airflow/.local/lib/python3.7/site-packages/airflow/example_dags/example_latest_only.py
[2024-06-11T21:32:36.601+0000] {logging_mixin.py:120} INFO - [2024-06-11T21:32:36.601+0000] {dag.py:2585} INFO - Sync 1 DAGs
[2024-06-11T21:32:36.624+0000] {logging_mixin.py:120} INFO - [2024-06-11T21:32:36.624+0000] {dag.py:3340} INFO - Setting next_dagrun for latest_only to 2024-06-11T17:32:36.623725+00:00, run_after=2024-06-11T21:32:36.623725+00:00
[2024-06-11T21:32:36.642+0000] {processor.py:176} INFO - Processing /home/airflow/.local/lib/python3.7/site-packages/airflow/example_dags/example_latest_only.py took 0.096 seconds
[2024-06-11T21:33:06.778+0000] {processor.py:154} INFO - Started process (PID=3551) to work on /home/airflow/.local/lib/python3.7/site-packages/airflow/example_dags/example_latest_only.py
[2024-06-11T21:33:06.779+0000] {processor.py:756} INFO - Processing file /home/airflow/.local/lib/python3.7/site-packages/airflow/example_dags/example_latest_only.py for tasks to queue
[2024-06-11T21:33:06.780+0000] {logging_mixin.py:120} INFO - [2024-06-11T21:33:06.780+0000] {dagbag.py:537} INFO - Filling up the DagBag from /home/airflow/.local/lib/python3.7/site-packages/airflow/example_dags/example_latest_only.py
[2024-06-11T21:33:06.792+0000] {processor.py:766} INFO - DAG(s) dict_keys(['latest_only']) retrieved from /home/airflow/.local/lib/python3.7/site-packages/airflow/example_dags/example_latest_only.py
[2024-06-11T21:33:06.825+0000] {logging_mixin.py:120} INFO - [2024-06-11T21:33:06.825+0000] {dag.py:2585} INFO - Sync 1 DAGs
[2024-06-11T21:33:06.847+0000] {logging_mixin.py:120} INFO - [2024-06-11T21:33:06.846+0000] {dag.py:3340} INFO - Setting next_dagrun for latest_only to 2024-06-11T17:33:06.846678+00:00, run_after=2024-06-11T21:33:06.846678+00:00
[2024-06-11T21:33:06.863+0000] {processor.py:176} INFO - Processing /home/airflow/.local/lib/python3.7/site-packages/airflow/example_dags/example_latest_only.py took 0.088 seconds
[2024-06-11T21:33:37.410+0000] {processor.py:154} INFO - Started process (PID=3614) to work on /home/airflow/.local/lib/python3.7/site-packages/airflow/example_dags/example_latest_only.py
[2024-06-11T21:33:37.411+0000] {processor.py:756} INFO - Processing file /home/airflow/.local/lib/python3.7/site-packages/airflow/example_dags/example_latest_only.py for tasks to queue
[2024-06-11T21:33:37.412+0000] {logging_mixin.py:120} INFO - [2024-06-11T21:33:37.412+0000] {dagbag.py:537} INFO - Filling up the DagBag from /home/airflow/.local/lib/python3.7/site-packages/airflow/example_dags/example_latest_only.py
[2024-06-11T21:33:37.425+0000] {processor.py:766} INFO - DAG(s) dict_keys(['latest_only']) retrieved from /home/airflow/.local/lib/python3.7/site-packages/airflow/example_dags/example_latest_only.py
[2024-06-11T21:33:37.463+0000] {logging_mixin.py:120} INFO - [2024-06-11T21:33:37.463+0000] {dag.py:2585} INFO - Sync 1 DAGs
[2024-06-11T21:33:37.486+0000] {logging_mixin.py:120} INFO - [2024-06-11T21:33:37.486+0000] {dag.py:3340} INFO - Setting next_dagrun for latest_only to 2024-06-11T17:33:37.486223+00:00, run_after=2024-06-11T21:33:37.486223+00:00
[2024-06-11T21:33:37.502+0000] {processor.py:176} INFO - Processing /home/airflow/.local/lib/python3.7/site-packages/airflow/example_dags/example_latest_only.py took 0.095 seconds
[2024-06-11T21:35:19.975+0000] {processor.py:154} INFO - Started process (PID=65) to work on /home/airflow/.local/lib/python3.7/site-packages/airflow/example_dags/example_latest_only.py
[2024-06-11T21:35:19.977+0000] {processor.py:756} INFO - Processing file /home/airflow/.local/lib/python3.7/site-packages/airflow/example_dags/example_latest_only.py for tasks to queue
[2024-06-11T21:35:19.979+0000] {logging_mixin.py:120} INFO - [2024-06-11T21:35:19.978+0000] {dagbag.py:537} INFO - Filling up the DagBag from /home/airflow/.local/lib/python3.7/site-packages/airflow/example_dags/example_latest_only.py
[2024-06-11T21:35:20.013+0000] {processor.py:766} INFO - DAG(s) dict_keys(['latest_only']) retrieved from /home/airflow/.local/lib/python3.7/site-packages/airflow/example_dags/example_latest_only.py
[2024-06-11T21:35:20.066+0000] {logging_mixin.py:120} INFO - [2024-06-11T21:35:20.066+0000] {dag.py:2585} INFO - Sync 1 DAGs
[2024-06-11T21:35:20.096+0000] {logging_mixin.py:120} INFO - [2024-06-11T21:35:20.096+0000] {dag.py:3340} INFO - Setting next_dagrun for latest_only to 2024-06-11T17:35:20.095825+00:00, run_after=2024-06-11T21:35:20.095825+00:00
[2024-06-11T21:35:20.117+0000] {processor.py:176} INFO - Processing /home/airflow/.local/lib/python3.7/site-packages/airflow/example_dags/example_latest_only.py took 0.145 seconds
