[2024-06-11T13:03:38.571+0000] {processor.py:154} INFO - Started process (PID=41) to work on /home/airflow/.local/lib/python3.7/site-packages/airflow/example_dags/tutorial_taskflow_api.py
[2024-06-11T13:03:38.573+0000] {processor.py:756} INFO - Processing file /home/airflow/.local/lib/python3.7/site-packages/airflow/example_dags/tutorial_taskflow_api.py for tasks to queue
[2024-06-11T13:03:38.575+0000] {logging_mixin.py:120} INFO - [2024-06-11T13:03:38.575+0000] {dagbag.py:537} INFO - Filling up the DagBag from /home/airflow/.local/lib/python3.7/site-packages/airflow/example_dags/tutorial_taskflow_api.py
[2024-06-11T13:03:38.629+0000] {processor.py:766} INFO - DAG(s) dict_keys(['tutorial_taskflow_api']) retrieved from /home/airflow/.local/lib/python3.7/site-packages/airflow/example_dags/tutorial_taskflow_api.py
[2024-06-11T13:03:38.683+0000] {logging_mixin.py:120} INFO - [2024-06-11T13:03:38.683+0000] {dag.py:2585} INFO - Sync 1 DAGs
[2024-06-11T13:03:38.714+0000] {logging_mixin.py:120} INFO - [2024-06-11T13:03:38.714+0000] {dag.py:3340} INFO - Setting next_dagrun for tutorial_taskflow_api to None, run_after=None
[2024-06-11T13:03:38.736+0000] {processor.py:176} INFO - Processing /home/airflow/.local/lib/python3.7/site-packages/airflow/example_dags/tutorial_taskflow_api.py took 0.175 seconds
[2024-06-11T18:16:13.785+0000] {processor.py:154} INFO - Started process (PID=40) to work on /home/airflow/.local/lib/python3.7/site-packages/airflow/example_dags/tutorial_taskflow_api.py
[2024-06-11T18:16:13.788+0000] {processor.py:756} INFO - Processing file /home/airflow/.local/lib/python3.7/site-packages/airflow/example_dags/tutorial_taskflow_api.py for tasks to queue
[2024-06-11T18:16:13.793+0000] {logging_mixin.py:120} INFO - [2024-06-11T18:16:13.792+0000] {dagbag.py:537} INFO - Filling up the DagBag from /home/airflow/.local/lib/python3.7/site-packages/airflow/example_dags/tutorial_taskflow_api.py
[2024-06-11T18:16:13.851+0000] {processor.py:766} INFO - DAG(s) dict_keys(['tutorial_taskflow_api']) retrieved from /home/airflow/.local/lib/python3.7/site-packages/airflow/example_dags/tutorial_taskflow_api.py
[2024-06-11T18:16:13.917+0000] {logging_mixin.py:120} INFO - [2024-06-11T18:16:13.917+0000] {dag.py:2585} INFO - Sync 1 DAGs
[2024-06-11T18:16:13.955+0000] {logging_mixin.py:120} INFO - [2024-06-11T18:16:13.955+0000] {dag.py:3340} INFO - Setting next_dagrun for tutorial_taskflow_api to None, run_after=None
[2024-06-11T18:16:13.981+0000] {processor.py:176} INFO - Processing /home/airflow/.local/lib/python3.7/site-packages/airflow/example_dags/tutorial_taskflow_api.py took 0.204 seconds
[2024-06-11T18:16:44.271+0000] {processor.py:154} INFO - Started process (PID=103) to work on /home/airflow/.local/lib/python3.7/site-packages/airflow/example_dags/tutorial_taskflow_api.py
[2024-06-11T18:16:44.272+0000] {processor.py:756} INFO - Processing file /home/airflow/.local/lib/python3.7/site-packages/airflow/example_dags/tutorial_taskflow_api.py for tasks to queue
[2024-06-11T18:16:44.273+0000] {logging_mixin.py:120} INFO - [2024-06-11T18:16:44.273+0000] {dagbag.py:537} INFO - Filling up the DagBag from /home/airflow/.local/lib/python3.7/site-packages/airflow/example_dags/tutorial_taskflow_api.py
[2024-06-11T18:16:44.290+0000] {processor.py:766} INFO - DAG(s) dict_keys(['tutorial_taskflow_api']) retrieved from /home/airflow/.local/lib/python3.7/site-packages/airflow/example_dags/tutorial_taskflow_api.py
[2024-06-11T18:16:44.323+0000] {logging_mixin.py:120} INFO - [2024-06-11T18:16:44.323+0000] {dag.py:2585} INFO - Sync 1 DAGs
[2024-06-11T18:16:44.343+0000] {logging_mixin.py:120} INFO - [2024-06-11T18:16:44.343+0000] {dag.py:3340} INFO - Setting next_dagrun for tutorial_taskflow_api to None, run_after=None
[2024-06-11T18:16:44.358+0000] {processor.py:176} INFO - Processing /home/airflow/.local/lib/python3.7/site-packages/airflow/example_dags/tutorial_taskflow_api.py took 0.091 seconds
[2024-06-11T18:17:14.902+0000] {processor.py:154} INFO - Started process (PID=167) to work on /home/airflow/.local/lib/python3.7/site-packages/airflow/example_dags/tutorial_taskflow_api.py
[2024-06-11T18:17:14.903+0000] {processor.py:756} INFO - Processing file /home/airflow/.local/lib/python3.7/site-packages/airflow/example_dags/tutorial_taskflow_api.py for tasks to queue
[2024-06-11T18:17:14.904+0000] {logging_mixin.py:120} INFO - [2024-06-11T18:17:14.904+0000] {dagbag.py:537} INFO - Filling up the DagBag from /home/airflow/.local/lib/python3.7/site-packages/airflow/example_dags/tutorial_taskflow_api.py
[2024-06-11T18:17:14.933+0000] {processor.py:766} INFO - DAG(s) dict_keys(['tutorial_taskflow_api']) retrieved from /home/airflow/.local/lib/python3.7/site-packages/airflow/example_dags/tutorial_taskflow_api.py
[2024-06-11T18:17:15.003+0000] {logging_mixin.py:120} INFO - [2024-06-11T18:17:15.003+0000] {dag.py:2585} INFO - Sync 1 DAGs
[2024-06-11T18:17:15.036+0000] {logging_mixin.py:120} INFO - [2024-06-11T18:17:15.035+0000] {dag.py:3340} INFO - Setting next_dagrun for tutorial_taskflow_api to None, run_after=None
[2024-06-11T18:17:15.059+0000] {processor.py:176} INFO - Processing /home/airflow/.local/lib/python3.7/site-packages/airflow/example_dags/tutorial_taskflow_api.py took 0.160 seconds
[2024-06-11T18:33:53.218+0000] {processor.py:154} INFO - Started process (PID=212) to work on /home/airflow/.local/lib/python3.7/site-packages/airflow/example_dags/tutorial_taskflow_api.py
[2024-06-11T18:33:53.219+0000] {processor.py:756} INFO - Processing file /home/airflow/.local/lib/python3.7/site-packages/airflow/example_dags/tutorial_taskflow_api.py for tasks to queue
[2024-06-11T18:33:53.219+0000] {logging_mixin.py:120} INFO - [2024-06-11T18:33:53.219+0000] {dagbag.py:537} INFO - Filling up the DagBag from /home/airflow/.local/lib/python3.7/site-packages/airflow/example_dags/tutorial_taskflow_api.py
[2024-06-11T18:33:53.236+0000] {processor.py:766} INFO - DAG(s) dict_keys(['tutorial_taskflow_api']) retrieved from /home/airflow/.local/lib/python3.7/site-packages/airflow/example_dags/tutorial_taskflow_api.py
[2024-06-11T18:33:53.269+0000] {logging_mixin.py:120} INFO - [2024-06-11T18:33:53.269+0000] {dag.py:2585} INFO - Sync 1 DAGs
[2024-06-11T18:33:53.289+0000] {logging_mixin.py:120} INFO - [2024-06-11T18:33:53.289+0000] {dag.py:3340} INFO - Setting next_dagrun for tutorial_taskflow_api to None, run_after=None
[2024-06-11T18:33:53.305+0000] {processor.py:176} INFO - Processing /home/airflow/.local/lib/python3.7/site-packages/airflow/example_dags/tutorial_taskflow_api.py took 0.090 seconds
[2024-06-11T18:34:23.556+0000] {processor.py:154} INFO - Started process (PID=275) to work on /home/airflow/.local/lib/python3.7/site-packages/airflow/example_dags/tutorial_taskflow_api.py
[2024-06-11T18:34:23.558+0000] {processor.py:756} INFO - Processing file /home/airflow/.local/lib/python3.7/site-packages/airflow/example_dags/tutorial_taskflow_api.py for tasks to queue
[2024-06-11T18:34:23.558+0000] {logging_mixin.py:120} INFO - [2024-06-11T18:34:23.558+0000] {dagbag.py:537} INFO - Filling up the DagBag from /home/airflow/.local/lib/python3.7/site-packages/airflow/example_dags/tutorial_taskflow_api.py
[2024-06-11T18:34:23.575+0000] {processor.py:766} INFO - DAG(s) dict_keys(['tutorial_taskflow_api']) retrieved from /home/airflow/.local/lib/python3.7/site-packages/airflow/example_dags/tutorial_taskflow_api.py
[2024-06-11T18:34:23.610+0000] {logging_mixin.py:120} INFO - [2024-06-11T18:34:23.610+0000] {dag.py:2585} INFO - Sync 1 DAGs
[2024-06-11T18:34:23.631+0000] {logging_mixin.py:120} INFO - [2024-06-11T18:34:23.631+0000] {dag.py:3340} INFO - Setting next_dagrun for tutorial_taskflow_api to None, run_after=None
[2024-06-11T18:34:23.646+0000] {processor.py:176} INFO - Processing /home/airflow/.local/lib/python3.7/site-packages/airflow/example_dags/tutorial_taskflow_api.py took 0.093 seconds
[2024-06-11T18:34:53.780+0000] {processor.py:154} INFO - Started process (PID=338) to work on /home/airflow/.local/lib/python3.7/site-packages/airflow/example_dags/tutorial_taskflow_api.py
[2024-06-11T18:34:53.781+0000] {processor.py:756} INFO - Processing file /home/airflow/.local/lib/python3.7/site-packages/airflow/example_dags/tutorial_taskflow_api.py for tasks to queue
[2024-06-11T18:34:53.782+0000] {logging_mixin.py:120} INFO - [2024-06-11T18:34:53.782+0000] {dagbag.py:537} INFO - Filling up the DagBag from /home/airflow/.local/lib/python3.7/site-packages/airflow/example_dags/tutorial_taskflow_api.py
[2024-06-11T18:34:53.799+0000] {processor.py:766} INFO - DAG(s) dict_keys(['tutorial_taskflow_api']) retrieved from /home/airflow/.local/lib/python3.7/site-packages/airflow/example_dags/tutorial_taskflow_api.py
[2024-06-11T18:34:53.833+0000] {logging_mixin.py:120} INFO - [2024-06-11T18:34:53.833+0000] {dag.py:2585} INFO - Sync 1 DAGs
[2024-06-11T18:34:53.854+0000] {logging_mixin.py:120} INFO - [2024-06-11T18:34:53.854+0000] {dag.py:3340} INFO - Setting next_dagrun for tutorial_taskflow_api to None, run_after=None
[2024-06-11T18:34:53.869+0000] {processor.py:176} INFO - Processing /home/airflow/.local/lib/python3.7/site-packages/airflow/example_dags/tutorial_taskflow_api.py took 0.092 seconds
[2024-06-11T18:35:24.084+0000] {processor.py:154} INFO - Started process (PID=392) to work on /home/airflow/.local/lib/python3.7/site-packages/airflow/example_dags/tutorial_taskflow_api.py
[2024-06-11T18:35:24.085+0000] {processor.py:756} INFO - Processing file /home/airflow/.local/lib/python3.7/site-packages/airflow/example_dags/tutorial_taskflow_api.py for tasks to queue
[2024-06-11T18:35:24.086+0000] {logging_mixin.py:120} INFO - [2024-06-11T18:35:24.086+0000] {dagbag.py:537} INFO - Filling up the DagBag from /home/airflow/.local/lib/python3.7/site-packages/airflow/example_dags/tutorial_taskflow_api.py
[2024-06-11T18:35:24.103+0000] {processor.py:766} INFO - DAG(s) dict_keys(['tutorial_taskflow_api']) retrieved from /home/airflow/.local/lib/python3.7/site-packages/airflow/example_dags/tutorial_taskflow_api.py
[2024-06-11T18:35:24.137+0000] {logging_mixin.py:120} INFO - [2024-06-11T18:35:24.137+0000] {dag.py:2585} INFO - Sync 1 DAGs
[2024-06-11T18:35:24.157+0000] {logging_mixin.py:120} INFO - [2024-06-11T18:35:24.157+0000] {dag.py:3340} INFO - Setting next_dagrun for tutorial_taskflow_api to None, run_after=None
[2024-06-11T18:35:24.173+0000] {processor.py:176} INFO - Processing /home/airflow/.local/lib/python3.7/site-packages/airflow/example_dags/tutorial_taskflow_api.py took 0.092 seconds
[2024-06-11T18:53:02.147+0000] {processor.py:154} INFO - Started process (PID=455) to work on /home/airflow/.local/lib/python3.7/site-packages/airflow/example_dags/tutorial_taskflow_api.py
[2024-06-11T18:53:02.149+0000] {processor.py:756} INFO - Processing file /home/airflow/.local/lib/python3.7/site-packages/airflow/example_dags/tutorial_taskflow_api.py for tasks to queue
[2024-06-11T18:53:02.150+0000] {logging_mixin.py:120} INFO - [2024-06-11T18:53:02.150+0000] {dagbag.py:537} INFO - Filling up the DagBag from /home/airflow/.local/lib/python3.7/site-packages/airflow/example_dags/tutorial_taskflow_api.py
[2024-06-11T18:53:02.189+0000] {processor.py:766} INFO - DAG(s) dict_keys(['tutorial_taskflow_api']) retrieved from /home/airflow/.local/lib/python3.7/site-packages/airflow/example_dags/tutorial_taskflow_api.py
[2024-06-11T18:53:02.244+0000] {logging_mixin.py:120} INFO - [2024-06-11T18:53:02.244+0000] {dag.py:2585} INFO - Sync 1 DAGs
[2024-06-11T18:53:02.275+0000] {logging_mixin.py:120} INFO - [2024-06-11T18:53:02.275+0000] {dag.py:3340} INFO - Setting next_dagrun for tutorial_taskflow_api to None, run_after=None
[2024-06-11T18:53:02.303+0000] {processor.py:176} INFO - Processing /home/airflow/.local/lib/python3.7/site-packages/airflow/example_dags/tutorial_taskflow_api.py took 0.161 seconds
[2024-06-11T18:53:32.483+0000] {processor.py:154} INFO - Started process (PID=518) to work on /home/airflow/.local/lib/python3.7/site-packages/airflow/example_dags/tutorial_taskflow_api.py
[2024-06-11T18:53:32.484+0000] {processor.py:756} INFO - Processing file /home/airflow/.local/lib/python3.7/site-packages/airflow/example_dags/tutorial_taskflow_api.py for tasks to queue
[2024-06-11T18:53:32.484+0000] {logging_mixin.py:120} INFO - [2024-06-11T18:53:32.484+0000] {dagbag.py:537} INFO - Filling up the DagBag from /home/airflow/.local/lib/python3.7/site-packages/airflow/example_dags/tutorial_taskflow_api.py
[2024-06-11T18:53:32.501+0000] {processor.py:766} INFO - DAG(s) dict_keys(['tutorial_taskflow_api']) retrieved from /home/airflow/.local/lib/python3.7/site-packages/airflow/example_dags/tutorial_taskflow_api.py
[2024-06-11T18:53:32.536+0000] {logging_mixin.py:120} INFO - [2024-06-11T18:53:32.536+0000] {dag.py:2585} INFO - Sync 1 DAGs
[2024-06-11T18:53:32.559+0000] {logging_mixin.py:120} INFO - [2024-06-11T18:53:32.559+0000] {dag.py:3340} INFO - Setting next_dagrun for tutorial_taskflow_api to None, run_after=None
[2024-06-11T18:53:32.576+0000] {processor.py:176} INFO - Processing /home/airflow/.local/lib/python3.7/site-packages/airflow/example_dags/tutorial_taskflow_api.py took 0.096 seconds
[2024-06-11T18:54:02.768+0000] {processor.py:154} INFO - Started process (PID=581) to work on /home/airflow/.local/lib/python3.7/site-packages/airflow/example_dags/tutorial_taskflow_api.py
[2024-06-11T18:54:02.769+0000] {processor.py:756} INFO - Processing file /home/airflow/.local/lib/python3.7/site-packages/airflow/example_dags/tutorial_taskflow_api.py for tasks to queue
[2024-06-11T18:54:02.770+0000] {logging_mixin.py:120} INFO - [2024-06-11T18:54:02.770+0000] {dagbag.py:537} INFO - Filling up the DagBag from /home/airflow/.local/lib/python3.7/site-packages/airflow/example_dags/tutorial_taskflow_api.py
[2024-06-11T18:54:02.787+0000] {processor.py:766} INFO - DAG(s) dict_keys(['tutorial_taskflow_api']) retrieved from /home/airflow/.local/lib/python3.7/site-packages/airflow/example_dags/tutorial_taskflow_api.py
[2024-06-11T18:54:02.822+0000] {logging_mixin.py:120} INFO - [2024-06-11T18:54:02.822+0000] {dag.py:2585} INFO - Sync 1 DAGs
[2024-06-11T18:54:02.843+0000] {logging_mixin.py:120} INFO - [2024-06-11T18:54:02.843+0000] {dag.py:3340} INFO - Setting next_dagrun for tutorial_taskflow_api to None, run_after=None
[2024-06-11T18:54:02.859+0000] {processor.py:176} INFO - Processing /home/airflow/.local/lib/python3.7/site-packages/airflow/example_dags/tutorial_taskflow_api.py took 0.094 seconds
[2024-06-11T18:54:33.056+0000] {processor.py:154} INFO - Started process (PID=635) to work on /home/airflow/.local/lib/python3.7/site-packages/airflow/example_dags/tutorial_taskflow_api.py
[2024-06-11T18:54:33.057+0000] {processor.py:756} INFO - Processing file /home/airflow/.local/lib/python3.7/site-packages/airflow/example_dags/tutorial_taskflow_api.py for tasks to queue
[2024-06-11T18:54:33.058+0000] {logging_mixin.py:120} INFO - [2024-06-11T18:54:33.058+0000] {dagbag.py:537} INFO - Filling up the DagBag from /home/airflow/.local/lib/python3.7/site-packages/airflow/example_dags/tutorial_taskflow_api.py
[2024-06-11T18:54:33.076+0000] {processor.py:766} INFO - DAG(s) dict_keys(['tutorial_taskflow_api']) retrieved from /home/airflow/.local/lib/python3.7/site-packages/airflow/example_dags/tutorial_taskflow_api.py
[2024-06-11T18:54:33.111+0000] {logging_mixin.py:120} INFO - [2024-06-11T18:54:33.111+0000] {dag.py:2585} INFO - Sync 1 DAGs
[2024-06-11T18:54:33.131+0000] {logging_mixin.py:120} INFO - [2024-06-11T18:54:33.131+0000] {dag.py:3340} INFO - Setting next_dagrun for tutorial_taskflow_api to None, run_after=None
[2024-06-11T18:54:33.147+0000] {processor.py:176} INFO - Processing /home/airflow/.local/lib/python3.7/site-packages/airflow/example_dags/tutorial_taskflow_api.py took 0.093 seconds
[2024-06-11T18:55:03.336+0000] {processor.py:154} INFO - Started process (PID=698) to work on /home/airflow/.local/lib/python3.7/site-packages/airflow/example_dags/tutorial_taskflow_api.py
[2024-06-11T18:55:03.337+0000] {processor.py:756} INFO - Processing file /home/airflow/.local/lib/python3.7/site-packages/airflow/example_dags/tutorial_taskflow_api.py for tasks to queue
[2024-06-11T18:55:03.338+0000] {logging_mixin.py:120} INFO - [2024-06-11T18:55:03.338+0000] {dagbag.py:537} INFO - Filling up the DagBag from /home/airflow/.local/lib/python3.7/site-packages/airflow/example_dags/tutorial_taskflow_api.py
[2024-06-11T18:55:03.355+0000] {processor.py:766} INFO - DAG(s) dict_keys(['tutorial_taskflow_api']) retrieved from /home/airflow/.local/lib/python3.7/site-packages/airflow/example_dags/tutorial_taskflow_api.py
[2024-06-11T18:55:03.390+0000] {logging_mixin.py:120} INFO - [2024-06-11T18:55:03.390+0000] {dag.py:2585} INFO - Sync 1 DAGs
[2024-06-11T18:55:03.411+0000] {logging_mixin.py:120} INFO - [2024-06-11T18:55:03.411+0000] {dag.py:3340} INFO - Setting next_dagrun for tutorial_taskflow_api to None, run_after=None
[2024-06-11T18:55:03.427+0000] {processor.py:176} INFO - Processing /home/airflow/.local/lib/python3.7/site-packages/airflow/example_dags/tutorial_taskflow_api.py took 0.094 seconds
[2024-06-11T19:13:08.198+0000] {processor.py:154} INFO - Started process (PID=761) to work on /home/airflow/.local/lib/python3.7/site-packages/airflow/example_dags/tutorial_taskflow_api.py
[2024-06-11T19:13:08.199+0000] {processor.py:756} INFO - Processing file /home/airflow/.local/lib/python3.7/site-packages/airflow/example_dags/tutorial_taskflow_api.py for tasks to queue
[2024-06-11T19:13:08.200+0000] {logging_mixin.py:120} INFO - [2024-06-11T19:13:08.200+0000] {dagbag.py:537} INFO - Filling up the DagBag from /home/airflow/.local/lib/python3.7/site-packages/airflow/example_dags/tutorial_taskflow_api.py
[2024-06-11T19:13:08.220+0000] {processor.py:766} INFO - DAG(s) dict_keys(['tutorial_taskflow_api']) retrieved from /home/airflow/.local/lib/python3.7/site-packages/airflow/example_dags/tutorial_taskflow_api.py
[2024-06-11T19:13:08.264+0000] {logging_mixin.py:120} INFO - [2024-06-11T19:13:08.263+0000] {dag.py:2585} INFO - Sync 1 DAGs
[2024-06-11T19:13:08.293+0000] {logging_mixin.py:120} INFO - [2024-06-11T19:13:08.292+0000] {dag.py:3340} INFO - Setting next_dagrun for tutorial_taskflow_api to None, run_after=None
[2024-06-11T19:13:08.312+0000] {processor.py:176} INFO - Processing /home/airflow/.local/lib/python3.7/site-packages/airflow/example_dags/tutorial_taskflow_api.py took 0.118 seconds
[2024-06-11T19:13:38.525+0000] {processor.py:154} INFO - Started process (PID=815) to work on /home/airflow/.local/lib/python3.7/site-packages/airflow/example_dags/tutorial_taskflow_api.py
[2024-06-11T19:13:38.526+0000] {processor.py:756} INFO - Processing file /home/airflow/.local/lib/python3.7/site-packages/airflow/example_dags/tutorial_taskflow_api.py for tasks to queue
[2024-06-11T19:13:38.526+0000] {logging_mixin.py:120} INFO - [2024-06-11T19:13:38.526+0000] {dagbag.py:537} INFO - Filling up the DagBag from /home/airflow/.local/lib/python3.7/site-packages/airflow/example_dags/tutorial_taskflow_api.py
[2024-06-11T19:13:38.543+0000] {processor.py:766} INFO - DAG(s) dict_keys(['tutorial_taskflow_api']) retrieved from /home/airflow/.local/lib/python3.7/site-packages/airflow/example_dags/tutorial_taskflow_api.py
[2024-06-11T19:13:38.578+0000] {logging_mixin.py:120} INFO - [2024-06-11T19:13:38.578+0000] {dag.py:2585} INFO - Sync 1 DAGs
[2024-06-11T19:13:38.599+0000] {logging_mixin.py:120} INFO - [2024-06-11T19:13:38.599+0000] {dag.py:3340} INFO - Setting next_dagrun for tutorial_taskflow_api to None, run_after=None
[2024-06-11T19:13:38.614+0000] {processor.py:176} INFO - Processing /home/airflow/.local/lib/python3.7/site-packages/airflow/example_dags/tutorial_taskflow_api.py took 0.093 seconds
[2024-06-11T19:14:08.990+0000] {processor.py:154} INFO - Started process (PID=878) to work on /home/airflow/.local/lib/python3.7/site-packages/airflow/example_dags/tutorial_taskflow_api.py
[2024-06-11T19:14:08.991+0000] {processor.py:756} INFO - Processing file /home/airflow/.local/lib/python3.7/site-packages/airflow/example_dags/tutorial_taskflow_api.py for tasks to queue
[2024-06-11T19:14:08.992+0000] {logging_mixin.py:120} INFO - [2024-06-11T19:14:08.992+0000] {dagbag.py:537} INFO - Filling up the DagBag from /home/airflow/.local/lib/python3.7/site-packages/airflow/example_dags/tutorial_taskflow_api.py
[2024-06-11T19:14:09.009+0000] {processor.py:766} INFO - DAG(s) dict_keys(['tutorial_taskflow_api']) retrieved from /home/airflow/.local/lib/python3.7/site-packages/airflow/example_dags/tutorial_taskflow_api.py
[2024-06-11T19:14:09.049+0000] {logging_mixin.py:120} INFO - [2024-06-11T19:14:09.049+0000] {dag.py:2585} INFO - Sync 1 DAGs
[2024-06-11T19:14:09.073+0000] {logging_mixin.py:120} INFO - [2024-06-11T19:14:09.072+0000] {dag.py:3340} INFO - Setting next_dagrun for tutorial_taskflow_api to None, run_after=None
[2024-06-11T19:14:09.088+0000] {processor.py:176} INFO - Processing /home/airflow/.local/lib/python3.7/site-packages/airflow/example_dags/tutorial_taskflow_api.py took 0.101 seconds
[2024-06-11T19:14:39.288+0000] {processor.py:154} INFO - Started process (PID=941) to work on /home/airflow/.local/lib/python3.7/site-packages/airflow/example_dags/tutorial_taskflow_api.py
[2024-06-11T19:14:39.289+0000] {processor.py:756} INFO - Processing file /home/airflow/.local/lib/python3.7/site-packages/airflow/example_dags/tutorial_taskflow_api.py for tasks to queue
[2024-06-11T19:14:39.290+0000] {logging_mixin.py:120} INFO - [2024-06-11T19:14:39.290+0000] {dagbag.py:537} INFO - Filling up the DagBag from /home/airflow/.local/lib/python3.7/site-packages/airflow/example_dags/tutorial_taskflow_api.py
[2024-06-11T19:14:39.309+0000] {processor.py:766} INFO - DAG(s) dict_keys(['tutorial_taskflow_api']) retrieved from /home/airflow/.local/lib/python3.7/site-packages/airflow/example_dags/tutorial_taskflow_api.py
[2024-06-11T19:14:39.345+0000] {logging_mixin.py:120} INFO - [2024-06-11T19:14:39.345+0000] {dag.py:2585} INFO - Sync 1 DAGs
[2024-06-11T19:14:39.366+0000] {logging_mixin.py:120} INFO - [2024-06-11T19:14:39.366+0000] {dag.py:3340} INFO - Setting next_dagrun for tutorial_taskflow_api to None, run_after=None
[2024-06-11T19:14:39.383+0000] {processor.py:176} INFO - Processing /home/airflow/.local/lib/python3.7/site-packages/airflow/example_dags/tutorial_taskflow_api.py took 0.098 seconds
[2024-06-11T19:31:43.143+0000] {processor.py:154} INFO - Started process (PID=1004) to work on /home/airflow/.local/lib/python3.7/site-packages/airflow/example_dags/tutorial_taskflow_api.py
[2024-06-11T19:31:43.145+0000] {processor.py:756} INFO - Processing file /home/airflow/.local/lib/python3.7/site-packages/airflow/example_dags/tutorial_taskflow_api.py for tasks to queue
[2024-06-11T19:31:43.147+0000] {logging_mixin.py:120} INFO - [2024-06-11T19:31:43.147+0000] {dagbag.py:537} INFO - Filling up the DagBag from /home/airflow/.local/lib/python3.7/site-packages/airflow/example_dags/tutorial_taskflow_api.py
[2024-06-11T19:31:43.303+0000] {processor.py:766} INFO - DAG(s) dict_keys(['tutorial_taskflow_api']) retrieved from /home/airflow/.local/lib/python3.7/site-packages/airflow/example_dags/tutorial_taskflow_api.py
[2024-06-11T19:31:43.612+0000] {logging_mixin.py:120} INFO - [2024-06-11T19:31:43.612+0000] {dag.py:2585} INFO - Sync 1 DAGs
[2024-06-11T19:31:43.795+0000] {logging_mixin.py:120} INFO - [2024-06-11T19:31:43.794+0000] {dag.py:3340} INFO - Setting next_dagrun for tutorial_taskflow_api to None, run_after=None
[2024-06-11T19:31:43.873+0000] {processor.py:176} INFO - Processing /home/airflow/.local/lib/python3.7/site-packages/airflow/example_dags/tutorial_taskflow_api.py took 0.736 seconds
[2024-06-11T19:32:14.682+0000] {processor.py:154} INFO - Started process (PID=1058) to work on /home/airflow/.local/lib/python3.7/site-packages/airflow/example_dags/tutorial_taskflow_api.py
[2024-06-11T19:32:14.683+0000] {processor.py:756} INFO - Processing file /home/airflow/.local/lib/python3.7/site-packages/airflow/example_dags/tutorial_taskflow_api.py for tasks to queue
[2024-06-11T19:32:14.684+0000] {logging_mixin.py:120} INFO - [2024-06-11T19:32:14.684+0000] {dagbag.py:537} INFO - Filling up the DagBag from /home/airflow/.local/lib/python3.7/site-packages/airflow/example_dags/tutorial_taskflow_api.py
[2024-06-11T19:32:14.701+0000] {processor.py:766} INFO - DAG(s) dict_keys(['tutorial_taskflow_api']) retrieved from /home/airflow/.local/lib/python3.7/site-packages/airflow/example_dags/tutorial_taskflow_api.py
[2024-06-11T19:32:14.738+0000] {logging_mixin.py:120} INFO - [2024-06-11T19:32:14.738+0000] {dag.py:2585} INFO - Sync 1 DAGs
[2024-06-11T19:32:14.761+0000] {logging_mixin.py:120} INFO - [2024-06-11T19:32:14.761+0000] {dag.py:3340} INFO - Setting next_dagrun for tutorial_taskflow_api to None, run_after=None
[2024-06-11T19:32:14.776+0000] {processor.py:176} INFO - Processing /home/airflow/.local/lib/python3.7/site-packages/airflow/example_dags/tutorial_taskflow_api.py took 0.098 seconds
[2024-06-11T19:32:44.945+0000] {processor.py:154} INFO - Started process (PID=1121) to work on /home/airflow/.local/lib/python3.7/site-packages/airflow/example_dags/tutorial_taskflow_api.py
[2024-06-11T19:32:44.946+0000] {processor.py:756} INFO - Processing file /home/airflow/.local/lib/python3.7/site-packages/airflow/example_dags/tutorial_taskflow_api.py for tasks to queue
[2024-06-11T19:32:44.947+0000] {logging_mixin.py:120} INFO - [2024-06-11T19:32:44.947+0000] {dagbag.py:537} INFO - Filling up the DagBag from /home/airflow/.local/lib/python3.7/site-packages/airflow/example_dags/tutorial_taskflow_api.py
[2024-06-11T19:32:44.966+0000] {processor.py:766} INFO - DAG(s) dict_keys(['tutorial_taskflow_api']) retrieved from /home/airflow/.local/lib/python3.7/site-packages/airflow/example_dags/tutorial_taskflow_api.py
[2024-06-11T19:32:45.003+0000] {logging_mixin.py:120} INFO - [2024-06-11T19:32:45.003+0000] {dag.py:2585} INFO - Sync 1 DAGs
[2024-06-11T19:32:45.027+0000] {logging_mixin.py:120} INFO - [2024-06-11T19:32:45.026+0000] {dag.py:3340} INFO - Setting next_dagrun for tutorial_taskflow_api to None, run_after=None
[2024-06-11T19:32:45.045+0000] {processor.py:176} INFO - Processing /home/airflow/.local/lib/python3.7/site-packages/airflow/example_dags/tutorial_taskflow_api.py took 0.102 seconds
[2024-06-11T19:33:15.220+0000] {processor.py:154} INFO - Started process (PID=1175) to work on /home/airflow/.local/lib/python3.7/site-packages/airflow/example_dags/tutorial_taskflow_api.py
[2024-06-11T19:33:15.221+0000] {processor.py:756} INFO - Processing file /home/airflow/.local/lib/python3.7/site-packages/airflow/example_dags/tutorial_taskflow_api.py for tasks to queue
[2024-06-11T19:33:15.222+0000] {logging_mixin.py:120} INFO - [2024-06-11T19:33:15.222+0000] {dagbag.py:537} INFO - Filling up the DagBag from /home/airflow/.local/lib/python3.7/site-packages/airflow/example_dags/tutorial_taskflow_api.py
[2024-06-11T19:33:15.241+0000] {processor.py:766} INFO - DAG(s) dict_keys(['tutorial_taskflow_api']) retrieved from /home/airflow/.local/lib/python3.7/site-packages/airflow/example_dags/tutorial_taskflow_api.py
[2024-06-11T19:33:15.278+0000] {logging_mixin.py:120} INFO - [2024-06-11T19:33:15.278+0000] {dag.py:2585} INFO - Sync 1 DAGs
[2024-06-11T19:33:15.300+0000] {logging_mixin.py:120} INFO - [2024-06-11T19:33:15.300+0000] {dag.py:3340} INFO - Setting next_dagrun for tutorial_taskflow_api to None, run_after=None
[2024-06-11T19:33:15.316+0000] {processor.py:176} INFO - Processing /home/airflow/.local/lib/python3.7/site-packages/airflow/example_dags/tutorial_taskflow_api.py took 0.099 seconds
[2024-06-11T19:49:37.102+0000] {processor.py:154} INFO - Started process (PID=1238) to work on /home/airflow/.local/lib/python3.7/site-packages/airflow/example_dags/tutorial_taskflow_api.py
[2024-06-11T19:49:37.103+0000] {processor.py:756} INFO - Processing file /home/airflow/.local/lib/python3.7/site-packages/airflow/example_dags/tutorial_taskflow_api.py for tasks to queue
[2024-06-11T19:49:37.104+0000] {logging_mixin.py:120} INFO - [2024-06-11T19:49:37.104+0000] {dagbag.py:537} INFO - Filling up the DagBag from /home/airflow/.local/lib/python3.7/site-packages/airflow/example_dags/tutorial_taskflow_api.py
[2024-06-11T19:49:37.122+0000] {processor.py:766} INFO - DAG(s) dict_keys(['tutorial_taskflow_api']) retrieved from /home/airflow/.local/lib/python3.7/site-packages/airflow/example_dags/tutorial_taskflow_api.py
[2024-06-11T19:49:37.157+0000] {logging_mixin.py:120} INFO - [2024-06-11T19:49:37.157+0000] {dag.py:2585} INFO - Sync 1 DAGs
[2024-06-11T19:49:37.179+0000] {logging_mixin.py:120} INFO - [2024-06-11T19:49:37.179+0000] {dag.py:3340} INFO - Setting next_dagrun for tutorial_taskflow_api to None, run_after=None
[2024-06-11T19:49:37.196+0000] {processor.py:176} INFO - Processing /home/airflow/.local/lib/python3.7/site-packages/airflow/example_dags/tutorial_taskflow_api.py took 0.097 seconds
[2024-06-11T19:50:07.477+0000] {processor.py:154} INFO - Started process (PID=1292) to work on /home/airflow/.local/lib/python3.7/site-packages/airflow/example_dags/tutorial_taskflow_api.py
[2024-06-11T19:50:07.478+0000] {processor.py:756} INFO - Processing file /home/airflow/.local/lib/python3.7/site-packages/airflow/example_dags/tutorial_taskflow_api.py for tasks to queue
[2024-06-11T19:50:07.479+0000] {logging_mixin.py:120} INFO - [2024-06-11T19:50:07.478+0000] {dagbag.py:537} INFO - Filling up the DagBag from /home/airflow/.local/lib/python3.7/site-packages/airflow/example_dags/tutorial_taskflow_api.py
[2024-06-11T19:50:07.496+0000] {processor.py:766} INFO - DAG(s) dict_keys(['tutorial_taskflow_api']) retrieved from /home/airflow/.local/lib/python3.7/site-packages/airflow/example_dags/tutorial_taskflow_api.py
[2024-06-11T19:50:07.532+0000] {logging_mixin.py:120} INFO - [2024-06-11T19:50:07.531+0000] {dag.py:2585} INFO - Sync 1 DAGs
[2024-06-11T19:50:07.553+0000] {logging_mixin.py:120} INFO - [2024-06-11T19:50:07.553+0000] {dag.py:3340} INFO - Setting next_dagrun for tutorial_taskflow_api to None, run_after=None
[2024-06-11T19:50:07.569+0000] {processor.py:176} INFO - Processing /home/airflow/.local/lib/python3.7/site-packages/airflow/example_dags/tutorial_taskflow_api.py took 0.095 seconds
[2024-06-11T19:50:37.948+0000] {processor.py:154} INFO - Started process (PID=1354) to work on /home/airflow/.local/lib/python3.7/site-packages/airflow/example_dags/tutorial_taskflow_api.py
[2024-06-11T19:50:37.950+0000] {processor.py:756} INFO - Processing file /home/airflow/.local/lib/python3.7/site-packages/airflow/example_dags/tutorial_taskflow_api.py for tasks to queue
[2024-06-11T19:50:37.951+0000] {logging_mixin.py:120} INFO - [2024-06-11T19:50:37.951+0000] {dagbag.py:537} INFO - Filling up the DagBag from /home/airflow/.local/lib/python3.7/site-packages/airflow/example_dags/tutorial_taskflow_api.py
[2024-06-11T19:50:38.019+0000] {processor.py:766} INFO - DAG(s) dict_keys(['tutorial_taskflow_api']) retrieved from /home/airflow/.local/lib/python3.7/site-packages/airflow/example_dags/tutorial_taskflow_api.py
[2024-06-11T19:50:38.169+0000] {logging_mixin.py:120} INFO - [2024-06-11T19:50:38.168+0000] {dag.py:2585} INFO - Sync 1 DAGs
[2024-06-11T19:50:38.374+0000] {logging_mixin.py:120} INFO - [2024-06-11T19:50:38.374+0000] {dag.py:3340} INFO - Setting next_dagrun for tutorial_taskflow_api to None, run_after=None
[2024-06-11T19:50:38.424+0000] {processor.py:176} INFO - Processing /home/airflow/.local/lib/python3.7/site-packages/airflow/example_dags/tutorial_taskflow_api.py took 0.482 seconds
[2024-06-11T19:51:09.356+0000] {processor.py:154} INFO - Started process (PID=1417) to work on /home/airflow/.local/lib/python3.7/site-packages/airflow/example_dags/tutorial_taskflow_api.py
[2024-06-11T19:51:09.357+0000] {processor.py:756} INFO - Processing file /home/airflow/.local/lib/python3.7/site-packages/airflow/example_dags/tutorial_taskflow_api.py for tasks to queue
[2024-06-11T19:51:09.358+0000] {logging_mixin.py:120} INFO - [2024-06-11T19:51:09.358+0000] {dagbag.py:537} INFO - Filling up the DagBag from /home/airflow/.local/lib/python3.7/site-packages/airflow/example_dags/tutorial_taskflow_api.py
[2024-06-11T19:51:09.376+0000] {processor.py:766} INFO - DAG(s) dict_keys(['tutorial_taskflow_api']) retrieved from /home/airflow/.local/lib/python3.7/site-packages/airflow/example_dags/tutorial_taskflow_api.py
[2024-06-11T19:51:09.410+0000] {logging_mixin.py:120} INFO - [2024-06-11T19:51:09.410+0000] {dag.py:2585} INFO - Sync 1 DAGs
[2024-06-11T19:51:09.430+0000] {logging_mixin.py:120} INFO - [2024-06-11T19:51:09.430+0000] {dag.py:3340} INFO - Setting next_dagrun for tutorial_taskflow_api to None, run_after=None
[2024-06-11T19:51:09.448+0000] {processor.py:176} INFO - Processing /home/airflow/.local/lib/python3.7/site-packages/airflow/example_dags/tutorial_taskflow_api.py took 0.094 seconds
[2024-06-11T19:51:40.068+0000] {processor.py:154} INFO - Started process (PID=1479) to work on /home/airflow/.local/lib/python3.7/site-packages/airflow/example_dags/tutorial_taskflow_api.py
[2024-06-11T19:51:40.069+0000] {processor.py:756} INFO - Processing file /home/airflow/.local/lib/python3.7/site-packages/airflow/example_dags/tutorial_taskflow_api.py for tasks to queue
[2024-06-11T19:51:40.069+0000] {logging_mixin.py:120} INFO - [2024-06-11T19:51:40.069+0000] {dagbag.py:537} INFO - Filling up the DagBag from /home/airflow/.local/lib/python3.7/site-packages/airflow/example_dags/tutorial_taskflow_api.py
[2024-06-11T19:51:40.087+0000] {processor.py:766} INFO - DAG(s) dict_keys(['tutorial_taskflow_api']) retrieved from /home/airflow/.local/lib/python3.7/site-packages/airflow/example_dags/tutorial_taskflow_api.py
[2024-06-11T19:51:40.122+0000] {logging_mixin.py:120} INFO - [2024-06-11T19:51:40.122+0000] {dag.py:2585} INFO - Sync 1 DAGs
[2024-06-11T19:51:40.144+0000] {logging_mixin.py:120} INFO - [2024-06-11T19:51:40.144+0000] {dag.py:3340} INFO - Setting next_dagrun for tutorial_taskflow_api to None, run_after=None
[2024-06-11T19:51:40.165+0000] {processor.py:176} INFO - Processing /home/airflow/.local/lib/python3.7/site-packages/airflow/example_dags/tutorial_taskflow_api.py took 0.100 seconds
[2024-06-11T19:56:18.162+0000] {processor.py:154} INFO - Started process (PID=1533) to work on /home/airflow/.local/lib/python3.7/site-packages/airflow/example_dags/tutorial_taskflow_api.py
[2024-06-11T19:56:18.163+0000] {processor.py:756} INFO - Processing file /home/airflow/.local/lib/python3.7/site-packages/airflow/example_dags/tutorial_taskflow_api.py for tasks to queue
[2024-06-11T19:56:18.164+0000] {logging_mixin.py:120} INFO - [2024-06-11T19:56:18.163+0000] {dagbag.py:537} INFO - Filling up the DagBag from /home/airflow/.local/lib/python3.7/site-packages/airflow/example_dags/tutorial_taskflow_api.py
[2024-06-11T19:56:18.180+0000] {processor.py:766} INFO - DAG(s) dict_keys(['tutorial_taskflow_api']) retrieved from /home/airflow/.local/lib/python3.7/site-packages/airflow/example_dags/tutorial_taskflow_api.py
[2024-06-11T19:56:18.214+0000] {logging_mixin.py:120} INFO - [2024-06-11T19:56:18.214+0000] {dag.py:2585} INFO - Sync 1 DAGs
[2024-06-11T19:56:18.235+0000] {logging_mixin.py:120} INFO - [2024-06-11T19:56:18.235+0000] {dag.py:3340} INFO - Setting next_dagrun for tutorial_taskflow_api to None, run_after=None
[2024-06-11T19:56:18.250+0000] {processor.py:176} INFO - Processing /home/airflow/.local/lib/python3.7/site-packages/airflow/example_dags/tutorial_taskflow_api.py took 0.091 seconds
[2024-06-11T19:56:48.391+0000] {processor.py:154} INFO - Started process (PID=1596) to work on /home/airflow/.local/lib/python3.7/site-packages/airflow/example_dags/tutorial_taskflow_api.py
[2024-06-11T19:56:48.392+0000] {processor.py:756} INFO - Processing file /home/airflow/.local/lib/python3.7/site-packages/airflow/example_dags/tutorial_taskflow_api.py for tasks to queue
[2024-06-11T19:56:48.393+0000] {logging_mixin.py:120} INFO - [2024-06-11T19:56:48.393+0000] {dagbag.py:537} INFO - Filling up the DagBag from /home/airflow/.local/lib/python3.7/site-packages/airflow/example_dags/tutorial_taskflow_api.py
[2024-06-11T19:56:48.410+0000] {processor.py:766} INFO - DAG(s) dict_keys(['tutorial_taskflow_api']) retrieved from /home/airflow/.local/lib/python3.7/site-packages/airflow/example_dags/tutorial_taskflow_api.py
[2024-06-11T19:56:48.446+0000] {logging_mixin.py:120} INFO - [2024-06-11T19:56:48.445+0000] {dag.py:2585} INFO - Sync 1 DAGs
[2024-06-11T19:56:48.466+0000] {logging_mixin.py:120} INFO - [2024-06-11T19:56:48.466+0000] {dag.py:3340} INFO - Setting next_dagrun for tutorial_taskflow_api to None, run_after=None
[2024-06-11T19:56:48.481+0000] {processor.py:176} INFO - Processing /home/airflow/.local/lib/python3.7/site-packages/airflow/example_dags/tutorial_taskflow_api.py took 0.093 seconds
[2024-06-11T19:57:18.721+0000] {processor.py:154} INFO - Started process (PID=1659) to work on /home/airflow/.local/lib/python3.7/site-packages/airflow/example_dags/tutorial_taskflow_api.py
[2024-06-11T19:57:18.722+0000] {processor.py:756} INFO - Processing file /home/airflow/.local/lib/python3.7/site-packages/airflow/example_dags/tutorial_taskflow_api.py for tasks to queue
[2024-06-11T19:57:18.722+0000] {logging_mixin.py:120} INFO - [2024-06-11T19:57:18.722+0000] {dagbag.py:537} INFO - Filling up the DagBag from /home/airflow/.local/lib/python3.7/site-packages/airflow/example_dags/tutorial_taskflow_api.py
[2024-06-11T19:57:18.739+0000] {processor.py:766} INFO - DAG(s) dict_keys(['tutorial_taskflow_api']) retrieved from /home/airflow/.local/lib/python3.7/site-packages/airflow/example_dags/tutorial_taskflow_api.py
[2024-06-11T19:57:18.775+0000] {logging_mixin.py:120} INFO - [2024-06-11T19:57:18.775+0000] {dag.py:2585} INFO - Sync 1 DAGs
[2024-06-11T19:57:18.812+0000] {logging_mixin.py:120} INFO - [2024-06-11T19:57:18.812+0000] {dag.py:3340} INFO - Setting next_dagrun for tutorial_taskflow_api to None, run_after=None
[2024-06-11T19:57:18.845+0000] {processor.py:176} INFO - Processing /home/airflow/.local/lib/python3.7/site-packages/airflow/example_dags/tutorial_taskflow_api.py took 0.127 seconds
[2024-06-11T19:57:48.982+0000] {processor.py:154} INFO - Started process (PID=1721) to work on /home/airflow/.local/lib/python3.7/site-packages/airflow/example_dags/tutorial_taskflow_api.py
[2024-06-11T19:57:48.983+0000] {processor.py:756} INFO - Processing file /home/airflow/.local/lib/python3.7/site-packages/airflow/example_dags/tutorial_taskflow_api.py for tasks to queue
[2024-06-11T19:57:48.984+0000] {logging_mixin.py:120} INFO - [2024-06-11T19:57:48.984+0000] {dagbag.py:537} INFO - Filling up the DagBag from /home/airflow/.local/lib/python3.7/site-packages/airflow/example_dags/tutorial_taskflow_api.py
[2024-06-11T19:57:49.003+0000] {processor.py:766} INFO - DAG(s) dict_keys(['tutorial_taskflow_api']) retrieved from /home/airflow/.local/lib/python3.7/site-packages/airflow/example_dags/tutorial_taskflow_api.py
[2024-06-11T19:57:49.039+0000] {logging_mixin.py:120} INFO - [2024-06-11T19:57:49.039+0000] {dag.py:2585} INFO - Sync 1 DAGs
[2024-06-11T19:57:49.063+0000] {logging_mixin.py:120} INFO - [2024-06-11T19:57:49.063+0000] {dag.py:3340} INFO - Setting next_dagrun for tutorial_taskflow_api to None, run_after=None
[2024-06-11T19:57:49.081+0000] {processor.py:176} INFO - Processing /home/airflow/.local/lib/python3.7/site-packages/airflow/example_dags/tutorial_taskflow_api.py took 0.101 seconds
[2024-06-11T20:15:56.957+0000] {processor.py:154} INFO - Started process (PID=1775) to work on /home/airflow/.local/lib/python3.7/site-packages/airflow/example_dags/tutorial_taskflow_api.py
[2024-06-11T20:15:56.959+0000] {processor.py:756} INFO - Processing file /home/airflow/.local/lib/python3.7/site-packages/airflow/example_dags/tutorial_taskflow_api.py for tasks to queue
[2024-06-11T20:15:56.961+0000] {logging_mixin.py:120} INFO - [2024-06-11T20:15:56.961+0000] {dagbag.py:537} INFO - Filling up the DagBag from /home/airflow/.local/lib/python3.7/site-packages/airflow/example_dags/tutorial_taskflow_api.py
[2024-06-11T20:15:56.998+0000] {processor.py:766} INFO - DAG(s) dict_keys(['tutorial_taskflow_api']) retrieved from /home/airflow/.local/lib/python3.7/site-packages/airflow/example_dags/tutorial_taskflow_api.py
[2024-06-11T20:15:57.058+0000] {logging_mixin.py:120} INFO - [2024-06-11T20:15:57.058+0000] {dag.py:2585} INFO - Sync 1 DAGs
[2024-06-11T20:15:57.094+0000] {logging_mixin.py:120} INFO - [2024-06-11T20:15:57.094+0000] {dag.py:3340} INFO - Setting next_dagrun for tutorial_taskflow_api to None, run_after=None
[2024-06-11T20:15:57.117+0000] {processor.py:176} INFO - Processing /home/airflow/.local/lib/python3.7/site-packages/airflow/example_dags/tutorial_taskflow_api.py took 0.166 seconds
[2024-06-11T20:16:27.171+0000] {processor.py:154} INFO - Started process (PID=1838) to work on /home/airflow/.local/lib/python3.7/site-packages/airflow/example_dags/tutorial_taskflow_api.py
[2024-06-11T20:16:27.172+0000] {processor.py:756} INFO - Processing file /home/airflow/.local/lib/python3.7/site-packages/airflow/example_dags/tutorial_taskflow_api.py for tasks to queue
[2024-06-11T20:16:27.173+0000] {logging_mixin.py:120} INFO - [2024-06-11T20:16:27.173+0000] {dagbag.py:537} INFO - Filling up the DagBag from /home/airflow/.local/lib/python3.7/site-packages/airflow/example_dags/tutorial_taskflow_api.py
[2024-06-11T20:16:27.191+0000] {processor.py:766} INFO - DAG(s) dict_keys(['tutorial_taskflow_api']) retrieved from /home/airflow/.local/lib/python3.7/site-packages/airflow/example_dags/tutorial_taskflow_api.py
[2024-06-11T20:16:27.227+0000] {logging_mixin.py:120} INFO - [2024-06-11T20:16:27.227+0000] {dag.py:2585} INFO - Sync 1 DAGs
[2024-06-11T20:16:27.247+0000] {logging_mixin.py:120} INFO - [2024-06-11T20:16:27.247+0000] {dag.py:3340} INFO - Setting next_dagrun for tutorial_taskflow_api to None, run_after=None
[2024-06-11T20:16:27.264+0000] {processor.py:176} INFO - Processing /home/airflow/.local/lib/python3.7/site-packages/airflow/example_dags/tutorial_taskflow_api.py took 0.096 seconds
[2024-06-11T20:16:57.497+0000] {processor.py:154} INFO - Started process (PID=1901) to work on /home/airflow/.local/lib/python3.7/site-packages/airflow/example_dags/tutorial_taskflow_api.py
[2024-06-11T20:16:57.498+0000] {processor.py:756} INFO - Processing file /home/airflow/.local/lib/python3.7/site-packages/airflow/example_dags/tutorial_taskflow_api.py for tasks to queue
[2024-06-11T20:16:57.499+0000] {logging_mixin.py:120} INFO - [2024-06-11T20:16:57.499+0000] {dagbag.py:537} INFO - Filling up the DagBag from /home/airflow/.local/lib/python3.7/site-packages/airflow/example_dags/tutorial_taskflow_api.py
[2024-06-11T20:16:57.517+0000] {processor.py:766} INFO - DAG(s) dict_keys(['tutorial_taskflow_api']) retrieved from /home/airflow/.local/lib/python3.7/site-packages/airflow/example_dags/tutorial_taskflow_api.py
[2024-06-11T20:16:57.552+0000] {logging_mixin.py:120} INFO - [2024-06-11T20:16:57.552+0000] {dag.py:2585} INFO - Sync 1 DAGs
[2024-06-11T20:16:57.572+0000] {logging_mixin.py:120} INFO - [2024-06-11T20:16:57.572+0000] {dag.py:3340} INFO - Setting next_dagrun for tutorial_taskflow_api to None, run_after=None
[2024-06-11T20:16:57.587+0000] {processor.py:176} INFO - Processing /home/airflow/.local/lib/python3.7/site-packages/airflow/example_dags/tutorial_taskflow_api.py took 0.094 seconds
[2024-06-11T20:17:27.837+0000] {processor.py:154} INFO - Started process (PID=1955) to work on /home/airflow/.local/lib/python3.7/site-packages/airflow/example_dags/tutorial_taskflow_api.py
[2024-06-11T20:17:27.838+0000] {processor.py:756} INFO - Processing file /home/airflow/.local/lib/python3.7/site-packages/airflow/example_dags/tutorial_taskflow_api.py for tasks to queue
[2024-06-11T20:17:27.838+0000] {logging_mixin.py:120} INFO - [2024-06-11T20:17:27.838+0000] {dagbag.py:537} INFO - Filling up the DagBag from /home/airflow/.local/lib/python3.7/site-packages/airflow/example_dags/tutorial_taskflow_api.py
[2024-06-11T20:17:27.856+0000] {processor.py:766} INFO - DAG(s) dict_keys(['tutorial_taskflow_api']) retrieved from /home/airflow/.local/lib/python3.7/site-packages/airflow/example_dags/tutorial_taskflow_api.py
[2024-06-11T20:17:27.892+0000] {logging_mixin.py:120} INFO - [2024-06-11T20:17:27.891+0000] {dag.py:2585} INFO - Sync 1 DAGs
[2024-06-11T20:17:27.914+0000] {logging_mixin.py:120} INFO - [2024-06-11T20:17:27.914+0000] {dag.py:3340} INFO - Setting next_dagrun for tutorial_taskflow_api to None, run_after=None
[2024-06-11T20:17:27.929+0000] {processor.py:176} INFO - Processing /home/airflow/.local/lib/python3.7/site-packages/airflow/example_dags/tutorial_taskflow_api.py took 0.095 seconds
[2024-06-11T20:17:58.033+0000] {processor.py:154} INFO - Started process (PID=2018) to work on /home/airflow/.local/lib/python3.7/site-packages/airflow/example_dags/tutorial_taskflow_api.py
[2024-06-11T20:17:58.034+0000] {processor.py:756} INFO - Processing file /home/airflow/.local/lib/python3.7/site-packages/airflow/example_dags/tutorial_taskflow_api.py for tasks to queue
[2024-06-11T20:17:58.034+0000] {logging_mixin.py:120} INFO - [2024-06-11T20:17:58.034+0000] {dagbag.py:537} INFO - Filling up the DagBag from /home/airflow/.local/lib/python3.7/site-packages/airflow/example_dags/tutorial_taskflow_api.py
[2024-06-11T20:17:58.051+0000] {processor.py:766} INFO - DAG(s) dict_keys(['tutorial_taskflow_api']) retrieved from /home/airflow/.local/lib/python3.7/site-packages/airflow/example_dags/tutorial_taskflow_api.py
[2024-06-11T20:17:58.085+0000] {logging_mixin.py:120} INFO - [2024-06-11T20:17:58.084+0000] {dag.py:2585} INFO - Sync 1 DAGs
[2024-06-11T20:17:58.106+0000] {logging_mixin.py:120} INFO - [2024-06-11T20:17:58.105+0000] {dag.py:3340} INFO - Setting next_dagrun for tutorial_taskflow_api to None, run_after=None
[2024-06-11T20:17:58.120+0000] {processor.py:176} INFO - Processing /home/airflow/.local/lib/python3.7/site-packages/airflow/example_dags/tutorial_taskflow_api.py took 0.091 seconds
[2024-06-11T20:36:21.845+0000] {processor.py:154} INFO - Started process (PID=2081) to work on /home/airflow/.local/lib/python3.7/site-packages/airflow/example_dags/tutorial_taskflow_api.py
[2024-06-11T20:36:21.847+0000] {processor.py:756} INFO - Processing file /home/airflow/.local/lib/python3.7/site-packages/airflow/example_dags/tutorial_taskflow_api.py for tasks to queue
[2024-06-11T20:36:21.848+0000] {logging_mixin.py:120} INFO - [2024-06-11T20:36:21.848+0000] {dagbag.py:537} INFO - Filling up the DagBag from /home/airflow/.local/lib/python3.7/site-packages/airflow/example_dags/tutorial_taskflow_api.py
[2024-06-11T20:36:21.872+0000] {processor.py:766} INFO - DAG(s) dict_keys(['tutorial_taskflow_api']) retrieved from /home/airflow/.local/lib/python3.7/site-packages/airflow/example_dags/tutorial_taskflow_api.py
[2024-06-11T20:36:21.925+0000] {logging_mixin.py:120} INFO - [2024-06-11T20:36:21.925+0000] {dag.py:2585} INFO - Sync 1 DAGs
[2024-06-11T20:36:21.971+0000] {logging_mixin.py:120} INFO - [2024-06-11T20:36:21.971+0000] {dag.py:3340} INFO - Setting next_dagrun for tutorial_taskflow_api to None, run_after=None
[2024-06-11T20:36:22.001+0000] {processor.py:176} INFO - Processing /home/airflow/.local/lib/python3.7/site-packages/airflow/example_dags/tutorial_taskflow_api.py took 0.160 seconds
[2024-06-11T20:36:52.357+0000] {processor.py:154} INFO - Started process (PID=2135) to work on /home/airflow/.local/lib/python3.7/site-packages/airflow/example_dags/tutorial_taskflow_api.py
[2024-06-11T20:36:52.358+0000] {processor.py:756} INFO - Processing file /home/airflow/.local/lib/python3.7/site-packages/airflow/example_dags/tutorial_taskflow_api.py for tasks to queue
[2024-06-11T20:36:52.359+0000] {logging_mixin.py:120} INFO - [2024-06-11T20:36:52.359+0000] {dagbag.py:537} INFO - Filling up the DagBag from /home/airflow/.local/lib/python3.7/site-packages/airflow/example_dags/tutorial_taskflow_api.py
[2024-06-11T20:36:52.377+0000] {processor.py:766} INFO - DAG(s) dict_keys(['tutorial_taskflow_api']) retrieved from /home/airflow/.local/lib/python3.7/site-packages/airflow/example_dags/tutorial_taskflow_api.py
[2024-06-11T20:36:52.412+0000] {logging_mixin.py:120} INFO - [2024-06-11T20:36:52.412+0000] {dag.py:2585} INFO - Sync 1 DAGs
[2024-06-11T20:36:52.433+0000] {logging_mixin.py:120} INFO - [2024-06-11T20:36:52.432+0000] {dag.py:3340} INFO - Setting next_dagrun for tutorial_taskflow_api to None, run_after=None
[2024-06-11T20:36:52.449+0000] {processor.py:176} INFO - Processing /home/airflow/.local/lib/python3.7/site-packages/airflow/example_dags/tutorial_taskflow_api.py took 0.095 seconds
[2024-06-11T20:37:22.911+0000] {processor.py:154} INFO - Started process (PID=2198) to work on /home/airflow/.local/lib/python3.7/site-packages/airflow/example_dags/tutorial_taskflow_api.py
[2024-06-11T20:37:22.912+0000] {processor.py:756} INFO - Processing file /home/airflow/.local/lib/python3.7/site-packages/airflow/example_dags/tutorial_taskflow_api.py for tasks to queue
[2024-06-11T20:37:22.913+0000] {logging_mixin.py:120} INFO - [2024-06-11T20:37:22.913+0000] {dagbag.py:537} INFO - Filling up the DagBag from /home/airflow/.local/lib/python3.7/site-packages/airflow/example_dags/tutorial_taskflow_api.py
[2024-06-11T20:37:22.931+0000] {processor.py:766} INFO - DAG(s) dict_keys(['tutorial_taskflow_api']) retrieved from /home/airflow/.local/lib/python3.7/site-packages/airflow/example_dags/tutorial_taskflow_api.py
[2024-06-11T20:37:22.966+0000] {logging_mixin.py:120} INFO - [2024-06-11T20:37:22.966+0000] {dag.py:2585} INFO - Sync 1 DAGs
[2024-06-11T20:37:22.987+0000] {logging_mixin.py:120} INFO - [2024-06-11T20:37:22.987+0000] {dag.py:3340} INFO - Setting next_dagrun for tutorial_taskflow_api to None, run_after=None
[2024-06-11T20:37:23.002+0000] {processor.py:176} INFO - Processing /home/airflow/.local/lib/python3.7/site-packages/airflow/example_dags/tutorial_taskflow_api.py took 0.094 seconds
[2024-06-11T20:37:53.251+0000] {processor.py:154} INFO - Started process (PID=2261) to work on /home/airflow/.local/lib/python3.7/site-packages/airflow/example_dags/tutorial_taskflow_api.py
[2024-06-11T20:37:53.252+0000] {processor.py:756} INFO - Processing file /home/airflow/.local/lib/python3.7/site-packages/airflow/example_dags/tutorial_taskflow_api.py for tasks to queue
[2024-06-11T20:37:53.253+0000] {logging_mixin.py:120} INFO - [2024-06-11T20:37:53.253+0000] {dagbag.py:537} INFO - Filling up the DagBag from /home/airflow/.local/lib/python3.7/site-packages/airflow/example_dags/tutorial_taskflow_api.py
[2024-06-11T20:37:53.270+0000] {processor.py:766} INFO - DAG(s) dict_keys(['tutorial_taskflow_api']) retrieved from /home/airflow/.local/lib/python3.7/site-packages/airflow/example_dags/tutorial_taskflow_api.py
[2024-06-11T20:37:53.306+0000] {logging_mixin.py:120} INFO - [2024-06-11T20:37:53.306+0000] {dag.py:2585} INFO - Sync 1 DAGs
[2024-06-11T20:37:53.326+0000] {logging_mixin.py:120} INFO - [2024-06-11T20:37:53.326+0000] {dag.py:3340} INFO - Setting next_dagrun for tutorial_taskflow_api to None, run_after=None
[2024-06-11T20:37:53.343+0000] {processor.py:176} INFO - Processing /home/airflow/.local/lib/python3.7/site-packages/airflow/example_dags/tutorial_taskflow_api.py took 0.095 seconds
[2024-06-11T20:38:23.516+0000] {processor.py:154} INFO - Started process (PID=2324) to work on /home/airflow/.local/lib/python3.7/site-packages/airflow/example_dags/tutorial_taskflow_api.py
[2024-06-11T20:38:23.517+0000] {processor.py:756} INFO - Processing file /home/airflow/.local/lib/python3.7/site-packages/airflow/example_dags/tutorial_taskflow_api.py for tasks to queue
[2024-06-11T20:38:23.517+0000] {logging_mixin.py:120} INFO - [2024-06-11T20:38:23.517+0000] {dagbag.py:537} INFO - Filling up the DagBag from /home/airflow/.local/lib/python3.7/site-packages/airflow/example_dags/tutorial_taskflow_api.py
[2024-06-11T20:38:23.535+0000] {processor.py:766} INFO - DAG(s) dict_keys(['tutorial_taskflow_api']) retrieved from /home/airflow/.local/lib/python3.7/site-packages/airflow/example_dags/tutorial_taskflow_api.py
[2024-06-11T20:38:23.572+0000] {logging_mixin.py:120} INFO - [2024-06-11T20:38:23.572+0000] {dag.py:2585} INFO - Sync 1 DAGs
[2024-06-11T20:38:23.594+0000] {logging_mixin.py:120} INFO - [2024-06-11T20:38:23.594+0000] {dag.py:3340} INFO - Setting next_dagrun for tutorial_taskflow_api to None, run_after=None
[2024-06-11T20:38:23.610+0000] {processor.py:176} INFO - Processing /home/airflow/.local/lib/python3.7/site-packages/airflow/example_dags/tutorial_taskflow_api.py took 0.097 seconds
[2024-06-11T20:53:48.086+0000] {processor.py:154} INFO - Started process (PID=2377) to work on /home/airflow/.local/lib/python3.7/site-packages/airflow/example_dags/tutorial_taskflow_api.py
[2024-06-11T20:53:48.087+0000] {processor.py:756} INFO - Processing file /home/airflow/.local/lib/python3.7/site-packages/airflow/example_dags/tutorial_taskflow_api.py for tasks to queue
[2024-06-11T20:53:48.088+0000] {logging_mixin.py:120} INFO - [2024-06-11T20:53:48.088+0000] {dagbag.py:537} INFO - Filling up the DagBag from /home/airflow/.local/lib/python3.7/site-packages/airflow/example_dags/tutorial_taskflow_api.py
[2024-06-11T20:53:48.112+0000] {processor.py:766} INFO - DAG(s) dict_keys(['tutorial_taskflow_api']) retrieved from /home/airflow/.local/lib/python3.7/site-packages/airflow/example_dags/tutorial_taskflow_api.py
[2024-06-11T20:53:48.155+0000] {logging_mixin.py:120} INFO - [2024-06-11T20:53:48.155+0000] {dag.py:2585} INFO - Sync 1 DAGs
[2024-06-11T20:53:48.179+0000] {logging_mixin.py:120} INFO - [2024-06-11T20:53:48.179+0000] {dag.py:3340} INFO - Setting next_dagrun for tutorial_taskflow_api to None, run_after=None
[2024-06-11T20:53:48.196+0000] {processor.py:176} INFO - Processing /home/airflow/.local/lib/python3.7/site-packages/airflow/example_dags/tutorial_taskflow_api.py took 0.115 seconds
[2024-06-11T20:54:18.690+0000] {processor.py:154} INFO - Started process (PID=2440) to work on /home/airflow/.local/lib/python3.7/site-packages/airflow/example_dags/tutorial_taskflow_api.py
[2024-06-11T20:54:18.691+0000] {processor.py:756} INFO - Processing file /home/airflow/.local/lib/python3.7/site-packages/airflow/example_dags/tutorial_taskflow_api.py for tasks to queue
[2024-06-11T20:54:18.692+0000] {logging_mixin.py:120} INFO - [2024-06-11T20:54:18.691+0000] {dagbag.py:537} INFO - Filling up the DagBag from /home/airflow/.local/lib/python3.7/site-packages/airflow/example_dags/tutorial_taskflow_api.py
[2024-06-11T20:54:18.709+0000] {processor.py:766} INFO - DAG(s) dict_keys(['tutorial_taskflow_api']) retrieved from /home/airflow/.local/lib/python3.7/site-packages/airflow/example_dags/tutorial_taskflow_api.py
[2024-06-11T20:54:18.744+0000] {logging_mixin.py:120} INFO - [2024-06-11T20:54:18.744+0000] {dag.py:2585} INFO - Sync 1 DAGs
[2024-06-11T20:54:18.766+0000] {logging_mixin.py:120} INFO - [2024-06-11T20:54:18.766+0000] {dag.py:3340} INFO - Setting next_dagrun for tutorial_taskflow_api to None, run_after=None
[2024-06-11T20:54:18.781+0000] {processor.py:176} INFO - Processing /home/airflow/.local/lib/python3.7/site-packages/airflow/example_dags/tutorial_taskflow_api.py took 0.094 seconds
[2024-06-11T20:54:48.939+0000] {processor.py:154} INFO - Started process (PID=2503) to work on /home/airflow/.local/lib/python3.7/site-packages/airflow/example_dags/tutorial_taskflow_api.py
[2024-06-11T20:54:48.940+0000] {processor.py:756} INFO - Processing file /home/airflow/.local/lib/python3.7/site-packages/airflow/example_dags/tutorial_taskflow_api.py for tasks to queue
[2024-06-11T20:54:48.940+0000] {logging_mixin.py:120} INFO - [2024-06-11T20:54:48.940+0000] {dagbag.py:537} INFO - Filling up the DagBag from /home/airflow/.local/lib/python3.7/site-packages/airflow/example_dags/tutorial_taskflow_api.py
[2024-06-11T20:54:48.958+0000] {processor.py:766} INFO - DAG(s) dict_keys(['tutorial_taskflow_api']) retrieved from /home/airflow/.local/lib/python3.7/site-packages/airflow/example_dags/tutorial_taskflow_api.py
[2024-06-11T20:54:48.993+0000] {logging_mixin.py:120} INFO - [2024-06-11T20:54:48.993+0000] {dag.py:2585} INFO - Sync 1 DAGs
[2024-06-11T20:54:49.014+0000] {logging_mixin.py:120} INFO - [2024-06-11T20:54:49.014+0000] {dag.py:3340} INFO - Setting next_dagrun for tutorial_taskflow_api to None, run_after=None
[2024-06-11T20:54:49.029+0000] {processor.py:176} INFO - Processing /home/airflow/.local/lib/python3.7/site-packages/airflow/example_dags/tutorial_taskflow_api.py took 0.094 seconds
[2024-06-11T20:55:19.130+0000] {processor.py:154} INFO - Started process (PID=2557) to work on /home/airflow/.local/lib/python3.7/site-packages/airflow/example_dags/tutorial_taskflow_api.py
[2024-06-11T20:55:19.131+0000] {processor.py:756} INFO - Processing file /home/airflow/.local/lib/python3.7/site-packages/airflow/example_dags/tutorial_taskflow_api.py for tasks to queue
[2024-06-11T20:55:19.132+0000] {logging_mixin.py:120} INFO - [2024-06-11T20:55:19.132+0000] {dagbag.py:537} INFO - Filling up the DagBag from /home/airflow/.local/lib/python3.7/site-packages/airflow/example_dags/tutorial_taskflow_api.py
[2024-06-11T20:55:19.150+0000] {processor.py:766} INFO - DAG(s) dict_keys(['tutorial_taskflow_api']) retrieved from /home/airflow/.local/lib/python3.7/site-packages/airflow/example_dags/tutorial_taskflow_api.py
[2024-06-11T20:55:19.186+0000] {logging_mixin.py:120} INFO - [2024-06-11T20:55:19.186+0000] {dag.py:2585} INFO - Sync 1 DAGs
[2024-06-11T20:55:19.206+0000] {logging_mixin.py:120} INFO - [2024-06-11T20:55:19.206+0000] {dag.py:3340} INFO - Setting next_dagrun for tutorial_taskflow_api to None, run_after=None
[2024-06-11T20:55:19.222+0000] {processor.py:176} INFO - Processing /home/airflow/.local/lib/python3.7/site-packages/airflow/example_dags/tutorial_taskflow_api.py took 0.094 seconds
[2024-06-11T20:55:49.331+0000] {processor.py:154} INFO - Started process (PID=2620) to work on /home/airflow/.local/lib/python3.7/site-packages/airflow/example_dags/tutorial_taskflow_api.py
[2024-06-11T20:55:49.332+0000] {processor.py:756} INFO - Processing file /home/airflow/.local/lib/python3.7/site-packages/airflow/example_dags/tutorial_taskflow_api.py for tasks to queue
[2024-06-11T20:55:49.333+0000] {logging_mixin.py:120} INFO - [2024-06-11T20:55:49.333+0000] {dagbag.py:537} INFO - Filling up the DagBag from /home/airflow/.local/lib/python3.7/site-packages/airflow/example_dags/tutorial_taskflow_api.py
[2024-06-11T20:55:49.351+0000] {processor.py:766} INFO - DAG(s) dict_keys(['tutorial_taskflow_api']) retrieved from /home/airflow/.local/lib/python3.7/site-packages/airflow/example_dags/tutorial_taskflow_api.py
[2024-06-11T20:55:49.385+0000] {logging_mixin.py:120} INFO - [2024-06-11T20:55:49.385+0000] {dag.py:2585} INFO - Sync 1 DAGs
[2024-06-11T20:55:49.406+0000] {logging_mixin.py:120} INFO - [2024-06-11T20:55:49.405+0000] {dag.py:3340} INFO - Setting next_dagrun for tutorial_taskflow_api to None, run_after=None
[2024-06-11T20:55:49.423+0000] {processor.py:176} INFO - Processing /home/airflow/.local/lib/python3.7/site-packages/airflow/example_dags/tutorial_taskflow_api.py took 0.094 seconds
[2024-06-11T20:57:20.698+0000] {processor.py:154} INFO - Started process (PID=2683) to work on /home/airflow/.local/lib/python3.7/site-packages/airflow/example_dags/tutorial_taskflow_api.py
[2024-06-11T20:57:20.699+0000] {processor.py:756} INFO - Processing file /home/airflow/.local/lib/python3.7/site-packages/airflow/example_dags/tutorial_taskflow_api.py for tasks to queue
[2024-06-11T20:57:20.700+0000] {logging_mixin.py:120} INFO - [2024-06-11T20:57:20.700+0000] {dagbag.py:537} INFO - Filling up the DagBag from /home/airflow/.local/lib/python3.7/site-packages/airflow/example_dags/tutorial_taskflow_api.py
[2024-06-11T20:57:20.718+0000] {processor.py:766} INFO - DAG(s) dict_keys(['tutorial_taskflow_api']) retrieved from /home/airflow/.local/lib/python3.7/site-packages/airflow/example_dags/tutorial_taskflow_api.py
[2024-06-11T20:57:20.754+0000] {logging_mixin.py:120} INFO - [2024-06-11T20:57:20.754+0000] {dag.py:2585} INFO - Sync 1 DAGs
[2024-06-11T20:57:20.776+0000] {logging_mixin.py:120} INFO - [2024-06-11T20:57:20.776+0000] {dag.py:3340} INFO - Setting next_dagrun for tutorial_taskflow_api to None, run_after=None
[2024-06-11T20:57:20.792+0000] {processor.py:176} INFO - Processing /home/airflow/.local/lib/python3.7/site-packages/airflow/example_dags/tutorial_taskflow_api.py took 0.097 seconds
[2024-06-11T20:57:50.950+0000] {processor.py:154} INFO - Started process (PID=2737) to work on /home/airflow/.local/lib/python3.7/site-packages/airflow/example_dags/tutorial_taskflow_api.py
[2024-06-11T20:57:50.951+0000] {processor.py:756} INFO - Processing file /home/airflow/.local/lib/python3.7/site-packages/airflow/example_dags/tutorial_taskflow_api.py for tasks to queue
[2024-06-11T20:57:50.952+0000] {logging_mixin.py:120} INFO - [2024-06-11T20:57:50.952+0000] {dagbag.py:537} INFO - Filling up the DagBag from /home/airflow/.local/lib/python3.7/site-packages/airflow/example_dags/tutorial_taskflow_api.py
[2024-06-11T20:57:50.969+0000] {processor.py:766} INFO - DAG(s) dict_keys(['tutorial_taskflow_api']) retrieved from /home/airflow/.local/lib/python3.7/site-packages/airflow/example_dags/tutorial_taskflow_api.py
[2024-06-11T20:57:51.005+0000] {logging_mixin.py:120} INFO - [2024-06-11T20:57:51.005+0000] {dag.py:2585} INFO - Sync 1 DAGs
[2024-06-11T20:57:51.026+0000] {logging_mixin.py:120} INFO - [2024-06-11T20:57:51.026+0000] {dag.py:3340} INFO - Setting next_dagrun for tutorial_taskflow_api to None, run_after=None
[2024-06-11T20:57:51.041+0000] {processor.py:176} INFO - Processing /home/airflow/.local/lib/python3.7/site-packages/airflow/example_dags/tutorial_taskflow_api.py took 0.094 seconds
[2024-06-11T20:58:21.250+0000] {processor.py:154} INFO - Started process (PID=2799) to work on /home/airflow/.local/lib/python3.7/site-packages/airflow/example_dags/tutorial_taskflow_api.py
[2024-06-11T20:58:21.251+0000] {processor.py:756} INFO - Processing file /home/airflow/.local/lib/python3.7/site-packages/airflow/example_dags/tutorial_taskflow_api.py for tasks to queue
[2024-06-11T20:58:21.252+0000] {logging_mixin.py:120} INFO - [2024-06-11T20:58:21.252+0000] {dagbag.py:537} INFO - Filling up the DagBag from /home/airflow/.local/lib/python3.7/site-packages/airflow/example_dags/tutorial_taskflow_api.py
[2024-06-11T20:58:21.269+0000] {processor.py:766} INFO - DAG(s) dict_keys(['tutorial_taskflow_api']) retrieved from /home/airflow/.local/lib/python3.7/site-packages/airflow/example_dags/tutorial_taskflow_api.py
[2024-06-11T20:58:21.304+0000] {logging_mixin.py:120} INFO - [2024-06-11T20:58:21.304+0000] {dag.py:2585} INFO - Sync 1 DAGs
[2024-06-11T20:58:21.325+0000] {logging_mixin.py:120} INFO - [2024-06-11T20:58:21.325+0000] {dag.py:3340} INFO - Setting next_dagrun for tutorial_taskflow_api to None, run_after=None
[2024-06-11T20:58:21.340+0000] {processor.py:176} INFO - Processing /home/airflow/.local/lib/python3.7/site-packages/airflow/example_dags/tutorial_taskflow_api.py took 0.092 seconds
[2024-06-11T20:58:51.441+0000] {processor.py:154} INFO - Started process (PID=2862) to work on /home/airflow/.local/lib/python3.7/site-packages/airflow/example_dags/tutorial_taskflow_api.py
[2024-06-11T20:58:51.442+0000] {processor.py:756} INFO - Processing file /home/airflow/.local/lib/python3.7/site-packages/airflow/example_dags/tutorial_taskflow_api.py for tasks to queue
[2024-06-11T20:58:51.442+0000] {logging_mixin.py:120} INFO - [2024-06-11T20:58:51.442+0000] {dagbag.py:537} INFO - Filling up the DagBag from /home/airflow/.local/lib/python3.7/site-packages/airflow/example_dags/tutorial_taskflow_api.py
[2024-06-11T20:58:51.460+0000] {processor.py:766} INFO - DAG(s) dict_keys(['tutorial_taskflow_api']) retrieved from /home/airflow/.local/lib/python3.7/site-packages/airflow/example_dags/tutorial_taskflow_api.py
[2024-06-11T20:58:51.494+0000] {logging_mixin.py:120} INFO - [2024-06-11T20:58:51.494+0000] {dag.py:2585} INFO - Sync 1 DAGs
[2024-06-11T20:58:51.515+0000] {logging_mixin.py:120} INFO - [2024-06-11T20:58:51.515+0000] {dag.py:3340} INFO - Setting next_dagrun for tutorial_taskflow_api to None, run_after=None
[2024-06-11T20:58:51.533+0000] {processor.py:176} INFO - Processing /home/airflow/.local/lib/python3.7/site-packages/airflow/example_dags/tutorial_taskflow_api.py took 0.095 seconds
[2024-06-11T21:14:51.868+0000] {processor.py:154} INFO - Started process (PID=2924) to work on /home/airflow/.local/lib/python3.7/site-packages/airflow/example_dags/tutorial_taskflow_api.py
[2024-06-11T21:14:51.869+0000] {processor.py:756} INFO - Processing file /home/airflow/.local/lib/python3.7/site-packages/airflow/example_dags/tutorial_taskflow_api.py for tasks to queue
[2024-06-11T21:14:51.871+0000] {logging_mixin.py:120} INFO - [2024-06-11T21:14:51.871+0000] {dagbag.py:537} INFO - Filling up the DagBag from /home/airflow/.local/lib/python3.7/site-packages/airflow/example_dags/tutorial_taskflow_api.py
[2024-06-11T21:14:51.895+0000] {processor.py:766} INFO - DAG(s) dict_keys(['tutorial_taskflow_api']) retrieved from /home/airflow/.local/lib/python3.7/site-packages/airflow/example_dags/tutorial_taskflow_api.py
[2024-06-11T21:14:51.942+0000] {logging_mixin.py:120} INFO - [2024-06-11T21:14:51.942+0000] {dag.py:2585} INFO - Sync 1 DAGs
[2024-06-11T21:14:51.974+0000] {logging_mixin.py:120} INFO - [2024-06-11T21:14:51.974+0000] {dag.py:3340} INFO - Setting next_dagrun for tutorial_taskflow_api to None, run_after=None
[2024-06-11T21:14:52.001+0000] {processor.py:176} INFO - Processing /home/airflow/.local/lib/python3.7/site-packages/airflow/example_dags/tutorial_taskflow_api.py took 0.137 seconds
[2024-06-11T21:15:22.138+0000] {processor.py:154} INFO - Started process (PID=2978) to work on /home/airflow/.local/lib/python3.7/site-packages/airflow/example_dags/tutorial_taskflow_api.py
[2024-06-11T21:15:22.139+0000] {processor.py:756} INFO - Processing file /home/airflow/.local/lib/python3.7/site-packages/airflow/example_dags/tutorial_taskflow_api.py for tasks to queue
[2024-06-11T21:15:22.140+0000] {logging_mixin.py:120} INFO - [2024-06-11T21:15:22.140+0000] {dagbag.py:537} INFO - Filling up the DagBag from /home/airflow/.local/lib/python3.7/site-packages/airflow/example_dags/tutorial_taskflow_api.py
[2024-06-11T21:15:22.157+0000] {processor.py:766} INFO - DAG(s) dict_keys(['tutorial_taskflow_api']) retrieved from /home/airflow/.local/lib/python3.7/site-packages/airflow/example_dags/tutorial_taskflow_api.py
[2024-06-11T21:15:22.196+0000] {logging_mixin.py:120} INFO - [2024-06-11T21:15:22.196+0000] {dag.py:2585} INFO - Sync 1 DAGs
[2024-06-11T21:15:22.216+0000] {logging_mixin.py:120} INFO - [2024-06-11T21:15:22.216+0000] {dag.py:3340} INFO - Setting next_dagrun for tutorial_taskflow_api to None, run_after=None
[2024-06-11T21:15:22.230+0000] {processor.py:176} INFO - Processing /home/airflow/.local/lib/python3.7/site-packages/airflow/example_dags/tutorial_taskflow_api.py took 0.096 seconds
[2024-06-11T21:15:52.470+0000] {processor.py:154} INFO - Started process (PID=3041) to work on /home/airflow/.local/lib/python3.7/site-packages/airflow/example_dags/tutorial_taskflow_api.py
[2024-06-11T21:15:52.471+0000] {processor.py:756} INFO - Processing file /home/airflow/.local/lib/python3.7/site-packages/airflow/example_dags/tutorial_taskflow_api.py for tasks to queue
[2024-06-11T21:15:52.471+0000] {logging_mixin.py:120} INFO - [2024-06-11T21:15:52.471+0000] {dagbag.py:537} INFO - Filling up the DagBag from /home/airflow/.local/lib/python3.7/site-packages/airflow/example_dags/tutorial_taskflow_api.py
[2024-06-11T21:15:52.488+0000] {processor.py:766} INFO - DAG(s) dict_keys(['tutorial_taskflow_api']) retrieved from /home/airflow/.local/lib/python3.7/site-packages/airflow/example_dags/tutorial_taskflow_api.py
[2024-06-11T21:15:52.522+0000] {logging_mixin.py:120} INFO - [2024-06-11T21:15:52.522+0000] {dag.py:2585} INFO - Sync 1 DAGs
[2024-06-11T21:15:52.542+0000] {logging_mixin.py:120} INFO - [2024-06-11T21:15:52.542+0000] {dag.py:3340} INFO - Setting next_dagrun for tutorial_taskflow_api to None, run_after=None
[2024-06-11T21:15:52.557+0000] {processor.py:176} INFO - Processing /home/airflow/.local/lib/python3.7/site-packages/airflow/example_dags/tutorial_taskflow_api.py took 0.090 seconds
[2024-06-11T21:16:22.965+0000] {processor.py:154} INFO - Started process (PID=3103) to work on /home/airflow/.local/lib/python3.7/site-packages/airflow/example_dags/tutorial_taskflow_api.py
[2024-06-11T21:16:22.966+0000] {processor.py:756} INFO - Processing file /home/airflow/.local/lib/python3.7/site-packages/airflow/example_dags/tutorial_taskflow_api.py for tasks to queue
[2024-06-11T21:16:22.967+0000] {logging_mixin.py:120} INFO - [2024-06-11T21:16:22.967+0000] {dagbag.py:537} INFO - Filling up the DagBag from /home/airflow/.local/lib/python3.7/site-packages/airflow/example_dags/tutorial_taskflow_api.py
[2024-06-11T21:16:22.984+0000] {processor.py:766} INFO - DAG(s) dict_keys(['tutorial_taskflow_api']) retrieved from /home/airflow/.local/lib/python3.7/site-packages/airflow/example_dags/tutorial_taskflow_api.py
[2024-06-11T21:16:23.019+0000] {logging_mixin.py:120} INFO - [2024-06-11T21:16:23.019+0000] {dag.py:2585} INFO - Sync 1 DAGs
[2024-06-11T21:16:23.040+0000] {logging_mixin.py:120} INFO - [2024-06-11T21:16:23.040+0000] {dag.py:3340} INFO - Setting next_dagrun for tutorial_taskflow_api to None, run_after=None
[2024-06-11T21:16:23.057+0000] {processor.py:176} INFO - Processing /home/airflow/.local/lib/python3.7/site-packages/airflow/example_dags/tutorial_taskflow_api.py took 0.095 seconds
[2024-06-11T21:16:53.386+0000] {processor.py:154} INFO - Started process (PID=3166) to work on /home/airflow/.local/lib/python3.7/site-packages/airflow/example_dags/tutorial_taskflow_api.py
[2024-06-11T21:16:53.387+0000] {processor.py:756} INFO - Processing file /home/airflow/.local/lib/python3.7/site-packages/airflow/example_dags/tutorial_taskflow_api.py for tasks to queue
[2024-06-11T21:16:53.388+0000] {logging_mixin.py:120} INFO - [2024-06-11T21:16:53.388+0000] {dagbag.py:537} INFO - Filling up the DagBag from /home/airflow/.local/lib/python3.7/site-packages/airflow/example_dags/tutorial_taskflow_api.py
[2024-06-11T21:16:53.406+0000] {processor.py:766} INFO - DAG(s) dict_keys(['tutorial_taskflow_api']) retrieved from /home/airflow/.local/lib/python3.7/site-packages/airflow/example_dags/tutorial_taskflow_api.py
[2024-06-11T21:16:53.440+0000] {logging_mixin.py:120} INFO - [2024-06-11T21:16:53.440+0000] {dag.py:2585} INFO - Sync 1 DAGs
[2024-06-11T21:16:53.461+0000] {logging_mixin.py:120} INFO - [2024-06-11T21:16:53.460+0000] {dag.py:3340} INFO - Setting next_dagrun for tutorial_taskflow_api to None, run_after=None
[2024-06-11T21:16:53.477+0000] {processor.py:176} INFO - Processing /home/airflow/.local/lib/python3.7/site-packages/airflow/example_dags/tutorial_taskflow_api.py took 0.093 seconds
[2024-06-11T21:30:33.093+0000] {processor.py:154} INFO - Started process (PID=3221) to work on /home/airflow/.local/lib/python3.7/site-packages/airflow/example_dags/tutorial_taskflow_api.py
[2024-06-11T21:30:33.095+0000] {processor.py:756} INFO - Processing file /home/airflow/.local/lib/python3.7/site-packages/airflow/example_dags/tutorial_taskflow_api.py for tasks to queue
[2024-06-11T21:30:33.096+0000] {logging_mixin.py:120} INFO - [2024-06-11T21:30:33.095+0000] {dagbag.py:537} INFO - Filling up the DagBag from /home/airflow/.local/lib/python3.7/site-packages/airflow/example_dags/tutorial_taskflow_api.py
[2024-06-11T21:30:33.115+0000] {processor.py:766} INFO - DAG(s) dict_keys(['tutorial_taskflow_api']) retrieved from /home/airflow/.local/lib/python3.7/site-packages/airflow/example_dags/tutorial_taskflow_api.py
[2024-06-11T21:30:33.151+0000] {logging_mixin.py:120} INFO - [2024-06-11T21:30:33.150+0000] {dag.py:2585} INFO - Sync 1 DAGs
[2024-06-11T21:30:33.171+0000] {logging_mixin.py:120} INFO - [2024-06-11T21:30:33.171+0000] {dag.py:3340} INFO - Setting next_dagrun for tutorial_taskflow_api to None, run_after=None
[2024-06-11T21:30:33.186+0000] {processor.py:176} INFO - Processing /home/airflow/.local/lib/python3.7/site-packages/airflow/example_dags/tutorial_taskflow_api.py took 0.096 seconds
[2024-06-11T21:31:03.497+0000] {processor.py:154} INFO - Started process (PID=3284) to work on /home/airflow/.local/lib/python3.7/site-packages/airflow/example_dags/tutorial_taskflow_api.py
[2024-06-11T21:31:03.498+0000] {processor.py:756} INFO - Processing file /home/airflow/.local/lib/python3.7/site-packages/airflow/example_dags/tutorial_taskflow_api.py for tasks to queue
[2024-06-11T21:31:03.498+0000] {logging_mixin.py:120} INFO - [2024-06-11T21:31:03.498+0000] {dagbag.py:537} INFO - Filling up the DagBag from /home/airflow/.local/lib/python3.7/site-packages/airflow/example_dags/tutorial_taskflow_api.py
[2024-06-11T21:31:03.521+0000] {processor.py:766} INFO - DAG(s) dict_keys(['tutorial_taskflow_api']) retrieved from /home/airflow/.local/lib/python3.7/site-packages/airflow/example_dags/tutorial_taskflow_api.py
[2024-06-11T21:31:03.568+0000] {logging_mixin.py:120} INFO - [2024-06-11T21:31:03.568+0000] {dag.py:2585} INFO - Sync 1 DAGs
[2024-06-11T21:31:03.609+0000] {logging_mixin.py:120} INFO - [2024-06-11T21:31:03.609+0000] {dag.py:3340} INFO - Setting next_dagrun for tutorial_taskflow_api to None, run_after=None
[2024-06-11T21:31:03.628+0000] {processor.py:176} INFO - Processing /home/airflow/.local/lib/python3.7/site-packages/airflow/example_dags/tutorial_taskflow_api.py took 0.135 seconds
[2024-06-11T21:31:34.350+0000] {processor.py:154} INFO - Started process (PID=3347) to work on /home/airflow/.local/lib/python3.7/site-packages/airflow/example_dags/tutorial_taskflow_api.py
[2024-06-11T21:31:34.352+0000] {processor.py:756} INFO - Processing file /home/airflow/.local/lib/python3.7/site-packages/airflow/example_dags/tutorial_taskflow_api.py for tasks to queue
[2024-06-11T21:31:34.352+0000] {logging_mixin.py:120} INFO - [2024-06-11T21:31:34.352+0000] {dagbag.py:537} INFO - Filling up the DagBag from /home/airflow/.local/lib/python3.7/site-packages/airflow/example_dags/tutorial_taskflow_api.py
[2024-06-11T21:31:34.371+0000] {processor.py:766} INFO - DAG(s) dict_keys(['tutorial_taskflow_api']) retrieved from /home/airflow/.local/lib/python3.7/site-packages/airflow/example_dags/tutorial_taskflow_api.py
[2024-06-11T21:31:34.406+0000] {logging_mixin.py:120} INFO - [2024-06-11T21:31:34.406+0000] {dag.py:2585} INFO - Sync 1 DAGs
[2024-06-11T21:31:34.428+0000] {logging_mixin.py:120} INFO - [2024-06-11T21:31:34.427+0000] {dag.py:3340} INFO - Setting next_dagrun for tutorial_taskflow_api to None, run_after=None
[2024-06-11T21:31:34.444+0000] {processor.py:176} INFO - Processing /home/airflow/.local/lib/python3.7/site-packages/airflow/example_dags/tutorial_taskflow_api.py took 0.096 seconds
[2024-06-11T21:32:04.856+0000] {processor.py:154} INFO - Started process (PID=3410) to work on /home/airflow/.local/lib/python3.7/site-packages/airflow/example_dags/tutorial_taskflow_api.py
[2024-06-11T21:32:04.857+0000] {processor.py:756} INFO - Processing file /home/airflow/.local/lib/python3.7/site-packages/airflow/example_dags/tutorial_taskflow_api.py for tasks to queue
[2024-06-11T21:32:04.858+0000] {logging_mixin.py:120} INFO - [2024-06-11T21:32:04.858+0000] {dagbag.py:537} INFO - Filling up the DagBag from /home/airflow/.local/lib/python3.7/site-packages/airflow/example_dags/tutorial_taskflow_api.py
[2024-06-11T21:32:04.875+0000] {processor.py:766} INFO - DAG(s) dict_keys(['tutorial_taskflow_api']) retrieved from /home/airflow/.local/lib/python3.7/site-packages/airflow/example_dags/tutorial_taskflow_api.py
[2024-06-11T21:32:04.910+0000] {logging_mixin.py:120} INFO - [2024-06-11T21:32:04.909+0000] {dag.py:2585} INFO - Sync 1 DAGs
[2024-06-11T21:32:04.931+0000] {logging_mixin.py:120} INFO - [2024-06-11T21:32:04.931+0000] {dag.py:3340} INFO - Setting next_dagrun for tutorial_taskflow_api to None, run_after=None
[2024-06-11T21:32:04.947+0000] {processor.py:176} INFO - Processing /home/airflow/.local/lib/python3.7/site-packages/airflow/example_dags/tutorial_taskflow_api.py took 0.094 seconds
[2024-06-11T21:32:35.101+0000] {processor.py:154} INFO - Started process (PID=3464) to work on /home/airflow/.local/lib/python3.7/site-packages/airflow/example_dags/tutorial_taskflow_api.py
[2024-06-11T21:32:35.102+0000] {processor.py:756} INFO - Processing file /home/airflow/.local/lib/python3.7/site-packages/airflow/example_dags/tutorial_taskflow_api.py for tasks to queue
[2024-06-11T21:32:35.102+0000] {logging_mixin.py:120} INFO - [2024-06-11T21:32:35.102+0000] {dagbag.py:537} INFO - Filling up the DagBag from /home/airflow/.local/lib/python3.7/site-packages/airflow/example_dags/tutorial_taskflow_api.py
[2024-06-11T21:32:35.120+0000] {processor.py:766} INFO - DAG(s) dict_keys(['tutorial_taskflow_api']) retrieved from /home/airflow/.local/lib/python3.7/site-packages/airflow/example_dags/tutorial_taskflow_api.py
[2024-06-11T21:32:35.157+0000] {logging_mixin.py:120} INFO - [2024-06-11T21:32:35.157+0000] {dag.py:2585} INFO - Sync 1 DAGs
[2024-06-11T21:32:35.180+0000] {logging_mixin.py:120} INFO - [2024-06-11T21:32:35.179+0000] {dag.py:3340} INFO - Setting next_dagrun for tutorial_taskflow_api to None, run_after=None
[2024-06-11T21:32:35.195+0000] {processor.py:176} INFO - Processing /home/airflow/.local/lib/python3.7/site-packages/airflow/example_dags/tutorial_taskflow_api.py took 0.098 seconds
[2024-06-11T21:33:05.352+0000] {processor.py:154} INFO - Started process (PID=3527) to work on /home/airflow/.local/lib/python3.7/site-packages/airflow/example_dags/tutorial_taskflow_api.py
[2024-06-11T21:33:05.353+0000] {processor.py:756} INFO - Processing file /home/airflow/.local/lib/python3.7/site-packages/airflow/example_dags/tutorial_taskflow_api.py for tasks to queue
[2024-06-11T21:33:05.354+0000] {logging_mixin.py:120} INFO - [2024-06-11T21:33:05.354+0000] {dagbag.py:537} INFO - Filling up the DagBag from /home/airflow/.local/lib/python3.7/site-packages/airflow/example_dags/tutorial_taskflow_api.py
[2024-06-11T21:33:05.372+0000] {processor.py:766} INFO - DAG(s) dict_keys(['tutorial_taskflow_api']) retrieved from /home/airflow/.local/lib/python3.7/site-packages/airflow/example_dags/tutorial_taskflow_api.py
[2024-06-11T21:33:05.408+0000] {logging_mixin.py:120} INFO - [2024-06-11T21:33:05.408+0000] {dag.py:2585} INFO - Sync 1 DAGs
[2024-06-11T21:33:05.430+0000] {logging_mixin.py:120} INFO - [2024-06-11T21:33:05.430+0000] {dag.py:3340} INFO - Setting next_dagrun for tutorial_taskflow_api to None, run_after=None
[2024-06-11T21:33:05.447+0000] {processor.py:176} INFO - Processing /home/airflow/.local/lib/python3.7/site-packages/airflow/example_dags/tutorial_taskflow_api.py took 0.097 seconds
[2024-06-11T21:33:35.578+0000] {processor.py:154} INFO - Started process (PID=3590) to work on /home/airflow/.local/lib/python3.7/site-packages/airflow/example_dags/tutorial_taskflow_api.py
[2024-06-11T21:33:35.580+0000] {processor.py:756} INFO - Processing file /home/airflow/.local/lib/python3.7/site-packages/airflow/example_dags/tutorial_taskflow_api.py for tasks to queue
[2024-06-11T21:33:35.580+0000] {logging_mixin.py:120} INFO - [2024-06-11T21:33:35.580+0000] {dagbag.py:537} INFO - Filling up the DagBag from /home/airflow/.local/lib/python3.7/site-packages/airflow/example_dags/tutorial_taskflow_api.py
[2024-06-11T21:33:35.601+0000] {processor.py:766} INFO - DAG(s) dict_keys(['tutorial_taskflow_api']) retrieved from /home/airflow/.local/lib/python3.7/site-packages/airflow/example_dags/tutorial_taskflow_api.py
[2024-06-11T21:33:35.641+0000] {logging_mixin.py:120} INFO - [2024-06-11T21:33:35.640+0000] {dag.py:2585} INFO - Sync 1 DAGs
[2024-06-11T21:33:35.666+0000] {logging_mixin.py:120} INFO - [2024-06-11T21:33:35.666+0000] {dag.py:3340} INFO - Setting next_dagrun for tutorial_taskflow_api to None, run_after=None
[2024-06-11T21:33:35.683+0000] {processor.py:176} INFO - Processing /home/airflow/.local/lib/python3.7/site-packages/airflow/example_dags/tutorial_taskflow_api.py took 0.108 seconds
[2024-06-11T21:35:17.770+0000] {processor.py:154} INFO - Started process (PID=41) to work on /home/airflow/.local/lib/python3.7/site-packages/airflow/example_dags/tutorial_taskflow_api.py
[2024-06-11T21:35:17.772+0000] {processor.py:756} INFO - Processing file /home/airflow/.local/lib/python3.7/site-packages/airflow/example_dags/tutorial_taskflow_api.py for tasks to queue
[2024-06-11T21:35:17.774+0000] {logging_mixin.py:120} INFO - [2024-06-11T21:35:17.774+0000] {dagbag.py:537} INFO - Filling up the DagBag from /home/airflow/.local/lib/python3.7/site-packages/airflow/example_dags/tutorial_taskflow_api.py
[2024-06-11T21:35:17.823+0000] {processor.py:766} INFO - DAG(s) dict_keys(['tutorial_taskflow_api']) retrieved from /home/airflow/.local/lib/python3.7/site-packages/airflow/example_dags/tutorial_taskflow_api.py
[2024-06-11T21:35:17.874+0000] {logging_mixin.py:120} INFO - [2024-06-11T21:35:17.874+0000] {dag.py:2585} INFO - Sync 1 DAGs
[2024-06-11T21:35:17.904+0000] {logging_mixin.py:120} INFO - [2024-06-11T21:35:17.904+0000] {dag.py:3340} INFO - Setting next_dagrun for tutorial_taskflow_api to None, run_after=None
[2024-06-11T21:35:17.923+0000] {processor.py:176} INFO - Processing /home/airflow/.local/lib/python3.7/site-packages/airflow/example_dags/tutorial_taskflow_api.py took 0.159 seconds
