[2024-07-16T00:00:05.909+0000] {taskinstance.py:1165} INFO - Dependencies all met for <TaskInstance: xcom_dag.t4 scheduled__2024-07-15T00:00:00+00:00 [queued]>
[2024-07-16T00:00:05.918+0000] {taskinstance.py:1165} INFO - Dependencies all met for <TaskInstance: xcom_dag.t4 scheduled__2024-07-15T00:00:00+00:00 [queued]>
[2024-07-16T00:00:05.918+0000] {taskinstance.py:1362} INFO - 
--------------------------------------------------------------------------------
[2024-07-16T00:00:05.919+0000] {taskinstance.py:1363} INFO - Starting attempt 1 of 1
[2024-07-16T00:00:05.919+0000] {taskinstance.py:1364} INFO - 
--------------------------------------------------------------------------------
[2024-07-16T00:00:05.930+0000] {taskinstance.py:1383} INFO - Executing <Task(BashOperator): t4> on 2024-07-15 00:00:00+00:00
[2024-07-16T00:00:05.936+0000] {standard_task_runner.py:82} INFO - Running: ['***', 'tasks', 'run', 'xcom_dag', 't4', 'scheduled__2024-07-15T00:00:00+00:00', '--job-id', '152', '--raw', '--subdir', 'DAGS_FOLDER/xcom_dag.py', '--cfg-path', '/tmp/tmpxuui79ff']
[2024-07-16T00:00:05.937+0000] {standard_task_runner.py:83} INFO - Job 152: Subtask t4
[2024-07-16T00:00:05.933+0000] {standard_task_runner.py:55} INFO - Started process 71 to run task
[2024-07-16T00:00:05.987+0000] {task_command.py:376} INFO - Running <TaskInstance: xcom_dag.t4 scheduled__2024-07-15T00:00:00+00:00 [running]> on host 9cbf301edbb4
[2024-07-16T00:00:06.041+0000] {taskinstance.py:1592} INFO - Exporting the following env vars:
AIRFLOW_CTX_DAG_OWNER=***
AIRFLOW_CTX_DAG_ID=xcom_dag
AIRFLOW_CTX_TASK_ID=t4
AIRFLOW_CTX_EXECUTION_DATE=2024-07-15T00:00:00+00:00
AIRFLOW_CTX_TRY_NUMBER=1
AIRFLOW_CTX_DAG_RUN_ID=scheduled__2024-07-15T00:00:00+00:00
[2024-07-16T00:00:06.042+0000] {subprocess.py:63} INFO - Tmp dir root location: 
 /tmp
[2024-07-16T00:00:06.043+0000] {subprocess.py:75} INFO - Running command: ['/bin/bash', '-c', "echo ''"]
[2024-07-16T00:00:06.049+0000] {subprocess.py:86} INFO - Output:
[2024-07-16T00:00:06.051+0000] {subprocess.py:93} INFO - 
[2024-07-16T00:00:06.051+0000] {subprocess.py:97} INFO - Command exited with return code 0
[2024-07-16T00:00:06.070+0000] {taskinstance.py:1406} INFO - Marking task as SUCCESS. dag_id=xcom_dag, task_id=t4, execution_date=20240715T000000, start_date=20240716T000005, end_date=20240716T000006
[2024-07-16T00:00:06.121+0000] {local_task_job.py:164} INFO - Task exited with return code 0
[2024-07-16T00:00:06.135+0000] {local_task_job.py:273} INFO - 0 downstream tasks scheduled from follow-on schedule check
