[2024-06-10T17:25:05.132+0000] {taskinstance.py:1165} INFO - Dependencies all met for <TaskInstance: example_bash_operator.runme_1 scheduled__2024-06-09T00:00:00+00:00 [queued]>
[2024-06-10T17:25:05.143+0000] {taskinstance.py:1165} INFO - Dependencies all met for <TaskInstance: example_bash_operator.runme_1 scheduled__2024-06-09T00:00:00+00:00 [queued]>
[2024-06-10T17:25:05.144+0000] {taskinstance.py:1362} INFO - 
--------------------------------------------------------------------------------
[2024-06-10T17:25:05.144+0000] {taskinstance.py:1363} INFO - Starting attempt 1 of 1
[2024-06-10T17:25:05.145+0000] {taskinstance.py:1364} INFO - 
--------------------------------------------------------------------------------
[2024-06-10T17:25:05.169+0000] {taskinstance.py:1383} INFO - Executing <Task(BashOperator): runme_1> on 2024-06-09 00:00:00+00:00
[2024-06-10T17:25:05.175+0000] {standard_task_runner.py:55} INFO - Started process 1961 to run task
[2024-06-10T17:25:05.180+0000] {standard_task_runner.py:82} INFO - Running: ['***', 'tasks', 'run', 'example_bash_operator', 'runme_1', 'scheduled__2024-06-09T00:00:00+00:00', '--job-id', '4', '--raw', '--subdir', '/home/***/.local/lib/python3.7/site-packages/***/example_dags/example_bash_operator.py', '--cfg-path', '/tmp/tmpozqy6cgn']
[2024-06-10T17:25:05.181+0000] {standard_task_runner.py:83} INFO - Job 4: Subtask runme_1
[2024-06-10T17:25:05.255+0000] {task_command.py:376} INFO - Running <TaskInstance: example_bash_operator.runme_1 scheduled__2024-06-09T00:00:00+00:00 [running]> on host e1b89c427937
[2024-06-10T17:25:05.327+0000] {taskinstance.py:1592} INFO - Exporting the following env vars:
AIRFLOW_CTX_DAG_OWNER=***
AIRFLOW_CTX_DAG_ID=example_bash_operator
AIRFLOW_CTX_TASK_ID=runme_1
AIRFLOW_CTX_EXECUTION_DATE=2024-06-09T00:00:00+00:00
AIRFLOW_CTX_TRY_NUMBER=1
AIRFLOW_CTX_DAG_RUN_ID=scheduled__2024-06-09T00:00:00+00:00
[2024-06-10T17:25:05.329+0000] {subprocess.py:63} INFO - Tmp dir root location: 
 /tmp
[2024-06-10T17:25:05.330+0000] {subprocess.py:75} INFO - Running command: ['/bin/bash', '-c', 'echo "example_bash_operator__runme_1__20240609" && sleep 1']
[2024-06-10T17:25:05.339+0000] {subprocess.py:86} INFO - Output:
[2024-06-10T17:25:05.341+0000] {subprocess.py:93} INFO - example_bash_operator__runme_1__20240609
[2024-06-10T17:25:06.345+0000] {subprocess.py:97} INFO - Command exited with return code 0
[2024-06-10T17:25:06.367+0000] {taskinstance.py:1406} INFO - Marking task as SUCCESS. dag_id=example_bash_operator, task_id=runme_1, execution_date=20240609T000000, start_date=20240610T172505, end_date=20240610T172506
[2024-06-10T17:25:06.384+0000] {local_task_job.py:164} INFO - Task exited with return code 0
[2024-06-10T17:25:06.420+0000] {local_task_job.py:273} INFO - 1 downstream tasks scheduled from follow-on schedule check
