[2024-07-04T20:14:18.863+0000] {processor.py:154} INFO - Started process (PID=40) to work on /opt/airflow/dags/group_dag.py
[2024-07-04T20:14:18.865+0000] {processor.py:756} INFO - Processing file /opt/airflow/dags/group_dag.py for tasks to queue
[2024-07-04T20:14:18.867+0000] {logging_mixin.py:120} INFO - [2024-07-04T20:14:18.867+0000] {dagbag.py:537} INFO - Filling up the DagBag from /opt/airflow/dags/group_dag.py
[2024-07-04T20:14:18.892+0000] {logging_mixin.py:120} INFO - [2024-07-04T20:14:18.885+0000] {dagbag.py:342} ERROR - Failed to import: /opt/airflow/dags/group_dag.py
Traceback (most recent call last):
  File "/home/airflow/.local/lib/python3.7/site-packages/airflow/models/dagbag.py", line 338, in parse
    loader.exec_module(new_module)
  File "<frozen importlib._bootstrap_external>", line 728, in exec_module
  File "<frozen importlib._bootstrap>", line 219, in _call_with_frames_removed
  File "/opt/airflow/dags/group_dag.py", line 3, in <module>
    from airlflow.operators.subdag import SubDagOperator
ModuleNotFoundError: No module named 'airlflow'
[2024-07-04T20:14:18.893+0000] {processor.py:768} WARNING - No viable dags retrieved from /opt/airflow/dags/group_dag.py
[2024-07-04T20:14:18.936+0000] {processor.py:176} INFO - Processing /opt/airflow/dags/group_dag.py took 0.082 seconds
[2024-07-04T20:14:49.167+0000] {processor.py:154} INFO - Started process (PID=119) to work on /opt/airflow/dags/group_dag.py
[2024-07-04T20:14:49.167+0000] {processor.py:756} INFO - Processing file /opt/airflow/dags/group_dag.py for tasks to queue
[2024-07-04T20:14:49.168+0000] {logging_mixin.py:120} INFO - [2024-07-04T20:14:49.168+0000] {dagbag.py:537} INFO - Filling up the DagBag from /opt/airflow/dags/group_dag.py
[2024-07-04T20:14:49.175+0000] {logging_mixin.py:120} INFO - [2024-07-04T20:14:49.173+0000] {dagbag.py:342} ERROR - Failed to import: /opt/airflow/dags/group_dag.py
Traceback (most recent call last):
  File "/home/airflow/.local/lib/python3.7/site-packages/airflow/models/dagbag.py", line 338, in parse
    loader.exec_module(new_module)
  File "<frozen importlib._bootstrap_external>", line 728, in exec_module
  File "<frozen importlib._bootstrap>", line 219, in _call_with_frames_removed
  File "/opt/airflow/dags/group_dag.py", line 3, in <module>
    from airlflow.operators.subdag import SubDagOperator
ModuleNotFoundError: No module named 'airlflow'
[2024-07-04T20:14:49.175+0000] {processor.py:768} WARNING - No viable dags retrieved from /opt/airflow/dags/group_dag.py
[2024-07-04T20:14:49.191+0000] {processor.py:176} INFO - Processing /opt/airflow/dags/group_dag.py took 0.027 seconds
[2024-07-04T20:15:19.464+0000] {processor.py:154} INFO - Started process (PID=191) to work on /opt/airflow/dags/group_dag.py
[2024-07-04T20:15:19.465+0000] {processor.py:756} INFO - Processing file /opt/airflow/dags/group_dag.py for tasks to queue
[2024-07-04T20:15:19.467+0000] {logging_mixin.py:120} INFO - [2024-07-04T20:15:19.467+0000] {dagbag.py:537} INFO - Filling up the DagBag from /opt/airflow/dags/group_dag.py
[2024-07-04T20:15:19.479+0000] {logging_mixin.py:120} INFO - [2024-07-04T20:15:19.477+0000] {dagbag.py:342} ERROR - Failed to import: /opt/airflow/dags/group_dag.py
Traceback (most recent call last):
  File "/home/airflow/.local/lib/python3.7/site-packages/airflow/models/dagbag.py", line 338, in parse
    loader.exec_module(new_module)
  File "<frozen importlib._bootstrap_external>", line 728, in exec_module
  File "<frozen importlib._bootstrap>", line 219, in _call_with_frames_removed
  File "/opt/airflow/dags/group_dag.py", line 3, in <module>
    from airlflow.operators.subdag import SubDagOperator
ModuleNotFoundError: No module named 'airlflow'
[2024-07-04T20:15:19.480+0000] {processor.py:768} WARNING - No viable dags retrieved from /opt/airflow/dags/group_dag.py
[2024-07-04T20:15:19.506+0000] {processor.py:176} INFO - Processing /opt/airflow/dags/group_dag.py took 0.048 seconds
[2024-07-04T20:15:37.348+0000] {processor.py:154} INFO - Started process (PID=244) to work on /opt/airflow/dags/group_dag.py
[2024-07-04T20:15:37.348+0000] {processor.py:756} INFO - Processing file /opt/airflow/dags/group_dag.py for tasks to queue
[2024-07-04T20:15:37.349+0000] {logging_mixin.py:120} INFO - [2024-07-04T20:15:37.349+0000] {dagbag.py:537} INFO - Filling up the DagBag from /opt/airflow/dags/group_dag.py
[2024-07-04T20:15:37.368+0000] {logging_mixin.py:120} INFO - [2024-07-04T20:15:37.367+0000] {dagbag.py:342} ERROR - Failed to import: /opt/airflow/dags/group_dag.py
Traceback (most recent call last):
  File "/home/airflow/.local/lib/python3.7/site-packages/airflow/models/dagbag.py", line 338, in parse
    loader.exec_module(new_module)
  File "<frozen importlib._bootstrap_external>", line 728, in exec_module
  File "<frozen importlib._bootstrap>", line 219, in _call_with_frames_removed
  File "/opt/airflow/dags/group_dag.py", line 4, in <module>
    from subdag.subdag_downloads import subdag_downloads, subdag_transforms
ModuleNotFoundError: No module named 'subdag'
[2024-07-04T20:15:37.399+0000] {processor.py:768} WARNING - No viable dags retrieved from /opt/airflow/dags/group_dag.py
[2024-07-04T20:15:37.416+0000] {processor.py:176} INFO - Processing /opt/airflow/dags/group_dag.py took 0.071 seconds
[2024-07-04T20:16:08.179+0000] {processor.py:154} INFO - Started process (PID=315) to work on /opt/airflow/dags/group_dag.py
[2024-07-04T20:16:08.180+0000] {processor.py:756} INFO - Processing file /opt/airflow/dags/group_dag.py for tasks to queue
[2024-07-04T20:16:08.180+0000] {logging_mixin.py:120} INFO - [2024-07-04T20:16:08.180+0000] {dagbag.py:537} INFO - Filling up the DagBag from /opt/airflow/dags/group_dag.py
[2024-07-04T20:16:08.193+0000] {logging_mixin.py:120} INFO - [2024-07-04T20:16:08.192+0000] {dagbag.py:342} ERROR - Failed to import: /opt/airflow/dags/group_dag.py
Traceback (most recent call last):
  File "/home/airflow/.local/lib/python3.7/site-packages/airflow/models/dagbag.py", line 338, in parse
    loader.exec_module(new_module)
  File "<frozen importlib._bootstrap_external>", line 728, in exec_module
  File "<frozen importlib._bootstrap>", line 219, in _call_with_frames_removed
  File "/opt/airflow/dags/group_dag.py", line 4, in <module>
    from subdag.subdag_downloads import subdag_downloads, subdag_transforms
ModuleNotFoundError: No module named 'subdag'
[2024-07-04T20:16:08.194+0000] {processor.py:768} WARNING - No viable dags retrieved from /opt/airflow/dags/group_dag.py
[2024-07-04T20:16:08.208+0000] {processor.py:176} INFO - Processing /opt/airflow/dags/group_dag.py took 0.032 seconds
[2024-07-04T20:16:13.224+0000] {processor.py:154} INFO - Started process (PID=325) to work on /opt/airflow/dags/group_dag.py
[2024-07-04T20:16:13.225+0000] {processor.py:756} INFO - Processing file /opt/airflow/dags/group_dag.py for tasks to queue
[2024-07-04T20:16:13.226+0000] {logging_mixin.py:120} INFO - [2024-07-04T20:16:13.226+0000] {dagbag.py:537} INFO - Filling up the DagBag from /opt/airflow/dags/group_dag.py
[2024-07-04T20:16:13.244+0000] {logging_mixin.py:120} INFO - [2024-07-04T20:16:13.242+0000] {dagbag.py:342} ERROR - Failed to import: /opt/airflow/dags/group_dag.py
Traceback (most recent call last):
  File "/home/airflow/.local/lib/python3.7/site-packages/airflow/models/dagbag.py", line 338, in parse
    loader.exec_module(new_module)
  File "<frozen importlib._bootstrap_external>", line 728, in exec_module
  File "<frozen importlib._bootstrap>", line 219, in _call_with_frames_removed
  File "/opt/airflow/dags/group_dag.py", line 4, in <module>
    from subdag.subdag_downloads import subdag_downloads
ModuleNotFoundError: No module named 'subdag'
[2024-07-04T20:16:13.245+0000] {processor.py:768} WARNING - No viable dags retrieved from /opt/airflow/dags/group_dag.py
[2024-07-04T20:16:13.261+0000] {processor.py:176} INFO - Processing /opt/airflow/dags/group_dag.py took 0.039 seconds
[2024-07-04T20:16:43.394+0000] {processor.py:154} INFO - Started process (PID=387) to work on /opt/airflow/dags/group_dag.py
[2024-07-04T20:16:43.395+0000] {processor.py:756} INFO - Processing file /opt/airflow/dags/group_dag.py for tasks to queue
[2024-07-04T20:16:43.396+0000] {logging_mixin.py:120} INFO - [2024-07-04T20:16:43.396+0000] {dagbag.py:537} INFO - Filling up the DagBag from /opt/airflow/dags/group_dag.py
[2024-07-04T20:16:43.410+0000] {logging_mixin.py:120} INFO - [2024-07-04T20:16:43.408+0000] {dagbag.py:342} ERROR - Failed to import: /opt/airflow/dags/group_dag.py
Traceback (most recent call last):
  File "/home/airflow/.local/lib/python3.7/site-packages/airflow/models/dagbag.py", line 338, in parse
    loader.exec_module(new_module)
  File "<frozen importlib._bootstrap_external>", line 728, in exec_module
  File "<frozen importlib._bootstrap>", line 219, in _call_with_frames_removed
  File "/opt/airflow/dags/group_dag.py", line 4, in <module>
    from subdag.subdag_downloads import subdag_downloads
ModuleNotFoundError: No module named 'subdag'
[2024-07-04T20:16:43.410+0000] {processor.py:768} WARNING - No viable dags retrieved from /opt/airflow/dags/group_dag.py
[2024-07-04T20:16:43.427+0000] {processor.py:176} INFO - Processing /opt/airflow/dags/group_dag.py took 0.036 seconds
[2024-07-04T20:17:13.587+0000] {processor.py:154} INFO - Started process (PID=458) to work on /opt/airflow/dags/group_dag.py
[2024-07-04T20:17:13.588+0000] {processor.py:756} INFO - Processing file /opt/airflow/dags/group_dag.py for tasks to queue
[2024-07-04T20:17:13.588+0000] {logging_mixin.py:120} INFO - [2024-07-04T20:17:13.588+0000] {dagbag.py:537} INFO - Filling up the DagBag from /opt/airflow/dags/group_dag.py
[2024-07-04T20:17:13.601+0000] {logging_mixin.py:120} INFO - [2024-07-04T20:17:13.600+0000] {dagbag.py:342} ERROR - Failed to import: /opt/airflow/dags/group_dag.py
Traceback (most recent call last):
  File "/home/airflow/.local/lib/python3.7/site-packages/airflow/models/dagbag.py", line 338, in parse
    loader.exec_module(new_module)
  File "<frozen importlib._bootstrap_external>", line 728, in exec_module
  File "<frozen importlib._bootstrap>", line 219, in _call_with_frames_removed
  File "/opt/airflow/dags/group_dag.py", line 4, in <module>
    from subdag.subdag_downloads import subdag_downloads
ModuleNotFoundError: No module named 'subdag'
[2024-07-04T20:17:13.602+0000] {processor.py:768} WARNING - No viable dags retrieved from /opt/airflow/dags/group_dag.py
[2024-07-04T20:17:13.618+0000] {processor.py:176} INFO - Processing /opt/airflow/dags/group_dag.py took 0.034 seconds
[2024-07-04T20:17:30.579+0000] {processor.py:154} INFO - Started process (PID=520) to work on /opt/airflow/dags/group_dag.py
[2024-07-04T20:17:30.580+0000] {processor.py:756} INFO - Processing file /opt/airflow/dags/group_dag.py for tasks to queue
[2024-07-04T20:17:30.581+0000] {logging_mixin.py:120} INFO - [2024-07-04T20:17:30.581+0000] {dagbag.py:537} INFO - Filling up the DagBag from /opt/airflow/dags/group_dag.py
[2024-07-04T20:17:30.598+0000] {logging_mixin.py:120} INFO - [2024-07-04T20:17:30.596+0000] {dagbag.py:342} ERROR - Failed to import: /opt/airflow/dags/group_dag.py
Traceback (most recent call last):
  File "/home/airflow/.local/lib/python3.7/site-packages/airflow/models/dagbag.py", line 338, in parse
    loader.exec_module(new_module)
  File "<frozen importlib._bootstrap_external>", line 728, in exec_module
  File "<frozen importlib._bootstrap>", line 219, in _call_with_frames_removed
  File "/opt/airflow/dags/group_dag.py", line 5, in <module>
    from subdags.subdag_transforms import subdag_transforms
ImportError: cannot import name 'subdag_transforms' from 'subdags.subdag_transforms' (/opt/airflow/dags/subdags/subdag_transforms.py)
[2024-07-04T20:17:30.599+0000] {processor.py:768} WARNING - No viable dags retrieved from /opt/airflow/dags/group_dag.py
[2024-07-04T20:17:30.616+0000] {processor.py:176} INFO - Processing /opt/airflow/dags/group_dag.py took 0.039 seconds
[2024-07-04T20:17:34.603+0000] {processor.py:154} INFO - Started process (PID=521) to work on /opt/airflow/dags/group_dag.py
[2024-07-04T20:17:34.604+0000] {processor.py:756} INFO - Processing file /opt/airflow/dags/group_dag.py for tasks to queue
[2024-07-04T20:17:34.605+0000] {logging_mixin.py:120} INFO - [2024-07-04T20:17:34.605+0000] {dagbag.py:537} INFO - Filling up the DagBag from /opt/airflow/dags/group_dag.py
[2024-07-04T20:17:34.621+0000] {logging_mixin.py:120} INFO - [2024-07-04T20:17:34.620+0000] {dagbag.py:342} ERROR - Failed to import: /opt/airflow/dags/group_dag.py
Traceback (most recent call last):
  File "/home/airflow/.local/lib/python3.7/site-packages/airflow/models/dagbag.py", line 338, in parse
    loader.exec_module(new_module)
  File "<frozen importlib._bootstrap_external>", line 728, in exec_module
  File "<frozen importlib._bootstrap>", line 219, in _call_with_frames_removed
  File "/opt/airflow/dags/group_dag.py", line 5, in <module>
    from subdags.subdag_transforms import subdag_transforms
ImportError: cannot import name 'subdag_transforms' from 'subdags.subdag_transforms' (/opt/airflow/dags/subdags/subdag_transforms.py)
[2024-07-04T20:17:34.622+0000] {processor.py:768} WARNING - No viable dags retrieved from /opt/airflow/dags/group_dag.py
[2024-07-04T20:17:34.639+0000] {processor.py:176} INFO - Processing /opt/airflow/dags/group_dag.py took 0.038 seconds
[2024-07-04T20:18:05.180+0000] {processor.py:154} INFO - Started process (PID=592) to work on /opt/airflow/dags/group_dag.py
[2024-07-04T20:18:05.180+0000] {processor.py:756} INFO - Processing file /opt/airflow/dags/group_dag.py for tasks to queue
[2024-07-04T20:18:05.181+0000] {logging_mixin.py:120} INFO - [2024-07-04T20:18:05.181+0000] {dagbag.py:537} INFO - Filling up the DagBag from /opt/airflow/dags/group_dag.py
[2024-07-04T20:18:05.195+0000] {logging_mixin.py:120} INFO - [2024-07-04T20:18:05.195+0000] {dagbag.py:342} ERROR - Failed to import: /opt/airflow/dags/group_dag.py
Traceback (most recent call last):
  File "/home/airflow/.local/lib/python3.7/site-packages/airflow/models/dagbag.py", line 338, in parse
    loader.exec_module(new_module)
  File "<frozen importlib._bootstrap_external>", line 728, in exec_module
  File "<frozen importlib._bootstrap>", line 219, in _call_with_frames_removed
  File "/opt/airflow/dags/group_dag.py", line 5, in <module>
    from subdags.subdag_transforms import subdag_transforms
ImportError: cannot import name 'subdag_transforms' from 'subdags.subdag_transforms' (/opt/airflow/dags/subdags/subdag_transforms.py)
[2024-07-04T20:18:05.196+0000] {processor.py:768} WARNING - No viable dags retrieved from /opt/airflow/dags/group_dag.py
[2024-07-04T20:18:05.213+0000] {processor.py:176} INFO - Processing /opt/airflow/dags/group_dag.py took 0.036 seconds
[2024-07-04T20:18:35.321+0000] {processor.py:154} INFO - Started process (PID=664) to work on /opt/airflow/dags/group_dag.py
[2024-07-04T20:18:35.322+0000] {processor.py:756} INFO - Processing file /opt/airflow/dags/group_dag.py for tasks to queue
[2024-07-04T20:18:35.323+0000] {logging_mixin.py:120} INFO - [2024-07-04T20:18:35.323+0000] {dagbag.py:537} INFO - Filling up the DagBag from /opt/airflow/dags/group_dag.py
[2024-07-04T20:18:35.342+0000] {logging_mixin.py:120} INFO - [2024-07-04T20:18:35.341+0000] {dagbag.py:342} ERROR - Failed to import: /opt/airflow/dags/group_dag.py
Traceback (most recent call last):
  File "/home/airflow/.local/lib/python3.7/site-packages/airflow/models/dagbag.py", line 338, in parse
    loader.exec_module(new_module)
  File "<frozen importlib._bootstrap_external>", line 728, in exec_module
  File "<frozen importlib._bootstrap>", line 219, in _call_with_frames_removed
  File "/opt/airflow/dags/group_dag.py", line 17, in <module>
    subdag=subdag_downloads(dag.dag_id, 'downloads', args))
  File "/opt/airflow/dags/subdags/subdag_downloads.py", line 11, in subdag_downloads
    cathup=args['catchup']) as dag:
TypeError: __init__() got an unexpected keyword argument 'cathup'
[2024-07-04T20:18:35.343+0000] {processor.py:768} WARNING - No viable dags retrieved from /opt/airflow/dags/group_dag.py
[2024-07-04T20:18:35.360+0000] {processor.py:176} INFO - Processing /opt/airflow/dags/group_dag.py took 0.041 seconds
[2024-07-04T20:19:06.049+0000] {processor.py:154} INFO - Started process (PID=726) to work on /opt/airflow/dags/group_dag.py
[2024-07-04T20:19:06.050+0000] {processor.py:756} INFO - Processing file /opt/airflow/dags/group_dag.py for tasks to queue
[2024-07-04T20:19:06.051+0000] {logging_mixin.py:120} INFO - [2024-07-04T20:19:06.051+0000] {dagbag.py:537} INFO - Filling up the DagBag from /opt/airflow/dags/group_dag.py
[2024-07-04T20:19:06.073+0000] {logging_mixin.py:120} INFO - [2024-07-04T20:19:06.072+0000] {dagbag.py:342} ERROR - Failed to import: /opt/airflow/dags/group_dag.py
Traceback (most recent call last):
  File "/home/airflow/.local/lib/python3.7/site-packages/airflow/models/dagbag.py", line 338, in parse
    loader.exec_module(new_module)
  File "<frozen importlib._bootstrap_external>", line 728, in exec_module
  File "<frozen importlib._bootstrap>", line 219, in _call_with_frames_removed
  File "/opt/airflow/dags/group_dag.py", line 17, in <module>
    subdag=subdag_downloads(dag.dag_id, 'downloads', args))
  File "/opt/airflow/dags/subdags/subdag_downloads.py", line 11, in subdag_downloads
    cathup=args['catchup']) as dag:
TypeError: __init__() got an unexpected keyword argument 'cathup'
[2024-07-04T20:19:06.074+0000] {processor.py:768} WARNING - No viable dags retrieved from /opt/airflow/dags/group_dag.py
[2024-07-04T20:19:06.089+0000] {processor.py:176} INFO - Processing /opt/airflow/dags/group_dag.py took 0.043 seconds
[2024-07-04T20:19:36.827+0000] {processor.py:154} INFO - Started process (PID=797) to work on /opt/airflow/dags/group_dag.py
[2024-07-04T20:19:36.828+0000] {processor.py:756} INFO - Processing file /opt/airflow/dags/group_dag.py for tasks to queue
[2024-07-04T20:19:36.829+0000] {logging_mixin.py:120} INFO - [2024-07-04T20:19:36.828+0000] {dagbag.py:537} INFO - Filling up the DagBag from /opt/airflow/dags/group_dag.py
[2024-07-04T20:19:36.849+0000] {logging_mixin.py:120} INFO - [2024-07-04T20:19:36.847+0000] {dagbag.py:342} ERROR - Failed to import: /opt/airflow/dags/group_dag.py
Traceback (most recent call last):
  File "/home/airflow/.local/lib/python3.7/site-packages/airflow/models/dagbag.py", line 338, in parse
    loader.exec_module(new_module)
  File "<frozen importlib._bootstrap_external>", line 728, in exec_module
  File "<frozen importlib._bootstrap>", line 219, in _call_with_frames_removed
  File "/opt/airflow/dags/group_dag.py", line 17, in <module>
    subdag=subdag_downloads(dag.dag_id, 'downloads', args))
  File "/opt/airflow/dags/subdags/subdag_downloads.py", line 11, in subdag_downloads
    cathup=args['catchup']) as dag:
TypeError: __init__() got an unexpected keyword argument 'cathup'
[2024-07-04T20:19:36.850+0000] {processor.py:768} WARNING - No viable dags retrieved from /opt/airflow/dags/group_dag.py
[2024-07-04T20:19:36.868+0000] {processor.py:176} INFO - Processing /opt/airflow/dags/group_dag.py took 0.044 seconds
[2024-07-04T20:19:49.905+0000] {processor.py:154} INFO - Started process (PID=807) to work on /opt/airflow/dags/group_dag.py
[2024-07-04T20:19:49.906+0000] {processor.py:756} INFO - Processing file /opt/airflow/dags/group_dag.py for tasks to queue
[2024-07-04T20:19:49.906+0000] {logging_mixin.py:120} INFO - [2024-07-04T20:19:49.906+0000] {dagbag.py:537} INFO - Filling up the DagBag from /opt/airflow/dags/group_dag.py
[2024-07-04T20:19:49.928+0000] {logging_mixin.py:120} INFO - [2024-07-04T20:19:49.926+0000] {dagbag.py:342} ERROR - Failed to import: /opt/airflow/dags/group_dag.py
Traceback (most recent call last):
  File "/home/airflow/.local/lib/python3.7/site-packages/airflow/models/dagbag.py", line 338, in parse
    loader.exec_module(new_module)
  File "<frozen importlib._bootstrap_external>", line 728, in exec_module
  File "<frozen importlib._bootstrap>", line 219, in _call_with_frames_removed
  File "/opt/airflow/dags/group_dag.py", line 17, in <module>
    subdag=subdag_downloads(dag.dag_id, 'downloads', args))
  File "/opt/airflow/dags/subdags/subdag_downloads.py", line 11, in subdag_downloads
    cathup=args['catchup']) as dag:
TypeError: __init__() got an unexpected keyword argument 'cathup'
[2024-07-04T20:19:49.928+0000] {processor.py:768} WARNING - No viable dags retrieved from /opt/airflow/dags/group_dag.py
[2024-07-04T20:19:49.951+0000] {processor.py:176} INFO - Processing /opt/airflow/dags/group_dag.py took 0.049 seconds
[2024-07-04T20:20:20.638+0000] {processor.py:154} INFO - Started process (PID=879) to work on /opt/airflow/dags/group_dag.py
[2024-07-04T20:20:20.639+0000] {processor.py:756} INFO - Processing file /opt/airflow/dags/group_dag.py for tasks to queue
[2024-07-04T20:20:20.640+0000] {logging_mixin.py:120} INFO - [2024-07-04T20:20:20.640+0000] {dagbag.py:537} INFO - Filling up the DagBag from /opt/airflow/dags/group_dag.py
[2024-07-04T20:20:20.658+0000] {logging_mixin.py:120} INFO - [2024-07-04T20:20:20.657+0000] {dagbag.py:342} ERROR - Failed to import: /opt/airflow/dags/group_dag.py
Traceback (most recent call last):
  File "/home/airflow/.local/lib/python3.7/site-packages/airflow/models/dagbag.py", line 338, in parse
    loader.exec_module(new_module)
  File "<frozen importlib._bootstrap_external>", line 728, in exec_module
  File "<frozen importlib._bootstrap>", line 219, in _call_with_frames_removed
  File "/opt/airflow/dags/group_dag.py", line 17, in <module>
    subdag=subdag_downloads(dag.dag_id, 'downloads', args))
  File "/opt/airflow/dags/subdags/subdag_downloads.py", line 11, in subdag_downloads
    cathup=args['catchup']) as dag:
TypeError: __init__() got an unexpected keyword argument 'cathup'
[2024-07-04T20:20:20.659+0000] {processor.py:768} WARNING - No viable dags retrieved from /opt/airflow/dags/group_dag.py
[2024-07-04T20:20:20.674+0000] {processor.py:176} INFO - Processing /opt/airflow/dags/group_dag.py took 0.038 seconds
[2024-07-04T20:20:51.460+0000] {processor.py:154} INFO - Started process (PID=951) to work on /opt/airflow/dags/group_dag.py
[2024-07-04T20:20:51.461+0000] {processor.py:756} INFO - Processing file /opt/airflow/dags/group_dag.py for tasks to queue
[2024-07-04T20:20:51.461+0000] {logging_mixin.py:120} INFO - [2024-07-04T20:20:51.461+0000] {dagbag.py:537} INFO - Filling up the DagBag from /opt/airflow/dags/group_dag.py
[2024-07-04T20:20:51.494+0000] {logging_mixin.py:120} INFO - [2024-07-04T20:20:51.493+0000] {dagbag.py:342} ERROR - Failed to import: /opt/airflow/dags/group_dag.py
Traceback (most recent call last):
  File "/home/airflow/.local/lib/python3.7/site-packages/airflow/models/dagbag.py", line 338, in parse
    loader.exec_module(new_module)
  File "<frozen importlib._bootstrap_external>", line 728, in exec_module
  File "<frozen importlib._bootstrap>", line 219, in _call_with_frames_removed
  File "/opt/airflow/dags/group_dag.py", line 43, in <module>
    subdag=subdag_transforms(dag.dag_id, 'transforms', args)
NameError: name 'subdag_transforms' is not defined
[2024-07-04T20:20:51.495+0000] {processor.py:768} WARNING - No viable dags retrieved from /opt/airflow/dags/group_dag.py
[2024-07-04T20:20:51.502+0000] {processor.py:176} INFO - Processing /opt/airflow/dags/group_dag.py took 0.045 seconds
[2024-07-04T20:21:22.074+0000] {processor.py:154} INFO - Started process (PID=1022) to work on /opt/airflow/dags/group_dag.py
[2024-07-04T20:21:22.075+0000] {processor.py:756} INFO - Processing file /opt/airflow/dags/group_dag.py for tasks to queue
[2024-07-04T20:21:22.076+0000] {logging_mixin.py:120} INFO - [2024-07-04T20:21:22.076+0000] {dagbag.py:537} INFO - Filling up the DagBag from /opt/airflow/dags/group_dag.py
[2024-07-04T20:21:22.105+0000] {logging_mixin.py:120} INFO - [2024-07-04T20:21:22.104+0000] {dagbag.py:342} ERROR - Failed to import: /opt/airflow/dags/group_dag.py
Traceback (most recent call last):
  File "/home/airflow/.local/lib/python3.7/site-packages/airflow/models/dagbag.py", line 338, in parse
    loader.exec_module(new_module)
  File "<frozen importlib._bootstrap_external>", line 728, in exec_module
  File "<frozen importlib._bootstrap>", line 219, in _call_with_frames_removed
  File "/opt/airflow/dags/group_dag.py", line 43, in <module>
    subdag=subdag_transforms(dag.dag_id, 'transforms', args)
NameError: name 'subdag_transforms' is not defined
[2024-07-04T20:21:22.106+0000] {processor.py:768} WARNING - No viable dags retrieved from /opt/airflow/dags/group_dag.py
[2024-07-04T20:21:22.114+0000] {processor.py:176} INFO - Processing /opt/airflow/dags/group_dag.py took 0.044 seconds
[2024-07-04T20:21:52.248+0000] {processor.py:154} INFO - Started process (PID=1084) to work on /opt/airflow/dags/group_dag.py
[2024-07-04T20:21:52.249+0000] {processor.py:756} INFO - Processing file /opt/airflow/dags/group_dag.py for tasks to queue
[2024-07-04T20:21:52.249+0000] {logging_mixin.py:120} INFO - [2024-07-04T20:21:52.249+0000] {dagbag.py:537} INFO - Filling up the DagBag from /opt/airflow/dags/group_dag.py
[2024-07-04T20:21:52.279+0000] {logging_mixin.py:120} INFO - [2024-07-04T20:21:52.278+0000] {dagbag.py:342} ERROR - Failed to import: /opt/airflow/dags/group_dag.py
Traceback (most recent call last):
  File "/home/airflow/.local/lib/python3.7/site-packages/airflow/models/dagbag.py", line 338, in parse
    loader.exec_module(new_module)
  File "<frozen importlib._bootstrap_external>", line 728, in exec_module
  File "<frozen importlib._bootstrap>", line 219, in _call_with_frames_removed
  File "/opt/airflow/dags/group_dag.py", line 43, in <module>
    subdag=subdag_transforms(dag.dag_id, 'transforms', args)
NameError: name 'subdag_transforms' is not defined
[2024-07-04T20:21:52.279+0000] {processor.py:768} WARNING - No viable dags retrieved from /opt/airflow/dags/group_dag.py
[2024-07-04T20:21:52.287+0000] {processor.py:176} INFO - Processing /opt/airflow/dags/group_dag.py took 0.042 seconds
[2024-07-04T20:22:36.807+0000] {processor.py:154} INFO - Started process (PID=43) to work on /opt/airflow/dags/group_dag.py
[2024-07-04T20:22:36.809+0000] {processor.py:756} INFO - Processing file /opt/airflow/dags/group_dag.py for tasks to queue
[2024-07-04T20:22:36.810+0000] {logging_mixin.py:120} INFO - [2024-07-04T20:22:36.810+0000] {dagbag.py:537} INFO - Filling up the DagBag from /opt/airflow/dags/group_dag.py
[2024-07-04T20:22:36.855+0000] {logging_mixin.py:120} INFO - [2024-07-04T20:22:36.854+0000] {dagbag.py:342} ERROR - Failed to import: /opt/airflow/dags/group_dag.py
Traceback (most recent call last):
  File "/home/airflow/.local/lib/python3.7/site-packages/airflow/models/dagbag.py", line 338, in parse
    loader.exec_module(new_module)
  File "<frozen importlib._bootstrap_external>", line 728, in exec_module
  File "<frozen importlib._bootstrap>", line 219, in _call_with_frames_removed
  File "/opt/airflow/dags/group_dag.py", line 43, in <module>
    subdag=subdag_transforms(dag.dag_id, 'transforms', args)
NameError: name 'subdag_transforms' is not defined
[2024-07-04T20:22:36.856+0000] {processor.py:768} WARNING - No viable dags retrieved from /opt/airflow/dags/group_dag.py
[2024-07-04T20:22:36.873+0000] {processor.py:176} INFO - Processing /opt/airflow/dags/group_dag.py took 0.070 seconds
[2024-07-04T20:23:07.605+0000] {processor.py:154} INFO - Started process (PID=78) to work on /opt/airflow/dags/group_dag.py
[2024-07-04T20:23:07.606+0000] {processor.py:756} INFO - Processing file /opt/airflow/dags/group_dag.py for tasks to queue
[2024-07-04T20:23:07.607+0000] {logging_mixin.py:120} INFO - [2024-07-04T20:23:07.607+0000] {dagbag.py:537} INFO - Filling up the DagBag from /opt/airflow/dags/group_dag.py
[2024-07-04T20:23:07.650+0000] {logging_mixin.py:120} INFO - [2024-07-04T20:23:07.649+0000] {dagbag.py:342} ERROR - Failed to import: /opt/airflow/dags/group_dag.py
Traceback (most recent call last):
  File "/home/airflow/.local/lib/python3.7/site-packages/airflow/models/dagbag.py", line 338, in parse
    loader.exec_module(new_module)
  File "<frozen importlib._bootstrap_external>", line 728, in exec_module
  File "<frozen importlib._bootstrap>", line 219, in _call_with_frames_removed
  File "/opt/airflow/dags/group_dag.py", line 43, in <module>
    subdag=subdag_transforms(dag.dag_id, 'transforms', args)
NameError: name 'subdag_transforms' is not defined
[2024-07-04T20:23:07.651+0000] {processor.py:768} WARNING - No viable dags retrieved from /opt/airflow/dags/group_dag.py
[2024-07-04T20:23:07.665+0000] {processor.py:176} INFO - Processing /opt/airflow/dags/group_dag.py took 0.069 seconds
[2024-07-04T20:23:15.981+0000] {processor.py:154} INFO - Started process (PID=93) to work on /opt/airflow/dags/group_dag.py
[2024-07-04T20:23:15.982+0000] {processor.py:756} INFO - Processing file /opt/airflow/dags/group_dag.py for tasks to queue
[2024-07-04T20:23:15.983+0000] {logging_mixin.py:120} INFO - [2024-07-04T20:23:15.983+0000] {dagbag.py:537} INFO - Filling up the DagBag from /opt/airflow/dags/group_dag.py
[2024-07-04T20:23:16.022+0000] {processor.py:766} INFO - DAG(s) dict_keys(['group_dag.transforms', 'group_dag.downloads', 'group_dag']) retrieved from /opt/airflow/dags/group_dag.py
[2024-07-04T20:23:16.258+0000] {logging_mixin.py:120} INFO - [2024-07-04T20:23:16.258+0000] {manager.py:507} INFO - Created Permission View: can delete on DAG:group_dag
[2024-07-04T20:23:16.265+0000] {logging_mixin.py:120} INFO - [2024-07-04T20:23:16.265+0000] {manager.py:507} INFO - Created Permission View: can read on DAG:group_dag
[2024-07-04T20:23:16.270+0000] {logging_mixin.py:120} INFO - [2024-07-04T20:23:16.270+0000] {manager.py:507} INFO - Created Permission View: can edit on DAG:group_dag
[2024-07-04T20:23:16.270+0000] {logging_mixin.py:120} INFO - [2024-07-04T20:23:16.270+0000] {dag.py:2585} INFO - Sync 3 DAGs
[2024-07-04T20:23:16.282+0000] {logging_mixin.py:120} INFO - [2024-07-04T20:23:16.282+0000] {dag.py:2606} INFO - Creating ORM DAG for group_dag
[2024-07-04T20:23:16.283+0000] {logging_mixin.py:120} INFO - [2024-07-04T20:23:16.283+0000] {dag.py:2606} INFO - Creating ORM DAG for group_dag.downloads
[2024-07-04T20:23:16.283+0000] {logging_mixin.py:120} INFO - [2024-07-04T20:23:16.283+0000] {dag.py:2606} INFO - Creating ORM DAG for group_dag.transforms
[2024-07-04T20:23:16.294+0000] {logging_mixin.py:120} INFO - [2024-07-04T20:23:16.294+0000] {dag.py:3340} INFO - Setting next_dagrun for group_dag to 2024-07-03T00:00:00+00:00, run_after=2024-07-04T00:00:00+00:00
[2024-07-04T20:23:16.295+0000] {logging_mixin.py:120} INFO - [2024-07-04T20:23:16.295+0000] {dag.py:3340} INFO - Setting next_dagrun for group_dag.downloads to None, run_after=None
[2024-07-04T20:23:16.295+0000] {logging_mixin.py:120} INFO - [2024-07-04T20:23:16.295+0000] {dag.py:3340} INFO - Setting next_dagrun for group_dag.transforms to None, run_after=None
[2024-07-04T20:23:16.303+0000] {logging_mixin.py:120} INFO - [2024-07-04T20:23:16.303+0000] {dag.py:2585} INFO - Sync 2 DAGs
[2024-07-04T20:23:16.324+0000] {logging_mixin.py:120} INFO - [2024-07-04T20:23:16.324+0000] {dag.py:3340} INFO - Setting next_dagrun for group_dag.downloads to None, run_after=None
[2024-07-04T20:23:16.327+0000] {logging_mixin.py:120} INFO - [2024-07-04T20:23:16.327+0000] {dag.py:3340} INFO - Setting next_dagrun for group_dag.transforms to None, run_after=None
[2024-07-04T20:23:16.337+0000] {processor.py:176} INFO - Processing /opt/airflow/dags/group_dag.py took 0.359 seconds
[2024-07-04T20:23:46.529+0000] {processor.py:154} INFO - Started process (PID=133) to work on /opt/airflow/dags/group_dag.py
[2024-07-04T20:23:46.531+0000] {processor.py:756} INFO - Processing file /opt/airflow/dags/group_dag.py for tasks to queue
[2024-07-04T20:23:46.532+0000] {logging_mixin.py:120} INFO - [2024-07-04T20:23:46.532+0000] {dagbag.py:537} INFO - Filling up the DagBag from /opt/airflow/dags/group_dag.py
[2024-07-04T20:23:46.568+0000] {processor.py:766} INFO - DAG(s) dict_keys(['group_dag.downloads', 'group_dag.transforms', 'group_dag']) retrieved from /opt/airflow/dags/group_dag.py
[2024-07-04T20:23:46.732+0000] {logging_mixin.py:120} INFO - [2024-07-04T20:23:46.731+0000] {dag.py:2585} INFO - Sync 3 DAGs
[2024-07-04T20:23:46.775+0000] {logging_mixin.py:120} INFO - [2024-07-04T20:23:46.775+0000] {dag.py:3340} INFO - Setting next_dagrun for group_dag to 2024-07-04T00:00:00+00:00, run_after=2024-07-05T00:00:00+00:00
[2024-07-04T20:23:46.779+0000] {logging_mixin.py:120} INFO - [2024-07-04T20:23:46.779+0000] {dag.py:3340} INFO - Setting next_dagrun for group_dag.downloads to None, run_after=None
[2024-07-04T20:23:46.781+0000] {logging_mixin.py:120} INFO - [2024-07-04T20:23:46.781+0000] {dag.py:3340} INFO - Setting next_dagrun for group_dag.transforms to None, run_after=None
[2024-07-04T20:23:46.790+0000] {logging_mixin.py:120} INFO - [2024-07-04T20:23:46.790+0000] {dag.py:2585} INFO - Sync 2 DAGs
[2024-07-04T20:23:46.798+0000] {logging_mixin.py:120} INFO - [2024-07-04T20:23:46.797+0000] {dag.py:3340} INFO - Setting next_dagrun for group_dag.downloads to None, run_after=None
[2024-07-04T20:23:46.798+0000] {logging_mixin.py:120} INFO - [2024-07-04T20:23:46.798+0000] {dag.py:3340} INFO - Setting next_dagrun for group_dag.transforms to None, run_after=None
[2024-07-04T20:23:46.822+0000] {processor.py:176} INFO - Processing /opt/airflow/dags/group_dag.py took 0.295 seconds
[2024-07-04T20:24:16.950+0000] {processor.py:154} INFO - Started process (PID=159) to work on /opt/airflow/dags/group_dag.py
[2024-07-04T20:24:16.950+0000] {processor.py:756} INFO - Processing file /opt/airflow/dags/group_dag.py for tasks to queue
[2024-07-04T20:24:16.951+0000] {logging_mixin.py:120} INFO - [2024-07-04T20:24:16.951+0000] {dagbag.py:537} INFO - Filling up the DagBag from /opt/airflow/dags/group_dag.py
[2024-07-04T20:24:16.986+0000] {processor.py:766} INFO - DAG(s) dict_keys(['group_dag.downloads', 'group_dag.transforms', 'group_dag']) retrieved from /opt/airflow/dags/group_dag.py
[2024-07-04T20:24:17.132+0000] {logging_mixin.py:120} INFO - [2024-07-04T20:24:17.131+0000] {dag.py:2585} INFO - Sync 3 DAGs
[2024-07-04T20:24:17.156+0000] {logging_mixin.py:120} INFO - [2024-07-04T20:24:17.155+0000] {dag.py:3340} INFO - Setting next_dagrun for group_dag to 2024-07-04T00:00:00+00:00, run_after=2024-07-05T00:00:00+00:00
[2024-07-04T20:24:17.160+0000] {logging_mixin.py:120} INFO - [2024-07-04T20:24:17.160+0000] {dag.py:3340} INFO - Setting next_dagrun for group_dag.downloads to None, run_after=None
[2024-07-04T20:24:17.161+0000] {logging_mixin.py:120} INFO - [2024-07-04T20:24:17.161+0000] {dag.py:3340} INFO - Setting next_dagrun for group_dag.transforms to None, run_after=None
[2024-07-04T20:24:17.167+0000] {logging_mixin.py:120} INFO - [2024-07-04T20:24:17.167+0000] {dag.py:2585} INFO - Sync 2 DAGs
[2024-07-04T20:24:17.171+0000] {logging_mixin.py:120} INFO - [2024-07-04T20:24:17.171+0000] {dag.py:3340} INFO - Setting next_dagrun for group_dag.downloads to None, run_after=None
[2024-07-04T20:24:17.172+0000] {logging_mixin.py:120} INFO - [2024-07-04T20:24:17.172+0000] {dag.py:3340} INFO - Setting next_dagrun for group_dag.transforms to None, run_after=None
[2024-07-04T20:24:17.181+0000] {processor.py:176} INFO - Processing /opt/airflow/dags/group_dag.py took 0.234 seconds
[2024-07-04T20:24:40.238+0000] {processor.py:154} INFO - Started process (PID=192) to work on /opt/airflow/dags/group_dag.py
[2024-07-04T20:24:40.239+0000] {processor.py:756} INFO - Processing file /opt/airflow/dags/group_dag.py for tasks to queue
[2024-07-04T20:24:40.240+0000] {logging_mixin.py:120} INFO - [2024-07-04T20:24:40.240+0000] {dagbag.py:537} INFO - Filling up the DagBag from /opt/airflow/dags/group_dag.py
[2024-07-04T20:24:40.278+0000] {processor.py:766} INFO - DAG(s) dict_keys(['group_dag.downloads', 'group_dag.transforms', 'group_dag']) retrieved from /opt/airflow/dags/group_dag.py
[2024-07-04T20:24:40.430+0000] {logging_mixin.py:120} INFO - [2024-07-04T20:24:40.430+0000] {dag.py:2585} INFO - Sync 3 DAGs
[2024-07-04T20:24:40.453+0000] {logging_mixin.py:120} INFO - [2024-07-04T20:24:40.453+0000] {dag.py:3340} INFO - Setting next_dagrun for group_dag to 2024-07-04T00:00:00+00:00, run_after=2024-07-05T00:00:00+00:00
[2024-07-04T20:24:40.456+0000] {logging_mixin.py:120} INFO - [2024-07-04T20:24:40.456+0000] {dag.py:3340} INFO - Setting next_dagrun for group_dag.downloads to None, run_after=None
[2024-07-04T20:24:40.458+0000] {logging_mixin.py:120} INFO - [2024-07-04T20:24:40.458+0000] {dag.py:3340} INFO - Setting next_dagrun for group_dag.transforms to None, run_after=None
[2024-07-04T20:24:40.465+0000] {logging_mixin.py:120} INFO - [2024-07-04T20:24:40.465+0000] {dag.py:2585} INFO - Sync 2 DAGs
[2024-07-04T20:24:40.470+0000] {logging_mixin.py:120} INFO - [2024-07-04T20:24:40.470+0000] {dag.py:3340} INFO - Setting next_dagrun for group_dag.downloads to None, run_after=None
[2024-07-04T20:24:40.471+0000] {logging_mixin.py:120} INFO - [2024-07-04T20:24:40.471+0000] {dag.py:3340} INFO - Setting next_dagrun for group_dag.transforms to None, run_after=None
[2024-07-04T20:24:40.481+0000] {processor.py:176} INFO - Processing /opt/airflow/dags/group_dag.py took 0.246 seconds
[2024-07-04T20:25:10.908+0000] {processor.py:154} INFO - Started process (PID=218) to work on /opt/airflow/dags/group_dag.py
[2024-07-04T20:25:10.908+0000] {processor.py:756} INFO - Processing file /opt/airflow/dags/group_dag.py for tasks to queue
[2024-07-04T20:25:10.909+0000] {logging_mixin.py:120} INFO - [2024-07-04T20:25:10.909+0000] {dagbag.py:537} INFO - Filling up the DagBag from /opt/airflow/dags/group_dag.py
[2024-07-04T20:25:10.948+0000] {processor.py:766} INFO - DAG(s) dict_keys(['group_dag.downloads', 'group_dag.transforms', 'group_dag']) retrieved from /opt/airflow/dags/group_dag.py
[2024-07-04T20:25:11.097+0000] {logging_mixin.py:120} INFO - [2024-07-04T20:25:11.097+0000] {dag.py:2585} INFO - Sync 3 DAGs
[2024-07-04T20:25:11.120+0000] {logging_mixin.py:120} INFO - [2024-07-04T20:25:11.120+0000] {dag.py:3340} INFO - Setting next_dagrun for group_dag to 2024-07-04T00:00:00+00:00, run_after=2024-07-05T00:00:00+00:00
[2024-07-04T20:25:11.124+0000] {logging_mixin.py:120} INFO - [2024-07-04T20:25:11.124+0000] {dag.py:3340} INFO - Setting next_dagrun for group_dag.downloads to None, run_after=None
[2024-07-04T20:25:11.125+0000] {logging_mixin.py:120} INFO - [2024-07-04T20:25:11.125+0000] {dag.py:3340} INFO - Setting next_dagrun for group_dag.transforms to None, run_after=None
[2024-07-04T20:25:11.131+0000] {logging_mixin.py:120} INFO - [2024-07-04T20:25:11.131+0000] {dag.py:2585} INFO - Sync 2 DAGs
[2024-07-04T20:25:11.135+0000] {logging_mixin.py:120} INFO - [2024-07-04T20:25:11.135+0000] {dag.py:3340} INFO - Setting next_dagrun for group_dag.downloads to None, run_after=None
[2024-07-04T20:25:11.136+0000] {logging_mixin.py:120} INFO - [2024-07-04T20:25:11.136+0000] {dag.py:3340} INFO - Setting next_dagrun for group_dag.transforms to None, run_after=None
[2024-07-04T20:25:11.145+0000] {processor.py:176} INFO - Processing /opt/airflow/dags/group_dag.py took 0.240 seconds
[2024-07-04T20:25:41.468+0000] {processor.py:154} INFO - Started process (PID=253) to work on /opt/airflow/dags/group_dag.py
[2024-07-04T20:25:41.469+0000] {processor.py:756} INFO - Processing file /opt/airflow/dags/group_dag.py for tasks to queue
[2024-07-04T20:25:41.469+0000] {logging_mixin.py:120} INFO - [2024-07-04T20:25:41.469+0000] {dagbag.py:537} INFO - Filling up the DagBag from /opt/airflow/dags/group_dag.py
[2024-07-04T20:25:41.504+0000] {processor.py:766} INFO - DAG(s) dict_keys(['group_dag.transforms', 'group_dag.downloads', 'group_dag']) retrieved from /opt/airflow/dags/group_dag.py
[2024-07-04T20:25:41.649+0000] {logging_mixin.py:120} INFO - [2024-07-04T20:25:41.649+0000] {dag.py:2585} INFO - Sync 3 DAGs
[2024-07-04T20:25:41.671+0000] {logging_mixin.py:120} INFO - [2024-07-04T20:25:41.671+0000] {dag.py:3340} INFO - Setting next_dagrun for group_dag to 2024-07-04T00:00:00+00:00, run_after=2024-07-05T00:00:00+00:00
[2024-07-04T20:25:41.674+0000] {logging_mixin.py:120} INFO - [2024-07-04T20:25:41.674+0000] {dag.py:3340} INFO - Setting next_dagrun for group_dag.downloads to None, run_after=None
[2024-07-04T20:25:41.675+0000] {logging_mixin.py:120} INFO - [2024-07-04T20:25:41.675+0000] {dag.py:3340} INFO - Setting next_dagrun for group_dag.transforms to None, run_after=None
[2024-07-04T20:25:41.680+0000] {logging_mixin.py:120} INFO - [2024-07-04T20:25:41.680+0000] {dag.py:2585} INFO - Sync 2 DAGs
[2024-07-04T20:25:41.684+0000] {logging_mixin.py:120} INFO - [2024-07-04T20:25:41.684+0000] {dag.py:3340} INFO - Setting next_dagrun for group_dag.downloads to None, run_after=None
[2024-07-04T20:25:41.684+0000] {logging_mixin.py:120} INFO - [2024-07-04T20:25:41.684+0000] {dag.py:3340} INFO - Setting next_dagrun for group_dag.transforms to None, run_after=None
[2024-07-04T20:25:41.694+0000] {processor.py:176} INFO - Processing /opt/airflow/dags/group_dag.py took 0.230 seconds
[2024-07-04T20:25:45.733+0000] {processor.py:154} INFO - Started process (PID=256) to work on /opt/airflow/dags/group_dag.py
[2024-07-04T20:25:45.734+0000] {processor.py:756} INFO - Processing file /opt/airflow/dags/group_dag.py for tasks to queue
[2024-07-04T20:25:45.735+0000] {logging_mixin.py:120} INFO - [2024-07-04T20:25:45.735+0000] {dagbag.py:537} INFO - Filling up the DagBag from /opt/airflow/dags/group_dag.py
[2024-07-04T20:25:45.772+0000] {processor.py:766} INFO - DAG(s) dict_keys(['group_dag.downloads', 'group_dag.transforms', 'group_dag']) retrieved from /opt/airflow/dags/group_dag.py
[2024-07-04T20:25:45.924+0000] {logging_mixin.py:120} INFO - [2024-07-04T20:25:45.924+0000] {dag.py:2585} INFO - Sync 3 DAGs
[2024-07-04T20:25:45.950+0000] {logging_mixin.py:120} INFO - [2024-07-04T20:25:45.950+0000] {dag.py:3340} INFO - Setting next_dagrun for group_dag to 2024-07-04T00:00:00+00:00, run_after=2024-07-05T00:00:00+00:00
[2024-07-04T20:25:45.954+0000] {logging_mixin.py:120} INFO - [2024-07-04T20:25:45.954+0000] {dag.py:3340} INFO - Setting next_dagrun for group_dag.downloads to None, run_after=None
[2024-07-04T20:25:45.955+0000] {logging_mixin.py:120} INFO - [2024-07-04T20:25:45.955+0000] {dag.py:3340} INFO - Setting next_dagrun for group_dag.transforms to None, run_after=None
[2024-07-04T20:25:45.963+0000] {logging_mixin.py:120} INFO - [2024-07-04T20:25:45.963+0000] {dag.py:2585} INFO - Sync 2 DAGs
[2024-07-04T20:25:45.969+0000] {logging_mixin.py:120} INFO - [2024-07-04T20:25:45.969+0000] {dag.py:3340} INFO - Setting next_dagrun for group_dag.downloads to None, run_after=None
[2024-07-04T20:25:45.985+0000] {logging_mixin.py:120} INFO - [2024-07-04T20:25:45.985+0000] {dag.py:3340} INFO - Setting next_dagrun for group_dag.transforms to None, run_after=None
[2024-07-04T20:25:45.995+0000] {processor.py:176} INFO - Processing /opt/airflow/dags/group_dag.py took 0.265 seconds
[2024-07-04T20:26:16.175+0000] {processor.py:154} INFO - Started process (PID=291) to work on /opt/airflow/dags/group_dag.py
[2024-07-04T20:26:16.176+0000] {processor.py:756} INFO - Processing file /opt/airflow/dags/group_dag.py for tasks to queue
[2024-07-04T20:26:16.176+0000] {logging_mixin.py:120} INFO - [2024-07-04T20:26:16.176+0000] {dagbag.py:537} INFO - Filling up the DagBag from /opt/airflow/dags/group_dag.py
[2024-07-04T20:26:16.213+0000] {processor.py:766} INFO - DAG(s) dict_keys(['group_dag.downloads', 'group_dag.transforms', 'group_dag']) retrieved from /opt/airflow/dags/group_dag.py
[2024-07-04T20:26:16.365+0000] {logging_mixin.py:120} INFO - [2024-07-04T20:26:16.365+0000] {dag.py:2585} INFO - Sync 3 DAGs
[2024-07-04T20:26:16.389+0000] {logging_mixin.py:120} INFO - [2024-07-04T20:26:16.389+0000] {dag.py:3340} INFO - Setting next_dagrun for group_dag to 2024-07-04T00:00:00+00:00, run_after=2024-07-05T00:00:00+00:00
[2024-07-04T20:26:16.392+0000] {logging_mixin.py:120} INFO - [2024-07-04T20:26:16.392+0000] {dag.py:3340} INFO - Setting next_dagrun for group_dag.downloads to None, run_after=None
[2024-07-04T20:26:16.394+0000] {logging_mixin.py:120} INFO - [2024-07-04T20:26:16.393+0000] {dag.py:3340} INFO - Setting next_dagrun for group_dag.transforms to None, run_after=None
[2024-07-04T20:26:16.400+0000] {logging_mixin.py:120} INFO - [2024-07-04T20:26:16.400+0000] {dag.py:2585} INFO - Sync 2 DAGs
[2024-07-04T20:26:16.404+0000] {logging_mixin.py:120} INFO - [2024-07-04T20:26:16.404+0000] {dag.py:3340} INFO - Setting next_dagrun for group_dag.downloads to None, run_after=None
[2024-07-04T20:26:16.405+0000] {logging_mixin.py:120} INFO - [2024-07-04T20:26:16.405+0000] {dag.py:3340} INFO - Setting next_dagrun for group_dag.transforms to None, run_after=None
[2024-07-04T20:26:16.416+0000] {processor.py:176} INFO - Processing /opt/airflow/dags/group_dag.py took 0.244 seconds
[2024-07-04T20:26:46.628+0000] {processor.py:154} INFO - Started process (PID=326) to work on /opt/airflow/dags/group_dag.py
[2024-07-04T20:26:46.629+0000] {processor.py:756} INFO - Processing file /opt/airflow/dags/group_dag.py for tasks to queue
[2024-07-04T20:26:46.630+0000] {logging_mixin.py:120} INFO - [2024-07-04T20:26:46.630+0000] {dagbag.py:537} INFO - Filling up the DagBag from /opt/airflow/dags/group_dag.py
[2024-07-04T20:26:46.668+0000] {processor.py:766} INFO - DAG(s) dict_keys(['group_dag.downloads', 'group_dag.transforms', 'group_dag']) retrieved from /opt/airflow/dags/group_dag.py
[2024-07-04T20:26:46.833+0000] {logging_mixin.py:120} INFO - [2024-07-04T20:26:46.833+0000] {dag.py:2585} INFO - Sync 3 DAGs
[2024-07-04T20:26:46.861+0000] {logging_mixin.py:120} INFO - [2024-07-04T20:26:46.861+0000] {dag.py:3340} INFO - Setting next_dagrun for group_dag to 2024-07-04T00:00:00+00:00, run_after=2024-07-05T00:00:00+00:00
[2024-07-04T20:26:46.864+0000] {logging_mixin.py:120} INFO - [2024-07-04T20:26:46.864+0000] {dag.py:3340} INFO - Setting next_dagrun for group_dag.downloads to None, run_after=None
[2024-07-04T20:26:46.865+0000] {logging_mixin.py:120} INFO - [2024-07-04T20:26:46.865+0000] {dag.py:3340} INFO - Setting next_dagrun for group_dag.transforms to None, run_after=None
[2024-07-04T20:26:46.870+0000] {logging_mixin.py:120} INFO - [2024-07-04T20:26:46.870+0000] {dag.py:2585} INFO - Sync 2 DAGs
[2024-07-04T20:26:46.875+0000] {logging_mixin.py:120} INFO - [2024-07-04T20:26:46.875+0000] {dag.py:3340} INFO - Setting next_dagrun for group_dag.downloads to None, run_after=None
[2024-07-04T20:26:46.875+0000] {logging_mixin.py:120} INFO - [2024-07-04T20:26:46.875+0000] {dag.py:3340} INFO - Setting next_dagrun for group_dag.transforms to None, run_after=None
[2024-07-04T20:26:46.885+0000] {processor.py:176} INFO - Processing /opt/airflow/dags/group_dag.py took 0.260 seconds
[2024-07-04T20:27:17.059+0000] {processor.py:154} INFO - Started process (PID=361) to work on /opt/airflow/dags/group_dag.py
[2024-07-04T20:27:17.060+0000] {processor.py:756} INFO - Processing file /opt/airflow/dags/group_dag.py for tasks to queue
[2024-07-04T20:27:17.061+0000] {logging_mixin.py:120} INFO - [2024-07-04T20:27:17.060+0000] {dagbag.py:537} INFO - Filling up the DagBag from /opt/airflow/dags/group_dag.py
[2024-07-04T20:27:17.096+0000] {processor.py:766} INFO - DAG(s) dict_keys(['group_dag.downloads', 'group_dag.transforms', 'group_dag']) retrieved from /opt/airflow/dags/group_dag.py
[2024-07-04T20:27:17.245+0000] {logging_mixin.py:120} INFO - [2024-07-04T20:27:17.244+0000] {dag.py:2585} INFO - Sync 3 DAGs
[2024-07-04T20:27:17.267+0000] {logging_mixin.py:120} INFO - [2024-07-04T20:27:17.267+0000] {dag.py:3340} INFO - Setting next_dagrun for group_dag to 2024-07-04T00:00:00+00:00, run_after=2024-07-05T00:00:00+00:00
[2024-07-04T20:27:17.270+0000] {logging_mixin.py:120} INFO - [2024-07-04T20:27:17.270+0000] {dag.py:3340} INFO - Setting next_dagrun for group_dag.downloads to None, run_after=None
[2024-07-04T20:27:17.272+0000] {logging_mixin.py:120} INFO - [2024-07-04T20:27:17.272+0000] {dag.py:3340} INFO - Setting next_dagrun for group_dag.transforms to None, run_after=None
[2024-07-04T20:27:17.277+0000] {logging_mixin.py:120} INFO - [2024-07-04T20:27:17.277+0000] {dag.py:2585} INFO - Sync 2 DAGs
[2024-07-04T20:27:17.282+0000] {logging_mixin.py:120} INFO - [2024-07-04T20:27:17.282+0000] {dag.py:3340} INFO - Setting next_dagrun for group_dag.downloads to None, run_after=None
[2024-07-04T20:27:17.282+0000] {logging_mixin.py:120} INFO - [2024-07-04T20:27:17.282+0000] {dag.py:3340} INFO - Setting next_dagrun for group_dag.transforms to None, run_after=None
[2024-07-04T20:27:17.292+0000] {processor.py:176} INFO - Processing /opt/airflow/dags/group_dag.py took 0.236 seconds
[2024-07-04T20:27:47.663+0000] {processor.py:154} INFO - Started process (PID=394) to work on /opt/airflow/dags/group_dag.py
[2024-07-04T20:27:47.665+0000] {processor.py:756} INFO - Processing file /opt/airflow/dags/group_dag.py for tasks to queue
[2024-07-04T20:27:47.666+0000] {logging_mixin.py:120} INFO - [2024-07-04T20:27:47.666+0000] {dagbag.py:537} INFO - Filling up the DagBag from /opt/airflow/dags/group_dag.py
[2024-07-04T20:27:47.704+0000] {processor.py:766} INFO - DAG(s) dict_keys(['group_dag.downloads', 'group_dag.transforms', 'group_dag']) retrieved from /opt/airflow/dags/group_dag.py
[2024-07-04T20:27:47.860+0000] {logging_mixin.py:120} INFO - [2024-07-04T20:27:47.860+0000] {dag.py:2585} INFO - Sync 3 DAGs
[2024-07-04T20:27:47.885+0000] {logging_mixin.py:120} INFO - [2024-07-04T20:27:47.884+0000] {dag.py:3340} INFO - Setting next_dagrun for group_dag to 2024-07-04T00:00:00+00:00, run_after=2024-07-05T00:00:00+00:00
[2024-07-04T20:27:47.888+0000] {logging_mixin.py:120} INFO - [2024-07-04T20:27:47.888+0000] {dag.py:3340} INFO - Setting next_dagrun for group_dag.downloads to None, run_after=None
[2024-07-04T20:27:47.889+0000] {logging_mixin.py:120} INFO - [2024-07-04T20:27:47.889+0000] {dag.py:3340} INFO - Setting next_dagrun for group_dag.transforms to None, run_after=None
[2024-07-04T20:27:47.895+0000] {logging_mixin.py:120} INFO - [2024-07-04T20:27:47.895+0000] {dag.py:2585} INFO - Sync 2 DAGs
[2024-07-04T20:27:47.900+0000] {logging_mixin.py:120} INFO - [2024-07-04T20:27:47.900+0000] {dag.py:3340} INFO - Setting next_dagrun for group_dag.downloads to None, run_after=None
[2024-07-04T20:27:47.901+0000] {logging_mixin.py:120} INFO - [2024-07-04T20:27:47.901+0000] {dag.py:3340} INFO - Setting next_dagrun for group_dag.transforms to None, run_after=None
[2024-07-04T20:27:47.912+0000] {processor.py:176} INFO - Processing /opt/airflow/dags/group_dag.py took 0.252 seconds
[2024-07-04T20:28:18.090+0000] {processor.py:154} INFO - Started process (PID=420) to work on /opt/airflow/dags/group_dag.py
[2024-07-04T20:28:18.091+0000] {processor.py:756} INFO - Processing file /opt/airflow/dags/group_dag.py for tasks to queue
[2024-07-04T20:28:18.092+0000] {logging_mixin.py:120} INFO - [2024-07-04T20:28:18.092+0000] {dagbag.py:537} INFO - Filling up the DagBag from /opt/airflow/dags/group_dag.py
[2024-07-04T20:28:18.130+0000] {processor.py:766} INFO - DAG(s) dict_keys(['group_dag.transforms', 'group_dag.downloads', 'group_dag']) retrieved from /opt/airflow/dags/group_dag.py
[2024-07-04T20:28:18.282+0000] {logging_mixin.py:120} INFO - [2024-07-04T20:28:18.282+0000] {dag.py:2585} INFO - Sync 3 DAGs
[2024-07-04T20:28:18.306+0000] {logging_mixin.py:120} INFO - [2024-07-04T20:28:18.305+0000] {dag.py:3340} INFO - Setting next_dagrun for group_dag to 2024-07-04T00:00:00+00:00, run_after=2024-07-05T00:00:00+00:00
[2024-07-04T20:28:18.309+0000] {logging_mixin.py:120} INFO - [2024-07-04T20:28:18.309+0000] {dag.py:3340} INFO - Setting next_dagrun for group_dag.downloads to None, run_after=None
[2024-07-04T20:28:18.310+0000] {logging_mixin.py:120} INFO - [2024-07-04T20:28:18.310+0000] {dag.py:3340} INFO - Setting next_dagrun for group_dag.transforms to None, run_after=None
[2024-07-04T20:28:18.316+0000] {logging_mixin.py:120} INFO - [2024-07-04T20:28:18.316+0000] {dag.py:2585} INFO - Sync 2 DAGs
[2024-07-04T20:28:18.321+0000] {logging_mixin.py:120} INFO - [2024-07-04T20:28:18.320+0000] {dag.py:3340} INFO - Setting next_dagrun for group_dag.downloads to None, run_after=None
[2024-07-04T20:28:18.321+0000] {logging_mixin.py:120} INFO - [2024-07-04T20:28:18.321+0000] {dag.py:3340} INFO - Setting next_dagrun for group_dag.transforms to None, run_after=None
[2024-07-04T20:28:18.331+0000] {processor.py:176} INFO - Processing /opt/airflow/dags/group_dag.py took 0.243 seconds
[2024-07-04T20:28:48.779+0000] {processor.py:154} INFO - Started process (PID=455) to work on /opt/airflow/dags/group_dag.py
[2024-07-04T20:28:48.781+0000] {processor.py:756} INFO - Processing file /opt/airflow/dags/group_dag.py for tasks to queue
[2024-07-04T20:28:48.783+0000] {logging_mixin.py:120} INFO - [2024-07-04T20:28:48.782+0000] {dagbag.py:537} INFO - Filling up the DagBag from /opt/airflow/dags/group_dag.py
[2024-07-04T20:28:48.831+0000] {processor.py:766} INFO - DAG(s) dict_keys(['group_dag.downloads', 'group_dag.transforms', 'group_dag']) retrieved from /opt/airflow/dags/group_dag.py
[2024-07-04T20:28:49.004+0000] {logging_mixin.py:120} INFO - [2024-07-04T20:28:49.004+0000] {dag.py:2585} INFO - Sync 3 DAGs
[2024-07-04T20:28:49.034+0000] {logging_mixin.py:120} INFO - [2024-07-04T20:28:49.034+0000] {dag.py:3340} INFO - Setting next_dagrun for group_dag to 2024-07-04T00:00:00+00:00, run_after=2024-07-05T00:00:00+00:00
[2024-07-04T20:28:49.038+0000] {logging_mixin.py:120} INFO - [2024-07-04T20:28:49.037+0000] {dag.py:3340} INFO - Setting next_dagrun for group_dag.downloads to None, run_after=None
[2024-07-04T20:28:49.039+0000] {logging_mixin.py:120} INFO - [2024-07-04T20:28:49.039+0000] {dag.py:3340} INFO - Setting next_dagrun for group_dag.transforms to None, run_after=None
[2024-07-04T20:28:49.048+0000] {logging_mixin.py:120} INFO - [2024-07-04T20:28:49.048+0000] {dag.py:2585} INFO - Sync 2 DAGs
[2024-07-04T20:28:49.056+0000] {logging_mixin.py:120} INFO - [2024-07-04T20:28:49.055+0000] {dag.py:3340} INFO - Setting next_dagrun for group_dag.downloads to None, run_after=None
[2024-07-04T20:28:49.056+0000] {logging_mixin.py:120} INFO - [2024-07-04T20:28:49.056+0000] {dag.py:3340} INFO - Setting next_dagrun for group_dag.transforms to None, run_after=None
[2024-07-04T20:28:49.069+0000] {processor.py:176} INFO - Processing /opt/airflow/dags/group_dag.py took 0.293 seconds
[2024-07-04T20:29:19.927+0000] {processor.py:154} INFO - Started process (PID=491) to work on /opt/airflow/dags/group_dag.py
[2024-07-04T20:29:19.929+0000] {processor.py:756} INFO - Processing file /opt/airflow/dags/group_dag.py for tasks to queue
[2024-07-04T20:29:19.930+0000] {logging_mixin.py:120} INFO - [2024-07-04T20:29:19.929+0000] {dagbag.py:537} INFO - Filling up the DagBag from /opt/airflow/dags/group_dag.py
[2024-07-04T20:29:19.966+0000] {processor.py:766} INFO - DAG(s) dict_keys(['group_dag.downloads', 'group_dag.transforms', 'group_dag']) retrieved from /opt/airflow/dags/group_dag.py
[2024-07-04T20:29:20.117+0000] {logging_mixin.py:120} INFO - [2024-07-04T20:29:20.117+0000] {dag.py:2585} INFO - Sync 3 DAGs
[2024-07-04T20:29:20.142+0000] {logging_mixin.py:120} INFO - [2024-07-04T20:29:20.142+0000] {dag.py:3340} INFO - Setting next_dagrun for group_dag to 2024-07-04T00:00:00+00:00, run_after=2024-07-05T00:00:00+00:00
[2024-07-04T20:29:20.145+0000] {logging_mixin.py:120} INFO - [2024-07-04T20:29:20.145+0000] {dag.py:3340} INFO - Setting next_dagrun for group_dag.downloads to None, run_after=None
[2024-07-04T20:29:20.165+0000] {logging_mixin.py:120} INFO - [2024-07-04T20:29:20.165+0000] {dag.py:3340} INFO - Setting next_dagrun for group_dag.transforms to None, run_after=None
[2024-07-04T20:29:20.170+0000] {logging_mixin.py:120} INFO - [2024-07-04T20:29:20.170+0000] {dag.py:2585} INFO - Sync 2 DAGs
[2024-07-04T20:29:20.176+0000] {logging_mixin.py:120} INFO - [2024-07-04T20:29:20.176+0000] {dag.py:3340} INFO - Setting next_dagrun for group_dag.downloads to None, run_after=None
[2024-07-04T20:29:20.178+0000] {logging_mixin.py:120} INFO - [2024-07-04T20:29:20.178+0000] {dag.py:3340} INFO - Setting next_dagrun for group_dag.transforms to None, run_after=None
[2024-07-04T20:29:20.190+0000] {processor.py:176} INFO - Processing /opt/airflow/dags/group_dag.py took 0.266 seconds
