[2024-07-04T20:14:19.335+0000] {processor.py:154} INFO - Started process (PID=50) to work on /opt/airflow/dags/user_processing.py
[2024-07-04T20:14:19.338+0000] {processor.py:756} INFO - Processing file /opt/airflow/dags/user_processing.py for tasks to queue
[2024-07-04T20:14:19.339+0000] {logging_mixin.py:120} INFO - [2024-07-04T20:14:19.339+0000] {dagbag.py:537} INFO - Filling up the DagBag from /opt/airflow/dags/user_processing.py
[2024-07-04T20:14:20.718+0000] {processor.py:766} INFO - DAG(s) dict_keys(['user_processing']) retrieved from /opt/airflow/dags/user_processing.py
[2024-07-04T20:14:21.073+0000] {logging_mixin.py:120} INFO - [2024-07-04T20:14:21.073+0000] {dag.py:2585} INFO - Sync 1 DAGs
[2024-07-04T20:14:21.132+0000] {logging_mixin.py:120} INFO - [2024-07-04T20:14:21.132+0000] {dag.py:3340} INFO - Setting next_dagrun for user_processing to 2024-07-03T00:00:00+00:00, run_after=2024-07-04T00:00:00+00:00
[2024-07-04T20:14:21.169+0000] {processor.py:176} INFO - Processing /opt/airflow/dags/user_processing.py took 1.838 seconds
[2024-07-04T20:14:51.606+0000] {processor.py:154} INFO - Started process (PID=128) to work on /opt/airflow/dags/user_processing.py
[2024-07-04T20:14:51.607+0000] {processor.py:756} INFO - Processing file /opt/airflow/dags/user_processing.py for tasks to queue
[2024-07-04T20:14:51.608+0000] {logging_mixin.py:120} INFO - [2024-07-04T20:14:51.608+0000] {dagbag.py:537} INFO - Filling up the DagBag from /opt/airflow/dags/user_processing.py
[2024-07-04T20:14:51.890+0000] {processor.py:766} INFO - DAG(s) dict_keys(['user_processing']) retrieved from /opt/airflow/dags/user_processing.py
[2024-07-04T20:14:52.037+0000] {logging_mixin.py:120} INFO - [2024-07-04T20:14:52.037+0000] {dag.py:2585} INFO - Sync 1 DAGs
[2024-07-04T20:14:52.061+0000] {logging_mixin.py:120} INFO - [2024-07-04T20:14:52.061+0000] {dag.py:3340} INFO - Setting next_dagrun for user_processing to 2024-07-03T00:00:00+00:00, run_after=2024-07-04T00:00:00+00:00
[2024-07-04T20:14:52.077+0000] {processor.py:176} INFO - Processing /opt/airflow/dags/user_processing.py took 0.473 seconds
[2024-07-04T20:15:23.065+0000] {processor.py:154} INFO - Started process (PID=202) to work on /opt/airflow/dags/user_processing.py
[2024-07-04T20:15:23.066+0000] {processor.py:756} INFO - Processing file /opt/airflow/dags/user_processing.py for tasks to queue
[2024-07-04T20:15:23.067+0000] {logging_mixin.py:120} INFO - [2024-07-04T20:15:23.067+0000] {dagbag.py:537} INFO - Filling up the DagBag from /opt/airflow/dags/user_processing.py
[2024-07-04T20:15:23.311+0000] {processor.py:766} INFO - DAG(s) dict_keys(['user_processing']) retrieved from /opt/airflow/dags/user_processing.py
[2024-07-04T20:15:23.457+0000] {logging_mixin.py:120} INFO - [2024-07-04T20:15:23.457+0000] {dag.py:2585} INFO - Sync 1 DAGs
[2024-07-04T20:15:23.480+0000] {logging_mixin.py:120} INFO - [2024-07-04T20:15:23.480+0000] {dag.py:3340} INFO - Setting next_dagrun for user_processing to 2024-07-03T00:00:00+00:00, run_after=2024-07-04T00:00:00+00:00
[2024-07-04T20:15:23.496+0000] {processor.py:176} INFO - Processing /opt/airflow/dags/user_processing.py took 0.433 seconds
[2024-07-04T20:15:53.978+0000] {processor.py:154} INFO - Started process (PID=273) to work on /opt/airflow/dags/user_processing.py
[2024-07-04T20:15:53.979+0000] {processor.py:756} INFO - Processing file /opt/airflow/dags/user_processing.py for tasks to queue
[2024-07-04T20:15:53.980+0000] {logging_mixin.py:120} INFO - [2024-07-04T20:15:53.979+0000] {dagbag.py:537} INFO - Filling up the DagBag from /opt/airflow/dags/user_processing.py
[2024-07-04T20:15:54.308+0000] {processor.py:766} INFO - DAG(s) dict_keys(['user_processing']) retrieved from /opt/airflow/dags/user_processing.py
[2024-07-04T20:15:54.473+0000] {logging_mixin.py:120} INFO - [2024-07-04T20:15:54.473+0000] {dag.py:2585} INFO - Sync 1 DAGs
[2024-07-04T20:15:54.496+0000] {logging_mixin.py:120} INFO - [2024-07-04T20:15:54.496+0000] {dag.py:3340} INFO - Setting next_dagrun for user_processing to 2024-07-03T00:00:00+00:00, run_after=2024-07-04T00:00:00+00:00
[2024-07-04T20:15:54.511+0000] {processor.py:176} INFO - Processing /opt/airflow/dags/user_processing.py took 0.537 seconds
[2024-07-04T20:16:24.725+0000] {processor.py:154} INFO - Started process (PID=345) to work on /opt/airflow/dags/user_processing.py
[2024-07-04T20:16:24.726+0000] {processor.py:756} INFO - Processing file /opt/airflow/dags/user_processing.py for tasks to queue
[2024-07-04T20:16:24.727+0000] {logging_mixin.py:120} INFO - [2024-07-04T20:16:24.727+0000] {dagbag.py:537} INFO - Filling up the DagBag from /opt/airflow/dags/user_processing.py
[2024-07-04T20:16:25.158+0000] {processor.py:766} INFO - DAG(s) dict_keys(['user_processing']) retrieved from /opt/airflow/dags/user_processing.py
[2024-07-04T20:16:25.330+0000] {logging_mixin.py:120} INFO - [2024-07-04T20:16:25.330+0000] {dag.py:2585} INFO - Sync 1 DAGs
[2024-07-04T20:16:25.355+0000] {logging_mixin.py:120} INFO - [2024-07-04T20:16:25.355+0000] {dag.py:3340} INFO - Setting next_dagrun for user_processing to 2024-07-03T00:00:00+00:00, run_after=2024-07-04T00:00:00+00:00
[2024-07-04T20:16:25.371+0000] {processor.py:176} INFO - Processing /opt/airflow/dags/user_processing.py took 0.649 seconds
[2024-07-04T20:16:56.034+0000] {processor.py:154} INFO - Started process (PID=416) to work on /opt/airflow/dags/user_processing.py
[2024-07-04T20:16:56.035+0000] {processor.py:756} INFO - Processing file /opt/airflow/dags/user_processing.py for tasks to queue
[2024-07-04T20:16:56.035+0000] {logging_mixin.py:120} INFO - [2024-07-04T20:16:56.035+0000] {dagbag.py:537} INFO - Filling up the DagBag from /opt/airflow/dags/user_processing.py
[2024-07-04T20:16:56.350+0000] {processor.py:766} INFO - DAG(s) dict_keys(['user_processing']) retrieved from /opt/airflow/dags/user_processing.py
[2024-07-04T20:16:56.520+0000] {logging_mixin.py:120} INFO - [2024-07-04T20:16:56.519+0000] {dag.py:2585} INFO - Sync 1 DAGs
[2024-07-04T20:16:56.547+0000] {logging_mixin.py:120} INFO - [2024-07-04T20:16:56.547+0000] {dag.py:3340} INFO - Setting next_dagrun for user_processing to 2024-07-03T00:00:00+00:00, run_after=2024-07-04T00:00:00+00:00
[2024-07-04T20:16:56.570+0000] {processor.py:176} INFO - Processing /opt/airflow/dags/user_processing.py took 0.539 seconds
[2024-07-04T20:17:27.191+0000] {processor.py:154} INFO - Started process (PID=478) to work on /opt/airflow/dags/user_processing.py
[2024-07-04T20:17:27.192+0000] {processor.py:756} INFO - Processing file /opt/airflow/dags/user_processing.py for tasks to queue
[2024-07-04T20:17:27.193+0000] {logging_mixin.py:120} INFO - [2024-07-04T20:17:27.193+0000] {dagbag.py:537} INFO - Filling up the DagBag from /opt/airflow/dags/user_processing.py
[2024-07-04T20:17:27.438+0000] {processor.py:766} INFO - DAG(s) dict_keys(['user_processing']) retrieved from /opt/airflow/dags/user_processing.py
[2024-07-04T20:17:27.583+0000] {logging_mixin.py:120} INFO - [2024-07-04T20:17:27.582+0000] {dag.py:2585} INFO - Sync 1 DAGs
[2024-07-04T20:17:27.605+0000] {logging_mixin.py:120} INFO - [2024-07-04T20:17:27.605+0000] {dag.py:3340} INFO - Setting next_dagrun for user_processing to 2024-07-03T00:00:00+00:00, run_after=2024-07-04T00:00:00+00:00
[2024-07-04T20:17:27.620+0000] {processor.py:176} INFO - Processing /opt/airflow/dags/user_processing.py took 0.432 seconds
[2024-07-04T20:17:58.115+0000] {processor.py:154} INFO - Started process (PID=550) to work on /opt/airflow/dags/user_processing.py
[2024-07-04T20:17:58.115+0000] {processor.py:756} INFO - Processing file /opt/airflow/dags/user_processing.py for tasks to queue
[2024-07-04T20:17:58.116+0000] {logging_mixin.py:120} INFO - [2024-07-04T20:17:58.116+0000] {dagbag.py:537} INFO - Filling up the DagBag from /opt/airflow/dags/user_processing.py
[2024-07-04T20:17:58.355+0000] {processor.py:766} INFO - DAG(s) dict_keys(['user_processing']) retrieved from /opt/airflow/dags/user_processing.py
[2024-07-04T20:17:58.497+0000] {logging_mixin.py:120} INFO - [2024-07-04T20:17:58.496+0000] {dag.py:2585} INFO - Sync 1 DAGs
[2024-07-04T20:17:58.520+0000] {logging_mixin.py:120} INFO - [2024-07-04T20:17:58.520+0000] {dag.py:3340} INFO - Setting next_dagrun for user_processing to 2024-07-03T00:00:00+00:00, run_after=2024-07-04T00:00:00+00:00
[2024-07-04T20:17:58.534+0000] {processor.py:176} INFO - Processing /opt/airflow/dags/user_processing.py took 0.423 seconds
[2024-07-04T20:18:28.717+0000] {processor.py:154} INFO - Started process (PID=621) to work on /opt/airflow/dags/user_processing.py
[2024-07-04T20:18:28.718+0000] {processor.py:756} INFO - Processing file /opt/airflow/dags/user_processing.py for tasks to queue
[2024-07-04T20:18:28.719+0000] {logging_mixin.py:120} INFO - [2024-07-04T20:18:28.718+0000] {dagbag.py:537} INFO - Filling up the DagBag from /opt/airflow/dags/user_processing.py
[2024-07-04T20:18:28.962+0000] {processor.py:766} INFO - DAG(s) dict_keys(['user_processing']) retrieved from /opt/airflow/dags/user_processing.py
[2024-07-04T20:18:29.110+0000] {logging_mixin.py:120} INFO - [2024-07-04T20:18:29.110+0000] {dag.py:2585} INFO - Sync 1 DAGs
[2024-07-04T20:18:29.136+0000] {logging_mixin.py:120} INFO - [2024-07-04T20:18:29.136+0000] {dag.py:3340} INFO - Setting next_dagrun for user_processing to 2024-07-03T00:00:00+00:00, run_after=2024-07-04T00:00:00+00:00
[2024-07-04T20:18:29.155+0000] {processor.py:176} INFO - Processing /opt/airflow/dags/user_processing.py took 0.441 seconds
[2024-07-04T20:18:59.185+0000] {processor.py:154} INFO - Started process (PID=693) to work on /opt/airflow/dags/user_processing.py
[2024-07-04T20:18:59.186+0000] {processor.py:756} INFO - Processing file /opt/airflow/dags/user_processing.py for tasks to queue
[2024-07-04T20:18:59.187+0000] {logging_mixin.py:120} INFO - [2024-07-04T20:18:59.187+0000] {dagbag.py:537} INFO - Filling up the DagBag from /opt/airflow/dags/user_processing.py
[2024-07-04T20:18:59.422+0000] {processor.py:766} INFO - DAG(s) dict_keys(['user_processing']) retrieved from /opt/airflow/dags/user_processing.py
[2024-07-04T20:18:59.565+0000] {logging_mixin.py:120} INFO - [2024-07-04T20:18:59.565+0000] {dag.py:2585} INFO - Sync 1 DAGs
[2024-07-04T20:18:59.587+0000] {logging_mixin.py:120} INFO - [2024-07-04T20:18:59.587+0000] {dag.py:3340} INFO - Setting next_dagrun for user_processing to 2024-07-03T00:00:00+00:00, run_after=2024-07-04T00:00:00+00:00
[2024-07-04T20:18:59.603+0000] {processor.py:176} INFO - Processing /opt/airflow/dags/user_processing.py took 0.420 seconds
[2024-07-04T20:19:29.843+0000] {processor.py:154} INFO - Started process (PID=759) to work on /opt/airflow/dags/user_processing.py
[2024-07-04T20:19:29.844+0000] {processor.py:756} INFO - Processing file /opt/airflow/dags/user_processing.py for tasks to queue
[2024-07-04T20:19:29.845+0000] {logging_mixin.py:120} INFO - [2024-07-04T20:19:29.845+0000] {dagbag.py:537} INFO - Filling up the DagBag from /opt/airflow/dags/user_processing.py
[2024-07-04T20:19:30.131+0000] {processor.py:766} INFO - DAG(s) dict_keys(['user_processing']) retrieved from /opt/airflow/dags/user_processing.py
[2024-07-04T20:19:30.373+0000] {logging_mixin.py:120} INFO - [2024-07-04T20:19:30.373+0000] {dag.py:2585} INFO - Sync 1 DAGs
[2024-07-04T20:19:30.401+0000] {logging_mixin.py:120} INFO - [2024-07-04T20:19:30.401+0000] {dag.py:3340} INFO - Setting next_dagrun for user_processing to 2024-07-03T00:00:00+00:00, run_after=2024-07-04T00:00:00+00:00
[2024-07-04T20:19:30.423+0000] {processor.py:176} INFO - Processing /opt/airflow/dags/user_processing.py took 0.582 seconds
[2024-07-04T20:20:00.802+0000] {processor.py:154} INFO - Started process (PID=833) to work on /opt/airflow/dags/user_processing.py
[2024-07-04T20:20:00.804+0000] {processor.py:756} INFO - Processing file /opt/airflow/dags/user_processing.py for tasks to queue
[2024-07-04T20:20:00.805+0000] {logging_mixin.py:120} INFO - [2024-07-04T20:20:00.805+0000] {dagbag.py:537} INFO - Filling up the DagBag from /opt/airflow/dags/user_processing.py
[2024-07-04T20:20:01.160+0000] {processor.py:766} INFO - DAG(s) dict_keys(['user_processing']) retrieved from /opt/airflow/dags/user_processing.py
[2024-07-04T20:20:01.316+0000] {logging_mixin.py:120} INFO - [2024-07-04T20:20:01.316+0000] {dag.py:2585} INFO - Sync 1 DAGs
[2024-07-04T20:20:01.340+0000] {logging_mixin.py:120} INFO - [2024-07-04T20:20:01.340+0000] {dag.py:3340} INFO - Setting next_dagrun for user_processing to 2024-07-03T00:00:00+00:00, run_after=2024-07-04T00:00:00+00:00
[2024-07-04T20:20:01.358+0000] {processor.py:176} INFO - Processing /opt/airflow/dags/user_processing.py took 0.559 seconds
[2024-07-04T20:20:31.630+0000] {processor.py:154} INFO - Started process (PID=905) to work on /opt/airflow/dags/user_processing.py
[2024-07-04T20:20:31.631+0000] {processor.py:756} INFO - Processing file /opt/airflow/dags/user_processing.py for tasks to queue
[2024-07-04T20:20:31.632+0000] {logging_mixin.py:120} INFO - [2024-07-04T20:20:31.632+0000] {dagbag.py:537} INFO - Filling up the DagBag from /opt/airflow/dags/user_processing.py
[2024-07-04T20:20:31.883+0000] {processor.py:766} INFO - DAG(s) dict_keys(['user_processing']) retrieved from /opt/airflow/dags/user_processing.py
[2024-07-04T20:20:32.035+0000] {logging_mixin.py:120} INFO - [2024-07-04T20:20:32.035+0000] {dag.py:2585} INFO - Sync 1 DAGs
[2024-07-04T20:20:32.059+0000] {logging_mixin.py:120} INFO - [2024-07-04T20:20:32.058+0000] {dag.py:3340} INFO - Setting next_dagrun for user_processing to 2024-07-03T00:00:00+00:00, run_after=2024-07-04T00:00:00+00:00
[2024-07-04T20:20:32.074+0000] {processor.py:176} INFO - Processing /opt/airflow/dags/user_processing.py took 0.447 seconds
[2024-07-04T20:21:02.463+0000] {processor.py:154} INFO - Started process (PID=978) to work on /opt/airflow/dags/user_processing.py
[2024-07-04T20:21:02.464+0000] {processor.py:756} INFO - Processing file /opt/airflow/dags/user_processing.py for tasks to queue
[2024-07-04T20:21:02.465+0000] {logging_mixin.py:120} INFO - [2024-07-04T20:21:02.465+0000] {dagbag.py:537} INFO - Filling up the DagBag from /opt/airflow/dags/user_processing.py
[2024-07-04T20:21:02.725+0000] {processor.py:766} INFO - DAG(s) dict_keys(['user_processing']) retrieved from /opt/airflow/dags/user_processing.py
[2024-07-04T20:21:02.873+0000] {logging_mixin.py:120} INFO - [2024-07-04T20:21:02.872+0000] {dag.py:2585} INFO - Sync 1 DAGs
[2024-07-04T20:21:02.896+0000] {logging_mixin.py:120} INFO - [2024-07-04T20:21:02.896+0000] {dag.py:3340} INFO - Setting next_dagrun for user_processing to 2024-07-03T00:00:00+00:00, run_after=2024-07-04T00:00:00+00:00
[2024-07-04T20:21:02.913+0000] {processor.py:176} INFO - Processing /opt/airflow/dags/user_processing.py took 0.452 seconds
[2024-07-04T20:21:33.286+0000] {processor.py:154} INFO - Started process (PID=1049) to work on /opt/airflow/dags/user_processing.py
[2024-07-04T20:21:33.287+0000] {processor.py:756} INFO - Processing file /opt/airflow/dags/user_processing.py for tasks to queue
[2024-07-04T20:21:33.288+0000] {logging_mixin.py:120} INFO - [2024-07-04T20:21:33.288+0000] {dagbag.py:537} INFO - Filling up the DagBag from /opt/airflow/dags/user_processing.py
[2024-07-04T20:21:33.530+0000] {processor.py:766} INFO - DAG(s) dict_keys(['user_processing']) retrieved from /opt/airflow/dags/user_processing.py
[2024-07-04T20:21:33.674+0000] {logging_mixin.py:120} INFO - [2024-07-04T20:21:33.674+0000] {dag.py:2585} INFO - Sync 1 DAGs
[2024-07-04T20:21:33.698+0000] {logging_mixin.py:120} INFO - [2024-07-04T20:21:33.697+0000] {dag.py:3340} INFO - Setting next_dagrun for user_processing to 2024-07-03T00:00:00+00:00, run_after=2024-07-04T00:00:00+00:00
[2024-07-04T20:21:33.712+0000] {processor.py:176} INFO - Processing /opt/airflow/dags/user_processing.py took 0.430 seconds
[2024-07-04T20:22:37.101+0000] {processor.py:154} INFO - Started process (PID=47) to work on /opt/airflow/dags/user_processing.py
[2024-07-04T20:22:37.102+0000] {processor.py:756} INFO - Processing file /opt/airflow/dags/user_processing.py for tasks to queue
[2024-07-04T20:22:37.103+0000] {logging_mixin.py:120} INFO - [2024-07-04T20:22:37.103+0000] {dagbag.py:537} INFO - Filling up the DagBag from /opt/airflow/dags/user_processing.py
[2024-07-04T20:22:38.105+0000] {processor.py:766} INFO - DAG(s) dict_keys(['user_processing']) retrieved from /opt/airflow/dags/user_processing.py
[2024-07-04T20:22:38.365+0000] {logging_mixin.py:120} INFO - [2024-07-04T20:22:38.364+0000] {dag.py:2585} INFO - Sync 1 DAGs
[2024-07-04T20:22:38.411+0000] {logging_mixin.py:120} INFO - [2024-07-04T20:22:38.411+0000] {dag.py:3340} INFO - Setting next_dagrun for user_processing to 2024-07-03T00:00:00+00:00, run_after=2024-07-04T00:00:00+00:00
[2024-07-04T20:22:38.452+0000] {processor.py:176} INFO - Processing /opt/airflow/dags/user_processing.py took 1.355 seconds
[2024-07-04T20:23:08.833+0000] {processor.py:154} INFO - Started process (PID=82) to work on /opt/airflow/dags/user_processing.py
[2024-07-04T20:23:08.834+0000] {processor.py:756} INFO - Processing file /opt/airflow/dags/user_processing.py for tasks to queue
[2024-07-04T20:23:08.835+0000] {logging_mixin.py:120} INFO - [2024-07-04T20:23:08.834+0000] {dagbag.py:537} INFO - Filling up the DagBag from /opt/airflow/dags/user_processing.py
[2024-07-04T20:23:09.198+0000] {processor.py:766} INFO - DAG(s) dict_keys(['user_processing']) retrieved from /opt/airflow/dags/user_processing.py
[2024-07-04T20:23:09.338+0000] {logging_mixin.py:120} INFO - [2024-07-04T20:23:09.338+0000] {dag.py:2585} INFO - Sync 1 DAGs
[2024-07-04T20:23:09.359+0000] {logging_mixin.py:120} INFO - [2024-07-04T20:23:09.359+0000] {dag.py:3340} INFO - Setting next_dagrun for user_processing to 2024-07-03T00:00:00+00:00, run_after=2024-07-04T00:00:00+00:00
[2024-07-04T20:23:09.372+0000] {processor.py:176} INFO - Processing /opt/airflow/dags/user_processing.py took 0.543 seconds
[2024-07-04T20:23:39.479+0000] {processor.py:154} INFO - Started process (PID=122) to work on /opt/airflow/dags/user_processing.py
[2024-07-04T20:23:39.480+0000] {processor.py:756} INFO - Processing file /opt/airflow/dags/user_processing.py for tasks to queue
[2024-07-04T20:23:39.481+0000] {logging_mixin.py:120} INFO - [2024-07-04T20:23:39.481+0000] {dagbag.py:537} INFO - Filling up the DagBag from /opt/airflow/dags/user_processing.py
[2024-07-04T20:23:39.981+0000] {processor.py:766} INFO - DAG(s) dict_keys(['user_processing']) retrieved from /opt/airflow/dags/user_processing.py
[2024-07-04T20:23:40.127+0000] {logging_mixin.py:120} INFO - [2024-07-04T20:23:40.126+0000] {dag.py:2585} INFO - Sync 1 DAGs
[2024-07-04T20:23:40.150+0000] {logging_mixin.py:120} INFO - [2024-07-04T20:23:40.150+0000] {dag.py:3340} INFO - Setting next_dagrun for user_processing to 2024-07-03T00:00:00+00:00, run_after=2024-07-04T00:00:00+00:00
[2024-07-04T20:23:40.165+0000] {processor.py:176} INFO - Processing /opt/airflow/dags/user_processing.py took 0.692 seconds
[2024-07-04T20:24:10.808+0000] {processor.py:154} INFO - Started process (PID=157) to work on /opt/airflow/dags/user_processing.py
[2024-07-04T20:24:10.809+0000] {processor.py:756} INFO - Processing file /opt/airflow/dags/user_processing.py for tasks to queue
[2024-07-04T20:24:10.810+0000] {logging_mixin.py:120} INFO - [2024-07-04T20:24:10.809+0000] {dagbag.py:537} INFO - Filling up the DagBag from /opt/airflow/dags/user_processing.py
[2024-07-04T20:24:11.145+0000] {processor.py:766} INFO - DAG(s) dict_keys(['user_processing']) retrieved from /opt/airflow/dags/user_processing.py
[2024-07-04T20:24:11.277+0000] {logging_mixin.py:120} INFO - [2024-07-04T20:24:11.276+0000] {dag.py:2585} INFO - Sync 1 DAGs
[2024-07-04T20:24:11.297+0000] {logging_mixin.py:120} INFO - [2024-07-04T20:24:11.297+0000] {dag.py:3340} INFO - Setting next_dagrun for user_processing to 2024-07-03T00:00:00+00:00, run_after=2024-07-04T00:00:00+00:00
[2024-07-04T20:24:11.311+0000] {processor.py:176} INFO - Processing /opt/airflow/dags/user_processing.py took 0.506 seconds
[2024-07-04T20:24:41.359+0000] {processor.py:154} INFO - Started process (PID=193) to work on /opt/airflow/dags/user_processing.py
[2024-07-04T20:24:41.360+0000] {processor.py:756} INFO - Processing file /opt/airflow/dags/user_processing.py for tasks to queue
[2024-07-04T20:24:41.361+0000] {logging_mixin.py:120} INFO - [2024-07-04T20:24:41.361+0000] {dagbag.py:537} INFO - Filling up the DagBag from /opt/airflow/dags/user_processing.py
[2024-07-04T20:24:41.687+0000] {processor.py:766} INFO - DAG(s) dict_keys(['user_processing']) retrieved from /opt/airflow/dags/user_processing.py
[2024-07-04T20:24:41.832+0000] {logging_mixin.py:120} INFO - [2024-07-04T20:24:41.832+0000] {dag.py:2585} INFO - Sync 1 DAGs
[2024-07-04T20:24:41.855+0000] {logging_mixin.py:120} INFO - [2024-07-04T20:24:41.855+0000] {dag.py:3340} INFO - Setting next_dagrun for user_processing to 2024-07-03T00:00:00+00:00, run_after=2024-07-04T00:00:00+00:00
[2024-07-04T20:24:41.871+0000] {processor.py:176} INFO - Processing /opt/airflow/dags/user_processing.py took 0.515 seconds
[2024-07-04T20:25:11.921+0000] {processor.py:154} INFO - Started process (PID=219) to work on /opt/airflow/dags/user_processing.py
[2024-07-04T20:25:11.922+0000] {processor.py:756} INFO - Processing file /opt/airflow/dags/user_processing.py for tasks to queue
[2024-07-04T20:25:11.923+0000] {logging_mixin.py:120} INFO - [2024-07-04T20:25:11.923+0000] {dagbag.py:537} INFO - Filling up the DagBag from /opt/airflow/dags/user_processing.py
[2024-07-04T20:25:12.265+0000] {processor.py:766} INFO - DAG(s) dict_keys(['user_processing']) retrieved from /opt/airflow/dags/user_processing.py
[2024-07-04T20:25:12.419+0000] {logging_mixin.py:120} INFO - [2024-07-04T20:25:12.419+0000] {dag.py:2585} INFO - Sync 1 DAGs
[2024-07-04T20:25:12.440+0000] {logging_mixin.py:120} INFO - [2024-07-04T20:25:12.439+0000] {dag.py:3340} INFO - Setting next_dagrun for user_processing to 2024-07-03T00:00:00+00:00, run_after=2024-07-04T00:00:00+00:00
[2024-07-04T20:25:12.454+0000] {processor.py:176} INFO - Processing /opt/airflow/dags/user_processing.py took 0.535 seconds
[2024-07-04T20:25:42.603+0000] {processor.py:154} INFO - Started process (PID=254) to work on /opt/airflow/dags/user_processing.py
[2024-07-04T20:25:42.604+0000] {processor.py:756} INFO - Processing file /opt/airflow/dags/user_processing.py for tasks to queue
[2024-07-04T20:25:42.605+0000] {logging_mixin.py:120} INFO - [2024-07-04T20:25:42.605+0000] {dagbag.py:537} INFO - Filling up the DagBag from /opt/airflow/dags/user_processing.py
[2024-07-04T20:25:42.944+0000] {processor.py:766} INFO - DAG(s) dict_keys(['user_processing']) retrieved from /opt/airflow/dags/user_processing.py
[2024-07-04T20:25:43.079+0000] {logging_mixin.py:120} INFO - [2024-07-04T20:25:43.078+0000] {dag.py:2585} INFO - Sync 1 DAGs
[2024-07-04T20:25:43.102+0000] {logging_mixin.py:120} INFO - [2024-07-04T20:25:43.102+0000] {dag.py:3340} INFO - Setting next_dagrun for user_processing to 2024-07-03T00:00:00+00:00, run_after=2024-07-04T00:00:00+00:00
[2024-07-04T20:25:43.117+0000] {processor.py:176} INFO - Processing /opt/airflow/dags/user_processing.py took 0.516 seconds
[2024-07-04T20:26:13.149+0000] {processor.py:154} INFO - Started process (PID=289) to work on /opt/airflow/dags/user_processing.py
[2024-07-04T20:26:13.150+0000] {processor.py:756} INFO - Processing file /opt/airflow/dags/user_processing.py for tasks to queue
[2024-07-04T20:26:13.150+0000] {logging_mixin.py:120} INFO - [2024-07-04T20:26:13.150+0000] {dagbag.py:537} INFO - Filling up the DagBag from /opt/airflow/dags/user_processing.py
[2024-07-04T20:26:13.505+0000] {processor.py:766} INFO - DAG(s) dict_keys(['user_processing']) retrieved from /opt/airflow/dags/user_processing.py
[2024-07-04T20:26:13.643+0000] {logging_mixin.py:120} INFO - [2024-07-04T20:26:13.642+0000] {dag.py:2585} INFO - Sync 1 DAGs
[2024-07-04T20:26:13.664+0000] {logging_mixin.py:120} INFO - [2024-07-04T20:26:13.663+0000] {dag.py:3340} INFO - Setting next_dagrun for user_processing to 2024-07-03T00:00:00+00:00, run_after=2024-07-04T00:00:00+00:00
[2024-07-04T20:26:13.678+0000] {processor.py:176} INFO - Processing /opt/airflow/dags/user_processing.py took 0.533 seconds
[2024-07-04T20:26:44.611+0000] {processor.py:154} INFO - Started process (PID=324) to work on /opt/airflow/dags/user_processing.py
[2024-07-04T20:26:44.612+0000] {processor.py:756} INFO - Processing file /opt/airflow/dags/user_processing.py for tasks to queue
[2024-07-04T20:26:44.613+0000] {logging_mixin.py:120} INFO - [2024-07-04T20:26:44.613+0000] {dagbag.py:537} INFO - Filling up the DagBag from /opt/airflow/dags/user_processing.py
[2024-07-04T20:26:44.955+0000] {processor.py:766} INFO - DAG(s) dict_keys(['user_processing']) retrieved from /opt/airflow/dags/user_processing.py
[2024-07-04T20:26:45.094+0000] {logging_mixin.py:120} INFO - [2024-07-04T20:26:45.093+0000] {dag.py:2585} INFO - Sync 1 DAGs
[2024-07-04T20:26:45.114+0000] {logging_mixin.py:120} INFO - [2024-07-04T20:26:45.114+0000] {dag.py:3340} INFO - Setting next_dagrun for user_processing to 2024-07-03T00:00:00+00:00, run_after=2024-07-04T00:00:00+00:00
[2024-07-04T20:26:45.129+0000] {processor.py:176} INFO - Processing /opt/airflow/dags/user_processing.py took 0.520 seconds
[2024-07-04T20:27:16.045+0000] {processor.py:154} INFO - Started process (PID=359) to work on /opt/airflow/dags/user_processing.py
[2024-07-04T20:27:16.046+0000] {processor.py:756} INFO - Processing file /opt/airflow/dags/user_processing.py for tasks to queue
[2024-07-04T20:27:16.047+0000] {logging_mixin.py:120} INFO - [2024-07-04T20:27:16.047+0000] {dagbag.py:537} INFO - Filling up the DagBag from /opt/airflow/dags/user_processing.py
[2024-07-04T20:27:16.391+0000] {processor.py:766} INFO - DAG(s) dict_keys(['user_processing']) retrieved from /opt/airflow/dags/user_processing.py
[2024-07-04T20:27:16.528+0000] {logging_mixin.py:120} INFO - [2024-07-04T20:27:16.527+0000] {dag.py:2585} INFO - Sync 1 DAGs
[2024-07-04T20:27:16.549+0000] {logging_mixin.py:120} INFO - [2024-07-04T20:27:16.549+0000] {dag.py:3340} INFO - Setting next_dagrun for user_processing to 2024-07-03T00:00:00+00:00, run_after=2024-07-04T00:00:00+00:00
[2024-07-04T20:27:16.564+0000] {processor.py:176} INFO - Processing /opt/airflow/dags/user_processing.py took 0.521 seconds
[2024-07-04T20:27:46.650+0000] {processor.py:154} INFO - Started process (PID=385) to work on /opt/airflow/dags/user_processing.py
[2024-07-04T20:27:46.651+0000] {processor.py:756} INFO - Processing file /opt/airflow/dags/user_processing.py for tasks to queue
[2024-07-04T20:27:46.652+0000] {logging_mixin.py:120} INFO - [2024-07-04T20:27:46.652+0000] {dagbag.py:537} INFO - Filling up the DagBag from /opt/airflow/dags/user_processing.py
[2024-07-04T20:27:47.027+0000] {processor.py:766} INFO - DAG(s) dict_keys(['user_processing']) retrieved from /opt/airflow/dags/user_processing.py
[2024-07-04T20:27:47.172+0000] {logging_mixin.py:120} INFO - [2024-07-04T20:27:47.171+0000] {dag.py:2585} INFO - Sync 1 DAGs
[2024-07-04T20:27:47.191+0000] {logging_mixin.py:120} INFO - [2024-07-04T20:27:47.191+0000] {dag.py:3340} INFO - Setting next_dagrun for user_processing to 2024-07-03T00:00:00+00:00, run_after=2024-07-04T00:00:00+00:00
[2024-07-04T20:27:47.204+0000] {processor.py:176} INFO - Processing /opt/airflow/dags/user_processing.py took 0.557 seconds
[2024-07-04T20:28:18.094+0000] {processor.py:154} INFO - Started process (PID=421) to work on /opt/airflow/dags/user_processing.py
[2024-07-04T20:28:18.094+0000] {processor.py:756} INFO - Processing file /opt/airflow/dags/user_processing.py for tasks to queue
[2024-07-04T20:28:18.095+0000] {logging_mixin.py:120} INFO - [2024-07-04T20:28:18.095+0000] {dagbag.py:537} INFO - Filling up the DagBag from /opt/airflow/dags/user_processing.py
[2024-07-04T20:28:18.433+0000] {processor.py:766} INFO - DAG(s) dict_keys(['user_processing']) retrieved from /opt/airflow/dags/user_processing.py
[2024-07-04T20:28:18.564+0000] {logging_mixin.py:120} INFO - [2024-07-04T20:28:18.564+0000] {dag.py:2585} INFO - Sync 1 DAGs
[2024-07-04T20:28:18.583+0000] {logging_mixin.py:120} INFO - [2024-07-04T20:28:18.583+0000] {dag.py:3340} INFO - Setting next_dagrun for user_processing to 2024-07-03T00:00:00+00:00, run_after=2024-07-04T00:00:00+00:00
[2024-07-04T20:28:18.597+0000] {processor.py:176} INFO - Processing /opt/airflow/dags/user_processing.py took 0.506 seconds
[2024-07-04T20:28:48.784+0000] {processor.py:154} INFO - Started process (PID=456) to work on /opt/airflow/dags/user_processing.py
[2024-07-04T20:28:48.786+0000] {processor.py:756} INFO - Processing file /opt/airflow/dags/user_processing.py for tasks to queue
[2024-07-04T20:28:48.787+0000] {logging_mixin.py:120} INFO - [2024-07-04T20:28:48.787+0000] {dagbag.py:537} INFO - Filling up the DagBag from /opt/airflow/dags/user_processing.py
[2024-07-04T20:28:49.231+0000] {processor.py:766} INFO - DAG(s) dict_keys(['user_processing']) retrieved from /opt/airflow/dags/user_processing.py
[2024-07-04T20:28:49.423+0000] {logging_mixin.py:120} INFO - [2024-07-04T20:28:49.422+0000] {dag.py:2585} INFO - Sync 1 DAGs
[2024-07-04T20:28:49.461+0000] {logging_mixin.py:120} INFO - [2024-07-04T20:28:49.460+0000] {dag.py:3340} INFO - Setting next_dagrun for user_processing to 2024-07-03T00:00:00+00:00, run_after=2024-07-04T00:00:00+00:00
[2024-07-04T20:28:49.482+0000] {processor.py:176} INFO - Processing /opt/airflow/dags/user_processing.py took 0.702 seconds
[2024-07-04T20:29:19.931+0000] {processor.py:154} INFO - Started process (PID=492) to work on /opt/airflow/dags/user_processing.py
[2024-07-04T20:29:19.931+0000] {processor.py:756} INFO - Processing file /opt/airflow/dags/user_processing.py for tasks to queue
[2024-07-04T20:29:19.932+0000] {logging_mixin.py:120} INFO - [2024-07-04T20:29:19.932+0000] {dagbag.py:537} INFO - Filling up the DagBag from /opt/airflow/dags/user_processing.py
[2024-07-04T20:29:20.275+0000] {processor.py:766} INFO - DAG(s) dict_keys(['user_processing']) retrieved from /opt/airflow/dags/user_processing.py
[2024-07-04T20:29:20.409+0000] {logging_mixin.py:120} INFO - [2024-07-04T20:29:20.409+0000] {dag.py:2585} INFO - Sync 1 DAGs
[2024-07-04T20:29:20.431+0000] {logging_mixin.py:120} INFO - [2024-07-04T20:29:20.430+0000] {dag.py:3340} INFO - Setting next_dagrun for user_processing to 2024-07-03T00:00:00+00:00, run_after=2024-07-04T00:00:00+00:00
[2024-07-04T20:29:20.445+0000] {processor.py:176} INFO - Processing /opt/airflow/dags/user_processing.py took 0.518 seconds
