[2024-07-25T18:29:55.461+0000] {processor.py:154} INFO - Started process (PID=57) to work on /opt/airflow/dags/subdags/subdag_downloads.py
[2024-07-25T18:29:55.464+0000] {processor.py:756} INFO - Processing file /opt/airflow/dags/subdags/subdag_downloads.py for tasks to queue
[2024-07-25T18:29:55.467+0000] {logging_mixin.py:120} INFO - [2024-07-25T18:29:55.466+0000] {dagbag.py:537} INFO - Filling up the DagBag from /opt/airflow/dags/subdags/subdag_downloads.py
[2024-07-25T18:29:55.479+0000] {processor.py:768} WARNING - No viable dags retrieved from /opt/airflow/dags/subdags/subdag_downloads.py
[2024-07-25T18:29:55.518+0000] {processor.py:176} INFO - Processing /opt/airflow/dags/subdags/subdag_downloads.py took 0.067 seconds
[2024-07-25T18:30:25.722+0000] {processor.py:154} INFO - Started process (PID=86) to work on /opt/airflow/dags/subdags/subdag_downloads.py
[2024-07-25T18:30:25.723+0000] {processor.py:756} INFO - Processing file /opt/airflow/dags/subdags/subdag_downloads.py for tasks to queue
[2024-07-25T18:30:25.724+0000] {logging_mixin.py:120} INFO - [2024-07-25T18:30:25.724+0000] {dagbag.py:537} INFO - Filling up the DagBag from /opt/airflow/dags/subdags/subdag_downloads.py
[2024-07-25T18:30:25.732+0000] {processor.py:768} WARNING - No viable dags retrieved from /opt/airflow/dags/subdags/subdag_downloads.py
[2024-07-25T18:30:25.749+0000] {processor.py:176} INFO - Processing /opt/airflow/dags/subdags/subdag_downloads.py took 0.030 seconds
[2024-07-25T18:31:03.421+0000] {processor.py:154} INFO - Started process (PID=119) to work on /opt/airflow/dags/subdags/subdag_downloads.py
[2024-07-25T18:31:03.422+0000] {processor.py:756} INFO - Processing file /opt/airflow/dags/subdags/subdag_downloads.py for tasks to queue
[2024-07-25T18:31:03.423+0000] {logging_mixin.py:120} INFO - [2024-07-25T18:31:03.423+0000] {dagbag.py:537} INFO - Filling up the DagBag from /opt/airflow/dags/subdags/subdag_downloads.py
[2024-07-25T18:31:03.428+0000] {processor.py:768} WARNING - No viable dags retrieved from /opt/airflow/dags/subdags/subdag_downloads.py
[2024-07-25T18:31:03.440+0000] {processor.py:176} INFO - Processing /opt/airflow/dags/subdags/subdag_downloads.py took 0.022 seconds
[2024-07-25T18:36:17.960+0000] {processor.py:154} INFO - Started process (PID=151) to work on /opt/airflow/dags/subdags/subdag_downloads.py
[2024-07-25T18:36:17.961+0000] {processor.py:756} INFO - Processing file /opt/airflow/dags/subdags/subdag_downloads.py for tasks to queue
[2024-07-25T18:36:17.962+0000] {logging_mixin.py:120} INFO - [2024-07-25T18:36:17.962+0000] {dagbag.py:537} INFO - Filling up the DagBag from /opt/airflow/dags/subdags/subdag_downloads.py
[2024-07-25T18:36:17.970+0000] {processor.py:768} WARNING - No viable dags retrieved from /opt/airflow/dags/subdags/subdag_downloads.py
[2024-07-25T18:36:17.985+0000] {processor.py:176} INFO - Processing /opt/airflow/dags/subdags/subdag_downloads.py took 0.027 seconds
[2024-07-25T18:36:48.698+0000] {processor.py:154} INFO - Started process (PID=191) to work on /opt/airflow/dags/subdags/subdag_downloads.py
[2024-07-25T18:36:48.699+0000] {processor.py:756} INFO - Processing file /opt/airflow/dags/subdags/subdag_downloads.py for tasks to queue
[2024-07-25T18:36:48.700+0000] {logging_mixin.py:120} INFO - [2024-07-25T18:36:48.700+0000] {dagbag.py:537} INFO - Filling up the DagBag from /opt/airflow/dags/subdags/subdag_downloads.py
[2024-07-25T18:36:48.706+0000] {processor.py:768} WARNING - No viable dags retrieved from /opt/airflow/dags/subdags/subdag_downloads.py
[2024-07-25T18:36:48.719+0000] {processor.py:176} INFO - Processing /opt/airflow/dags/subdags/subdag_downloads.py took 0.024 seconds
[2024-07-25T18:49:41.156+0000] {processor.py:154} INFO - Started process (PID=231) to work on /opt/airflow/dags/subdags/subdag_downloads.py
[2024-07-25T18:49:41.157+0000] {processor.py:756} INFO - Processing file /opt/airflow/dags/subdags/subdag_downloads.py for tasks to queue
[2024-07-25T18:49:41.158+0000] {logging_mixin.py:120} INFO - [2024-07-25T18:49:41.158+0000] {dagbag.py:537} INFO - Filling up the DagBag from /opt/airflow/dags/subdags/subdag_downloads.py
[2024-07-25T18:49:41.164+0000] {processor.py:768} WARNING - No viable dags retrieved from /opt/airflow/dags/subdags/subdag_downloads.py
[2024-07-25T18:49:41.177+0000] {processor.py:176} INFO - Processing /opt/airflow/dags/subdags/subdag_downloads.py took 0.023 seconds
[2024-07-25T18:50:12.154+0000] {processor.py:154} INFO - Started process (PID=262) to work on /opt/airflow/dags/subdags/subdag_downloads.py
[2024-07-25T18:50:12.155+0000] {processor.py:756} INFO - Processing file /opt/airflow/dags/subdags/subdag_downloads.py for tasks to queue
[2024-07-25T18:50:12.156+0000] {logging_mixin.py:120} INFO - [2024-07-25T18:50:12.156+0000] {dagbag.py:537} INFO - Filling up the DagBag from /opt/airflow/dags/subdags/subdag_downloads.py
[2024-07-25T18:50:12.162+0000] {processor.py:768} WARNING - No viable dags retrieved from /opt/airflow/dags/subdags/subdag_downloads.py
[2024-07-25T18:50:12.175+0000] {processor.py:176} INFO - Processing /opt/airflow/dags/subdags/subdag_downloads.py took 0.024 seconds
[2024-07-25T18:50:42.828+0000] {processor.py:154} INFO - Started process (PID=302) to work on /opt/airflow/dags/subdags/subdag_downloads.py
[2024-07-25T18:50:42.829+0000] {processor.py:756} INFO - Processing file /opt/airflow/dags/subdags/subdag_downloads.py for tasks to queue
[2024-07-25T18:50:42.830+0000] {logging_mixin.py:120} INFO - [2024-07-25T18:50:42.830+0000] {dagbag.py:537} INFO - Filling up the DagBag from /opt/airflow/dags/subdags/subdag_downloads.py
[2024-07-25T18:50:42.835+0000] {processor.py:768} WARNING - No viable dags retrieved from /opt/airflow/dags/subdags/subdag_downloads.py
[2024-07-25T18:50:42.846+0000] {processor.py:176} INFO - Processing /opt/airflow/dags/subdags/subdag_downloads.py took 0.021 seconds
[2024-07-25T18:51:12.899+0000] {processor.py:154} INFO - Started process (PID=340) to work on /opt/airflow/dags/subdags/subdag_downloads.py
[2024-07-25T18:51:12.900+0000] {processor.py:756} INFO - Processing file /opt/airflow/dags/subdags/subdag_downloads.py for tasks to queue
[2024-07-25T18:51:12.901+0000] {logging_mixin.py:120} INFO - [2024-07-25T18:51:12.901+0000] {dagbag.py:537} INFO - Filling up the DagBag from /opt/airflow/dags/subdags/subdag_downloads.py
[2024-07-25T18:51:12.906+0000] {processor.py:768} WARNING - No viable dags retrieved from /opt/airflow/dags/subdags/subdag_downloads.py
[2024-07-25T18:51:12.922+0000] {processor.py:176} INFO - Processing /opt/airflow/dags/subdags/subdag_downloads.py took 0.026 seconds
[2024-07-25T18:51:43.081+0000] {processor.py:154} INFO - Started process (PID=381) to work on /opt/airflow/dags/subdags/subdag_downloads.py
[2024-07-25T18:51:43.082+0000] {processor.py:756} INFO - Processing file /opt/airflow/dags/subdags/subdag_downloads.py for tasks to queue
[2024-07-25T18:51:43.083+0000] {logging_mixin.py:120} INFO - [2024-07-25T18:51:43.083+0000] {dagbag.py:537} INFO - Filling up the DagBag from /opt/airflow/dags/subdags/subdag_downloads.py
[2024-07-25T18:51:43.089+0000] {processor.py:768} WARNING - No viable dags retrieved from /opt/airflow/dags/subdags/subdag_downloads.py
[2024-07-25T18:51:43.103+0000] {processor.py:176} INFO - Processing /opt/airflow/dags/subdags/subdag_downloads.py took 0.026 seconds
[2024-07-25T19:05:48.089+0000] {processor.py:154} INFO - Started process (PID=414) to work on /opt/airflow/dags/subdags/subdag_downloads.py
[2024-07-25T19:05:48.090+0000] {processor.py:756} INFO - Processing file /opt/airflow/dags/subdags/subdag_downloads.py for tasks to queue
[2024-07-25T19:05:48.091+0000] {logging_mixin.py:120} INFO - [2024-07-25T19:05:48.091+0000] {dagbag.py:537} INFO - Filling up the DagBag from /opt/airflow/dags/subdags/subdag_downloads.py
[2024-07-25T19:05:48.097+0000] {processor.py:768} WARNING - No viable dags retrieved from /opt/airflow/dags/subdags/subdag_downloads.py
[2024-07-25T19:05:48.109+0000] {processor.py:176} INFO - Processing /opt/airflow/dags/subdags/subdag_downloads.py took 0.022 seconds
[2024-07-25T19:06:42.911+0000] {processor.py:154} INFO - Started process (PID=454) to work on /opt/airflow/dags/subdags/subdag_downloads.py
[2024-07-25T19:06:42.912+0000] {processor.py:756} INFO - Processing file /opt/airflow/dags/subdags/subdag_downloads.py for tasks to queue
[2024-07-25T19:06:42.913+0000] {logging_mixin.py:120} INFO - [2024-07-25T19:06:42.913+0000] {dagbag.py:537} INFO - Filling up the DagBag from /opt/airflow/dags/subdags/subdag_downloads.py
[2024-07-25T19:06:42.921+0000] {processor.py:768} WARNING - No viable dags retrieved from /opt/airflow/dags/subdags/subdag_downloads.py
[2024-07-25T19:06:42.932+0000] {processor.py:176} INFO - Processing /opt/airflow/dags/subdags/subdag_downloads.py took 0.023 seconds
[2024-07-25T19:07:13.677+0000] {processor.py:154} INFO - Started process (PID=494) to work on /opt/airflow/dags/subdags/subdag_downloads.py
[2024-07-25T19:07:13.678+0000] {processor.py:756} INFO - Processing file /opt/airflow/dags/subdags/subdag_downloads.py for tasks to queue
[2024-07-25T19:07:13.679+0000] {logging_mixin.py:120} INFO - [2024-07-25T19:07:13.679+0000] {dagbag.py:537} INFO - Filling up the DagBag from /opt/airflow/dags/subdags/subdag_downloads.py
[2024-07-25T19:07:13.685+0000] {processor.py:768} WARNING - No viable dags retrieved from /opt/airflow/dags/subdags/subdag_downloads.py
[2024-07-25T19:07:13.699+0000] {processor.py:176} INFO - Processing /opt/airflow/dags/subdags/subdag_downloads.py took 0.024 seconds
[2024-07-25T19:08:08.116+0000] {processor.py:154} INFO - Started process (PID=525) to work on /opt/airflow/dags/subdags/subdag_downloads.py
[2024-07-25T19:08:08.117+0000] {processor.py:756} INFO - Processing file /opt/airflow/dags/subdags/subdag_downloads.py for tasks to queue
[2024-07-25T19:08:08.118+0000] {logging_mixin.py:120} INFO - [2024-07-25T19:08:08.118+0000] {dagbag.py:537} INFO - Filling up the DagBag from /opt/airflow/dags/subdags/subdag_downloads.py
[2024-07-25T19:08:08.124+0000] {processor.py:768} WARNING - No viable dags retrieved from /opt/airflow/dags/subdags/subdag_downloads.py
[2024-07-25T19:08:08.137+0000] {processor.py:176} INFO - Processing /opt/airflow/dags/subdags/subdag_downloads.py took 0.024 seconds
[2024-07-25T19:08:38.448+0000] {processor.py:154} INFO - Started process (PID=565) to work on /opt/airflow/dags/subdags/subdag_downloads.py
[2024-07-25T19:08:38.449+0000] {processor.py:756} INFO - Processing file /opt/airflow/dags/subdags/subdag_downloads.py for tasks to queue
[2024-07-25T19:08:38.449+0000] {logging_mixin.py:120} INFO - [2024-07-25T19:08:38.449+0000] {dagbag.py:537} INFO - Filling up the DagBag from /opt/airflow/dags/subdags/subdag_downloads.py
[2024-07-25T19:08:38.456+0000] {processor.py:768} WARNING - No viable dags retrieved from /opt/airflow/dags/subdags/subdag_downloads.py
[2024-07-25T19:08:38.467+0000] {processor.py:176} INFO - Processing /opt/airflow/dags/subdags/subdag_downloads.py took 0.022 seconds
[2024-07-25T19:09:09.247+0000] {processor.py:154} INFO - Started process (PID=605) to work on /opt/airflow/dags/subdags/subdag_downloads.py
[2024-07-25T19:09:09.248+0000] {processor.py:756} INFO - Processing file /opt/airflow/dags/subdags/subdag_downloads.py for tasks to queue
[2024-07-25T19:09:09.249+0000] {logging_mixin.py:120} INFO - [2024-07-25T19:09:09.248+0000] {dagbag.py:537} INFO - Filling up the DagBag from /opt/airflow/dags/subdags/subdag_downloads.py
[2024-07-25T19:09:09.254+0000] {processor.py:768} WARNING - No viable dags retrieved from /opt/airflow/dags/subdags/subdag_downloads.py
[2024-07-25T19:09:09.265+0000] {processor.py:176} INFO - Processing /opt/airflow/dags/subdags/subdag_downloads.py took 0.021 seconds
[2024-07-25T19:09:39.402+0000] {processor.py:154} INFO - Started process (PID=645) to work on /opt/airflow/dags/subdags/subdag_downloads.py
[2024-07-25T19:09:39.403+0000] {processor.py:756} INFO - Processing file /opt/airflow/dags/subdags/subdag_downloads.py for tasks to queue
[2024-07-25T19:09:39.403+0000] {logging_mixin.py:120} INFO - [2024-07-25T19:09:39.403+0000] {dagbag.py:537} INFO - Filling up the DagBag from /opt/airflow/dags/subdags/subdag_downloads.py
[2024-07-25T19:09:39.409+0000] {processor.py:768} WARNING - No viable dags retrieved from /opt/airflow/dags/subdags/subdag_downloads.py
[2024-07-25T19:09:39.423+0000] {processor.py:176} INFO - Processing /opt/airflow/dags/subdags/subdag_downloads.py took 0.025 seconds
[2024-07-25T19:10:09.537+0000] {processor.py:154} INFO - Started process (PID=673) to work on /opt/airflow/dags/subdags/subdag_downloads.py
[2024-07-25T19:10:09.538+0000] {processor.py:756} INFO - Processing file /opt/airflow/dags/subdags/subdag_downloads.py for tasks to queue
[2024-07-25T19:10:09.539+0000] {logging_mixin.py:120} INFO - [2024-07-25T19:10:09.539+0000] {dagbag.py:537} INFO - Filling up the DagBag from /opt/airflow/dags/subdags/subdag_downloads.py
[2024-07-25T19:10:09.545+0000] {processor.py:768} WARNING - No viable dags retrieved from /opt/airflow/dags/subdags/subdag_downloads.py
[2024-07-25T19:10:09.559+0000] {processor.py:176} INFO - Processing /opt/airflow/dags/subdags/subdag_downloads.py took 0.024 seconds
[2024-07-25T19:10:39.874+0000] {processor.py:154} INFO - Started process (PID=713) to work on /opt/airflow/dags/subdags/subdag_downloads.py
[2024-07-25T19:10:39.875+0000] {processor.py:756} INFO - Processing file /opt/airflow/dags/subdags/subdag_downloads.py for tasks to queue
[2024-07-25T19:10:39.876+0000] {logging_mixin.py:120} INFO - [2024-07-25T19:10:39.875+0000] {dagbag.py:537} INFO - Filling up the DagBag from /opt/airflow/dags/subdags/subdag_downloads.py
[2024-07-25T19:10:39.881+0000] {processor.py:768} WARNING - No viable dags retrieved from /opt/airflow/dags/subdags/subdag_downloads.py
[2024-07-25T19:10:39.894+0000] {processor.py:176} INFO - Processing /opt/airflow/dags/subdags/subdag_downloads.py took 0.023 seconds
[2024-07-25T19:11:10.425+0000] {processor.py:154} INFO - Started process (PID=753) to work on /opt/airflow/dags/subdags/subdag_downloads.py
[2024-07-25T19:11:10.426+0000] {processor.py:756} INFO - Processing file /opt/airflow/dags/subdags/subdag_downloads.py for tasks to queue
[2024-07-25T19:11:10.427+0000] {logging_mixin.py:120} INFO - [2024-07-25T19:11:10.427+0000] {dagbag.py:537} INFO - Filling up the DagBag from /opt/airflow/dags/subdags/subdag_downloads.py
[2024-07-25T19:11:10.432+0000] {processor.py:768} WARNING - No viable dags retrieved from /opt/airflow/dags/subdags/subdag_downloads.py
[2024-07-25T19:11:10.448+0000] {processor.py:176} INFO - Processing /opt/airflow/dags/subdags/subdag_downloads.py took 0.026 seconds
[2024-07-25T19:11:40.598+0000] {processor.py:154} INFO - Started process (PID=793) to work on /opt/airflow/dags/subdags/subdag_downloads.py
[2024-07-25T19:11:40.599+0000] {processor.py:756} INFO - Processing file /opt/airflow/dags/subdags/subdag_downloads.py for tasks to queue
[2024-07-25T19:11:40.600+0000] {logging_mixin.py:120} INFO - [2024-07-25T19:11:40.599+0000] {dagbag.py:537} INFO - Filling up the DagBag from /opt/airflow/dags/subdags/subdag_downloads.py
[2024-07-25T19:11:40.606+0000] {processor.py:768} WARNING - No viable dags retrieved from /opt/airflow/dags/subdags/subdag_downloads.py
[2024-07-25T19:11:40.620+0000] {processor.py:176} INFO - Processing /opt/airflow/dags/subdags/subdag_downloads.py took 0.025 seconds
[2024-07-25T19:12:10.820+0000] {processor.py:154} INFO - Started process (PID=824) to work on /opt/airflow/dags/subdags/subdag_downloads.py
[2024-07-25T19:12:10.821+0000] {processor.py:756} INFO - Processing file /opt/airflow/dags/subdags/subdag_downloads.py for tasks to queue
[2024-07-25T19:12:10.822+0000] {logging_mixin.py:120} INFO - [2024-07-25T19:12:10.822+0000] {dagbag.py:537} INFO - Filling up the DagBag from /opt/airflow/dags/subdags/subdag_downloads.py
[2024-07-25T19:12:10.834+0000] {processor.py:768} WARNING - No viable dags retrieved from /opt/airflow/dags/subdags/subdag_downloads.py
[2024-07-25T19:12:10.847+0000] {processor.py:176} INFO - Processing /opt/airflow/dags/subdags/subdag_downloads.py took 0.031 seconds
[2024-07-25T19:12:41.613+0000] {processor.py:154} INFO - Started process (PID=864) to work on /opt/airflow/dags/subdags/subdag_downloads.py
[2024-07-25T19:12:41.614+0000] {processor.py:756} INFO - Processing file /opt/airflow/dags/subdags/subdag_downloads.py for tasks to queue
[2024-07-25T19:12:41.615+0000] {logging_mixin.py:120} INFO - [2024-07-25T19:12:41.614+0000] {dagbag.py:537} INFO - Filling up the DagBag from /opt/airflow/dags/subdags/subdag_downloads.py
[2024-07-25T19:12:41.620+0000] {processor.py:768} WARNING - No viable dags retrieved from /opt/airflow/dags/subdags/subdag_downloads.py
[2024-07-25T19:12:41.634+0000] {processor.py:176} INFO - Processing /opt/airflow/dags/subdags/subdag_downloads.py took 0.024 seconds
[2024-07-25T19:13:12.395+0000] {processor.py:154} INFO - Started process (PID=904) to work on /opt/airflow/dags/subdags/subdag_downloads.py
[2024-07-25T19:13:12.395+0000] {processor.py:756} INFO - Processing file /opt/airflow/dags/subdags/subdag_downloads.py for tasks to queue
[2024-07-25T19:13:12.396+0000] {logging_mixin.py:120} INFO - [2024-07-25T19:13:12.396+0000] {dagbag.py:537} INFO - Filling up the DagBag from /opt/airflow/dags/subdags/subdag_downloads.py
[2024-07-25T19:13:12.402+0000] {processor.py:768} WARNING - No viable dags retrieved from /opt/airflow/dags/subdags/subdag_downloads.py
[2024-07-25T19:13:12.414+0000] {processor.py:176} INFO - Processing /opt/airflow/dags/subdags/subdag_downloads.py took 0.023 seconds
[2024-07-25T19:13:43.199+0000] {processor.py:154} INFO - Started process (PID=944) to work on /opt/airflow/dags/subdags/subdag_downloads.py
[2024-07-25T19:13:43.200+0000] {processor.py:756} INFO - Processing file /opt/airflow/dags/subdags/subdag_downloads.py for tasks to queue
[2024-07-25T19:13:43.201+0000] {logging_mixin.py:120} INFO - [2024-07-25T19:13:43.201+0000] {dagbag.py:537} INFO - Filling up the DagBag from /opt/airflow/dags/subdags/subdag_downloads.py
[2024-07-25T19:13:43.207+0000] {processor.py:768} WARNING - No viable dags retrieved from /opt/airflow/dags/subdags/subdag_downloads.py
[2024-07-25T19:13:43.218+0000] {processor.py:176} INFO - Processing /opt/airflow/dags/subdags/subdag_downloads.py took 0.022 seconds
[2024-07-25T19:14:13.995+0000] {processor.py:154} INFO - Started process (PID=982) to work on /opt/airflow/dags/subdags/subdag_downloads.py
[2024-07-25T19:14:13.996+0000] {processor.py:756} INFO - Processing file /opt/airflow/dags/subdags/subdag_downloads.py for tasks to queue
[2024-07-25T19:14:13.996+0000] {logging_mixin.py:120} INFO - [2024-07-25T19:14:13.996+0000] {dagbag.py:537} INFO - Filling up the DagBag from /opt/airflow/dags/subdags/subdag_downloads.py
[2024-07-25T19:14:14.003+0000] {processor.py:768} WARNING - No viable dags retrieved from /opt/airflow/dags/subdags/subdag_downloads.py
[2024-07-25T19:14:14.015+0000] {processor.py:176} INFO - Processing /opt/airflow/dags/subdags/subdag_downloads.py took 0.023 seconds
[2024-07-25T19:14:44.804+0000] {processor.py:154} INFO - Started process (PID=1015) to work on /opt/airflow/dags/subdags/subdag_downloads.py
[2024-07-25T19:14:44.805+0000] {processor.py:756} INFO - Processing file /opt/airflow/dags/subdags/subdag_downloads.py for tasks to queue
[2024-07-25T19:14:44.805+0000] {logging_mixin.py:120} INFO - [2024-07-25T19:14:44.805+0000] {dagbag.py:537} INFO - Filling up the DagBag from /opt/airflow/dags/subdags/subdag_downloads.py
[2024-07-25T19:14:44.811+0000] {processor.py:768} WARNING - No viable dags retrieved from /opt/airflow/dags/subdags/subdag_downloads.py
[2024-07-25T19:14:44.823+0000] {processor.py:176} INFO - Processing /opt/airflow/dags/subdags/subdag_downloads.py took 0.022 seconds
[2024-07-25T19:15:15.636+0000] {processor.py:154} INFO - Started process (PID=1055) to work on /opt/airflow/dags/subdags/subdag_downloads.py
[2024-07-25T19:15:15.638+0000] {processor.py:756} INFO - Processing file /opt/airflow/dags/subdags/subdag_downloads.py for tasks to queue
[2024-07-25T19:15:15.639+0000] {logging_mixin.py:120} INFO - [2024-07-25T19:15:15.639+0000] {dagbag.py:537} INFO - Filling up the DagBag from /opt/airflow/dags/subdags/subdag_downloads.py
[2024-07-25T19:15:15.649+0000] {processor.py:768} WARNING - No viable dags retrieved from /opt/airflow/dags/subdags/subdag_downloads.py
[2024-07-25T19:15:15.662+0000] {processor.py:176} INFO - Processing /opt/airflow/dags/subdags/subdag_downloads.py took 0.030 seconds
[2024-07-25T19:15:46.437+0000] {processor.py:154} INFO - Started process (PID=1095) to work on /opt/airflow/dags/subdags/subdag_downloads.py
[2024-07-25T19:15:46.438+0000] {processor.py:756} INFO - Processing file /opt/airflow/dags/subdags/subdag_downloads.py for tasks to queue
[2024-07-25T19:15:46.438+0000] {logging_mixin.py:120} INFO - [2024-07-25T19:15:46.438+0000] {dagbag.py:537} INFO - Filling up the DagBag from /opt/airflow/dags/subdags/subdag_downloads.py
[2024-07-25T19:15:46.443+0000] {processor.py:768} WARNING - No viable dags retrieved from /opt/airflow/dags/subdags/subdag_downloads.py
[2024-07-25T19:15:46.456+0000] {processor.py:176} INFO - Processing /opt/airflow/dags/subdags/subdag_downloads.py took 0.022 seconds
[2024-07-25T19:16:17.183+0000] {processor.py:154} INFO - Started process (PID=1135) to work on /opt/airflow/dags/subdags/subdag_downloads.py
[2024-07-25T19:16:17.184+0000] {processor.py:756} INFO - Processing file /opt/airflow/dags/subdags/subdag_downloads.py for tasks to queue
[2024-07-25T19:16:17.185+0000] {logging_mixin.py:120} INFO - [2024-07-25T19:16:17.184+0000] {dagbag.py:537} INFO - Filling up the DagBag from /opt/airflow/dags/subdags/subdag_downloads.py
[2024-07-25T19:16:17.189+0000] {processor.py:768} WARNING - No viable dags retrieved from /opt/airflow/dags/subdags/subdag_downloads.py
[2024-07-25T19:16:17.201+0000] {processor.py:176} INFO - Processing /opt/airflow/dags/subdags/subdag_downloads.py took 0.021 seconds
[2024-07-25T19:16:47.995+0000] {processor.py:154} INFO - Started process (PID=1175) to work on /opt/airflow/dags/subdags/subdag_downloads.py
[2024-07-25T19:16:47.996+0000] {processor.py:756} INFO - Processing file /opt/airflow/dags/subdags/subdag_downloads.py for tasks to queue
[2024-07-25T19:16:47.997+0000] {logging_mixin.py:120} INFO - [2024-07-25T19:16:47.997+0000] {dagbag.py:537} INFO - Filling up the DagBag from /opt/airflow/dags/subdags/subdag_downloads.py
[2024-07-25T19:16:48.004+0000] {processor.py:768} WARNING - No viable dags retrieved from /opt/airflow/dags/subdags/subdag_downloads.py
[2024-07-25T19:16:48.019+0000] {processor.py:176} INFO - Processing /opt/airflow/dags/subdags/subdag_downloads.py took 0.027 seconds
[2024-07-25T19:17:18.212+0000] {processor.py:154} INFO - Started process (PID=1206) to work on /opt/airflow/dags/subdags/subdag_downloads.py
[2024-07-25T19:17:18.213+0000] {processor.py:756} INFO - Processing file /opt/airflow/dags/subdags/subdag_downloads.py for tasks to queue
[2024-07-25T19:17:18.214+0000] {logging_mixin.py:120} INFO - [2024-07-25T19:17:18.213+0000] {dagbag.py:537} INFO - Filling up the DagBag from /opt/airflow/dags/subdags/subdag_downloads.py
[2024-07-25T19:17:18.220+0000] {processor.py:768} WARNING - No viable dags retrieved from /opt/airflow/dags/subdags/subdag_downloads.py
[2024-07-25T19:17:18.231+0000] {processor.py:176} INFO - Processing /opt/airflow/dags/subdags/subdag_downloads.py took 0.022 seconds
[2024-07-25T19:17:49.127+0000] {processor.py:154} INFO - Started process (PID=1246) to work on /opt/airflow/dags/subdags/subdag_downloads.py
[2024-07-25T19:17:49.127+0000] {processor.py:756} INFO - Processing file /opt/airflow/dags/subdags/subdag_downloads.py for tasks to queue
[2024-07-25T19:17:49.128+0000] {logging_mixin.py:120} INFO - [2024-07-25T19:17:49.128+0000] {dagbag.py:537} INFO - Filling up the DagBag from /opt/airflow/dags/subdags/subdag_downloads.py
[2024-07-25T19:17:49.137+0000] {processor.py:768} WARNING - No viable dags retrieved from /opt/airflow/dags/subdags/subdag_downloads.py
[2024-07-25T19:17:49.149+0000] {processor.py:176} INFO - Processing /opt/airflow/dags/subdags/subdag_downloads.py took 0.025 seconds
[2024-07-25T19:18:19.922+0000] {processor.py:154} INFO - Started process (PID=1286) to work on /opt/airflow/dags/subdags/subdag_downloads.py
[2024-07-25T19:18:19.923+0000] {processor.py:756} INFO - Processing file /opt/airflow/dags/subdags/subdag_downloads.py for tasks to queue
[2024-07-25T19:18:19.926+0000] {logging_mixin.py:120} INFO - [2024-07-25T19:18:19.926+0000] {dagbag.py:537} INFO - Filling up the DagBag from /opt/airflow/dags/subdags/subdag_downloads.py
[2024-07-25T19:18:19.931+0000] {processor.py:768} WARNING - No viable dags retrieved from /opt/airflow/dags/subdags/subdag_downloads.py
[2024-07-25T19:18:19.943+0000] {processor.py:176} INFO - Processing /opt/airflow/dags/subdags/subdag_downloads.py took 0.025 seconds
[2024-07-25T19:18:50.691+0000] {processor.py:154} INFO - Started process (PID=1326) to work on /opt/airflow/dags/subdags/subdag_downloads.py
[2024-07-25T19:18:50.692+0000] {processor.py:756} INFO - Processing file /opt/airflow/dags/subdags/subdag_downloads.py for tasks to queue
[2024-07-25T19:18:50.693+0000] {logging_mixin.py:120} INFO - [2024-07-25T19:18:50.693+0000] {dagbag.py:537} INFO - Filling up the DagBag from /opt/airflow/dags/subdags/subdag_downloads.py
[2024-07-25T19:18:50.700+0000] {processor.py:768} WARNING - No viable dags retrieved from /opt/airflow/dags/subdags/subdag_downloads.py
[2024-07-25T19:18:50.710+0000] {processor.py:176} INFO - Processing /opt/airflow/dags/subdags/subdag_downloads.py took 0.022 seconds
[2024-07-25T19:19:21.491+0000] {processor.py:154} INFO - Started process (PID=1366) to work on /opt/airflow/dags/subdags/subdag_downloads.py
[2024-07-25T19:19:21.493+0000] {processor.py:756} INFO - Processing file /opt/airflow/dags/subdags/subdag_downloads.py for tasks to queue
[2024-07-25T19:19:21.494+0000] {logging_mixin.py:120} INFO - [2024-07-25T19:19:21.493+0000] {dagbag.py:537} INFO - Filling up the DagBag from /opt/airflow/dags/subdags/subdag_downloads.py
[2024-07-25T19:19:21.506+0000] {processor.py:768} WARNING - No viable dags retrieved from /opt/airflow/dags/subdags/subdag_downloads.py
[2024-07-25T19:19:21.517+0000] {processor.py:176} INFO - Processing /opt/airflow/dags/subdags/subdag_downloads.py took 0.029 seconds
[2024-07-25T19:19:51.611+0000] {processor.py:154} INFO - Started process (PID=1397) to work on /opt/airflow/dags/subdags/subdag_downloads.py
[2024-07-25T19:19:51.612+0000] {processor.py:756} INFO - Processing file /opt/airflow/dags/subdags/subdag_downloads.py for tasks to queue
[2024-07-25T19:19:51.613+0000] {logging_mixin.py:120} INFO - [2024-07-25T19:19:51.613+0000] {dagbag.py:537} INFO - Filling up the DagBag from /opt/airflow/dags/subdags/subdag_downloads.py
[2024-07-25T19:19:51.619+0000] {processor.py:768} WARNING - No viable dags retrieved from /opt/airflow/dags/subdags/subdag_downloads.py
[2024-07-25T19:19:51.631+0000] {processor.py:176} INFO - Processing /opt/airflow/dags/subdags/subdag_downloads.py took 0.023 seconds
[2024-07-25T19:20:22.407+0000] {processor.py:154} INFO - Started process (PID=1437) to work on /opt/airflow/dags/subdags/subdag_downloads.py
[2024-07-25T19:20:22.408+0000] {processor.py:756} INFO - Processing file /opt/airflow/dags/subdags/subdag_downloads.py for tasks to queue
[2024-07-25T19:20:22.409+0000] {logging_mixin.py:120} INFO - [2024-07-25T19:20:22.409+0000] {dagbag.py:537} INFO - Filling up the DagBag from /opt/airflow/dags/subdags/subdag_downloads.py
[2024-07-25T19:20:22.416+0000] {processor.py:768} WARNING - No viable dags retrieved from /opt/airflow/dags/subdags/subdag_downloads.py
[2024-07-25T19:20:22.427+0000] {processor.py:176} INFO - Processing /opt/airflow/dags/subdags/subdag_downloads.py took 0.022 seconds
[2024-07-25T19:20:53.261+0000] {processor.py:154} INFO - Started process (PID=1477) to work on /opt/airflow/dags/subdags/subdag_downloads.py
[2024-07-25T19:20:53.262+0000] {processor.py:756} INFO - Processing file /opt/airflow/dags/subdags/subdag_downloads.py for tasks to queue
[2024-07-25T19:20:53.263+0000] {logging_mixin.py:120} INFO - [2024-07-25T19:20:53.263+0000] {dagbag.py:537} INFO - Filling up the DagBag from /opt/airflow/dags/subdags/subdag_downloads.py
[2024-07-25T19:20:53.269+0000] {processor.py:768} WARNING - No viable dags retrieved from /opt/airflow/dags/subdags/subdag_downloads.py
[2024-07-25T19:20:53.282+0000] {processor.py:176} INFO - Processing /opt/airflow/dags/subdags/subdag_downloads.py took 0.023 seconds
[2024-07-25T19:21:24.087+0000] {processor.py:154} INFO - Started process (PID=1517) to work on /opt/airflow/dags/subdags/subdag_downloads.py
[2024-07-25T19:21:24.088+0000] {processor.py:756} INFO - Processing file /opt/airflow/dags/subdags/subdag_downloads.py for tasks to queue
[2024-07-25T19:21:24.092+0000] {logging_mixin.py:120} INFO - [2024-07-25T19:21:24.092+0000] {dagbag.py:537} INFO - Filling up the DagBag from /opt/airflow/dags/subdags/subdag_downloads.py
[2024-07-25T19:21:24.101+0000] {processor.py:768} WARNING - No viable dags retrieved from /opt/airflow/dags/subdags/subdag_downloads.py
[2024-07-25T19:21:24.113+0000] {processor.py:176} INFO - Processing /opt/airflow/dags/subdags/subdag_downloads.py took 0.028 seconds
[2024-07-25T19:21:55.121+0000] {processor.py:154} INFO - Started process (PID=1555) to work on /opt/airflow/dags/subdags/subdag_downloads.py
[2024-07-25T19:21:55.122+0000] {processor.py:756} INFO - Processing file /opt/airflow/dags/subdags/subdag_downloads.py for tasks to queue
[2024-07-25T19:21:55.122+0000] {logging_mixin.py:120} INFO - [2024-07-25T19:21:55.122+0000] {dagbag.py:537} INFO - Filling up the DagBag from /opt/airflow/dags/subdags/subdag_downloads.py
[2024-07-25T19:21:55.129+0000] {processor.py:768} WARNING - No viable dags retrieved from /opt/airflow/dags/subdags/subdag_downloads.py
[2024-07-25T19:21:55.142+0000] {processor.py:176} INFO - Processing /opt/airflow/dags/subdags/subdag_downloads.py took 0.025 seconds
[2024-07-25T19:22:25.397+0000] {processor.py:154} INFO - Started process (PID=1589) to work on /opt/airflow/dags/subdags/subdag_downloads.py
[2024-07-25T19:22:25.401+0000] {processor.py:756} INFO - Processing file /opt/airflow/dags/subdags/subdag_downloads.py for tasks to queue
[2024-07-25T19:22:25.402+0000] {logging_mixin.py:120} INFO - [2024-07-25T19:22:25.402+0000] {dagbag.py:537} INFO - Filling up the DagBag from /opt/airflow/dags/subdags/subdag_downloads.py
[2024-07-25T19:22:25.413+0000] {processor.py:768} WARNING - No viable dags retrieved from /opt/airflow/dags/subdags/subdag_downloads.py
[2024-07-25T19:22:25.434+0000] {processor.py:176} INFO - Processing /opt/airflow/dags/subdags/subdag_downloads.py took 0.042 seconds
[2024-07-25T19:22:56.223+0000] {processor.py:154} INFO - Started process (PID=1629) to work on /opt/airflow/dags/subdags/subdag_downloads.py
[2024-07-25T19:22:56.228+0000] {processor.py:756} INFO - Processing file /opt/airflow/dags/subdags/subdag_downloads.py for tasks to queue
[2024-07-25T19:22:56.233+0000] {logging_mixin.py:120} INFO - [2024-07-25T19:22:56.233+0000] {dagbag.py:537} INFO - Filling up the DagBag from /opt/airflow/dags/subdags/subdag_downloads.py
[2024-07-25T19:22:56.245+0000] {processor.py:768} WARNING - No viable dags retrieved from /opt/airflow/dags/subdags/subdag_downloads.py
[2024-07-25T19:22:56.261+0000] {processor.py:176} INFO - Processing /opt/airflow/dags/subdags/subdag_downloads.py took 0.045 seconds
[2024-07-25T19:23:26.474+0000] {processor.py:154} INFO - Started process (PID=1669) to work on /opt/airflow/dags/subdags/subdag_downloads.py
[2024-07-25T19:23:26.476+0000] {processor.py:756} INFO - Processing file /opt/airflow/dags/subdags/subdag_downloads.py for tasks to queue
[2024-07-25T19:23:26.477+0000] {logging_mixin.py:120} INFO - [2024-07-25T19:23:26.477+0000] {dagbag.py:537} INFO - Filling up the DagBag from /opt/airflow/dags/subdags/subdag_downloads.py
[2024-07-25T19:23:26.485+0000] {processor.py:768} WARNING - No viable dags retrieved from /opt/airflow/dags/subdags/subdag_downloads.py
[2024-07-25T19:23:26.513+0000] {processor.py:176} INFO - Processing /opt/airflow/dags/subdags/subdag_downloads.py took 0.044 seconds
[2024-07-25T19:23:56.944+0000] {processor.py:154} INFO - Started process (PID=1700) to work on /opt/airflow/dags/subdags/subdag_downloads.py
[2024-07-25T19:23:56.945+0000] {processor.py:756} INFO - Processing file /opt/airflow/dags/subdags/subdag_downloads.py for tasks to queue
[2024-07-25T19:23:56.945+0000] {logging_mixin.py:120} INFO - [2024-07-25T19:23:56.945+0000] {dagbag.py:537} INFO - Filling up the DagBag from /opt/airflow/dags/subdags/subdag_downloads.py
[2024-07-25T19:23:56.952+0000] {processor.py:768} WARNING - No viable dags retrieved from /opt/airflow/dags/subdags/subdag_downloads.py
[2024-07-25T19:23:56.964+0000] {processor.py:176} INFO - Processing /opt/airflow/dags/subdags/subdag_downloads.py took 0.023 seconds
[2024-07-25T19:24:27.795+0000] {processor.py:154} INFO - Started process (PID=1740) to work on /opt/airflow/dags/subdags/subdag_downloads.py
[2024-07-25T19:24:27.796+0000] {processor.py:756} INFO - Processing file /opt/airflow/dags/subdags/subdag_downloads.py for tasks to queue
[2024-07-25T19:24:27.796+0000] {logging_mixin.py:120} INFO - [2024-07-25T19:24:27.796+0000] {dagbag.py:537} INFO - Filling up the DagBag from /opt/airflow/dags/subdags/subdag_downloads.py
[2024-07-25T19:24:27.818+0000] {processor.py:768} WARNING - No viable dags retrieved from /opt/airflow/dags/subdags/subdag_downloads.py
[2024-07-25T19:24:27.830+0000] {processor.py:176} INFO - Processing /opt/airflow/dags/subdags/subdag_downloads.py took 0.039 seconds
[2024-07-25T19:24:58.574+0000] {processor.py:154} INFO - Started process (PID=1780) to work on /opt/airflow/dags/subdags/subdag_downloads.py
[2024-07-25T19:24:58.574+0000] {processor.py:756} INFO - Processing file /opt/airflow/dags/subdags/subdag_downloads.py for tasks to queue
[2024-07-25T19:24:58.575+0000] {logging_mixin.py:120} INFO - [2024-07-25T19:24:58.575+0000] {dagbag.py:537} INFO - Filling up the DagBag from /opt/airflow/dags/subdags/subdag_downloads.py
[2024-07-25T19:24:58.580+0000] {processor.py:768} WARNING - No viable dags retrieved from /opt/airflow/dags/subdags/subdag_downloads.py
[2024-07-25T19:24:58.592+0000] {processor.py:176} INFO - Processing /opt/airflow/dags/subdags/subdag_downloads.py took 0.021 seconds
[2024-07-25T19:25:29.343+0000] {processor.py:154} INFO - Started process (PID=1820) to work on /opt/airflow/dags/subdags/subdag_downloads.py
[2024-07-25T19:25:29.344+0000] {processor.py:756} INFO - Processing file /opt/airflow/dags/subdags/subdag_downloads.py for tasks to queue
[2024-07-25T19:25:29.345+0000] {logging_mixin.py:120} INFO - [2024-07-25T19:25:29.345+0000] {dagbag.py:537} INFO - Filling up the DagBag from /opt/airflow/dags/subdags/subdag_downloads.py
[2024-07-25T19:25:29.350+0000] {processor.py:768} WARNING - No viable dags retrieved from /opt/airflow/dags/subdags/subdag_downloads.py
[2024-07-25T19:25:29.361+0000] {processor.py:176} INFO - Processing /opt/airflow/dags/subdags/subdag_downloads.py took 0.022 seconds
[2024-07-25T19:25:59.517+0000] {processor.py:154} INFO - Started process (PID=1858) to work on /opt/airflow/dags/subdags/subdag_downloads.py
[2024-07-25T19:25:59.518+0000] {processor.py:756} INFO - Processing file /opt/airflow/dags/subdags/subdag_downloads.py for tasks to queue
[2024-07-25T19:25:59.519+0000] {logging_mixin.py:120} INFO - [2024-07-25T19:25:59.519+0000] {dagbag.py:537} INFO - Filling up the DagBag from /opt/airflow/dags/subdags/subdag_downloads.py
[2024-07-25T19:25:59.525+0000] {processor.py:768} WARNING - No viable dags retrieved from /opt/airflow/dags/subdags/subdag_downloads.py
[2024-07-25T19:25:59.537+0000] {processor.py:176} INFO - Processing /opt/airflow/dags/subdags/subdag_downloads.py took 0.023 seconds
[2024-07-25T19:26:30.345+0000] {processor.py:154} INFO - Started process (PID=1891) to work on /opt/airflow/dags/subdags/subdag_downloads.py
[2024-07-25T19:26:30.348+0000] {processor.py:756} INFO - Processing file /opt/airflow/dags/subdags/subdag_downloads.py for tasks to queue
[2024-07-25T19:26:30.349+0000] {logging_mixin.py:120} INFO - [2024-07-25T19:26:30.349+0000] {dagbag.py:537} INFO - Filling up the DagBag from /opt/airflow/dags/subdags/subdag_downloads.py
[2024-07-25T19:26:30.354+0000] {processor.py:768} WARNING - No viable dags retrieved from /opt/airflow/dags/subdags/subdag_downloads.py
[2024-07-25T19:26:30.365+0000] {processor.py:176} INFO - Processing /opt/airflow/dags/subdags/subdag_downloads.py took 0.024 seconds
[2024-07-25T19:27:01.274+0000] {processor.py:154} INFO - Started process (PID=1931) to work on /opt/airflow/dags/subdags/subdag_downloads.py
[2024-07-25T19:27:01.275+0000] {processor.py:756} INFO - Processing file /opt/airflow/dags/subdags/subdag_downloads.py for tasks to queue
[2024-07-25T19:27:01.276+0000] {logging_mixin.py:120} INFO - [2024-07-25T19:27:01.275+0000] {dagbag.py:537} INFO - Filling up the DagBag from /opt/airflow/dags/subdags/subdag_downloads.py
[2024-07-25T19:27:01.283+0000] {processor.py:768} WARNING - No viable dags retrieved from /opt/airflow/dags/subdags/subdag_downloads.py
[2024-07-25T19:27:01.294+0000] {processor.py:176} INFO - Processing /opt/airflow/dags/subdags/subdag_downloads.py took 0.023 seconds
[2024-07-25T19:27:32.070+0000] {processor.py:154} INFO - Started process (PID=1971) to work on /opt/airflow/dags/subdags/subdag_downloads.py
[2024-07-25T19:27:32.070+0000] {processor.py:756} INFO - Processing file /opt/airflow/dags/subdags/subdag_downloads.py for tasks to queue
[2024-07-25T19:27:32.071+0000] {logging_mixin.py:120} INFO - [2024-07-25T19:27:32.071+0000] {dagbag.py:537} INFO - Filling up the DagBag from /opt/airflow/dags/subdags/subdag_downloads.py
[2024-07-25T19:27:32.078+0000] {processor.py:768} WARNING - No viable dags retrieved from /opt/airflow/dags/subdags/subdag_downloads.py
[2024-07-25T19:27:32.089+0000] {processor.py:176} INFO - Processing /opt/airflow/dags/subdags/subdag_downloads.py took 0.022 seconds
[2024-07-25T19:28:02.278+0000] {processor.py:154} INFO - Started process (PID=2011) to work on /opt/airflow/dags/subdags/subdag_downloads.py
[2024-07-25T19:28:02.281+0000] {processor.py:756} INFO - Processing file /opt/airflow/dags/subdags/subdag_downloads.py for tasks to queue
[2024-07-25T19:28:02.283+0000] {logging_mixin.py:120} INFO - [2024-07-25T19:28:02.283+0000] {dagbag.py:537} INFO - Filling up the DagBag from /opt/airflow/dags/subdags/subdag_downloads.py
[2024-07-25T19:28:02.288+0000] {processor.py:768} WARNING - No viable dags retrieved from /opt/airflow/dags/subdags/subdag_downloads.py
[2024-07-25T19:28:02.305+0000] {processor.py:176} INFO - Processing /opt/airflow/dags/subdags/subdag_downloads.py took 0.030 seconds
[2024-07-25T19:28:32.443+0000] {processor.py:154} INFO - Started process (PID=2042) to work on /opt/airflow/dags/subdags/subdag_downloads.py
[2024-07-25T19:28:32.453+0000] {processor.py:756} INFO - Processing file /opt/airflow/dags/subdags/subdag_downloads.py for tasks to queue
[2024-07-25T19:28:32.473+0000] {logging_mixin.py:120} INFO - [2024-07-25T19:28:32.473+0000] {dagbag.py:537} INFO - Filling up the DagBag from /opt/airflow/dags/subdags/subdag_downloads.py
[2024-07-25T19:28:32.502+0000] {processor.py:768} WARNING - No viable dags retrieved from /opt/airflow/dags/subdags/subdag_downloads.py
[2024-07-25T19:28:32.525+0000] {processor.py:176} INFO - Processing /opt/airflow/dags/subdags/subdag_downloads.py took 0.085 seconds
[2024-07-25T19:29:03.281+0000] {processor.py:154} INFO - Started process (PID=2082) to work on /opt/airflow/dags/subdags/subdag_downloads.py
[2024-07-25T19:29:03.282+0000] {processor.py:756} INFO - Processing file /opt/airflow/dags/subdags/subdag_downloads.py for tasks to queue
[2024-07-25T19:29:03.283+0000] {logging_mixin.py:120} INFO - [2024-07-25T19:29:03.283+0000] {dagbag.py:537} INFO - Filling up the DagBag from /opt/airflow/dags/subdags/subdag_downloads.py
[2024-07-25T19:29:03.291+0000] {processor.py:768} WARNING - No viable dags retrieved from /opt/airflow/dags/subdags/subdag_downloads.py
[2024-07-25T19:29:03.303+0000] {processor.py:176} INFO - Processing /opt/airflow/dags/subdags/subdag_downloads.py took 0.025 seconds
[2024-07-25T19:29:34.101+0000] {processor.py:154} INFO - Started process (PID=2121) to work on /opt/airflow/dags/subdags/subdag_downloads.py
[2024-07-25T19:29:34.101+0000] {processor.py:756} INFO - Processing file /opt/airflow/dags/subdags/subdag_downloads.py for tasks to queue
[2024-07-25T19:29:34.105+0000] {logging_mixin.py:120} INFO - [2024-07-25T19:29:34.105+0000] {dagbag.py:537} INFO - Filling up the DagBag from /opt/airflow/dags/subdags/subdag_downloads.py
[2024-07-25T19:29:34.114+0000] {processor.py:768} WARNING - No viable dags retrieved from /opt/airflow/dags/subdags/subdag_downloads.py
[2024-07-25T19:29:34.126+0000] {processor.py:176} INFO - Processing /opt/airflow/dags/subdags/subdag_downloads.py took 0.028 seconds
[2024-07-25T19:30:04.893+0000] {processor.py:154} INFO - Started process (PID=2161) to work on /opt/airflow/dags/subdags/subdag_downloads.py
[2024-07-25T19:30:04.894+0000] {processor.py:756} INFO - Processing file /opt/airflow/dags/subdags/subdag_downloads.py for tasks to queue
[2024-07-25T19:30:04.895+0000] {logging_mixin.py:120} INFO - [2024-07-25T19:30:04.894+0000] {dagbag.py:537} INFO - Filling up the DagBag from /opt/airflow/dags/subdags/subdag_downloads.py
[2024-07-25T19:30:04.901+0000] {processor.py:768} WARNING - No viable dags retrieved from /opt/airflow/dags/subdags/subdag_downloads.py
[2024-07-25T19:30:04.912+0000] {processor.py:176} INFO - Processing /opt/airflow/dags/subdags/subdag_downloads.py took 0.023 seconds
[2024-07-25T19:30:35.057+0000] {processor.py:154} INFO - Started process (PID=2201) to work on /opt/airflow/dags/subdags/subdag_downloads.py
[2024-07-25T19:30:35.058+0000] {processor.py:756} INFO - Processing file /opt/airflow/dags/subdags/subdag_downloads.py for tasks to queue
[2024-07-25T19:30:35.059+0000] {logging_mixin.py:120} INFO - [2024-07-25T19:30:35.059+0000] {dagbag.py:537} INFO - Filling up the DagBag from /opt/airflow/dags/subdags/subdag_downloads.py
[2024-07-25T19:30:35.065+0000] {processor.py:768} WARNING - No viable dags retrieved from /opt/airflow/dags/subdags/subdag_downloads.py
[2024-07-25T19:30:35.077+0000] {processor.py:176} INFO - Processing /opt/airflow/dags/subdags/subdag_downloads.py took 0.023 seconds
[2024-07-25T19:31:05.261+0000] {processor.py:154} INFO - Started process (PID=2232) to work on /opt/airflow/dags/subdags/subdag_downloads.py
[2024-07-25T19:31:05.262+0000] {processor.py:756} INFO - Processing file /opt/airflow/dags/subdags/subdag_downloads.py for tasks to queue
[2024-07-25T19:31:05.263+0000] {logging_mixin.py:120} INFO - [2024-07-25T19:31:05.263+0000] {dagbag.py:537} INFO - Filling up the DagBag from /opt/airflow/dags/subdags/subdag_downloads.py
[2024-07-25T19:31:05.268+0000] {processor.py:768} WARNING - No viable dags retrieved from /opt/airflow/dags/subdags/subdag_downloads.py
[2024-07-25T19:31:05.280+0000] {processor.py:176} INFO - Processing /opt/airflow/dags/subdags/subdag_downloads.py took 0.022 seconds
[2024-07-25T19:31:36.106+0000] {processor.py:154} INFO - Started process (PID=2272) to work on /opt/airflow/dags/subdags/subdag_downloads.py
[2024-07-25T19:31:36.107+0000] {processor.py:756} INFO - Processing file /opt/airflow/dags/subdags/subdag_downloads.py for tasks to queue
[2024-07-25T19:31:36.107+0000] {logging_mixin.py:120} INFO - [2024-07-25T19:31:36.107+0000] {dagbag.py:537} INFO - Filling up the DagBag from /opt/airflow/dags/subdags/subdag_downloads.py
[2024-07-25T19:31:36.113+0000] {processor.py:768} WARNING - No viable dags retrieved from /opt/airflow/dags/subdags/subdag_downloads.py
[2024-07-25T19:31:36.126+0000] {processor.py:176} INFO - Processing /opt/airflow/dags/subdags/subdag_downloads.py took 0.023 seconds
[2024-07-25T19:32:06.916+0000] {processor.py:154} INFO - Started process (PID=2312) to work on /opt/airflow/dags/subdags/subdag_downloads.py
[2024-07-25T19:32:06.916+0000] {processor.py:756} INFO - Processing file /opt/airflow/dags/subdags/subdag_downloads.py for tasks to queue
[2024-07-25T19:32:06.917+0000] {logging_mixin.py:120} INFO - [2024-07-25T19:32:06.917+0000] {dagbag.py:537} INFO - Filling up the DagBag from /opt/airflow/dags/subdags/subdag_downloads.py
[2024-07-25T19:32:06.922+0000] {processor.py:768} WARNING - No viable dags retrieved from /opt/airflow/dags/subdags/subdag_downloads.py
[2024-07-25T19:32:06.934+0000] {processor.py:176} INFO - Processing /opt/airflow/dags/subdags/subdag_downloads.py took 0.021 seconds
[2024-07-25T19:32:37.687+0000] {processor.py:154} INFO - Started process (PID=2352) to work on /opt/airflow/dags/subdags/subdag_downloads.py
[2024-07-25T19:32:37.688+0000] {processor.py:756} INFO - Processing file /opt/airflow/dags/subdags/subdag_downloads.py for tasks to queue
[2024-07-25T19:32:37.689+0000] {logging_mixin.py:120} INFO - [2024-07-25T19:32:37.689+0000] {dagbag.py:537} INFO - Filling up the DagBag from /opt/airflow/dags/subdags/subdag_downloads.py
[2024-07-25T19:32:37.694+0000] {processor.py:768} WARNING - No viable dags retrieved from /opt/airflow/dags/subdags/subdag_downloads.py
[2024-07-25T19:32:37.705+0000] {processor.py:176} INFO - Processing /opt/airflow/dags/subdags/subdag_downloads.py took 0.021 seconds
[2024-07-25T19:33:07.942+0000] {processor.py:154} INFO - Started process (PID=2382) to work on /opt/airflow/dags/subdags/subdag_downloads.py
[2024-07-25T19:33:07.943+0000] {processor.py:756} INFO - Processing file /opt/airflow/dags/subdags/subdag_downloads.py for tasks to queue
[2024-07-25T19:33:07.945+0000] {logging_mixin.py:120} INFO - [2024-07-25T19:33:07.945+0000] {dagbag.py:537} INFO - Filling up the DagBag from /opt/airflow/dags/subdags/subdag_downloads.py
[2024-07-25T19:33:07.951+0000] {processor.py:768} WARNING - No viable dags retrieved from /opt/airflow/dags/subdags/subdag_downloads.py
[2024-07-25T19:33:07.976+0000] {processor.py:176} INFO - Processing /opt/airflow/dags/subdags/subdag_downloads.py took 0.037 seconds
[2024-07-25T19:33:38.162+0000] {processor.py:154} INFO - Started process (PID=2422) to work on /opt/airflow/dags/subdags/subdag_downloads.py
[2024-07-25T19:33:38.165+0000] {processor.py:756} INFO - Processing file /opt/airflow/dags/subdags/subdag_downloads.py for tasks to queue
[2024-07-25T19:33:38.165+0000] {logging_mixin.py:120} INFO - [2024-07-25T19:33:38.165+0000] {dagbag.py:537} INFO - Filling up the DagBag from /opt/airflow/dags/subdags/subdag_downloads.py
[2024-07-25T19:33:38.178+0000] {processor.py:768} WARNING - No viable dags retrieved from /opt/airflow/dags/subdags/subdag_downloads.py
[2024-07-25T19:33:38.191+0000] {processor.py:176} INFO - Processing /opt/airflow/dags/subdags/subdag_downloads.py took 0.032 seconds
[2024-07-25T19:34:08.947+0000] {processor.py:154} INFO - Started process (PID=2462) to work on /opt/airflow/dags/subdags/subdag_downloads.py
[2024-07-25T19:34:08.948+0000] {processor.py:756} INFO - Processing file /opt/airflow/dags/subdags/subdag_downloads.py for tasks to queue
[2024-07-25T19:34:08.949+0000] {logging_mixin.py:120} INFO - [2024-07-25T19:34:08.949+0000] {dagbag.py:537} INFO - Filling up the DagBag from /opt/airflow/dags/subdags/subdag_downloads.py
[2024-07-25T19:34:08.953+0000] {processor.py:768} WARNING - No viable dags retrieved from /opt/airflow/dags/subdags/subdag_downloads.py
[2024-07-25T19:34:08.965+0000] {processor.py:176} INFO - Processing /opt/airflow/dags/subdags/subdag_downloads.py took 0.021 seconds
[2024-07-25T19:34:39.749+0000] {processor.py:154} INFO - Started process (PID=2501) to work on /opt/airflow/dags/subdags/subdag_downloads.py
[2024-07-25T19:34:39.750+0000] {processor.py:756} INFO - Processing file /opt/airflow/dags/subdags/subdag_downloads.py for tasks to queue
[2024-07-25T19:34:39.751+0000] {logging_mixin.py:120} INFO - [2024-07-25T19:34:39.751+0000] {dagbag.py:537} INFO - Filling up the DagBag from /opt/airflow/dags/subdags/subdag_downloads.py
[2024-07-25T19:34:39.756+0000] {processor.py:768} WARNING - No viable dags retrieved from /opt/airflow/dags/subdags/subdag_downloads.py
[2024-07-25T19:34:39.767+0000] {processor.py:176} INFO - Processing /opt/airflow/dags/subdags/subdag_downloads.py took 0.021 seconds
[2024-07-25T19:35:10.508+0000] {processor.py:154} INFO - Started process (PID=2541) to work on /opt/airflow/dags/subdags/subdag_downloads.py
[2024-07-25T19:35:10.509+0000] {processor.py:756} INFO - Processing file /opt/airflow/dags/subdags/subdag_downloads.py for tasks to queue
[2024-07-25T19:35:10.510+0000] {logging_mixin.py:120} INFO - [2024-07-25T19:35:10.510+0000] {dagbag.py:537} INFO - Filling up the DagBag from /opt/airflow/dags/subdags/subdag_downloads.py
[2024-07-25T19:35:10.517+0000] {processor.py:768} WARNING - No viable dags retrieved from /opt/airflow/dags/subdags/subdag_downloads.py
[2024-07-25T19:35:10.528+0000] {processor.py:176} INFO - Processing /opt/airflow/dags/subdags/subdag_downloads.py took 0.023 seconds
[2024-07-25T19:35:41.252+0000] {processor.py:154} INFO - Started process (PID=2572) to work on /opt/airflow/dags/subdags/subdag_downloads.py
[2024-07-25T19:35:41.253+0000] {processor.py:756} INFO - Processing file /opt/airflow/dags/subdags/subdag_downloads.py for tasks to queue
[2024-07-25T19:35:41.254+0000] {logging_mixin.py:120} INFO - [2024-07-25T19:35:41.253+0000] {dagbag.py:537} INFO - Filling up the DagBag from /opt/airflow/dags/subdags/subdag_downloads.py
[2024-07-25T19:35:41.259+0000] {processor.py:768} WARNING - No viable dags retrieved from /opt/airflow/dags/subdags/subdag_downloads.py
[2024-07-25T19:35:41.271+0000] {processor.py:176} INFO - Processing /opt/airflow/dags/subdags/subdag_downloads.py took 0.022 seconds
[2024-07-25T19:36:11.423+0000] {processor.py:154} INFO - Started process (PID=2612) to work on /opt/airflow/dags/subdags/subdag_downloads.py
[2024-07-25T19:36:11.423+0000] {processor.py:756} INFO - Processing file /opt/airflow/dags/subdags/subdag_downloads.py for tasks to queue
[2024-07-25T19:36:11.424+0000] {logging_mixin.py:120} INFO - [2024-07-25T19:36:11.424+0000] {dagbag.py:537} INFO - Filling up the DagBag from /opt/airflow/dags/subdags/subdag_downloads.py
[2024-07-25T19:36:11.431+0000] {processor.py:768} WARNING - No viable dags retrieved from /opt/airflow/dags/subdags/subdag_downloads.py
[2024-07-25T19:36:11.442+0000] {processor.py:176} INFO - Processing /opt/airflow/dags/subdags/subdag_downloads.py took 0.023 seconds
[2024-07-25T19:36:42.181+0000] {processor.py:154} INFO - Started process (PID=2652) to work on /opt/airflow/dags/subdags/subdag_downloads.py
[2024-07-25T19:36:42.181+0000] {processor.py:756} INFO - Processing file /opt/airflow/dags/subdags/subdag_downloads.py for tasks to queue
[2024-07-25T19:36:42.182+0000] {logging_mixin.py:120} INFO - [2024-07-25T19:36:42.182+0000] {dagbag.py:537} INFO - Filling up the DagBag from /opt/airflow/dags/subdags/subdag_downloads.py
[2024-07-25T19:36:42.189+0000] {processor.py:768} WARNING - No viable dags retrieved from /opt/airflow/dags/subdags/subdag_downloads.py
[2024-07-25T19:36:42.200+0000] {processor.py:176} INFO - Processing /opt/airflow/dags/subdags/subdag_downloads.py took 0.023 seconds
[2024-07-25T19:37:12.953+0000] {processor.py:154} INFO - Started process (PID=2692) to work on /opt/airflow/dags/subdags/subdag_downloads.py
[2024-07-25T19:37:12.954+0000] {processor.py:756} INFO - Processing file /opt/airflow/dags/subdags/subdag_downloads.py for tasks to queue
[2024-07-25T19:37:12.957+0000] {logging_mixin.py:120} INFO - [2024-07-25T19:37:12.957+0000] {dagbag.py:537} INFO - Filling up the DagBag from /opt/airflow/dags/subdags/subdag_downloads.py
[2024-07-25T19:37:12.966+0000] {processor.py:768} WARNING - No viable dags retrieved from /opt/airflow/dags/subdags/subdag_downloads.py
[2024-07-25T19:37:12.978+0000] {processor.py:176} INFO - Processing /opt/airflow/dags/subdags/subdag_downloads.py took 0.028 seconds
[2024-07-25T19:37:43.800+0000] {processor.py:154} INFO - Started process (PID=2732) to work on /opt/airflow/dags/subdags/subdag_downloads.py
[2024-07-25T19:37:43.801+0000] {processor.py:756} INFO - Processing file /opt/airflow/dags/subdags/subdag_downloads.py for tasks to queue
[2024-07-25T19:37:43.804+0000] {logging_mixin.py:120} INFO - [2024-07-25T19:37:43.804+0000] {dagbag.py:537} INFO - Filling up the DagBag from /opt/airflow/dags/subdags/subdag_downloads.py
[2024-07-25T19:37:43.813+0000] {processor.py:768} WARNING - No viable dags retrieved from /opt/airflow/dags/subdags/subdag_downloads.py
[2024-07-25T19:37:43.831+0000] {processor.py:176} INFO - Processing /opt/airflow/dags/subdags/subdag_downloads.py took 0.034 seconds
[2024-07-25T19:38:14.641+0000] {processor.py:154} INFO - Started process (PID=2762) to work on /opt/airflow/dags/subdags/subdag_downloads.py
[2024-07-25T19:38:14.642+0000] {processor.py:756} INFO - Processing file /opt/airflow/dags/subdags/subdag_downloads.py for tasks to queue
[2024-07-25T19:38:14.643+0000] {logging_mixin.py:120} INFO - [2024-07-25T19:38:14.643+0000] {dagbag.py:537} INFO - Filling up the DagBag from /opt/airflow/dags/subdags/subdag_downloads.py
[2024-07-25T19:38:14.649+0000] {processor.py:768} WARNING - No viable dags retrieved from /opt/airflow/dags/subdags/subdag_downloads.py
[2024-07-25T19:38:14.663+0000] {processor.py:176} INFO - Processing /opt/airflow/dags/subdags/subdag_downloads.py took 0.025 seconds
[2024-07-25T19:38:44.761+0000] {processor.py:154} INFO - Started process (PID=2802) to work on /opt/airflow/dags/subdags/subdag_downloads.py
[2024-07-25T19:38:44.762+0000] {processor.py:756} INFO - Processing file /opt/airflow/dags/subdags/subdag_downloads.py for tasks to queue
[2024-07-25T19:38:44.763+0000] {logging_mixin.py:120} INFO - [2024-07-25T19:38:44.763+0000] {dagbag.py:537} INFO - Filling up the DagBag from /opt/airflow/dags/subdags/subdag_downloads.py
[2024-07-25T19:38:44.771+0000] {processor.py:768} WARNING - No viable dags retrieved from /opt/airflow/dags/subdags/subdag_downloads.py
[2024-07-25T19:38:44.783+0000] {processor.py:176} INFO - Processing /opt/airflow/dags/subdags/subdag_downloads.py took 0.024 seconds
[2024-07-25T19:39:14.909+0000] {processor.py:154} INFO - Started process (PID=2842) to work on /opt/airflow/dags/subdags/subdag_downloads.py
[2024-07-25T19:39:14.909+0000] {processor.py:756} INFO - Processing file /opt/airflow/dags/subdags/subdag_downloads.py for tasks to queue
[2024-07-25T19:39:14.910+0000] {logging_mixin.py:120} INFO - [2024-07-25T19:39:14.910+0000] {dagbag.py:537} INFO - Filling up the DagBag from /opt/airflow/dags/subdags/subdag_downloads.py
[2024-07-25T19:39:14.917+0000] {processor.py:768} WARNING - No viable dags retrieved from /opt/airflow/dags/subdags/subdag_downloads.py
[2024-07-25T19:39:14.929+0000] {processor.py:176} INFO - Processing /opt/airflow/dags/subdags/subdag_downloads.py took 0.023 seconds
[2024-07-25T19:39:45.727+0000] {processor.py:154} INFO - Started process (PID=2881) to work on /opt/airflow/dags/subdags/subdag_downloads.py
[2024-07-25T19:39:45.728+0000] {processor.py:756} INFO - Processing file /opt/airflow/dags/subdags/subdag_downloads.py for tasks to queue
[2024-07-25T19:39:45.729+0000] {logging_mixin.py:120} INFO - [2024-07-25T19:39:45.729+0000] {dagbag.py:537} INFO - Filling up the DagBag from /opt/airflow/dags/subdags/subdag_downloads.py
[2024-07-25T19:39:45.736+0000] {processor.py:768} WARNING - No viable dags retrieved from /opt/airflow/dags/subdags/subdag_downloads.py
[2024-07-25T19:39:45.750+0000] {processor.py:176} INFO - Processing /opt/airflow/dags/subdags/subdag_downloads.py took 0.027 seconds
[2024-07-25T19:40:16.489+0000] {processor.py:154} INFO - Started process (PID=2912) to work on /opt/airflow/dags/subdags/subdag_downloads.py
[2024-07-25T19:40:16.490+0000] {processor.py:756} INFO - Processing file /opt/airflow/dags/subdags/subdag_downloads.py for tasks to queue
[2024-07-25T19:40:16.494+0000] {logging_mixin.py:120} INFO - [2024-07-25T19:40:16.494+0000] {dagbag.py:537} INFO - Filling up the DagBag from /opt/airflow/dags/subdags/subdag_downloads.py
[2024-07-25T19:40:16.503+0000] {processor.py:768} WARNING - No viable dags retrieved from /opt/airflow/dags/subdags/subdag_downloads.py
[2024-07-25T19:40:16.517+0000] {processor.py:176} INFO - Processing /opt/airflow/dags/subdags/subdag_downloads.py took 0.030 seconds
[2024-07-25T19:40:47.282+0000] {processor.py:154} INFO - Started process (PID=2952) to work on /opt/airflow/dags/subdags/subdag_downloads.py
[2024-07-25T19:40:47.284+0000] {processor.py:756} INFO - Processing file /opt/airflow/dags/subdags/subdag_downloads.py for tasks to queue
[2024-07-25T19:40:47.286+0000] {logging_mixin.py:120} INFO - [2024-07-25T19:40:47.286+0000] {dagbag.py:537} INFO - Filling up the DagBag from /opt/airflow/dags/subdags/subdag_downloads.py
[2024-07-25T19:40:47.295+0000] {processor.py:768} WARNING - No viable dags retrieved from /opt/airflow/dags/subdags/subdag_downloads.py
[2024-07-25T19:40:47.305+0000] {processor.py:176} INFO - Processing /opt/airflow/dags/subdags/subdag_downloads.py took 0.027 seconds
[2024-07-25T19:41:18.060+0000] {processor.py:154} INFO - Started process (PID=2992) to work on /opt/airflow/dags/subdags/subdag_downloads.py
[2024-07-25T19:41:18.061+0000] {processor.py:756} INFO - Processing file /opt/airflow/dags/subdags/subdag_downloads.py for tasks to queue
[2024-07-25T19:41:18.062+0000] {logging_mixin.py:120} INFO - [2024-07-25T19:41:18.062+0000] {dagbag.py:537} INFO - Filling up the DagBag from /opt/airflow/dags/subdags/subdag_downloads.py
[2024-07-25T19:41:18.070+0000] {processor.py:768} WARNING - No viable dags retrieved from /opt/airflow/dags/subdags/subdag_downloads.py
[2024-07-25T19:41:18.085+0000] {processor.py:176} INFO - Processing /opt/airflow/dags/subdags/subdag_downloads.py took 0.028 seconds
[2024-07-25T19:41:48.236+0000] {processor.py:154} INFO - Started process (PID=3032) to work on /opt/airflow/dags/subdags/subdag_downloads.py
[2024-07-25T19:41:48.237+0000] {processor.py:756} INFO - Processing file /opt/airflow/dags/subdags/subdag_downloads.py for tasks to queue
[2024-07-25T19:41:48.238+0000] {logging_mixin.py:120} INFO - [2024-07-25T19:41:48.238+0000] {dagbag.py:537} INFO - Filling up the DagBag from /opt/airflow/dags/subdags/subdag_downloads.py
[2024-07-25T19:41:48.244+0000] {processor.py:768} WARNING - No viable dags retrieved from /opt/airflow/dags/subdags/subdag_downloads.py
[2024-07-25T19:41:48.259+0000] {processor.py:176} INFO - Processing /opt/airflow/dags/subdags/subdag_downloads.py took 0.026 seconds
[2024-07-25T19:42:18.405+0000] {processor.py:154} INFO - Started process (PID=3063) to work on /opt/airflow/dags/subdags/subdag_downloads.py
[2024-07-25T19:42:18.406+0000] {processor.py:756} INFO - Processing file /opt/airflow/dags/subdags/subdag_downloads.py for tasks to queue
[2024-07-25T19:42:18.407+0000] {logging_mixin.py:120} INFO - [2024-07-25T19:42:18.407+0000] {dagbag.py:537} INFO - Filling up the DagBag from /opt/airflow/dags/subdags/subdag_downloads.py
[2024-07-25T19:42:18.414+0000] {processor.py:768} WARNING - No viable dags retrieved from /opt/airflow/dags/subdags/subdag_downloads.py
[2024-07-25T19:42:18.428+0000] {processor.py:176} INFO - Processing /opt/airflow/dags/subdags/subdag_downloads.py took 0.026 seconds
[2024-07-25T19:42:49.236+0000] {processor.py:154} INFO - Started process (PID=3103) to work on /opt/airflow/dags/subdags/subdag_downloads.py
[2024-07-25T19:42:49.237+0000] {processor.py:756} INFO - Processing file /opt/airflow/dags/subdags/subdag_downloads.py for tasks to queue
[2024-07-25T19:42:49.238+0000] {logging_mixin.py:120} INFO - [2024-07-25T19:42:49.238+0000] {dagbag.py:537} INFO - Filling up the DagBag from /opt/airflow/dags/subdags/subdag_downloads.py
[2024-07-25T19:42:49.243+0000] {processor.py:768} WARNING - No viable dags retrieved from /opt/airflow/dags/subdags/subdag_downloads.py
[2024-07-25T19:42:49.258+0000] {processor.py:176} INFO - Processing /opt/airflow/dags/subdags/subdag_downloads.py took 0.025 seconds
[2024-07-25T19:43:20.031+0000] {processor.py:154} INFO - Started process (PID=3143) to work on /opt/airflow/dags/subdags/subdag_downloads.py
[2024-07-25T19:43:20.032+0000] {processor.py:756} INFO - Processing file /opt/airflow/dags/subdags/subdag_downloads.py for tasks to queue
[2024-07-25T19:43:20.033+0000] {logging_mixin.py:120} INFO - [2024-07-25T19:43:20.032+0000] {dagbag.py:537} INFO - Filling up the DagBag from /opt/airflow/dags/subdags/subdag_downloads.py
[2024-07-25T19:43:20.044+0000] {processor.py:768} WARNING - No viable dags retrieved from /opt/airflow/dags/subdags/subdag_downloads.py
[2024-07-25T19:43:20.060+0000] {processor.py:176} INFO - Processing /opt/airflow/dags/subdags/subdag_downloads.py took 0.033 seconds
[2024-07-25T19:43:50.835+0000] {processor.py:154} INFO - Started process (PID=3183) to work on /opt/airflow/dags/subdags/subdag_downloads.py
[2024-07-25T19:43:50.835+0000] {processor.py:756} INFO - Processing file /opt/airflow/dags/subdags/subdag_downloads.py for tasks to queue
[2024-07-25T19:43:50.836+0000] {logging_mixin.py:120} INFO - [2024-07-25T19:43:50.836+0000] {dagbag.py:537} INFO - Filling up the DagBag from /opt/airflow/dags/subdags/subdag_downloads.py
[2024-07-25T19:43:50.842+0000] {processor.py:768} WARNING - No viable dags retrieved from /opt/airflow/dags/subdags/subdag_downloads.py
[2024-07-25T19:43:50.857+0000] {processor.py:176} INFO - Processing /opt/airflow/dags/subdags/subdag_downloads.py took 0.026 seconds
[2024-07-25T19:44:20.985+0000] {processor.py:154} INFO - Started process (PID=3224) to work on /opt/airflow/dags/subdags/subdag_downloads.py
[2024-07-25T19:44:20.986+0000] {processor.py:756} INFO - Processing file /opt/airflow/dags/subdags/subdag_downloads.py for tasks to queue
[2024-07-25T19:44:20.987+0000] {logging_mixin.py:120} INFO - [2024-07-25T19:44:20.986+0000] {dagbag.py:537} INFO - Filling up the DagBag from /opt/airflow/dags/subdags/subdag_downloads.py
[2024-07-25T19:44:20.992+0000] {processor.py:768} WARNING - No viable dags retrieved from /opt/airflow/dags/subdags/subdag_downloads.py
[2024-07-25T19:44:21.004+0000] {processor.py:176} INFO - Processing /opt/airflow/dags/subdags/subdag_downloads.py took 0.022 seconds
[2024-07-25T19:44:51.131+0000] {processor.py:154} INFO - Started process (PID=3254) to work on /opt/airflow/dags/subdags/subdag_downloads.py
[2024-07-25T19:44:51.132+0000] {processor.py:756} INFO - Processing file /opt/airflow/dags/subdags/subdag_downloads.py for tasks to queue
[2024-07-25T19:44:51.133+0000] {logging_mixin.py:120} INFO - [2024-07-25T19:44:51.133+0000] {dagbag.py:537} INFO - Filling up the DagBag from /opt/airflow/dags/subdags/subdag_downloads.py
[2024-07-25T19:44:51.138+0000] {processor.py:768} WARNING - No viable dags retrieved from /opt/airflow/dags/subdags/subdag_downloads.py
[2024-07-25T19:44:51.149+0000] {processor.py:176} INFO - Processing /opt/airflow/dags/subdags/subdag_downloads.py took 0.022 seconds
[2024-07-25T19:45:21.257+0000] {processor.py:154} INFO - Started process (PID=3294) to work on /opt/airflow/dags/subdags/subdag_downloads.py
[2024-07-25T19:45:21.258+0000] {processor.py:756} INFO - Processing file /opt/airflow/dags/subdags/subdag_downloads.py for tasks to queue
[2024-07-25T19:45:21.259+0000] {logging_mixin.py:120} INFO - [2024-07-25T19:45:21.258+0000] {dagbag.py:537} INFO - Filling up the DagBag from /opt/airflow/dags/subdags/subdag_downloads.py
[2024-07-25T19:45:21.264+0000] {processor.py:768} WARNING - No viable dags retrieved from /opt/airflow/dags/subdags/subdag_downloads.py
[2024-07-25T19:45:21.275+0000] {processor.py:176} INFO - Processing /opt/airflow/dags/subdags/subdag_downloads.py took 0.022 seconds
[2024-07-25T19:45:52.078+0000] {processor.py:154} INFO - Started process (PID=3335) to work on /opt/airflow/dags/subdags/subdag_downloads.py
[2024-07-25T19:45:52.079+0000] {processor.py:756} INFO - Processing file /opt/airflow/dags/subdags/subdag_downloads.py for tasks to queue
[2024-07-25T19:45:52.080+0000] {logging_mixin.py:120} INFO - [2024-07-25T19:45:52.080+0000] {dagbag.py:537} INFO - Filling up the DagBag from /opt/airflow/dags/subdags/subdag_downloads.py
[2024-07-25T19:45:52.091+0000] {processor.py:768} WARNING - No viable dags retrieved from /opt/airflow/dags/subdags/subdag_downloads.py
[2024-07-25T19:45:52.102+0000] {processor.py:176} INFO - Processing /opt/airflow/dags/subdags/subdag_downloads.py took 0.027 seconds
