[2024-07-03T14:33:24.805+0000] {processor.py:154} INFO - Started process (PID=49) to work on /home/airflow/.local/lib/python3.7/site-packages/airflow/example_dags/example_datasets.py
[2024-07-03T14:33:24.807+0000] {processor.py:756} INFO - Processing file /home/airflow/.local/lib/python3.7/site-packages/airflow/example_dags/example_datasets.py for tasks to queue
[2024-07-03T14:33:24.809+0000] {logging_mixin.py:120} INFO - [2024-07-03T14:33:24.809+0000] {dagbag.py:537} INFO - Filling up the DagBag from /home/airflow/.local/lib/python3.7/site-packages/airflow/example_dags/example_datasets.py
[2024-07-03T14:33:24.846+0000] {processor.py:766} INFO - DAG(s) dict_keys(['dataset_produces_1', 'dataset_consumes_1_and_2', 'dataset_consumes_1_never_scheduled', 'dataset_produces_2', 'dataset_consumes_unknown_never_scheduled', 'dataset_consumes_1']) retrieved from /home/airflow/.local/lib/python3.7/site-packages/airflow/example_dags/example_datasets.py
[2024-07-03T14:33:24.985+0000] {logging_mixin.py:120} INFO - [2024-07-03T14:33:24.985+0000] {dag.py:2585} INFO - Sync 6 DAGs
[2024-07-03T14:33:25.021+0000] {logging_mixin.py:120} INFO - [2024-07-03T14:33:25.021+0000] {dag.py:3340} INFO - Setting next_dagrun for dataset_consumes_1 to None, run_after=None
[2024-07-03T14:33:25.027+0000] {logging_mixin.py:120} INFO - [2024-07-03T14:33:25.027+0000] {dag.py:3340} INFO - Setting next_dagrun for dataset_consumes_1_and_2 to None, run_after=None
[2024-07-03T14:33:25.029+0000] {logging_mixin.py:120} INFO - [2024-07-03T14:33:25.029+0000] {dag.py:3340} INFO - Setting next_dagrun for dataset_consumes_1_never_scheduled to None, run_after=None
[2024-07-03T14:33:25.031+0000] {logging_mixin.py:120} INFO - [2024-07-03T14:33:25.031+0000] {dag.py:3340} INFO - Setting next_dagrun for dataset_consumes_unknown_never_scheduled to None, run_after=None
[2024-07-03T14:33:25.035+0000] {logging_mixin.py:120} INFO - [2024-07-03T14:33:25.035+0000] {dag.py:3340} INFO - Setting next_dagrun for dataset_produces_1 to 2024-07-02T00:00:00+00:00, run_after=2024-07-03T00:00:00+00:00
[2024-07-03T14:33:25.037+0000] {logging_mixin.py:120} INFO - [2024-07-03T14:33:25.037+0000] {dag.py:3340} INFO - Setting next_dagrun for dataset_produces_2 to None, run_after=None
[2024-07-03T14:33:25.077+0000] {processor.py:176} INFO - Processing /home/airflow/.local/lib/python3.7/site-packages/airflow/example_dags/example_datasets.py took 0.276 seconds
[2024-07-03T14:33:55.582+0000] {processor.py:154} INFO - Started process (PID=117) to work on /home/airflow/.local/lib/python3.7/site-packages/airflow/example_dags/example_datasets.py
[2024-07-03T14:33:55.583+0000] {processor.py:756} INFO - Processing file /home/airflow/.local/lib/python3.7/site-packages/airflow/example_dags/example_datasets.py for tasks to queue
[2024-07-03T14:33:55.584+0000] {logging_mixin.py:120} INFO - [2024-07-03T14:33:55.584+0000] {dagbag.py:537} INFO - Filling up the DagBag from /home/airflow/.local/lib/python3.7/site-packages/airflow/example_dags/example_datasets.py
[2024-07-03T14:33:55.599+0000] {processor.py:766} INFO - DAG(s) dict_keys(['dataset_consumes_1', 'dataset_produces_1', 'dataset_consumes_unknown_never_scheduled', 'dataset_consumes_1_never_scheduled', 'dataset_consumes_1_and_2', 'dataset_produces_2']) retrieved from /home/airflow/.local/lib/python3.7/site-packages/airflow/example_dags/example_datasets.py
[2024-07-03T14:33:55.646+0000] {logging_mixin.py:120} INFO - [2024-07-03T14:33:55.645+0000] {dag.py:2585} INFO - Sync 6 DAGs
[2024-07-03T14:33:55.668+0000] {logging_mixin.py:120} INFO - [2024-07-03T14:33:55.668+0000] {dag.py:3340} INFO - Setting next_dagrun for dataset_consumes_1 to None, run_after=None
[2024-07-03T14:33:55.671+0000] {logging_mixin.py:120} INFO - [2024-07-03T14:33:55.671+0000] {dag.py:3340} INFO - Setting next_dagrun for dataset_consumes_1_and_2 to None, run_after=None
[2024-07-03T14:33:55.672+0000] {logging_mixin.py:120} INFO - [2024-07-03T14:33:55.672+0000] {dag.py:3340} INFO - Setting next_dagrun for dataset_consumes_1_never_scheduled to None, run_after=None
[2024-07-03T14:33:55.673+0000] {logging_mixin.py:120} INFO - [2024-07-03T14:33:55.673+0000] {dag.py:3340} INFO - Setting next_dagrun for dataset_consumes_unknown_never_scheduled to None, run_after=None
[2024-07-03T14:33:55.675+0000] {logging_mixin.py:120} INFO - [2024-07-03T14:33:55.675+0000] {dag.py:3340} INFO - Setting next_dagrun for dataset_produces_1 to 2024-07-02T00:00:00+00:00, run_after=2024-07-03T00:00:00+00:00
[2024-07-03T14:33:55.676+0000] {logging_mixin.py:120} INFO - [2024-07-03T14:33:55.676+0000] {dag.py:3340} INFO - Setting next_dagrun for dataset_produces_2 to None, run_after=None
[2024-07-03T14:33:55.699+0000] {processor.py:176} INFO - Processing /home/airflow/.local/lib/python3.7/site-packages/airflow/example_dags/example_datasets.py took 0.120 seconds
[2024-07-03T14:34:26.267+0000] {processor.py:154} INFO - Started process (PID=186) to work on /home/airflow/.local/lib/python3.7/site-packages/airflow/example_dags/example_datasets.py
[2024-07-03T14:34:26.268+0000] {processor.py:756} INFO - Processing file /home/airflow/.local/lib/python3.7/site-packages/airflow/example_dags/example_datasets.py for tasks to queue
[2024-07-03T14:34:26.269+0000] {logging_mixin.py:120} INFO - [2024-07-03T14:34:26.269+0000] {dagbag.py:537} INFO - Filling up the DagBag from /home/airflow/.local/lib/python3.7/site-packages/airflow/example_dags/example_datasets.py
[2024-07-03T14:34:26.283+0000] {processor.py:766} INFO - DAG(s) dict_keys(['dataset_consumes_1', 'dataset_consumes_unknown_never_scheduled', 'dataset_consumes_1_never_scheduled', 'dataset_consumes_1_and_2', 'dataset_produces_1', 'dataset_produces_2']) retrieved from /home/airflow/.local/lib/python3.7/site-packages/airflow/example_dags/example_datasets.py
[2024-07-03T14:34:26.328+0000] {logging_mixin.py:120} INFO - [2024-07-03T14:34:26.327+0000] {dag.py:2585} INFO - Sync 6 DAGs
[2024-07-03T14:34:26.348+0000] {logging_mixin.py:120} INFO - [2024-07-03T14:34:26.348+0000] {dag.py:3340} INFO - Setting next_dagrun for dataset_consumes_1 to None, run_after=None
[2024-07-03T14:34:26.351+0000] {logging_mixin.py:120} INFO - [2024-07-03T14:34:26.351+0000] {dag.py:3340} INFO - Setting next_dagrun for dataset_consumes_1_and_2 to None, run_after=None
[2024-07-03T14:34:26.352+0000] {logging_mixin.py:120} INFO - [2024-07-03T14:34:26.352+0000] {dag.py:3340} INFO - Setting next_dagrun for dataset_consumes_1_never_scheduled to None, run_after=None
[2024-07-03T14:34:26.353+0000] {logging_mixin.py:120} INFO - [2024-07-03T14:34:26.353+0000] {dag.py:3340} INFO - Setting next_dagrun for dataset_consumes_unknown_never_scheduled to None, run_after=None
[2024-07-03T14:34:26.355+0000] {logging_mixin.py:120} INFO - [2024-07-03T14:34:26.355+0000] {dag.py:3340} INFO - Setting next_dagrun for dataset_produces_1 to 2024-07-02T00:00:00+00:00, run_after=2024-07-03T00:00:00+00:00
[2024-07-03T14:34:26.357+0000] {logging_mixin.py:120} INFO - [2024-07-03T14:34:26.357+0000] {dag.py:3340} INFO - Setting next_dagrun for dataset_produces_2 to None, run_after=None
[2024-07-03T14:34:26.378+0000] {processor.py:176} INFO - Processing /home/airflow/.local/lib/python3.7/site-packages/airflow/example_dags/example_datasets.py took 0.114 seconds
[2024-07-03T14:34:56.924+0000] {processor.py:154} INFO - Started process (PID=254) to work on /home/airflow/.local/lib/python3.7/site-packages/airflow/example_dags/example_datasets.py
[2024-07-03T14:34:56.925+0000] {processor.py:756} INFO - Processing file /home/airflow/.local/lib/python3.7/site-packages/airflow/example_dags/example_datasets.py for tasks to queue
[2024-07-03T14:34:56.926+0000] {logging_mixin.py:120} INFO - [2024-07-03T14:34:56.926+0000] {dagbag.py:537} INFO - Filling up the DagBag from /home/airflow/.local/lib/python3.7/site-packages/airflow/example_dags/example_datasets.py
[2024-07-03T14:34:56.940+0000] {processor.py:766} INFO - DAG(s) dict_keys(['dataset_consumes_1_never_scheduled', 'dataset_produces_2', 'dataset_produces_1', 'dataset_consumes_unknown_never_scheduled', 'dataset_consumes_1_and_2', 'dataset_consumes_1']) retrieved from /home/airflow/.local/lib/python3.7/site-packages/airflow/example_dags/example_datasets.py
[2024-07-03T14:34:56.988+0000] {logging_mixin.py:120} INFO - [2024-07-03T14:34:56.988+0000] {dag.py:2585} INFO - Sync 6 DAGs
[2024-07-03T14:34:57.010+0000] {logging_mixin.py:120} INFO - [2024-07-03T14:34:57.010+0000] {dag.py:3340} INFO - Setting next_dagrun for dataset_consumes_1 to None, run_after=None
[2024-07-03T14:34:57.013+0000] {logging_mixin.py:120} INFO - [2024-07-03T14:34:57.013+0000] {dag.py:3340} INFO - Setting next_dagrun for dataset_consumes_1_and_2 to None, run_after=None
[2024-07-03T14:34:57.014+0000] {logging_mixin.py:120} INFO - [2024-07-03T14:34:57.014+0000] {dag.py:3340} INFO - Setting next_dagrun for dataset_consumes_1_never_scheduled to None, run_after=None
[2024-07-03T14:34:57.015+0000] {logging_mixin.py:120} INFO - [2024-07-03T14:34:57.015+0000] {dag.py:3340} INFO - Setting next_dagrun for dataset_consumes_unknown_never_scheduled to None, run_after=None
[2024-07-03T14:34:57.018+0000] {logging_mixin.py:120} INFO - [2024-07-03T14:34:57.018+0000] {dag.py:3340} INFO - Setting next_dagrun for dataset_produces_1 to 2024-07-02T00:00:00+00:00, run_after=2024-07-03T00:00:00+00:00
[2024-07-03T14:34:57.019+0000] {logging_mixin.py:120} INFO - [2024-07-03T14:34:57.019+0000] {dag.py:3340} INFO - Setting next_dagrun for dataset_produces_2 to None, run_after=None
[2024-07-03T14:34:57.046+0000] {processor.py:176} INFO - Processing /home/airflow/.local/lib/python3.7/site-packages/airflow/example_dags/example_datasets.py took 0.124 seconds
[2024-07-03T14:35:27.384+0000] {processor.py:154} INFO - Started process (PID=313) to work on /home/airflow/.local/lib/python3.7/site-packages/airflow/example_dags/example_datasets.py
[2024-07-03T14:35:27.385+0000] {processor.py:756} INFO - Processing file /home/airflow/.local/lib/python3.7/site-packages/airflow/example_dags/example_datasets.py for tasks to queue
[2024-07-03T14:35:27.386+0000] {logging_mixin.py:120} INFO - [2024-07-03T14:35:27.386+0000] {dagbag.py:537} INFO - Filling up the DagBag from /home/airflow/.local/lib/python3.7/site-packages/airflow/example_dags/example_datasets.py
[2024-07-03T14:35:27.400+0000] {processor.py:766} INFO - DAG(s) dict_keys(['dataset_consumes_1_and_2', 'dataset_consumes_unknown_never_scheduled', 'dataset_produces_1', 'dataset_consumes_1_never_scheduled', 'dataset_consumes_1', 'dataset_produces_2']) retrieved from /home/airflow/.local/lib/python3.7/site-packages/airflow/example_dags/example_datasets.py
[2024-07-03T14:35:27.445+0000] {logging_mixin.py:120} INFO - [2024-07-03T14:35:27.445+0000] {dag.py:2585} INFO - Sync 6 DAGs
[2024-07-03T14:35:27.467+0000] {logging_mixin.py:120} INFO - [2024-07-03T14:35:27.467+0000] {dag.py:3340} INFO - Setting next_dagrun for dataset_consumes_1 to None, run_after=None
[2024-07-03T14:35:27.470+0000] {logging_mixin.py:120} INFO - [2024-07-03T14:35:27.470+0000] {dag.py:3340} INFO - Setting next_dagrun for dataset_consumes_1_and_2 to None, run_after=None
[2024-07-03T14:35:27.471+0000] {logging_mixin.py:120} INFO - [2024-07-03T14:35:27.471+0000] {dag.py:3340} INFO - Setting next_dagrun for dataset_consumes_1_never_scheduled to None, run_after=None
[2024-07-03T14:35:27.472+0000] {logging_mixin.py:120} INFO - [2024-07-03T14:35:27.472+0000] {dag.py:3340} INFO - Setting next_dagrun for dataset_consumes_unknown_never_scheduled to None, run_after=None
[2024-07-03T14:35:27.474+0000] {logging_mixin.py:120} INFO - [2024-07-03T14:35:27.474+0000] {dag.py:3340} INFO - Setting next_dagrun for dataset_produces_1 to 2024-07-02T00:00:00+00:00, run_after=2024-07-03T00:00:00+00:00
[2024-07-03T14:35:27.475+0000] {logging_mixin.py:120} INFO - [2024-07-03T14:35:27.475+0000] {dag.py:3340} INFO - Setting next_dagrun for dataset_produces_2 to None, run_after=None
[2024-07-03T14:35:27.498+0000] {processor.py:176} INFO - Processing /home/airflow/.local/lib/python3.7/site-packages/airflow/example_dags/example_datasets.py took 0.118 seconds
[2024-07-03T14:35:57.830+0000] {processor.py:154} INFO - Started process (PID=381) to work on /home/airflow/.local/lib/python3.7/site-packages/airflow/example_dags/example_datasets.py
[2024-07-03T14:35:57.831+0000] {processor.py:756} INFO - Processing file /home/airflow/.local/lib/python3.7/site-packages/airflow/example_dags/example_datasets.py for tasks to queue
[2024-07-03T14:35:57.832+0000] {logging_mixin.py:120} INFO - [2024-07-03T14:35:57.831+0000] {dagbag.py:537} INFO - Filling up the DagBag from /home/airflow/.local/lib/python3.7/site-packages/airflow/example_dags/example_datasets.py
[2024-07-03T14:35:57.847+0000] {processor.py:766} INFO - DAG(s) dict_keys(['dataset_consumes_1', 'dataset_consumes_1_never_scheduled', 'dataset_consumes_unknown_never_scheduled', 'dataset_produces_1', 'dataset_produces_2', 'dataset_consumes_1_and_2']) retrieved from /home/airflow/.local/lib/python3.7/site-packages/airflow/example_dags/example_datasets.py
[2024-07-03T14:35:57.898+0000] {logging_mixin.py:120} INFO - [2024-07-03T14:35:57.897+0000] {dag.py:2585} INFO - Sync 6 DAGs
[2024-07-03T14:35:57.920+0000] {logging_mixin.py:120} INFO - [2024-07-03T14:35:57.920+0000] {dag.py:3340} INFO - Setting next_dagrun for dataset_consumes_1 to None, run_after=None
[2024-07-03T14:35:57.923+0000] {logging_mixin.py:120} INFO - [2024-07-03T14:35:57.922+0000] {dag.py:3340} INFO - Setting next_dagrun for dataset_consumes_1_and_2 to None, run_after=None
[2024-07-03T14:35:57.924+0000] {logging_mixin.py:120} INFO - [2024-07-03T14:35:57.923+0000] {dag.py:3340} INFO - Setting next_dagrun for dataset_consumes_1_never_scheduled to None, run_after=None
[2024-07-03T14:35:57.924+0000] {logging_mixin.py:120} INFO - [2024-07-03T14:35:57.924+0000] {dag.py:3340} INFO - Setting next_dagrun for dataset_consumes_unknown_never_scheduled to None, run_after=None
[2024-07-03T14:35:57.927+0000] {logging_mixin.py:120} INFO - [2024-07-03T14:35:57.927+0000] {dag.py:3340} INFO - Setting next_dagrun for dataset_produces_1 to 2024-07-02T00:00:00+00:00, run_after=2024-07-03T00:00:00+00:00
[2024-07-03T14:35:57.928+0000] {logging_mixin.py:120} INFO - [2024-07-03T14:35:57.928+0000] {dag.py:3340} INFO - Setting next_dagrun for dataset_produces_2 to None, run_after=None
[2024-07-03T14:35:57.950+0000] {processor.py:176} INFO - Processing /home/airflow/.local/lib/python3.7/site-packages/airflow/example_dags/example_datasets.py took 0.123 seconds
[2024-07-03T14:36:28.444+0000] {processor.py:154} INFO - Started process (PID=449) to work on /home/airflow/.local/lib/python3.7/site-packages/airflow/example_dags/example_datasets.py
[2024-07-03T14:36:28.445+0000] {processor.py:756} INFO - Processing file /home/airflow/.local/lib/python3.7/site-packages/airflow/example_dags/example_datasets.py for tasks to queue
[2024-07-03T14:36:28.445+0000] {logging_mixin.py:120} INFO - [2024-07-03T14:36:28.445+0000] {dagbag.py:537} INFO - Filling up the DagBag from /home/airflow/.local/lib/python3.7/site-packages/airflow/example_dags/example_datasets.py
[2024-07-03T14:36:28.460+0000] {processor.py:766} INFO - DAG(s) dict_keys(['dataset_consumes_1', 'dataset_produces_1', 'dataset_consumes_unknown_never_scheduled', 'dataset_consumes_1_never_scheduled', 'dataset_produces_2', 'dataset_consumes_1_and_2']) retrieved from /home/airflow/.local/lib/python3.7/site-packages/airflow/example_dags/example_datasets.py
[2024-07-03T14:36:28.505+0000] {logging_mixin.py:120} INFO - [2024-07-03T14:36:28.505+0000] {dag.py:2585} INFO - Sync 6 DAGs
[2024-07-03T14:36:28.527+0000] {logging_mixin.py:120} INFO - [2024-07-03T14:36:28.527+0000] {dag.py:3340} INFO - Setting next_dagrun for dataset_consumes_1 to None, run_after=None
[2024-07-03T14:36:28.529+0000] {logging_mixin.py:120} INFO - [2024-07-03T14:36:28.529+0000] {dag.py:3340} INFO - Setting next_dagrun for dataset_consumes_1_and_2 to None, run_after=None
[2024-07-03T14:36:28.530+0000] {logging_mixin.py:120} INFO - [2024-07-03T14:36:28.530+0000] {dag.py:3340} INFO - Setting next_dagrun for dataset_consumes_1_never_scheduled to None, run_after=None
[2024-07-03T14:36:28.531+0000] {logging_mixin.py:120} INFO - [2024-07-03T14:36:28.531+0000] {dag.py:3340} INFO - Setting next_dagrun for dataset_consumes_unknown_never_scheduled to None, run_after=None
[2024-07-03T14:36:28.534+0000] {logging_mixin.py:120} INFO - [2024-07-03T14:36:28.533+0000] {dag.py:3340} INFO - Setting next_dagrun for dataset_produces_1 to 2024-07-02T00:00:00+00:00, run_after=2024-07-03T00:00:00+00:00
[2024-07-03T14:36:28.535+0000] {logging_mixin.py:120} INFO - [2024-07-03T14:36:28.534+0000] {dag.py:3340} INFO - Setting next_dagrun for dataset_produces_2 to None, run_after=None
[2024-07-03T14:36:28.557+0000] {processor.py:176} INFO - Processing /home/airflow/.local/lib/python3.7/site-packages/airflow/example_dags/example_datasets.py took 0.116 seconds
[2024-07-03T14:36:59.439+0000] {processor.py:154} INFO - Started process (PID=517) to work on /home/airflow/.local/lib/python3.7/site-packages/airflow/example_dags/example_datasets.py
[2024-07-03T14:36:59.440+0000] {processor.py:756} INFO - Processing file /home/airflow/.local/lib/python3.7/site-packages/airflow/example_dags/example_datasets.py for tasks to queue
[2024-07-03T14:36:59.440+0000] {logging_mixin.py:120} INFO - [2024-07-03T14:36:59.440+0000] {dagbag.py:537} INFO - Filling up the DagBag from /home/airflow/.local/lib/python3.7/site-packages/airflow/example_dags/example_datasets.py
[2024-07-03T14:36:59.455+0000] {processor.py:766} INFO - DAG(s) dict_keys(['dataset_consumes_1_and_2', 'dataset_produces_2', 'dataset_produces_1', 'dataset_consumes_1_never_scheduled', 'dataset_consumes_1', 'dataset_consumes_unknown_never_scheduled']) retrieved from /home/airflow/.local/lib/python3.7/site-packages/airflow/example_dags/example_datasets.py
[2024-07-03T14:36:59.499+0000] {logging_mixin.py:120} INFO - [2024-07-03T14:36:59.499+0000] {dag.py:2585} INFO - Sync 6 DAGs
[2024-07-03T14:36:59.521+0000] {logging_mixin.py:120} INFO - [2024-07-03T14:36:59.520+0000] {dag.py:3340} INFO - Setting next_dagrun for dataset_consumes_1 to None, run_after=None
[2024-07-03T14:36:59.523+0000] {logging_mixin.py:120} INFO - [2024-07-03T14:36:59.523+0000] {dag.py:3340} INFO - Setting next_dagrun for dataset_consumes_1_and_2 to None, run_after=None
[2024-07-03T14:36:59.524+0000] {logging_mixin.py:120} INFO - [2024-07-03T14:36:59.524+0000] {dag.py:3340} INFO - Setting next_dagrun for dataset_consumes_1_never_scheduled to None, run_after=None
[2024-07-03T14:36:59.525+0000] {logging_mixin.py:120} INFO - [2024-07-03T14:36:59.525+0000] {dag.py:3340} INFO - Setting next_dagrun for dataset_consumes_unknown_never_scheduled to None, run_after=None
[2024-07-03T14:36:59.528+0000] {logging_mixin.py:120} INFO - [2024-07-03T14:36:59.528+0000] {dag.py:3340} INFO - Setting next_dagrun for dataset_produces_1 to 2024-07-02T00:00:00+00:00, run_after=2024-07-03T00:00:00+00:00
[2024-07-03T14:36:59.529+0000] {logging_mixin.py:120} INFO - [2024-07-03T14:36:59.529+0000] {dag.py:3340} INFO - Setting next_dagrun for dataset_produces_2 to None, run_after=None
[2024-07-03T14:36:59.555+0000] {processor.py:176} INFO - Processing /home/airflow/.local/lib/python3.7/site-packages/airflow/example_dags/example_datasets.py took 0.119 seconds
[2024-07-03T14:37:29.762+0000] {processor.py:154} INFO - Started process (PID=585) to work on /home/airflow/.local/lib/python3.7/site-packages/airflow/example_dags/example_datasets.py
[2024-07-03T14:37:29.763+0000] {processor.py:756} INFO - Processing file /home/airflow/.local/lib/python3.7/site-packages/airflow/example_dags/example_datasets.py for tasks to queue
[2024-07-03T14:37:29.764+0000] {logging_mixin.py:120} INFO - [2024-07-03T14:37:29.764+0000] {dagbag.py:537} INFO - Filling up the DagBag from /home/airflow/.local/lib/python3.7/site-packages/airflow/example_dags/example_datasets.py
[2024-07-03T14:37:29.779+0000] {processor.py:766} INFO - DAG(s) dict_keys(['dataset_produces_2', 'dataset_consumes_1_never_scheduled', 'dataset_produces_1', 'dataset_consumes_unknown_never_scheduled', 'dataset_consumes_1_and_2', 'dataset_consumes_1']) retrieved from /home/airflow/.local/lib/python3.7/site-packages/airflow/example_dags/example_datasets.py
[2024-07-03T14:37:29.827+0000] {logging_mixin.py:120} INFO - [2024-07-03T14:37:29.827+0000] {dag.py:2585} INFO - Sync 6 DAGs
[2024-07-03T14:37:29.851+0000] {logging_mixin.py:120} INFO - [2024-07-03T14:37:29.850+0000] {dag.py:3340} INFO - Setting next_dagrun for dataset_consumes_1 to None, run_after=None
[2024-07-03T14:37:29.854+0000] {logging_mixin.py:120} INFO - [2024-07-03T14:37:29.854+0000] {dag.py:3340} INFO - Setting next_dagrun for dataset_consumes_1_and_2 to None, run_after=None
[2024-07-03T14:37:29.855+0000] {logging_mixin.py:120} INFO - [2024-07-03T14:37:29.855+0000] {dag.py:3340} INFO - Setting next_dagrun for dataset_consumes_1_never_scheduled to None, run_after=None
[2024-07-03T14:37:29.856+0000] {logging_mixin.py:120} INFO - [2024-07-03T14:37:29.856+0000] {dag.py:3340} INFO - Setting next_dagrun for dataset_consumes_unknown_never_scheduled to None, run_after=None
[2024-07-03T14:37:29.859+0000] {logging_mixin.py:120} INFO - [2024-07-03T14:37:29.858+0000] {dag.py:3340} INFO - Setting next_dagrun for dataset_produces_1 to 2024-07-02T00:00:00+00:00, run_after=2024-07-03T00:00:00+00:00
[2024-07-03T14:37:29.860+0000] {logging_mixin.py:120} INFO - [2024-07-03T14:37:29.859+0000] {dag.py:3340} INFO - Setting next_dagrun for dataset_produces_2 to None, run_after=None
[2024-07-03T14:37:29.884+0000] {processor.py:176} INFO - Processing /home/airflow/.local/lib/python3.7/site-packages/airflow/example_dags/example_datasets.py took 0.125 seconds
[2024-07-03T14:38:00.454+0000] {processor.py:154} INFO - Started process (PID=644) to work on /home/airflow/.local/lib/python3.7/site-packages/airflow/example_dags/example_datasets.py
[2024-07-03T14:38:00.455+0000] {processor.py:756} INFO - Processing file /home/airflow/.local/lib/python3.7/site-packages/airflow/example_dags/example_datasets.py for tasks to queue
[2024-07-03T14:38:00.456+0000] {logging_mixin.py:120} INFO - [2024-07-03T14:38:00.456+0000] {dagbag.py:537} INFO - Filling up the DagBag from /home/airflow/.local/lib/python3.7/site-packages/airflow/example_dags/example_datasets.py
[2024-07-03T14:38:00.469+0000] {processor.py:766} INFO - DAG(s) dict_keys(['dataset_consumes_1_never_scheduled', 'dataset_produces_1', 'dataset_produces_2', 'dataset_consumes_unknown_never_scheduled', 'dataset_consumes_1', 'dataset_consumes_1_and_2']) retrieved from /home/airflow/.local/lib/python3.7/site-packages/airflow/example_dags/example_datasets.py
[2024-07-03T14:38:00.514+0000] {logging_mixin.py:120} INFO - [2024-07-03T14:38:00.514+0000] {dag.py:2585} INFO - Sync 6 DAGs
[2024-07-03T14:38:00.535+0000] {logging_mixin.py:120} INFO - [2024-07-03T14:38:00.535+0000] {dag.py:3340} INFO - Setting next_dagrun for dataset_consumes_1 to None, run_after=None
[2024-07-03T14:38:00.539+0000] {logging_mixin.py:120} INFO - [2024-07-03T14:38:00.538+0000] {dag.py:3340} INFO - Setting next_dagrun for dataset_consumes_1_and_2 to None, run_after=None
[2024-07-03T14:38:00.540+0000] {logging_mixin.py:120} INFO - [2024-07-03T14:38:00.540+0000] {dag.py:3340} INFO - Setting next_dagrun for dataset_consumes_1_never_scheduled to None, run_after=None
[2024-07-03T14:38:00.541+0000] {logging_mixin.py:120} INFO - [2024-07-03T14:38:00.541+0000] {dag.py:3340} INFO - Setting next_dagrun for dataset_consumes_unknown_never_scheduled to None, run_after=None
[2024-07-03T14:38:00.543+0000] {logging_mixin.py:120} INFO - [2024-07-03T14:38:00.543+0000] {dag.py:3340} INFO - Setting next_dagrun for dataset_produces_1 to 2024-07-02T00:00:00+00:00, run_after=2024-07-03T00:00:00+00:00
[2024-07-03T14:38:00.544+0000] {logging_mixin.py:120} INFO - [2024-07-03T14:38:00.544+0000] {dag.py:3340} INFO - Setting next_dagrun for dataset_produces_2 to None, run_after=None
[2024-07-03T14:38:00.568+0000] {processor.py:176} INFO - Processing /home/airflow/.local/lib/python3.7/site-packages/airflow/example_dags/example_datasets.py took 0.117 seconds
[2024-07-03T14:38:30.926+0000] {processor.py:154} INFO - Started process (PID=712) to work on /home/airflow/.local/lib/python3.7/site-packages/airflow/example_dags/example_datasets.py
[2024-07-03T14:38:30.927+0000] {processor.py:756} INFO - Processing file /home/airflow/.local/lib/python3.7/site-packages/airflow/example_dags/example_datasets.py for tasks to queue
[2024-07-03T14:38:30.928+0000] {logging_mixin.py:120} INFO - [2024-07-03T14:38:30.928+0000] {dagbag.py:537} INFO - Filling up the DagBag from /home/airflow/.local/lib/python3.7/site-packages/airflow/example_dags/example_datasets.py
[2024-07-03T14:38:30.943+0000] {processor.py:766} INFO - DAG(s) dict_keys(['dataset_produces_1', 'dataset_consumes_unknown_never_scheduled', 'dataset_produces_2', 'dataset_consumes_1_and_2', 'dataset_consumes_1_never_scheduled', 'dataset_consumes_1']) retrieved from /home/airflow/.local/lib/python3.7/site-packages/airflow/example_dags/example_datasets.py
[2024-07-03T14:38:30.987+0000] {logging_mixin.py:120} INFO - [2024-07-03T14:38:30.987+0000] {dag.py:2585} INFO - Sync 6 DAGs
[2024-07-03T14:38:31.009+0000] {logging_mixin.py:120} INFO - [2024-07-03T14:38:31.008+0000] {dag.py:3340} INFO - Setting next_dagrun for dataset_consumes_1 to None, run_after=None
[2024-07-03T14:38:31.011+0000] {logging_mixin.py:120} INFO - [2024-07-03T14:38:31.011+0000] {dag.py:3340} INFO - Setting next_dagrun for dataset_consumes_1_and_2 to None, run_after=None
[2024-07-03T14:38:31.012+0000] {logging_mixin.py:120} INFO - [2024-07-03T14:38:31.012+0000] {dag.py:3340} INFO - Setting next_dagrun for dataset_consumes_1_never_scheduled to None, run_after=None
[2024-07-03T14:38:31.013+0000] {logging_mixin.py:120} INFO - [2024-07-03T14:38:31.013+0000] {dag.py:3340} INFO - Setting next_dagrun for dataset_consumes_unknown_never_scheduled to None, run_after=None
[2024-07-03T14:38:31.016+0000] {logging_mixin.py:120} INFO - [2024-07-03T14:38:31.015+0000] {dag.py:3340} INFO - Setting next_dagrun for dataset_produces_1 to 2024-07-02T00:00:00+00:00, run_after=2024-07-03T00:00:00+00:00
[2024-07-03T14:38:31.017+0000] {logging_mixin.py:120} INFO - [2024-07-03T14:38:31.017+0000] {dag.py:3340} INFO - Setting next_dagrun for dataset_produces_2 to None, run_after=None
[2024-07-03T14:38:31.039+0000] {processor.py:176} INFO - Processing /home/airflow/.local/lib/python3.7/site-packages/airflow/example_dags/example_datasets.py took 0.115 seconds
[2024-07-03T14:39:01.588+0000] {processor.py:154} INFO - Started process (PID=780) to work on /home/airflow/.local/lib/python3.7/site-packages/airflow/example_dags/example_datasets.py
[2024-07-03T14:39:01.589+0000] {processor.py:756} INFO - Processing file /home/airflow/.local/lib/python3.7/site-packages/airflow/example_dags/example_datasets.py for tasks to queue
[2024-07-03T14:39:01.590+0000] {logging_mixin.py:120} INFO - [2024-07-03T14:39:01.590+0000] {dagbag.py:537} INFO - Filling up the DagBag from /home/airflow/.local/lib/python3.7/site-packages/airflow/example_dags/example_datasets.py
[2024-07-03T14:39:01.605+0000] {processor.py:766} INFO - DAG(s) dict_keys(['dataset_produces_2', 'dataset_consumes_1_and_2', 'dataset_consumes_1', 'dataset_consumes_1_never_scheduled', 'dataset_consumes_unknown_never_scheduled', 'dataset_produces_1']) retrieved from /home/airflow/.local/lib/python3.7/site-packages/airflow/example_dags/example_datasets.py
[2024-07-03T14:39:01.650+0000] {logging_mixin.py:120} INFO - [2024-07-03T14:39:01.650+0000] {dag.py:2585} INFO - Sync 6 DAGs
[2024-07-03T14:39:01.672+0000] {logging_mixin.py:120} INFO - [2024-07-03T14:39:01.672+0000] {dag.py:3340} INFO - Setting next_dagrun for dataset_consumes_1 to None, run_after=None
[2024-07-03T14:39:01.675+0000] {logging_mixin.py:120} INFO - [2024-07-03T14:39:01.675+0000] {dag.py:3340} INFO - Setting next_dagrun for dataset_consumes_1_and_2 to None, run_after=None
[2024-07-03T14:39:01.677+0000] {logging_mixin.py:120} INFO - [2024-07-03T14:39:01.677+0000] {dag.py:3340} INFO - Setting next_dagrun for dataset_consumes_1_never_scheduled to None, run_after=None
[2024-07-03T14:39:01.678+0000] {logging_mixin.py:120} INFO - [2024-07-03T14:39:01.678+0000] {dag.py:3340} INFO - Setting next_dagrun for dataset_consumes_unknown_never_scheduled to None, run_after=None
[2024-07-03T14:39:01.681+0000] {logging_mixin.py:120} INFO - [2024-07-03T14:39:01.681+0000] {dag.py:3340} INFO - Setting next_dagrun for dataset_produces_1 to 2024-07-02T00:00:00+00:00, run_after=2024-07-03T00:00:00+00:00
[2024-07-03T14:39:01.683+0000] {logging_mixin.py:120} INFO - [2024-07-03T14:39:01.683+0000] {dag.py:3340} INFO - Setting next_dagrun for dataset_produces_2 to None, run_after=None
[2024-07-03T14:39:01.706+0000] {processor.py:176} INFO - Processing /home/airflow/.local/lib/python3.7/site-packages/airflow/example_dags/example_datasets.py took 0.121 seconds
[2024-07-03T14:39:32.142+0000] {processor.py:154} INFO - Started process (PID=848) to work on /home/airflow/.local/lib/python3.7/site-packages/airflow/example_dags/example_datasets.py
[2024-07-03T14:39:32.143+0000] {processor.py:756} INFO - Processing file /home/airflow/.local/lib/python3.7/site-packages/airflow/example_dags/example_datasets.py for tasks to queue
[2024-07-03T14:39:32.143+0000] {logging_mixin.py:120} INFO - [2024-07-03T14:39:32.143+0000] {dagbag.py:537} INFO - Filling up the DagBag from /home/airflow/.local/lib/python3.7/site-packages/airflow/example_dags/example_datasets.py
[2024-07-03T14:39:32.158+0000] {processor.py:766} INFO - DAG(s) dict_keys(['dataset_consumes_1', 'dataset_consumes_1_never_scheduled', 'dataset_consumes_unknown_never_scheduled', 'dataset_produces_2', 'dataset_produces_1', 'dataset_consumes_1_and_2']) retrieved from /home/airflow/.local/lib/python3.7/site-packages/airflow/example_dags/example_datasets.py
[2024-07-03T14:39:32.202+0000] {logging_mixin.py:120} INFO - [2024-07-03T14:39:32.202+0000] {dag.py:2585} INFO - Sync 6 DAGs
[2024-07-03T14:39:32.224+0000] {logging_mixin.py:120} INFO - [2024-07-03T14:39:32.224+0000] {dag.py:3340} INFO - Setting next_dagrun for dataset_consumes_1 to None, run_after=None
[2024-07-03T14:39:32.227+0000] {logging_mixin.py:120} INFO - [2024-07-03T14:39:32.227+0000] {dag.py:3340} INFO - Setting next_dagrun for dataset_consumes_1_and_2 to None, run_after=None
[2024-07-03T14:39:32.228+0000] {logging_mixin.py:120} INFO - [2024-07-03T14:39:32.228+0000] {dag.py:3340} INFO - Setting next_dagrun for dataset_consumes_1_never_scheduled to None, run_after=None
[2024-07-03T14:39:32.229+0000] {logging_mixin.py:120} INFO - [2024-07-03T14:39:32.229+0000] {dag.py:3340} INFO - Setting next_dagrun for dataset_consumes_unknown_never_scheduled to None, run_after=None
[2024-07-03T14:39:32.231+0000] {logging_mixin.py:120} INFO - [2024-07-03T14:39:32.231+0000] {dag.py:3340} INFO - Setting next_dagrun for dataset_produces_1 to 2024-07-02T00:00:00+00:00, run_after=2024-07-03T00:00:00+00:00
[2024-07-03T14:39:32.232+0000] {logging_mixin.py:120} INFO - [2024-07-03T14:39:32.232+0000] {dag.py:3340} INFO - Setting next_dagrun for dataset_produces_2 to None, run_after=None
[2024-07-03T14:39:32.255+0000] {processor.py:176} INFO - Processing /home/airflow/.local/lib/python3.7/site-packages/airflow/example_dags/example_datasets.py took 0.116 seconds
[2024-07-03T14:40:02.597+0000] {processor.py:154} INFO - Started process (PID=907) to work on /home/airflow/.local/lib/python3.7/site-packages/airflow/example_dags/example_datasets.py
[2024-07-03T14:40:02.598+0000] {processor.py:756} INFO - Processing file /home/airflow/.local/lib/python3.7/site-packages/airflow/example_dags/example_datasets.py for tasks to queue
[2024-07-03T14:40:02.599+0000] {logging_mixin.py:120} INFO - [2024-07-03T14:40:02.599+0000] {dagbag.py:537} INFO - Filling up the DagBag from /home/airflow/.local/lib/python3.7/site-packages/airflow/example_dags/example_datasets.py
[2024-07-03T14:40:02.614+0000] {processor.py:766} INFO - DAG(s) dict_keys(['dataset_produces_1', 'dataset_produces_2', 'dataset_consumes_unknown_never_scheduled', 'dataset_consumes_1_never_scheduled', 'dataset_consumes_1', 'dataset_consumes_1_and_2']) retrieved from /home/airflow/.local/lib/python3.7/site-packages/airflow/example_dags/example_datasets.py
[2024-07-03T14:40:02.659+0000] {logging_mixin.py:120} INFO - [2024-07-03T14:40:02.659+0000] {dag.py:2585} INFO - Sync 6 DAGs
[2024-07-03T14:40:02.680+0000] {logging_mixin.py:120} INFO - [2024-07-03T14:40:02.680+0000] {dag.py:3340} INFO - Setting next_dagrun for dataset_consumes_1 to None, run_after=None
[2024-07-03T14:40:02.683+0000] {logging_mixin.py:120} INFO - [2024-07-03T14:40:02.683+0000] {dag.py:3340} INFO - Setting next_dagrun for dataset_consumes_1_and_2 to None, run_after=None
[2024-07-03T14:40:02.684+0000] {logging_mixin.py:120} INFO - [2024-07-03T14:40:02.684+0000] {dag.py:3340} INFO - Setting next_dagrun for dataset_consumes_1_never_scheduled to None, run_after=None
[2024-07-03T14:40:02.685+0000] {logging_mixin.py:120} INFO - [2024-07-03T14:40:02.685+0000] {dag.py:3340} INFO - Setting next_dagrun for dataset_consumes_unknown_never_scheduled to None, run_after=None
[2024-07-03T14:40:02.688+0000] {logging_mixin.py:120} INFO - [2024-07-03T14:40:02.688+0000] {dag.py:3340} INFO - Setting next_dagrun for dataset_produces_1 to 2024-07-02T00:00:00+00:00, run_after=2024-07-03T00:00:00+00:00
[2024-07-03T14:40:02.689+0000] {logging_mixin.py:120} INFO - [2024-07-03T14:40:02.689+0000] {dag.py:3340} INFO - Setting next_dagrun for dataset_produces_2 to None, run_after=None
[2024-07-03T14:40:02.711+0000] {processor.py:176} INFO - Processing /home/airflow/.local/lib/python3.7/site-packages/airflow/example_dags/example_datasets.py took 0.117 seconds
[2024-07-03T14:40:33.331+0000] {processor.py:154} INFO - Started process (PID=975) to work on /home/airflow/.local/lib/python3.7/site-packages/airflow/example_dags/example_datasets.py
[2024-07-03T14:40:33.332+0000] {processor.py:756} INFO - Processing file /home/airflow/.local/lib/python3.7/site-packages/airflow/example_dags/example_datasets.py for tasks to queue
[2024-07-03T14:40:33.333+0000] {logging_mixin.py:120} INFO - [2024-07-03T14:40:33.333+0000] {dagbag.py:537} INFO - Filling up the DagBag from /home/airflow/.local/lib/python3.7/site-packages/airflow/example_dags/example_datasets.py
[2024-07-03T14:40:33.347+0000] {processor.py:766} INFO - DAG(s) dict_keys(['dataset_produces_1', 'dataset_consumes_1_never_scheduled', 'dataset_produces_2', 'dataset_consumes_1', 'dataset_consumes_1_and_2', 'dataset_consumes_unknown_never_scheduled']) retrieved from /home/airflow/.local/lib/python3.7/site-packages/airflow/example_dags/example_datasets.py
[2024-07-03T14:40:33.392+0000] {logging_mixin.py:120} INFO - [2024-07-03T14:40:33.391+0000] {dag.py:2585} INFO - Sync 6 DAGs
[2024-07-03T14:40:33.413+0000] {logging_mixin.py:120} INFO - [2024-07-03T14:40:33.412+0000] {dag.py:3340} INFO - Setting next_dagrun for dataset_consumes_1 to None, run_after=None
[2024-07-03T14:40:33.415+0000] {logging_mixin.py:120} INFO - [2024-07-03T14:40:33.415+0000] {dag.py:3340} INFO - Setting next_dagrun for dataset_consumes_1_and_2 to None, run_after=None
[2024-07-03T14:40:33.417+0000] {logging_mixin.py:120} INFO - [2024-07-03T14:40:33.417+0000] {dag.py:3340} INFO - Setting next_dagrun for dataset_consumes_1_never_scheduled to None, run_after=None
[2024-07-03T14:40:33.418+0000] {logging_mixin.py:120} INFO - [2024-07-03T14:40:33.418+0000] {dag.py:3340} INFO - Setting next_dagrun for dataset_consumes_unknown_never_scheduled to None, run_after=None
[2024-07-03T14:40:33.420+0000] {logging_mixin.py:120} INFO - [2024-07-03T14:40:33.420+0000] {dag.py:3340} INFO - Setting next_dagrun for dataset_produces_1 to 2024-07-02T00:00:00+00:00, run_after=2024-07-03T00:00:00+00:00
[2024-07-03T14:40:33.421+0000] {logging_mixin.py:120} INFO - [2024-07-03T14:40:33.421+0000] {dag.py:3340} INFO - Setting next_dagrun for dataset_produces_2 to None, run_after=None
[2024-07-03T14:40:33.443+0000] {processor.py:176} INFO - Processing /home/airflow/.local/lib/python3.7/site-packages/airflow/example_dags/example_datasets.py took 0.115 seconds
