[2024-07-03T14:33:25.451+0000] {processor.py:154} INFO - Started process (PID=55) to work on /home/airflow/.local/lib/python3.7/site-packages/airflow/example_dags/example_branch_labels.py
[2024-07-03T14:33:25.452+0000] {processor.py:756} INFO - Processing file /home/airflow/.local/lib/python3.7/site-packages/airflow/example_dags/example_branch_labels.py for tasks to queue
[2024-07-03T14:33:25.453+0000] {logging_mixin.py:120} INFO - [2024-07-03T14:33:25.453+0000] {dagbag.py:537} INFO - Filling up the DagBag from /home/airflow/.local/lib/python3.7/site-packages/airflow/example_dags/example_branch_labels.py
[2024-07-03T14:33:25.479+0000] {processor.py:766} INFO - DAG(s) dict_keys(['example_branch_labels']) retrieved from /home/airflow/.local/lib/python3.7/site-packages/airflow/example_dags/example_branch_labels.py
[2024-07-03T14:33:25.556+0000] {logging_mixin.py:120} INFO - [2024-07-03T14:33:25.556+0000] {dag.py:2585} INFO - Sync 1 DAGs
[2024-07-03T14:33:25.628+0000] {logging_mixin.py:120} INFO - [2024-07-03T14:33:25.628+0000] {dag.py:3340} INFO - Setting next_dagrun for example_branch_labels to 2024-07-02T00:00:00+00:00, run_after=2024-07-03T00:00:00+00:00
[2024-07-03T14:33:25.658+0000] {processor.py:176} INFO - Processing /home/airflow/.local/lib/python3.7/site-packages/airflow/example_dags/example_branch_labels.py took 0.210 seconds
[2024-07-03T14:33:56.042+0000] {processor.py:154} INFO - Started process (PID=123) to work on /home/airflow/.local/lib/python3.7/site-packages/airflow/example_dags/example_branch_labels.py
[2024-07-03T14:33:56.043+0000] {processor.py:756} INFO - Processing file /home/airflow/.local/lib/python3.7/site-packages/airflow/example_dags/example_branch_labels.py for tasks to queue
[2024-07-03T14:33:56.043+0000] {logging_mixin.py:120} INFO - [2024-07-03T14:33:56.043+0000] {dagbag.py:537} INFO - Filling up the DagBag from /home/airflow/.local/lib/python3.7/site-packages/airflow/example_dags/example_branch_labels.py
[2024-07-03T14:33:56.056+0000] {processor.py:766} INFO - DAG(s) dict_keys(['example_branch_labels']) retrieved from /home/airflow/.local/lib/python3.7/site-packages/airflow/example_dags/example_branch_labels.py
[2024-07-03T14:33:56.093+0000] {logging_mixin.py:120} INFO - [2024-07-03T14:33:56.093+0000] {dag.py:2585} INFO - Sync 1 DAGs
[2024-07-03T14:33:56.118+0000] {logging_mixin.py:120} INFO - [2024-07-03T14:33:56.118+0000] {dag.py:3340} INFO - Setting next_dagrun for example_branch_labels to 2024-07-02T00:00:00+00:00, run_after=2024-07-03T00:00:00+00:00
[2024-07-03T14:33:56.135+0000] {processor.py:176} INFO - Processing /home/airflow/.local/lib/python3.7/site-packages/airflow/example_dags/example_branch_labels.py took 0.096 seconds
[2024-07-03T14:34:26.724+0000] {processor.py:154} INFO - Started process (PID=192) to work on /home/airflow/.local/lib/python3.7/site-packages/airflow/example_dags/example_branch_labels.py
[2024-07-03T14:34:26.725+0000] {processor.py:756} INFO - Processing file /home/airflow/.local/lib/python3.7/site-packages/airflow/example_dags/example_branch_labels.py for tasks to queue
[2024-07-03T14:34:26.726+0000] {logging_mixin.py:120} INFO - [2024-07-03T14:34:26.726+0000] {dagbag.py:537} INFO - Filling up the DagBag from /home/airflow/.local/lib/python3.7/site-packages/airflow/example_dags/example_branch_labels.py
[2024-07-03T14:34:26.742+0000] {processor.py:766} INFO - DAG(s) dict_keys(['example_branch_labels']) retrieved from /home/airflow/.local/lib/python3.7/site-packages/airflow/example_dags/example_branch_labels.py
[2024-07-03T14:34:26.778+0000] {logging_mixin.py:120} INFO - [2024-07-03T14:34:26.778+0000] {dag.py:2585} INFO - Sync 1 DAGs
[2024-07-03T14:34:26.802+0000] {logging_mixin.py:120} INFO - [2024-07-03T14:34:26.802+0000] {dag.py:3340} INFO - Setting next_dagrun for example_branch_labels to 2024-07-02T00:00:00+00:00, run_after=2024-07-03T00:00:00+00:00
[2024-07-03T14:34:26.817+0000] {processor.py:176} INFO - Processing /home/airflow/.local/lib/python3.7/site-packages/airflow/example_dags/example_branch_labels.py took 0.096 seconds
[2024-07-03T14:34:57.375+0000] {processor.py:154} INFO - Started process (PID=260) to work on /home/airflow/.local/lib/python3.7/site-packages/airflow/example_dags/example_branch_labels.py
[2024-07-03T14:34:57.376+0000] {processor.py:756} INFO - Processing file /home/airflow/.local/lib/python3.7/site-packages/airflow/example_dags/example_branch_labels.py for tasks to queue
[2024-07-03T14:34:57.377+0000] {logging_mixin.py:120} INFO - [2024-07-03T14:34:57.376+0000] {dagbag.py:537} INFO - Filling up the DagBag from /home/airflow/.local/lib/python3.7/site-packages/airflow/example_dags/example_branch_labels.py
[2024-07-03T14:34:57.389+0000] {processor.py:766} INFO - DAG(s) dict_keys(['example_branch_labels']) retrieved from /home/airflow/.local/lib/python3.7/site-packages/airflow/example_dags/example_branch_labels.py
[2024-07-03T14:34:57.424+0000] {logging_mixin.py:120} INFO - [2024-07-03T14:34:57.424+0000] {dag.py:2585} INFO - Sync 1 DAGs
[2024-07-03T14:34:57.447+0000] {logging_mixin.py:120} INFO - [2024-07-03T14:34:57.447+0000] {dag.py:3340} INFO - Setting next_dagrun for example_branch_labels to 2024-07-02T00:00:00+00:00, run_after=2024-07-03T00:00:00+00:00
[2024-07-03T14:34:57.463+0000] {processor.py:176} INFO - Processing /home/airflow/.local/lib/python3.7/site-packages/airflow/example_dags/example_branch_labels.py took 0.091 seconds
[2024-07-03T14:35:27.838+0000] {processor.py:154} INFO - Started process (PID=319) to work on /home/airflow/.local/lib/python3.7/site-packages/airflow/example_dags/example_branch_labels.py
[2024-07-03T14:35:27.838+0000] {processor.py:756} INFO - Processing file /home/airflow/.local/lib/python3.7/site-packages/airflow/example_dags/example_branch_labels.py for tasks to queue
[2024-07-03T14:35:27.839+0000] {logging_mixin.py:120} INFO - [2024-07-03T14:35:27.839+0000] {dagbag.py:537} INFO - Filling up the DagBag from /home/airflow/.local/lib/python3.7/site-packages/airflow/example_dags/example_branch_labels.py
[2024-07-03T14:35:27.852+0000] {processor.py:766} INFO - DAG(s) dict_keys(['example_branch_labels']) retrieved from /home/airflow/.local/lib/python3.7/site-packages/airflow/example_dags/example_branch_labels.py
[2024-07-03T14:35:27.885+0000] {logging_mixin.py:120} INFO - [2024-07-03T14:35:27.885+0000] {dag.py:2585} INFO - Sync 1 DAGs
[2024-07-03T14:35:27.907+0000] {logging_mixin.py:120} INFO - [2024-07-03T14:35:27.907+0000] {dag.py:3340} INFO - Setting next_dagrun for example_branch_labels to 2024-07-02T00:00:00+00:00, run_after=2024-07-03T00:00:00+00:00
[2024-07-03T14:35:27.922+0000] {processor.py:176} INFO - Processing /home/airflow/.local/lib/python3.7/site-packages/airflow/example_dags/example_branch_labels.py took 0.086 seconds
[2024-07-03T14:35:58.296+0000] {processor.py:154} INFO - Started process (PID=387) to work on /home/airflow/.local/lib/python3.7/site-packages/airflow/example_dags/example_branch_labels.py
[2024-07-03T14:35:58.297+0000] {processor.py:756} INFO - Processing file /home/airflow/.local/lib/python3.7/site-packages/airflow/example_dags/example_branch_labels.py for tasks to queue
[2024-07-03T14:35:58.298+0000] {logging_mixin.py:120} INFO - [2024-07-03T14:35:58.298+0000] {dagbag.py:537} INFO - Filling up the DagBag from /home/airflow/.local/lib/python3.7/site-packages/airflow/example_dags/example_branch_labels.py
[2024-07-03T14:35:58.311+0000] {processor.py:766} INFO - DAG(s) dict_keys(['example_branch_labels']) retrieved from /home/airflow/.local/lib/python3.7/site-packages/airflow/example_dags/example_branch_labels.py
[2024-07-03T14:35:58.346+0000] {logging_mixin.py:120} INFO - [2024-07-03T14:35:58.346+0000] {dag.py:2585} INFO - Sync 1 DAGs
[2024-07-03T14:35:58.368+0000] {logging_mixin.py:120} INFO - [2024-07-03T14:35:58.368+0000] {dag.py:3340} INFO - Setting next_dagrun for example_branch_labels to 2024-07-02T00:00:00+00:00, run_after=2024-07-03T00:00:00+00:00
[2024-07-03T14:35:58.383+0000] {processor.py:176} INFO - Processing /home/airflow/.local/lib/python3.7/site-packages/airflow/example_dags/example_branch_labels.py took 0.090 seconds
[2024-07-03T14:36:29.272+0000] {processor.py:154} INFO - Started process (PID=455) to work on /home/airflow/.local/lib/python3.7/site-packages/airflow/example_dags/example_branch_labels.py
[2024-07-03T14:36:29.273+0000] {processor.py:756} INFO - Processing file /home/airflow/.local/lib/python3.7/site-packages/airflow/example_dags/example_branch_labels.py for tasks to queue
[2024-07-03T14:36:29.275+0000] {logging_mixin.py:120} INFO - [2024-07-03T14:36:29.274+0000] {dagbag.py:537} INFO - Filling up the DagBag from /home/airflow/.local/lib/python3.7/site-packages/airflow/example_dags/example_branch_labels.py
[2024-07-03T14:36:29.294+0000] {processor.py:766} INFO - DAG(s) dict_keys(['example_branch_labels']) retrieved from /home/airflow/.local/lib/python3.7/site-packages/airflow/example_dags/example_branch_labels.py
[2024-07-03T14:36:29.335+0000] {logging_mixin.py:120} INFO - [2024-07-03T14:36:29.335+0000] {dag.py:2585} INFO - Sync 1 DAGs
[2024-07-03T14:36:29.363+0000] {logging_mixin.py:120} INFO - [2024-07-03T14:36:29.363+0000] {dag.py:3340} INFO - Setting next_dagrun for example_branch_labels to 2024-07-02T00:00:00+00:00, run_after=2024-07-03T00:00:00+00:00
[2024-07-03T14:36:29.379+0000] {processor.py:176} INFO - Processing /home/airflow/.local/lib/python3.7/site-packages/airflow/example_dags/example_branch_labels.py took 0.111 seconds
[2024-07-03T14:36:59.876+0000] {processor.py:154} INFO - Started process (PID=523) to work on /home/airflow/.local/lib/python3.7/site-packages/airflow/example_dags/example_branch_labels.py
[2024-07-03T14:36:59.877+0000] {processor.py:756} INFO - Processing file /home/airflow/.local/lib/python3.7/site-packages/airflow/example_dags/example_branch_labels.py for tasks to queue
[2024-07-03T14:36:59.878+0000] {logging_mixin.py:120} INFO - [2024-07-03T14:36:59.878+0000] {dagbag.py:537} INFO - Filling up the DagBag from /home/airflow/.local/lib/python3.7/site-packages/airflow/example_dags/example_branch_labels.py
[2024-07-03T14:36:59.891+0000] {processor.py:766} INFO - DAG(s) dict_keys(['example_branch_labels']) retrieved from /home/airflow/.local/lib/python3.7/site-packages/airflow/example_dags/example_branch_labels.py
[2024-07-03T14:36:59.925+0000] {logging_mixin.py:120} INFO - [2024-07-03T14:36:59.925+0000] {dag.py:2585} INFO - Sync 1 DAGs
[2024-07-03T14:36:59.947+0000] {logging_mixin.py:120} INFO - [2024-07-03T14:36:59.947+0000] {dag.py:3340} INFO - Setting next_dagrun for example_branch_labels to 2024-07-02T00:00:00+00:00, run_after=2024-07-03T00:00:00+00:00
[2024-07-03T14:36:59.961+0000] {processor.py:176} INFO - Processing /home/airflow/.local/lib/python3.7/site-packages/airflow/example_dags/example_branch_labels.py took 0.088 seconds
[2024-07-03T14:37:30.332+0000] {processor.py:154} INFO - Started process (PID=591) to work on /home/airflow/.local/lib/python3.7/site-packages/airflow/example_dags/example_branch_labels.py
[2024-07-03T14:37:30.333+0000] {processor.py:756} INFO - Processing file /home/airflow/.local/lib/python3.7/site-packages/airflow/example_dags/example_branch_labels.py for tasks to queue
[2024-07-03T14:37:30.333+0000] {logging_mixin.py:120} INFO - [2024-07-03T14:37:30.333+0000] {dagbag.py:537} INFO - Filling up the DagBag from /home/airflow/.local/lib/python3.7/site-packages/airflow/example_dags/example_branch_labels.py
[2024-07-03T14:37:30.346+0000] {processor.py:766} INFO - DAG(s) dict_keys(['example_branch_labels']) retrieved from /home/airflow/.local/lib/python3.7/site-packages/airflow/example_dags/example_branch_labels.py
[2024-07-03T14:37:30.380+0000] {logging_mixin.py:120} INFO - [2024-07-03T14:37:30.380+0000] {dag.py:2585} INFO - Sync 1 DAGs
[2024-07-03T14:37:30.404+0000] {logging_mixin.py:120} INFO - [2024-07-03T14:37:30.403+0000] {dag.py:3340} INFO - Setting next_dagrun for example_branch_labels to 2024-07-02T00:00:00+00:00, run_after=2024-07-03T00:00:00+00:00
[2024-07-03T14:37:30.419+0000] {processor.py:176} INFO - Processing /home/airflow/.local/lib/python3.7/site-packages/airflow/example_dags/example_branch_labels.py took 0.090 seconds
[2024-07-03T14:38:00.901+0000] {processor.py:154} INFO - Started process (PID=650) to work on /home/airflow/.local/lib/python3.7/site-packages/airflow/example_dags/example_branch_labels.py
[2024-07-03T14:38:00.902+0000] {processor.py:756} INFO - Processing file /home/airflow/.local/lib/python3.7/site-packages/airflow/example_dags/example_branch_labels.py for tasks to queue
[2024-07-03T14:38:00.903+0000] {logging_mixin.py:120} INFO - [2024-07-03T14:38:00.903+0000] {dagbag.py:537} INFO - Filling up the DagBag from /home/airflow/.local/lib/python3.7/site-packages/airflow/example_dags/example_branch_labels.py
[2024-07-03T14:38:00.915+0000] {processor.py:766} INFO - DAG(s) dict_keys(['example_branch_labels']) retrieved from /home/airflow/.local/lib/python3.7/site-packages/airflow/example_dags/example_branch_labels.py
[2024-07-03T14:38:00.951+0000] {logging_mixin.py:120} INFO - [2024-07-03T14:38:00.951+0000] {dag.py:2585} INFO - Sync 1 DAGs
[2024-07-03T14:38:00.974+0000] {logging_mixin.py:120} INFO - [2024-07-03T14:38:00.974+0000] {dag.py:3340} INFO - Setting next_dagrun for example_branch_labels to 2024-07-02T00:00:00+00:00, run_after=2024-07-03T00:00:00+00:00
[2024-07-03T14:38:00.990+0000] {processor.py:176} INFO - Processing /home/airflow/.local/lib/python3.7/site-packages/airflow/example_dags/example_branch_labels.py took 0.092 seconds
[2024-07-03T14:38:31.378+0000] {processor.py:154} INFO - Started process (PID=718) to work on /home/airflow/.local/lib/python3.7/site-packages/airflow/example_dags/example_branch_labels.py
[2024-07-03T14:38:31.379+0000] {processor.py:756} INFO - Processing file /home/airflow/.local/lib/python3.7/site-packages/airflow/example_dags/example_branch_labels.py for tasks to queue
[2024-07-03T14:38:31.379+0000] {logging_mixin.py:120} INFO - [2024-07-03T14:38:31.379+0000] {dagbag.py:537} INFO - Filling up the DagBag from /home/airflow/.local/lib/python3.7/site-packages/airflow/example_dags/example_branch_labels.py
[2024-07-03T14:38:31.391+0000] {processor.py:766} INFO - DAG(s) dict_keys(['example_branch_labels']) retrieved from /home/airflow/.local/lib/python3.7/site-packages/airflow/example_dags/example_branch_labels.py
[2024-07-03T14:38:31.427+0000] {logging_mixin.py:120} INFO - [2024-07-03T14:38:31.427+0000] {dag.py:2585} INFO - Sync 1 DAGs
[2024-07-03T14:38:31.450+0000] {logging_mixin.py:120} INFO - [2024-07-03T14:38:31.450+0000] {dag.py:3340} INFO - Setting next_dagrun for example_branch_labels to 2024-07-02T00:00:00+00:00, run_after=2024-07-03T00:00:00+00:00
[2024-07-03T14:38:31.466+0000] {processor.py:176} INFO - Processing /home/airflow/.local/lib/python3.7/site-packages/airflow/example_dags/example_branch_labels.py took 0.091 seconds
[2024-07-03T14:39:02.020+0000] {processor.py:154} INFO - Started process (PID=786) to work on /home/airflow/.local/lib/python3.7/site-packages/airflow/example_dags/example_branch_labels.py
[2024-07-03T14:39:02.021+0000] {processor.py:756} INFO - Processing file /home/airflow/.local/lib/python3.7/site-packages/airflow/example_dags/example_branch_labels.py for tasks to queue
[2024-07-03T14:39:02.021+0000] {logging_mixin.py:120} INFO - [2024-07-03T14:39:02.021+0000] {dagbag.py:537} INFO - Filling up the DagBag from /home/airflow/.local/lib/python3.7/site-packages/airflow/example_dags/example_branch_labels.py
[2024-07-03T14:39:02.034+0000] {processor.py:766} INFO - DAG(s) dict_keys(['example_branch_labels']) retrieved from /home/airflow/.local/lib/python3.7/site-packages/airflow/example_dags/example_branch_labels.py
[2024-07-03T14:39:02.069+0000] {logging_mixin.py:120} INFO - [2024-07-03T14:39:02.069+0000] {dag.py:2585} INFO - Sync 1 DAGs
[2024-07-03T14:39:02.091+0000] {logging_mixin.py:120} INFO - [2024-07-03T14:39:02.091+0000] {dag.py:3340} INFO - Setting next_dagrun for example_branch_labels to 2024-07-02T00:00:00+00:00, run_after=2024-07-03T00:00:00+00:00
[2024-07-03T14:39:02.106+0000] {processor.py:176} INFO - Processing /home/airflow/.local/lib/python3.7/site-packages/airflow/example_dags/example_branch_labels.py took 0.089 seconds
[2024-07-03T14:39:32.576+0000] {processor.py:154} INFO - Started process (PID=854) to work on /home/airflow/.local/lib/python3.7/site-packages/airflow/example_dags/example_branch_labels.py
[2024-07-03T14:39:32.577+0000] {processor.py:756} INFO - Processing file /home/airflow/.local/lib/python3.7/site-packages/airflow/example_dags/example_branch_labels.py for tasks to queue
[2024-07-03T14:39:32.578+0000] {logging_mixin.py:120} INFO - [2024-07-03T14:39:32.578+0000] {dagbag.py:537} INFO - Filling up the DagBag from /home/airflow/.local/lib/python3.7/site-packages/airflow/example_dags/example_branch_labels.py
[2024-07-03T14:39:32.592+0000] {processor.py:766} INFO - DAG(s) dict_keys(['example_branch_labels']) retrieved from /home/airflow/.local/lib/python3.7/site-packages/airflow/example_dags/example_branch_labels.py
[2024-07-03T14:39:32.629+0000] {logging_mixin.py:120} INFO - [2024-07-03T14:39:32.629+0000] {dag.py:2585} INFO - Sync 1 DAGs
[2024-07-03T14:39:32.653+0000] {logging_mixin.py:120} INFO - [2024-07-03T14:39:32.653+0000] {dag.py:3340} INFO - Setting next_dagrun for example_branch_labels to 2024-07-02T00:00:00+00:00, run_after=2024-07-03T00:00:00+00:00
[2024-07-03T14:39:32.668+0000] {processor.py:176} INFO - Processing /home/airflow/.local/lib/python3.7/site-packages/airflow/example_dags/example_branch_labels.py took 0.094 seconds
[2024-07-03T14:40:03.076+0000] {processor.py:154} INFO - Started process (PID=920) to work on /home/airflow/.local/lib/python3.7/site-packages/airflow/example_dags/example_branch_labels.py
[2024-07-03T14:40:03.077+0000] {processor.py:756} INFO - Processing file /home/airflow/.local/lib/python3.7/site-packages/airflow/example_dags/example_branch_labels.py for tasks to queue
[2024-07-03T14:40:03.078+0000] {logging_mixin.py:120} INFO - [2024-07-03T14:40:03.078+0000] {dagbag.py:537} INFO - Filling up the DagBag from /home/airflow/.local/lib/python3.7/site-packages/airflow/example_dags/example_branch_labels.py
[2024-07-03T14:40:03.094+0000] {processor.py:766} INFO - DAG(s) dict_keys(['example_branch_labels']) retrieved from /home/airflow/.local/lib/python3.7/site-packages/airflow/example_dags/example_branch_labels.py
[2024-07-03T14:40:03.135+0000] {logging_mixin.py:120} INFO - [2024-07-03T14:40:03.134+0000] {dag.py:2585} INFO - Sync 1 DAGs
[2024-07-03T14:40:03.159+0000] {logging_mixin.py:120} INFO - [2024-07-03T14:40:03.159+0000] {dag.py:3340} INFO - Setting next_dagrun for example_branch_labels to 2024-07-02T00:00:00+00:00, run_after=2024-07-03T00:00:00+00:00
[2024-07-03T14:40:03.176+0000] {processor.py:176} INFO - Processing /home/airflow/.local/lib/python3.7/site-packages/airflow/example_dags/example_branch_labels.py took 0.103 seconds
[2024-07-03T14:40:33.800+0000] {processor.py:154} INFO - Started process (PID=981) to work on /home/airflow/.local/lib/python3.7/site-packages/airflow/example_dags/example_branch_labels.py
[2024-07-03T14:40:33.817+0000] {processor.py:756} INFO - Processing file /home/airflow/.local/lib/python3.7/site-packages/airflow/example_dags/example_branch_labels.py for tasks to queue
[2024-07-03T14:40:33.819+0000] {logging_mixin.py:120} INFO - [2024-07-03T14:40:33.819+0000] {dagbag.py:537} INFO - Filling up the DagBag from /home/airflow/.local/lib/python3.7/site-packages/airflow/example_dags/example_branch_labels.py
[2024-07-03T14:40:33.833+0000] {processor.py:766} INFO - DAG(s) dict_keys(['example_branch_labels']) retrieved from /home/airflow/.local/lib/python3.7/site-packages/airflow/example_dags/example_branch_labels.py
[2024-07-03T14:40:33.869+0000] {logging_mixin.py:120} INFO - [2024-07-03T14:40:33.869+0000] {dag.py:2585} INFO - Sync 1 DAGs
[2024-07-03T14:40:33.891+0000] {logging_mixin.py:120} INFO - [2024-07-03T14:40:33.891+0000] {dag.py:3340} INFO - Setting next_dagrun for example_branch_labels to 2024-07-02T00:00:00+00:00, run_after=2024-07-03T00:00:00+00:00
[2024-07-03T14:40:33.908+0000] {processor.py:176} INFO - Processing /home/airflow/.local/lib/python3.7/site-packages/airflow/example_dags/example_branch_labels.py took 0.111 seconds
