[2024-07-03T14:33:25.100+0000] {processor.py:154} INFO - Started process (PID=51) to work on /home/airflow/.local/lib/python3.7/site-packages/airflow/example_dags/example_task_group.py
[2024-07-03T14:33:25.102+0000] {processor.py:756} INFO - Processing file /home/airflow/.local/lib/python3.7/site-packages/airflow/example_dags/example_task_group.py for tasks to queue
[2024-07-03T14:33:25.103+0000] {logging_mixin.py:120} INFO - [2024-07-03T14:33:25.103+0000] {dagbag.py:537} INFO - Filling up the DagBag from /home/airflow/.local/lib/python3.7/site-packages/airflow/example_dags/example_task_group.py
[2024-07-03T14:33:25.121+0000] {processor.py:766} INFO - DAG(s) dict_keys(['example_task_group']) retrieved from /home/airflow/.local/lib/python3.7/site-packages/airflow/example_dags/example_task_group.py
[2024-07-03T14:33:25.161+0000] {logging_mixin.py:120} INFO - [2024-07-03T14:33:25.161+0000] {dag.py:2585} INFO - Sync 1 DAGs
[2024-07-03T14:33:25.200+0000] {logging_mixin.py:120} INFO - [2024-07-03T14:33:25.200+0000] {dag.py:3340} INFO - Setting next_dagrun for example_task_group to 2024-07-02T14:33:25.200144+00:00, run_after=2024-07-03T14:33:25.200144+00:00
[2024-07-03T14:33:25.230+0000] {processor.py:176} INFO - Processing /home/airflow/.local/lib/python3.7/site-packages/airflow/example_dags/example_task_group.py took 0.133 seconds
[2024-07-03T14:33:55.715+0000] {processor.py:154} INFO - Started process (PID=119) to work on /home/airflow/.local/lib/python3.7/site-packages/airflow/example_dags/example_task_group.py
[2024-07-03T14:33:55.716+0000] {processor.py:756} INFO - Processing file /home/airflow/.local/lib/python3.7/site-packages/airflow/example_dags/example_task_group.py for tasks to queue
[2024-07-03T14:33:55.717+0000] {logging_mixin.py:120} INFO - [2024-07-03T14:33:55.717+0000] {dagbag.py:537} INFO - Filling up the DagBag from /home/airflow/.local/lib/python3.7/site-packages/airflow/example_dags/example_task_group.py
[2024-07-03T14:33:55.731+0000] {processor.py:766} INFO - DAG(s) dict_keys(['example_task_group']) retrieved from /home/airflow/.local/lib/python3.7/site-packages/airflow/example_dags/example_task_group.py
[2024-07-03T14:33:55.765+0000] {logging_mixin.py:120} INFO - [2024-07-03T14:33:55.765+0000] {dag.py:2585} INFO - Sync 1 DAGs
[2024-07-03T14:33:55.789+0000] {logging_mixin.py:120} INFO - [2024-07-03T14:33:55.789+0000] {dag.py:3340} INFO - Setting next_dagrun for example_task_group to 2024-07-02T14:33:55.788822+00:00, run_after=2024-07-03T14:33:55.788822+00:00
[2024-07-03T14:33:55.804+0000] {processor.py:176} INFO - Processing /home/airflow/.local/lib/python3.7/site-packages/airflow/example_dags/example_task_group.py took 0.092 seconds
[2024-07-03T14:34:26.396+0000] {processor.py:154} INFO - Started process (PID=188) to work on /home/airflow/.local/lib/python3.7/site-packages/airflow/example_dags/example_task_group.py
[2024-07-03T14:34:26.397+0000] {processor.py:756} INFO - Processing file /home/airflow/.local/lib/python3.7/site-packages/airflow/example_dags/example_task_group.py for tasks to queue
[2024-07-03T14:34:26.397+0000] {logging_mixin.py:120} INFO - [2024-07-03T14:34:26.397+0000] {dagbag.py:537} INFO - Filling up the DagBag from /home/airflow/.local/lib/python3.7/site-packages/airflow/example_dags/example_task_group.py
[2024-07-03T14:34:26.412+0000] {processor.py:766} INFO - DAG(s) dict_keys(['example_task_group']) retrieved from /home/airflow/.local/lib/python3.7/site-packages/airflow/example_dags/example_task_group.py
[2024-07-03T14:34:26.448+0000] {logging_mixin.py:120} INFO - [2024-07-03T14:34:26.448+0000] {dag.py:2585} INFO - Sync 1 DAGs
[2024-07-03T14:34:26.474+0000] {logging_mixin.py:120} INFO - [2024-07-03T14:34:26.473+0000] {dag.py:3340} INFO - Setting next_dagrun for example_task_group to 2024-07-02T14:34:26.473545+00:00, run_after=2024-07-03T14:34:26.473545+00:00
[2024-07-03T14:34:26.491+0000] {processor.py:176} INFO - Processing /home/airflow/.local/lib/python3.7/site-packages/airflow/example_dags/example_task_group.py took 0.098 seconds
[2024-07-03T14:34:57.042+0000] {processor.py:154} INFO - Started process (PID=255) to work on /home/airflow/.local/lib/python3.7/site-packages/airflow/example_dags/example_task_group.py
[2024-07-03T14:34:57.043+0000] {processor.py:756} INFO - Processing file /home/airflow/.local/lib/python3.7/site-packages/airflow/example_dags/example_task_group.py for tasks to queue
[2024-07-03T14:34:57.044+0000] {logging_mixin.py:120} INFO - [2024-07-03T14:34:57.044+0000] {dagbag.py:537} INFO - Filling up the DagBag from /home/airflow/.local/lib/python3.7/site-packages/airflow/example_dags/example_task_group.py
[2024-07-03T14:34:57.059+0000] {processor.py:766} INFO - DAG(s) dict_keys(['example_task_group']) retrieved from /home/airflow/.local/lib/python3.7/site-packages/airflow/example_dags/example_task_group.py
[2024-07-03T14:34:57.093+0000] {logging_mixin.py:120} INFO - [2024-07-03T14:34:57.093+0000] {dag.py:2585} INFO - Sync 1 DAGs
[2024-07-03T14:34:57.115+0000] {logging_mixin.py:120} INFO - [2024-07-03T14:34:57.114+0000] {dag.py:3340} INFO - Setting next_dagrun for example_task_group to 2024-07-02T14:34:57.114674+00:00, run_after=2024-07-03T14:34:57.114674+00:00
[2024-07-03T14:34:57.130+0000] {processor.py:176} INFO - Processing /home/airflow/.local/lib/python3.7/site-packages/airflow/example_dags/example_task_group.py took 0.091 seconds
[2024-07-03T14:35:27.515+0000] {processor.py:154} INFO - Started process (PID=315) to work on /home/airflow/.local/lib/python3.7/site-packages/airflow/example_dags/example_task_group.py
[2024-07-03T14:35:27.516+0000] {processor.py:756} INFO - Processing file /home/airflow/.local/lib/python3.7/site-packages/airflow/example_dags/example_task_group.py for tasks to queue
[2024-07-03T14:35:27.517+0000] {logging_mixin.py:120} INFO - [2024-07-03T14:35:27.517+0000] {dagbag.py:537} INFO - Filling up the DagBag from /home/airflow/.local/lib/python3.7/site-packages/airflow/example_dags/example_task_group.py
[2024-07-03T14:35:27.531+0000] {processor.py:766} INFO - DAG(s) dict_keys(['example_task_group']) retrieved from /home/airflow/.local/lib/python3.7/site-packages/airflow/example_dags/example_task_group.py
[2024-07-03T14:35:27.564+0000] {logging_mixin.py:120} INFO - [2024-07-03T14:35:27.564+0000] {dag.py:2585} INFO - Sync 1 DAGs
[2024-07-03T14:35:27.585+0000] {logging_mixin.py:120} INFO - [2024-07-03T14:35:27.585+0000] {dag.py:3340} INFO - Setting next_dagrun for example_task_group to 2024-07-02T14:35:27.585643+00:00, run_after=2024-07-03T14:35:27.585643+00:00
[2024-07-03T14:35:27.601+0000] {processor.py:176} INFO - Processing /home/airflow/.local/lib/python3.7/site-packages/airflow/example_dags/example_task_group.py took 0.089 seconds
[2024-07-03T14:35:57.966+0000] {processor.py:154} INFO - Started process (PID=383) to work on /home/airflow/.local/lib/python3.7/site-packages/airflow/example_dags/example_task_group.py
[2024-07-03T14:35:57.967+0000] {processor.py:756} INFO - Processing file /home/airflow/.local/lib/python3.7/site-packages/airflow/example_dags/example_task_group.py for tasks to queue
[2024-07-03T14:35:57.968+0000] {logging_mixin.py:120} INFO - [2024-07-03T14:35:57.968+0000] {dagbag.py:537} INFO - Filling up the DagBag from /home/airflow/.local/lib/python3.7/site-packages/airflow/example_dags/example_task_group.py
[2024-07-03T14:35:57.982+0000] {processor.py:766} INFO - DAG(s) dict_keys(['example_task_group']) retrieved from /home/airflow/.local/lib/python3.7/site-packages/airflow/example_dags/example_task_group.py
[2024-07-03T14:35:58.016+0000] {logging_mixin.py:120} INFO - [2024-07-03T14:35:58.016+0000] {dag.py:2585} INFO - Sync 1 DAGs
[2024-07-03T14:35:58.037+0000] {logging_mixin.py:120} INFO - [2024-07-03T14:35:58.037+0000] {dag.py:3340} INFO - Setting next_dagrun for example_task_group to 2024-07-02T14:35:58.037557+00:00, run_after=2024-07-03T14:35:58.037557+00:00
[2024-07-03T14:35:58.052+0000] {processor.py:176} INFO - Processing /home/airflow/.local/lib/python3.7/site-packages/airflow/example_dags/example_task_group.py took 0.089 seconds
[2024-07-03T14:36:28.558+0000] {processor.py:154} INFO - Started process (PID=450) to work on /home/airflow/.local/lib/python3.7/site-packages/airflow/example_dags/example_task_group.py
[2024-07-03T14:36:28.559+0000] {processor.py:756} INFO - Processing file /home/airflow/.local/lib/python3.7/site-packages/airflow/example_dags/example_task_group.py for tasks to queue
[2024-07-03T14:36:28.560+0000] {logging_mixin.py:120} INFO - [2024-07-03T14:36:28.560+0000] {dagbag.py:537} INFO - Filling up the DagBag from /home/airflow/.local/lib/python3.7/site-packages/airflow/example_dags/example_task_group.py
[2024-07-03T14:36:28.574+0000] {processor.py:766} INFO - DAG(s) dict_keys(['example_task_group']) retrieved from /home/airflow/.local/lib/python3.7/site-packages/airflow/example_dags/example_task_group.py
[2024-07-03T14:36:28.609+0000] {logging_mixin.py:120} INFO - [2024-07-03T14:36:28.609+0000] {dag.py:2585} INFO - Sync 1 DAGs
[2024-07-03T14:36:28.762+0000] {logging_mixin.py:120} INFO - [2024-07-03T14:36:28.762+0000] {dag.py:3340} INFO - Setting next_dagrun for example_task_group to 2024-07-02T14:36:28.761868+00:00, run_after=2024-07-03T14:36:28.761868+00:00
[2024-07-03T14:36:28.792+0000] {processor.py:176} INFO - Processing /home/airflow/.local/lib/python3.7/site-packages/airflow/example_dags/example_task_group.py took 0.237 seconds
[2024-07-03T14:36:59.550+0000] {processor.py:154} INFO - Started process (PID=518) to work on /home/airflow/.local/lib/python3.7/site-packages/airflow/example_dags/example_task_group.py
[2024-07-03T14:36:59.551+0000] {processor.py:756} INFO - Processing file /home/airflow/.local/lib/python3.7/site-packages/airflow/example_dags/example_task_group.py for tasks to queue
[2024-07-03T14:36:59.551+0000] {logging_mixin.py:120} INFO - [2024-07-03T14:36:59.551+0000] {dagbag.py:537} INFO - Filling up the DagBag from /home/airflow/.local/lib/python3.7/site-packages/airflow/example_dags/example_task_group.py
[2024-07-03T14:36:59.566+0000] {processor.py:766} INFO - DAG(s) dict_keys(['example_task_group']) retrieved from /home/airflow/.local/lib/python3.7/site-packages/airflow/example_dags/example_task_group.py
[2024-07-03T14:36:59.600+0000] {logging_mixin.py:120} INFO - [2024-07-03T14:36:59.599+0000] {dag.py:2585} INFO - Sync 1 DAGs
[2024-07-03T14:36:59.621+0000] {logging_mixin.py:120} INFO - [2024-07-03T14:36:59.621+0000] {dag.py:3340} INFO - Setting next_dagrun for example_task_group to 2024-07-02T14:36:59.621127+00:00, run_after=2024-07-03T14:36:59.621127+00:00
[2024-07-03T14:36:59.636+0000] {processor.py:176} INFO - Processing /home/airflow/.local/lib/python3.7/site-packages/airflow/example_dags/example_task_group.py took 0.090 seconds
[2024-07-03T14:37:29.899+0000] {processor.py:154} INFO - Started process (PID=586) to work on /home/airflow/.local/lib/python3.7/site-packages/airflow/example_dags/example_task_group.py
[2024-07-03T14:37:29.901+0000] {processor.py:756} INFO - Processing file /home/airflow/.local/lib/python3.7/site-packages/airflow/example_dags/example_task_group.py for tasks to queue
[2024-07-03T14:37:29.902+0000] {logging_mixin.py:120} INFO - [2024-07-03T14:37:29.902+0000] {dagbag.py:537} INFO - Filling up the DagBag from /home/airflow/.local/lib/python3.7/site-packages/airflow/example_dags/example_task_group.py
[2024-07-03T14:37:29.918+0000] {processor.py:766} INFO - DAG(s) dict_keys(['example_task_group']) retrieved from /home/airflow/.local/lib/python3.7/site-packages/airflow/example_dags/example_task_group.py
[2024-07-03T14:37:29.956+0000] {logging_mixin.py:120} INFO - [2024-07-03T14:37:29.956+0000] {dag.py:2585} INFO - Sync 1 DAGs
[2024-07-03T14:37:29.986+0000] {logging_mixin.py:120} INFO - [2024-07-03T14:37:29.986+0000] {dag.py:3340} INFO - Setting next_dagrun for example_task_group to 2024-07-02T14:37:29.986247+00:00, run_after=2024-07-03T14:37:29.986247+00:00
[2024-07-03T14:37:30.008+0000] {processor.py:176} INFO - Processing /home/airflow/.local/lib/python3.7/site-packages/airflow/example_dags/example_task_group.py took 0.112 seconds
[2024-07-03T14:38:00.562+0000] {processor.py:154} INFO - Started process (PID=645) to work on /home/airflow/.local/lib/python3.7/site-packages/airflow/example_dags/example_task_group.py
[2024-07-03T14:38:00.564+0000] {processor.py:756} INFO - Processing file /home/airflow/.local/lib/python3.7/site-packages/airflow/example_dags/example_task_group.py for tasks to queue
[2024-07-03T14:38:00.564+0000] {logging_mixin.py:120} INFO - [2024-07-03T14:38:00.564+0000] {dagbag.py:537} INFO - Filling up the DagBag from /home/airflow/.local/lib/python3.7/site-packages/airflow/example_dags/example_task_group.py
[2024-07-03T14:38:00.578+0000] {processor.py:766} INFO - DAG(s) dict_keys(['example_task_group']) retrieved from /home/airflow/.local/lib/python3.7/site-packages/airflow/example_dags/example_task_group.py
[2024-07-03T14:38:00.612+0000] {logging_mixin.py:120} INFO - [2024-07-03T14:38:00.612+0000] {dag.py:2585} INFO - Sync 1 DAGs
[2024-07-03T14:38:00.633+0000] {logging_mixin.py:120} INFO - [2024-07-03T14:38:00.633+0000] {dag.py:3340} INFO - Setting next_dagrun for example_task_group to 2024-07-02T14:38:00.633458+00:00, run_after=2024-07-03T14:38:00.633458+00:00
[2024-07-03T14:38:00.650+0000] {processor.py:176} INFO - Processing /home/airflow/.local/lib/python3.7/site-packages/airflow/example_dags/example_task_group.py took 0.092 seconds
[2024-07-03T14:38:31.056+0000] {processor.py:154} INFO - Started process (PID=714) to work on /home/airflow/.local/lib/python3.7/site-packages/airflow/example_dags/example_task_group.py
[2024-07-03T14:38:31.057+0000] {processor.py:756} INFO - Processing file /home/airflow/.local/lib/python3.7/site-packages/airflow/example_dags/example_task_group.py for tasks to queue
[2024-07-03T14:38:31.058+0000] {logging_mixin.py:120} INFO - [2024-07-03T14:38:31.058+0000] {dagbag.py:537} INFO - Filling up the DagBag from /home/airflow/.local/lib/python3.7/site-packages/airflow/example_dags/example_task_group.py
[2024-07-03T14:38:31.071+0000] {processor.py:766} INFO - DAG(s) dict_keys(['example_task_group']) retrieved from /home/airflow/.local/lib/python3.7/site-packages/airflow/example_dags/example_task_group.py
[2024-07-03T14:38:31.106+0000] {logging_mixin.py:120} INFO - [2024-07-03T14:38:31.106+0000] {dag.py:2585} INFO - Sync 1 DAGs
[2024-07-03T14:38:31.128+0000] {logging_mixin.py:120} INFO - [2024-07-03T14:38:31.127+0000] {dag.py:3340} INFO - Setting next_dagrun for example_task_group to 2024-07-02T14:38:31.127791+00:00, run_after=2024-07-03T14:38:31.127791+00:00
[2024-07-03T14:38:31.143+0000] {processor.py:176} INFO - Processing /home/airflow/.local/lib/python3.7/site-packages/airflow/example_dags/example_task_group.py took 0.090 seconds
[2024-07-03T14:39:01.696+0000] {processor.py:154} INFO - Started process (PID=781) to work on /home/airflow/.local/lib/python3.7/site-packages/airflow/example_dags/example_task_group.py
[2024-07-03T14:39:01.697+0000] {processor.py:756} INFO - Processing file /home/airflow/.local/lib/python3.7/site-packages/airflow/example_dags/example_task_group.py for tasks to queue
[2024-07-03T14:39:01.697+0000] {logging_mixin.py:120} INFO - [2024-07-03T14:39:01.697+0000] {dagbag.py:537} INFO - Filling up the DagBag from /home/airflow/.local/lib/python3.7/site-packages/airflow/example_dags/example_task_group.py
[2024-07-03T14:39:01.712+0000] {processor.py:766} INFO - DAG(s) dict_keys(['example_task_group']) retrieved from /home/airflow/.local/lib/python3.7/site-packages/airflow/example_dags/example_task_group.py
[2024-07-03T14:39:01.745+0000] {logging_mixin.py:120} INFO - [2024-07-03T14:39:01.745+0000] {dag.py:2585} INFO - Sync 1 DAGs
[2024-07-03T14:39:01.767+0000] {logging_mixin.py:120} INFO - [2024-07-03T14:39:01.767+0000] {dag.py:3340} INFO - Setting next_dagrun for example_task_group to 2024-07-02T14:39:01.766887+00:00, run_after=2024-07-03T14:39:01.766887+00:00
[2024-07-03T14:39:01.782+0000] {processor.py:176} INFO - Processing /home/airflow/.local/lib/python3.7/site-packages/airflow/example_dags/example_task_group.py took 0.090 seconds
[2024-07-03T14:39:32.250+0000] {processor.py:154} INFO - Started process (PID=849) to work on /home/airflow/.local/lib/python3.7/site-packages/airflow/example_dags/example_task_group.py
[2024-07-03T14:39:32.251+0000] {processor.py:756} INFO - Processing file /home/airflow/.local/lib/python3.7/site-packages/airflow/example_dags/example_task_group.py for tasks to queue
[2024-07-03T14:39:32.252+0000] {logging_mixin.py:120} INFO - [2024-07-03T14:39:32.252+0000] {dagbag.py:537} INFO - Filling up the DagBag from /home/airflow/.local/lib/python3.7/site-packages/airflow/example_dags/example_task_group.py
[2024-07-03T14:39:32.267+0000] {processor.py:766} INFO - DAG(s) dict_keys(['example_task_group']) retrieved from /home/airflow/.local/lib/python3.7/site-packages/airflow/example_dags/example_task_group.py
[2024-07-03T14:39:32.300+0000] {logging_mixin.py:120} INFO - [2024-07-03T14:39:32.299+0000] {dag.py:2585} INFO - Sync 1 DAGs
[2024-07-03T14:39:32.321+0000] {logging_mixin.py:120} INFO - [2024-07-03T14:39:32.321+0000] {dag.py:3340} INFO - Setting next_dagrun for example_task_group to 2024-07-02T14:39:32.321665+00:00, run_after=2024-07-03T14:39:32.321665+00:00
[2024-07-03T14:39:32.336+0000] {processor.py:176} INFO - Processing /home/airflow/.local/lib/python3.7/site-packages/airflow/example_dags/example_task_group.py took 0.089 seconds
[2024-07-03T14:40:02.728+0000] {processor.py:154} INFO - Started process (PID=909) to work on /home/airflow/.local/lib/python3.7/site-packages/airflow/example_dags/example_task_group.py
[2024-07-03T14:40:02.729+0000] {processor.py:756} INFO - Processing file /home/airflow/.local/lib/python3.7/site-packages/airflow/example_dags/example_task_group.py for tasks to queue
[2024-07-03T14:40:02.729+0000] {logging_mixin.py:120} INFO - [2024-07-03T14:40:02.729+0000] {dagbag.py:537} INFO - Filling up the DagBag from /home/airflow/.local/lib/python3.7/site-packages/airflow/example_dags/example_task_group.py
[2024-07-03T14:40:02.743+0000] {processor.py:766} INFO - DAG(s) dict_keys(['example_task_group']) retrieved from /home/airflow/.local/lib/python3.7/site-packages/airflow/example_dags/example_task_group.py
[2024-07-03T14:40:02.777+0000] {logging_mixin.py:120} INFO - [2024-07-03T14:40:02.777+0000] {dag.py:2585} INFO - Sync 1 DAGs
[2024-07-03T14:40:02.798+0000] {logging_mixin.py:120} INFO - [2024-07-03T14:40:02.797+0000] {dag.py:3340} INFO - Setting next_dagrun for example_task_group to 2024-07-02T14:40:02.797624+00:00, run_after=2024-07-03T14:40:02.797624+00:00
[2024-07-03T14:40:02.813+0000] {processor.py:176} INFO - Processing /home/airflow/.local/lib/python3.7/site-packages/airflow/example_dags/example_task_group.py took 0.088 seconds
[2024-07-03T14:40:33.460+0000] {processor.py:154} INFO - Started process (PID=977) to work on /home/airflow/.local/lib/python3.7/site-packages/airflow/example_dags/example_task_group.py
[2024-07-03T14:40:33.461+0000] {processor.py:756} INFO - Processing file /home/airflow/.local/lib/python3.7/site-packages/airflow/example_dags/example_task_group.py for tasks to queue
[2024-07-03T14:40:33.462+0000] {logging_mixin.py:120} INFO - [2024-07-03T14:40:33.462+0000] {dagbag.py:537} INFO - Filling up the DagBag from /home/airflow/.local/lib/python3.7/site-packages/airflow/example_dags/example_task_group.py
[2024-07-03T14:40:33.477+0000] {processor.py:766} INFO - DAG(s) dict_keys(['example_task_group']) retrieved from /home/airflow/.local/lib/python3.7/site-packages/airflow/example_dags/example_task_group.py
[2024-07-03T14:40:33.513+0000] {logging_mixin.py:120} INFO - [2024-07-03T14:40:33.513+0000] {dag.py:2585} INFO - Sync 1 DAGs
[2024-07-03T14:40:33.534+0000] {logging_mixin.py:120} INFO - [2024-07-03T14:40:33.534+0000] {dag.py:3340} INFO - Setting next_dagrun for example_task_group to 2024-07-02T14:40:33.534001+00:00, run_after=2024-07-03T14:40:33.534001+00:00
[2024-07-03T14:40:33.549+0000] {processor.py:176} INFO - Processing /home/airflow/.local/lib/python3.7/site-packages/airflow/example_dags/example_task_group.py took 0.092 seconds
