[2024-07-03T14:33:28.781+0000] {processor.py:154} INFO - Started process (PID=86) to work on /home/airflow/.local/lib/python3.7/site-packages/airflow/example_dags/example_branch_day_of_week_operator.py
[2024-07-03T14:33:28.783+0000] {processor.py:756} INFO - Processing file /home/airflow/.local/lib/python3.7/site-packages/airflow/example_dags/example_branch_day_of_week_operator.py for tasks to queue
[2024-07-03T14:33:28.784+0000] {logging_mixin.py:120} INFO - [2024-07-03T14:33:28.784+0000] {dagbag.py:537} INFO - Filling up the DagBag from /home/airflow/.local/lib/python3.7/site-packages/airflow/example_dags/example_branch_day_of_week_operator.py
[2024-07-03T14:33:28.802+0000] {processor.py:766} INFO - DAG(s) dict_keys(['example_weekday_branch_operator']) retrieved from /home/airflow/.local/lib/python3.7/site-packages/airflow/example_dags/example_branch_day_of_week_operator.py
[2024-07-03T14:33:28.841+0000] {logging_mixin.py:120} INFO - [2024-07-03T14:33:28.841+0000] {dag.py:2585} INFO - Sync 1 DAGs
[2024-07-03T14:33:28.868+0000] {logging_mixin.py:120} INFO - [2024-07-03T14:33:28.868+0000] {dag.py:3340} INFO - Setting next_dagrun for example_weekday_branch_operator to 2024-07-02T00:00:00+00:00, run_after=2024-07-03T00:00:00+00:00
[2024-07-03T14:33:28.892+0000] {processor.py:176} INFO - Processing /home/airflow/.local/lib/python3.7/site-packages/airflow/example_dags/example_branch_day_of_week_operator.py took 0.114 seconds
[2024-07-03T14:33:59.357+0000] {processor.py:154} INFO - Started process (PID=145) to work on /home/airflow/.local/lib/python3.7/site-packages/airflow/example_dags/example_branch_day_of_week_operator.py
[2024-07-03T14:33:59.358+0000] {processor.py:756} INFO - Processing file /home/airflow/.local/lib/python3.7/site-packages/airflow/example_dags/example_branch_day_of_week_operator.py for tasks to queue
[2024-07-03T14:33:59.359+0000] {logging_mixin.py:120} INFO - [2024-07-03T14:33:59.359+0000] {dagbag.py:537} INFO - Filling up the DagBag from /home/airflow/.local/lib/python3.7/site-packages/airflow/example_dags/example_branch_day_of_week_operator.py
[2024-07-03T14:33:59.372+0000] {processor.py:766} INFO - DAG(s) dict_keys(['example_weekday_branch_operator']) retrieved from /home/airflow/.local/lib/python3.7/site-packages/airflow/example_dags/example_branch_day_of_week_operator.py
[2024-07-03T14:33:59.405+0000] {logging_mixin.py:120} INFO - [2024-07-03T14:33:59.405+0000] {dag.py:2585} INFO - Sync 1 DAGs
[2024-07-03T14:33:59.429+0000] {logging_mixin.py:120} INFO - [2024-07-03T14:33:59.429+0000] {dag.py:3340} INFO - Setting next_dagrun for example_weekday_branch_operator to 2024-07-02T00:00:00+00:00, run_after=2024-07-03T00:00:00+00:00
[2024-07-03T14:33:59.444+0000] {processor.py:176} INFO - Processing /home/airflow/.local/lib/python3.7/site-packages/airflow/example_dags/example_branch_day_of_week_operator.py took 0.090 seconds
[2024-07-03T14:34:30.063+0000] {processor.py:154} INFO - Started process (PID=214) to work on /home/airflow/.local/lib/python3.7/site-packages/airflow/example_dags/example_branch_day_of_week_operator.py
[2024-07-03T14:34:30.064+0000] {processor.py:756} INFO - Processing file /home/airflow/.local/lib/python3.7/site-packages/airflow/example_dags/example_branch_day_of_week_operator.py for tasks to queue
[2024-07-03T14:34:30.065+0000] {logging_mixin.py:120} INFO - [2024-07-03T14:34:30.065+0000] {dagbag.py:537} INFO - Filling up the DagBag from /home/airflow/.local/lib/python3.7/site-packages/airflow/example_dags/example_branch_day_of_week_operator.py
[2024-07-03T14:34:30.079+0000] {processor.py:766} INFO - DAG(s) dict_keys(['example_weekday_branch_operator']) retrieved from /home/airflow/.local/lib/python3.7/site-packages/airflow/example_dags/example_branch_day_of_week_operator.py
[2024-07-03T14:34:30.116+0000] {logging_mixin.py:120} INFO - [2024-07-03T14:34:30.116+0000] {dag.py:2585} INFO - Sync 1 DAGs
[2024-07-03T14:34:30.138+0000] {logging_mixin.py:120} INFO - [2024-07-03T14:34:30.138+0000] {dag.py:3340} INFO - Setting next_dagrun for example_weekday_branch_operator to 2024-07-02T00:00:00+00:00, run_after=2024-07-03T00:00:00+00:00
[2024-07-03T14:34:30.153+0000] {processor.py:176} INFO - Processing /home/airflow/.local/lib/python3.7/site-packages/airflow/example_dags/example_branch_day_of_week_operator.py took 0.093 seconds
[2024-07-03T14:35:00.598+0000] {processor.py:154} INFO - Started process (PID=282) to work on /home/airflow/.local/lib/python3.7/site-packages/airflow/example_dags/example_branch_day_of_week_operator.py
[2024-07-03T14:35:00.598+0000] {processor.py:756} INFO - Processing file /home/airflow/.local/lib/python3.7/site-packages/airflow/example_dags/example_branch_day_of_week_operator.py for tasks to queue
[2024-07-03T14:35:00.599+0000] {logging_mixin.py:120} INFO - [2024-07-03T14:35:00.599+0000] {dagbag.py:537} INFO - Filling up the DagBag from /home/airflow/.local/lib/python3.7/site-packages/airflow/example_dags/example_branch_day_of_week_operator.py
[2024-07-03T14:35:00.613+0000] {processor.py:766} INFO - DAG(s) dict_keys(['example_weekday_branch_operator']) retrieved from /home/airflow/.local/lib/python3.7/site-packages/airflow/example_dags/example_branch_day_of_week_operator.py
[2024-07-03T14:35:00.650+0000] {logging_mixin.py:120} INFO - [2024-07-03T14:35:00.650+0000] {dag.py:2585} INFO - Sync 1 DAGs
[2024-07-03T14:35:00.677+0000] {logging_mixin.py:120} INFO - [2024-07-03T14:35:00.676+0000] {dag.py:3340} INFO - Setting next_dagrun for example_weekday_branch_operator to 2024-07-02T00:00:00+00:00, run_after=2024-07-03T00:00:00+00:00
[2024-07-03T14:35:00.707+0000] {processor.py:176} INFO - Processing /home/airflow/.local/lib/python3.7/site-packages/airflow/example_dags/example_branch_day_of_week_operator.py took 0.113 seconds
[2024-07-03T14:35:31.108+0000] {processor.py:154} INFO - Started process (PID=350) to work on /home/airflow/.local/lib/python3.7/site-packages/airflow/example_dags/example_branch_day_of_week_operator.py
[2024-07-03T14:35:31.109+0000] {processor.py:756} INFO - Processing file /home/airflow/.local/lib/python3.7/site-packages/airflow/example_dags/example_branch_day_of_week_operator.py for tasks to queue
[2024-07-03T14:35:31.110+0000] {logging_mixin.py:120} INFO - [2024-07-03T14:35:31.110+0000] {dagbag.py:537} INFO - Filling up the DagBag from /home/airflow/.local/lib/python3.7/site-packages/airflow/example_dags/example_branch_day_of_week_operator.py
[2024-07-03T14:35:31.124+0000] {processor.py:766} INFO - DAG(s) dict_keys(['example_weekday_branch_operator']) retrieved from /home/airflow/.local/lib/python3.7/site-packages/airflow/example_dags/example_branch_day_of_week_operator.py
[2024-07-03T14:35:31.159+0000] {logging_mixin.py:120} INFO - [2024-07-03T14:35:31.159+0000] {dag.py:2585} INFO - Sync 1 DAGs
[2024-07-03T14:35:31.183+0000] {logging_mixin.py:120} INFO - [2024-07-03T14:35:31.183+0000] {dag.py:3340} INFO - Setting next_dagrun for example_weekday_branch_operator to 2024-07-02T00:00:00+00:00, run_after=2024-07-03T00:00:00+00:00
[2024-07-03T14:35:31.200+0000] {processor.py:176} INFO - Processing /home/airflow/.local/lib/python3.7/site-packages/airflow/example_dags/example_branch_day_of_week_operator.py took 0.095 seconds
[2024-07-03T14:36:01.613+0000] {processor.py:154} INFO - Started process (PID=418) to work on /home/airflow/.local/lib/python3.7/site-packages/airflow/example_dags/example_branch_day_of_week_operator.py
[2024-07-03T14:36:01.614+0000] {processor.py:756} INFO - Processing file /home/airflow/.local/lib/python3.7/site-packages/airflow/example_dags/example_branch_day_of_week_operator.py for tasks to queue
[2024-07-03T14:36:01.615+0000] {logging_mixin.py:120} INFO - [2024-07-03T14:36:01.615+0000] {dagbag.py:537} INFO - Filling up the DagBag from /home/airflow/.local/lib/python3.7/site-packages/airflow/example_dags/example_branch_day_of_week_operator.py
[2024-07-03T14:36:01.629+0000] {processor.py:766} INFO - DAG(s) dict_keys(['example_weekday_branch_operator']) retrieved from /home/airflow/.local/lib/python3.7/site-packages/airflow/example_dags/example_branch_day_of_week_operator.py
[2024-07-03T14:36:01.663+0000] {logging_mixin.py:120} INFO - [2024-07-03T14:36:01.663+0000] {dag.py:2585} INFO - Sync 1 DAGs
[2024-07-03T14:36:01.687+0000] {logging_mixin.py:120} INFO - [2024-07-03T14:36:01.687+0000] {dag.py:3340} INFO - Setting next_dagrun for example_weekday_branch_operator to 2024-07-02T00:00:00+00:00, run_after=2024-07-03T00:00:00+00:00
[2024-07-03T14:36:01.707+0000] {processor.py:176} INFO - Processing /home/airflow/.local/lib/python3.7/site-packages/airflow/example_dags/example_branch_day_of_week_operator.py took 0.097 seconds
[2024-07-03T14:36:32.523+0000] {processor.py:154} INFO - Started process (PID=477) to work on /home/airflow/.local/lib/python3.7/site-packages/airflow/example_dags/example_branch_day_of_week_operator.py
[2024-07-03T14:36:32.524+0000] {processor.py:756} INFO - Processing file /home/airflow/.local/lib/python3.7/site-packages/airflow/example_dags/example_branch_day_of_week_operator.py for tasks to queue
[2024-07-03T14:36:32.524+0000] {logging_mixin.py:120} INFO - [2024-07-03T14:36:32.524+0000] {dagbag.py:537} INFO - Filling up the DagBag from /home/airflow/.local/lib/python3.7/site-packages/airflow/example_dags/example_branch_day_of_week_operator.py
[2024-07-03T14:36:32.538+0000] {processor.py:766} INFO - DAG(s) dict_keys(['example_weekday_branch_operator']) retrieved from /home/airflow/.local/lib/python3.7/site-packages/airflow/example_dags/example_branch_day_of_week_operator.py
[2024-07-03T14:36:32.571+0000] {logging_mixin.py:120} INFO - [2024-07-03T14:36:32.571+0000] {dag.py:2585} INFO - Sync 1 DAGs
[2024-07-03T14:36:32.594+0000] {logging_mixin.py:120} INFO - [2024-07-03T14:36:32.593+0000] {dag.py:3340} INFO - Setting next_dagrun for example_weekday_branch_operator to 2024-07-02T00:00:00+00:00, run_after=2024-07-03T00:00:00+00:00
[2024-07-03T14:36:32.609+0000] {processor.py:176} INFO - Processing /home/airflow/.local/lib/python3.7/site-packages/airflow/example_dags/example_branch_day_of_week_operator.py took 0.089 seconds
[2024-07-03T14:37:03.083+0000] {processor.py:154} INFO - Started process (PID=545) to work on /home/airflow/.local/lib/python3.7/site-packages/airflow/example_dags/example_branch_day_of_week_operator.py
[2024-07-03T14:37:03.084+0000] {processor.py:756} INFO - Processing file /home/airflow/.local/lib/python3.7/site-packages/airflow/example_dags/example_branch_day_of_week_operator.py for tasks to queue
[2024-07-03T14:37:03.085+0000] {logging_mixin.py:120} INFO - [2024-07-03T14:37:03.085+0000] {dagbag.py:537} INFO - Filling up the DagBag from /home/airflow/.local/lib/python3.7/site-packages/airflow/example_dags/example_branch_day_of_week_operator.py
[2024-07-03T14:37:03.099+0000] {processor.py:766} INFO - DAG(s) dict_keys(['example_weekday_branch_operator']) retrieved from /home/airflow/.local/lib/python3.7/site-packages/airflow/example_dags/example_branch_day_of_week_operator.py
[2024-07-03T14:37:03.133+0000] {logging_mixin.py:120} INFO - [2024-07-03T14:37:03.133+0000] {dag.py:2585} INFO - Sync 1 DAGs
[2024-07-03T14:37:03.157+0000] {logging_mixin.py:120} INFO - [2024-07-03T14:37:03.157+0000] {dag.py:3340} INFO - Setting next_dagrun for example_weekday_branch_operator to 2024-07-02T00:00:00+00:00, run_after=2024-07-03T00:00:00+00:00
[2024-07-03T14:37:03.174+0000] {processor.py:176} INFO - Processing /home/airflow/.local/lib/python3.7/site-packages/airflow/example_dags/example_branch_day_of_week_operator.py took 0.093 seconds
[2024-07-03T14:37:33.586+0000] {processor.py:154} INFO - Started process (PID=613) to work on /home/airflow/.local/lib/python3.7/site-packages/airflow/example_dags/example_branch_day_of_week_operator.py
[2024-07-03T14:37:33.587+0000] {processor.py:756} INFO - Processing file /home/airflow/.local/lib/python3.7/site-packages/airflow/example_dags/example_branch_day_of_week_operator.py for tasks to queue
[2024-07-03T14:37:33.587+0000] {logging_mixin.py:120} INFO - [2024-07-03T14:37:33.587+0000] {dagbag.py:537} INFO - Filling up the DagBag from /home/airflow/.local/lib/python3.7/site-packages/airflow/example_dags/example_branch_day_of_week_operator.py
[2024-07-03T14:37:33.601+0000] {processor.py:766} INFO - DAG(s) dict_keys(['example_weekday_branch_operator']) retrieved from /home/airflow/.local/lib/python3.7/site-packages/airflow/example_dags/example_branch_day_of_week_operator.py
[2024-07-03T14:37:33.634+0000] {logging_mixin.py:120} INFO - [2024-07-03T14:37:33.634+0000] {dag.py:2585} INFO - Sync 1 DAGs
[2024-07-03T14:37:33.658+0000] {logging_mixin.py:120} INFO - [2024-07-03T14:37:33.657+0000] {dag.py:3340} INFO - Setting next_dagrun for example_weekday_branch_operator to 2024-07-02T00:00:00+00:00, run_after=2024-07-03T00:00:00+00:00
[2024-07-03T14:37:33.673+0000] {processor.py:176} INFO - Processing /home/airflow/.local/lib/python3.7/site-packages/airflow/example_dags/example_branch_day_of_week_operator.py took 0.091 seconds
[2024-07-03T14:38:04.104+0000] {processor.py:154} INFO - Started process (PID=681) to work on /home/airflow/.local/lib/python3.7/site-packages/airflow/example_dags/example_branch_day_of_week_operator.py
[2024-07-03T14:38:04.105+0000] {processor.py:756} INFO - Processing file /home/airflow/.local/lib/python3.7/site-packages/airflow/example_dags/example_branch_day_of_week_operator.py for tasks to queue
[2024-07-03T14:38:04.106+0000] {logging_mixin.py:120} INFO - [2024-07-03T14:38:04.105+0000] {dagbag.py:537} INFO - Filling up the DagBag from /home/airflow/.local/lib/python3.7/site-packages/airflow/example_dags/example_branch_day_of_week_operator.py
[2024-07-03T14:38:04.119+0000] {processor.py:766} INFO - DAG(s) dict_keys(['example_weekday_branch_operator']) retrieved from /home/airflow/.local/lib/python3.7/site-packages/airflow/example_dags/example_branch_day_of_week_operator.py
[2024-07-03T14:38:04.153+0000] {logging_mixin.py:120} INFO - [2024-07-03T14:38:04.152+0000] {dag.py:2585} INFO - Sync 1 DAGs
[2024-07-03T14:38:04.174+0000] {logging_mixin.py:120} INFO - [2024-07-03T14:38:04.174+0000] {dag.py:3340} INFO - Setting next_dagrun for example_weekday_branch_operator to 2024-07-02T00:00:00+00:00, run_after=2024-07-03T00:00:00+00:00
[2024-07-03T14:38:04.189+0000] {processor.py:176} INFO - Processing /home/airflow/.local/lib/python3.7/site-packages/airflow/example_dags/example_branch_day_of_week_operator.py took 0.088 seconds
[2024-07-03T14:38:34.667+0000] {processor.py:154} INFO - Started process (PID=740) to work on /home/airflow/.local/lib/python3.7/site-packages/airflow/example_dags/example_branch_day_of_week_operator.py
[2024-07-03T14:38:34.668+0000] {processor.py:756} INFO - Processing file /home/airflow/.local/lib/python3.7/site-packages/airflow/example_dags/example_branch_day_of_week_operator.py for tasks to queue
[2024-07-03T14:38:34.669+0000] {logging_mixin.py:120} INFO - [2024-07-03T14:38:34.669+0000] {dagbag.py:537} INFO - Filling up the DagBag from /home/airflow/.local/lib/python3.7/site-packages/airflow/example_dags/example_branch_day_of_week_operator.py
[2024-07-03T14:38:34.681+0000] {processor.py:766} INFO - DAG(s) dict_keys(['example_weekday_branch_operator']) retrieved from /home/airflow/.local/lib/python3.7/site-packages/airflow/example_dags/example_branch_day_of_week_operator.py
[2024-07-03T14:38:34.715+0000] {logging_mixin.py:120} INFO - [2024-07-03T14:38:34.715+0000] {dag.py:2585} INFO - Sync 1 DAGs
[2024-07-03T14:38:34.737+0000] {logging_mixin.py:120} INFO - [2024-07-03T14:38:34.736+0000] {dag.py:3340} INFO - Setting next_dagrun for example_weekday_branch_operator to 2024-07-02T00:00:00+00:00, run_after=2024-07-03T00:00:00+00:00
[2024-07-03T14:38:34.751+0000] {processor.py:176} INFO - Processing /home/airflow/.local/lib/python3.7/site-packages/airflow/example_dags/example_branch_day_of_week_operator.py took 0.088 seconds
[2024-07-03T14:39:05.198+0000] {processor.py:154} INFO - Started process (PID=808) to work on /home/airflow/.local/lib/python3.7/site-packages/airflow/example_dags/example_branch_day_of_week_operator.py
[2024-07-03T14:39:05.199+0000] {processor.py:756} INFO - Processing file /home/airflow/.local/lib/python3.7/site-packages/airflow/example_dags/example_branch_day_of_week_operator.py for tasks to queue
[2024-07-03T14:39:05.199+0000] {logging_mixin.py:120} INFO - [2024-07-03T14:39:05.199+0000] {dagbag.py:537} INFO - Filling up the DagBag from /home/airflow/.local/lib/python3.7/site-packages/airflow/example_dags/example_branch_day_of_week_operator.py
[2024-07-03T14:39:05.213+0000] {processor.py:766} INFO - DAG(s) dict_keys(['example_weekday_branch_operator']) retrieved from /home/airflow/.local/lib/python3.7/site-packages/airflow/example_dags/example_branch_day_of_week_operator.py
[2024-07-03T14:39:05.247+0000] {logging_mixin.py:120} INFO - [2024-07-03T14:39:05.246+0000] {dag.py:2585} INFO - Sync 1 DAGs
[2024-07-03T14:39:05.269+0000] {logging_mixin.py:120} INFO - [2024-07-03T14:39:05.269+0000] {dag.py:3340} INFO - Setting next_dagrun for example_weekday_branch_operator to 2024-07-02T00:00:00+00:00, run_after=2024-07-03T00:00:00+00:00
[2024-07-03T14:39:05.285+0000] {processor.py:176} INFO - Processing /home/airflow/.local/lib/python3.7/site-packages/airflow/example_dags/example_branch_day_of_week_operator.py took 0.090 seconds
[2024-07-03T14:39:35.772+0000] {processor.py:154} INFO - Started process (PID=876) to work on /home/airflow/.local/lib/python3.7/site-packages/airflow/example_dags/example_branch_day_of_week_operator.py
[2024-07-03T14:39:35.773+0000] {processor.py:756} INFO - Processing file /home/airflow/.local/lib/python3.7/site-packages/airflow/example_dags/example_branch_day_of_week_operator.py for tasks to queue
[2024-07-03T14:39:35.774+0000] {logging_mixin.py:120} INFO - [2024-07-03T14:39:35.774+0000] {dagbag.py:537} INFO - Filling up the DagBag from /home/airflow/.local/lib/python3.7/site-packages/airflow/example_dags/example_branch_day_of_week_operator.py
[2024-07-03T14:39:35.787+0000] {processor.py:766} INFO - DAG(s) dict_keys(['example_weekday_branch_operator']) retrieved from /home/airflow/.local/lib/python3.7/site-packages/airflow/example_dags/example_branch_day_of_week_operator.py
[2024-07-03T14:39:35.820+0000] {logging_mixin.py:120} INFO - [2024-07-03T14:39:35.820+0000] {dag.py:2585} INFO - Sync 1 DAGs
[2024-07-03T14:39:35.843+0000] {logging_mixin.py:120} INFO - [2024-07-03T14:39:35.843+0000] {dag.py:3340} INFO - Setting next_dagrun for example_weekday_branch_operator to 2024-07-02T00:00:00+00:00, run_after=2024-07-03T00:00:00+00:00
[2024-07-03T14:39:35.858+0000] {processor.py:176} INFO - Processing /home/airflow/.local/lib/python3.7/site-packages/airflow/example_dags/example_branch_day_of_week_operator.py took 0.089 seconds
[2024-07-03T14:40:06.586+0000] {processor.py:154} INFO - Started process (PID=944) to work on /home/airflow/.local/lib/python3.7/site-packages/airflow/example_dags/example_branch_day_of_week_operator.py
[2024-07-03T14:40:06.587+0000] {processor.py:756} INFO - Processing file /home/airflow/.local/lib/python3.7/site-packages/airflow/example_dags/example_branch_day_of_week_operator.py for tasks to queue
[2024-07-03T14:40:06.588+0000] {logging_mixin.py:120} INFO - [2024-07-03T14:40:06.587+0000] {dagbag.py:537} INFO - Filling up the DagBag from /home/airflow/.local/lib/python3.7/site-packages/airflow/example_dags/example_branch_day_of_week_operator.py
[2024-07-03T14:40:06.601+0000] {processor.py:766} INFO - DAG(s) dict_keys(['example_weekday_branch_operator']) retrieved from /home/airflow/.local/lib/python3.7/site-packages/airflow/example_dags/example_branch_day_of_week_operator.py
[2024-07-03T14:40:06.638+0000] {logging_mixin.py:120} INFO - [2024-07-03T14:40:06.638+0000] {dag.py:2585} INFO - Sync 1 DAGs
[2024-07-03T14:40:06.663+0000] {logging_mixin.py:120} INFO - [2024-07-03T14:40:06.662+0000] {dag.py:3340} INFO - Setting next_dagrun for example_weekday_branch_operator to 2024-07-02T00:00:00+00:00, run_after=2024-07-03T00:00:00+00:00
[2024-07-03T14:40:06.678+0000] {processor.py:176} INFO - Processing /home/airflow/.local/lib/python3.7/site-packages/airflow/example_dags/example_branch_day_of_week_operator.py took 0.095 seconds
[2024-07-03T14:40:37.366+0000] {processor.py:154} INFO - Started process (PID=1012) to work on /home/airflow/.local/lib/python3.7/site-packages/airflow/example_dags/example_branch_day_of_week_operator.py
[2024-07-03T14:40:37.366+0000] {processor.py:756} INFO - Processing file /home/airflow/.local/lib/python3.7/site-packages/airflow/example_dags/example_branch_day_of_week_operator.py for tasks to queue
[2024-07-03T14:40:37.367+0000] {logging_mixin.py:120} INFO - [2024-07-03T14:40:37.367+0000] {dagbag.py:537} INFO - Filling up the DagBag from /home/airflow/.local/lib/python3.7/site-packages/airflow/example_dags/example_branch_day_of_week_operator.py
[2024-07-03T14:40:37.381+0000] {processor.py:766} INFO - DAG(s) dict_keys(['example_weekday_branch_operator']) retrieved from /home/airflow/.local/lib/python3.7/site-packages/airflow/example_dags/example_branch_day_of_week_operator.py
[2024-07-03T14:40:37.417+0000] {logging_mixin.py:120} INFO - [2024-07-03T14:40:37.417+0000] {dag.py:2585} INFO - Sync 1 DAGs
[2024-07-03T14:40:37.441+0000] {logging_mixin.py:120} INFO - [2024-07-03T14:40:37.441+0000] {dag.py:3340} INFO - Setting next_dagrun for example_weekday_branch_operator to 2024-07-02T00:00:00+00:00, run_after=2024-07-03T00:00:00+00:00
[2024-07-03T14:40:37.460+0000] {processor.py:176} INFO - Processing /home/airflow/.local/lib/python3.7/site-packages/airflow/example_dags/example_branch_day_of_week_operator.py took 0.098 seconds
