[2024-07-03T14:33:24.607+0000] {processor.py:154} INFO - Started process (PID=48) to work on /home/airflow/.local/lib/python3.7/site-packages/airflow/example_dags/example_sla_dag.py
[2024-07-03T14:33:24.609+0000] {processor.py:756} INFO - Processing file /home/airflow/.local/lib/python3.7/site-packages/airflow/example_dags/example_sla_dag.py for tasks to queue
[2024-07-03T14:33:24.610+0000] {logging_mixin.py:120} INFO - [2024-07-03T14:33:24.610+0000] {dagbag.py:537} INFO - Filling up the DagBag from /home/airflow/.local/lib/python3.7/site-packages/airflow/example_dags/example_sla_dag.py
[2024-07-03T14:33:24.648+0000] {processor.py:766} INFO - DAG(s) dict_keys(['example_sla_dag']) retrieved from /home/airflow/.local/lib/python3.7/site-packages/airflow/example_dags/example_sla_dag.py
[2024-07-03T14:33:24.708+0000] {logging_mixin.py:120} INFO - [2024-07-03T14:33:24.708+0000] {dag.py:2585} INFO - Sync 1 DAGs
[2024-07-03T14:33:24.750+0000] {logging_mixin.py:120} INFO - [2024-07-03T14:33:24.750+0000] {dag.py:3340} INFO - Setting next_dagrun for example_sla_dag to 2024-07-03T14:30:00+00:00, run_after=2024-07-03T14:32:00+00:00
[2024-07-03T14:33:24.780+0000] {processor.py:176} INFO - Processing /home/airflow/.local/lib/python3.7/site-packages/airflow/example_dags/example_sla_dag.py took 0.180 seconds
[2024-07-03T14:33:55.475+0000] {processor.py:154} INFO - Started process (PID=116) to work on /home/airflow/.local/lib/python3.7/site-packages/airflow/example_dags/example_sla_dag.py
[2024-07-03T14:33:55.476+0000] {processor.py:756} INFO - Processing file /home/airflow/.local/lib/python3.7/site-packages/airflow/example_dags/example_sla_dag.py for tasks to queue
[2024-07-03T14:33:55.477+0000] {logging_mixin.py:120} INFO - [2024-07-03T14:33:55.476+0000] {dagbag.py:537} INFO - Filling up the DagBag from /home/airflow/.local/lib/python3.7/site-packages/airflow/example_dags/example_sla_dag.py
[2024-07-03T14:33:55.497+0000] {processor.py:766} INFO - DAG(s) dict_keys(['example_sla_dag']) retrieved from /home/airflow/.local/lib/python3.7/site-packages/airflow/example_dags/example_sla_dag.py
[2024-07-03T14:33:55.530+0000] {logging_mixin.py:120} INFO - [2024-07-03T14:33:55.530+0000] {dag.py:2585} INFO - Sync 1 DAGs
[2024-07-03T14:33:55.553+0000] {logging_mixin.py:120} INFO - [2024-07-03T14:33:55.553+0000] {dag.py:3340} INFO - Setting next_dagrun for example_sla_dag to 2024-07-03T14:30:00+00:00, run_after=2024-07-03T14:32:00+00:00
[2024-07-03T14:33:55.567+0000] {processor.py:176} INFO - Processing /home/airflow/.local/lib/python3.7/site-packages/airflow/example_dags/example_sla_dag.py took 0.095 seconds
[2024-07-03T14:34:26.160+0000] {processor.py:154} INFO - Started process (PID=185) to work on /home/airflow/.local/lib/python3.7/site-packages/airflow/example_dags/example_sla_dag.py
[2024-07-03T14:34:26.161+0000] {processor.py:756} INFO - Processing file /home/airflow/.local/lib/python3.7/site-packages/airflow/example_dags/example_sla_dag.py for tasks to queue
[2024-07-03T14:34:26.162+0000] {logging_mixin.py:120} INFO - [2024-07-03T14:34:26.162+0000] {dagbag.py:537} INFO - Filling up the DagBag from /home/airflow/.local/lib/python3.7/site-packages/airflow/example_dags/example_sla_dag.py
[2024-07-03T14:34:26.182+0000] {processor.py:766} INFO - DAG(s) dict_keys(['example_sla_dag']) retrieved from /home/airflow/.local/lib/python3.7/site-packages/airflow/example_dags/example_sla_dag.py
[2024-07-03T14:34:26.216+0000] {logging_mixin.py:120} INFO - [2024-07-03T14:34:26.216+0000] {dag.py:2585} INFO - Sync 1 DAGs
[2024-07-03T14:34:26.239+0000] {logging_mixin.py:120} INFO - [2024-07-03T14:34:26.238+0000] {dag.py:3340} INFO - Setting next_dagrun for example_sla_dag to 2024-07-03T14:32:00+00:00, run_after=2024-07-03T14:34:00+00:00
[2024-07-03T14:34:26.253+0000] {processor.py:176} INFO - Processing /home/airflow/.local/lib/python3.7/site-packages/airflow/example_dags/example_sla_dag.py took 0.096 seconds
[2024-07-03T14:34:56.818+0000] {processor.py:154} INFO - Started process (PID=253) to work on /home/airflow/.local/lib/python3.7/site-packages/airflow/example_dags/example_sla_dag.py
[2024-07-03T14:34:56.819+0000] {processor.py:756} INFO - Processing file /home/airflow/.local/lib/python3.7/site-packages/airflow/example_dags/example_sla_dag.py for tasks to queue
[2024-07-03T14:34:56.820+0000] {logging_mixin.py:120} INFO - [2024-07-03T14:34:56.820+0000] {dagbag.py:537} INFO - Filling up the DagBag from /home/airflow/.local/lib/python3.7/site-packages/airflow/example_dags/example_sla_dag.py
[2024-07-03T14:34:56.839+0000] {processor.py:766} INFO - DAG(s) dict_keys(['example_sla_dag']) retrieved from /home/airflow/.local/lib/python3.7/site-packages/airflow/example_dags/example_sla_dag.py
[2024-07-03T14:34:56.872+0000] {logging_mixin.py:120} INFO - [2024-07-03T14:34:56.872+0000] {dag.py:2585} INFO - Sync 1 DAGs
[2024-07-03T14:34:56.895+0000] {logging_mixin.py:120} INFO - [2024-07-03T14:34:56.895+0000] {dag.py:3340} INFO - Setting next_dagrun for example_sla_dag to 2024-07-03T14:32:00+00:00, run_after=2024-07-03T14:34:00+00:00
[2024-07-03T14:34:56.910+0000] {processor.py:176} INFO - Processing /home/airflow/.local/lib/python3.7/site-packages/airflow/example_dags/example_sla_dag.py took 0.095 seconds
[2024-07-03T14:35:27.277+0000] {processor.py:154} INFO - Started process (PID=312) to work on /home/airflow/.local/lib/python3.7/site-packages/airflow/example_dags/example_sla_dag.py
[2024-07-03T14:35:27.278+0000] {processor.py:756} INFO - Processing file /home/airflow/.local/lib/python3.7/site-packages/airflow/example_dags/example_sla_dag.py for tasks to queue
[2024-07-03T14:35:27.279+0000] {logging_mixin.py:120} INFO - [2024-07-03T14:35:27.279+0000] {dagbag.py:537} INFO - Filling up the DagBag from /home/airflow/.local/lib/python3.7/site-packages/airflow/example_dags/example_sla_dag.py
[2024-07-03T14:35:27.298+0000] {processor.py:766} INFO - DAG(s) dict_keys(['example_sla_dag']) retrieved from /home/airflow/.local/lib/python3.7/site-packages/airflow/example_dags/example_sla_dag.py
[2024-07-03T14:35:27.330+0000] {logging_mixin.py:120} INFO - [2024-07-03T14:35:27.330+0000] {dag.py:2585} INFO - Sync 1 DAGs
[2024-07-03T14:35:27.354+0000] {logging_mixin.py:120} INFO - [2024-07-03T14:35:27.354+0000] {dag.py:3340} INFO - Setting next_dagrun for example_sla_dag to 2024-07-03T14:32:00+00:00, run_after=2024-07-03T14:34:00+00:00
[2024-07-03T14:35:27.368+0000] {processor.py:176} INFO - Processing /home/airflow/.local/lib/python3.7/site-packages/airflow/example_dags/example_sla_dag.py took 0.094 seconds
[2024-07-03T14:35:57.723+0000] {processor.py:154} INFO - Started process (PID=380) to work on /home/airflow/.local/lib/python3.7/site-packages/airflow/example_dags/example_sla_dag.py
[2024-07-03T14:35:57.724+0000] {processor.py:756} INFO - Processing file /home/airflow/.local/lib/python3.7/site-packages/airflow/example_dags/example_sla_dag.py for tasks to queue
[2024-07-03T14:35:57.725+0000] {logging_mixin.py:120} INFO - [2024-07-03T14:35:57.724+0000] {dagbag.py:537} INFO - Filling up the DagBag from /home/airflow/.local/lib/python3.7/site-packages/airflow/example_dags/example_sla_dag.py
[2024-07-03T14:35:57.744+0000] {processor.py:766} INFO - DAG(s) dict_keys(['example_sla_dag']) retrieved from /home/airflow/.local/lib/python3.7/site-packages/airflow/example_dags/example_sla_dag.py
[2024-07-03T14:35:57.777+0000] {logging_mixin.py:120} INFO - [2024-07-03T14:35:57.777+0000] {dag.py:2585} INFO - Sync 1 DAGs
[2024-07-03T14:35:57.800+0000] {logging_mixin.py:120} INFO - [2024-07-03T14:35:57.800+0000] {dag.py:3340} INFO - Setting next_dagrun for example_sla_dag to 2024-07-03T14:32:00+00:00, run_after=2024-07-03T14:34:00+00:00
[2024-07-03T14:35:57.815+0000] {processor.py:176} INFO - Processing /home/airflow/.local/lib/python3.7/site-packages/airflow/example_dags/example_sla_dag.py took 0.095 seconds
[2024-07-03T14:36:28.332+0000] {processor.py:154} INFO - Started process (PID=448) to work on /home/airflow/.local/lib/python3.7/site-packages/airflow/example_dags/example_sla_dag.py
[2024-07-03T14:36:28.334+0000] {processor.py:756} INFO - Processing file /home/airflow/.local/lib/python3.7/site-packages/airflow/example_dags/example_sla_dag.py for tasks to queue
[2024-07-03T14:36:28.335+0000] {logging_mixin.py:120} INFO - [2024-07-03T14:36:28.335+0000] {dagbag.py:537} INFO - Filling up the DagBag from /home/airflow/.local/lib/python3.7/site-packages/airflow/example_dags/example_sla_dag.py
[2024-07-03T14:36:28.356+0000] {processor.py:766} INFO - DAG(s) dict_keys(['example_sla_dag']) retrieved from /home/airflow/.local/lib/python3.7/site-packages/airflow/example_dags/example_sla_dag.py
[2024-07-03T14:36:28.392+0000] {logging_mixin.py:120} INFO - [2024-07-03T14:36:28.392+0000] {dag.py:2585} INFO - Sync 1 DAGs
[2024-07-03T14:36:28.415+0000] {logging_mixin.py:120} INFO - [2024-07-03T14:36:28.414+0000] {dag.py:3340} INFO - Setting next_dagrun for example_sla_dag to 2024-07-03T14:34:00+00:00, run_after=2024-07-03T14:36:00+00:00
[2024-07-03T14:36:28.429+0000] {processor.py:176} INFO - Processing /home/airflow/.local/lib/python3.7/site-packages/airflow/example_dags/example_sla_dag.py took 0.099 seconds
[2024-07-03T14:36:59.331+0000] {processor.py:154} INFO - Started process (PID=516) to work on /home/airflow/.local/lib/python3.7/site-packages/airflow/example_dags/example_sla_dag.py
[2024-07-03T14:36:59.332+0000] {processor.py:756} INFO - Processing file /home/airflow/.local/lib/python3.7/site-packages/airflow/example_dags/example_sla_dag.py for tasks to queue
[2024-07-03T14:36:59.333+0000] {logging_mixin.py:120} INFO - [2024-07-03T14:36:59.333+0000] {dagbag.py:537} INFO - Filling up the DagBag from /home/airflow/.local/lib/python3.7/site-packages/airflow/example_dags/example_sla_dag.py
[2024-07-03T14:36:59.354+0000] {processor.py:766} INFO - DAG(s) dict_keys(['example_sla_dag']) retrieved from /home/airflow/.local/lib/python3.7/site-packages/airflow/example_dags/example_sla_dag.py
[2024-07-03T14:36:59.387+0000] {logging_mixin.py:120} INFO - [2024-07-03T14:36:59.386+0000] {dag.py:2585} INFO - Sync 1 DAGs
[2024-07-03T14:36:59.409+0000] {logging_mixin.py:120} INFO - [2024-07-03T14:36:59.409+0000] {dag.py:3340} INFO - Setting next_dagrun for example_sla_dag to 2024-07-03T14:34:00+00:00, run_after=2024-07-03T14:36:00+00:00
[2024-07-03T14:36:59.424+0000] {processor.py:176} INFO - Processing /home/airflow/.local/lib/python3.7/site-packages/airflow/example_dags/example_sla_dag.py took 0.096 seconds
[2024-07-03T14:37:29.648+0000] {processor.py:154} INFO - Started process (PID=582) to work on /home/airflow/.local/lib/python3.7/site-packages/airflow/example_dags/example_sla_dag.py
[2024-07-03T14:37:29.649+0000] {processor.py:756} INFO - Processing file /home/airflow/.local/lib/python3.7/site-packages/airflow/example_dags/example_sla_dag.py for tasks to queue
[2024-07-03T14:37:29.650+0000] {logging_mixin.py:120} INFO - [2024-07-03T14:37:29.650+0000] {dagbag.py:537} INFO - Filling up the DagBag from /home/airflow/.local/lib/python3.7/site-packages/airflow/example_dags/example_sla_dag.py
[2024-07-03T14:37:29.670+0000] {processor.py:766} INFO - DAG(s) dict_keys(['example_sla_dag']) retrieved from /home/airflow/.local/lib/python3.7/site-packages/airflow/example_dags/example_sla_dag.py
[2024-07-03T14:37:29.703+0000] {logging_mixin.py:120} INFO - [2024-07-03T14:37:29.702+0000] {dag.py:2585} INFO - Sync 1 DAGs
[2024-07-03T14:37:29.728+0000] {logging_mixin.py:120} INFO - [2024-07-03T14:37:29.728+0000] {dag.py:3340} INFO - Setting next_dagrun for example_sla_dag to 2024-07-03T14:34:00+00:00, run_after=2024-07-03T14:36:00+00:00
[2024-07-03T14:37:29.745+0000] {processor.py:176} INFO - Processing /home/airflow/.local/lib/python3.7/site-packages/airflow/example_dags/example_sla_dag.py took 0.100 seconds
[2024-07-03T14:38:00.345+0000] {processor.py:154} INFO - Started process (PID=643) to work on /home/airflow/.local/lib/python3.7/site-packages/airflow/example_dags/example_sla_dag.py
[2024-07-03T14:38:00.346+0000] {processor.py:756} INFO - Processing file /home/airflow/.local/lib/python3.7/site-packages/airflow/example_dags/example_sla_dag.py for tasks to queue
[2024-07-03T14:38:00.347+0000] {logging_mixin.py:120} INFO - [2024-07-03T14:38:00.347+0000] {dagbag.py:537} INFO - Filling up the DagBag from /home/airflow/.local/lib/python3.7/site-packages/airflow/example_dags/example_sla_dag.py
[2024-07-03T14:38:00.366+0000] {processor.py:766} INFO - DAG(s) dict_keys(['example_sla_dag']) retrieved from /home/airflow/.local/lib/python3.7/site-packages/airflow/example_dags/example_sla_dag.py
[2024-07-03T14:38:00.401+0000] {logging_mixin.py:120} INFO - [2024-07-03T14:38:00.401+0000] {dag.py:2585} INFO - Sync 1 DAGs
[2024-07-03T14:38:00.424+0000] {logging_mixin.py:120} INFO - [2024-07-03T14:38:00.424+0000] {dag.py:3340} INFO - Setting next_dagrun for example_sla_dag to 2024-07-03T14:36:00+00:00, run_after=2024-07-03T14:38:00+00:00
[2024-07-03T14:38:00.439+0000] {processor.py:176} INFO - Processing /home/airflow/.local/lib/python3.7/site-packages/airflow/example_dags/example_sla_dag.py took 0.097 seconds
[2024-07-03T14:38:30.820+0000] {processor.py:154} INFO - Started process (PID=711) to work on /home/airflow/.local/lib/python3.7/site-packages/airflow/example_dags/example_sla_dag.py
[2024-07-03T14:38:30.821+0000] {processor.py:756} INFO - Processing file /home/airflow/.local/lib/python3.7/site-packages/airflow/example_dags/example_sla_dag.py for tasks to queue
[2024-07-03T14:38:30.822+0000] {logging_mixin.py:120} INFO - [2024-07-03T14:38:30.822+0000] {dagbag.py:537} INFO - Filling up the DagBag from /home/airflow/.local/lib/python3.7/site-packages/airflow/example_dags/example_sla_dag.py
[2024-07-03T14:38:30.842+0000] {processor.py:766} INFO - DAG(s) dict_keys(['example_sla_dag']) retrieved from /home/airflow/.local/lib/python3.7/site-packages/airflow/example_dags/example_sla_dag.py
[2024-07-03T14:38:30.874+0000] {logging_mixin.py:120} INFO - [2024-07-03T14:38:30.874+0000] {dag.py:2585} INFO - Sync 1 DAGs
[2024-07-03T14:38:30.897+0000] {logging_mixin.py:120} INFO - [2024-07-03T14:38:30.897+0000] {dag.py:3340} INFO - Setting next_dagrun for example_sla_dag to 2024-07-03T14:36:00+00:00, run_after=2024-07-03T14:38:00+00:00
[2024-07-03T14:38:30.912+0000] {processor.py:176} INFO - Processing /home/airflow/.local/lib/python3.7/site-packages/airflow/example_dags/example_sla_dag.py took 0.094 seconds
[2024-07-03T14:39:01.479+0000] {processor.py:154} INFO - Started process (PID=779) to work on /home/airflow/.local/lib/python3.7/site-packages/airflow/example_dags/example_sla_dag.py
[2024-07-03T14:39:01.480+0000] {processor.py:756} INFO - Processing file /home/airflow/.local/lib/python3.7/site-packages/airflow/example_dags/example_sla_dag.py for tasks to queue
[2024-07-03T14:39:01.481+0000] {logging_mixin.py:120} INFO - [2024-07-03T14:39:01.481+0000] {dagbag.py:537} INFO - Filling up the DagBag from /home/airflow/.local/lib/python3.7/site-packages/airflow/example_dags/example_sla_dag.py
[2024-07-03T14:39:01.501+0000] {processor.py:766} INFO - DAG(s) dict_keys(['example_sla_dag']) retrieved from /home/airflow/.local/lib/python3.7/site-packages/airflow/example_dags/example_sla_dag.py
[2024-07-03T14:39:01.534+0000] {logging_mixin.py:120} INFO - [2024-07-03T14:39:01.534+0000] {dag.py:2585} INFO - Sync 1 DAGs
[2024-07-03T14:39:01.559+0000] {logging_mixin.py:120} INFO - [2024-07-03T14:39:01.559+0000] {dag.py:3340} INFO - Setting next_dagrun for example_sla_dag to 2024-07-03T14:36:00+00:00, run_after=2024-07-03T14:38:00+00:00
[2024-07-03T14:39:01.574+0000] {processor.py:176} INFO - Processing /home/airflow/.local/lib/python3.7/site-packages/airflow/example_dags/example_sla_dag.py took 0.098 seconds
[2024-07-03T14:39:32.031+0000] {processor.py:154} INFO - Started process (PID=847) to work on /home/airflow/.local/lib/python3.7/site-packages/airflow/example_dags/example_sla_dag.py
[2024-07-03T14:39:32.032+0000] {processor.py:756} INFO - Processing file /home/airflow/.local/lib/python3.7/site-packages/airflow/example_dags/example_sla_dag.py for tasks to queue
[2024-07-03T14:39:32.033+0000] {logging_mixin.py:120} INFO - [2024-07-03T14:39:32.033+0000] {dagbag.py:537} INFO - Filling up the DagBag from /home/airflow/.local/lib/python3.7/site-packages/airflow/example_dags/example_sla_dag.py
[2024-07-03T14:39:32.053+0000] {processor.py:766} INFO - DAG(s) dict_keys(['example_sla_dag']) retrieved from /home/airflow/.local/lib/python3.7/site-packages/airflow/example_dags/example_sla_dag.py
[2024-07-03T14:39:32.086+0000] {logging_mixin.py:120} INFO - [2024-07-03T14:39:32.086+0000] {dag.py:2585} INFO - Sync 1 DAGs
[2024-07-03T14:39:32.111+0000] {logging_mixin.py:120} INFO - [2024-07-03T14:39:32.111+0000] {dag.py:3340} INFO - Setting next_dagrun for example_sla_dag to 2024-07-03T14:36:00+00:00, run_after=2024-07-03T14:38:00+00:00
[2024-07-03T14:39:32.127+0000] {processor.py:176} INFO - Processing /home/airflow/.local/lib/python3.7/site-packages/airflow/example_dags/example_sla_dag.py took 0.099 seconds
[2024-07-03T14:40:02.488+0000] {processor.py:154} INFO - Started process (PID=906) to work on /home/airflow/.local/lib/python3.7/site-packages/airflow/example_dags/example_sla_dag.py
[2024-07-03T14:40:02.489+0000] {processor.py:756} INFO - Processing file /home/airflow/.local/lib/python3.7/site-packages/airflow/example_dags/example_sla_dag.py for tasks to queue
[2024-07-03T14:40:02.490+0000] {logging_mixin.py:120} INFO - [2024-07-03T14:40:02.490+0000] {dagbag.py:537} INFO - Filling up the DagBag from /home/airflow/.local/lib/python3.7/site-packages/airflow/example_dags/example_sla_dag.py
[2024-07-03T14:40:02.510+0000] {processor.py:766} INFO - DAG(s) dict_keys(['example_sla_dag']) retrieved from /home/airflow/.local/lib/python3.7/site-packages/airflow/example_dags/example_sla_dag.py
[2024-07-03T14:40:02.544+0000] {logging_mixin.py:120} INFO - [2024-07-03T14:40:02.544+0000] {dag.py:2585} INFO - Sync 1 DAGs
[2024-07-03T14:40:02.567+0000] {logging_mixin.py:120} INFO - [2024-07-03T14:40:02.567+0000] {dag.py:3340} INFO - Setting next_dagrun for example_sla_dag to 2024-07-03T14:38:00+00:00, run_after=2024-07-03T14:40:00+00:00
[2024-07-03T14:40:02.582+0000] {processor.py:176} INFO - Processing /home/airflow/.local/lib/python3.7/site-packages/airflow/example_dags/example_sla_dag.py took 0.096 seconds
[2024-07-03T14:40:33.222+0000] {processor.py:154} INFO - Started process (PID=974) to work on /home/airflow/.local/lib/python3.7/site-packages/airflow/example_dags/example_sla_dag.py
[2024-07-03T14:40:33.223+0000] {processor.py:756} INFO - Processing file /home/airflow/.local/lib/python3.7/site-packages/airflow/example_dags/example_sla_dag.py for tasks to queue
[2024-07-03T14:40:33.225+0000] {logging_mixin.py:120} INFO - [2024-07-03T14:40:33.225+0000] {dagbag.py:537} INFO - Filling up the DagBag from /home/airflow/.local/lib/python3.7/site-packages/airflow/example_dags/example_sla_dag.py
[2024-07-03T14:40:33.244+0000] {processor.py:766} INFO - DAG(s) dict_keys(['example_sla_dag']) retrieved from /home/airflow/.local/lib/python3.7/site-packages/airflow/example_dags/example_sla_dag.py
[2024-07-03T14:40:33.277+0000] {logging_mixin.py:120} INFO - [2024-07-03T14:40:33.277+0000] {dag.py:2585} INFO - Sync 1 DAGs
[2024-07-03T14:40:33.300+0000] {logging_mixin.py:120} INFO - [2024-07-03T14:40:33.300+0000] {dag.py:3340} INFO - Setting next_dagrun for example_sla_dag to 2024-07-03T14:38:00+00:00, run_after=2024-07-03T14:40:00+00:00
[2024-07-03T14:40:33.315+0000] {processor.py:176} INFO - Processing /home/airflow/.local/lib/python3.7/site-packages/airflow/example_dags/example_sla_dag.py took 0.096 seconds
