[2024-07-03T14:33:26.286+0000] {processor.py:154} INFO - Started process (PID=70) to work on /home/airflow/.local/lib/python3.7/site-packages/airflow/example_dags/example_branch_datetime_operator.py
[2024-07-03T14:33:26.289+0000] {processor.py:756} INFO - Processing file /home/airflow/.local/lib/python3.7/site-packages/airflow/example_dags/example_branch_datetime_operator.py for tasks to queue
[2024-07-03T14:33:26.291+0000] {logging_mixin.py:120} INFO - [2024-07-03T14:33:26.291+0000] {dagbag.py:537} INFO - Filling up the DagBag from /home/airflow/.local/lib/python3.7/site-packages/airflow/example_dags/example_branch_datetime_operator.py
[2024-07-03T14:33:26.336+0000] {processor.py:766} INFO - DAG(s) dict_keys(['example_branch_datetime_operator_3', 'example_branch_datetime_operator_2', 'example_branch_datetime_operator']) retrieved from /home/airflow/.local/lib/python3.7/site-packages/airflow/example_dags/example_branch_datetime_operator.py
[2024-07-03T14:33:26.495+0000] {logging_mixin.py:120} INFO - [2024-07-03T14:33:26.495+0000] {dag.py:2585} INFO - Sync 3 DAGs
[2024-07-03T14:33:26.564+0000] {logging_mixin.py:120} INFO - [2024-07-03T14:33:26.564+0000] {dag.py:3340} INFO - Setting next_dagrun for example_branch_datetime_operator to 2024-07-02T00:00:00+00:00, run_after=2024-07-03T00:00:00+00:00
[2024-07-03T14:33:26.577+0000] {logging_mixin.py:120} INFO - [2024-07-03T14:33:26.576+0000] {dag.py:3340} INFO - Setting next_dagrun for example_branch_datetime_operator_2 to 2024-07-02T00:00:00+00:00, run_after=2024-07-03T00:00:00+00:00
[2024-07-03T14:33:26.583+0000] {logging_mixin.py:120} INFO - [2024-07-03T14:33:26.583+0000] {dag.py:3340} INFO - Setting next_dagrun for example_branch_datetime_operator_3 to 2024-07-02T00:00:00+00:00, run_after=2024-07-03T00:00:00+00:00
[2024-07-03T14:33:26.615+0000] {processor.py:176} INFO - Processing /home/airflow/.local/lib/python3.7/site-packages/airflow/example_dags/example_branch_datetime_operator.py took 0.339 seconds
[2024-07-03T14:33:57.370+0000] {processor.py:154} INFO - Started process (PID=129) to work on /home/airflow/.local/lib/python3.7/site-packages/airflow/example_dags/example_branch_datetime_operator.py
[2024-07-03T14:33:57.371+0000] {processor.py:756} INFO - Processing file /home/airflow/.local/lib/python3.7/site-packages/airflow/example_dags/example_branch_datetime_operator.py for tasks to queue
[2024-07-03T14:33:57.372+0000] {logging_mixin.py:120} INFO - [2024-07-03T14:33:57.372+0000] {dagbag.py:537} INFO - Filling up the DagBag from /home/airflow/.local/lib/python3.7/site-packages/airflow/example_dags/example_branch_datetime_operator.py
[2024-07-03T14:33:57.386+0000] {processor.py:766} INFO - DAG(s) dict_keys(['example_branch_datetime_operator_2', 'example_branch_datetime_operator_3', 'example_branch_datetime_operator']) retrieved from /home/airflow/.local/lib/python3.7/site-packages/airflow/example_dags/example_branch_datetime_operator.py
[2024-07-03T14:33:57.426+0000] {logging_mixin.py:120} INFO - [2024-07-03T14:33:57.426+0000] {dag.py:2585} INFO - Sync 3 DAGs
[2024-07-03T14:33:57.449+0000] {logging_mixin.py:120} INFO - [2024-07-03T14:33:57.449+0000] {dag.py:3340} INFO - Setting next_dagrun for example_branch_datetime_operator to 2024-07-02T00:00:00+00:00, run_after=2024-07-03T00:00:00+00:00
[2024-07-03T14:33:57.453+0000] {logging_mixin.py:120} INFO - [2024-07-03T14:33:57.453+0000] {dag.py:3340} INFO - Setting next_dagrun for example_branch_datetime_operator_2 to 2024-07-02T00:00:00+00:00, run_after=2024-07-03T00:00:00+00:00
[2024-07-03T14:33:57.455+0000] {logging_mixin.py:120} INFO - [2024-07-03T14:33:57.455+0000] {dag.py:3340} INFO - Setting next_dagrun for example_branch_datetime_operator_3 to 2024-07-02T00:00:00+00:00, run_after=2024-07-03T00:00:00+00:00
[2024-07-03T14:33:57.469+0000] {processor.py:176} INFO - Processing /home/airflow/.local/lib/python3.7/site-packages/airflow/example_dags/example_branch_datetime_operator.py took 0.102 seconds
[2024-07-03T14:34:28.054+0000] {processor.py:154} INFO - Started process (PID=198) to work on /home/airflow/.local/lib/python3.7/site-packages/airflow/example_dags/example_branch_datetime_operator.py
[2024-07-03T14:34:28.055+0000] {processor.py:756} INFO - Processing file /home/airflow/.local/lib/python3.7/site-packages/airflow/example_dags/example_branch_datetime_operator.py for tasks to queue
[2024-07-03T14:34:28.056+0000] {logging_mixin.py:120} INFO - [2024-07-03T14:34:28.056+0000] {dagbag.py:537} INFO - Filling up the DagBag from /home/airflow/.local/lib/python3.7/site-packages/airflow/example_dags/example_branch_datetime_operator.py
[2024-07-03T14:34:28.076+0000] {processor.py:766} INFO - DAG(s) dict_keys(['example_branch_datetime_operator', 'example_branch_datetime_operator_3', 'example_branch_datetime_operator_2']) retrieved from /home/airflow/.local/lib/python3.7/site-packages/airflow/example_dags/example_branch_datetime_operator.py
[2024-07-03T14:34:28.120+0000] {logging_mixin.py:120} INFO - [2024-07-03T14:34:28.120+0000] {dag.py:2585} INFO - Sync 3 DAGs
[2024-07-03T14:34:28.142+0000] {logging_mixin.py:120} INFO - [2024-07-03T14:34:28.142+0000] {dag.py:3340} INFO - Setting next_dagrun for example_branch_datetime_operator to 2024-07-02T00:00:00+00:00, run_after=2024-07-03T00:00:00+00:00
[2024-07-03T14:34:28.146+0000] {logging_mixin.py:120} INFO - [2024-07-03T14:34:28.146+0000] {dag.py:3340} INFO - Setting next_dagrun for example_branch_datetime_operator_2 to 2024-07-02T00:00:00+00:00, run_after=2024-07-03T00:00:00+00:00
[2024-07-03T14:34:28.149+0000] {logging_mixin.py:120} INFO - [2024-07-03T14:34:28.148+0000] {dag.py:3340} INFO - Setting next_dagrun for example_branch_datetime_operator_3 to 2024-07-02T00:00:00+00:00, run_after=2024-07-03T00:00:00+00:00
[2024-07-03T14:34:28.162+0000] {processor.py:176} INFO - Processing /home/airflow/.local/lib/python3.7/site-packages/airflow/example_dags/example_branch_datetime_operator.py took 0.111 seconds
[2024-07-03T14:34:58.639+0000] {processor.py:154} INFO - Started process (PID=266) to work on /home/airflow/.local/lib/python3.7/site-packages/airflow/example_dags/example_branch_datetime_operator.py
[2024-07-03T14:34:58.640+0000] {processor.py:756} INFO - Processing file /home/airflow/.local/lib/python3.7/site-packages/airflow/example_dags/example_branch_datetime_operator.py for tasks to queue
[2024-07-03T14:34:58.641+0000] {logging_mixin.py:120} INFO - [2024-07-03T14:34:58.641+0000] {dagbag.py:537} INFO - Filling up the DagBag from /home/airflow/.local/lib/python3.7/site-packages/airflow/example_dags/example_branch_datetime_operator.py
[2024-07-03T14:34:58.656+0000] {processor.py:766} INFO - DAG(s) dict_keys(['example_branch_datetime_operator', 'example_branch_datetime_operator_2', 'example_branch_datetime_operator_3']) retrieved from /home/airflow/.local/lib/python3.7/site-packages/airflow/example_dags/example_branch_datetime_operator.py
[2024-07-03T14:34:58.697+0000] {logging_mixin.py:120} INFO - [2024-07-03T14:34:58.697+0000] {dag.py:2585} INFO - Sync 3 DAGs
[2024-07-03T14:34:58.722+0000] {logging_mixin.py:120} INFO - [2024-07-03T14:34:58.722+0000] {dag.py:3340} INFO - Setting next_dagrun for example_branch_datetime_operator to 2024-07-02T00:00:00+00:00, run_after=2024-07-03T00:00:00+00:00
[2024-07-03T14:34:58.727+0000] {logging_mixin.py:120} INFO - [2024-07-03T14:34:58.726+0000] {dag.py:3340} INFO - Setting next_dagrun for example_branch_datetime_operator_2 to 2024-07-02T00:00:00+00:00, run_after=2024-07-03T00:00:00+00:00
[2024-07-03T14:34:58.729+0000] {logging_mixin.py:120} INFO - [2024-07-03T14:34:58.729+0000] {dag.py:3340} INFO - Setting next_dagrun for example_branch_datetime_operator_3 to 2024-07-02T00:00:00+00:00, run_after=2024-07-03T00:00:00+00:00
[2024-07-03T14:34:58.747+0000] {processor.py:176} INFO - Processing /home/airflow/.local/lib/python3.7/site-packages/airflow/example_dags/example_branch_datetime_operator.py took 0.111 seconds
[2024-07-03T14:35:29.067+0000] {processor.py:154} INFO - Started process (PID=334) to work on /home/airflow/.local/lib/python3.7/site-packages/airflow/example_dags/example_branch_datetime_operator.py
[2024-07-03T14:35:29.068+0000] {processor.py:756} INFO - Processing file /home/airflow/.local/lib/python3.7/site-packages/airflow/example_dags/example_branch_datetime_operator.py for tasks to queue
[2024-07-03T14:35:29.069+0000] {logging_mixin.py:120} INFO - [2024-07-03T14:35:29.069+0000] {dagbag.py:537} INFO - Filling up the DagBag from /home/airflow/.local/lib/python3.7/site-packages/airflow/example_dags/example_branch_datetime_operator.py
[2024-07-03T14:35:29.084+0000] {processor.py:766} INFO - DAG(s) dict_keys(['example_branch_datetime_operator_2', 'example_branch_datetime_operator_3', 'example_branch_datetime_operator']) retrieved from /home/airflow/.local/lib/python3.7/site-packages/airflow/example_dags/example_branch_datetime_operator.py
[2024-07-03T14:35:29.144+0000] {logging_mixin.py:120} INFO - [2024-07-03T14:35:29.144+0000] {dag.py:2585} INFO - Sync 3 DAGs
[2024-07-03T14:35:29.178+0000] {logging_mixin.py:120} INFO - [2024-07-03T14:35:29.178+0000] {dag.py:3340} INFO - Setting next_dagrun for example_branch_datetime_operator to 2024-07-02T00:00:00+00:00, run_after=2024-07-03T00:00:00+00:00
[2024-07-03T14:35:29.184+0000] {logging_mixin.py:120} INFO - [2024-07-03T14:35:29.184+0000] {dag.py:3340} INFO - Setting next_dagrun for example_branch_datetime_operator_2 to 2024-07-02T00:00:00+00:00, run_after=2024-07-03T00:00:00+00:00
[2024-07-03T14:35:29.186+0000] {logging_mixin.py:120} INFO - [2024-07-03T14:35:29.186+0000] {dag.py:3340} INFO - Setting next_dagrun for example_branch_datetime_operator_3 to 2024-07-02T00:00:00+00:00, run_after=2024-07-03T00:00:00+00:00
[2024-07-03T14:35:29.205+0000] {processor.py:176} INFO - Processing /home/airflow/.local/lib/python3.7/site-packages/airflow/example_dags/example_branch_datetime_operator.py took 0.141 seconds
[2024-07-03T14:35:59.621+0000] {processor.py:154} INFO - Started process (PID=393) to work on /home/airflow/.local/lib/python3.7/site-packages/airflow/example_dags/example_branch_datetime_operator.py
[2024-07-03T14:35:59.625+0000] {processor.py:756} INFO - Processing file /home/airflow/.local/lib/python3.7/site-packages/airflow/example_dags/example_branch_datetime_operator.py for tasks to queue
[2024-07-03T14:35:59.626+0000] {logging_mixin.py:120} INFO - [2024-07-03T14:35:59.626+0000] {dagbag.py:537} INFO - Filling up the DagBag from /home/airflow/.local/lib/python3.7/site-packages/airflow/example_dags/example_branch_datetime_operator.py
[2024-07-03T14:35:59.641+0000] {processor.py:766} INFO - DAG(s) dict_keys(['example_branch_datetime_operator_2', 'example_branch_datetime_operator', 'example_branch_datetime_operator_3']) retrieved from /home/airflow/.local/lib/python3.7/site-packages/airflow/example_dags/example_branch_datetime_operator.py
[2024-07-03T14:35:59.681+0000] {logging_mixin.py:120} INFO - [2024-07-03T14:35:59.681+0000] {dag.py:2585} INFO - Sync 3 DAGs
[2024-07-03T14:35:59.705+0000] {logging_mixin.py:120} INFO - [2024-07-03T14:35:59.705+0000] {dag.py:3340} INFO - Setting next_dagrun for example_branch_datetime_operator to 2024-07-02T00:00:00+00:00, run_after=2024-07-03T00:00:00+00:00
[2024-07-03T14:35:59.709+0000] {logging_mixin.py:120} INFO - [2024-07-03T14:35:59.709+0000] {dag.py:3340} INFO - Setting next_dagrun for example_branch_datetime_operator_2 to 2024-07-02T00:00:00+00:00, run_after=2024-07-03T00:00:00+00:00
[2024-07-03T14:35:59.712+0000] {logging_mixin.py:120} INFO - [2024-07-03T14:35:59.712+0000] {dag.py:3340} INFO - Setting next_dagrun for example_branch_datetime_operator_3 to 2024-07-02T00:00:00+00:00, run_after=2024-07-03T00:00:00+00:00
[2024-07-03T14:35:59.727+0000] {processor.py:176} INFO - Processing /home/airflow/.local/lib/python3.7/site-packages/airflow/example_dags/example_branch_datetime_operator.py took 0.108 seconds
[2024-07-03T14:36:30.549+0000] {processor.py:154} INFO - Started process (PID=461) to work on /home/airflow/.local/lib/python3.7/site-packages/airflow/example_dags/example_branch_datetime_operator.py
[2024-07-03T14:36:30.550+0000] {processor.py:756} INFO - Processing file /home/airflow/.local/lib/python3.7/site-packages/airflow/example_dags/example_branch_datetime_operator.py for tasks to queue
[2024-07-03T14:36:30.551+0000] {logging_mixin.py:120} INFO - [2024-07-03T14:36:30.551+0000] {dagbag.py:537} INFO - Filling up the DagBag from /home/airflow/.local/lib/python3.7/site-packages/airflow/example_dags/example_branch_datetime_operator.py
[2024-07-03T14:36:30.565+0000] {processor.py:766} INFO - DAG(s) dict_keys(['example_branch_datetime_operator_2', 'example_branch_datetime_operator_3', 'example_branch_datetime_operator']) retrieved from /home/airflow/.local/lib/python3.7/site-packages/airflow/example_dags/example_branch_datetime_operator.py
[2024-07-03T14:36:30.606+0000] {logging_mixin.py:120} INFO - [2024-07-03T14:36:30.606+0000] {dag.py:2585} INFO - Sync 3 DAGs
[2024-07-03T14:36:30.628+0000] {logging_mixin.py:120} INFO - [2024-07-03T14:36:30.628+0000] {dag.py:3340} INFO - Setting next_dagrun for example_branch_datetime_operator to 2024-07-02T00:00:00+00:00, run_after=2024-07-03T00:00:00+00:00
[2024-07-03T14:36:30.632+0000] {logging_mixin.py:120} INFO - [2024-07-03T14:36:30.632+0000] {dag.py:3340} INFO - Setting next_dagrun for example_branch_datetime_operator_2 to 2024-07-02T00:00:00+00:00, run_after=2024-07-03T00:00:00+00:00
[2024-07-03T14:36:30.635+0000] {logging_mixin.py:120} INFO - [2024-07-03T14:36:30.634+0000] {dag.py:3340} INFO - Setting next_dagrun for example_branch_datetime_operator_3 to 2024-07-02T00:00:00+00:00, run_after=2024-07-03T00:00:00+00:00
[2024-07-03T14:36:30.651+0000] {processor.py:176} INFO - Processing /home/airflow/.local/lib/python3.7/site-packages/airflow/example_dags/example_branch_datetime_operator.py took 0.105 seconds
[2024-07-03T14:37:01.127+0000] {processor.py:154} INFO - Started process (PID=529) to work on /home/airflow/.local/lib/python3.7/site-packages/airflow/example_dags/example_branch_datetime_operator.py
[2024-07-03T14:37:01.127+0000] {processor.py:756} INFO - Processing file /home/airflow/.local/lib/python3.7/site-packages/airflow/example_dags/example_branch_datetime_operator.py for tasks to queue
[2024-07-03T14:37:01.128+0000] {logging_mixin.py:120} INFO - [2024-07-03T14:37:01.128+0000] {dagbag.py:537} INFO - Filling up the DagBag from /home/airflow/.local/lib/python3.7/site-packages/airflow/example_dags/example_branch_datetime_operator.py
[2024-07-03T14:37:01.142+0000] {processor.py:766} INFO - DAG(s) dict_keys(['example_branch_datetime_operator', 'example_branch_datetime_operator_2', 'example_branch_datetime_operator_3']) retrieved from /home/airflow/.local/lib/python3.7/site-packages/airflow/example_dags/example_branch_datetime_operator.py
[2024-07-03T14:37:01.182+0000] {logging_mixin.py:120} INFO - [2024-07-03T14:37:01.182+0000] {dag.py:2585} INFO - Sync 3 DAGs
[2024-07-03T14:37:01.205+0000] {logging_mixin.py:120} INFO - [2024-07-03T14:37:01.205+0000] {dag.py:3340} INFO - Setting next_dagrun for example_branch_datetime_operator to 2024-07-02T00:00:00+00:00, run_after=2024-07-03T00:00:00+00:00
[2024-07-03T14:37:01.210+0000] {logging_mixin.py:120} INFO - [2024-07-03T14:37:01.210+0000] {dag.py:3340} INFO - Setting next_dagrun for example_branch_datetime_operator_2 to 2024-07-02T00:00:00+00:00, run_after=2024-07-03T00:00:00+00:00
[2024-07-03T14:37:01.212+0000] {logging_mixin.py:120} INFO - [2024-07-03T14:37:01.212+0000] {dag.py:3340} INFO - Setting next_dagrun for example_branch_datetime_operator_3 to 2024-07-02T00:00:00+00:00, run_after=2024-07-03T00:00:00+00:00
[2024-07-03T14:37:01.226+0000] {processor.py:176} INFO - Processing /home/airflow/.local/lib/python3.7/site-packages/airflow/example_dags/example_branch_datetime_operator.py took 0.101 seconds
[2024-07-03T14:37:31.595+0000] {processor.py:154} INFO - Started process (PID=597) to work on /home/airflow/.local/lib/python3.7/site-packages/airflow/example_dags/example_branch_datetime_operator.py
[2024-07-03T14:37:31.596+0000] {processor.py:756} INFO - Processing file /home/airflow/.local/lib/python3.7/site-packages/airflow/example_dags/example_branch_datetime_operator.py for tasks to queue
[2024-07-03T14:37:31.597+0000] {logging_mixin.py:120} INFO - [2024-07-03T14:37:31.597+0000] {dagbag.py:537} INFO - Filling up the DagBag from /home/airflow/.local/lib/python3.7/site-packages/airflow/example_dags/example_branch_datetime_operator.py
[2024-07-03T14:37:31.613+0000] {processor.py:766} INFO - DAG(s) dict_keys(['example_branch_datetime_operator', 'example_branch_datetime_operator_2', 'example_branch_datetime_operator_3']) retrieved from /home/airflow/.local/lib/python3.7/site-packages/airflow/example_dags/example_branch_datetime_operator.py
[2024-07-03T14:37:31.653+0000] {logging_mixin.py:120} INFO - [2024-07-03T14:37:31.653+0000] {dag.py:2585} INFO - Sync 3 DAGs
[2024-07-03T14:37:31.677+0000] {logging_mixin.py:120} INFO - [2024-07-03T14:37:31.677+0000] {dag.py:3340} INFO - Setting next_dagrun for example_branch_datetime_operator to 2024-07-02T00:00:00+00:00, run_after=2024-07-03T00:00:00+00:00
[2024-07-03T14:37:31.682+0000] {logging_mixin.py:120} INFO - [2024-07-03T14:37:31.682+0000] {dag.py:3340} INFO - Setting next_dagrun for example_branch_datetime_operator_2 to 2024-07-02T00:00:00+00:00, run_after=2024-07-03T00:00:00+00:00
[2024-07-03T14:37:31.684+0000] {logging_mixin.py:120} INFO - [2024-07-03T14:37:31.684+0000] {dag.py:3340} INFO - Setting next_dagrun for example_branch_datetime_operator_3 to 2024-07-02T00:00:00+00:00, run_after=2024-07-03T00:00:00+00:00
[2024-07-03T14:37:31.699+0000] {processor.py:176} INFO - Processing /home/airflow/.local/lib/python3.7/site-packages/airflow/example_dags/example_branch_datetime_operator.py took 0.106 seconds
[2024-07-03T14:38:02.156+0000] {processor.py:154} INFO - Started process (PID=663) to work on /home/airflow/.local/lib/python3.7/site-packages/airflow/example_dags/example_branch_datetime_operator.py
[2024-07-03T14:38:02.157+0000] {processor.py:756} INFO - Processing file /home/airflow/.local/lib/python3.7/site-packages/airflow/example_dags/example_branch_datetime_operator.py for tasks to queue
[2024-07-03T14:38:02.158+0000] {logging_mixin.py:120} INFO - [2024-07-03T14:38:02.158+0000] {dagbag.py:537} INFO - Filling up the DagBag from /home/airflow/.local/lib/python3.7/site-packages/airflow/example_dags/example_branch_datetime_operator.py
[2024-07-03T14:38:02.174+0000] {processor.py:766} INFO - DAG(s) dict_keys(['example_branch_datetime_operator_2', 'example_branch_datetime_operator', 'example_branch_datetime_operator_3']) retrieved from /home/airflow/.local/lib/python3.7/site-packages/airflow/example_dags/example_branch_datetime_operator.py
[2024-07-03T14:38:02.215+0000] {logging_mixin.py:120} INFO - [2024-07-03T14:38:02.215+0000] {dag.py:2585} INFO - Sync 3 DAGs
[2024-07-03T14:38:02.239+0000] {logging_mixin.py:120} INFO - [2024-07-03T14:38:02.239+0000] {dag.py:3340} INFO - Setting next_dagrun for example_branch_datetime_operator to 2024-07-02T00:00:00+00:00, run_after=2024-07-03T00:00:00+00:00
[2024-07-03T14:38:02.244+0000] {logging_mixin.py:120} INFO - [2024-07-03T14:38:02.244+0000] {dag.py:3340} INFO - Setting next_dagrun for example_branch_datetime_operator_2 to 2024-07-02T00:00:00+00:00, run_after=2024-07-03T00:00:00+00:00
[2024-07-03T14:38:02.246+0000] {logging_mixin.py:120} INFO - [2024-07-03T14:38:02.246+0000] {dag.py:3340} INFO - Setting next_dagrun for example_branch_datetime_operator_3 to 2024-07-02T00:00:00+00:00, run_after=2024-07-03T00:00:00+00:00
[2024-07-03T14:38:02.262+0000] {processor.py:176} INFO - Processing /home/airflow/.local/lib/python3.7/site-packages/airflow/example_dags/example_branch_datetime_operator.py took 0.109 seconds
[2024-07-03T14:38:32.701+0000] {processor.py:154} INFO - Started process (PID=724) to work on /home/airflow/.local/lib/python3.7/site-packages/airflow/example_dags/example_branch_datetime_operator.py
[2024-07-03T14:38:32.701+0000] {processor.py:756} INFO - Processing file /home/airflow/.local/lib/python3.7/site-packages/airflow/example_dags/example_branch_datetime_operator.py for tasks to queue
[2024-07-03T14:38:32.702+0000] {logging_mixin.py:120} INFO - [2024-07-03T14:38:32.702+0000] {dagbag.py:537} INFO - Filling up the DagBag from /home/airflow/.local/lib/python3.7/site-packages/airflow/example_dags/example_branch_datetime_operator.py
[2024-07-03T14:38:32.719+0000] {processor.py:766} INFO - DAG(s) dict_keys(['example_branch_datetime_operator', 'example_branch_datetime_operator_2', 'example_branch_datetime_operator_3']) retrieved from /home/airflow/.local/lib/python3.7/site-packages/airflow/example_dags/example_branch_datetime_operator.py
[2024-07-03T14:38:32.757+0000] {logging_mixin.py:120} INFO - [2024-07-03T14:38:32.757+0000] {dag.py:2585} INFO - Sync 3 DAGs
[2024-07-03T14:38:32.779+0000] {logging_mixin.py:120} INFO - [2024-07-03T14:38:32.779+0000] {dag.py:3340} INFO - Setting next_dagrun for example_branch_datetime_operator to 2024-07-02T00:00:00+00:00, run_after=2024-07-03T00:00:00+00:00
[2024-07-03T14:38:32.783+0000] {logging_mixin.py:120} INFO - [2024-07-03T14:38:32.783+0000] {dag.py:3340} INFO - Setting next_dagrun for example_branch_datetime_operator_2 to 2024-07-02T00:00:00+00:00, run_after=2024-07-03T00:00:00+00:00
[2024-07-03T14:38:32.785+0000] {logging_mixin.py:120} INFO - [2024-07-03T14:38:32.785+0000] {dag.py:3340} INFO - Setting next_dagrun for example_branch_datetime_operator_3 to 2024-07-02T00:00:00+00:00, run_after=2024-07-03T00:00:00+00:00
[2024-07-03T14:38:32.799+0000] {processor.py:176} INFO - Processing /home/airflow/.local/lib/python3.7/site-packages/airflow/example_dags/example_branch_datetime_operator.py took 0.101 seconds
[2024-07-03T14:39:03.285+0000] {processor.py:154} INFO - Started process (PID=792) to work on /home/airflow/.local/lib/python3.7/site-packages/airflow/example_dags/example_branch_datetime_operator.py
[2024-07-03T14:39:03.286+0000] {processor.py:756} INFO - Processing file /home/airflow/.local/lib/python3.7/site-packages/airflow/example_dags/example_branch_datetime_operator.py for tasks to queue
[2024-07-03T14:39:03.286+0000] {logging_mixin.py:120} INFO - [2024-07-03T14:39:03.286+0000] {dagbag.py:537} INFO - Filling up the DagBag from /home/airflow/.local/lib/python3.7/site-packages/airflow/example_dags/example_branch_datetime_operator.py
[2024-07-03T14:39:03.302+0000] {processor.py:766} INFO - DAG(s) dict_keys(['example_branch_datetime_operator_3', 'example_branch_datetime_operator_2', 'example_branch_datetime_operator']) retrieved from /home/airflow/.local/lib/python3.7/site-packages/airflow/example_dags/example_branch_datetime_operator.py
[2024-07-03T14:39:03.340+0000] {logging_mixin.py:120} INFO - [2024-07-03T14:39:03.340+0000] {dag.py:2585} INFO - Sync 3 DAGs
[2024-07-03T14:39:03.362+0000] {logging_mixin.py:120} INFO - [2024-07-03T14:39:03.362+0000] {dag.py:3340} INFO - Setting next_dagrun for example_branch_datetime_operator to 2024-07-02T00:00:00+00:00, run_after=2024-07-03T00:00:00+00:00
[2024-07-03T14:39:03.366+0000] {logging_mixin.py:120} INFO - [2024-07-03T14:39:03.366+0000] {dag.py:3340} INFO - Setting next_dagrun for example_branch_datetime_operator_2 to 2024-07-02T00:00:00+00:00, run_after=2024-07-03T00:00:00+00:00
[2024-07-03T14:39:03.368+0000] {logging_mixin.py:120} INFO - [2024-07-03T14:39:03.368+0000] {dag.py:3340} INFO - Setting next_dagrun for example_branch_datetime_operator_3 to 2024-07-02T00:00:00+00:00, run_after=2024-07-03T00:00:00+00:00
[2024-07-03T14:39:03.383+0000] {processor.py:176} INFO - Processing /home/airflow/.local/lib/python3.7/site-packages/airflow/example_dags/example_branch_datetime_operator.py took 0.101 seconds
[2024-07-03T14:39:33.836+0000] {processor.py:154} INFO - Started process (PID=860) to work on /home/airflow/.local/lib/python3.7/site-packages/airflow/example_dags/example_branch_datetime_operator.py
[2024-07-03T14:39:33.837+0000] {processor.py:756} INFO - Processing file /home/airflow/.local/lib/python3.7/site-packages/airflow/example_dags/example_branch_datetime_operator.py for tasks to queue
[2024-07-03T14:39:33.837+0000] {logging_mixin.py:120} INFO - [2024-07-03T14:39:33.837+0000] {dagbag.py:537} INFO - Filling up the DagBag from /home/airflow/.local/lib/python3.7/site-packages/airflow/example_dags/example_branch_datetime_operator.py
[2024-07-03T14:39:33.853+0000] {processor.py:766} INFO - DAG(s) dict_keys(['example_branch_datetime_operator', 'example_branch_datetime_operator_2', 'example_branch_datetime_operator_3']) retrieved from /home/airflow/.local/lib/python3.7/site-packages/airflow/example_dags/example_branch_datetime_operator.py
[2024-07-03T14:39:33.895+0000] {logging_mixin.py:120} INFO - [2024-07-03T14:39:33.895+0000] {dag.py:2585} INFO - Sync 3 DAGs
[2024-07-03T14:39:33.920+0000] {logging_mixin.py:120} INFO - [2024-07-03T14:39:33.920+0000] {dag.py:3340} INFO - Setting next_dagrun for example_branch_datetime_operator to 2024-07-02T00:00:00+00:00, run_after=2024-07-03T00:00:00+00:00
[2024-07-03T14:39:33.924+0000] {logging_mixin.py:120} INFO - [2024-07-03T14:39:33.924+0000] {dag.py:3340} INFO - Setting next_dagrun for example_branch_datetime_operator_2 to 2024-07-02T00:00:00+00:00, run_after=2024-07-03T00:00:00+00:00
[2024-07-03T14:39:33.926+0000] {logging_mixin.py:120} INFO - [2024-07-03T14:39:33.926+0000] {dag.py:3340} INFO - Setting next_dagrun for example_branch_datetime_operator_3 to 2024-07-02T00:00:00+00:00, run_after=2024-07-03T00:00:00+00:00
[2024-07-03T14:39:33.939+0000] {processor.py:176} INFO - Processing /home/airflow/.local/lib/python3.7/site-packages/airflow/example_dags/example_branch_datetime_operator.py took 0.106 seconds
[2024-07-03T14:40:04.436+0000] {processor.py:154} INFO - Started process (PID=928) to work on /home/airflow/.local/lib/python3.7/site-packages/airflow/example_dags/example_branch_datetime_operator.py
[2024-07-03T14:40:04.437+0000] {processor.py:756} INFO - Processing file /home/airflow/.local/lib/python3.7/site-packages/airflow/example_dags/example_branch_datetime_operator.py for tasks to queue
[2024-07-03T14:40:04.438+0000] {logging_mixin.py:120} INFO - [2024-07-03T14:40:04.438+0000] {dagbag.py:537} INFO - Filling up the DagBag from /home/airflow/.local/lib/python3.7/site-packages/airflow/example_dags/example_branch_datetime_operator.py
[2024-07-03T14:40:04.453+0000] {processor.py:766} INFO - DAG(s) dict_keys(['example_branch_datetime_operator_3', 'example_branch_datetime_operator_2', 'example_branch_datetime_operator']) retrieved from /home/airflow/.local/lib/python3.7/site-packages/airflow/example_dags/example_branch_datetime_operator.py
[2024-07-03T14:40:04.495+0000] {logging_mixin.py:120} INFO - [2024-07-03T14:40:04.494+0000] {dag.py:2585} INFO - Sync 3 DAGs
[2024-07-03T14:40:04.521+0000] {logging_mixin.py:120} INFO - [2024-07-03T14:40:04.520+0000] {dag.py:3340} INFO - Setting next_dagrun for example_branch_datetime_operator to 2024-07-02T00:00:00+00:00, run_after=2024-07-03T00:00:00+00:00
[2024-07-03T14:40:04.525+0000] {logging_mixin.py:120} INFO - [2024-07-03T14:40:04.525+0000] {dag.py:3340} INFO - Setting next_dagrun for example_branch_datetime_operator_2 to 2024-07-02T00:00:00+00:00, run_after=2024-07-03T00:00:00+00:00
[2024-07-03T14:40:04.528+0000] {logging_mixin.py:120} INFO - [2024-07-03T14:40:04.528+0000] {dag.py:3340} INFO - Setting next_dagrun for example_branch_datetime_operator_3 to 2024-07-02T00:00:00+00:00, run_after=2024-07-03T00:00:00+00:00
[2024-07-03T14:40:04.544+0000] {processor.py:176} INFO - Processing /home/airflow/.local/lib/python3.7/site-packages/airflow/example_dags/example_branch_datetime_operator.py took 0.111 seconds
[2024-07-03T14:40:35.157+0000] {processor.py:154} INFO - Started process (PID=987) to work on /home/airflow/.local/lib/python3.7/site-packages/airflow/example_dags/example_branch_datetime_operator.py
[2024-07-03T14:40:35.158+0000] {processor.py:756} INFO - Processing file /home/airflow/.local/lib/python3.7/site-packages/airflow/example_dags/example_branch_datetime_operator.py for tasks to queue
[2024-07-03T14:40:35.159+0000] {logging_mixin.py:120} INFO - [2024-07-03T14:40:35.159+0000] {dagbag.py:537} INFO - Filling up the DagBag from /home/airflow/.local/lib/python3.7/site-packages/airflow/example_dags/example_branch_datetime_operator.py
[2024-07-03T14:40:35.174+0000] {processor.py:766} INFO - DAG(s) dict_keys(['example_branch_datetime_operator_3', 'example_branch_datetime_operator', 'example_branch_datetime_operator_2']) retrieved from /home/airflow/.local/lib/python3.7/site-packages/airflow/example_dags/example_branch_datetime_operator.py
[2024-07-03T14:40:35.217+0000] {logging_mixin.py:120} INFO - [2024-07-03T14:40:35.217+0000] {dag.py:2585} INFO - Sync 3 DAGs
[2024-07-03T14:40:35.241+0000] {logging_mixin.py:120} INFO - [2024-07-03T14:40:35.241+0000] {dag.py:3340} INFO - Setting next_dagrun for example_branch_datetime_operator to 2024-07-02T00:00:00+00:00, run_after=2024-07-03T00:00:00+00:00
[2024-07-03T14:40:35.246+0000] {logging_mixin.py:120} INFO - [2024-07-03T14:40:35.246+0000] {dag.py:3340} INFO - Setting next_dagrun for example_branch_datetime_operator_2 to 2024-07-02T00:00:00+00:00, run_after=2024-07-03T00:00:00+00:00
[2024-07-03T14:40:35.264+0000] {logging_mixin.py:120} INFO - [2024-07-03T14:40:35.264+0000] {dag.py:3340} INFO - Setting next_dagrun for example_branch_datetime_operator_3 to 2024-07-02T00:00:00+00:00, run_after=2024-07-03T00:00:00+00:00
[2024-07-03T14:40:35.283+0000] {processor.py:176} INFO - Processing /home/airflow/.local/lib/python3.7/site-packages/airflow/example_dags/example_branch_datetime_operator.py took 0.130 seconds
