[2024-07-03T14:33:25.249+0000] {processor.py:154} INFO - Started process (PID=52) to work on /home/airflow/.local/lib/python3.7/site-packages/airflow/example_dags/example_short_circuit_decorator.py
[2024-07-03T14:33:25.250+0000] {processor.py:756} INFO - Processing file /home/airflow/.local/lib/python3.7/site-packages/airflow/example_dags/example_short_circuit_decorator.py for tasks to queue
[2024-07-03T14:33:25.251+0000] {logging_mixin.py:120} INFO - [2024-07-03T14:33:25.251+0000] {dagbag.py:537} INFO - Filling up the DagBag from /home/airflow/.local/lib/python3.7/site-packages/airflow/example_dags/example_short_circuit_decorator.py
[2024-07-03T14:33:25.278+0000] {processor.py:766} INFO - DAG(s) dict_keys(['example_short_circuit_decorator']) retrieved from /home/airflow/.local/lib/python3.7/site-packages/airflow/example_dags/example_short_circuit_decorator.py
[2024-07-03T14:33:25.335+0000] {logging_mixin.py:120} INFO - [2024-07-03T14:33:25.335+0000] {dag.py:2585} INFO - Sync 1 DAGs
[2024-07-03T14:33:25.380+0000] {logging_mixin.py:120} INFO - [2024-07-03T14:33:25.380+0000] {dag.py:3340} INFO - Setting next_dagrun for example_short_circuit_decorator to 2024-07-02T14:33:25.379955+00:00, run_after=2024-07-03T14:33:25.379955+00:00
[2024-07-03T14:33:25.409+0000] {processor.py:176} INFO - Processing /home/airflow/.local/lib/python3.7/site-packages/airflow/example_dags/example_short_circuit_decorator.py took 0.163 seconds
[2024-07-03T14:33:55.819+0000] {processor.py:154} INFO - Started process (PID=120) to work on /home/airflow/.local/lib/python3.7/site-packages/airflow/example_dags/example_short_circuit_decorator.py
[2024-07-03T14:33:55.820+0000] {processor.py:756} INFO - Processing file /home/airflow/.local/lib/python3.7/site-packages/airflow/example_dags/example_short_circuit_decorator.py for tasks to queue
[2024-07-03T14:33:55.821+0000] {logging_mixin.py:120} INFO - [2024-07-03T14:33:55.821+0000] {dagbag.py:537} INFO - Filling up the DagBag from /home/airflow/.local/lib/python3.7/site-packages/airflow/example_dags/example_short_circuit_decorator.py
[2024-07-03T14:33:55.843+0000] {processor.py:766} INFO - DAG(s) dict_keys(['example_short_circuit_decorator']) retrieved from /home/airflow/.local/lib/python3.7/site-packages/airflow/example_dags/example_short_circuit_decorator.py
[2024-07-03T14:33:55.880+0000] {logging_mixin.py:120} INFO - [2024-07-03T14:33:55.880+0000] {dag.py:2585} INFO - Sync 1 DAGs
[2024-07-03T14:33:55.901+0000] {logging_mixin.py:120} INFO - [2024-07-03T14:33:55.901+0000] {dag.py:3340} INFO - Setting next_dagrun for example_short_circuit_decorator to 2024-07-02T14:33:55.900831+00:00, run_after=2024-07-03T14:33:55.900831+00:00
[2024-07-03T14:33:55.916+0000] {processor.py:176} INFO - Processing /home/airflow/.local/lib/python3.7/site-packages/airflow/example_dags/example_short_circuit_decorator.py took 0.099 seconds
[2024-07-03T14:34:26.505+0000] {processor.py:154} INFO - Started process (PID=189) to work on /home/airflow/.local/lib/python3.7/site-packages/airflow/example_dags/example_short_circuit_decorator.py
[2024-07-03T14:34:26.506+0000] {processor.py:756} INFO - Processing file /home/airflow/.local/lib/python3.7/site-packages/airflow/example_dags/example_short_circuit_decorator.py for tasks to queue
[2024-07-03T14:34:26.507+0000] {logging_mixin.py:120} INFO - [2024-07-03T14:34:26.507+0000] {dagbag.py:537} INFO - Filling up the DagBag from /home/airflow/.local/lib/python3.7/site-packages/airflow/example_dags/example_short_circuit_decorator.py
[2024-07-03T14:34:26.527+0000] {processor.py:766} INFO - DAG(s) dict_keys(['example_short_circuit_decorator']) retrieved from /home/airflow/.local/lib/python3.7/site-packages/airflow/example_dags/example_short_circuit_decorator.py
[2024-07-03T14:34:26.560+0000] {logging_mixin.py:120} INFO - [2024-07-03T14:34:26.560+0000] {dag.py:2585} INFO - Sync 1 DAGs
[2024-07-03T14:34:26.580+0000] {logging_mixin.py:120} INFO - [2024-07-03T14:34:26.580+0000] {dag.py:3340} INFO - Setting next_dagrun for example_short_circuit_decorator to 2024-07-02T14:34:26.580406+00:00, run_after=2024-07-03T14:34:26.580406+00:00
[2024-07-03T14:34:26.595+0000] {processor.py:176} INFO - Processing /home/airflow/.local/lib/python3.7/site-packages/airflow/example_dags/example_short_circuit_decorator.py took 0.092 seconds
[2024-07-03T14:34:57.146+0000] {processor.py:154} INFO - Started process (PID=257) to work on /home/airflow/.local/lib/python3.7/site-packages/airflow/example_dags/example_short_circuit_decorator.py
[2024-07-03T14:34:57.147+0000] {processor.py:756} INFO - Processing file /home/airflow/.local/lib/python3.7/site-packages/airflow/example_dags/example_short_circuit_decorator.py for tasks to queue
[2024-07-03T14:34:57.148+0000] {logging_mixin.py:120} INFO - [2024-07-03T14:34:57.148+0000] {dagbag.py:537} INFO - Filling up the DagBag from /home/airflow/.local/lib/python3.7/site-packages/airflow/example_dags/example_short_circuit_decorator.py
[2024-07-03T14:34:57.169+0000] {processor.py:766} INFO - DAG(s) dict_keys(['example_short_circuit_decorator']) retrieved from /home/airflow/.local/lib/python3.7/site-packages/airflow/example_dags/example_short_circuit_decorator.py
[2024-07-03T14:34:57.203+0000] {logging_mixin.py:120} INFO - [2024-07-03T14:34:57.203+0000] {dag.py:2585} INFO - Sync 1 DAGs
[2024-07-03T14:34:57.224+0000] {logging_mixin.py:120} INFO - [2024-07-03T14:34:57.224+0000] {dag.py:3340} INFO - Setting next_dagrun for example_short_circuit_decorator to 2024-07-02T14:34:57.223955+00:00, run_after=2024-07-03T14:34:57.223955+00:00
[2024-07-03T14:34:57.242+0000] {processor.py:176} INFO - Processing /home/airflow/.local/lib/python3.7/site-packages/airflow/example_dags/example_short_circuit_decorator.py took 0.099 seconds
[2024-07-03T14:35:27.618+0000] {processor.py:154} INFO - Started process (PID=316) to work on /home/airflow/.local/lib/python3.7/site-packages/airflow/example_dags/example_short_circuit_decorator.py
[2024-07-03T14:35:27.619+0000] {processor.py:756} INFO - Processing file /home/airflow/.local/lib/python3.7/site-packages/airflow/example_dags/example_short_circuit_decorator.py for tasks to queue
[2024-07-03T14:35:27.620+0000] {logging_mixin.py:120} INFO - [2024-07-03T14:35:27.619+0000] {dagbag.py:537} INFO - Filling up the DagBag from /home/airflow/.local/lib/python3.7/site-packages/airflow/example_dags/example_short_circuit_decorator.py
[2024-07-03T14:35:27.642+0000] {processor.py:766} INFO - DAG(s) dict_keys(['example_short_circuit_decorator']) retrieved from /home/airflow/.local/lib/python3.7/site-packages/airflow/example_dags/example_short_circuit_decorator.py
[2024-07-03T14:35:27.679+0000] {logging_mixin.py:120} INFO - [2024-07-03T14:35:27.678+0000] {dag.py:2585} INFO - Sync 1 DAGs
[2024-07-03T14:35:27.701+0000] {logging_mixin.py:120} INFO - [2024-07-03T14:35:27.701+0000] {dag.py:3340} INFO - Setting next_dagrun for example_short_circuit_decorator to 2024-07-02T14:35:27.701617+00:00, run_after=2024-07-03T14:35:27.701617+00:00
[2024-07-03T14:35:27.717+0000] {processor.py:176} INFO - Processing /home/airflow/.local/lib/python3.7/site-packages/airflow/example_dags/example_short_circuit_decorator.py took 0.102 seconds
[2024-07-03T14:35:58.066+0000] {processor.py:154} INFO - Started process (PID=384) to work on /home/airflow/.local/lib/python3.7/site-packages/airflow/example_dags/example_short_circuit_decorator.py
[2024-07-03T14:35:58.067+0000] {processor.py:756} INFO - Processing file /home/airflow/.local/lib/python3.7/site-packages/airflow/example_dags/example_short_circuit_decorator.py for tasks to queue
[2024-07-03T14:35:58.068+0000] {logging_mixin.py:120} INFO - [2024-07-03T14:35:58.068+0000] {dagbag.py:537} INFO - Filling up the DagBag from /home/airflow/.local/lib/python3.7/site-packages/airflow/example_dags/example_short_circuit_decorator.py
[2024-07-03T14:35:58.090+0000] {processor.py:766} INFO - DAG(s) dict_keys(['example_short_circuit_decorator']) retrieved from /home/airflow/.local/lib/python3.7/site-packages/airflow/example_dags/example_short_circuit_decorator.py
[2024-07-03T14:35:58.129+0000] {logging_mixin.py:120} INFO - [2024-07-03T14:35:58.129+0000] {dag.py:2585} INFO - Sync 1 DAGs
[2024-07-03T14:35:58.149+0000] {logging_mixin.py:120} INFO - [2024-07-03T14:35:58.149+0000] {dag.py:3340} INFO - Setting next_dagrun for example_short_circuit_decorator to 2024-07-02T14:35:58.148903+00:00, run_after=2024-07-03T14:35:58.148903+00:00
[2024-07-03T14:35:58.163+0000] {processor.py:176} INFO - Processing /home/airflow/.local/lib/python3.7/site-packages/airflow/example_dags/example_short_circuit_decorator.py took 0.100 seconds
[2024-07-03T14:36:28.815+0000] {processor.py:154} INFO - Started process (PID=452) to work on /home/airflow/.local/lib/python3.7/site-packages/airflow/example_dags/example_short_circuit_decorator.py
[2024-07-03T14:36:28.817+0000] {processor.py:756} INFO - Processing file /home/airflow/.local/lib/python3.7/site-packages/airflow/example_dags/example_short_circuit_decorator.py for tasks to queue
[2024-07-03T14:36:28.818+0000] {logging_mixin.py:120} INFO - [2024-07-03T14:36:28.818+0000] {dagbag.py:537} INFO - Filling up the DagBag from /home/airflow/.local/lib/python3.7/site-packages/airflow/example_dags/example_short_circuit_decorator.py
[2024-07-03T14:36:28.851+0000] {processor.py:766} INFO - DAG(s) dict_keys(['example_short_circuit_decorator']) retrieved from /home/airflow/.local/lib/python3.7/site-packages/airflow/example_dags/example_short_circuit_decorator.py
[2024-07-03T14:36:29.014+0000] {logging_mixin.py:120} INFO - [2024-07-03T14:36:29.013+0000] {dag.py:2585} INFO - Sync 1 DAGs
[2024-07-03T14:36:29.051+0000] {logging_mixin.py:120} INFO - [2024-07-03T14:36:29.051+0000] {dag.py:3340} INFO - Setting next_dagrun for example_short_circuit_decorator to 2024-07-02T14:36:29.051316+00:00, run_after=2024-07-03T14:36:29.051316+00:00
[2024-07-03T14:36:29.079+0000] {processor.py:176} INFO - Processing /home/airflow/.local/lib/python3.7/site-packages/airflow/example_dags/example_short_circuit_decorator.py took 0.269 seconds
[2024-07-03T14:36:59.571+0000] {processor.py:154} INFO - Started process (PID=519) to work on /home/airflow/.local/lib/python3.7/site-packages/airflow/example_dags/example_short_circuit_decorator.py
[2024-07-03T14:36:59.572+0000] {processor.py:756} INFO - Processing file /home/airflow/.local/lib/python3.7/site-packages/airflow/example_dags/example_short_circuit_decorator.py for tasks to queue
[2024-07-03T14:36:59.573+0000] {logging_mixin.py:120} INFO - [2024-07-03T14:36:59.573+0000] {dagbag.py:537} INFO - Filling up the DagBag from /home/airflow/.local/lib/python3.7/site-packages/airflow/example_dags/example_short_circuit_decorator.py
[2024-07-03T14:36:59.593+0000] {processor.py:766} INFO - DAG(s) dict_keys(['example_short_circuit_decorator']) retrieved from /home/airflow/.local/lib/python3.7/site-packages/airflow/example_dags/example_short_circuit_decorator.py
[2024-07-03T14:36:59.627+0000] {logging_mixin.py:120} INFO - [2024-07-03T14:36:59.627+0000] {dag.py:2585} INFO - Sync 1 DAGs
[2024-07-03T14:36:59.648+0000] {logging_mixin.py:120} INFO - [2024-07-03T14:36:59.648+0000] {dag.py:3340} INFO - Setting next_dagrun for example_short_circuit_decorator to 2024-07-02T14:36:59.648262+00:00, run_after=2024-07-03T14:36:59.648262+00:00
[2024-07-03T14:36:59.665+0000] {processor.py:176} INFO - Processing /home/airflow/.local/lib/python3.7/site-packages/airflow/example_dags/example_short_circuit_decorator.py took 0.097 seconds
[2024-07-03T14:37:30.109+0000] {processor.py:154} INFO - Started process (PID=588) to work on /home/airflow/.local/lib/python3.7/site-packages/airflow/example_dags/example_short_circuit_decorator.py
[2024-07-03T14:37:30.110+0000] {processor.py:756} INFO - Processing file /home/airflow/.local/lib/python3.7/site-packages/airflow/example_dags/example_short_circuit_decorator.py for tasks to queue
[2024-07-03T14:37:30.111+0000] {logging_mixin.py:120} INFO - [2024-07-03T14:37:30.111+0000] {dagbag.py:537} INFO - Filling up the DagBag from /home/airflow/.local/lib/python3.7/site-packages/airflow/example_dags/example_short_circuit_decorator.py
[2024-07-03T14:37:30.132+0000] {processor.py:766} INFO - DAG(s) dict_keys(['example_short_circuit_decorator']) retrieved from /home/airflow/.local/lib/python3.7/site-packages/airflow/example_dags/example_short_circuit_decorator.py
[2024-07-03T14:37:30.168+0000] {logging_mixin.py:120} INFO - [2024-07-03T14:37:30.167+0000] {dag.py:2585} INFO - Sync 1 DAGs
[2024-07-03T14:37:30.189+0000] {logging_mixin.py:120} INFO - [2024-07-03T14:37:30.189+0000] {dag.py:3340} INFO - Setting next_dagrun for example_short_circuit_decorator to 2024-07-02T14:37:30.188772+00:00, run_after=2024-07-03T14:37:30.188772+00:00
[2024-07-03T14:37:30.204+0000] {processor.py:176} INFO - Processing /home/airflow/.local/lib/python3.7/site-packages/airflow/example_dags/example_short_circuit_decorator.py took 0.097 seconds
[2024-07-03T14:38:00.667+0000] {processor.py:154} INFO - Started process (PID=647) to work on /home/airflow/.local/lib/python3.7/site-packages/airflow/example_dags/example_short_circuit_decorator.py
[2024-07-03T14:38:00.668+0000] {processor.py:756} INFO - Processing file /home/airflow/.local/lib/python3.7/site-packages/airflow/example_dags/example_short_circuit_decorator.py for tasks to queue
[2024-07-03T14:38:00.668+0000] {logging_mixin.py:120} INFO - [2024-07-03T14:38:00.668+0000] {dagbag.py:537} INFO - Filling up the DagBag from /home/airflow/.local/lib/python3.7/site-packages/airflow/example_dags/example_short_circuit_decorator.py
[2024-07-03T14:38:00.690+0000] {processor.py:766} INFO - DAG(s) dict_keys(['example_short_circuit_decorator']) retrieved from /home/airflow/.local/lib/python3.7/site-packages/airflow/example_dags/example_short_circuit_decorator.py
[2024-07-03T14:38:00.737+0000] {logging_mixin.py:120} INFO - [2024-07-03T14:38:00.737+0000] {dag.py:2585} INFO - Sync 1 DAGs
[2024-07-03T14:38:00.758+0000] {logging_mixin.py:120} INFO - [2024-07-03T14:38:00.758+0000] {dag.py:3340} INFO - Setting next_dagrun for example_short_circuit_decorator to 2024-07-02T14:38:00.758144+00:00, run_after=2024-07-03T14:38:00.758144+00:00
[2024-07-03T14:38:00.773+0000] {processor.py:176} INFO - Processing /home/airflow/.local/lib/python3.7/site-packages/airflow/example_dags/example_short_circuit_decorator.py took 0.110 seconds
[2024-07-03T14:38:31.158+0000] {processor.py:154} INFO - Started process (PID=715) to work on /home/airflow/.local/lib/python3.7/site-packages/airflow/example_dags/example_short_circuit_decorator.py
[2024-07-03T14:38:31.159+0000] {processor.py:756} INFO - Processing file /home/airflow/.local/lib/python3.7/site-packages/airflow/example_dags/example_short_circuit_decorator.py for tasks to queue
[2024-07-03T14:38:31.160+0000] {logging_mixin.py:120} INFO - [2024-07-03T14:38:31.160+0000] {dagbag.py:537} INFO - Filling up the DagBag from /home/airflow/.local/lib/python3.7/site-packages/airflow/example_dags/example_short_circuit_decorator.py
[2024-07-03T14:38:31.180+0000] {processor.py:766} INFO - DAG(s) dict_keys(['example_short_circuit_decorator']) retrieved from /home/airflow/.local/lib/python3.7/site-packages/airflow/example_dags/example_short_circuit_decorator.py
[2024-07-03T14:38:31.214+0000] {logging_mixin.py:120} INFO - [2024-07-03T14:38:31.214+0000] {dag.py:2585} INFO - Sync 1 DAGs
[2024-07-03T14:38:31.234+0000] {logging_mixin.py:120} INFO - [2024-07-03T14:38:31.234+0000] {dag.py:3340} INFO - Setting next_dagrun for example_short_circuit_decorator to 2024-07-02T14:38:31.234273+00:00, run_after=2024-07-03T14:38:31.234273+00:00
[2024-07-03T14:38:31.249+0000] {processor.py:176} INFO - Processing /home/airflow/.local/lib/python3.7/site-packages/airflow/example_dags/example_short_circuit_decorator.py took 0.095 seconds
[2024-07-03T14:39:01.798+0000] {processor.py:154} INFO - Started process (PID=783) to work on /home/airflow/.local/lib/python3.7/site-packages/airflow/example_dags/example_short_circuit_decorator.py
[2024-07-03T14:39:01.799+0000] {processor.py:756} INFO - Processing file /home/airflow/.local/lib/python3.7/site-packages/airflow/example_dags/example_short_circuit_decorator.py for tasks to queue
[2024-07-03T14:39:01.800+0000] {logging_mixin.py:120} INFO - [2024-07-03T14:39:01.800+0000] {dagbag.py:537} INFO - Filling up the DagBag from /home/airflow/.local/lib/python3.7/site-packages/airflow/example_dags/example_short_circuit_decorator.py
[2024-07-03T14:39:01.820+0000] {processor.py:766} INFO - DAG(s) dict_keys(['example_short_circuit_decorator']) retrieved from /home/airflow/.local/lib/python3.7/site-packages/airflow/example_dags/example_short_circuit_decorator.py
[2024-07-03T14:39:01.853+0000] {logging_mixin.py:120} INFO - [2024-07-03T14:39:01.852+0000] {dag.py:2585} INFO - Sync 1 DAGs
[2024-07-03T14:39:01.875+0000] {logging_mixin.py:120} INFO - [2024-07-03T14:39:01.874+0000] {dag.py:3340} INFO - Setting next_dagrun for example_short_circuit_decorator to 2024-07-02T14:39:01.874797+00:00, run_after=2024-07-03T14:39:01.874797+00:00
[2024-07-03T14:39:01.890+0000] {processor.py:176} INFO - Processing /home/airflow/.local/lib/python3.7/site-packages/airflow/example_dags/example_short_circuit_decorator.py took 0.095 seconds
[2024-07-03T14:39:32.352+0000] {processor.py:154} INFO - Started process (PID=851) to work on /home/airflow/.local/lib/python3.7/site-packages/airflow/example_dags/example_short_circuit_decorator.py
[2024-07-03T14:39:32.353+0000] {processor.py:756} INFO - Processing file /home/airflow/.local/lib/python3.7/site-packages/airflow/example_dags/example_short_circuit_decorator.py for tasks to queue
[2024-07-03T14:39:32.354+0000] {logging_mixin.py:120} INFO - [2024-07-03T14:39:32.354+0000] {dagbag.py:537} INFO - Filling up the DagBag from /home/airflow/.local/lib/python3.7/site-packages/airflow/example_dags/example_short_circuit_decorator.py
[2024-07-03T14:39:32.375+0000] {processor.py:766} INFO - DAG(s) dict_keys(['example_short_circuit_decorator']) retrieved from /home/airflow/.local/lib/python3.7/site-packages/airflow/example_dags/example_short_circuit_decorator.py
[2024-07-03T14:39:32.408+0000] {logging_mixin.py:120} INFO - [2024-07-03T14:39:32.408+0000] {dag.py:2585} INFO - Sync 1 DAGs
[2024-07-03T14:39:32.430+0000] {logging_mixin.py:120} INFO - [2024-07-03T14:39:32.429+0000] {dag.py:3340} INFO - Setting next_dagrun for example_short_circuit_decorator to 2024-07-02T14:39:32.429693+00:00, run_after=2024-07-03T14:39:32.429693+00:00
[2024-07-03T14:39:32.445+0000] {processor.py:176} INFO - Processing /home/airflow/.local/lib/python3.7/site-packages/airflow/example_dags/example_short_circuit_decorator.py took 0.097 seconds
[2024-07-03T14:40:02.828+0000] {processor.py:154} INFO - Started process (PID=910) to work on /home/airflow/.local/lib/python3.7/site-packages/airflow/example_dags/example_short_circuit_decorator.py
[2024-07-03T14:40:02.829+0000] {processor.py:756} INFO - Processing file /home/airflow/.local/lib/python3.7/site-packages/airflow/example_dags/example_short_circuit_decorator.py for tasks to queue
[2024-07-03T14:40:02.830+0000] {logging_mixin.py:120} INFO - [2024-07-03T14:40:02.830+0000] {dagbag.py:537} INFO - Filling up the DagBag from /home/airflow/.local/lib/python3.7/site-packages/airflow/example_dags/example_short_circuit_decorator.py
[2024-07-03T14:40:02.854+0000] {processor.py:766} INFO - DAG(s) dict_keys(['example_short_circuit_decorator']) retrieved from /home/airflow/.local/lib/python3.7/site-packages/airflow/example_dags/example_short_circuit_decorator.py
[2024-07-03T14:40:02.898+0000] {logging_mixin.py:120} INFO - [2024-07-03T14:40:02.898+0000] {dag.py:2585} INFO - Sync 1 DAGs
[2024-07-03T14:40:02.919+0000] {logging_mixin.py:120} INFO - [2024-07-03T14:40:02.918+0000] {dag.py:3340} INFO - Setting next_dagrun for example_short_circuit_decorator to 2024-07-02T14:40:02.918754+00:00, run_after=2024-07-03T14:40:02.918754+00:00
[2024-07-03T14:40:02.933+0000] {processor.py:176} INFO - Processing /home/airflow/.local/lib/python3.7/site-packages/airflow/example_dags/example_short_circuit_decorator.py took 0.108 seconds
[2024-07-03T14:40:33.563+0000] {processor.py:154} INFO - Started process (PID=978) to work on /home/airflow/.local/lib/python3.7/site-packages/airflow/example_dags/example_short_circuit_decorator.py
[2024-07-03T14:40:33.565+0000] {processor.py:756} INFO - Processing file /home/airflow/.local/lib/python3.7/site-packages/airflow/example_dags/example_short_circuit_decorator.py for tasks to queue
[2024-07-03T14:40:33.566+0000] {logging_mixin.py:120} INFO - [2024-07-03T14:40:33.566+0000] {dagbag.py:537} INFO - Filling up the DagBag from /home/airflow/.local/lib/python3.7/site-packages/airflow/example_dags/example_short_circuit_decorator.py
[2024-07-03T14:40:33.586+0000] {processor.py:766} INFO - DAG(s) dict_keys(['example_short_circuit_decorator']) retrieved from /home/airflow/.local/lib/python3.7/site-packages/airflow/example_dags/example_short_circuit_decorator.py
[2024-07-03T14:40:33.622+0000] {logging_mixin.py:120} INFO - [2024-07-03T14:40:33.622+0000] {dag.py:2585} INFO - Sync 1 DAGs
[2024-07-03T14:40:33.644+0000] {logging_mixin.py:120} INFO - [2024-07-03T14:40:33.644+0000] {dag.py:3340} INFO - Setting next_dagrun for example_short_circuit_decorator to 2024-07-02T14:40:33.643898+00:00, run_after=2024-07-03T14:40:33.643898+00:00
[2024-07-03T14:40:33.662+0000] {processor.py:176} INFO - Processing /home/airflow/.local/lib/python3.7/site-packages/airflow/example_dags/example_short_circuit_decorator.py took 0.101 seconds
