[2024-07-03T14:33:28.230+0000] {processor.py:154} INFO - Started process (PID=81) to work on /home/airflow/.local/lib/python3.7/site-packages/airflow/example_dags/tutorial_dag.py
[2024-07-03T14:33:28.233+0000] {processor.py:756} INFO - Processing file /home/airflow/.local/lib/python3.7/site-packages/airflow/example_dags/tutorial_dag.py for tasks to queue
[2024-07-03T14:33:28.235+0000] {logging_mixin.py:120} INFO - [2024-07-03T14:33:28.235+0000] {dagbag.py:537} INFO - Filling up the DagBag from /home/airflow/.local/lib/python3.7/site-packages/airflow/example_dags/tutorial_dag.py
[2024-07-03T14:33:28.279+0000] {processor.py:766} INFO - DAG(s) dict_keys(['tutorial_dag']) retrieved from /home/airflow/.local/lib/python3.7/site-packages/airflow/example_dags/tutorial_dag.py
[2024-07-03T14:33:28.346+0000] {logging_mixin.py:120} INFO - [2024-07-03T14:33:28.346+0000] {dag.py:2585} INFO - Sync 1 DAGs
[2024-07-03T14:33:28.392+0000] {logging_mixin.py:120} INFO - [2024-07-03T14:33:28.392+0000] {dag.py:3340} INFO - Setting next_dagrun for tutorial_dag to None, run_after=None
[2024-07-03T14:33:28.431+0000] {processor.py:176} INFO - Processing /home/airflow/.local/lib/python3.7/site-packages/airflow/example_dags/tutorial_dag.py took 0.218 seconds
[2024-07-03T14:33:59.033+0000] {processor.py:154} INFO - Started process (PID=140) to work on /home/airflow/.local/lib/python3.7/site-packages/airflow/example_dags/tutorial_dag.py
[2024-07-03T14:33:59.034+0000] {processor.py:756} INFO - Processing file /home/airflow/.local/lib/python3.7/site-packages/airflow/example_dags/tutorial_dag.py for tasks to queue
[2024-07-03T14:33:59.035+0000] {logging_mixin.py:120} INFO - [2024-07-03T14:33:59.035+0000] {dagbag.py:537} INFO - Filling up the DagBag from /home/airflow/.local/lib/python3.7/site-packages/airflow/example_dags/tutorial_dag.py
[2024-07-03T14:33:59.047+0000] {processor.py:766} INFO - DAG(s) dict_keys(['tutorial_dag']) retrieved from /home/airflow/.local/lib/python3.7/site-packages/airflow/example_dags/tutorial_dag.py
[2024-07-03T14:33:59.082+0000] {logging_mixin.py:120} INFO - [2024-07-03T14:33:59.082+0000] {dag.py:2585} INFO - Sync 1 DAGs
[2024-07-03T14:33:59.104+0000] {logging_mixin.py:120} INFO - [2024-07-03T14:33:59.104+0000] {dag.py:3340} INFO - Setting next_dagrun for tutorial_dag to None, run_after=None
[2024-07-03T14:33:59.119+0000] {processor.py:176} INFO - Processing /home/airflow/.local/lib/python3.7/site-packages/airflow/example_dags/tutorial_dag.py took 0.089 seconds
[2024-07-03T14:34:29.704+0000] {processor.py:154} INFO - Started process (PID=209) to work on /home/airflow/.local/lib/python3.7/site-packages/airflow/example_dags/tutorial_dag.py
[2024-07-03T14:34:29.705+0000] {processor.py:756} INFO - Processing file /home/airflow/.local/lib/python3.7/site-packages/airflow/example_dags/tutorial_dag.py for tasks to queue
[2024-07-03T14:34:29.706+0000] {logging_mixin.py:120} INFO - [2024-07-03T14:34:29.705+0000] {dagbag.py:537} INFO - Filling up the DagBag from /home/airflow/.local/lib/python3.7/site-packages/airflow/example_dags/tutorial_dag.py
[2024-07-03T14:34:29.718+0000] {processor.py:766} INFO - DAG(s) dict_keys(['tutorial_dag']) retrieved from /home/airflow/.local/lib/python3.7/site-packages/airflow/example_dags/tutorial_dag.py
[2024-07-03T14:34:29.764+0000] {logging_mixin.py:120} INFO - [2024-07-03T14:34:29.764+0000] {dag.py:2585} INFO - Sync 1 DAGs
[2024-07-03T14:34:29.816+0000] {logging_mixin.py:120} INFO - [2024-07-03T14:34:29.816+0000] {dag.py:3340} INFO - Setting next_dagrun for tutorial_dag to None, run_after=None
[2024-07-03T14:34:29.831+0000] {processor.py:176} INFO - Processing /home/airflow/.local/lib/python3.7/site-packages/airflow/example_dags/tutorial_dag.py took 0.130 seconds
[2024-07-03T14:35:00.277+0000] {processor.py:154} INFO - Started process (PID=277) to work on /home/airflow/.local/lib/python3.7/site-packages/airflow/example_dags/tutorial_dag.py
[2024-07-03T14:35:00.279+0000] {processor.py:756} INFO - Processing file /home/airflow/.local/lib/python3.7/site-packages/airflow/example_dags/tutorial_dag.py for tasks to queue
[2024-07-03T14:35:00.280+0000] {logging_mixin.py:120} INFO - [2024-07-03T14:35:00.280+0000] {dagbag.py:537} INFO - Filling up the DagBag from /home/airflow/.local/lib/python3.7/site-packages/airflow/example_dags/tutorial_dag.py
[2024-07-03T14:35:00.292+0000] {processor.py:766} INFO - DAG(s) dict_keys(['tutorial_dag']) retrieved from /home/airflow/.local/lib/python3.7/site-packages/airflow/example_dags/tutorial_dag.py
[2024-07-03T14:35:00.327+0000] {logging_mixin.py:120} INFO - [2024-07-03T14:35:00.327+0000] {dag.py:2585} INFO - Sync 1 DAGs
[2024-07-03T14:35:00.348+0000] {logging_mixin.py:120} INFO - [2024-07-03T14:35:00.347+0000] {dag.py:3340} INFO - Setting next_dagrun for tutorial_dag to None, run_after=None
[2024-07-03T14:35:00.363+0000] {processor.py:176} INFO - Processing /home/airflow/.local/lib/python3.7/site-packages/airflow/example_dags/tutorial_dag.py took 0.089 seconds
[2024-07-03T14:35:30.783+0000] {processor.py:154} INFO - Started process (PID=345) to work on /home/airflow/.local/lib/python3.7/site-packages/airflow/example_dags/tutorial_dag.py
[2024-07-03T14:35:30.784+0000] {processor.py:756} INFO - Processing file /home/airflow/.local/lib/python3.7/site-packages/airflow/example_dags/tutorial_dag.py for tasks to queue
[2024-07-03T14:35:30.785+0000] {logging_mixin.py:120} INFO - [2024-07-03T14:35:30.785+0000] {dagbag.py:537} INFO - Filling up the DagBag from /home/airflow/.local/lib/python3.7/site-packages/airflow/example_dags/tutorial_dag.py
[2024-07-03T14:35:30.797+0000] {processor.py:766} INFO - DAG(s) dict_keys(['tutorial_dag']) retrieved from /home/airflow/.local/lib/python3.7/site-packages/airflow/example_dags/tutorial_dag.py
[2024-07-03T14:35:30.831+0000] {logging_mixin.py:120} INFO - [2024-07-03T14:35:30.831+0000] {dag.py:2585} INFO - Sync 1 DAGs
[2024-07-03T14:35:30.853+0000] {logging_mixin.py:120} INFO - [2024-07-03T14:35:30.853+0000] {dag.py:3340} INFO - Setting next_dagrun for tutorial_dag to None, run_after=None
[2024-07-03T14:35:30.868+0000] {processor.py:176} INFO - Processing /home/airflow/.local/lib/python3.7/site-packages/airflow/example_dags/tutorial_dag.py took 0.088 seconds
[2024-07-03T14:36:01.275+0000] {processor.py:154} INFO - Started process (PID=411) to work on /home/airflow/.local/lib/python3.7/site-packages/airflow/example_dags/tutorial_dag.py
[2024-07-03T14:36:01.276+0000] {processor.py:756} INFO - Processing file /home/airflow/.local/lib/python3.7/site-packages/airflow/example_dags/tutorial_dag.py for tasks to queue
[2024-07-03T14:36:01.277+0000] {logging_mixin.py:120} INFO - [2024-07-03T14:36:01.277+0000] {dagbag.py:537} INFO - Filling up the DagBag from /home/airflow/.local/lib/python3.7/site-packages/airflow/example_dags/tutorial_dag.py
[2024-07-03T14:36:01.290+0000] {processor.py:766} INFO - DAG(s) dict_keys(['tutorial_dag']) retrieved from /home/airflow/.local/lib/python3.7/site-packages/airflow/example_dags/tutorial_dag.py
[2024-07-03T14:36:01.326+0000] {logging_mixin.py:120} INFO - [2024-07-03T14:36:01.325+0000] {dag.py:2585} INFO - Sync 1 DAGs
[2024-07-03T14:36:01.349+0000] {logging_mixin.py:120} INFO - [2024-07-03T14:36:01.349+0000] {dag.py:3340} INFO - Setting next_dagrun for tutorial_dag to None, run_after=None
[2024-07-03T14:36:01.365+0000] {processor.py:176} INFO - Processing /home/airflow/.local/lib/python3.7/site-packages/airflow/example_dags/tutorial_dag.py took 0.094 seconds
[2024-07-03T14:36:32.204+0000] {processor.py:154} INFO - Started process (PID=472) to work on /home/airflow/.local/lib/python3.7/site-packages/airflow/example_dags/tutorial_dag.py
[2024-07-03T14:36:32.206+0000] {processor.py:756} INFO - Processing file /home/airflow/.local/lib/python3.7/site-packages/airflow/example_dags/tutorial_dag.py for tasks to queue
[2024-07-03T14:36:32.206+0000] {logging_mixin.py:120} INFO - [2024-07-03T14:36:32.206+0000] {dagbag.py:537} INFO - Filling up the DagBag from /home/airflow/.local/lib/python3.7/site-packages/airflow/example_dags/tutorial_dag.py
[2024-07-03T14:36:32.218+0000] {processor.py:766} INFO - DAG(s) dict_keys(['tutorial_dag']) retrieved from /home/airflow/.local/lib/python3.7/site-packages/airflow/example_dags/tutorial_dag.py
[2024-07-03T14:36:32.253+0000] {logging_mixin.py:120} INFO - [2024-07-03T14:36:32.252+0000] {dag.py:2585} INFO - Sync 1 DAGs
[2024-07-03T14:36:32.273+0000] {logging_mixin.py:120} INFO - [2024-07-03T14:36:32.273+0000] {dag.py:3340} INFO - Setting next_dagrun for tutorial_dag to None, run_after=None
[2024-07-03T14:36:32.289+0000] {processor.py:176} INFO - Processing /home/airflow/.local/lib/python3.7/site-packages/airflow/example_dags/tutorial_dag.py took 0.087 seconds
[2024-07-03T14:37:02.760+0000] {processor.py:154} INFO - Started process (PID=540) to work on /home/airflow/.local/lib/python3.7/site-packages/airflow/example_dags/tutorial_dag.py
[2024-07-03T14:37:02.761+0000] {processor.py:756} INFO - Processing file /home/airflow/.local/lib/python3.7/site-packages/airflow/example_dags/tutorial_dag.py for tasks to queue
[2024-07-03T14:37:02.762+0000] {logging_mixin.py:120} INFO - [2024-07-03T14:37:02.762+0000] {dagbag.py:537} INFO - Filling up the DagBag from /home/airflow/.local/lib/python3.7/site-packages/airflow/example_dags/tutorial_dag.py
[2024-07-03T14:37:02.774+0000] {processor.py:766} INFO - DAG(s) dict_keys(['tutorial_dag']) retrieved from /home/airflow/.local/lib/python3.7/site-packages/airflow/example_dags/tutorial_dag.py
[2024-07-03T14:37:02.808+0000] {logging_mixin.py:120} INFO - [2024-07-03T14:37:02.808+0000] {dag.py:2585} INFO - Sync 1 DAGs
[2024-07-03T14:37:02.829+0000] {logging_mixin.py:120} INFO - [2024-07-03T14:37:02.829+0000] {dag.py:3340} INFO - Setting next_dagrun for tutorial_dag to None, run_after=None
[2024-07-03T14:37:02.845+0000] {processor.py:176} INFO - Processing /home/airflow/.local/lib/python3.7/site-packages/airflow/example_dags/tutorial_dag.py took 0.088 seconds
[2024-07-03T14:37:33.263+0000] {processor.py:154} INFO - Started process (PID=608) to work on /home/airflow/.local/lib/python3.7/site-packages/airflow/example_dags/tutorial_dag.py
[2024-07-03T14:37:33.264+0000] {processor.py:756} INFO - Processing file /home/airflow/.local/lib/python3.7/site-packages/airflow/example_dags/tutorial_dag.py for tasks to queue
[2024-07-03T14:37:33.265+0000] {logging_mixin.py:120} INFO - [2024-07-03T14:37:33.265+0000] {dagbag.py:537} INFO - Filling up the DagBag from /home/airflow/.local/lib/python3.7/site-packages/airflow/example_dags/tutorial_dag.py
[2024-07-03T14:37:33.277+0000] {processor.py:766} INFO - DAG(s) dict_keys(['tutorial_dag']) retrieved from /home/airflow/.local/lib/python3.7/site-packages/airflow/example_dags/tutorial_dag.py
[2024-07-03T14:37:33.310+0000] {logging_mixin.py:120} INFO - [2024-07-03T14:37:33.310+0000] {dag.py:2585} INFO - Sync 1 DAGs
[2024-07-03T14:37:33.332+0000] {logging_mixin.py:120} INFO - [2024-07-03T14:37:33.332+0000] {dag.py:3340} INFO - Setting next_dagrun for tutorial_dag to None, run_after=None
[2024-07-03T14:37:33.347+0000] {processor.py:176} INFO - Processing /home/airflow/.local/lib/python3.7/site-packages/airflow/example_dags/tutorial_dag.py took 0.087 seconds
[2024-07-03T14:38:03.824+0000] {processor.py:154} INFO - Started process (PID=676) to work on /home/airflow/.local/lib/python3.7/site-packages/airflow/example_dags/tutorial_dag.py
[2024-07-03T14:38:03.825+0000] {processor.py:756} INFO - Processing file /home/airflow/.local/lib/python3.7/site-packages/airflow/example_dags/tutorial_dag.py for tasks to queue
[2024-07-03T14:38:03.826+0000] {logging_mixin.py:120} INFO - [2024-07-03T14:38:03.826+0000] {dagbag.py:537} INFO - Filling up the DagBag from /home/airflow/.local/lib/python3.7/site-packages/airflow/example_dags/tutorial_dag.py
[2024-07-03T14:38:03.837+0000] {processor.py:766} INFO - DAG(s) dict_keys(['tutorial_dag']) retrieved from /home/airflow/.local/lib/python3.7/site-packages/airflow/example_dags/tutorial_dag.py
[2024-07-03T14:38:03.873+0000] {logging_mixin.py:120} INFO - [2024-07-03T14:38:03.873+0000] {dag.py:2585} INFO - Sync 1 DAGs
[2024-07-03T14:38:03.894+0000] {logging_mixin.py:120} INFO - [2024-07-03T14:38:03.894+0000] {dag.py:3340} INFO - Setting next_dagrun for tutorial_dag to None, run_after=None
[2024-07-03T14:38:03.909+0000] {processor.py:176} INFO - Processing /home/airflow/.local/lib/python3.7/site-packages/airflow/example_dags/tutorial_dag.py took 0.089 seconds
[2024-07-03T14:38:34.349+0000] {processor.py:154} INFO - Started process (PID=735) to work on /home/airflow/.local/lib/python3.7/site-packages/airflow/example_dags/tutorial_dag.py
[2024-07-03T14:38:34.351+0000] {processor.py:756} INFO - Processing file /home/airflow/.local/lib/python3.7/site-packages/airflow/example_dags/tutorial_dag.py for tasks to queue
[2024-07-03T14:38:34.351+0000] {logging_mixin.py:120} INFO - [2024-07-03T14:38:34.351+0000] {dagbag.py:537} INFO - Filling up the DagBag from /home/airflow/.local/lib/python3.7/site-packages/airflow/example_dags/tutorial_dag.py
[2024-07-03T14:38:34.363+0000] {processor.py:766} INFO - DAG(s) dict_keys(['tutorial_dag']) retrieved from /home/airflow/.local/lib/python3.7/site-packages/airflow/example_dags/tutorial_dag.py
[2024-07-03T14:38:34.397+0000] {logging_mixin.py:120} INFO - [2024-07-03T14:38:34.397+0000] {dag.py:2585} INFO - Sync 1 DAGs
[2024-07-03T14:38:34.444+0000] {logging_mixin.py:120} INFO - [2024-07-03T14:38:34.444+0000] {dag.py:3340} INFO - Setting next_dagrun for tutorial_dag to None, run_after=None
[2024-07-03T14:38:34.465+0000] {processor.py:176} INFO - Processing /home/airflow/.local/lib/python3.7/site-packages/airflow/example_dags/tutorial_dag.py took 0.119 seconds
[2024-07-03T14:39:04.922+0000] {processor.py:154} INFO - Started process (PID=803) to work on /home/airflow/.local/lib/python3.7/site-packages/airflow/example_dags/tutorial_dag.py
[2024-07-03T14:39:04.923+0000] {processor.py:756} INFO - Processing file /home/airflow/.local/lib/python3.7/site-packages/airflow/example_dags/tutorial_dag.py for tasks to queue
[2024-07-03T14:39:04.924+0000] {logging_mixin.py:120} INFO - [2024-07-03T14:39:04.924+0000] {dagbag.py:537} INFO - Filling up the DagBag from /home/airflow/.local/lib/python3.7/site-packages/airflow/example_dags/tutorial_dag.py
[2024-07-03T14:39:04.935+0000] {processor.py:766} INFO - DAG(s) dict_keys(['tutorial_dag']) retrieved from /home/airflow/.local/lib/python3.7/site-packages/airflow/example_dags/tutorial_dag.py
[2024-07-03T14:39:04.969+0000] {logging_mixin.py:120} INFO - [2024-07-03T14:39:04.969+0000] {dag.py:2585} INFO - Sync 1 DAGs
[2024-07-03T14:39:04.990+0000] {logging_mixin.py:120} INFO - [2024-07-03T14:39:04.990+0000] {dag.py:3340} INFO - Setting next_dagrun for tutorial_dag to None, run_after=None
[2024-07-03T14:39:05.006+0000] {processor.py:176} INFO - Processing /home/airflow/.local/lib/python3.7/site-packages/airflow/example_dags/tutorial_dag.py took 0.088 seconds
[2024-07-03T14:39:35.488+0000] {processor.py:154} INFO - Started process (PID=871) to work on /home/airflow/.local/lib/python3.7/site-packages/airflow/example_dags/tutorial_dag.py
[2024-07-03T14:39:35.489+0000] {processor.py:756} INFO - Processing file /home/airflow/.local/lib/python3.7/site-packages/airflow/example_dags/tutorial_dag.py for tasks to queue
[2024-07-03T14:39:35.490+0000] {logging_mixin.py:120} INFO - [2024-07-03T14:39:35.490+0000] {dagbag.py:537} INFO - Filling up the DagBag from /home/airflow/.local/lib/python3.7/site-packages/airflow/example_dags/tutorial_dag.py
[2024-07-03T14:39:35.503+0000] {processor.py:766} INFO - DAG(s) dict_keys(['tutorial_dag']) retrieved from /home/airflow/.local/lib/python3.7/site-packages/airflow/example_dags/tutorial_dag.py
[2024-07-03T14:39:35.536+0000] {logging_mixin.py:120} INFO - [2024-07-03T14:39:35.536+0000] {dag.py:2585} INFO - Sync 1 DAGs
[2024-07-03T14:39:35.557+0000] {logging_mixin.py:120} INFO - [2024-07-03T14:39:35.557+0000] {dag.py:3340} INFO - Setting next_dagrun for tutorial_dag to None, run_after=None
[2024-07-03T14:39:35.572+0000] {processor.py:176} INFO - Processing /home/airflow/.local/lib/python3.7/site-packages/airflow/example_dags/tutorial_dag.py took 0.087 seconds
[2024-07-03T14:40:06.242+0000] {processor.py:154} INFO - Started process (PID=939) to work on /home/airflow/.local/lib/python3.7/site-packages/airflow/example_dags/tutorial_dag.py
[2024-07-03T14:40:06.243+0000] {processor.py:756} INFO - Processing file /home/airflow/.local/lib/python3.7/site-packages/airflow/example_dags/tutorial_dag.py for tasks to queue
[2024-07-03T14:40:06.244+0000] {logging_mixin.py:120} INFO - [2024-07-03T14:40:06.244+0000] {dagbag.py:537} INFO - Filling up the DagBag from /home/airflow/.local/lib/python3.7/site-packages/airflow/example_dags/tutorial_dag.py
[2024-07-03T14:40:06.256+0000] {processor.py:766} INFO - DAG(s) dict_keys(['tutorial_dag']) retrieved from /home/airflow/.local/lib/python3.7/site-packages/airflow/example_dags/tutorial_dag.py
[2024-07-03T14:40:06.299+0000] {logging_mixin.py:120} INFO - [2024-07-03T14:40:06.299+0000] {dag.py:2585} INFO - Sync 1 DAGs
[2024-07-03T14:40:06.321+0000] {logging_mixin.py:120} INFO - [2024-07-03T14:40:06.321+0000] {dag.py:3340} INFO - Setting next_dagrun for tutorial_dag to None, run_after=None
[2024-07-03T14:40:06.337+0000] {processor.py:176} INFO - Processing /home/airflow/.local/lib/python3.7/site-packages/airflow/example_dags/tutorial_dag.py took 0.098 seconds
[2024-07-03T14:40:36.986+0000] {processor.py:154} INFO - Started process (PID=1007) to work on /home/airflow/.local/lib/python3.7/site-packages/airflow/example_dags/tutorial_dag.py
[2024-07-03T14:40:36.987+0000] {processor.py:756} INFO - Processing file /home/airflow/.local/lib/python3.7/site-packages/airflow/example_dags/tutorial_dag.py for tasks to queue
[2024-07-03T14:40:36.988+0000] {logging_mixin.py:120} INFO - [2024-07-03T14:40:36.988+0000] {dagbag.py:537} INFO - Filling up the DagBag from /home/airflow/.local/lib/python3.7/site-packages/airflow/example_dags/tutorial_dag.py
[2024-07-03T14:40:37.005+0000] {processor.py:766} INFO - DAG(s) dict_keys(['tutorial_dag']) retrieved from /home/airflow/.local/lib/python3.7/site-packages/airflow/example_dags/tutorial_dag.py
[2024-07-03T14:40:37.045+0000] {logging_mixin.py:120} INFO - [2024-07-03T14:40:37.045+0000] {dag.py:2585} INFO - Sync 1 DAGs
[2024-07-03T14:40:37.072+0000] {logging_mixin.py:120} INFO - [2024-07-03T14:40:37.072+0000] {dag.py:3340} INFO - Setting next_dagrun for tutorial_dag to None, run_after=None
[2024-07-03T14:40:37.092+0000] {processor.py:176} INFO - Processing /home/airflow/.local/lib/python3.7/site-packages/airflow/example_dags/tutorial_dag.py took 0.109 seconds
