[2024-07-03T14:43:38.025+0000] {taskinstance.py:1165} INFO - Dependencies all met for <TaskInstance: parallel_dag.extract_b manual__2024-07-03T14:43:36.652553+00:00 [queued]>
[2024-07-03T14:43:38.037+0000] {taskinstance.py:1165} INFO - Dependencies all met for <TaskInstance: parallel_dag.extract_b manual__2024-07-03T14:43:36.652553+00:00 [queued]>
[2024-07-03T14:43:38.037+0000] {taskinstance.py:1362} INFO - 
--------------------------------------------------------------------------------
[2024-07-03T14:43:38.039+0000] {taskinstance.py:1363} INFO - Starting attempt 1 of 1
[2024-07-03T14:43:38.040+0000] {taskinstance.py:1364} INFO - 
--------------------------------------------------------------------------------
[2024-07-03T14:43:38.052+0000] {taskinstance.py:1383} INFO - Executing <Task(BashOperator): extract_b> on 2024-07-03 14:43:36.652553+00:00
[2024-07-03T14:43:38.056+0000] {standard_task_runner.py:55} INFO - Started process 167 to run task
[2024-07-03T14:43:38.059+0000] {standard_task_runner.py:82} INFO - Running: ['***', 'tasks', 'run', 'parallel_dag', 'extract_b', 'manual__2024-07-03T14:43:36.652553+00:00', '--job-id', '53', '--raw', '--subdir', 'DAGS_FOLDER/parallel_dag.py', '--cfg-path', '/tmp/tmpxq1fgcg9']
[2024-07-03T14:43:38.061+0000] {standard_task_runner.py:83} INFO - Job 53: Subtask extract_b
[2024-07-03T14:43:38.132+0000] {task_command.py:376} INFO - Running <TaskInstance: parallel_dag.extract_b manual__2024-07-03T14:43:36.652553+00:00 [running]> on host 85fa2d780e6a
[2024-07-03T14:43:38.197+0000] {taskinstance.py:1592} INFO - Exporting the following env vars:
AIRFLOW_CTX_DAG_OWNER=***
AIRFLOW_CTX_DAG_ID=parallel_dag
AIRFLOW_CTX_TASK_ID=extract_b
AIRFLOW_CTX_EXECUTION_DATE=2024-07-03T14:43:36.652553+00:00
AIRFLOW_CTX_TRY_NUMBER=1
AIRFLOW_CTX_DAG_RUN_ID=manual__2024-07-03T14:43:36.652553+00:00
[2024-07-03T14:43:38.198+0000] {subprocess.py:63} INFO - Tmp dir root location: 
 /tmp
[2024-07-03T14:43:38.199+0000] {subprocess.py:75} INFO - Running command: ['/bin/bash', '-c', 'sleep 10']
[2024-07-03T14:43:38.206+0000] {subprocess.py:86} INFO - Output:
[2024-07-03T14:43:48.210+0000] {subprocess.py:97} INFO - Command exited with return code 0
[2024-07-03T14:43:48.232+0000] {taskinstance.py:1406} INFO - Marking task as SUCCESS. dag_id=parallel_dag, task_id=extract_b, execution_date=20240703T144336, start_date=20240703T144338, end_date=20240703T144348
[2024-07-03T14:43:48.264+0000] {local_task_job.py:164} INFO - Task exited with return code 0
[2024-07-03T14:43:48.285+0000] {local_task_job.py:273} INFO - 1 downstream tasks scheduled from follow-on schedule check
