[2024-07-06T21:34:22.079+0000] {taskinstance.py:1165} INFO - Dependencies all met for <TaskInstance: xcom_dag.t2 manual__2024-07-06T21:34:19.752155+00:00 [queued]>
[2024-07-06T21:34:22.088+0000] {taskinstance.py:1165} INFO - Dependencies all met for <TaskInstance: xcom_dag.t2 manual__2024-07-06T21:34:19.752155+00:00 [queued]>
[2024-07-06T21:34:22.088+0000] {taskinstance.py:1362} INFO - 
--------------------------------------------------------------------------------
[2024-07-06T21:34:22.089+0000] {taskinstance.py:1363} INFO - Starting attempt 1 of 1
[2024-07-06T21:34:22.089+0000] {taskinstance.py:1364} INFO - 
--------------------------------------------------------------------------------
[2024-07-06T21:34:22.100+0000] {taskinstance.py:1383} INFO - Executing <Task(PythonOperator): t2> on 2024-07-06 21:34:19.752155+00:00
[2024-07-06T21:34:22.103+0000] {standard_task_runner.py:55} INFO - Started process 1966 to run task
[2024-07-06T21:34:22.106+0000] {standard_task_runner.py:82} INFO - Running: ['***', 'tasks', 'run', 'xcom_dag', 't2', 'manual__2024-07-06T21:34:19.752155+00:00', '--job-id', '99', '--raw', '--subdir', 'DAGS_FOLDER/xcom_dag.py', '--cfg-path', '/tmp/tmpfpy582b1']
[2024-07-06T21:34:22.106+0000] {standard_task_runner.py:83} INFO - Job 99: Subtask t2
[2024-07-06T21:34:22.158+0000] {task_command.py:376} INFO - Running <TaskInstance: xcom_dag.t2 manual__2024-07-06T21:34:19.752155+00:00 [running]> on host 86f3c0daec77
[2024-07-06T21:34:22.209+0000] {taskinstance.py:1592} INFO - Exporting the following env vars:
AIRFLOW_CTX_DAG_OWNER=***
AIRFLOW_CTX_DAG_ID=xcom_dag
AIRFLOW_CTX_TASK_ID=t2
AIRFLOW_CTX_EXECUTION_DATE=2024-07-06T21:34:19.752155+00:00
AIRFLOW_CTX_TRY_NUMBER=1
AIRFLOW_CTX_DAG_RUN_ID=manual__2024-07-06T21:34:19.752155+00:00
[2024-07-06T21:34:22.216+0000] {logging_mixin.py:120} INFO - 42
[2024-07-06T21:34:22.217+0000] {python.py:177} INFO - Done. Returned value was: None
[2024-07-06T21:34:22.224+0000] {taskinstance.py:1406} INFO - Marking task as SUCCESS. dag_id=xcom_dag, task_id=t2, execution_date=20240706T213419, start_date=20240706T213422, end_date=20240706T213422
[2024-07-06T21:34:22.244+0000] {local_task_job.py:164} INFO - Task exited with return code 0
[2024-07-06T21:34:22.259+0000] {local_task_job.py:273} INFO - 0 downstream tasks scheduled from follow-on schedule check
