[2024-07-01T17:04:57.833+0000] {taskinstance.py:1165} INFO - Dependencies all met for <TaskInstance: user_processing.is_api_available scheduled__2024-06-30T00:00:00+00:00 [queued]>
[2024-07-01T17:04:57.843+0000] {taskinstance.py:1165} INFO - Dependencies all met for <TaskInstance: user_processing.is_api_available scheduled__2024-06-30T00:00:00+00:00 [queued]>
[2024-07-01T17:04:57.843+0000] {taskinstance.py:1362} INFO - 
--------------------------------------------------------------------------------
[2024-07-01T17:04:57.844+0000] {taskinstance.py:1363} INFO - Starting attempt 1 of 1
[2024-07-01T17:04:57.844+0000] {taskinstance.py:1364} INFO - 
--------------------------------------------------------------------------------
[2024-07-01T17:04:57.857+0000] {taskinstance.py:1383} INFO - Executing <Task(HttpSensor): is_api_available> on 2024-06-30 00:00:00+00:00
[2024-07-01T17:04:57.862+0000] {standard_task_runner.py:55} INFO - Started process 78 to run task
[2024-07-01T17:04:57.865+0000] {standard_task_runner.py:82} INFO - Running: ['***', 'tasks', 'run', 'user_processing', 'is_api_available', 'scheduled__2024-06-30T00:00:00+00:00', '--job-id', '35', '--raw', '--subdir', 'DAGS_FOLDER/user_processing.py', '--cfg-path', '/tmp/tmp5b3gdnj2']
[2024-07-01T17:04:57.867+0000] {standard_task_runner.py:83} INFO - Job 35: Subtask is_api_available
[2024-07-01T17:04:57.951+0000] {task_command.py:376} INFO - Running <TaskInstance: user_processing.is_api_available scheduled__2024-06-30T00:00:00+00:00 [running]> on host e1b89c427937
[2024-07-01T17:04:58.025+0000] {taskinstance.py:1592} INFO - Exporting the following env vars:
AIRFLOW_CTX_DAG_OWNER=***
AIRFLOW_CTX_DAG_ID=user_processing
AIRFLOW_CTX_TASK_ID=is_api_available
AIRFLOW_CTX_EXECUTION_DATE=2024-06-30T00:00:00+00:00
AIRFLOW_CTX_TRY_NUMBER=1
AIRFLOW_CTX_DAG_RUN_ID=scheduled__2024-06-30T00:00:00+00:00
[2024-07-01T17:04:58.027+0000] {http.py:120} INFO - Poking: api/
[2024-07-01T17:04:58.037+0000] {base.py:71} INFO - Using connection ID 'user_api' for task execution.
[2024-07-01T17:04:58.040+0000] {http.py:148} INFO - Sending 'GET' to url: https://randomuser.me/api/
[2024-07-01T17:04:58.680+0000] {base.py:213} INFO - Success criteria met. Exiting.
[2024-07-01T17:04:58.691+0000] {taskinstance.py:1406} INFO - Marking task as SUCCESS. dag_id=user_processing, task_id=is_api_available, execution_date=20240630T000000, start_date=20240701T170457, end_date=20240701T170458
[2024-07-01T17:04:58.742+0000] {local_task_job.py:164} INFO - Task exited with return code 0
[2024-07-01T17:04:58.778+0000] {local_task_job.py:273} INFO - 1 downstream tasks scheduled from follow-on schedule check
