[2024-07-06T21:24:58.466+0000] {taskinstance.py:1165} INFO - Dependencies all met for <TaskInstance: xcom_dag.t3 manual__2024-07-06T21:05:24.708895+00:00 [queued]>
[2024-07-06T21:24:58.474+0000] {taskinstance.py:1165} INFO - Dependencies all met for <TaskInstance: xcom_dag.t3 manual__2024-07-06T21:05:24.708895+00:00 [queued]>
[2024-07-06T21:24:58.474+0000] {taskinstance.py:1362} INFO - 
--------------------------------------------------------------------------------
[2024-07-06T21:24:58.474+0000] {taskinstance.py:1363} INFO - Starting attempt 2 of 2
[2024-07-06T21:24:58.475+0000] {taskinstance.py:1364} INFO - 
--------------------------------------------------------------------------------
[2024-07-06T21:24:58.486+0000] {taskinstance.py:1383} INFO - Executing <Task(BashOperator): t3> on 2024-07-06 21:05:24.708895+00:00
[2024-07-06T21:24:58.490+0000] {standard_task_runner.py:55} INFO - Started process 1508 to run task
[2024-07-06T21:24:58.493+0000] {standard_task_runner.py:82} INFO - Running: ['***', 'tasks', 'run', 'xcom_dag', 't3', 'manual__2024-07-06T21:05:24.708895+00:00', '--job-id', '90', '--raw', '--subdir', 'DAGS_FOLDER/xcom_dag.py', '--cfg-path', '/tmp/tmpdgkrgl2z']
[2024-07-06T21:24:58.493+0000] {standard_task_runner.py:83} INFO - Job 90: Subtask t3
[2024-07-06T21:24:58.547+0000] {task_command.py:376} INFO - Running <TaskInstance: xcom_dag.t3 manual__2024-07-06T21:05:24.708895+00:00 [running]> on host 86f3c0daec77
[2024-07-06T21:24:58.603+0000] {taskinstance.py:1592} INFO - Exporting the following env vars:
AIRFLOW_CTX_DAG_OWNER=***
AIRFLOW_CTX_DAG_ID=xcom_dag
AIRFLOW_CTX_TASK_ID=t3
AIRFLOW_CTX_EXECUTION_DATE=2024-07-06T21:05:24.708895+00:00
AIRFLOW_CTX_TRY_NUMBER=2
AIRFLOW_CTX_DAG_RUN_ID=manual__2024-07-06T21:05:24.708895+00:00
[2024-07-06T21:24:58.604+0000] {subprocess.py:63} INFO - Tmp dir root location: 
 /tmp
[2024-07-06T21:24:58.605+0000] {subprocess.py:75} INFO - Running command: ['/bin/bash', '-c', "echo ''"]
[2024-07-06T21:24:58.611+0000] {subprocess.py:86} INFO - Output:
[2024-07-06T21:24:58.614+0000] {subprocess.py:93} INFO - 
[2024-07-06T21:24:58.614+0000] {subprocess.py:97} INFO - Command exited with return code 0
[2024-07-06T21:24:58.635+0000] {taskinstance.py:1406} INFO - Marking task as SUCCESS. dag_id=xcom_dag, task_id=t3, execution_date=20240706T210524, start_date=20240706T212458, end_date=20240706T212458
[2024-07-06T21:24:58.674+0000] {local_task_job.py:164} INFO - Task exited with return code 0
[2024-07-06T21:24:58.690+0000] {local_task_job.py:273} INFO - 0 downstream tasks scheduled from follow-on schedule check
