[2024-07-03T14:43:40.256+0000] {taskinstance.py:1165} INFO - Dependencies all met for <TaskInstance: parallel_dag.load_a scheduled__2024-07-02T00:00:00+00:00 [queued]>
[2024-07-03T14:43:40.264+0000] {taskinstance.py:1165} INFO - Dependencies all met for <TaskInstance: parallel_dag.load_a scheduled__2024-07-02T00:00:00+00:00 [queued]>
[2024-07-03T14:43:40.265+0000] {taskinstance.py:1362} INFO - 
--------------------------------------------------------------------------------
[2024-07-03T14:43:40.265+0000] {taskinstance.py:1363} INFO - Starting attempt 1 of 1
[2024-07-03T14:43:40.265+0000] {taskinstance.py:1364} INFO - 
--------------------------------------------------------------------------------
[2024-07-03T14:43:40.281+0000] {taskinstance.py:1383} INFO - Executing <Task(BashOperator): load_a> on 2024-07-02 00:00:00+00:00
[2024-07-03T14:43:40.284+0000] {standard_task_runner.py:55} INFO - Started process 174 to run task
[2024-07-03T14:43:40.287+0000] {standard_task_runner.py:82} INFO - Running: ['***', 'tasks', 'run', 'parallel_dag', 'load_a', 'scheduled__2024-07-02T00:00:00+00:00', '--job-id', '55', '--raw', '--subdir', 'DAGS_FOLDER/parallel_dag.py', '--cfg-path', '/tmp/tmp0nxglhcp']
[2024-07-03T14:43:40.288+0000] {standard_task_runner.py:83} INFO - Job 55: Subtask load_a
[2024-07-03T14:43:40.344+0000] {task_command.py:376} INFO - Running <TaskInstance: parallel_dag.load_a scheduled__2024-07-02T00:00:00+00:00 [running]> on host 85fa2d780e6a
[2024-07-03T14:43:40.404+0000] {taskinstance.py:1592} INFO - Exporting the following env vars:
AIRFLOW_CTX_DAG_OWNER=***
AIRFLOW_CTX_DAG_ID=parallel_dag
AIRFLOW_CTX_TASK_ID=load_a
AIRFLOW_CTX_EXECUTION_DATE=2024-07-02T00:00:00+00:00
AIRFLOW_CTX_TRY_NUMBER=1
AIRFLOW_CTX_DAG_RUN_ID=scheduled__2024-07-02T00:00:00+00:00
[2024-07-03T14:43:40.406+0000] {subprocess.py:63} INFO - Tmp dir root location: 
 /tmp
[2024-07-03T14:43:40.406+0000] {subprocess.py:75} INFO - Running command: ['/bin/bash', '-c', 'sleep 10']
[2024-07-03T14:43:40.414+0000] {subprocess.py:86} INFO - Output:
[2024-07-03T14:43:50.417+0000] {subprocess.py:97} INFO - Command exited with return code 0
[2024-07-03T14:43:50.439+0000] {taskinstance.py:1406} INFO - Marking task as SUCCESS. dag_id=parallel_dag, task_id=load_a, execution_date=20240702T000000, start_date=20240703T144340, end_date=20240703T144350
[2024-07-03T14:43:50.476+0000] {local_task_job.py:164} INFO - Task exited with return code 0
[2024-07-03T14:43:50.498+0000] {local_task_job.py:273} INFO - 0 downstream tasks scheduled from follow-on schedule check
