[2024-07-25T18:29:54.756+0000] {processor.py:154} INFO - Started process (PID=51) to work on /opt/airflow/dags/elastic_dag.py
[2024-07-25T18:29:54.762+0000] {processor.py:756} INFO - Processing file /opt/airflow/dags/elastic_dag.py for tasks to queue
[2024-07-25T18:29:54.763+0000] {logging_mixin.py:120} INFO - [2024-07-25T18:29:54.763+0000] {dagbag.py:537} INFO - Filling up the DagBag from /opt/airflow/dags/elastic_dag.py
[2024-07-25T18:29:55.701+0000] {processor.py:766} INFO - DAG(s) dict_keys(['elastic_dag']) retrieved from /opt/airflow/dags/elastic_dag.py
[2024-07-25T18:29:55.750+0000] {logging_mixin.py:120} INFO - [2024-07-25T18:29:55.749+0000] {dag.py:2585} INFO - Sync 1 DAGs
[2024-07-25T18:29:55.788+0000] {logging_mixin.py:120} INFO - [2024-07-25T18:29:55.788+0000] {dag.py:3340} INFO - Setting next_dagrun for elastic_dag to 2024-07-24T00:00:00+00:00, run_after=2024-07-25T00:00:00+00:00
[2024-07-25T18:29:55.814+0000] {processor.py:176} INFO - Processing /opt/airflow/dags/elastic_dag.py took 1.063 seconds
[2024-07-25T18:30:26.772+0000] {processor.py:154} INFO - Started process (PID=97) to work on /opt/airflow/dags/elastic_dag.py
[2024-07-25T18:30:26.775+0000] {processor.py:756} INFO - Processing file /opt/airflow/dags/elastic_dag.py for tasks to queue
[2024-07-25T18:30:26.776+0000] {logging_mixin.py:120} INFO - [2024-07-25T18:30:26.776+0000] {dagbag.py:537} INFO - Filling up the DagBag from /opt/airflow/dags/elastic_dag.py
[2024-07-25T18:30:27.004+0000] {processor.py:766} INFO - DAG(s) dict_keys(['elastic_dag']) retrieved from /opt/airflow/dags/elastic_dag.py
[2024-07-25T18:30:27.034+0000] {logging_mixin.py:120} INFO - [2024-07-25T18:30:27.034+0000] {dag.py:2585} INFO - Sync 1 DAGs
[2024-07-25T18:30:27.057+0000] {logging_mixin.py:120} INFO - [2024-07-25T18:30:27.057+0000] {dag.py:3340} INFO - Setting next_dagrun for elastic_dag to 2024-07-24T00:00:00+00:00, run_after=2024-07-25T00:00:00+00:00
[2024-07-25T18:30:27.075+0000] {processor.py:176} INFO - Processing /opt/airflow/dags/elastic_dag.py took 0.308 seconds
[2024-07-25T18:31:03.111+0000] {processor.py:154} INFO - Started process (PID=113) to work on /opt/airflow/dags/elastic_dag.py
[2024-07-25T18:31:03.112+0000] {processor.py:756} INFO - Processing file /opt/airflow/dags/elastic_dag.py for tasks to queue
[2024-07-25T18:31:03.115+0000] {logging_mixin.py:120} INFO - [2024-07-25T18:31:03.115+0000] {dagbag.py:537} INFO - Filling up the DagBag from /opt/airflow/dags/elastic_dag.py
[2024-07-25T18:31:03.331+0000] {processor.py:766} INFO - DAG(s) dict_keys(['elastic_dag']) retrieved from /opt/airflow/dags/elastic_dag.py
[2024-07-25T18:31:03.361+0000] {logging_mixin.py:120} INFO - [2024-07-25T18:31:03.361+0000] {dag.py:2585} INFO - Sync 1 DAGs
[2024-07-25T18:31:03.387+0000] {logging_mixin.py:120} INFO - [2024-07-25T18:31:03.387+0000] {dag.py:3340} INFO - Setting next_dagrun for elastic_dag to 2024-07-24T00:00:00+00:00, run_after=2024-07-25T00:00:00+00:00
[2024-07-25T18:31:03.404+0000] {processor.py:176} INFO - Processing /opt/airflow/dags/elastic_dag.py took 0.296 seconds
[2024-07-25T18:36:17.276+0000] {processor.py:154} INFO - Started process (PID=145) to work on /opt/airflow/dags/elastic_dag.py
[2024-07-25T18:36:17.280+0000] {processor.py:756} INFO - Processing file /opt/airflow/dags/elastic_dag.py for tasks to queue
[2024-07-25T18:36:17.281+0000] {logging_mixin.py:120} INFO - [2024-07-25T18:36:17.281+0000] {dagbag.py:537} INFO - Filling up the DagBag from /opt/airflow/dags/elastic_dag.py
[2024-07-25T18:36:17.711+0000] {processor.py:766} INFO - DAG(s) dict_keys(['elastic_dag']) retrieved from /opt/airflow/dags/elastic_dag.py
[2024-07-25T18:36:17.834+0000] {logging_mixin.py:120} INFO - [2024-07-25T18:36:17.834+0000] {dag.py:2585} INFO - Sync 1 DAGs
[2024-07-25T18:36:17.882+0000] {logging_mixin.py:120} INFO - [2024-07-25T18:36:17.882+0000] {dag.py:3340} INFO - Setting next_dagrun for elastic_dag to 2024-07-24T00:00:00+00:00, run_after=2024-07-25T00:00:00+00:00
[2024-07-25T18:36:17.905+0000] {processor.py:176} INFO - Processing /opt/airflow/dags/elastic_dag.py took 0.638 seconds
[2024-07-25T18:36:48.323+0000] {processor.py:154} INFO - Started process (PID=185) to work on /opt/airflow/dags/elastic_dag.py
[2024-07-25T18:36:48.324+0000] {processor.py:756} INFO - Processing file /opt/airflow/dags/elastic_dag.py for tasks to queue
[2024-07-25T18:36:48.325+0000] {logging_mixin.py:120} INFO - [2024-07-25T18:36:48.325+0000] {dagbag.py:537} INFO - Filling up the DagBag from /opt/airflow/dags/elastic_dag.py
[2024-07-25T18:36:48.616+0000] {processor.py:766} INFO - DAG(s) dict_keys(['elastic_dag']) retrieved from /opt/airflow/dags/elastic_dag.py
[2024-07-25T18:36:48.649+0000] {logging_mixin.py:120} INFO - [2024-07-25T18:36:48.649+0000] {dag.py:2585} INFO - Sync 1 DAGs
[2024-07-25T18:36:48.672+0000] {logging_mixin.py:120} INFO - [2024-07-25T18:36:48.672+0000] {dag.py:3340} INFO - Setting next_dagrun for elastic_dag to 2024-07-24T00:00:00+00:00, run_after=2024-07-25T00:00:00+00:00
[2024-07-25T18:36:48.688+0000] {processor.py:176} INFO - Processing /opt/airflow/dags/elastic_dag.py took 0.368 seconds
[2024-07-25T18:49:40.743+0000] {processor.py:154} INFO - Started process (PID=225) to work on /opt/airflow/dags/elastic_dag.py
[2024-07-25T18:49:40.744+0000] {processor.py:756} INFO - Processing file /opt/airflow/dags/elastic_dag.py for tasks to queue
[2024-07-25T18:49:40.745+0000] {logging_mixin.py:120} INFO - [2024-07-25T18:49:40.745+0000] {dagbag.py:537} INFO - Filling up the DagBag from /opt/airflow/dags/elastic_dag.py
[2024-07-25T18:49:41.056+0000] {processor.py:766} INFO - DAG(s) dict_keys(['elastic_dag']) retrieved from /opt/airflow/dags/elastic_dag.py
[2024-07-25T18:49:41.092+0000] {logging_mixin.py:120} INFO - [2024-07-25T18:49:41.091+0000] {dag.py:2585} INFO - Sync 1 DAGs
[2024-07-25T18:49:41.118+0000] {logging_mixin.py:120} INFO - [2024-07-25T18:49:41.118+0000] {dag.py:3340} INFO - Setting next_dagrun for elastic_dag to 2024-07-24T00:00:00+00:00, run_after=2024-07-25T00:00:00+00:00
[2024-07-25T18:49:41.144+0000] {processor.py:176} INFO - Processing /opt/airflow/dags/elastic_dag.py took 0.407 seconds
[2024-07-25T18:50:11.968+0000] {processor.py:154} INFO - Started process (PID=257) to work on /opt/airflow/dags/elastic_dag.py
[2024-07-25T18:50:11.973+0000] {processor.py:756} INFO - Processing file /opt/airflow/dags/elastic_dag.py for tasks to queue
[2024-07-25T18:50:11.973+0000] {logging_mixin.py:120} INFO - [2024-07-25T18:50:11.973+0000] {dagbag.py:537} INFO - Filling up the DagBag from /opt/airflow/dags/elastic_dag.py
[2024-07-25T18:50:12.191+0000] {processor.py:766} INFO - DAG(s) dict_keys(['elastic_dag']) retrieved from /opt/airflow/dags/elastic_dag.py
[2024-07-25T18:50:12.224+0000] {logging_mixin.py:120} INFO - [2024-07-25T18:50:12.224+0000] {dag.py:2585} INFO - Sync 1 DAGs
[2024-07-25T18:50:12.247+0000] {logging_mixin.py:120} INFO - [2024-07-25T18:50:12.247+0000] {dag.py:3340} INFO - Setting next_dagrun for elastic_dag to 2024-07-24T00:00:00+00:00, run_after=2024-07-25T00:00:00+00:00
[2024-07-25T18:50:12.262+0000] {processor.py:176} INFO - Processing /opt/airflow/dags/elastic_dag.py took 0.296 seconds
[2024-07-25T18:50:42.641+0000] {processor.py:154} INFO - Started process (PID=297) to work on /opt/airflow/dags/elastic_dag.py
[2024-07-25T18:50:42.642+0000] {processor.py:756} INFO - Processing file /opt/airflow/dags/elastic_dag.py for tasks to queue
[2024-07-25T18:50:42.642+0000] {logging_mixin.py:120} INFO - [2024-07-25T18:50:42.642+0000] {dagbag.py:537} INFO - Filling up the DagBag from /opt/airflow/dags/elastic_dag.py
[2024-07-25T18:50:42.862+0000] {processor.py:766} INFO - DAG(s) dict_keys(['elastic_dag']) retrieved from /opt/airflow/dags/elastic_dag.py
[2024-07-25T18:50:42.894+0000] {logging_mixin.py:120} INFO - [2024-07-25T18:50:42.894+0000] {dag.py:2585} INFO - Sync 1 DAGs
[2024-07-25T18:50:42.917+0000] {logging_mixin.py:120} INFO - [2024-07-25T18:50:42.917+0000] {dag.py:3340} INFO - Setting next_dagrun for elastic_dag to 2024-07-24T00:00:00+00:00, run_after=2024-07-25T00:00:00+00:00
[2024-07-25T18:50:42.934+0000] {processor.py:176} INFO - Processing /opt/airflow/dags/elastic_dag.py took 0.296 seconds
[2024-07-25T18:51:12.949+0000] {processor.py:154} INFO - Started process (PID=342) to work on /opt/airflow/dags/elastic_dag.py
[2024-07-25T18:51:12.950+0000] {processor.py:756} INFO - Processing file /opt/airflow/dags/elastic_dag.py for tasks to queue
[2024-07-25T18:51:12.951+0000] {logging_mixin.py:120} INFO - [2024-07-25T18:51:12.951+0000] {dagbag.py:537} INFO - Filling up the DagBag from /opt/airflow/dags/elastic_dag.py
[2024-07-25T18:51:13.144+0000] {processor.py:766} INFO - DAG(s) dict_keys(['elastic_dag']) retrieved from /opt/airflow/dags/elastic_dag.py
[2024-07-25T18:51:13.172+0000] {logging_mixin.py:120} INFO - [2024-07-25T18:51:13.172+0000] {dag.py:2585} INFO - Sync 1 DAGs
[2024-07-25T18:51:13.193+0000] {logging_mixin.py:120} INFO - [2024-07-25T18:51:13.193+0000] {dag.py:3340} INFO - Setting next_dagrun for elastic_dag to 2024-07-24T00:00:00+00:00, run_after=2024-07-25T00:00:00+00:00
[2024-07-25T18:51:13.206+0000] {processor.py:176} INFO - Processing /opt/airflow/dags/elastic_dag.py took 0.260 seconds
[2024-07-25T18:51:44.134+0000] {processor.py:154} INFO - Started process (PID=383) to work on /opt/airflow/dags/elastic_dag.py
[2024-07-25T18:51:44.135+0000] {processor.py:756} INFO - Processing file /opt/airflow/dags/elastic_dag.py for tasks to queue
[2024-07-25T18:51:44.136+0000] {logging_mixin.py:120} INFO - [2024-07-25T18:51:44.136+0000] {dagbag.py:537} INFO - Filling up the DagBag from /opt/airflow/dags/elastic_dag.py
[2024-07-25T18:51:45.785+0000] {processor.py:766} INFO - DAG(s) dict_keys(['elastic_dag']) retrieved from /opt/airflow/dags/elastic_dag.py
[2024-07-25T18:51:45.857+0000] {logging_mixin.py:120} INFO - [2024-07-25T18:51:45.857+0000] {dag.py:2585} INFO - Sync 1 DAGs
[2024-07-25T18:51:45.912+0000] {logging_mixin.py:120} INFO - [2024-07-25T18:51:45.912+0000] {dag.py:3340} INFO - Setting next_dagrun for elastic_dag to 2024-07-24T00:00:00+00:00, run_after=2024-07-25T00:00:00+00:00
[2024-07-25T18:51:45.954+0000] {processor.py:176} INFO - Processing /opt/airflow/dags/elastic_dag.py took 1.823 seconds
[2024-07-25T19:05:47.761+0000] {processor.py:154} INFO - Started process (PID=408) to work on /opt/airflow/dags/elastic_dag.py
[2024-07-25T19:05:47.764+0000] {processor.py:756} INFO - Processing file /opt/airflow/dags/elastic_dag.py for tasks to queue
[2024-07-25T19:05:47.765+0000] {logging_mixin.py:120} INFO - [2024-07-25T19:05:47.765+0000] {dagbag.py:537} INFO - Filling up the DagBag from /opt/airflow/dags/elastic_dag.py
[2024-07-25T19:05:48.007+0000] {processor.py:766} INFO - DAG(s) dict_keys(['elastic_dag']) retrieved from /opt/airflow/dags/elastic_dag.py
[2024-07-25T19:05:48.038+0000] {logging_mixin.py:120} INFO - [2024-07-25T19:05:48.037+0000] {dag.py:2585} INFO - Sync 1 DAGs
[2024-07-25T19:05:48.062+0000] {logging_mixin.py:120} INFO - [2024-07-25T19:05:48.062+0000] {dag.py:3340} INFO - Setting next_dagrun for elastic_dag to 2024-07-24T00:00:00+00:00, run_after=2024-07-25T00:00:00+00:00
[2024-07-25T19:05:48.079+0000] {processor.py:176} INFO - Processing /opt/airflow/dags/elastic_dag.py took 0.325 seconds
[2024-07-25T19:06:42.616+0000] {processor.py:154} INFO - Started process (PID=448) to work on /opt/airflow/dags/elastic_dag.py
[2024-07-25T19:06:42.618+0000] {processor.py:756} INFO - Processing file /opt/airflow/dags/elastic_dag.py for tasks to queue
[2024-07-25T19:06:42.619+0000] {logging_mixin.py:120} INFO - [2024-07-25T19:06:42.619+0000] {dagbag.py:537} INFO - Filling up the DagBag from /opt/airflow/dags/elastic_dag.py
[2024-07-25T19:06:42.834+0000] {processor.py:766} INFO - DAG(s) dict_keys(['elastic_dag']) retrieved from /opt/airflow/dags/elastic_dag.py
[2024-07-25T19:06:42.867+0000] {logging_mixin.py:120} INFO - [2024-07-25T19:06:42.866+0000] {dag.py:2585} INFO - Sync 1 DAGs
[2024-07-25T19:06:42.890+0000] {logging_mixin.py:120} INFO - [2024-07-25T19:06:42.890+0000] {dag.py:3340} INFO - Setting next_dagrun for elastic_dag to 2024-07-24T00:00:00+00:00, run_after=2024-07-25T00:00:00+00:00
[2024-07-25T19:06:42.905+0000] {processor.py:176} INFO - Processing /opt/airflow/dags/elastic_dag.py took 0.292 seconds
[2024-07-25T19:07:13.354+0000] {processor.py:154} INFO - Started process (PID=488) to work on /opt/airflow/dags/elastic_dag.py
[2024-07-25T19:07:13.355+0000] {processor.py:756} INFO - Processing file /opt/airflow/dags/elastic_dag.py for tasks to queue
[2024-07-25T19:07:13.356+0000] {logging_mixin.py:120} INFO - [2024-07-25T19:07:13.356+0000] {dagbag.py:537} INFO - Filling up the DagBag from /opt/airflow/dags/elastic_dag.py
[2024-07-25T19:07:13.586+0000] {processor.py:766} INFO - DAG(s) dict_keys(['elastic_dag']) retrieved from /opt/airflow/dags/elastic_dag.py
[2024-07-25T19:07:13.620+0000] {logging_mixin.py:120} INFO - [2024-07-25T19:07:13.620+0000] {dag.py:2585} INFO - Sync 1 DAGs
[2024-07-25T19:07:13.646+0000] {logging_mixin.py:120} INFO - [2024-07-25T19:07:13.645+0000] {dag.py:3340} INFO - Setting next_dagrun for elastic_dag to 2024-07-24T00:00:00+00:00, run_after=2024-07-25T00:00:00+00:00
[2024-07-25T19:07:13.663+0000] {processor.py:176} INFO - Processing /opt/airflow/dags/elastic_dag.py took 0.312 seconds
[2024-07-25T19:08:07.816+0000] {processor.py:154} INFO - Started process (PID=519) to work on /opt/airflow/dags/elastic_dag.py
[2024-07-25T19:08:07.818+0000] {processor.py:756} INFO - Processing file /opt/airflow/dags/elastic_dag.py for tasks to queue
[2024-07-25T19:08:07.819+0000] {logging_mixin.py:120} INFO - [2024-07-25T19:08:07.819+0000] {dagbag.py:537} INFO - Filling up the DagBag from /opt/airflow/dags/elastic_dag.py
[2024-07-25T19:08:08.031+0000] {processor.py:766} INFO - DAG(s) dict_keys(['elastic_dag']) retrieved from /opt/airflow/dags/elastic_dag.py
[2024-07-25T19:08:08.062+0000] {logging_mixin.py:120} INFO - [2024-07-25T19:08:08.061+0000] {dag.py:2585} INFO - Sync 1 DAGs
[2024-07-25T19:08:08.090+0000] {logging_mixin.py:120} INFO - [2024-07-25T19:08:08.090+0000] {dag.py:3340} INFO - Setting next_dagrun for elastic_dag to 2024-07-24T00:00:00+00:00, run_after=2024-07-25T00:00:00+00:00
[2024-07-25T19:08:08.110+0000] {processor.py:176} INFO - Processing /opt/airflow/dags/elastic_dag.py took 0.296 seconds
[2024-07-25T19:08:38.139+0000] {processor.py:154} INFO - Started process (PID=559) to work on /opt/airflow/dags/elastic_dag.py
[2024-07-25T19:08:38.140+0000] {processor.py:756} INFO - Processing file /opt/airflow/dags/elastic_dag.py for tasks to queue
[2024-07-25T19:08:38.141+0000] {logging_mixin.py:120} INFO - [2024-07-25T19:08:38.141+0000] {dagbag.py:537} INFO - Filling up the DagBag from /opt/airflow/dags/elastic_dag.py
[2024-07-25T19:08:38.367+0000] {processor.py:766} INFO - DAG(s) dict_keys(['elastic_dag']) retrieved from /opt/airflow/dags/elastic_dag.py
[2024-07-25T19:08:38.400+0000] {logging_mixin.py:120} INFO - [2024-07-25T19:08:38.400+0000] {dag.py:2585} INFO - Sync 1 DAGs
[2024-07-25T19:08:38.425+0000] {logging_mixin.py:120} INFO - [2024-07-25T19:08:38.425+0000] {dag.py:3340} INFO - Setting next_dagrun for elastic_dag to 2024-07-24T00:00:00+00:00, run_after=2024-07-25T00:00:00+00:00
[2024-07-25T19:08:38.441+0000] {processor.py:176} INFO - Processing /opt/airflow/dags/elastic_dag.py took 0.306 seconds
[2024-07-25T19:09:08.912+0000] {processor.py:154} INFO - Started process (PID=599) to work on /opt/airflow/dags/elastic_dag.py
[2024-07-25T19:09:08.913+0000] {processor.py:756} INFO - Processing file /opt/airflow/dags/elastic_dag.py for tasks to queue
[2024-07-25T19:09:08.914+0000] {logging_mixin.py:120} INFO - [2024-07-25T19:09:08.914+0000] {dagbag.py:537} INFO - Filling up the DagBag from /opt/airflow/dags/elastic_dag.py
[2024-07-25T19:09:09.147+0000] {processor.py:766} INFO - DAG(s) dict_keys(['elastic_dag']) retrieved from /opt/airflow/dags/elastic_dag.py
[2024-07-25T19:09:09.181+0000] {logging_mixin.py:120} INFO - [2024-07-25T19:09:09.181+0000] {dag.py:2585} INFO - Sync 1 DAGs
[2024-07-25T19:09:09.206+0000] {logging_mixin.py:120} INFO - [2024-07-25T19:09:09.205+0000] {dag.py:3340} INFO - Setting next_dagrun for elastic_dag to 2024-07-24T00:00:00+00:00, run_after=2024-07-25T00:00:00+00:00
[2024-07-25T19:09:09.227+0000] {processor.py:176} INFO - Processing /opt/airflow/dags/elastic_dag.py took 0.319 seconds
[2024-07-25T19:09:39.282+0000] {processor.py:154} INFO - Started process (PID=642) to work on /opt/airflow/dags/elastic_dag.py
[2024-07-25T19:09:39.284+0000] {processor.py:756} INFO - Processing file /opt/airflow/dags/elastic_dag.py for tasks to queue
[2024-07-25T19:09:39.285+0000] {logging_mixin.py:120} INFO - [2024-07-25T19:09:39.285+0000] {dagbag.py:537} INFO - Filling up the DagBag from /opt/airflow/dags/elastic_dag.py
[2024-07-25T19:09:39.523+0000] {processor.py:766} INFO - DAG(s) dict_keys(['elastic_dag']) retrieved from /opt/airflow/dags/elastic_dag.py
[2024-07-25T19:09:39.559+0000] {logging_mixin.py:120} INFO - [2024-07-25T19:09:39.559+0000] {dag.py:2585} INFO - Sync 1 DAGs
[2024-07-25T19:09:39.584+0000] {logging_mixin.py:120} INFO - [2024-07-25T19:09:39.583+0000] {dag.py:3340} INFO - Setting next_dagrun for elastic_dag to 2024-07-24T00:00:00+00:00, run_after=2024-07-25T00:00:00+00:00
[2024-07-25T19:09:39.602+0000] {processor.py:176} INFO - Processing /opt/airflow/dags/elastic_dag.py took 0.323 seconds
[2024-07-25T19:10:09.714+0000] {processor.py:154} INFO - Started process (PID=676) to work on /opt/airflow/dags/elastic_dag.py
[2024-07-25T19:10:09.715+0000] {processor.py:756} INFO - Processing file /opt/airflow/dags/elastic_dag.py for tasks to queue
[2024-07-25T19:10:09.715+0000] {logging_mixin.py:120} INFO - [2024-07-25T19:10:09.715+0000] {dagbag.py:537} INFO - Filling up the DagBag from /opt/airflow/dags/elastic_dag.py
[2024-07-25T19:10:09.922+0000] {processor.py:766} INFO - DAG(s) dict_keys(['elastic_dag']) retrieved from /opt/airflow/dags/elastic_dag.py
[2024-07-25T19:10:09.953+0000] {logging_mixin.py:120} INFO - [2024-07-25T19:10:09.953+0000] {dag.py:2585} INFO - Sync 1 DAGs
[2024-07-25T19:10:09.975+0000] {logging_mixin.py:120} INFO - [2024-07-25T19:10:09.975+0000] {dag.py:3340} INFO - Setting next_dagrun for elastic_dag to 2024-07-24T00:00:00+00:00, run_after=2024-07-25T00:00:00+00:00
[2024-07-25T19:10:09.990+0000] {processor.py:176} INFO - Processing /opt/airflow/dags/elastic_dag.py took 0.280 seconds
[2024-07-25T19:10:40.016+0000] {processor.py:154} INFO - Started process (PID=716) to work on /opt/airflow/dags/elastic_dag.py
[2024-07-25T19:10:40.017+0000] {processor.py:756} INFO - Processing file /opt/airflow/dags/elastic_dag.py for tasks to queue
[2024-07-25T19:10:40.018+0000] {logging_mixin.py:120} INFO - [2024-07-25T19:10:40.018+0000] {dagbag.py:537} INFO - Filling up the DagBag from /opt/airflow/dags/elastic_dag.py
[2024-07-25T19:10:40.219+0000] {processor.py:766} INFO - DAG(s) dict_keys(['elastic_dag']) retrieved from /opt/airflow/dags/elastic_dag.py
[2024-07-25T19:10:40.250+0000] {logging_mixin.py:120} INFO - [2024-07-25T19:10:40.250+0000] {dag.py:2585} INFO - Sync 1 DAGs
[2024-07-25T19:10:40.271+0000] {logging_mixin.py:120} INFO - [2024-07-25T19:10:40.271+0000] {dag.py:3340} INFO - Setting next_dagrun for elastic_dag to 2024-07-24T00:00:00+00:00, run_after=2024-07-25T00:00:00+00:00
[2024-07-25T19:10:40.286+0000] {processor.py:176} INFO - Processing /opt/airflow/dags/elastic_dag.py took 0.273 seconds
[2024-07-25T19:11:10.609+0000] {processor.py:154} INFO - Started process (PID=756) to work on /opt/airflow/dags/elastic_dag.py
[2024-07-25T19:11:10.610+0000] {processor.py:756} INFO - Processing file /opt/airflow/dags/elastic_dag.py for tasks to queue
[2024-07-25T19:11:10.611+0000] {logging_mixin.py:120} INFO - [2024-07-25T19:11:10.610+0000] {dagbag.py:537} INFO - Filling up the DagBag from /opt/airflow/dags/elastic_dag.py
[2024-07-25T19:11:10.824+0000] {processor.py:766} INFO - DAG(s) dict_keys(['elastic_dag']) retrieved from /opt/airflow/dags/elastic_dag.py
[2024-07-25T19:11:10.855+0000] {logging_mixin.py:120} INFO - [2024-07-25T19:11:10.855+0000] {dag.py:2585} INFO - Sync 1 DAGs
[2024-07-25T19:11:10.879+0000] {logging_mixin.py:120} INFO - [2024-07-25T19:11:10.879+0000] {dag.py:3340} INFO - Setting next_dagrun for elastic_dag to 2024-07-24T00:00:00+00:00, run_after=2024-07-25T00:00:00+00:00
[2024-07-25T19:11:10.894+0000] {processor.py:176} INFO - Processing /opt/airflow/dags/elastic_dag.py took 0.289 seconds
[2024-07-25T19:11:40.966+0000] {processor.py:154} INFO - Started process (PID=798) to work on /opt/airflow/dags/elastic_dag.py
[2024-07-25T19:11:40.966+0000] {processor.py:756} INFO - Processing file /opt/airflow/dags/elastic_dag.py for tasks to queue
[2024-07-25T19:11:40.967+0000] {logging_mixin.py:120} INFO - [2024-07-25T19:11:40.967+0000] {dagbag.py:537} INFO - Filling up the DagBag from /opt/airflow/dags/elastic_dag.py
[2024-07-25T19:11:41.178+0000] {processor.py:766} INFO - DAG(s) dict_keys(['elastic_dag']) retrieved from /opt/airflow/dags/elastic_dag.py
[2024-07-25T19:11:41.208+0000] {logging_mixin.py:120} INFO - [2024-07-25T19:11:41.208+0000] {dag.py:2585} INFO - Sync 1 DAGs
[2024-07-25T19:11:41.229+0000] {logging_mixin.py:120} INFO - [2024-07-25T19:11:41.229+0000] {dag.py:3340} INFO - Setting next_dagrun for elastic_dag to 2024-07-24T00:00:00+00:00, run_after=2024-07-25T00:00:00+00:00
[2024-07-25T19:11:41.243+0000] {processor.py:176} INFO - Processing /opt/airflow/dags/elastic_dag.py took 0.280 seconds
[2024-07-25T19:12:12.011+0000] {processor.py:154} INFO - Started process (PID=829) to work on /opt/airflow/dags/elastic_dag.py
[2024-07-25T19:12:12.012+0000] {processor.py:756} INFO - Processing file /opt/airflow/dags/elastic_dag.py for tasks to queue
[2024-07-25T19:12:12.012+0000] {logging_mixin.py:120} INFO - [2024-07-25T19:12:12.012+0000] {dagbag.py:537} INFO - Filling up the DagBag from /opt/airflow/dags/elastic_dag.py
[2024-07-25T19:12:12.207+0000] {processor.py:766} INFO - DAG(s) dict_keys(['elastic_dag']) retrieved from /opt/airflow/dags/elastic_dag.py
[2024-07-25T19:12:12.236+0000] {logging_mixin.py:120} INFO - [2024-07-25T19:12:12.235+0000] {dag.py:2585} INFO - Sync 1 DAGs
[2024-07-25T19:12:12.256+0000] {logging_mixin.py:120} INFO - [2024-07-25T19:12:12.256+0000] {dag.py:3340} INFO - Setting next_dagrun for elastic_dag to 2024-07-24T00:00:00+00:00, run_after=2024-07-25T00:00:00+00:00
[2024-07-25T19:12:12.269+0000] {processor.py:176} INFO - Processing /opt/airflow/dags/elastic_dag.py took 0.260 seconds
[2024-07-25T19:12:42.785+0000] {processor.py:154} INFO - Started process (PID=869) to work on /opt/airflow/dags/elastic_dag.py
[2024-07-25T19:12:42.786+0000] {processor.py:756} INFO - Processing file /opt/airflow/dags/elastic_dag.py for tasks to queue
[2024-07-25T19:12:42.787+0000] {logging_mixin.py:120} INFO - [2024-07-25T19:12:42.787+0000] {dagbag.py:537} INFO - Filling up the DagBag from /opt/airflow/dags/elastic_dag.py
[2024-07-25T19:12:42.986+0000] {processor.py:766} INFO - DAG(s) dict_keys(['elastic_dag']) retrieved from /opt/airflow/dags/elastic_dag.py
[2024-07-25T19:12:43.021+0000] {logging_mixin.py:120} INFO - [2024-07-25T19:12:43.020+0000] {dag.py:2585} INFO - Sync 1 DAGs
[2024-07-25T19:12:43.043+0000] {logging_mixin.py:120} INFO - [2024-07-25T19:12:43.042+0000] {dag.py:3340} INFO - Setting next_dagrun for elastic_dag to 2024-07-24T00:00:00+00:00, run_after=2024-07-25T00:00:00+00:00
[2024-07-25T19:12:43.056+0000] {processor.py:176} INFO - Processing /opt/airflow/dags/elastic_dag.py took 0.273 seconds
[2024-07-25T19:13:13.584+0000] {processor.py:154} INFO - Started process (PID=909) to work on /opt/airflow/dags/elastic_dag.py
[2024-07-25T19:13:13.585+0000] {processor.py:756} INFO - Processing file /opt/airflow/dags/elastic_dag.py for tasks to queue
[2024-07-25T19:13:13.586+0000] {logging_mixin.py:120} INFO - [2024-07-25T19:13:13.586+0000] {dagbag.py:537} INFO - Filling up the DagBag from /opt/airflow/dags/elastic_dag.py
[2024-07-25T19:13:13.778+0000] {processor.py:766} INFO - DAG(s) dict_keys(['elastic_dag']) retrieved from /opt/airflow/dags/elastic_dag.py
[2024-07-25T19:13:13.807+0000] {logging_mixin.py:120} INFO - [2024-07-25T19:13:13.806+0000] {dag.py:2585} INFO - Sync 1 DAGs
[2024-07-25T19:13:13.831+0000] {logging_mixin.py:120} INFO - [2024-07-25T19:13:13.831+0000] {dag.py:3340} INFO - Setting next_dagrun for elastic_dag to 2024-07-24T00:00:00+00:00, run_after=2024-07-25T00:00:00+00:00
[2024-07-25T19:13:13.849+0000] {processor.py:176} INFO - Processing /opt/airflow/dags/elastic_dag.py took 0.268 seconds
[2024-07-25T19:13:44.376+0000] {processor.py:154} INFO - Started process (PID=949) to work on /opt/airflow/dags/elastic_dag.py
[2024-07-25T19:13:44.377+0000] {processor.py:756} INFO - Processing file /opt/airflow/dags/elastic_dag.py for tasks to queue
[2024-07-25T19:13:44.378+0000] {logging_mixin.py:120} INFO - [2024-07-25T19:13:44.377+0000] {dagbag.py:537} INFO - Filling up the DagBag from /opt/airflow/dags/elastic_dag.py
[2024-07-25T19:13:44.573+0000] {processor.py:766} INFO - DAG(s) dict_keys(['elastic_dag']) retrieved from /opt/airflow/dags/elastic_dag.py
[2024-07-25T19:13:44.602+0000] {logging_mixin.py:120} INFO - [2024-07-25T19:13:44.602+0000] {dag.py:2585} INFO - Sync 1 DAGs
[2024-07-25T19:13:44.624+0000] {logging_mixin.py:120} INFO - [2024-07-25T19:13:44.624+0000] {dag.py:3340} INFO - Setting next_dagrun for elastic_dag to 2024-07-24T00:00:00+00:00, run_after=2024-07-25T00:00:00+00:00
[2024-07-25T19:13:44.639+0000] {processor.py:176} INFO - Processing /opt/airflow/dags/elastic_dag.py took 0.265 seconds
[2024-07-25T19:14:15.178+0000] {processor.py:154} INFO - Started process (PID=989) to work on /opt/airflow/dags/elastic_dag.py
[2024-07-25T19:14:15.179+0000] {processor.py:756} INFO - Processing file /opt/airflow/dags/elastic_dag.py for tasks to queue
[2024-07-25T19:14:15.180+0000] {logging_mixin.py:120} INFO - [2024-07-25T19:14:15.180+0000] {dagbag.py:537} INFO - Filling up the DagBag from /opt/airflow/dags/elastic_dag.py
[2024-07-25T19:14:15.375+0000] {processor.py:766} INFO - DAG(s) dict_keys(['elastic_dag']) retrieved from /opt/airflow/dags/elastic_dag.py
[2024-07-25T19:14:15.405+0000] {logging_mixin.py:120} INFO - [2024-07-25T19:14:15.405+0000] {dag.py:2585} INFO - Sync 1 DAGs
[2024-07-25T19:14:15.430+0000] {logging_mixin.py:120} INFO - [2024-07-25T19:14:15.430+0000] {dag.py:3340} INFO - Setting next_dagrun for elastic_dag to 2024-07-24T00:00:00+00:00, run_after=2024-07-25T00:00:00+00:00
[2024-07-25T19:14:15.446+0000] {processor.py:176} INFO - Processing /opt/airflow/dags/elastic_dag.py took 0.271 seconds
[2024-07-25T19:14:45.995+0000] {processor.py:154} INFO - Started process (PID=1020) to work on /opt/airflow/dags/elastic_dag.py
[2024-07-25T19:14:45.996+0000] {processor.py:756} INFO - Processing file /opt/airflow/dags/elastic_dag.py for tasks to queue
[2024-07-25T19:14:45.996+0000] {logging_mixin.py:120} INFO - [2024-07-25T19:14:45.996+0000] {dagbag.py:537} INFO - Filling up the DagBag from /opt/airflow/dags/elastic_dag.py
[2024-07-25T19:14:46.196+0000] {processor.py:766} INFO - DAG(s) dict_keys(['elastic_dag']) retrieved from /opt/airflow/dags/elastic_dag.py
[2024-07-25T19:14:46.226+0000] {logging_mixin.py:120} INFO - [2024-07-25T19:14:46.225+0000] {dag.py:2585} INFO - Sync 1 DAGs
[2024-07-25T19:14:46.249+0000] {logging_mixin.py:120} INFO - [2024-07-25T19:14:46.249+0000] {dag.py:3340} INFO - Setting next_dagrun for elastic_dag to 2024-07-24T00:00:00+00:00, run_after=2024-07-25T00:00:00+00:00
[2024-07-25T19:14:46.263+0000] {processor.py:176} INFO - Processing /opt/airflow/dags/elastic_dag.py took 0.271 seconds
[2024-07-25T19:15:16.814+0000] {processor.py:154} INFO - Started process (PID=1060) to work on /opt/airflow/dags/elastic_dag.py
[2024-07-25T19:15:16.815+0000] {processor.py:756} INFO - Processing file /opt/airflow/dags/elastic_dag.py for tasks to queue
[2024-07-25T19:15:16.816+0000] {logging_mixin.py:120} INFO - [2024-07-25T19:15:16.816+0000] {dagbag.py:537} INFO - Filling up the DagBag from /opt/airflow/dags/elastic_dag.py
[2024-07-25T19:15:17.019+0000] {processor.py:766} INFO - DAG(s) dict_keys(['elastic_dag']) retrieved from /opt/airflow/dags/elastic_dag.py
[2024-07-25T19:15:17.049+0000] {logging_mixin.py:120} INFO - [2024-07-25T19:15:17.048+0000] {dag.py:2585} INFO - Sync 1 DAGs
[2024-07-25T19:15:17.070+0000] {logging_mixin.py:120} INFO - [2024-07-25T19:15:17.070+0000] {dag.py:3340} INFO - Setting next_dagrun for elastic_dag to 2024-07-24T00:00:00+00:00, run_after=2024-07-25T00:00:00+00:00
[2024-07-25T19:15:17.084+0000] {processor.py:176} INFO - Processing /opt/airflow/dags/elastic_dag.py took 0.273 seconds
[2024-07-25T19:15:47.603+0000] {processor.py:154} INFO - Started process (PID=1100) to work on /opt/airflow/dags/elastic_dag.py
[2024-07-25T19:15:47.603+0000] {processor.py:756} INFO - Processing file /opt/airflow/dags/elastic_dag.py for tasks to queue
[2024-07-25T19:15:47.604+0000] {logging_mixin.py:120} INFO - [2024-07-25T19:15:47.604+0000] {dagbag.py:537} INFO - Filling up the DagBag from /opt/airflow/dags/elastic_dag.py
[2024-07-25T19:15:47.797+0000] {processor.py:766} INFO - DAG(s) dict_keys(['elastic_dag']) retrieved from /opt/airflow/dags/elastic_dag.py
[2024-07-25T19:15:47.825+0000] {logging_mixin.py:120} INFO - [2024-07-25T19:15:47.825+0000] {dag.py:2585} INFO - Sync 1 DAGs
[2024-07-25T19:15:47.846+0000] {logging_mixin.py:120} INFO - [2024-07-25T19:15:47.846+0000] {dag.py:3340} INFO - Setting next_dagrun for elastic_dag to 2024-07-24T00:00:00+00:00, run_after=2024-07-25T00:00:00+00:00
[2024-07-25T19:15:47.860+0000] {processor.py:176} INFO - Processing /opt/airflow/dags/elastic_dag.py took 0.260 seconds
[2024-07-25T19:16:18.357+0000] {processor.py:154} INFO - Started process (PID=1140) to work on /opt/airflow/dags/elastic_dag.py
[2024-07-25T19:16:18.358+0000] {processor.py:756} INFO - Processing file /opt/airflow/dags/elastic_dag.py for tasks to queue
[2024-07-25T19:16:18.359+0000] {logging_mixin.py:120} INFO - [2024-07-25T19:16:18.359+0000] {dagbag.py:537} INFO - Filling up the DagBag from /opt/airflow/dags/elastic_dag.py
[2024-07-25T19:16:18.552+0000] {processor.py:766} INFO - DAG(s) dict_keys(['elastic_dag']) retrieved from /opt/airflow/dags/elastic_dag.py
[2024-07-25T19:16:18.582+0000] {logging_mixin.py:120} INFO - [2024-07-25T19:16:18.581+0000] {dag.py:2585} INFO - Sync 1 DAGs
[2024-07-25T19:16:18.617+0000] {logging_mixin.py:120} INFO - [2024-07-25T19:16:18.617+0000] {dag.py:3340} INFO - Setting next_dagrun for elastic_dag to 2024-07-24T00:00:00+00:00, run_after=2024-07-25T00:00:00+00:00
[2024-07-25T19:16:18.632+0000] {processor.py:176} INFO - Processing /opt/airflow/dags/elastic_dag.py took 0.277 seconds
[2024-07-25T19:16:49.182+0000] {processor.py:154} INFO - Started process (PID=1180) to work on /opt/airflow/dags/elastic_dag.py
[2024-07-25T19:16:49.183+0000] {processor.py:756} INFO - Processing file /opt/airflow/dags/elastic_dag.py for tasks to queue
[2024-07-25T19:16:49.184+0000] {logging_mixin.py:120} INFO - [2024-07-25T19:16:49.183+0000] {dagbag.py:537} INFO - Filling up the DagBag from /opt/airflow/dags/elastic_dag.py
[2024-07-25T19:16:49.372+0000] {processor.py:766} INFO - DAG(s) dict_keys(['elastic_dag']) retrieved from /opt/airflow/dags/elastic_dag.py
[2024-07-25T19:16:49.401+0000] {logging_mixin.py:120} INFO - [2024-07-25T19:16:49.400+0000] {dag.py:2585} INFO - Sync 1 DAGs
[2024-07-25T19:16:49.422+0000] {logging_mixin.py:120} INFO - [2024-07-25T19:16:49.422+0000] {dag.py:3340} INFO - Setting next_dagrun for elastic_dag to 2024-07-24T00:00:00+00:00, run_after=2024-07-25T00:00:00+00:00
[2024-07-25T19:16:49.436+0000] {processor.py:176} INFO - Processing /opt/airflow/dags/elastic_dag.py took 0.257 seconds
[2024-07-25T19:17:19.504+0000] {processor.py:154} INFO - Started process (PID=1211) to work on /opt/airflow/dags/elastic_dag.py
[2024-07-25T19:17:19.505+0000] {processor.py:756} INFO - Processing file /opt/airflow/dags/elastic_dag.py for tasks to queue
[2024-07-25T19:17:19.506+0000] {logging_mixin.py:120} INFO - [2024-07-25T19:17:19.506+0000] {dagbag.py:537} INFO - Filling up the DagBag from /opt/airflow/dags/elastic_dag.py
[2024-07-25T19:17:19.703+0000] {processor.py:766} INFO - DAG(s) dict_keys(['elastic_dag']) retrieved from /opt/airflow/dags/elastic_dag.py
[2024-07-25T19:17:19.735+0000] {logging_mixin.py:120} INFO - [2024-07-25T19:17:19.734+0000] {dag.py:2585} INFO - Sync 1 DAGs
[2024-07-25T19:17:19.757+0000] {logging_mixin.py:120} INFO - [2024-07-25T19:17:19.757+0000] {dag.py:3340} INFO - Setting next_dagrun for elastic_dag to 2024-07-24T00:00:00+00:00, run_after=2024-07-25T00:00:00+00:00
[2024-07-25T19:17:19.771+0000] {processor.py:176} INFO - Processing /opt/airflow/dags/elastic_dag.py took 0.270 seconds
[2024-07-25T19:17:50.301+0000] {processor.py:154} INFO - Started process (PID=1251) to work on /opt/airflow/dags/elastic_dag.py
[2024-07-25T19:17:50.303+0000] {processor.py:756} INFO - Processing file /opt/airflow/dags/elastic_dag.py for tasks to queue
[2024-07-25T19:17:50.303+0000] {logging_mixin.py:120} INFO - [2024-07-25T19:17:50.303+0000] {dagbag.py:537} INFO - Filling up the DagBag from /opt/airflow/dags/elastic_dag.py
[2024-07-25T19:17:50.510+0000] {processor.py:766} INFO - DAG(s) dict_keys(['elastic_dag']) retrieved from /opt/airflow/dags/elastic_dag.py
[2024-07-25T19:17:50.542+0000] {logging_mixin.py:120} INFO - [2024-07-25T19:17:50.541+0000] {dag.py:2585} INFO - Sync 1 DAGs
[2024-07-25T19:17:50.565+0000] {logging_mixin.py:120} INFO - [2024-07-25T19:17:50.564+0000] {dag.py:3340} INFO - Setting next_dagrun for elastic_dag to 2024-07-24T00:00:00+00:00, run_after=2024-07-25T00:00:00+00:00
[2024-07-25T19:17:50.580+0000] {processor.py:176} INFO - Processing /opt/airflow/dags/elastic_dag.py took 0.282 seconds
[2024-07-25T19:18:21.111+0000] {processor.py:154} INFO - Started process (PID=1291) to work on /opt/airflow/dags/elastic_dag.py
[2024-07-25T19:18:21.112+0000] {processor.py:756} INFO - Processing file /opt/airflow/dags/elastic_dag.py for tasks to queue
[2024-07-25T19:18:21.113+0000] {logging_mixin.py:120} INFO - [2024-07-25T19:18:21.112+0000] {dagbag.py:537} INFO - Filling up the DagBag from /opt/airflow/dags/elastic_dag.py
[2024-07-25T19:18:21.300+0000] {processor.py:766} INFO - DAG(s) dict_keys(['elastic_dag']) retrieved from /opt/airflow/dags/elastic_dag.py
[2024-07-25T19:18:21.329+0000] {logging_mixin.py:120} INFO - [2024-07-25T19:18:21.328+0000] {dag.py:2585} INFO - Sync 1 DAGs
[2024-07-25T19:18:21.350+0000] {logging_mixin.py:120} INFO - [2024-07-25T19:18:21.350+0000] {dag.py:3340} INFO - Setting next_dagrun for elastic_dag to 2024-07-24T00:00:00+00:00, run_after=2024-07-25T00:00:00+00:00
[2024-07-25T19:18:21.363+0000] {processor.py:176} INFO - Processing /opt/airflow/dags/elastic_dag.py took 0.254 seconds
[2024-07-25T19:18:51.863+0000] {processor.py:154} INFO - Started process (PID=1331) to work on /opt/airflow/dags/elastic_dag.py
[2024-07-25T19:18:51.864+0000] {processor.py:756} INFO - Processing file /opt/airflow/dags/elastic_dag.py for tasks to queue
[2024-07-25T19:18:51.865+0000] {logging_mixin.py:120} INFO - [2024-07-25T19:18:51.865+0000] {dagbag.py:537} INFO - Filling up the DagBag from /opt/airflow/dags/elastic_dag.py
[2024-07-25T19:18:52.063+0000] {processor.py:766} INFO - DAG(s) dict_keys(['elastic_dag']) retrieved from /opt/airflow/dags/elastic_dag.py
[2024-07-25T19:18:52.091+0000] {logging_mixin.py:120} INFO - [2024-07-25T19:18:52.091+0000] {dag.py:2585} INFO - Sync 1 DAGs
[2024-07-25T19:18:52.121+0000] {logging_mixin.py:120} INFO - [2024-07-25T19:18:52.121+0000] {dag.py:3340} INFO - Setting next_dagrun for elastic_dag to 2024-07-24T00:00:00+00:00, run_after=2024-07-25T00:00:00+00:00
[2024-07-25T19:18:52.139+0000] {processor.py:176} INFO - Processing /opt/airflow/dags/elastic_dag.py took 0.278 seconds
[2024-07-25T19:19:22.682+0000] {processor.py:154} INFO - Started process (PID=1371) to work on /opt/airflow/dags/elastic_dag.py
[2024-07-25T19:19:22.682+0000] {processor.py:756} INFO - Processing file /opt/airflow/dags/elastic_dag.py for tasks to queue
[2024-07-25T19:19:22.683+0000] {logging_mixin.py:120} INFO - [2024-07-25T19:19:22.683+0000] {dagbag.py:537} INFO - Filling up the DagBag from /opt/airflow/dags/elastic_dag.py
[2024-07-25T19:19:22.875+0000] {processor.py:766} INFO - DAG(s) dict_keys(['elastic_dag']) retrieved from /opt/airflow/dags/elastic_dag.py
[2024-07-25T19:19:22.904+0000] {logging_mixin.py:120} INFO - [2024-07-25T19:19:22.903+0000] {dag.py:2585} INFO - Sync 1 DAGs
[2024-07-25T19:19:22.925+0000] {logging_mixin.py:120} INFO - [2024-07-25T19:19:22.925+0000] {dag.py:3340} INFO - Setting next_dagrun for elastic_dag to 2024-07-24T00:00:00+00:00, run_after=2024-07-25T00:00:00+00:00
[2024-07-25T19:19:22.941+0000] {processor.py:176} INFO - Processing /opt/airflow/dags/elastic_dag.py took 0.262 seconds
[2024-07-25T19:19:53.807+0000] {processor.py:154} INFO - Started process (PID=1402) to work on /opt/airflow/dags/elastic_dag.py
[2024-07-25T19:19:53.808+0000] {processor.py:756} INFO - Processing file /opt/airflow/dags/elastic_dag.py for tasks to queue
[2024-07-25T19:19:53.809+0000] {logging_mixin.py:120} INFO - [2024-07-25T19:19:53.809+0000] {dagbag.py:537} INFO - Filling up the DagBag from /opt/airflow/dags/elastic_dag.py
[2024-07-25T19:19:54.006+0000] {processor.py:766} INFO - DAG(s) dict_keys(['elastic_dag']) retrieved from /opt/airflow/dags/elastic_dag.py
[2024-07-25T19:19:54.034+0000] {logging_mixin.py:120} INFO - [2024-07-25T19:19:54.034+0000] {dag.py:2585} INFO - Sync 1 DAGs
[2024-07-25T19:19:54.055+0000] {logging_mixin.py:120} INFO - [2024-07-25T19:19:54.055+0000] {dag.py:3340} INFO - Setting next_dagrun for elastic_dag to 2024-07-24T00:00:00+00:00, run_after=2024-07-25T00:00:00+00:00
[2024-07-25T19:19:54.069+0000] {processor.py:176} INFO - Processing /opt/airflow/dags/elastic_dag.py took 0.265 seconds
[2024-07-25T19:20:24.586+0000] {processor.py:154} INFO - Started process (PID=1442) to work on /opt/airflow/dags/elastic_dag.py
[2024-07-25T19:20:24.588+0000] {processor.py:756} INFO - Processing file /opt/airflow/dags/elastic_dag.py for tasks to queue
[2024-07-25T19:20:24.589+0000] {logging_mixin.py:120} INFO - [2024-07-25T19:20:24.589+0000] {dagbag.py:537} INFO - Filling up the DagBag from /opt/airflow/dags/elastic_dag.py
[2024-07-25T19:20:24.787+0000] {processor.py:766} INFO - DAG(s) dict_keys(['elastic_dag']) retrieved from /opt/airflow/dags/elastic_dag.py
[2024-07-25T19:20:24.819+0000] {logging_mixin.py:120} INFO - [2024-07-25T19:20:24.819+0000] {dag.py:2585} INFO - Sync 1 DAGs
[2024-07-25T19:20:24.840+0000] {logging_mixin.py:120} INFO - [2024-07-25T19:20:24.840+0000] {dag.py:3340} INFO - Setting next_dagrun for elastic_dag to 2024-07-24T00:00:00+00:00, run_after=2024-07-25T00:00:00+00:00
[2024-07-25T19:20:24.853+0000] {processor.py:176} INFO - Processing /opt/airflow/dags/elastic_dag.py took 0.270 seconds
[2024-07-25T19:20:55.474+0000] {processor.py:154} INFO - Started process (PID=1482) to work on /opt/airflow/dags/elastic_dag.py
[2024-07-25T19:20:55.475+0000] {processor.py:756} INFO - Processing file /opt/airflow/dags/elastic_dag.py for tasks to queue
[2024-07-25T19:20:55.475+0000] {logging_mixin.py:120} INFO - [2024-07-25T19:20:55.475+0000] {dagbag.py:537} INFO - Filling up the DagBag from /opt/airflow/dags/elastic_dag.py
[2024-07-25T19:20:55.680+0000] {processor.py:766} INFO - DAG(s) dict_keys(['elastic_dag']) retrieved from /opt/airflow/dags/elastic_dag.py
[2024-07-25T19:20:55.712+0000] {logging_mixin.py:120} INFO - [2024-07-25T19:20:55.711+0000] {dag.py:2585} INFO - Sync 1 DAGs
[2024-07-25T19:20:55.734+0000] {logging_mixin.py:120} INFO - [2024-07-25T19:20:55.734+0000] {dag.py:3340} INFO - Setting next_dagrun for elastic_dag to 2024-07-24T00:00:00+00:00, run_after=2024-07-25T00:00:00+00:00
[2024-07-25T19:20:55.748+0000] {processor.py:176} INFO - Processing /opt/airflow/dags/elastic_dag.py took 0.277 seconds
[2024-07-25T19:21:26.277+0000] {processor.py:154} INFO - Started process (PID=1522) to work on /opt/airflow/dags/elastic_dag.py
[2024-07-25T19:21:26.278+0000] {processor.py:756} INFO - Processing file /opt/airflow/dags/elastic_dag.py for tasks to queue
[2024-07-25T19:21:26.279+0000] {logging_mixin.py:120} INFO - [2024-07-25T19:21:26.279+0000] {dagbag.py:537} INFO - Filling up the DagBag from /opt/airflow/dags/elastic_dag.py
[2024-07-25T19:21:26.665+0000] {processor.py:766} INFO - DAG(s) dict_keys(['elastic_dag']) retrieved from /opt/airflow/dags/elastic_dag.py
[2024-07-25T19:21:26.695+0000] {logging_mixin.py:120} INFO - [2024-07-25T19:21:26.694+0000] {dag.py:2585} INFO - Sync 1 DAGs
[2024-07-25T19:21:26.717+0000] {logging_mixin.py:120} INFO - [2024-07-25T19:21:26.717+0000] {dag.py:3340} INFO - Setting next_dagrun for elastic_dag to 2024-07-24T00:00:00+00:00, run_after=2024-07-25T00:00:00+00:00
[2024-07-25T19:21:26.730+0000] {processor.py:176} INFO - Processing /opt/airflow/dags/elastic_dag.py took 0.457 seconds
[2024-07-25T19:21:57.355+0000] {processor.py:154} INFO - Started process (PID=1562) to work on /opt/airflow/dags/elastic_dag.py
[2024-07-25T19:21:57.356+0000] {processor.py:756} INFO - Processing file /opt/airflow/dags/elastic_dag.py for tasks to queue
[2024-07-25T19:21:57.357+0000] {logging_mixin.py:120} INFO - [2024-07-25T19:21:57.357+0000] {dagbag.py:537} INFO - Filling up the DagBag from /opt/airflow/dags/elastic_dag.py
[2024-07-25T19:21:57.565+0000] {processor.py:766} INFO - DAG(s) dict_keys(['elastic_dag']) retrieved from /opt/airflow/dags/elastic_dag.py
[2024-07-25T19:21:57.594+0000] {logging_mixin.py:120} INFO - [2024-07-25T19:21:57.594+0000] {dag.py:2585} INFO - Sync 1 DAGs
[2024-07-25T19:21:57.622+0000] {logging_mixin.py:120} INFO - [2024-07-25T19:21:57.622+0000] {dag.py:3340} INFO - Setting next_dagrun for elastic_dag to 2024-07-24T00:00:00+00:00, run_after=2024-07-25T00:00:00+00:00
[2024-07-25T19:21:57.665+0000] {processor.py:176} INFO - Processing /opt/airflow/dags/elastic_dag.py took 0.313 seconds
[2024-07-25T19:22:27.717+0000] {processor.py:154} INFO - Started process (PID=1594) to work on /opt/airflow/dags/elastic_dag.py
[2024-07-25T19:22:27.718+0000] {processor.py:756} INFO - Processing file /opt/airflow/dags/elastic_dag.py for tasks to queue
[2024-07-25T19:22:27.730+0000] {logging_mixin.py:120} INFO - [2024-07-25T19:22:27.730+0000] {dagbag.py:537} INFO - Filling up the DagBag from /opt/airflow/dags/elastic_dag.py
[2024-07-25T19:22:27.989+0000] {processor.py:766} INFO - DAG(s) dict_keys(['elastic_dag']) retrieved from /opt/airflow/dags/elastic_dag.py
[2024-07-25T19:22:28.023+0000] {logging_mixin.py:120} INFO - [2024-07-25T19:22:28.023+0000] {dag.py:2585} INFO - Sync 1 DAGs
[2024-07-25T19:22:28.048+0000] {logging_mixin.py:120} INFO - [2024-07-25T19:22:28.048+0000] {dag.py:3340} INFO - Setting next_dagrun for elastic_dag to 2024-07-24T00:00:00+00:00, run_after=2024-07-25T00:00:00+00:00
[2024-07-25T19:22:28.064+0000] {processor.py:176} INFO - Processing /opt/airflow/dags/elastic_dag.py took 0.351 seconds
[2024-07-25T19:22:58.431+0000] {processor.py:154} INFO - Started process (PID=1634) to work on /opt/airflow/dags/elastic_dag.py
[2024-07-25T19:22:58.432+0000] {processor.py:756} INFO - Processing file /opt/airflow/dags/elastic_dag.py for tasks to queue
[2024-07-25T19:22:58.433+0000] {logging_mixin.py:120} INFO - [2024-07-25T19:22:58.432+0000] {dagbag.py:537} INFO - Filling up the DagBag from /opt/airflow/dags/elastic_dag.py
[2024-07-25T19:22:58.639+0000] {processor.py:766} INFO - DAG(s) dict_keys(['elastic_dag']) retrieved from /opt/airflow/dags/elastic_dag.py
[2024-07-25T19:22:58.669+0000] {logging_mixin.py:120} INFO - [2024-07-25T19:22:58.668+0000] {dag.py:2585} INFO - Sync 1 DAGs
[2024-07-25T19:22:58.692+0000] {logging_mixin.py:120} INFO - [2024-07-25T19:22:58.692+0000] {dag.py:3340} INFO - Setting next_dagrun for elastic_dag to 2024-07-24T00:00:00+00:00, run_after=2024-07-25T00:00:00+00:00
[2024-07-25T19:22:58.706+0000] {processor.py:176} INFO - Processing /opt/airflow/dags/elastic_dag.py took 0.278 seconds
[2024-07-25T19:23:28.782+0000] {processor.py:154} INFO - Started process (PID=1674) to work on /opt/airflow/dags/elastic_dag.py
[2024-07-25T19:23:28.784+0000] {processor.py:756} INFO - Processing file /opt/airflow/dags/elastic_dag.py for tasks to queue
[2024-07-25T19:23:28.784+0000] {logging_mixin.py:120} INFO - [2024-07-25T19:23:28.784+0000] {dagbag.py:537} INFO - Filling up the DagBag from /opt/airflow/dags/elastic_dag.py
[2024-07-25T19:23:28.979+0000] {processor.py:766} INFO - DAG(s) dict_keys(['elastic_dag']) retrieved from /opt/airflow/dags/elastic_dag.py
[2024-07-25T19:23:29.008+0000] {logging_mixin.py:120} INFO - [2024-07-25T19:23:29.008+0000] {dag.py:2585} INFO - Sync 1 DAGs
[2024-07-25T19:23:29.029+0000] {logging_mixin.py:120} INFO - [2024-07-25T19:23:29.029+0000] {dag.py:3340} INFO - Setting next_dagrun for elastic_dag to 2024-07-24T00:00:00+00:00, run_after=2024-07-25T00:00:00+00:00
[2024-07-25T19:23:29.043+0000] {processor.py:176} INFO - Processing /opt/airflow/dags/elastic_dag.py took 0.263 seconds
[2024-07-25T19:23:59.143+0000] {processor.py:154} INFO - Started process (PID=1714) to work on /opt/airflow/dags/elastic_dag.py
[2024-07-25T19:23:59.144+0000] {processor.py:756} INFO - Processing file /opt/airflow/dags/elastic_dag.py for tasks to queue
[2024-07-25T19:23:59.145+0000] {logging_mixin.py:120} INFO - [2024-07-25T19:23:59.145+0000] {dagbag.py:537} INFO - Filling up the DagBag from /opt/airflow/dags/elastic_dag.py
[2024-07-25T19:23:59.391+0000] {processor.py:766} INFO - DAG(s) dict_keys(['elastic_dag']) retrieved from /opt/airflow/dags/elastic_dag.py
[2024-07-25T19:23:59.422+0000] {logging_mixin.py:120} INFO - [2024-07-25T19:23:59.421+0000] {dag.py:2585} INFO - Sync 1 DAGs
[2024-07-25T19:23:59.444+0000] {logging_mixin.py:120} INFO - [2024-07-25T19:23:59.444+0000] {dag.py:3340} INFO - Setting next_dagrun for elastic_dag to 2024-07-24T00:00:00+00:00, run_after=2024-07-25T00:00:00+00:00
[2024-07-25T19:23:59.459+0000] {processor.py:176} INFO - Processing /opt/airflow/dags/elastic_dag.py took 0.320 seconds
[2024-07-25T19:24:29.990+0000] {processor.py:154} INFO - Started process (PID=1745) to work on /opt/airflow/dags/elastic_dag.py
[2024-07-25T19:24:29.990+0000] {processor.py:756} INFO - Processing file /opt/airflow/dags/elastic_dag.py for tasks to queue
[2024-07-25T19:24:29.992+0000] {logging_mixin.py:120} INFO - [2024-07-25T19:24:29.992+0000] {dagbag.py:537} INFO - Filling up the DagBag from /opt/airflow/dags/elastic_dag.py
[2024-07-25T19:24:30.185+0000] {processor.py:766} INFO - DAG(s) dict_keys(['elastic_dag']) retrieved from /opt/airflow/dags/elastic_dag.py
[2024-07-25T19:24:30.213+0000] {logging_mixin.py:120} INFO - [2024-07-25T19:24:30.213+0000] {dag.py:2585} INFO - Sync 1 DAGs
[2024-07-25T19:24:30.235+0000] {logging_mixin.py:120} INFO - [2024-07-25T19:24:30.234+0000] {dag.py:3340} INFO - Setting next_dagrun for elastic_dag to 2024-07-24T00:00:00+00:00, run_after=2024-07-25T00:00:00+00:00
[2024-07-25T19:24:30.248+0000] {processor.py:176} INFO - Processing /opt/airflow/dags/elastic_dag.py took 0.262 seconds
[2024-07-25T19:25:00.757+0000] {processor.py:154} INFO - Started process (PID=1785) to work on /opt/airflow/dags/elastic_dag.py
[2024-07-25T19:25:00.758+0000] {processor.py:756} INFO - Processing file /opt/airflow/dags/elastic_dag.py for tasks to queue
[2024-07-25T19:25:00.759+0000] {logging_mixin.py:120} INFO - [2024-07-25T19:25:00.759+0000] {dagbag.py:537} INFO - Filling up the DagBag from /opt/airflow/dags/elastic_dag.py
[2024-07-25T19:25:00.949+0000] {processor.py:766} INFO - DAG(s) dict_keys(['elastic_dag']) retrieved from /opt/airflow/dags/elastic_dag.py
[2024-07-25T19:25:00.978+0000] {logging_mixin.py:120} INFO - [2024-07-25T19:25:00.978+0000] {dag.py:2585} INFO - Sync 1 DAGs
[2024-07-25T19:25:01.000+0000] {logging_mixin.py:120} INFO - [2024-07-25T19:25:01.000+0000] {dag.py:3340} INFO - Setting next_dagrun for elastic_dag to 2024-07-24T00:00:00+00:00, run_after=2024-07-25T00:00:00+00:00
[2024-07-25T19:25:01.014+0000] {processor.py:176} INFO - Processing /opt/airflow/dags/elastic_dag.py took 0.259 seconds
[2024-07-25T19:25:31.548+0000] {processor.py:154} INFO - Started process (PID=1825) to work on /opt/airflow/dags/elastic_dag.py
[2024-07-25T19:25:31.549+0000] {processor.py:756} INFO - Processing file /opt/airflow/dags/elastic_dag.py for tasks to queue
[2024-07-25T19:25:31.550+0000] {logging_mixin.py:120} INFO - [2024-07-25T19:25:31.550+0000] {dagbag.py:537} INFO - Filling up the DagBag from /opt/airflow/dags/elastic_dag.py
[2024-07-25T19:25:31.746+0000] {processor.py:766} INFO - DAG(s) dict_keys(['elastic_dag']) retrieved from /opt/airflow/dags/elastic_dag.py
[2024-07-25T19:25:31.775+0000] {logging_mixin.py:120} INFO - [2024-07-25T19:25:31.774+0000] {dag.py:2585} INFO - Sync 1 DAGs
[2024-07-25T19:25:31.796+0000] {logging_mixin.py:120} INFO - [2024-07-25T19:25:31.796+0000] {dag.py:3340} INFO - Setting next_dagrun for elastic_dag to 2024-07-24T00:00:00+00:00, run_after=2024-07-25T00:00:00+00:00
[2024-07-25T19:25:31.810+0000] {processor.py:176} INFO - Processing /opt/airflow/dags/elastic_dag.py took 0.264 seconds
[2024-07-25T19:26:02.738+0000] {processor.py:154} INFO - Started process (PID=1865) to work on /opt/airflow/dags/elastic_dag.py
[2024-07-25T19:26:02.739+0000] {processor.py:756} INFO - Processing file /opt/airflow/dags/elastic_dag.py for tasks to queue
[2024-07-25T19:26:02.740+0000] {logging_mixin.py:120} INFO - [2024-07-25T19:26:02.740+0000] {dagbag.py:537} INFO - Filling up the DagBag from /opt/airflow/dags/elastic_dag.py
[2024-07-25T19:26:02.956+0000] {processor.py:766} INFO - DAG(s) dict_keys(['elastic_dag']) retrieved from /opt/airflow/dags/elastic_dag.py
[2024-07-25T19:26:02.985+0000] {logging_mixin.py:120} INFO - [2024-07-25T19:26:02.985+0000] {dag.py:2585} INFO - Sync 1 DAGs
[2024-07-25T19:26:03.007+0000] {logging_mixin.py:120} INFO - [2024-07-25T19:26:03.006+0000] {dag.py:3340} INFO - Setting next_dagrun for elastic_dag to 2024-07-24T00:00:00+00:00, run_after=2024-07-25T00:00:00+00:00
[2024-07-25T19:26:03.020+0000] {processor.py:176} INFO - Processing /opt/airflow/dags/elastic_dag.py took 0.285 seconds
[2024-07-25T19:26:33.565+0000] {processor.py:154} INFO - Started process (PID=1905) to work on /opt/airflow/dags/elastic_dag.py
[2024-07-25T19:26:33.566+0000] {processor.py:756} INFO - Processing file /opt/airflow/dags/elastic_dag.py for tasks to queue
[2024-07-25T19:26:33.568+0000] {logging_mixin.py:120} INFO - [2024-07-25T19:26:33.567+0000] {dagbag.py:537} INFO - Filling up the DagBag from /opt/airflow/dags/elastic_dag.py
[2024-07-25T19:26:33.855+0000] {processor.py:766} INFO - DAG(s) dict_keys(['elastic_dag']) retrieved from /opt/airflow/dags/elastic_dag.py
[2024-07-25T19:26:33.903+0000] {logging_mixin.py:120} INFO - [2024-07-25T19:26:33.902+0000] {dag.py:2585} INFO - Sync 1 DAGs
[2024-07-25T19:26:33.934+0000] {logging_mixin.py:120} INFO - [2024-07-25T19:26:33.934+0000] {dag.py:3340} INFO - Setting next_dagrun for elastic_dag to 2024-07-24T00:00:00+00:00, run_after=2024-07-25T00:00:00+00:00
[2024-07-25T19:26:33.953+0000] {processor.py:176} INFO - Processing /opt/airflow/dags/elastic_dag.py took 0.393 seconds
[2024-07-25T19:27:04.460+0000] {processor.py:154} INFO - Started process (PID=1936) to work on /opt/airflow/dags/elastic_dag.py
[2024-07-25T19:27:04.461+0000] {processor.py:756} INFO - Processing file /opt/airflow/dags/elastic_dag.py for tasks to queue
[2024-07-25T19:27:04.462+0000] {logging_mixin.py:120} INFO - [2024-07-25T19:27:04.462+0000] {dagbag.py:537} INFO - Filling up the DagBag from /opt/airflow/dags/elastic_dag.py
[2024-07-25T19:27:04.655+0000] {processor.py:766} INFO - DAG(s) dict_keys(['elastic_dag']) retrieved from /opt/airflow/dags/elastic_dag.py
[2024-07-25T19:27:04.685+0000] {logging_mixin.py:120} INFO - [2024-07-25T19:27:04.685+0000] {dag.py:2585} INFO - Sync 1 DAGs
[2024-07-25T19:27:04.706+0000] {logging_mixin.py:120} INFO - [2024-07-25T19:27:04.706+0000] {dag.py:3340} INFO - Setting next_dagrun for elastic_dag to 2024-07-24T00:00:00+00:00, run_after=2024-07-25T00:00:00+00:00
[2024-07-25T19:27:04.721+0000] {processor.py:176} INFO - Processing /opt/airflow/dags/elastic_dag.py took 0.264 seconds
[2024-07-25T19:27:35.261+0000] {processor.py:154} INFO - Started process (PID=1976) to work on /opt/airflow/dags/elastic_dag.py
[2024-07-25T19:27:35.262+0000] {processor.py:756} INFO - Processing file /opt/airflow/dags/elastic_dag.py for tasks to queue
[2024-07-25T19:27:35.263+0000] {logging_mixin.py:120} INFO - [2024-07-25T19:27:35.263+0000] {dagbag.py:537} INFO - Filling up the DagBag from /opt/airflow/dags/elastic_dag.py
[2024-07-25T19:27:35.466+0000] {processor.py:766} INFO - DAG(s) dict_keys(['elastic_dag']) retrieved from /opt/airflow/dags/elastic_dag.py
[2024-07-25T19:27:35.495+0000] {logging_mixin.py:120} INFO - [2024-07-25T19:27:35.495+0000] {dag.py:2585} INFO - Sync 1 DAGs
[2024-07-25T19:27:35.516+0000] {logging_mixin.py:120} INFO - [2024-07-25T19:27:35.516+0000] {dag.py:3340} INFO - Setting next_dagrun for elastic_dag to 2024-07-24T00:00:00+00:00, run_after=2024-07-25T00:00:00+00:00
[2024-07-25T19:27:35.529+0000] {processor.py:176} INFO - Processing /opt/airflow/dags/elastic_dag.py took 0.272 seconds
[2024-07-25T19:28:05.552+0000] {processor.py:154} INFO - Started process (PID=2016) to work on /opt/airflow/dags/elastic_dag.py
[2024-07-25T19:28:05.553+0000] {processor.py:756} INFO - Processing file /opt/airflow/dags/elastic_dag.py for tasks to queue
[2024-07-25T19:28:05.554+0000] {logging_mixin.py:120} INFO - [2024-07-25T19:28:05.554+0000] {dagbag.py:537} INFO - Filling up the DagBag from /opt/airflow/dags/elastic_dag.py
[2024-07-25T19:28:05.743+0000] {processor.py:766} INFO - DAG(s) dict_keys(['elastic_dag']) retrieved from /opt/airflow/dags/elastic_dag.py
[2024-07-25T19:28:05.772+0000] {logging_mixin.py:120} INFO - [2024-07-25T19:28:05.772+0000] {dag.py:2585} INFO - Sync 1 DAGs
[2024-07-25T19:28:05.794+0000] {logging_mixin.py:120} INFO - [2024-07-25T19:28:05.794+0000] {dag.py:3340} INFO - Setting next_dagrun for elastic_dag to 2024-07-24T00:00:00+00:00, run_after=2024-07-25T00:00:00+00:00
[2024-07-25T19:28:05.807+0000] {processor.py:176} INFO - Processing /opt/airflow/dags/elastic_dag.py took 0.258 seconds
[2024-07-25T19:28:36.713+0000] {processor.py:154} INFO - Started process (PID=2056) to work on /opt/airflow/dags/elastic_dag.py
[2024-07-25T19:28:36.714+0000] {processor.py:756} INFO - Processing file /opt/airflow/dags/elastic_dag.py for tasks to queue
[2024-07-25T19:28:36.715+0000] {logging_mixin.py:120} INFO - [2024-07-25T19:28:36.715+0000] {dagbag.py:537} INFO - Filling up the DagBag from /opt/airflow/dags/elastic_dag.py
[2024-07-25T19:28:36.907+0000] {processor.py:766} INFO - DAG(s) dict_keys(['elastic_dag']) retrieved from /opt/airflow/dags/elastic_dag.py
[2024-07-25T19:28:36.938+0000] {logging_mixin.py:120} INFO - [2024-07-25T19:28:36.938+0000] {dag.py:2585} INFO - Sync 1 DAGs
[2024-07-25T19:28:36.960+0000] {logging_mixin.py:120} INFO - [2024-07-25T19:28:36.960+0000] {dag.py:3340} INFO - Setting next_dagrun for elastic_dag to 2024-07-24T00:00:00+00:00, run_after=2024-07-25T00:00:00+00:00
[2024-07-25T19:28:36.973+0000] {processor.py:176} INFO - Processing /opt/airflow/dags/elastic_dag.py took 0.263 seconds
[2024-07-25T19:29:07.502+0000] {processor.py:154} INFO - Started process (PID=2095) to work on /opt/airflow/dags/elastic_dag.py
[2024-07-25T19:29:07.503+0000] {processor.py:756} INFO - Processing file /opt/airflow/dags/elastic_dag.py for tasks to queue
[2024-07-25T19:29:07.503+0000] {logging_mixin.py:120} INFO - [2024-07-25T19:29:07.503+0000] {dagbag.py:537} INFO - Filling up the DagBag from /opt/airflow/dags/elastic_dag.py
[2024-07-25T19:29:07.703+0000] {processor.py:766} INFO - DAG(s) dict_keys(['elastic_dag']) retrieved from /opt/airflow/dags/elastic_dag.py
[2024-07-25T19:29:07.735+0000] {logging_mixin.py:120} INFO - [2024-07-25T19:29:07.735+0000] {dag.py:2585} INFO - Sync 1 DAGs
[2024-07-25T19:29:07.756+0000] {logging_mixin.py:120} INFO - [2024-07-25T19:29:07.756+0000] {dag.py:3340} INFO - Setting next_dagrun for elastic_dag to 2024-07-24T00:00:00+00:00, run_after=2024-07-25T00:00:00+00:00
[2024-07-25T19:29:07.770+0000] {processor.py:176} INFO - Processing /opt/airflow/dags/elastic_dag.py took 0.272 seconds
[2024-07-25T19:29:38.308+0000] {processor.py:154} INFO - Started process (PID=2126) to work on /opt/airflow/dags/elastic_dag.py
[2024-07-25T19:29:38.309+0000] {processor.py:756} INFO - Processing file /opt/airflow/dags/elastic_dag.py for tasks to queue
[2024-07-25T19:29:38.310+0000] {logging_mixin.py:120} INFO - [2024-07-25T19:29:38.310+0000] {dagbag.py:537} INFO - Filling up the DagBag from /opt/airflow/dags/elastic_dag.py
[2024-07-25T19:29:38.504+0000] {processor.py:766} INFO - DAG(s) dict_keys(['elastic_dag']) retrieved from /opt/airflow/dags/elastic_dag.py
[2024-07-25T19:29:38.533+0000] {logging_mixin.py:120} INFO - [2024-07-25T19:29:38.533+0000] {dag.py:2585} INFO - Sync 1 DAGs
[2024-07-25T19:29:38.554+0000] {logging_mixin.py:120} INFO - [2024-07-25T19:29:38.554+0000] {dag.py:3340} INFO - Setting next_dagrun for elastic_dag to 2024-07-24T00:00:00+00:00, run_after=2024-07-25T00:00:00+00:00
[2024-07-25T19:29:38.568+0000] {processor.py:176} INFO - Processing /opt/airflow/dags/elastic_dag.py took 0.263 seconds
[2024-07-25T19:30:09.083+0000] {processor.py:154} INFO - Started process (PID=2166) to work on /opt/airflow/dags/elastic_dag.py
[2024-07-25T19:30:09.084+0000] {processor.py:756} INFO - Processing file /opt/airflow/dags/elastic_dag.py for tasks to queue
[2024-07-25T19:30:09.085+0000] {logging_mixin.py:120} INFO - [2024-07-25T19:30:09.084+0000] {dagbag.py:537} INFO - Filling up the DagBag from /opt/airflow/dags/elastic_dag.py
[2024-07-25T19:30:09.279+0000] {processor.py:766} INFO - DAG(s) dict_keys(['elastic_dag']) retrieved from /opt/airflow/dags/elastic_dag.py
[2024-07-25T19:30:09.309+0000] {logging_mixin.py:120} INFO - [2024-07-25T19:30:09.309+0000] {dag.py:2585} INFO - Sync 1 DAGs
[2024-07-25T19:30:09.331+0000] {logging_mixin.py:120} INFO - [2024-07-25T19:30:09.330+0000] {dag.py:3340} INFO - Setting next_dagrun for elastic_dag to 2024-07-24T00:00:00+00:00, run_after=2024-07-25T00:00:00+00:00
[2024-07-25T19:30:09.345+0000] {processor.py:176} INFO - Processing /opt/airflow/dags/elastic_dag.py took 0.265 seconds
[2024-07-25T19:30:39.379+0000] {processor.py:154} INFO - Started process (PID=2206) to work on /opt/airflow/dags/elastic_dag.py
[2024-07-25T19:30:39.380+0000] {processor.py:756} INFO - Processing file /opt/airflow/dags/elastic_dag.py for tasks to queue
[2024-07-25T19:30:39.381+0000] {logging_mixin.py:120} INFO - [2024-07-25T19:30:39.381+0000] {dagbag.py:537} INFO - Filling up the DagBag from /opt/airflow/dags/elastic_dag.py
[2024-07-25T19:30:39.593+0000] {processor.py:766} INFO - DAG(s) dict_keys(['elastic_dag']) retrieved from /opt/airflow/dags/elastic_dag.py
[2024-07-25T19:30:39.626+0000] {logging_mixin.py:120} INFO - [2024-07-25T19:30:39.626+0000] {dag.py:2585} INFO - Sync 1 DAGs
[2024-07-25T19:30:39.651+0000] {logging_mixin.py:120} INFO - [2024-07-25T19:30:39.651+0000] {dag.py:3340} INFO - Setting next_dagrun for elastic_dag to 2024-07-24T00:00:00+00:00, run_after=2024-07-25T00:00:00+00:00
[2024-07-25T19:30:39.667+0000] {processor.py:176} INFO - Processing /opt/airflow/dags/elastic_dag.py took 0.291 seconds
[2024-07-25T19:31:10.478+0000] {processor.py:154} INFO - Started process (PID=2246) to work on /opt/airflow/dags/elastic_dag.py
[2024-07-25T19:31:10.479+0000] {processor.py:756} INFO - Processing file /opt/airflow/dags/elastic_dag.py for tasks to queue
[2024-07-25T19:31:10.479+0000] {logging_mixin.py:120} INFO - [2024-07-25T19:31:10.479+0000] {dagbag.py:537} INFO - Filling up the DagBag from /opt/airflow/dags/elastic_dag.py
[2024-07-25T19:31:10.693+0000] {processor.py:766} INFO - DAG(s) dict_keys(['elastic_dag']) retrieved from /opt/airflow/dags/elastic_dag.py
[2024-07-25T19:31:10.725+0000] {logging_mixin.py:120} INFO - [2024-07-25T19:31:10.725+0000] {dag.py:2585} INFO - Sync 1 DAGs
[2024-07-25T19:31:10.747+0000] {logging_mixin.py:120} INFO - [2024-07-25T19:31:10.747+0000] {dag.py:3340} INFO - Setting next_dagrun for elastic_dag to 2024-07-24T00:00:00+00:00, run_after=2024-07-25T00:00:00+00:00
[2024-07-25T19:31:10.761+0000] {processor.py:176} INFO - Processing /opt/airflow/dags/elastic_dag.py took 0.286 seconds
[2024-07-25T19:31:41.340+0000] {processor.py:154} INFO - Started process (PID=2286) to work on /opt/airflow/dags/elastic_dag.py
[2024-07-25T19:31:41.341+0000] {processor.py:756} INFO - Processing file /opt/airflow/dags/elastic_dag.py for tasks to queue
[2024-07-25T19:31:41.342+0000] {logging_mixin.py:120} INFO - [2024-07-25T19:31:41.342+0000] {dagbag.py:537} INFO - Filling up the DagBag from /opt/airflow/dags/elastic_dag.py
[2024-07-25T19:31:41.559+0000] {processor.py:766} INFO - DAG(s) dict_keys(['elastic_dag']) retrieved from /opt/airflow/dags/elastic_dag.py
[2024-07-25T19:31:41.589+0000] {logging_mixin.py:120} INFO - [2024-07-25T19:31:41.588+0000] {dag.py:2585} INFO - Sync 1 DAGs
[2024-07-25T19:31:41.611+0000] {logging_mixin.py:120} INFO - [2024-07-25T19:31:41.610+0000] {dag.py:3340} INFO - Setting next_dagrun for elastic_dag to 2024-07-24T00:00:00+00:00, run_after=2024-07-25T00:00:00+00:00
[2024-07-25T19:31:41.624+0000] {processor.py:176} INFO - Processing /opt/airflow/dags/elastic_dag.py took 0.287 seconds
[2024-07-25T19:32:12.118+0000] {processor.py:154} INFO - Started process (PID=2317) to work on /opt/airflow/dags/elastic_dag.py
[2024-07-25T19:32:12.118+0000] {processor.py:756} INFO - Processing file /opt/airflow/dags/elastic_dag.py for tasks to queue
[2024-07-25T19:32:12.119+0000] {logging_mixin.py:120} INFO - [2024-07-25T19:32:12.119+0000] {dagbag.py:537} INFO - Filling up the DagBag from /opt/airflow/dags/elastic_dag.py
[2024-07-25T19:32:12.317+0000] {processor.py:766} INFO - DAG(s) dict_keys(['elastic_dag']) retrieved from /opt/airflow/dags/elastic_dag.py
[2024-07-25T19:32:12.346+0000] {logging_mixin.py:120} INFO - [2024-07-25T19:32:12.346+0000] {dag.py:2585} INFO - Sync 1 DAGs
[2024-07-25T19:32:12.367+0000] {logging_mixin.py:120} INFO - [2024-07-25T19:32:12.367+0000] {dag.py:3340} INFO - Setting next_dagrun for elastic_dag to 2024-07-24T00:00:00+00:00, run_after=2024-07-25T00:00:00+00:00
[2024-07-25T19:32:12.380+0000] {processor.py:176} INFO - Processing /opt/airflow/dags/elastic_dag.py took 0.265 seconds
[2024-07-25T19:32:42.893+0000] {processor.py:154} INFO - Started process (PID=2357) to work on /opt/airflow/dags/elastic_dag.py
[2024-07-25T19:32:42.894+0000] {processor.py:756} INFO - Processing file /opt/airflow/dags/elastic_dag.py for tasks to queue
[2024-07-25T19:32:42.894+0000] {logging_mixin.py:120} INFO - [2024-07-25T19:32:42.894+0000] {dagbag.py:537} INFO - Filling up the DagBag from /opt/airflow/dags/elastic_dag.py
[2024-07-25T19:32:43.088+0000] {processor.py:766} INFO - DAG(s) dict_keys(['elastic_dag']) retrieved from /opt/airflow/dags/elastic_dag.py
[2024-07-25T19:32:43.119+0000] {logging_mixin.py:120} INFO - [2024-07-25T19:32:43.119+0000] {dag.py:2585} INFO - Sync 1 DAGs
[2024-07-25T19:32:43.144+0000] {logging_mixin.py:120} INFO - [2024-07-25T19:32:43.144+0000] {dag.py:3340} INFO - Setting next_dagrun for elastic_dag to 2024-07-24T00:00:00+00:00, run_after=2024-07-25T00:00:00+00:00
[2024-07-25T19:32:43.160+0000] {processor.py:176} INFO - Processing /opt/airflow/dags/elastic_dag.py took 0.270 seconds
[2024-07-25T19:33:13.236+0000] {processor.py:154} INFO - Started process (PID=2396) to work on /opt/airflow/dags/elastic_dag.py
[2024-07-25T19:33:13.237+0000] {processor.py:756} INFO - Processing file /opt/airflow/dags/elastic_dag.py for tasks to queue
[2024-07-25T19:33:13.238+0000] {logging_mixin.py:120} INFO - [2024-07-25T19:33:13.238+0000] {dagbag.py:537} INFO - Filling up the DagBag from /opt/airflow/dags/elastic_dag.py
[2024-07-25T19:33:13.431+0000] {processor.py:766} INFO - DAG(s) dict_keys(['elastic_dag']) retrieved from /opt/airflow/dags/elastic_dag.py
[2024-07-25T19:33:13.459+0000] {logging_mixin.py:120} INFO - [2024-07-25T19:33:13.459+0000] {dag.py:2585} INFO - Sync 1 DAGs
[2024-07-25T19:33:13.481+0000] {logging_mixin.py:120} INFO - [2024-07-25T19:33:13.481+0000] {dag.py:3340} INFO - Setting next_dagrun for elastic_dag to 2024-07-24T00:00:00+00:00, run_after=2024-07-25T00:00:00+00:00
[2024-07-25T19:33:13.494+0000] {processor.py:176} INFO - Processing /opt/airflow/dags/elastic_dag.py took 0.261 seconds
[2024-07-25T19:33:44.386+0000] {processor.py:154} INFO - Started process (PID=2436) to work on /opt/airflow/dags/elastic_dag.py
[2024-07-25T19:33:44.387+0000] {processor.py:756} INFO - Processing file /opt/airflow/dags/elastic_dag.py for tasks to queue
[2024-07-25T19:33:44.388+0000] {logging_mixin.py:120} INFO - [2024-07-25T19:33:44.388+0000] {dagbag.py:537} INFO - Filling up the DagBag from /opt/airflow/dags/elastic_dag.py
[2024-07-25T19:33:44.583+0000] {processor.py:766} INFO - DAG(s) dict_keys(['elastic_dag']) retrieved from /opt/airflow/dags/elastic_dag.py
[2024-07-25T19:33:44.612+0000] {logging_mixin.py:120} INFO - [2024-07-25T19:33:44.611+0000] {dag.py:2585} INFO - Sync 1 DAGs
[2024-07-25T19:33:44.633+0000] {logging_mixin.py:120} INFO - [2024-07-25T19:33:44.633+0000] {dag.py:3340} INFO - Setting next_dagrun for elastic_dag to 2024-07-24T00:00:00+00:00, run_after=2024-07-25T00:00:00+00:00
[2024-07-25T19:33:44.647+0000] {processor.py:176} INFO - Processing /opt/airflow/dags/elastic_dag.py took 0.263 seconds
[2024-07-25T19:34:15.170+0000] {processor.py:154} INFO - Started process (PID=2476) to work on /opt/airflow/dags/elastic_dag.py
[2024-07-25T19:34:15.171+0000] {processor.py:756} INFO - Processing file /opt/airflow/dags/elastic_dag.py for tasks to queue
[2024-07-25T19:34:15.171+0000] {logging_mixin.py:120} INFO - [2024-07-25T19:34:15.171+0000] {dagbag.py:537} INFO - Filling up the DagBag from /opt/airflow/dags/elastic_dag.py
[2024-07-25T19:34:15.366+0000] {processor.py:766} INFO - DAG(s) dict_keys(['elastic_dag']) retrieved from /opt/airflow/dags/elastic_dag.py
[2024-07-25T19:34:15.408+0000] {logging_mixin.py:120} INFO - [2024-07-25T19:34:15.407+0000] {dag.py:2585} INFO - Sync 1 DAGs
[2024-07-25T19:34:15.434+0000] {logging_mixin.py:120} INFO - [2024-07-25T19:34:15.434+0000] {dag.py:3340} INFO - Setting next_dagrun for elastic_dag to 2024-07-24T00:00:00+00:00, run_after=2024-07-25T00:00:00+00:00
[2024-07-25T19:34:15.448+0000] {processor.py:176} INFO - Processing /opt/airflow/dags/elastic_dag.py took 0.281 seconds
[2024-07-25T19:34:45.952+0000] {processor.py:154} INFO - Started process (PID=2506) to work on /opt/airflow/dags/elastic_dag.py
[2024-07-25T19:34:45.953+0000] {processor.py:756} INFO - Processing file /opt/airflow/dags/elastic_dag.py for tasks to queue
[2024-07-25T19:34:45.954+0000] {logging_mixin.py:120} INFO - [2024-07-25T19:34:45.954+0000] {dagbag.py:537} INFO - Filling up the DagBag from /opt/airflow/dags/elastic_dag.py
[2024-07-25T19:34:46.143+0000] {processor.py:766} INFO - DAG(s) dict_keys(['elastic_dag']) retrieved from /opt/airflow/dags/elastic_dag.py
[2024-07-25T19:34:46.173+0000] {logging_mixin.py:120} INFO - [2024-07-25T19:34:46.172+0000] {dag.py:2585} INFO - Sync 1 DAGs
[2024-07-25T19:34:46.193+0000] {logging_mixin.py:120} INFO - [2024-07-25T19:34:46.193+0000] {dag.py:3340} INFO - Setting next_dagrun for elastic_dag to 2024-07-24T00:00:00+00:00, run_after=2024-07-25T00:00:00+00:00
[2024-07-25T19:34:46.207+0000] {processor.py:176} INFO - Processing /opt/airflow/dags/elastic_dag.py took 0.257 seconds
[2024-07-25T19:35:16.689+0000] {processor.py:154} INFO - Started process (PID=2546) to work on /opt/airflow/dags/elastic_dag.py
[2024-07-25T19:35:16.690+0000] {processor.py:756} INFO - Processing file /opt/airflow/dags/elastic_dag.py for tasks to queue
[2024-07-25T19:35:16.691+0000] {logging_mixin.py:120} INFO - [2024-07-25T19:35:16.691+0000] {dagbag.py:537} INFO - Filling up the DagBag from /opt/airflow/dags/elastic_dag.py
[2024-07-25T19:35:16.880+0000] {processor.py:766} INFO - DAG(s) dict_keys(['elastic_dag']) retrieved from /opt/airflow/dags/elastic_dag.py
[2024-07-25T19:35:16.909+0000] {logging_mixin.py:120} INFO - [2024-07-25T19:35:16.908+0000] {dag.py:2585} INFO - Sync 1 DAGs
[2024-07-25T19:35:16.929+0000] {logging_mixin.py:120} INFO - [2024-07-25T19:35:16.929+0000] {dag.py:3340} INFO - Setting next_dagrun for elastic_dag to 2024-07-24T00:00:00+00:00, run_after=2024-07-25T00:00:00+00:00
[2024-07-25T19:35:16.943+0000] {processor.py:176} INFO - Processing /opt/airflow/dags/elastic_dag.py took 0.256 seconds
[2024-07-25T19:35:47.477+0000] {processor.py:154} INFO - Started process (PID=2586) to work on /opt/airflow/dags/elastic_dag.py
[2024-07-25T19:35:47.478+0000] {processor.py:756} INFO - Processing file /opt/airflow/dags/elastic_dag.py for tasks to queue
[2024-07-25T19:35:47.479+0000] {logging_mixin.py:120} INFO - [2024-07-25T19:35:47.479+0000] {dagbag.py:537} INFO - Filling up the DagBag from /opt/airflow/dags/elastic_dag.py
[2024-07-25T19:35:47.673+0000] {processor.py:766} INFO - DAG(s) dict_keys(['elastic_dag']) retrieved from /opt/airflow/dags/elastic_dag.py
[2024-07-25T19:35:47.702+0000] {logging_mixin.py:120} INFO - [2024-07-25T19:35:47.702+0000] {dag.py:2585} INFO - Sync 1 DAGs
[2024-07-25T19:35:47.722+0000] {logging_mixin.py:120} INFO - [2024-07-25T19:35:47.722+0000] {dag.py:3340} INFO - Setting next_dagrun for elastic_dag to 2024-07-24T00:00:00+00:00, run_after=2024-07-25T00:00:00+00:00
[2024-07-25T19:35:47.736+0000] {processor.py:176} INFO - Processing /opt/airflow/dags/elastic_dag.py took 0.262 seconds
[2024-07-25T19:36:18.638+0000] {processor.py:154} INFO - Started process (PID=2626) to work on /opt/airflow/dags/elastic_dag.py
[2024-07-25T19:36:18.639+0000] {processor.py:756} INFO - Processing file /opt/airflow/dags/elastic_dag.py for tasks to queue
[2024-07-25T19:36:18.640+0000] {logging_mixin.py:120} INFO - [2024-07-25T19:36:18.640+0000] {dagbag.py:537} INFO - Filling up the DagBag from /opt/airflow/dags/elastic_dag.py
[2024-07-25T19:36:18.832+0000] {processor.py:766} INFO - DAG(s) dict_keys(['elastic_dag']) retrieved from /opt/airflow/dags/elastic_dag.py
[2024-07-25T19:36:18.860+0000] {logging_mixin.py:120} INFO - [2024-07-25T19:36:18.860+0000] {dag.py:2585} INFO - Sync 1 DAGs
[2024-07-25T19:36:18.881+0000] {logging_mixin.py:120} INFO - [2024-07-25T19:36:18.881+0000] {dag.py:3340} INFO - Setting next_dagrun for elastic_dag to 2024-07-24T00:00:00+00:00, run_after=2024-07-25T00:00:00+00:00
[2024-07-25T19:36:18.895+0000] {processor.py:176} INFO - Processing /opt/airflow/dags/elastic_dag.py took 0.259 seconds
[2024-07-25T19:36:49.396+0000] {processor.py:154} INFO - Started process (PID=2666) to work on /opt/airflow/dags/elastic_dag.py
[2024-07-25T19:36:49.396+0000] {processor.py:756} INFO - Processing file /opt/airflow/dags/elastic_dag.py for tasks to queue
[2024-07-25T19:36:49.397+0000] {logging_mixin.py:120} INFO - [2024-07-25T19:36:49.397+0000] {dagbag.py:537} INFO - Filling up the DagBag from /opt/airflow/dags/elastic_dag.py
[2024-07-25T19:36:49.587+0000] {processor.py:766} INFO - DAG(s) dict_keys(['elastic_dag']) retrieved from /opt/airflow/dags/elastic_dag.py
[2024-07-25T19:36:49.618+0000] {logging_mixin.py:120} INFO - [2024-07-25T19:36:49.618+0000] {dag.py:2585} INFO - Sync 1 DAGs
[2024-07-25T19:36:49.639+0000] {logging_mixin.py:120} INFO - [2024-07-25T19:36:49.639+0000] {dag.py:3340} INFO - Setting next_dagrun for elastic_dag to 2024-07-24T00:00:00+00:00, run_after=2024-07-25T00:00:00+00:00
[2024-07-25T19:36:49.652+0000] {processor.py:176} INFO - Processing /opt/airflow/dags/elastic_dag.py took 0.260 seconds
[2024-07-25T19:37:20.187+0000] {processor.py:154} INFO - Started process (PID=2697) to work on /opt/airflow/dags/elastic_dag.py
[2024-07-25T19:37:20.188+0000] {processor.py:756} INFO - Processing file /opt/airflow/dags/elastic_dag.py for tasks to queue
[2024-07-25T19:37:20.188+0000] {logging_mixin.py:120} INFO - [2024-07-25T19:37:20.188+0000] {dagbag.py:537} INFO - Filling up the DagBag from /opt/airflow/dags/elastic_dag.py
[2024-07-25T19:37:20.399+0000] {processor.py:766} INFO - DAG(s) dict_keys(['elastic_dag']) retrieved from /opt/airflow/dags/elastic_dag.py
[2024-07-25T19:37:20.430+0000] {logging_mixin.py:120} INFO - [2024-07-25T19:37:20.430+0000] {dag.py:2585} INFO - Sync 1 DAGs
[2024-07-25T19:37:20.453+0000] {logging_mixin.py:120} INFO - [2024-07-25T19:37:20.453+0000] {dag.py:3340} INFO - Setting next_dagrun for elastic_dag to 2024-07-24T00:00:00+00:00, run_after=2024-07-25T00:00:00+00:00
[2024-07-25T19:37:20.468+0000] {processor.py:176} INFO - Processing /opt/airflow/dags/elastic_dag.py took 0.284 seconds
[2024-07-25T19:37:51.057+0000] {processor.py:154} INFO - Started process (PID=2737) to work on /opt/airflow/dags/elastic_dag.py
[2024-07-25T19:37:51.058+0000] {processor.py:756} INFO - Processing file /opt/airflow/dags/elastic_dag.py for tasks to queue
[2024-07-25T19:37:51.059+0000] {logging_mixin.py:120} INFO - [2024-07-25T19:37:51.059+0000] {dagbag.py:537} INFO - Filling up the DagBag from /opt/airflow/dags/elastic_dag.py
[2024-07-25T19:37:51.251+0000] {processor.py:766} INFO - DAG(s) dict_keys(['elastic_dag']) retrieved from /opt/airflow/dags/elastic_dag.py
[2024-07-25T19:37:51.280+0000] {logging_mixin.py:120} INFO - [2024-07-25T19:37:51.279+0000] {dag.py:2585} INFO - Sync 1 DAGs
[2024-07-25T19:37:51.300+0000] {logging_mixin.py:120} INFO - [2024-07-25T19:37:51.300+0000] {dag.py:3340} INFO - Setting next_dagrun for elastic_dag to 2024-07-24T00:00:00+00:00, run_after=2024-07-25T00:00:00+00:00
[2024-07-25T19:37:51.314+0000] {processor.py:176} INFO - Processing /opt/airflow/dags/elastic_dag.py took 0.260 seconds
[2024-07-25T19:38:21.941+0000] {processor.py:154} INFO - Started process (PID=2776) to work on /opt/airflow/dags/elastic_dag.py
[2024-07-25T19:38:21.942+0000] {processor.py:756} INFO - Processing file /opt/airflow/dags/elastic_dag.py for tasks to queue
[2024-07-25T19:38:21.942+0000] {logging_mixin.py:120} INFO - [2024-07-25T19:38:21.942+0000] {dagbag.py:537} INFO - Filling up the DagBag from /opt/airflow/dags/elastic_dag.py
[2024-07-25T19:38:22.141+0000] {processor.py:766} INFO - DAG(s) dict_keys(['elastic_dag']) retrieved from /opt/airflow/dags/elastic_dag.py
[2024-07-25T19:38:22.172+0000] {logging_mixin.py:120} INFO - [2024-07-25T19:38:22.171+0000] {dag.py:2585} INFO - Sync 1 DAGs
[2024-07-25T19:38:22.194+0000] {logging_mixin.py:120} INFO - [2024-07-25T19:38:22.194+0000] {dag.py:3340} INFO - Setting next_dagrun for elastic_dag to 2024-07-24T00:00:00+00:00, run_after=2024-07-25T00:00:00+00:00
[2024-07-25T19:38:22.209+0000] {processor.py:176} INFO - Processing /opt/airflow/dags/elastic_dag.py took 0.271 seconds
[2024-07-25T19:38:52.967+0000] {processor.py:154} INFO - Started process (PID=2816) to work on /opt/airflow/dags/elastic_dag.py
[2024-07-25T19:38:52.967+0000] {processor.py:756} INFO - Processing file /opt/airflow/dags/elastic_dag.py for tasks to queue
[2024-07-25T19:38:52.968+0000] {logging_mixin.py:120} INFO - [2024-07-25T19:38:52.968+0000] {dagbag.py:537} INFO - Filling up the DagBag from /opt/airflow/dags/elastic_dag.py
[2024-07-25T19:38:53.164+0000] {processor.py:766} INFO - DAG(s) dict_keys(['elastic_dag']) retrieved from /opt/airflow/dags/elastic_dag.py
[2024-07-25T19:38:53.194+0000] {logging_mixin.py:120} INFO - [2024-07-25T19:38:53.193+0000] {dag.py:2585} INFO - Sync 1 DAGs
[2024-07-25T19:38:53.221+0000] {logging_mixin.py:120} INFO - [2024-07-25T19:38:53.221+0000] {dag.py:3340} INFO - Setting next_dagrun for elastic_dag to 2024-07-24T00:00:00+00:00, run_after=2024-07-25T00:00:00+00:00
[2024-07-25T19:38:53.236+0000] {processor.py:176} INFO - Processing /opt/airflow/dags/elastic_dag.py took 0.273 seconds
[2024-07-25T19:39:24.129+0000] {processor.py:154} INFO - Started process (PID=2856) to work on /opt/airflow/dags/elastic_dag.py
[2024-07-25T19:39:24.130+0000] {processor.py:756} INFO - Processing file /opt/airflow/dags/elastic_dag.py for tasks to queue
[2024-07-25T19:39:24.131+0000] {logging_mixin.py:120} INFO - [2024-07-25T19:39:24.131+0000] {dagbag.py:537} INFO - Filling up the DagBag from /opt/airflow/dags/elastic_dag.py
[2024-07-25T19:39:24.341+0000] {processor.py:766} INFO - DAG(s) dict_keys(['elastic_dag']) retrieved from /opt/airflow/dags/elastic_dag.py
[2024-07-25T19:39:24.369+0000] {logging_mixin.py:120} INFO - [2024-07-25T19:39:24.369+0000] {dag.py:2585} INFO - Sync 1 DAGs
[2024-07-25T19:39:24.391+0000] {logging_mixin.py:120} INFO - [2024-07-25T19:39:24.391+0000] {dag.py:3340} INFO - Setting next_dagrun for elastic_dag to 2024-07-24T00:00:00+00:00, run_after=2024-07-25T00:00:00+00:00
[2024-07-25T19:39:24.405+0000] {processor.py:176} INFO - Processing /opt/airflow/dags/elastic_dag.py took 0.279 seconds
[2024-07-25T19:39:54.947+0000] {processor.py:154} INFO - Started process (PID=2886) to work on /opt/airflow/dags/elastic_dag.py
[2024-07-25T19:39:54.948+0000] {processor.py:756} INFO - Processing file /opt/airflow/dags/elastic_dag.py for tasks to queue
[2024-07-25T19:39:54.948+0000] {logging_mixin.py:120} INFO - [2024-07-25T19:39:54.948+0000] {dagbag.py:537} INFO - Filling up the DagBag from /opt/airflow/dags/elastic_dag.py
[2024-07-25T19:39:55.139+0000] {processor.py:766} INFO - DAG(s) dict_keys(['elastic_dag']) retrieved from /opt/airflow/dags/elastic_dag.py
[2024-07-25T19:39:55.168+0000] {logging_mixin.py:120} INFO - [2024-07-25T19:39:55.168+0000] {dag.py:2585} INFO - Sync 1 DAGs
[2024-07-25T19:39:55.188+0000] {logging_mixin.py:120} INFO - [2024-07-25T19:39:55.188+0000] {dag.py:3340} INFO - Setting next_dagrun for elastic_dag to 2024-07-24T00:00:00+00:00, run_after=2024-07-25T00:00:00+00:00
[2024-07-25T19:39:55.202+0000] {processor.py:176} INFO - Processing /opt/airflow/dags/elastic_dag.py took 0.258 seconds
[2024-07-25T19:40:25.718+0000] {processor.py:154} INFO - Started process (PID=2926) to work on /opt/airflow/dags/elastic_dag.py
[2024-07-25T19:40:25.718+0000] {processor.py:756} INFO - Processing file /opt/airflow/dags/elastic_dag.py for tasks to queue
[2024-07-25T19:40:25.719+0000] {logging_mixin.py:120} INFO - [2024-07-25T19:40:25.719+0000] {dagbag.py:537} INFO - Filling up the DagBag from /opt/airflow/dags/elastic_dag.py
[2024-07-25T19:40:25.928+0000] {processor.py:766} INFO - DAG(s) dict_keys(['elastic_dag']) retrieved from /opt/airflow/dags/elastic_dag.py
[2024-07-25T19:40:25.958+0000] {logging_mixin.py:120} INFO - [2024-07-25T19:40:25.958+0000] {dag.py:2585} INFO - Sync 1 DAGs
[2024-07-25T19:40:25.982+0000] {logging_mixin.py:120} INFO - [2024-07-25T19:40:25.982+0000] {dag.py:3340} INFO - Setting next_dagrun for elastic_dag to 2024-07-24T00:00:00+00:00, run_after=2024-07-25T00:00:00+00:00
[2024-07-25T19:40:25.997+0000] {processor.py:176} INFO - Processing /opt/airflow/dags/elastic_dag.py took 0.283 seconds
[2024-07-25T19:40:56.520+0000] {processor.py:154} INFO - Started process (PID=2966) to work on /opt/airflow/dags/elastic_dag.py
[2024-07-25T19:40:56.521+0000] {processor.py:756} INFO - Processing file /opt/airflow/dags/elastic_dag.py for tasks to queue
[2024-07-25T19:40:56.522+0000] {logging_mixin.py:120} INFO - [2024-07-25T19:40:56.522+0000] {dagbag.py:537} INFO - Filling up the DagBag from /opt/airflow/dags/elastic_dag.py
[2024-07-25T19:40:56.716+0000] {processor.py:766} INFO - DAG(s) dict_keys(['elastic_dag']) retrieved from /opt/airflow/dags/elastic_dag.py
[2024-07-25T19:40:56.745+0000] {logging_mixin.py:120} INFO - [2024-07-25T19:40:56.745+0000] {dag.py:2585} INFO - Sync 1 DAGs
[2024-07-25T19:40:56.766+0000] {logging_mixin.py:120} INFO - [2024-07-25T19:40:56.766+0000] {dag.py:3340} INFO - Setting next_dagrun for elastic_dag to 2024-07-24T00:00:00+00:00, run_after=2024-07-25T00:00:00+00:00
[2024-07-25T19:40:56.780+0000] {processor.py:176} INFO - Processing /opt/airflow/dags/elastic_dag.py took 0.262 seconds
[2024-07-25T19:41:27.300+0000] {processor.py:154} INFO - Started process (PID=3006) to work on /opt/airflow/dags/elastic_dag.py
[2024-07-25T19:41:27.301+0000] {processor.py:756} INFO - Processing file /opt/airflow/dags/elastic_dag.py for tasks to queue
[2024-07-25T19:41:27.301+0000] {logging_mixin.py:120} INFO - [2024-07-25T19:41:27.301+0000] {dagbag.py:537} INFO - Filling up the DagBag from /opt/airflow/dags/elastic_dag.py
[2024-07-25T19:41:27.489+0000] {processor.py:766} INFO - DAG(s) dict_keys(['elastic_dag']) retrieved from /opt/airflow/dags/elastic_dag.py
[2024-07-25T19:41:27.517+0000] {logging_mixin.py:120} INFO - [2024-07-25T19:41:27.517+0000] {dag.py:2585} INFO - Sync 1 DAGs
[2024-07-25T19:41:27.539+0000] {logging_mixin.py:120} INFO - [2024-07-25T19:41:27.539+0000] {dag.py:3340} INFO - Setting next_dagrun for elastic_dag to 2024-07-24T00:00:00+00:00, run_after=2024-07-25T00:00:00+00:00
[2024-07-25T19:41:27.553+0000] {processor.py:176} INFO - Processing /opt/airflow/dags/elastic_dag.py took 0.255 seconds
[2024-07-25T19:41:58.480+0000] {processor.py:154} INFO - Started process (PID=3046) to work on /opt/airflow/dags/elastic_dag.py
[2024-07-25T19:41:58.481+0000] {processor.py:756} INFO - Processing file /opt/airflow/dags/elastic_dag.py for tasks to queue
[2024-07-25T19:41:58.482+0000] {logging_mixin.py:120} INFO - [2024-07-25T19:41:58.481+0000] {dagbag.py:537} INFO - Filling up the DagBag from /opt/airflow/dags/elastic_dag.py
[2024-07-25T19:41:58.669+0000] {processor.py:766} INFO - DAG(s) dict_keys(['elastic_dag']) retrieved from /opt/airflow/dags/elastic_dag.py
[2024-07-25T19:41:58.701+0000] {logging_mixin.py:120} INFO - [2024-07-25T19:41:58.701+0000] {dag.py:2585} INFO - Sync 1 DAGs
[2024-07-25T19:41:58.728+0000] {logging_mixin.py:120} INFO - [2024-07-25T19:41:58.727+0000] {dag.py:3340} INFO - Setting next_dagrun for elastic_dag to 2024-07-24T00:00:00+00:00, run_after=2024-07-25T00:00:00+00:00
[2024-07-25T19:41:58.746+0000] {processor.py:176} INFO - Processing /opt/airflow/dags/elastic_dag.py took 0.269 seconds
[2024-07-25T19:42:29.650+0000] {processor.py:154} INFO - Started process (PID=3086) to work on /opt/airflow/dags/elastic_dag.py
[2024-07-25T19:42:29.651+0000] {processor.py:756} INFO - Processing file /opt/airflow/dags/elastic_dag.py for tasks to queue
[2024-07-25T19:42:29.652+0000] {logging_mixin.py:120} INFO - [2024-07-25T19:42:29.651+0000] {dagbag.py:537} INFO - Filling up the DagBag from /opt/airflow/dags/elastic_dag.py
[2024-07-25T19:42:29.859+0000] {processor.py:766} INFO - DAG(s) dict_keys(['elastic_dag']) retrieved from /opt/airflow/dags/elastic_dag.py
[2024-07-25T19:42:29.889+0000] {logging_mixin.py:120} INFO - [2024-07-25T19:42:29.889+0000] {dag.py:2585} INFO - Sync 1 DAGs
[2024-07-25T19:42:29.913+0000] {logging_mixin.py:120} INFO - [2024-07-25T19:42:29.913+0000] {dag.py:3340} INFO - Setting next_dagrun for elastic_dag to 2024-07-24T00:00:00+00:00, run_after=2024-07-25T00:00:00+00:00
[2024-07-25T19:42:29.928+0000] {processor.py:176} INFO - Processing /opt/airflow/dags/elastic_dag.py took 0.281 seconds
[2024-07-25T19:43:00.498+0000] {processor.py:154} INFO - Started process (PID=3117) to work on /opt/airflow/dags/elastic_dag.py
[2024-07-25T19:43:00.499+0000] {processor.py:756} INFO - Processing file /opt/airflow/dags/elastic_dag.py for tasks to queue
[2024-07-25T19:43:00.500+0000] {logging_mixin.py:120} INFO - [2024-07-25T19:43:00.500+0000] {dagbag.py:537} INFO - Filling up the DagBag from /opt/airflow/dags/elastic_dag.py
[2024-07-25T19:43:00.689+0000] {processor.py:766} INFO - DAG(s) dict_keys(['elastic_dag']) retrieved from /opt/airflow/dags/elastic_dag.py
[2024-07-25T19:43:00.720+0000] {logging_mixin.py:120} INFO - [2024-07-25T19:43:00.720+0000] {dag.py:2585} INFO - Sync 1 DAGs
[2024-07-25T19:43:00.742+0000] {logging_mixin.py:120} INFO - [2024-07-25T19:43:00.742+0000] {dag.py:3340} INFO - Setting next_dagrun for elastic_dag to 2024-07-24T00:00:00+00:00, run_after=2024-07-25T00:00:00+00:00
[2024-07-25T19:43:00.755+0000] {processor.py:176} INFO - Processing /opt/airflow/dags/elastic_dag.py took 0.260 seconds
[2024-07-25T19:43:31.291+0000] {processor.py:154} INFO - Started process (PID=3157) to work on /opt/airflow/dags/elastic_dag.py
[2024-07-25T19:43:31.293+0000] {processor.py:756} INFO - Processing file /opt/airflow/dags/elastic_dag.py for tasks to queue
[2024-07-25T19:43:31.293+0000] {logging_mixin.py:120} INFO - [2024-07-25T19:43:31.293+0000] {dagbag.py:537} INFO - Filling up the DagBag from /opt/airflow/dags/elastic_dag.py
[2024-07-25T19:43:31.486+0000] {processor.py:766} INFO - DAG(s) dict_keys(['elastic_dag']) retrieved from /opt/airflow/dags/elastic_dag.py
[2024-07-25T19:43:31.516+0000] {logging_mixin.py:120} INFO - [2024-07-25T19:43:31.515+0000] {dag.py:2585} INFO - Sync 1 DAGs
[2024-07-25T19:43:31.536+0000] {logging_mixin.py:120} INFO - [2024-07-25T19:43:31.536+0000] {dag.py:3340} INFO - Setting next_dagrun for elastic_dag to 2024-07-24T00:00:00+00:00, run_after=2024-07-25T00:00:00+00:00
[2024-07-25T19:43:31.552+0000] {processor.py:176} INFO - Processing /opt/airflow/dags/elastic_dag.py took 0.264 seconds
[2024-07-25T19:44:02.077+0000] {processor.py:154} INFO - Started process (PID=3197) to work on /opt/airflow/dags/elastic_dag.py
[2024-07-25T19:44:02.078+0000] {processor.py:756} INFO - Processing file /opt/airflow/dags/elastic_dag.py for tasks to queue
[2024-07-25T19:44:02.078+0000] {logging_mixin.py:120} INFO - [2024-07-25T19:44:02.078+0000] {dagbag.py:537} INFO - Filling up the DagBag from /opt/airflow/dags/elastic_dag.py
[2024-07-25T19:44:02.268+0000] {processor.py:766} INFO - DAG(s) dict_keys(['elastic_dag']) retrieved from /opt/airflow/dags/elastic_dag.py
[2024-07-25T19:44:02.297+0000] {logging_mixin.py:120} INFO - [2024-07-25T19:44:02.296+0000] {dag.py:2585} INFO - Sync 1 DAGs
[2024-07-25T19:44:02.317+0000] {logging_mixin.py:120} INFO - [2024-07-25T19:44:02.317+0000] {dag.py:3340} INFO - Setting next_dagrun for elastic_dag to 2024-07-24T00:00:00+00:00, run_after=2024-07-25T00:00:00+00:00
[2024-07-25T19:44:02.428+0000] {processor.py:176} INFO - Processing /opt/airflow/dags/elastic_dag.py took 0.353 seconds
[2024-07-25T19:44:33.229+0000] {processor.py:154} INFO - Started process (PID=3237) to work on /opt/airflow/dags/elastic_dag.py
[2024-07-25T19:44:33.230+0000] {processor.py:756} INFO - Processing file /opt/airflow/dags/elastic_dag.py for tasks to queue
[2024-07-25T19:44:33.231+0000] {logging_mixin.py:120} INFO - [2024-07-25T19:44:33.231+0000] {dagbag.py:537} INFO - Filling up the DagBag from /opt/airflow/dags/elastic_dag.py
[2024-07-25T19:44:33.419+0000] {processor.py:766} INFO - DAG(s) dict_keys(['elastic_dag']) retrieved from /opt/airflow/dags/elastic_dag.py
[2024-07-25T19:44:33.448+0000] {logging_mixin.py:120} INFO - [2024-07-25T19:44:33.447+0000] {dag.py:2585} INFO - Sync 1 DAGs
[2024-07-25T19:44:33.469+0000] {logging_mixin.py:120} INFO - [2024-07-25T19:44:33.469+0000] {dag.py:3340} INFO - Setting next_dagrun for elastic_dag to 2024-07-24T00:00:00+00:00, run_after=2024-07-25T00:00:00+00:00
[2024-07-25T19:44:33.482+0000] {processor.py:176} INFO - Processing /opt/airflow/dags/elastic_dag.py took 0.256 seconds
[2024-07-25T19:45:04.382+0000] {processor.py:154} INFO - Started process (PID=3277) to work on /opt/airflow/dags/elastic_dag.py
[2024-07-25T19:45:04.383+0000] {processor.py:756} INFO - Processing file /opt/airflow/dags/elastic_dag.py for tasks to queue
[2024-07-25T19:45:04.385+0000] {logging_mixin.py:120} INFO - [2024-07-25T19:45:04.384+0000] {dagbag.py:537} INFO - Filling up the DagBag from /opt/airflow/dags/elastic_dag.py
[2024-07-25T19:45:04.581+0000] {processor.py:766} INFO - DAG(s) dict_keys(['elastic_dag']) retrieved from /opt/airflow/dags/elastic_dag.py
[2024-07-25T19:45:04.610+0000] {logging_mixin.py:120} INFO - [2024-07-25T19:45:04.610+0000] {dag.py:2585} INFO - Sync 1 DAGs
[2024-07-25T19:45:04.631+0000] {logging_mixin.py:120} INFO - [2024-07-25T19:45:04.631+0000] {dag.py:3340} INFO - Setting next_dagrun for elastic_dag to 2024-07-24T00:00:00+00:00, run_after=2024-07-25T00:00:00+00:00
[2024-07-25T19:45:04.645+0000] {processor.py:176} INFO - Processing /opt/airflow/dags/elastic_dag.py took 0.265 seconds
[2024-07-25T19:45:35.516+0000] {processor.py:154} INFO - Started process (PID=3308) to work on /opt/airflow/dags/elastic_dag.py
[2024-07-25T19:45:35.517+0000] {processor.py:756} INFO - Processing file /opt/airflow/dags/elastic_dag.py for tasks to queue
[2024-07-25T19:45:35.517+0000] {logging_mixin.py:120} INFO - [2024-07-25T19:45:35.517+0000] {dagbag.py:537} INFO - Filling up the DagBag from /opt/airflow/dags/elastic_dag.py
[2024-07-25T19:45:35.706+0000] {processor.py:766} INFO - DAG(s) dict_keys(['elastic_dag']) retrieved from /opt/airflow/dags/elastic_dag.py
[2024-07-25T19:45:35.744+0000] {logging_mixin.py:120} INFO - [2024-07-25T19:45:35.744+0000] {dag.py:2585} INFO - Sync 1 DAGs
[2024-07-25T19:45:35.766+0000] {logging_mixin.py:120} INFO - [2024-07-25T19:45:35.766+0000] {dag.py:3340} INFO - Setting next_dagrun for elastic_dag to 2024-07-24T00:00:00+00:00, run_after=2024-07-25T00:00:00+00:00
[2024-07-25T19:45:35.779+0000] {processor.py:176} INFO - Processing /opt/airflow/dags/elastic_dag.py took 0.266 seconds
[2024-07-25T19:46:06.330+0000] {processor.py:154} INFO - Started process (PID=3349) to work on /opt/airflow/dags/elastic_dag.py
[2024-07-25T19:46:06.331+0000] {processor.py:756} INFO - Processing file /opt/airflow/dags/elastic_dag.py for tasks to queue
[2024-07-25T19:46:06.331+0000] {logging_mixin.py:120} INFO - [2024-07-25T19:46:06.331+0000] {dagbag.py:537} INFO - Filling up the DagBag from /opt/airflow/dags/elastic_dag.py
[2024-07-25T19:46:06.530+0000] {processor.py:766} INFO - DAG(s) dict_keys(['elastic_dag']) retrieved from /opt/airflow/dags/elastic_dag.py
[2024-07-25T19:46:06.562+0000] {logging_mixin.py:120} INFO - [2024-07-25T19:46:06.561+0000] {dag.py:2585} INFO - Sync 1 DAGs
[2024-07-25T19:46:06.586+0000] {logging_mixin.py:120} INFO - [2024-07-25T19:46:06.586+0000] {dag.py:3340} INFO - Setting next_dagrun for elastic_dag to 2024-07-24T00:00:00+00:00, run_after=2024-07-25T00:00:00+00:00
[2024-07-25T19:46:06.600+0000] {processor.py:176} INFO - Processing /opt/airflow/dags/elastic_dag.py took 0.274 seconds
