[2024-07-25T18:29:55.067+0000] {processor.py:154} INFO - Started process (PID=53) to work on /opt/airflow/dags/group_dag.py
[2024-07-25T18:29:55.069+0000] {processor.py:756} INFO - Processing file /opt/airflow/dags/group_dag.py for tasks to queue
[2024-07-25T18:29:55.070+0000] {logging_mixin.py:120} INFO - [2024-07-25T18:29:55.070+0000] {dagbag.py:537} INFO - Filling up the DagBag from /opt/airflow/dags/group_dag.py
[2024-07-25T18:29:55.110+0000] {processor.py:766} INFO - DAG(s) dict_keys(['group_dag']) retrieved from /opt/airflow/dags/group_dag.py
[2024-07-25T18:29:55.187+0000] {logging_mixin.py:120} INFO - [2024-07-25T18:29:55.186+0000] {dag.py:2585} INFO - Sync 1 DAGs
[2024-07-25T18:29:55.242+0000] {logging_mixin.py:120} INFO - [2024-07-25T18:29:55.242+0000] {dag.py:3340} INFO - Setting next_dagrun for group_dag to 2024-07-24T00:00:00+00:00, run_after=2024-07-25T00:00:00+00:00
[2024-07-25T18:29:55.276+0000] {processor.py:176} INFO - Processing /opt/airflow/dags/group_dag.py took 0.212 seconds
[2024-07-25T18:30:25.551+0000] {processor.py:154} INFO - Started process (PID=83) to work on /opt/airflow/dags/group_dag.py
[2024-07-25T18:30:25.551+0000] {processor.py:756} INFO - Processing file /opt/airflow/dags/group_dag.py for tasks to queue
[2024-07-25T18:30:25.552+0000] {logging_mixin.py:120} INFO - [2024-07-25T18:30:25.552+0000] {dagbag.py:537} INFO - Filling up the DagBag from /opt/airflow/dags/group_dag.py
[2024-07-25T18:30:25.587+0000] {processor.py:766} INFO - DAG(s) dict_keys(['group_dag']) retrieved from /opt/airflow/dags/group_dag.py
[2024-07-25T18:30:25.622+0000] {logging_mixin.py:120} INFO - [2024-07-25T18:30:25.622+0000] {dag.py:2585} INFO - Sync 1 DAGs
[2024-07-25T18:30:25.653+0000] {logging_mixin.py:120} INFO - [2024-07-25T18:30:25.652+0000] {dag.py:3340} INFO - Setting next_dagrun for group_dag to 2024-07-24T00:00:00+00:00, run_after=2024-07-25T00:00:00+00:00
[2024-07-25T18:30:25.673+0000] {processor.py:176} INFO - Processing /opt/airflow/dags/group_dag.py took 0.125 seconds
[2024-07-25T18:31:03.238+0000] {processor.py:154} INFO - Started process (PID=116) to work on /opt/airflow/dags/group_dag.py
[2024-07-25T18:31:03.239+0000] {processor.py:756} INFO - Processing file /opt/airflow/dags/group_dag.py for tasks to queue
[2024-07-25T18:31:03.240+0000] {logging_mixin.py:120} INFO - [2024-07-25T18:31:03.240+0000] {dagbag.py:537} INFO - Filling up the DagBag from /opt/airflow/dags/group_dag.py
[2024-07-25T18:31:03.259+0000] {processor.py:766} INFO - DAG(s) dict_keys(['group_dag']) retrieved from /opt/airflow/dags/group_dag.py
[2024-07-25T18:31:03.292+0000] {logging_mixin.py:120} INFO - [2024-07-25T18:31:03.292+0000] {dag.py:2585} INFO - Sync 1 DAGs
[2024-07-25T18:31:03.315+0000] {logging_mixin.py:120} INFO - [2024-07-25T18:31:03.315+0000] {dag.py:3340} INFO - Setting next_dagrun for group_dag to 2024-07-24T00:00:00+00:00, run_after=2024-07-25T00:00:00+00:00
[2024-07-25T18:31:03.333+0000] {processor.py:176} INFO - Processing /opt/airflow/dags/group_dag.py took 0.099 seconds
[2024-07-25T18:36:17.488+0000] {processor.py:154} INFO - Started process (PID=148) to work on /opt/airflow/dags/group_dag.py
[2024-07-25T18:36:17.490+0000] {processor.py:756} INFO - Processing file /opt/airflow/dags/group_dag.py for tasks to queue
[2024-07-25T18:36:17.491+0000] {logging_mixin.py:120} INFO - [2024-07-25T18:36:17.491+0000] {dagbag.py:537} INFO - Filling up the DagBag from /opt/airflow/dags/group_dag.py
[2024-07-25T18:36:17.528+0000] {processor.py:766} INFO - DAG(s) dict_keys(['group_dag']) retrieved from /opt/airflow/dags/group_dag.py
[2024-07-25T18:36:17.581+0000] {logging_mixin.py:120} INFO - [2024-07-25T18:36:17.581+0000] {dag.py:2585} INFO - Sync 1 DAGs
[2024-07-25T18:36:17.634+0000] {logging_mixin.py:120} INFO - [2024-07-25T18:36:17.633+0000] {dag.py:3340} INFO - Setting next_dagrun for group_dag to 2024-07-24T00:00:00+00:00, run_after=2024-07-25T00:00:00+00:00
[2024-07-25T18:36:17.674+0000] {processor.py:176} INFO - Processing /opt/airflow/dags/group_dag.py took 0.190 seconds
[2024-07-25T18:36:48.497+0000] {processor.py:154} INFO - Started process (PID=188) to work on /opt/airflow/dags/group_dag.py
[2024-07-25T18:36:48.500+0000] {processor.py:756} INFO - Processing file /opt/airflow/dags/group_dag.py for tasks to queue
[2024-07-25T18:36:48.502+0000] {logging_mixin.py:120} INFO - [2024-07-25T18:36:48.501+0000] {dagbag.py:537} INFO - Filling up the DagBag from /opt/airflow/dags/group_dag.py
[2024-07-25T18:36:48.531+0000] {processor.py:766} INFO - DAG(s) dict_keys(['group_dag']) retrieved from /opt/airflow/dags/group_dag.py
[2024-07-25T18:36:48.565+0000] {logging_mixin.py:120} INFO - [2024-07-25T18:36:48.565+0000] {dag.py:2585} INFO - Sync 1 DAGs
[2024-07-25T18:36:48.587+0000] {logging_mixin.py:120} INFO - [2024-07-25T18:36:48.587+0000] {dag.py:3340} INFO - Setting next_dagrun for group_dag to 2024-07-24T00:00:00+00:00, run_after=2024-07-25T00:00:00+00:00
[2024-07-25T18:36:48.601+0000] {processor.py:176} INFO - Processing /opt/airflow/dags/group_dag.py took 0.108 seconds
[2024-07-25T18:49:40.921+0000] {processor.py:154} INFO - Started process (PID=228) to work on /opt/airflow/dags/group_dag.py
[2024-07-25T18:49:40.922+0000] {processor.py:756} INFO - Processing file /opt/airflow/dags/group_dag.py for tasks to queue
[2024-07-25T18:49:40.923+0000] {logging_mixin.py:120} INFO - [2024-07-25T18:49:40.922+0000] {dagbag.py:537} INFO - Filling up the DagBag from /opt/airflow/dags/group_dag.py
[2024-07-25T18:49:40.942+0000] {processor.py:766} INFO - DAG(s) dict_keys(['group_dag']) retrieved from /opt/airflow/dags/group_dag.py
[2024-07-25T18:49:40.992+0000] {logging_mixin.py:120} INFO - [2024-07-25T18:49:40.992+0000] {dag.py:2585} INFO - Sync 1 DAGs
[2024-07-25T18:49:41.025+0000] {logging_mixin.py:120} INFO - [2024-07-25T18:49:41.025+0000] {dag.py:3340} INFO - Setting next_dagrun for group_dag to 2024-07-24T00:00:00+00:00, run_after=2024-07-25T00:00:00+00:00
[2024-07-25T18:49:41.048+0000] {processor.py:176} INFO - Processing /opt/airflow/dags/group_dag.py took 0.130 seconds
[2024-07-25T18:50:11.971+0000] {processor.py:154} INFO - Started process (PID=258) to work on /opt/airflow/dags/group_dag.py
[2024-07-25T18:50:11.973+0000] {processor.py:756} INFO - Processing file /opt/airflow/dags/group_dag.py for tasks to queue
[2024-07-25T18:50:11.973+0000] {logging_mixin.py:120} INFO - [2024-07-25T18:50:11.973+0000] {dagbag.py:537} INFO - Filling up the DagBag from /opt/airflow/dags/group_dag.py
[2024-07-25T18:50:12.001+0000] {processor.py:766} INFO - DAG(s) dict_keys(['group_dag']) retrieved from /opt/airflow/dags/group_dag.py
[2024-07-25T18:50:12.034+0000] {logging_mixin.py:120} INFO - [2024-07-25T18:50:12.034+0000] {dag.py:2585} INFO - Sync 1 DAGs
[2024-07-25T18:50:12.057+0000] {logging_mixin.py:120} INFO - [2024-07-25T18:50:12.056+0000] {dag.py:3340} INFO - Setting next_dagrun for group_dag to 2024-07-24T00:00:00+00:00, run_after=2024-07-25T00:00:00+00:00
[2024-07-25T18:50:12.071+0000] {processor.py:176} INFO - Processing /opt/airflow/dags/group_dag.py took 0.103 seconds
[2024-07-25T18:50:42.644+0000] {processor.py:154} INFO - Started process (PID=298) to work on /opt/airflow/dags/group_dag.py
[2024-07-25T18:50:42.644+0000] {processor.py:756} INFO - Processing file /opt/airflow/dags/group_dag.py for tasks to queue
[2024-07-25T18:50:42.645+0000] {logging_mixin.py:120} INFO - [2024-07-25T18:50:42.645+0000] {dagbag.py:537} INFO - Filling up the DagBag from /opt/airflow/dags/group_dag.py
[2024-07-25T18:50:42.670+0000] {processor.py:766} INFO - DAG(s) dict_keys(['group_dag']) retrieved from /opt/airflow/dags/group_dag.py
[2024-07-25T18:50:42.704+0000] {logging_mixin.py:120} INFO - [2024-07-25T18:50:42.704+0000] {dag.py:2585} INFO - Sync 1 DAGs
[2024-07-25T18:50:42.728+0000] {logging_mixin.py:120} INFO - [2024-07-25T18:50:42.728+0000] {dag.py:3340} INFO - Setting next_dagrun for group_dag to 2024-07-24T00:00:00+00:00, run_after=2024-07-25T00:00:00+00:00
[2024-07-25T18:50:42.743+0000] {processor.py:176} INFO - Processing /opt/airflow/dags/group_dag.py took 0.102 seconds
[2024-07-25T18:51:12.824+0000] {processor.py:154} INFO - Started process (PID=337) to work on /opt/airflow/dags/group_dag.py
[2024-07-25T18:51:12.826+0000] {processor.py:756} INFO - Processing file /opt/airflow/dags/group_dag.py for tasks to queue
[2024-07-25T18:51:12.826+0000] {logging_mixin.py:120} INFO - [2024-07-25T18:51:12.826+0000] {dagbag.py:537} INFO - Filling up the DagBag from /opt/airflow/dags/group_dag.py
[2024-07-25T18:51:12.848+0000] {processor.py:766} INFO - DAG(s) dict_keys(['group_dag']) retrieved from /opt/airflow/dags/group_dag.py
[2024-07-25T18:51:12.884+0000] {logging_mixin.py:120} INFO - [2024-07-25T18:51:12.884+0000] {dag.py:2585} INFO - Sync 1 DAGs
[2024-07-25T18:51:12.909+0000] {logging_mixin.py:120} INFO - [2024-07-25T18:51:12.908+0000] {dag.py:3340} INFO - Setting next_dagrun for group_dag to 2024-07-24T00:00:00+00:00, run_after=2024-07-25T00:00:00+00:00
[2024-07-25T18:51:12.929+0000] {processor.py:176} INFO - Processing /opt/airflow/dags/group_dag.py took 0.108 seconds
[2024-07-25T18:51:42.964+0000] {processor.py:154} INFO - Started process (PID=380) to work on /opt/airflow/dags/group_dag.py
[2024-07-25T18:51:42.965+0000] {processor.py:756} INFO - Processing file /opt/airflow/dags/group_dag.py for tasks to queue
[2024-07-25T18:51:42.965+0000] {logging_mixin.py:120} INFO - [2024-07-25T18:51:42.965+0000] {dagbag.py:537} INFO - Filling up the DagBag from /opt/airflow/dags/group_dag.py
[2024-07-25T18:51:42.984+0000] {processor.py:766} INFO - DAG(s) dict_keys(['group_dag']) retrieved from /opt/airflow/dags/group_dag.py
[2024-07-25T18:51:43.019+0000] {logging_mixin.py:120} INFO - [2024-07-25T18:51:43.019+0000] {dag.py:2585} INFO - Sync 1 DAGs
[2024-07-25T18:51:43.042+0000] {logging_mixin.py:120} INFO - [2024-07-25T18:51:43.042+0000] {dag.py:3340} INFO - Setting next_dagrun for group_dag to 2024-07-24T00:00:00+00:00, run_after=2024-07-25T00:00:00+00:00
[2024-07-25T18:51:43.062+0000] {processor.py:176} INFO - Processing /opt/airflow/dags/group_dag.py took 0.101 seconds
[2024-07-25T19:05:47.904+0000] {processor.py:154} INFO - Started process (PID=411) to work on /opt/airflow/dags/group_dag.py
[2024-07-25T19:05:47.905+0000] {processor.py:756} INFO - Processing file /opt/airflow/dags/group_dag.py for tasks to queue
[2024-07-25T19:05:47.906+0000] {logging_mixin.py:120} INFO - [2024-07-25T19:05:47.906+0000] {dagbag.py:537} INFO - Filling up the DagBag from /opt/airflow/dags/group_dag.py
[2024-07-25T19:05:47.928+0000] {processor.py:766} INFO - DAG(s) dict_keys(['group_dag']) retrieved from /opt/airflow/dags/group_dag.py
[2024-07-25T19:05:47.967+0000] {logging_mixin.py:120} INFO - [2024-07-25T19:05:47.966+0000] {dag.py:2585} INFO - Sync 1 DAGs
[2024-07-25T19:05:47.989+0000] {logging_mixin.py:120} INFO - [2024-07-25T19:05:47.989+0000] {dag.py:3340} INFO - Setting next_dagrun for group_dag to 2024-07-24T00:00:00+00:00, run_after=2024-07-25T00:00:00+00:00
[2024-07-25T19:05:48.003+0000] {processor.py:176} INFO - Processing /opt/airflow/dags/group_dag.py took 0.105 seconds
[2024-07-25T19:06:42.729+0000] {processor.py:154} INFO - Started process (PID=451) to work on /opt/airflow/dags/group_dag.py
[2024-07-25T19:06:42.730+0000] {processor.py:756} INFO - Processing file /opt/airflow/dags/group_dag.py for tasks to queue
[2024-07-25T19:06:42.731+0000] {logging_mixin.py:120} INFO - [2024-07-25T19:06:42.730+0000] {dagbag.py:537} INFO - Filling up the DagBag from /opt/airflow/dags/group_dag.py
[2024-07-25T19:06:42.751+0000] {processor.py:766} INFO - DAG(s) dict_keys(['group_dag']) retrieved from /opt/airflow/dags/group_dag.py
[2024-07-25T19:06:42.783+0000] {logging_mixin.py:120} INFO - [2024-07-25T19:06:42.783+0000] {dag.py:2585} INFO - Sync 1 DAGs
[2024-07-25T19:06:42.806+0000] {logging_mixin.py:120} INFO - [2024-07-25T19:06:42.806+0000] {dag.py:3340} INFO - Setting next_dagrun for group_dag to 2024-07-24T00:00:00+00:00, run_after=2024-07-25T00:00:00+00:00
[2024-07-25T19:06:42.822+0000] {processor.py:176} INFO - Processing /opt/airflow/dags/group_dag.py took 0.096 seconds
[2024-07-25T19:07:13.481+0000] {processor.py:154} INFO - Started process (PID=491) to work on /opt/airflow/dags/group_dag.py
[2024-07-25T19:07:13.482+0000] {processor.py:756} INFO - Processing file /opt/airflow/dags/group_dag.py for tasks to queue
[2024-07-25T19:07:13.482+0000] {logging_mixin.py:120} INFO - [2024-07-25T19:07:13.482+0000] {dagbag.py:537} INFO - Filling up the DagBag from /opt/airflow/dags/group_dag.py
[2024-07-25T19:07:13.504+0000] {processor.py:766} INFO - DAG(s) dict_keys(['group_dag']) retrieved from /opt/airflow/dags/group_dag.py
[2024-07-25T19:07:13.539+0000] {logging_mixin.py:120} INFO - [2024-07-25T19:07:13.539+0000] {dag.py:2585} INFO - Sync 1 DAGs
[2024-07-25T19:07:13.565+0000] {logging_mixin.py:120} INFO - [2024-07-25T19:07:13.565+0000] {dag.py:3340} INFO - Setting next_dagrun for group_dag to 2024-07-24T00:00:00+00:00, run_after=2024-07-25T00:00:00+00:00
[2024-07-25T19:07:13.581+0000] {processor.py:176} INFO - Processing /opt/airflow/dags/group_dag.py took 0.103 seconds
[2024-07-25T19:08:07.928+0000] {processor.py:154} INFO - Started process (PID=522) to work on /opt/airflow/dags/group_dag.py
[2024-07-25T19:08:07.929+0000] {processor.py:756} INFO - Processing file /opt/airflow/dags/group_dag.py for tasks to queue
[2024-07-25T19:08:07.930+0000] {logging_mixin.py:120} INFO - [2024-07-25T19:08:07.929+0000] {dagbag.py:537} INFO - Filling up the DagBag from /opt/airflow/dags/group_dag.py
[2024-07-25T19:08:07.952+0000] {processor.py:766} INFO - DAG(s) dict_keys(['group_dag']) retrieved from /opt/airflow/dags/group_dag.py
[2024-07-25T19:08:07.985+0000] {logging_mixin.py:120} INFO - [2024-07-25T19:08:07.985+0000] {dag.py:2585} INFO - Sync 1 DAGs
[2024-07-25T19:08:08.008+0000] {logging_mixin.py:120} INFO - [2024-07-25T19:08:08.008+0000] {dag.py:3340} INFO - Setting next_dagrun for group_dag to 2024-07-24T00:00:00+00:00, run_after=2024-07-25T00:00:00+00:00
[2024-07-25T19:08:08.023+0000] {processor.py:176} INFO - Processing /opt/airflow/dags/group_dag.py took 0.098 seconds
[2024-07-25T19:08:38.263+0000] {processor.py:154} INFO - Started process (PID=562) to work on /opt/airflow/dags/group_dag.py
[2024-07-25T19:08:38.264+0000] {processor.py:756} INFO - Processing file /opt/airflow/dags/group_dag.py for tasks to queue
[2024-07-25T19:08:38.265+0000] {logging_mixin.py:120} INFO - [2024-07-25T19:08:38.265+0000] {dagbag.py:537} INFO - Filling up the DagBag from /opt/airflow/dags/group_dag.py
[2024-07-25T19:08:38.284+0000] {processor.py:766} INFO - DAG(s) dict_keys(['group_dag']) retrieved from /opt/airflow/dags/group_dag.py
[2024-07-25T19:08:38.320+0000] {logging_mixin.py:120} INFO - [2024-07-25T19:08:38.320+0000] {dag.py:2585} INFO - Sync 1 DAGs
[2024-07-25T19:08:38.344+0000] {logging_mixin.py:120} INFO - [2024-07-25T19:08:38.344+0000] {dag.py:3340} INFO - Setting next_dagrun for group_dag to 2024-07-24T00:00:00+00:00, run_after=2024-07-25T00:00:00+00:00
[2024-07-25T19:08:38.359+0000] {processor.py:176} INFO - Processing /opt/airflow/dags/group_dag.py took 0.099 seconds
[2024-07-25T19:09:09.045+0000] {processor.py:154} INFO - Started process (PID=602) to work on /opt/airflow/dags/group_dag.py
[2024-07-25T19:09:09.046+0000] {processor.py:756} INFO - Processing file /opt/airflow/dags/group_dag.py for tasks to queue
[2024-07-25T19:09:09.047+0000] {logging_mixin.py:120} INFO - [2024-07-25T19:09:09.047+0000] {dagbag.py:537} INFO - Filling up the DagBag from /opt/airflow/dags/group_dag.py
[2024-07-25T19:09:09.067+0000] {processor.py:766} INFO - DAG(s) dict_keys(['group_dag']) retrieved from /opt/airflow/dags/group_dag.py
[2024-07-25T19:09:09.104+0000] {logging_mixin.py:120} INFO - [2024-07-25T19:09:09.104+0000] {dag.py:2585} INFO - Sync 1 DAGs
[2024-07-25T19:09:09.128+0000] {logging_mixin.py:120} INFO - [2024-07-25T19:09:09.128+0000] {dag.py:3340} INFO - Setting next_dagrun for group_dag to 2024-07-24T00:00:00+00:00, run_after=2024-07-25T00:00:00+00:00
[2024-07-25T19:09:09.145+0000] {processor.py:176} INFO - Processing /opt/airflow/dags/group_dag.py took 0.103 seconds
[2024-07-25T19:09:39.234+0000] {processor.py:154} INFO - Started process (PID=640) to work on /opt/airflow/dags/group_dag.py
[2024-07-25T19:09:39.235+0000] {processor.py:756} INFO - Processing file /opt/airflow/dags/group_dag.py for tasks to queue
[2024-07-25T19:09:39.237+0000] {logging_mixin.py:120} INFO - [2024-07-25T19:09:39.236+0000] {dagbag.py:537} INFO - Filling up the DagBag from /opt/airflow/dags/group_dag.py
[2024-07-25T19:09:39.262+0000] {processor.py:766} INFO - DAG(s) dict_keys(['group_dag']) retrieved from /opt/airflow/dags/group_dag.py
[2024-07-25T19:09:39.301+0000] {logging_mixin.py:120} INFO - [2024-07-25T19:09:39.301+0000] {dag.py:2585} INFO - Sync 1 DAGs
[2024-07-25T19:09:39.327+0000] {logging_mixin.py:120} INFO - [2024-07-25T19:09:39.327+0000] {dag.py:3340} INFO - Setting next_dagrun for group_dag to 2024-07-24T00:00:00+00:00, run_after=2024-07-25T00:00:00+00:00
[2024-07-25T19:09:39.345+0000] {processor.py:176} INFO - Processing /opt/airflow/dags/group_dag.py took 0.114 seconds
[2024-07-25T19:10:09.385+0000] {processor.py:154} INFO - Started process (PID=670) to work on /opt/airflow/dags/group_dag.py
[2024-07-25T19:10:09.386+0000] {processor.py:756} INFO - Processing file /opt/airflow/dags/group_dag.py for tasks to queue
[2024-07-25T19:10:09.390+0000] {logging_mixin.py:120} INFO - [2024-07-25T19:10:09.390+0000] {dagbag.py:537} INFO - Filling up the DagBag from /opt/airflow/dags/group_dag.py
[2024-07-25T19:10:09.410+0000] {processor.py:766} INFO - DAG(s) dict_keys(['group_dag']) retrieved from /opt/airflow/dags/group_dag.py
[2024-07-25T19:10:09.446+0000] {logging_mixin.py:120} INFO - [2024-07-25T19:10:09.446+0000] {dag.py:2585} INFO - Sync 1 DAGs
[2024-07-25T19:10:09.470+0000] {logging_mixin.py:120} INFO - [2024-07-25T19:10:09.470+0000] {dag.py:3340} INFO - Setting next_dagrun for group_dag to 2024-07-24T00:00:00+00:00, run_after=2024-07-25T00:00:00+00:00
[2024-07-25T19:10:09.486+0000] {processor.py:176} INFO - Processing /opt/airflow/dags/group_dag.py took 0.104 seconds
[2024-07-25T19:10:39.728+0000] {processor.py:154} INFO - Started process (PID=710) to work on /opt/airflow/dags/group_dag.py
[2024-07-25T19:10:39.729+0000] {processor.py:756} INFO - Processing file /opt/airflow/dags/group_dag.py for tasks to queue
[2024-07-25T19:10:39.733+0000] {logging_mixin.py:120} INFO - [2024-07-25T19:10:39.733+0000] {dagbag.py:537} INFO - Filling up the DagBag from /opt/airflow/dags/group_dag.py
[2024-07-25T19:10:39.754+0000] {processor.py:766} INFO - DAG(s) dict_keys(['group_dag']) retrieved from /opt/airflow/dags/group_dag.py
[2024-07-25T19:10:39.790+0000] {logging_mixin.py:120} INFO - [2024-07-25T19:10:39.789+0000] {dag.py:2585} INFO - Sync 1 DAGs
[2024-07-25T19:10:39.815+0000] {logging_mixin.py:120} INFO - [2024-07-25T19:10:39.814+0000] {dag.py:3340} INFO - Setting next_dagrun for group_dag to 2024-07-24T00:00:00+00:00, run_after=2024-07-25T00:00:00+00:00
[2024-07-25T19:10:39.831+0000] {processor.py:176} INFO - Processing /opt/airflow/dags/group_dag.py took 0.106 seconds
[2024-07-25T19:11:10.274+0000] {processor.py:154} INFO - Started process (PID=750) to work on /opt/airflow/dags/group_dag.py
[2024-07-25T19:11:10.275+0000] {processor.py:756} INFO - Processing file /opt/airflow/dags/group_dag.py for tasks to queue
[2024-07-25T19:11:10.278+0000] {logging_mixin.py:120} INFO - [2024-07-25T19:11:10.278+0000] {dagbag.py:537} INFO - Filling up the DagBag from /opt/airflow/dags/group_dag.py
[2024-07-25T19:11:10.298+0000] {processor.py:766} INFO - DAG(s) dict_keys(['group_dag']) retrieved from /opt/airflow/dags/group_dag.py
[2024-07-25T19:11:10.332+0000] {logging_mixin.py:120} INFO - [2024-07-25T19:11:10.332+0000] {dag.py:2585} INFO - Sync 1 DAGs
[2024-07-25T19:11:10.355+0000] {logging_mixin.py:120} INFO - [2024-07-25T19:11:10.355+0000] {dag.py:3340} INFO - Setting next_dagrun for group_dag to 2024-07-24T00:00:00+00:00, run_after=2024-07-25T00:00:00+00:00
[2024-07-25T19:11:10.373+0000] {processor.py:176} INFO - Processing /opt/airflow/dags/group_dag.py took 0.102 seconds
[2024-07-25T19:11:40.433+0000] {processor.py:154} INFO - Started process (PID=790) to work on /opt/airflow/dags/group_dag.py
[2024-07-25T19:11:40.434+0000] {processor.py:756} INFO - Processing file /opt/airflow/dags/group_dag.py for tasks to queue
[2024-07-25T19:11:40.436+0000] {logging_mixin.py:120} INFO - [2024-07-25T19:11:40.436+0000] {dagbag.py:537} INFO - Filling up the DagBag from /opt/airflow/dags/group_dag.py
[2024-07-25T19:11:40.464+0000] {processor.py:766} INFO - DAG(s) dict_keys(['group_dag']) retrieved from /opt/airflow/dags/group_dag.py
[2024-07-25T19:11:40.504+0000] {logging_mixin.py:120} INFO - [2024-07-25T19:11:40.504+0000] {dag.py:2585} INFO - Sync 1 DAGs
[2024-07-25T19:11:40.529+0000] {logging_mixin.py:120} INFO - [2024-07-25T19:11:40.529+0000] {dag.py:3340} INFO - Setting next_dagrun for group_dag to 2024-07-24T00:00:00+00:00, run_after=2024-07-25T00:00:00+00:00
[2024-07-25T19:11:40.547+0000] {processor.py:176} INFO - Processing /opt/airflow/dags/group_dag.py took 0.117 seconds
[2024-07-25T19:12:10.586+0000] {processor.py:154} INFO - Started process (PID=821) to work on /opt/airflow/dags/group_dag.py
[2024-07-25T19:12:10.587+0000] {processor.py:756} INFO - Processing file /opt/airflow/dags/group_dag.py for tasks to queue
[2024-07-25T19:12:10.589+0000] {logging_mixin.py:120} INFO - [2024-07-25T19:12:10.589+0000] {dagbag.py:537} INFO - Filling up the DagBag from /opt/airflow/dags/group_dag.py
[2024-07-25T19:12:10.615+0000] {processor.py:766} INFO - DAG(s) dict_keys(['group_dag']) retrieved from /opt/airflow/dags/group_dag.py
[2024-07-25T19:12:10.653+0000] {logging_mixin.py:120} INFO - [2024-07-25T19:12:10.653+0000] {dag.py:2585} INFO - Sync 1 DAGs
[2024-07-25T19:12:10.675+0000] {logging_mixin.py:120} INFO - [2024-07-25T19:12:10.675+0000] {dag.py:3340} INFO - Setting next_dagrun for group_dag to 2024-07-24T00:00:00+00:00, run_after=2024-07-25T00:00:00+00:00
[2024-07-25T19:12:10.689+0000] {processor.py:176} INFO - Processing /opt/airflow/dags/group_dag.py took 0.105 seconds
[2024-07-25T19:12:41.474+0000] {processor.py:154} INFO - Started process (PID=861) to work on /opt/airflow/dags/group_dag.py
[2024-07-25T19:12:41.475+0000] {processor.py:756} INFO - Processing file /opt/airflow/dags/group_dag.py for tasks to queue
[2024-07-25T19:12:41.476+0000] {logging_mixin.py:120} INFO - [2024-07-25T19:12:41.476+0000] {dagbag.py:537} INFO - Filling up the DagBag from /opt/airflow/dags/group_dag.py
[2024-07-25T19:12:41.495+0000] {processor.py:766} INFO - DAG(s) dict_keys(['group_dag']) retrieved from /opt/airflow/dags/group_dag.py
[2024-07-25T19:12:41.530+0000] {logging_mixin.py:120} INFO - [2024-07-25T19:12:41.530+0000] {dag.py:2585} INFO - Sync 1 DAGs
[2024-07-25T19:12:41.552+0000] {logging_mixin.py:120} INFO - [2024-07-25T19:12:41.552+0000] {dag.py:3340} INFO - Setting next_dagrun for group_dag to 2024-07-24T00:00:00+00:00, run_after=2024-07-25T00:00:00+00:00
[2024-07-25T19:12:41.569+0000] {processor.py:176} INFO - Processing /opt/airflow/dags/group_dag.py took 0.097 seconds
[2024-07-25T19:13:12.246+0000] {processor.py:154} INFO - Started process (PID=901) to work on /opt/airflow/dags/group_dag.py
[2024-07-25T19:13:12.247+0000] {processor.py:756} INFO - Processing file /opt/airflow/dags/group_dag.py for tasks to queue
[2024-07-25T19:13:12.251+0000] {logging_mixin.py:120} INFO - [2024-07-25T19:13:12.251+0000] {dagbag.py:537} INFO - Filling up the DagBag from /opt/airflow/dags/group_dag.py
[2024-07-25T19:13:12.271+0000] {processor.py:766} INFO - DAG(s) dict_keys(['group_dag']) retrieved from /opt/airflow/dags/group_dag.py
[2024-07-25T19:13:12.310+0000] {logging_mixin.py:120} INFO - [2024-07-25T19:13:12.310+0000] {dag.py:2585} INFO - Sync 1 DAGs
[2024-07-25T19:13:12.336+0000] {logging_mixin.py:120} INFO - [2024-07-25T19:13:12.336+0000] {dag.py:3340} INFO - Setting next_dagrun for group_dag to 2024-07-24T00:00:00+00:00, run_after=2024-07-25T00:00:00+00:00
[2024-07-25T19:13:12.352+0000] {processor.py:176} INFO - Processing /opt/airflow/dags/group_dag.py took 0.109 seconds
[2024-07-25T19:13:43.054+0000] {processor.py:154} INFO - Started process (PID=941) to work on /opt/airflow/dags/group_dag.py
[2024-07-25T19:13:43.054+0000] {processor.py:756} INFO - Processing file /opt/airflow/dags/group_dag.py for tasks to queue
[2024-07-25T19:13:43.059+0000] {logging_mixin.py:120} INFO - [2024-07-25T19:13:43.058+0000] {dagbag.py:537} INFO - Filling up the DagBag from /opt/airflow/dags/group_dag.py
[2024-07-25T19:13:43.079+0000] {processor.py:766} INFO - DAG(s) dict_keys(['group_dag']) retrieved from /opt/airflow/dags/group_dag.py
[2024-07-25T19:13:43.118+0000] {logging_mixin.py:120} INFO - [2024-07-25T19:13:43.118+0000] {dag.py:2585} INFO - Sync 1 DAGs
[2024-07-25T19:13:43.143+0000] {logging_mixin.py:120} INFO - [2024-07-25T19:13:43.143+0000] {dag.py:3340} INFO - Setting next_dagrun for group_dag to 2024-07-24T00:00:00+00:00, run_after=2024-07-25T00:00:00+00:00
[2024-07-25T19:13:43.158+0000] {processor.py:176} INFO - Processing /opt/airflow/dags/group_dag.py took 0.108 seconds
[2024-07-25T19:14:13.845+0000] {processor.py:154} INFO - Started process (PID=972) to work on /opt/airflow/dags/group_dag.py
[2024-07-25T19:14:13.847+0000] {processor.py:756} INFO - Processing file /opt/airflow/dags/group_dag.py for tasks to queue
[2024-07-25T19:14:13.849+0000] {logging_mixin.py:120} INFO - [2024-07-25T19:14:13.849+0000] {dagbag.py:537} INFO - Filling up the DagBag from /opt/airflow/dags/group_dag.py
[2024-07-25T19:14:13.869+0000] {processor.py:766} INFO - DAG(s) dict_keys(['group_dag']) retrieved from /opt/airflow/dags/group_dag.py
[2024-07-25T19:14:13.908+0000] {logging_mixin.py:120} INFO - [2024-07-25T19:14:13.908+0000] {dag.py:2585} INFO - Sync 1 DAGs
[2024-07-25T19:14:13.935+0000] {logging_mixin.py:120} INFO - [2024-07-25T19:14:13.935+0000] {dag.py:3340} INFO - Setting next_dagrun for group_dag to 2024-07-24T00:00:00+00:00, run_after=2024-07-25T00:00:00+00:00
[2024-07-25T19:14:13.951+0000] {processor.py:176} INFO - Processing /opt/airflow/dags/group_dag.py took 0.110 seconds
[2024-07-25T19:14:44.658+0000] {processor.py:154} INFO - Started process (PID=1012) to work on /opt/airflow/dags/group_dag.py
[2024-07-25T19:14:44.658+0000] {processor.py:756} INFO - Processing file /opt/airflow/dags/group_dag.py for tasks to queue
[2024-07-25T19:14:44.659+0000] {logging_mixin.py:120} INFO - [2024-07-25T19:14:44.659+0000] {dagbag.py:537} INFO - Filling up the DagBag from /opt/airflow/dags/group_dag.py
[2024-07-25T19:14:44.682+0000] {processor.py:766} INFO - DAG(s) dict_keys(['group_dag']) retrieved from /opt/airflow/dags/group_dag.py
[2024-07-25T19:14:44.720+0000] {logging_mixin.py:120} INFO - [2024-07-25T19:14:44.720+0000] {dag.py:2585} INFO - Sync 1 DAGs
[2024-07-25T19:14:44.745+0000] {logging_mixin.py:120} INFO - [2024-07-25T19:14:44.745+0000] {dag.py:3340} INFO - Setting next_dagrun for group_dag to 2024-07-24T00:00:00+00:00, run_after=2024-07-25T00:00:00+00:00
[2024-07-25T19:14:44.761+0000] {processor.py:176} INFO - Processing /opt/airflow/dags/group_dag.py took 0.106 seconds
[2024-07-25T19:15:15.469+0000] {processor.py:154} INFO - Started process (PID=1052) to work on /opt/airflow/dags/group_dag.py
[2024-07-25T19:15:15.470+0000] {processor.py:756} INFO - Processing file /opt/airflow/dags/group_dag.py for tasks to queue
[2024-07-25T19:15:15.471+0000] {logging_mixin.py:120} INFO - [2024-07-25T19:15:15.471+0000] {dagbag.py:537} INFO - Filling up the DagBag from /opt/airflow/dags/group_dag.py
[2024-07-25T19:15:15.496+0000] {processor.py:766} INFO - DAG(s) dict_keys(['group_dag']) retrieved from /opt/airflow/dags/group_dag.py
[2024-07-25T19:15:15.530+0000] {logging_mixin.py:120} INFO - [2024-07-25T19:15:15.530+0000] {dag.py:2585} INFO - Sync 1 DAGs
[2024-07-25T19:15:15.553+0000] {logging_mixin.py:120} INFO - [2024-07-25T19:15:15.553+0000] {dag.py:3340} INFO - Setting next_dagrun for group_dag to 2024-07-24T00:00:00+00:00, run_after=2024-07-25T00:00:00+00:00
[2024-07-25T19:15:15.576+0000] {processor.py:176} INFO - Processing /opt/airflow/dags/group_dag.py took 0.109 seconds
[2024-07-25T19:15:46.294+0000] {processor.py:154} INFO - Started process (PID=1092) to work on /opt/airflow/dags/group_dag.py
[2024-07-25T19:15:46.295+0000] {processor.py:756} INFO - Processing file /opt/airflow/dags/group_dag.py for tasks to queue
[2024-07-25T19:15:46.296+0000] {logging_mixin.py:120} INFO - [2024-07-25T19:15:46.296+0000] {dagbag.py:537} INFO - Filling up the DagBag from /opt/airflow/dags/group_dag.py
[2024-07-25T19:15:46.317+0000] {processor.py:766} INFO - DAG(s) dict_keys(['group_dag']) retrieved from /opt/airflow/dags/group_dag.py
[2024-07-25T19:15:46.351+0000] {logging_mixin.py:120} INFO - [2024-07-25T19:15:46.350+0000] {dag.py:2585} INFO - Sync 1 DAGs
[2024-07-25T19:15:46.376+0000] {logging_mixin.py:120} INFO - [2024-07-25T19:15:46.375+0000] {dag.py:3340} INFO - Setting next_dagrun for group_dag to 2024-07-24T00:00:00+00:00, run_after=2024-07-25T00:00:00+00:00
[2024-07-25T19:15:46.392+0000] {processor.py:176} INFO - Processing /opt/airflow/dags/group_dag.py took 0.102 seconds
[2024-07-25T19:16:17.045+0000] {processor.py:154} INFO - Started process (PID=1132) to work on /opt/airflow/dags/group_dag.py
[2024-07-25T19:16:17.046+0000] {processor.py:756} INFO - Processing file /opt/airflow/dags/group_dag.py for tasks to queue
[2024-07-25T19:16:17.050+0000] {logging_mixin.py:120} INFO - [2024-07-25T19:16:17.049+0000] {dagbag.py:537} INFO - Filling up the DagBag from /opt/airflow/dags/group_dag.py
[2024-07-25T19:16:17.068+0000] {processor.py:766} INFO - DAG(s) dict_keys(['group_dag']) retrieved from /opt/airflow/dags/group_dag.py
[2024-07-25T19:16:17.104+0000] {logging_mixin.py:120} INFO - [2024-07-25T19:16:17.104+0000] {dag.py:2585} INFO - Sync 1 DAGs
[2024-07-25T19:16:17.127+0000] {logging_mixin.py:120} INFO - [2024-07-25T19:16:17.126+0000] {dag.py:3340} INFO - Setting next_dagrun for group_dag to 2024-07-24T00:00:00+00:00, run_after=2024-07-25T00:00:00+00:00
[2024-07-25T19:16:17.142+0000] {processor.py:176} INFO - Processing /opt/airflow/dags/group_dag.py took 0.099 seconds
[2024-07-25T19:16:47.817+0000] {processor.py:154} INFO - Started process (PID=1172) to work on /opt/airflow/dags/group_dag.py
[2024-07-25T19:16:47.818+0000] {processor.py:756} INFO - Processing file /opt/airflow/dags/group_dag.py for tasks to queue
[2024-07-25T19:16:47.819+0000] {logging_mixin.py:120} INFO - [2024-07-25T19:16:47.819+0000] {dagbag.py:537} INFO - Filling up the DagBag from /opt/airflow/dags/group_dag.py
[2024-07-25T19:16:47.875+0000] {processor.py:766} INFO - DAG(s) dict_keys(['group_dag']) retrieved from /opt/airflow/dags/group_dag.py
[2024-07-25T19:16:47.911+0000] {logging_mixin.py:120} INFO - [2024-07-25T19:16:47.911+0000] {dag.py:2585} INFO - Sync 1 DAGs
[2024-07-25T19:16:47.934+0000] {logging_mixin.py:120} INFO - [2024-07-25T19:16:47.934+0000] {dag.py:3340} INFO - Setting next_dagrun for group_dag to 2024-07-24T00:00:00+00:00, run_after=2024-07-25T00:00:00+00:00
[2024-07-25T19:16:47.950+0000] {processor.py:176} INFO - Processing /opt/airflow/dags/group_dag.py took 0.136 seconds
[2024-07-25T19:17:18.065+0000] {processor.py:154} INFO - Started process (PID=1203) to work on /opt/airflow/dags/group_dag.py
[2024-07-25T19:17:18.066+0000] {processor.py:756} INFO - Processing file /opt/airflow/dags/group_dag.py for tasks to queue
[2024-07-25T19:17:18.070+0000] {logging_mixin.py:120} INFO - [2024-07-25T19:17:18.070+0000] {dagbag.py:537} INFO - Filling up the DagBag from /opt/airflow/dags/group_dag.py
[2024-07-25T19:17:18.092+0000] {processor.py:766} INFO - DAG(s) dict_keys(['group_dag']) retrieved from /opt/airflow/dags/group_dag.py
[2024-07-25T19:17:18.127+0000] {logging_mixin.py:120} INFO - [2024-07-25T19:17:18.127+0000] {dag.py:2585} INFO - Sync 1 DAGs
[2024-07-25T19:17:18.149+0000] {logging_mixin.py:120} INFO - [2024-07-25T19:17:18.149+0000] {dag.py:3340} INFO - Setting next_dagrun for group_dag to 2024-07-24T00:00:00+00:00, run_after=2024-07-25T00:00:00+00:00
[2024-07-25T19:17:18.163+0000] {processor.py:176} INFO - Processing /opt/airflow/dags/group_dag.py took 0.102 seconds
[2024-07-25T19:17:48.976+0000] {processor.py:154} INFO - Started process (PID=1243) to work on /opt/airflow/dags/group_dag.py
[2024-07-25T19:17:48.977+0000] {processor.py:756} INFO - Processing file /opt/airflow/dags/group_dag.py for tasks to queue
[2024-07-25T19:17:48.981+0000] {logging_mixin.py:120} INFO - [2024-07-25T19:17:48.981+0000] {dagbag.py:537} INFO - Filling up the DagBag from /opt/airflow/dags/group_dag.py
[2024-07-25T19:17:49.006+0000] {processor.py:766} INFO - DAG(s) dict_keys(['group_dag']) retrieved from /opt/airflow/dags/group_dag.py
[2024-07-25T19:17:49.043+0000] {logging_mixin.py:120} INFO - [2024-07-25T19:17:49.043+0000] {dag.py:2585} INFO - Sync 1 DAGs
[2024-07-25T19:17:49.065+0000] {logging_mixin.py:120} INFO - [2024-07-25T19:17:49.065+0000] {dag.py:3340} INFO - Setting next_dagrun for group_dag to 2024-07-24T00:00:00+00:00, run_after=2024-07-25T00:00:00+00:00
[2024-07-25T19:17:49.081+0000] {processor.py:176} INFO - Processing /opt/airflow/dags/group_dag.py took 0.108 seconds
[2024-07-25T19:18:19.783+0000] {processor.py:154} INFO - Started process (PID=1283) to work on /opt/airflow/dags/group_dag.py
[2024-07-25T19:18:19.784+0000] {processor.py:756} INFO - Processing file /opt/airflow/dags/group_dag.py for tasks to queue
[2024-07-25T19:18:19.785+0000] {logging_mixin.py:120} INFO - [2024-07-25T19:18:19.785+0000] {dagbag.py:537} INFO - Filling up the DagBag from /opt/airflow/dags/group_dag.py
[2024-07-25T19:18:19.805+0000] {processor.py:766} INFO - DAG(s) dict_keys(['group_dag']) retrieved from /opt/airflow/dags/group_dag.py
[2024-07-25T19:18:19.838+0000] {logging_mixin.py:120} INFO - [2024-07-25T19:18:19.838+0000] {dag.py:2585} INFO - Sync 1 DAGs
[2024-07-25T19:18:19.859+0000] {logging_mixin.py:120} INFO - [2024-07-25T19:18:19.859+0000] {dag.py:3340} INFO - Setting next_dagrun for group_dag to 2024-07-24T00:00:00+00:00, run_after=2024-07-25T00:00:00+00:00
[2024-07-25T19:18:19.874+0000] {processor.py:176} INFO - Processing /opt/airflow/dags/group_dag.py took 0.094 seconds
[2024-07-25T19:18:50.551+0000] {processor.py:154} INFO - Started process (PID=1323) to work on /opt/airflow/dags/group_dag.py
[2024-07-25T19:18:50.552+0000] {processor.py:756} INFO - Processing file /opt/airflow/dags/group_dag.py for tasks to queue
[2024-07-25T19:18:50.553+0000] {logging_mixin.py:120} INFO - [2024-07-25T19:18:50.553+0000] {dagbag.py:537} INFO - Filling up the DagBag from /opt/airflow/dags/group_dag.py
[2024-07-25T19:18:50.572+0000] {processor.py:766} INFO - DAG(s) dict_keys(['group_dag']) retrieved from /opt/airflow/dags/group_dag.py
[2024-07-25T19:18:50.612+0000] {logging_mixin.py:120} INFO - [2024-07-25T19:18:50.611+0000] {dag.py:2585} INFO - Sync 1 DAGs
[2024-07-25T19:18:50.634+0000] {logging_mixin.py:120} INFO - [2024-07-25T19:18:50.634+0000] {dag.py:3340} INFO - Setting next_dagrun for group_dag to 2024-07-24T00:00:00+00:00, run_after=2024-07-25T00:00:00+00:00
[2024-07-25T19:18:50.648+0000] {processor.py:176} INFO - Processing /opt/airflow/dags/group_dag.py took 0.100 seconds
[2024-07-25T19:19:21.335+0000] {processor.py:154} INFO - Started process (PID=1361) to work on /opt/airflow/dags/group_dag.py
[2024-07-25T19:19:21.336+0000] {processor.py:756} INFO - Processing file /opt/airflow/dags/group_dag.py for tasks to queue
[2024-07-25T19:19:21.339+0000] {logging_mixin.py:120} INFO - [2024-07-25T19:19:21.338+0000] {dagbag.py:537} INFO - Filling up the DagBag from /opt/airflow/dags/group_dag.py
[2024-07-25T19:19:21.365+0000] {processor.py:766} INFO - DAG(s) dict_keys(['group_dag']) retrieved from /opt/airflow/dags/group_dag.py
[2024-07-25T19:19:21.402+0000] {logging_mixin.py:120} INFO - [2024-07-25T19:19:21.402+0000] {dag.py:2585} INFO - Sync 1 DAGs
[2024-07-25T19:19:21.425+0000] {logging_mixin.py:120} INFO - [2024-07-25T19:19:21.425+0000] {dag.py:3340} INFO - Setting next_dagrun for group_dag to 2024-07-24T00:00:00+00:00, run_after=2024-07-25T00:00:00+00:00
[2024-07-25T19:19:21.442+0000] {processor.py:176} INFO - Processing /opt/airflow/dags/group_dag.py took 0.110 seconds
[2024-07-25T19:19:51.468+0000] {processor.py:154} INFO - Started process (PID=1394) to work on /opt/airflow/dags/group_dag.py
[2024-07-25T19:19:51.469+0000] {processor.py:756} INFO - Processing file /opt/airflow/dags/group_dag.py for tasks to queue
[2024-07-25T19:19:51.470+0000] {logging_mixin.py:120} INFO - [2024-07-25T19:19:51.470+0000] {dagbag.py:537} INFO - Filling up the DagBag from /opt/airflow/dags/group_dag.py
[2024-07-25T19:19:51.489+0000] {processor.py:766} INFO - DAG(s) dict_keys(['group_dag']) retrieved from /opt/airflow/dags/group_dag.py
[2024-07-25T19:19:51.525+0000] {logging_mixin.py:120} INFO - [2024-07-25T19:19:51.525+0000] {dag.py:2585} INFO - Sync 1 DAGs
[2024-07-25T19:19:51.546+0000] {logging_mixin.py:120} INFO - [2024-07-25T19:19:51.546+0000] {dag.py:3340} INFO - Setting next_dagrun for group_dag to 2024-07-24T00:00:00+00:00, run_after=2024-07-25T00:00:00+00:00
[2024-07-25T19:19:51.560+0000] {processor.py:176} INFO - Processing /opt/airflow/dags/group_dag.py took 0.094 seconds
[2024-07-25T19:20:22.271+0000] {processor.py:154} INFO - Started process (PID=1434) to work on /opt/airflow/dags/group_dag.py
[2024-07-25T19:20:22.272+0000] {processor.py:756} INFO - Processing file /opt/airflow/dags/group_dag.py for tasks to queue
[2024-07-25T19:20:22.276+0000] {logging_mixin.py:120} INFO - [2024-07-25T19:20:22.275+0000] {dagbag.py:537} INFO - Filling up the DagBag from /opt/airflow/dags/group_dag.py
[2024-07-25T19:20:22.295+0000] {processor.py:766} INFO - DAG(s) dict_keys(['group_dag']) retrieved from /opt/airflow/dags/group_dag.py
[2024-07-25T19:20:22.329+0000] {logging_mixin.py:120} INFO - [2024-07-25T19:20:22.329+0000] {dag.py:2585} INFO - Sync 1 DAGs
[2024-07-25T19:20:22.351+0000] {logging_mixin.py:120} INFO - [2024-07-25T19:20:22.351+0000] {dag.py:3340} INFO - Setting next_dagrun for group_dag to 2024-07-24T00:00:00+00:00, run_after=2024-07-25T00:00:00+00:00
[2024-07-25T19:20:22.366+0000] {processor.py:176} INFO - Processing /opt/airflow/dags/group_dag.py took 0.098 seconds
[2024-07-25T19:20:53.111+0000] {processor.py:154} INFO - Started process (PID=1474) to work on /opt/airflow/dags/group_dag.py
[2024-07-25T19:20:53.112+0000] {processor.py:756} INFO - Processing file /opt/airflow/dags/group_dag.py for tasks to queue
[2024-07-25T19:20:53.113+0000] {logging_mixin.py:120} INFO - [2024-07-25T19:20:53.113+0000] {dagbag.py:537} INFO - Filling up the DagBag from /opt/airflow/dags/group_dag.py
[2024-07-25T19:20:53.133+0000] {processor.py:766} INFO - DAG(s) dict_keys(['group_dag']) retrieved from /opt/airflow/dags/group_dag.py
[2024-07-25T19:20:53.173+0000] {logging_mixin.py:120} INFO - [2024-07-25T19:20:53.173+0000] {dag.py:2585} INFO - Sync 1 DAGs
[2024-07-25T19:20:53.199+0000] {logging_mixin.py:120} INFO - [2024-07-25T19:20:53.199+0000] {dag.py:3340} INFO - Setting next_dagrun for group_dag to 2024-07-24T00:00:00+00:00, run_after=2024-07-25T00:00:00+00:00
[2024-07-25T19:20:53.217+0000] {processor.py:176} INFO - Processing /opt/airflow/dags/group_dag.py took 0.109 seconds
[2024-07-25T19:21:23.939+0000] {processor.py:154} INFO - Started process (PID=1514) to work on /opt/airflow/dags/group_dag.py
[2024-07-25T19:21:23.940+0000] {processor.py:756} INFO - Processing file /opt/airflow/dags/group_dag.py for tasks to queue
[2024-07-25T19:21:23.940+0000] {logging_mixin.py:120} INFO - [2024-07-25T19:21:23.940+0000] {dagbag.py:537} INFO - Filling up the DagBag from /opt/airflow/dags/group_dag.py
[2024-07-25T19:21:23.964+0000] {processor.py:766} INFO - DAG(s) dict_keys(['group_dag']) retrieved from /opt/airflow/dags/group_dag.py
[2024-07-25T19:21:23.999+0000] {logging_mixin.py:120} INFO - [2024-07-25T19:21:23.999+0000] {dag.py:2585} INFO - Sync 1 DAGs
[2024-07-25T19:21:24.023+0000] {logging_mixin.py:120} INFO - [2024-07-25T19:21:24.023+0000] {dag.py:3340} INFO - Setting next_dagrun for group_dag to 2024-07-24T00:00:00+00:00, run_after=2024-07-25T00:00:00+00:00
[2024-07-25T19:21:24.038+0000] {processor.py:176} INFO - Processing /opt/airflow/dags/group_dag.py took 0.102 seconds
[2024-07-25T19:21:54.934+0000] {processor.py:154} INFO - Started process (PID=1545) to work on /opt/airflow/dags/group_dag.py
[2024-07-25T19:21:54.935+0000] {processor.py:756} INFO - Processing file /opt/airflow/dags/group_dag.py for tasks to queue
[2024-07-25T19:21:54.936+0000] {logging_mixin.py:120} INFO - [2024-07-25T19:21:54.935+0000] {dagbag.py:537} INFO - Filling up the DagBag from /opt/airflow/dags/group_dag.py
[2024-07-25T19:21:54.959+0000] {processor.py:766} INFO - DAG(s) dict_keys(['group_dag']) retrieved from /opt/airflow/dags/group_dag.py
[2024-07-25T19:21:55.002+0000] {logging_mixin.py:120} INFO - [2024-07-25T19:21:55.002+0000] {dag.py:2585} INFO - Sync 1 DAGs
[2024-07-25T19:21:55.030+0000] {logging_mixin.py:120} INFO - [2024-07-25T19:21:55.030+0000] {dag.py:3340} INFO - Setting next_dagrun for group_dag to 2024-07-24T00:00:00+00:00, run_after=2024-07-25T00:00:00+00:00
[2024-07-25T19:21:55.048+0000] {processor.py:176} INFO - Processing /opt/airflow/dags/group_dag.py took 0.117 seconds
[2024-07-25T19:22:25.158+0000] {processor.py:154} INFO - Started process (PID=1586) to work on /opt/airflow/dags/group_dag.py
[2024-07-25T19:22:25.159+0000] {processor.py:756} INFO - Processing file /opt/airflow/dags/group_dag.py for tasks to queue
[2024-07-25T19:22:25.160+0000] {logging_mixin.py:120} INFO - [2024-07-25T19:22:25.160+0000] {dagbag.py:537} INFO - Filling up the DagBag from /opt/airflow/dags/group_dag.py
[2024-07-25T19:22:25.185+0000] {processor.py:766} INFO - DAG(s) dict_keys(['group_dag']) retrieved from /opt/airflow/dags/group_dag.py
[2024-07-25T19:22:25.239+0000] {logging_mixin.py:120} INFO - [2024-07-25T19:22:25.239+0000] {dag.py:2585} INFO - Sync 1 DAGs
[2024-07-25T19:22:25.293+0000] {logging_mixin.py:120} INFO - [2024-07-25T19:22:25.293+0000] {dag.py:3340} INFO - Setting next_dagrun for group_dag to 2024-07-24T00:00:00+00:00, run_after=2024-07-25T00:00:00+00:00
[2024-07-25T19:22:25.320+0000] {processor.py:176} INFO - Processing /opt/airflow/dags/group_dag.py took 0.166 seconds
[2024-07-25T19:22:56.061+0000] {processor.py:154} INFO - Started process (PID=1626) to work on /opt/airflow/dags/group_dag.py
[2024-07-25T19:22:56.061+0000] {processor.py:756} INFO - Processing file /opt/airflow/dags/group_dag.py for tasks to queue
[2024-07-25T19:22:56.066+0000] {logging_mixin.py:120} INFO - [2024-07-25T19:22:56.066+0000] {dagbag.py:537} INFO - Filling up the DagBag from /opt/airflow/dags/group_dag.py
[2024-07-25T19:22:56.088+0000] {processor.py:766} INFO - DAG(s) dict_keys(['group_dag']) retrieved from /opt/airflow/dags/group_dag.py
[2024-07-25T19:22:56.125+0000] {logging_mixin.py:120} INFO - [2024-07-25T19:22:56.125+0000] {dag.py:2585} INFO - Sync 1 DAGs
[2024-07-25T19:22:56.149+0000] {logging_mixin.py:120} INFO - [2024-07-25T19:22:56.149+0000] {dag.py:3340} INFO - Setting next_dagrun for group_dag to 2024-07-24T00:00:00+00:00, run_after=2024-07-25T00:00:00+00:00
[2024-07-25T19:22:56.167+0000] {processor.py:176} INFO - Processing /opt/airflow/dags/group_dag.py took 0.110 seconds
[2024-07-25T19:23:26.246+0000] {processor.py:154} INFO - Started process (PID=1666) to work on /opt/airflow/dags/group_dag.py
[2024-07-25T19:23:26.247+0000] {processor.py:756} INFO - Processing file /opt/airflow/dags/group_dag.py for tasks to queue
[2024-07-25T19:23:26.252+0000] {logging_mixin.py:120} INFO - [2024-07-25T19:23:26.251+0000] {dagbag.py:537} INFO - Filling up the DagBag from /opt/airflow/dags/group_dag.py
[2024-07-25T19:23:26.280+0000] {processor.py:766} INFO - DAG(s) dict_keys(['group_dag']) retrieved from /opt/airflow/dags/group_dag.py
[2024-07-25T19:23:26.323+0000] {logging_mixin.py:120} INFO - [2024-07-25T19:23:26.323+0000] {dag.py:2585} INFO - Sync 1 DAGs
[2024-07-25T19:23:26.352+0000] {logging_mixin.py:120} INFO - [2024-07-25T19:23:26.352+0000] {dag.py:3340} INFO - Setting next_dagrun for group_dag to 2024-07-24T00:00:00+00:00, run_after=2024-07-25T00:00:00+00:00
[2024-07-25T19:23:26.373+0000] {processor.py:176} INFO - Processing /opt/airflow/dags/group_dag.py took 0.130 seconds
[2024-07-25T19:23:56.801+0000] {processor.py:154} INFO - Started process (PID=1697) to work on /opt/airflow/dags/group_dag.py
[2024-07-25T19:23:56.802+0000] {processor.py:756} INFO - Processing file /opt/airflow/dags/group_dag.py for tasks to queue
[2024-07-25T19:23:56.803+0000] {logging_mixin.py:120} INFO - [2024-07-25T19:23:56.802+0000] {dagbag.py:537} INFO - Filling up the DagBag from /opt/airflow/dags/group_dag.py
[2024-07-25T19:23:56.823+0000] {processor.py:766} INFO - DAG(s) dict_keys(['group_dag']) retrieved from /opt/airflow/dags/group_dag.py
[2024-07-25T19:23:56.861+0000] {logging_mixin.py:120} INFO - [2024-07-25T19:23:56.861+0000] {dag.py:2585} INFO - Sync 1 DAGs
[2024-07-25T19:23:56.883+0000] {logging_mixin.py:120} INFO - [2024-07-25T19:23:56.883+0000] {dag.py:3340} INFO - Setting next_dagrun for group_dag to 2024-07-24T00:00:00+00:00, run_after=2024-07-25T00:00:00+00:00
[2024-07-25T19:23:56.898+0000] {processor.py:176} INFO - Processing /opt/airflow/dags/group_dag.py took 0.100 seconds
[2024-07-25T19:24:27.651+0000] {processor.py:154} INFO - Started process (PID=1737) to work on /opt/airflow/dags/group_dag.py
[2024-07-25T19:24:27.652+0000] {processor.py:756} INFO - Processing file /opt/airflow/dags/group_dag.py for tasks to queue
[2024-07-25T19:24:27.652+0000] {logging_mixin.py:120} INFO - [2024-07-25T19:24:27.652+0000] {dagbag.py:537} INFO - Filling up the DagBag from /opt/airflow/dags/group_dag.py
[2024-07-25T19:24:27.671+0000] {processor.py:766} INFO - DAG(s) dict_keys(['group_dag']) retrieved from /opt/airflow/dags/group_dag.py
[2024-07-25T19:24:27.707+0000] {logging_mixin.py:120} INFO - [2024-07-25T19:24:27.707+0000] {dag.py:2585} INFO - Sync 1 DAGs
[2024-07-25T19:24:27.734+0000] {logging_mixin.py:120} INFO - [2024-07-25T19:24:27.734+0000] {dag.py:3340} INFO - Setting next_dagrun for group_dag to 2024-07-24T00:00:00+00:00, run_after=2024-07-25T00:00:00+00:00
[2024-07-25T19:24:27.752+0000] {processor.py:176} INFO - Processing /opt/airflow/dags/group_dag.py took 0.104 seconds
[2024-07-25T19:24:58.438+0000] {processor.py:154} INFO - Started process (PID=1777) to work on /opt/airflow/dags/group_dag.py
[2024-07-25T19:24:58.438+0000] {processor.py:756} INFO - Processing file /opt/airflow/dags/group_dag.py for tasks to queue
[2024-07-25T19:24:58.442+0000] {logging_mixin.py:120} INFO - [2024-07-25T19:24:58.442+0000] {dagbag.py:537} INFO - Filling up the DagBag from /opt/airflow/dags/group_dag.py
[2024-07-25T19:24:58.460+0000] {processor.py:766} INFO - DAG(s) dict_keys(['group_dag']) retrieved from /opt/airflow/dags/group_dag.py
[2024-07-25T19:24:58.495+0000] {logging_mixin.py:120} INFO - [2024-07-25T19:24:58.495+0000] {dag.py:2585} INFO - Sync 1 DAGs
[2024-07-25T19:24:58.517+0000] {logging_mixin.py:120} INFO - [2024-07-25T19:24:58.516+0000] {dag.py:3340} INFO - Setting next_dagrun for group_dag to 2024-07-24T00:00:00+00:00, run_after=2024-07-25T00:00:00+00:00
[2024-07-25T19:24:58.530+0000] {processor.py:176} INFO - Processing /opt/airflow/dags/group_dag.py took 0.095 seconds
[2024-07-25T19:25:29.190+0000] {processor.py:154} INFO - Started process (PID=1817) to work on /opt/airflow/dags/group_dag.py
[2024-07-25T19:25:29.191+0000] {processor.py:756} INFO - Processing file /opt/airflow/dags/group_dag.py for tasks to queue
[2024-07-25T19:25:29.191+0000] {logging_mixin.py:120} INFO - [2024-07-25T19:25:29.191+0000] {dagbag.py:537} INFO - Filling up the DagBag from /opt/airflow/dags/group_dag.py
[2024-07-25T19:25:29.210+0000] {processor.py:766} INFO - DAG(s) dict_keys(['group_dag']) retrieved from /opt/airflow/dags/group_dag.py
[2024-07-25T19:25:29.247+0000] {logging_mixin.py:120} INFO - [2024-07-25T19:25:29.247+0000] {dag.py:2585} INFO - Sync 1 DAGs
[2024-07-25T19:25:29.272+0000] {logging_mixin.py:120} INFO - [2024-07-25T19:25:29.272+0000] {dag.py:3340} INFO - Setting next_dagrun for group_dag to 2024-07-24T00:00:00+00:00, run_after=2024-07-25T00:00:00+00:00
[2024-07-25T19:25:29.288+0000] {processor.py:176} INFO - Processing /opt/airflow/dags/group_dag.py took 0.101 seconds
[2024-07-25T19:25:59.357+0000] {processor.py:154} INFO - Started process (PID=1848) to work on /opt/airflow/dags/group_dag.py
[2024-07-25T19:25:59.358+0000] {processor.py:756} INFO - Processing file /opt/airflow/dags/group_dag.py for tasks to queue
[2024-07-25T19:25:59.362+0000] {logging_mixin.py:120} INFO - [2024-07-25T19:25:59.362+0000] {dagbag.py:537} INFO - Filling up the DagBag from /opt/airflow/dags/group_dag.py
[2024-07-25T19:25:59.381+0000] {processor.py:766} INFO - DAG(s) dict_keys(['group_dag']) retrieved from /opt/airflow/dags/group_dag.py
[2024-07-25T19:25:59.416+0000] {logging_mixin.py:120} INFO - [2024-07-25T19:25:59.416+0000] {dag.py:2585} INFO - Sync 1 DAGs
[2024-07-25T19:25:59.443+0000] {logging_mixin.py:120} INFO - [2024-07-25T19:25:59.443+0000] {dag.py:3340} INFO - Setting next_dagrun for group_dag to 2024-07-24T00:00:00+00:00, run_after=2024-07-25T00:00:00+00:00
[2024-07-25T19:25:59.459+0000] {processor.py:176} INFO - Processing /opt/airflow/dags/group_dag.py took 0.105 seconds
[2024-07-25T19:26:30.199+0000] {processor.py:154} INFO - Started process (PID=1888) to work on /opt/airflow/dags/group_dag.py
[2024-07-25T19:26:30.200+0000] {processor.py:756} INFO - Processing file /opt/airflow/dags/group_dag.py for tasks to queue
[2024-07-25T19:26:30.204+0000] {logging_mixin.py:120} INFO - [2024-07-25T19:26:30.204+0000] {dagbag.py:537} INFO - Filling up the DagBag from /opt/airflow/dags/group_dag.py
[2024-07-25T19:26:30.223+0000] {processor.py:766} INFO - DAG(s) dict_keys(['group_dag']) retrieved from /opt/airflow/dags/group_dag.py
[2024-07-25T19:26:30.256+0000] {logging_mixin.py:120} INFO - [2024-07-25T19:26:30.256+0000] {dag.py:2585} INFO - Sync 1 DAGs
[2024-07-25T19:26:30.279+0000] {logging_mixin.py:120} INFO - [2024-07-25T19:26:30.278+0000] {dag.py:3340} INFO - Setting next_dagrun for group_dag to 2024-07-24T00:00:00+00:00, run_after=2024-07-25T00:00:00+00:00
[2024-07-25T19:26:30.295+0000] {processor.py:176} INFO - Processing /opt/airflow/dags/group_dag.py took 0.098 seconds
[2024-07-25T19:27:01.136+0000] {processor.py:154} INFO - Started process (PID=1928) to work on /opt/airflow/dags/group_dag.py
[2024-07-25T19:27:01.136+0000] {processor.py:756} INFO - Processing file /opt/airflow/dags/group_dag.py for tasks to queue
[2024-07-25T19:27:01.137+0000] {logging_mixin.py:120} INFO - [2024-07-25T19:27:01.137+0000] {dagbag.py:537} INFO - Filling up the DagBag from /opt/airflow/dags/group_dag.py
[2024-07-25T19:27:01.156+0000] {processor.py:766} INFO - DAG(s) dict_keys(['group_dag']) retrieved from /opt/airflow/dags/group_dag.py
[2024-07-25T19:27:01.193+0000] {logging_mixin.py:120} INFO - [2024-07-25T19:27:01.193+0000] {dag.py:2585} INFO - Sync 1 DAGs
[2024-07-25T19:27:01.216+0000] {logging_mixin.py:120} INFO - [2024-07-25T19:27:01.216+0000] {dag.py:3340} INFO - Setting next_dagrun for group_dag to 2024-07-24T00:00:00+00:00, run_after=2024-07-25T00:00:00+00:00
[2024-07-25T19:27:01.231+0000] {processor.py:176} INFO - Processing /opt/airflow/dags/group_dag.py took 0.099 seconds
[2024-07-25T19:27:31.899+0000] {processor.py:154} INFO - Started process (PID=1968) to work on /opt/airflow/dags/group_dag.py
[2024-07-25T19:27:31.900+0000] {processor.py:756} INFO - Processing file /opt/airflow/dags/group_dag.py for tasks to queue
[2024-07-25T19:27:31.902+0000] {logging_mixin.py:120} INFO - [2024-07-25T19:27:31.901+0000] {dagbag.py:537} INFO - Filling up the DagBag from /opt/airflow/dags/group_dag.py
[2024-07-25T19:27:31.921+0000] {processor.py:766} INFO - DAG(s) dict_keys(['group_dag']) retrieved from /opt/airflow/dags/group_dag.py
[2024-07-25T19:27:31.958+0000] {logging_mixin.py:120} INFO - [2024-07-25T19:27:31.958+0000] {dag.py:2585} INFO - Sync 1 DAGs
[2024-07-25T19:27:31.996+0000] {logging_mixin.py:120} INFO - [2024-07-25T19:27:31.996+0000] {dag.py:3340} INFO - Setting next_dagrun for group_dag to 2024-07-24T00:00:00+00:00, run_after=2024-07-25T00:00:00+00:00
[2024-07-25T19:27:32.027+0000] {processor.py:176} INFO - Processing /opt/airflow/dags/group_dag.py took 0.131 seconds
[2024-07-25T19:28:02.060+0000] {processor.py:154} INFO - Started process (PID=2008) to work on /opt/airflow/dags/group_dag.py
[2024-07-25T19:28:02.061+0000] {processor.py:756} INFO - Processing file /opt/airflow/dags/group_dag.py for tasks to queue
[2024-07-25T19:28:02.062+0000] {logging_mixin.py:120} INFO - [2024-07-25T19:28:02.062+0000] {dagbag.py:537} INFO - Filling up the DagBag from /opt/airflow/dags/group_dag.py
[2024-07-25T19:28:02.080+0000] {processor.py:766} INFO - DAG(s) dict_keys(['group_dag']) retrieved from /opt/airflow/dags/group_dag.py
[2024-07-25T19:28:02.118+0000] {logging_mixin.py:120} INFO - [2024-07-25T19:28:02.118+0000] {dag.py:2585} INFO - Sync 1 DAGs
[2024-07-25T19:28:02.142+0000] {logging_mixin.py:120} INFO - [2024-07-25T19:28:02.142+0000] {dag.py:3340} INFO - Setting next_dagrun for group_dag to 2024-07-24T00:00:00+00:00, run_after=2024-07-25T00:00:00+00:00
[2024-07-25T19:28:02.199+0000] {processor.py:176} INFO - Processing /opt/airflow/dags/group_dag.py took 0.142 seconds
[2024-07-25T19:28:32.301+0000] {processor.py:154} INFO - Started process (PID=2039) to work on /opt/airflow/dags/group_dag.py
[2024-07-25T19:28:32.302+0000] {processor.py:756} INFO - Processing file /opt/airflow/dags/group_dag.py for tasks to queue
[2024-07-25T19:28:32.303+0000] {logging_mixin.py:120} INFO - [2024-07-25T19:28:32.303+0000] {dagbag.py:537} INFO - Filling up the DagBag from /opt/airflow/dags/group_dag.py
[2024-07-25T19:28:32.323+0000] {processor.py:766} INFO - DAG(s) dict_keys(['group_dag']) retrieved from /opt/airflow/dags/group_dag.py
[2024-07-25T19:28:32.360+0000] {logging_mixin.py:120} INFO - [2024-07-25T19:28:32.359+0000] {dag.py:2585} INFO - Sync 1 DAGs
[2024-07-25T19:28:32.382+0000] {logging_mixin.py:120} INFO - [2024-07-25T19:28:32.381+0000] {dag.py:3340} INFO - Setting next_dagrun for group_dag to 2024-07-24T00:00:00+00:00, run_after=2024-07-25T00:00:00+00:00
[2024-07-25T19:28:32.396+0000] {processor.py:176} INFO - Processing /opt/airflow/dags/group_dag.py took 0.098 seconds
[2024-07-25T19:29:03.140+0000] {processor.py:154} INFO - Started process (PID=2079) to work on /opt/airflow/dags/group_dag.py
[2024-07-25T19:29:03.141+0000] {processor.py:756} INFO - Processing file /opt/airflow/dags/group_dag.py for tasks to queue
[2024-07-25T19:29:03.142+0000] {logging_mixin.py:120} INFO - [2024-07-25T19:29:03.142+0000] {dagbag.py:537} INFO - Filling up the DagBag from /opt/airflow/dags/group_dag.py
[2024-07-25T19:29:03.161+0000] {processor.py:766} INFO - DAG(s) dict_keys(['group_dag']) retrieved from /opt/airflow/dags/group_dag.py
[2024-07-25T19:29:03.198+0000] {logging_mixin.py:120} INFO - [2024-07-25T19:29:03.198+0000] {dag.py:2585} INFO - Sync 1 DAGs
[2024-07-25T19:29:03.220+0000] {logging_mixin.py:120} INFO - [2024-07-25T19:29:03.220+0000] {dag.py:3340} INFO - Setting next_dagrun for group_dag to 2024-07-24T00:00:00+00:00, run_after=2024-07-25T00:00:00+00:00
[2024-07-25T19:29:03.235+0000] {processor.py:176} INFO - Processing /opt/airflow/dags/group_dag.py took 0.098 seconds
[2024-07-25T19:29:33.952+0000] {processor.py:154} INFO - Started process (PID=2118) to work on /opt/airflow/dags/group_dag.py
[2024-07-25T19:29:33.953+0000] {processor.py:756} INFO - Processing file /opt/airflow/dags/group_dag.py for tasks to queue
[2024-07-25T19:29:33.954+0000] {logging_mixin.py:120} INFO - [2024-07-25T19:29:33.954+0000] {dagbag.py:537} INFO - Filling up the DagBag from /opt/airflow/dags/group_dag.py
[2024-07-25T19:29:33.982+0000] {processor.py:766} INFO - DAG(s) dict_keys(['group_dag']) retrieved from /opt/airflow/dags/group_dag.py
[2024-07-25T19:29:34.015+0000] {logging_mixin.py:120} INFO - [2024-07-25T19:29:34.015+0000] {dag.py:2585} INFO - Sync 1 DAGs
[2024-07-25T19:29:34.038+0000] {logging_mixin.py:120} INFO - [2024-07-25T19:29:34.038+0000] {dag.py:3340} INFO - Setting next_dagrun for group_dag to 2024-07-24T00:00:00+00:00, run_after=2024-07-25T00:00:00+00:00
[2024-07-25T19:29:34.052+0000] {processor.py:176} INFO - Processing /opt/airflow/dags/group_dag.py took 0.103 seconds
[2024-07-25T19:30:04.750+0000] {processor.py:154} INFO - Started process (PID=2158) to work on /opt/airflow/dags/group_dag.py
[2024-07-25T19:30:04.751+0000] {processor.py:756} INFO - Processing file /opt/airflow/dags/group_dag.py for tasks to queue
[2024-07-25T19:30:04.752+0000] {logging_mixin.py:120} INFO - [2024-07-25T19:30:04.752+0000] {dagbag.py:537} INFO - Filling up the DagBag from /opt/airflow/dags/group_dag.py
[2024-07-25T19:30:04.773+0000] {processor.py:766} INFO - DAG(s) dict_keys(['group_dag']) retrieved from /opt/airflow/dags/group_dag.py
[2024-07-25T19:30:04.810+0000] {logging_mixin.py:120} INFO - [2024-07-25T19:30:04.810+0000] {dag.py:2585} INFO - Sync 1 DAGs
[2024-07-25T19:30:04.835+0000] {logging_mixin.py:120} INFO - [2024-07-25T19:30:04.835+0000] {dag.py:3340} INFO - Setting next_dagrun for group_dag to 2024-07-24T00:00:00+00:00, run_after=2024-07-25T00:00:00+00:00
[2024-07-25T19:30:04.851+0000] {processor.py:176} INFO - Processing /opt/airflow/dags/group_dag.py took 0.104 seconds
[2024-07-25T19:30:34.974+0000] {processor.py:154} INFO - Started process (PID=2198) to work on /opt/airflow/dags/group_dag.py
[2024-07-25T19:30:34.975+0000] {processor.py:756} INFO - Processing file /opt/airflow/dags/group_dag.py for tasks to queue
[2024-07-25T19:30:34.976+0000] {logging_mixin.py:120} INFO - [2024-07-25T19:30:34.976+0000] {dagbag.py:537} INFO - Filling up the DagBag from /opt/airflow/dags/group_dag.py
[2024-07-25T19:30:34.998+0000] {processor.py:766} INFO - DAG(s) dict_keys(['group_dag']) retrieved from /opt/airflow/dags/group_dag.py
[2024-07-25T19:30:35.040+0000] {logging_mixin.py:120} INFO - [2024-07-25T19:30:35.040+0000] {dag.py:2585} INFO - Sync 1 DAGs
[2024-07-25T19:30:35.065+0000] {logging_mixin.py:120} INFO - [2024-07-25T19:30:35.065+0000] {dag.py:3340} INFO - Setting next_dagrun for group_dag to 2024-07-24T00:00:00+00:00, run_after=2024-07-25T00:00:00+00:00
[2024-07-25T19:30:35.082+0000] {processor.py:176} INFO - Processing /opt/airflow/dags/group_dag.py took 0.111 seconds
[2024-07-25T19:31:05.120+0000] {processor.py:154} INFO - Started process (PID=2229) to work on /opt/airflow/dags/group_dag.py
[2024-07-25T19:31:05.121+0000] {processor.py:756} INFO - Processing file /opt/airflow/dags/group_dag.py for tasks to queue
[2024-07-25T19:31:05.125+0000] {logging_mixin.py:120} INFO - [2024-07-25T19:31:05.125+0000] {dagbag.py:537} INFO - Filling up the DagBag from /opt/airflow/dags/group_dag.py
[2024-07-25T19:31:05.144+0000] {processor.py:766} INFO - DAG(s) dict_keys(['group_dag']) retrieved from /opt/airflow/dags/group_dag.py
[2024-07-25T19:31:05.178+0000] {logging_mixin.py:120} INFO - [2024-07-25T19:31:05.178+0000] {dag.py:2585} INFO - Sync 1 DAGs
[2024-07-25T19:31:05.200+0000] {logging_mixin.py:120} INFO - [2024-07-25T19:31:05.200+0000] {dag.py:3340} INFO - Setting next_dagrun for group_dag to 2024-07-24T00:00:00+00:00, run_after=2024-07-25T00:00:00+00:00
[2024-07-25T19:31:05.215+0000] {processor.py:176} INFO - Processing /opt/airflow/dags/group_dag.py took 0.098 seconds
[2024-07-25T19:31:35.905+0000] {processor.py:154} INFO - Started process (PID=2269) to work on /opt/airflow/dags/group_dag.py
[2024-07-25T19:31:35.906+0000] {processor.py:756} INFO - Processing file /opt/airflow/dags/group_dag.py for tasks to queue
[2024-07-25T19:31:35.907+0000] {logging_mixin.py:120} INFO - [2024-07-25T19:31:35.907+0000] {dagbag.py:537} INFO - Filling up the DagBag from /opt/airflow/dags/group_dag.py
[2024-07-25T19:31:35.977+0000] {processor.py:766} INFO - DAG(s) dict_keys(['group_dag']) retrieved from /opt/airflow/dags/group_dag.py
[2024-07-25T19:31:36.011+0000] {logging_mixin.py:120} INFO - [2024-07-25T19:31:36.011+0000] {dag.py:2585} INFO - Sync 1 DAGs
[2024-07-25T19:31:36.034+0000] {logging_mixin.py:120} INFO - [2024-07-25T19:31:36.034+0000] {dag.py:3340} INFO - Setting next_dagrun for group_dag to 2024-07-24T00:00:00+00:00, run_after=2024-07-25T00:00:00+00:00
[2024-07-25T19:31:36.050+0000] {processor.py:176} INFO - Processing /opt/airflow/dags/group_dag.py took 0.147 seconds
[2024-07-25T19:32:06.777+0000] {processor.py:154} INFO - Started process (PID=2309) to work on /opt/airflow/dags/group_dag.py
[2024-07-25T19:32:06.778+0000] {processor.py:756} INFO - Processing file /opt/airflow/dags/group_dag.py for tasks to queue
[2024-07-25T19:32:06.781+0000] {logging_mixin.py:120} INFO - [2024-07-25T19:32:06.781+0000] {dagbag.py:537} INFO - Filling up the DagBag from /opt/airflow/dags/group_dag.py
[2024-07-25T19:32:06.799+0000] {processor.py:766} INFO - DAG(s) dict_keys(['group_dag']) retrieved from /opt/airflow/dags/group_dag.py
[2024-07-25T19:32:06.835+0000] {logging_mixin.py:120} INFO - [2024-07-25T19:32:06.835+0000] {dag.py:2585} INFO - Sync 1 DAGs
[2024-07-25T19:32:06.858+0000] {logging_mixin.py:120} INFO - [2024-07-25T19:32:06.858+0000] {dag.py:3340} INFO - Setting next_dagrun for group_dag to 2024-07-24T00:00:00+00:00, run_after=2024-07-25T00:00:00+00:00
[2024-07-25T19:32:06.873+0000] {processor.py:176} INFO - Processing /opt/airflow/dags/group_dag.py took 0.099 seconds
[2024-07-25T19:32:37.549+0000] {processor.py:154} INFO - Started process (PID=2349) to work on /opt/airflow/dags/group_dag.py
[2024-07-25T19:32:37.549+0000] {processor.py:756} INFO - Processing file /opt/airflow/dags/group_dag.py for tasks to queue
[2024-07-25T19:32:37.550+0000] {logging_mixin.py:120} INFO - [2024-07-25T19:32:37.550+0000] {dagbag.py:537} INFO - Filling up the DagBag from /opt/airflow/dags/group_dag.py
[2024-07-25T19:32:37.571+0000] {processor.py:766} INFO - DAG(s) dict_keys(['group_dag']) retrieved from /opt/airflow/dags/group_dag.py
[2024-07-25T19:32:37.605+0000] {logging_mixin.py:120} INFO - [2024-07-25T19:32:37.605+0000] {dag.py:2585} INFO - Sync 1 DAGs
[2024-07-25T19:32:37.631+0000] {logging_mixin.py:120} INFO - [2024-07-25T19:32:37.631+0000] {dag.py:3340} INFO - Setting next_dagrun for group_dag to 2024-07-24T00:00:00+00:00, run_after=2024-07-25T00:00:00+00:00
[2024-07-25T19:32:37.646+0000] {processor.py:176} INFO - Processing /opt/airflow/dags/group_dag.py took 0.100 seconds
[2024-07-25T19:33:07.786+0000] {processor.py:154} INFO - Started process (PID=2379) to work on /opt/airflow/dags/group_dag.py
[2024-07-25T19:33:07.787+0000] {processor.py:756} INFO - Processing file /opt/airflow/dags/group_dag.py for tasks to queue
[2024-07-25T19:33:07.787+0000] {logging_mixin.py:120} INFO - [2024-07-25T19:33:07.787+0000] {dagbag.py:537} INFO - Filling up the DagBag from /opt/airflow/dags/group_dag.py
[2024-07-25T19:33:07.810+0000] {processor.py:766} INFO - DAG(s) dict_keys(['group_dag']) retrieved from /opt/airflow/dags/group_dag.py
[2024-07-25T19:33:07.848+0000] {logging_mixin.py:120} INFO - [2024-07-25T19:33:07.848+0000] {dag.py:2585} INFO - Sync 1 DAGs
[2024-07-25T19:33:07.870+0000] {logging_mixin.py:120} INFO - [2024-07-25T19:33:07.870+0000] {dag.py:3340} INFO - Setting next_dagrun for group_dag to 2024-07-24T00:00:00+00:00, run_after=2024-07-25T00:00:00+00:00
[2024-07-25T19:33:07.885+0000] {processor.py:176} INFO - Processing /opt/airflow/dags/group_dag.py took 0.104 seconds
[2024-07-25T19:33:38.008+0000] {processor.py:154} INFO - Started process (PID=2419) to work on /opt/airflow/dags/group_dag.py
[2024-07-25T19:33:38.009+0000] {processor.py:756} INFO - Processing file /opt/airflow/dags/group_dag.py for tasks to queue
[2024-07-25T19:33:38.014+0000] {logging_mixin.py:120} INFO - [2024-07-25T19:33:38.014+0000] {dagbag.py:537} INFO - Filling up the DagBag from /opt/airflow/dags/group_dag.py
[2024-07-25T19:33:38.033+0000] {processor.py:766} INFO - DAG(s) dict_keys(['group_dag']) retrieved from /opt/airflow/dags/group_dag.py
[2024-07-25T19:33:38.068+0000] {logging_mixin.py:120} INFO - [2024-07-25T19:33:38.068+0000] {dag.py:2585} INFO - Sync 1 DAGs
[2024-07-25T19:33:38.092+0000] {logging_mixin.py:120} INFO - [2024-07-25T19:33:38.092+0000] {dag.py:3340} INFO - Setting next_dagrun for group_dag to 2024-07-24T00:00:00+00:00, run_after=2024-07-25T00:00:00+00:00
[2024-07-25T19:33:38.109+0000] {processor.py:176} INFO - Processing /opt/airflow/dags/group_dag.py took 0.104 seconds
[2024-07-25T19:34:08.805+0000] {processor.py:154} INFO - Started process (PID=2459) to work on /opt/airflow/dags/group_dag.py
[2024-07-25T19:34:08.807+0000] {processor.py:756} INFO - Processing file /opt/airflow/dags/group_dag.py for tasks to queue
[2024-07-25T19:34:08.807+0000] {logging_mixin.py:120} INFO - [2024-07-25T19:34:08.807+0000] {dagbag.py:537} INFO - Filling up the DagBag from /opt/airflow/dags/group_dag.py
[2024-07-25T19:34:08.826+0000] {processor.py:766} INFO - DAG(s) dict_keys(['group_dag']) retrieved from /opt/airflow/dags/group_dag.py
[2024-07-25T19:34:08.863+0000] {logging_mixin.py:120} INFO - [2024-07-25T19:34:08.863+0000] {dag.py:2585} INFO - Sync 1 DAGs
[2024-07-25T19:34:08.885+0000] {logging_mixin.py:120} INFO - [2024-07-25T19:34:08.885+0000] {dag.py:3340} INFO - Setting next_dagrun for group_dag to 2024-07-24T00:00:00+00:00, run_after=2024-07-25T00:00:00+00:00
[2024-07-25T19:34:08.900+0000] {processor.py:176} INFO - Processing /opt/airflow/dags/group_dag.py took 0.098 seconds
[2024-07-25T19:34:39.606+0000] {processor.py:154} INFO - Started process (PID=2498) to work on /opt/airflow/dags/group_dag.py
[2024-07-25T19:34:39.607+0000] {processor.py:756} INFO - Processing file /opt/airflow/dags/group_dag.py for tasks to queue
[2024-07-25T19:34:39.608+0000] {logging_mixin.py:120} INFO - [2024-07-25T19:34:39.608+0000] {dagbag.py:537} INFO - Filling up the DagBag from /opt/airflow/dags/group_dag.py
[2024-07-25T19:34:39.626+0000] {processor.py:766} INFO - DAG(s) dict_keys(['group_dag']) retrieved from /opt/airflow/dags/group_dag.py
[2024-07-25T19:34:39.664+0000] {logging_mixin.py:120} INFO - [2024-07-25T19:34:39.664+0000] {dag.py:2585} INFO - Sync 1 DAGs
[2024-07-25T19:34:39.688+0000] {logging_mixin.py:120} INFO - [2024-07-25T19:34:39.688+0000] {dag.py:3340} INFO - Setting next_dagrun for group_dag to 2024-07-24T00:00:00+00:00, run_after=2024-07-25T00:00:00+00:00
[2024-07-25T19:34:39.704+0000] {processor.py:176} INFO - Processing /opt/airflow/dags/group_dag.py took 0.101 seconds
[2024-07-25T19:35:10.359+0000] {processor.py:154} INFO - Started process (PID=2538) to work on /opt/airflow/dags/group_dag.py
[2024-07-25T19:35:10.360+0000] {processor.py:756} INFO - Processing file /opt/airflow/dags/group_dag.py for tasks to queue
[2024-07-25T19:35:10.361+0000] {logging_mixin.py:120} INFO - [2024-07-25T19:35:10.361+0000] {dagbag.py:537} INFO - Filling up the DagBag from /opt/airflow/dags/group_dag.py
[2024-07-25T19:35:10.380+0000] {processor.py:766} INFO - DAG(s) dict_keys(['group_dag']) retrieved from /opt/airflow/dags/group_dag.py
[2024-07-25T19:35:10.412+0000] {logging_mixin.py:120} INFO - [2024-07-25T19:35:10.412+0000] {dag.py:2585} INFO - Sync 1 DAGs
[2024-07-25T19:35:10.437+0000] {logging_mixin.py:120} INFO - [2024-07-25T19:35:10.436+0000] {dag.py:3340} INFO - Setting next_dagrun for group_dag to 2024-07-24T00:00:00+00:00, run_after=2024-07-25T00:00:00+00:00
[2024-07-25T19:35:10.453+0000] {processor.py:176} INFO - Processing /opt/airflow/dags/group_dag.py took 0.097 seconds
[2024-07-25T19:35:41.098+0000] {processor.py:154} INFO - Started process (PID=2569) to work on /opt/airflow/dags/group_dag.py
[2024-07-25T19:35:41.100+0000] {processor.py:756} INFO - Processing file /opt/airflow/dags/group_dag.py for tasks to queue
[2024-07-25T19:35:41.101+0000] {logging_mixin.py:120} INFO - [2024-07-25T19:35:41.100+0000] {dagbag.py:537} INFO - Filling up the DagBag from /opt/airflow/dags/group_dag.py
[2024-07-25T19:35:41.123+0000] {processor.py:766} INFO - DAG(s) dict_keys(['group_dag']) retrieved from /opt/airflow/dags/group_dag.py
[2024-07-25T19:35:41.159+0000] {logging_mixin.py:120} INFO - [2024-07-25T19:35:41.159+0000] {dag.py:2585} INFO - Sync 1 DAGs
[2024-07-25T19:35:41.184+0000] {logging_mixin.py:120} INFO - [2024-07-25T19:35:41.184+0000] {dag.py:3340} INFO - Setting next_dagrun for group_dag to 2024-07-24T00:00:00+00:00, run_after=2024-07-25T00:00:00+00:00
[2024-07-25T19:35:41.200+0000] {processor.py:176} INFO - Processing /opt/airflow/dags/group_dag.py took 0.106 seconds
[2024-07-25T19:36:11.276+0000] {processor.py:154} INFO - Started process (PID=2609) to work on /opt/airflow/dags/group_dag.py
[2024-07-25T19:36:11.277+0000] {processor.py:756} INFO - Processing file /opt/airflow/dags/group_dag.py for tasks to queue
[2024-07-25T19:36:11.278+0000] {logging_mixin.py:120} INFO - [2024-07-25T19:36:11.278+0000] {dagbag.py:537} INFO - Filling up the DagBag from /opt/airflow/dags/group_dag.py
[2024-07-25T19:36:11.297+0000] {processor.py:766} INFO - DAG(s) dict_keys(['group_dag']) retrieved from /opt/airflow/dags/group_dag.py
[2024-07-25T19:36:11.337+0000] {logging_mixin.py:120} INFO - [2024-07-25T19:36:11.337+0000] {dag.py:2585} INFO - Sync 1 DAGs
[2024-07-25T19:36:11.360+0000] {logging_mixin.py:120} INFO - [2024-07-25T19:36:11.360+0000] {dag.py:3340} INFO - Setting next_dagrun for group_dag to 2024-07-24T00:00:00+00:00, run_after=2024-07-25T00:00:00+00:00
[2024-07-25T19:36:11.376+0000] {processor.py:176} INFO - Processing /opt/airflow/dags/group_dag.py took 0.104 seconds
[2024-07-25T19:36:42.041+0000] {processor.py:154} INFO - Started process (PID=2649) to work on /opt/airflow/dags/group_dag.py
[2024-07-25T19:36:42.041+0000] {processor.py:756} INFO - Processing file /opt/airflow/dags/group_dag.py for tasks to queue
[2024-07-25T19:36:42.042+0000] {logging_mixin.py:120} INFO - [2024-07-25T19:36:42.042+0000] {dagbag.py:537} INFO - Filling up the DagBag from /opt/airflow/dags/group_dag.py
[2024-07-25T19:36:42.062+0000] {processor.py:766} INFO - DAG(s) dict_keys(['group_dag']) retrieved from /opt/airflow/dags/group_dag.py
[2024-07-25T19:36:42.099+0000] {logging_mixin.py:120} INFO - [2024-07-25T19:36:42.099+0000] {dag.py:2585} INFO - Sync 1 DAGs
[2024-07-25T19:36:42.124+0000] {logging_mixin.py:120} INFO - [2024-07-25T19:36:42.124+0000] {dag.py:3340} INFO - Setting next_dagrun for group_dag to 2024-07-24T00:00:00+00:00, run_after=2024-07-25T00:00:00+00:00
[2024-07-25T19:36:42.139+0000] {processor.py:176} INFO - Processing /opt/airflow/dags/group_dag.py took 0.101 seconds
[2024-07-25T19:37:12.812+0000] {processor.py:154} INFO - Started process (PID=2689) to work on /opt/airflow/dags/group_dag.py
[2024-07-25T19:37:12.813+0000] {processor.py:756} INFO - Processing file /opt/airflow/dags/group_dag.py for tasks to queue
[2024-07-25T19:37:12.813+0000] {logging_mixin.py:120} INFO - [2024-07-25T19:37:12.813+0000] {dagbag.py:537} INFO - Filling up the DagBag from /opt/airflow/dags/group_dag.py
[2024-07-25T19:37:12.832+0000] {processor.py:766} INFO - DAG(s) dict_keys(['group_dag']) retrieved from /opt/airflow/dags/group_dag.py
[2024-07-25T19:37:12.869+0000] {logging_mixin.py:120} INFO - [2024-07-25T19:37:12.869+0000] {dag.py:2585} INFO - Sync 1 DAGs
[2024-07-25T19:37:12.890+0000] {logging_mixin.py:120} INFO - [2024-07-25T19:37:12.890+0000] {dag.py:3340} INFO - Setting next_dagrun for group_dag to 2024-07-24T00:00:00+00:00, run_after=2024-07-25T00:00:00+00:00
[2024-07-25T19:37:12.905+0000] {processor.py:176} INFO - Processing /opt/airflow/dags/group_dag.py took 0.096 seconds
[2024-07-25T19:37:43.641+0000] {processor.py:154} INFO - Started process (PID=2729) to work on /opt/airflow/dags/group_dag.py
[2024-07-25T19:37:43.642+0000] {processor.py:756} INFO - Processing file /opt/airflow/dags/group_dag.py for tasks to queue
[2024-07-25T19:37:43.643+0000] {logging_mixin.py:120} INFO - [2024-07-25T19:37:43.643+0000] {dagbag.py:537} INFO - Filling up the DagBag from /opt/airflow/dags/group_dag.py
[2024-07-25T19:37:43.666+0000] {processor.py:766} INFO - DAG(s) dict_keys(['group_dag']) retrieved from /opt/airflow/dags/group_dag.py
[2024-07-25T19:37:43.704+0000] {logging_mixin.py:120} INFO - [2024-07-25T19:37:43.704+0000] {dag.py:2585} INFO - Sync 1 DAGs
[2024-07-25T19:37:43.729+0000] {logging_mixin.py:120} INFO - [2024-07-25T19:37:43.728+0000] {dag.py:3340} INFO - Setting next_dagrun for group_dag to 2024-07-24T00:00:00+00:00, run_after=2024-07-25T00:00:00+00:00
[2024-07-25T19:37:43.746+0000] {processor.py:176} INFO - Processing /opt/airflow/dags/group_dag.py took 0.107 seconds
[2024-07-25T19:38:14.467+0000] {processor.py:154} INFO - Started process (PID=2759) to work on /opt/airflow/dags/group_dag.py
[2024-07-25T19:38:14.468+0000] {processor.py:756} INFO - Processing file /opt/airflow/dags/group_dag.py for tasks to queue
[2024-07-25T19:38:14.470+0000] {logging_mixin.py:120} INFO - [2024-07-25T19:38:14.470+0000] {dagbag.py:537} INFO - Filling up the DagBag from /opt/airflow/dags/group_dag.py
[2024-07-25T19:38:14.494+0000] {processor.py:766} INFO - DAG(s) dict_keys(['group_dag']) retrieved from /opt/airflow/dags/group_dag.py
[2024-07-25T19:38:14.538+0000] {logging_mixin.py:120} INFO - [2024-07-25T19:38:14.538+0000] {dag.py:2585} INFO - Sync 1 DAGs
[2024-07-25T19:38:14.571+0000] {logging_mixin.py:120} INFO - [2024-07-25T19:38:14.570+0000] {dag.py:3340} INFO - Setting next_dagrun for group_dag to 2024-07-24T00:00:00+00:00, run_after=2024-07-25T00:00:00+00:00
[2024-07-25T19:38:14.589+0000] {processor.py:176} INFO - Processing /opt/airflow/dags/group_dag.py took 0.126 seconds
[2024-07-25T19:38:44.614+0000] {processor.py:154} INFO - Started process (PID=2799) to work on /opt/airflow/dags/group_dag.py
[2024-07-25T19:38:44.615+0000] {processor.py:756} INFO - Processing file /opt/airflow/dags/group_dag.py for tasks to queue
[2024-07-25T19:38:44.619+0000] {logging_mixin.py:120} INFO - [2024-07-25T19:38:44.619+0000] {dagbag.py:537} INFO - Filling up the DagBag from /opt/airflow/dags/group_dag.py
[2024-07-25T19:38:44.640+0000] {processor.py:766} INFO - DAG(s) dict_keys(['group_dag']) retrieved from /opt/airflow/dags/group_dag.py
[2024-07-25T19:38:44.677+0000] {logging_mixin.py:120} INFO - [2024-07-25T19:38:44.677+0000] {dag.py:2585} INFO - Sync 1 DAGs
[2024-07-25T19:38:44.703+0000] {logging_mixin.py:120} INFO - [2024-07-25T19:38:44.703+0000] {dag.py:3340} INFO - Setting next_dagrun for group_dag to 2024-07-24T00:00:00+00:00, run_after=2024-07-25T00:00:00+00:00
[2024-07-25T19:38:44.718+0000] {processor.py:176} INFO - Processing /opt/airflow/dags/group_dag.py took 0.107 seconds
[2024-07-25T19:39:14.763+0000] {processor.py:154} INFO - Started process (PID=2839) to work on /opt/airflow/dags/group_dag.py
[2024-07-25T19:39:14.764+0000] {processor.py:756} INFO - Processing file /opt/airflow/dags/group_dag.py for tasks to queue
[2024-07-25T19:39:14.766+0000] {logging_mixin.py:120} INFO - [2024-07-25T19:39:14.766+0000] {dagbag.py:537} INFO - Filling up the DagBag from /opt/airflow/dags/group_dag.py
[2024-07-25T19:39:14.788+0000] {processor.py:766} INFO - DAG(s) dict_keys(['group_dag']) retrieved from /opt/airflow/dags/group_dag.py
[2024-07-25T19:39:14.827+0000] {logging_mixin.py:120} INFO - [2024-07-25T19:39:14.827+0000] {dag.py:2585} INFO - Sync 1 DAGs
[2024-07-25T19:39:14.851+0000] {logging_mixin.py:120} INFO - [2024-07-25T19:39:14.850+0000] {dag.py:3340} INFO - Setting next_dagrun for group_dag to 2024-07-24T00:00:00+00:00, run_after=2024-07-25T00:00:00+00:00
[2024-07-25T19:39:14.865+0000] {processor.py:176} INFO - Processing /opt/airflow/dags/group_dag.py took 0.106 seconds
[2024-07-25T19:39:45.559+0000] {processor.py:154} INFO - Started process (PID=2878) to work on /opt/airflow/dags/group_dag.py
[2024-07-25T19:39:45.560+0000] {processor.py:756} INFO - Processing file /opt/airflow/dags/group_dag.py for tasks to queue
[2024-07-25T19:39:45.561+0000] {logging_mixin.py:120} INFO - [2024-07-25T19:39:45.561+0000] {dagbag.py:537} INFO - Filling up the DagBag from /opt/airflow/dags/group_dag.py
[2024-07-25T19:39:45.585+0000] {processor.py:766} INFO - DAG(s) dict_keys(['group_dag']) retrieved from /opt/airflow/dags/group_dag.py
[2024-07-25T19:39:45.626+0000] {logging_mixin.py:120} INFO - [2024-07-25T19:39:45.626+0000] {dag.py:2585} INFO - Sync 1 DAGs
[2024-07-25T19:39:45.653+0000] {logging_mixin.py:120} INFO - [2024-07-25T19:39:45.653+0000] {dag.py:3340} INFO - Setting next_dagrun for group_dag to 2024-07-24T00:00:00+00:00, run_after=2024-07-25T00:00:00+00:00
[2024-07-25T19:39:45.675+0000] {processor.py:176} INFO - Processing /opt/airflow/dags/group_dag.py took 0.120 seconds
[2024-07-25T19:40:16.347+0000] {processor.py:154} INFO - Started process (PID=2909) to work on /opt/airflow/dags/group_dag.py
[2024-07-25T19:40:16.348+0000] {processor.py:756} INFO - Processing file /opt/airflow/dags/group_dag.py for tasks to queue
[2024-07-25T19:40:16.349+0000] {logging_mixin.py:120} INFO - [2024-07-25T19:40:16.349+0000] {dagbag.py:537} INFO - Filling up the DagBag from /opt/airflow/dags/group_dag.py
[2024-07-25T19:40:16.369+0000] {processor.py:766} INFO - DAG(s) dict_keys(['group_dag']) retrieved from /opt/airflow/dags/group_dag.py
[2024-07-25T19:40:16.406+0000] {logging_mixin.py:120} INFO - [2024-07-25T19:40:16.406+0000] {dag.py:2585} INFO - Sync 1 DAGs
[2024-07-25T19:40:16.429+0000] {logging_mixin.py:120} INFO - [2024-07-25T19:40:16.429+0000] {dag.py:3340} INFO - Setting next_dagrun for group_dag to 2024-07-24T00:00:00+00:00, run_after=2024-07-25T00:00:00+00:00
[2024-07-25T19:40:16.444+0000] {processor.py:176} INFO - Processing /opt/airflow/dags/group_dag.py took 0.099 seconds
[2024-07-25T19:40:47.131+0000] {processor.py:154} INFO - Started process (PID=2949) to work on /opt/airflow/dags/group_dag.py
[2024-07-25T19:40:47.132+0000] {processor.py:756} INFO - Processing file /opt/airflow/dags/group_dag.py for tasks to queue
[2024-07-25T19:40:47.133+0000] {logging_mixin.py:120} INFO - [2024-07-25T19:40:47.133+0000] {dagbag.py:537} INFO - Filling up the DagBag from /opt/airflow/dags/group_dag.py
[2024-07-25T19:40:47.164+0000] {processor.py:766} INFO - DAG(s) dict_keys(['group_dag']) retrieved from /opt/airflow/dags/group_dag.py
[2024-07-25T19:40:47.198+0000] {logging_mixin.py:120} INFO - [2024-07-25T19:40:47.197+0000] {dag.py:2585} INFO - Sync 1 DAGs
[2024-07-25T19:40:47.222+0000] {logging_mixin.py:120} INFO - [2024-07-25T19:40:47.222+0000] {dag.py:3340} INFO - Setting next_dagrun for group_dag to 2024-07-24T00:00:00+00:00, run_after=2024-07-25T00:00:00+00:00
[2024-07-25T19:40:47.240+0000] {processor.py:176} INFO - Processing /opt/airflow/dags/group_dag.py took 0.112 seconds
[2024-07-25T19:41:17.914+0000] {processor.py:154} INFO - Started process (PID=2989) to work on /opt/airflow/dags/group_dag.py
[2024-07-25T19:41:17.915+0000] {processor.py:756} INFO - Processing file /opt/airflow/dags/group_dag.py for tasks to queue
[2024-07-25T19:41:17.918+0000] {logging_mixin.py:120} INFO - [2024-07-25T19:41:17.918+0000] {dagbag.py:537} INFO - Filling up the DagBag from /opt/airflow/dags/group_dag.py
[2024-07-25T19:41:17.942+0000] {processor.py:766} INFO - DAG(s) dict_keys(['group_dag']) retrieved from /opt/airflow/dags/group_dag.py
[2024-07-25T19:41:17.975+0000] {logging_mixin.py:120} INFO - [2024-07-25T19:41:17.975+0000] {dag.py:2585} INFO - Sync 1 DAGs
[2024-07-25T19:41:17.998+0000] {logging_mixin.py:120} INFO - [2024-07-25T19:41:17.998+0000] {dag.py:3340} INFO - Setting next_dagrun for group_dag to 2024-07-24T00:00:00+00:00, run_after=2024-07-25T00:00:00+00:00
[2024-07-25T19:41:18.018+0000] {processor.py:176} INFO - Processing /opt/airflow/dags/group_dag.py took 0.106 seconds
[2024-07-25T19:41:48.044+0000] {processor.py:154} INFO - Started process (PID=3029) to work on /opt/airflow/dags/group_dag.py
[2024-07-25T19:41:48.045+0000] {processor.py:756} INFO - Processing file /opt/airflow/dags/group_dag.py for tasks to queue
[2024-07-25T19:41:48.049+0000] {logging_mixin.py:120} INFO - [2024-07-25T19:41:48.049+0000] {dagbag.py:537} INFO - Filling up the DagBag from /opt/airflow/dags/group_dag.py
[2024-07-25T19:41:48.082+0000] {processor.py:766} INFO - DAG(s) dict_keys(['group_dag']) retrieved from /opt/airflow/dags/group_dag.py
[2024-07-25T19:41:48.121+0000] {logging_mixin.py:120} INFO - [2024-07-25T19:41:48.121+0000] {dag.py:2585} INFO - Sync 1 DAGs
[2024-07-25T19:41:48.151+0000] {logging_mixin.py:120} INFO - [2024-07-25T19:41:48.151+0000] {dag.py:3340} INFO - Setting next_dagrun for group_dag to 2024-07-24T00:00:00+00:00, run_after=2024-07-25T00:00:00+00:00
[2024-07-25T19:41:48.173+0000] {processor.py:176} INFO - Processing /opt/airflow/dags/group_dag.py took 0.132 seconds
[2024-07-25T19:42:18.242+0000] {processor.py:154} INFO - Started process (PID=3060) to work on /opt/airflow/dags/group_dag.py
[2024-07-25T19:42:18.243+0000] {processor.py:756} INFO - Processing file /opt/airflow/dags/group_dag.py for tasks to queue
[2024-07-25T19:42:18.243+0000] {logging_mixin.py:120} INFO - [2024-07-25T19:42:18.243+0000] {dagbag.py:537} INFO - Filling up the DagBag from /opt/airflow/dags/group_dag.py
[2024-07-25T19:42:18.269+0000] {processor.py:766} INFO - DAG(s) dict_keys(['group_dag']) retrieved from /opt/airflow/dags/group_dag.py
[2024-07-25T19:42:18.304+0000] {logging_mixin.py:120} INFO - [2024-07-25T19:42:18.304+0000] {dag.py:2585} INFO - Sync 1 DAGs
[2024-07-25T19:42:18.329+0000] {logging_mixin.py:120} INFO - [2024-07-25T19:42:18.329+0000] {dag.py:3340} INFO - Setting next_dagrun for group_dag to 2024-07-24T00:00:00+00:00, run_after=2024-07-25T00:00:00+00:00
[2024-07-25T19:42:18.354+0000] {processor.py:176} INFO - Processing /opt/airflow/dags/group_dag.py took 0.115 seconds
[2024-07-25T19:42:49.062+0000] {processor.py:154} INFO - Started process (PID=3100) to work on /opt/airflow/dags/group_dag.py
[2024-07-25T19:42:49.063+0000] {processor.py:756} INFO - Processing file /opt/airflow/dags/group_dag.py for tasks to queue
[2024-07-25T19:42:49.064+0000] {logging_mixin.py:120} INFO - [2024-07-25T19:42:49.064+0000] {dagbag.py:537} INFO - Filling up the DagBag from /opt/airflow/dags/group_dag.py
[2024-07-25T19:42:49.098+0000] {processor.py:766} INFO - DAG(s) dict_keys(['group_dag']) retrieved from /opt/airflow/dags/group_dag.py
[2024-07-25T19:42:49.140+0000] {logging_mixin.py:120} INFO - [2024-07-25T19:42:49.140+0000] {dag.py:2585} INFO - Sync 1 DAGs
[2024-07-25T19:42:49.166+0000] {logging_mixin.py:120} INFO - [2024-07-25T19:42:49.166+0000] {dag.py:3340} INFO - Setting next_dagrun for group_dag to 2024-07-24T00:00:00+00:00, run_after=2024-07-25T00:00:00+00:00
[2024-07-25T19:42:49.189+0000] {processor.py:176} INFO - Processing /opt/airflow/dags/group_dag.py took 0.130 seconds
[2024-07-25T19:43:19.881+0000] {processor.py:154} INFO - Started process (PID=3140) to work on /opt/airflow/dags/group_dag.py
[2024-07-25T19:43:19.883+0000] {processor.py:756} INFO - Processing file /opt/airflow/dags/group_dag.py for tasks to queue
[2024-07-25T19:43:19.884+0000] {logging_mixin.py:120} INFO - [2024-07-25T19:43:19.883+0000] {dagbag.py:537} INFO - Filling up the DagBag from /opt/airflow/dags/group_dag.py
[2024-07-25T19:43:19.903+0000] {processor.py:766} INFO - DAG(s) dict_keys(['group_dag']) retrieved from /opt/airflow/dags/group_dag.py
[2024-07-25T19:43:19.938+0000] {logging_mixin.py:120} INFO - [2024-07-25T19:43:19.938+0000] {dag.py:2585} INFO - Sync 1 DAGs
[2024-07-25T19:43:19.960+0000] {logging_mixin.py:120} INFO - [2024-07-25T19:43:19.959+0000] {dag.py:3340} INFO - Setting next_dagrun for group_dag to 2024-07-24T00:00:00+00:00, run_after=2024-07-25T00:00:00+00:00
[2024-07-25T19:43:19.979+0000] {processor.py:176} INFO - Processing /opt/airflow/dags/group_dag.py took 0.101 seconds
[2024-07-25T19:43:50.669+0000] {processor.py:154} INFO - Started process (PID=3180) to work on /opt/airflow/dags/group_dag.py
[2024-07-25T19:43:50.672+0000] {processor.py:756} INFO - Processing file /opt/airflow/dags/group_dag.py for tasks to queue
[2024-07-25T19:43:50.673+0000] {logging_mixin.py:120} INFO - [2024-07-25T19:43:50.673+0000] {dagbag.py:537} INFO - Filling up the DagBag from /opt/airflow/dags/group_dag.py
[2024-07-25T19:43:50.700+0000] {processor.py:766} INFO - DAG(s) dict_keys(['group_dag']) retrieved from /opt/airflow/dags/group_dag.py
[2024-07-25T19:43:50.739+0000] {logging_mixin.py:120} INFO - [2024-07-25T19:43:50.738+0000] {dag.py:2585} INFO - Sync 1 DAGs
[2024-07-25T19:43:50.764+0000] {logging_mixin.py:120} INFO - [2024-07-25T19:43:50.764+0000] {dag.py:3340} INFO - Setting next_dagrun for group_dag to 2024-07-24T00:00:00+00:00, run_after=2024-07-25T00:00:00+00:00
[2024-07-25T19:43:50.782+0000] {processor.py:176} INFO - Processing /opt/airflow/dags/group_dag.py took 0.116 seconds
[2024-07-25T19:44:20.834+0000] {processor.py:154} INFO - Started process (PID=3221) to work on /opt/airflow/dags/group_dag.py
[2024-07-25T19:44:20.835+0000] {processor.py:756} INFO - Processing file /opt/airflow/dags/group_dag.py for tasks to queue
[2024-07-25T19:44:20.839+0000] {logging_mixin.py:120} INFO - [2024-07-25T19:44:20.839+0000] {dagbag.py:537} INFO - Filling up the DagBag from /opt/airflow/dags/group_dag.py
[2024-07-25T19:44:20.859+0000] {processor.py:766} INFO - DAG(s) dict_keys(['group_dag']) retrieved from /opt/airflow/dags/group_dag.py
[2024-07-25T19:44:20.898+0000] {logging_mixin.py:120} INFO - [2024-07-25T19:44:20.897+0000] {dag.py:2585} INFO - Sync 1 DAGs
[2024-07-25T19:44:20.922+0000] {logging_mixin.py:120} INFO - [2024-07-25T19:44:20.922+0000] {dag.py:3340} INFO - Setting next_dagrun for group_dag to 2024-07-24T00:00:00+00:00, run_after=2024-07-25T00:00:00+00:00
[2024-07-25T19:44:20.940+0000] {processor.py:176} INFO - Processing /opt/airflow/dags/group_dag.py took 0.109 seconds
[2024-07-25T19:44:50.983+0000] {processor.py:154} INFO - Started process (PID=3251) to work on /opt/airflow/dags/group_dag.py
[2024-07-25T19:44:50.987+0000] {processor.py:756} INFO - Processing file /opt/airflow/dags/group_dag.py for tasks to queue
[2024-07-25T19:44:50.989+0000] {logging_mixin.py:120} INFO - [2024-07-25T19:44:50.989+0000] {dagbag.py:537} INFO - Filling up the DagBag from /opt/airflow/dags/group_dag.py
[2024-07-25T19:44:51.012+0000] {processor.py:766} INFO - DAG(s) dict_keys(['group_dag']) retrieved from /opt/airflow/dags/group_dag.py
[2024-07-25T19:44:51.046+0000] {logging_mixin.py:120} INFO - [2024-07-25T19:44:51.046+0000] {dag.py:2585} INFO - Sync 1 DAGs
[2024-07-25T19:44:51.068+0000] {logging_mixin.py:120} INFO - [2024-07-25T19:44:51.068+0000] {dag.py:3340} INFO - Setting next_dagrun for group_dag to 2024-07-24T00:00:00+00:00, run_after=2024-07-25T00:00:00+00:00
[2024-07-25T19:44:51.086+0000] {processor.py:176} INFO - Processing /opt/airflow/dags/group_dag.py took 0.106 seconds
[2024-07-25T19:45:21.110+0000] {processor.py:154} INFO - Started process (PID=3291) to work on /opt/airflow/dags/group_dag.py
[2024-07-25T19:45:21.111+0000] {processor.py:756} INFO - Processing file /opt/airflow/dags/group_dag.py for tasks to queue
[2024-07-25T19:45:21.114+0000] {logging_mixin.py:120} INFO - [2024-07-25T19:45:21.114+0000] {dagbag.py:537} INFO - Filling up the DagBag from /opt/airflow/dags/group_dag.py
[2024-07-25T19:45:21.138+0000] {processor.py:766} INFO - DAG(s) dict_keys(['group_dag']) retrieved from /opt/airflow/dags/group_dag.py
[2024-07-25T19:45:21.176+0000] {logging_mixin.py:120} INFO - [2024-07-25T19:45:21.176+0000] {dag.py:2585} INFO - Sync 1 DAGs
[2024-07-25T19:45:21.199+0000] {logging_mixin.py:120} INFO - [2024-07-25T19:45:21.199+0000] {dag.py:3340} INFO - Setting next_dagrun for group_dag to 2024-07-24T00:00:00+00:00, run_after=2024-07-25T00:00:00+00:00
[2024-07-25T19:45:21.213+0000] {processor.py:176} INFO - Processing /opt/airflow/dags/group_dag.py took 0.107 seconds
[2024-07-25T19:45:51.919+0000] {processor.py:154} INFO - Started process (PID=3332) to work on /opt/airflow/dags/group_dag.py
[2024-07-25T19:45:51.920+0000] {processor.py:756} INFO - Processing file /opt/airflow/dags/group_dag.py for tasks to queue
[2024-07-25T19:45:51.920+0000] {logging_mixin.py:120} INFO - [2024-07-25T19:45:51.920+0000] {dagbag.py:537} INFO - Filling up the DagBag from /opt/airflow/dags/group_dag.py
[2024-07-25T19:45:51.949+0000] {processor.py:766} INFO - DAG(s) dict_keys(['group_dag']) retrieved from /opt/airflow/dags/group_dag.py
[2024-07-25T19:45:51.985+0000] {logging_mixin.py:120} INFO - [2024-07-25T19:45:51.985+0000] {dag.py:2585} INFO - Sync 1 DAGs
[2024-07-25T19:45:52.011+0000] {logging_mixin.py:120} INFO - [2024-07-25T19:45:52.011+0000] {dag.py:3340} INFO - Setting next_dagrun for group_dag to 2024-07-24T00:00:00+00:00, run_after=2024-07-25T00:00:00+00:00
[2024-07-25T19:45:52.031+0000] {processor.py:176} INFO - Processing /opt/airflow/dags/group_dag.py took 0.116 seconds
