[2024-07-25T18:29:55.636+0000] {processor.py:154} INFO - Started process (PID=59) to work on /opt/airflow/dags/parallel_dag.py
[2024-07-25T18:29:55.638+0000] {processor.py:756} INFO - Processing file /opt/airflow/dags/parallel_dag.py for tasks to queue
[2024-07-25T18:29:55.640+0000] {logging_mixin.py:120} INFO - [2024-07-25T18:29:55.640+0000] {dagbag.py:537} INFO - Filling up the DagBag from /opt/airflow/dags/parallel_dag.py
[2024-07-25T18:29:55.687+0000] {processor.py:766} INFO - DAG(s) dict_keys(['parallel_dag']) retrieved from /opt/airflow/dags/parallel_dag.py
[2024-07-25T18:29:55.740+0000] {logging_mixin.py:120} INFO - [2024-07-25T18:29:55.740+0000] {dag.py:2585} INFO - Sync 1 DAGs
[2024-07-25T18:29:55.778+0000] {logging_mixin.py:120} INFO - [2024-07-25T18:29:55.778+0000] {dag.py:3340} INFO - Setting next_dagrun for parallel_dag to 2024-07-24T00:00:00+00:00, run_after=2024-07-25T00:00:00+00:00
[2024-07-25T18:29:55.803+0000] {processor.py:176} INFO - Processing /opt/airflow/dags/parallel_dag.py took 0.176 seconds
[2024-07-25T18:30:26.776+0000] {processor.py:154} INFO - Started process (PID=98) to work on /opt/airflow/dags/parallel_dag.py
[2024-07-25T18:30:26.777+0000] {processor.py:756} INFO - Processing file /opt/airflow/dags/parallel_dag.py for tasks to queue
[2024-07-25T18:30:26.778+0000] {logging_mixin.py:120} INFO - [2024-07-25T18:30:26.778+0000] {dagbag.py:537} INFO - Filling up the DagBag from /opt/airflow/dags/parallel_dag.py
[2024-07-25T18:30:26.802+0000] {processor.py:766} INFO - DAG(s) dict_keys(['parallel_dag']) retrieved from /opt/airflow/dags/parallel_dag.py
[2024-07-25T18:30:26.845+0000] {logging_mixin.py:120} INFO - [2024-07-25T18:30:26.845+0000] {dag.py:2585} INFO - Sync 1 DAGs
[2024-07-25T18:30:26.872+0000] {logging_mixin.py:120} INFO - [2024-07-25T18:30:26.872+0000] {dag.py:3340} INFO - Setting next_dagrun for parallel_dag to 2024-07-24T00:00:00+00:00, run_after=2024-07-25T00:00:00+00:00
[2024-07-25T18:30:26.894+0000] {processor.py:176} INFO - Processing /opt/airflow/dags/parallel_dag.py took 0.124 seconds
[2024-07-25T18:31:03.460+0000] {processor.py:154} INFO - Started process (PID=121) to work on /opt/airflow/dags/parallel_dag.py
[2024-07-25T18:31:03.462+0000] {processor.py:756} INFO - Processing file /opt/airflow/dags/parallel_dag.py for tasks to queue
[2024-07-25T18:31:03.463+0000] {logging_mixin.py:120} INFO - [2024-07-25T18:31:03.463+0000] {dagbag.py:537} INFO - Filling up the DagBag from /opt/airflow/dags/parallel_dag.py
[2024-07-25T18:31:03.488+0000] {processor.py:766} INFO - DAG(s) dict_keys(['parallel_dag']) retrieved from /opt/airflow/dags/parallel_dag.py
[2024-07-25T18:31:03.524+0000] {logging_mixin.py:120} INFO - [2024-07-25T18:31:03.524+0000] {dag.py:2585} INFO - Sync 1 DAGs
[2024-07-25T18:31:03.549+0000] {logging_mixin.py:120} INFO - [2024-07-25T18:31:03.549+0000] {dag.py:3340} INFO - Setting next_dagrun for parallel_dag to 2024-07-24T00:00:00+00:00, run_after=2024-07-25T00:00:00+00:00
[2024-07-25T18:31:03.564+0000] {processor.py:176} INFO - Processing /opt/airflow/dags/parallel_dag.py took 0.107 seconds
[2024-07-25T18:36:18.012+0000] {processor.py:154} INFO - Started process (PID=153) to work on /opt/airflow/dags/parallel_dag.py
[2024-07-25T18:36:18.014+0000] {processor.py:756} INFO - Processing file /opt/airflow/dags/parallel_dag.py for tasks to queue
[2024-07-25T18:36:18.015+0000] {logging_mixin.py:120} INFO - [2024-07-25T18:36:18.015+0000] {dagbag.py:537} INFO - Filling up the DagBag from /opt/airflow/dags/parallel_dag.py
[2024-07-25T18:36:18.069+0000] {processor.py:766} INFO - DAG(s) dict_keys(['parallel_dag']) retrieved from /opt/airflow/dags/parallel_dag.py
[2024-07-25T18:36:18.472+0000] {logging_mixin.py:120} INFO - [2024-07-25T18:36:18.471+0000] {dag.py:2585} INFO - Sync 1 DAGs
[2024-07-25T18:36:18.635+0000] {logging_mixin.py:120} INFO - [2024-07-25T18:36:18.635+0000] {dag.py:3340} INFO - Setting next_dagrun for parallel_dag to 2024-07-24T00:00:00+00:00, run_after=2024-07-25T00:00:00+00:00
[2024-07-25T18:36:18.728+0000] {processor.py:176} INFO - Processing /opt/airflow/dags/parallel_dag.py took 0.719 seconds
[2024-07-25T18:36:49.741+0000] {processor.py:154} INFO - Started process (PID=193) to work on /opt/airflow/dags/parallel_dag.py
[2024-07-25T18:36:49.742+0000] {processor.py:756} INFO - Processing file /opt/airflow/dags/parallel_dag.py for tasks to queue
[2024-07-25T18:36:49.743+0000] {logging_mixin.py:120} INFO - [2024-07-25T18:36:49.743+0000] {dagbag.py:537} INFO - Filling up the DagBag from /opt/airflow/dags/parallel_dag.py
[2024-07-25T18:36:49.762+0000] {processor.py:766} INFO - DAG(s) dict_keys(['parallel_dag']) retrieved from /opt/airflow/dags/parallel_dag.py
[2024-07-25T18:36:49.796+0000] {logging_mixin.py:120} INFO - [2024-07-25T18:36:49.796+0000] {dag.py:2585} INFO - Sync 1 DAGs
[2024-07-25T18:36:49.819+0000] {logging_mixin.py:120} INFO - [2024-07-25T18:36:49.819+0000] {dag.py:3340} INFO - Setting next_dagrun for parallel_dag to 2024-07-24T00:00:00+00:00, run_after=2024-07-25T00:00:00+00:00
[2024-07-25T18:36:49.835+0000] {processor.py:176} INFO - Processing /opt/airflow/dags/parallel_dag.py took 0.098 seconds
[2024-07-25T18:49:41.193+0000] {processor.py:154} INFO - Started process (PID=233) to work on /opt/airflow/dags/parallel_dag.py
[2024-07-25T18:49:41.194+0000] {processor.py:756} INFO - Processing file /opt/airflow/dags/parallel_dag.py for tasks to queue
[2024-07-25T18:49:41.194+0000] {logging_mixin.py:120} INFO - [2024-07-25T18:49:41.194+0000] {dagbag.py:537} INFO - Filling up the DagBag from /opt/airflow/dags/parallel_dag.py
[2024-07-25T18:49:41.210+0000] {processor.py:766} INFO - DAG(s) dict_keys(['parallel_dag']) retrieved from /opt/airflow/dags/parallel_dag.py
[2024-07-25T18:49:41.246+0000] {logging_mixin.py:120} INFO - [2024-07-25T18:49:41.246+0000] {dag.py:2585} INFO - Sync 1 DAGs
[2024-07-25T18:49:41.270+0000] {logging_mixin.py:120} INFO - [2024-07-25T18:49:41.269+0000] {dag.py:3340} INFO - Setting next_dagrun for parallel_dag to 2024-07-24T00:00:00+00:00, run_after=2024-07-25T00:00:00+00:00
[2024-07-25T18:49:41.287+0000] {processor.py:176} INFO - Processing /opt/airflow/dags/parallel_dag.py took 0.098 seconds
[2024-07-25T18:50:12.229+0000] {processor.py:154} INFO - Started process (PID=264) to work on /opt/airflow/dags/parallel_dag.py
[2024-07-25T18:50:12.230+0000] {processor.py:756} INFO - Processing file /opt/airflow/dags/parallel_dag.py for tasks to queue
[2024-07-25T18:50:12.231+0000] {logging_mixin.py:120} INFO - [2024-07-25T18:50:12.231+0000] {dagbag.py:537} INFO - Filling up the DagBag from /opt/airflow/dags/parallel_dag.py
[2024-07-25T18:50:12.247+0000] {processor.py:766} INFO - DAG(s) dict_keys(['parallel_dag']) retrieved from /opt/airflow/dags/parallel_dag.py
[2024-07-25T18:50:12.282+0000] {logging_mixin.py:120} INFO - [2024-07-25T18:50:12.282+0000] {dag.py:2585} INFO - Sync 1 DAGs
[2024-07-25T18:50:12.309+0000] {logging_mixin.py:120} INFO - [2024-07-25T18:50:12.308+0000] {dag.py:3340} INFO - Setting next_dagrun for parallel_dag to 2024-07-24T00:00:00+00:00, run_after=2024-07-25T00:00:00+00:00
[2024-07-25T18:50:12.323+0000] {processor.py:176} INFO - Processing /opt/airflow/dags/parallel_dag.py took 0.097 seconds
[2024-07-25T18:50:42.897+0000] {processor.py:154} INFO - Started process (PID=304) to work on /opt/airflow/dags/parallel_dag.py
[2024-07-25T18:50:42.898+0000] {processor.py:756} INFO - Processing file /opt/airflow/dags/parallel_dag.py for tasks to queue
[2024-07-25T18:50:42.900+0000] {logging_mixin.py:120} INFO - [2024-07-25T18:50:42.899+0000] {dagbag.py:537} INFO - Filling up the DagBag from /opt/airflow/dags/parallel_dag.py
[2024-07-25T18:50:42.915+0000] {processor.py:766} INFO - DAG(s) dict_keys(['parallel_dag']) retrieved from /opt/airflow/dags/parallel_dag.py
[2024-07-25T18:50:42.949+0000] {logging_mixin.py:120} INFO - [2024-07-25T18:50:42.949+0000] {dag.py:2585} INFO - Sync 1 DAGs
[2024-07-25T18:50:42.973+0000] {logging_mixin.py:120} INFO - [2024-07-25T18:50:42.973+0000] {dag.py:3340} INFO - Setting next_dagrun for parallel_dag to 2024-07-24T00:00:00+00:00, run_after=2024-07-25T00:00:00+00:00
[2024-07-25T18:50:42.991+0000] {processor.py:176} INFO - Processing /opt/airflow/dags/parallel_dag.py took 0.096 seconds
[2024-07-25T18:51:13.221+0000] {processor.py:154} INFO - Started process (PID=344) to work on /opt/airflow/dags/parallel_dag.py
[2024-07-25T18:51:13.222+0000] {processor.py:756} INFO - Processing file /opt/airflow/dags/parallel_dag.py for tasks to queue
[2024-07-25T18:51:13.223+0000] {logging_mixin.py:120} INFO - [2024-07-25T18:51:13.223+0000] {dagbag.py:537} INFO - Filling up the DagBag from /opt/airflow/dags/parallel_dag.py
[2024-07-25T18:51:13.240+0000] {processor.py:766} INFO - DAG(s) dict_keys(['parallel_dag']) retrieved from /opt/airflow/dags/parallel_dag.py
[2024-07-25T18:51:13.281+0000] {logging_mixin.py:120} INFO - [2024-07-25T18:51:13.281+0000] {dag.py:2585} INFO - Sync 1 DAGs
[2024-07-25T18:51:13.307+0000] {logging_mixin.py:120} INFO - [2024-07-25T18:51:13.307+0000] {dag.py:3340} INFO - Setting next_dagrun for parallel_dag to 2024-07-24T00:00:00+00:00, run_after=2024-07-25T00:00:00+00:00
[2024-07-25T18:51:13.324+0000] {processor.py:176} INFO - Processing /opt/airflow/dags/parallel_dag.py took 0.105 seconds
[2024-07-25T18:51:44.140+0000] {processor.py:154} INFO - Started process (PID=384) to work on /opt/airflow/dags/parallel_dag.py
[2024-07-25T18:51:44.141+0000] {processor.py:756} INFO - Processing file /opt/airflow/dags/parallel_dag.py for tasks to queue
[2024-07-25T18:51:44.142+0000] {logging_mixin.py:120} INFO - [2024-07-25T18:51:44.141+0000] {dagbag.py:537} INFO - Filling up the DagBag from /opt/airflow/dags/parallel_dag.py
[2024-07-25T18:51:44.160+0000] {processor.py:766} INFO - DAG(s) dict_keys(['parallel_dag']) retrieved from /opt/airflow/dags/parallel_dag.py
[2024-07-25T18:51:44.195+0000] {logging_mixin.py:120} INFO - [2024-07-25T18:51:44.194+0000] {dag.py:2585} INFO - Sync 1 DAGs
[2024-07-25T18:51:44.217+0000] {logging_mixin.py:120} INFO - [2024-07-25T18:51:44.217+0000] {dag.py:3340} INFO - Setting next_dagrun for parallel_dag to 2024-07-24T00:00:00+00:00, run_after=2024-07-25T00:00:00+00:00
[2024-07-25T18:51:44.232+0000] {processor.py:176} INFO - Processing /opt/airflow/dags/parallel_dag.py took 0.095 seconds
[2024-07-25T19:05:48.125+0000] {processor.py:154} INFO - Started process (PID=416) to work on /opt/airflow/dags/parallel_dag.py
[2024-07-25T19:05:48.126+0000] {processor.py:756} INFO - Processing file /opt/airflow/dags/parallel_dag.py for tasks to queue
[2024-07-25T19:05:48.127+0000] {logging_mixin.py:120} INFO - [2024-07-25T19:05:48.127+0000] {dagbag.py:537} INFO - Filling up the DagBag from /opt/airflow/dags/parallel_dag.py
[2024-07-25T19:05:48.142+0000] {processor.py:766} INFO - DAG(s) dict_keys(['parallel_dag']) retrieved from /opt/airflow/dags/parallel_dag.py
[2024-07-25T19:05:48.177+0000] {logging_mixin.py:120} INFO - [2024-07-25T19:05:48.177+0000] {dag.py:2585} INFO - Sync 1 DAGs
[2024-07-25T19:05:48.199+0000] {logging_mixin.py:120} INFO - [2024-07-25T19:05:48.199+0000] {dag.py:3340} INFO - Setting next_dagrun for parallel_dag to 2024-07-24T00:00:00+00:00, run_after=2024-07-25T00:00:00+00:00
[2024-07-25T19:05:48.217+0000] {processor.py:176} INFO - Processing /opt/airflow/dags/parallel_dag.py took 0.095 seconds
[2024-07-25T19:06:42.947+0000] {processor.py:154} INFO - Started process (PID=456) to work on /opt/airflow/dags/parallel_dag.py
[2024-07-25T19:06:42.948+0000] {processor.py:756} INFO - Processing file /opt/airflow/dags/parallel_dag.py for tasks to queue
[2024-07-25T19:06:42.949+0000] {logging_mixin.py:120} INFO - [2024-07-25T19:06:42.949+0000] {dagbag.py:537} INFO - Filling up the DagBag from /opt/airflow/dags/parallel_dag.py
[2024-07-25T19:06:42.967+0000] {processor.py:766} INFO - DAG(s) dict_keys(['parallel_dag']) retrieved from /opt/airflow/dags/parallel_dag.py
[2024-07-25T19:06:42.999+0000] {logging_mixin.py:120} INFO - [2024-07-25T19:06:42.999+0000] {dag.py:2585} INFO - Sync 1 DAGs
[2024-07-25T19:06:43.023+0000] {logging_mixin.py:120} INFO - [2024-07-25T19:06:43.022+0000] {dag.py:3340} INFO - Setting next_dagrun for parallel_dag to 2024-07-24T00:00:00+00:00, run_after=2024-07-25T00:00:00+00:00
[2024-07-25T19:06:43.037+0000] {processor.py:176} INFO - Processing /opt/airflow/dags/parallel_dag.py took 0.093 seconds
[2024-07-25T19:07:13.715+0000] {processor.py:154} INFO - Started process (PID=496) to work on /opt/airflow/dags/parallel_dag.py
[2024-07-25T19:07:13.716+0000] {processor.py:756} INFO - Processing file /opt/airflow/dags/parallel_dag.py for tasks to queue
[2024-07-25T19:07:13.717+0000] {logging_mixin.py:120} INFO - [2024-07-25T19:07:13.716+0000] {dagbag.py:537} INFO - Filling up the DagBag from /opt/airflow/dags/parallel_dag.py
[2024-07-25T19:07:13.736+0000] {processor.py:766} INFO - DAG(s) dict_keys(['parallel_dag']) retrieved from /opt/airflow/dags/parallel_dag.py
[2024-07-25T19:07:13.770+0000] {logging_mixin.py:120} INFO - [2024-07-25T19:07:13.770+0000] {dag.py:2585} INFO - Sync 1 DAGs
[2024-07-25T19:07:13.794+0000] {logging_mixin.py:120} INFO - [2024-07-25T19:07:13.794+0000] {dag.py:3340} INFO - Setting next_dagrun for parallel_dag to 2024-07-24T00:00:00+00:00, run_after=2024-07-25T00:00:00+00:00
[2024-07-25T19:07:13.808+0000] {processor.py:176} INFO - Processing /opt/airflow/dags/parallel_dag.py took 0.096 seconds
[2024-07-25T19:08:08.153+0000] {processor.py:154} INFO - Started process (PID=527) to work on /opt/airflow/dags/parallel_dag.py
[2024-07-25T19:08:08.154+0000] {processor.py:756} INFO - Processing file /opt/airflow/dags/parallel_dag.py for tasks to queue
[2024-07-25T19:08:08.155+0000] {logging_mixin.py:120} INFO - [2024-07-25T19:08:08.155+0000] {dagbag.py:537} INFO - Filling up the DagBag from /opt/airflow/dags/parallel_dag.py
[2024-07-25T19:08:08.171+0000] {processor.py:766} INFO - DAG(s) dict_keys(['parallel_dag']) retrieved from /opt/airflow/dags/parallel_dag.py
[2024-07-25T19:08:08.211+0000] {logging_mixin.py:120} INFO - [2024-07-25T19:08:08.210+0000] {dag.py:2585} INFO - Sync 1 DAGs
[2024-07-25T19:08:08.236+0000] {logging_mixin.py:120} INFO - [2024-07-25T19:08:08.236+0000] {dag.py:3340} INFO - Setting next_dagrun for parallel_dag to 2024-07-24T00:00:00+00:00, run_after=2024-07-25T00:00:00+00:00
[2024-07-25T19:08:08.255+0000] {processor.py:176} INFO - Processing /opt/airflow/dags/parallel_dag.py took 0.105 seconds
[2024-07-25T19:08:38.484+0000] {processor.py:154} INFO - Started process (PID=567) to work on /opt/airflow/dags/parallel_dag.py
[2024-07-25T19:08:38.485+0000] {processor.py:756} INFO - Processing file /opt/airflow/dags/parallel_dag.py for tasks to queue
[2024-07-25T19:08:38.485+0000] {logging_mixin.py:120} INFO - [2024-07-25T19:08:38.485+0000] {dagbag.py:537} INFO - Filling up the DagBag from /opt/airflow/dags/parallel_dag.py
[2024-07-25T19:08:38.503+0000] {processor.py:766} INFO - DAG(s) dict_keys(['parallel_dag']) retrieved from /opt/airflow/dags/parallel_dag.py
[2024-07-25T19:08:38.539+0000] {logging_mixin.py:120} INFO - [2024-07-25T19:08:38.539+0000] {dag.py:2585} INFO - Sync 1 DAGs
[2024-07-25T19:08:38.565+0000] {logging_mixin.py:120} INFO - [2024-07-25T19:08:38.565+0000] {dag.py:3340} INFO - Setting next_dagrun for parallel_dag to 2024-07-24T00:00:00+00:00, run_after=2024-07-25T00:00:00+00:00
[2024-07-25T19:08:38.585+0000] {processor.py:176} INFO - Processing /opt/airflow/dags/parallel_dag.py took 0.105 seconds
[2024-07-25T19:09:09.285+0000] {processor.py:154} INFO - Started process (PID=607) to work on /opt/airflow/dags/parallel_dag.py
[2024-07-25T19:09:09.287+0000] {processor.py:756} INFO - Processing file /opt/airflow/dags/parallel_dag.py for tasks to queue
[2024-07-25T19:09:09.289+0000] {logging_mixin.py:120} INFO - [2024-07-25T19:09:09.288+0000] {dagbag.py:537} INFO - Filling up the DagBag from /opt/airflow/dags/parallel_dag.py
[2024-07-25T19:09:09.307+0000] {processor.py:766} INFO - DAG(s) dict_keys(['parallel_dag']) retrieved from /opt/airflow/dags/parallel_dag.py
[2024-07-25T19:09:09.343+0000] {logging_mixin.py:120} INFO - [2024-07-25T19:09:09.343+0000] {dag.py:2585} INFO - Sync 1 DAGs
[2024-07-25T19:09:09.367+0000] {logging_mixin.py:120} INFO - [2024-07-25T19:09:09.367+0000] {dag.py:3340} INFO - Setting next_dagrun for parallel_dag to 2024-07-24T00:00:00+00:00, run_after=2024-07-25T00:00:00+00:00
[2024-07-25T19:09:09.384+0000] {processor.py:176} INFO - Processing /opt/airflow/dags/parallel_dag.py took 0.102 seconds
[2024-07-25T19:09:39.480+0000] {processor.py:154} INFO - Started process (PID=647) to work on /opt/airflow/dags/parallel_dag.py
[2024-07-25T19:09:39.481+0000] {processor.py:756} INFO - Processing file /opt/airflow/dags/parallel_dag.py for tasks to queue
[2024-07-25T19:09:39.482+0000] {logging_mixin.py:120} INFO - [2024-07-25T19:09:39.482+0000] {dagbag.py:537} INFO - Filling up the DagBag from /opt/airflow/dags/parallel_dag.py
[2024-07-25T19:09:39.500+0000] {processor.py:766} INFO - DAG(s) dict_keys(['parallel_dag']) retrieved from /opt/airflow/dags/parallel_dag.py
[2024-07-25T19:09:39.537+0000] {logging_mixin.py:120} INFO - [2024-07-25T19:09:39.537+0000] {dag.py:2585} INFO - Sync 1 DAGs
[2024-07-25T19:09:39.563+0000] {logging_mixin.py:120} INFO - [2024-07-25T19:09:39.563+0000] {dag.py:3340} INFO - Setting next_dagrun for parallel_dag to 2024-07-24T00:00:00+00:00, run_after=2024-07-25T00:00:00+00:00
[2024-07-25T19:09:39.585+0000] {processor.py:176} INFO - Processing /opt/airflow/dags/parallel_dag.py took 0.108 seconds
[2024-07-25T19:10:09.605+0000] {processor.py:154} INFO - Started process (PID=675) to work on /opt/airflow/dags/parallel_dag.py
[2024-07-25T19:10:09.606+0000] {processor.py:756} INFO - Processing file /opt/airflow/dags/parallel_dag.py for tasks to queue
[2024-07-25T19:10:09.606+0000] {logging_mixin.py:120} INFO - [2024-07-25T19:10:09.606+0000] {dagbag.py:537} INFO - Filling up the DagBag from /opt/airflow/dags/parallel_dag.py
[2024-07-25T19:10:09.622+0000] {processor.py:766} INFO - DAG(s) dict_keys(['parallel_dag']) retrieved from /opt/airflow/dags/parallel_dag.py
[2024-07-25T19:10:09.657+0000] {logging_mixin.py:120} INFO - [2024-07-25T19:10:09.657+0000] {dag.py:2585} INFO - Sync 1 DAGs
[2024-07-25T19:10:09.681+0000] {logging_mixin.py:120} INFO - [2024-07-25T19:10:09.681+0000] {dag.py:3340} INFO - Setting next_dagrun for parallel_dag to 2024-07-24T00:00:00+00:00, run_after=2024-07-25T00:00:00+00:00
[2024-07-25T19:10:09.698+0000] {processor.py:176} INFO - Processing /opt/airflow/dags/parallel_dag.py took 0.096 seconds
[2024-07-25T19:10:39.913+0000] {processor.py:154} INFO - Started process (PID=715) to work on /opt/airflow/dags/parallel_dag.py
[2024-07-25T19:10:39.914+0000] {processor.py:756} INFO - Processing file /opt/airflow/dags/parallel_dag.py for tasks to queue
[2024-07-25T19:10:39.914+0000] {logging_mixin.py:120} INFO - [2024-07-25T19:10:39.914+0000] {dagbag.py:537} INFO - Filling up the DagBag from /opt/airflow/dags/parallel_dag.py
[2024-07-25T19:10:39.931+0000] {processor.py:766} INFO - DAG(s) dict_keys(['parallel_dag']) retrieved from /opt/airflow/dags/parallel_dag.py
[2024-07-25T19:10:39.964+0000] {logging_mixin.py:120} INFO - [2024-07-25T19:10:39.964+0000] {dag.py:2585} INFO - Sync 1 DAGs
[2024-07-25T19:10:39.987+0000] {logging_mixin.py:120} INFO - [2024-07-25T19:10:39.986+0000] {dag.py:3340} INFO - Setting next_dagrun for parallel_dag to 2024-07-24T00:00:00+00:00, run_after=2024-07-25T00:00:00+00:00
[2024-07-25T19:10:40.001+0000] {processor.py:176} INFO - Processing /opt/airflow/dags/parallel_dag.py took 0.092 seconds
[2024-07-25T19:11:10.501+0000] {processor.py:154} INFO - Started process (PID=755) to work on /opt/airflow/dags/parallel_dag.py
[2024-07-25T19:11:10.503+0000] {processor.py:756} INFO - Processing file /opt/airflow/dags/parallel_dag.py for tasks to queue
[2024-07-25T19:11:10.504+0000] {logging_mixin.py:120} INFO - [2024-07-25T19:11:10.504+0000] {dagbag.py:537} INFO - Filling up the DagBag from /opt/airflow/dags/parallel_dag.py
[2024-07-25T19:11:10.520+0000] {processor.py:766} INFO - DAG(s) dict_keys(['parallel_dag']) retrieved from /opt/airflow/dags/parallel_dag.py
[2024-07-25T19:11:10.554+0000] {logging_mixin.py:120} INFO - [2024-07-25T19:11:10.554+0000] {dag.py:2585} INFO - Sync 1 DAGs
[2024-07-25T19:11:10.577+0000] {logging_mixin.py:120} INFO - [2024-07-25T19:11:10.577+0000] {dag.py:3340} INFO - Setting next_dagrun for parallel_dag to 2024-07-24T00:00:00+00:00, run_after=2024-07-25T00:00:00+00:00
[2024-07-25T19:11:10.592+0000] {processor.py:176} INFO - Processing /opt/airflow/dags/parallel_dag.py took 0.094 seconds
[2024-07-25T19:11:40.636+0000] {processor.py:154} INFO - Started process (PID=795) to work on /opt/airflow/dags/parallel_dag.py
[2024-07-25T19:11:40.637+0000] {processor.py:756} INFO - Processing file /opt/airflow/dags/parallel_dag.py for tasks to queue
[2024-07-25T19:11:40.638+0000] {logging_mixin.py:120} INFO - [2024-07-25T19:11:40.637+0000] {dagbag.py:537} INFO - Filling up the DagBag from /opt/airflow/dags/parallel_dag.py
[2024-07-25T19:11:40.654+0000] {processor.py:766} INFO - DAG(s) dict_keys(['parallel_dag']) retrieved from /opt/airflow/dags/parallel_dag.py
[2024-07-25T19:11:40.687+0000] {logging_mixin.py:120} INFO - [2024-07-25T19:11:40.687+0000] {dag.py:2585} INFO - Sync 1 DAGs
[2024-07-25T19:11:40.710+0000] {logging_mixin.py:120} INFO - [2024-07-25T19:11:40.710+0000] {dag.py:3340} INFO - Setting next_dagrun for parallel_dag to 2024-07-24T00:00:00+00:00, run_after=2024-07-25T00:00:00+00:00
[2024-07-25T19:11:40.726+0000] {processor.py:176} INFO - Processing /opt/airflow/dags/parallel_dag.py took 0.093 seconds
[2024-07-25T19:12:10.864+0000] {processor.py:154} INFO - Started process (PID=826) to work on /opt/airflow/dags/parallel_dag.py
[2024-07-25T19:12:10.865+0000] {processor.py:756} INFO - Processing file /opt/airflow/dags/parallel_dag.py for tasks to queue
[2024-07-25T19:12:10.865+0000] {logging_mixin.py:120} INFO - [2024-07-25T19:12:10.865+0000] {dagbag.py:537} INFO - Filling up the DagBag from /opt/airflow/dags/parallel_dag.py
[2024-07-25T19:12:10.885+0000] {processor.py:766} INFO - DAG(s) dict_keys(['parallel_dag']) retrieved from /opt/airflow/dags/parallel_dag.py
[2024-07-25T19:12:10.918+0000] {logging_mixin.py:120} INFO - [2024-07-25T19:12:10.918+0000] {dag.py:2585} INFO - Sync 1 DAGs
[2024-07-25T19:12:10.941+0000] {logging_mixin.py:120} INFO - [2024-07-25T19:12:10.940+0000] {dag.py:3340} INFO - Setting next_dagrun for parallel_dag to 2024-07-24T00:00:00+00:00, run_after=2024-07-25T00:00:00+00:00
[2024-07-25T19:12:10.957+0000] {processor.py:176} INFO - Processing /opt/airflow/dags/parallel_dag.py took 0.096 seconds
[2024-07-25T19:12:41.649+0000] {processor.py:154} INFO - Started process (PID=866) to work on /opt/airflow/dags/parallel_dag.py
[2024-07-25T19:12:41.649+0000] {processor.py:756} INFO - Processing file /opt/airflow/dags/parallel_dag.py for tasks to queue
[2024-07-25T19:12:41.650+0000] {logging_mixin.py:120} INFO - [2024-07-25T19:12:41.650+0000] {dagbag.py:537} INFO - Filling up the DagBag from /opt/airflow/dags/parallel_dag.py
[2024-07-25T19:12:41.668+0000] {processor.py:766} INFO - DAG(s) dict_keys(['parallel_dag']) retrieved from /opt/airflow/dags/parallel_dag.py
[2024-07-25T19:12:41.700+0000] {logging_mixin.py:120} INFO - [2024-07-25T19:12:41.700+0000] {dag.py:2585} INFO - Sync 1 DAGs
[2024-07-25T19:12:41.725+0000] {logging_mixin.py:120} INFO - [2024-07-25T19:12:41.725+0000] {dag.py:3340} INFO - Setting next_dagrun for parallel_dag to 2024-07-24T00:00:00+00:00, run_after=2024-07-25T00:00:00+00:00
[2024-07-25T19:12:41.741+0000] {processor.py:176} INFO - Processing /opt/airflow/dags/parallel_dag.py took 0.096 seconds
[2024-07-25T19:13:12.430+0000] {processor.py:154} INFO - Started process (PID=906) to work on /opt/airflow/dags/parallel_dag.py
[2024-07-25T19:13:12.431+0000] {processor.py:756} INFO - Processing file /opt/airflow/dags/parallel_dag.py for tasks to queue
[2024-07-25T19:13:12.432+0000] {logging_mixin.py:120} INFO - [2024-07-25T19:13:12.432+0000] {dagbag.py:537} INFO - Filling up the DagBag from /opt/airflow/dags/parallel_dag.py
[2024-07-25T19:13:12.449+0000] {processor.py:766} INFO - DAG(s) dict_keys(['parallel_dag']) retrieved from /opt/airflow/dags/parallel_dag.py
[2024-07-25T19:13:12.487+0000] {logging_mixin.py:120} INFO - [2024-07-25T19:13:12.487+0000] {dag.py:2585} INFO - Sync 1 DAGs
[2024-07-25T19:13:12.513+0000] {logging_mixin.py:120} INFO - [2024-07-25T19:13:12.513+0000] {dag.py:3340} INFO - Setting next_dagrun for parallel_dag to 2024-07-24T00:00:00+00:00, run_after=2024-07-25T00:00:00+00:00
[2024-07-25T19:13:12.531+0000] {processor.py:176} INFO - Processing /opt/airflow/dags/parallel_dag.py took 0.104 seconds
[2024-07-25T19:13:43.235+0000] {processor.py:154} INFO - Started process (PID=946) to work on /opt/airflow/dags/parallel_dag.py
[2024-07-25T19:13:43.236+0000] {processor.py:756} INFO - Processing file /opt/airflow/dags/parallel_dag.py for tasks to queue
[2024-07-25T19:13:43.237+0000] {logging_mixin.py:120} INFO - [2024-07-25T19:13:43.237+0000] {dagbag.py:537} INFO - Filling up the DagBag from /opt/airflow/dags/parallel_dag.py
[2024-07-25T19:13:43.254+0000] {processor.py:766} INFO - DAG(s) dict_keys(['parallel_dag']) retrieved from /opt/airflow/dags/parallel_dag.py
[2024-07-25T19:13:43.287+0000] {logging_mixin.py:120} INFO - [2024-07-25T19:13:43.287+0000] {dag.py:2585} INFO - Sync 1 DAGs
[2024-07-25T19:13:43.310+0000] {logging_mixin.py:120} INFO - [2024-07-25T19:13:43.310+0000] {dag.py:3340} INFO - Setting next_dagrun for parallel_dag to 2024-07-24T00:00:00+00:00, run_after=2024-07-25T00:00:00+00:00
[2024-07-25T19:13:43.326+0000] {processor.py:176} INFO - Processing /opt/airflow/dags/parallel_dag.py took 0.094 seconds
[2024-07-25T19:14:14.032+0000] {processor.py:154} INFO - Started process (PID=984) to work on /opt/airflow/dags/parallel_dag.py
[2024-07-25T19:14:14.033+0000] {processor.py:756} INFO - Processing file /opt/airflow/dags/parallel_dag.py for tasks to queue
[2024-07-25T19:14:14.033+0000] {logging_mixin.py:120} INFO - [2024-07-25T19:14:14.033+0000] {dagbag.py:537} INFO - Filling up the DagBag from /opt/airflow/dags/parallel_dag.py
[2024-07-25T19:14:14.052+0000] {processor.py:766} INFO - DAG(s) dict_keys(['parallel_dag']) retrieved from /opt/airflow/dags/parallel_dag.py
[2024-07-25T19:14:14.086+0000] {logging_mixin.py:120} INFO - [2024-07-25T19:14:14.086+0000] {dag.py:2585} INFO - Sync 1 DAGs
[2024-07-25T19:14:14.110+0000] {logging_mixin.py:120} INFO - [2024-07-25T19:14:14.109+0000] {dag.py:3340} INFO - Setting next_dagrun for parallel_dag to 2024-07-24T00:00:00+00:00, run_after=2024-07-25T00:00:00+00:00
[2024-07-25T19:14:14.126+0000] {processor.py:176} INFO - Processing /opt/airflow/dags/parallel_dag.py took 0.097 seconds
[2024-07-25T19:14:44.839+0000] {processor.py:154} INFO - Started process (PID=1017) to work on /opt/airflow/dags/parallel_dag.py
[2024-07-25T19:14:44.840+0000] {processor.py:756} INFO - Processing file /opt/airflow/dags/parallel_dag.py for tasks to queue
[2024-07-25T19:14:44.841+0000] {logging_mixin.py:120} INFO - [2024-07-25T19:14:44.841+0000] {dagbag.py:537} INFO - Filling up the DagBag from /opt/airflow/dags/parallel_dag.py
[2024-07-25T19:14:44.857+0000] {processor.py:766} INFO - DAG(s) dict_keys(['parallel_dag']) retrieved from /opt/airflow/dags/parallel_dag.py
[2024-07-25T19:14:44.900+0000] {logging_mixin.py:120} INFO - [2024-07-25T19:14:44.900+0000] {dag.py:2585} INFO - Sync 1 DAGs
[2024-07-25T19:14:44.927+0000] {logging_mixin.py:120} INFO - [2024-07-25T19:14:44.927+0000] {dag.py:3340} INFO - Setting next_dagrun for parallel_dag to 2024-07-24T00:00:00+00:00, run_after=2024-07-25T00:00:00+00:00
[2024-07-25T19:14:44.945+0000] {processor.py:176} INFO - Processing /opt/airflow/dags/parallel_dag.py took 0.109 seconds
[2024-07-25T19:15:15.679+0000] {processor.py:154} INFO - Started process (PID=1057) to work on /opt/airflow/dags/parallel_dag.py
[2024-07-25T19:15:15.680+0000] {processor.py:756} INFO - Processing file /opt/airflow/dags/parallel_dag.py for tasks to queue
[2024-07-25T19:15:15.681+0000] {logging_mixin.py:120} INFO - [2024-07-25T19:15:15.681+0000] {dagbag.py:537} INFO - Filling up the DagBag from /opt/airflow/dags/parallel_dag.py
[2024-07-25T19:15:15.697+0000] {processor.py:766} INFO - DAG(s) dict_keys(['parallel_dag']) retrieved from /opt/airflow/dags/parallel_dag.py
[2024-07-25T19:15:15.734+0000] {logging_mixin.py:120} INFO - [2024-07-25T19:15:15.734+0000] {dag.py:2585} INFO - Sync 1 DAGs
[2024-07-25T19:15:15.758+0000] {logging_mixin.py:120} INFO - [2024-07-25T19:15:15.757+0000] {dag.py:3340} INFO - Setting next_dagrun for parallel_dag to 2024-07-24T00:00:00+00:00, run_after=2024-07-25T00:00:00+00:00
[2024-07-25T19:15:15.776+0000] {processor.py:176} INFO - Processing /opt/airflow/dags/parallel_dag.py took 0.101 seconds
[2024-07-25T19:15:46.471+0000] {processor.py:154} INFO - Started process (PID=1097) to work on /opt/airflow/dags/parallel_dag.py
[2024-07-25T19:15:46.472+0000] {processor.py:756} INFO - Processing file /opt/airflow/dags/parallel_dag.py for tasks to queue
[2024-07-25T19:15:46.473+0000] {logging_mixin.py:120} INFO - [2024-07-25T19:15:46.473+0000] {dagbag.py:537} INFO - Filling up the DagBag from /opt/airflow/dags/parallel_dag.py
[2024-07-25T19:15:46.489+0000] {processor.py:766} INFO - DAG(s) dict_keys(['parallel_dag']) retrieved from /opt/airflow/dags/parallel_dag.py
[2024-07-25T19:15:46.523+0000] {logging_mixin.py:120} INFO - [2024-07-25T19:15:46.523+0000] {dag.py:2585} INFO - Sync 1 DAGs
[2024-07-25T19:15:46.546+0000] {logging_mixin.py:120} INFO - [2024-07-25T19:15:46.546+0000] {dag.py:3340} INFO - Setting next_dagrun for parallel_dag to 2024-07-24T00:00:00+00:00, run_after=2024-07-25T00:00:00+00:00
[2024-07-25T19:15:46.560+0000] {processor.py:176} INFO - Processing /opt/airflow/dags/parallel_dag.py took 0.092 seconds
[2024-07-25T19:16:17.217+0000] {processor.py:154} INFO - Started process (PID=1137) to work on /opt/airflow/dags/parallel_dag.py
[2024-07-25T19:16:17.218+0000] {processor.py:756} INFO - Processing file /opt/airflow/dags/parallel_dag.py for tasks to queue
[2024-07-25T19:16:17.218+0000] {logging_mixin.py:120} INFO - [2024-07-25T19:16:17.218+0000] {dagbag.py:537} INFO - Filling up the DagBag from /opt/airflow/dags/parallel_dag.py
[2024-07-25T19:16:17.235+0000] {processor.py:766} INFO - DAG(s) dict_keys(['parallel_dag']) retrieved from /opt/airflow/dags/parallel_dag.py
[2024-07-25T19:16:17.269+0000] {logging_mixin.py:120} INFO - [2024-07-25T19:16:17.269+0000] {dag.py:2585} INFO - Sync 1 DAGs
[2024-07-25T19:16:17.293+0000] {logging_mixin.py:120} INFO - [2024-07-25T19:16:17.292+0000] {dag.py:3340} INFO - Setting next_dagrun for parallel_dag to 2024-07-24T00:00:00+00:00, run_after=2024-07-25T00:00:00+00:00
[2024-07-25T19:16:17.306+0000] {processor.py:176} INFO - Processing /opt/airflow/dags/parallel_dag.py took 0.093 seconds
[2024-07-25T19:16:48.038+0000] {processor.py:154} INFO - Started process (PID=1177) to work on /opt/airflow/dags/parallel_dag.py
[2024-07-25T19:16:48.039+0000] {processor.py:756} INFO - Processing file /opt/airflow/dags/parallel_dag.py for tasks to queue
[2024-07-25T19:16:48.040+0000] {logging_mixin.py:120} INFO - [2024-07-25T19:16:48.039+0000] {dagbag.py:537} INFO - Filling up the DagBag from /opt/airflow/dags/parallel_dag.py
[2024-07-25T19:16:48.056+0000] {processor.py:766} INFO - DAG(s) dict_keys(['parallel_dag']) retrieved from /opt/airflow/dags/parallel_dag.py
[2024-07-25T19:16:48.090+0000] {logging_mixin.py:120} INFO - [2024-07-25T19:16:48.090+0000] {dag.py:2585} INFO - Sync 1 DAGs
[2024-07-25T19:16:48.115+0000] {logging_mixin.py:120} INFO - [2024-07-25T19:16:48.114+0000] {dag.py:3340} INFO - Setting next_dagrun for parallel_dag to 2024-07-24T00:00:00+00:00, run_after=2024-07-25T00:00:00+00:00
[2024-07-25T19:16:48.130+0000] {processor.py:176} INFO - Processing /opt/airflow/dags/parallel_dag.py took 0.095 seconds
[2024-07-25T19:17:18.278+0000] {processor.py:154} INFO - Started process (PID=1208) to work on /opt/airflow/dags/parallel_dag.py
[2024-07-25T19:17:18.279+0000] {processor.py:756} INFO - Processing file /opt/airflow/dags/parallel_dag.py for tasks to queue
[2024-07-25T19:17:18.280+0000] {logging_mixin.py:120} INFO - [2024-07-25T19:17:18.280+0000] {dagbag.py:537} INFO - Filling up the DagBag from /opt/airflow/dags/parallel_dag.py
[2024-07-25T19:17:18.297+0000] {processor.py:766} INFO - DAG(s) dict_keys(['parallel_dag']) retrieved from /opt/airflow/dags/parallel_dag.py
[2024-07-25T19:17:18.332+0000] {logging_mixin.py:120} INFO - [2024-07-25T19:17:18.331+0000] {dag.py:2585} INFO - Sync 1 DAGs
[2024-07-25T19:17:18.354+0000] {logging_mixin.py:120} INFO - [2024-07-25T19:17:18.354+0000] {dag.py:3340} INFO - Setting next_dagrun for parallel_dag to 2024-07-24T00:00:00+00:00, run_after=2024-07-25T00:00:00+00:00
[2024-07-25T19:17:18.368+0000] {processor.py:176} INFO - Processing /opt/airflow/dags/parallel_dag.py took 0.093 seconds
[2024-07-25T19:17:49.164+0000] {processor.py:154} INFO - Started process (PID=1248) to work on /opt/airflow/dags/parallel_dag.py
[2024-07-25T19:17:49.165+0000] {processor.py:756} INFO - Processing file /opt/airflow/dags/parallel_dag.py for tasks to queue
[2024-07-25T19:17:49.166+0000] {logging_mixin.py:120} INFO - [2024-07-25T19:17:49.166+0000] {dagbag.py:537} INFO - Filling up the DagBag from /opt/airflow/dags/parallel_dag.py
[2024-07-25T19:17:49.185+0000] {processor.py:766} INFO - DAG(s) dict_keys(['parallel_dag']) retrieved from /opt/airflow/dags/parallel_dag.py
[2024-07-25T19:17:49.218+0000] {logging_mixin.py:120} INFO - [2024-07-25T19:17:49.218+0000] {dag.py:2585} INFO - Sync 1 DAGs
[2024-07-25T19:17:49.240+0000] {logging_mixin.py:120} INFO - [2024-07-25T19:17:49.240+0000] {dag.py:3340} INFO - Setting next_dagrun for parallel_dag to 2024-07-24T00:00:00+00:00, run_after=2024-07-25T00:00:00+00:00
[2024-07-25T19:17:49.255+0000] {processor.py:176} INFO - Processing /opt/airflow/dags/parallel_dag.py took 0.093 seconds
[2024-07-25T19:18:19.987+0000] {processor.py:154} INFO - Started process (PID=1288) to work on /opt/airflow/dags/parallel_dag.py
[2024-07-25T19:18:19.988+0000] {processor.py:756} INFO - Processing file /opt/airflow/dags/parallel_dag.py for tasks to queue
[2024-07-25T19:18:19.989+0000] {logging_mixin.py:120} INFO - [2024-07-25T19:18:19.989+0000] {dagbag.py:537} INFO - Filling up the DagBag from /opt/airflow/dags/parallel_dag.py
[2024-07-25T19:18:20.006+0000] {processor.py:766} INFO - DAG(s) dict_keys(['parallel_dag']) retrieved from /opt/airflow/dags/parallel_dag.py
[2024-07-25T19:18:20.043+0000] {logging_mixin.py:120} INFO - [2024-07-25T19:18:20.043+0000] {dag.py:2585} INFO - Sync 1 DAGs
[2024-07-25T19:18:20.065+0000] {logging_mixin.py:120} INFO - [2024-07-25T19:18:20.064+0000] {dag.py:3340} INFO - Setting next_dagrun for parallel_dag to 2024-07-24T00:00:00+00:00, run_after=2024-07-25T00:00:00+00:00
[2024-07-25T19:18:20.085+0000] {processor.py:176} INFO - Processing /opt/airflow/dags/parallel_dag.py took 0.101 seconds
[2024-07-25T19:18:50.727+0000] {processor.py:154} INFO - Started process (PID=1328) to work on /opt/airflow/dags/parallel_dag.py
[2024-07-25T19:18:50.728+0000] {processor.py:756} INFO - Processing file /opt/airflow/dags/parallel_dag.py for tasks to queue
[2024-07-25T19:18:50.729+0000] {logging_mixin.py:120} INFO - [2024-07-25T19:18:50.729+0000] {dagbag.py:537} INFO - Filling up the DagBag from /opt/airflow/dags/parallel_dag.py
[2024-07-25T19:18:50.746+0000] {processor.py:766} INFO - DAG(s) dict_keys(['parallel_dag']) retrieved from /opt/airflow/dags/parallel_dag.py
[2024-07-25T19:18:50.777+0000] {logging_mixin.py:120} INFO - [2024-07-25T19:18:50.777+0000] {dag.py:2585} INFO - Sync 1 DAGs
[2024-07-25T19:18:50.800+0000] {logging_mixin.py:120} INFO - [2024-07-25T19:18:50.800+0000] {dag.py:3340} INFO - Setting next_dagrun for parallel_dag to 2024-07-24T00:00:00+00:00, run_after=2024-07-25T00:00:00+00:00
[2024-07-25T19:18:50.815+0000] {processor.py:176} INFO - Processing /opt/airflow/dags/parallel_dag.py took 0.091 seconds
[2024-07-25T19:19:21.535+0000] {processor.py:154} INFO - Started process (PID=1368) to work on /opt/airflow/dags/parallel_dag.py
[2024-07-25T19:19:21.539+0000] {processor.py:756} INFO - Processing file /opt/airflow/dags/parallel_dag.py for tasks to queue
[2024-07-25T19:19:21.540+0000] {logging_mixin.py:120} INFO - [2024-07-25T19:19:21.539+0000] {dagbag.py:537} INFO - Filling up the DagBag from /opt/airflow/dags/parallel_dag.py
[2024-07-25T19:19:21.560+0000] {processor.py:766} INFO - DAG(s) dict_keys(['parallel_dag']) retrieved from /opt/airflow/dags/parallel_dag.py
[2024-07-25T19:19:21.594+0000] {logging_mixin.py:120} INFO - [2024-07-25T19:19:21.594+0000] {dag.py:2585} INFO - Sync 1 DAGs
[2024-07-25T19:19:21.618+0000] {logging_mixin.py:120} INFO - [2024-07-25T19:19:21.618+0000] {dag.py:3340} INFO - Setting next_dagrun for parallel_dag to 2024-07-24T00:00:00+00:00, run_after=2024-07-25T00:00:00+00:00
[2024-07-25T19:19:21.634+0000] {processor.py:176} INFO - Processing /opt/airflow/dags/parallel_dag.py took 0.102 seconds
[2024-07-25T19:19:51.674+0000] {processor.py:154} INFO - Started process (PID=1399) to work on /opt/airflow/dags/parallel_dag.py
[2024-07-25T19:19:51.675+0000] {processor.py:756} INFO - Processing file /opt/airflow/dags/parallel_dag.py for tasks to queue
[2024-07-25T19:19:51.676+0000] {logging_mixin.py:120} INFO - [2024-07-25T19:19:51.675+0000] {dagbag.py:537} INFO - Filling up the DagBag from /opt/airflow/dags/parallel_dag.py
[2024-07-25T19:19:51.692+0000] {processor.py:766} INFO - DAG(s) dict_keys(['parallel_dag']) retrieved from /opt/airflow/dags/parallel_dag.py
[2024-07-25T19:19:51.725+0000] {logging_mixin.py:120} INFO - [2024-07-25T19:19:51.725+0000] {dag.py:2585} INFO - Sync 1 DAGs
[2024-07-25T19:19:51.748+0000] {logging_mixin.py:120} INFO - [2024-07-25T19:19:51.747+0000] {dag.py:3340} INFO - Setting next_dagrun for parallel_dag to 2024-07-24T00:00:00+00:00, run_after=2024-07-25T00:00:00+00:00
[2024-07-25T19:19:51.762+0000] {processor.py:176} INFO - Processing /opt/airflow/dags/parallel_dag.py took 0.092 seconds
[2024-07-25T19:20:22.443+0000] {processor.py:154} INFO - Started process (PID=1439) to work on /opt/airflow/dags/parallel_dag.py
[2024-07-25T19:20:22.444+0000] {processor.py:756} INFO - Processing file /opt/airflow/dags/parallel_dag.py for tasks to queue
[2024-07-25T19:20:22.445+0000] {logging_mixin.py:120} INFO - [2024-07-25T19:20:22.445+0000] {dagbag.py:537} INFO - Filling up the DagBag from /opt/airflow/dags/parallel_dag.py
[2024-07-25T19:20:22.462+0000] {processor.py:766} INFO - DAG(s) dict_keys(['parallel_dag']) retrieved from /opt/airflow/dags/parallel_dag.py
[2024-07-25T19:20:22.495+0000] {logging_mixin.py:120} INFO - [2024-07-25T19:20:22.495+0000] {dag.py:2585} INFO - Sync 1 DAGs
[2024-07-25T19:20:22.519+0000] {logging_mixin.py:120} INFO - [2024-07-25T19:20:22.518+0000] {dag.py:3340} INFO - Setting next_dagrun for parallel_dag to 2024-07-24T00:00:00+00:00, run_after=2024-07-25T00:00:00+00:00
[2024-07-25T19:20:22.532+0000] {processor.py:176} INFO - Processing /opt/airflow/dags/parallel_dag.py took 0.092 seconds
[2024-07-25T19:20:53.298+0000] {processor.py:154} INFO - Started process (PID=1479) to work on /opt/airflow/dags/parallel_dag.py
[2024-07-25T19:20:53.299+0000] {processor.py:756} INFO - Processing file /opt/airflow/dags/parallel_dag.py for tasks to queue
[2024-07-25T19:20:53.300+0000] {logging_mixin.py:120} INFO - [2024-07-25T19:20:53.300+0000] {dagbag.py:537} INFO - Filling up the DagBag from /opt/airflow/dags/parallel_dag.py
[2024-07-25T19:20:53.321+0000] {processor.py:766} INFO - DAG(s) dict_keys(['parallel_dag']) retrieved from /opt/airflow/dags/parallel_dag.py
[2024-07-25T19:20:53.377+0000] {logging_mixin.py:120} INFO - [2024-07-25T19:20:53.377+0000] {dag.py:2585} INFO - Sync 1 DAGs
[2024-07-25T19:20:53.410+0000] {logging_mixin.py:120} INFO - [2024-07-25T19:20:53.409+0000] {dag.py:3340} INFO - Setting next_dagrun for parallel_dag to 2024-07-24T00:00:00+00:00, run_after=2024-07-25T00:00:00+00:00
[2024-07-25T19:20:53.427+0000] {processor.py:176} INFO - Processing /opt/airflow/dags/parallel_dag.py took 0.132 seconds
[2024-07-25T19:21:24.131+0000] {processor.py:154} INFO - Started process (PID=1519) to work on /opt/airflow/dags/parallel_dag.py
[2024-07-25T19:21:24.132+0000] {processor.py:756} INFO - Processing file /opt/airflow/dags/parallel_dag.py for tasks to queue
[2024-07-25T19:21:24.133+0000] {logging_mixin.py:120} INFO - [2024-07-25T19:21:24.133+0000] {dagbag.py:537} INFO - Filling up the DagBag from /opt/airflow/dags/parallel_dag.py
[2024-07-25T19:21:24.149+0000] {processor.py:766} INFO - DAG(s) dict_keys(['parallel_dag']) retrieved from /opt/airflow/dags/parallel_dag.py
[2024-07-25T19:21:24.183+0000] {logging_mixin.py:120} INFO - [2024-07-25T19:21:24.183+0000] {dag.py:2585} INFO - Sync 1 DAGs
[2024-07-25T19:21:24.210+0000] {logging_mixin.py:120} INFO - [2024-07-25T19:21:24.210+0000] {dag.py:3340} INFO - Setting next_dagrun for parallel_dag to 2024-07-24T00:00:00+00:00, run_after=2024-07-25T00:00:00+00:00
[2024-07-25T19:21:24.224+0000] {processor.py:176} INFO - Processing /opt/airflow/dags/parallel_dag.py took 0.096 seconds
[2024-07-25T19:21:55.203+0000] {processor.py:154} INFO - Started process (PID=1557) to work on /opt/airflow/dags/parallel_dag.py
[2024-07-25T19:21:55.204+0000] {processor.py:756} INFO - Processing file /opt/airflow/dags/parallel_dag.py for tasks to queue
[2024-07-25T19:21:55.205+0000] {logging_mixin.py:120} INFO - [2024-07-25T19:21:55.205+0000] {dagbag.py:537} INFO - Filling up the DagBag from /opt/airflow/dags/parallel_dag.py
[2024-07-25T19:21:55.227+0000] {processor.py:766} INFO - DAG(s) dict_keys(['parallel_dag']) retrieved from /opt/airflow/dags/parallel_dag.py
[2024-07-25T19:21:55.268+0000] {logging_mixin.py:120} INFO - [2024-07-25T19:21:55.268+0000] {dag.py:2585} INFO - Sync 1 DAGs
[2024-07-25T19:21:55.297+0000] {logging_mixin.py:120} INFO - [2024-07-25T19:21:55.296+0000] {dag.py:3340} INFO - Setting next_dagrun for parallel_dag to 2024-07-24T00:00:00+00:00, run_after=2024-07-25T00:00:00+00:00
[2024-07-25T19:21:55.316+0000] {processor.py:176} INFO - Processing /opt/airflow/dags/parallel_dag.py took 0.118 seconds
[2024-07-25T19:22:25.470+0000] {processor.py:154} INFO - Started process (PID=1591) to work on /opt/airflow/dags/parallel_dag.py
[2024-07-25T19:22:25.471+0000] {processor.py:756} INFO - Processing file /opt/airflow/dags/parallel_dag.py for tasks to queue
[2024-07-25T19:22:25.472+0000] {logging_mixin.py:120} INFO - [2024-07-25T19:22:25.472+0000] {dagbag.py:537} INFO - Filling up the DagBag from /opt/airflow/dags/parallel_dag.py
[2024-07-25T19:22:25.498+0000] {processor.py:766} INFO - DAG(s) dict_keys(['parallel_dag']) retrieved from /opt/airflow/dags/parallel_dag.py
[2024-07-25T19:22:25.554+0000] {logging_mixin.py:120} INFO - [2024-07-25T19:22:25.553+0000] {dag.py:2585} INFO - Sync 1 DAGs
[2024-07-25T19:22:25.600+0000] {logging_mixin.py:120} INFO - [2024-07-25T19:22:25.599+0000] {dag.py:3340} INFO - Setting next_dagrun for parallel_dag to 2024-07-24T00:00:00+00:00, run_after=2024-07-25T00:00:00+00:00
[2024-07-25T19:22:25.627+0000] {processor.py:176} INFO - Processing /opt/airflow/dags/parallel_dag.py took 0.163 seconds
[2024-07-25T19:22:56.278+0000] {processor.py:154} INFO - Started process (PID=1631) to work on /opt/airflow/dags/parallel_dag.py
[2024-07-25T19:22:56.279+0000] {processor.py:756} INFO - Processing file /opt/airflow/dags/parallel_dag.py for tasks to queue
[2024-07-25T19:22:56.280+0000] {logging_mixin.py:120} INFO - [2024-07-25T19:22:56.280+0000] {dagbag.py:537} INFO - Filling up the DagBag from /opt/airflow/dags/parallel_dag.py
[2024-07-25T19:22:56.301+0000] {processor.py:766} INFO - DAG(s) dict_keys(['parallel_dag']) retrieved from /opt/airflow/dags/parallel_dag.py
[2024-07-25T19:22:56.335+0000] {logging_mixin.py:120} INFO - [2024-07-25T19:22:56.335+0000] {dag.py:2585} INFO - Sync 1 DAGs
[2024-07-25T19:22:56.359+0000] {logging_mixin.py:120} INFO - [2024-07-25T19:22:56.359+0000] {dag.py:3340} INFO - Setting next_dagrun for parallel_dag to 2024-07-24T00:00:00+00:00, run_after=2024-07-25T00:00:00+00:00
[2024-07-25T19:22:56.381+0000] {processor.py:176} INFO - Processing /opt/airflow/dags/parallel_dag.py took 0.106 seconds
[2024-07-25T19:23:26.554+0000] {processor.py:154} INFO - Started process (PID=1671) to work on /opt/airflow/dags/parallel_dag.py
[2024-07-25T19:23:26.556+0000] {processor.py:756} INFO - Processing file /opt/airflow/dags/parallel_dag.py for tasks to queue
[2024-07-25T19:23:26.560+0000] {logging_mixin.py:120} INFO - [2024-07-25T19:23:26.559+0000] {dagbag.py:537} INFO - Filling up the DagBag from /opt/airflow/dags/parallel_dag.py
[2024-07-25T19:23:26.601+0000] {processor.py:766} INFO - DAG(s) dict_keys(['parallel_dag']) retrieved from /opt/airflow/dags/parallel_dag.py
[2024-07-25T19:23:26.668+0000] {logging_mixin.py:120} INFO - [2024-07-25T19:23:26.667+0000] {dag.py:2585} INFO - Sync 1 DAGs
[2024-07-25T19:23:26.710+0000] {logging_mixin.py:120} INFO - [2024-07-25T19:23:26.710+0000] {dag.py:3340} INFO - Setting next_dagrun for parallel_dag to 2024-07-24T00:00:00+00:00, run_after=2024-07-25T00:00:00+00:00
[2024-07-25T19:23:26.736+0000] {processor.py:176} INFO - Processing /opt/airflow/dags/parallel_dag.py took 0.190 seconds
[2024-07-25T19:23:57.006+0000] {processor.py:154} INFO - Started process (PID=1702) to work on /opt/airflow/dags/parallel_dag.py
[2024-07-25T19:23:57.007+0000] {processor.py:756} INFO - Processing file /opt/airflow/dags/parallel_dag.py for tasks to queue
[2024-07-25T19:23:57.008+0000] {logging_mixin.py:120} INFO - [2024-07-25T19:23:57.008+0000] {dagbag.py:537} INFO - Filling up the DagBag from /opt/airflow/dags/parallel_dag.py
[2024-07-25T19:23:57.025+0000] {processor.py:766} INFO - DAG(s) dict_keys(['parallel_dag']) retrieved from /opt/airflow/dags/parallel_dag.py
[2024-07-25T19:23:57.058+0000] {logging_mixin.py:120} INFO - [2024-07-25T19:23:57.057+0000] {dag.py:2585} INFO - Sync 1 DAGs
[2024-07-25T19:23:57.080+0000] {logging_mixin.py:120} INFO - [2024-07-25T19:23:57.080+0000] {dag.py:3340} INFO - Setting next_dagrun for parallel_dag to 2024-07-24T00:00:00+00:00, run_after=2024-07-25T00:00:00+00:00
[2024-07-25T19:23:57.095+0000] {processor.py:176} INFO - Processing /opt/airflow/dags/parallel_dag.py took 0.092 seconds
[2024-07-25T19:24:27.848+0000] {processor.py:154} INFO - Started process (PID=1742) to work on /opt/airflow/dags/parallel_dag.py
[2024-07-25T19:24:27.849+0000] {processor.py:756} INFO - Processing file /opt/airflow/dags/parallel_dag.py for tasks to queue
[2024-07-25T19:24:27.850+0000] {logging_mixin.py:120} INFO - [2024-07-25T19:24:27.850+0000] {dagbag.py:537} INFO - Filling up the DagBag from /opt/airflow/dags/parallel_dag.py
[2024-07-25T19:24:27.869+0000] {processor.py:766} INFO - DAG(s) dict_keys(['parallel_dag']) retrieved from /opt/airflow/dags/parallel_dag.py
[2024-07-25T19:24:27.905+0000] {logging_mixin.py:120} INFO - [2024-07-25T19:24:27.905+0000] {dag.py:2585} INFO - Sync 1 DAGs
[2024-07-25T19:24:27.928+0000] {logging_mixin.py:120} INFO - [2024-07-25T19:24:27.928+0000] {dag.py:3340} INFO - Setting next_dagrun for parallel_dag to 2024-07-24T00:00:00+00:00, run_after=2024-07-25T00:00:00+00:00
[2024-07-25T19:24:27.943+0000] {processor.py:176} INFO - Processing /opt/airflow/dags/parallel_dag.py took 0.098 seconds
[2024-07-25T19:24:58.608+0000] {processor.py:154} INFO - Started process (PID=1782) to work on /opt/airflow/dags/parallel_dag.py
[2024-07-25T19:24:58.609+0000] {processor.py:756} INFO - Processing file /opt/airflow/dags/parallel_dag.py for tasks to queue
[2024-07-25T19:24:58.610+0000] {logging_mixin.py:120} INFO - [2024-07-25T19:24:58.609+0000] {dagbag.py:537} INFO - Filling up the DagBag from /opt/airflow/dags/parallel_dag.py
[2024-07-25T19:24:58.626+0000] {processor.py:766} INFO - DAG(s) dict_keys(['parallel_dag']) retrieved from /opt/airflow/dags/parallel_dag.py
[2024-07-25T19:24:58.659+0000] {logging_mixin.py:120} INFO - [2024-07-25T19:24:58.659+0000] {dag.py:2585} INFO - Sync 1 DAGs
[2024-07-25T19:24:58.684+0000] {logging_mixin.py:120} INFO - [2024-07-25T19:24:58.684+0000] {dag.py:3340} INFO - Setting next_dagrun for parallel_dag to 2024-07-24T00:00:00+00:00, run_after=2024-07-25T00:00:00+00:00
[2024-07-25T19:24:58.703+0000] {processor.py:176} INFO - Processing /opt/airflow/dags/parallel_dag.py took 0.098 seconds
[2024-07-25T19:25:29.379+0000] {processor.py:154} INFO - Started process (PID=1822) to work on /opt/airflow/dags/parallel_dag.py
[2024-07-25T19:25:29.380+0000] {processor.py:756} INFO - Processing file /opt/airflow/dags/parallel_dag.py for tasks to queue
[2024-07-25T19:25:29.382+0000] {logging_mixin.py:120} INFO - [2024-07-25T19:25:29.382+0000] {dagbag.py:537} INFO - Filling up the DagBag from /opt/airflow/dags/parallel_dag.py
[2024-07-25T19:25:29.399+0000] {processor.py:766} INFO - DAG(s) dict_keys(['parallel_dag']) retrieved from /opt/airflow/dags/parallel_dag.py
[2024-07-25T19:25:29.434+0000] {logging_mixin.py:120} INFO - [2024-07-25T19:25:29.433+0000] {dag.py:2585} INFO - Sync 1 DAGs
[2024-07-25T19:25:29.457+0000] {logging_mixin.py:120} INFO - [2024-07-25T19:25:29.457+0000] {dag.py:3340} INFO - Setting next_dagrun for parallel_dag to 2024-07-24T00:00:00+00:00, run_after=2024-07-25T00:00:00+00:00
[2024-07-25T19:25:29.474+0000] {processor.py:176} INFO - Processing /opt/airflow/dags/parallel_dag.py took 0.098 seconds
[2024-07-25T19:25:59.556+0000] {processor.py:154} INFO - Started process (PID=1860) to work on /opt/airflow/dags/parallel_dag.py
[2024-07-25T19:25:59.557+0000] {processor.py:756} INFO - Processing file /opt/airflow/dags/parallel_dag.py for tasks to queue
[2024-07-25T19:25:59.558+0000] {logging_mixin.py:120} INFO - [2024-07-25T19:25:59.558+0000] {dagbag.py:537} INFO - Filling up the DagBag from /opt/airflow/dags/parallel_dag.py
[2024-07-25T19:25:59.577+0000] {processor.py:766} INFO - DAG(s) dict_keys(['parallel_dag']) retrieved from /opt/airflow/dags/parallel_dag.py
[2024-07-25T19:25:59.612+0000] {logging_mixin.py:120} INFO - [2024-07-25T19:25:59.612+0000] {dag.py:2585} INFO - Sync 1 DAGs
[2024-07-25T19:25:59.636+0000] {logging_mixin.py:120} INFO - [2024-07-25T19:25:59.636+0000] {dag.py:3340} INFO - Setting next_dagrun for parallel_dag to 2024-07-24T00:00:00+00:00, run_after=2024-07-25T00:00:00+00:00
[2024-07-25T19:25:59.653+0000] {processor.py:176} INFO - Processing /opt/airflow/dags/parallel_dag.py took 0.100 seconds
[2024-07-25T19:26:30.408+0000] {processor.py:154} INFO - Started process (PID=1893) to work on /opt/airflow/dags/parallel_dag.py
[2024-07-25T19:26:30.408+0000] {processor.py:756} INFO - Processing file /opt/airflow/dags/parallel_dag.py for tasks to queue
[2024-07-25T19:26:30.409+0000] {logging_mixin.py:120} INFO - [2024-07-25T19:26:30.409+0000] {dagbag.py:537} INFO - Filling up the DagBag from /opt/airflow/dags/parallel_dag.py
[2024-07-25T19:26:30.428+0000] {processor.py:766} INFO - DAG(s) dict_keys(['parallel_dag']) retrieved from /opt/airflow/dags/parallel_dag.py
[2024-07-25T19:26:30.463+0000] {logging_mixin.py:120} INFO - [2024-07-25T19:26:30.463+0000] {dag.py:2585} INFO - Sync 1 DAGs
[2024-07-25T19:26:30.488+0000] {logging_mixin.py:120} INFO - [2024-07-25T19:26:30.488+0000] {dag.py:3340} INFO - Setting next_dagrun for parallel_dag to 2024-07-24T00:00:00+00:00, run_after=2024-07-25T00:00:00+00:00
[2024-07-25T19:26:30.504+0000] {processor.py:176} INFO - Processing /opt/airflow/dags/parallel_dag.py took 0.100 seconds
[2024-07-25T19:27:01.311+0000] {processor.py:154} INFO - Started process (PID=1933) to work on /opt/airflow/dags/parallel_dag.py
[2024-07-25T19:27:01.312+0000] {processor.py:756} INFO - Processing file /opt/airflow/dags/parallel_dag.py for tasks to queue
[2024-07-25T19:27:01.313+0000] {logging_mixin.py:120} INFO - [2024-07-25T19:27:01.313+0000] {dagbag.py:537} INFO - Filling up the DagBag from /opt/airflow/dags/parallel_dag.py
[2024-07-25T19:27:01.329+0000] {processor.py:766} INFO - DAG(s) dict_keys(['parallel_dag']) retrieved from /opt/airflow/dags/parallel_dag.py
[2024-07-25T19:27:01.362+0000] {logging_mixin.py:120} INFO - [2024-07-25T19:27:01.362+0000] {dag.py:2585} INFO - Sync 1 DAGs
[2024-07-25T19:27:01.387+0000] {logging_mixin.py:120} INFO - [2024-07-25T19:27:01.387+0000] {dag.py:3340} INFO - Setting next_dagrun for parallel_dag to 2024-07-24T00:00:00+00:00, run_after=2024-07-25T00:00:00+00:00
[2024-07-25T19:27:01.401+0000] {processor.py:176} INFO - Processing /opt/airflow/dags/parallel_dag.py took 0.093 seconds
[2024-07-25T19:27:32.104+0000] {processor.py:154} INFO - Started process (PID=1973) to work on /opt/airflow/dags/parallel_dag.py
[2024-07-25T19:27:32.105+0000] {processor.py:756} INFO - Processing file /opt/airflow/dags/parallel_dag.py for tasks to queue
[2024-07-25T19:27:32.106+0000] {logging_mixin.py:120} INFO - [2024-07-25T19:27:32.106+0000] {dagbag.py:537} INFO - Filling up the DagBag from /opt/airflow/dags/parallel_dag.py
[2024-07-25T19:27:32.123+0000] {processor.py:766} INFO - DAG(s) dict_keys(['parallel_dag']) retrieved from /opt/airflow/dags/parallel_dag.py
[2024-07-25T19:27:32.158+0000] {logging_mixin.py:120} INFO - [2024-07-25T19:27:32.158+0000] {dag.py:2585} INFO - Sync 1 DAGs
[2024-07-25T19:27:32.183+0000] {logging_mixin.py:120} INFO - [2024-07-25T19:27:32.183+0000] {dag.py:3340} INFO - Setting next_dagrun for parallel_dag to 2024-07-24T00:00:00+00:00, run_after=2024-07-25T00:00:00+00:00
[2024-07-25T19:27:32.198+0000] {processor.py:176} INFO - Processing /opt/airflow/dags/parallel_dag.py took 0.096 seconds
[2024-07-25T19:28:02.323+0000] {processor.py:154} INFO - Started process (PID=2013) to work on /opt/airflow/dags/parallel_dag.py
[2024-07-25T19:28:02.324+0000] {processor.py:756} INFO - Processing file /opt/airflow/dags/parallel_dag.py for tasks to queue
[2024-07-25T19:28:02.325+0000] {logging_mixin.py:120} INFO - [2024-07-25T19:28:02.324+0000] {dagbag.py:537} INFO - Filling up the DagBag from /opt/airflow/dags/parallel_dag.py
[2024-07-25T19:28:02.341+0000] {processor.py:766} INFO - DAG(s) dict_keys(['parallel_dag']) retrieved from /opt/airflow/dags/parallel_dag.py
[2024-07-25T19:28:02.374+0000] {logging_mixin.py:120} INFO - [2024-07-25T19:28:02.374+0000] {dag.py:2585} INFO - Sync 1 DAGs
[2024-07-25T19:28:02.400+0000] {logging_mixin.py:120} INFO - [2024-07-25T19:28:02.400+0000] {dag.py:3340} INFO - Setting next_dagrun for parallel_dag to 2024-07-24T00:00:00+00:00, run_after=2024-07-25T00:00:00+00:00
[2024-07-25T19:28:02.414+0000] {processor.py:176} INFO - Processing /opt/airflow/dags/parallel_dag.py took 0.094 seconds
[2024-07-25T19:28:32.543+0000] {processor.py:154} INFO - Started process (PID=2044) to work on /opt/airflow/dags/parallel_dag.py
[2024-07-25T19:28:32.544+0000] {processor.py:756} INFO - Processing file /opt/airflow/dags/parallel_dag.py for tasks to queue
[2024-07-25T19:28:32.545+0000] {logging_mixin.py:120} INFO - [2024-07-25T19:28:32.545+0000] {dagbag.py:537} INFO - Filling up the DagBag from /opt/airflow/dags/parallel_dag.py
[2024-07-25T19:28:32.562+0000] {processor.py:766} INFO - DAG(s) dict_keys(['parallel_dag']) retrieved from /opt/airflow/dags/parallel_dag.py
[2024-07-25T19:28:32.596+0000] {logging_mixin.py:120} INFO - [2024-07-25T19:28:32.596+0000] {dag.py:2585} INFO - Sync 1 DAGs
[2024-07-25T19:28:32.619+0000] {logging_mixin.py:120} INFO - [2024-07-25T19:28:32.619+0000] {dag.py:3340} INFO - Setting next_dagrun for parallel_dag to 2024-07-24T00:00:00+00:00, run_after=2024-07-25T00:00:00+00:00
[2024-07-25T19:28:32.634+0000] {processor.py:176} INFO - Processing /opt/airflow/dags/parallel_dag.py took 0.094 seconds
[2024-07-25T19:29:03.345+0000] {processor.py:154} INFO - Started process (PID=2084) to work on /opt/airflow/dags/parallel_dag.py
[2024-07-25T19:29:03.346+0000] {processor.py:756} INFO - Processing file /opt/airflow/dags/parallel_dag.py for tasks to queue
[2024-07-25T19:29:03.347+0000] {logging_mixin.py:120} INFO - [2024-07-25T19:29:03.347+0000] {dagbag.py:537} INFO - Filling up the DagBag from /opt/airflow/dags/parallel_dag.py
[2024-07-25T19:29:03.364+0000] {processor.py:766} INFO - DAG(s) dict_keys(['parallel_dag']) retrieved from /opt/airflow/dags/parallel_dag.py
[2024-07-25T19:29:03.400+0000] {logging_mixin.py:120} INFO - [2024-07-25T19:29:03.400+0000] {dag.py:2585} INFO - Sync 1 DAGs
[2024-07-25T19:29:03.424+0000] {logging_mixin.py:120} INFO - [2024-07-25T19:29:03.424+0000] {dag.py:3340} INFO - Setting next_dagrun for parallel_dag to 2024-07-24T00:00:00+00:00, run_after=2024-07-25T00:00:00+00:00
[2024-07-25T19:29:03.440+0000] {processor.py:176} INFO - Processing /opt/airflow/dags/parallel_dag.py took 0.098 seconds
[2024-07-25T19:29:34.144+0000] {processor.py:154} INFO - Started process (PID=2123) to work on /opt/airflow/dags/parallel_dag.py
[2024-07-25T19:29:34.145+0000] {processor.py:756} INFO - Processing file /opt/airflow/dags/parallel_dag.py for tasks to queue
[2024-07-25T19:29:34.146+0000] {logging_mixin.py:120} INFO - [2024-07-25T19:29:34.146+0000] {dagbag.py:537} INFO - Filling up the DagBag from /opt/airflow/dags/parallel_dag.py
[2024-07-25T19:29:34.163+0000] {processor.py:766} INFO - DAG(s) dict_keys(['parallel_dag']) retrieved from /opt/airflow/dags/parallel_dag.py
[2024-07-25T19:29:34.196+0000] {logging_mixin.py:120} INFO - [2024-07-25T19:29:34.195+0000] {dag.py:2585} INFO - Sync 1 DAGs
[2024-07-25T19:29:34.222+0000] {logging_mixin.py:120} INFO - [2024-07-25T19:29:34.222+0000] {dag.py:3340} INFO - Setting next_dagrun for parallel_dag to 2024-07-24T00:00:00+00:00, run_after=2024-07-25T00:00:00+00:00
[2024-07-25T19:29:34.236+0000] {processor.py:176} INFO - Processing /opt/airflow/dags/parallel_dag.py took 0.095 seconds
[2024-07-25T19:30:04.930+0000] {processor.py:154} INFO - Started process (PID=2163) to work on /opt/airflow/dags/parallel_dag.py
[2024-07-25T19:30:04.931+0000] {processor.py:756} INFO - Processing file /opt/airflow/dags/parallel_dag.py for tasks to queue
[2024-07-25T19:30:04.932+0000] {logging_mixin.py:120} INFO - [2024-07-25T19:30:04.932+0000] {dagbag.py:537} INFO - Filling up the DagBag from /opt/airflow/dags/parallel_dag.py
[2024-07-25T19:30:04.949+0000] {processor.py:766} INFO - DAG(s) dict_keys(['parallel_dag']) retrieved from /opt/airflow/dags/parallel_dag.py
[2024-07-25T19:30:04.981+0000] {logging_mixin.py:120} INFO - [2024-07-25T19:30:04.981+0000] {dag.py:2585} INFO - Sync 1 DAGs
[2024-07-25T19:30:05.006+0000] {logging_mixin.py:120} INFO - [2024-07-25T19:30:05.005+0000] {dag.py:3340} INFO - Setting next_dagrun for parallel_dag to 2024-07-24T00:00:00+00:00, run_after=2024-07-25T00:00:00+00:00
[2024-07-25T19:30:05.021+0000] {processor.py:176} INFO - Processing /opt/airflow/dags/parallel_dag.py took 0.094 seconds
[2024-07-25T19:30:35.128+0000] {processor.py:154} INFO - Started process (PID=2203) to work on /opt/airflow/dags/parallel_dag.py
[2024-07-25T19:30:35.129+0000] {processor.py:756} INFO - Processing file /opt/airflow/dags/parallel_dag.py for tasks to queue
[2024-07-25T19:30:35.130+0000] {logging_mixin.py:120} INFO - [2024-07-25T19:30:35.130+0000] {dagbag.py:537} INFO - Filling up the DagBag from /opt/airflow/dags/parallel_dag.py
[2024-07-25T19:30:35.147+0000] {processor.py:766} INFO - DAG(s) dict_keys(['parallel_dag']) retrieved from /opt/airflow/dags/parallel_dag.py
[2024-07-25T19:30:35.181+0000] {logging_mixin.py:120} INFO - [2024-07-25T19:30:35.181+0000] {dag.py:2585} INFO - Sync 1 DAGs
[2024-07-25T19:30:35.205+0000] {logging_mixin.py:120} INFO - [2024-07-25T19:30:35.205+0000] {dag.py:3340} INFO - Setting next_dagrun for parallel_dag to 2024-07-24T00:00:00+00:00, run_after=2024-07-25T00:00:00+00:00
[2024-07-25T19:30:35.221+0000] {processor.py:176} INFO - Processing /opt/airflow/dags/parallel_dag.py took 0.096 seconds
[2024-07-25T19:31:05.333+0000] {processor.py:154} INFO - Started process (PID=2234) to work on /opt/airflow/dags/parallel_dag.py
[2024-07-25T19:31:05.334+0000] {processor.py:756} INFO - Processing file /opt/airflow/dags/parallel_dag.py for tasks to queue
[2024-07-25T19:31:05.335+0000] {logging_mixin.py:120} INFO - [2024-07-25T19:31:05.335+0000] {dagbag.py:537} INFO - Filling up the DagBag from /opt/airflow/dags/parallel_dag.py
[2024-07-25T19:31:05.352+0000] {processor.py:766} INFO - DAG(s) dict_keys(['parallel_dag']) retrieved from /opt/airflow/dags/parallel_dag.py
[2024-07-25T19:31:05.389+0000] {logging_mixin.py:120} INFO - [2024-07-25T19:31:05.389+0000] {dag.py:2585} INFO - Sync 1 DAGs
[2024-07-25T19:31:05.412+0000] {logging_mixin.py:120} INFO - [2024-07-25T19:31:05.412+0000] {dag.py:3340} INFO - Setting next_dagrun for parallel_dag to 2024-07-24T00:00:00+00:00, run_after=2024-07-25T00:00:00+00:00
[2024-07-25T19:31:05.426+0000] {processor.py:176} INFO - Processing /opt/airflow/dags/parallel_dag.py took 0.096 seconds
[2024-07-25T19:31:36.147+0000] {processor.py:154} INFO - Started process (PID=2274) to work on /opt/airflow/dags/parallel_dag.py
[2024-07-25T19:31:36.148+0000] {processor.py:756} INFO - Processing file /opt/airflow/dags/parallel_dag.py for tasks to queue
[2024-07-25T19:31:36.148+0000] {logging_mixin.py:120} INFO - [2024-07-25T19:31:36.148+0000] {dagbag.py:537} INFO - Filling up the DagBag from /opt/airflow/dags/parallel_dag.py
[2024-07-25T19:31:36.168+0000] {processor.py:766} INFO - DAG(s) dict_keys(['parallel_dag']) retrieved from /opt/airflow/dags/parallel_dag.py
[2024-07-25T19:31:36.208+0000] {logging_mixin.py:120} INFO - [2024-07-25T19:31:36.208+0000] {dag.py:2585} INFO - Sync 1 DAGs
[2024-07-25T19:31:36.231+0000] {logging_mixin.py:120} INFO - [2024-07-25T19:31:36.231+0000] {dag.py:3340} INFO - Setting next_dagrun for parallel_dag to 2024-07-24T00:00:00+00:00, run_after=2024-07-25T00:00:00+00:00
[2024-07-25T19:31:36.247+0000] {processor.py:176} INFO - Processing /opt/airflow/dags/parallel_dag.py took 0.103 seconds
[2024-07-25T19:32:06.951+0000] {processor.py:154} INFO - Started process (PID=2314) to work on /opt/airflow/dags/parallel_dag.py
[2024-07-25T19:32:06.951+0000] {processor.py:756} INFO - Processing file /opt/airflow/dags/parallel_dag.py for tasks to queue
[2024-07-25T19:32:06.952+0000] {logging_mixin.py:120} INFO - [2024-07-25T19:32:06.952+0000] {dagbag.py:537} INFO - Filling up the DagBag from /opt/airflow/dags/parallel_dag.py
[2024-07-25T19:32:06.968+0000] {processor.py:766} INFO - DAG(s) dict_keys(['parallel_dag']) retrieved from /opt/airflow/dags/parallel_dag.py
[2024-07-25T19:32:07.000+0000] {logging_mixin.py:120} INFO - [2024-07-25T19:32:07.000+0000] {dag.py:2585} INFO - Sync 1 DAGs
[2024-07-25T19:32:07.026+0000] {logging_mixin.py:120} INFO - [2024-07-25T19:32:07.026+0000] {dag.py:3340} INFO - Setting next_dagrun for parallel_dag to 2024-07-24T00:00:00+00:00, run_after=2024-07-25T00:00:00+00:00
[2024-07-25T19:32:07.043+0000] {processor.py:176} INFO - Processing /opt/airflow/dags/parallel_dag.py took 0.095 seconds
[2024-07-25T19:32:37.722+0000] {processor.py:154} INFO - Started process (PID=2354) to work on /opt/airflow/dags/parallel_dag.py
[2024-07-25T19:32:37.723+0000] {processor.py:756} INFO - Processing file /opt/airflow/dags/parallel_dag.py for tasks to queue
[2024-07-25T19:32:37.724+0000] {logging_mixin.py:120} INFO - [2024-07-25T19:32:37.724+0000] {dagbag.py:537} INFO - Filling up the DagBag from /opt/airflow/dags/parallel_dag.py
[2024-07-25T19:32:37.740+0000] {processor.py:766} INFO - DAG(s) dict_keys(['parallel_dag']) retrieved from /opt/airflow/dags/parallel_dag.py
[2024-07-25T19:32:37.773+0000] {logging_mixin.py:120} INFO - [2024-07-25T19:32:37.773+0000] {dag.py:2585} INFO - Sync 1 DAGs
[2024-07-25T19:32:37.798+0000] {logging_mixin.py:120} INFO - [2024-07-25T19:32:37.798+0000] {dag.py:3340} INFO - Setting next_dagrun for parallel_dag to 2024-07-24T00:00:00+00:00, run_after=2024-07-25T00:00:00+00:00
[2024-07-25T19:32:37.813+0000] {processor.py:176} INFO - Processing /opt/airflow/dags/parallel_dag.py took 0.094 seconds
[2024-07-25T19:33:07.998+0000] {processor.py:154} INFO - Started process (PID=2384) to work on /opt/airflow/dags/parallel_dag.py
[2024-07-25T19:33:07.999+0000] {processor.py:756} INFO - Processing file /opt/airflow/dags/parallel_dag.py for tasks to queue
[2024-07-25T19:33:08.000+0000] {logging_mixin.py:120} INFO - [2024-07-25T19:33:08.000+0000] {dagbag.py:537} INFO - Filling up the DagBag from /opt/airflow/dags/parallel_dag.py
[2024-07-25T19:33:08.017+0000] {processor.py:766} INFO - DAG(s) dict_keys(['parallel_dag']) retrieved from /opt/airflow/dags/parallel_dag.py
[2024-07-25T19:33:08.049+0000] {logging_mixin.py:120} INFO - [2024-07-25T19:33:08.049+0000] {dag.py:2585} INFO - Sync 1 DAGs
[2024-07-25T19:33:08.073+0000] {logging_mixin.py:120} INFO - [2024-07-25T19:33:08.073+0000] {dag.py:3340} INFO - Setting next_dagrun for parallel_dag to 2024-07-24T00:00:00+00:00, run_after=2024-07-25T00:00:00+00:00
[2024-07-25T19:33:08.087+0000] {processor.py:176} INFO - Processing /opt/airflow/dags/parallel_dag.py took 0.092 seconds
[2024-07-25T19:33:38.209+0000] {processor.py:154} INFO - Started process (PID=2424) to work on /opt/airflow/dags/parallel_dag.py
[2024-07-25T19:33:38.210+0000] {processor.py:756} INFO - Processing file /opt/airflow/dags/parallel_dag.py for tasks to queue
[2024-07-25T19:33:38.211+0000] {logging_mixin.py:120} INFO - [2024-07-25T19:33:38.211+0000] {dagbag.py:537} INFO - Filling up the DagBag from /opt/airflow/dags/parallel_dag.py
[2024-07-25T19:33:38.229+0000] {processor.py:766} INFO - DAG(s) dict_keys(['parallel_dag']) retrieved from /opt/airflow/dags/parallel_dag.py
[2024-07-25T19:33:38.263+0000] {logging_mixin.py:120} INFO - [2024-07-25T19:33:38.263+0000] {dag.py:2585} INFO - Sync 1 DAGs
[2024-07-25T19:33:38.287+0000] {logging_mixin.py:120} INFO - [2024-07-25T19:33:38.286+0000] {dag.py:3340} INFO - Setting next_dagrun for parallel_dag to 2024-07-24T00:00:00+00:00, run_after=2024-07-25T00:00:00+00:00
[2024-07-25T19:33:38.302+0000] {processor.py:176} INFO - Processing /opt/airflow/dags/parallel_dag.py took 0.097 seconds
[2024-07-25T19:34:08.984+0000] {processor.py:154} INFO - Started process (PID=2464) to work on /opt/airflow/dags/parallel_dag.py
[2024-07-25T19:34:08.984+0000] {processor.py:756} INFO - Processing file /opt/airflow/dags/parallel_dag.py for tasks to queue
[2024-07-25T19:34:08.988+0000] {logging_mixin.py:120} INFO - [2024-07-25T19:34:08.988+0000] {dagbag.py:537} INFO - Filling up the DagBag from /opt/airflow/dags/parallel_dag.py
[2024-07-25T19:34:09.006+0000] {processor.py:766} INFO - DAG(s) dict_keys(['parallel_dag']) retrieved from /opt/airflow/dags/parallel_dag.py
[2024-07-25T19:34:09.041+0000] {logging_mixin.py:120} INFO - [2024-07-25T19:34:09.041+0000] {dag.py:2585} INFO - Sync 1 DAGs
[2024-07-25T19:34:09.063+0000] {logging_mixin.py:120} INFO - [2024-07-25T19:34:09.063+0000] {dag.py:3340} INFO - Setting next_dagrun for parallel_dag to 2024-07-24T00:00:00+00:00, run_after=2024-07-25T00:00:00+00:00
[2024-07-25T19:34:09.077+0000] {processor.py:176} INFO - Processing /opt/airflow/dags/parallel_dag.py took 0.097 seconds
[2024-07-25T19:34:39.783+0000] {processor.py:154} INFO - Started process (PID=2503) to work on /opt/airflow/dags/parallel_dag.py
[2024-07-25T19:34:39.783+0000] {processor.py:756} INFO - Processing file /opt/airflow/dags/parallel_dag.py for tasks to queue
[2024-07-25T19:34:39.784+0000] {logging_mixin.py:120} INFO - [2024-07-25T19:34:39.784+0000] {dagbag.py:537} INFO - Filling up the DagBag from /opt/airflow/dags/parallel_dag.py
[2024-07-25T19:34:39.801+0000] {processor.py:766} INFO - DAG(s) dict_keys(['parallel_dag']) retrieved from /opt/airflow/dags/parallel_dag.py
[2024-07-25T19:34:39.834+0000] {logging_mixin.py:120} INFO - [2024-07-25T19:34:39.834+0000] {dag.py:2585} INFO - Sync 1 DAGs
[2024-07-25T19:34:39.857+0000] {logging_mixin.py:120} INFO - [2024-07-25T19:34:39.857+0000] {dag.py:3340} INFO - Setting next_dagrun for parallel_dag to 2024-07-24T00:00:00+00:00, run_after=2024-07-25T00:00:00+00:00
[2024-07-25T19:34:39.872+0000] {processor.py:176} INFO - Processing /opt/airflow/dags/parallel_dag.py took 0.093 seconds
[2024-07-25T19:35:10.545+0000] {processor.py:154} INFO - Started process (PID=2543) to work on /opt/airflow/dags/parallel_dag.py
[2024-07-25T19:35:10.546+0000] {processor.py:756} INFO - Processing file /opt/airflow/dags/parallel_dag.py for tasks to queue
[2024-07-25T19:35:10.546+0000] {logging_mixin.py:120} INFO - [2024-07-25T19:35:10.546+0000] {dagbag.py:537} INFO - Filling up the DagBag from /opt/airflow/dags/parallel_dag.py
[2024-07-25T19:35:10.563+0000] {processor.py:766} INFO - DAG(s) dict_keys(['parallel_dag']) retrieved from /opt/airflow/dags/parallel_dag.py
[2024-07-25T19:35:10.595+0000] {logging_mixin.py:120} INFO - [2024-07-25T19:35:10.595+0000] {dag.py:2585} INFO - Sync 1 DAGs
[2024-07-25T19:35:10.617+0000] {logging_mixin.py:120} INFO - [2024-07-25T19:35:10.617+0000] {dag.py:3340} INFO - Setting next_dagrun for parallel_dag to 2024-07-24T00:00:00+00:00, run_after=2024-07-25T00:00:00+00:00
[2024-07-25T19:35:10.631+0000] {processor.py:176} INFO - Processing /opt/airflow/dags/parallel_dag.py took 0.089 seconds
[2024-07-25T19:35:41.317+0000] {processor.py:154} INFO - Started process (PID=2574) to work on /opt/airflow/dags/parallel_dag.py
[2024-07-25T19:35:41.318+0000] {processor.py:756} INFO - Processing file /opt/airflow/dags/parallel_dag.py for tasks to queue
[2024-07-25T19:35:41.319+0000] {logging_mixin.py:120} INFO - [2024-07-25T19:35:41.319+0000] {dagbag.py:537} INFO - Filling up the DagBag from /opt/airflow/dags/parallel_dag.py
[2024-07-25T19:35:41.335+0000] {processor.py:766} INFO - DAG(s) dict_keys(['parallel_dag']) retrieved from /opt/airflow/dags/parallel_dag.py
[2024-07-25T19:35:41.370+0000] {logging_mixin.py:120} INFO - [2024-07-25T19:35:41.370+0000] {dag.py:2585} INFO - Sync 1 DAGs
[2024-07-25T19:35:41.393+0000] {logging_mixin.py:120} INFO - [2024-07-25T19:35:41.393+0000] {dag.py:3340} INFO - Setting next_dagrun for parallel_dag to 2024-07-24T00:00:00+00:00, run_after=2024-07-25T00:00:00+00:00
[2024-07-25T19:35:41.408+0000] {processor.py:176} INFO - Processing /opt/airflow/dags/parallel_dag.py took 0.094 seconds
[2024-07-25T19:36:11.460+0000] {processor.py:154} INFO - Started process (PID=2614) to work on /opt/airflow/dags/parallel_dag.py
[2024-07-25T19:36:11.461+0000] {processor.py:756} INFO - Processing file /opt/airflow/dags/parallel_dag.py for tasks to queue
[2024-07-25T19:36:11.462+0000] {logging_mixin.py:120} INFO - [2024-07-25T19:36:11.462+0000] {dagbag.py:537} INFO - Filling up the DagBag from /opt/airflow/dags/parallel_dag.py
[2024-07-25T19:36:11.479+0000] {processor.py:766} INFO - DAG(s) dict_keys(['parallel_dag']) retrieved from /opt/airflow/dags/parallel_dag.py
[2024-07-25T19:36:11.516+0000] {logging_mixin.py:120} INFO - [2024-07-25T19:36:11.516+0000] {dag.py:2585} INFO - Sync 1 DAGs
[2024-07-25T19:36:11.540+0000] {logging_mixin.py:120} INFO - [2024-07-25T19:36:11.540+0000] {dag.py:3340} INFO - Setting next_dagrun for parallel_dag to 2024-07-24T00:00:00+00:00, run_after=2024-07-25T00:00:00+00:00
[2024-07-25T19:36:11.555+0000] {processor.py:176} INFO - Processing /opt/airflow/dags/parallel_dag.py took 0.098 seconds
[2024-07-25T19:36:42.217+0000] {processor.py:154} INFO - Started process (PID=2654) to work on /opt/airflow/dags/parallel_dag.py
[2024-07-25T19:36:42.218+0000] {processor.py:756} INFO - Processing file /opt/airflow/dags/parallel_dag.py for tasks to queue
[2024-07-25T19:36:42.218+0000] {logging_mixin.py:120} INFO - [2024-07-25T19:36:42.218+0000] {dagbag.py:537} INFO - Filling up the DagBag from /opt/airflow/dags/parallel_dag.py
[2024-07-25T19:36:42.235+0000] {processor.py:766} INFO - DAG(s) dict_keys(['parallel_dag']) retrieved from /opt/airflow/dags/parallel_dag.py
[2024-07-25T19:36:42.268+0000] {logging_mixin.py:120} INFO - [2024-07-25T19:36:42.268+0000] {dag.py:2585} INFO - Sync 1 DAGs
[2024-07-25T19:36:42.290+0000] {logging_mixin.py:120} INFO - [2024-07-25T19:36:42.290+0000] {dag.py:3340} INFO - Setting next_dagrun for parallel_dag to 2024-07-24T00:00:00+00:00, run_after=2024-07-25T00:00:00+00:00
[2024-07-25T19:36:42.304+0000] {processor.py:176} INFO - Processing /opt/airflow/dags/parallel_dag.py took 0.091 seconds
[2024-07-25T19:37:12.996+0000] {processor.py:154} INFO - Started process (PID=2694) to work on /opt/airflow/dags/parallel_dag.py
[2024-07-25T19:37:12.997+0000] {processor.py:756} INFO - Processing file /opt/airflow/dags/parallel_dag.py for tasks to queue
[2024-07-25T19:37:12.998+0000] {logging_mixin.py:120} INFO - [2024-07-25T19:37:12.998+0000] {dagbag.py:537} INFO - Filling up the DagBag from /opt/airflow/dags/parallel_dag.py
[2024-07-25T19:37:13.014+0000] {processor.py:766} INFO - DAG(s) dict_keys(['parallel_dag']) retrieved from /opt/airflow/dags/parallel_dag.py
[2024-07-25T19:37:13.048+0000] {logging_mixin.py:120} INFO - [2024-07-25T19:37:13.048+0000] {dag.py:2585} INFO - Sync 1 DAGs
[2024-07-25T19:37:13.074+0000] {logging_mixin.py:120} INFO - [2024-07-25T19:37:13.074+0000] {dag.py:3340} INFO - Setting next_dagrun for parallel_dag to 2024-07-24T00:00:00+00:00, run_after=2024-07-25T00:00:00+00:00
[2024-07-25T19:37:13.089+0000] {processor.py:176} INFO - Processing /opt/airflow/dags/parallel_dag.py took 0.095 seconds
[2024-07-25T19:37:43.850+0000] {processor.py:154} INFO - Started process (PID=2734) to work on /opt/airflow/dags/parallel_dag.py
[2024-07-25T19:37:43.851+0000] {processor.py:756} INFO - Processing file /opt/airflow/dags/parallel_dag.py for tasks to queue
[2024-07-25T19:37:43.852+0000] {logging_mixin.py:120} INFO - [2024-07-25T19:37:43.852+0000] {dagbag.py:537} INFO - Filling up the DagBag from /opt/airflow/dags/parallel_dag.py
[2024-07-25T19:37:43.871+0000] {processor.py:766} INFO - DAG(s) dict_keys(['parallel_dag']) retrieved from /opt/airflow/dags/parallel_dag.py
[2024-07-25T19:37:43.906+0000] {logging_mixin.py:120} INFO - [2024-07-25T19:37:43.905+0000] {dag.py:2585} INFO - Sync 1 DAGs
[2024-07-25T19:37:43.931+0000] {logging_mixin.py:120} INFO - [2024-07-25T19:37:43.931+0000] {dag.py:3340} INFO - Setting next_dagrun for parallel_dag to 2024-07-24T00:00:00+00:00, run_after=2024-07-25T00:00:00+00:00
[2024-07-25T19:37:43.949+0000] {processor.py:176} INFO - Processing /opt/airflow/dags/parallel_dag.py took 0.102 seconds
[2024-07-25T19:38:14.736+0000] {processor.py:154} INFO - Started process (PID=2764) to work on /opt/airflow/dags/parallel_dag.py
[2024-07-25T19:38:14.738+0000] {processor.py:756} INFO - Processing file /opt/airflow/dags/parallel_dag.py for tasks to queue
[2024-07-25T19:38:14.739+0000] {logging_mixin.py:120} INFO - [2024-07-25T19:38:14.739+0000] {dagbag.py:537} INFO - Filling up the DagBag from /opt/airflow/dags/parallel_dag.py
[2024-07-25T19:38:14.775+0000] {processor.py:766} INFO - DAG(s) dict_keys(['parallel_dag']) retrieved from /opt/airflow/dags/parallel_dag.py
[2024-07-25T19:38:14.820+0000] {logging_mixin.py:120} INFO - [2024-07-25T19:38:14.820+0000] {dag.py:2585} INFO - Sync 1 DAGs
[2024-07-25T19:38:14.848+0000] {logging_mixin.py:120} INFO - [2024-07-25T19:38:14.848+0000] {dag.py:3340} INFO - Setting next_dagrun for parallel_dag to 2024-07-24T00:00:00+00:00, run_after=2024-07-25T00:00:00+00:00
[2024-07-25T19:38:14.865+0000] {processor.py:176} INFO - Processing /opt/airflow/dags/parallel_dag.py took 0.135 seconds
[2024-07-25T19:38:45.805+0000] {processor.py:154} INFO - Started process (PID=2804) to work on /opt/airflow/dags/parallel_dag.py
[2024-07-25T19:38:45.807+0000] {processor.py:756} INFO - Processing file /opt/airflow/dags/parallel_dag.py for tasks to queue
[2024-07-25T19:38:45.808+0000] {logging_mixin.py:120} INFO - [2024-07-25T19:38:45.808+0000] {dagbag.py:537} INFO - Filling up the DagBag from /opt/airflow/dags/parallel_dag.py
[2024-07-25T19:38:45.824+0000] {processor.py:766} INFO - DAG(s) dict_keys(['parallel_dag']) retrieved from /opt/airflow/dags/parallel_dag.py
[2024-07-25T19:38:45.858+0000] {logging_mixin.py:120} INFO - [2024-07-25T19:38:45.858+0000] {dag.py:2585} INFO - Sync 1 DAGs
[2024-07-25T19:38:45.881+0000] {logging_mixin.py:120} INFO - [2024-07-25T19:38:45.881+0000] {dag.py:3340} INFO - Setting next_dagrun for parallel_dag to 2024-07-24T00:00:00+00:00, run_after=2024-07-25T00:00:00+00:00
[2024-07-25T19:38:45.896+0000] {processor.py:176} INFO - Processing /opt/airflow/dags/parallel_dag.py took 0.094 seconds
[2024-07-25T19:39:15.954+0000] {processor.py:154} INFO - Started process (PID=2844) to work on /opt/airflow/dags/parallel_dag.py
[2024-07-25T19:39:15.955+0000] {processor.py:756} INFO - Processing file /opt/airflow/dags/parallel_dag.py for tasks to queue
[2024-07-25T19:39:15.956+0000] {logging_mixin.py:120} INFO - [2024-07-25T19:39:15.956+0000] {dagbag.py:537} INFO - Filling up the DagBag from /opt/airflow/dags/parallel_dag.py
[2024-07-25T19:39:15.973+0000] {processor.py:766} INFO - DAG(s) dict_keys(['parallel_dag']) retrieved from /opt/airflow/dags/parallel_dag.py
[2024-07-25T19:39:16.011+0000] {logging_mixin.py:120} INFO - [2024-07-25T19:39:16.011+0000] {dag.py:2585} INFO - Sync 1 DAGs
[2024-07-25T19:39:16.034+0000] {logging_mixin.py:120} INFO - [2024-07-25T19:39:16.033+0000] {dag.py:3340} INFO - Setting next_dagrun for parallel_dag to 2024-07-24T00:00:00+00:00, run_after=2024-07-25T00:00:00+00:00
[2024-07-25T19:39:16.048+0000] {processor.py:176} INFO - Processing /opt/airflow/dags/parallel_dag.py took 0.097 seconds
[2024-07-25T19:39:46.777+0000] {processor.py:154} INFO - Started process (PID=2883) to work on /opt/airflow/dags/parallel_dag.py
[2024-07-25T19:39:46.778+0000] {processor.py:756} INFO - Processing file /opt/airflow/dags/parallel_dag.py for tasks to queue
[2024-07-25T19:39:46.779+0000] {logging_mixin.py:120} INFO - [2024-07-25T19:39:46.779+0000] {dagbag.py:537} INFO - Filling up the DagBag from /opt/airflow/dags/parallel_dag.py
[2024-07-25T19:39:46.795+0000] {processor.py:766} INFO - DAG(s) dict_keys(['parallel_dag']) retrieved from /opt/airflow/dags/parallel_dag.py
[2024-07-25T19:39:46.832+0000] {logging_mixin.py:120} INFO - [2024-07-25T19:39:46.832+0000] {dag.py:2585} INFO - Sync 1 DAGs
[2024-07-25T19:39:46.856+0000] {logging_mixin.py:120} INFO - [2024-07-25T19:39:46.856+0000] {dag.py:3340} INFO - Setting next_dagrun for parallel_dag to 2024-07-24T00:00:00+00:00, run_after=2024-07-25T00:00:00+00:00
[2024-07-25T19:39:46.871+0000] {processor.py:176} INFO - Processing /opt/airflow/dags/parallel_dag.py took 0.097 seconds
[2024-07-25T19:40:17.542+0000] {processor.py:154} INFO - Started process (PID=2914) to work on /opt/airflow/dags/parallel_dag.py
[2024-07-25T19:40:17.543+0000] {processor.py:756} INFO - Processing file /opt/airflow/dags/parallel_dag.py for tasks to queue
[2024-07-25T19:40:17.543+0000] {logging_mixin.py:120} INFO - [2024-07-25T19:40:17.543+0000] {dagbag.py:537} INFO - Filling up the DagBag from /opt/airflow/dags/parallel_dag.py
[2024-07-25T19:40:17.561+0000] {processor.py:766} INFO - DAG(s) dict_keys(['parallel_dag']) retrieved from /opt/airflow/dags/parallel_dag.py
[2024-07-25T19:40:17.600+0000] {logging_mixin.py:120} INFO - [2024-07-25T19:40:17.600+0000] {dag.py:2585} INFO - Sync 1 DAGs
[2024-07-25T19:40:17.624+0000] {logging_mixin.py:120} INFO - [2024-07-25T19:40:17.623+0000] {dag.py:3340} INFO - Setting next_dagrun for parallel_dag to 2024-07-24T00:00:00+00:00, run_after=2024-07-25T00:00:00+00:00
[2024-07-25T19:40:17.638+0000] {processor.py:176} INFO - Processing /opt/airflow/dags/parallel_dag.py took 0.100 seconds
[2024-07-25T19:40:48.328+0000] {processor.py:154} INFO - Started process (PID=2954) to work on /opt/airflow/dags/parallel_dag.py
[2024-07-25T19:40:48.329+0000] {processor.py:756} INFO - Processing file /opt/airflow/dags/parallel_dag.py for tasks to queue
[2024-07-25T19:40:48.331+0000] {logging_mixin.py:120} INFO - [2024-07-25T19:40:48.331+0000] {dagbag.py:537} INFO - Filling up the DagBag from /opt/airflow/dags/parallel_dag.py
[2024-07-25T19:40:48.347+0000] {processor.py:766} INFO - DAG(s) dict_keys(['parallel_dag']) retrieved from /opt/airflow/dags/parallel_dag.py
[2024-07-25T19:40:48.383+0000] {logging_mixin.py:120} INFO - [2024-07-25T19:40:48.382+0000] {dag.py:2585} INFO - Sync 1 DAGs
[2024-07-25T19:40:48.407+0000] {logging_mixin.py:120} INFO - [2024-07-25T19:40:48.407+0000] {dag.py:3340} INFO - Setting next_dagrun for parallel_dag to 2024-07-24T00:00:00+00:00, run_after=2024-07-25T00:00:00+00:00
[2024-07-25T19:40:48.421+0000] {processor.py:176} INFO - Processing /opt/airflow/dags/parallel_dag.py took 0.096 seconds
[2024-07-25T19:41:19.109+0000] {processor.py:154} INFO - Started process (PID=2994) to work on /opt/airflow/dags/parallel_dag.py
[2024-07-25T19:41:19.110+0000] {processor.py:756} INFO - Processing file /opt/airflow/dags/parallel_dag.py for tasks to queue
[2024-07-25T19:41:19.111+0000] {logging_mixin.py:120} INFO - [2024-07-25T19:41:19.111+0000] {dagbag.py:537} INFO - Filling up the DagBag from /opt/airflow/dags/parallel_dag.py
[2024-07-25T19:41:19.130+0000] {processor.py:766} INFO - DAG(s) dict_keys(['parallel_dag']) retrieved from /opt/airflow/dags/parallel_dag.py
[2024-07-25T19:41:19.172+0000] {logging_mixin.py:120} INFO - [2024-07-25T19:41:19.172+0000] {dag.py:2585} INFO - Sync 1 DAGs
[2024-07-25T19:41:19.197+0000] {logging_mixin.py:120} INFO - [2024-07-25T19:41:19.197+0000] {dag.py:3340} INFO - Setting next_dagrun for parallel_dag to 2024-07-24T00:00:00+00:00, run_after=2024-07-25T00:00:00+00:00
[2024-07-25T19:41:19.218+0000] {processor.py:176} INFO - Processing /opt/airflow/dags/parallel_dag.py took 0.112 seconds
[2024-07-25T19:41:49.285+0000] {processor.py:154} INFO - Started process (PID=3034) to work on /opt/airflow/dags/parallel_dag.py
[2024-07-25T19:41:49.286+0000] {processor.py:756} INFO - Processing file /opt/airflow/dags/parallel_dag.py for tasks to queue
[2024-07-25T19:41:49.287+0000] {logging_mixin.py:120} INFO - [2024-07-25T19:41:49.287+0000] {dagbag.py:537} INFO - Filling up the DagBag from /opt/airflow/dags/parallel_dag.py
[2024-07-25T19:41:49.305+0000] {processor.py:766} INFO - DAG(s) dict_keys(['parallel_dag']) retrieved from /opt/airflow/dags/parallel_dag.py
[2024-07-25T19:41:49.347+0000] {logging_mixin.py:120} INFO - [2024-07-25T19:41:49.347+0000] {dag.py:2585} INFO - Sync 1 DAGs
[2024-07-25T19:41:49.373+0000] {logging_mixin.py:120} INFO - [2024-07-25T19:41:49.373+0000] {dag.py:3340} INFO - Setting next_dagrun for parallel_dag to 2024-07-24T00:00:00+00:00, run_after=2024-07-25T00:00:00+00:00
[2024-07-25T19:41:49.392+0000] {processor.py:176} INFO - Processing /opt/airflow/dags/parallel_dag.py took 0.110 seconds
[2024-07-25T19:42:19.451+0000] {processor.py:154} INFO - Started process (PID=3074) to work on /opt/airflow/dags/parallel_dag.py
[2024-07-25T19:42:19.452+0000] {processor.py:756} INFO - Processing file /opt/airflow/dags/parallel_dag.py for tasks to queue
[2024-07-25T19:42:19.453+0000] {logging_mixin.py:120} INFO - [2024-07-25T19:42:19.453+0000] {dagbag.py:537} INFO - Filling up the DagBag from /opt/airflow/dags/parallel_dag.py
[2024-07-25T19:42:19.471+0000] {processor.py:766} INFO - DAG(s) dict_keys(['parallel_dag']) retrieved from /opt/airflow/dags/parallel_dag.py
[2024-07-25T19:42:19.509+0000] {logging_mixin.py:120} INFO - [2024-07-25T19:42:19.509+0000] {dag.py:2585} INFO - Sync 1 DAGs
[2024-07-25T19:42:19.533+0000] {logging_mixin.py:120} INFO - [2024-07-25T19:42:19.532+0000] {dag.py:3340} INFO - Setting next_dagrun for parallel_dag to 2024-07-24T00:00:00+00:00, run_after=2024-07-25T00:00:00+00:00
[2024-07-25T19:42:19.551+0000] {processor.py:176} INFO - Processing /opt/airflow/dags/parallel_dag.py took 0.103 seconds
[2024-07-25T19:42:50.286+0000] {processor.py:154} INFO - Started process (PID=3105) to work on /opt/airflow/dags/parallel_dag.py
[2024-07-25T19:42:50.287+0000] {processor.py:756} INFO - Processing file /opt/airflow/dags/parallel_dag.py for tasks to queue
[2024-07-25T19:42:50.288+0000] {logging_mixin.py:120} INFO - [2024-07-25T19:42:50.288+0000] {dagbag.py:537} INFO - Filling up the DagBag from /opt/airflow/dags/parallel_dag.py
[2024-07-25T19:42:50.307+0000] {processor.py:766} INFO - DAG(s) dict_keys(['parallel_dag']) retrieved from /opt/airflow/dags/parallel_dag.py
[2024-07-25T19:42:50.350+0000] {logging_mixin.py:120} INFO - [2024-07-25T19:42:50.349+0000] {dag.py:2585} INFO - Sync 1 DAGs
[2024-07-25T19:42:50.374+0000] {logging_mixin.py:120} INFO - [2024-07-25T19:42:50.374+0000] {dag.py:3340} INFO - Setting next_dagrun for parallel_dag to 2024-07-24T00:00:00+00:00, run_after=2024-07-25T00:00:00+00:00
[2024-07-25T19:42:50.396+0000] {processor.py:176} INFO - Processing /opt/airflow/dags/parallel_dag.py took 0.114 seconds
[2024-07-25T19:43:21.083+0000] {processor.py:154} INFO - Started process (PID=3145) to work on /opt/airflow/dags/parallel_dag.py
[2024-07-25T19:43:21.088+0000] {processor.py:756} INFO - Processing file /opt/airflow/dags/parallel_dag.py for tasks to queue
[2024-07-25T19:43:21.088+0000] {logging_mixin.py:120} INFO - [2024-07-25T19:43:21.088+0000] {dagbag.py:537} INFO - Filling up the DagBag from /opt/airflow/dags/parallel_dag.py
[2024-07-25T19:43:21.107+0000] {processor.py:766} INFO - DAG(s) dict_keys(['parallel_dag']) retrieved from /opt/airflow/dags/parallel_dag.py
[2024-07-25T19:43:21.143+0000] {logging_mixin.py:120} INFO - [2024-07-25T19:43:21.143+0000] {dag.py:2585} INFO - Sync 1 DAGs
[2024-07-25T19:43:21.166+0000] {logging_mixin.py:120} INFO - [2024-07-25T19:43:21.165+0000] {dag.py:3340} INFO - Setting next_dagrun for parallel_dag to 2024-07-24T00:00:00+00:00, run_after=2024-07-25T00:00:00+00:00
[2024-07-25T19:43:21.187+0000] {processor.py:176} INFO - Processing /opt/airflow/dags/parallel_dag.py took 0.106 seconds
[2024-07-25T19:43:51.882+0000] {processor.py:154} INFO - Started process (PID=3185) to work on /opt/airflow/dags/parallel_dag.py
[2024-07-25T19:43:51.883+0000] {processor.py:756} INFO - Processing file /opt/airflow/dags/parallel_dag.py for tasks to queue
[2024-07-25T19:43:51.884+0000] {logging_mixin.py:120} INFO - [2024-07-25T19:43:51.884+0000] {dagbag.py:537} INFO - Filling up the DagBag from /opt/airflow/dags/parallel_dag.py
[2024-07-25T19:43:51.904+0000] {processor.py:766} INFO - DAG(s) dict_keys(['parallel_dag']) retrieved from /opt/airflow/dags/parallel_dag.py
[2024-07-25T19:43:51.941+0000] {logging_mixin.py:120} INFO - [2024-07-25T19:43:51.941+0000] {dag.py:2585} INFO - Sync 1 DAGs
[2024-07-25T19:43:51.964+0000] {logging_mixin.py:120} INFO - [2024-07-25T19:43:51.964+0000] {dag.py:3340} INFO - Setting next_dagrun for parallel_dag to 2024-07-24T00:00:00+00:00, run_after=2024-07-25T00:00:00+00:00
[2024-07-25T19:43:51.981+0000] {processor.py:176} INFO - Processing /opt/airflow/dags/parallel_dag.py took 0.102 seconds
[2024-07-25T19:44:22.031+0000] {processor.py:154} INFO - Started process (PID=3226) to work on /opt/airflow/dags/parallel_dag.py
[2024-07-25T19:44:22.032+0000] {processor.py:756} INFO - Processing file /opt/airflow/dags/parallel_dag.py for tasks to queue
[2024-07-25T19:44:22.033+0000] {logging_mixin.py:120} INFO - [2024-07-25T19:44:22.032+0000] {dagbag.py:537} INFO - Filling up the DagBag from /opt/airflow/dags/parallel_dag.py
[2024-07-25T19:44:22.050+0000] {processor.py:766} INFO - DAG(s) dict_keys(['parallel_dag']) retrieved from /opt/airflow/dags/parallel_dag.py
[2024-07-25T19:44:22.084+0000] {logging_mixin.py:120} INFO - [2024-07-25T19:44:22.084+0000] {dag.py:2585} INFO - Sync 1 DAGs
[2024-07-25T19:44:22.107+0000] {logging_mixin.py:120} INFO - [2024-07-25T19:44:22.107+0000] {dag.py:3340} INFO - Setting next_dagrun for parallel_dag to 2024-07-24T00:00:00+00:00, run_after=2024-07-25T00:00:00+00:00
[2024-07-25T19:44:22.123+0000] {processor.py:176} INFO - Processing /opt/airflow/dags/parallel_dag.py took 0.095 seconds
[2024-07-25T19:44:52.174+0000] {processor.py:154} INFO - Started process (PID=3263) to work on /opt/airflow/dags/parallel_dag.py
[2024-07-25T19:44:52.176+0000] {processor.py:756} INFO - Processing file /opt/airflow/dags/parallel_dag.py for tasks to queue
[2024-07-25T19:44:52.176+0000] {logging_mixin.py:120} INFO - [2024-07-25T19:44:52.176+0000] {dagbag.py:537} INFO - Filling up the DagBag from /opt/airflow/dags/parallel_dag.py
[2024-07-25T19:44:52.203+0000] {processor.py:766} INFO - DAG(s) dict_keys(['parallel_dag']) retrieved from /opt/airflow/dags/parallel_dag.py
[2024-07-25T19:44:52.239+0000] {logging_mixin.py:120} INFO - [2024-07-25T19:44:52.239+0000] {dag.py:2585} INFO - Sync 1 DAGs
[2024-07-25T19:44:52.263+0000] {logging_mixin.py:120} INFO - [2024-07-25T19:44:52.263+0000] {dag.py:3340} INFO - Setting next_dagrun for parallel_dag to 2024-07-24T00:00:00+00:00, run_after=2024-07-25T00:00:00+00:00
[2024-07-25T19:44:52.284+0000] {processor.py:176} INFO - Processing /opt/airflow/dags/parallel_dag.py took 0.113 seconds
[2024-07-25T19:45:22.301+0000] {processor.py:154} INFO - Started process (PID=3296) to work on /opt/airflow/dags/parallel_dag.py
[2024-07-25T19:45:22.301+0000] {processor.py:756} INFO - Processing file /opt/airflow/dags/parallel_dag.py for tasks to queue
[2024-07-25T19:45:22.302+0000] {logging_mixin.py:120} INFO - [2024-07-25T19:45:22.302+0000] {dagbag.py:537} INFO - Filling up the DagBag from /opt/airflow/dags/parallel_dag.py
[2024-07-25T19:45:22.320+0000] {processor.py:766} INFO - DAG(s) dict_keys(['parallel_dag']) retrieved from /opt/airflow/dags/parallel_dag.py
[2024-07-25T19:45:22.354+0000] {logging_mixin.py:120} INFO - [2024-07-25T19:45:22.354+0000] {dag.py:2585} INFO - Sync 1 DAGs
[2024-07-25T19:45:22.377+0000] {logging_mixin.py:120} INFO - [2024-07-25T19:45:22.377+0000] {dag.py:3340} INFO - Setting next_dagrun for parallel_dag to 2024-07-24T00:00:00+00:00, run_after=2024-07-25T00:00:00+00:00
[2024-07-25T19:45:22.396+0000] {processor.py:176} INFO - Processing /opt/airflow/dags/parallel_dag.py took 0.098 seconds
[2024-07-25T19:45:53.125+0000] {processor.py:154} INFO - Started process (PID=3337) to work on /opt/airflow/dags/parallel_dag.py
[2024-07-25T19:45:53.126+0000] {processor.py:756} INFO - Processing file /opt/airflow/dags/parallel_dag.py for tasks to queue
[2024-07-25T19:45:53.127+0000] {logging_mixin.py:120} INFO - [2024-07-25T19:45:53.127+0000] {dagbag.py:537} INFO - Filling up the DagBag from /opt/airflow/dags/parallel_dag.py
[2024-07-25T19:45:53.149+0000] {processor.py:766} INFO - DAG(s) dict_keys(['parallel_dag']) retrieved from /opt/airflow/dags/parallel_dag.py
[2024-07-25T19:45:53.187+0000] {logging_mixin.py:120} INFO - [2024-07-25T19:45:53.187+0000] {dag.py:2585} INFO - Sync 1 DAGs
[2024-07-25T19:45:53.209+0000] {logging_mixin.py:120} INFO - [2024-07-25T19:45:53.209+0000] {dag.py:3340} INFO - Setting next_dagrun for parallel_dag to 2024-07-24T00:00:00+00:00, run_after=2024-07-25T00:00:00+00:00
[2024-07-25T19:45:53.227+0000] {processor.py:176} INFO - Processing /opt/airflow/dags/parallel_dag.py took 0.104 seconds
