[2024-07-25T18:29:55.844+0000] {processor.py:154} INFO - Started process (PID=61) to work on /opt/airflow/dags/producer.py
[2024-07-25T18:29:55.848+0000] {processor.py:756} INFO - Processing file /opt/airflow/dags/producer.py for tasks to queue
[2024-07-25T18:29:55.850+0000] {logging_mixin.py:120} INFO - [2024-07-25T18:29:55.850+0000] {dagbag.py:537} INFO - Filling up the DagBag from /opt/airflow/dags/producer.py
[2024-07-25T18:29:55.894+0000] {processor.py:766} INFO - DAG(s) dict_keys(['producer']) retrieved from /opt/airflow/dags/producer.py
[2024-07-25T18:29:55.959+0000] {logging_mixin.py:120} INFO - [2024-07-25T18:29:55.959+0000] {dag.py:2585} INFO - Sync 1 DAGs
[2024-07-25T18:29:56.002+0000] {logging_mixin.py:120} INFO - [2024-07-25T18:29:56.002+0000] {dag.py:3340} INFO - Setting next_dagrun for producer to 2024-07-24T00:00:00+00:00, run_after=2024-07-25T00:00:00+00:00
[2024-07-25T18:29:56.041+0000] {processor.py:176} INFO - Processing /opt/airflow/dags/producer.py took 0.201 seconds
[2024-07-25T18:30:27.020+0000] {processor.py:154} INFO - Started process (PID=101) to work on /opt/airflow/dags/producer.py
[2024-07-25T18:30:27.021+0000] {processor.py:756} INFO - Processing file /opt/airflow/dags/producer.py for tasks to queue
[2024-07-25T18:30:27.022+0000] {logging_mixin.py:120} INFO - [2024-07-25T18:30:27.022+0000] {dagbag.py:537} INFO - Filling up the DagBag from /opt/airflow/dags/producer.py
[2024-07-25T18:30:27.042+0000] {processor.py:766} INFO - DAG(s) dict_keys(['producer']) retrieved from /opt/airflow/dags/producer.py
[2024-07-25T18:30:27.081+0000] {logging_mixin.py:120} INFO - [2024-07-25T18:30:27.081+0000] {dag.py:2585} INFO - Sync 1 DAGs
[2024-07-25T18:30:27.104+0000] {logging_mixin.py:120} INFO - [2024-07-25T18:30:27.104+0000] {dag.py:3340} INFO - Setting next_dagrun for producer to 2024-07-24T00:00:00+00:00, run_after=2024-07-25T00:00:00+00:00
[2024-07-25T18:30:27.121+0000] {processor.py:176} INFO - Processing /opt/airflow/dags/producer.py took 0.103 seconds
[2024-07-25T18:31:03.580+0000] {processor.py:154} INFO - Started process (PID=123) to work on /opt/airflow/dags/producer.py
[2024-07-25T18:31:03.582+0000] {processor.py:756} INFO - Processing file /opt/airflow/dags/producer.py for tasks to queue
[2024-07-25T18:31:03.585+0000] {logging_mixin.py:120} INFO - [2024-07-25T18:31:03.585+0000] {dagbag.py:537} INFO - Filling up the DagBag from /opt/airflow/dags/producer.py
[2024-07-25T18:31:03.611+0000] {processor.py:766} INFO - DAG(s) dict_keys(['producer']) retrieved from /opt/airflow/dags/producer.py
[2024-07-25T18:31:03.648+0000] {logging_mixin.py:120} INFO - [2024-07-25T18:31:03.648+0000] {dag.py:2585} INFO - Sync 1 DAGs
[2024-07-25T18:31:03.679+0000] {logging_mixin.py:120} INFO - [2024-07-25T18:31:03.679+0000] {dag.py:3340} INFO - Setting next_dagrun for producer to 2024-07-24T00:00:00+00:00, run_after=2024-07-25T00:00:00+00:00
[2024-07-25T18:31:03.701+0000] {processor.py:176} INFO - Processing /opt/airflow/dags/producer.py took 0.124 seconds
[2024-07-25T18:36:18.817+0000] {processor.py:154} INFO - Started process (PID=155) to work on /opt/airflow/dags/producer.py
[2024-07-25T18:36:18.819+0000] {processor.py:756} INFO - Processing file /opt/airflow/dags/producer.py for tasks to queue
[2024-07-25T18:36:18.823+0000] {logging_mixin.py:120} INFO - [2024-07-25T18:36:18.823+0000] {dagbag.py:537} INFO - Filling up the DagBag from /opt/airflow/dags/producer.py
[2024-07-25T18:36:18.868+0000] {processor.py:766} INFO - DAG(s) dict_keys(['producer']) retrieved from /opt/airflow/dags/producer.py
[2024-07-25T18:36:18.917+0000] {logging_mixin.py:120} INFO - [2024-07-25T18:36:18.917+0000] {dag.py:2585} INFO - Sync 1 DAGs
[2024-07-25T18:36:19.002+0000] {logging_mixin.py:120} INFO - [2024-07-25T18:36:19.002+0000] {dag.py:3340} INFO - Setting next_dagrun for producer to 2024-07-24T00:00:00+00:00, run_after=2024-07-25T00:00:00+00:00
[2024-07-25T18:36:19.057+0000] {processor.py:176} INFO - Processing /opt/airflow/dags/producer.py took 0.256 seconds
[2024-07-25T18:36:49.853+0000] {processor.py:154} INFO - Started process (PID=195) to work on /opt/airflow/dags/producer.py
[2024-07-25T18:36:49.854+0000] {processor.py:756} INFO - Processing file /opt/airflow/dags/producer.py for tasks to queue
[2024-07-25T18:36:49.856+0000] {logging_mixin.py:120} INFO - [2024-07-25T18:36:49.855+0000] {dagbag.py:537} INFO - Filling up the DagBag from /opt/airflow/dags/producer.py
[2024-07-25T18:36:49.883+0000] {processor.py:766} INFO - DAG(s) dict_keys(['producer']) retrieved from /opt/airflow/dags/producer.py
[2024-07-25T18:36:49.921+0000] {logging_mixin.py:120} INFO - [2024-07-25T18:36:49.920+0000] {dag.py:2585} INFO - Sync 1 DAGs
[2024-07-25T18:36:49.949+0000] {logging_mixin.py:120} INFO - [2024-07-25T18:36:49.949+0000] {dag.py:3340} INFO - Setting next_dagrun for producer to 2024-07-24T00:00:00+00:00, run_after=2024-07-25T00:00:00+00:00
[2024-07-25T18:36:49.971+0000] {processor.py:176} INFO - Processing /opt/airflow/dags/producer.py took 0.120 seconds
[2024-07-25T18:49:41.304+0000] {processor.py:154} INFO - Started process (PID=235) to work on /opt/airflow/dags/producer.py
[2024-07-25T18:49:41.305+0000] {processor.py:756} INFO - Processing file /opt/airflow/dags/producer.py for tasks to queue
[2024-07-25T18:49:41.306+0000] {logging_mixin.py:120} INFO - [2024-07-25T18:49:41.306+0000] {dagbag.py:537} INFO - Filling up the DagBag from /opt/airflow/dags/producer.py
[2024-07-25T18:49:41.329+0000] {processor.py:766} INFO - DAG(s) dict_keys(['producer']) retrieved from /opt/airflow/dags/producer.py
[2024-07-25T18:49:41.369+0000] {logging_mixin.py:120} INFO - [2024-07-25T18:49:41.369+0000] {dag.py:2585} INFO - Sync 1 DAGs
[2024-07-25T18:49:41.392+0000] {logging_mixin.py:120} INFO - [2024-07-25T18:49:41.391+0000] {dag.py:3340} INFO - Setting next_dagrun for producer to 2024-07-24T00:00:00+00:00, run_after=2024-07-25T00:00:00+00:00
[2024-07-25T18:49:41.409+0000] {processor.py:176} INFO - Processing /opt/airflow/dags/producer.py took 0.108 seconds
[2024-07-25T18:50:12.339+0000] {processor.py:154} INFO - Started process (PID=266) to work on /opt/airflow/dags/producer.py
[2024-07-25T18:50:12.342+0000] {processor.py:756} INFO - Processing file /opt/airflow/dags/producer.py for tasks to queue
[2024-07-25T18:50:12.343+0000] {logging_mixin.py:120} INFO - [2024-07-25T18:50:12.343+0000] {dagbag.py:537} INFO - Filling up the DagBag from /opt/airflow/dags/producer.py
[2024-07-25T18:50:12.363+0000] {processor.py:766} INFO - DAG(s) dict_keys(['producer']) retrieved from /opt/airflow/dags/producer.py
[2024-07-25T18:50:12.396+0000] {logging_mixin.py:120} INFO - [2024-07-25T18:50:12.396+0000] {dag.py:2585} INFO - Sync 1 DAGs
[2024-07-25T18:50:12.419+0000] {logging_mixin.py:120} INFO - [2024-07-25T18:50:12.419+0000] {dag.py:3340} INFO - Setting next_dagrun for producer to 2024-07-24T00:00:00+00:00, run_after=2024-07-25T00:00:00+00:00
[2024-07-25T18:50:12.436+0000] {processor.py:176} INFO - Processing /opt/airflow/dags/producer.py took 0.100 seconds
[2024-07-25T18:50:43.007+0000] {processor.py:154} INFO - Started process (PID=306) to work on /opt/airflow/dags/producer.py
[2024-07-25T18:50:43.008+0000] {processor.py:756} INFO - Processing file /opt/airflow/dags/producer.py for tasks to queue
[2024-07-25T18:50:43.009+0000] {logging_mixin.py:120} INFO - [2024-07-25T18:50:43.009+0000] {dagbag.py:537} INFO - Filling up the DagBag from /opt/airflow/dags/producer.py
[2024-07-25T18:50:43.029+0000] {processor.py:766} INFO - DAG(s) dict_keys(['producer']) retrieved from /opt/airflow/dags/producer.py
[2024-07-25T18:50:43.064+0000] {logging_mixin.py:120} INFO - [2024-07-25T18:50:43.064+0000] {dag.py:2585} INFO - Sync 1 DAGs
[2024-07-25T18:50:43.087+0000] {logging_mixin.py:120} INFO - [2024-07-25T18:50:43.087+0000] {dag.py:3340} INFO - Setting next_dagrun for producer to 2024-07-24T00:00:00+00:00, run_after=2024-07-25T00:00:00+00:00
[2024-07-25T18:50:43.104+0000] {processor.py:176} INFO - Processing /opt/airflow/dags/producer.py took 0.101 seconds
[2024-07-25T18:51:13.340+0000] {processor.py:154} INFO - Started process (PID=346) to work on /opt/airflow/dags/producer.py
[2024-07-25T18:51:13.341+0000] {processor.py:756} INFO - Processing file /opt/airflow/dags/producer.py for tasks to queue
[2024-07-25T18:51:13.342+0000] {logging_mixin.py:120} INFO - [2024-07-25T18:51:13.342+0000] {dagbag.py:537} INFO - Filling up the DagBag from /opt/airflow/dags/producer.py
[2024-07-25T18:51:13.362+0000] {processor.py:766} INFO - DAG(s) dict_keys(['producer']) retrieved from /opt/airflow/dags/producer.py
[2024-07-25T18:51:13.394+0000] {logging_mixin.py:120} INFO - [2024-07-25T18:51:13.394+0000] {dag.py:2585} INFO - Sync 1 DAGs
[2024-07-25T18:51:13.416+0000] {logging_mixin.py:120} INFO - [2024-07-25T18:51:13.416+0000] {dag.py:3340} INFO - Setting next_dagrun for producer to 2024-07-24T00:00:00+00:00, run_after=2024-07-25T00:00:00+00:00
[2024-07-25T18:51:13.433+0000] {processor.py:176} INFO - Processing /opt/airflow/dags/producer.py took 0.096 seconds
[2024-07-25T18:51:45.811+0000] {processor.py:154} INFO - Started process (PID=387) to work on /opt/airflow/dags/producer.py
[2024-07-25T18:51:45.816+0000] {processor.py:756} INFO - Processing file /opt/airflow/dags/producer.py for tasks to queue
[2024-07-25T18:51:45.819+0000] {logging_mixin.py:120} INFO - [2024-07-25T18:51:45.819+0000] {dagbag.py:537} INFO - Filling up the DagBag from /opt/airflow/dags/producer.py
[2024-07-25T18:51:45.862+0000] {processor.py:766} INFO - DAG(s) dict_keys(['producer']) retrieved from /opt/airflow/dags/producer.py
[2024-07-25T18:51:45.943+0000] {logging_mixin.py:120} INFO - [2024-07-25T18:51:45.943+0000] {dag.py:2585} INFO - Sync 1 DAGs
[2024-07-25T18:51:46.001+0000] {logging_mixin.py:120} INFO - [2024-07-25T18:51:46.000+0000] {dag.py:3340} INFO - Setting next_dagrun for producer to 2024-07-24T00:00:00+00:00, run_after=2024-07-25T00:00:00+00:00
[2024-07-25T18:51:46.044+0000] {processor.py:176} INFO - Processing /opt/airflow/dags/producer.py took 0.239 seconds
[2024-07-25T19:05:48.233+0000] {processor.py:154} INFO - Started process (PID=418) to work on /opt/airflow/dags/producer.py
[2024-07-25T19:05:48.234+0000] {processor.py:756} INFO - Processing file /opt/airflow/dags/producer.py for tasks to queue
[2024-07-25T19:05:48.235+0000] {logging_mixin.py:120} INFO - [2024-07-25T19:05:48.235+0000] {dagbag.py:537} INFO - Filling up the DagBag from /opt/airflow/dags/producer.py
[2024-07-25T19:05:48.256+0000] {processor.py:766} INFO - DAG(s) dict_keys(['producer']) retrieved from /opt/airflow/dags/producer.py
[2024-07-25T19:05:48.292+0000] {logging_mixin.py:120} INFO - [2024-07-25T19:05:48.292+0000] {dag.py:2585} INFO - Sync 1 DAGs
[2024-07-25T19:05:48.314+0000] {logging_mixin.py:120} INFO - [2024-07-25T19:05:48.314+0000] {dag.py:3340} INFO - Setting next_dagrun for producer to 2024-07-24T00:00:00+00:00, run_after=2024-07-25T00:00:00+00:00
[2024-07-25T19:05:48.332+0000] {processor.py:176} INFO - Processing /opt/airflow/dags/producer.py took 0.102 seconds
[2024-07-25T19:06:43.054+0000] {processor.py:154} INFO - Started process (PID=458) to work on /opt/airflow/dags/producer.py
[2024-07-25T19:06:43.055+0000] {processor.py:756} INFO - Processing file /opt/airflow/dags/producer.py for tasks to queue
[2024-07-25T19:06:43.056+0000] {logging_mixin.py:120} INFO - [2024-07-25T19:06:43.056+0000] {dagbag.py:537} INFO - Filling up the DagBag from /opt/airflow/dags/producer.py
[2024-07-25T19:06:43.080+0000] {processor.py:766} INFO - DAG(s) dict_keys(['producer']) retrieved from /opt/airflow/dags/producer.py
[2024-07-25T19:06:43.114+0000] {logging_mixin.py:120} INFO - [2024-07-25T19:06:43.114+0000] {dag.py:2585} INFO - Sync 1 DAGs
[2024-07-25T19:06:43.138+0000] {logging_mixin.py:120} INFO - [2024-07-25T19:06:43.137+0000] {dag.py:3340} INFO - Setting next_dagrun for producer to 2024-07-24T00:00:00+00:00, run_after=2024-07-25T00:00:00+00:00
[2024-07-25T19:06:43.156+0000] {processor.py:176} INFO - Processing /opt/airflow/dags/producer.py took 0.105 seconds
[2024-07-25T19:07:13.825+0000] {processor.py:154} INFO - Started process (PID=498) to work on /opt/airflow/dags/producer.py
[2024-07-25T19:07:13.825+0000] {processor.py:756} INFO - Processing file /opt/airflow/dags/producer.py for tasks to queue
[2024-07-25T19:07:13.827+0000] {logging_mixin.py:120} INFO - [2024-07-25T19:07:13.827+0000] {dagbag.py:537} INFO - Filling up the DagBag from /opt/airflow/dags/producer.py
[2024-07-25T19:07:13.854+0000] {processor.py:766} INFO - DAG(s) dict_keys(['producer']) retrieved from /opt/airflow/dags/producer.py
[2024-07-25T19:07:13.891+0000] {logging_mixin.py:120} INFO - [2024-07-25T19:07:13.891+0000] {dag.py:2585} INFO - Sync 1 DAGs
[2024-07-25T19:07:13.915+0000] {logging_mixin.py:120} INFO - [2024-07-25T19:07:13.915+0000] {dag.py:3340} INFO - Setting next_dagrun for producer to 2024-07-24T00:00:00+00:00, run_after=2024-07-25T00:00:00+00:00
[2024-07-25T19:07:13.935+0000] {processor.py:176} INFO - Processing /opt/airflow/dags/producer.py took 0.113 seconds
[2024-07-25T19:08:08.272+0000] {processor.py:154} INFO - Started process (PID=529) to work on /opt/airflow/dags/producer.py
[2024-07-25T19:08:08.273+0000] {processor.py:756} INFO - Processing file /opt/airflow/dags/producer.py for tasks to queue
[2024-07-25T19:08:08.274+0000] {logging_mixin.py:120} INFO - [2024-07-25T19:08:08.274+0000] {dagbag.py:537} INFO - Filling up the DagBag from /opt/airflow/dags/producer.py
[2024-07-25T19:08:08.297+0000] {processor.py:766} INFO - DAG(s) dict_keys(['producer']) retrieved from /opt/airflow/dags/producer.py
[2024-07-25T19:08:08.331+0000] {logging_mixin.py:120} INFO - [2024-07-25T19:08:08.330+0000] {dag.py:2585} INFO - Sync 1 DAGs
[2024-07-25T19:08:08.353+0000] {logging_mixin.py:120} INFO - [2024-07-25T19:08:08.353+0000] {dag.py:3340} INFO - Setting next_dagrun for producer to 2024-07-24T00:00:00+00:00, run_after=2024-07-25T00:00:00+00:00
[2024-07-25T19:08:08.371+0000] {processor.py:176} INFO - Processing /opt/airflow/dags/producer.py took 0.102 seconds
[2024-07-25T19:08:38.606+0000] {processor.py:154} INFO - Started process (PID=569) to work on /opt/airflow/dags/producer.py
[2024-07-25T19:08:38.607+0000] {processor.py:756} INFO - Processing file /opt/airflow/dags/producer.py for tasks to queue
[2024-07-25T19:08:38.608+0000] {logging_mixin.py:120} INFO - [2024-07-25T19:08:38.608+0000] {dagbag.py:537} INFO - Filling up the DagBag from /opt/airflow/dags/producer.py
[2024-07-25T19:08:38.630+0000] {processor.py:766} INFO - DAG(s) dict_keys(['producer']) retrieved from /opt/airflow/dags/producer.py
[2024-07-25T19:08:38.665+0000] {logging_mixin.py:120} INFO - [2024-07-25T19:08:38.665+0000] {dag.py:2585} INFO - Sync 1 DAGs
[2024-07-25T19:08:38.689+0000] {logging_mixin.py:120} INFO - [2024-07-25T19:08:38.689+0000] {dag.py:3340} INFO - Setting next_dagrun for producer to 2024-07-24T00:00:00+00:00, run_after=2024-07-25T00:00:00+00:00
[2024-07-25T19:08:38.708+0000] {processor.py:176} INFO - Processing /opt/airflow/dags/producer.py took 0.106 seconds
[2024-07-25T19:09:09.401+0000] {processor.py:154} INFO - Started process (PID=609) to work on /opt/airflow/dags/producer.py
[2024-07-25T19:09:09.402+0000] {processor.py:756} INFO - Processing file /opt/airflow/dags/producer.py for tasks to queue
[2024-07-25T19:09:09.403+0000] {logging_mixin.py:120} INFO - [2024-07-25T19:09:09.403+0000] {dagbag.py:537} INFO - Filling up the DagBag from /opt/airflow/dags/producer.py
[2024-07-25T19:09:09.426+0000] {processor.py:766} INFO - DAG(s) dict_keys(['producer']) retrieved from /opt/airflow/dags/producer.py
[2024-07-25T19:09:09.461+0000] {logging_mixin.py:120} INFO - [2024-07-25T19:09:09.461+0000] {dag.py:2585} INFO - Sync 1 DAGs
[2024-07-25T19:09:09.486+0000] {logging_mixin.py:120} INFO - [2024-07-25T19:09:09.485+0000] {dag.py:3340} INFO - Setting next_dagrun for producer to 2024-07-24T00:00:00+00:00, run_after=2024-07-25T00:00:00+00:00
[2024-07-25T19:09:09.505+0000] {processor.py:176} INFO - Processing /opt/airflow/dags/producer.py took 0.107 seconds
[2024-07-25T19:09:39.623+0000] {processor.py:154} INFO - Started process (PID=649) to work on /opt/airflow/dags/producer.py
[2024-07-25T19:09:39.624+0000] {processor.py:756} INFO - Processing file /opt/airflow/dags/producer.py for tasks to queue
[2024-07-25T19:09:39.624+0000] {logging_mixin.py:120} INFO - [2024-07-25T19:09:39.624+0000] {dagbag.py:537} INFO - Filling up the DagBag from /opt/airflow/dags/producer.py
[2024-07-25T19:09:39.649+0000] {processor.py:766} INFO - DAG(s) dict_keys(['producer']) retrieved from /opt/airflow/dags/producer.py
[2024-07-25T19:09:39.686+0000] {logging_mixin.py:120} INFO - [2024-07-25T19:09:39.686+0000] {dag.py:2585} INFO - Sync 1 DAGs
[2024-07-25T19:09:39.711+0000] {logging_mixin.py:120} INFO - [2024-07-25T19:09:39.711+0000] {dag.py:3340} INFO - Setting next_dagrun for producer to 2024-07-24T00:00:00+00:00, run_after=2024-07-25T00:00:00+00:00
[2024-07-25T19:09:39.735+0000] {processor.py:176} INFO - Processing /opt/airflow/dags/producer.py took 0.116 seconds
[2024-07-25T19:10:10.012+0000] {processor.py:154} INFO - Started process (PID=679) to work on /opt/airflow/dags/producer.py
[2024-07-25T19:10:10.013+0000] {processor.py:756} INFO - Processing file /opt/airflow/dags/producer.py for tasks to queue
[2024-07-25T19:10:10.014+0000] {logging_mixin.py:120} INFO - [2024-07-25T19:10:10.014+0000] {dagbag.py:537} INFO - Filling up the DagBag from /opt/airflow/dags/producer.py
[2024-07-25T19:10:10.035+0000] {processor.py:766} INFO - DAG(s) dict_keys(['producer']) retrieved from /opt/airflow/dags/producer.py
[2024-07-25T19:10:10.074+0000] {logging_mixin.py:120} INFO - [2024-07-25T19:10:10.074+0000] {dag.py:2585} INFO - Sync 1 DAGs
[2024-07-25T19:10:10.102+0000] {logging_mixin.py:120} INFO - [2024-07-25T19:10:10.101+0000] {dag.py:3340} INFO - Setting next_dagrun for producer to 2024-07-24T00:00:00+00:00, run_after=2024-07-25T00:00:00+00:00
[2024-07-25T19:10:10.125+0000] {processor.py:176} INFO - Processing /opt/airflow/dags/producer.py took 0.116 seconds
[2024-07-25T19:10:40.307+0000] {processor.py:154} INFO - Started process (PID=719) to work on /opt/airflow/dags/producer.py
[2024-07-25T19:10:40.309+0000] {processor.py:756} INFO - Processing file /opt/airflow/dags/producer.py for tasks to queue
[2024-07-25T19:10:40.310+0000] {logging_mixin.py:120} INFO - [2024-07-25T19:10:40.310+0000] {dagbag.py:537} INFO - Filling up the DagBag from /opt/airflow/dags/producer.py
[2024-07-25T19:10:40.334+0000] {processor.py:766} INFO - DAG(s) dict_keys(['producer']) retrieved from /opt/airflow/dags/producer.py
[2024-07-25T19:10:40.380+0000] {logging_mixin.py:120} INFO - [2024-07-25T19:10:40.380+0000] {dag.py:2585} INFO - Sync 1 DAGs
[2024-07-25T19:10:40.416+0000] {logging_mixin.py:120} INFO - [2024-07-25T19:10:40.415+0000] {dag.py:3340} INFO - Setting next_dagrun for producer to 2024-07-24T00:00:00+00:00, run_after=2024-07-25T00:00:00+00:00
[2024-07-25T19:10:40.446+0000] {processor.py:176} INFO - Processing /opt/airflow/dags/producer.py took 0.142 seconds
[2024-07-25T19:11:10.727+0000] {processor.py:154} INFO - Started process (PID=759) to work on /opt/airflow/dags/producer.py
[2024-07-25T19:11:10.729+0000] {processor.py:756} INFO - Processing file /opt/airflow/dags/producer.py for tasks to queue
[2024-07-25T19:11:10.729+0000] {logging_mixin.py:120} INFO - [2024-07-25T19:11:10.729+0000] {dagbag.py:537} INFO - Filling up the DagBag from /opt/airflow/dags/producer.py
[2024-07-25T19:11:10.750+0000] {processor.py:766} INFO - DAG(s) dict_keys(['producer']) retrieved from /opt/airflow/dags/producer.py
[2024-07-25T19:11:10.785+0000] {logging_mixin.py:120} INFO - [2024-07-25T19:11:10.785+0000] {dag.py:2585} INFO - Sync 1 DAGs
[2024-07-25T19:11:10.808+0000] {logging_mixin.py:120} INFO - [2024-07-25T19:11:10.808+0000] {dag.py:3340} INFO - Setting next_dagrun for producer to 2024-07-24T00:00:00+00:00, run_after=2024-07-25T00:00:00+00:00
[2024-07-25T19:11:10.828+0000] {processor.py:176} INFO - Processing /opt/airflow/dags/producer.py took 0.104 seconds
[2024-07-25T19:11:40.852+0000] {processor.py:154} INFO - Started process (PID=797) to work on /opt/airflow/dags/producer.py
[2024-07-25T19:11:40.853+0000] {processor.py:756} INFO - Processing file /opt/airflow/dags/producer.py for tasks to queue
[2024-07-25T19:11:40.854+0000] {logging_mixin.py:120} INFO - [2024-07-25T19:11:40.853+0000] {dagbag.py:537} INFO - Filling up the DagBag from /opt/airflow/dags/producer.py
[2024-07-25T19:11:40.874+0000] {processor.py:766} INFO - DAG(s) dict_keys(['producer']) retrieved from /opt/airflow/dags/producer.py
[2024-07-25T19:11:40.909+0000] {logging_mixin.py:120} INFO - [2024-07-25T19:11:40.908+0000] {dag.py:2585} INFO - Sync 1 DAGs
[2024-07-25T19:11:40.931+0000] {logging_mixin.py:120} INFO - [2024-07-25T19:11:40.931+0000] {dag.py:3340} INFO - Setting next_dagrun for producer to 2024-07-24T00:00:00+00:00, run_after=2024-07-25T00:00:00+00:00
[2024-07-25T19:11:40.950+0000] {processor.py:176} INFO - Processing /opt/airflow/dags/producer.py took 0.101 seconds
[2024-07-25T19:12:10.974+0000] {processor.py:154} INFO - Started process (PID=828) to work on /opt/airflow/dags/producer.py
[2024-07-25T19:12:10.975+0000] {processor.py:756} INFO - Processing file /opt/airflow/dags/producer.py for tasks to queue
[2024-07-25T19:12:10.976+0000] {logging_mixin.py:120} INFO - [2024-07-25T19:12:10.976+0000] {dagbag.py:537} INFO - Filling up the DagBag from /opt/airflow/dags/producer.py
[2024-07-25T19:12:10.999+0000] {processor.py:766} INFO - DAG(s) dict_keys(['producer']) retrieved from /opt/airflow/dags/producer.py
[2024-07-25T19:12:11.033+0000] {logging_mixin.py:120} INFO - [2024-07-25T19:12:11.032+0000] {dag.py:2585} INFO - Sync 1 DAGs
[2024-07-25T19:12:11.054+0000] {logging_mixin.py:120} INFO - [2024-07-25T19:12:11.054+0000] {dag.py:3340} INFO - Setting next_dagrun for producer to 2024-07-24T00:00:00+00:00, run_after=2024-07-25T00:00:00+00:00
[2024-07-25T19:12:11.072+0000] {processor.py:176} INFO - Processing /opt/airflow/dags/producer.py took 0.102 seconds
[2024-07-25T19:12:41.758+0000] {processor.py:154} INFO - Started process (PID=868) to work on /opt/airflow/dags/producer.py
[2024-07-25T19:12:41.759+0000] {processor.py:756} INFO - Processing file /opt/airflow/dags/producer.py for tasks to queue
[2024-07-25T19:12:41.760+0000] {logging_mixin.py:120} INFO - [2024-07-25T19:12:41.760+0000] {dagbag.py:537} INFO - Filling up the DagBag from /opt/airflow/dags/producer.py
[2024-07-25T19:12:41.783+0000] {processor.py:766} INFO - DAG(s) dict_keys(['producer']) retrieved from /opt/airflow/dags/producer.py
[2024-07-25T19:12:41.815+0000] {logging_mixin.py:120} INFO - [2024-07-25T19:12:41.815+0000] {dag.py:2585} INFO - Sync 1 DAGs
[2024-07-25T19:12:41.837+0000] {logging_mixin.py:120} INFO - [2024-07-25T19:12:41.837+0000] {dag.py:3340} INFO - Setting next_dagrun for producer to 2024-07-24T00:00:00+00:00, run_after=2024-07-25T00:00:00+00:00
[2024-07-25T19:12:41.854+0000] {processor.py:176} INFO - Processing /opt/airflow/dags/producer.py took 0.099 seconds
[2024-07-25T19:13:12.549+0000] {processor.py:154} INFO - Started process (PID=908) to work on /opt/airflow/dags/producer.py
[2024-07-25T19:13:12.551+0000] {processor.py:756} INFO - Processing file /opt/airflow/dags/producer.py for tasks to queue
[2024-07-25T19:13:12.552+0000] {logging_mixin.py:120} INFO - [2024-07-25T19:13:12.552+0000] {dagbag.py:537} INFO - Filling up the DagBag from /opt/airflow/dags/producer.py
[2024-07-25T19:13:12.579+0000] {processor.py:766} INFO - DAG(s) dict_keys(['producer']) retrieved from /opt/airflow/dags/producer.py
[2024-07-25T19:13:12.614+0000] {logging_mixin.py:120} INFO - [2024-07-25T19:13:12.613+0000] {dag.py:2585} INFO - Sync 1 DAGs
[2024-07-25T19:13:12.638+0000] {logging_mixin.py:120} INFO - [2024-07-25T19:13:12.638+0000] {dag.py:3340} INFO - Setting next_dagrun for producer to 2024-07-24T00:00:00+00:00, run_after=2024-07-25T00:00:00+00:00
[2024-07-25T19:13:12.666+0000] {processor.py:176} INFO - Processing /opt/airflow/dags/producer.py took 0.121 seconds
[2024-07-25T19:13:43.342+0000] {processor.py:154} INFO - Started process (PID=948) to work on /opt/airflow/dags/producer.py
[2024-07-25T19:13:43.343+0000] {processor.py:756} INFO - Processing file /opt/airflow/dags/producer.py for tasks to queue
[2024-07-25T19:13:43.344+0000] {logging_mixin.py:120} INFO - [2024-07-25T19:13:43.344+0000] {dagbag.py:537} INFO - Filling up the DagBag from /opt/airflow/dags/producer.py
[2024-07-25T19:13:43.366+0000] {processor.py:766} INFO - DAG(s) dict_keys(['producer']) retrieved from /opt/airflow/dags/producer.py
[2024-07-25T19:13:43.400+0000] {logging_mixin.py:120} INFO - [2024-07-25T19:13:43.400+0000] {dag.py:2585} INFO - Sync 1 DAGs
[2024-07-25T19:13:43.421+0000] {logging_mixin.py:120} INFO - [2024-07-25T19:13:43.421+0000] {dag.py:3340} INFO - Setting next_dagrun for producer to 2024-07-24T00:00:00+00:00, run_after=2024-07-25T00:00:00+00:00
[2024-07-25T19:13:43.439+0000] {processor.py:176} INFO - Processing /opt/airflow/dags/producer.py took 0.100 seconds
[2024-07-25T19:14:14.142+0000] {processor.py:154} INFO - Started process (PID=988) to work on /opt/airflow/dags/producer.py
[2024-07-25T19:14:14.143+0000] {processor.py:756} INFO - Processing file /opt/airflow/dags/producer.py for tasks to queue
[2024-07-25T19:14:14.144+0000] {logging_mixin.py:120} INFO - [2024-07-25T19:14:14.144+0000] {dagbag.py:537} INFO - Filling up the DagBag from /opt/airflow/dags/producer.py
[2024-07-25T19:14:14.168+0000] {processor.py:766} INFO - DAG(s) dict_keys(['producer']) retrieved from /opt/airflow/dags/producer.py
[2024-07-25T19:14:14.202+0000] {logging_mixin.py:120} INFO - [2024-07-25T19:14:14.202+0000] {dag.py:2585} INFO - Sync 1 DAGs
[2024-07-25T19:14:14.225+0000] {logging_mixin.py:120} INFO - [2024-07-25T19:14:14.225+0000] {dag.py:3340} INFO - Setting next_dagrun for producer to 2024-07-24T00:00:00+00:00, run_after=2024-07-25T00:00:00+00:00
[2024-07-25T19:14:14.243+0000] {processor.py:176} INFO - Processing /opt/airflow/dags/producer.py took 0.104 seconds
[2024-07-25T19:14:44.962+0000] {processor.py:154} INFO - Started process (PID=1019) to work on /opt/airflow/dags/producer.py
[2024-07-25T19:14:44.963+0000] {processor.py:756} INFO - Processing file /opt/airflow/dags/producer.py for tasks to queue
[2024-07-25T19:14:44.964+0000] {logging_mixin.py:120} INFO - [2024-07-25T19:14:44.964+0000] {dagbag.py:537} INFO - Filling up the DagBag from /opt/airflow/dags/producer.py
[2024-07-25T19:14:44.985+0000] {processor.py:766} INFO - DAG(s) dict_keys(['producer']) retrieved from /opt/airflow/dags/producer.py
[2024-07-25T19:14:45.019+0000] {logging_mixin.py:120} INFO - [2024-07-25T19:14:45.019+0000] {dag.py:2585} INFO - Sync 1 DAGs
[2024-07-25T19:14:45.043+0000] {logging_mixin.py:120} INFO - [2024-07-25T19:14:45.043+0000] {dag.py:3340} INFO - Setting next_dagrun for producer to 2024-07-24T00:00:00+00:00, run_after=2024-07-25T00:00:00+00:00
[2024-07-25T19:14:45.062+0000] {processor.py:176} INFO - Processing /opt/airflow/dags/producer.py took 0.103 seconds
[2024-07-25T19:15:15.794+0000] {processor.py:154} INFO - Started process (PID=1059) to work on /opt/airflow/dags/producer.py
[2024-07-25T19:15:15.795+0000] {processor.py:756} INFO - Processing file /opt/airflow/dags/producer.py for tasks to queue
[2024-07-25T19:15:15.795+0000] {logging_mixin.py:120} INFO - [2024-07-25T19:15:15.795+0000] {dagbag.py:537} INFO - Filling up the DagBag from /opt/airflow/dags/producer.py
[2024-07-25T19:15:15.816+0000] {processor.py:766} INFO - DAG(s) dict_keys(['producer']) retrieved from /opt/airflow/dags/producer.py
[2024-07-25T19:15:15.850+0000] {logging_mixin.py:120} INFO - [2024-07-25T19:15:15.850+0000] {dag.py:2585} INFO - Sync 1 DAGs
[2024-07-25T19:15:15.874+0000] {logging_mixin.py:120} INFO - [2024-07-25T19:15:15.874+0000] {dag.py:3340} INFO - Setting next_dagrun for producer to 2024-07-24T00:00:00+00:00, run_after=2024-07-25T00:00:00+00:00
[2024-07-25T19:15:15.898+0000] {processor.py:176} INFO - Processing /opt/airflow/dags/producer.py took 0.109 seconds
[2024-07-25T19:15:46.576+0000] {processor.py:154} INFO - Started process (PID=1099) to work on /opt/airflow/dags/producer.py
[2024-07-25T19:15:46.577+0000] {processor.py:756} INFO - Processing file /opt/airflow/dags/producer.py for tasks to queue
[2024-07-25T19:15:46.577+0000] {logging_mixin.py:120} INFO - [2024-07-25T19:15:46.577+0000] {dagbag.py:537} INFO - Filling up the DagBag from /opt/airflow/dags/producer.py
[2024-07-25T19:15:46.598+0000] {processor.py:766} INFO - DAG(s) dict_keys(['producer']) retrieved from /opt/airflow/dags/producer.py
[2024-07-25T19:15:46.629+0000] {logging_mixin.py:120} INFO - [2024-07-25T19:15:46.629+0000] {dag.py:2585} INFO - Sync 1 DAGs
[2024-07-25T19:15:46.651+0000] {logging_mixin.py:120} INFO - [2024-07-25T19:15:46.651+0000] {dag.py:3340} INFO - Setting next_dagrun for producer to 2024-07-24T00:00:00+00:00, run_after=2024-07-25T00:00:00+00:00
[2024-07-25T19:15:46.668+0000] {processor.py:176} INFO - Processing /opt/airflow/dags/producer.py took 0.096 seconds
[2024-07-25T19:16:17.322+0000] {processor.py:154} INFO - Started process (PID=1139) to work on /opt/airflow/dags/producer.py
[2024-07-25T19:16:17.323+0000] {processor.py:756} INFO - Processing file /opt/airflow/dags/producer.py for tasks to queue
[2024-07-25T19:16:17.324+0000] {logging_mixin.py:120} INFO - [2024-07-25T19:16:17.324+0000] {dagbag.py:537} INFO - Filling up the DagBag from /opt/airflow/dags/producer.py
[2024-07-25T19:16:17.344+0000] {processor.py:766} INFO - DAG(s) dict_keys(['producer']) retrieved from /opt/airflow/dags/producer.py
[2024-07-25T19:16:17.377+0000] {logging_mixin.py:120} INFO - [2024-07-25T19:16:17.377+0000] {dag.py:2585} INFO - Sync 1 DAGs
[2024-07-25T19:16:17.399+0000] {logging_mixin.py:120} INFO - [2024-07-25T19:16:17.399+0000] {dag.py:3340} INFO - Setting next_dagrun for producer to 2024-07-24T00:00:00+00:00, run_after=2024-07-25T00:00:00+00:00
[2024-07-25T19:16:17.416+0000] {processor.py:176} INFO - Processing /opt/airflow/dags/producer.py took 0.097 seconds
[2024-07-25T19:16:48.148+0000] {processor.py:154} INFO - Started process (PID=1179) to work on /opt/airflow/dags/producer.py
[2024-07-25T19:16:48.149+0000] {processor.py:756} INFO - Processing file /opt/airflow/dags/producer.py for tasks to queue
[2024-07-25T19:16:48.150+0000] {logging_mixin.py:120} INFO - [2024-07-25T19:16:48.150+0000] {dagbag.py:537} INFO - Filling up the DagBag from /opt/airflow/dags/producer.py
[2024-07-25T19:16:48.171+0000] {processor.py:766} INFO - DAG(s) dict_keys(['producer']) retrieved from /opt/airflow/dags/producer.py
[2024-07-25T19:16:48.205+0000] {logging_mixin.py:120} INFO - [2024-07-25T19:16:48.205+0000] {dag.py:2585} INFO - Sync 1 DAGs
[2024-07-25T19:16:48.228+0000] {logging_mixin.py:120} INFO - [2024-07-25T19:16:48.228+0000] {dag.py:3340} INFO - Setting next_dagrun for producer to 2024-07-24T00:00:00+00:00, run_after=2024-07-25T00:00:00+00:00
[2024-07-25T19:16:48.247+0000] {processor.py:176} INFO - Processing /opt/airflow/dags/producer.py took 0.102 seconds
[2024-07-25T19:17:18.386+0000] {processor.py:154} INFO - Started process (PID=1210) to work on /opt/airflow/dags/producer.py
[2024-07-25T19:17:18.387+0000] {processor.py:756} INFO - Processing file /opt/airflow/dags/producer.py for tasks to queue
[2024-07-25T19:17:18.389+0000] {logging_mixin.py:120} INFO - [2024-07-25T19:17:18.388+0000] {dagbag.py:537} INFO - Filling up the DagBag from /opt/airflow/dags/producer.py
[2024-07-25T19:17:18.410+0000] {processor.py:766} INFO - DAG(s) dict_keys(['producer']) retrieved from /opt/airflow/dags/producer.py
[2024-07-25T19:17:18.443+0000] {logging_mixin.py:120} INFO - [2024-07-25T19:17:18.443+0000] {dag.py:2585} INFO - Sync 1 DAGs
[2024-07-25T19:17:18.464+0000] {logging_mixin.py:120} INFO - [2024-07-25T19:17:18.464+0000] {dag.py:3340} INFO - Setting next_dagrun for producer to 2024-07-24T00:00:00+00:00, run_after=2024-07-25T00:00:00+00:00
[2024-07-25T19:17:18.482+0000] {processor.py:176} INFO - Processing /opt/airflow/dags/producer.py took 0.099 seconds
[2024-07-25T19:17:49.270+0000] {processor.py:154} INFO - Started process (PID=1250) to work on /opt/airflow/dags/producer.py
[2024-07-25T19:17:49.271+0000] {processor.py:756} INFO - Processing file /opt/airflow/dags/producer.py for tasks to queue
[2024-07-25T19:17:49.272+0000] {logging_mixin.py:120} INFO - [2024-07-25T19:17:49.272+0000] {dagbag.py:537} INFO - Filling up the DagBag from /opt/airflow/dags/producer.py
[2024-07-25T19:17:49.293+0000] {processor.py:766} INFO - DAG(s) dict_keys(['producer']) retrieved from /opt/airflow/dags/producer.py
[2024-07-25T19:17:49.325+0000] {logging_mixin.py:120} INFO - [2024-07-25T19:17:49.325+0000] {dag.py:2585} INFO - Sync 1 DAGs
[2024-07-25T19:17:49.350+0000] {logging_mixin.py:120} INFO - [2024-07-25T19:17:49.350+0000] {dag.py:3340} INFO - Setting next_dagrun for producer to 2024-07-24T00:00:00+00:00, run_after=2024-07-25T00:00:00+00:00
[2024-07-25T19:17:49.368+0000] {processor.py:176} INFO - Processing /opt/airflow/dags/producer.py took 0.101 seconds
[2024-07-25T19:18:20.101+0000] {processor.py:154} INFO - Started process (PID=1290) to work on /opt/airflow/dags/producer.py
[2024-07-25T19:18:20.102+0000] {processor.py:756} INFO - Processing file /opt/airflow/dags/producer.py for tasks to queue
[2024-07-25T19:18:20.103+0000] {logging_mixin.py:120} INFO - [2024-07-25T19:18:20.103+0000] {dagbag.py:537} INFO - Filling up the DagBag from /opt/airflow/dags/producer.py
[2024-07-25T19:18:20.123+0000] {processor.py:766} INFO - DAG(s) dict_keys(['producer']) retrieved from /opt/airflow/dags/producer.py
[2024-07-25T19:18:20.155+0000] {logging_mixin.py:120} INFO - [2024-07-25T19:18:20.155+0000] {dag.py:2585} INFO - Sync 1 DAGs
[2024-07-25T19:18:20.177+0000] {logging_mixin.py:120} INFO - [2024-07-25T19:18:20.177+0000] {dag.py:3340} INFO - Setting next_dagrun for producer to 2024-07-24T00:00:00+00:00, run_after=2024-07-25T00:00:00+00:00
[2024-07-25T19:18:20.195+0000] {processor.py:176} INFO - Processing /opt/airflow/dags/producer.py took 0.096 seconds
[2024-07-25T19:18:50.831+0000] {processor.py:154} INFO - Started process (PID=1330) to work on /opt/airflow/dags/producer.py
[2024-07-25T19:18:50.832+0000] {processor.py:756} INFO - Processing file /opt/airflow/dags/producer.py for tasks to queue
[2024-07-25T19:18:50.833+0000] {logging_mixin.py:120} INFO - [2024-07-25T19:18:50.833+0000] {dagbag.py:537} INFO - Filling up the DagBag from /opt/airflow/dags/producer.py
[2024-07-25T19:18:50.854+0000] {processor.py:766} INFO - DAG(s) dict_keys(['producer']) retrieved from /opt/airflow/dags/producer.py
[2024-07-25T19:18:50.886+0000] {logging_mixin.py:120} INFO - [2024-07-25T19:18:50.886+0000] {dag.py:2585} INFO - Sync 1 DAGs
[2024-07-25T19:18:50.908+0000] {logging_mixin.py:120} INFO - [2024-07-25T19:18:50.908+0000] {dag.py:3340} INFO - Setting next_dagrun for producer to 2024-07-24T00:00:00+00:00, run_after=2024-07-25T00:00:00+00:00
[2024-07-25T19:18:50.925+0000] {processor.py:176} INFO - Processing /opt/airflow/dags/producer.py took 0.097 seconds
[2024-07-25T19:19:21.650+0000] {processor.py:154} INFO - Started process (PID=1370) to work on /opt/airflow/dags/producer.py
[2024-07-25T19:19:21.651+0000] {processor.py:756} INFO - Processing file /opt/airflow/dags/producer.py for tasks to queue
[2024-07-25T19:19:21.652+0000] {logging_mixin.py:120} INFO - [2024-07-25T19:19:21.652+0000] {dagbag.py:537} INFO - Filling up the DagBag from /opt/airflow/dags/producer.py
[2024-07-25T19:19:21.677+0000] {processor.py:766} INFO - DAG(s) dict_keys(['producer']) retrieved from /opt/airflow/dags/producer.py
[2024-07-25T19:19:21.711+0000] {logging_mixin.py:120} INFO - [2024-07-25T19:19:21.711+0000] {dag.py:2585} INFO - Sync 1 DAGs
[2024-07-25T19:19:21.736+0000] {logging_mixin.py:120} INFO - [2024-07-25T19:19:21.736+0000] {dag.py:3340} INFO - Setting next_dagrun for producer to 2024-07-24T00:00:00+00:00, run_after=2024-07-25T00:00:00+00:00
[2024-07-25T19:19:21.754+0000] {processor.py:176} INFO - Processing /opt/airflow/dags/producer.py took 0.107 seconds
[2024-07-25T19:19:51.779+0000] {processor.py:154} INFO - Started process (PID=1401) to work on /opt/airflow/dags/producer.py
[2024-07-25T19:19:51.780+0000] {processor.py:756} INFO - Processing file /opt/airflow/dags/producer.py for tasks to queue
[2024-07-25T19:19:51.781+0000] {logging_mixin.py:120} INFO - [2024-07-25T19:19:51.780+0000] {dagbag.py:537} INFO - Filling up the DagBag from /opt/airflow/dags/producer.py
[2024-07-25T19:19:51.801+0000] {processor.py:766} INFO - DAG(s) dict_keys(['producer']) retrieved from /opt/airflow/dags/producer.py
[2024-07-25T19:19:51.833+0000] {logging_mixin.py:120} INFO - [2024-07-25T19:19:51.833+0000] {dag.py:2585} INFO - Sync 1 DAGs
[2024-07-25T19:19:51.854+0000] {logging_mixin.py:120} INFO - [2024-07-25T19:19:51.854+0000] {dag.py:3340} INFO - Setting next_dagrun for producer to 2024-07-24T00:00:00+00:00, run_after=2024-07-25T00:00:00+00:00
[2024-07-25T19:19:51.872+0000] {processor.py:176} INFO - Processing /opt/airflow/dags/producer.py took 0.096 seconds
[2024-07-25T19:20:22.548+0000] {processor.py:154} INFO - Started process (PID=1441) to work on /opt/airflow/dags/producer.py
[2024-07-25T19:20:22.549+0000] {processor.py:756} INFO - Processing file /opt/airflow/dags/producer.py for tasks to queue
[2024-07-25T19:20:22.550+0000] {logging_mixin.py:120} INFO - [2024-07-25T19:20:22.550+0000] {dagbag.py:537} INFO - Filling up the DagBag from /opt/airflow/dags/producer.py
[2024-07-25T19:20:22.571+0000] {processor.py:766} INFO - DAG(s) dict_keys(['producer']) retrieved from /opt/airflow/dags/producer.py
[2024-07-25T19:20:22.605+0000] {logging_mixin.py:120} INFO - [2024-07-25T19:20:22.605+0000] {dag.py:2585} INFO - Sync 1 DAGs
[2024-07-25T19:20:22.627+0000] {logging_mixin.py:120} INFO - [2024-07-25T19:20:22.627+0000] {dag.py:3340} INFO - Setting next_dagrun for producer to 2024-07-24T00:00:00+00:00, run_after=2024-07-25T00:00:00+00:00
[2024-07-25T19:20:22.644+0000] {processor.py:176} INFO - Processing /opt/airflow/dags/producer.py took 0.099 seconds
[2024-07-25T19:20:53.444+0000] {processor.py:154} INFO - Started process (PID=1481) to work on /opt/airflow/dags/producer.py
[2024-07-25T19:20:53.445+0000] {processor.py:756} INFO - Processing file /opt/airflow/dags/producer.py for tasks to queue
[2024-07-25T19:20:53.446+0000] {logging_mixin.py:120} INFO - [2024-07-25T19:20:53.446+0000] {dagbag.py:537} INFO - Filling up the DagBag from /opt/airflow/dags/producer.py
[2024-07-25T19:20:53.475+0000] {processor.py:766} INFO - DAG(s) dict_keys(['producer']) retrieved from /opt/airflow/dags/producer.py
[2024-07-25T19:20:53.530+0000] {logging_mixin.py:120} INFO - [2024-07-25T19:20:53.530+0000] {dag.py:2585} INFO - Sync 1 DAGs
[2024-07-25T19:20:53.558+0000] {logging_mixin.py:120} INFO - [2024-07-25T19:20:53.558+0000] {dag.py:3340} INFO - Setting next_dagrun for producer to 2024-07-24T00:00:00+00:00, run_after=2024-07-25T00:00:00+00:00
[2024-07-25T19:20:53.576+0000] {processor.py:176} INFO - Processing /opt/airflow/dags/producer.py took 0.135 seconds
[2024-07-25T19:21:24.239+0000] {processor.py:154} INFO - Started process (PID=1521) to work on /opt/airflow/dags/producer.py
[2024-07-25T19:21:24.240+0000] {processor.py:756} INFO - Processing file /opt/airflow/dags/producer.py for tasks to queue
[2024-07-25T19:21:24.241+0000] {logging_mixin.py:120} INFO - [2024-07-25T19:21:24.241+0000] {dagbag.py:537} INFO - Filling up the DagBag from /opt/airflow/dags/producer.py
[2024-07-25T19:21:24.262+0000] {processor.py:766} INFO - DAG(s) dict_keys(['producer']) retrieved from /opt/airflow/dags/producer.py
[2024-07-25T19:21:24.294+0000] {logging_mixin.py:120} INFO - [2024-07-25T19:21:24.294+0000] {dag.py:2585} INFO - Sync 1 DAGs
[2024-07-25T19:21:24.316+0000] {logging_mixin.py:120} INFO - [2024-07-25T19:21:24.316+0000] {dag.py:3340} INFO - Setting next_dagrun for producer to 2024-07-24T00:00:00+00:00, run_after=2024-07-25T00:00:00+00:00
[2024-07-25T19:21:24.333+0000] {processor.py:176} INFO - Processing /opt/airflow/dags/producer.py took 0.096 seconds
[2024-07-25T19:21:55.334+0000] {processor.py:154} INFO - Started process (PID=1561) to work on /opt/airflow/dags/producer.py
[2024-07-25T19:21:55.336+0000] {processor.py:756} INFO - Processing file /opt/airflow/dags/producer.py for tasks to queue
[2024-07-25T19:21:55.336+0000] {logging_mixin.py:120} INFO - [2024-07-25T19:21:55.336+0000] {dagbag.py:537} INFO - Filling up the DagBag from /opt/airflow/dags/producer.py
[2024-07-25T19:21:55.358+0000] {processor.py:766} INFO - DAG(s) dict_keys(['producer']) retrieved from /opt/airflow/dags/producer.py
[2024-07-25T19:21:55.403+0000] {logging_mixin.py:120} INFO - [2024-07-25T19:21:55.403+0000] {dag.py:2585} INFO - Sync 1 DAGs
[2024-07-25T19:21:55.434+0000] {logging_mixin.py:120} INFO - [2024-07-25T19:21:55.434+0000] {dag.py:3340} INFO - Setting next_dagrun for producer to 2024-07-24T00:00:00+00:00, run_after=2024-07-25T00:00:00+00:00
[2024-07-25T19:21:55.458+0000] {processor.py:176} INFO - Processing /opt/airflow/dags/producer.py took 0.127 seconds
[2024-07-25T19:22:25.654+0000] {processor.py:154} INFO - Started process (PID=1593) to work on /opt/airflow/dags/producer.py
[2024-07-25T19:22:25.656+0000] {processor.py:756} INFO - Processing file /opt/airflow/dags/producer.py for tasks to queue
[2024-07-25T19:22:25.657+0000] {logging_mixin.py:120} INFO - [2024-07-25T19:22:25.657+0000] {dagbag.py:537} INFO - Filling up the DagBag from /opt/airflow/dags/producer.py
[2024-07-25T19:22:25.694+0000] {processor.py:766} INFO - DAG(s) dict_keys(['producer']) retrieved from /opt/airflow/dags/producer.py
[2024-07-25T19:22:25.753+0000] {logging_mixin.py:120} INFO - [2024-07-25T19:22:25.753+0000] {dag.py:2585} INFO - Sync 1 DAGs
[2024-07-25T19:22:25.792+0000] {logging_mixin.py:120} INFO - [2024-07-25T19:22:25.792+0000] {dag.py:3340} INFO - Setting next_dagrun for producer to 2024-07-24T00:00:00+00:00, run_after=2024-07-25T00:00:00+00:00
[2024-07-25T19:22:25.828+0000] {processor.py:176} INFO - Processing /opt/airflow/dags/producer.py took 0.179 seconds
[2024-07-25T19:22:56.398+0000] {processor.py:154} INFO - Started process (PID=1633) to work on /opt/airflow/dags/producer.py
[2024-07-25T19:22:56.399+0000] {processor.py:756} INFO - Processing file /opt/airflow/dags/producer.py for tasks to queue
[2024-07-25T19:22:56.400+0000] {logging_mixin.py:120} INFO - [2024-07-25T19:22:56.400+0000] {dagbag.py:537} INFO - Filling up the DagBag from /opt/airflow/dags/producer.py
[2024-07-25T19:22:56.422+0000] {processor.py:766} INFO - DAG(s) dict_keys(['producer']) retrieved from /opt/airflow/dags/producer.py
[2024-07-25T19:22:56.455+0000] {logging_mixin.py:120} INFO - [2024-07-25T19:22:56.455+0000] {dag.py:2585} INFO - Sync 1 DAGs
[2024-07-25T19:22:56.478+0000] {logging_mixin.py:120} INFO - [2024-07-25T19:22:56.478+0000] {dag.py:3340} INFO - Setting next_dagrun for producer to 2024-07-24T00:00:00+00:00, run_after=2024-07-25T00:00:00+00:00
[2024-07-25T19:22:56.496+0000] {processor.py:176} INFO - Processing /opt/airflow/dags/producer.py took 0.101 seconds
[2024-07-25T19:23:26.760+0000] {processor.py:154} INFO - Started process (PID=1673) to work on /opt/airflow/dags/producer.py
[2024-07-25T19:23:26.764+0000] {processor.py:756} INFO - Processing file /opt/airflow/dags/producer.py for tasks to queue
[2024-07-25T19:23:26.765+0000] {logging_mixin.py:120} INFO - [2024-07-25T19:23:26.764+0000] {dagbag.py:537} INFO - Filling up the DagBag from /opt/airflow/dags/producer.py
[2024-07-25T19:23:26.798+0000] {processor.py:766} INFO - DAG(s) dict_keys(['producer']) retrieved from /opt/airflow/dags/producer.py
[2024-07-25T19:23:26.843+0000] {logging_mixin.py:120} INFO - [2024-07-25T19:23:26.842+0000] {dag.py:2585} INFO - Sync 1 DAGs
[2024-07-25T19:23:26.871+0000] {logging_mixin.py:120} INFO - [2024-07-25T19:23:26.871+0000] {dag.py:3340} INFO - Setting next_dagrun for producer to 2024-07-24T00:00:00+00:00, run_after=2024-07-25T00:00:00+00:00
[2024-07-25T19:23:26.897+0000] {processor.py:176} INFO - Processing /opt/airflow/dags/producer.py took 0.140 seconds
[2024-07-25T19:23:57.111+0000] {processor.py:154} INFO - Started process (PID=1704) to work on /opt/airflow/dags/producer.py
[2024-07-25T19:23:57.112+0000] {processor.py:756} INFO - Processing file /opt/airflow/dags/producer.py for tasks to queue
[2024-07-25T19:23:57.114+0000] {logging_mixin.py:120} INFO - [2024-07-25T19:23:57.114+0000] {dagbag.py:537} INFO - Filling up the DagBag from /opt/airflow/dags/producer.py
[2024-07-25T19:23:57.136+0000] {processor.py:766} INFO - DAG(s) dict_keys(['producer']) retrieved from /opt/airflow/dags/producer.py
[2024-07-25T19:23:57.168+0000] {logging_mixin.py:120} INFO - [2024-07-25T19:23:57.168+0000] {dag.py:2585} INFO - Sync 1 DAGs
[2024-07-25T19:23:57.190+0000] {logging_mixin.py:120} INFO - [2024-07-25T19:23:57.190+0000] {dag.py:3340} INFO - Setting next_dagrun for producer to 2024-07-24T00:00:00+00:00, run_after=2024-07-25T00:00:00+00:00
[2024-07-25T19:23:57.212+0000] {processor.py:176} INFO - Processing /opt/airflow/dags/producer.py took 0.104 seconds
[2024-07-25T19:24:27.961+0000] {processor.py:154} INFO - Started process (PID=1744) to work on /opt/airflow/dags/producer.py
[2024-07-25T19:24:27.962+0000] {processor.py:756} INFO - Processing file /opt/airflow/dags/producer.py for tasks to queue
[2024-07-25T19:24:27.963+0000] {logging_mixin.py:120} INFO - [2024-07-25T19:24:27.963+0000] {dagbag.py:537} INFO - Filling up the DagBag from /opt/airflow/dags/producer.py
[2024-07-25T19:24:27.983+0000] {processor.py:766} INFO - DAG(s) dict_keys(['producer']) retrieved from /opt/airflow/dags/producer.py
[2024-07-25T19:24:28.015+0000] {logging_mixin.py:120} INFO - [2024-07-25T19:24:28.015+0000] {dag.py:2585} INFO - Sync 1 DAGs
[2024-07-25T19:24:28.038+0000] {logging_mixin.py:120} INFO - [2024-07-25T19:24:28.037+0000] {dag.py:3340} INFO - Setting next_dagrun for producer to 2024-07-24T00:00:00+00:00, run_after=2024-07-25T00:00:00+00:00
[2024-07-25T19:24:28.055+0000] {processor.py:176} INFO - Processing /opt/airflow/dags/producer.py took 0.096 seconds
[2024-07-25T19:24:58.720+0000] {processor.py:154} INFO - Started process (PID=1784) to work on /opt/airflow/dags/producer.py
[2024-07-25T19:24:58.721+0000] {processor.py:756} INFO - Processing file /opt/airflow/dags/producer.py for tasks to queue
[2024-07-25T19:24:58.722+0000] {logging_mixin.py:120} INFO - [2024-07-25T19:24:58.722+0000] {dagbag.py:537} INFO - Filling up the DagBag from /opt/airflow/dags/producer.py
[2024-07-25T19:24:58.743+0000] {processor.py:766} INFO - DAG(s) dict_keys(['producer']) retrieved from /opt/airflow/dags/producer.py
[2024-07-25T19:24:58.776+0000] {logging_mixin.py:120} INFO - [2024-07-25T19:24:58.775+0000] {dag.py:2585} INFO - Sync 1 DAGs
[2024-07-25T19:24:58.797+0000] {logging_mixin.py:120} INFO - [2024-07-25T19:24:58.797+0000] {dag.py:3340} INFO - Setting next_dagrun for producer to 2024-07-24T00:00:00+00:00, run_after=2024-07-25T00:00:00+00:00
[2024-07-25T19:24:58.815+0000] {processor.py:176} INFO - Processing /opt/airflow/dags/producer.py took 0.098 seconds
[2024-07-25T19:25:29.492+0000] {processor.py:154} INFO - Started process (PID=1824) to work on /opt/airflow/dags/producer.py
[2024-07-25T19:25:29.494+0000] {processor.py:756} INFO - Processing file /opt/airflow/dags/producer.py for tasks to queue
[2024-07-25T19:25:29.494+0000] {logging_mixin.py:120} INFO - [2024-07-25T19:25:29.494+0000] {dagbag.py:537} INFO - Filling up the DagBag from /opt/airflow/dags/producer.py
[2024-07-25T19:25:29.516+0000] {processor.py:766} INFO - DAG(s) dict_keys(['producer']) retrieved from /opt/airflow/dags/producer.py
[2024-07-25T19:25:29.553+0000] {logging_mixin.py:120} INFO - [2024-07-25T19:25:29.552+0000] {dag.py:2585} INFO - Sync 1 DAGs
[2024-07-25T19:25:29.577+0000] {logging_mixin.py:120} INFO - [2024-07-25T19:25:29.577+0000] {dag.py:3340} INFO - Setting next_dagrun for producer to 2024-07-24T00:00:00+00:00, run_after=2024-07-25T00:00:00+00:00
[2024-07-25T19:25:29.595+0000] {processor.py:176} INFO - Processing /opt/airflow/dags/producer.py took 0.106 seconds
[2024-07-25T19:25:59.671+0000] {processor.py:154} INFO - Started process (PID=1864) to work on /opt/airflow/dags/producer.py
[2024-07-25T19:25:59.672+0000] {processor.py:756} INFO - Processing file /opt/airflow/dags/producer.py for tasks to queue
[2024-07-25T19:25:59.673+0000] {logging_mixin.py:120} INFO - [2024-07-25T19:25:59.673+0000] {dagbag.py:537} INFO - Filling up the DagBag from /opt/airflow/dags/producer.py
[2024-07-25T19:25:59.696+0000] {processor.py:766} INFO - DAG(s) dict_keys(['producer']) retrieved from /opt/airflow/dags/producer.py
[2024-07-25T19:25:59.732+0000] {logging_mixin.py:120} INFO - [2024-07-25T19:25:59.732+0000] {dag.py:2585} INFO - Sync 1 DAGs
[2024-07-25T19:25:59.756+0000] {logging_mixin.py:120} INFO - [2024-07-25T19:25:59.756+0000] {dag.py:3340} INFO - Setting next_dagrun for producer to 2024-07-24T00:00:00+00:00, run_after=2024-07-25T00:00:00+00:00
[2024-07-25T19:25:59.777+0000] {processor.py:176} INFO - Processing /opt/airflow/dags/producer.py took 0.110 seconds
[2024-07-25T19:26:30.522+0000] {processor.py:154} INFO - Started process (PID=1895) to work on /opt/airflow/dags/producer.py
[2024-07-25T19:26:30.522+0000] {processor.py:756} INFO - Processing file /opt/airflow/dags/producer.py for tasks to queue
[2024-07-25T19:26:30.523+0000] {logging_mixin.py:120} INFO - [2024-07-25T19:26:30.523+0000] {dagbag.py:537} INFO - Filling up the DagBag from /opt/airflow/dags/producer.py
[2024-07-25T19:26:30.543+0000] {processor.py:766} INFO - DAG(s) dict_keys(['producer']) retrieved from /opt/airflow/dags/producer.py
[2024-07-25T19:26:30.575+0000] {logging_mixin.py:120} INFO - [2024-07-25T19:26:30.575+0000] {dag.py:2585} INFO - Sync 1 DAGs
[2024-07-25T19:26:30.598+0000] {logging_mixin.py:120} INFO - [2024-07-25T19:26:30.597+0000] {dag.py:3340} INFO - Setting next_dagrun for producer to 2024-07-24T00:00:00+00:00, run_after=2024-07-25T00:00:00+00:00
[2024-07-25T19:26:30.616+0000] {processor.py:176} INFO - Processing /opt/airflow/dags/producer.py took 0.097 seconds
[2024-07-25T19:27:01.418+0000] {processor.py:154} INFO - Started process (PID=1935) to work on /opt/airflow/dags/producer.py
[2024-07-25T19:27:01.419+0000] {processor.py:756} INFO - Processing file /opt/airflow/dags/producer.py for tasks to queue
[2024-07-25T19:27:01.420+0000] {logging_mixin.py:120} INFO - [2024-07-25T19:27:01.420+0000] {dagbag.py:537} INFO - Filling up the DagBag from /opt/airflow/dags/producer.py
[2024-07-25T19:27:01.440+0000] {processor.py:766} INFO - DAG(s) dict_keys(['producer']) retrieved from /opt/airflow/dags/producer.py
[2024-07-25T19:27:01.473+0000] {logging_mixin.py:120} INFO - [2024-07-25T19:27:01.472+0000] {dag.py:2585} INFO - Sync 1 DAGs
[2024-07-25T19:27:01.499+0000] {logging_mixin.py:120} INFO - [2024-07-25T19:27:01.499+0000] {dag.py:3340} INFO - Setting next_dagrun for producer to 2024-07-24T00:00:00+00:00, run_after=2024-07-25T00:00:00+00:00
[2024-07-25T19:27:01.560+0000] {processor.py:176} INFO - Processing /opt/airflow/dags/producer.py took 0.146 seconds
[2024-07-25T19:27:32.216+0000] {processor.py:154} INFO - Started process (PID=1975) to work on /opt/airflow/dags/producer.py
[2024-07-25T19:27:32.217+0000] {processor.py:756} INFO - Processing file /opt/airflow/dags/producer.py for tasks to queue
[2024-07-25T19:27:32.217+0000] {logging_mixin.py:120} INFO - [2024-07-25T19:27:32.217+0000] {dagbag.py:537} INFO - Filling up the DagBag from /opt/airflow/dags/producer.py
[2024-07-25T19:27:32.239+0000] {processor.py:766} INFO - DAG(s) dict_keys(['producer']) retrieved from /opt/airflow/dags/producer.py
[2024-07-25T19:27:32.272+0000] {logging_mixin.py:120} INFO - [2024-07-25T19:27:32.272+0000] {dag.py:2585} INFO - Sync 1 DAGs
[2024-07-25T19:27:32.294+0000] {logging_mixin.py:120} INFO - [2024-07-25T19:27:32.294+0000] {dag.py:3340} INFO - Setting next_dagrun for producer to 2024-07-24T00:00:00+00:00, run_after=2024-07-25T00:00:00+00:00
[2024-07-25T19:27:32.311+0000] {processor.py:176} INFO - Processing /opt/airflow/dags/producer.py took 0.099 seconds
[2024-07-25T19:28:02.432+0000] {processor.py:154} INFO - Started process (PID=2015) to work on /opt/airflow/dags/producer.py
[2024-07-25T19:28:02.432+0000] {processor.py:756} INFO - Processing file /opt/airflow/dags/producer.py for tasks to queue
[2024-07-25T19:28:02.434+0000] {logging_mixin.py:120} INFO - [2024-07-25T19:28:02.433+0000] {dagbag.py:537} INFO - Filling up the DagBag from /opt/airflow/dags/producer.py
[2024-07-25T19:28:02.454+0000] {processor.py:766} INFO - DAG(s) dict_keys(['producer']) retrieved from /opt/airflow/dags/producer.py
[2024-07-25T19:28:02.488+0000] {logging_mixin.py:120} INFO - [2024-07-25T19:28:02.488+0000] {dag.py:2585} INFO - Sync 1 DAGs
[2024-07-25T19:28:02.510+0000] {logging_mixin.py:120} INFO - [2024-07-25T19:28:02.510+0000] {dag.py:3340} INFO - Setting next_dagrun for producer to 2024-07-24T00:00:00+00:00, run_after=2024-07-25T00:00:00+00:00
[2024-07-25T19:28:02.527+0000] {processor.py:176} INFO - Processing /opt/airflow/dags/producer.py took 0.099 seconds
[2024-07-25T19:28:32.650+0000] {processor.py:154} INFO - Started process (PID=2046) to work on /opt/airflow/dags/producer.py
[2024-07-25T19:28:32.651+0000] {processor.py:756} INFO - Processing file /opt/airflow/dags/producer.py for tasks to queue
[2024-07-25T19:28:32.652+0000] {logging_mixin.py:120} INFO - [2024-07-25T19:28:32.652+0000] {dagbag.py:537} INFO - Filling up the DagBag from /opt/airflow/dags/producer.py
[2024-07-25T19:28:32.674+0000] {processor.py:766} INFO - DAG(s) dict_keys(['producer']) retrieved from /opt/airflow/dags/producer.py
[2024-07-25T19:28:32.708+0000] {logging_mixin.py:120} INFO - [2024-07-25T19:28:32.707+0000] {dag.py:2585} INFO - Sync 1 DAGs
[2024-07-25T19:28:32.730+0000] {logging_mixin.py:120} INFO - [2024-07-25T19:28:32.730+0000] {dag.py:3340} INFO - Setting next_dagrun for producer to 2024-07-24T00:00:00+00:00, run_after=2024-07-25T00:00:00+00:00
[2024-07-25T19:28:32.747+0000] {processor.py:176} INFO - Processing /opt/airflow/dags/producer.py took 0.101 seconds
[2024-07-25T19:29:03.456+0000] {processor.py:154} INFO - Started process (PID=2086) to work on /opt/airflow/dags/producer.py
[2024-07-25T19:29:03.457+0000] {processor.py:756} INFO - Processing file /opt/airflow/dags/producer.py for tasks to queue
[2024-07-25T19:29:03.457+0000] {logging_mixin.py:120} INFO - [2024-07-25T19:29:03.457+0000] {dagbag.py:537} INFO - Filling up the DagBag from /opt/airflow/dags/producer.py
[2024-07-25T19:29:03.478+0000] {processor.py:766} INFO - DAG(s) dict_keys(['producer']) retrieved from /opt/airflow/dags/producer.py
[2024-07-25T19:29:03.512+0000] {logging_mixin.py:120} INFO - [2024-07-25T19:29:03.511+0000] {dag.py:2585} INFO - Sync 1 DAGs
[2024-07-25T19:29:03.534+0000] {logging_mixin.py:120} INFO - [2024-07-25T19:29:03.534+0000] {dag.py:3340} INFO - Setting next_dagrun for producer to 2024-07-24T00:00:00+00:00, run_after=2024-07-25T00:00:00+00:00
[2024-07-25T19:29:03.553+0000] {processor.py:176} INFO - Processing /opt/airflow/dags/producer.py took 0.100 seconds
[2024-07-25T19:29:34.254+0000] {processor.py:154} INFO - Started process (PID=2125) to work on /opt/airflow/dags/producer.py
[2024-07-25T19:29:34.255+0000] {processor.py:756} INFO - Processing file /opt/airflow/dags/producer.py for tasks to queue
[2024-07-25T19:29:34.256+0000] {logging_mixin.py:120} INFO - [2024-07-25T19:29:34.256+0000] {dagbag.py:537} INFO - Filling up the DagBag from /opt/airflow/dags/producer.py
[2024-07-25T19:29:34.276+0000] {processor.py:766} INFO - DAG(s) dict_keys(['producer']) retrieved from /opt/airflow/dags/producer.py
[2024-07-25T19:29:34.308+0000] {logging_mixin.py:120} INFO - [2024-07-25T19:29:34.308+0000] {dag.py:2585} INFO - Sync 1 DAGs
[2024-07-25T19:29:34.330+0000] {logging_mixin.py:120} INFO - [2024-07-25T19:29:34.330+0000] {dag.py:3340} INFO - Setting next_dagrun for producer to 2024-07-24T00:00:00+00:00, run_after=2024-07-25T00:00:00+00:00
[2024-07-25T19:29:34.348+0000] {processor.py:176} INFO - Processing /opt/airflow/dags/producer.py took 0.097 seconds
[2024-07-25T19:30:05.039+0000] {processor.py:154} INFO - Started process (PID=2165) to work on /opt/airflow/dags/producer.py
[2024-07-25T19:30:05.040+0000] {processor.py:756} INFO - Processing file /opt/airflow/dags/producer.py for tasks to queue
[2024-07-25T19:30:05.040+0000] {logging_mixin.py:120} INFO - [2024-07-25T19:30:05.040+0000] {dagbag.py:537} INFO - Filling up the DagBag from /opt/airflow/dags/producer.py
[2024-07-25T19:30:05.061+0000] {processor.py:766} INFO - DAG(s) dict_keys(['producer']) retrieved from /opt/airflow/dags/producer.py
[2024-07-25T19:30:05.093+0000] {logging_mixin.py:120} INFO - [2024-07-25T19:30:05.093+0000] {dag.py:2585} INFO - Sync 1 DAGs
[2024-07-25T19:30:05.116+0000] {logging_mixin.py:120} INFO - [2024-07-25T19:30:05.116+0000] {dag.py:3340} INFO - Setting next_dagrun for producer to 2024-07-24T00:00:00+00:00, run_after=2024-07-25T00:00:00+00:00
[2024-07-25T19:30:05.134+0000] {processor.py:176} INFO - Processing /opt/airflow/dags/producer.py took 0.099 seconds
[2024-07-25T19:30:35.238+0000] {processor.py:154} INFO - Started process (PID=2205) to work on /opt/airflow/dags/producer.py
[2024-07-25T19:30:35.238+0000] {processor.py:756} INFO - Processing file /opt/airflow/dags/producer.py for tasks to queue
[2024-07-25T19:30:35.239+0000] {logging_mixin.py:120} INFO - [2024-07-25T19:30:35.239+0000] {dagbag.py:537} INFO - Filling up the DagBag from /opt/airflow/dags/producer.py
[2024-07-25T19:30:35.260+0000] {processor.py:766} INFO - DAG(s) dict_keys(['producer']) retrieved from /opt/airflow/dags/producer.py
[2024-07-25T19:30:35.295+0000] {logging_mixin.py:120} INFO - [2024-07-25T19:30:35.294+0000] {dag.py:2585} INFO - Sync 1 DAGs
[2024-07-25T19:30:35.330+0000] {logging_mixin.py:120} INFO - [2024-07-25T19:30:35.330+0000] {dag.py:3340} INFO - Setting next_dagrun for producer to 2024-07-24T00:00:00+00:00, run_after=2024-07-25T00:00:00+00:00
[2024-07-25T19:30:35.349+0000] {processor.py:176} INFO - Processing /opt/airflow/dags/producer.py took 0.115 seconds
[2024-07-25T19:31:05.442+0000] {processor.py:154} INFO - Started process (PID=2236) to work on /opt/airflow/dags/producer.py
[2024-07-25T19:31:05.444+0000] {processor.py:756} INFO - Processing file /opt/airflow/dags/producer.py for tasks to queue
[2024-07-25T19:31:05.444+0000] {logging_mixin.py:120} INFO - [2024-07-25T19:31:05.444+0000] {dagbag.py:537} INFO - Filling up the DagBag from /opt/airflow/dags/producer.py
[2024-07-25T19:31:05.464+0000] {processor.py:766} INFO - DAG(s) dict_keys(['producer']) retrieved from /opt/airflow/dags/producer.py
[2024-07-25T19:31:05.497+0000] {logging_mixin.py:120} INFO - [2024-07-25T19:31:05.497+0000] {dag.py:2585} INFO - Sync 1 DAGs
[2024-07-25T19:31:05.519+0000] {logging_mixin.py:120} INFO - [2024-07-25T19:31:05.519+0000] {dag.py:3340} INFO - Setting next_dagrun for producer to 2024-07-24T00:00:00+00:00, run_after=2024-07-25T00:00:00+00:00
[2024-07-25T19:31:05.536+0000] {processor.py:176} INFO - Processing /opt/airflow/dags/producer.py took 0.097 seconds
[2024-07-25T19:31:36.263+0000] {processor.py:154} INFO - Started process (PID=2276) to work on /opt/airflow/dags/producer.py
[2024-07-25T19:31:36.264+0000] {processor.py:756} INFO - Processing file /opt/airflow/dags/producer.py for tasks to queue
[2024-07-25T19:31:36.265+0000] {logging_mixin.py:120} INFO - [2024-07-25T19:31:36.265+0000] {dagbag.py:537} INFO - Filling up the DagBag from /opt/airflow/dags/producer.py
[2024-07-25T19:31:36.286+0000] {processor.py:766} INFO - DAG(s) dict_keys(['producer']) retrieved from /opt/airflow/dags/producer.py
[2024-07-25T19:31:36.320+0000] {logging_mixin.py:120} INFO - [2024-07-25T19:31:36.320+0000] {dag.py:2585} INFO - Sync 1 DAGs
[2024-07-25T19:31:36.344+0000] {logging_mixin.py:120} INFO - [2024-07-25T19:31:36.343+0000] {dag.py:3340} INFO - Setting next_dagrun for producer to 2024-07-24T00:00:00+00:00, run_after=2024-07-25T00:00:00+00:00
[2024-07-25T19:31:36.369+0000] {processor.py:176} INFO - Processing /opt/airflow/dags/producer.py took 0.108 seconds
[2024-07-25T19:32:07.059+0000] {processor.py:154} INFO - Started process (PID=2316) to work on /opt/airflow/dags/producer.py
[2024-07-25T19:32:07.060+0000] {processor.py:756} INFO - Processing file /opt/airflow/dags/producer.py for tasks to queue
[2024-07-25T19:32:07.061+0000] {logging_mixin.py:120} INFO - [2024-07-25T19:32:07.061+0000] {dagbag.py:537} INFO - Filling up the DagBag from /opt/airflow/dags/producer.py
[2024-07-25T19:32:07.082+0000] {processor.py:766} INFO - DAG(s) dict_keys(['producer']) retrieved from /opt/airflow/dags/producer.py
[2024-07-25T19:32:07.117+0000] {logging_mixin.py:120} INFO - [2024-07-25T19:32:07.116+0000] {dag.py:2585} INFO - Sync 1 DAGs
[2024-07-25T19:32:07.141+0000] {logging_mixin.py:120} INFO - [2024-07-25T19:32:07.141+0000] {dag.py:3340} INFO - Setting next_dagrun for producer to 2024-07-24T00:00:00+00:00, run_after=2024-07-25T00:00:00+00:00
[2024-07-25T19:32:07.160+0000] {processor.py:176} INFO - Processing /opt/airflow/dags/producer.py took 0.104 seconds
[2024-07-25T19:32:37.829+0000] {processor.py:154} INFO - Started process (PID=2356) to work on /opt/airflow/dags/producer.py
[2024-07-25T19:32:37.830+0000] {processor.py:756} INFO - Processing file /opt/airflow/dags/producer.py for tasks to queue
[2024-07-25T19:32:37.831+0000] {logging_mixin.py:120} INFO - [2024-07-25T19:32:37.831+0000] {dagbag.py:537} INFO - Filling up the DagBag from /opt/airflow/dags/producer.py
[2024-07-25T19:32:37.852+0000] {processor.py:766} INFO - DAG(s) dict_keys(['producer']) retrieved from /opt/airflow/dags/producer.py
[2024-07-25T19:32:37.887+0000] {logging_mixin.py:120} INFO - [2024-07-25T19:32:37.887+0000] {dag.py:2585} INFO - Sync 1 DAGs
[2024-07-25T19:32:37.911+0000] {logging_mixin.py:120} INFO - [2024-07-25T19:32:37.911+0000] {dag.py:3340} INFO - Setting next_dagrun for producer to 2024-07-24T00:00:00+00:00, run_after=2024-07-25T00:00:00+00:00
[2024-07-25T19:32:37.944+0000] {processor.py:176} INFO - Processing /opt/airflow/dags/producer.py took 0.118 seconds
[2024-07-25T19:33:08.104+0000] {processor.py:154} INFO - Started process (PID=2386) to work on /opt/airflow/dags/producer.py
[2024-07-25T19:33:08.105+0000] {processor.py:756} INFO - Processing file /opt/airflow/dags/producer.py for tasks to queue
[2024-07-25T19:33:08.106+0000] {logging_mixin.py:120} INFO - [2024-07-25T19:33:08.106+0000] {dagbag.py:537} INFO - Filling up the DagBag from /opt/airflow/dags/producer.py
[2024-07-25T19:33:08.126+0000] {processor.py:766} INFO - DAG(s) dict_keys(['producer']) retrieved from /opt/airflow/dags/producer.py
[2024-07-25T19:33:08.159+0000] {logging_mixin.py:120} INFO - [2024-07-25T19:33:08.158+0000] {dag.py:2585} INFO - Sync 1 DAGs
[2024-07-25T19:33:08.180+0000] {logging_mixin.py:120} INFO - [2024-07-25T19:33:08.180+0000] {dag.py:3340} INFO - Setting next_dagrun for producer to 2024-07-24T00:00:00+00:00, run_after=2024-07-25T00:00:00+00:00
[2024-07-25T19:33:08.197+0000] {processor.py:176} INFO - Processing /opt/airflow/dags/producer.py took 0.096 seconds
[2024-07-25T19:33:38.319+0000] {processor.py:154} INFO - Started process (PID=2426) to work on /opt/airflow/dags/producer.py
[2024-07-25T19:33:38.320+0000] {processor.py:756} INFO - Processing file /opt/airflow/dags/producer.py for tasks to queue
[2024-07-25T19:33:38.321+0000] {logging_mixin.py:120} INFO - [2024-07-25T19:33:38.321+0000] {dagbag.py:537} INFO - Filling up the DagBag from /opt/airflow/dags/producer.py
[2024-07-25T19:33:38.342+0000] {processor.py:766} INFO - DAG(s) dict_keys(['producer']) retrieved from /opt/airflow/dags/producer.py
[2024-07-25T19:33:38.376+0000] {logging_mixin.py:120} INFO - [2024-07-25T19:33:38.376+0000] {dag.py:2585} INFO - Sync 1 DAGs
[2024-07-25T19:33:38.398+0000] {logging_mixin.py:120} INFO - [2024-07-25T19:33:38.398+0000] {dag.py:3340} INFO - Setting next_dagrun for producer to 2024-07-24T00:00:00+00:00, run_after=2024-07-25T00:00:00+00:00
[2024-07-25T19:33:38.417+0000] {processor.py:176} INFO - Processing /opt/airflow/dags/producer.py took 0.102 seconds
[2024-07-25T19:34:09.093+0000] {processor.py:154} INFO - Started process (PID=2466) to work on /opt/airflow/dags/producer.py
[2024-07-25T19:34:09.094+0000] {processor.py:756} INFO - Processing file /opt/airflow/dags/producer.py for tasks to queue
[2024-07-25T19:34:09.095+0000] {logging_mixin.py:120} INFO - [2024-07-25T19:34:09.095+0000] {dagbag.py:537} INFO - Filling up the DagBag from /opt/airflow/dags/producer.py
[2024-07-25T19:34:09.115+0000] {processor.py:766} INFO - DAG(s) dict_keys(['producer']) retrieved from /opt/airflow/dags/producer.py
[2024-07-25T19:34:09.148+0000] {logging_mixin.py:120} INFO - [2024-07-25T19:34:09.148+0000] {dag.py:2585} INFO - Sync 1 DAGs
[2024-07-25T19:34:09.170+0000] {logging_mixin.py:120} INFO - [2024-07-25T19:34:09.170+0000] {dag.py:3340} INFO - Setting next_dagrun for producer to 2024-07-24T00:00:00+00:00, run_after=2024-07-25T00:00:00+00:00
[2024-07-25T19:34:09.188+0000] {processor.py:176} INFO - Processing /opt/airflow/dags/producer.py took 0.098 seconds
[2024-07-25T19:34:39.888+0000] {processor.py:154} INFO - Started process (PID=2505) to work on /opt/airflow/dags/producer.py
[2024-07-25T19:34:39.889+0000] {processor.py:756} INFO - Processing file /opt/airflow/dags/producer.py for tasks to queue
[2024-07-25T19:34:39.890+0000] {logging_mixin.py:120} INFO - [2024-07-25T19:34:39.890+0000] {dagbag.py:537} INFO - Filling up the DagBag from /opt/airflow/dags/producer.py
[2024-07-25T19:34:39.911+0000] {processor.py:766} INFO - DAG(s) dict_keys(['producer']) retrieved from /opt/airflow/dags/producer.py
[2024-07-25T19:34:39.943+0000] {logging_mixin.py:120} INFO - [2024-07-25T19:34:39.942+0000] {dag.py:2585} INFO - Sync 1 DAGs
[2024-07-25T19:34:39.965+0000] {logging_mixin.py:120} INFO - [2024-07-25T19:34:39.965+0000] {dag.py:3340} INFO - Setting next_dagrun for producer to 2024-07-24T00:00:00+00:00, run_after=2024-07-25T00:00:00+00:00
[2024-07-25T19:34:39.983+0000] {processor.py:176} INFO - Processing /opt/airflow/dags/producer.py took 0.098 seconds
[2024-07-25T19:35:10.649+0000] {processor.py:154} INFO - Started process (PID=2545) to work on /opt/airflow/dags/producer.py
[2024-07-25T19:35:10.650+0000] {processor.py:756} INFO - Processing file /opt/airflow/dags/producer.py for tasks to queue
[2024-07-25T19:35:10.651+0000] {logging_mixin.py:120} INFO - [2024-07-25T19:35:10.651+0000] {dagbag.py:537} INFO - Filling up the DagBag from /opt/airflow/dags/producer.py
[2024-07-25T19:35:10.671+0000] {processor.py:766} INFO - DAG(s) dict_keys(['producer']) retrieved from /opt/airflow/dags/producer.py
[2024-07-25T19:35:10.707+0000] {logging_mixin.py:120} INFO - [2024-07-25T19:35:10.707+0000] {dag.py:2585} INFO - Sync 1 DAGs
[2024-07-25T19:35:10.734+0000] {logging_mixin.py:120} INFO - [2024-07-25T19:35:10.734+0000] {dag.py:3340} INFO - Setting next_dagrun for producer to 2024-07-24T00:00:00+00:00, run_after=2024-07-25T00:00:00+00:00
[2024-07-25T19:35:10.762+0000] {processor.py:176} INFO - Processing /opt/airflow/dags/producer.py took 0.115 seconds
[2024-07-25T19:35:41.424+0000] {processor.py:154} INFO - Started process (PID=2576) to work on /opt/airflow/dags/producer.py
[2024-07-25T19:35:41.424+0000] {processor.py:756} INFO - Processing file /opt/airflow/dags/producer.py for tasks to queue
[2024-07-25T19:35:41.425+0000] {logging_mixin.py:120} INFO - [2024-07-25T19:35:41.425+0000] {dagbag.py:537} INFO - Filling up the DagBag from /opt/airflow/dags/producer.py
[2024-07-25T19:35:41.446+0000] {processor.py:766} INFO - DAG(s) dict_keys(['producer']) retrieved from /opt/airflow/dags/producer.py
[2024-07-25T19:35:41.479+0000] {logging_mixin.py:120} INFO - [2024-07-25T19:35:41.478+0000] {dag.py:2585} INFO - Sync 1 DAGs
[2024-07-25T19:35:41.500+0000] {logging_mixin.py:120} INFO - [2024-07-25T19:35:41.500+0000] {dag.py:3340} INFO - Setting next_dagrun for producer to 2024-07-24T00:00:00+00:00, run_after=2024-07-25T00:00:00+00:00
[2024-07-25T19:35:41.517+0000] {processor.py:176} INFO - Processing /opt/airflow/dags/producer.py took 0.096 seconds
[2024-07-25T19:36:11.572+0000] {processor.py:154} INFO - Started process (PID=2616) to work on /opt/airflow/dags/producer.py
[2024-07-25T19:36:11.573+0000] {processor.py:756} INFO - Processing file /opt/airflow/dags/producer.py for tasks to queue
[2024-07-25T19:36:11.574+0000] {logging_mixin.py:120} INFO - [2024-07-25T19:36:11.574+0000] {dagbag.py:537} INFO - Filling up the DagBag from /opt/airflow/dags/producer.py
[2024-07-25T19:36:11.595+0000] {processor.py:766} INFO - DAG(s) dict_keys(['producer']) retrieved from /opt/airflow/dags/producer.py
[2024-07-25T19:36:11.630+0000] {logging_mixin.py:120} INFO - [2024-07-25T19:36:11.630+0000] {dag.py:2585} INFO - Sync 1 DAGs
[2024-07-25T19:36:11.653+0000] {logging_mixin.py:120} INFO - [2024-07-25T19:36:11.653+0000] {dag.py:3340} INFO - Setting next_dagrun for producer to 2024-07-24T00:00:00+00:00, run_after=2024-07-25T00:00:00+00:00
[2024-07-25T19:36:11.670+0000] {processor.py:176} INFO - Processing /opt/airflow/dags/producer.py took 0.101 seconds
[2024-07-25T19:36:42.320+0000] {processor.py:154} INFO - Started process (PID=2656) to work on /opt/airflow/dags/producer.py
[2024-07-25T19:36:42.321+0000] {processor.py:756} INFO - Processing file /opt/airflow/dags/producer.py for tasks to queue
[2024-07-25T19:36:42.322+0000] {logging_mixin.py:120} INFO - [2024-07-25T19:36:42.322+0000] {dagbag.py:537} INFO - Filling up the DagBag from /opt/airflow/dags/producer.py
[2024-07-25T19:36:42.342+0000] {processor.py:766} INFO - DAG(s) dict_keys(['producer']) retrieved from /opt/airflow/dags/producer.py
[2024-07-25T19:36:42.375+0000] {logging_mixin.py:120} INFO - [2024-07-25T19:36:42.374+0000] {dag.py:2585} INFO - Sync 1 DAGs
[2024-07-25T19:36:42.396+0000] {logging_mixin.py:120} INFO - [2024-07-25T19:36:42.396+0000] {dag.py:3340} INFO - Setting next_dagrun for producer to 2024-07-24T00:00:00+00:00, run_after=2024-07-25T00:00:00+00:00
[2024-07-25T19:36:42.413+0000] {processor.py:176} INFO - Processing /opt/airflow/dags/producer.py took 0.096 seconds
[2024-07-25T19:37:13.105+0000] {processor.py:154} INFO - Started process (PID=2696) to work on /opt/airflow/dags/producer.py
[2024-07-25T19:37:13.107+0000] {processor.py:756} INFO - Processing file /opt/airflow/dags/producer.py for tasks to queue
[2024-07-25T19:37:13.108+0000] {logging_mixin.py:120} INFO - [2024-07-25T19:37:13.107+0000] {dagbag.py:537} INFO - Filling up the DagBag from /opt/airflow/dags/producer.py
[2024-07-25T19:37:13.128+0000] {processor.py:766} INFO - DAG(s) dict_keys(['producer']) retrieved from /opt/airflow/dags/producer.py
[2024-07-25T19:37:13.161+0000] {logging_mixin.py:120} INFO - [2024-07-25T19:37:13.161+0000] {dag.py:2585} INFO - Sync 1 DAGs
[2024-07-25T19:37:13.183+0000] {logging_mixin.py:120} INFO - [2024-07-25T19:37:13.182+0000] {dag.py:3340} INFO - Setting next_dagrun for producer to 2024-07-24T00:00:00+00:00, run_after=2024-07-25T00:00:00+00:00
[2024-07-25T19:37:13.201+0000] {processor.py:176} INFO - Processing /opt/airflow/dags/producer.py took 0.098 seconds
[2024-07-25T19:37:43.969+0000] {processor.py:154} INFO - Started process (PID=2736) to work on /opt/airflow/dags/producer.py
[2024-07-25T19:37:43.970+0000] {processor.py:756} INFO - Processing file /opt/airflow/dags/producer.py for tasks to queue
[2024-07-25T19:37:43.971+0000] {logging_mixin.py:120} INFO - [2024-07-25T19:37:43.971+0000] {dagbag.py:537} INFO - Filling up the DagBag from /opt/airflow/dags/producer.py
[2024-07-25T19:37:43.997+0000] {processor.py:766} INFO - DAG(s) dict_keys(['producer']) retrieved from /opt/airflow/dags/producer.py
[2024-07-25T19:37:44.034+0000] {logging_mixin.py:120} INFO - [2024-07-25T19:37:44.034+0000] {dag.py:2585} INFO - Sync 1 DAGs
[2024-07-25T19:37:44.061+0000] {logging_mixin.py:120} INFO - [2024-07-25T19:37:44.061+0000] {dag.py:3340} INFO - Setting next_dagrun for producer to 2024-07-24T00:00:00+00:00, run_after=2024-07-25T00:00:00+00:00
[2024-07-25T19:37:44.079+0000] {processor.py:176} INFO - Processing /opt/airflow/dags/producer.py took 0.113 seconds
[2024-07-25T19:38:14.886+0000] {processor.py:154} INFO - Started process (PID=2766) to work on /opt/airflow/dags/producer.py
[2024-07-25T19:38:14.887+0000] {processor.py:756} INFO - Processing file /opt/airflow/dags/producer.py for tasks to queue
[2024-07-25T19:38:14.888+0000] {logging_mixin.py:120} INFO - [2024-07-25T19:38:14.888+0000] {dagbag.py:537} INFO - Filling up the DagBag from /opt/airflow/dags/producer.py
[2024-07-25T19:38:14.908+0000] {processor.py:766} INFO - DAG(s) dict_keys(['producer']) retrieved from /opt/airflow/dags/producer.py
[2024-07-25T19:38:14.944+0000] {logging_mixin.py:120} INFO - [2024-07-25T19:38:14.944+0000] {dag.py:2585} INFO - Sync 1 DAGs
[2024-07-25T19:38:14.968+0000] {logging_mixin.py:120} INFO - [2024-07-25T19:38:14.968+0000] {dag.py:3340} INFO - Setting next_dagrun for producer to 2024-07-24T00:00:00+00:00, run_after=2024-07-25T00:00:00+00:00
[2024-07-25T19:38:14.987+0000] {processor.py:176} INFO - Processing /opt/airflow/dags/producer.py took 0.104 seconds
[2024-07-25T19:38:45.912+0000] {processor.py:154} INFO - Started process (PID=2806) to work on /opt/airflow/dags/producer.py
[2024-07-25T19:38:45.913+0000] {processor.py:756} INFO - Processing file /opt/airflow/dags/producer.py for tasks to queue
[2024-07-25T19:38:45.914+0000] {logging_mixin.py:120} INFO - [2024-07-25T19:38:45.914+0000] {dagbag.py:537} INFO - Filling up the DagBag from /opt/airflow/dags/producer.py
[2024-07-25T19:38:45.934+0000] {processor.py:766} INFO - DAG(s) dict_keys(['producer']) retrieved from /opt/airflow/dags/producer.py
[2024-07-25T19:38:45.967+0000] {logging_mixin.py:120} INFO - [2024-07-25T19:38:45.967+0000] {dag.py:2585} INFO - Sync 1 DAGs
[2024-07-25T19:38:45.989+0000] {logging_mixin.py:120} INFO - [2024-07-25T19:38:45.989+0000] {dag.py:3340} INFO - Setting next_dagrun for producer to 2024-07-24T00:00:00+00:00, run_after=2024-07-25T00:00:00+00:00
[2024-07-25T19:38:46.006+0000] {processor.py:176} INFO - Processing /opt/airflow/dags/producer.py took 0.097 seconds
[2024-07-25T19:39:16.064+0000] {processor.py:154} INFO - Started process (PID=2846) to work on /opt/airflow/dags/producer.py
[2024-07-25T19:39:16.065+0000] {processor.py:756} INFO - Processing file /opt/airflow/dags/producer.py for tasks to queue
[2024-07-25T19:39:16.066+0000] {logging_mixin.py:120} INFO - [2024-07-25T19:39:16.065+0000] {dagbag.py:537} INFO - Filling up the DagBag from /opt/airflow/dags/producer.py
[2024-07-25T19:39:16.085+0000] {processor.py:766} INFO - DAG(s) dict_keys(['producer']) retrieved from /opt/airflow/dags/producer.py
[2024-07-25T19:39:16.117+0000] {logging_mixin.py:120} INFO - [2024-07-25T19:39:16.117+0000] {dag.py:2585} INFO - Sync 1 DAGs
[2024-07-25T19:39:16.139+0000] {logging_mixin.py:120} INFO - [2024-07-25T19:39:16.138+0000] {dag.py:3340} INFO - Setting next_dagrun for producer to 2024-07-24T00:00:00+00:00, run_after=2024-07-25T00:00:00+00:00
[2024-07-25T19:39:16.155+0000] {processor.py:176} INFO - Processing /opt/airflow/dags/producer.py took 0.094 seconds
[2024-07-25T19:39:46.888+0000] {processor.py:154} INFO - Started process (PID=2885) to work on /opt/airflow/dags/producer.py
[2024-07-25T19:39:46.889+0000] {processor.py:756} INFO - Processing file /opt/airflow/dags/producer.py for tasks to queue
[2024-07-25T19:39:46.891+0000] {logging_mixin.py:120} INFO - [2024-07-25T19:39:46.891+0000] {dagbag.py:537} INFO - Filling up the DagBag from /opt/airflow/dags/producer.py
[2024-07-25T19:39:46.911+0000] {processor.py:766} INFO - DAG(s) dict_keys(['producer']) retrieved from /opt/airflow/dags/producer.py
[2024-07-25T19:39:46.944+0000] {logging_mixin.py:120} INFO - [2024-07-25T19:39:46.944+0000] {dag.py:2585} INFO - Sync 1 DAGs
[2024-07-25T19:39:46.966+0000] {logging_mixin.py:120} INFO - [2024-07-25T19:39:46.965+0000] {dag.py:3340} INFO - Setting next_dagrun for producer to 2024-07-24T00:00:00+00:00, run_after=2024-07-25T00:00:00+00:00
[2024-07-25T19:39:46.982+0000] {processor.py:176} INFO - Processing /opt/airflow/dags/producer.py took 0.097 seconds
[2024-07-25T19:40:17.655+0000] {processor.py:154} INFO - Started process (PID=2916) to work on /opt/airflow/dags/producer.py
[2024-07-25T19:40:17.656+0000] {processor.py:756} INFO - Processing file /opt/airflow/dags/producer.py for tasks to queue
[2024-07-25T19:40:17.657+0000] {logging_mixin.py:120} INFO - [2024-07-25T19:40:17.657+0000] {dagbag.py:537} INFO - Filling up the DagBag from /opt/airflow/dags/producer.py
[2024-07-25T19:40:17.685+0000] {processor.py:766} INFO - DAG(s) dict_keys(['producer']) retrieved from /opt/airflow/dags/producer.py
[2024-07-25T19:40:17.720+0000] {logging_mixin.py:120} INFO - [2024-07-25T19:40:17.720+0000] {dag.py:2585} INFO - Sync 1 DAGs
[2024-07-25T19:40:17.744+0000] {logging_mixin.py:120} INFO - [2024-07-25T19:40:17.744+0000] {dag.py:3340} INFO - Setting next_dagrun for producer to 2024-07-24T00:00:00+00:00, run_after=2024-07-25T00:00:00+00:00
[2024-07-25T19:40:17.763+0000] {processor.py:176} INFO - Processing /opt/airflow/dags/producer.py took 0.112 seconds
[2024-07-25T19:40:48.437+0000] {processor.py:154} INFO - Started process (PID=2956) to work on /opt/airflow/dags/producer.py
[2024-07-25T19:40:48.437+0000] {processor.py:756} INFO - Processing file /opt/airflow/dags/producer.py for tasks to queue
[2024-07-25T19:40:48.438+0000] {logging_mixin.py:120} INFO - [2024-07-25T19:40:48.438+0000] {dagbag.py:537} INFO - Filling up the DagBag from /opt/airflow/dags/producer.py
[2024-07-25T19:40:48.458+0000] {processor.py:766} INFO - DAG(s) dict_keys(['producer']) retrieved from /opt/airflow/dags/producer.py
[2024-07-25T19:40:48.491+0000] {logging_mixin.py:120} INFO - [2024-07-25T19:40:48.491+0000] {dag.py:2585} INFO - Sync 1 DAGs
[2024-07-25T19:40:48.513+0000] {logging_mixin.py:120} INFO - [2024-07-25T19:40:48.513+0000] {dag.py:3340} INFO - Setting next_dagrun for producer to 2024-07-24T00:00:00+00:00, run_after=2024-07-25T00:00:00+00:00
[2024-07-25T19:40:48.531+0000] {processor.py:176} INFO - Processing /opt/airflow/dags/producer.py took 0.097 seconds
[2024-07-25T19:41:19.235+0000] {processor.py:154} INFO - Started process (PID=2996) to work on /opt/airflow/dags/producer.py
[2024-07-25T19:41:19.236+0000] {processor.py:756} INFO - Processing file /opt/airflow/dags/producer.py for tasks to queue
[2024-07-25T19:41:19.237+0000] {logging_mixin.py:120} INFO - [2024-07-25T19:41:19.237+0000] {dagbag.py:537} INFO - Filling up the DagBag from /opt/airflow/dags/producer.py
[2024-07-25T19:41:19.258+0000] {processor.py:766} INFO - DAG(s) dict_keys(['producer']) retrieved from /opt/airflow/dags/producer.py
[2024-07-25T19:41:19.291+0000] {logging_mixin.py:120} INFO - [2024-07-25T19:41:19.291+0000] {dag.py:2585} INFO - Sync 1 DAGs
[2024-07-25T19:41:19.313+0000] {logging_mixin.py:120} INFO - [2024-07-25T19:41:19.313+0000] {dag.py:3340} INFO - Setting next_dagrun for producer to 2024-07-24T00:00:00+00:00, run_after=2024-07-25T00:00:00+00:00
[2024-07-25T19:41:19.330+0000] {processor.py:176} INFO - Processing /opt/airflow/dags/producer.py took 0.098 seconds
[2024-07-25T19:41:49.407+0000] {processor.py:154} INFO - Started process (PID=3036) to work on /opt/airflow/dags/producer.py
[2024-07-25T19:41:49.409+0000] {processor.py:756} INFO - Processing file /opt/airflow/dags/producer.py for tasks to queue
[2024-07-25T19:41:49.410+0000] {logging_mixin.py:120} INFO - [2024-07-25T19:41:49.409+0000] {dagbag.py:537} INFO - Filling up the DagBag from /opt/airflow/dags/producer.py
[2024-07-25T19:41:49.431+0000] {processor.py:766} INFO - DAG(s) dict_keys(['producer']) retrieved from /opt/airflow/dags/producer.py
[2024-07-25T19:41:49.464+0000] {logging_mixin.py:120} INFO - [2024-07-25T19:41:49.464+0000] {dag.py:2585} INFO - Sync 1 DAGs
[2024-07-25T19:41:49.485+0000] {logging_mixin.py:120} INFO - [2024-07-25T19:41:49.485+0000] {dag.py:3340} INFO - Setting next_dagrun for producer to 2024-07-24T00:00:00+00:00, run_after=2024-07-25T00:00:00+00:00
[2024-07-25T19:41:49.502+0000] {processor.py:176} INFO - Processing /opt/airflow/dags/producer.py took 0.097 seconds
[2024-07-25T19:42:19.567+0000] {processor.py:154} INFO - Started process (PID=3076) to work on /opt/airflow/dags/producer.py
[2024-07-25T19:42:19.568+0000] {processor.py:756} INFO - Processing file /opt/airflow/dags/producer.py for tasks to queue
[2024-07-25T19:42:19.569+0000] {logging_mixin.py:120} INFO - [2024-07-25T19:42:19.569+0000] {dagbag.py:537} INFO - Filling up the DagBag from /opt/airflow/dags/producer.py
[2024-07-25T19:42:19.590+0000] {processor.py:766} INFO - DAG(s) dict_keys(['producer']) retrieved from /opt/airflow/dags/producer.py
[2024-07-25T19:42:19.622+0000] {logging_mixin.py:120} INFO - [2024-07-25T19:42:19.622+0000] {dag.py:2585} INFO - Sync 1 DAGs
[2024-07-25T19:42:19.643+0000] {logging_mixin.py:120} INFO - [2024-07-25T19:42:19.643+0000] {dag.py:3340} INFO - Setting next_dagrun for producer to 2024-07-24T00:00:00+00:00, run_after=2024-07-25T00:00:00+00:00
[2024-07-25T19:42:19.660+0000] {processor.py:176} INFO - Processing /opt/airflow/dags/producer.py took 0.096 seconds
[2024-07-25T19:42:50.413+0000] {processor.py:154} INFO - Started process (PID=3107) to work on /opt/airflow/dags/producer.py
[2024-07-25T19:42:50.414+0000] {processor.py:756} INFO - Processing file /opt/airflow/dags/producer.py for tasks to queue
[2024-07-25T19:42:50.416+0000] {logging_mixin.py:120} INFO - [2024-07-25T19:42:50.416+0000] {dagbag.py:537} INFO - Filling up the DagBag from /opt/airflow/dags/producer.py
[2024-07-25T19:42:50.438+0000] {processor.py:766} INFO - DAG(s) dict_keys(['producer']) retrieved from /opt/airflow/dags/producer.py
[2024-07-25T19:42:50.472+0000] {logging_mixin.py:120} INFO - [2024-07-25T19:42:50.472+0000] {dag.py:2585} INFO - Sync 1 DAGs
[2024-07-25T19:42:50.495+0000] {logging_mixin.py:120} INFO - [2024-07-25T19:42:50.495+0000] {dag.py:3340} INFO - Setting next_dagrun for producer to 2024-07-24T00:00:00+00:00, run_after=2024-07-25T00:00:00+00:00
[2024-07-25T19:42:50.514+0000] {processor.py:176} INFO - Processing /opt/airflow/dags/producer.py took 0.104 seconds
[2024-07-25T19:43:21.202+0000] {processor.py:154} INFO - Started process (PID=3147) to work on /opt/airflow/dags/producer.py
[2024-07-25T19:43:21.203+0000] {processor.py:756} INFO - Processing file /opt/airflow/dags/producer.py for tasks to queue
[2024-07-25T19:43:21.204+0000] {logging_mixin.py:120} INFO - [2024-07-25T19:43:21.204+0000] {dagbag.py:537} INFO - Filling up the DagBag from /opt/airflow/dags/producer.py
[2024-07-25T19:43:21.226+0000] {processor.py:766} INFO - DAG(s) dict_keys(['producer']) retrieved from /opt/airflow/dags/producer.py
[2024-07-25T19:43:21.259+0000] {logging_mixin.py:120} INFO - [2024-07-25T19:43:21.258+0000] {dag.py:2585} INFO - Sync 1 DAGs
[2024-07-25T19:43:21.281+0000] {logging_mixin.py:120} INFO - [2024-07-25T19:43:21.281+0000] {dag.py:3340} INFO - Setting next_dagrun for producer to 2024-07-24T00:00:00+00:00, run_after=2024-07-25T00:00:00+00:00
[2024-07-25T19:43:21.302+0000] {processor.py:176} INFO - Processing /opt/airflow/dags/producer.py took 0.103 seconds
[2024-07-25T19:43:51.998+0000] {processor.py:154} INFO - Started process (PID=3187) to work on /opt/airflow/dags/producer.py
[2024-07-25T19:43:51.998+0000] {processor.py:756} INFO - Processing file /opt/airflow/dags/producer.py for tasks to queue
[2024-07-25T19:43:52.000+0000] {logging_mixin.py:120} INFO - [2024-07-25T19:43:51.999+0000] {dagbag.py:537} INFO - Filling up the DagBag from /opt/airflow/dags/producer.py
[2024-07-25T19:43:52.021+0000] {processor.py:766} INFO - DAG(s) dict_keys(['producer']) retrieved from /opt/airflow/dags/producer.py
[2024-07-25T19:43:52.052+0000] {logging_mixin.py:120} INFO - [2024-07-25T19:43:52.052+0000] {dag.py:2585} INFO - Sync 1 DAGs
[2024-07-25T19:43:52.074+0000] {logging_mixin.py:120} INFO - [2024-07-25T19:43:52.074+0000] {dag.py:3340} INFO - Setting next_dagrun for producer to 2024-07-24T00:00:00+00:00, run_after=2024-07-25T00:00:00+00:00
[2024-07-25T19:43:52.091+0000] {processor.py:176} INFO - Processing /opt/airflow/dags/producer.py took 0.097 seconds
[2024-07-25T19:44:22.138+0000] {processor.py:154} INFO - Started process (PID=3228) to work on /opt/airflow/dags/producer.py
[2024-07-25T19:44:22.140+0000] {processor.py:756} INFO - Processing file /opt/airflow/dags/producer.py for tasks to queue
[2024-07-25T19:44:22.141+0000] {logging_mixin.py:120} INFO - [2024-07-25T19:44:22.141+0000] {dagbag.py:537} INFO - Filling up the DagBag from /opt/airflow/dags/producer.py
[2024-07-25T19:44:22.161+0000] {processor.py:766} INFO - DAG(s) dict_keys(['producer']) retrieved from /opt/airflow/dags/producer.py
[2024-07-25T19:44:22.192+0000] {logging_mixin.py:120} INFO - [2024-07-25T19:44:22.192+0000] {dag.py:2585} INFO - Sync 1 DAGs
[2024-07-25T19:44:22.214+0000] {logging_mixin.py:120} INFO - [2024-07-25T19:44:22.214+0000] {dag.py:3340} INFO - Setting next_dagrun for producer to 2024-07-24T00:00:00+00:00, run_after=2024-07-25T00:00:00+00:00
[2024-07-25T19:44:22.231+0000] {processor.py:176} INFO - Processing /opt/airflow/dags/producer.py took 0.097 seconds
[2024-07-25T19:44:52.301+0000] {processor.py:154} INFO - Started process (PID=3267) to work on /opt/airflow/dags/producer.py
[2024-07-25T19:44:52.302+0000] {processor.py:756} INFO - Processing file /opt/airflow/dags/producer.py for tasks to queue
[2024-07-25T19:44:52.303+0000] {logging_mixin.py:120} INFO - [2024-07-25T19:44:52.303+0000] {dagbag.py:537} INFO - Filling up the DagBag from /opt/airflow/dags/producer.py
[2024-07-25T19:44:52.326+0000] {processor.py:766} INFO - DAG(s) dict_keys(['producer']) retrieved from /opt/airflow/dags/producer.py
[2024-07-25T19:44:52.361+0000] {logging_mixin.py:120} INFO - [2024-07-25T19:44:52.360+0000] {dag.py:2585} INFO - Sync 1 DAGs
[2024-07-25T19:44:52.384+0000] {logging_mixin.py:120} INFO - [2024-07-25T19:44:52.384+0000] {dag.py:3340} INFO - Setting next_dagrun for producer to 2024-07-24T00:00:00+00:00, run_after=2024-07-25T00:00:00+00:00
[2024-07-25T19:44:52.403+0000] {processor.py:176} INFO - Processing /opt/airflow/dags/producer.py took 0.106 seconds
[2024-07-25T19:45:22.426+0000] {processor.py:154} INFO - Started process (PID=3298) to work on /opt/airflow/dags/producer.py
[2024-07-25T19:45:22.427+0000] {processor.py:756} INFO - Processing file /opt/airflow/dags/producer.py for tasks to queue
[2024-07-25T19:45:22.428+0000] {logging_mixin.py:120} INFO - [2024-07-25T19:45:22.428+0000] {dagbag.py:537} INFO - Filling up the DagBag from /opt/airflow/dags/producer.py
[2024-07-25T19:45:22.448+0000] {processor.py:766} INFO - DAG(s) dict_keys(['producer']) retrieved from /opt/airflow/dags/producer.py
[2024-07-25T19:45:22.481+0000] {logging_mixin.py:120} INFO - [2024-07-25T19:45:22.481+0000] {dag.py:2585} INFO - Sync 1 DAGs
[2024-07-25T19:45:22.503+0000] {logging_mixin.py:120} INFO - [2024-07-25T19:45:22.502+0000] {dag.py:3340} INFO - Setting next_dagrun for producer to 2024-07-24T00:00:00+00:00, run_after=2024-07-25T00:00:00+00:00
[2024-07-25T19:45:22.521+0000] {processor.py:176} INFO - Processing /opt/airflow/dags/producer.py took 0.098 seconds
[2024-07-25T19:45:53.242+0000] {processor.py:154} INFO - Started process (PID=3339) to work on /opt/airflow/dags/producer.py
[2024-07-25T19:45:53.244+0000] {processor.py:756} INFO - Processing file /opt/airflow/dags/producer.py for tasks to queue
[2024-07-25T19:45:53.245+0000] {logging_mixin.py:120} INFO - [2024-07-25T19:45:53.245+0000] {dagbag.py:537} INFO - Filling up the DagBag from /opt/airflow/dags/producer.py
[2024-07-25T19:45:53.266+0000] {processor.py:766} INFO - DAG(s) dict_keys(['producer']) retrieved from /opt/airflow/dags/producer.py
[2024-07-25T19:45:53.298+0000] {logging_mixin.py:120} INFO - [2024-07-25T19:45:53.298+0000] {dag.py:2585} INFO - Sync 1 DAGs
[2024-07-25T19:45:53.321+0000] {logging_mixin.py:120} INFO - [2024-07-25T19:45:53.320+0000] {dag.py:3340} INFO - Setting next_dagrun for producer to 2024-07-24T00:00:00+00:00, run_after=2024-07-25T00:00:00+00:00
[2024-07-25T19:45:53.340+0000] {processor.py:176} INFO - Processing /opt/airflow/dags/producer.py took 0.101 seconds
