[2024-07-25T18:29:56.067+0000] {processor.py:154} INFO - Started process (PID=62) to work on /opt/airflow/dags/user_processing.py
[2024-07-25T18:29:56.069+0000] {processor.py:756} INFO - Processing file /opt/airflow/dags/user_processing.py for tasks to queue
[2024-07-25T18:29:56.070+0000] {logging_mixin.py:120} INFO - [2024-07-25T18:29:56.070+0000] {dagbag.py:537} INFO - Filling up the DagBag from /opt/airflow/dags/user_processing.py
[2024-07-25T18:29:56.605+0000] {processor.py:766} INFO - DAG(s) dict_keys(['user_processing']) retrieved from /opt/airflow/dags/user_processing.py
[2024-07-25T18:29:57.068+0000] {logging_mixin.py:120} INFO - [2024-07-25T18:29:57.068+0000] {dag.py:2585} INFO - Sync 1 DAGs
[2024-07-25T18:29:57.108+0000] {logging_mixin.py:120} INFO - [2024-07-25T18:29:57.108+0000] {dag.py:3340} INFO - Setting next_dagrun for user_processing to 2024-07-24T00:00:00+00:00, run_after=2024-07-25T00:00:00+00:00
[2024-07-25T18:29:57.134+0000] {processor.py:176} INFO - Processing /opt/airflow/dags/user_processing.py took 1.072 seconds
[2024-07-25T18:30:28.103+0000] {processor.py:154} INFO - Started process (PID=102) to work on /opt/airflow/dags/user_processing.py
[2024-07-25T18:30:28.104+0000] {processor.py:756} INFO - Processing file /opt/airflow/dags/user_processing.py for tasks to queue
[2024-07-25T18:30:28.105+0000] {logging_mixin.py:120} INFO - [2024-07-25T18:30:28.105+0000] {dagbag.py:537} INFO - Filling up the DagBag from /opt/airflow/dags/user_processing.py
[2024-07-25T18:30:28.535+0000] {processor.py:766} INFO - DAG(s) dict_keys(['user_processing']) retrieved from /opt/airflow/dags/user_processing.py
[2024-07-25T18:30:28.810+0000] {logging_mixin.py:120} INFO - [2024-07-25T18:30:28.809+0000] {dag.py:2585} INFO - Sync 1 DAGs
[2024-07-25T18:30:28.847+0000] {logging_mixin.py:120} INFO - [2024-07-25T18:30:28.847+0000] {dag.py:3340} INFO - Setting next_dagrun for user_processing to 2024-07-24T00:00:00+00:00, run_after=2024-07-25T00:00:00+00:00
[2024-07-25T18:30:28.871+0000] {processor.py:176} INFO - Processing /opt/airflow/dags/user_processing.py took 0.773 seconds
[2024-07-25T18:31:03.636+0000] {processor.py:154} INFO - Started process (PID=124) to work on /opt/airflow/dags/user_processing.py
[2024-07-25T18:31:03.637+0000] {processor.py:756} INFO - Processing file /opt/airflow/dags/user_processing.py for tasks to queue
[2024-07-25T18:31:03.639+0000] {logging_mixin.py:120} INFO - [2024-07-25T18:31:03.639+0000] {dagbag.py:537} INFO - Filling up the DagBag from /opt/airflow/dags/user_processing.py
[2024-07-25T18:31:03.882+0000] {processor.py:766} INFO - DAG(s) dict_keys(['user_processing']) retrieved from /opt/airflow/dags/user_processing.py
[2024-07-25T18:31:04.046+0000] {logging_mixin.py:120} INFO - [2024-07-25T18:31:04.046+0000] {dag.py:2585} INFO - Sync 1 DAGs
[2024-07-25T18:31:04.069+0000] {logging_mixin.py:120} INFO - [2024-07-25T18:31:04.069+0000] {dag.py:3340} INFO - Setting next_dagrun for user_processing to 2024-07-24T00:00:00+00:00, run_after=2024-07-25T00:00:00+00:00
[2024-07-25T18:31:04.085+0000] {processor.py:176} INFO - Processing /opt/airflow/dags/user_processing.py took 0.452 seconds
[2024-07-25T18:36:18.889+0000] {processor.py:154} INFO - Started process (PID=156) to work on /opt/airflow/dags/user_processing.py
[2024-07-25T18:36:18.890+0000] {processor.py:756} INFO - Processing file /opt/airflow/dags/user_processing.py for tasks to queue
[2024-07-25T18:36:18.892+0000] {logging_mixin.py:120} INFO - [2024-07-25T18:36:18.891+0000] {dagbag.py:537} INFO - Filling up the DagBag from /opt/airflow/dags/user_processing.py
[2024-07-25T18:36:19.721+0000] {processor.py:766} INFO - DAG(s) dict_keys(['user_processing']) retrieved from /opt/airflow/dags/user_processing.py
[2024-07-25T18:36:20.039+0000] {logging_mixin.py:120} INFO - [2024-07-25T18:36:20.038+0000] {dag.py:2585} INFO - Sync 1 DAGs
[2024-07-25T18:36:20.076+0000] {logging_mixin.py:120} INFO - [2024-07-25T18:36:20.075+0000] {dag.py:3340} INFO - Setting next_dagrun for user_processing to 2024-07-24T00:00:00+00:00, run_after=2024-07-25T00:00:00+00:00
[2024-07-25T18:36:20.144+0000] {processor.py:176} INFO - Processing /opt/airflow/dags/user_processing.py took 1.259 seconds
[2024-07-25T18:36:50.881+0000] {processor.py:154} INFO - Started process (PID=196) to work on /opt/airflow/dags/user_processing.py
[2024-07-25T18:36:50.882+0000] {processor.py:756} INFO - Processing file /opt/airflow/dags/user_processing.py for tasks to queue
[2024-07-25T18:36:50.883+0000] {logging_mixin.py:120} INFO - [2024-07-25T18:36:50.883+0000] {dagbag.py:537} INFO - Filling up the DagBag from /opt/airflow/dags/user_processing.py
[2024-07-25T18:36:51.097+0000] {processor.py:766} INFO - DAG(s) dict_keys(['user_processing']) retrieved from /opt/airflow/dags/user_processing.py
[2024-07-25T18:36:51.262+0000] {logging_mixin.py:120} INFO - [2024-07-25T18:36:51.262+0000] {dag.py:2585} INFO - Sync 1 DAGs
[2024-07-25T18:36:51.282+0000] {logging_mixin.py:120} INFO - [2024-07-25T18:36:51.282+0000] {dag.py:3340} INFO - Setting next_dagrun for user_processing to 2024-07-24T00:00:00+00:00, run_after=2024-07-25T00:00:00+00:00
[2024-07-25T18:36:51.300+0000] {processor.py:176} INFO - Processing /opt/airflow/dags/user_processing.py took 0.422 seconds
[2024-07-25T18:49:41.324+0000] {processor.py:154} INFO - Started process (PID=236) to work on /opt/airflow/dags/user_processing.py
[2024-07-25T18:49:41.325+0000] {processor.py:756} INFO - Processing file /opt/airflow/dags/user_processing.py for tasks to queue
[2024-07-25T18:49:41.326+0000] {logging_mixin.py:120} INFO - [2024-07-25T18:49:41.326+0000] {dagbag.py:537} INFO - Filling up the DagBag from /opt/airflow/dags/user_processing.py
[2024-07-25T18:49:41.579+0000] {processor.py:766} INFO - DAG(s) dict_keys(['user_processing']) retrieved from /opt/airflow/dags/user_processing.py
[2024-07-25T18:49:41.746+0000] {logging_mixin.py:120} INFO - [2024-07-25T18:49:41.746+0000] {dag.py:2585} INFO - Sync 1 DAGs
[2024-07-25T18:49:41.768+0000] {logging_mixin.py:120} INFO - [2024-07-25T18:49:41.768+0000] {dag.py:3340} INFO - Setting next_dagrun for user_processing to 2024-07-24T00:00:00+00:00, run_after=2024-07-25T00:00:00+00:00
[2024-07-25T18:49:41.783+0000] {processor.py:176} INFO - Processing /opt/airflow/dags/user_processing.py took 0.462 seconds
[2024-07-25T18:50:12.393+0000] {processor.py:154} INFO - Started process (PID=267) to work on /opt/airflow/dags/user_processing.py
[2024-07-25T18:50:12.394+0000] {processor.py:756} INFO - Processing file /opt/airflow/dags/user_processing.py for tasks to queue
[2024-07-25T18:50:12.394+0000] {logging_mixin.py:120} INFO - [2024-07-25T18:50:12.394+0000] {dagbag.py:537} INFO - Filling up the DagBag from /opt/airflow/dags/user_processing.py
[2024-07-25T18:50:12.618+0000] {processor.py:766} INFO - DAG(s) dict_keys(['user_processing']) retrieved from /opt/airflow/dags/user_processing.py
[2024-07-25T18:50:12.771+0000] {logging_mixin.py:120} INFO - [2024-07-25T18:50:12.771+0000] {dag.py:2585} INFO - Sync 1 DAGs
[2024-07-25T18:50:12.791+0000] {logging_mixin.py:120} INFO - [2024-07-25T18:50:12.791+0000] {dag.py:3340} INFO - Setting next_dagrun for user_processing to 2024-07-24T00:00:00+00:00, run_after=2024-07-25T00:00:00+00:00
[2024-07-25T18:50:12.805+0000] {processor.py:176} INFO - Processing /opt/airflow/dags/user_processing.py took 0.415 seconds
[2024-07-25T18:50:43.063+0000] {processor.py:154} INFO - Started process (PID=307) to work on /opt/airflow/dags/user_processing.py
[2024-07-25T18:50:43.064+0000] {processor.py:756} INFO - Processing file /opt/airflow/dags/user_processing.py for tasks to queue
[2024-07-25T18:50:43.064+0000] {logging_mixin.py:120} INFO - [2024-07-25T18:50:43.064+0000] {dagbag.py:537} INFO - Filling up the DagBag from /opt/airflow/dags/user_processing.py
[2024-07-25T18:50:43.294+0000] {processor.py:766} INFO - DAG(s) dict_keys(['user_processing']) retrieved from /opt/airflow/dags/user_processing.py
[2024-07-25T18:50:43.481+0000] {logging_mixin.py:120} INFO - [2024-07-25T18:50:43.481+0000] {dag.py:2585} INFO - Sync 1 DAGs
[2024-07-25T18:50:43.636+0000] {logging_mixin.py:120} INFO - [2024-07-25T18:50:43.636+0000] {dag.py:3340} INFO - Setting next_dagrun for user_processing to 2024-07-24T00:00:00+00:00, run_after=2024-07-25T00:00:00+00:00
[2024-07-25T18:50:43.652+0000] {processor.py:176} INFO - Processing /opt/airflow/dags/user_processing.py took 0.592 seconds
[2024-07-25T18:51:14.359+0000] {processor.py:154} INFO - Started process (PID=347) to work on /opt/airflow/dags/user_processing.py
[2024-07-25T18:51:14.360+0000] {processor.py:756} INFO - Processing file /opt/airflow/dags/user_processing.py for tasks to queue
[2024-07-25T18:51:14.361+0000] {logging_mixin.py:120} INFO - [2024-07-25T18:51:14.361+0000] {dagbag.py:537} INFO - Filling up the DagBag from /opt/airflow/dags/user_processing.py
[2024-07-25T18:51:14.579+0000] {processor.py:766} INFO - DAG(s) dict_keys(['user_processing']) retrieved from /opt/airflow/dags/user_processing.py
[2024-07-25T18:51:14.740+0000] {logging_mixin.py:120} INFO - [2024-07-25T18:51:14.740+0000] {dag.py:2585} INFO - Sync 1 DAGs
[2024-07-25T18:51:14.761+0000] {logging_mixin.py:120} INFO - [2024-07-25T18:51:14.761+0000] {dag.py:3340} INFO - Setting next_dagrun for user_processing to 2024-07-24T00:00:00+00:00, run_after=2024-07-25T00:00:00+00:00
[2024-07-25T18:51:14.774+0000] {processor.py:176} INFO - Processing /opt/airflow/dags/user_processing.py took 0.418 seconds
[2024-07-25T18:51:45.992+0000] {processor.py:154} INFO - Started process (PID=388) to work on /opt/airflow/dags/user_processing.py
[2024-07-25T18:51:45.994+0000] {processor.py:756} INFO - Processing file /opt/airflow/dags/user_processing.py for tasks to queue
[2024-07-25T18:51:45.996+0000] {logging_mixin.py:120} INFO - [2024-07-25T18:51:45.995+0000] {dagbag.py:537} INFO - Filling up the DagBag from /opt/airflow/dags/user_processing.py
[2024-07-25T18:51:46.467+0000] {processor.py:766} INFO - DAG(s) dict_keys(['user_processing']) retrieved from /opt/airflow/dags/user_processing.py
[2024-07-25T18:51:46.647+0000] {logging_mixin.py:120} INFO - [2024-07-25T18:51:46.646+0000] {dag.py:2585} INFO - Sync 1 DAGs
[2024-07-25T18:51:46.671+0000] {logging_mixin.py:120} INFO - [2024-07-25T18:51:46.671+0000] {dag.py:3340} INFO - Setting next_dagrun for user_processing to 2024-07-24T00:00:00+00:00, run_after=2024-07-25T00:00:00+00:00
[2024-07-25T18:51:46.686+0000] {processor.py:176} INFO - Processing /opt/airflow/dags/user_processing.py took 0.699 seconds
[2024-07-25T19:05:48.248+0000] {processor.py:154} INFO - Started process (PID=419) to work on /opt/airflow/dags/user_processing.py
[2024-07-25T19:05:48.249+0000] {processor.py:756} INFO - Processing file /opt/airflow/dags/user_processing.py for tasks to queue
[2024-07-25T19:05:48.250+0000] {logging_mixin.py:120} INFO - [2024-07-25T19:05:48.250+0000] {dagbag.py:537} INFO - Filling up the DagBag from /opt/airflow/dags/user_processing.py
[2024-07-25T19:05:48.475+0000] {processor.py:766} INFO - DAG(s) dict_keys(['user_processing']) retrieved from /opt/airflow/dags/user_processing.py
[2024-07-25T19:05:48.633+0000] {logging_mixin.py:120} INFO - [2024-07-25T19:05:48.633+0000] {dag.py:2585} INFO - Sync 1 DAGs
[2024-07-25T19:05:48.658+0000] {logging_mixin.py:120} INFO - [2024-07-25T19:05:48.657+0000] {dag.py:3340} INFO - Setting next_dagrun for user_processing to 2024-07-24T00:00:00+00:00, run_after=2024-07-25T00:00:00+00:00
[2024-07-25T19:05:48.672+0000] {processor.py:176} INFO - Processing /opt/airflow/dags/user_processing.py took 0.427 seconds
[2024-07-25T19:06:43.080+0000] {processor.py:154} INFO - Started process (PID=459) to work on /opt/airflow/dags/user_processing.py
[2024-07-25T19:06:43.081+0000] {processor.py:756} INFO - Processing file /opt/airflow/dags/user_processing.py for tasks to queue
[2024-07-25T19:06:43.082+0000] {logging_mixin.py:120} INFO - [2024-07-25T19:06:43.081+0000] {dagbag.py:537} INFO - Filling up the DagBag from /opt/airflow/dags/user_processing.py
[2024-07-25T19:06:43.308+0000] {processor.py:766} INFO - DAG(s) dict_keys(['user_processing']) retrieved from /opt/airflow/dags/user_processing.py
[2024-07-25T19:06:43.464+0000] {logging_mixin.py:120} INFO - [2024-07-25T19:06:43.463+0000] {dag.py:2585} INFO - Sync 1 DAGs
[2024-07-25T19:06:43.485+0000] {logging_mixin.py:120} INFO - [2024-07-25T19:06:43.484+0000] {dag.py:3340} INFO - Setting next_dagrun for user_processing to 2024-07-24T00:00:00+00:00, run_after=2024-07-25T00:00:00+00:00
[2024-07-25T19:06:43.498+0000] {processor.py:176} INFO - Processing /opt/airflow/dags/user_processing.py took 0.421 seconds
[2024-07-25T19:07:13.845+0000] {processor.py:154} INFO - Started process (PID=499) to work on /opt/airflow/dags/user_processing.py
[2024-07-25T19:07:13.846+0000] {processor.py:756} INFO - Processing file /opt/airflow/dags/user_processing.py for tasks to queue
[2024-07-25T19:07:13.848+0000] {logging_mixin.py:120} INFO - [2024-07-25T19:07:13.847+0000] {dagbag.py:537} INFO - Filling up the DagBag from /opt/airflow/dags/user_processing.py
[2024-07-25T19:07:14.084+0000] {processor.py:766} INFO - DAG(s) dict_keys(['user_processing']) retrieved from /opt/airflow/dags/user_processing.py
[2024-07-25T19:07:14.245+0000] {logging_mixin.py:120} INFO - [2024-07-25T19:07:14.245+0000] {dag.py:2585} INFO - Sync 1 DAGs
[2024-07-25T19:07:14.267+0000] {logging_mixin.py:120} INFO - [2024-07-25T19:07:14.267+0000] {dag.py:3340} INFO - Setting next_dagrun for user_processing to 2024-07-24T00:00:00+00:00, run_after=2024-07-25T00:00:00+00:00
[2024-07-25T19:07:14.282+0000] {processor.py:176} INFO - Processing /opt/airflow/dags/user_processing.py took 0.440 seconds
[2024-07-25T19:08:08.292+0000] {processor.py:154} INFO - Started process (PID=530) to work on /opt/airflow/dags/user_processing.py
[2024-07-25T19:08:08.294+0000] {processor.py:756} INFO - Processing file /opt/airflow/dags/user_processing.py for tasks to queue
[2024-07-25T19:08:08.294+0000] {logging_mixin.py:120} INFO - [2024-07-25T19:08:08.294+0000] {dagbag.py:537} INFO - Filling up the DagBag from /opt/airflow/dags/user_processing.py
[2024-07-25T19:08:08.522+0000] {processor.py:766} INFO - DAG(s) dict_keys(['user_processing']) retrieved from /opt/airflow/dags/user_processing.py
[2024-07-25T19:08:08.682+0000] {logging_mixin.py:120} INFO - [2024-07-25T19:08:08.681+0000] {dag.py:2585} INFO - Sync 1 DAGs
[2024-07-25T19:08:08.962+0000] {logging_mixin.py:120} INFO - [2024-07-25T19:08:08.962+0000] {dag.py:3340} INFO - Setting next_dagrun for user_processing to 2024-07-24T00:00:00+00:00, run_after=2024-07-25T00:00:00+00:00
[2024-07-25T19:08:08.976+0000] {processor.py:176} INFO - Processing /opt/airflow/dags/user_processing.py took 0.687 seconds
[2024-07-25T19:08:39.635+0000] {processor.py:154} INFO - Started process (PID=570) to work on /opt/airflow/dags/user_processing.py
[2024-07-25T19:08:39.636+0000] {processor.py:756} INFO - Processing file /opt/airflow/dags/user_processing.py for tasks to queue
[2024-07-25T19:08:39.637+0000] {logging_mixin.py:120} INFO - [2024-07-25T19:08:39.637+0000] {dagbag.py:537} INFO - Filling up the DagBag from /opt/airflow/dags/user_processing.py
[2024-07-25T19:08:39.881+0000] {processor.py:766} INFO - DAG(s) dict_keys(['user_processing']) retrieved from /opt/airflow/dags/user_processing.py
[2024-07-25T19:08:40.047+0000] {logging_mixin.py:120} INFO - [2024-07-25T19:08:40.047+0000] {dag.py:2585} INFO - Sync 1 DAGs
[2024-07-25T19:08:40.071+0000] {logging_mixin.py:120} INFO - [2024-07-25T19:08:40.071+0000] {dag.py:3340} INFO - Setting next_dagrun for user_processing to 2024-07-24T00:00:00+00:00, run_after=2024-07-25T00:00:00+00:00
[2024-07-25T19:08:40.086+0000] {processor.py:176} INFO - Processing /opt/airflow/dags/user_processing.py took 0.454 seconds
[2024-07-25T19:09:10.451+0000] {processor.py:154} INFO - Started process (PID=610) to work on /opt/airflow/dags/user_processing.py
[2024-07-25T19:09:10.452+0000] {processor.py:756} INFO - Processing file /opt/airflow/dags/user_processing.py for tasks to queue
[2024-07-25T19:09:10.453+0000] {logging_mixin.py:120} INFO - [2024-07-25T19:09:10.453+0000] {dagbag.py:537} INFO - Filling up the DagBag from /opt/airflow/dags/user_processing.py
[2024-07-25T19:09:10.738+0000] {processor.py:766} INFO - DAG(s) dict_keys(['user_processing']) retrieved from /opt/airflow/dags/user_processing.py
[2024-07-25T19:09:10.913+0000] {logging_mixin.py:120} INFO - [2024-07-25T19:09:10.913+0000] {dag.py:2585} INFO - Sync 1 DAGs
[2024-07-25T19:09:10.935+0000] {logging_mixin.py:120} INFO - [2024-07-25T19:09:10.935+0000] {dag.py:3340} INFO - Setting next_dagrun for user_processing to 2024-07-24T00:00:00+00:00, run_after=2024-07-25T00:00:00+00:00
[2024-07-25T19:09:10.950+0000] {processor.py:176} INFO - Processing /opt/airflow/dags/user_processing.py took 0.503 seconds
[2024-07-25T19:09:41.746+0000] {processor.py:154} INFO - Started process (PID=650) to work on /opt/airflow/dags/user_processing.py
[2024-07-25T19:09:41.747+0000] {processor.py:756} INFO - Processing file /opt/airflow/dags/user_processing.py for tasks to queue
[2024-07-25T19:09:41.748+0000] {logging_mixin.py:120} INFO - [2024-07-25T19:09:41.748+0000] {dagbag.py:537} INFO - Filling up the DagBag from /opt/airflow/dags/user_processing.py
[2024-07-25T19:09:42.009+0000] {processor.py:766} INFO - DAG(s) dict_keys(['user_processing']) retrieved from /opt/airflow/dags/user_processing.py
[2024-07-25T19:09:42.199+0000] {logging_mixin.py:120} INFO - [2024-07-25T19:09:42.198+0000] {dag.py:2585} INFO - Sync 1 DAGs
[2024-07-25T19:09:42.226+0000] {logging_mixin.py:120} INFO - [2024-07-25T19:09:42.226+0000] {dag.py:3340} INFO - Setting next_dagrun for user_processing to 2024-07-24T00:00:00+00:00, run_after=2024-07-25T00:00:00+00:00
[2024-07-25T19:09:42.243+0000] {processor.py:176} INFO - Processing /opt/airflow/dags/user_processing.py took 0.500 seconds
[2024-07-25T19:10:13.149+0000] {processor.py:154} INFO - Started process (PID=689) to work on /opt/airflow/dags/user_processing.py
[2024-07-25T19:10:13.150+0000] {processor.py:756} INFO - Processing file /opt/airflow/dags/user_processing.py for tasks to queue
[2024-07-25T19:10:13.151+0000] {logging_mixin.py:120} INFO - [2024-07-25T19:10:13.151+0000] {dagbag.py:537} INFO - Filling up the DagBag from /opt/airflow/dags/user_processing.py
[2024-07-25T19:10:13.388+0000] {processor.py:766} INFO - DAG(s) dict_keys(['user_processing']) retrieved from /opt/airflow/dags/user_processing.py
[2024-07-25T19:10:13.550+0000] {logging_mixin.py:120} INFO - [2024-07-25T19:10:13.550+0000] {dag.py:2585} INFO - Sync 1 DAGs
[2024-07-25T19:10:13.572+0000] {logging_mixin.py:120} INFO - [2024-07-25T19:10:13.572+0000] {dag.py:3340} INFO - Setting next_dagrun for user_processing to 2024-07-24T00:00:00+00:00, run_after=2024-07-25T00:00:00+00:00
[2024-07-25T19:10:13.586+0000] {processor.py:176} INFO - Processing /opt/airflow/dags/user_processing.py took 0.439 seconds
[2024-07-25T19:10:44.482+0000] {processor.py:154} INFO - Started process (PID=720) to work on /opt/airflow/dags/user_processing.py
[2024-07-25T19:10:44.483+0000] {processor.py:756} INFO - Processing file /opt/airflow/dags/user_processing.py for tasks to queue
[2024-07-25T19:10:44.483+0000] {logging_mixin.py:120} INFO - [2024-07-25T19:10:44.483+0000] {dagbag.py:537} INFO - Filling up the DagBag from /opt/airflow/dags/user_processing.py
[2024-07-25T19:10:44.715+0000] {processor.py:766} INFO - DAG(s) dict_keys(['user_processing']) retrieved from /opt/airflow/dags/user_processing.py
[2024-07-25T19:10:44.923+0000] {logging_mixin.py:120} INFO - [2024-07-25T19:10:44.922+0000] {dag.py:2585} INFO - Sync 1 DAGs
[2024-07-25T19:10:44.950+0000] {logging_mixin.py:120} INFO - [2024-07-25T19:10:44.950+0000] {dag.py:3340} INFO - Setting next_dagrun for user_processing to 2024-07-24T00:00:00+00:00, run_after=2024-07-25T00:00:00+00:00
[2024-07-25T19:10:45.085+0000] {processor.py:176} INFO - Processing /opt/airflow/dags/user_processing.py took 0.605 seconds
[2024-07-25T19:11:15.881+0000] {processor.py:154} INFO - Started process (PID=760) to work on /opt/airflow/dags/user_processing.py
[2024-07-25T19:11:15.882+0000] {processor.py:756} INFO - Processing file /opt/airflow/dags/user_processing.py for tasks to queue
[2024-07-25T19:11:15.883+0000] {logging_mixin.py:120} INFO - [2024-07-25T19:11:15.883+0000] {dagbag.py:537} INFO - Filling up the DagBag from /opt/airflow/dags/user_processing.py
[2024-07-25T19:11:16.100+0000] {processor.py:766} INFO - DAG(s) dict_keys(['user_processing']) retrieved from /opt/airflow/dags/user_processing.py
[2024-07-25T19:11:16.264+0000] {logging_mixin.py:120} INFO - [2024-07-25T19:11:16.263+0000] {dag.py:2585} INFO - Sync 1 DAGs
[2024-07-25T19:11:16.285+0000] {logging_mixin.py:120} INFO - [2024-07-25T19:11:16.284+0000] {dag.py:3340} INFO - Setting next_dagrun for user_processing to 2024-07-24T00:00:00+00:00, run_after=2024-07-25T00:00:00+00:00
[2024-07-25T19:11:16.298+0000] {processor.py:176} INFO - Processing /opt/airflow/dags/user_processing.py took 0.420 seconds
[2024-07-25T19:11:47.012+0000] {processor.py:154} INFO - Started process (PID=800) to work on /opt/airflow/dags/user_processing.py
[2024-07-25T19:11:47.013+0000] {processor.py:756} INFO - Processing file /opt/airflow/dags/user_processing.py for tasks to queue
[2024-07-25T19:11:47.014+0000] {logging_mixin.py:120} INFO - [2024-07-25T19:11:47.014+0000] {dagbag.py:537} INFO - Filling up the DagBag from /opt/airflow/dags/user_processing.py
[2024-07-25T19:11:47.238+0000] {processor.py:766} INFO - DAG(s) dict_keys(['user_processing']) retrieved from /opt/airflow/dags/user_processing.py
[2024-07-25T19:11:47.414+0000] {logging_mixin.py:120} INFO - [2024-07-25T19:11:47.414+0000] {dag.py:2585} INFO - Sync 1 DAGs
[2024-07-25T19:11:47.439+0000] {logging_mixin.py:120} INFO - [2024-07-25T19:11:47.439+0000] {dag.py:3340} INFO - Setting next_dagrun for user_processing to 2024-07-24T00:00:00+00:00, run_after=2024-07-25T00:00:00+00:00
[2024-07-25T19:11:47.454+0000] {processor.py:176} INFO - Processing /opt/airflow/dags/user_processing.py took 0.444 seconds
[2024-07-25T19:12:18.136+0000] {processor.py:154} INFO - Started process (PID=840) to work on /opt/airflow/dags/user_processing.py
[2024-07-25T19:12:18.137+0000] {processor.py:756} INFO - Processing file /opt/airflow/dags/user_processing.py for tasks to queue
[2024-07-25T19:12:18.137+0000] {logging_mixin.py:120} INFO - [2024-07-25T19:12:18.137+0000] {dagbag.py:537} INFO - Filling up the DagBag from /opt/airflow/dags/user_processing.py
[2024-07-25T19:12:18.361+0000] {processor.py:766} INFO - DAG(s) dict_keys(['user_processing']) retrieved from /opt/airflow/dags/user_processing.py
[2024-07-25T19:12:18.526+0000] {logging_mixin.py:120} INFO - [2024-07-25T19:12:18.526+0000] {dag.py:2585} INFO - Sync 1 DAGs
[2024-07-25T19:12:18.547+0000] {logging_mixin.py:120} INFO - [2024-07-25T19:12:18.547+0000] {dag.py:3340} INFO - Setting next_dagrun for user_processing to 2024-07-24T00:00:00+00:00, run_after=2024-07-25T00:00:00+00:00
[2024-07-25T19:12:18.561+0000] {processor.py:176} INFO - Processing /opt/airflow/dags/user_processing.py took 0.428 seconds
[2024-07-25T19:12:48.917+0000] {processor.py:154} INFO - Started process (PID=880) to work on /opt/airflow/dags/user_processing.py
[2024-07-25T19:12:48.918+0000] {processor.py:756} INFO - Processing file /opt/airflow/dags/user_processing.py for tasks to queue
[2024-07-25T19:12:48.919+0000] {logging_mixin.py:120} INFO - [2024-07-25T19:12:48.919+0000] {dagbag.py:537} INFO - Filling up the DagBag from /opt/airflow/dags/user_processing.py
[2024-07-25T19:12:49.139+0000] {processor.py:766} INFO - DAG(s) dict_keys(['user_processing']) retrieved from /opt/airflow/dags/user_processing.py
[2024-07-25T19:12:49.296+0000] {logging_mixin.py:120} INFO - [2024-07-25T19:12:49.295+0000] {dag.py:2585} INFO - Sync 1 DAGs
[2024-07-25T19:12:49.316+0000] {logging_mixin.py:120} INFO - [2024-07-25T19:12:49.316+0000] {dag.py:3340} INFO - Setting next_dagrun for user_processing to 2024-07-24T00:00:00+00:00, run_after=2024-07-25T00:00:00+00:00
[2024-07-25T19:12:49.330+0000] {processor.py:176} INFO - Processing /opt/airflow/dags/user_processing.py took 0.415 seconds
[2024-07-25T19:13:19.731+0000] {processor.py:154} INFO - Started process (PID=920) to work on /opt/airflow/dags/user_processing.py
[2024-07-25T19:13:19.732+0000] {processor.py:756} INFO - Processing file /opt/airflow/dags/user_processing.py for tasks to queue
[2024-07-25T19:13:19.733+0000] {logging_mixin.py:120} INFO - [2024-07-25T19:13:19.733+0000] {dagbag.py:537} INFO - Filling up the DagBag from /opt/airflow/dags/user_processing.py
[2024-07-25T19:13:19.975+0000] {processor.py:766} INFO - DAG(s) dict_keys(['user_processing']) retrieved from /opt/airflow/dags/user_processing.py
[2024-07-25T19:13:20.134+0000] {logging_mixin.py:120} INFO - [2024-07-25T19:13:20.134+0000] {dag.py:2585} INFO - Sync 1 DAGs
[2024-07-25T19:13:20.154+0000] {logging_mixin.py:120} INFO - [2024-07-25T19:13:20.154+0000] {dag.py:3340} INFO - Setting next_dagrun for user_processing to 2024-07-24T00:00:00+00:00, run_after=2024-07-25T00:00:00+00:00
[2024-07-25T19:13:20.168+0000] {processor.py:176} INFO - Processing /opt/airflow/dags/user_processing.py took 0.440 seconds
[2024-07-25T19:13:50.497+0000] {processor.py:154} INFO - Started process (PID=951) to work on /opt/airflow/dags/user_processing.py
[2024-07-25T19:13:50.498+0000] {processor.py:756} INFO - Processing file /opt/airflow/dags/user_processing.py for tasks to queue
[2024-07-25T19:13:50.499+0000] {logging_mixin.py:120} INFO - [2024-07-25T19:13:50.499+0000] {dagbag.py:537} INFO - Filling up the DagBag from /opt/airflow/dags/user_processing.py
[2024-07-25T19:13:50.717+0000] {processor.py:766} INFO - DAG(s) dict_keys(['user_processing']) retrieved from /opt/airflow/dags/user_processing.py
[2024-07-25T19:13:50.877+0000] {logging_mixin.py:120} INFO - [2024-07-25T19:13:50.876+0000] {dag.py:2585} INFO - Sync 1 DAGs
[2024-07-25T19:13:50.995+0000] {logging_mixin.py:120} INFO - [2024-07-25T19:13:50.995+0000] {dag.py:3340} INFO - Setting next_dagrun for user_processing to 2024-07-24T00:00:00+00:00, run_after=2024-07-25T00:00:00+00:00
[2024-07-25T19:13:51.008+0000] {processor.py:176} INFO - Processing /opt/airflow/dags/user_processing.py took 0.513 seconds
[2024-07-25T19:14:21.300+0000] {processor.py:154} INFO - Started process (PID=991) to work on /opt/airflow/dags/user_processing.py
[2024-07-25T19:14:21.301+0000] {processor.py:756} INFO - Processing file /opt/airflow/dags/user_processing.py for tasks to queue
[2024-07-25T19:14:21.302+0000] {logging_mixin.py:120} INFO - [2024-07-25T19:14:21.302+0000] {dagbag.py:537} INFO - Filling up the DagBag from /opt/airflow/dags/user_processing.py
[2024-07-25T19:14:21.522+0000] {processor.py:766} INFO - DAG(s) dict_keys(['user_processing']) retrieved from /opt/airflow/dags/user_processing.py
[2024-07-25T19:14:21.679+0000] {logging_mixin.py:120} INFO - [2024-07-25T19:14:21.678+0000] {dag.py:2585} INFO - Sync 1 DAGs
[2024-07-25T19:14:21.700+0000] {logging_mixin.py:120} INFO - [2024-07-25T19:14:21.700+0000] {dag.py:3340} INFO - Setting next_dagrun for user_processing to 2024-07-24T00:00:00+00:00, run_after=2024-07-25T00:00:00+00:00
[2024-07-25T19:14:21.713+0000] {processor.py:176} INFO - Processing /opt/airflow/dags/user_processing.py took 0.416 seconds
[2024-07-25T19:14:52.113+0000] {processor.py:154} INFO - Started process (PID=1031) to work on /opt/airflow/dags/user_processing.py
[2024-07-25T19:14:52.114+0000] {processor.py:756} INFO - Processing file /opt/airflow/dags/user_processing.py for tasks to queue
[2024-07-25T19:14:52.115+0000] {logging_mixin.py:120} INFO - [2024-07-25T19:14:52.115+0000] {dagbag.py:537} INFO - Filling up the DagBag from /opt/airflow/dags/user_processing.py
[2024-07-25T19:14:52.330+0000] {processor.py:766} INFO - DAG(s) dict_keys(['user_processing']) retrieved from /opt/airflow/dags/user_processing.py
[2024-07-25T19:14:52.502+0000] {logging_mixin.py:120} INFO - [2024-07-25T19:14:52.501+0000] {dag.py:2585} INFO - Sync 1 DAGs
[2024-07-25T19:14:52.525+0000] {logging_mixin.py:120} INFO - [2024-07-25T19:14:52.525+0000] {dag.py:3340} INFO - Setting next_dagrun for user_processing to 2024-07-24T00:00:00+00:00, run_after=2024-07-25T00:00:00+00:00
[2024-07-25T19:14:52.540+0000] {processor.py:176} INFO - Processing /opt/airflow/dags/user_processing.py took 0.430 seconds
[2024-07-25T19:15:22.964+0000] {processor.py:154} INFO - Started process (PID=1071) to work on /opt/airflow/dags/user_processing.py
[2024-07-25T19:15:22.965+0000] {processor.py:756} INFO - Processing file /opt/airflow/dags/user_processing.py for tasks to queue
[2024-07-25T19:15:22.966+0000] {logging_mixin.py:120} INFO - [2024-07-25T19:15:22.965+0000] {dagbag.py:537} INFO - Filling up the DagBag from /opt/airflow/dags/user_processing.py
[2024-07-25T19:15:23.189+0000] {processor.py:766} INFO - DAG(s) dict_keys(['user_processing']) retrieved from /opt/airflow/dags/user_processing.py
[2024-07-25T19:15:23.362+0000] {logging_mixin.py:120} INFO - [2024-07-25T19:15:23.362+0000] {dag.py:2585} INFO - Sync 1 DAGs
[2024-07-25T19:15:23.383+0000] {logging_mixin.py:120} INFO - [2024-07-25T19:15:23.383+0000] {dag.py:3340} INFO - Setting next_dagrun for user_processing to 2024-07-24T00:00:00+00:00, run_after=2024-07-25T00:00:00+00:00
[2024-07-25T19:15:23.397+0000] {processor.py:176} INFO - Processing /opt/airflow/dags/user_processing.py took 0.436 seconds
[2024-07-25T19:15:53.762+0000] {processor.py:154} INFO - Started process (PID=1111) to work on /opt/airflow/dags/user_processing.py
[2024-07-25T19:15:53.763+0000] {processor.py:756} INFO - Processing file /opt/airflow/dags/user_processing.py for tasks to queue
[2024-07-25T19:15:53.764+0000] {logging_mixin.py:120} INFO - [2024-07-25T19:15:53.763+0000] {dagbag.py:537} INFO - Filling up the DagBag from /opt/airflow/dags/user_processing.py
[2024-07-25T19:15:53.985+0000] {processor.py:766} INFO - DAG(s) dict_keys(['user_processing']) retrieved from /opt/airflow/dags/user_processing.py
[2024-07-25T19:15:54.140+0000] {logging_mixin.py:120} INFO - [2024-07-25T19:15:54.140+0000] {dag.py:2585} INFO - Sync 1 DAGs
[2024-07-25T19:15:54.161+0000] {logging_mixin.py:120} INFO - [2024-07-25T19:15:54.160+0000] {dag.py:3340} INFO - Setting next_dagrun for user_processing to 2024-07-24T00:00:00+00:00, run_after=2024-07-25T00:00:00+00:00
[2024-07-25T19:15:54.174+0000] {processor.py:176} INFO - Processing /opt/airflow/dags/user_processing.py took 0.415 seconds
[2024-07-25T19:16:24.480+0000] {processor.py:154} INFO - Started process (PID=1142) to work on /opt/airflow/dags/user_processing.py
[2024-07-25T19:16:24.481+0000] {processor.py:756} INFO - Processing file /opt/airflow/dags/user_processing.py for tasks to queue
[2024-07-25T19:16:24.482+0000] {logging_mixin.py:120} INFO - [2024-07-25T19:16:24.482+0000] {dagbag.py:537} INFO - Filling up the DagBag from /opt/airflow/dags/user_processing.py
[2024-07-25T19:16:24.700+0000] {processor.py:766} INFO - DAG(s) dict_keys(['user_processing']) retrieved from /opt/airflow/dags/user_processing.py
[2024-07-25T19:16:24.857+0000] {logging_mixin.py:120} INFO - [2024-07-25T19:16:24.857+0000] {dag.py:2585} INFO - Sync 1 DAGs
[2024-07-25T19:16:24.878+0000] {logging_mixin.py:120} INFO - [2024-07-25T19:16:24.878+0000] {dag.py:3340} INFO - Setting next_dagrun for user_processing to 2024-07-24T00:00:00+00:00, run_after=2024-07-25T00:00:00+00:00
[2024-07-25T19:16:24.998+0000] {processor.py:176} INFO - Processing /opt/airflow/dags/user_processing.py took 0.520 seconds
[2024-07-25T19:16:55.306+0000] {processor.py:154} INFO - Started process (PID=1182) to work on /opt/airflow/dags/user_processing.py
[2024-07-25T19:16:55.307+0000] {processor.py:756} INFO - Processing file /opt/airflow/dags/user_processing.py for tasks to queue
[2024-07-25T19:16:55.308+0000] {logging_mixin.py:120} INFO - [2024-07-25T19:16:55.308+0000] {dagbag.py:537} INFO - Filling up the DagBag from /opt/airflow/dags/user_processing.py
[2024-07-25T19:16:55.555+0000] {processor.py:766} INFO - DAG(s) dict_keys(['user_processing']) retrieved from /opt/airflow/dags/user_processing.py
[2024-07-25T19:16:55.722+0000] {logging_mixin.py:120} INFO - [2024-07-25T19:16:55.722+0000] {dag.py:2585} INFO - Sync 1 DAGs
[2024-07-25T19:16:55.899+0000] {logging_mixin.py:120} INFO - [2024-07-25T19:16:55.899+0000] {dag.py:3340} INFO - Setting next_dagrun for user_processing to 2024-07-24T00:00:00+00:00, run_after=2024-07-25T00:00:00+00:00
[2024-07-25T19:16:55.912+0000] {processor.py:176} INFO - Processing /opt/airflow/dags/user_processing.py took 0.609 seconds
[2024-07-25T19:17:26.554+0000] {processor.py:154} INFO - Started process (PID=1222) to work on /opt/airflow/dags/user_processing.py
[2024-07-25T19:17:26.555+0000] {processor.py:756} INFO - Processing file /opt/airflow/dags/user_processing.py for tasks to queue
[2024-07-25T19:17:26.556+0000] {logging_mixin.py:120} INFO - [2024-07-25T19:17:26.556+0000] {dagbag.py:537} INFO - Filling up the DagBag from /opt/airflow/dags/user_processing.py
[2024-07-25T19:17:26.776+0000] {processor.py:766} INFO - DAG(s) dict_keys(['user_processing']) retrieved from /opt/airflow/dags/user_processing.py
[2024-07-25T19:17:26.939+0000] {logging_mixin.py:120} INFO - [2024-07-25T19:17:26.939+0000] {dag.py:2585} INFO - Sync 1 DAGs
[2024-07-25T19:17:26.963+0000] {logging_mixin.py:120} INFO - [2024-07-25T19:17:26.962+0000] {dag.py:3340} INFO - Setting next_dagrun for user_processing to 2024-07-24T00:00:00+00:00, run_after=2024-07-25T00:00:00+00:00
[2024-07-25T19:17:26.977+0000] {processor.py:176} INFO - Processing /opt/airflow/dags/user_processing.py took 0.425 seconds
[2024-07-25T19:17:57.443+0000] {processor.py:154} INFO - Started process (PID=1262) to work on /opt/airflow/dags/user_processing.py
[2024-07-25T19:17:57.444+0000] {processor.py:756} INFO - Processing file /opt/airflow/dags/user_processing.py for tasks to queue
[2024-07-25T19:17:57.444+0000] {logging_mixin.py:120} INFO - [2024-07-25T19:17:57.444+0000] {dagbag.py:537} INFO - Filling up the DagBag from /opt/airflow/dags/user_processing.py
[2024-07-25T19:17:57.691+0000] {processor.py:766} INFO - DAG(s) dict_keys(['user_processing']) retrieved from /opt/airflow/dags/user_processing.py
[2024-07-25T19:17:57.853+0000] {logging_mixin.py:120} INFO - [2024-07-25T19:17:57.853+0000] {dag.py:2585} INFO - Sync 1 DAGs
[2024-07-25T19:17:57.874+0000] {logging_mixin.py:120} INFO - [2024-07-25T19:17:57.874+0000] {dag.py:3340} INFO - Setting next_dagrun for user_processing to 2024-07-24T00:00:00+00:00, run_after=2024-07-25T00:00:00+00:00
[2024-07-25T19:17:57.887+0000] {processor.py:176} INFO - Processing /opt/airflow/dags/user_processing.py took 0.447 seconds
[2024-07-25T19:18:28.263+0000] {processor.py:154} INFO - Started process (PID=1302) to work on /opt/airflow/dags/user_processing.py
[2024-07-25T19:18:28.264+0000] {processor.py:756} INFO - Processing file /opt/airflow/dags/user_processing.py for tasks to queue
[2024-07-25T19:18:28.265+0000] {logging_mixin.py:120} INFO - [2024-07-25T19:18:28.265+0000] {dagbag.py:537} INFO - Filling up the DagBag from /opt/airflow/dags/user_processing.py
[2024-07-25T19:18:28.481+0000] {processor.py:766} INFO - DAG(s) dict_keys(['user_processing']) retrieved from /opt/airflow/dags/user_processing.py
[2024-07-25T19:18:28.637+0000] {logging_mixin.py:120} INFO - [2024-07-25T19:18:28.637+0000] {dag.py:2585} INFO - Sync 1 DAGs
[2024-07-25T19:18:28.658+0000] {logging_mixin.py:120} INFO - [2024-07-25T19:18:28.658+0000] {dag.py:3340} INFO - Setting next_dagrun for user_processing to 2024-07-24T00:00:00+00:00, run_after=2024-07-25T00:00:00+00:00
[2024-07-25T19:18:28.673+0000] {processor.py:176} INFO - Processing /opt/airflow/dags/user_processing.py took 0.412 seconds
[2024-07-25T19:18:58.987+0000] {processor.py:154} INFO - Started process (PID=1333) to work on /opt/airflow/dags/user_processing.py
[2024-07-25T19:18:58.988+0000] {processor.py:756} INFO - Processing file /opt/airflow/dags/user_processing.py for tasks to queue
[2024-07-25T19:18:58.989+0000] {logging_mixin.py:120} INFO - [2024-07-25T19:18:58.989+0000] {dagbag.py:537} INFO - Filling up the DagBag from /opt/airflow/dags/user_processing.py
[2024-07-25T19:18:59.227+0000] {processor.py:766} INFO - DAG(s) dict_keys(['user_processing']) retrieved from /opt/airflow/dags/user_processing.py
[2024-07-25T19:18:59.400+0000] {logging_mixin.py:120} INFO - [2024-07-25T19:18:59.399+0000] {dag.py:2585} INFO - Sync 1 DAGs
[2024-07-25T19:18:59.423+0000] {logging_mixin.py:120} INFO - [2024-07-25T19:18:59.423+0000] {dag.py:3340} INFO - Setting next_dagrun for user_processing to 2024-07-24T00:00:00+00:00, run_after=2024-07-25T00:00:00+00:00
[2024-07-25T19:18:59.440+0000] {processor.py:176} INFO - Processing /opt/airflow/dags/user_processing.py took 0.455 seconds
[2024-07-25T19:19:29.826+0000] {processor.py:154} INFO - Started process (PID=1373) to work on /opt/airflow/dags/user_processing.py
[2024-07-25T19:19:29.827+0000] {processor.py:756} INFO - Processing file /opt/airflow/dags/user_processing.py for tasks to queue
[2024-07-25T19:19:29.828+0000] {logging_mixin.py:120} INFO - [2024-07-25T19:19:29.828+0000] {dagbag.py:537} INFO - Filling up the DagBag from /opt/airflow/dags/user_processing.py
[2024-07-25T19:19:30.051+0000] {processor.py:766} INFO - DAG(s) dict_keys(['user_processing']) retrieved from /opt/airflow/dags/user_processing.py
[2024-07-25T19:19:30.209+0000] {logging_mixin.py:120} INFO - [2024-07-25T19:19:30.209+0000] {dag.py:2585} INFO - Sync 1 DAGs
[2024-07-25T19:19:30.336+0000] {logging_mixin.py:120} INFO - [2024-07-25T19:19:30.336+0000] {dag.py:3340} INFO - Setting next_dagrun for user_processing to 2024-07-24T00:00:00+00:00, run_after=2024-07-25T00:00:00+00:00
[2024-07-25T19:19:30.350+0000] {processor.py:176} INFO - Processing /opt/airflow/dags/user_processing.py took 0.527 seconds
[2024-07-25T19:20:00.942+0000] {processor.py:154} INFO - Started process (PID=1413) to work on /opt/airflow/dags/user_processing.py
[2024-07-25T19:20:00.943+0000] {processor.py:756} INFO - Processing file /opt/airflow/dags/user_processing.py for tasks to queue
[2024-07-25T19:20:00.943+0000] {logging_mixin.py:120} INFO - [2024-07-25T19:20:00.943+0000] {dagbag.py:537} INFO - Filling up the DagBag from /opt/airflow/dags/user_processing.py
[2024-07-25T19:20:01.164+0000] {processor.py:766} INFO - DAG(s) dict_keys(['user_processing']) retrieved from /opt/airflow/dags/user_processing.py
[2024-07-25T19:20:01.319+0000] {logging_mixin.py:120} INFO - [2024-07-25T19:20:01.319+0000] {dag.py:2585} INFO - Sync 1 DAGs
[2024-07-25T19:20:01.340+0000] {logging_mixin.py:120} INFO - [2024-07-25T19:20:01.340+0000] {dag.py:3340} INFO - Setting next_dagrun for user_processing to 2024-07-24T00:00:00+00:00, run_after=2024-07-25T00:00:00+00:00
[2024-07-25T19:20:01.353+0000] {processor.py:176} INFO - Processing /opt/airflow/dags/user_processing.py took 0.414 seconds
[2024-07-25T19:20:31.715+0000] {processor.py:154} INFO - Started process (PID=1453) to work on /opt/airflow/dags/user_processing.py
[2024-07-25T19:20:31.716+0000] {processor.py:756} INFO - Processing file /opt/airflow/dags/user_processing.py for tasks to queue
[2024-07-25T19:20:31.717+0000] {logging_mixin.py:120} INFO - [2024-07-25T19:20:31.717+0000] {dagbag.py:537} INFO - Filling up the DagBag from /opt/airflow/dags/user_processing.py
[2024-07-25T19:20:31.937+0000] {processor.py:766} INFO - DAG(s) dict_keys(['user_processing']) retrieved from /opt/airflow/dags/user_processing.py
[2024-07-25T19:20:32.096+0000] {logging_mixin.py:120} INFO - [2024-07-25T19:20:32.095+0000] {dag.py:2585} INFO - Sync 1 DAGs
[2024-07-25T19:20:32.116+0000] {logging_mixin.py:120} INFO - [2024-07-25T19:20:32.116+0000] {dag.py:3340} INFO - Setting next_dagrun for user_processing to 2024-07-24T00:00:00+00:00, run_after=2024-07-25T00:00:00+00:00
[2024-07-25T19:20:32.130+0000] {processor.py:176} INFO - Processing /opt/airflow/dags/user_processing.py took 0.417 seconds
[2024-07-25T19:21:02.649+0000] {processor.py:154} INFO - Started process (PID=1493) to work on /opt/airflow/dags/user_processing.py
[2024-07-25T19:21:02.650+0000] {processor.py:756} INFO - Processing file /opt/airflow/dags/user_processing.py for tasks to queue
[2024-07-25T19:21:02.650+0000] {logging_mixin.py:120} INFO - [2024-07-25T19:21:02.650+0000] {dagbag.py:537} INFO - Filling up the DagBag from /opt/airflow/dags/user_processing.py
[2024-07-25T19:21:02.871+0000] {processor.py:766} INFO - DAG(s) dict_keys(['user_processing']) retrieved from /opt/airflow/dags/user_processing.py
[2024-07-25T19:21:03.030+0000] {logging_mixin.py:120} INFO - [2024-07-25T19:21:03.030+0000] {dag.py:2585} INFO - Sync 1 DAGs
[2024-07-25T19:21:03.051+0000] {logging_mixin.py:120} INFO - [2024-07-25T19:21:03.051+0000] {dag.py:3340} INFO - Setting next_dagrun for user_processing to 2024-07-24T00:00:00+00:00, run_after=2024-07-25T00:00:00+00:00
[2024-07-25T19:21:03.065+0000] {processor.py:176} INFO - Processing /opt/airflow/dags/user_processing.py took 0.418 seconds
[2024-07-25T19:21:33.421+0000] {processor.py:154} INFO - Started process (PID=1533) to work on /opt/airflow/dags/user_processing.py
[2024-07-25T19:21:33.422+0000] {processor.py:756} INFO - Processing file /opt/airflow/dags/user_processing.py for tasks to queue
[2024-07-25T19:21:33.422+0000] {logging_mixin.py:120} INFO - [2024-07-25T19:21:33.422+0000] {dagbag.py:537} INFO - Filling up the DagBag from /opt/airflow/dags/user_processing.py
[2024-07-25T19:21:33.689+0000] {processor.py:766} INFO - DAG(s) dict_keys(['user_processing']) retrieved from /opt/airflow/dags/user_processing.py
[2024-07-25T19:21:33.857+0000] {logging_mixin.py:120} INFO - [2024-07-25T19:21:33.857+0000] {dag.py:2585} INFO - Sync 1 DAGs
[2024-07-25T19:21:33.882+0000] {logging_mixin.py:120} INFO - [2024-07-25T19:21:33.882+0000] {dag.py:3340} INFO - Setting next_dagrun for user_processing to 2024-07-24T00:00:00+00:00, run_after=2024-07-25T00:00:00+00:00
[2024-07-25T19:21:33.899+0000] {processor.py:176} INFO - Processing /opt/airflow/dags/user_processing.py took 0.481 seconds
[2024-07-25T19:22:04.529+0000] {processor.py:154} INFO - Started process (PID=1564) to work on /opt/airflow/dags/user_processing.py
[2024-07-25T19:22:04.530+0000] {processor.py:756} INFO - Processing file /opt/airflow/dags/user_processing.py for tasks to queue
[2024-07-25T19:22:04.531+0000] {logging_mixin.py:120} INFO - [2024-07-25T19:22:04.531+0000] {dagbag.py:537} INFO - Filling up the DagBag from /opt/airflow/dags/user_processing.py
[2024-07-25T19:22:04.742+0000] {processor.py:766} INFO - DAG(s) dict_keys(['user_processing']) retrieved from /opt/airflow/dags/user_processing.py
[2024-07-25T19:22:04.894+0000] {logging_mixin.py:120} INFO - [2024-07-25T19:22:04.894+0000] {dag.py:2585} INFO - Sync 1 DAGs
[2024-07-25T19:22:04.915+0000] {logging_mixin.py:120} INFO - [2024-07-25T19:22:04.915+0000] {dag.py:3340} INFO - Setting next_dagrun for user_processing to 2024-07-24T00:00:00+00:00, run_after=2024-07-25T00:00:00+00:00
[2024-07-25T19:22:05.022+0000] {processor.py:176} INFO - Processing /opt/airflow/dags/user_processing.py took 0.495 seconds
[2024-07-25T19:22:35.117+0000] {processor.py:154} INFO - Started process (PID=1605) to work on /opt/airflow/dags/user_processing.py
[2024-07-25T19:22:35.118+0000] {processor.py:756} INFO - Processing file /opt/airflow/dags/user_processing.py for tasks to queue
[2024-07-25T19:22:35.119+0000] {logging_mixin.py:120} INFO - [2024-07-25T19:22:35.119+0000] {dagbag.py:537} INFO - Filling up the DagBag from /opt/airflow/dags/user_processing.py
[2024-07-25T19:22:35.531+0000] {processor.py:766} INFO - DAG(s) dict_keys(['user_processing']) retrieved from /opt/airflow/dags/user_processing.py
[2024-07-25T19:22:35.878+0000] {logging_mixin.py:120} INFO - [2024-07-25T19:22:35.877+0000] {dag.py:2585} INFO - Sync 1 DAGs
[2024-07-25T19:22:36.016+0000] {logging_mixin.py:120} INFO - [2024-07-25T19:22:36.016+0000] {dag.py:3340} INFO - Setting next_dagrun for user_processing to 2024-07-24T00:00:00+00:00, run_after=2024-07-25T00:00:00+00:00
[2024-07-25T19:22:36.032+0000] {processor.py:176} INFO - Processing /opt/airflow/dags/user_processing.py took 0.919 seconds
[2024-07-25T19:23:06.571+0000] {processor.py:154} INFO - Started process (PID=1645) to work on /opt/airflow/dags/user_processing.py
[2024-07-25T19:23:06.572+0000] {processor.py:756} INFO - Processing file /opt/airflow/dags/user_processing.py for tasks to queue
[2024-07-25T19:23:06.573+0000] {logging_mixin.py:120} INFO - [2024-07-25T19:23:06.572+0000] {dagbag.py:537} INFO - Filling up the DagBag from /opt/airflow/dags/user_processing.py
[2024-07-25T19:23:06.792+0000] {processor.py:766} INFO - DAG(s) dict_keys(['user_processing']) retrieved from /opt/airflow/dags/user_processing.py
[2024-07-25T19:23:06.950+0000] {logging_mixin.py:120} INFO - [2024-07-25T19:23:06.950+0000] {dag.py:2585} INFO - Sync 1 DAGs
[2024-07-25T19:23:06.971+0000] {logging_mixin.py:120} INFO - [2024-07-25T19:23:06.971+0000] {dag.py:3340} INFO - Setting next_dagrun for user_processing to 2024-07-24T00:00:00+00:00, run_after=2024-07-25T00:00:00+00:00
[2024-07-25T19:23:06.984+0000] {processor.py:176} INFO - Processing /opt/airflow/dags/user_processing.py took 0.416 seconds
[2024-07-25T19:23:37.095+0000] {processor.py:154} INFO - Started process (PID=1685) to work on /opt/airflow/dags/user_processing.py
[2024-07-25T19:23:37.097+0000] {processor.py:756} INFO - Processing file /opt/airflow/dags/user_processing.py for tasks to queue
[2024-07-25T19:23:37.099+0000] {logging_mixin.py:120} INFO - [2024-07-25T19:23:37.099+0000] {dagbag.py:537} INFO - Filling up the DagBag from /opt/airflow/dags/user_processing.py
[2024-07-25T19:23:37.370+0000] {processor.py:766} INFO - DAG(s) dict_keys(['user_processing']) retrieved from /opt/airflow/dags/user_processing.py
[2024-07-25T19:23:37.559+0000] {logging_mixin.py:120} INFO - [2024-07-25T19:23:37.559+0000] {dag.py:2585} INFO - Sync 1 DAGs
[2024-07-25T19:23:37.587+0000] {logging_mixin.py:120} INFO - [2024-07-25T19:23:37.587+0000] {dag.py:3340} INFO - Setting next_dagrun for user_processing to 2024-07-24T00:00:00+00:00, run_after=2024-07-25T00:00:00+00:00
[2024-07-25T19:23:37.605+0000] {processor.py:176} INFO - Processing /opt/airflow/dags/user_processing.py took 0.515 seconds
[2024-07-25T19:24:08.304+0000] {processor.py:154} INFO - Started process (PID=1716) to work on /opt/airflow/dags/user_processing.py
[2024-07-25T19:24:08.304+0000] {processor.py:756} INFO - Processing file /opt/airflow/dags/user_processing.py for tasks to queue
[2024-07-25T19:24:08.305+0000] {logging_mixin.py:120} INFO - [2024-07-25T19:24:08.305+0000] {dagbag.py:537} INFO - Filling up the DagBag from /opt/airflow/dags/user_processing.py
[2024-07-25T19:24:08.528+0000] {processor.py:766} INFO - DAG(s) dict_keys(['user_processing']) retrieved from /opt/airflow/dags/user_processing.py
[2024-07-25T19:24:08.686+0000] {logging_mixin.py:120} INFO - [2024-07-25T19:24:08.685+0000] {dag.py:2585} INFO - Sync 1 DAGs
[2024-07-25T19:24:08.707+0000] {logging_mixin.py:120} INFO - [2024-07-25T19:24:08.707+0000] {dag.py:3340} INFO - Setting next_dagrun for user_processing to 2024-07-24T00:00:00+00:00, run_after=2024-07-25T00:00:00+00:00
[2024-07-25T19:24:08.722+0000] {processor.py:176} INFO - Processing /opt/airflow/dags/user_processing.py took 0.421 seconds
[2024-07-25T19:24:39.138+0000] {processor.py:154} INFO - Started process (PID=1756) to work on /opt/airflow/dags/user_processing.py
[2024-07-25T19:24:39.139+0000] {processor.py:756} INFO - Processing file /opt/airflow/dags/user_processing.py for tasks to queue
[2024-07-25T19:24:39.140+0000] {logging_mixin.py:120} INFO - [2024-07-25T19:24:39.139+0000] {dagbag.py:537} INFO - Filling up the DagBag from /opt/airflow/dags/user_processing.py
[2024-07-25T19:24:39.364+0000] {processor.py:766} INFO - DAG(s) dict_keys(['user_processing']) retrieved from /opt/airflow/dags/user_processing.py
[2024-07-25T19:24:39.523+0000] {logging_mixin.py:120} INFO - [2024-07-25T19:24:39.523+0000] {dag.py:2585} INFO - Sync 1 DAGs
[2024-07-25T19:24:39.544+0000] {logging_mixin.py:120} INFO - [2024-07-25T19:24:39.544+0000] {dag.py:3340} INFO - Setting next_dagrun for user_processing to 2024-07-24T00:00:00+00:00, run_after=2024-07-25T00:00:00+00:00
[2024-07-25T19:24:39.558+0000] {processor.py:176} INFO - Processing /opt/airflow/dags/user_processing.py took 0.423 seconds
[2024-07-25T19:25:09.897+0000] {processor.py:154} INFO - Started process (PID=1796) to work on /opt/airflow/dags/user_processing.py
[2024-07-25T19:25:09.898+0000] {processor.py:756} INFO - Processing file /opt/airflow/dags/user_processing.py for tasks to queue
[2024-07-25T19:25:09.899+0000] {logging_mixin.py:120} INFO - [2024-07-25T19:25:09.899+0000] {dagbag.py:537} INFO - Filling up the DagBag from /opt/airflow/dags/user_processing.py
[2024-07-25T19:25:10.117+0000] {processor.py:766} INFO - DAG(s) dict_keys(['user_processing']) retrieved from /opt/airflow/dags/user_processing.py
[2024-07-25T19:25:10.281+0000] {logging_mixin.py:120} INFO - [2024-07-25T19:25:10.281+0000] {dag.py:2585} INFO - Sync 1 DAGs
[2024-07-25T19:25:10.401+0000] {logging_mixin.py:120} INFO - [2024-07-25T19:25:10.401+0000] {dag.py:3340} INFO - Setting next_dagrun for user_processing to 2024-07-24T00:00:00+00:00, run_after=2024-07-25T00:00:00+00:00
[2024-07-25T19:25:10.415+0000] {processor.py:176} INFO - Processing /opt/airflow/dags/user_processing.py took 0.520 seconds
[2024-07-25T19:25:40.681+0000] {processor.py:154} INFO - Started process (PID=1836) to work on /opt/airflow/dags/user_processing.py
[2024-07-25T19:25:40.682+0000] {processor.py:756} INFO - Processing file /opt/airflow/dags/user_processing.py for tasks to queue
[2024-07-25T19:25:40.682+0000] {logging_mixin.py:120} INFO - [2024-07-25T19:25:40.682+0000] {dagbag.py:537} INFO - Filling up the DagBag from /opt/airflow/dags/user_processing.py
[2024-07-25T19:25:40.900+0000] {processor.py:766} INFO - DAG(s) dict_keys(['user_processing']) retrieved from /opt/airflow/dags/user_processing.py
[2024-07-25T19:25:41.054+0000] {logging_mixin.py:120} INFO - [2024-07-25T19:25:41.054+0000] {dag.py:2585} INFO - Sync 1 DAGs
[2024-07-25T19:25:41.174+0000] {logging_mixin.py:120} INFO - [2024-07-25T19:25:41.174+0000] {dag.py:3340} INFO - Setting next_dagrun for user_processing to 2024-07-24T00:00:00+00:00, run_after=2024-07-25T00:00:00+00:00
[2024-07-25T19:25:41.187+0000] {processor.py:176} INFO - Processing /opt/airflow/dags/user_processing.py took 0.510 seconds
[2024-07-25T19:26:11.870+0000] {processor.py:154} INFO - Started process (PID=1876) to work on /opt/airflow/dags/user_processing.py
[2024-07-25T19:26:11.871+0000] {processor.py:756} INFO - Processing file /opt/airflow/dags/user_processing.py for tasks to queue
[2024-07-25T19:26:11.872+0000] {logging_mixin.py:120} INFO - [2024-07-25T19:26:11.872+0000] {dagbag.py:537} INFO - Filling up the DagBag from /opt/airflow/dags/user_processing.py
[2024-07-25T19:26:12.090+0000] {processor.py:766} INFO - DAG(s) dict_keys(['user_processing']) retrieved from /opt/airflow/dags/user_processing.py
[2024-07-25T19:26:12.252+0000] {logging_mixin.py:120} INFO - [2024-07-25T19:26:12.252+0000] {dag.py:2585} INFO - Sync 1 DAGs
[2024-07-25T19:26:12.273+0000] {logging_mixin.py:120} INFO - [2024-07-25T19:26:12.273+0000] {dag.py:3340} INFO - Setting next_dagrun for user_processing to 2024-07-24T00:00:00+00:00, run_after=2024-07-25T00:00:00+00:00
[2024-07-25T19:26:12.286+0000] {processor.py:176} INFO - Processing /opt/airflow/dags/user_processing.py took 0.419 seconds
[2024-07-25T19:26:42.714+0000] {processor.py:154} INFO - Started process (PID=1907) to work on /opt/airflow/dags/user_processing.py
[2024-07-25T19:26:42.715+0000] {processor.py:756} INFO - Processing file /opt/airflow/dags/user_processing.py for tasks to queue
[2024-07-25T19:26:42.716+0000] {logging_mixin.py:120} INFO - [2024-07-25T19:26:42.716+0000] {dagbag.py:537} INFO - Filling up the DagBag from /opt/airflow/dags/user_processing.py
[2024-07-25T19:26:42.941+0000] {processor.py:766} INFO - DAG(s) dict_keys(['user_processing']) retrieved from /opt/airflow/dags/user_processing.py
[2024-07-25T19:26:43.104+0000] {logging_mixin.py:120} INFO - [2024-07-25T19:26:43.103+0000] {dag.py:2585} INFO - Sync 1 DAGs
[2024-07-25T19:26:43.124+0000] {logging_mixin.py:120} INFO - [2024-07-25T19:26:43.124+0000] {dag.py:3340} INFO - Setting next_dagrun for user_processing to 2024-07-24T00:00:00+00:00, run_after=2024-07-25T00:00:00+00:00
[2024-07-25T19:26:43.138+0000] {processor.py:176} INFO - Processing /opt/airflow/dags/user_processing.py took 0.426 seconds
[2024-07-25T19:27:13.654+0000] {processor.py:154} INFO - Started process (PID=1947) to work on /opt/airflow/dags/user_processing.py
[2024-07-25T19:27:13.655+0000] {processor.py:756} INFO - Processing file /opt/airflow/dags/user_processing.py for tasks to queue
[2024-07-25T19:27:13.655+0000] {logging_mixin.py:120} INFO - [2024-07-25T19:27:13.655+0000] {dagbag.py:537} INFO - Filling up the DagBag from /opt/airflow/dags/user_processing.py
[2024-07-25T19:27:13.886+0000] {processor.py:766} INFO - DAG(s) dict_keys(['user_processing']) retrieved from /opt/airflow/dags/user_processing.py
[2024-07-25T19:27:14.044+0000] {logging_mixin.py:120} INFO - [2024-07-25T19:27:14.044+0000] {dag.py:2585} INFO - Sync 1 DAGs
[2024-07-25T19:27:14.066+0000] {logging_mixin.py:120} INFO - [2024-07-25T19:27:14.066+0000] {dag.py:3340} INFO - Setting next_dagrun for user_processing to 2024-07-24T00:00:00+00:00, run_after=2024-07-25T00:00:00+00:00
[2024-07-25T19:27:14.080+0000] {processor.py:176} INFO - Processing /opt/airflow/dags/user_processing.py took 0.429 seconds
[2024-07-25T19:27:44.392+0000] {processor.py:154} INFO - Started process (PID=1987) to work on /opt/airflow/dags/user_processing.py
[2024-07-25T19:27:44.393+0000] {processor.py:756} INFO - Processing file /opt/airflow/dags/user_processing.py for tasks to queue
[2024-07-25T19:27:44.394+0000] {logging_mixin.py:120} INFO - [2024-07-25T19:27:44.393+0000] {dagbag.py:537} INFO - Filling up the DagBag from /opt/airflow/dags/user_processing.py
[2024-07-25T19:27:44.623+0000] {processor.py:766} INFO - DAG(s) dict_keys(['user_processing']) retrieved from /opt/airflow/dags/user_processing.py
[2024-07-25T19:27:44.778+0000] {logging_mixin.py:120} INFO - [2024-07-25T19:27:44.778+0000] {dag.py:2585} INFO - Sync 1 DAGs
[2024-07-25T19:27:44.939+0000] {logging_mixin.py:120} INFO - [2024-07-25T19:27:44.938+0000] {dag.py:3340} INFO - Setting next_dagrun for user_processing to 2024-07-24T00:00:00+00:00, run_after=2024-07-25T00:00:00+00:00
[2024-07-25T19:27:44.952+0000] {processor.py:176} INFO - Processing /opt/airflow/dags/user_processing.py took 0.562 seconds
[2024-07-25T19:28:15.619+0000] {processor.py:154} INFO - Started process (PID=2027) to work on /opt/airflow/dags/user_processing.py
[2024-07-25T19:28:15.620+0000] {processor.py:756} INFO - Processing file /opt/airflow/dags/user_processing.py for tasks to queue
[2024-07-25T19:28:15.621+0000] {logging_mixin.py:120} INFO - [2024-07-25T19:28:15.621+0000] {dagbag.py:537} INFO - Filling up the DagBag from /opt/airflow/dags/user_processing.py
[2024-07-25T19:28:15.861+0000] {processor.py:766} INFO - DAG(s) dict_keys(['user_processing']) retrieved from /opt/airflow/dags/user_processing.py
[2024-07-25T19:28:16.031+0000] {logging_mixin.py:120} INFO - [2024-07-25T19:28:16.030+0000] {dag.py:2585} INFO - Sync 1 DAGs
[2024-07-25T19:28:16.176+0000] {logging_mixin.py:120} INFO - [2024-07-25T19:28:16.176+0000] {dag.py:3340} INFO - Setting next_dagrun for user_processing to 2024-07-24T00:00:00+00:00, run_after=2024-07-25T00:00:00+00:00
[2024-07-25T19:28:16.192+0000] {processor.py:176} INFO - Processing /opt/airflow/dags/user_processing.py took 0.576 seconds
[2024-07-25T19:28:46.851+0000] {processor.py:154} INFO - Started process (PID=2067) to work on /opt/airflow/dags/user_processing.py
[2024-07-25T19:28:46.852+0000] {processor.py:756} INFO - Processing file /opt/airflow/dags/user_processing.py for tasks to queue
[2024-07-25T19:28:46.853+0000] {logging_mixin.py:120} INFO - [2024-07-25T19:28:46.853+0000] {dagbag.py:537} INFO - Filling up the DagBag from /opt/airflow/dags/user_processing.py
[2024-07-25T19:28:47.086+0000] {processor.py:766} INFO - DAG(s) dict_keys(['user_processing']) retrieved from /opt/airflow/dags/user_processing.py
[2024-07-25T19:28:47.249+0000] {logging_mixin.py:120} INFO - [2024-07-25T19:28:47.248+0000] {dag.py:2585} INFO - Sync 1 DAGs
[2024-07-25T19:28:47.271+0000] {logging_mixin.py:120} INFO - [2024-07-25T19:28:47.271+0000] {dag.py:3340} INFO - Setting next_dagrun for user_processing to 2024-07-24T00:00:00+00:00, run_after=2024-07-25T00:00:00+00:00
[2024-07-25T19:28:47.285+0000] {processor.py:176} INFO - Processing /opt/airflow/dags/user_processing.py took 0.436 seconds
[2024-07-25T19:29:17.647+0000] {processor.py:154} INFO - Started process (PID=2104) to work on /opt/airflow/dags/user_processing.py
[2024-07-25T19:29:17.648+0000] {processor.py:756} INFO - Processing file /opt/airflow/dags/user_processing.py for tasks to queue
[2024-07-25T19:29:17.649+0000] {logging_mixin.py:120} INFO - [2024-07-25T19:29:17.649+0000] {dagbag.py:537} INFO - Filling up the DagBag from /opt/airflow/dags/user_processing.py
[2024-07-25T19:29:17.894+0000] {processor.py:766} INFO - DAG(s) dict_keys(['user_processing']) retrieved from /opt/airflow/dags/user_processing.py
[2024-07-25T19:29:18.076+0000] {logging_mixin.py:120} INFO - [2024-07-25T19:29:18.076+0000] {dag.py:2585} INFO - Sync 1 DAGs
[2024-07-25T19:29:18.099+0000] {logging_mixin.py:120} INFO - [2024-07-25T19:29:18.099+0000] {dag.py:3340} INFO - Setting next_dagrun for user_processing to 2024-07-24T00:00:00+00:00, run_after=2024-07-25T00:00:00+00:00
[2024-07-25T19:29:18.114+0000] {processor.py:176} INFO - Processing /opt/airflow/dags/user_processing.py took 0.470 seconds
[2024-07-25T19:29:48.439+0000] {processor.py:154} INFO - Started process (PID=2137) to work on /opt/airflow/dags/user_processing.py
[2024-07-25T19:29:48.440+0000] {processor.py:756} INFO - Processing file /opt/airflow/dags/user_processing.py for tasks to queue
[2024-07-25T19:29:48.441+0000] {logging_mixin.py:120} INFO - [2024-07-25T19:29:48.441+0000] {dagbag.py:537} INFO - Filling up the DagBag from /opt/airflow/dags/user_processing.py
[2024-07-25T19:29:48.665+0000] {processor.py:766} INFO - DAG(s) dict_keys(['user_processing']) retrieved from /opt/airflow/dags/user_processing.py
[2024-07-25T19:29:48.830+0000] {logging_mixin.py:120} INFO - [2024-07-25T19:29:48.830+0000] {dag.py:2585} INFO - Sync 1 DAGs
[2024-07-25T19:29:48.851+0000] {logging_mixin.py:120} INFO - [2024-07-25T19:29:48.851+0000] {dag.py:3340} INFO - Setting next_dagrun for user_processing to 2024-07-24T00:00:00+00:00, run_after=2024-07-25T00:00:00+00:00
[2024-07-25T19:29:48.865+0000] {processor.py:176} INFO - Processing /opt/airflow/dags/user_processing.py took 0.429 seconds
[2024-07-25T19:30:19.237+0000] {processor.py:154} INFO - Started process (PID=2177) to work on /opt/airflow/dags/user_processing.py
[2024-07-25T19:30:19.239+0000] {processor.py:756} INFO - Processing file /opt/airflow/dags/user_processing.py for tasks to queue
[2024-07-25T19:30:19.240+0000] {logging_mixin.py:120} INFO - [2024-07-25T19:30:19.240+0000] {dagbag.py:537} INFO - Filling up the DagBag from /opt/airflow/dags/user_processing.py
[2024-07-25T19:30:19.472+0000] {processor.py:766} INFO - DAG(s) dict_keys(['user_processing']) retrieved from /opt/airflow/dags/user_processing.py
[2024-07-25T19:30:19.636+0000] {logging_mixin.py:120} INFO - [2024-07-25T19:30:19.636+0000] {dag.py:2585} INFO - Sync 1 DAGs
[2024-07-25T19:30:19.659+0000] {logging_mixin.py:120} INFO - [2024-07-25T19:30:19.659+0000] {dag.py:3340} INFO - Setting next_dagrun for user_processing to 2024-07-24T00:00:00+00:00, run_after=2024-07-25T00:00:00+00:00
[2024-07-25T19:30:19.775+0000] {processor.py:176} INFO - Processing /opt/airflow/dags/user_processing.py took 0.542 seconds
[2024-07-25T19:30:50.475+0000] {processor.py:154} INFO - Started process (PID=2217) to work on /opt/airflow/dags/user_processing.py
[2024-07-25T19:30:50.476+0000] {processor.py:756} INFO - Processing file /opt/airflow/dags/user_processing.py for tasks to queue
[2024-07-25T19:30:50.477+0000] {logging_mixin.py:120} INFO - [2024-07-25T19:30:50.477+0000] {dagbag.py:537} INFO - Filling up the DagBag from /opt/airflow/dags/user_processing.py
[2024-07-25T19:30:50.714+0000] {processor.py:766} INFO - DAG(s) dict_keys(['user_processing']) retrieved from /opt/airflow/dags/user_processing.py
[2024-07-25T19:30:50.884+0000] {logging_mixin.py:120} INFO - [2024-07-25T19:30:50.883+0000] {dag.py:2585} INFO - Sync 1 DAGs
[2024-07-25T19:30:51.014+0000] {logging_mixin.py:120} INFO - [2024-07-25T19:30:51.013+0000] {dag.py:3340} INFO - Setting next_dagrun for user_processing to 2024-07-24T00:00:00+00:00, run_after=2024-07-25T00:00:00+00:00
[2024-07-25T19:30:51.027+0000] {processor.py:176} INFO - Processing /opt/airflow/dags/user_processing.py took 0.555 seconds
[2024-07-25T19:31:21.644+0000] {processor.py:154} INFO - Started process (PID=2257) to work on /opt/airflow/dags/user_processing.py
[2024-07-25T19:31:21.645+0000] {processor.py:756} INFO - Processing file /opt/airflow/dags/user_processing.py for tasks to queue
[2024-07-25T19:31:21.646+0000] {logging_mixin.py:120} INFO - [2024-07-25T19:31:21.646+0000] {dagbag.py:537} INFO - Filling up the DagBag from /opt/airflow/dags/user_processing.py
[2024-07-25T19:31:21.867+0000] {processor.py:766} INFO - DAG(s) dict_keys(['user_processing']) retrieved from /opt/airflow/dags/user_processing.py
[2024-07-25T19:31:22.022+0000] {logging_mixin.py:120} INFO - [2024-07-25T19:31:22.021+0000] {dag.py:2585} INFO - Sync 1 DAGs
[2024-07-25T19:31:22.043+0000] {logging_mixin.py:120} INFO - [2024-07-25T19:31:22.042+0000] {dag.py:3340} INFO - Setting next_dagrun for user_processing to 2024-07-24T00:00:00+00:00, run_after=2024-07-25T00:00:00+00:00
[2024-07-25T19:31:22.056+0000] {processor.py:176} INFO - Processing /opt/airflow/dags/user_processing.py took 0.415 seconds
[2024-07-25T19:31:52.482+0000] {processor.py:154} INFO - Started process (PID=2297) to work on /opt/airflow/dags/user_processing.py
[2024-07-25T19:31:52.483+0000] {processor.py:756} INFO - Processing file /opt/airflow/dags/user_processing.py for tasks to queue
[2024-07-25T19:31:52.484+0000] {logging_mixin.py:120} INFO - [2024-07-25T19:31:52.484+0000] {dagbag.py:537} INFO - Filling up the DagBag from /opt/airflow/dags/user_processing.py
[2024-07-25T19:31:52.727+0000] {processor.py:766} INFO - DAG(s) dict_keys(['user_processing']) retrieved from /opt/airflow/dags/user_processing.py
[2024-07-25T19:31:52.898+0000] {logging_mixin.py:120} INFO - [2024-07-25T19:31:52.898+0000] {dag.py:2585} INFO - Sync 1 DAGs
[2024-07-25T19:31:52.920+0000] {logging_mixin.py:120} INFO - [2024-07-25T19:31:52.920+0000] {dag.py:3340} INFO - Setting next_dagrun for user_processing to 2024-07-24T00:00:00+00:00, run_after=2024-07-25T00:00:00+00:00
[2024-07-25T19:31:52.935+0000] {processor.py:176} INFO - Processing /opt/airflow/dags/user_processing.py took 0.456 seconds
[2024-07-25T19:32:23.274+0000] {processor.py:154} INFO - Started process (PID=2328) to work on /opt/airflow/dags/user_processing.py
[2024-07-25T19:32:23.275+0000] {processor.py:756} INFO - Processing file /opt/airflow/dags/user_processing.py for tasks to queue
[2024-07-25T19:32:23.276+0000] {logging_mixin.py:120} INFO - [2024-07-25T19:32:23.276+0000] {dagbag.py:537} INFO - Filling up the DagBag from /opt/airflow/dags/user_processing.py
[2024-07-25T19:32:23.497+0000] {processor.py:766} INFO - DAG(s) dict_keys(['user_processing']) retrieved from /opt/airflow/dags/user_processing.py
[2024-07-25T19:32:23.654+0000] {logging_mixin.py:120} INFO - [2024-07-25T19:32:23.654+0000] {dag.py:2585} INFO - Sync 1 DAGs
[2024-07-25T19:32:23.674+0000] {logging_mixin.py:120} INFO - [2024-07-25T19:32:23.674+0000] {dag.py:3340} INFO - Setting next_dagrun for user_processing to 2024-07-24T00:00:00+00:00, run_after=2024-07-25T00:00:00+00:00
[2024-07-25T19:32:23.688+0000] {processor.py:176} INFO - Processing /opt/airflow/dags/user_processing.py took 0.416 seconds
[2024-07-25T19:32:54.063+0000] {processor.py:154} INFO - Started process (PID=2367) to work on /opt/airflow/dags/user_processing.py
[2024-07-25T19:32:54.064+0000] {processor.py:756} INFO - Processing file /opt/airflow/dags/user_processing.py for tasks to queue
[2024-07-25T19:32:54.066+0000] {logging_mixin.py:120} INFO - [2024-07-25T19:32:54.065+0000] {dagbag.py:537} INFO - Filling up the DagBag from /opt/airflow/dags/user_processing.py
[2024-07-25T19:32:54.366+0000] {processor.py:766} INFO - DAG(s) dict_keys(['user_processing']) retrieved from /opt/airflow/dags/user_processing.py
[2024-07-25T19:32:54.547+0000] {logging_mixin.py:120} INFO - [2024-07-25T19:32:54.547+0000] {dag.py:2585} INFO - Sync 1 DAGs
[2024-07-25T19:32:54.569+0000] {logging_mixin.py:120} INFO - [2024-07-25T19:32:54.569+0000] {dag.py:3340} INFO - Setting next_dagrun for user_processing to 2024-07-24T00:00:00+00:00, run_after=2024-07-25T00:00:00+00:00
[2024-07-25T19:32:54.680+0000] {processor.py:176} INFO - Processing /opt/airflow/dags/user_processing.py took 0.621 seconds
[2024-07-25T19:33:25.319+0000] {processor.py:154} INFO - Started process (PID=2407) to work on /opt/airflow/dags/user_processing.py
[2024-07-25T19:33:25.320+0000] {processor.py:756} INFO - Processing file /opt/airflow/dags/user_processing.py for tasks to queue
[2024-07-25T19:33:25.321+0000] {logging_mixin.py:120} INFO - [2024-07-25T19:33:25.321+0000] {dagbag.py:537} INFO - Filling up the DagBag from /opt/airflow/dags/user_processing.py
[2024-07-25T19:33:25.567+0000] {processor.py:766} INFO - DAG(s) dict_keys(['user_processing']) retrieved from /opt/airflow/dags/user_processing.py
[2024-07-25T19:33:25.738+0000] {logging_mixin.py:120} INFO - [2024-07-25T19:33:25.737+0000] {dag.py:2585} INFO - Sync 1 DAGs
[2024-07-25T19:33:25.901+0000] {logging_mixin.py:120} INFO - [2024-07-25T19:33:25.900+0000] {dag.py:3340} INFO - Setting next_dagrun for user_processing to 2024-07-24T00:00:00+00:00, run_after=2024-07-25T00:00:00+00:00
[2024-07-25T19:33:25.914+0000] {processor.py:176} INFO - Processing /opt/airflow/dags/user_processing.py took 0.598 seconds
[2024-07-25T19:33:56.545+0000] {processor.py:154} INFO - Started process (PID=2447) to work on /opt/airflow/dags/user_processing.py
[2024-07-25T19:33:56.546+0000] {processor.py:756} INFO - Processing file /opt/airflow/dags/user_processing.py for tasks to queue
[2024-07-25T19:33:56.547+0000] {logging_mixin.py:120} INFO - [2024-07-25T19:33:56.547+0000] {dagbag.py:537} INFO - Filling up the DagBag from /opt/airflow/dags/user_processing.py
[2024-07-25T19:33:56.782+0000] {processor.py:766} INFO - DAG(s) dict_keys(['user_processing']) retrieved from /opt/airflow/dags/user_processing.py
[2024-07-25T19:33:56.956+0000] {logging_mixin.py:120} INFO - [2024-07-25T19:33:56.955+0000] {dag.py:2585} INFO - Sync 1 DAGs
[2024-07-25T19:33:56.979+0000] {logging_mixin.py:120} INFO - [2024-07-25T19:33:56.978+0000] {dag.py:3340} INFO - Setting next_dagrun for user_processing to 2024-07-24T00:00:00+00:00, run_after=2024-07-25T00:00:00+00:00
[2024-07-25T19:33:56.993+0000] {processor.py:176} INFO - Processing /opt/airflow/dags/user_processing.py took 0.451 seconds
[2024-07-25T19:34:27.307+0000] {processor.py:154} INFO - Started process (PID=2487) to work on /opt/airflow/dags/user_processing.py
[2024-07-25T19:34:27.308+0000] {processor.py:756} INFO - Processing file /opt/airflow/dags/user_processing.py for tasks to queue
[2024-07-25T19:34:27.308+0000] {logging_mixin.py:120} INFO - [2024-07-25T19:34:27.308+0000] {dagbag.py:537} INFO - Filling up the DagBag from /opt/airflow/dags/user_processing.py
[2024-07-25T19:34:27.539+0000] {processor.py:766} INFO - DAG(s) dict_keys(['user_processing']) retrieved from /opt/airflow/dags/user_processing.py
[2024-07-25T19:34:27.695+0000] {logging_mixin.py:120} INFO - [2024-07-25T19:34:27.695+0000] {dag.py:2585} INFO - Sync 1 DAGs
[2024-07-25T19:34:27.717+0000] {logging_mixin.py:120} INFO - [2024-07-25T19:34:27.717+0000] {dag.py:3340} INFO - Setting next_dagrun for user_processing to 2024-07-24T00:00:00+00:00, run_after=2024-07-25T00:00:00+00:00
[2024-07-25T19:34:27.731+0000] {processor.py:176} INFO - Processing /opt/airflow/dags/user_processing.py took 0.427 seconds
[2024-07-25T19:34:58.111+0000] {processor.py:154} INFO - Started process (PID=2517) to work on /opt/airflow/dags/user_processing.py
[2024-07-25T19:34:58.112+0000] {processor.py:756} INFO - Processing file /opt/airflow/dags/user_processing.py for tasks to queue
[2024-07-25T19:34:58.112+0000] {logging_mixin.py:120} INFO - [2024-07-25T19:34:58.112+0000] {dagbag.py:537} INFO - Filling up the DagBag from /opt/airflow/dags/user_processing.py
[2024-07-25T19:34:58.350+0000] {processor.py:766} INFO - DAG(s) dict_keys(['user_processing']) retrieved from /opt/airflow/dags/user_processing.py
[2024-07-25T19:34:58.515+0000] {logging_mixin.py:120} INFO - [2024-07-25T19:34:58.515+0000] {dag.py:2585} INFO - Sync 1 DAGs
[2024-07-25T19:34:58.537+0000] {logging_mixin.py:120} INFO - [2024-07-25T19:34:58.537+0000] {dag.py:3340} INFO - Setting next_dagrun for user_processing to 2024-07-24T00:00:00+00:00, run_after=2024-07-25T00:00:00+00:00
[2024-07-25T19:34:58.553+0000] {processor.py:176} INFO - Processing /opt/airflow/dags/user_processing.py took 0.445 seconds
[2024-07-25T19:35:28.939+0000] {processor.py:154} INFO - Started process (PID=2557) to work on /opt/airflow/dags/user_processing.py
[2024-07-25T19:35:28.939+0000] {processor.py:756} INFO - Processing file /opt/airflow/dags/user_processing.py for tasks to queue
[2024-07-25T19:35:28.940+0000] {logging_mixin.py:120} INFO - [2024-07-25T19:35:28.940+0000] {dagbag.py:537} INFO - Filling up the DagBag from /opt/airflow/dags/user_processing.py
[2024-07-25T19:35:29.182+0000] {processor.py:766} INFO - DAG(s) dict_keys(['user_processing']) retrieved from /opt/airflow/dags/user_processing.py
[2024-07-25T19:35:29.350+0000] {logging_mixin.py:120} INFO - [2024-07-25T19:35:29.349+0000] {dag.py:2585} INFO - Sync 1 DAGs
[2024-07-25T19:35:29.372+0000] {logging_mixin.py:120} INFO - [2024-07-25T19:35:29.372+0000] {dag.py:3340} INFO - Setting next_dagrun for user_processing to 2024-07-24T00:00:00+00:00, run_after=2024-07-25T00:00:00+00:00
[2024-07-25T19:35:29.388+0000] {processor.py:176} INFO - Processing /opt/airflow/dags/user_processing.py took 0.452 seconds
[2024-07-25T19:35:59.665+0000] {processor.py:154} INFO - Started process (PID=2597) to work on /opt/airflow/dags/user_processing.py
[2024-07-25T19:35:59.665+0000] {processor.py:756} INFO - Processing file /opt/airflow/dags/user_processing.py for tasks to queue
[2024-07-25T19:35:59.666+0000] {logging_mixin.py:120} INFO - [2024-07-25T19:35:59.666+0000] {dagbag.py:537} INFO - Filling up the DagBag from /opt/airflow/dags/user_processing.py
[2024-07-25T19:35:59.899+0000] {processor.py:766} INFO - DAG(s) dict_keys(['user_processing']) retrieved from /opt/airflow/dags/user_processing.py
[2024-07-25T19:36:00.062+0000] {logging_mixin.py:120} INFO - [2024-07-25T19:36:00.061+0000] {dag.py:2585} INFO - Sync 1 DAGs
[2024-07-25T19:36:00.185+0000] {logging_mixin.py:120} INFO - [2024-07-25T19:36:00.185+0000] {dag.py:3340} INFO - Setting next_dagrun for user_processing to 2024-07-24T00:00:00+00:00, run_after=2024-07-25T00:00:00+00:00
[2024-07-25T19:36:00.198+0000] {processor.py:176} INFO - Processing /opt/airflow/dags/user_processing.py took 0.536 seconds
[2024-07-25T19:36:30.806+0000] {processor.py:154} INFO - Started process (PID=2637) to work on /opt/airflow/dags/user_processing.py
[2024-07-25T19:36:30.807+0000] {processor.py:756} INFO - Processing file /opt/airflow/dags/user_processing.py for tasks to queue
[2024-07-25T19:36:30.807+0000] {logging_mixin.py:120} INFO - [2024-07-25T19:36:30.807+0000] {dagbag.py:537} INFO - Filling up the DagBag from /opt/airflow/dags/user_processing.py
[2024-07-25T19:36:31.028+0000] {processor.py:766} INFO - DAG(s) dict_keys(['user_processing']) retrieved from /opt/airflow/dags/user_processing.py
[2024-07-25T19:36:31.187+0000] {logging_mixin.py:120} INFO - [2024-07-25T19:36:31.187+0000] {dag.py:2585} INFO - Sync 1 DAGs
[2024-07-25T19:36:31.302+0000] {logging_mixin.py:120} INFO - [2024-07-25T19:36:31.302+0000] {dag.py:3340} INFO - Setting next_dagrun for user_processing to 2024-07-24T00:00:00+00:00, run_after=2024-07-25T00:00:00+00:00
[2024-07-25T19:36:31.315+0000] {processor.py:176} INFO - Processing /opt/airflow/dags/user_processing.py took 0.512 seconds
[2024-07-25T19:37:01.528+0000] {processor.py:154} INFO - Started process (PID=2677) to work on /opt/airflow/dags/user_processing.py
[2024-07-25T19:37:01.529+0000] {processor.py:756} INFO - Processing file /opt/airflow/dags/user_processing.py for tasks to queue
[2024-07-25T19:37:01.529+0000] {logging_mixin.py:120} INFO - [2024-07-25T19:37:01.529+0000] {dagbag.py:537} INFO - Filling up the DagBag from /opt/airflow/dags/user_processing.py
[2024-07-25T19:37:01.748+0000] {processor.py:766} INFO - DAG(s) dict_keys(['user_processing']) retrieved from /opt/airflow/dags/user_processing.py
[2024-07-25T19:37:01.909+0000] {logging_mixin.py:120} INFO - [2024-07-25T19:37:01.908+0000] {dag.py:2585} INFO - Sync 1 DAGs
[2024-07-25T19:37:01.933+0000] {logging_mixin.py:120} INFO - [2024-07-25T19:37:01.933+0000] {dag.py:3340} INFO - Setting next_dagrun for user_processing to 2024-07-24T00:00:00+00:00, run_after=2024-07-25T00:00:00+00:00
[2024-07-25T19:37:01.949+0000] {processor.py:176} INFO - Processing /opt/airflow/dags/user_processing.py took 0.424 seconds
[2024-07-25T19:37:32.326+0000] {processor.py:154} INFO - Started process (PID=2717) to work on /opt/airflow/dags/user_processing.py
[2024-07-25T19:37:32.327+0000] {processor.py:756} INFO - Processing file /opt/airflow/dags/user_processing.py for tasks to queue
[2024-07-25T19:37:32.328+0000] {logging_mixin.py:120} INFO - [2024-07-25T19:37:32.328+0000] {dagbag.py:537} INFO - Filling up the DagBag from /opt/airflow/dags/user_processing.py
[2024-07-25T19:37:32.567+0000] {processor.py:766} INFO - DAG(s) dict_keys(['user_processing']) retrieved from /opt/airflow/dags/user_processing.py
[2024-07-25T19:37:32.732+0000] {logging_mixin.py:120} INFO - [2024-07-25T19:37:32.732+0000] {dag.py:2585} INFO - Sync 1 DAGs
[2024-07-25T19:37:32.756+0000] {logging_mixin.py:120} INFO - [2024-07-25T19:37:32.755+0000] {dag.py:3340} INFO - Setting next_dagrun for user_processing to 2024-07-24T00:00:00+00:00, run_after=2024-07-25T00:00:00+00:00
[2024-07-25T19:37:32.772+0000] {processor.py:176} INFO - Processing /opt/airflow/dags/user_processing.py took 0.449 seconds
[2024-07-25T19:38:03.201+0000] {processor.py:154} INFO - Started process (PID=2747) to work on /opt/airflow/dags/user_processing.py
[2024-07-25T19:38:03.202+0000] {processor.py:756} INFO - Processing file /opt/airflow/dags/user_processing.py for tasks to queue
[2024-07-25T19:38:03.203+0000] {logging_mixin.py:120} INFO - [2024-07-25T19:38:03.203+0000] {dagbag.py:537} INFO - Filling up the DagBag from /opt/airflow/dags/user_processing.py
[2024-07-25T19:38:03.418+0000] {processor.py:766} INFO - DAG(s) dict_keys(['user_processing']) retrieved from /opt/airflow/dags/user_processing.py
[2024-07-25T19:38:03.580+0000] {logging_mixin.py:120} INFO - [2024-07-25T19:38:03.580+0000] {dag.py:2585} INFO - Sync 1 DAGs
[2024-07-25T19:38:03.601+0000] {logging_mixin.py:120} INFO - [2024-07-25T19:38:03.601+0000] {dag.py:3340} INFO - Setting next_dagrun for user_processing to 2024-07-24T00:00:00+00:00, run_after=2024-07-25T00:00:00+00:00
[2024-07-25T19:38:03.615+0000] {processor.py:176} INFO - Processing /opt/airflow/dags/user_processing.py took 0.416 seconds
[2024-07-25T19:38:34.128+0000] {processor.py:154} INFO - Started process (PID=2787) to work on /opt/airflow/dags/user_processing.py
[2024-07-25T19:38:34.129+0000] {processor.py:756} INFO - Processing file /opt/airflow/dags/user_processing.py for tasks to queue
[2024-07-25T19:38:34.129+0000] {logging_mixin.py:120} INFO - [2024-07-25T19:38:34.129+0000] {dagbag.py:537} INFO - Filling up the DagBag from /opt/airflow/dags/user_processing.py
[2024-07-25T19:38:34.347+0000] {processor.py:766} INFO - DAG(s) dict_keys(['user_processing']) retrieved from /opt/airflow/dags/user_processing.py
[2024-07-25T19:38:34.508+0000] {logging_mixin.py:120} INFO - [2024-07-25T19:38:34.507+0000] {dag.py:2585} INFO - Sync 1 DAGs
[2024-07-25T19:38:34.528+0000] {logging_mixin.py:120} INFO - [2024-07-25T19:38:34.528+0000] {dag.py:3340} INFO - Setting next_dagrun for user_processing to 2024-07-24T00:00:00+00:00, run_after=2024-07-25T00:00:00+00:00
[2024-07-25T19:38:34.544+0000] {processor.py:176} INFO - Processing /opt/airflow/dags/user_processing.py took 0.419 seconds
[2024-07-25T19:39:05.164+0000] {processor.py:154} INFO - Started process (PID=2827) to work on /opt/airflow/dags/user_processing.py
[2024-07-25T19:39:05.165+0000] {processor.py:756} INFO - Processing file /opt/airflow/dags/user_processing.py for tasks to queue
[2024-07-25T19:39:05.166+0000] {logging_mixin.py:120} INFO - [2024-07-25T19:39:05.166+0000] {dagbag.py:537} INFO - Filling up the DagBag from /opt/airflow/dags/user_processing.py
[2024-07-25T19:39:05.389+0000] {processor.py:766} INFO - DAG(s) dict_keys(['user_processing']) retrieved from /opt/airflow/dags/user_processing.py
[2024-07-25T19:39:05.567+0000] {logging_mixin.py:120} INFO - [2024-07-25T19:39:05.567+0000] {dag.py:2585} INFO - Sync 1 DAGs
[2024-07-25T19:39:05.687+0000] {logging_mixin.py:120} INFO - [2024-07-25T19:39:05.687+0000] {dag.py:3340} INFO - Setting next_dagrun for user_processing to 2024-07-24T00:00:00+00:00, run_after=2024-07-25T00:00:00+00:00
[2024-07-25T19:39:05.700+0000] {processor.py:176} INFO - Processing /opt/airflow/dags/user_processing.py took 0.539 seconds
[2024-07-25T19:39:36.285+0000] {processor.py:154} INFO - Started process (PID=2866) to work on /opt/airflow/dags/user_processing.py
[2024-07-25T19:39:36.286+0000] {processor.py:756} INFO - Processing file /opt/airflow/dags/user_processing.py for tasks to queue
[2024-07-25T19:39:36.286+0000] {logging_mixin.py:120} INFO - [2024-07-25T19:39:36.286+0000] {dagbag.py:537} INFO - Filling up the DagBag from /opt/airflow/dags/user_processing.py
[2024-07-25T19:39:36.508+0000] {processor.py:766} INFO - DAG(s) dict_keys(['user_processing']) retrieved from /opt/airflow/dags/user_processing.py
[2024-07-25T19:39:36.675+0000] {logging_mixin.py:120} INFO - [2024-07-25T19:39:36.674+0000] {dag.py:2585} INFO - Sync 1 DAGs
[2024-07-25T19:39:36.696+0000] {logging_mixin.py:120} INFO - [2024-07-25T19:39:36.695+0000] {dag.py:3340} INFO - Setting next_dagrun for user_processing to 2024-07-24T00:00:00+00:00, run_after=2024-07-25T00:00:00+00:00
[2024-07-25T19:39:36.711+0000] {processor.py:176} INFO - Processing /opt/airflow/dags/user_processing.py took 0.430 seconds
[2024-07-25T19:40:07.122+0000] {processor.py:154} INFO - Started process (PID=2906) to work on /opt/airflow/dags/user_processing.py
[2024-07-25T19:40:07.122+0000] {processor.py:756} INFO - Processing file /opt/airflow/dags/user_processing.py for tasks to queue
[2024-07-25T19:40:07.123+0000] {logging_mixin.py:120} INFO - [2024-07-25T19:40:07.123+0000] {dagbag.py:537} INFO - Filling up the DagBag from /opt/airflow/dags/user_processing.py
[2024-07-25T19:40:07.356+0000] {processor.py:766} INFO - DAG(s) dict_keys(['user_processing']) retrieved from /opt/airflow/dags/user_processing.py
[2024-07-25T19:40:07.524+0000] {logging_mixin.py:120} INFO - [2024-07-25T19:40:07.524+0000] {dag.py:2585} INFO - Sync 1 DAGs
[2024-07-25T19:40:07.550+0000] {logging_mixin.py:120} INFO - [2024-07-25T19:40:07.550+0000] {dag.py:3340} INFO - Setting next_dagrun for user_processing to 2024-07-24T00:00:00+00:00, run_after=2024-07-25T00:00:00+00:00
[2024-07-25T19:40:07.568+0000] {processor.py:176} INFO - Processing /opt/airflow/dags/user_processing.py took 0.449 seconds
[2024-07-25T19:40:37.903+0000] {processor.py:154} INFO - Started process (PID=2937) to work on /opt/airflow/dags/user_processing.py
[2024-07-25T19:40:37.904+0000] {processor.py:756} INFO - Processing file /opt/airflow/dags/user_processing.py for tasks to queue
[2024-07-25T19:40:37.905+0000] {logging_mixin.py:120} INFO - [2024-07-25T19:40:37.904+0000] {dagbag.py:537} INFO - Filling up the DagBag from /opt/airflow/dags/user_processing.py
[2024-07-25T19:40:38.136+0000] {processor.py:766} INFO - DAG(s) dict_keys(['user_processing']) retrieved from /opt/airflow/dags/user_processing.py
[2024-07-25T19:40:38.317+0000] {logging_mixin.py:120} INFO - [2024-07-25T19:40:38.317+0000] {dag.py:2585} INFO - Sync 1 DAGs
[2024-07-25T19:40:38.338+0000] {logging_mixin.py:120} INFO - [2024-07-25T19:40:38.338+0000] {dag.py:3340} INFO - Setting next_dagrun for user_processing to 2024-07-24T00:00:00+00:00, run_after=2024-07-25T00:00:00+00:00
[2024-07-25T19:40:38.351+0000] {processor.py:176} INFO - Processing /opt/airflow/dags/user_processing.py took 0.451 seconds
[2024-07-25T19:41:08.663+0000] {processor.py:154} INFO - Started process (PID=2977) to work on /opt/airflow/dags/user_processing.py
[2024-07-25T19:41:08.664+0000] {processor.py:756} INFO - Processing file /opt/airflow/dags/user_processing.py for tasks to queue
[2024-07-25T19:41:08.664+0000] {logging_mixin.py:120} INFO - [2024-07-25T19:41:08.664+0000] {dagbag.py:537} INFO - Filling up the DagBag from /opt/airflow/dags/user_processing.py
[2024-07-25T19:41:08.881+0000] {processor.py:766} INFO - DAG(s) dict_keys(['user_processing']) retrieved from /opt/airflow/dags/user_processing.py
[2024-07-25T19:41:09.038+0000] {logging_mixin.py:120} INFO - [2024-07-25T19:41:09.038+0000] {dag.py:2585} INFO - Sync 1 DAGs
[2024-07-25T19:41:09.059+0000] {logging_mixin.py:120} INFO - [2024-07-25T19:41:09.059+0000] {dag.py:3340} INFO - Setting next_dagrun for user_processing to 2024-07-24T00:00:00+00:00, run_after=2024-07-25T00:00:00+00:00
[2024-07-25T19:41:09.073+0000] {processor.py:176} INFO - Processing /opt/airflow/dags/user_processing.py took 0.413 seconds
[2024-07-25T19:41:39.465+0000] {processor.py:154} INFO - Started process (PID=3017) to work on /opt/airflow/dags/user_processing.py
[2024-07-25T19:41:39.466+0000] {processor.py:756} INFO - Processing file /opt/airflow/dags/user_processing.py for tasks to queue
[2024-07-25T19:41:39.467+0000] {logging_mixin.py:120} INFO - [2024-07-25T19:41:39.467+0000] {dagbag.py:537} INFO - Filling up the DagBag from /opt/airflow/dags/user_processing.py
[2024-07-25T19:41:39.691+0000] {processor.py:766} INFO - DAG(s) dict_keys(['user_processing']) retrieved from /opt/airflow/dags/user_processing.py
[2024-07-25T19:41:39.850+0000] {logging_mixin.py:120} INFO - [2024-07-25T19:41:39.850+0000] {dag.py:2585} INFO - Sync 1 DAGs
[2024-07-25T19:41:39.968+0000] {logging_mixin.py:120} INFO - [2024-07-25T19:41:39.967+0000] {dag.py:3340} INFO - Setting next_dagrun for user_processing to 2024-07-24T00:00:00+00:00, run_after=2024-07-25T00:00:00+00:00
[2024-07-25T19:41:39.981+0000] {processor.py:176} INFO - Processing /opt/airflow/dags/user_processing.py took 0.518 seconds
[2024-07-25T19:42:10.630+0000] {processor.py:154} INFO - Started process (PID=3057) to work on /opt/airflow/dags/user_processing.py
[2024-07-25T19:42:10.631+0000] {processor.py:756} INFO - Processing file /opt/airflow/dags/user_processing.py for tasks to queue
[2024-07-25T19:42:10.632+0000] {logging_mixin.py:120} INFO - [2024-07-25T19:42:10.632+0000] {dagbag.py:537} INFO - Filling up the DagBag from /opt/airflow/dags/user_processing.py
[2024-07-25T19:42:10.887+0000] {processor.py:766} INFO - DAG(s) dict_keys(['user_processing']) retrieved from /opt/airflow/dags/user_processing.py
[2024-07-25T19:42:11.053+0000] {logging_mixin.py:120} INFO - [2024-07-25T19:42:11.053+0000] {dag.py:2585} INFO - Sync 1 DAGs
[2024-07-25T19:42:11.171+0000] {logging_mixin.py:120} INFO - [2024-07-25T19:42:11.171+0000] {dag.py:3340} INFO - Setting next_dagrun for user_processing to 2024-07-24T00:00:00+00:00, run_after=2024-07-25T00:00:00+00:00
[2024-07-25T19:42:11.184+0000] {processor.py:176} INFO - Processing /opt/airflow/dags/user_processing.py took 0.556 seconds
[2024-07-25T19:42:41.790+0000] {processor.py:154} INFO - Started process (PID=3097) to work on /opt/airflow/dags/user_processing.py
[2024-07-25T19:42:41.791+0000] {processor.py:756} INFO - Processing file /opt/airflow/dags/user_processing.py for tasks to queue
[2024-07-25T19:42:41.792+0000] {logging_mixin.py:120} INFO - [2024-07-25T19:42:41.792+0000] {dagbag.py:537} INFO - Filling up the DagBag from /opt/airflow/dags/user_processing.py
[2024-07-25T19:42:42.009+0000] {processor.py:766} INFO - DAG(s) dict_keys(['user_processing']) retrieved from /opt/airflow/dags/user_processing.py
[2024-07-25T19:42:42.269+0000] {logging_mixin.py:120} INFO - [2024-07-25T19:42:42.171+0000] {dag.py:2585} INFO - Sync 1 DAGs
[2024-07-25T19:42:42.288+0000] {logging_mixin.py:120} INFO - [2024-07-25T19:42:42.288+0000] {dag.py:3340} INFO - Setting next_dagrun for user_processing to 2024-07-24T00:00:00+00:00, run_after=2024-07-25T00:00:00+00:00
[2024-07-25T19:42:42.301+0000] {processor.py:176} INFO - Processing /opt/airflow/dags/user_processing.py took 0.513 seconds
[2024-07-25T19:43:12.655+0000] {processor.py:154} INFO - Started process (PID=3128) to work on /opt/airflow/dags/user_processing.py
[2024-07-25T19:43:12.656+0000] {processor.py:756} INFO - Processing file /opt/airflow/dags/user_processing.py for tasks to queue
[2024-07-25T19:43:12.657+0000] {logging_mixin.py:120} INFO - [2024-07-25T19:43:12.656+0000] {dagbag.py:537} INFO - Filling up the DagBag from /opt/airflow/dags/user_processing.py
[2024-07-25T19:43:12.879+0000] {processor.py:766} INFO - DAG(s) dict_keys(['user_processing']) retrieved from /opt/airflow/dags/user_processing.py
[2024-07-25T19:43:13.039+0000] {logging_mixin.py:120} INFO - [2024-07-25T19:43:13.039+0000] {dag.py:2585} INFO - Sync 1 DAGs
[2024-07-25T19:43:13.059+0000] {logging_mixin.py:120} INFO - [2024-07-25T19:43:13.059+0000] {dag.py:3340} INFO - Setting next_dagrun for user_processing to 2024-07-24T00:00:00+00:00, run_after=2024-07-25T00:00:00+00:00
[2024-07-25T19:43:13.074+0000] {processor.py:176} INFO - Processing /opt/airflow/dags/user_processing.py took 0.422 seconds
[2024-07-25T19:43:43.433+0000] {processor.py:154} INFO - Started process (PID=3168) to work on /opt/airflow/dags/user_processing.py
[2024-07-25T19:43:43.434+0000] {processor.py:756} INFO - Processing file /opt/airflow/dags/user_processing.py for tasks to queue
[2024-07-25T19:43:43.435+0000] {logging_mixin.py:120} INFO - [2024-07-25T19:43:43.435+0000] {dagbag.py:537} INFO - Filling up the DagBag from /opt/airflow/dags/user_processing.py
[2024-07-25T19:43:43.664+0000] {processor.py:766} INFO - DAG(s) dict_keys(['user_processing']) retrieved from /opt/airflow/dags/user_processing.py
[2024-07-25T19:43:43.832+0000] {logging_mixin.py:120} INFO - [2024-07-25T19:43:43.831+0000] {dag.py:2585} INFO - Sync 1 DAGs
[2024-07-25T19:43:43.852+0000] {logging_mixin.py:120} INFO - [2024-07-25T19:43:43.852+0000] {dag.py:3340} INFO - Setting next_dagrun for user_processing to 2024-07-24T00:00:00+00:00, run_after=2024-07-25T00:00:00+00:00
[2024-07-25T19:43:43.866+0000] {processor.py:176} INFO - Processing /opt/airflow/dags/user_processing.py took 0.435 seconds
[2024-07-25T19:44:14.242+0000] {processor.py:154} INFO - Started process (PID=3209) to work on /opt/airflow/dags/user_processing.py
[2024-07-25T19:44:14.243+0000] {processor.py:756} INFO - Processing file /opt/airflow/dags/user_processing.py for tasks to queue
[2024-07-25T19:44:14.243+0000] {logging_mixin.py:120} INFO - [2024-07-25T19:44:14.243+0000] {dagbag.py:537} INFO - Filling up the DagBag from /opt/airflow/dags/user_processing.py
[2024-07-25T19:44:14.461+0000] {processor.py:766} INFO - DAG(s) dict_keys(['user_processing']) retrieved from /opt/airflow/dags/user_processing.py
[2024-07-25T19:44:14.654+0000] {logging_mixin.py:120} INFO - [2024-07-25T19:44:14.654+0000] {dag.py:2585} INFO - Sync 1 DAGs
[2024-07-25T19:44:14.675+0000] {logging_mixin.py:120} INFO - [2024-07-25T19:44:14.675+0000] {dag.py:3340} INFO - Setting next_dagrun for user_processing to 2024-07-24T00:00:00+00:00, run_after=2024-07-25T00:00:00+00:00
[2024-07-25T19:44:14.785+0000] {processor.py:176} INFO - Processing /opt/airflow/dags/user_processing.py took 0.546 seconds
[2024-07-25T19:44:45.374+0000] {processor.py:154} INFO - Started process (PID=3248) to work on /opt/airflow/dags/user_processing.py
[2024-07-25T19:44:45.375+0000] {processor.py:756} INFO - Processing file /opt/airflow/dags/user_processing.py for tasks to queue
[2024-07-25T19:44:45.376+0000] {logging_mixin.py:120} INFO - [2024-07-25T19:44:45.375+0000] {dagbag.py:537} INFO - Filling up the DagBag from /opt/airflow/dags/user_processing.py
[2024-07-25T19:44:45.611+0000] {processor.py:766} INFO - DAG(s) dict_keys(['user_processing']) retrieved from /opt/airflow/dags/user_processing.py
[2024-07-25T19:44:45.788+0000] {logging_mixin.py:120} INFO - [2024-07-25T19:44:45.788+0000] {dag.py:2585} INFO - Sync 1 DAGs
[2024-07-25T19:44:45.919+0000] {logging_mixin.py:120} INFO - [2024-07-25T19:44:45.919+0000] {dag.py:3340} INFO - Setting next_dagrun for user_processing to 2024-07-24T00:00:00+00:00, run_after=2024-07-25T00:00:00+00:00
[2024-07-25T19:44:45.933+0000] {processor.py:176} INFO - Processing /opt/airflow/dags/user_processing.py took 0.562 seconds
[2024-07-25T19:45:16.554+0000] {processor.py:154} INFO - Started process (PID=3288) to work on /opt/airflow/dags/user_processing.py
[2024-07-25T19:45:16.555+0000] {processor.py:756} INFO - Processing file /opt/airflow/dags/user_processing.py for tasks to queue
[2024-07-25T19:45:16.556+0000] {logging_mixin.py:120} INFO - [2024-07-25T19:45:16.556+0000] {dagbag.py:537} INFO - Filling up the DagBag from /opt/airflow/dags/user_processing.py
[2024-07-25T19:45:16.782+0000] {processor.py:766} INFO - DAG(s) dict_keys(['user_processing']) retrieved from /opt/airflow/dags/user_processing.py
[2024-07-25T19:45:16.941+0000] {logging_mixin.py:120} INFO - [2024-07-25T19:45:16.940+0000] {dag.py:2585} INFO - Sync 1 DAGs
[2024-07-25T19:45:17.056+0000] {logging_mixin.py:120} INFO - [2024-07-25T19:45:17.056+0000] {dag.py:3340} INFO - Setting next_dagrun for user_processing to 2024-07-24T00:00:00+00:00, run_after=2024-07-25T00:00:00+00:00
[2024-07-25T19:45:17.069+0000] {processor.py:176} INFO - Processing /opt/airflow/dags/user_processing.py took 0.518 seconds
[2024-07-25T19:45:47.674+0000] {processor.py:154} INFO - Started process (PID=3329) to work on /opt/airflow/dags/user_processing.py
[2024-07-25T19:45:47.676+0000] {processor.py:756} INFO - Processing file /opt/airflow/dags/user_processing.py for tasks to queue
[2024-07-25T19:45:47.677+0000] {logging_mixin.py:120} INFO - [2024-07-25T19:45:47.677+0000] {dagbag.py:537} INFO - Filling up the DagBag from /opt/airflow/dags/user_processing.py
[2024-07-25T19:45:47.920+0000] {processor.py:766} INFO - DAG(s) dict_keys(['user_processing']) retrieved from /opt/airflow/dags/user_processing.py
[2024-07-25T19:45:48.089+0000] {logging_mixin.py:120} INFO - [2024-07-25T19:45:48.089+0000] {dag.py:2585} INFO - Sync 1 DAGs
[2024-07-25T19:45:48.110+0000] {logging_mixin.py:120} INFO - [2024-07-25T19:45:48.110+0000] {dag.py:3340} INFO - Setting next_dagrun for user_processing to 2024-07-24T00:00:00+00:00, run_after=2024-07-25T00:00:00+00:00
[2024-07-25T19:45:48.124+0000] {processor.py:176} INFO - Processing /opt/airflow/dags/user_processing.py took 0.452 seconds
