[2024-07-14T18:30:46.757+0000] {taskinstance.py:1165} INFO - Dependencies all met for <TaskInstance: xcom_dag.t2 scheduled__2024-07-07T00:00:00+00:00 [queued]>
[2024-07-14T18:30:46.768+0000] {taskinstance.py:1165} INFO - Dependencies all met for <TaskInstance: xcom_dag.t2 scheduled__2024-07-07T00:00:00+00:00 [queued]>
[2024-07-14T18:30:46.769+0000] {taskinstance.py:1362} INFO - 
--------------------------------------------------------------------------------
[2024-07-14T18:30:46.770+0000] {taskinstance.py:1363} INFO - Starting attempt 1 of 1
[2024-07-14T18:30:46.770+0000] {taskinstance.py:1364} INFO - 
--------------------------------------------------------------------------------
[2024-07-14T18:30:46.785+0000] {taskinstance.py:1383} INFO - Executing <Task(PythonOperator): t2> on 2024-07-07 00:00:00+00:00
[2024-07-14T18:30:46.791+0000] {standard_task_runner.py:55} INFO - Started process 71 to run task
[2024-07-14T18:30:46.794+0000] {standard_task_runner.py:82} INFO - Running: ['***', 'tasks', 'run', 'xcom_dag', 't2', 'scheduled__2024-07-07T00:00:00+00:00', '--job-id', '140', '--raw', '--subdir', 'DAGS_FOLDER/xcom_dag.py', '--cfg-path', '/tmp/tmpy0nz9sbr']
[2024-07-14T18:30:46.795+0000] {standard_task_runner.py:83} INFO - Job 140: Subtask t2
[2024-07-14T18:30:46.849+0000] {task_command.py:376} INFO - Running <TaskInstance: xcom_dag.t2 scheduled__2024-07-07T00:00:00+00:00 [running]> on host 9cbf301edbb4
[2024-07-14T18:30:46.904+0000] {taskinstance.py:1592} INFO - Exporting the following env vars:
AIRFLOW_CTX_DAG_OWNER=***
AIRFLOW_CTX_DAG_ID=xcom_dag
AIRFLOW_CTX_TASK_ID=t2
AIRFLOW_CTX_EXECUTION_DATE=2024-07-07T00:00:00+00:00
AIRFLOW_CTX_TRY_NUMBER=1
AIRFLOW_CTX_DAG_RUN_ID=scheduled__2024-07-07T00:00:00+00:00
[2024-07-14T18:30:46.912+0000] {logging_mixin.py:120} INFO - 42
[2024-07-14T18:30:46.912+0000] {python.py:177} INFO - Done. Returned value was: None
[2024-07-14T18:30:46.919+0000] {taskinstance.py:1406} INFO - Marking task as SUCCESS. dag_id=xcom_dag, task_id=t2, execution_date=20240707T000000, start_date=20240714T183046, end_date=20240714T183046
[2024-07-14T18:30:46.986+0000] {local_task_job.py:164} INFO - Task exited with return code 0
[2024-07-14T18:30:47.004+0000] {local_task_job.py:273} INFO - 0 downstream tasks scheduled from follow-on schedule check
