[2024-07-04T20:14:37.444+0000] {taskinstance.py:1165} INFO - Dependencies all met for <TaskInstance: parallel_dag.load_b scheduled__2024-07-03T00:00:00+00:00 [queued]>
[2024-07-04T20:14:37.453+0000] {taskinstance.py:1165} INFO - Dependencies all met for <TaskInstance: parallel_dag.load_b scheduled__2024-07-03T00:00:00+00:00 [queued]>
[2024-07-04T20:14:37.453+0000] {taskinstance.py:1362} INFO - 
--------------------------------------------------------------------------------
[2024-07-04T20:14:37.454+0000] {taskinstance.py:1363} INFO - Starting attempt 1 of 1
[2024-07-04T20:14:37.455+0000] {taskinstance.py:1364} INFO - 
--------------------------------------------------------------------------------
[2024-07-04T20:14:37.465+0000] {taskinstance.py:1383} INFO - Executing <Task(BashOperator): load_b> on 2024-07-03 00:00:00+00:00
[2024-07-04T20:14:37.469+0000] {standard_task_runner.py:55} INFO - Started process 78 to run task
[2024-07-04T20:14:37.472+0000] {standard_task_runner.py:82} INFO - Running: ['***', 'tasks', 'run', 'parallel_dag', 'load_b', 'scheduled__2024-07-03T00:00:00+00:00', '--job-id', '70', '--raw', '--subdir', 'DAGS_FOLDER/parallel_dag.py', '--cfg-path', '/tmp/tmpejaflmba']
[2024-07-04T20:14:37.472+0000] {standard_task_runner.py:83} INFO - Job 70: Subtask load_b
[2024-07-04T20:14:37.524+0000] {task_command.py:376} INFO - Running <TaskInstance: parallel_dag.load_b scheduled__2024-07-03T00:00:00+00:00 [running]> on host 62d7635e794e
[2024-07-04T20:14:37.581+0000] {taskinstance.py:1592} INFO - Exporting the following env vars:
AIRFLOW_CTX_DAG_OWNER=***
AIRFLOW_CTX_DAG_ID=parallel_dag
AIRFLOW_CTX_TASK_ID=load_b
AIRFLOW_CTX_EXECUTION_DATE=2024-07-03T00:00:00+00:00
AIRFLOW_CTX_TRY_NUMBER=1
AIRFLOW_CTX_DAG_RUN_ID=scheduled__2024-07-03T00:00:00+00:00
[2024-07-04T20:14:37.582+0000] {subprocess.py:63} INFO - Tmp dir root location: 
 /tmp
[2024-07-04T20:14:37.582+0000] {subprocess.py:75} INFO - Running command: ['/bin/bash', '-c', 'sleep 10']
[2024-07-04T20:14:37.590+0000] {subprocess.py:86} INFO - Output:
[2024-07-04T20:14:47.593+0000] {subprocess.py:97} INFO - Command exited with return code 0
[2024-07-04T20:14:47.612+0000] {taskinstance.py:1406} INFO - Marking task as SUCCESS. dag_id=parallel_dag, task_id=load_b, execution_date=20240703T000000, start_date=20240704T201437, end_date=20240704T201447
[2024-07-04T20:14:47.627+0000] {local_task_job.py:164} INFO - Task exited with return code 0
[2024-07-04T20:14:47.645+0000] {local_task_job.py:273} INFO - 0 downstream tasks scheduled from follow-on schedule check
