[2024-07-06T21:40:24.968+0000] {taskinstance.py:1165} INFO - Dependencies all met for <TaskInstance: xcom_dag.t1 manual__2024-07-06T21:40:24.478740+00:00 [queued]>
[2024-07-06T21:40:24.981+0000] {taskinstance.py:1165} INFO - Dependencies all met for <TaskInstance: xcom_dag.t1 manual__2024-07-06T21:40:24.478740+00:00 [queued]>
[2024-07-06T21:40:24.982+0000] {taskinstance.py:1362} INFO - 
--------------------------------------------------------------------------------
[2024-07-06T21:40:24.982+0000] {taskinstance.py:1363} INFO - Starting attempt 1 of 1
[2024-07-06T21:40:24.983+0000] {taskinstance.py:1364} INFO - 
--------------------------------------------------------------------------------
[2024-07-06T21:40:24.998+0000] {taskinstance.py:1383} INFO - Executing <Task(PythonOperator): t1> on 2024-07-06 21:40:24.478740+00:00
[2024-07-06T21:40:25.002+0000] {standard_task_runner.py:55} INFO - Started process 2262 to run task
[2024-07-06T21:40:25.006+0000] {standard_task_runner.py:82} INFO - Running: ['***', 'tasks', 'run', 'xcom_dag', 't1', 'manual__2024-07-06T21:40:24.478740+00:00', '--job-id', '106', '--raw', '--subdir', 'DAGS_FOLDER/xcom_dag.py', '--cfg-path', '/tmp/tmpvnklg5h4']
[2024-07-06T21:40:25.007+0000] {standard_task_runner.py:83} INFO - Job 106: Subtask t1
[2024-07-06T21:40:25.066+0000] {task_command.py:376} INFO - Running <TaskInstance: xcom_dag.t1 manual__2024-07-06T21:40:24.478740+00:00 [running]> on host 86f3c0daec77
[2024-07-06T21:40:25.130+0000] {taskinstance.py:1592} INFO - Exporting the following env vars:
AIRFLOW_CTX_DAG_OWNER=***
AIRFLOW_CTX_DAG_ID=xcom_dag
AIRFLOW_CTX_TASK_ID=t1
AIRFLOW_CTX_EXECUTION_DATE=2024-07-06T21:40:24.478740+00:00
AIRFLOW_CTX_TRY_NUMBER=1
AIRFLOW_CTX_DAG_RUN_ID=manual__2024-07-06T21:40:24.478740+00:00
[2024-07-06T21:40:25.142+0000] {python.py:177} INFO - Done. Returned value was: None
[2024-07-06T21:40:25.151+0000] {taskinstance.py:1406} INFO - Marking task as SUCCESS. dag_id=xcom_dag, task_id=t1, execution_date=20240706T214024, start_date=20240706T214024, end_date=20240706T214025
[2024-07-06T21:40:25.190+0000] {local_task_job.py:164} INFO - Task exited with return code 0
[2024-07-06T21:40:25.215+0000] {local_task_job.py:273} INFO - 1 downstream tasks scheduled from follow-on schedule check
