[2024-07-06T21:24:57.352+0000] {taskinstance.py:1165} INFO - Dependencies all met for <TaskInstance: xcom_dag.t2 manual__2024-07-06T21:05:24.708895+00:00 [queued]>
[2024-07-06T21:24:57.360+0000] {taskinstance.py:1165} INFO - Dependencies all met for <TaskInstance: xcom_dag.t2 manual__2024-07-06T21:05:24.708895+00:00 [queued]>
[2024-07-06T21:24:57.361+0000] {taskinstance.py:1362} INFO - 
--------------------------------------------------------------------------------
[2024-07-06T21:24:57.361+0000] {taskinstance.py:1363} INFO - Starting attempt 2 of 2
[2024-07-06T21:24:57.362+0000] {taskinstance.py:1364} INFO - 
--------------------------------------------------------------------------------
[2024-07-06T21:24:57.373+0000] {taskinstance.py:1383} INFO - Executing <Task(PythonOperator): t2> on 2024-07-06 21:05:24.708895+00:00
[2024-07-06T21:24:57.376+0000] {standard_task_runner.py:55} INFO - Started process 1508 to run task
[2024-07-06T21:24:57.379+0000] {standard_task_runner.py:82} INFO - Running: ['***', 'tasks', 'run', 'xcom_dag', 't2', 'manual__2024-07-06T21:05:24.708895+00:00', '--job-id', '89', '--raw', '--subdir', 'DAGS_FOLDER/xcom_dag.py', '--cfg-path', '/tmp/tmp3r6rq51g']
[2024-07-06T21:24:57.379+0000] {standard_task_runner.py:83} INFO - Job 89: Subtask t2
[2024-07-06T21:24:57.431+0000] {task_command.py:376} INFO - Running <TaskInstance: xcom_dag.t2 manual__2024-07-06T21:05:24.708895+00:00 [running]> on host 7b2f3fb607ad
[2024-07-06T21:24:57.488+0000] {taskinstance.py:1592} INFO - Exporting the following env vars:
AIRFLOW_CTX_DAG_OWNER=***
AIRFLOW_CTX_DAG_ID=xcom_dag
AIRFLOW_CTX_TASK_ID=t2
AIRFLOW_CTX_EXECUTION_DATE=2024-07-06T21:05:24.708895+00:00
AIRFLOW_CTX_TRY_NUMBER=2
AIRFLOW_CTX_DAG_RUN_ID=manual__2024-07-06T21:05:24.708895+00:00
[2024-07-06T21:24:57.490+0000] {python.py:177} INFO - Done. Returned value was: None
[2024-07-06T21:24:57.499+0000] {taskinstance.py:1406} INFO - Marking task as SUCCESS. dag_id=xcom_dag, task_id=t2, execution_date=20240706T210524, start_date=20240706T212457, end_date=20240706T212457
[2024-07-06T21:24:57.517+0000] {local_task_job.py:164} INFO - Task exited with return code 0
[2024-07-06T21:24:57.538+0000] {local_task_job.py:273} INFO - 1 downstream tasks scheduled from follow-on schedule check
