[2024-07-01T17:04:48.980+0000] {processor.py:154} INFO - Started process (PID=41) to work on /opt/airflow/dags/consumer.py
[2024-07-01T17:04:48.983+0000] {processor.py:756} INFO - Processing file /opt/airflow/dags/consumer.py for tasks to queue
[2024-07-01T17:04:48.985+0000] {logging_mixin.py:120} INFO - [2024-07-01T17:04:48.984+0000] {dagbag.py:537} INFO - Filling up the DagBag from /opt/airflow/dags/consumer.py
[2024-07-01T17:04:49.038+0000] {processor.py:766} INFO - DAG(s) dict_keys(['consumer']) retrieved from /opt/airflow/dags/consumer.py
[2024-07-01T17:04:49.257+0000] {logging_mixin.py:120} INFO - [2024-07-01T17:04:49.256+0000] {manager.py:507} INFO - Created Permission View: can edit on DAG:consumer
[2024-07-01T17:04:49.267+0000] {logging_mixin.py:120} INFO - [2024-07-01T17:04:49.267+0000] {manager.py:507} INFO - Created Permission View: can delete on DAG:consumer
[2024-07-01T17:04:49.275+0000] {logging_mixin.py:120} INFO - [2024-07-01T17:04:49.275+0000] {manager.py:507} INFO - Created Permission View: can read on DAG:consumer
[2024-07-01T17:04:49.275+0000] {logging_mixin.py:120} INFO - [2024-07-01T17:04:49.275+0000] {dag.py:2585} INFO - Sync 1 DAGs
[2024-07-01T17:04:49.295+0000] {logging_mixin.py:120} INFO - [2024-07-01T17:04:49.295+0000] {dag.py:2606} INFO - Creating ORM DAG for consumer
[2024-07-01T17:04:49.311+0000] {logging_mixin.py:120} INFO - [2024-07-01T17:04:49.311+0000] {dag.py:3340} INFO - Setting next_dagrun for consumer to None, run_after=None
[2024-07-01T17:04:49.344+0000] {processor.py:176} INFO - Processing /opt/airflow/dags/consumer.py took 0.371 seconds
[2024-07-01T17:05:20.031+0000] {processor.py:154} INFO - Started process (PID=119) to work on /opt/airflow/dags/consumer.py
[2024-07-01T17:05:20.032+0000] {processor.py:756} INFO - Processing file /opt/airflow/dags/consumer.py for tasks to queue
[2024-07-01T17:05:20.033+0000] {logging_mixin.py:120} INFO - [2024-07-01T17:05:20.032+0000] {dagbag.py:537} INFO - Filling up the DagBag from /opt/airflow/dags/consumer.py
[2024-07-01T17:05:20.054+0000] {processor.py:766} INFO - DAG(s) dict_keys(['consumer']) retrieved from /opt/airflow/dags/consumer.py
[2024-07-01T17:05:20.095+0000] {logging_mixin.py:120} INFO - [2024-07-01T17:05:20.095+0000] {dag.py:2585} INFO - Sync 1 DAGs
[2024-07-01T17:05:20.120+0000] {logging_mixin.py:120} INFO - [2024-07-01T17:05:20.120+0000] {dag.py:3340} INFO - Setting next_dagrun for consumer to None, run_after=None
[2024-07-01T17:05:20.141+0000] {processor.py:176} INFO - Processing /opt/airflow/dags/consumer.py took 0.115 seconds
[2024-07-01T17:05:50.366+0000] {processor.py:154} INFO - Started process (PID=186) to work on /opt/airflow/dags/consumer.py
[2024-07-01T17:05:50.367+0000] {processor.py:756} INFO - Processing file /opt/airflow/dags/consumer.py for tasks to queue
[2024-07-01T17:05:50.368+0000] {logging_mixin.py:120} INFO - [2024-07-01T17:05:50.368+0000] {dagbag.py:537} INFO - Filling up the DagBag from /opt/airflow/dags/consumer.py
[2024-07-01T17:05:50.387+0000] {processor.py:766} INFO - DAG(s) dict_keys(['consumer']) retrieved from /opt/airflow/dags/consumer.py
[2024-07-01T17:05:50.425+0000] {logging_mixin.py:120} INFO - [2024-07-01T17:05:50.424+0000] {dag.py:2585} INFO - Sync 1 DAGs
[2024-07-01T17:05:50.449+0000] {logging_mixin.py:120} INFO - [2024-07-01T17:05:50.449+0000] {dag.py:3340} INFO - Setting next_dagrun for consumer to None, run_after=None
[2024-07-01T17:05:50.471+0000] {processor.py:176} INFO - Processing /opt/airflow/dags/consumer.py took 0.107 seconds
[2024-07-01T17:06:21.059+0000] {processor.py:154} INFO - Started process (PID=244) to work on /opt/airflow/dags/consumer.py
[2024-07-01T17:06:21.060+0000] {processor.py:756} INFO - Processing file /opt/airflow/dags/consumer.py for tasks to queue
[2024-07-01T17:06:21.061+0000] {logging_mixin.py:120} INFO - [2024-07-01T17:06:21.061+0000] {dagbag.py:537} INFO - Filling up the DagBag from /opt/airflow/dags/consumer.py
[2024-07-01T17:06:21.080+0000] {processor.py:766} INFO - DAG(s) dict_keys(['consumer']) retrieved from /opt/airflow/dags/consumer.py
[2024-07-01T17:06:21.117+0000] {logging_mixin.py:120} INFO - [2024-07-01T17:06:21.117+0000] {dag.py:2585} INFO - Sync 1 DAGs
[2024-07-01T17:06:21.140+0000] {logging_mixin.py:120} INFO - [2024-07-01T17:06:21.139+0000] {dag.py:3340} INFO - Setting next_dagrun for consumer to None, run_after=None
[2024-07-01T17:06:21.159+0000] {processor.py:176} INFO - Processing /opt/airflow/dags/consumer.py took 0.103 seconds
[2024-07-01T17:06:51.194+0000] {processor.py:154} INFO - Started process (PID=312) to work on /opt/airflow/dags/consumer.py
[2024-07-01T17:06:51.195+0000] {processor.py:756} INFO - Processing file /opt/airflow/dags/consumer.py for tasks to queue
[2024-07-01T17:06:51.196+0000] {logging_mixin.py:120} INFO - [2024-07-01T17:06:51.196+0000] {dagbag.py:537} INFO - Filling up the DagBag from /opt/airflow/dags/consumer.py
[2024-07-01T17:06:51.213+0000] {processor.py:766} INFO - DAG(s) dict_keys(['consumer']) retrieved from /opt/airflow/dags/consumer.py
[2024-07-01T17:06:51.248+0000] {logging_mixin.py:120} INFO - [2024-07-01T17:06:51.247+0000] {dag.py:2585} INFO - Sync 1 DAGs
[2024-07-01T17:06:51.269+0000] {logging_mixin.py:120} INFO - [2024-07-01T17:06:51.269+0000] {dag.py:3340} INFO - Setting next_dagrun for consumer to None, run_after=None
[2024-07-01T17:06:51.287+0000] {processor.py:176} INFO - Processing /opt/airflow/dags/consumer.py took 0.095 seconds
[2024-07-01T17:07:21.460+0000] {processor.py:154} INFO - Started process (PID=380) to work on /opt/airflow/dags/consumer.py
[2024-07-01T17:07:21.462+0000] {processor.py:756} INFO - Processing file /opt/airflow/dags/consumer.py for tasks to queue
[2024-07-01T17:07:21.462+0000] {logging_mixin.py:120} INFO - [2024-07-01T17:07:21.462+0000] {dagbag.py:537} INFO - Filling up the DagBag from /opt/airflow/dags/consumer.py
[2024-07-01T17:07:21.480+0000] {processor.py:766} INFO - DAG(s) dict_keys(['consumer']) retrieved from /opt/airflow/dags/consumer.py
[2024-07-01T17:07:21.515+0000] {logging_mixin.py:120} INFO - [2024-07-01T17:07:21.515+0000] {dag.py:2585} INFO - Sync 1 DAGs
[2024-07-01T17:07:21.537+0000] {logging_mixin.py:120} INFO - [2024-07-01T17:07:21.537+0000] {dag.py:3340} INFO - Setting next_dagrun for consumer to None, run_after=None
[2024-07-01T17:07:21.555+0000] {processor.py:176} INFO - Processing /opt/airflow/dags/consumer.py took 0.098 seconds
[2024-07-01T17:07:51.686+0000] {processor.py:154} INFO - Started process (PID=447) to work on /opt/airflow/dags/consumer.py
[2024-07-01T17:07:51.687+0000] {processor.py:756} INFO - Processing file /opt/airflow/dags/consumer.py for tasks to queue
[2024-07-01T17:07:51.687+0000] {logging_mixin.py:120} INFO - [2024-07-01T17:07:51.687+0000] {dagbag.py:537} INFO - Filling up the DagBag from /opt/airflow/dags/consumer.py
[2024-07-01T17:07:51.705+0000] {processor.py:766} INFO - DAG(s) dict_keys(['consumer']) retrieved from /opt/airflow/dags/consumer.py
[2024-07-01T17:07:51.741+0000] {logging_mixin.py:120} INFO - [2024-07-01T17:07:51.741+0000] {dag.py:2585} INFO - Sync 1 DAGs
[2024-07-01T17:07:51.765+0000] {logging_mixin.py:120} INFO - [2024-07-01T17:07:51.765+0000] {dag.py:3340} INFO - Setting next_dagrun for consumer to None, run_after=None
[2024-07-01T17:07:51.786+0000] {processor.py:176} INFO - Processing /opt/airflow/dags/consumer.py took 0.103 seconds
[2024-07-01T17:08:22.342+0000] {processor.py:154} INFO - Started process (PID=506) to work on /opt/airflow/dags/consumer.py
[2024-07-01T17:08:22.343+0000] {processor.py:756} INFO - Processing file /opt/airflow/dags/consumer.py for tasks to queue
[2024-07-01T17:08:22.344+0000] {logging_mixin.py:120} INFO - [2024-07-01T17:08:22.344+0000] {dagbag.py:537} INFO - Filling up the DagBag from /opt/airflow/dags/consumer.py
[2024-07-01T17:08:22.362+0000] {processor.py:766} INFO - DAG(s) dict_keys(['consumer']) retrieved from /opt/airflow/dags/consumer.py
[2024-07-01T17:08:22.399+0000] {logging_mixin.py:120} INFO - [2024-07-01T17:08:22.399+0000] {dag.py:2585} INFO - Sync 1 DAGs
[2024-07-01T17:08:22.422+0000] {logging_mixin.py:120} INFO - [2024-07-01T17:08:22.422+0000] {dag.py:3340} INFO - Setting next_dagrun for consumer to None, run_after=None
[2024-07-01T17:08:22.443+0000] {processor.py:176} INFO - Processing /opt/airflow/dags/consumer.py took 0.103 seconds
[2024-07-01T17:08:53.021+0000] {processor.py:154} INFO - Started process (PID=573) to work on /opt/airflow/dags/consumer.py
[2024-07-01T17:08:53.022+0000] {processor.py:756} INFO - Processing file /opt/airflow/dags/consumer.py for tasks to queue
[2024-07-01T17:08:53.023+0000] {logging_mixin.py:120} INFO - [2024-07-01T17:08:53.023+0000] {dagbag.py:537} INFO - Filling up the DagBag from /opt/airflow/dags/consumer.py
[2024-07-01T17:08:53.043+0000] {processor.py:766} INFO - DAG(s) dict_keys(['consumer']) retrieved from /opt/airflow/dags/consumer.py
[2024-07-01T17:08:53.080+0000] {logging_mixin.py:120} INFO - [2024-07-01T17:08:53.080+0000] {dag.py:2585} INFO - Sync 1 DAGs
[2024-07-01T17:08:53.105+0000] {logging_mixin.py:120} INFO - [2024-07-01T17:08:53.105+0000] {dag.py:3340} INFO - Setting next_dagrun for consumer to None, run_after=None
[2024-07-01T17:08:53.125+0000] {processor.py:176} INFO - Processing /opt/airflow/dags/consumer.py took 0.108 seconds
[2024-07-01T17:09:23.745+0000] {processor.py:154} INFO - Started process (PID=640) to work on /opt/airflow/dags/consumer.py
[2024-07-01T17:09:23.746+0000] {processor.py:756} INFO - Processing file /opt/airflow/dags/consumer.py for tasks to queue
[2024-07-01T17:09:23.747+0000] {logging_mixin.py:120} INFO - [2024-07-01T17:09:23.747+0000] {dagbag.py:537} INFO - Filling up the DagBag from /opt/airflow/dags/consumer.py
[2024-07-01T17:09:23.765+0000] {processor.py:766} INFO - DAG(s) dict_keys(['consumer']) retrieved from /opt/airflow/dags/consumer.py
[2024-07-01T17:09:23.804+0000] {logging_mixin.py:120} INFO - [2024-07-01T17:09:23.804+0000] {dag.py:2585} INFO - Sync 1 DAGs
[2024-07-01T17:09:23.828+0000] {logging_mixin.py:120} INFO - [2024-07-01T17:09:23.827+0000] {dag.py:3340} INFO - Setting next_dagrun for consumer to None, run_after=None
[2024-07-01T17:09:23.848+0000] {processor.py:176} INFO - Processing /opt/airflow/dags/consumer.py took 0.107 seconds
[2024-07-01T17:09:54.489+0000] {processor.py:154} INFO - Started process (PID=708) to work on /opt/airflow/dags/consumer.py
[2024-07-01T17:09:54.490+0000] {processor.py:756} INFO - Processing file /opt/airflow/dags/consumer.py for tasks to queue
[2024-07-01T17:09:54.491+0000] {logging_mixin.py:120} INFO - [2024-07-01T17:09:54.491+0000] {dagbag.py:537} INFO - Filling up the DagBag from /opt/airflow/dags/consumer.py
[2024-07-01T17:09:54.509+0000] {processor.py:766} INFO - DAG(s) dict_keys(['consumer']) retrieved from /opt/airflow/dags/consumer.py
[2024-07-01T17:09:54.547+0000] {logging_mixin.py:120} INFO - [2024-07-01T17:09:54.547+0000] {dag.py:2585} INFO - Sync 1 DAGs
[2024-07-01T17:09:54.569+0000] {logging_mixin.py:120} INFO - [2024-07-01T17:09:54.569+0000] {dag.py:3340} INFO - Setting next_dagrun for consumer to None, run_after=None
[2024-07-01T17:09:54.588+0000] {processor.py:176} INFO - Processing /opt/airflow/dags/consumer.py took 0.102 seconds
[2024-07-01T17:10:25.384+0000] {processor.py:154} INFO - Started process (PID=766) to work on /opt/airflow/dags/consumer.py
[2024-07-01T17:10:25.385+0000] {processor.py:756} INFO - Processing file /opt/airflow/dags/consumer.py for tasks to queue
[2024-07-01T17:10:25.386+0000] {logging_mixin.py:120} INFO - [2024-07-01T17:10:25.386+0000] {dagbag.py:537} INFO - Filling up the DagBag from /opt/airflow/dags/consumer.py
[2024-07-01T17:10:25.405+0000] {processor.py:766} INFO - DAG(s) dict_keys(['consumer']) retrieved from /opt/airflow/dags/consumer.py
[2024-07-01T17:10:25.440+0000] {logging_mixin.py:120} INFO - [2024-07-01T17:10:25.440+0000] {dag.py:2585} INFO - Sync 1 DAGs
[2024-07-01T17:10:25.464+0000] {logging_mixin.py:120} INFO - [2024-07-01T17:10:25.463+0000] {dag.py:3340} INFO - Setting next_dagrun for consumer to None, run_after=None
[2024-07-01T17:10:25.484+0000] {processor.py:176} INFO - Processing /opt/airflow/dags/consumer.py took 0.102 seconds
[2024-07-01T17:10:56.004+0000] {processor.py:154} INFO - Started process (PID=833) to work on /opt/airflow/dags/consumer.py
[2024-07-01T17:10:56.005+0000] {processor.py:756} INFO - Processing file /opt/airflow/dags/consumer.py for tasks to queue
[2024-07-01T17:10:56.006+0000] {logging_mixin.py:120} INFO - [2024-07-01T17:10:56.006+0000] {dagbag.py:537} INFO - Filling up the DagBag from /opt/airflow/dags/consumer.py
[2024-07-01T17:10:56.024+0000] {processor.py:766} INFO - DAG(s) dict_keys(['consumer']) retrieved from /opt/airflow/dags/consumer.py
[2024-07-01T17:10:56.061+0000] {logging_mixin.py:120} INFO - [2024-07-01T17:10:56.061+0000] {dag.py:2585} INFO - Sync 1 DAGs
[2024-07-01T17:10:56.084+0000] {logging_mixin.py:120} INFO - [2024-07-01T17:10:56.084+0000] {dag.py:3340} INFO - Setting next_dagrun for consumer to None, run_after=None
[2024-07-01T17:10:56.102+0000] {processor.py:176} INFO - Processing /opt/airflow/dags/consumer.py took 0.101 seconds
[2024-07-01T17:11:26.785+0000] {processor.py:154} INFO - Started process (PID=900) to work on /opt/airflow/dags/consumer.py
[2024-07-01T17:11:26.786+0000] {processor.py:756} INFO - Processing file /opt/airflow/dags/consumer.py for tasks to queue
[2024-07-01T17:11:26.787+0000] {logging_mixin.py:120} INFO - [2024-07-01T17:11:26.787+0000] {dagbag.py:537} INFO - Filling up the DagBag from /opt/airflow/dags/consumer.py
[2024-07-01T17:11:26.805+0000] {processor.py:766} INFO - DAG(s) dict_keys(['consumer']) retrieved from /opt/airflow/dags/consumer.py
[2024-07-01T17:11:26.839+0000] {logging_mixin.py:120} INFO - [2024-07-01T17:11:26.839+0000] {dag.py:2585} INFO - Sync 1 DAGs
[2024-07-01T17:11:26.860+0000] {logging_mixin.py:120} INFO - [2024-07-01T17:11:26.860+0000] {dag.py:3340} INFO - Setting next_dagrun for consumer to None, run_after=None
[2024-07-01T17:11:26.877+0000] {processor.py:176} INFO - Processing /opt/airflow/dags/consumer.py took 0.096 seconds
[2024-07-01T17:11:57.451+0000] {processor.py:154} INFO - Started process (PID=967) to work on /opt/airflow/dags/consumer.py
[2024-07-01T17:11:57.452+0000] {processor.py:756} INFO - Processing file /opt/airflow/dags/consumer.py for tasks to queue
[2024-07-01T17:11:57.453+0000] {logging_mixin.py:120} INFO - [2024-07-01T17:11:57.453+0000] {dagbag.py:537} INFO - Filling up the DagBag from /opt/airflow/dags/consumer.py
[2024-07-01T17:11:57.471+0000] {processor.py:766} INFO - DAG(s) dict_keys(['consumer']) retrieved from /opt/airflow/dags/consumer.py
[2024-07-01T17:11:57.507+0000] {logging_mixin.py:120} INFO - [2024-07-01T17:11:57.507+0000] {dag.py:2585} INFO - Sync 1 DAGs
[2024-07-01T17:11:57.529+0000] {logging_mixin.py:120} INFO - [2024-07-01T17:11:57.529+0000] {dag.py:3340} INFO - Setting next_dagrun for consumer to None, run_after=None
[2024-07-01T17:11:57.549+0000] {processor.py:176} INFO - Processing /opt/airflow/dags/consumer.py took 0.100 seconds
[2024-07-01T17:12:28.149+0000] {processor.py:154} INFO - Started process (PID=1034) to work on /opt/airflow/dags/consumer.py
[2024-07-01T17:12:28.150+0000] {processor.py:756} INFO - Processing file /opt/airflow/dags/consumer.py for tasks to queue
[2024-07-01T17:12:28.151+0000] {logging_mixin.py:120} INFO - [2024-07-01T17:12:28.151+0000] {dagbag.py:537} INFO - Filling up the DagBag from /opt/airflow/dags/consumer.py
[2024-07-01T17:12:28.167+0000] {processor.py:766} INFO - DAG(s) dict_keys(['consumer']) retrieved from /opt/airflow/dags/consumer.py
[2024-07-01T17:12:28.202+0000] {logging_mixin.py:120} INFO - [2024-07-01T17:12:28.202+0000] {dag.py:2585} INFO - Sync 1 DAGs
[2024-07-01T17:12:28.224+0000] {logging_mixin.py:120} INFO - [2024-07-01T17:12:28.224+0000] {dag.py:3340} INFO - Setting next_dagrun for consumer to None, run_after=None
[2024-07-01T17:12:28.244+0000] {processor.py:176} INFO - Processing /opt/airflow/dags/consumer.py took 0.098 seconds
[2024-07-01T17:12:58.629+0000] {processor.py:154} INFO - Started process (PID=1092) to work on /opt/airflow/dags/consumer.py
[2024-07-01T17:12:58.630+0000] {processor.py:756} INFO - Processing file /opt/airflow/dags/consumer.py for tasks to queue
[2024-07-01T17:12:58.631+0000] {logging_mixin.py:120} INFO - [2024-07-01T17:12:58.631+0000] {dagbag.py:537} INFO - Filling up the DagBag from /opt/airflow/dags/consumer.py
[2024-07-01T17:12:58.649+0000] {processor.py:766} INFO - DAG(s) dict_keys(['consumer']) retrieved from /opt/airflow/dags/consumer.py
[2024-07-01T17:12:58.685+0000] {logging_mixin.py:120} INFO - [2024-07-01T17:12:58.684+0000] {dag.py:2585} INFO - Sync 1 DAGs
[2024-07-01T17:12:58.708+0000] {logging_mixin.py:120} INFO - [2024-07-01T17:12:58.708+0000] {dag.py:3340} INFO - Setting next_dagrun for consumer to None, run_after=None
[2024-07-01T17:12:58.726+0000] {processor.py:176} INFO - Processing /opt/airflow/dags/consumer.py took 0.100 seconds
[2024-07-01T17:13:29.147+0000] {processor.py:154} INFO - Started process (PID=1158) to work on /opt/airflow/dags/consumer.py
[2024-07-01T17:13:29.149+0000] {processor.py:756} INFO - Processing file /opt/airflow/dags/consumer.py for tasks to queue
[2024-07-01T17:13:29.149+0000] {logging_mixin.py:120} INFO - [2024-07-01T17:13:29.149+0000] {dagbag.py:537} INFO - Filling up the DagBag from /opt/airflow/dags/consumer.py
[2024-07-01T17:13:29.167+0000] {processor.py:766} INFO - DAG(s) dict_keys(['consumer']) retrieved from /opt/airflow/dags/consumer.py
[2024-07-01T17:13:29.203+0000] {logging_mixin.py:120} INFO - [2024-07-01T17:13:29.203+0000] {dag.py:2585} INFO - Sync 1 DAGs
[2024-07-01T17:13:29.225+0000] {logging_mixin.py:120} INFO - [2024-07-01T17:13:29.225+0000] {dag.py:3340} INFO - Setting next_dagrun for consumer to None, run_after=None
[2024-07-01T17:13:29.242+0000] {processor.py:176} INFO - Processing /opt/airflow/dags/consumer.py took 0.099 seconds
[2024-07-01T17:13:59.905+0000] {processor.py:154} INFO - Started process (PID=1225) to work on /opt/airflow/dags/consumer.py
[2024-07-01T17:13:59.906+0000] {processor.py:756} INFO - Processing file /opt/airflow/dags/consumer.py for tasks to queue
[2024-07-01T17:13:59.907+0000] {logging_mixin.py:120} INFO - [2024-07-01T17:13:59.907+0000] {dagbag.py:537} INFO - Filling up the DagBag from /opt/airflow/dags/consumer.py
[2024-07-01T17:13:59.924+0000] {processor.py:766} INFO - DAG(s) dict_keys(['consumer']) retrieved from /opt/airflow/dags/consumer.py
[2024-07-01T17:13:59.960+0000] {logging_mixin.py:120} INFO - [2024-07-01T17:13:59.960+0000] {dag.py:2585} INFO - Sync 1 DAGs
[2024-07-01T17:13:59.982+0000] {logging_mixin.py:120} INFO - [2024-07-01T17:13:59.982+0000] {dag.py:3340} INFO - Setting next_dagrun for consumer to None, run_after=None
[2024-07-01T17:14:00.000+0000] {processor.py:176} INFO - Processing /opt/airflow/dags/consumer.py took 0.098 seconds
[2024-07-01T17:14:30.557+0000] {processor.py:154} INFO - Started process (PID=1291) to work on /opt/airflow/dags/consumer.py
[2024-07-01T17:14:30.558+0000] {processor.py:756} INFO - Processing file /opt/airflow/dags/consumer.py for tasks to queue
[2024-07-01T17:14:30.559+0000] {logging_mixin.py:120} INFO - [2024-07-01T17:14:30.559+0000] {dagbag.py:537} INFO - Filling up the DagBag from /opt/airflow/dags/consumer.py
[2024-07-01T17:14:30.576+0000] {processor.py:766} INFO - DAG(s) dict_keys(['consumer']) retrieved from /opt/airflow/dags/consumer.py
[2024-07-01T17:14:30.612+0000] {logging_mixin.py:120} INFO - [2024-07-01T17:14:30.611+0000] {dag.py:2585} INFO - Sync 1 DAGs
[2024-07-01T17:14:30.633+0000] {logging_mixin.py:120} INFO - [2024-07-01T17:14:30.633+0000] {dag.py:3340} INFO - Setting next_dagrun for consumer to None, run_after=None
[2024-07-01T17:14:30.651+0000] {processor.py:176} INFO - Processing /opt/airflow/dags/consumer.py took 0.097 seconds
[2024-07-01T17:15:01.074+0000] {processor.py:154} INFO - Started process (PID=1356) to work on /opt/airflow/dags/consumer.py
[2024-07-01T17:15:01.075+0000] {processor.py:756} INFO - Processing file /opt/airflow/dags/consumer.py for tasks to queue
[2024-07-01T17:15:01.076+0000] {logging_mixin.py:120} INFO - [2024-07-01T17:15:01.076+0000] {dagbag.py:537} INFO - Filling up the DagBag from /opt/airflow/dags/consumer.py
[2024-07-01T17:15:01.094+0000] {processor.py:766} INFO - DAG(s) dict_keys(['consumer']) retrieved from /opt/airflow/dags/consumer.py
[2024-07-01T17:15:01.135+0000] {logging_mixin.py:120} INFO - [2024-07-01T17:15:01.135+0000] {dag.py:2585} INFO - Sync 1 DAGs
[2024-07-01T17:15:01.161+0000] {logging_mixin.py:120} INFO - [2024-07-01T17:15:01.160+0000] {dag.py:3340} INFO - Setting next_dagrun for consumer to None, run_after=None
[2024-07-01T17:15:01.182+0000] {processor.py:176} INFO - Processing /opt/airflow/dags/consumer.py took 0.111 seconds
[2024-07-01T17:15:31.825+0000] {processor.py:154} INFO - Started process (PID=1416) to work on /opt/airflow/dags/consumer.py
[2024-07-01T17:15:31.826+0000] {processor.py:756} INFO - Processing file /opt/airflow/dags/consumer.py for tasks to queue
[2024-07-01T17:15:31.827+0000] {logging_mixin.py:120} INFO - [2024-07-01T17:15:31.827+0000] {dagbag.py:537} INFO - Filling up the DagBag from /opt/airflow/dags/consumer.py
[2024-07-01T17:15:31.846+0000] {processor.py:766} INFO - DAG(s) dict_keys(['consumer']) retrieved from /opt/airflow/dags/consumer.py
[2024-07-01T17:15:31.883+0000] {logging_mixin.py:120} INFO - [2024-07-01T17:15:31.883+0000] {dag.py:2585} INFO - Sync 1 DAGs
[2024-07-01T17:15:31.905+0000] {logging_mixin.py:120} INFO - [2024-07-01T17:15:31.905+0000] {dag.py:3340} INFO - Setting next_dagrun for consumer to None, run_after=None
[2024-07-01T17:15:31.923+0000] {processor.py:176} INFO - Processing /opt/airflow/dags/consumer.py took 0.102 seconds
[2024-07-01T17:16:02.346+0000] {processor.py:154} INFO - Started process (PID=1483) to work on /opt/airflow/dags/consumer.py
[2024-07-01T17:16:02.347+0000] {processor.py:756} INFO - Processing file /opt/airflow/dags/consumer.py for tasks to queue
[2024-07-01T17:16:02.348+0000] {logging_mixin.py:120} INFO - [2024-07-01T17:16:02.347+0000] {dagbag.py:537} INFO - Filling up the DagBag from /opt/airflow/dags/consumer.py
[2024-07-01T17:16:02.365+0000] {processor.py:766} INFO - DAG(s) dict_keys(['consumer']) retrieved from /opt/airflow/dags/consumer.py
[2024-07-01T17:16:02.401+0000] {logging_mixin.py:120} INFO - [2024-07-01T17:16:02.401+0000] {dag.py:2585} INFO - Sync 1 DAGs
[2024-07-01T17:16:02.428+0000] {logging_mixin.py:120} INFO - [2024-07-01T17:16:02.428+0000] {dag.py:3340} INFO - Setting next_dagrun for consumer to None, run_after=None
[2024-07-01T17:16:02.447+0000] {processor.py:176} INFO - Processing /opt/airflow/dags/consumer.py took 0.104 seconds
[2024-07-01T17:16:33.149+0000] {processor.py:154} INFO - Started process (PID=1551) to work on /opt/airflow/dags/consumer.py
[2024-07-01T17:16:33.150+0000] {processor.py:756} INFO - Processing file /opt/airflow/dags/consumer.py for tasks to queue
[2024-07-01T17:16:33.151+0000] {logging_mixin.py:120} INFO - [2024-07-01T17:16:33.151+0000] {dagbag.py:537} INFO - Filling up the DagBag from /opt/airflow/dags/consumer.py
[2024-07-01T17:16:33.173+0000] {processor.py:766} INFO - DAG(s) dict_keys(['consumer']) retrieved from /opt/airflow/dags/consumer.py
[2024-07-01T17:16:33.208+0000] {logging_mixin.py:120} INFO - [2024-07-01T17:16:33.207+0000] {dag.py:2585} INFO - Sync 1 DAGs
[2024-07-01T17:16:33.231+0000] {logging_mixin.py:120} INFO - [2024-07-01T17:16:33.230+0000] {dag.py:3340} INFO - Setting next_dagrun for consumer to None, run_after=None
[2024-07-01T17:16:33.249+0000] {processor.py:176} INFO - Processing /opt/airflow/dags/consumer.py took 0.104 seconds
[2024-07-01T17:17:03.835+0000] {processor.py:154} INFO - Started process (PID=1618) to work on /opt/airflow/dags/consumer.py
[2024-07-01T17:17:03.836+0000] {processor.py:756} INFO - Processing file /opt/airflow/dags/consumer.py for tasks to queue
[2024-07-01T17:17:03.837+0000] {logging_mixin.py:120} INFO - [2024-07-01T17:17:03.837+0000] {dagbag.py:537} INFO - Filling up the DagBag from /opt/airflow/dags/consumer.py
[2024-07-01T17:17:03.858+0000] {processor.py:766} INFO - DAG(s) dict_keys(['consumer']) retrieved from /opt/airflow/dags/consumer.py
[2024-07-01T17:17:03.897+0000] {logging_mixin.py:120} INFO - [2024-07-01T17:17:03.897+0000] {dag.py:2585} INFO - Sync 1 DAGs
[2024-07-01T17:17:03.925+0000] {logging_mixin.py:120} INFO - [2024-07-01T17:17:03.925+0000] {dag.py:3340} INFO - Setting next_dagrun for consumer to None, run_after=None
[2024-07-01T17:17:03.949+0000] {processor.py:176} INFO - Processing /opt/airflow/dags/consumer.py took 0.117 seconds
[2024-07-01T17:17:34.545+0000] {processor.py:154} INFO - Started process (PID=1676) to work on /opt/airflow/dags/consumer.py
[2024-07-01T17:17:34.546+0000] {processor.py:756} INFO - Processing file /opt/airflow/dags/consumer.py for tasks to queue
[2024-07-01T17:17:34.548+0000] {logging_mixin.py:120} INFO - [2024-07-01T17:17:34.548+0000] {dagbag.py:537} INFO - Filling up the DagBag from /opt/airflow/dags/consumer.py
[2024-07-01T17:17:34.571+0000] {processor.py:766} INFO - DAG(s) dict_keys(['consumer']) retrieved from /opt/airflow/dags/consumer.py
[2024-07-01T17:17:34.610+0000] {logging_mixin.py:120} INFO - [2024-07-01T17:17:34.609+0000] {dag.py:2585} INFO - Sync 1 DAGs
[2024-07-01T17:17:34.632+0000] {logging_mixin.py:120} INFO - [2024-07-01T17:17:34.632+0000] {dag.py:3340} INFO - Setting next_dagrun for consumer to None, run_after=None
[2024-07-01T17:17:34.651+0000] {processor.py:176} INFO - Processing /opt/airflow/dags/consumer.py took 0.109 seconds
[2024-07-01T17:18:05.192+0000] {processor.py:154} INFO - Started process (PID=1743) to work on /opt/airflow/dags/consumer.py
[2024-07-01T17:18:05.193+0000] {processor.py:756} INFO - Processing file /opt/airflow/dags/consumer.py for tasks to queue
[2024-07-01T17:18:05.193+0000] {logging_mixin.py:120} INFO - [2024-07-01T17:18:05.193+0000] {dagbag.py:537} INFO - Filling up the DagBag from /opt/airflow/dags/consumer.py
[2024-07-01T17:18:05.213+0000] {processor.py:766} INFO - DAG(s) dict_keys(['consumer']) retrieved from /opt/airflow/dags/consumer.py
[2024-07-01T17:18:05.256+0000] {logging_mixin.py:120} INFO - [2024-07-01T17:18:05.256+0000] {dag.py:2585} INFO - Sync 1 DAGs
[2024-07-01T17:18:05.281+0000] {logging_mixin.py:120} INFO - [2024-07-01T17:18:05.280+0000] {dag.py:3340} INFO - Setting next_dagrun for consumer to None, run_after=None
[2024-07-01T17:18:05.302+0000] {processor.py:176} INFO - Processing /opt/airflow/dags/consumer.py took 0.113 seconds
[2024-07-01T17:18:35.871+0000] {processor.py:154} INFO - Started process (PID=1810) to work on /opt/airflow/dags/consumer.py
[2024-07-01T17:18:35.872+0000] {processor.py:756} INFO - Processing file /opt/airflow/dags/consumer.py for tasks to queue
[2024-07-01T17:18:35.873+0000] {logging_mixin.py:120} INFO - [2024-07-01T17:18:35.873+0000] {dagbag.py:537} INFO - Filling up the DagBag from /opt/airflow/dags/consumer.py
[2024-07-01T17:18:35.892+0000] {processor.py:766} INFO - DAG(s) dict_keys(['consumer']) retrieved from /opt/airflow/dags/consumer.py
[2024-07-01T17:18:35.928+0000] {logging_mixin.py:120} INFO - [2024-07-01T17:18:35.928+0000] {dag.py:2585} INFO - Sync 1 DAGs
[2024-07-01T17:18:35.952+0000] {logging_mixin.py:120} INFO - [2024-07-01T17:18:35.952+0000] {dag.py:3340} INFO - Setting next_dagrun for consumer to None, run_after=None
[2024-07-01T17:18:36.011+0000] {processor.py:176} INFO - Processing /opt/airflow/dags/consumer.py took 0.143 seconds
[2024-07-01T17:19:06.669+0000] {processor.py:154} INFO - Started process (PID=1877) to work on /opt/airflow/dags/consumer.py
[2024-07-01T17:19:06.669+0000] {processor.py:756} INFO - Processing file /opt/airflow/dags/consumer.py for tasks to queue
[2024-07-01T17:19:06.670+0000] {logging_mixin.py:120} INFO - [2024-07-01T17:19:06.670+0000] {dagbag.py:537} INFO - Filling up the DagBag from /opt/airflow/dags/consumer.py
[2024-07-01T17:19:06.690+0000] {processor.py:766} INFO - DAG(s) dict_keys(['consumer']) retrieved from /opt/airflow/dags/consumer.py
[2024-07-01T17:19:06.728+0000] {logging_mixin.py:120} INFO - [2024-07-01T17:19:06.728+0000] {dag.py:2585} INFO - Sync 1 DAGs
[2024-07-01T17:19:06.754+0000] {logging_mixin.py:120} INFO - [2024-07-01T17:19:06.754+0000] {dag.py:3340} INFO - Setting next_dagrun for consumer to None, run_after=None
[2024-07-01T17:19:06.776+0000] {processor.py:176} INFO - Processing /opt/airflow/dags/consumer.py took 0.110 seconds
[2024-07-01T17:19:37.603+0000] {processor.py:154} INFO - Started process (PID=1937) to work on /opt/airflow/dags/consumer.py
[2024-07-01T17:19:37.604+0000] {processor.py:756} INFO - Processing file /opt/airflow/dags/consumer.py for tasks to queue
[2024-07-01T17:19:37.605+0000] {logging_mixin.py:120} INFO - [2024-07-01T17:19:37.605+0000] {dagbag.py:537} INFO - Filling up the DagBag from /opt/airflow/dags/consumer.py
[2024-07-01T17:19:37.624+0000] {processor.py:766} INFO - DAG(s) dict_keys(['consumer']) retrieved from /opt/airflow/dags/consumer.py
[2024-07-01T17:19:37.662+0000] {logging_mixin.py:120} INFO - [2024-07-01T17:19:37.662+0000] {dag.py:2585} INFO - Sync 1 DAGs
[2024-07-01T17:19:37.687+0000] {logging_mixin.py:120} INFO - [2024-07-01T17:19:37.686+0000] {dag.py:3340} INFO - Setting next_dagrun for consumer to None, run_after=None
[2024-07-01T17:19:37.708+0000] {processor.py:176} INFO - Processing /opt/airflow/dags/consumer.py took 0.108 seconds
[2024-07-01T17:19:45.227+0000] {processor.py:154} INFO - Started process (PID=1985) to work on /opt/airflow/dags/consumer.py
[2024-07-01T17:19:45.228+0000] {processor.py:756} INFO - Processing file /opt/airflow/dags/consumer.py for tasks to queue
[2024-07-01T17:19:45.229+0000] {logging_mixin.py:120} INFO - [2024-07-01T17:19:45.229+0000] {dagbag.py:537} INFO - Filling up the DagBag from /opt/airflow/dags/consumer.py
[2024-07-01T17:19:45.250+0000] {processor.py:766} INFO - DAG(s) dict_keys(['consumer']) retrieved from /opt/airflow/dags/consumer.py
[2024-07-01T17:19:45.288+0000] {logging_mixin.py:120} INFO - [2024-07-01T17:19:45.288+0000] {dag.py:2585} INFO - Sync 1 DAGs
[2024-07-01T17:19:45.313+0000] {logging_mixin.py:120} INFO - [2024-07-01T17:19:45.313+0000] {dag.py:3340} INFO - Setting next_dagrun for consumer to None, run_after=None
[2024-07-01T17:19:45.333+0000] {processor.py:176} INFO - Processing /opt/airflow/dags/consumer.py took 0.108 seconds
[2024-07-01T17:20:00.335+0000] {processor.py:154} INFO - Started process (PID=1995) to work on /opt/airflow/dags/consumer.py
[2024-07-01T17:20:00.336+0000] {processor.py:756} INFO - Processing file /opt/airflow/dags/consumer.py for tasks to queue
[2024-07-01T17:20:00.337+0000] {logging_mixin.py:120} INFO - [2024-07-01T17:20:00.337+0000] {dagbag.py:537} INFO - Filling up the DagBag from /opt/airflow/dags/consumer.py
[2024-07-01T17:20:00.357+0000] {processor.py:766} INFO - DAG(s) dict_keys(['consumer']) retrieved from /opt/airflow/dags/consumer.py
[2024-07-01T17:20:00.429+0000] {logging_mixin.py:120} INFO - [2024-07-01T17:20:00.429+0000] {dag.py:2585} INFO - Sync 1 DAGs
[2024-07-01T17:20:00.452+0000] {logging_mixin.py:120} INFO - [2024-07-01T17:20:00.452+0000] {dag.py:3340} INFO - Setting next_dagrun for consumer to None, run_after=None
[2024-07-01T17:20:00.476+0000] {processor.py:176} INFO - Processing /opt/airflow/dags/consumer.py took 0.144 seconds
[2024-07-01T17:20:30.571+0000] {processor.py:154} INFO - Started process (PID=2062) to work on /opt/airflow/dags/consumer.py
[2024-07-01T17:20:30.572+0000] {processor.py:756} INFO - Processing file /opt/airflow/dags/consumer.py for tasks to queue
[2024-07-01T17:20:30.573+0000] {logging_mixin.py:120} INFO - [2024-07-01T17:20:30.573+0000] {dagbag.py:537} INFO - Filling up the DagBag from /opt/airflow/dags/consumer.py
[2024-07-01T17:20:30.622+0000] {processor.py:766} INFO - DAG(s) dict_keys(['consumer']) retrieved from /opt/airflow/dags/consumer.py
[2024-07-01T17:20:30.663+0000] {logging_mixin.py:120} INFO - [2024-07-01T17:20:30.663+0000] {dag.py:2585} INFO - Sync 1 DAGs
[2024-07-01T17:20:30.688+0000] {logging_mixin.py:120} INFO - [2024-07-01T17:20:30.688+0000] {dag.py:3340} INFO - Setting next_dagrun for consumer to None, run_after=None
[2024-07-01T17:20:30.710+0000] {processor.py:176} INFO - Processing /opt/airflow/dags/consumer.py took 0.142 seconds
[2024-07-01T17:21:01.128+0000] {processor.py:154} INFO - Started process (PID=2128) to work on /opt/airflow/dags/consumer.py
[2024-07-01T17:21:01.129+0000] {processor.py:756} INFO - Processing file /opt/airflow/dags/consumer.py for tasks to queue
[2024-07-01T17:21:01.130+0000] {logging_mixin.py:120} INFO - [2024-07-01T17:21:01.130+0000] {dagbag.py:537} INFO - Filling up the DagBag from /opt/airflow/dags/consumer.py
[2024-07-01T17:21:01.146+0000] {processor.py:766} INFO - DAG(s) dict_keys(['consumer']) retrieved from /opt/airflow/dags/consumer.py
[2024-07-01T17:21:01.180+0000] {logging_mixin.py:120} INFO - [2024-07-01T17:21:01.180+0000] {dag.py:2585} INFO - Sync 1 DAGs
[2024-07-01T17:21:01.200+0000] {logging_mixin.py:120} INFO - [2024-07-01T17:21:01.200+0000] {dag.py:3340} INFO - Setting next_dagrun for consumer to None, run_after=None
[2024-07-01T17:21:01.219+0000] {processor.py:176} INFO - Processing /opt/airflow/dags/consumer.py took 0.093 seconds
[2024-07-01T17:21:31.632+0000] {processor.py:154} INFO - Started process (PID=2195) to work on /opt/airflow/dags/consumer.py
[2024-07-01T17:21:31.633+0000] {processor.py:756} INFO - Processing file /opt/airflow/dags/consumer.py for tasks to queue
[2024-07-01T17:21:31.633+0000] {logging_mixin.py:120} INFO - [2024-07-01T17:21:31.633+0000] {dagbag.py:537} INFO - Filling up the DagBag from /opt/airflow/dags/consumer.py
[2024-07-01T17:21:31.650+0000] {processor.py:766} INFO - DAG(s) dict_keys(['consumer']) retrieved from /opt/airflow/dags/consumer.py
[2024-07-01T17:21:31.683+0000] {logging_mixin.py:120} INFO - [2024-07-01T17:21:31.683+0000] {dag.py:2585} INFO - Sync 1 DAGs
[2024-07-01T17:21:31.704+0000] {logging_mixin.py:120} INFO - [2024-07-01T17:21:31.704+0000] {dag.py:3340} INFO - Setting next_dagrun for consumer to None, run_after=None
[2024-07-01T17:21:31.725+0000] {processor.py:176} INFO - Processing /opt/airflow/dags/consumer.py took 0.096 seconds
[2024-07-01T17:22:02.180+0000] {processor.py:154} INFO - Started process (PID=2261) to work on /opt/airflow/dags/consumer.py
[2024-07-01T17:22:02.181+0000] {processor.py:756} INFO - Processing file /opt/airflow/dags/consumer.py for tasks to queue
[2024-07-01T17:22:02.182+0000] {logging_mixin.py:120} INFO - [2024-07-01T17:22:02.182+0000] {dagbag.py:537} INFO - Filling up the DagBag from /opt/airflow/dags/consumer.py
[2024-07-01T17:22:02.200+0000] {processor.py:766} INFO - DAG(s) dict_keys(['consumer']) retrieved from /opt/airflow/dags/consumer.py
[2024-07-01T17:22:02.235+0000] {logging_mixin.py:120} INFO - [2024-07-01T17:22:02.235+0000] {dag.py:2585} INFO - Sync 1 DAGs
[2024-07-01T17:22:02.258+0000] {logging_mixin.py:120} INFO - [2024-07-01T17:22:02.258+0000] {dag.py:3340} INFO - Setting next_dagrun for consumer to None, run_after=None
[2024-07-01T17:22:02.278+0000] {processor.py:176} INFO - Processing /opt/airflow/dags/consumer.py took 0.101 seconds
[2024-07-01T17:22:32.740+0000] {processor.py:154} INFO - Started process (PID=2321) to work on /opt/airflow/dags/consumer.py
[2024-07-01T17:22:32.740+0000] {processor.py:756} INFO - Processing file /opt/airflow/dags/consumer.py for tasks to queue
[2024-07-01T17:22:32.741+0000] {logging_mixin.py:120} INFO - [2024-07-01T17:22:32.741+0000] {dagbag.py:537} INFO - Filling up the DagBag from /opt/airflow/dags/consumer.py
[2024-07-01T17:22:32.759+0000] {processor.py:766} INFO - DAG(s) dict_keys(['consumer']) retrieved from /opt/airflow/dags/consumer.py
[2024-07-01T17:22:32.791+0000] {logging_mixin.py:120} INFO - [2024-07-01T17:22:32.791+0000] {dag.py:2585} INFO - Sync 1 DAGs
[2024-07-01T17:22:32.814+0000] {logging_mixin.py:120} INFO - [2024-07-01T17:22:32.814+0000] {dag.py:3340} INFO - Setting next_dagrun for consumer to None, run_after=None
[2024-07-01T17:22:32.832+0000] {processor.py:176} INFO - Processing /opt/airflow/dags/consumer.py took 0.095 seconds
[2024-07-01T17:22:55.571+0000] {processor.py:154} INFO - Started process (PID=2379) to work on /opt/airflow/dags/consumer.py
[2024-07-01T17:22:55.572+0000] {processor.py:756} INFO - Processing file /opt/airflow/dags/consumer.py for tasks to queue
[2024-07-01T17:22:55.573+0000] {logging_mixin.py:120} INFO - [2024-07-01T17:22:55.573+0000] {dagbag.py:537} INFO - Filling up the DagBag from /opt/airflow/dags/consumer.py
[2024-07-01T17:22:55.594+0000] {processor.py:766} INFO - DAG(s) dict_keys(['consumer']) retrieved from /opt/airflow/dags/consumer.py
[2024-07-01T17:22:55.631+0000] {logging_mixin.py:120} INFO - [2024-07-01T17:22:55.631+0000] {dag.py:2585} INFO - Sync 1 DAGs
[2024-07-01T17:22:55.654+0000] {logging_mixin.py:120} INFO - [2024-07-01T17:22:55.653+0000] {dag.py:3340} INFO - Setting next_dagrun for consumer to None, run_after=None
[2024-07-01T17:22:55.677+0000] {processor.py:176} INFO - Processing /opt/airflow/dags/consumer.py took 0.109 seconds
[2024-07-01T17:23:26.277+0000] {processor.py:154} INFO - Started process (PID=2446) to work on /opt/airflow/dags/consumer.py
[2024-07-01T17:23:26.278+0000] {processor.py:756} INFO - Processing file /opt/airflow/dags/consumer.py for tasks to queue
[2024-07-01T17:23:26.278+0000] {logging_mixin.py:120} INFO - [2024-07-01T17:23:26.278+0000] {dagbag.py:537} INFO - Filling up the DagBag from /opt/airflow/dags/consumer.py
[2024-07-01T17:23:26.296+0000] {processor.py:766} INFO - DAG(s) dict_keys(['consumer']) retrieved from /opt/airflow/dags/consumer.py
[2024-07-01T17:23:26.337+0000] {logging_mixin.py:120} INFO - [2024-07-01T17:23:26.337+0000] {dag.py:2585} INFO - Sync 1 DAGs
[2024-07-01T17:23:26.362+0000] {logging_mixin.py:120} INFO - [2024-07-01T17:23:26.362+0000] {dag.py:3340} INFO - Setting next_dagrun for consumer to None, run_after=None
[2024-07-01T17:23:26.395+0000] {processor.py:176} INFO - Processing /opt/airflow/dags/consumer.py took 0.121 seconds
[2024-07-01T17:23:57.243+0000] {processor.py:154} INFO - Started process (PID=2513) to work on /opt/airflow/dags/consumer.py
[2024-07-01T17:23:57.245+0000] {processor.py:756} INFO - Processing file /opt/airflow/dags/consumer.py for tasks to queue
[2024-07-01T17:23:57.246+0000] {logging_mixin.py:120} INFO - [2024-07-01T17:23:57.246+0000] {dagbag.py:537} INFO - Filling up the DagBag from /opt/airflow/dags/consumer.py
[2024-07-01T17:23:57.263+0000] {processor.py:766} INFO - DAG(s) dict_keys(['consumer']) retrieved from /opt/airflow/dags/consumer.py
[2024-07-01T17:23:57.299+0000] {logging_mixin.py:120} INFO - [2024-07-01T17:23:57.299+0000] {dag.py:2585} INFO - Sync 1 DAGs
[2024-07-01T17:23:57.322+0000] {logging_mixin.py:120} INFO - [2024-07-01T17:23:57.321+0000] {dag.py:3340} INFO - Setting next_dagrun for consumer to None, run_after=None
[2024-07-01T17:23:57.341+0000] {processor.py:176} INFO - Processing /opt/airflow/dags/consumer.py took 0.101 seconds
[2024-07-01T17:24:27.014+0000] {processor.py:154} INFO - Started process (PID=2580) to work on /opt/airflow/dags/consumer.py
[2024-07-01T17:24:27.015+0000] {processor.py:756} INFO - Processing file /opt/airflow/dags/consumer.py for tasks to queue
[2024-07-01T17:24:27.015+0000] {logging_mixin.py:120} INFO - [2024-07-01T17:24:27.015+0000] {dagbag.py:537} INFO - Filling up the DagBag from /opt/airflow/dags/consumer.py
[2024-07-01T17:24:27.037+0000] {processor.py:766} INFO - DAG(s) dict_keys(['consumer']) retrieved from /opt/airflow/dags/consumer.py
[2024-07-01T17:24:27.072+0000] {logging_mixin.py:120} INFO - [2024-07-01T17:24:27.072+0000] {dag.py:2585} INFO - Sync 1 DAGs
[2024-07-01T17:24:27.096+0000] {logging_mixin.py:120} INFO - [2024-07-01T17:24:27.096+0000] {dag.py:3340} INFO - Setting next_dagrun for consumer to None, run_after=None
[2024-07-01T17:24:27.118+0000] {processor.py:176} INFO - Processing /opt/airflow/dags/consumer.py took 0.107 seconds
[2024-07-01T17:24:57.242+0000] {processor.py:154} INFO - Started process (PID=2638) to work on /opt/airflow/dags/consumer.py
[2024-07-01T17:24:57.243+0000] {processor.py:756} INFO - Processing file /opt/airflow/dags/consumer.py for tasks to queue
[2024-07-01T17:24:57.244+0000] {logging_mixin.py:120} INFO - [2024-07-01T17:24:57.244+0000] {dagbag.py:537} INFO - Filling up the DagBag from /opt/airflow/dags/consumer.py
[2024-07-01T17:24:57.261+0000] {processor.py:766} INFO - DAG(s) dict_keys(['consumer']) retrieved from /opt/airflow/dags/consumer.py
[2024-07-01T17:24:57.298+0000] {logging_mixin.py:120} INFO - [2024-07-01T17:24:57.297+0000] {dag.py:2585} INFO - Sync 1 DAGs
[2024-07-01T17:24:57.323+0000] {logging_mixin.py:120} INFO - [2024-07-01T17:24:57.323+0000] {dag.py:3340} INFO - Setting next_dagrun for consumer to None, run_after=None
[2024-07-01T17:24:57.343+0000] {processor.py:176} INFO - Processing /opt/airflow/dags/consumer.py took 0.104 seconds
[2024-07-01T17:25:28.061+0000] {processor.py:154} INFO - Started process (PID=2705) to work on /opt/airflow/dags/consumer.py
[2024-07-01T17:25:28.062+0000] {processor.py:756} INFO - Processing file /opt/airflow/dags/consumer.py for tasks to queue
[2024-07-01T17:25:28.063+0000] {logging_mixin.py:120} INFO - [2024-07-01T17:25:28.063+0000] {dagbag.py:537} INFO - Filling up the DagBag from /opt/airflow/dags/consumer.py
[2024-07-01T17:25:28.080+0000] {processor.py:766} INFO - DAG(s) dict_keys(['consumer']) retrieved from /opt/airflow/dags/consumer.py
[2024-07-01T17:25:28.116+0000] {logging_mixin.py:120} INFO - [2024-07-01T17:25:28.116+0000] {dag.py:2585} INFO - Sync 1 DAGs
[2024-07-01T17:25:28.140+0000] {logging_mixin.py:120} INFO - [2024-07-01T17:25:28.140+0000] {dag.py:3340} INFO - Setting next_dagrun for consumer to None, run_after=None
[2024-07-01T17:25:28.160+0000] {processor.py:176} INFO - Processing /opt/airflow/dags/consumer.py took 0.102 seconds
[2024-07-01T17:25:58.830+0000] {processor.py:154} INFO - Started process (PID=2772) to work on /opt/airflow/dags/consumer.py
[2024-07-01T17:25:58.831+0000] {processor.py:756} INFO - Processing file /opt/airflow/dags/consumer.py for tasks to queue
[2024-07-01T17:25:58.832+0000] {logging_mixin.py:120} INFO - [2024-07-01T17:25:58.832+0000] {dagbag.py:537} INFO - Filling up the DagBag from /opt/airflow/dags/consumer.py
[2024-07-01T17:25:58.848+0000] {processor.py:766} INFO - DAG(s) dict_keys(['consumer']) retrieved from /opt/airflow/dags/consumer.py
[2024-07-01T17:25:58.880+0000] {logging_mixin.py:120} INFO - [2024-07-01T17:25:58.880+0000] {dag.py:2585} INFO - Sync 1 DAGs
[2024-07-01T17:25:58.900+0000] {logging_mixin.py:120} INFO - [2024-07-01T17:25:58.900+0000] {dag.py:3340} INFO - Setting next_dagrun for consumer to None, run_after=None
[2024-07-01T17:25:58.919+0000] {processor.py:176} INFO - Processing /opt/airflow/dags/consumer.py took 0.093 seconds
[2024-07-01T17:26:29.452+0000] {processor.py:154} INFO - Started process (PID=2839) to work on /opt/airflow/dags/consumer.py
[2024-07-01T17:26:29.453+0000] {processor.py:756} INFO - Processing file /opt/airflow/dags/consumer.py for tasks to queue
[2024-07-01T17:26:29.453+0000] {logging_mixin.py:120} INFO - [2024-07-01T17:26:29.453+0000] {dagbag.py:537} INFO - Filling up the DagBag from /opt/airflow/dags/consumer.py
[2024-07-01T17:26:29.471+0000] {processor.py:766} INFO - DAG(s) dict_keys(['consumer']) retrieved from /opt/airflow/dags/consumer.py
[2024-07-01T17:26:29.505+0000] {logging_mixin.py:120} INFO - [2024-07-01T17:26:29.505+0000] {dag.py:2585} INFO - Sync 1 DAGs
[2024-07-01T17:26:29.527+0000] {logging_mixin.py:120} INFO - [2024-07-01T17:26:29.527+0000] {dag.py:3340} INFO - Setting next_dagrun for consumer to None, run_after=None
[2024-07-01T17:26:29.545+0000] {processor.py:176} INFO - Processing /opt/airflow/dags/consumer.py took 0.097 seconds
[2024-07-01T17:26:59.961+0000] {processor.py:154} INFO - Started process (PID=2897) to work on /opt/airflow/dags/consumer.py
[2024-07-01T17:26:59.962+0000] {processor.py:756} INFO - Processing file /opt/airflow/dags/consumer.py for tasks to queue
[2024-07-01T17:26:59.963+0000] {logging_mixin.py:120} INFO - [2024-07-01T17:26:59.963+0000] {dagbag.py:537} INFO - Filling up the DagBag from /opt/airflow/dags/consumer.py
[2024-07-01T17:26:59.980+0000] {processor.py:766} INFO - DAG(s) dict_keys(['consumer']) retrieved from /opt/airflow/dags/consumer.py
[2024-07-01T17:27:00.017+0000] {logging_mixin.py:120} INFO - [2024-07-01T17:27:00.016+0000] {dag.py:2585} INFO - Sync 1 DAGs
[2024-07-01T17:27:00.037+0000] {logging_mixin.py:120} INFO - [2024-07-01T17:27:00.037+0000] {dag.py:3340} INFO - Setting next_dagrun for consumer to None, run_after=None
[2024-07-01T17:27:00.055+0000] {processor.py:176} INFO - Processing /opt/airflow/dags/consumer.py took 0.097 seconds
[2024-07-01T17:27:30.571+0000] {processor.py:154} INFO - Started process (PID=2964) to work on /opt/airflow/dags/consumer.py
[2024-07-01T17:27:30.572+0000] {processor.py:756} INFO - Processing file /opt/airflow/dags/consumer.py for tasks to queue
[2024-07-01T17:27:30.573+0000] {logging_mixin.py:120} INFO - [2024-07-01T17:27:30.573+0000] {dagbag.py:537} INFO - Filling up the DagBag from /opt/airflow/dags/consumer.py
[2024-07-01T17:27:30.590+0000] {processor.py:766} INFO - DAG(s) dict_keys(['consumer']) retrieved from /opt/airflow/dags/consumer.py
[2024-07-01T17:27:30.625+0000] {logging_mixin.py:120} INFO - [2024-07-01T17:27:30.625+0000] {dag.py:2585} INFO - Sync 1 DAGs
[2024-07-01T17:27:30.650+0000] {logging_mixin.py:120} INFO - [2024-07-01T17:27:30.649+0000] {dag.py:3340} INFO - Setting next_dagrun for consumer to None, run_after=None
[2024-07-01T17:27:30.694+0000] {processor.py:176} INFO - Processing /opt/airflow/dags/consumer.py took 0.125 seconds
[2024-07-01T17:28:01.033+0000] {processor.py:154} INFO - Started process (PID=3031) to work on /opt/airflow/dags/consumer.py
[2024-07-01T17:28:01.033+0000] {processor.py:756} INFO - Processing file /opt/airflow/dags/consumer.py for tasks to queue
[2024-07-01T17:28:01.034+0000] {logging_mixin.py:120} INFO - [2024-07-01T17:28:01.034+0000] {dagbag.py:537} INFO - Filling up the DagBag from /opt/airflow/dags/consumer.py
[2024-07-01T17:28:01.051+0000] {processor.py:766} INFO - DAG(s) dict_keys(['consumer']) retrieved from /opt/airflow/dags/consumer.py
[2024-07-01T17:28:01.084+0000] {logging_mixin.py:120} INFO - [2024-07-01T17:28:01.084+0000] {dag.py:2585} INFO - Sync 1 DAGs
[2024-07-01T17:28:01.104+0000] {logging_mixin.py:120} INFO - [2024-07-01T17:28:01.104+0000] {dag.py:3340} INFO - Setting next_dagrun for consumer to None, run_after=None
[2024-07-01T17:28:01.138+0000] {processor.py:176} INFO - Processing /opt/airflow/dags/consumer.py took 0.108 seconds
[2024-07-01T17:28:31.487+0000] {processor.py:154} INFO - Started process (PID=3098) to work on /opt/airflow/dags/consumer.py
[2024-07-01T17:28:31.488+0000] {processor.py:756} INFO - Processing file /opt/airflow/dags/consumer.py for tasks to queue
[2024-07-01T17:28:31.489+0000] {logging_mixin.py:120} INFO - [2024-07-01T17:28:31.489+0000] {dagbag.py:537} INFO - Filling up the DagBag from /opt/airflow/dags/consumer.py
[2024-07-01T17:28:31.505+0000] {processor.py:766} INFO - DAG(s) dict_keys(['consumer']) retrieved from /opt/airflow/dags/consumer.py
[2024-07-01T17:28:31.539+0000] {logging_mixin.py:120} INFO - [2024-07-01T17:28:31.539+0000] {dag.py:2585} INFO - Sync 1 DAGs
[2024-07-01T17:28:31.560+0000] {logging_mixin.py:120} INFO - [2024-07-01T17:28:31.560+0000] {dag.py:3340} INFO - Setting next_dagrun for consumer to None, run_after=None
[2024-07-01T17:28:31.580+0000] {processor.py:176} INFO - Processing /opt/airflow/dags/consumer.py took 0.095 seconds
[2024-07-01T17:34:05.437+0000] {processor.py:154} INFO - Started process (PID=41) to work on /opt/airflow/dags/consumer.py
[2024-07-01T17:34:05.439+0000] {processor.py:756} INFO - Processing file /opt/airflow/dags/consumer.py for tasks to queue
[2024-07-01T17:34:05.440+0000] {logging_mixin.py:120} INFO - [2024-07-01T17:34:05.440+0000] {dagbag.py:537} INFO - Filling up the DagBag from /opt/airflow/dags/consumer.py
[2024-07-01T17:34:05.484+0000] {processor.py:766} INFO - DAG(s) dict_keys(['consumer']) retrieved from /opt/airflow/dags/consumer.py
[2024-07-01T17:34:05.541+0000] {logging_mixin.py:120} INFO - [2024-07-01T17:34:05.541+0000] {dag.py:2585} INFO - Sync 1 DAGs
[2024-07-01T17:34:05.570+0000] {logging_mixin.py:120} INFO - [2024-07-01T17:34:05.570+0000] {dag.py:3340} INFO - Setting next_dagrun for consumer to None, run_after=None
[2024-07-01T17:34:05.596+0000] {processor.py:176} INFO - Processing /opt/airflow/dags/consumer.py took 0.165 seconds
