[2024-07-04T20:14:37.413+0000] {taskinstance.py:1165} INFO - Dependencies all met for <TaskInstance: parallel_dag.load_a scheduled__2024-07-03T00:00:00+00:00 [queued]>
[2024-07-04T20:14:37.421+0000] {taskinstance.py:1165} INFO - Dependencies all met for <TaskInstance: parallel_dag.load_a scheduled__2024-07-03T00:00:00+00:00 [queued]>
[2024-07-04T20:14:37.421+0000] {taskinstance.py:1362} INFO - 
--------------------------------------------------------------------------------
[2024-07-04T20:14:37.422+0000] {taskinstance.py:1363} INFO - Starting attempt 1 of 1
[2024-07-04T20:14:37.422+0000] {taskinstance.py:1364} INFO - 
--------------------------------------------------------------------------------
[2024-07-04T20:14:37.433+0000] {taskinstance.py:1383} INFO - Executing <Task(BashOperator): load_a> on 2024-07-03 00:00:00+00:00
[2024-07-04T20:14:37.436+0000] {standard_task_runner.py:55} INFO - Started process 84 to run task
[2024-07-04T20:14:37.439+0000] {standard_task_runner.py:82} INFO - Running: ['***', 'tasks', 'run', 'parallel_dag', 'load_a', 'scheduled__2024-07-03T00:00:00+00:00', '--job-id', '69', '--raw', '--subdir', 'DAGS_FOLDER/parallel_dag.py', '--cfg-path', '/tmp/tmpn1l299po']
[2024-07-04T20:14:37.439+0000] {standard_task_runner.py:83} INFO - Job 69: Subtask load_a
[2024-07-04T20:14:37.490+0000] {task_command.py:376} INFO - Running <TaskInstance: parallel_dag.load_a scheduled__2024-07-03T00:00:00+00:00 [running]> on host 28cde4403317
[2024-07-04T20:14:37.546+0000] {taskinstance.py:1592} INFO - Exporting the following env vars:
AIRFLOW_CTX_DAG_OWNER=***
AIRFLOW_CTX_DAG_ID=parallel_dag
AIRFLOW_CTX_TASK_ID=load_a
AIRFLOW_CTX_EXECUTION_DATE=2024-07-03T00:00:00+00:00
AIRFLOW_CTX_TRY_NUMBER=1
AIRFLOW_CTX_DAG_RUN_ID=scheduled__2024-07-03T00:00:00+00:00
[2024-07-04T20:14:37.547+0000] {subprocess.py:63} INFO - Tmp dir root location: 
 /tmp
[2024-07-04T20:14:37.548+0000] {subprocess.py:75} INFO - Running command: ['/bin/bash', '-c', 'sleep 10']
[2024-07-04T20:14:37.555+0000] {subprocess.py:86} INFO - Output:
[2024-07-04T20:14:47.559+0000] {subprocess.py:97} INFO - Command exited with return code 0
[2024-07-04T20:14:47.578+0000] {taskinstance.py:1406} INFO - Marking task as SUCCESS. dag_id=parallel_dag, task_id=load_a, execution_date=20240703T000000, start_date=20240704T201437, end_date=20240704T201447
[2024-07-04T20:14:47.620+0000] {local_task_job.py:164} INFO - Task exited with return code 0
[2024-07-04T20:14:47.637+0000] {local_task_job.py:273} INFO - 1 downstream tasks scheduled from follow-on schedule check
