[2024-07-06T21:36:24.644+0000] {taskinstance.py:1165} INFO - Dependencies all met for <TaskInstance: xcom_dag.branch manual__2024-07-06T21:36:23.367128+00:00 [queued]>
[2024-07-06T21:36:24.653+0000] {taskinstance.py:1165} INFO - Dependencies all met for <TaskInstance: xcom_dag.branch manual__2024-07-06T21:36:23.367128+00:00 [queued]>
[2024-07-06T21:36:24.653+0000] {taskinstance.py:1362} INFO - 
--------------------------------------------------------------------------------
[2024-07-06T21:36:24.654+0000] {taskinstance.py:1363} INFO - Starting attempt 1 of 1
[2024-07-06T21:36:24.654+0000] {taskinstance.py:1364} INFO - 
--------------------------------------------------------------------------------
[2024-07-06T21:36:24.666+0000] {taskinstance.py:1383} INFO - Executing <Task(BranchPythonOperator): branch> on 2024-07-06 21:36:23.367128+00:00
[2024-07-06T21:36:24.669+0000] {standard_task_runner.py:55} INFO - Started process 2071 to run task
[2024-07-06T21:36:24.672+0000] {standard_task_runner.py:82} INFO - Running: ['***', 'tasks', 'run', 'xcom_dag', 'branch', 'manual__2024-07-06T21:36:23.367128+00:00', '--job-id', '104', '--raw', '--subdir', 'DAGS_FOLDER/xcom_dag.py', '--cfg-path', '/tmp/tmp73xck0x1']
[2024-07-06T21:36:24.673+0000] {standard_task_runner.py:83} INFO - Job 104: Subtask branch
[2024-07-06T21:36:24.727+0000] {task_command.py:376} INFO - Running <TaskInstance: xcom_dag.branch manual__2024-07-06T21:36:23.367128+00:00 [running]> on host 86f3c0daec77
[2024-07-06T21:36:24.786+0000] {taskinstance.py:1592} INFO - Exporting the following env vars:
AIRFLOW_CTX_DAG_OWNER=***
AIRFLOW_CTX_DAG_ID=xcom_dag
AIRFLOW_CTX_TASK_ID=branch
AIRFLOW_CTX_EXECUTION_DATE=2024-07-06T21:36:23.367128+00:00
AIRFLOW_CTX_TRY_NUMBER=1
AIRFLOW_CTX_DAG_RUN_ID=manual__2024-07-06T21:36:23.367128+00:00
[2024-07-06T21:36:24.797+0000] {python.py:177} INFO - Done. Returned value was: t2
[2024-07-06T21:36:24.797+0000] {skipmixin.py:155} INFO - Following branch t2
[2024-07-06T21:36:24.798+0000] {skipmixin.py:190} INFO - Skipping tasks ['t3']
[2024-07-06T21:36:24.830+0000] {taskinstance.py:1406} INFO - Marking task as SUCCESS. dag_id=xcom_dag, task_id=branch, execution_date=20240706T213623, start_date=20240706T213624, end_date=20240706T213624
[2024-07-06T21:36:24.852+0000] {local_task_job.py:164} INFO - Task exited with return code 0
[2024-07-06T21:36:24.884+0000] {local_task_job.py:273} INFO - 1 downstream tasks scheduled from follow-on schedule check
