[2024-07-06T22:08:31.411+0000] {taskinstance.py:1165} INFO - Dependencies all met for <TaskInstance: xcom_dag.t2 manual__2024-07-06T22:08:28.822339+00:00 [queued]>
[2024-07-06T22:08:31.421+0000] {taskinstance.py:1165} INFO - Dependencies all met for <TaskInstance: xcom_dag.t2 manual__2024-07-06T22:08:28.822339+00:00 [queued]>
[2024-07-06T22:08:31.421+0000] {taskinstance.py:1362} INFO - 
--------------------------------------------------------------------------------
[2024-07-06T22:08:31.421+0000] {taskinstance.py:1363} INFO - Starting attempt 1 of 1
[2024-07-06T22:08:31.422+0000] {taskinstance.py:1364} INFO - 
--------------------------------------------------------------------------------
[2024-07-06T22:08:31.433+0000] {taskinstance.py:1383} INFO - Executing <Task(PythonOperator): t2> on 2024-07-06 22:08:28.822339+00:00
[2024-07-06T22:08:31.437+0000] {standard_task_runner.py:55} INFO - Started process 450 to run task
[2024-07-06T22:08:31.440+0000] {standard_task_runner.py:82} INFO - Running: ['***', 'tasks', 'run', 'xcom_dag', 't2', 'manual__2024-07-06T22:08:28.822339+00:00', '--job-id', '127', '--raw', '--subdir', 'DAGS_FOLDER/xcom_dag.py', '--cfg-path', '/tmp/tmp3u_2o7hd']
[2024-07-06T22:08:31.440+0000] {standard_task_runner.py:83} INFO - Job 127: Subtask t2
[2024-07-06T22:08:31.493+0000] {task_command.py:376} INFO - Running <TaskInstance: xcom_dag.t2 manual__2024-07-06T22:08:28.822339+00:00 [running]> on host 9cbf301edbb4
[2024-07-06T22:08:31.548+0000] {taskinstance.py:1592} INFO - Exporting the following env vars:
AIRFLOW_CTX_DAG_OWNER=***
AIRFLOW_CTX_DAG_ID=xcom_dag
AIRFLOW_CTX_TASK_ID=t2
AIRFLOW_CTX_EXECUTION_DATE=2024-07-06T22:08:28.822339+00:00
AIRFLOW_CTX_TRY_NUMBER=1
AIRFLOW_CTX_DAG_RUN_ID=manual__2024-07-06T22:08:28.822339+00:00
[2024-07-06T22:08:31.555+0000] {logging_mixin.py:120} INFO - 42
[2024-07-06T22:08:31.556+0000] {python.py:177} INFO - Done. Returned value was: None
[2024-07-06T22:08:31.563+0000] {taskinstance.py:1406} INFO - Marking task as SUCCESS. dag_id=xcom_dag, task_id=t2, execution_date=20240706T220828, start_date=20240706T220831, end_date=20240706T220831
[2024-07-06T22:08:31.576+0000] {local_task_job.py:164} INFO - Task exited with return code 0
[2024-07-06T22:08:31.595+0000] {local_task_job.py:273} INFO - 1 downstream tasks scheduled from follow-on schedule check
