[2024-07-06T20:50:26.425+0000] {processor.py:154} INFO - Started process (PID=43) to work on /opt/airflow/dags/groups/group_downloads.py
[2024-07-06T20:50:26.427+0000] {processor.py:756} INFO - Processing file /opt/airflow/dags/groups/group_downloads.py for tasks to queue
[2024-07-06T20:50:26.430+0000] {logging_mixin.py:120} INFO - [2024-07-06T20:50:26.429+0000] {dagbag.py:537} INFO - Filling up the DagBag from /opt/airflow/dags/groups/group_downloads.py
[2024-07-06T20:50:26.469+0000] {logging_mixin.py:120} INFO - [2024-07-06T20:50:26.468+0000] {dagbag.py:342} ERROR - Failed to import: /opt/airflow/dags/groups/group_downloads.py
Traceback (most recent call last):
  File "/home/airflow/.local/lib/python3.7/site-packages/airflow/models/dagbag.py", line 338, in parse
    loader.exec_module(new_module)
  File "<frozen importlib._bootstrap_external>", line 728, in exec_module
  File "<frozen importlib._bootstrap>", line 219, in _call_with_frames_removed
  File "/opt/airflow/dags/groups/group_downloads.py", line 3, in <module>
    from airlfow.utils.task_group import TaskGroup
ModuleNotFoundError: No module named 'airlfow'
[2024-07-06T20:50:26.470+0000] {processor.py:768} WARNING - No viable dags retrieved from /opt/airflow/dags/groups/group_downloads.py
[2024-07-06T20:50:26.496+0000] {processor.py:176} INFO - Processing /opt/airflow/dags/groups/group_downloads.py took 0.074 seconds
[2024-07-06T20:50:57.334+0000] {processor.py:154} INFO - Started process (PID=80) to work on /opt/airflow/dags/groups/group_downloads.py
[2024-07-06T20:50:57.340+0000] {processor.py:756} INFO - Processing file /opt/airflow/dags/groups/group_downloads.py for tasks to queue
[2024-07-06T20:50:57.342+0000] {logging_mixin.py:120} INFO - [2024-07-06T20:50:57.342+0000] {dagbag.py:537} INFO - Filling up the DagBag from /opt/airflow/dags/groups/group_downloads.py
[2024-07-06T20:50:57.359+0000] {logging_mixin.py:120} INFO - [2024-07-06T20:50:57.357+0000] {dagbag.py:342} ERROR - Failed to import: /opt/airflow/dags/groups/group_downloads.py
Traceback (most recent call last):
  File "/home/airflow/.local/lib/python3.7/site-packages/airflow/models/dagbag.py", line 338, in parse
    loader.exec_module(new_module)
  File "<frozen importlib._bootstrap_external>", line 728, in exec_module
  File "<frozen importlib._bootstrap>", line 219, in _call_with_frames_removed
  File "/opt/airflow/dags/groups/group_downloads.py", line 3, in <module>
    from airlfow.utils.task_group import TaskGroup
ModuleNotFoundError: No module named 'airlfow'
[2024-07-06T20:50:57.360+0000] {processor.py:768} WARNING - No viable dags retrieved from /opt/airflow/dags/groups/group_downloads.py
[2024-07-06T20:50:57.386+0000] {processor.py:176} INFO - Processing /opt/airflow/dags/groups/group_downloads.py took 0.055 seconds
[2024-07-06T20:51:20.388+0000] {processor.py:154} INFO - Started process (PID=107) to work on /opt/airflow/dags/groups/group_downloads.py
[2024-07-06T20:51:20.389+0000] {processor.py:756} INFO - Processing file /opt/airflow/dags/groups/group_downloads.py for tasks to queue
[2024-07-06T20:51:20.390+0000] {logging_mixin.py:120} INFO - [2024-07-06T20:51:20.390+0000] {dagbag.py:537} INFO - Filling up the DagBag from /opt/airflow/dags/groups/group_downloads.py
[2024-07-06T20:51:20.397+0000] {processor.py:768} WARNING - No viable dags retrieved from /opt/airflow/dags/groups/group_downloads.py
[2024-07-06T20:51:20.411+0000] {processor.py:176} INFO - Processing /opt/airflow/dags/groups/group_downloads.py took 0.025 seconds
[2024-07-06T20:51:50.989+0000] {processor.py:154} INFO - Started process (PID=144) to work on /opt/airflow/dags/groups/group_downloads.py
[2024-07-06T20:51:50.990+0000] {processor.py:756} INFO - Processing file /opt/airflow/dags/groups/group_downloads.py for tasks to queue
[2024-07-06T20:51:50.992+0000] {logging_mixin.py:120} INFO - [2024-07-06T20:51:50.991+0000] {dagbag.py:537} INFO - Filling up the DagBag from /opt/airflow/dags/groups/group_downloads.py
[2024-07-06T20:51:50.999+0000] {processor.py:768} WARNING - No viable dags retrieved from /opt/airflow/dags/groups/group_downloads.py
[2024-07-06T20:51:51.012+0000] {processor.py:176} INFO - Processing /opt/airflow/dags/groups/group_downloads.py took 0.026 seconds
[2024-07-06T20:51:57.079+0000] {processor.py:154} INFO - Started process (PID=154) to work on /opt/airflow/dags/groups/group_downloads.py
[2024-07-06T20:51:57.080+0000] {processor.py:756} INFO - Processing file /opt/airflow/dags/groups/group_downloads.py for tasks to queue
[2024-07-06T20:51:57.081+0000] {logging_mixin.py:120} INFO - [2024-07-06T20:51:57.081+0000] {dagbag.py:537} INFO - Filling up the DagBag from /opt/airflow/dags/groups/group_downloads.py
[2024-07-06T20:51:57.088+0000] {processor.py:768} WARNING - No viable dags retrieved from /opt/airflow/dags/groups/group_downloads.py
[2024-07-06T20:51:57.101+0000] {processor.py:176} INFO - Processing /opt/airflow/dags/groups/group_downloads.py took 0.025 seconds
[2024-07-06T20:52:27.595+0000] {processor.py:154} INFO - Started process (PID=182) to work on /opt/airflow/dags/groups/group_downloads.py
[2024-07-06T20:52:27.597+0000] {processor.py:756} INFO - Processing file /opt/airflow/dags/groups/group_downloads.py for tasks to queue
[2024-07-06T20:52:27.598+0000] {logging_mixin.py:120} INFO - [2024-07-06T20:52:27.598+0000] {dagbag.py:537} INFO - Filling up the DagBag from /opt/airflow/dags/groups/group_downloads.py
[2024-07-06T20:52:27.603+0000] {processor.py:768} WARNING - No viable dags retrieved from /opt/airflow/dags/groups/group_downloads.py
[2024-07-06T20:52:27.614+0000] {processor.py:176} INFO - Processing /opt/airflow/dags/groups/group_downloads.py took 0.022 seconds
[2024-07-06T20:52:57.800+0000] {processor.py:154} INFO - Started process (PID=218) to work on /opt/airflow/dags/groups/group_downloads.py
[2024-07-06T20:52:57.800+0000] {processor.py:756} INFO - Processing file /opt/airflow/dags/groups/group_downloads.py for tasks to queue
[2024-07-06T20:52:57.803+0000] {logging_mixin.py:120} INFO - [2024-07-06T20:52:57.803+0000] {dagbag.py:537} INFO - Filling up the DagBag from /opt/airflow/dags/groups/group_downloads.py
[2024-07-06T20:52:57.807+0000] {processor.py:768} WARNING - No viable dags retrieved from /opt/airflow/dags/groups/group_downloads.py
[2024-07-06T20:52:57.821+0000] {processor.py:176} INFO - Processing /opt/airflow/dags/groups/group_downloads.py took 0.025 seconds
[2024-07-06T20:53:28.426+0000] {processor.py:154} INFO - Started process (PID=255) to work on /opt/airflow/dags/groups/group_downloads.py
[2024-07-06T20:53:28.426+0000] {processor.py:756} INFO - Processing file /opt/airflow/dags/groups/group_downloads.py for tasks to queue
[2024-07-06T20:53:28.427+0000] {logging_mixin.py:120} INFO - [2024-07-06T20:53:28.427+0000] {dagbag.py:537} INFO - Filling up the DagBag from /opt/airflow/dags/groups/group_downloads.py
[2024-07-06T20:53:28.432+0000] {processor.py:768} WARNING - No viable dags retrieved from /opt/airflow/dags/groups/group_downloads.py
[2024-07-06T20:53:28.443+0000] {processor.py:176} INFO - Processing /opt/airflow/dags/groups/group_downloads.py took 0.021 seconds
[2024-07-06T20:53:58.465+0000] {processor.py:154} INFO - Started process (PID=290) to work on /opt/airflow/dags/groups/group_downloads.py
[2024-07-06T20:53:58.466+0000] {processor.py:756} INFO - Processing file /opt/airflow/dags/groups/group_downloads.py for tasks to queue
[2024-07-06T20:53:58.466+0000] {logging_mixin.py:120} INFO - [2024-07-06T20:53:58.466+0000] {dagbag.py:537} INFO - Filling up the DagBag from /opt/airflow/dags/groups/group_downloads.py
[2024-07-06T20:53:58.472+0000] {processor.py:768} WARNING - No viable dags retrieved from /opt/airflow/dags/groups/group_downloads.py
[2024-07-06T20:53:58.485+0000] {processor.py:176} INFO - Processing /opt/airflow/dags/groups/group_downloads.py took 0.023 seconds
[2024-07-06T20:54:28.609+0000] {processor.py:154} INFO - Started process (PID=321) to work on /opt/airflow/dags/groups/group_downloads.py
[2024-07-06T20:54:28.610+0000] {processor.py:756} INFO - Processing file /opt/airflow/dags/groups/group_downloads.py for tasks to queue
[2024-07-06T20:54:28.611+0000] {logging_mixin.py:120} INFO - [2024-07-06T20:54:28.611+0000] {dagbag.py:537} INFO - Filling up the DagBag from /opt/airflow/dags/groups/group_downloads.py
[2024-07-06T20:54:28.617+0000] {processor.py:768} WARNING - No viable dags retrieved from /opt/airflow/dags/groups/group_downloads.py
[2024-07-06T20:54:28.628+0000] {processor.py:176} INFO - Processing /opt/airflow/dags/groups/group_downloads.py took 0.021 seconds
[2024-07-06T20:55:14.846+0000] {processor.py:154} INFO - Started process (PID=43) to work on /opt/airflow/dags/groups/group_downloads.py
[2024-07-06T20:55:14.850+0000] {processor.py:756} INFO - Processing file /opt/airflow/dags/groups/group_downloads.py for tasks to queue
[2024-07-06T20:55:14.851+0000] {logging_mixin.py:120} INFO - [2024-07-06T20:55:14.851+0000] {dagbag.py:537} INFO - Filling up the DagBag from /opt/airflow/dags/groups/group_downloads.py
[2024-07-06T20:55:14.866+0000] {processor.py:768} WARNING - No viable dags retrieved from /opt/airflow/dags/groups/group_downloads.py
[2024-07-06T20:55:14.892+0000] {processor.py:176} INFO - Processing /opt/airflow/dags/groups/group_downloads.py took 0.051 seconds
[2024-07-06T20:55:45.535+0000] {processor.py:154} INFO - Started process (PID=80) to work on /opt/airflow/dags/groups/group_downloads.py
[2024-07-06T20:55:45.536+0000] {processor.py:756} INFO - Processing file /opt/airflow/dags/groups/group_downloads.py for tasks to queue
[2024-07-06T20:55:45.538+0000] {logging_mixin.py:120} INFO - [2024-07-06T20:55:45.537+0000] {dagbag.py:537} INFO - Filling up the DagBag from /opt/airflow/dags/groups/group_downloads.py
[2024-07-06T20:55:45.545+0000] {processor.py:768} WARNING - No viable dags retrieved from /opt/airflow/dags/groups/group_downloads.py
[2024-07-06T20:55:45.563+0000] {processor.py:176} INFO - Processing /opt/airflow/dags/groups/group_downloads.py took 0.031 seconds
[2024-07-06T20:56:15.587+0000] {processor.py:154} INFO - Started process (PID=116) to work on /opt/airflow/dags/groups/group_downloads.py
[2024-07-06T20:56:15.590+0000] {processor.py:756} INFO - Processing file /opt/airflow/dags/groups/group_downloads.py for tasks to queue
[2024-07-06T20:56:15.591+0000] {logging_mixin.py:120} INFO - [2024-07-06T20:56:15.591+0000] {dagbag.py:537} INFO - Filling up the DagBag from /opt/airflow/dags/groups/group_downloads.py
[2024-07-06T20:56:15.598+0000] {processor.py:768} WARNING - No viable dags retrieved from /opt/airflow/dags/groups/group_downloads.py
[2024-07-06T20:56:15.620+0000] {processor.py:176} INFO - Processing /opt/airflow/dags/groups/group_downloads.py took 0.036 seconds
[2024-07-06T20:56:45.771+0000] {processor.py:154} INFO - Started process (PID=154) to work on /opt/airflow/dags/groups/group_downloads.py
[2024-07-06T20:56:45.774+0000] {processor.py:756} INFO - Processing file /opt/airflow/dags/groups/group_downloads.py for tasks to queue
[2024-07-06T20:56:45.774+0000] {logging_mixin.py:120} INFO - [2024-07-06T20:56:45.774+0000] {dagbag.py:537} INFO - Filling up the DagBag from /opt/airflow/dags/groups/group_downloads.py
[2024-07-06T20:56:45.782+0000] {processor.py:768} WARNING - No viable dags retrieved from /opt/airflow/dags/groups/group_downloads.py
[2024-07-06T20:56:45.802+0000] {processor.py:176} INFO - Processing /opt/airflow/dags/groups/group_downloads.py took 0.034 seconds
[2024-07-06T20:57:16.437+0000] {processor.py:154} INFO - Started process (PID=183) to work on /opt/airflow/dags/groups/group_downloads.py
[2024-07-06T20:57:16.438+0000] {processor.py:756} INFO - Processing file /opt/airflow/dags/groups/group_downloads.py for tasks to queue
[2024-07-06T20:57:16.439+0000] {logging_mixin.py:120} INFO - [2024-07-06T20:57:16.439+0000] {dagbag.py:537} INFO - Filling up the DagBag from /opt/airflow/dags/groups/group_downloads.py
[2024-07-06T20:57:16.449+0000] {processor.py:768} WARNING - No viable dags retrieved from /opt/airflow/dags/groups/group_downloads.py
[2024-07-06T20:57:16.464+0000] {processor.py:176} INFO - Processing /opt/airflow/dags/groups/group_downloads.py took 0.030 seconds
[2024-07-06T20:57:46.490+0000] {processor.py:154} INFO - Started process (PID=219) to work on /opt/airflow/dags/groups/group_downloads.py
[2024-07-06T20:57:46.493+0000] {processor.py:756} INFO - Processing file /opt/airflow/dags/groups/group_downloads.py for tasks to queue
[2024-07-06T20:57:46.494+0000] {logging_mixin.py:120} INFO - [2024-07-06T20:57:46.494+0000] {dagbag.py:537} INFO - Filling up the DagBag from /opt/airflow/dags/groups/group_downloads.py
[2024-07-06T20:57:46.500+0000] {processor.py:768} WARNING - No viable dags retrieved from /opt/airflow/dags/groups/group_downloads.py
[2024-07-06T20:57:46.514+0000] {processor.py:176} INFO - Processing /opt/airflow/dags/groups/group_downloads.py took 0.027 seconds
[2024-07-06T20:58:16.575+0000] {processor.py:154} INFO - Started process (PID=256) to work on /opt/airflow/dags/groups/group_downloads.py
[2024-07-06T20:58:16.576+0000] {processor.py:756} INFO - Processing file /opt/airflow/dags/groups/group_downloads.py for tasks to queue
[2024-07-06T20:58:16.579+0000] {logging_mixin.py:120} INFO - [2024-07-06T20:58:16.579+0000] {dagbag.py:537} INFO - Filling up the DagBag from /opt/airflow/dags/groups/group_downloads.py
[2024-07-06T20:58:16.587+0000] {processor.py:768} WARNING - No viable dags retrieved from /opt/airflow/dags/groups/group_downloads.py
[2024-07-06T20:58:16.600+0000] {processor.py:176} INFO - Processing /opt/airflow/dags/groups/group_downloads.py took 0.028 seconds
[2024-07-06T20:58:46.913+0000] {processor.py:154} INFO - Started process (PID=294) to work on /opt/airflow/dags/groups/group_downloads.py
[2024-07-06T20:58:46.915+0000] {processor.py:756} INFO - Processing file /opt/airflow/dags/groups/group_downloads.py for tasks to queue
[2024-07-06T20:58:46.916+0000] {logging_mixin.py:120} INFO - [2024-07-06T20:58:46.916+0000] {dagbag.py:537} INFO - Filling up the DagBag from /opt/airflow/dags/groups/group_downloads.py
[2024-07-06T20:58:46.925+0000] {processor.py:768} WARNING - No viable dags retrieved from /opt/airflow/dags/groups/group_downloads.py
[2024-07-06T20:58:46.945+0000] {processor.py:176} INFO - Processing /opt/airflow/dags/groups/group_downloads.py took 0.035 seconds
[2024-07-06T20:59:17.392+0000] {processor.py:154} INFO - Started process (PID=322) to work on /opt/airflow/dags/groups/group_downloads.py
[2024-07-06T20:59:17.396+0000] {processor.py:756} INFO - Processing file /opt/airflow/dags/groups/group_downloads.py for tasks to queue
[2024-07-06T20:59:17.396+0000] {logging_mixin.py:120} INFO - [2024-07-06T20:59:17.396+0000] {dagbag.py:537} INFO - Filling up the DagBag from /opt/airflow/dags/groups/group_downloads.py
[2024-07-06T20:59:17.401+0000] {processor.py:768} WARNING - No viable dags retrieved from /opt/airflow/dags/groups/group_downloads.py
[2024-07-06T20:59:17.414+0000] {processor.py:176} INFO - Processing /opt/airflow/dags/groups/group_downloads.py took 0.025 seconds
[2024-07-06T20:59:47.559+0000] {processor.py:154} INFO - Started process (PID=359) to work on /opt/airflow/dags/groups/group_downloads.py
[2024-07-06T20:59:47.562+0000] {processor.py:756} INFO - Processing file /opt/airflow/dags/groups/group_downloads.py for tasks to queue
[2024-07-06T20:59:47.563+0000] {logging_mixin.py:120} INFO - [2024-07-06T20:59:47.563+0000] {dagbag.py:537} INFO - Filling up the DagBag from /opt/airflow/dags/groups/group_downloads.py
[2024-07-06T20:59:47.571+0000] {processor.py:768} WARNING - No viable dags retrieved from /opt/airflow/dags/groups/group_downloads.py
[2024-07-06T20:59:47.589+0000] {processor.py:176} INFO - Processing /opt/airflow/dags/groups/group_downloads.py took 0.033 seconds
[2024-07-06T21:00:18.122+0000] {processor.py:154} INFO - Started process (PID=397) to work on /opt/airflow/dags/groups/group_downloads.py
[2024-07-06T21:00:18.123+0000] {processor.py:756} INFO - Processing file /opt/airflow/dags/groups/group_downloads.py for tasks to queue
[2024-07-06T21:00:18.126+0000] {logging_mixin.py:120} INFO - [2024-07-06T21:00:18.125+0000] {dagbag.py:537} INFO - Filling up the DagBag from /opt/airflow/dags/groups/group_downloads.py
[2024-07-06T21:00:18.131+0000] {processor.py:768} WARNING - No viable dags retrieved from /opt/airflow/dags/groups/group_downloads.py
[2024-07-06T21:00:18.144+0000] {processor.py:176} INFO - Processing /opt/airflow/dags/groups/group_downloads.py took 0.026 seconds
[2024-07-06T21:00:48.652+0000] {processor.py:154} INFO - Started process (PID=435) to work on /opt/airflow/dags/groups/group_downloads.py
[2024-07-06T21:00:48.653+0000] {processor.py:756} INFO - Processing file /opt/airflow/dags/groups/group_downloads.py for tasks to queue
[2024-07-06T21:00:48.654+0000] {logging_mixin.py:120} INFO - [2024-07-06T21:00:48.654+0000] {dagbag.py:537} INFO - Filling up the DagBag from /opt/airflow/dags/groups/group_downloads.py
[2024-07-06T21:00:48.661+0000] {processor.py:768} WARNING - No viable dags retrieved from /opt/airflow/dags/groups/group_downloads.py
[2024-07-06T21:00:48.674+0000] {processor.py:176} INFO - Processing /opt/airflow/dags/groups/group_downloads.py took 0.025 seconds
[2024-07-06T21:01:18.940+0000] {processor.py:154} INFO - Started process (PID=463) to work on /opt/airflow/dags/groups/group_downloads.py
[2024-07-06T21:01:18.941+0000] {processor.py:756} INFO - Processing file /opt/airflow/dags/groups/group_downloads.py for tasks to queue
[2024-07-06T21:01:18.942+0000] {logging_mixin.py:120} INFO - [2024-07-06T21:01:18.942+0000] {dagbag.py:537} INFO - Filling up the DagBag from /opt/airflow/dags/groups/group_downloads.py
[2024-07-06T21:01:18.948+0000] {processor.py:768} WARNING - No viable dags retrieved from /opt/airflow/dags/groups/group_downloads.py
[2024-07-06T21:01:18.960+0000] {processor.py:176} INFO - Processing /opt/airflow/dags/groups/group_downloads.py took 0.023 seconds
[2024-07-06T21:01:49.507+0000] {processor.py:154} INFO - Started process (PID=501) to work on /opt/airflow/dags/groups/group_downloads.py
[2024-07-06T21:01:49.508+0000] {processor.py:756} INFO - Processing file /opt/airflow/dags/groups/group_downloads.py for tasks to queue
[2024-07-06T21:01:49.509+0000] {logging_mixin.py:120} INFO - [2024-07-06T21:01:49.509+0000] {dagbag.py:537} INFO - Filling up the DagBag from /opt/airflow/dags/groups/group_downloads.py
[2024-07-06T21:01:49.515+0000] {processor.py:768} WARNING - No viable dags retrieved from /opt/airflow/dags/groups/group_downloads.py
[2024-07-06T21:01:49.528+0000] {processor.py:176} INFO - Processing /opt/airflow/dags/groups/group_downloads.py took 0.025 seconds
[2024-07-06T21:02:19.973+0000] {processor.py:154} INFO - Started process (PID=539) to work on /opt/airflow/dags/groups/group_downloads.py
[2024-07-06T21:02:19.974+0000] {processor.py:756} INFO - Processing file /opt/airflow/dags/groups/group_downloads.py for tasks to queue
[2024-07-06T21:02:19.975+0000] {logging_mixin.py:120} INFO - [2024-07-06T21:02:19.975+0000] {dagbag.py:537} INFO - Filling up the DagBag from /opt/airflow/dags/groups/group_downloads.py
[2024-07-06T21:02:19.980+0000] {processor.py:768} WARNING - No viable dags retrieved from /opt/airflow/dags/groups/group_downloads.py
[2024-07-06T21:02:19.993+0000] {processor.py:176} INFO - Processing /opt/airflow/dags/groups/group_downloads.py took 0.023 seconds
[2024-07-06T21:02:50.559+0000] {processor.py:154} INFO - Started process (PID=578) to work on /opt/airflow/dags/groups/group_downloads.py
[2024-07-06T21:02:50.560+0000] {processor.py:756} INFO - Processing file /opt/airflow/dags/groups/group_downloads.py for tasks to queue
[2024-07-06T21:02:50.560+0000] {logging_mixin.py:120} INFO - [2024-07-06T21:02:50.560+0000] {dagbag.py:537} INFO - Filling up the DagBag from /opt/airflow/dags/groups/group_downloads.py
[2024-07-06T21:02:50.567+0000] {processor.py:768} WARNING - No viable dags retrieved from /opt/airflow/dags/groups/group_downloads.py
[2024-07-06T21:02:50.579+0000] {processor.py:176} INFO - Processing /opt/airflow/dags/groups/group_downloads.py took 0.024 seconds
[2024-07-06T21:03:20.706+0000] {processor.py:154} INFO - Started process (PID=607) to work on /opt/airflow/dags/groups/group_downloads.py
[2024-07-06T21:03:20.711+0000] {processor.py:756} INFO - Processing file /opt/airflow/dags/groups/group_downloads.py for tasks to queue
[2024-07-06T21:03:20.713+0000] {logging_mixin.py:120} INFO - [2024-07-06T21:03:20.713+0000] {dagbag.py:537} INFO - Filling up the DagBag from /opt/airflow/dags/groups/group_downloads.py
[2024-07-06T21:03:20.719+0000] {processor.py:768} WARNING - No viable dags retrieved from /opt/airflow/dags/groups/group_downloads.py
[2024-07-06T21:03:20.733+0000] {processor.py:176} INFO - Processing /opt/airflow/dags/groups/group_downloads.py took 0.031 seconds
[2024-07-06T21:03:51.198+0000] {processor.py:154} INFO - Started process (PID=645) to work on /opt/airflow/dags/groups/group_downloads.py
[2024-07-06T21:03:51.201+0000] {processor.py:756} INFO - Processing file /opt/airflow/dags/groups/group_downloads.py for tasks to queue
[2024-07-06T21:03:51.202+0000] {logging_mixin.py:120} INFO - [2024-07-06T21:03:51.202+0000] {dagbag.py:537} INFO - Filling up the DagBag from /opt/airflow/dags/groups/group_downloads.py
[2024-07-06T21:03:51.208+0000] {processor.py:768} WARNING - No viable dags retrieved from /opt/airflow/dags/groups/group_downloads.py
[2024-07-06T21:03:51.221+0000] {processor.py:176} INFO - Processing /opt/airflow/dags/groups/group_downloads.py took 0.026 seconds
[2024-07-06T21:04:21.633+0000] {processor.py:154} INFO - Started process (PID=683) to work on /opt/airflow/dags/groups/group_downloads.py
[2024-07-06T21:04:21.634+0000] {processor.py:756} INFO - Processing file /opt/airflow/dags/groups/group_downloads.py for tasks to queue
[2024-07-06T21:04:21.636+0000] {logging_mixin.py:120} INFO - [2024-07-06T21:04:21.635+0000] {dagbag.py:537} INFO - Filling up the DagBag from /opt/airflow/dags/groups/group_downloads.py
[2024-07-06T21:04:21.641+0000] {processor.py:768} WARNING - No viable dags retrieved from /opt/airflow/dags/groups/group_downloads.py
[2024-07-06T21:04:21.654+0000] {processor.py:176} INFO - Processing /opt/airflow/dags/groups/group_downloads.py took 0.024 seconds
[2024-07-06T21:04:52.118+0000] {processor.py:154} INFO - Started process (PID=721) to work on /opt/airflow/dags/groups/group_downloads.py
[2024-07-06T21:04:52.119+0000] {processor.py:756} INFO - Processing file /opt/airflow/dags/groups/group_downloads.py for tasks to queue
[2024-07-06T21:04:52.120+0000] {logging_mixin.py:120} INFO - [2024-07-06T21:04:52.120+0000] {dagbag.py:537} INFO - Filling up the DagBag from /opt/airflow/dags/groups/group_downloads.py
[2024-07-06T21:04:52.126+0000] {processor.py:768} WARNING - No viable dags retrieved from /opt/airflow/dags/groups/group_downloads.py
[2024-07-06T21:04:52.139+0000] {processor.py:176} INFO - Processing /opt/airflow/dags/groups/group_downloads.py took 0.023 seconds
[2024-07-06T21:05:22.584+0000] {processor.py:154} INFO - Started process (PID=750) to work on /opt/airflow/dags/groups/group_downloads.py
[2024-07-06T21:05:22.585+0000] {processor.py:756} INFO - Processing file /opt/airflow/dags/groups/group_downloads.py for tasks to queue
[2024-07-06T21:05:22.586+0000] {logging_mixin.py:120} INFO - [2024-07-06T21:05:22.586+0000] {dagbag.py:537} INFO - Filling up the DagBag from /opt/airflow/dags/groups/group_downloads.py
[2024-07-06T21:05:22.592+0000] {processor.py:768} WARNING - No viable dags retrieved from /opt/airflow/dags/groups/group_downloads.py
[2024-07-06T21:05:22.604+0000] {processor.py:176} INFO - Processing /opt/airflow/dags/groups/group_downloads.py took 0.023 seconds
[2024-07-06T21:05:53.075+0000] {processor.py:154} INFO - Started process (PID=788) to work on /opt/airflow/dags/groups/group_downloads.py
[2024-07-06T21:05:53.076+0000] {processor.py:756} INFO - Processing file /opt/airflow/dags/groups/group_downloads.py for tasks to queue
[2024-07-06T21:05:53.077+0000] {logging_mixin.py:120} INFO - [2024-07-06T21:05:53.077+0000] {dagbag.py:537} INFO - Filling up the DagBag from /opt/airflow/dags/groups/group_downloads.py
[2024-07-06T21:05:53.083+0000] {processor.py:768} WARNING - No viable dags retrieved from /opt/airflow/dags/groups/group_downloads.py
[2024-07-06T21:05:53.096+0000] {processor.py:176} INFO - Processing /opt/airflow/dags/groups/group_downloads.py took 0.024 seconds
[2024-07-06T21:06:23.583+0000] {processor.py:154} INFO - Started process (PID=826) to work on /opt/airflow/dags/groups/group_downloads.py
[2024-07-06T21:06:23.584+0000] {processor.py:756} INFO - Processing file /opt/airflow/dags/groups/group_downloads.py for tasks to queue
[2024-07-06T21:06:23.585+0000] {logging_mixin.py:120} INFO - [2024-07-06T21:06:23.585+0000] {dagbag.py:537} INFO - Filling up the DagBag from /opt/airflow/dags/groups/group_downloads.py
[2024-07-06T21:06:23.596+0000] {processor.py:768} WARNING - No viable dags retrieved from /opt/airflow/dags/groups/group_downloads.py
[2024-07-06T21:06:23.609+0000] {processor.py:176} INFO - Processing /opt/airflow/dags/groups/group_downloads.py took 0.030 seconds
[2024-07-06T21:06:54.073+0000] {processor.py:154} INFO - Started process (PID=864) to work on /opt/airflow/dags/groups/group_downloads.py
[2024-07-06T21:06:54.078+0000] {processor.py:756} INFO - Processing file /opt/airflow/dags/groups/group_downloads.py for tasks to queue
[2024-07-06T21:06:54.079+0000] {logging_mixin.py:120} INFO - [2024-07-06T21:06:54.079+0000] {dagbag.py:537} INFO - Filling up the DagBag from /opt/airflow/dags/groups/group_downloads.py
[2024-07-06T21:06:54.085+0000] {processor.py:768} WARNING - No viable dags retrieved from /opt/airflow/dags/groups/group_downloads.py
[2024-07-06T21:06:54.101+0000] {processor.py:176} INFO - Processing /opt/airflow/dags/groups/group_downloads.py took 0.032 seconds
[2024-07-06T21:07:24.590+0000] {processor.py:154} INFO - Started process (PID=893) to work on /opt/airflow/dags/groups/group_downloads.py
[2024-07-06T21:07:24.591+0000] {processor.py:756} INFO - Processing file /opt/airflow/dags/groups/group_downloads.py for tasks to queue
[2024-07-06T21:07:24.592+0000] {logging_mixin.py:120} INFO - [2024-07-06T21:07:24.592+0000] {dagbag.py:537} INFO - Filling up the DagBag from /opt/airflow/dags/groups/group_downloads.py
[2024-07-06T21:07:24.597+0000] {processor.py:768} WARNING - No viable dags retrieved from /opt/airflow/dags/groups/group_downloads.py
[2024-07-06T21:07:24.609+0000] {processor.py:176} INFO - Processing /opt/airflow/dags/groups/group_downloads.py took 0.023 seconds
[2024-07-06T21:07:55.061+0000] {processor.py:154} INFO - Started process (PID=931) to work on /opt/airflow/dags/groups/group_downloads.py
[2024-07-06T21:07:55.062+0000] {processor.py:756} INFO - Processing file /opt/airflow/dags/groups/group_downloads.py for tasks to queue
[2024-07-06T21:07:55.063+0000] {logging_mixin.py:120} INFO - [2024-07-06T21:07:55.063+0000] {dagbag.py:537} INFO - Filling up the DagBag from /opt/airflow/dags/groups/group_downloads.py
[2024-07-06T21:07:55.068+0000] {processor.py:768} WARNING - No viable dags retrieved from /opt/airflow/dags/groups/group_downloads.py
[2024-07-06T21:07:55.081+0000] {processor.py:176} INFO - Processing /opt/airflow/dags/groups/group_downloads.py took 0.023 seconds
[2024-07-06T21:08:25.543+0000] {processor.py:154} INFO - Started process (PID=969) to work on /opt/airflow/dags/groups/group_downloads.py
[2024-07-06T21:08:25.544+0000] {processor.py:756} INFO - Processing file /opt/airflow/dags/groups/group_downloads.py for tasks to queue
[2024-07-06T21:08:25.545+0000] {logging_mixin.py:120} INFO - [2024-07-06T21:08:25.544+0000] {dagbag.py:537} INFO - Filling up the DagBag from /opt/airflow/dags/groups/group_downloads.py
[2024-07-06T21:08:25.551+0000] {processor.py:768} WARNING - No viable dags retrieved from /opt/airflow/dags/groups/group_downloads.py
[2024-07-06T21:08:25.563+0000] {processor.py:176} INFO - Processing /opt/airflow/dags/groups/group_downloads.py took 0.023 seconds
[2024-07-06T21:08:56.016+0000] {processor.py:154} INFO - Started process (PID=1007) to work on /opt/airflow/dags/groups/group_downloads.py
[2024-07-06T21:08:56.017+0000] {processor.py:756} INFO - Processing file /opt/airflow/dags/groups/group_downloads.py for tasks to queue
[2024-07-06T21:08:56.018+0000] {logging_mixin.py:120} INFO - [2024-07-06T21:08:56.018+0000] {dagbag.py:537} INFO - Filling up the DagBag from /opt/airflow/dags/groups/group_downloads.py
[2024-07-06T21:08:56.023+0000] {processor.py:768} WARNING - No viable dags retrieved from /opt/airflow/dags/groups/group_downloads.py
[2024-07-06T21:08:56.038+0000] {processor.py:176} INFO - Processing /opt/airflow/dags/groups/group_downloads.py took 0.025 seconds
[2024-07-06T21:09:26.504+0000] {processor.py:154} INFO - Started process (PID=1036) to work on /opt/airflow/dags/groups/group_downloads.py
[2024-07-06T21:09:26.505+0000] {processor.py:756} INFO - Processing file /opt/airflow/dags/groups/group_downloads.py for tasks to queue
[2024-07-06T21:09:26.506+0000] {logging_mixin.py:120} INFO - [2024-07-06T21:09:26.505+0000] {dagbag.py:537} INFO - Filling up the DagBag from /opt/airflow/dags/groups/group_downloads.py
[2024-07-06T21:09:26.511+0000] {processor.py:768} WARNING - No viable dags retrieved from /opt/airflow/dags/groups/group_downloads.py
[2024-07-06T21:09:26.523+0000] {processor.py:176} INFO - Processing /opt/airflow/dags/groups/group_downloads.py took 0.022 seconds
[2024-07-06T21:09:56.988+0000] {processor.py:154} INFO - Started process (PID=1074) to work on /opt/airflow/dags/groups/group_downloads.py
[2024-07-06T21:09:56.989+0000] {processor.py:756} INFO - Processing file /opt/airflow/dags/groups/group_downloads.py for tasks to queue
[2024-07-06T21:09:56.990+0000] {logging_mixin.py:120} INFO - [2024-07-06T21:09:56.990+0000] {dagbag.py:537} INFO - Filling up the DagBag from /opt/airflow/dags/groups/group_downloads.py
[2024-07-06T21:09:56.995+0000] {processor.py:768} WARNING - No viable dags retrieved from /opt/airflow/dags/groups/group_downloads.py
[2024-07-06T21:09:57.007+0000] {processor.py:176} INFO - Processing /opt/airflow/dags/groups/group_downloads.py took 0.021 seconds
[2024-07-06T21:10:27.498+0000] {processor.py:154} INFO - Started process (PID=1112) to work on /opt/airflow/dags/groups/group_downloads.py
[2024-07-06T21:10:27.499+0000] {processor.py:756} INFO - Processing file /opt/airflow/dags/groups/group_downloads.py for tasks to queue
[2024-07-06T21:10:27.499+0000] {logging_mixin.py:120} INFO - [2024-07-06T21:10:27.499+0000] {dagbag.py:537} INFO - Filling up the DagBag from /opt/airflow/dags/groups/group_downloads.py
[2024-07-06T21:10:27.504+0000] {processor.py:768} WARNING - No viable dags retrieved from /opt/airflow/dags/groups/group_downloads.py
[2024-07-06T21:10:27.516+0000] {processor.py:176} INFO - Processing /opt/airflow/dags/groups/group_downloads.py took 0.023 seconds
[2024-07-06T21:10:57.994+0000] {processor.py:154} INFO - Started process (PID=1150) to work on /opt/airflow/dags/groups/group_downloads.py
[2024-07-06T21:10:57.995+0000] {processor.py:756} INFO - Processing file /opt/airflow/dags/groups/group_downloads.py for tasks to queue
[2024-07-06T21:10:57.995+0000] {logging_mixin.py:120} INFO - [2024-07-06T21:10:57.995+0000] {dagbag.py:537} INFO - Filling up the DagBag from /opt/airflow/dags/groups/group_downloads.py
[2024-07-06T21:10:58.000+0000] {processor.py:768} WARNING - No viable dags retrieved from /opt/airflow/dags/groups/group_downloads.py
[2024-07-06T21:10:58.013+0000] {processor.py:176} INFO - Processing /opt/airflow/dags/groups/group_downloads.py took 0.023 seconds
[2024-07-06T21:11:28.590+0000] {processor.py:154} INFO - Started process (PID=1186) to work on /opt/airflow/dags/groups/group_downloads.py
[2024-07-06T21:11:28.591+0000] {processor.py:756} INFO - Processing file /opt/airflow/dags/groups/group_downloads.py for tasks to queue
[2024-07-06T21:11:28.592+0000] {logging_mixin.py:120} INFO - [2024-07-06T21:11:28.592+0000] {dagbag.py:537} INFO - Filling up the DagBag from /opt/airflow/dags/groups/group_downloads.py
[2024-07-06T21:11:28.598+0000] {processor.py:768} WARNING - No viable dags retrieved from /opt/airflow/dags/groups/group_downloads.py
[2024-07-06T21:11:28.611+0000] {processor.py:176} INFO - Processing /opt/airflow/dags/groups/group_downloads.py took 0.025 seconds
[2024-07-06T21:11:59.210+0000] {processor.py:154} INFO - Started process (PID=1217) to work on /opt/airflow/dags/groups/group_downloads.py
[2024-07-06T21:11:59.211+0000] {processor.py:756} INFO - Processing file /opt/airflow/dags/groups/group_downloads.py for tasks to queue
[2024-07-06T21:11:59.212+0000] {logging_mixin.py:120} INFO - [2024-07-06T21:11:59.212+0000] {dagbag.py:537} INFO - Filling up the DagBag from /opt/airflow/dags/groups/group_downloads.py
[2024-07-06T21:11:59.217+0000] {processor.py:768} WARNING - No viable dags retrieved from /opt/airflow/dags/groups/group_downloads.py
[2024-07-06T21:11:59.229+0000] {processor.py:176} INFO - Processing /opt/airflow/dags/groups/group_downloads.py took 0.022 seconds
[2024-07-06T21:12:29.242+0000] {processor.py:154} INFO - Started process (PID=1254) to work on /opt/airflow/dags/groups/group_downloads.py
[2024-07-06T21:12:29.243+0000] {processor.py:756} INFO - Processing file /opt/airflow/dags/groups/group_downloads.py for tasks to queue
[2024-07-06T21:12:29.244+0000] {logging_mixin.py:120} INFO - [2024-07-06T21:12:29.244+0000] {dagbag.py:537} INFO - Filling up the DagBag from /opt/airflow/dags/groups/group_downloads.py
[2024-07-06T21:12:29.250+0000] {processor.py:768} WARNING - No viable dags retrieved from /opt/airflow/dags/groups/group_downloads.py
[2024-07-06T21:12:29.261+0000] {processor.py:176} INFO - Processing /opt/airflow/dags/groups/group_downloads.py took 0.022 seconds
[2024-07-06T21:12:59.735+0000] {processor.py:154} INFO - Started process (PID=1290) to work on /opt/airflow/dags/groups/group_downloads.py
[2024-07-06T21:12:59.736+0000] {processor.py:756} INFO - Processing file /opt/airflow/dags/groups/group_downloads.py for tasks to queue
[2024-07-06T21:12:59.737+0000] {logging_mixin.py:120} INFO - [2024-07-06T21:12:59.737+0000] {dagbag.py:537} INFO - Filling up the DagBag from /opt/airflow/dags/groups/group_downloads.py
[2024-07-06T21:12:59.745+0000] {processor.py:768} WARNING - No viable dags retrieved from /opt/airflow/dags/groups/group_downloads.py
[2024-07-06T21:12:59.757+0000] {processor.py:176} INFO - Processing /opt/airflow/dags/groups/group_downloads.py took 0.025 seconds
[2024-07-06T21:13:30.785+0000] {processor.py:154} INFO - Started process (PID=1328) to work on /opt/airflow/dags/groups/group_downloads.py
[2024-07-06T21:13:30.786+0000] {processor.py:756} INFO - Processing file /opt/airflow/dags/groups/group_downloads.py for tasks to queue
[2024-07-06T21:13:30.787+0000] {logging_mixin.py:120} INFO - [2024-07-06T21:13:30.787+0000] {dagbag.py:537} INFO - Filling up the DagBag from /opt/airflow/dags/groups/group_downloads.py
[2024-07-06T21:13:30.796+0000] {processor.py:768} WARNING - No viable dags retrieved from /opt/airflow/dags/groups/group_downloads.py
[2024-07-06T21:13:30.809+0000] {processor.py:176} INFO - Processing /opt/airflow/dags/groups/group_downloads.py took 0.027 seconds
[2024-07-06T21:14:01.260+0000] {processor.py:154} INFO - Started process (PID=1357) to work on /opt/airflow/dags/groups/group_downloads.py
[2024-07-06T21:14:01.261+0000] {processor.py:756} INFO - Processing file /opt/airflow/dags/groups/group_downloads.py for tasks to queue
[2024-07-06T21:14:01.262+0000] {logging_mixin.py:120} INFO - [2024-07-06T21:14:01.262+0000] {dagbag.py:537} INFO - Filling up the DagBag from /opt/airflow/dags/groups/group_downloads.py
[2024-07-06T21:14:01.267+0000] {processor.py:768} WARNING - No viable dags retrieved from /opt/airflow/dags/groups/group_downloads.py
[2024-07-06T21:14:01.279+0000] {processor.py:176} INFO - Processing /opt/airflow/dags/groups/group_downloads.py took 0.022 seconds
[2024-07-06T21:14:31.837+0000] {processor.py:154} INFO - Started process (PID=1395) to work on /opt/airflow/dags/groups/group_downloads.py
[2024-07-06T21:14:31.838+0000] {processor.py:756} INFO - Processing file /opt/airflow/dags/groups/group_downloads.py for tasks to queue
[2024-07-06T21:14:31.839+0000] {logging_mixin.py:120} INFO - [2024-07-06T21:14:31.839+0000] {dagbag.py:537} INFO - Filling up the DagBag from /opt/airflow/dags/groups/group_downloads.py
[2024-07-06T21:14:31.847+0000] {processor.py:768} WARNING - No viable dags retrieved from /opt/airflow/dags/groups/group_downloads.py
[2024-07-06T21:14:31.860+0000] {processor.py:176} INFO - Processing /opt/airflow/dags/groups/group_downloads.py took 0.026 seconds
[2024-07-06T21:15:02.404+0000] {processor.py:154} INFO - Started process (PID=1433) to work on /opt/airflow/dags/groups/group_downloads.py
[2024-07-06T21:15:02.406+0000] {processor.py:756} INFO - Processing file /opt/airflow/dags/groups/group_downloads.py for tasks to queue
[2024-07-06T21:15:02.407+0000] {logging_mixin.py:120} INFO - [2024-07-06T21:15:02.407+0000] {dagbag.py:537} INFO - Filling up the DagBag from /opt/airflow/dags/groups/group_downloads.py
[2024-07-06T21:15:02.412+0000] {processor.py:768} WARNING - No viable dags retrieved from /opt/airflow/dags/groups/group_downloads.py
[2024-07-06T21:15:02.426+0000] {processor.py:176} INFO - Processing /opt/airflow/dags/groups/group_downloads.py took 0.026 seconds
[2024-07-06T21:15:32.571+0000] {processor.py:154} INFO - Started process (PID=1471) to work on /opt/airflow/dags/groups/group_downloads.py
[2024-07-06T21:15:32.572+0000] {processor.py:756} INFO - Processing file /opt/airflow/dags/groups/group_downloads.py for tasks to queue
[2024-07-06T21:15:32.572+0000] {logging_mixin.py:120} INFO - [2024-07-06T21:15:32.572+0000] {dagbag.py:537} INFO - Filling up the DagBag from /opt/airflow/dags/groups/group_downloads.py
[2024-07-06T21:15:32.578+0000] {processor.py:768} WARNING - No viable dags retrieved from /opt/airflow/dags/groups/group_downloads.py
[2024-07-06T21:15:32.591+0000] {processor.py:176} INFO - Processing /opt/airflow/dags/groups/group_downloads.py took 0.023 seconds
[2024-07-06T21:16:03.064+0000] {processor.py:154} INFO - Started process (PID=1500) to work on /opt/airflow/dags/groups/group_downloads.py
[2024-07-06T21:16:03.065+0000] {processor.py:756} INFO - Processing file /opt/airflow/dags/groups/group_downloads.py for tasks to queue
[2024-07-06T21:16:03.065+0000] {logging_mixin.py:120} INFO - [2024-07-06T21:16:03.065+0000] {dagbag.py:537} INFO - Filling up the DagBag from /opt/airflow/dags/groups/group_downloads.py
[2024-07-06T21:16:03.070+0000] {processor.py:768} WARNING - No viable dags retrieved from /opt/airflow/dags/groups/group_downloads.py
[2024-07-06T21:16:03.083+0000] {processor.py:176} INFO - Processing /opt/airflow/dags/groups/group_downloads.py took 0.022 seconds
[2024-07-06T21:16:33.549+0000] {processor.py:154} INFO - Started process (PID=1538) to work on /opt/airflow/dags/groups/group_downloads.py
[2024-07-06T21:16:33.553+0000] {processor.py:756} INFO - Processing file /opt/airflow/dags/groups/group_downloads.py for tasks to queue
[2024-07-06T21:16:33.554+0000] {logging_mixin.py:120} INFO - [2024-07-06T21:16:33.554+0000] {dagbag.py:537} INFO - Filling up the DagBag from /opt/airflow/dags/groups/group_downloads.py
[2024-07-06T21:16:33.560+0000] {processor.py:768} WARNING - No viable dags retrieved from /opt/airflow/dags/groups/group_downloads.py
[2024-07-06T21:16:33.575+0000] {processor.py:176} INFO - Processing /opt/airflow/dags/groups/group_downloads.py took 0.029 seconds
[2024-07-06T21:17:03.989+0000] {processor.py:154} INFO - Started process (PID=1577) to work on /opt/airflow/dags/groups/group_downloads.py
[2024-07-06T21:17:03.990+0000] {processor.py:756} INFO - Processing file /opt/airflow/dags/groups/group_downloads.py for tasks to queue
[2024-07-06T21:17:03.990+0000] {logging_mixin.py:120} INFO - [2024-07-06T21:17:03.990+0000] {dagbag.py:537} INFO - Filling up the DagBag from /opt/airflow/dags/groups/group_downloads.py
[2024-07-06T21:17:03.995+0000] {processor.py:768} WARNING - No viable dags retrieved from /opt/airflow/dags/groups/group_downloads.py
[2024-07-06T21:17:04.008+0000] {processor.py:176} INFO - Processing /opt/airflow/dags/groups/group_downloads.py took 0.023 seconds
[2024-07-06T21:17:34.058+0000] {processor.py:154} INFO - Started process (PID=1615) to work on /opt/airflow/dags/groups/group_downloads.py
[2024-07-06T21:17:34.059+0000] {processor.py:756} INFO - Processing file /opt/airflow/dags/groups/group_downloads.py for tasks to queue
[2024-07-06T21:17:34.059+0000] {logging_mixin.py:120} INFO - [2024-07-06T21:17:34.059+0000] {dagbag.py:537} INFO - Filling up the DagBag from /opt/airflow/dags/groups/group_downloads.py
[2024-07-06T21:17:34.066+0000] {processor.py:768} WARNING - No viable dags retrieved from /opt/airflow/dags/groups/group_downloads.py
[2024-07-06T21:17:34.078+0000] {processor.py:176} INFO - Processing /opt/airflow/dags/groups/group_downloads.py took 0.024 seconds
[2024-07-06T21:18:04.501+0000] {processor.py:154} INFO - Started process (PID=1644) to work on /opt/airflow/dags/groups/group_downloads.py
[2024-07-06T21:18:04.505+0000] {processor.py:756} INFO - Processing file /opt/airflow/dags/groups/group_downloads.py for tasks to queue
[2024-07-06T21:18:04.506+0000] {logging_mixin.py:120} INFO - [2024-07-06T21:18:04.506+0000] {dagbag.py:537} INFO - Filling up the DagBag from /opt/airflow/dags/groups/group_downloads.py
[2024-07-06T21:18:04.515+0000] {processor.py:768} WARNING - No viable dags retrieved from /opt/airflow/dags/groups/group_downloads.py
[2024-07-06T21:18:04.532+0000] {processor.py:176} INFO - Processing /opt/airflow/dags/groups/group_downloads.py took 0.034 seconds
[2024-07-06T21:18:35.025+0000] {processor.py:154} INFO - Started process (PID=1682) to work on /opt/airflow/dags/groups/group_downloads.py
[2024-07-06T21:18:35.026+0000] {processor.py:756} INFO - Processing file /opt/airflow/dags/groups/group_downloads.py for tasks to queue
[2024-07-06T21:18:35.028+0000] {logging_mixin.py:120} INFO - [2024-07-06T21:18:35.028+0000] {dagbag.py:537} INFO - Filling up the DagBag from /opt/airflow/dags/groups/group_downloads.py
[2024-07-06T21:18:35.035+0000] {processor.py:768} WARNING - No viable dags retrieved from /opt/airflow/dags/groups/group_downloads.py
[2024-07-06T21:18:35.080+0000] {processor.py:176} INFO - Processing /opt/airflow/dags/groups/group_downloads.py took 0.059 seconds
[2024-07-06T21:19:05.514+0000] {processor.py:154} INFO - Started process (PID=1720) to work on /opt/airflow/dags/groups/group_downloads.py
[2024-07-06T21:19:05.515+0000] {processor.py:756} INFO - Processing file /opt/airflow/dags/groups/group_downloads.py for tasks to queue
[2024-07-06T21:19:05.516+0000] {logging_mixin.py:120} INFO - [2024-07-06T21:19:05.516+0000] {dagbag.py:537} INFO - Filling up the DagBag from /opt/airflow/dags/groups/group_downloads.py
[2024-07-06T21:19:05.527+0000] {processor.py:768} WARNING - No viable dags retrieved from /opt/airflow/dags/groups/group_downloads.py
[2024-07-06T21:19:05.542+0000] {processor.py:176} INFO - Processing /opt/airflow/dags/groups/group_downloads.py took 0.031 seconds
[2024-07-06T21:19:36.036+0000] {processor.py:154} INFO - Started process (PID=1759) to work on /opt/airflow/dags/groups/group_downloads.py
[2024-07-06T21:19:36.036+0000] {processor.py:756} INFO - Processing file /opt/airflow/dags/groups/group_downloads.py for tasks to queue
[2024-07-06T21:19:36.040+0000] {logging_mixin.py:120} INFO - [2024-07-06T21:19:36.040+0000] {dagbag.py:537} INFO - Filling up the DagBag from /opt/airflow/dags/groups/group_downloads.py
[2024-07-06T21:19:36.045+0000] {processor.py:768} WARNING - No viable dags retrieved from /opt/airflow/dags/groups/group_downloads.py
[2024-07-06T21:19:36.058+0000] {processor.py:176} INFO - Processing /opt/airflow/dags/groups/group_downloads.py took 0.026 seconds
[2024-07-06T21:20:06.560+0000] {processor.py:154} INFO - Started process (PID=1797) to work on /opt/airflow/dags/groups/group_downloads.py
[2024-07-06T21:20:06.560+0000] {processor.py:756} INFO - Processing file /opt/airflow/dags/groups/group_downloads.py for tasks to queue
[2024-07-06T21:20:06.564+0000] {logging_mixin.py:120} INFO - [2024-07-06T21:20:06.564+0000] {dagbag.py:537} INFO - Filling up the DagBag from /opt/airflow/dags/groups/group_downloads.py
[2024-07-06T21:20:06.572+0000] {processor.py:768} WARNING - No viable dags retrieved from /opt/airflow/dags/groups/group_downloads.py
[2024-07-06T21:20:06.589+0000] {processor.py:176} INFO - Processing /opt/airflow/dags/groups/group_downloads.py took 0.033 seconds
[2024-07-06T21:20:37.054+0000] {processor.py:154} INFO - Started process (PID=1826) to work on /opt/airflow/dags/groups/group_downloads.py
[2024-07-06T21:20:37.055+0000] {processor.py:756} INFO - Processing file /opt/airflow/dags/groups/group_downloads.py for tasks to queue
[2024-07-06T21:20:37.055+0000] {logging_mixin.py:120} INFO - [2024-07-06T21:20:37.055+0000] {dagbag.py:537} INFO - Filling up the DagBag from /opt/airflow/dags/groups/group_downloads.py
[2024-07-06T21:20:37.061+0000] {processor.py:768} WARNING - No viable dags retrieved from /opt/airflow/dags/groups/group_downloads.py
[2024-07-06T21:20:37.073+0000] {processor.py:176} INFO - Processing /opt/airflow/dags/groups/group_downloads.py took 0.022 seconds
[2024-07-06T21:21:07.590+0000] {processor.py:154} INFO - Started process (PID=1865) to work on /opt/airflow/dags/groups/group_downloads.py
[2024-07-06T21:21:07.591+0000] {processor.py:756} INFO - Processing file /opt/airflow/dags/groups/group_downloads.py for tasks to queue
[2024-07-06T21:21:07.595+0000] {logging_mixin.py:120} INFO - [2024-07-06T21:21:07.595+0000] {dagbag.py:537} INFO - Filling up the DagBag from /opt/airflow/dags/groups/group_downloads.py
[2024-07-06T21:21:07.605+0000] {processor.py:768} WARNING - No viable dags retrieved from /opt/airflow/dags/groups/group_downloads.py
[2024-07-06T21:21:07.617+0000] {processor.py:176} INFO - Processing /opt/airflow/dags/groups/group_downloads.py took 0.030 seconds
[2024-07-06T21:21:37.652+0000] {processor.py:154} INFO - Started process (PID=1904) to work on /opt/airflow/dags/groups/group_downloads.py
[2024-07-06T21:21:37.652+0000] {processor.py:756} INFO - Processing file /opt/airflow/dags/groups/group_downloads.py for tasks to queue
[2024-07-06T21:21:37.657+0000] {logging_mixin.py:120} INFO - [2024-07-06T21:21:37.657+0000] {dagbag.py:537} INFO - Filling up the DagBag from /opt/airflow/dags/groups/group_downloads.py
[2024-07-06T21:21:37.665+0000] {processor.py:768} WARNING - No viable dags retrieved from /opt/airflow/dags/groups/group_downloads.py
[2024-07-06T21:21:37.679+0000] {processor.py:176} INFO - Processing /opt/airflow/dags/groups/group_downloads.py took 0.030 seconds
[2024-07-06T21:22:07.799+0000] {processor.py:154} INFO - Started process (PID=1942) to work on /opt/airflow/dags/groups/group_downloads.py
[2024-07-06T21:22:07.800+0000] {processor.py:756} INFO - Processing file /opt/airflow/dags/groups/group_downloads.py for tasks to queue
[2024-07-06T21:22:07.801+0000] {logging_mixin.py:120} INFO - [2024-07-06T21:22:07.801+0000] {dagbag.py:537} INFO - Filling up the DagBag from /opt/airflow/dags/groups/group_downloads.py
[2024-07-06T21:22:07.814+0000] {processor.py:768} WARNING - No viable dags retrieved from /opt/airflow/dags/groups/group_downloads.py
[2024-07-06T21:22:07.830+0000] {processor.py:176} INFO - Processing /opt/airflow/dags/groups/group_downloads.py took 0.034 seconds
[2024-07-06T21:22:38.049+0000] {processor.py:154} INFO - Started process (PID=1971) to work on /opt/airflow/dags/groups/group_downloads.py
[2024-07-06T21:22:38.049+0000] {processor.py:756} INFO - Processing file /opt/airflow/dags/groups/group_downloads.py for tasks to queue
[2024-07-06T21:22:38.053+0000] {logging_mixin.py:120} INFO - [2024-07-06T21:22:38.053+0000] {dagbag.py:537} INFO - Filling up the DagBag from /opt/airflow/dags/groups/group_downloads.py
[2024-07-06T21:22:38.063+0000] {processor.py:768} WARNING - No viable dags retrieved from /opt/airflow/dags/groups/group_downloads.py
[2024-07-06T21:22:38.076+0000] {processor.py:176} INFO - Processing /opt/airflow/dags/groups/group_downloads.py took 0.032 seconds
[2024-07-06T21:23:08.615+0000] {processor.py:154} INFO - Started process (PID=2009) to work on /opt/airflow/dags/groups/group_downloads.py
[2024-07-06T21:23:08.615+0000] {processor.py:756} INFO - Processing file /opt/airflow/dags/groups/group_downloads.py for tasks to queue
[2024-07-06T21:23:08.619+0000] {logging_mixin.py:120} INFO - [2024-07-06T21:23:08.619+0000] {dagbag.py:537} INFO - Filling up the DagBag from /opt/airflow/dags/groups/group_downloads.py
[2024-07-06T21:23:08.627+0000] {processor.py:768} WARNING - No viable dags retrieved from /opt/airflow/dags/groups/group_downloads.py
[2024-07-06T21:23:08.640+0000] {processor.py:176} INFO - Processing /opt/airflow/dags/groups/group_downloads.py took 0.028 seconds
[2024-07-06T21:23:38.696+0000] {processor.py:154} INFO - Started process (PID=2047) to work on /opt/airflow/dags/groups/group_downloads.py
[2024-07-06T21:23:38.697+0000] {processor.py:756} INFO - Processing file /opt/airflow/dags/groups/group_downloads.py for tasks to queue
[2024-07-06T21:23:38.699+0000] {logging_mixin.py:120} INFO - [2024-07-06T21:23:38.699+0000] {dagbag.py:537} INFO - Filling up the DagBag from /opt/airflow/dags/groups/group_downloads.py
[2024-07-06T21:23:38.708+0000] {processor.py:768} WARNING - No viable dags retrieved from /opt/airflow/dags/groups/group_downloads.py
[2024-07-06T21:23:38.721+0000] {processor.py:176} INFO - Processing /opt/airflow/dags/groups/group_downloads.py took 0.028 seconds
[2024-07-06T21:24:09.323+0000] {processor.py:154} INFO - Started process (PID=2077) to work on /opt/airflow/dags/groups/group_downloads.py
[2024-07-06T21:24:09.324+0000] {processor.py:756} INFO - Processing file /opt/airflow/dags/groups/group_downloads.py for tasks to queue
[2024-07-06T21:24:09.328+0000] {logging_mixin.py:120} INFO - [2024-07-06T21:24:09.328+0000] {dagbag.py:537} INFO - Filling up the DagBag from /opt/airflow/dags/groups/group_downloads.py
[2024-07-06T21:24:09.337+0000] {processor.py:768} WARNING - No viable dags retrieved from /opt/airflow/dags/groups/group_downloads.py
[2024-07-06T21:24:09.350+0000] {processor.py:176} INFO - Processing /opt/airflow/dags/groups/group_downloads.py took 0.030 seconds
[2024-07-06T21:24:39.816+0000] {processor.py:154} INFO - Started process (PID=2115) to work on /opt/airflow/dags/groups/group_downloads.py
[2024-07-06T21:24:39.816+0000] {processor.py:756} INFO - Processing file /opt/airflow/dags/groups/group_downloads.py for tasks to queue
[2024-07-06T21:24:39.821+0000] {logging_mixin.py:120} INFO - [2024-07-06T21:24:39.821+0000] {dagbag.py:537} INFO - Filling up the DagBag from /opt/airflow/dags/groups/group_downloads.py
[2024-07-06T21:24:39.830+0000] {processor.py:768} WARNING - No viable dags retrieved from /opt/airflow/dags/groups/group_downloads.py
[2024-07-06T21:24:39.843+0000] {processor.py:176} INFO - Processing /opt/airflow/dags/groups/group_downloads.py took 0.031 seconds
[2024-07-06T21:25:09.983+0000] {processor.py:154} INFO - Started process (PID=2153) to work on /opt/airflow/dags/groups/group_downloads.py
[2024-07-06T21:25:09.987+0000] {processor.py:756} INFO - Processing file /opt/airflow/dags/groups/group_downloads.py for tasks to queue
[2024-07-06T21:25:09.988+0000] {logging_mixin.py:120} INFO - [2024-07-06T21:25:09.987+0000] {dagbag.py:537} INFO - Filling up the DagBag from /opt/airflow/dags/groups/group_downloads.py
[2024-07-06T21:25:09.994+0000] {processor.py:768} WARNING - No viable dags retrieved from /opt/airflow/dags/groups/group_downloads.py
[2024-07-06T21:25:10.009+0000] {processor.py:176} INFO - Processing /opt/airflow/dags/groups/group_downloads.py took 0.029 seconds
[2024-07-06T21:25:40.534+0000] {processor.py:154} INFO - Started process (PID=2191) to work on /opt/airflow/dags/groups/group_downloads.py
[2024-07-06T21:25:40.536+0000] {processor.py:756} INFO - Processing file /opt/airflow/dags/groups/group_downloads.py for tasks to queue
[2024-07-06T21:25:40.536+0000] {logging_mixin.py:120} INFO - [2024-07-06T21:25:40.536+0000] {dagbag.py:537} INFO - Filling up the DagBag from /opt/airflow/dags/groups/group_downloads.py
[2024-07-06T21:25:40.542+0000] {processor.py:768} WARNING - No viable dags retrieved from /opt/airflow/dags/groups/group_downloads.py
[2024-07-06T21:25:40.556+0000] {processor.py:176} INFO - Processing /opt/airflow/dags/groups/group_downloads.py took 0.025 seconds
[2024-07-06T21:26:10.630+0000] {processor.py:154} INFO - Started process (PID=2220) to work on /opt/airflow/dags/groups/group_downloads.py
[2024-07-06T21:26:10.631+0000] {processor.py:756} INFO - Processing file /opt/airflow/dags/groups/group_downloads.py for tasks to queue
[2024-07-06T21:26:10.632+0000] {logging_mixin.py:120} INFO - [2024-07-06T21:26:10.631+0000] {dagbag.py:537} INFO - Filling up the DagBag from /opt/airflow/dags/groups/group_downloads.py
[2024-07-06T21:26:10.637+0000] {processor.py:768} WARNING - No viable dags retrieved from /opt/airflow/dags/groups/group_downloads.py
[2024-07-06T21:26:10.649+0000] {processor.py:176} INFO - Processing /opt/airflow/dags/groups/group_downloads.py took 0.022 seconds
[2024-07-06T21:26:40.791+0000] {processor.py:154} INFO - Started process (PID=2259) to work on /opt/airflow/dags/groups/group_downloads.py
[2024-07-06T21:26:40.792+0000] {processor.py:756} INFO - Processing file /opt/airflow/dags/groups/group_downloads.py for tasks to queue
[2024-07-06T21:26:40.793+0000] {logging_mixin.py:120} INFO - [2024-07-06T21:26:40.793+0000] {dagbag.py:537} INFO - Filling up the DagBag from /opt/airflow/dags/groups/group_downloads.py
[2024-07-06T21:26:40.798+0000] {processor.py:768} WARNING - No viable dags retrieved from /opt/airflow/dags/groups/group_downloads.py
[2024-07-06T21:26:40.810+0000] {processor.py:176} INFO - Processing /opt/airflow/dags/groups/group_downloads.py took 0.022 seconds
[2024-07-06T21:27:10.973+0000] {processor.py:154} INFO - Started process (PID=2297) to work on /opt/airflow/dags/groups/group_downloads.py
[2024-07-06T21:27:10.974+0000] {processor.py:756} INFO - Processing file /opt/airflow/dags/groups/group_downloads.py for tasks to queue
[2024-07-06T21:27:10.978+0000] {logging_mixin.py:120} INFO - [2024-07-06T21:27:10.978+0000] {dagbag.py:537} INFO - Filling up the DagBag from /opt/airflow/dags/groups/group_downloads.py
[2024-07-06T21:27:10.984+0000] {processor.py:768} WARNING - No viable dags retrieved from /opt/airflow/dags/groups/group_downloads.py
[2024-07-06T21:27:10.997+0000] {processor.py:176} INFO - Processing /opt/airflow/dags/groups/group_downloads.py took 0.027 seconds
[2024-07-06T21:27:41.138+0000] {processor.py:154} INFO - Started process (PID=2334) to work on /opt/airflow/dags/groups/group_downloads.py
[2024-07-06T21:27:41.138+0000] {processor.py:756} INFO - Processing file /opt/airflow/dags/groups/group_downloads.py for tasks to queue
[2024-07-06T21:27:41.141+0000] {logging_mixin.py:120} INFO - [2024-07-06T21:27:41.140+0000] {dagbag.py:537} INFO - Filling up the DagBag from /opt/airflow/dags/groups/group_downloads.py
[2024-07-06T21:27:41.146+0000] {processor.py:768} WARNING - No viable dags retrieved from /opt/airflow/dags/groups/group_downloads.py
[2024-07-06T21:27:41.160+0000] {processor.py:176} INFO - Processing /opt/airflow/dags/groups/group_downloads.py took 0.026 seconds
[2024-07-06T21:28:11.345+0000] {processor.py:154} INFO - Started process (PID=2363) to work on /opt/airflow/dags/groups/group_downloads.py
[2024-07-06T21:28:11.346+0000] {processor.py:756} INFO - Processing file /opt/airflow/dags/groups/group_downloads.py for tasks to queue
[2024-07-06T21:28:11.347+0000] {logging_mixin.py:120} INFO - [2024-07-06T21:28:11.347+0000] {dagbag.py:537} INFO - Filling up the DagBag from /opt/airflow/dags/groups/group_downloads.py
[2024-07-06T21:28:11.352+0000] {processor.py:768} WARNING - No viable dags retrieved from /opt/airflow/dags/groups/group_downloads.py
[2024-07-06T21:28:11.365+0000] {processor.py:176} INFO - Processing /opt/airflow/dags/groups/group_downloads.py took 0.023 seconds
[2024-07-06T21:28:42.078+0000] {processor.py:154} INFO - Started process (PID=2403) to work on /opt/airflow/dags/groups/group_downloads.py
[2024-07-06T21:28:42.078+0000] {processor.py:756} INFO - Processing file /opt/airflow/dags/groups/group_downloads.py for tasks to queue
[2024-07-06T21:28:42.079+0000] {logging_mixin.py:120} INFO - [2024-07-06T21:28:42.079+0000] {dagbag.py:537} INFO - Filling up the DagBag from /opt/airflow/dags/groups/group_downloads.py
[2024-07-06T21:28:42.085+0000] {processor.py:768} WARNING - No viable dags retrieved from /opt/airflow/dags/groups/group_downloads.py
[2024-07-06T21:28:42.097+0000] {processor.py:176} INFO - Processing /opt/airflow/dags/groups/group_downloads.py took 0.022 seconds
[2024-07-06T21:29:12.764+0000] {processor.py:154} INFO - Started process (PID=2441) to work on /opt/airflow/dags/groups/group_downloads.py
[2024-07-06T21:29:12.765+0000] {processor.py:756} INFO - Processing file /opt/airflow/dags/groups/group_downloads.py for tasks to queue
[2024-07-06T21:29:12.766+0000] {logging_mixin.py:120} INFO - [2024-07-06T21:29:12.766+0000] {dagbag.py:537} INFO - Filling up the DagBag from /opt/airflow/dags/groups/group_downloads.py
[2024-07-06T21:29:12.777+0000] {processor.py:768} WARNING - No viable dags retrieved from /opt/airflow/dags/groups/group_downloads.py
[2024-07-06T21:29:12.791+0000] {processor.py:176} INFO - Processing /opt/airflow/dags/groups/group_downloads.py took 0.030 seconds
