[2024-07-15T00:00:19.894+0000] {processor.py:154} INFO - Started process (PID=23208) to work on /opt/airflow/dags/groups/group_transforms.py
[2024-07-15T00:00:19.895+0000] {processor.py:756} INFO - Processing file /opt/airflow/dags/groups/group_transforms.py for tasks to queue
[2024-07-15T00:00:19.896+0000] {logging_mixin.py:120} INFO - [2024-07-15T00:00:19.896+0000] {dagbag.py:537} INFO - Filling up the DagBag from /opt/airflow/dags/groups/group_transforms.py
[2024-07-15T00:00:19.903+0000] {processor.py:768} WARNING - No viable dags retrieved from /opt/airflow/dags/groups/group_transforms.py
[2024-07-15T00:00:19.916+0000] {processor.py:176} INFO - Processing /opt/airflow/dags/groups/group_transforms.py took 0.025 seconds
[2024-07-15T00:00:50.526+0000] {processor.py:154} INFO - Started process (PID=23246) to work on /opt/airflow/dags/groups/group_transforms.py
[2024-07-15T00:00:50.528+0000] {processor.py:756} INFO - Processing file /opt/airflow/dags/groups/group_transforms.py for tasks to queue
[2024-07-15T00:00:50.528+0000] {logging_mixin.py:120} INFO - [2024-07-15T00:00:50.528+0000] {dagbag.py:537} INFO - Filling up the DagBag from /opt/airflow/dags/groups/group_transforms.py
[2024-07-15T00:00:50.534+0000] {processor.py:768} WARNING - No viable dags retrieved from /opt/airflow/dags/groups/group_transforms.py
[2024-07-15T00:00:50.546+0000] {processor.py:176} INFO - Processing /opt/airflow/dags/groups/group_transforms.py took 0.023 seconds
[2024-07-15T00:01:21.191+0000] {processor.py:154} INFO - Started process (PID=23284) to work on /opt/airflow/dags/groups/group_transforms.py
[2024-07-15T00:01:21.192+0000] {processor.py:756} INFO - Processing file /opt/airflow/dags/groups/group_transforms.py for tasks to queue
[2024-07-15T00:01:21.192+0000] {logging_mixin.py:120} INFO - [2024-07-15T00:01:21.192+0000] {dagbag.py:537} INFO - Filling up the DagBag from /opt/airflow/dags/groups/group_transforms.py
[2024-07-15T00:01:21.198+0000] {processor.py:768} WARNING - No viable dags retrieved from /opt/airflow/dags/groups/group_transforms.py
[2024-07-15T00:01:21.213+0000] {processor.py:176} INFO - Processing /opt/airflow/dags/groups/group_transforms.py took 0.025 seconds
[2024-07-15T00:01:51.791+0000] {processor.py:154} INFO - Started process (PID=23322) to work on /opt/airflow/dags/groups/group_transforms.py
[2024-07-15T00:01:51.792+0000] {processor.py:756} INFO - Processing file /opt/airflow/dags/groups/group_transforms.py for tasks to queue
[2024-07-15T00:01:51.793+0000] {logging_mixin.py:120} INFO - [2024-07-15T00:01:51.793+0000] {dagbag.py:537} INFO - Filling up the DagBag from /opt/airflow/dags/groups/group_transforms.py
[2024-07-15T00:01:51.799+0000] {processor.py:768} WARNING - No viable dags retrieved from /opt/airflow/dags/groups/group_transforms.py
[2024-07-15T00:01:51.812+0000] {processor.py:176} INFO - Processing /opt/airflow/dags/groups/group_transforms.py took 0.024 seconds
[2024-07-15T00:02:22.382+0000] {processor.py:154} INFO - Started process (PID=23351) to work on /opt/airflow/dags/groups/group_transforms.py
[2024-07-15T00:02:22.382+0000] {processor.py:756} INFO - Processing file /opt/airflow/dags/groups/group_transforms.py for tasks to queue
[2024-07-15T00:02:22.383+0000] {logging_mixin.py:120} INFO - [2024-07-15T00:02:22.383+0000] {dagbag.py:537} INFO - Filling up the DagBag from /opt/airflow/dags/groups/group_transforms.py
[2024-07-15T00:02:22.389+0000] {processor.py:768} WARNING - No viable dags retrieved from /opt/airflow/dags/groups/group_transforms.py
[2024-07-15T00:02:22.401+0000] {processor.py:176} INFO - Processing /opt/airflow/dags/groups/group_transforms.py took 0.022 seconds
[2024-07-15T00:02:52.992+0000] {processor.py:154} INFO - Started process (PID=23389) to work on /opt/airflow/dags/groups/group_transforms.py
[2024-07-15T00:02:52.993+0000] {processor.py:756} INFO - Processing file /opt/airflow/dags/groups/group_transforms.py for tasks to queue
[2024-07-15T00:02:52.993+0000] {logging_mixin.py:120} INFO - [2024-07-15T00:02:52.993+0000] {dagbag.py:537} INFO - Filling up the DagBag from /opt/airflow/dags/groups/group_transforms.py
[2024-07-15T00:02:52.998+0000] {processor.py:768} WARNING - No viable dags retrieved from /opt/airflow/dags/groups/group_transforms.py
[2024-07-15T00:02:53.010+0000] {processor.py:176} INFO - Processing /opt/airflow/dags/groups/group_transforms.py took 0.022 seconds
[2024-07-15T00:03:23.514+0000] {processor.py:154} INFO - Started process (PID=23426) to work on /opt/airflow/dags/groups/group_transforms.py
[2024-07-15T00:03:23.515+0000] {processor.py:756} INFO - Processing file /opt/airflow/dags/groups/group_transforms.py for tasks to queue
[2024-07-15T00:03:23.516+0000] {logging_mixin.py:120} INFO - [2024-07-15T00:03:23.516+0000] {dagbag.py:537} INFO - Filling up the DagBag from /opt/airflow/dags/groups/group_transforms.py
[2024-07-15T00:03:23.521+0000] {processor.py:768} WARNING - No viable dags retrieved from /opt/airflow/dags/groups/group_transforms.py
[2024-07-15T00:03:23.533+0000] {processor.py:176} INFO - Processing /opt/airflow/dags/groups/group_transforms.py took 0.022 seconds
[2024-07-15T00:03:54.104+0000] {processor.py:154} INFO - Started process (PID=23464) to work on /opt/airflow/dags/groups/group_transforms.py
[2024-07-15T00:03:54.106+0000] {processor.py:756} INFO - Processing file /opt/airflow/dags/groups/group_transforms.py for tasks to queue
[2024-07-15T00:03:54.106+0000] {logging_mixin.py:120} INFO - [2024-07-15T00:03:54.106+0000] {dagbag.py:537} INFO - Filling up the DagBag from /opt/airflow/dags/groups/group_transforms.py
[2024-07-15T00:03:54.112+0000] {processor.py:768} WARNING - No viable dags retrieved from /opt/airflow/dags/groups/group_transforms.py
[2024-07-15T00:03:54.124+0000] {processor.py:176} INFO - Processing /opt/airflow/dags/groups/group_transforms.py took 0.023 seconds
[2024-07-15T00:04:24.632+0000] {processor.py:154} INFO - Started process (PID=23502) to work on /opt/airflow/dags/groups/group_transforms.py
[2024-07-15T00:04:24.633+0000] {processor.py:756} INFO - Processing file /opt/airflow/dags/groups/group_transforms.py for tasks to queue
[2024-07-15T00:04:24.634+0000] {logging_mixin.py:120} INFO - [2024-07-15T00:04:24.634+0000] {dagbag.py:537} INFO - Filling up the DagBag from /opt/airflow/dags/groups/group_transforms.py
[2024-07-15T00:04:24.640+0000] {processor.py:768} WARNING - No viable dags retrieved from /opt/airflow/dags/groups/group_transforms.py
[2024-07-15T00:04:24.652+0000] {processor.py:176} INFO - Processing /opt/airflow/dags/groups/group_transforms.py took 0.023 seconds
[2024-07-15T00:04:55.129+0000] {processor.py:154} INFO - Started process (PID=23531) to work on /opt/airflow/dags/groups/group_transforms.py
[2024-07-15T00:04:55.130+0000] {processor.py:756} INFO - Processing file /opt/airflow/dags/groups/group_transforms.py for tasks to queue
[2024-07-15T00:04:55.131+0000] {logging_mixin.py:120} INFO - [2024-07-15T00:04:55.130+0000] {dagbag.py:537} INFO - Filling up the DagBag from /opt/airflow/dags/groups/group_transforms.py
[2024-07-15T00:04:55.136+0000] {processor.py:768} WARNING - No viable dags retrieved from /opt/airflow/dags/groups/group_transforms.py
[2024-07-15T00:04:55.149+0000] {processor.py:176} INFO - Processing /opt/airflow/dags/groups/group_transforms.py took 0.023 seconds
[2024-07-15T00:05:25.651+0000] {processor.py:154} INFO - Started process (PID=23569) to work on /opt/airflow/dags/groups/group_transforms.py
[2024-07-15T00:05:25.652+0000] {processor.py:756} INFO - Processing file /opt/airflow/dags/groups/group_transforms.py for tasks to queue
[2024-07-15T00:05:25.653+0000] {logging_mixin.py:120} INFO - [2024-07-15T00:05:25.653+0000] {dagbag.py:537} INFO - Filling up the DagBag from /opt/airflow/dags/groups/group_transforms.py
[2024-07-15T00:05:25.659+0000] {processor.py:768} WARNING - No viable dags retrieved from /opt/airflow/dags/groups/group_transforms.py
[2024-07-15T00:05:25.670+0000] {processor.py:176} INFO - Processing /opt/airflow/dags/groups/group_transforms.py took 0.022 seconds
[2024-07-15T00:05:56.275+0000] {processor.py:154} INFO - Started process (PID=23608) to work on /opt/airflow/dags/groups/group_transforms.py
[2024-07-15T00:05:56.276+0000] {processor.py:756} INFO - Processing file /opt/airflow/dags/groups/group_transforms.py for tasks to queue
[2024-07-15T00:05:56.277+0000] {logging_mixin.py:120} INFO - [2024-07-15T00:05:56.277+0000] {dagbag.py:537} INFO - Filling up the DagBag from /opt/airflow/dags/groups/group_transforms.py
[2024-07-15T00:05:56.282+0000] {processor.py:768} WARNING - No viable dags retrieved from /opt/airflow/dags/groups/group_transforms.py
[2024-07-15T00:05:56.294+0000] {processor.py:176} INFO - Processing /opt/airflow/dags/groups/group_transforms.py took 0.022 seconds
[2024-07-15T00:06:26.664+0000] {processor.py:154} INFO - Started process (PID=23646) to work on /opt/airflow/dags/groups/group_transforms.py
[2024-07-15T00:06:26.665+0000] {processor.py:756} INFO - Processing file /opt/airflow/dags/groups/group_transforms.py for tasks to queue
[2024-07-15T00:06:26.666+0000] {logging_mixin.py:120} INFO - [2024-07-15T00:06:26.666+0000] {dagbag.py:537} INFO - Filling up the DagBag from /opt/airflow/dags/groups/group_transforms.py
[2024-07-15T00:06:26.672+0000] {processor.py:768} WARNING - No viable dags retrieved from /opt/airflow/dags/groups/group_transforms.py
[2024-07-15T00:06:26.683+0000] {processor.py:176} INFO - Processing /opt/airflow/dags/groups/group_transforms.py took 0.022 seconds
[2024-07-15T00:06:57.284+0000] {processor.py:154} INFO - Started process (PID=23675) to work on /opt/airflow/dags/groups/group_transforms.py
[2024-07-15T00:06:57.285+0000] {processor.py:756} INFO - Processing file /opt/airflow/dags/groups/group_transforms.py for tasks to queue
[2024-07-15T00:06:57.286+0000] {logging_mixin.py:120} INFO - [2024-07-15T00:06:57.286+0000] {dagbag.py:537} INFO - Filling up the DagBag from /opt/airflow/dags/groups/group_transforms.py
[2024-07-15T00:06:57.291+0000] {processor.py:768} WARNING - No viable dags retrieved from /opt/airflow/dags/groups/group_transforms.py
[2024-07-15T00:06:57.302+0000] {processor.py:176} INFO - Processing /opt/airflow/dags/groups/group_transforms.py took 0.022 seconds
[2024-07-15T00:07:27.783+0000] {processor.py:154} INFO - Started process (PID=23712) to work on /opt/airflow/dags/groups/group_transforms.py
[2024-07-15T00:07:27.784+0000] {processor.py:756} INFO - Processing file /opt/airflow/dags/groups/group_transforms.py for tasks to queue
[2024-07-15T00:07:27.785+0000] {logging_mixin.py:120} INFO - [2024-07-15T00:07:27.785+0000] {dagbag.py:537} INFO - Filling up the DagBag from /opt/airflow/dags/groups/group_transforms.py
[2024-07-15T00:07:27.790+0000] {processor.py:768} WARNING - No viable dags retrieved from /opt/airflow/dags/groups/group_transforms.py
[2024-07-15T00:07:27.802+0000] {processor.py:176} INFO - Processing /opt/airflow/dags/groups/group_transforms.py took 0.022 seconds
[2024-07-15T00:07:58.393+0000] {processor.py:154} INFO - Started process (PID=23749) to work on /opt/airflow/dags/groups/group_transforms.py
[2024-07-15T00:07:58.395+0000] {processor.py:756} INFO - Processing file /opt/airflow/dags/groups/group_transforms.py for tasks to queue
[2024-07-15T00:07:58.395+0000] {logging_mixin.py:120} INFO - [2024-07-15T00:07:58.395+0000] {dagbag.py:537} INFO - Filling up the DagBag from /opt/airflow/dags/groups/group_transforms.py
[2024-07-15T00:07:58.401+0000] {processor.py:768} WARNING - No viable dags retrieved from /opt/airflow/dags/groups/group_transforms.py
[2024-07-15T00:07:58.426+0000] {processor.py:176} INFO - Processing /opt/airflow/dags/groups/group_transforms.py took 0.035 seconds
[2024-07-15T00:08:29.018+0000] {processor.py:154} INFO - Started process (PID=23786) to work on /opt/airflow/dags/groups/group_transforms.py
[2024-07-15T00:08:29.019+0000] {processor.py:756} INFO - Processing file /opt/airflow/dags/groups/group_transforms.py for tasks to queue
[2024-07-15T00:08:29.020+0000] {logging_mixin.py:120} INFO - [2024-07-15T00:08:29.020+0000] {dagbag.py:537} INFO - Filling up the DagBag from /opt/airflow/dags/groups/group_transforms.py
[2024-07-15T00:08:29.025+0000] {processor.py:768} WARNING - No viable dags retrieved from /opt/airflow/dags/groups/group_transforms.py
[2024-07-15T00:08:29.037+0000] {processor.py:176} INFO - Processing /opt/airflow/dags/groups/group_transforms.py took 0.022 seconds
[2024-07-15T00:08:59.620+0000] {processor.py:154} INFO - Started process (PID=23823) to work on /opt/airflow/dags/groups/group_transforms.py
[2024-07-15T00:08:59.622+0000] {processor.py:756} INFO - Processing file /opt/airflow/dags/groups/group_transforms.py for tasks to queue
[2024-07-15T00:08:59.623+0000] {logging_mixin.py:120} INFO - [2024-07-15T00:08:59.623+0000] {dagbag.py:537} INFO - Filling up the DagBag from /opt/airflow/dags/groups/group_transforms.py
[2024-07-15T00:08:59.628+0000] {processor.py:768} WARNING - No viable dags retrieved from /opt/airflow/dags/groups/group_transforms.py
[2024-07-15T00:08:59.640+0000] {processor.py:176} INFO - Processing /opt/airflow/dags/groups/group_transforms.py took 0.022 seconds
[2024-07-15T00:09:30.221+0000] {processor.py:154} INFO - Started process (PID=23852) to work on /opt/airflow/dags/groups/group_transforms.py
[2024-07-15T00:09:30.222+0000] {processor.py:756} INFO - Processing file /opt/airflow/dags/groups/group_transforms.py for tasks to queue
[2024-07-15T00:09:30.223+0000] {logging_mixin.py:120} INFO - [2024-07-15T00:09:30.223+0000] {dagbag.py:537} INFO - Filling up the DagBag from /opt/airflow/dags/groups/group_transforms.py
[2024-07-15T00:09:30.229+0000] {processor.py:768} WARNING - No viable dags retrieved from /opt/airflow/dags/groups/group_transforms.py
[2024-07-15T00:09:30.241+0000] {processor.py:176} INFO - Processing /opt/airflow/dags/groups/group_transforms.py took 0.023 seconds
[2024-07-15T00:10:00.855+0000] {processor.py:154} INFO - Started process (PID=23890) to work on /opt/airflow/dags/groups/group_transforms.py
[2024-07-15T00:10:00.857+0000] {processor.py:756} INFO - Processing file /opt/airflow/dags/groups/group_transforms.py for tasks to queue
[2024-07-15T00:10:00.858+0000] {logging_mixin.py:120} INFO - [2024-07-15T00:10:00.858+0000] {dagbag.py:537} INFO - Filling up the DagBag from /opt/airflow/dags/groups/group_transforms.py
[2024-07-15T00:10:00.863+0000] {processor.py:768} WARNING - No viable dags retrieved from /opt/airflow/dags/groups/group_transforms.py
[2024-07-15T00:10:00.875+0000] {processor.py:176} INFO - Processing /opt/airflow/dags/groups/group_transforms.py took 0.023 seconds
[2024-07-15T00:10:31.364+0000] {processor.py:154} INFO - Started process (PID=23927) to work on /opt/airflow/dags/groups/group_transforms.py
[2024-07-15T00:10:31.365+0000] {processor.py:756} INFO - Processing file /opt/airflow/dags/groups/group_transforms.py for tasks to queue
[2024-07-15T00:10:31.366+0000] {logging_mixin.py:120} INFO - [2024-07-15T00:10:31.365+0000] {dagbag.py:537} INFO - Filling up the DagBag from /opt/airflow/dags/groups/group_transforms.py
[2024-07-15T00:10:31.371+0000] {processor.py:768} WARNING - No viable dags retrieved from /opt/airflow/dags/groups/group_transforms.py
[2024-07-15T00:10:31.384+0000] {processor.py:176} INFO - Processing /opt/airflow/dags/groups/group_transforms.py took 0.024 seconds
[2024-07-15T00:11:02.002+0000] {processor.py:154} INFO - Started process (PID=23965) to work on /opt/airflow/dags/groups/group_transforms.py
[2024-07-15T00:11:02.003+0000] {processor.py:756} INFO - Processing file /opt/airflow/dags/groups/group_transforms.py for tasks to queue
[2024-07-15T00:11:02.003+0000] {logging_mixin.py:120} INFO - [2024-07-15T00:11:02.003+0000] {dagbag.py:537} INFO - Filling up the DagBag from /opt/airflow/dags/groups/group_transforms.py
[2024-07-15T00:11:02.009+0000] {processor.py:768} WARNING - No viable dags retrieved from /opt/airflow/dags/groups/group_transforms.py
[2024-07-15T00:11:02.022+0000] {processor.py:176} INFO - Processing /opt/airflow/dags/groups/group_transforms.py took 0.023 seconds
[2024-07-15T00:11:32.601+0000] {processor.py:154} INFO - Started process (PID=24003) to work on /opt/airflow/dags/groups/group_transforms.py
[2024-07-15T00:11:32.602+0000] {processor.py:756} INFO - Processing file /opt/airflow/dags/groups/group_transforms.py for tasks to queue
[2024-07-15T00:11:32.602+0000] {logging_mixin.py:120} INFO - [2024-07-15T00:11:32.602+0000] {dagbag.py:537} INFO - Filling up the DagBag from /opt/airflow/dags/groups/group_transforms.py
[2024-07-15T00:11:32.608+0000] {processor.py:768} WARNING - No viable dags retrieved from /opt/airflow/dags/groups/group_transforms.py
[2024-07-15T00:11:32.622+0000] {processor.py:176} INFO - Processing /opt/airflow/dags/groups/group_transforms.py took 0.024 seconds
[2024-07-15T00:12:03.223+0000] {processor.py:154} INFO - Started process (PID=24032) to work on /opt/airflow/dags/groups/group_transforms.py
[2024-07-15T00:12:03.224+0000] {processor.py:756} INFO - Processing file /opt/airflow/dags/groups/group_transforms.py for tasks to queue
[2024-07-15T00:12:03.225+0000] {logging_mixin.py:120} INFO - [2024-07-15T00:12:03.225+0000] {dagbag.py:537} INFO - Filling up the DagBag from /opt/airflow/dags/groups/group_transforms.py
[2024-07-15T00:12:03.230+0000] {processor.py:768} WARNING - No viable dags retrieved from /opt/airflow/dags/groups/group_transforms.py
[2024-07-15T00:12:03.242+0000] {processor.py:176} INFO - Processing /opt/airflow/dags/groups/group_transforms.py took 0.022 seconds
[2024-07-15T00:12:33.832+0000] {processor.py:154} INFO - Started process (PID=24070) to work on /opt/airflow/dags/groups/group_transforms.py
[2024-07-15T00:12:33.833+0000] {processor.py:756} INFO - Processing file /opt/airflow/dags/groups/group_transforms.py for tasks to queue
[2024-07-15T00:12:33.834+0000] {logging_mixin.py:120} INFO - [2024-07-15T00:12:33.834+0000] {dagbag.py:537} INFO - Filling up the DagBag from /opt/airflow/dags/groups/group_transforms.py
[2024-07-15T00:12:33.840+0000] {processor.py:768} WARNING - No viable dags retrieved from /opt/airflow/dags/groups/group_transforms.py
[2024-07-15T00:12:33.851+0000] {processor.py:176} INFO - Processing /opt/airflow/dags/groups/group_transforms.py took 0.022 seconds
[2024-07-15T00:13:04.344+0000] {processor.py:154} INFO - Started process (PID=24108) to work on /opt/airflow/dags/groups/group_transforms.py
[2024-07-15T00:13:04.345+0000] {processor.py:756} INFO - Processing file /opt/airflow/dags/groups/group_transforms.py for tasks to queue
[2024-07-15T00:13:04.346+0000] {logging_mixin.py:120} INFO - [2024-07-15T00:13:04.346+0000] {dagbag.py:537} INFO - Filling up the DagBag from /opt/airflow/dags/groups/group_transforms.py
[2024-07-15T00:13:04.351+0000] {processor.py:768} WARNING - No viable dags retrieved from /opt/airflow/dags/groups/group_transforms.py
[2024-07-15T00:13:04.363+0000] {processor.py:176} INFO - Processing /opt/airflow/dags/groups/group_transforms.py took 0.022 seconds
[2024-07-15T00:13:34.951+0000] {processor.py:154} INFO - Started process (PID=24146) to work on /opt/airflow/dags/groups/group_transforms.py
[2024-07-15T00:13:34.952+0000] {processor.py:756} INFO - Processing file /opt/airflow/dags/groups/group_transforms.py for tasks to queue
[2024-07-15T00:13:34.953+0000] {logging_mixin.py:120} INFO - [2024-07-15T00:13:34.953+0000] {dagbag.py:537} INFO - Filling up the DagBag from /opt/airflow/dags/groups/group_transforms.py
[2024-07-15T00:13:34.959+0000] {processor.py:768} WARNING - No viable dags retrieved from /opt/airflow/dags/groups/group_transforms.py
[2024-07-15T00:13:34.970+0000] {processor.py:176} INFO - Processing /opt/airflow/dags/groups/group_transforms.py took 0.022 seconds
[2024-07-15T00:14:05.564+0000] {processor.py:154} INFO - Started process (PID=24174) to work on /opt/airflow/dags/groups/group_transforms.py
[2024-07-15T00:14:05.565+0000] {processor.py:756} INFO - Processing file /opt/airflow/dags/groups/group_transforms.py for tasks to queue
[2024-07-15T00:14:05.566+0000] {logging_mixin.py:120} INFO - [2024-07-15T00:14:05.566+0000] {dagbag.py:537} INFO - Filling up the DagBag from /opt/airflow/dags/groups/group_transforms.py
[2024-07-15T00:14:05.572+0000] {processor.py:768} WARNING - No viable dags retrieved from /opt/airflow/dags/groups/group_transforms.py
[2024-07-15T00:14:05.583+0000] {processor.py:176} INFO - Processing /opt/airflow/dags/groups/group_transforms.py took 0.022 seconds
[2024-07-15T00:14:36.170+0000] {processor.py:154} INFO - Started process (PID=24210) to work on /opt/airflow/dags/groups/group_transforms.py
[2024-07-15T00:14:36.171+0000] {processor.py:756} INFO - Processing file /opt/airflow/dags/groups/group_transforms.py for tasks to queue
[2024-07-15T00:14:36.172+0000] {logging_mixin.py:120} INFO - [2024-07-15T00:14:36.172+0000] {dagbag.py:537} INFO - Filling up the DagBag from /opt/airflow/dags/groups/group_transforms.py
[2024-07-15T00:14:36.177+0000] {processor.py:768} WARNING - No viable dags retrieved from /opt/airflow/dags/groups/group_transforms.py
[2024-07-15T00:14:36.189+0000] {processor.py:176} INFO - Processing /opt/airflow/dags/groups/group_transforms.py took 0.023 seconds
[2024-07-15T00:15:06.773+0000] {processor.py:154} INFO - Started process (PID=24247) to work on /opt/airflow/dags/groups/group_transforms.py
[2024-07-15T00:15:06.774+0000] {processor.py:756} INFO - Processing file /opt/airflow/dags/groups/group_transforms.py for tasks to queue
[2024-07-15T00:15:06.775+0000] {logging_mixin.py:120} INFO - [2024-07-15T00:15:06.775+0000] {dagbag.py:537} INFO - Filling up the DagBag from /opt/airflow/dags/groups/group_transforms.py
[2024-07-15T00:15:06.783+0000] {processor.py:768} WARNING - No viable dags retrieved from /opt/airflow/dags/groups/group_transforms.py
[2024-07-15T00:15:06.795+0000] {processor.py:176} INFO - Processing /opt/airflow/dags/groups/group_transforms.py took 0.026 seconds
[2024-07-15T00:15:37.384+0000] {processor.py:154} INFO - Started process (PID=24285) to work on /opt/airflow/dags/groups/group_transforms.py
[2024-07-15T00:15:37.385+0000] {processor.py:756} INFO - Processing file /opt/airflow/dags/groups/group_transforms.py for tasks to queue
[2024-07-15T00:15:37.386+0000] {logging_mixin.py:120} INFO - [2024-07-15T00:15:37.385+0000] {dagbag.py:537} INFO - Filling up the DagBag from /opt/airflow/dags/groups/group_transforms.py
[2024-07-15T00:15:37.391+0000] {processor.py:768} WARNING - No viable dags retrieved from /opt/airflow/dags/groups/group_transforms.py
[2024-07-15T00:15:37.403+0000] {processor.py:176} INFO - Processing /opt/airflow/dags/groups/group_transforms.py took 0.023 seconds
[2024-07-15T00:16:07.987+0000] {processor.py:154} INFO - Started process (PID=24322) to work on /opt/airflow/dags/groups/group_transforms.py
[2024-07-15T00:16:07.988+0000] {processor.py:756} INFO - Processing file /opt/airflow/dags/groups/group_transforms.py for tasks to queue
[2024-07-15T00:16:07.989+0000] {logging_mixin.py:120} INFO - [2024-07-15T00:16:07.989+0000] {dagbag.py:537} INFO - Filling up the DagBag from /opt/airflow/dags/groups/group_transforms.py
[2024-07-15T00:16:07.996+0000] {processor.py:768} WARNING - No viable dags retrieved from /opt/airflow/dags/groups/group_transforms.py
[2024-07-15T00:16:08.008+0000] {processor.py:176} INFO - Processing /opt/airflow/dags/groups/group_transforms.py took 0.024 seconds
[2024-07-15T00:16:38.614+0000] {processor.py:154} INFO - Started process (PID=24350) to work on /opt/airflow/dags/groups/group_transforms.py
[2024-07-15T00:16:38.615+0000] {processor.py:756} INFO - Processing file /opt/airflow/dags/groups/group_transforms.py for tasks to queue
[2024-07-15T00:16:38.616+0000] {logging_mixin.py:120} INFO - [2024-07-15T00:16:38.616+0000] {dagbag.py:537} INFO - Filling up the DagBag from /opt/airflow/dags/groups/group_transforms.py
[2024-07-15T00:16:38.622+0000] {processor.py:768} WARNING - No viable dags retrieved from /opt/airflow/dags/groups/group_transforms.py
[2024-07-15T00:16:38.634+0000] {processor.py:176} INFO - Processing /opt/airflow/dags/groups/group_transforms.py took 0.023 seconds
[2024-07-15T00:17:09.236+0000] {processor.py:154} INFO - Started process (PID=24388) to work on /opt/airflow/dags/groups/group_transforms.py
[2024-07-15T00:17:09.237+0000] {processor.py:756} INFO - Processing file /opt/airflow/dags/groups/group_transforms.py for tasks to queue
[2024-07-15T00:17:09.238+0000] {logging_mixin.py:120} INFO - [2024-07-15T00:17:09.238+0000] {dagbag.py:537} INFO - Filling up the DagBag from /opt/airflow/dags/groups/group_transforms.py
[2024-07-15T00:17:09.244+0000] {processor.py:768} WARNING - No viable dags retrieved from /opt/airflow/dags/groups/group_transforms.py
[2024-07-15T00:17:09.256+0000] {processor.py:176} INFO - Processing /opt/airflow/dags/groups/group_transforms.py took 0.022 seconds
[2024-07-15T00:17:39.752+0000] {processor.py:154} INFO - Started process (PID=24426) to work on /opt/airflow/dags/groups/group_transforms.py
[2024-07-15T00:17:39.754+0000] {processor.py:756} INFO - Processing file /opt/airflow/dags/groups/group_transforms.py for tasks to queue
[2024-07-15T00:17:39.754+0000] {logging_mixin.py:120} INFO - [2024-07-15T00:17:39.754+0000] {dagbag.py:537} INFO - Filling up the DagBag from /opt/airflow/dags/groups/group_transforms.py
[2024-07-15T00:17:39.760+0000] {processor.py:768} WARNING - No viable dags retrieved from /opt/airflow/dags/groups/group_transforms.py
[2024-07-15T00:17:39.772+0000] {processor.py:176} INFO - Processing /opt/airflow/dags/groups/group_transforms.py took 0.023 seconds
[2024-07-15T00:18:10.271+0000] {processor.py:154} INFO - Started process (PID=24464) to work on /opt/airflow/dags/groups/group_transforms.py
[2024-07-15T00:18:10.272+0000] {processor.py:756} INFO - Processing file /opt/airflow/dags/groups/group_transforms.py for tasks to queue
[2024-07-15T00:18:10.273+0000] {logging_mixin.py:120} INFO - [2024-07-15T00:18:10.273+0000] {dagbag.py:537} INFO - Filling up the DagBag from /opt/airflow/dags/groups/group_transforms.py
[2024-07-15T00:18:10.280+0000] {processor.py:768} WARNING - No viable dags retrieved from /opt/airflow/dags/groups/group_transforms.py
[2024-07-15T00:18:10.291+0000] {processor.py:176} INFO - Processing /opt/airflow/dags/groups/group_transforms.py took 0.023 seconds
[2024-07-15T00:18:40.854+0000] {processor.py:154} INFO - Started process (PID=24493) to work on /opt/airflow/dags/groups/group_transforms.py
[2024-07-15T00:18:40.855+0000] {processor.py:756} INFO - Processing file /opt/airflow/dags/groups/group_transforms.py for tasks to queue
[2024-07-15T00:18:40.855+0000] {logging_mixin.py:120} INFO - [2024-07-15T00:18:40.855+0000] {dagbag.py:537} INFO - Filling up the DagBag from /opt/airflow/dags/groups/group_transforms.py
[2024-07-15T00:18:40.860+0000] {processor.py:768} WARNING - No viable dags retrieved from /opt/airflow/dags/groups/group_transforms.py
[2024-07-15T00:18:40.872+0000] {processor.py:176} INFO - Processing /opt/airflow/dags/groups/group_transforms.py took 0.022 seconds
[2024-07-15T00:19:11.512+0000] {processor.py:154} INFO - Started process (PID=24531) to work on /opt/airflow/dags/groups/group_transforms.py
[2024-07-15T00:19:11.513+0000] {processor.py:756} INFO - Processing file /opt/airflow/dags/groups/group_transforms.py for tasks to queue
[2024-07-15T00:19:11.514+0000] {logging_mixin.py:120} INFO - [2024-07-15T00:19:11.514+0000] {dagbag.py:537} INFO - Filling up the DagBag from /opt/airflow/dags/groups/group_transforms.py
[2024-07-15T00:19:11.519+0000] {processor.py:768} WARNING - No viable dags retrieved from /opt/airflow/dags/groups/group_transforms.py
[2024-07-15T00:19:11.531+0000] {processor.py:176} INFO - Processing /opt/airflow/dags/groups/group_transforms.py took 0.022 seconds
[2024-07-15T00:19:42.009+0000] {processor.py:154} INFO - Started process (PID=24570) to work on /opt/airflow/dags/groups/group_transforms.py
[2024-07-15T00:19:42.009+0000] {processor.py:756} INFO - Processing file /opt/airflow/dags/groups/group_transforms.py for tasks to queue
[2024-07-15T00:19:42.010+0000] {logging_mixin.py:120} INFO - [2024-07-15T00:19:42.010+0000] {dagbag.py:537} INFO - Filling up the DagBag from /opt/airflow/dags/groups/group_transforms.py
[2024-07-15T00:19:42.016+0000] {processor.py:768} WARNING - No viable dags retrieved from /opt/airflow/dags/groups/group_transforms.py
[2024-07-15T00:19:42.028+0000] {processor.py:176} INFO - Processing /opt/airflow/dags/groups/group_transforms.py took 0.022 seconds
[2024-07-15T00:20:12.653+0000] {processor.py:154} INFO - Started process (PID=24608) to work on /opt/airflow/dags/groups/group_transforms.py
[2024-07-15T00:20:12.654+0000] {processor.py:756} INFO - Processing file /opt/airflow/dags/groups/group_transforms.py for tasks to queue
[2024-07-15T00:20:12.655+0000] {logging_mixin.py:120} INFO - [2024-07-15T00:20:12.655+0000] {dagbag.py:537} INFO - Filling up the DagBag from /opt/airflow/dags/groups/group_transforms.py
[2024-07-15T00:20:12.660+0000] {processor.py:768} WARNING - No viable dags retrieved from /opt/airflow/dags/groups/group_transforms.py
[2024-07-15T00:20:12.673+0000] {processor.py:176} INFO - Processing /opt/airflow/dags/groups/group_transforms.py took 0.023 seconds
[2024-07-15T00:20:43.266+0000] {processor.py:154} INFO - Started process (PID=24637) to work on /opt/airflow/dags/groups/group_transforms.py
[2024-07-15T00:20:43.267+0000] {processor.py:756} INFO - Processing file /opt/airflow/dags/groups/group_transforms.py for tasks to queue
[2024-07-15T00:20:43.268+0000] {logging_mixin.py:120} INFO - [2024-07-15T00:20:43.268+0000] {dagbag.py:537} INFO - Filling up the DagBag from /opt/airflow/dags/groups/group_transforms.py
[2024-07-15T00:20:43.274+0000] {processor.py:768} WARNING - No viable dags retrieved from /opt/airflow/dags/groups/group_transforms.py
[2024-07-15T00:20:43.287+0000] {processor.py:176} INFO - Processing /opt/airflow/dags/groups/group_transforms.py took 0.024 seconds
[2024-07-15T00:21:14.072+0000] {processor.py:154} INFO - Started process (PID=24675) to work on /opt/airflow/dags/groups/group_transforms.py
[2024-07-15T00:21:14.073+0000] {processor.py:756} INFO - Processing file /opt/airflow/dags/groups/group_transforms.py for tasks to queue
[2024-07-15T00:21:14.074+0000] {logging_mixin.py:120} INFO - [2024-07-15T00:21:14.073+0000] {dagbag.py:537} INFO - Filling up the DagBag from /opt/airflow/dags/groups/group_transforms.py
[2024-07-15T00:21:14.079+0000] {processor.py:768} WARNING - No viable dags retrieved from /opt/airflow/dags/groups/group_transforms.py
[2024-07-15T00:21:14.092+0000] {processor.py:176} INFO - Processing /opt/airflow/dags/groups/group_transforms.py took 0.023 seconds
[2024-07-15T00:21:44.687+0000] {processor.py:154} INFO - Started process (PID=24712) to work on /opt/airflow/dags/groups/group_transforms.py
[2024-07-15T00:21:44.688+0000] {processor.py:756} INFO - Processing file /opt/airflow/dags/groups/group_transforms.py for tasks to queue
[2024-07-15T00:21:44.689+0000] {logging_mixin.py:120} INFO - [2024-07-15T00:21:44.689+0000] {dagbag.py:537} INFO - Filling up the DagBag from /opt/airflow/dags/groups/group_transforms.py
[2024-07-15T00:21:44.695+0000] {processor.py:768} WARNING - No viable dags retrieved from /opt/airflow/dags/groups/group_transforms.py
[2024-07-15T00:21:44.714+0000] {processor.py:176} INFO - Processing /opt/airflow/dags/groups/group_transforms.py took 0.030 seconds
[2024-07-15T00:22:15.186+0000] {processor.py:154} INFO - Started process (PID=24749) to work on /opt/airflow/dags/groups/group_transforms.py
[2024-07-15T00:22:15.187+0000] {processor.py:756} INFO - Processing file /opt/airflow/dags/groups/group_transforms.py for tasks to queue
[2024-07-15T00:22:15.188+0000] {logging_mixin.py:120} INFO - [2024-07-15T00:22:15.188+0000] {dagbag.py:537} INFO - Filling up the DagBag from /opt/airflow/dags/groups/group_transforms.py
[2024-07-15T00:22:15.193+0000] {processor.py:768} WARNING - No viable dags retrieved from /opt/airflow/dags/groups/group_transforms.py
[2024-07-15T00:22:15.205+0000] {processor.py:176} INFO - Processing /opt/airflow/dags/groups/group_transforms.py took 0.022 seconds
[2024-07-15T00:22:45.356+0000] {processor.py:154} INFO - Started process (PID=24787) to work on /opt/airflow/dags/groups/group_transforms.py
[2024-07-15T00:22:45.357+0000] {processor.py:756} INFO - Processing file /opt/airflow/dags/groups/group_transforms.py for tasks to queue
[2024-07-15T00:22:45.357+0000] {logging_mixin.py:120} INFO - [2024-07-15T00:22:45.357+0000] {dagbag.py:537} INFO - Filling up the DagBag from /opt/airflow/dags/groups/group_transforms.py
[2024-07-15T00:22:45.363+0000] {processor.py:768} WARNING - No viable dags retrieved from /opt/airflow/dags/groups/group_transforms.py
[2024-07-15T00:22:45.377+0000] {processor.py:176} INFO - Processing /opt/airflow/dags/groups/group_transforms.py took 0.025 seconds
[2024-07-15T00:23:15.975+0000] {processor.py:154} INFO - Started process (PID=24816) to work on /opt/airflow/dags/groups/group_transforms.py
[2024-07-15T00:23:15.976+0000] {processor.py:756} INFO - Processing file /opt/airflow/dags/groups/group_transforms.py for tasks to queue
[2024-07-15T00:23:15.977+0000] {logging_mixin.py:120} INFO - [2024-07-15T00:23:15.977+0000] {dagbag.py:537} INFO - Filling up the DagBag from /opt/airflow/dags/groups/group_transforms.py
[2024-07-15T00:23:15.983+0000] {processor.py:768} WARNING - No viable dags retrieved from /opt/airflow/dags/groups/group_transforms.py
[2024-07-15T00:23:15.996+0000] {processor.py:176} INFO - Processing /opt/airflow/dags/groups/group_transforms.py took 0.023 seconds
[2024-07-15T00:23:46.578+0000] {processor.py:154} INFO - Started process (PID=24854) to work on /opt/airflow/dags/groups/group_transforms.py
[2024-07-15T00:23:46.579+0000] {processor.py:756} INFO - Processing file /opt/airflow/dags/groups/group_transforms.py for tasks to queue
[2024-07-15T00:23:46.580+0000] {logging_mixin.py:120} INFO - [2024-07-15T00:23:46.580+0000] {dagbag.py:537} INFO - Filling up the DagBag from /opt/airflow/dags/groups/group_transforms.py
[2024-07-15T00:23:46.586+0000] {processor.py:768} WARNING - No viable dags retrieved from /opt/airflow/dags/groups/group_transforms.py
[2024-07-15T00:23:46.598+0000] {processor.py:176} INFO - Processing /opt/airflow/dags/groups/group_transforms.py took 0.023 seconds
[2024-07-15T00:24:17.189+0000] {processor.py:154} INFO - Started process (PID=24891) to work on /opt/airflow/dags/groups/group_transforms.py
[2024-07-15T00:24:17.190+0000] {processor.py:756} INFO - Processing file /opt/airflow/dags/groups/group_transforms.py for tasks to queue
[2024-07-15T00:24:17.190+0000] {logging_mixin.py:120} INFO - [2024-07-15T00:24:17.190+0000] {dagbag.py:537} INFO - Filling up the DagBag from /opt/airflow/dags/groups/group_transforms.py
[2024-07-15T00:24:17.196+0000] {processor.py:768} WARNING - No viable dags retrieved from /opt/airflow/dags/groups/group_transforms.py
[2024-07-15T00:24:17.210+0000] {processor.py:176} INFO - Processing /opt/airflow/dags/groups/group_transforms.py took 0.024 seconds
[2024-07-15T00:24:47.780+0000] {processor.py:154} INFO - Started process (PID=24929) to work on /opt/airflow/dags/groups/group_transforms.py
[2024-07-15T00:24:47.782+0000] {processor.py:756} INFO - Processing file /opt/airflow/dags/groups/group_transforms.py for tasks to queue
[2024-07-15T00:24:47.782+0000] {logging_mixin.py:120} INFO - [2024-07-15T00:24:47.782+0000] {dagbag.py:537} INFO - Filling up the DagBag from /opt/airflow/dags/groups/group_transforms.py
[2024-07-15T00:24:47.788+0000] {processor.py:768} WARNING - No viable dags retrieved from /opt/airflow/dags/groups/group_transforms.py
[2024-07-15T00:24:47.799+0000] {processor.py:176} INFO - Processing /opt/airflow/dags/groups/group_transforms.py took 0.022 seconds
[2024-07-15T00:25:18.297+0000] {processor.py:154} INFO - Started process (PID=24958) to work on /opt/airflow/dags/groups/group_transforms.py
[2024-07-15T00:25:18.299+0000] {processor.py:756} INFO - Processing file /opt/airflow/dags/groups/group_transforms.py for tasks to queue
[2024-07-15T00:25:18.299+0000] {logging_mixin.py:120} INFO - [2024-07-15T00:25:18.299+0000] {dagbag.py:537} INFO - Filling up the DagBag from /opt/airflow/dags/groups/group_transforms.py
[2024-07-15T00:25:18.305+0000] {processor.py:768} WARNING - No viable dags retrieved from /opt/airflow/dags/groups/group_transforms.py
[2024-07-15T00:25:18.317+0000] {processor.py:176} INFO - Processing /opt/airflow/dags/groups/group_transforms.py took 0.022 seconds
[2024-07-15T00:25:48.902+0000] {processor.py:154} INFO - Started process (PID=24996) to work on /opt/airflow/dags/groups/group_transforms.py
[2024-07-15T00:25:48.903+0000] {processor.py:756} INFO - Processing file /opt/airflow/dags/groups/group_transforms.py for tasks to queue
[2024-07-15T00:25:48.904+0000] {logging_mixin.py:120} INFO - [2024-07-15T00:25:48.904+0000] {dagbag.py:537} INFO - Filling up the DagBag from /opt/airflow/dags/groups/group_transforms.py
[2024-07-15T00:25:48.909+0000] {processor.py:768} WARNING - No viable dags retrieved from /opt/airflow/dags/groups/group_transforms.py
[2024-07-15T00:25:48.921+0000] {processor.py:176} INFO - Processing /opt/airflow/dags/groups/group_transforms.py took 0.022 seconds
[2024-07-15T00:26:19.437+0000] {processor.py:154} INFO - Started process (PID=25034) to work on /opt/airflow/dags/groups/group_transforms.py
[2024-07-15T00:26:19.438+0000] {processor.py:756} INFO - Processing file /opt/airflow/dags/groups/group_transforms.py for tasks to queue
[2024-07-15T00:26:19.439+0000] {logging_mixin.py:120} INFO - [2024-07-15T00:26:19.439+0000] {dagbag.py:537} INFO - Filling up the DagBag from /opt/airflow/dags/groups/group_transforms.py
[2024-07-15T00:26:19.445+0000] {processor.py:768} WARNING - No viable dags retrieved from /opt/airflow/dags/groups/group_transforms.py
[2024-07-15T00:26:19.456+0000] {processor.py:176} INFO - Processing /opt/airflow/dags/groups/group_transforms.py took 0.022 seconds
[2024-07-15T00:26:49.938+0000] {processor.py:154} INFO - Started process (PID=25072) to work on /opt/airflow/dags/groups/group_transforms.py
[2024-07-15T00:26:49.939+0000] {processor.py:756} INFO - Processing file /opt/airflow/dags/groups/group_transforms.py for tasks to queue
[2024-07-15T00:26:49.939+0000] {logging_mixin.py:120} INFO - [2024-07-15T00:26:49.939+0000] {dagbag.py:537} INFO - Filling up the DagBag from /opt/airflow/dags/groups/group_transforms.py
[2024-07-15T00:26:49.945+0000] {processor.py:768} WARNING - No viable dags retrieved from /opt/airflow/dags/groups/group_transforms.py
[2024-07-15T00:26:49.956+0000] {processor.py:176} INFO - Processing /opt/airflow/dags/groups/group_transforms.py took 0.022 seconds
[2024-07-15T00:27:20.569+0000] {processor.py:154} INFO - Started process (PID=25110) to work on /opt/airflow/dags/groups/group_transforms.py
[2024-07-15T00:27:20.570+0000] {processor.py:756} INFO - Processing file /opt/airflow/dags/groups/group_transforms.py for tasks to queue
[2024-07-15T00:27:20.571+0000] {logging_mixin.py:120} INFO - [2024-07-15T00:27:20.570+0000] {dagbag.py:537} INFO - Filling up the DagBag from /opt/airflow/dags/groups/group_transforms.py
[2024-07-15T00:27:20.576+0000] {processor.py:768} WARNING - No viable dags retrieved from /opt/airflow/dags/groups/group_transforms.py
[2024-07-15T00:27:20.590+0000] {processor.py:176} INFO - Processing /opt/airflow/dags/groups/group_transforms.py took 0.024 seconds
[2024-07-15T00:27:51.169+0000] {processor.py:154} INFO - Started process (PID=25139) to work on /opt/airflow/dags/groups/group_transforms.py
[2024-07-15T00:27:51.171+0000] {processor.py:756} INFO - Processing file /opt/airflow/dags/groups/group_transforms.py for tasks to queue
[2024-07-15T00:27:51.171+0000] {logging_mixin.py:120} INFO - [2024-07-15T00:27:51.171+0000] {dagbag.py:537} INFO - Filling up the DagBag from /opt/airflow/dags/groups/group_transforms.py
[2024-07-15T00:27:51.177+0000] {processor.py:768} WARNING - No viable dags retrieved from /opt/airflow/dags/groups/group_transforms.py
[2024-07-15T00:27:51.189+0000] {processor.py:176} INFO - Processing /opt/airflow/dags/groups/group_transforms.py took 0.022 seconds
[2024-07-15T00:28:21.681+0000] {processor.py:154} INFO - Started process (PID=25176) to work on /opt/airflow/dags/groups/group_transforms.py
[2024-07-15T00:28:21.682+0000] {processor.py:756} INFO - Processing file /opt/airflow/dags/groups/group_transforms.py for tasks to queue
[2024-07-15T00:28:21.683+0000] {logging_mixin.py:120} INFO - [2024-07-15T00:28:21.683+0000] {dagbag.py:537} INFO - Filling up the DagBag from /opt/airflow/dags/groups/group_transforms.py
[2024-07-15T00:28:21.689+0000] {processor.py:768} WARNING - No viable dags retrieved from /opt/airflow/dags/groups/group_transforms.py
[2024-07-15T00:28:21.701+0000] {processor.py:176} INFO - Processing /opt/airflow/dags/groups/group_transforms.py took 0.023 seconds
[2024-07-15T00:28:52.191+0000] {processor.py:154} INFO - Started process (PID=25213) to work on /opt/airflow/dags/groups/group_transforms.py
[2024-07-15T00:28:52.192+0000] {processor.py:756} INFO - Processing file /opt/airflow/dags/groups/group_transforms.py for tasks to queue
[2024-07-15T00:28:52.193+0000] {logging_mixin.py:120} INFO - [2024-07-15T00:28:52.193+0000] {dagbag.py:537} INFO - Filling up the DagBag from /opt/airflow/dags/groups/group_transforms.py
[2024-07-15T00:28:52.198+0000] {processor.py:768} WARNING - No viable dags retrieved from /opt/airflow/dags/groups/group_transforms.py
[2024-07-15T00:28:52.210+0000] {processor.py:176} INFO - Processing /opt/airflow/dags/groups/group_transforms.py took 0.022 seconds
[2024-07-15T00:29:22.698+0000] {processor.py:154} INFO - Started process (PID=25251) to work on /opt/airflow/dags/groups/group_transforms.py
[2024-07-15T00:29:22.699+0000] {processor.py:756} INFO - Processing file /opt/airflow/dags/groups/group_transforms.py for tasks to queue
[2024-07-15T00:29:22.700+0000] {logging_mixin.py:120} INFO - [2024-07-15T00:29:22.700+0000] {dagbag.py:537} INFO - Filling up the DagBag from /opt/airflow/dags/groups/group_transforms.py
[2024-07-15T00:29:22.706+0000] {processor.py:768} WARNING - No viable dags retrieved from /opt/airflow/dags/groups/group_transforms.py
[2024-07-15T00:29:22.717+0000] {processor.py:176} INFO - Processing /opt/airflow/dags/groups/group_transforms.py took 0.022 seconds
[2024-07-15T00:29:53.315+0000] {processor.py:154} INFO - Started process (PID=25280) to work on /opt/airflow/dags/groups/group_transforms.py
[2024-07-15T00:29:53.316+0000] {processor.py:756} INFO - Processing file /opt/airflow/dags/groups/group_transforms.py for tasks to queue
[2024-07-15T00:29:53.317+0000] {logging_mixin.py:120} INFO - [2024-07-15T00:29:53.317+0000] {dagbag.py:537} INFO - Filling up the DagBag from /opt/airflow/dags/groups/group_transforms.py
[2024-07-15T00:29:53.323+0000] {processor.py:768} WARNING - No viable dags retrieved from /opt/airflow/dags/groups/group_transforms.py
[2024-07-15T00:29:53.335+0000] {processor.py:176} INFO - Processing /opt/airflow/dags/groups/group_transforms.py took 0.023 seconds
[2024-07-15T00:30:23.906+0000] {processor.py:154} INFO - Started process (PID=25317) to work on /opt/airflow/dags/groups/group_transforms.py
[2024-07-15T00:30:23.907+0000] {processor.py:756} INFO - Processing file /opt/airflow/dags/groups/group_transforms.py for tasks to queue
[2024-07-15T00:30:23.908+0000] {logging_mixin.py:120} INFO - [2024-07-15T00:30:23.908+0000] {dagbag.py:537} INFO - Filling up the DagBag from /opt/airflow/dags/groups/group_transforms.py
[2024-07-15T00:30:23.913+0000] {processor.py:768} WARNING - No viable dags retrieved from /opt/airflow/dags/groups/group_transforms.py
[2024-07-15T00:30:23.926+0000] {processor.py:176} INFO - Processing /opt/airflow/dags/groups/group_transforms.py took 0.023 seconds
[2024-07-15T00:30:54.517+0000] {processor.py:154} INFO - Started process (PID=25355) to work on /opt/airflow/dags/groups/group_transforms.py
[2024-07-15T00:30:54.518+0000] {processor.py:756} INFO - Processing file /opt/airflow/dags/groups/group_transforms.py for tasks to queue
[2024-07-15T00:30:54.519+0000] {logging_mixin.py:120} INFO - [2024-07-15T00:30:54.519+0000] {dagbag.py:537} INFO - Filling up the DagBag from /opt/airflow/dags/groups/group_transforms.py
[2024-07-15T00:30:54.524+0000] {processor.py:768} WARNING - No viable dags retrieved from /opt/airflow/dags/groups/group_transforms.py
[2024-07-15T00:30:54.535+0000] {processor.py:176} INFO - Processing /opt/airflow/dags/groups/group_transforms.py took 0.022 seconds
[2024-07-15T00:31:25.067+0000] {processor.py:154} INFO - Started process (PID=25393) to work on /opt/airflow/dags/groups/group_transforms.py
[2024-07-15T00:31:25.068+0000] {processor.py:756} INFO - Processing file /opt/airflow/dags/groups/group_transforms.py for tasks to queue
[2024-07-15T00:31:25.069+0000] {logging_mixin.py:120} INFO - [2024-07-15T00:31:25.069+0000] {dagbag.py:537} INFO - Filling up the DagBag from /opt/airflow/dags/groups/group_transforms.py
[2024-07-15T00:31:25.075+0000] {processor.py:768} WARNING - No viable dags retrieved from /opt/airflow/dags/groups/group_transforms.py
[2024-07-15T00:31:25.086+0000] {processor.py:176} INFO - Processing /opt/airflow/dags/groups/group_transforms.py took 0.022 seconds
[2024-07-15T00:31:55.599+0000] {processor.py:154} INFO - Started process (PID=25431) to work on /opt/airflow/dags/groups/group_transforms.py
[2024-07-15T00:31:55.600+0000] {processor.py:756} INFO - Processing file /opt/airflow/dags/groups/group_transforms.py for tasks to queue
[2024-07-15T00:31:55.601+0000] {logging_mixin.py:120} INFO - [2024-07-15T00:31:55.600+0000] {dagbag.py:537} INFO - Filling up the DagBag from /opt/airflow/dags/groups/group_transforms.py
[2024-07-15T00:31:55.606+0000] {processor.py:768} WARNING - No viable dags retrieved from /opt/airflow/dags/groups/group_transforms.py
[2024-07-15T00:31:55.618+0000] {processor.py:176} INFO - Processing /opt/airflow/dags/groups/group_transforms.py took 0.022 seconds
[2024-07-15T00:32:26.231+0000] {processor.py:154} INFO - Started process (PID=25460) to work on /opt/airflow/dags/groups/group_transforms.py
[2024-07-15T00:32:26.232+0000] {processor.py:756} INFO - Processing file /opt/airflow/dags/groups/group_transforms.py for tasks to queue
[2024-07-15T00:32:26.233+0000] {logging_mixin.py:120} INFO - [2024-07-15T00:32:26.233+0000] {dagbag.py:537} INFO - Filling up the DagBag from /opt/airflow/dags/groups/group_transforms.py
[2024-07-15T00:32:26.239+0000] {processor.py:768} WARNING - No viable dags retrieved from /opt/airflow/dags/groups/group_transforms.py
[2024-07-15T00:32:26.251+0000] {processor.py:176} INFO - Processing /opt/airflow/dags/groups/group_transforms.py took 0.023 seconds
[2024-07-15T00:32:56.866+0000] {processor.py:154} INFO - Started process (PID=25498) to work on /opt/airflow/dags/groups/group_transforms.py
[2024-07-15T00:32:56.867+0000] {processor.py:756} INFO - Processing file /opt/airflow/dags/groups/group_transforms.py for tasks to queue
[2024-07-15T00:32:56.867+0000] {logging_mixin.py:120} INFO - [2024-07-15T00:32:56.867+0000] {dagbag.py:537} INFO - Filling up the DagBag from /opt/airflow/dags/groups/group_transforms.py
[2024-07-15T00:32:56.872+0000] {processor.py:768} WARNING - No viable dags retrieved from /opt/airflow/dags/groups/group_transforms.py
[2024-07-15T00:32:56.884+0000] {processor.py:176} INFO - Processing /opt/airflow/dags/groups/group_transforms.py took 0.022 seconds
[2024-07-15T00:33:27.472+0000] {processor.py:154} INFO - Started process (PID=25536) to work on /opt/airflow/dags/groups/group_transforms.py
[2024-07-15T00:33:27.473+0000] {processor.py:756} INFO - Processing file /opt/airflow/dags/groups/group_transforms.py for tasks to queue
[2024-07-15T00:33:27.474+0000] {logging_mixin.py:120} INFO - [2024-07-15T00:33:27.474+0000] {dagbag.py:537} INFO - Filling up the DagBag from /opt/airflow/dags/groups/group_transforms.py
[2024-07-15T00:33:27.479+0000] {processor.py:768} WARNING - No viable dags retrieved from /opt/airflow/dags/groups/group_transforms.py
[2024-07-15T00:33:27.493+0000] {processor.py:176} INFO - Processing /opt/airflow/dags/groups/group_transforms.py took 0.023 seconds
[2024-07-15T00:33:58.064+0000] {processor.py:154} INFO - Started process (PID=25573) to work on /opt/airflow/dags/groups/group_transforms.py
[2024-07-15T00:33:58.065+0000] {processor.py:756} INFO - Processing file /opt/airflow/dags/groups/group_transforms.py for tasks to queue
[2024-07-15T00:33:58.065+0000] {logging_mixin.py:120} INFO - [2024-07-15T00:33:58.065+0000] {dagbag.py:537} INFO - Filling up the DagBag from /opt/airflow/dags/groups/group_transforms.py
[2024-07-15T00:33:58.071+0000] {processor.py:768} WARNING - No viable dags retrieved from /opt/airflow/dags/groups/group_transforms.py
[2024-07-15T00:33:58.083+0000] {processor.py:176} INFO - Processing /opt/airflow/dags/groups/group_transforms.py took 0.022 seconds
[2024-07-15T00:34:28.679+0000] {processor.py:154} INFO - Started process (PID=25602) to work on /opt/airflow/dags/groups/group_transforms.py
[2024-07-15T00:34:28.680+0000] {processor.py:756} INFO - Processing file /opt/airflow/dags/groups/group_transforms.py for tasks to queue
[2024-07-15T00:34:28.681+0000] {logging_mixin.py:120} INFO - [2024-07-15T00:34:28.680+0000] {dagbag.py:537} INFO - Filling up the DagBag from /opt/airflow/dags/groups/group_transforms.py
[2024-07-15T00:34:28.686+0000] {processor.py:768} WARNING - No viable dags retrieved from /opt/airflow/dags/groups/group_transforms.py
[2024-07-15T00:34:28.699+0000] {processor.py:176} INFO - Processing /opt/airflow/dags/groups/group_transforms.py took 0.023 seconds
[2024-07-15T00:34:59.187+0000] {processor.py:154} INFO - Started process (PID=25640) to work on /opt/airflow/dags/groups/group_transforms.py
[2024-07-15T00:34:59.188+0000] {processor.py:756} INFO - Processing file /opt/airflow/dags/groups/group_transforms.py for tasks to queue
[2024-07-15T00:34:59.189+0000] {logging_mixin.py:120} INFO - [2024-07-15T00:34:59.189+0000] {dagbag.py:537} INFO - Filling up the DagBag from /opt/airflow/dags/groups/group_transforms.py
[2024-07-15T00:34:59.195+0000] {processor.py:768} WARNING - No viable dags retrieved from /opt/airflow/dags/groups/group_transforms.py
[2024-07-15T00:34:59.207+0000] {processor.py:176} INFO - Processing /opt/airflow/dags/groups/group_transforms.py took 0.023 seconds
[2024-07-15T00:35:29.692+0000] {processor.py:154} INFO - Started process (PID=25678) to work on /opt/airflow/dags/groups/group_transforms.py
[2024-07-15T00:35:29.693+0000] {processor.py:756} INFO - Processing file /opt/airflow/dags/groups/group_transforms.py for tasks to queue
[2024-07-15T00:35:29.694+0000] {logging_mixin.py:120} INFO - [2024-07-15T00:35:29.694+0000] {dagbag.py:537} INFO - Filling up the DagBag from /opt/airflow/dags/groups/group_transforms.py
[2024-07-15T00:35:29.699+0000] {processor.py:768} WARNING - No viable dags retrieved from /opt/airflow/dags/groups/group_transforms.py
[2024-07-15T00:35:29.713+0000] {processor.py:176} INFO - Processing /opt/airflow/dags/groups/group_transforms.py took 0.024 seconds
[2024-07-15T00:36:00.275+0000] {processor.py:154} INFO - Started process (PID=25715) to work on /opt/airflow/dags/groups/group_transforms.py
[2024-07-15T00:36:00.276+0000] {processor.py:756} INFO - Processing file /opt/airflow/dags/groups/group_transforms.py for tasks to queue
[2024-07-15T00:36:00.277+0000] {logging_mixin.py:120} INFO - [2024-07-15T00:36:00.277+0000] {dagbag.py:537} INFO - Filling up the DagBag from /opt/airflow/dags/groups/group_transforms.py
[2024-07-15T00:36:00.282+0000] {processor.py:768} WARNING - No viable dags retrieved from /opt/airflow/dags/groups/group_transforms.py
[2024-07-15T00:36:00.294+0000] {processor.py:176} INFO - Processing /opt/airflow/dags/groups/group_transforms.py took 0.022 seconds
[2024-07-15T00:36:30.913+0000] {processor.py:154} INFO - Started process (PID=25753) to work on /opt/airflow/dags/groups/group_transforms.py
[2024-07-15T00:36:30.915+0000] {processor.py:756} INFO - Processing file /opt/airflow/dags/groups/group_transforms.py for tasks to queue
[2024-07-15T00:36:30.917+0000] {logging_mixin.py:120} INFO - [2024-07-15T00:36:30.917+0000] {dagbag.py:537} INFO - Filling up the DagBag from /opt/airflow/dags/groups/group_transforms.py
[2024-07-15T00:36:30.923+0000] {processor.py:768} WARNING - No viable dags retrieved from /opt/airflow/dags/groups/group_transforms.py
[2024-07-15T00:36:30.937+0000] {processor.py:176} INFO - Processing /opt/airflow/dags/groups/group_transforms.py took 0.028 seconds
[2024-07-15T00:37:01.530+0000] {processor.py:154} INFO - Started process (PID=25782) to work on /opt/airflow/dags/groups/group_transforms.py
[2024-07-15T00:37:01.531+0000] {processor.py:756} INFO - Processing file /opt/airflow/dags/groups/group_transforms.py for tasks to queue
[2024-07-15T00:37:01.531+0000] {logging_mixin.py:120} INFO - [2024-07-15T00:37:01.531+0000] {dagbag.py:537} INFO - Filling up the DagBag from /opt/airflow/dags/groups/group_transforms.py
[2024-07-15T00:37:01.537+0000] {processor.py:768} WARNING - No viable dags retrieved from /opt/airflow/dags/groups/group_transforms.py
[2024-07-15T00:37:01.551+0000] {processor.py:176} INFO - Processing /opt/airflow/dags/groups/group_transforms.py took 0.024 seconds
[2024-07-15T00:37:32.134+0000] {processor.py:154} INFO - Started process (PID=25819) to work on /opt/airflow/dags/groups/group_transforms.py
[2024-07-15T00:37:32.135+0000] {processor.py:756} INFO - Processing file /opt/airflow/dags/groups/group_transforms.py for tasks to queue
[2024-07-15T00:37:32.136+0000] {logging_mixin.py:120} INFO - [2024-07-15T00:37:32.136+0000] {dagbag.py:537} INFO - Filling up the DagBag from /opt/airflow/dags/groups/group_transforms.py
[2024-07-15T00:37:32.142+0000] {processor.py:768} WARNING - No viable dags retrieved from /opt/airflow/dags/groups/group_transforms.py
[2024-07-15T00:37:32.156+0000] {processor.py:176} INFO - Processing /opt/airflow/dags/groups/group_transforms.py took 0.025 seconds
[2024-07-15T00:38:02.655+0000] {processor.py:154} INFO - Started process (PID=25857) to work on /opt/airflow/dags/groups/group_transforms.py
[2024-07-15T00:38:02.656+0000] {processor.py:756} INFO - Processing file /opt/airflow/dags/groups/group_transforms.py for tasks to queue
[2024-07-15T00:38:02.657+0000] {logging_mixin.py:120} INFO - [2024-07-15T00:38:02.657+0000] {dagbag.py:537} INFO - Filling up the DagBag from /opt/airflow/dags/groups/group_transforms.py
[2024-07-15T00:38:02.663+0000] {processor.py:768} WARNING - No viable dags retrieved from /opt/airflow/dags/groups/group_transforms.py
[2024-07-15T00:38:02.674+0000] {processor.py:176} INFO - Processing /opt/airflow/dags/groups/group_transforms.py took 0.022 seconds
[2024-07-15T00:38:33.179+0000] {processor.py:154} INFO - Started process (PID=25895) to work on /opt/airflow/dags/groups/group_transforms.py
[2024-07-15T00:38:33.180+0000] {processor.py:756} INFO - Processing file /opt/airflow/dags/groups/group_transforms.py for tasks to queue
[2024-07-15T00:38:33.181+0000] {logging_mixin.py:120} INFO - [2024-07-15T00:38:33.181+0000] {dagbag.py:537} INFO - Filling up the DagBag from /opt/airflow/dags/groups/group_transforms.py
[2024-07-15T00:38:33.187+0000] {processor.py:768} WARNING - No viable dags retrieved from /opt/airflow/dags/groups/group_transforms.py
[2024-07-15T00:38:33.199+0000] {processor.py:176} INFO - Processing /opt/airflow/dags/groups/group_transforms.py took 0.023 seconds
[2024-07-15T00:39:03.309+0000] {processor.py:154} INFO - Started process (PID=25923) to work on /opt/airflow/dags/groups/group_transforms.py
[2024-07-15T00:39:03.310+0000] {processor.py:756} INFO - Processing file /opt/airflow/dags/groups/group_transforms.py for tasks to queue
[2024-07-15T00:39:03.311+0000] {logging_mixin.py:120} INFO - [2024-07-15T00:39:03.311+0000] {dagbag.py:537} INFO - Filling up the DagBag from /opt/airflow/dags/groups/group_transforms.py
[2024-07-15T00:39:03.317+0000] {processor.py:768} WARNING - No viable dags retrieved from /opt/airflow/dags/groups/group_transforms.py
[2024-07-15T00:39:03.328+0000] {processor.py:176} INFO - Processing /opt/airflow/dags/groups/group_transforms.py took 0.022 seconds
[2024-07-15T00:39:33.908+0000] {processor.py:154} INFO - Started process (PID=25961) to work on /opt/airflow/dags/groups/group_transforms.py
[2024-07-15T00:39:33.909+0000] {processor.py:756} INFO - Processing file /opt/airflow/dags/groups/group_transforms.py for tasks to queue
[2024-07-15T00:39:33.910+0000] {logging_mixin.py:120} INFO - [2024-07-15T00:39:33.910+0000] {dagbag.py:537} INFO - Filling up the DagBag from /opt/airflow/dags/groups/group_transforms.py
[2024-07-15T00:39:33.916+0000] {processor.py:768} WARNING - No viable dags retrieved from /opt/airflow/dags/groups/group_transforms.py
[2024-07-15T00:39:33.928+0000] {processor.py:176} INFO - Processing /opt/airflow/dags/groups/group_transforms.py took 0.022 seconds
[2024-07-15T00:40:04.526+0000] {processor.py:154} INFO - Started process (PID=25999) to work on /opt/airflow/dags/groups/group_transforms.py
[2024-07-15T00:40:04.527+0000] {processor.py:756} INFO - Processing file /opt/airflow/dags/groups/group_transforms.py for tasks to queue
[2024-07-15T00:40:04.528+0000] {logging_mixin.py:120} INFO - [2024-07-15T00:40:04.528+0000] {dagbag.py:537} INFO - Filling up the DagBag from /opt/airflow/dags/groups/group_transforms.py
[2024-07-15T00:40:04.535+0000] {processor.py:768} WARNING - No viable dags retrieved from /opt/airflow/dags/groups/group_transforms.py
[2024-07-15T00:40:04.551+0000] {processor.py:176} INFO - Processing /opt/airflow/dags/groups/group_transforms.py took 0.028 seconds
[2024-07-15T00:40:34.667+0000] {processor.py:154} INFO - Started process (PID=26036) to work on /opt/airflow/dags/groups/group_transforms.py
[2024-07-15T00:40:34.668+0000] {processor.py:756} INFO - Processing file /opt/airflow/dags/groups/group_transforms.py for tasks to queue
[2024-07-15T00:40:34.669+0000] {logging_mixin.py:120} INFO - [2024-07-15T00:40:34.669+0000] {dagbag.py:537} INFO - Filling up the DagBag from /opt/airflow/dags/groups/group_transforms.py
[2024-07-15T00:40:34.674+0000] {processor.py:768} WARNING - No viable dags retrieved from /opt/airflow/dags/groups/group_transforms.py
[2024-07-15T00:40:34.686+0000] {processor.py:176} INFO - Processing /opt/airflow/dags/groups/group_transforms.py took 0.022 seconds
[2024-07-15T00:41:05.263+0000] {processor.py:154} INFO - Started process (PID=26074) to work on /opt/airflow/dags/groups/group_transforms.py
[2024-07-15T00:41:05.264+0000] {processor.py:756} INFO - Processing file /opt/airflow/dags/groups/group_transforms.py for tasks to queue
[2024-07-15T00:41:05.265+0000] {logging_mixin.py:120} INFO - [2024-07-15T00:41:05.265+0000] {dagbag.py:537} INFO - Filling up the DagBag from /opt/airflow/dags/groups/group_transforms.py
[2024-07-15T00:41:05.271+0000] {processor.py:768} WARNING - No viable dags retrieved from /opt/airflow/dags/groups/group_transforms.py
[2024-07-15T00:41:05.284+0000] {processor.py:176} INFO - Processing /opt/airflow/dags/groups/group_transforms.py took 0.024 seconds
[2024-07-15T00:41:35.856+0000] {processor.py:154} INFO - Started process (PID=26103) to work on /opt/airflow/dags/groups/group_transforms.py
[2024-07-15T00:41:35.857+0000] {processor.py:756} INFO - Processing file /opt/airflow/dags/groups/group_transforms.py for tasks to queue
[2024-07-15T00:41:35.861+0000] {logging_mixin.py:120} INFO - [2024-07-15T00:41:35.861+0000] {dagbag.py:537} INFO - Filling up the DagBag from /opt/airflow/dags/groups/group_transforms.py
[2024-07-15T00:41:35.867+0000] {processor.py:768} WARNING - No viable dags retrieved from /opt/airflow/dags/groups/group_transforms.py
[2024-07-15T00:41:35.880+0000] {processor.py:176} INFO - Processing /opt/airflow/dags/groups/group_transforms.py took 0.027 seconds
[2024-07-15T00:42:06.464+0000] {processor.py:154} INFO - Started process (PID=26141) to work on /opt/airflow/dags/groups/group_transforms.py
[2024-07-15T00:42:06.466+0000] {processor.py:756} INFO - Processing file /opt/airflow/dags/groups/group_transforms.py for tasks to queue
[2024-07-15T00:42:06.467+0000] {logging_mixin.py:120} INFO - [2024-07-15T00:42:06.466+0000] {dagbag.py:537} INFO - Filling up the DagBag from /opt/airflow/dags/groups/group_transforms.py
[2024-07-15T00:42:06.480+0000] {processor.py:768} WARNING - No viable dags retrieved from /opt/airflow/dags/groups/group_transforms.py
[2024-07-15T00:42:06.499+0000] {processor.py:176} INFO - Processing /opt/airflow/dags/groups/group_transforms.py took 0.038 seconds
[2024-07-15T00:42:37.066+0000] {processor.py:154} INFO - Started process (PID=26179) to work on /opt/airflow/dags/groups/group_transforms.py
[2024-07-15T00:42:37.067+0000] {processor.py:756} INFO - Processing file /opt/airflow/dags/groups/group_transforms.py for tasks to queue
[2024-07-15T00:42:37.068+0000] {logging_mixin.py:120} INFO - [2024-07-15T00:42:37.068+0000] {dagbag.py:537} INFO - Filling up the DagBag from /opt/airflow/dags/groups/group_transforms.py
[2024-07-15T00:42:37.073+0000] {processor.py:768} WARNING - No viable dags retrieved from /opt/airflow/dags/groups/group_transforms.py
[2024-07-15T00:42:37.087+0000] {processor.py:176} INFO - Processing /opt/airflow/dags/groups/group_transforms.py took 0.024 seconds
[2024-07-15T00:43:07.571+0000] {processor.py:154} INFO - Started process (PID=26217) to work on /opt/airflow/dags/groups/group_transforms.py
[2024-07-15T00:43:07.572+0000] {processor.py:756} INFO - Processing file /opt/airflow/dags/groups/group_transforms.py for tasks to queue
[2024-07-15T00:43:07.573+0000] {logging_mixin.py:120} INFO - [2024-07-15T00:43:07.573+0000] {dagbag.py:537} INFO - Filling up the DagBag from /opt/airflow/dags/groups/group_transforms.py
[2024-07-15T00:43:07.579+0000] {processor.py:768} WARNING - No viable dags retrieved from /opt/airflow/dags/groups/group_transforms.py
[2024-07-15T00:43:07.590+0000] {processor.py:176} INFO - Processing /opt/airflow/dags/groups/group_transforms.py took 0.022 seconds
[2024-07-15T00:43:38.192+0000] {processor.py:154} INFO - Started process (PID=26246) to work on /opt/airflow/dags/groups/group_transforms.py
[2024-07-15T00:43:38.193+0000] {processor.py:756} INFO - Processing file /opt/airflow/dags/groups/group_transforms.py for tasks to queue
[2024-07-15T00:43:38.194+0000] {logging_mixin.py:120} INFO - [2024-07-15T00:43:38.194+0000] {dagbag.py:537} INFO - Filling up the DagBag from /opt/airflow/dags/groups/group_transforms.py
[2024-07-15T00:43:38.199+0000] {processor.py:768} WARNING - No viable dags retrieved from /opt/airflow/dags/groups/group_transforms.py
[2024-07-15T00:43:38.211+0000] {processor.py:176} INFO - Processing /opt/airflow/dags/groups/group_transforms.py took 0.022 seconds
[2024-07-15T00:44:08.797+0000] {processor.py:154} INFO - Started process (PID=26284) to work on /opt/airflow/dags/groups/group_transforms.py
[2024-07-15T00:44:08.798+0000] {processor.py:756} INFO - Processing file /opt/airflow/dags/groups/group_transforms.py for tasks to queue
[2024-07-15T00:44:08.799+0000] {logging_mixin.py:120} INFO - [2024-07-15T00:44:08.799+0000] {dagbag.py:537} INFO - Filling up the DagBag from /opt/airflow/dags/groups/group_transforms.py
[2024-07-15T00:44:08.806+0000] {processor.py:768} WARNING - No viable dags retrieved from /opt/airflow/dags/groups/group_transforms.py
[2024-07-15T00:44:08.818+0000] {processor.py:176} INFO - Processing /opt/airflow/dags/groups/group_transforms.py took 0.024 seconds
[2024-07-15T00:44:39.422+0000] {processor.py:154} INFO - Started process (PID=26321) to work on /opt/airflow/dags/groups/group_transforms.py
[2024-07-15T00:44:39.423+0000] {processor.py:756} INFO - Processing file /opt/airflow/dags/groups/group_transforms.py for tasks to queue
[2024-07-15T00:44:39.424+0000] {logging_mixin.py:120} INFO - [2024-07-15T00:44:39.424+0000] {dagbag.py:537} INFO - Filling up the DagBag from /opt/airflow/dags/groups/group_transforms.py
[2024-07-15T00:44:39.430+0000] {processor.py:768} WARNING - No viable dags retrieved from /opt/airflow/dags/groups/group_transforms.py
[2024-07-15T00:44:39.441+0000] {processor.py:176} INFO - Processing /opt/airflow/dags/groups/group_transforms.py took 0.022 seconds
[2024-07-15T00:45:10.015+0000] {processor.py:154} INFO - Started process (PID=26359) to work on /opt/airflow/dags/groups/group_transforms.py
[2024-07-15T00:45:10.016+0000] {processor.py:756} INFO - Processing file /opt/airflow/dags/groups/group_transforms.py for tasks to queue
[2024-07-15T00:45:10.017+0000] {logging_mixin.py:120} INFO - [2024-07-15T00:45:10.017+0000] {dagbag.py:537} INFO - Filling up the DagBag from /opt/airflow/dags/groups/group_transforms.py
[2024-07-15T00:45:10.022+0000] {processor.py:768} WARNING - No viable dags retrieved from /opt/airflow/dags/groups/group_transforms.py
[2024-07-15T00:45:10.034+0000] {processor.py:176} INFO - Processing /opt/airflow/dags/groups/group_transforms.py took 0.022 seconds
[2024-07-15T00:45:40.601+0000] {processor.py:154} INFO - Started process (PID=26397) to work on /opt/airflow/dags/groups/group_transforms.py
[2024-07-15T00:45:40.602+0000] {processor.py:756} INFO - Processing file /opt/airflow/dags/groups/group_transforms.py for tasks to queue
[2024-07-15T00:45:40.603+0000] {logging_mixin.py:120} INFO - [2024-07-15T00:45:40.602+0000] {dagbag.py:537} INFO - Filling up the DagBag from /opt/airflow/dags/groups/group_transforms.py
[2024-07-15T00:45:40.608+0000] {processor.py:768} WARNING - No viable dags retrieved from /opt/airflow/dags/groups/group_transforms.py
[2024-07-15T00:45:40.622+0000] {processor.py:176} INFO - Processing /opt/airflow/dags/groups/group_transforms.py took 0.024 seconds
[2024-07-15T00:46:11.150+0000] {processor.py:154} INFO - Started process (PID=26425) to work on /opt/airflow/dags/groups/group_transforms.py
[2024-07-15T00:46:11.151+0000] {processor.py:756} INFO - Processing file /opt/airflow/dags/groups/group_transforms.py for tasks to queue
[2024-07-15T00:46:11.151+0000] {logging_mixin.py:120} INFO - [2024-07-15T00:46:11.151+0000] {dagbag.py:537} INFO - Filling up the DagBag from /opt/airflow/dags/groups/group_transforms.py
[2024-07-15T00:46:11.157+0000] {processor.py:768} WARNING - No viable dags retrieved from /opt/airflow/dags/groups/group_transforms.py
[2024-07-15T00:46:11.169+0000] {processor.py:176} INFO - Processing /opt/airflow/dags/groups/group_transforms.py took 0.022 seconds
[2024-07-15T00:46:41.743+0000] {processor.py:154} INFO - Started process (PID=26463) to work on /opt/airflow/dags/groups/group_transforms.py
[2024-07-15T00:46:41.744+0000] {processor.py:756} INFO - Processing file /opt/airflow/dags/groups/group_transforms.py for tasks to queue
[2024-07-15T00:46:41.745+0000] {logging_mixin.py:120} INFO - [2024-07-15T00:46:41.745+0000] {dagbag.py:537} INFO - Filling up the DagBag from /opt/airflow/dags/groups/group_transforms.py
[2024-07-15T00:46:41.751+0000] {processor.py:768} WARNING - No viable dags retrieved from /opt/airflow/dags/groups/group_transforms.py
[2024-07-15T00:46:41.763+0000] {processor.py:176} INFO - Processing /opt/airflow/dags/groups/group_transforms.py took 0.023 seconds
[2024-07-15T00:47:12.354+0000] {processor.py:154} INFO - Started process (PID=26501) to work on /opt/airflow/dags/groups/group_transforms.py
[2024-07-15T00:47:12.355+0000] {processor.py:756} INFO - Processing file /opt/airflow/dags/groups/group_transforms.py for tasks to queue
[2024-07-15T00:47:12.356+0000] {logging_mixin.py:120} INFO - [2024-07-15T00:47:12.356+0000] {dagbag.py:537} INFO - Filling up the DagBag from /opt/airflow/dags/groups/group_transforms.py
[2024-07-15T00:47:12.361+0000] {processor.py:768} WARNING - No viable dags retrieved from /opt/airflow/dags/groups/group_transforms.py
[2024-07-15T00:47:12.375+0000] {processor.py:176} INFO - Processing /opt/airflow/dags/groups/group_transforms.py took 0.024 seconds
[2024-07-15T00:47:42.864+0000] {processor.py:154} INFO - Started process (PID=26539) to work on /opt/airflow/dags/groups/group_transforms.py
[2024-07-15T00:47:42.864+0000] {processor.py:756} INFO - Processing file /opt/airflow/dags/groups/group_transforms.py for tasks to queue
[2024-07-15T00:47:42.865+0000] {logging_mixin.py:120} INFO - [2024-07-15T00:47:42.865+0000] {dagbag.py:537} INFO - Filling up the DagBag from /opt/airflow/dags/groups/group_transforms.py
[2024-07-15T00:47:42.870+0000] {processor.py:768} WARNING - No viable dags retrieved from /opt/airflow/dags/groups/group_transforms.py
[2024-07-15T00:47:42.882+0000] {processor.py:176} INFO - Processing /opt/airflow/dags/groups/group_transforms.py took 0.021 seconds
[2024-07-15T00:48:13.452+0000] {processor.py:154} INFO - Started process (PID=26575) to work on /opt/airflow/dags/groups/group_transforms.py
[2024-07-15T00:48:13.453+0000] {processor.py:756} INFO - Processing file /opt/airflow/dags/groups/group_transforms.py for tasks to queue
[2024-07-15T00:48:13.454+0000] {logging_mixin.py:120} INFO - [2024-07-15T00:48:13.454+0000] {dagbag.py:537} INFO - Filling up the DagBag from /opt/airflow/dags/groups/group_transforms.py
[2024-07-15T00:48:13.461+0000] {processor.py:768} WARNING - No viable dags retrieved from /opt/airflow/dags/groups/group_transforms.py
[2024-07-15T00:48:13.474+0000] {processor.py:176} INFO - Processing /opt/airflow/dags/groups/group_transforms.py took 0.025 seconds
[2024-07-15T00:48:43.636+0000] {processor.py:154} INFO - Started process (PID=26606) to work on /opt/airflow/dags/groups/group_transforms.py
[2024-07-15T00:48:43.637+0000] {processor.py:756} INFO - Processing file /opt/airflow/dags/groups/group_transforms.py for tasks to queue
[2024-07-15T00:48:43.638+0000] {logging_mixin.py:120} INFO - [2024-07-15T00:48:43.638+0000] {dagbag.py:537} INFO - Filling up the DagBag from /opt/airflow/dags/groups/group_transforms.py
[2024-07-15T00:48:43.644+0000] {processor.py:768} WARNING - No viable dags retrieved from /opt/airflow/dags/groups/group_transforms.py
[2024-07-15T00:48:43.655+0000] {processor.py:176} INFO - Processing /opt/airflow/dags/groups/group_transforms.py took 0.022 seconds
[2024-07-15T00:49:14.158+0000] {processor.py:154} INFO - Started process (PID=26643) to work on /opt/airflow/dags/groups/group_transforms.py
[2024-07-15T00:49:14.159+0000] {processor.py:756} INFO - Processing file /opt/airflow/dags/groups/group_transforms.py for tasks to queue
[2024-07-15T00:49:14.160+0000] {logging_mixin.py:120} INFO - [2024-07-15T00:49:14.160+0000] {dagbag.py:537} INFO - Filling up the DagBag from /opt/airflow/dags/groups/group_transforms.py
[2024-07-15T00:49:14.166+0000] {processor.py:768} WARNING - No viable dags retrieved from /opt/airflow/dags/groups/group_transforms.py
[2024-07-15T00:49:14.178+0000] {processor.py:176} INFO - Processing /opt/airflow/dags/groups/group_transforms.py took 0.023 seconds
[2024-07-15T00:49:44.681+0000] {processor.py:154} INFO - Started process (PID=26682) to work on /opt/airflow/dags/groups/group_transforms.py
[2024-07-15T00:49:44.682+0000] {processor.py:756} INFO - Processing file /opt/airflow/dags/groups/group_transforms.py for tasks to queue
[2024-07-15T00:49:44.683+0000] {logging_mixin.py:120} INFO - [2024-07-15T00:49:44.683+0000] {dagbag.py:537} INFO - Filling up the DagBag from /opt/airflow/dags/groups/group_transforms.py
[2024-07-15T00:49:44.689+0000] {processor.py:768} WARNING - No viable dags retrieved from /opt/airflow/dags/groups/group_transforms.py
[2024-07-15T00:49:44.700+0000] {processor.py:176} INFO - Processing /opt/airflow/dags/groups/group_transforms.py took 0.022 seconds
[2024-07-15T00:50:15.319+0000] {processor.py:154} INFO - Started process (PID=26720) to work on /opt/airflow/dags/groups/group_transforms.py
[2024-07-15T00:50:15.320+0000] {processor.py:756} INFO - Processing file /opt/airflow/dags/groups/group_transforms.py for tasks to queue
[2024-07-15T00:50:15.321+0000] {logging_mixin.py:120} INFO - [2024-07-15T00:50:15.321+0000] {dagbag.py:537} INFO - Filling up the DagBag from /opt/airflow/dags/groups/group_transforms.py
[2024-07-15T00:50:15.328+0000] {processor.py:768} WARNING - No viable dags retrieved from /opt/airflow/dags/groups/group_transforms.py
[2024-07-15T00:50:15.342+0000] {processor.py:176} INFO - Processing /opt/airflow/dags/groups/group_transforms.py took 0.027 seconds
[2024-07-15T00:50:45.913+0000] {processor.py:154} INFO - Started process (PID=26749) to work on /opt/airflow/dags/groups/group_transforms.py
[2024-07-15T00:50:45.914+0000] {processor.py:756} INFO - Processing file /opt/airflow/dags/groups/group_transforms.py for tasks to queue
[2024-07-15T00:50:45.915+0000] {logging_mixin.py:120} INFO - [2024-07-15T00:50:45.915+0000] {dagbag.py:537} INFO - Filling up the DagBag from /opt/airflow/dags/groups/group_transforms.py
[2024-07-15T00:50:45.922+0000] {processor.py:768} WARNING - No viable dags retrieved from /opt/airflow/dags/groups/group_transforms.py
[2024-07-15T00:50:45.935+0000] {processor.py:176} INFO - Processing /opt/airflow/dags/groups/group_transforms.py took 0.024 seconds
[2024-07-15T00:51:16.618+0000] {processor.py:154} INFO - Started process (PID=26787) to work on /opt/airflow/dags/groups/group_transforms.py
[2024-07-15T00:51:16.619+0000] {processor.py:756} INFO - Processing file /opt/airflow/dags/groups/group_transforms.py for tasks to queue
[2024-07-15T00:51:16.620+0000] {logging_mixin.py:120} INFO - [2024-07-15T00:51:16.620+0000] {dagbag.py:537} INFO - Filling up the DagBag from /opt/airflow/dags/groups/group_transforms.py
[2024-07-15T00:51:16.625+0000] {processor.py:768} WARNING - No viable dags retrieved from /opt/airflow/dags/groups/group_transforms.py
[2024-07-15T00:51:16.637+0000] {processor.py:176} INFO - Processing /opt/airflow/dags/groups/group_transforms.py took 0.022 seconds
[2024-07-15T00:51:47.123+0000] {processor.py:154} INFO - Started process (PID=26825) to work on /opt/airflow/dags/groups/group_transforms.py
[2024-07-15T00:51:47.123+0000] {processor.py:756} INFO - Processing file /opt/airflow/dags/groups/group_transforms.py for tasks to queue
[2024-07-15T00:51:47.124+0000] {logging_mixin.py:120} INFO - [2024-07-15T00:51:47.124+0000] {dagbag.py:537} INFO - Filling up the DagBag from /opt/airflow/dags/groups/group_transforms.py
[2024-07-15T00:51:47.129+0000] {processor.py:768} WARNING - No viable dags retrieved from /opt/airflow/dags/groups/group_transforms.py
[2024-07-15T00:51:47.143+0000] {processor.py:176} INFO - Processing /opt/airflow/dags/groups/group_transforms.py took 0.023 seconds
[2024-07-15T00:52:17.638+0000] {processor.py:154} INFO - Started process (PID=26863) to work on /opt/airflow/dags/groups/group_transforms.py
[2024-07-15T00:52:17.639+0000] {processor.py:756} INFO - Processing file /opt/airflow/dags/groups/group_transforms.py for tasks to queue
[2024-07-15T00:52:17.640+0000] {logging_mixin.py:120} INFO - [2024-07-15T00:52:17.640+0000] {dagbag.py:537} INFO - Filling up the DagBag from /opt/airflow/dags/groups/group_transforms.py
[2024-07-15T00:52:17.646+0000] {processor.py:768} WARNING - No viable dags retrieved from /opt/airflow/dags/groups/group_transforms.py
[2024-07-15T00:52:17.659+0000] {processor.py:176} INFO - Processing /opt/airflow/dags/groups/group_transforms.py took 0.024 seconds
[2024-07-15T00:52:48.261+0000] {processor.py:154} INFO - Started process (PID=26892) to work on /opt/airflow/dags/groups/group_transforms.py
[2024-07-15T00:52:48.262+0000] {processor.py:756} INFO - Processing file /opt/airflow/dags/groups/group_transforms.py for tasks to queue
[2024-07-15T00:52:48.263+0000] {logging_mixin.py:120} INFO - [2024-07-15T00:52:48.262+0000] {dagbag.py:537} INFO - Filling up the DagBag from /opt/airflow/dags/groups/group_transforms.py
[2024-07-15T00:52:48.268+0000] {processor.py:768} WARNING - No viable dags retrieved from /opt/airflow/dags/groups/group_transforms.py
[2024-07-15T00:52:48.283+0000] {processor.py:176} INFO - Processing /opt/airflow/dags/groups/group_transforms.py took 0.026 seconds
[2024-07-15T00:53:18.847+0000] {processor.py:154} INFO - Started process (PID=26930) to work on /opt/airflow/dags/groups/group_transforms.py
[2024-07-15T00:53:18.848+0000] {processor.py:756} INFO - Processing file /opt/airflow/dags/groups/group_transforms.py for tasks to queue
[2024-07-15T00:53:18.849+0000] {logging_mixin.py:120} INFO - [2024-07-15T00:53:18.849+0000] {dagbag.py:537} INFO - Filling up the DagBag from /opt/airflow/dags/groups/group_transforms.py
[2024-07-15T00:53:18.855+0000] {processor.py:768} WARNING - No viable dags retrieved from /opt/airflow/dags/groups/group_transforms.py
[2024-07-15T00:53:18.866+0000] {processor.py:176} INFO - Processing /opt/airflow/dags/groups/group_transforms.py took 0.022 seconds
[2024-07-15T00:53:49.442+0000] {processor.py:154} INFO - Started process (PID=26967) to work on /opt/airflow/dags/groups/group_transforms.py
[2024-07-15T00:53:49.443+0000] {processor.py:756} INFO - Processing file /opt/airflow/dags/groups/group_transforms.py for tasks to queue
[2024-07-15T00:53:49.444+0000] {logging_mixin.py:120} INFO - [2024-07-15T00:53:49.444+0000] {dagbag.py:537} INFO - Filling up the DagBag from /opt/airflow/dags/groups/group_transforms.py
[2024-07-15T00:53:49.449+0000] {processor.py:768} WARNING - No viable dags retrieved from /opt/airflow/dags/groups/group_transforms.py
[2024-07-15T00:53:49.461+0000] {processor.py:176} INFO - Processing /opt/airflow/dags/groups/group_transforms.py took 0.022 seconds
[2024-07-15T00:54:20.041+0000] {processor.py:154} INFO - Started process (PID=27004) to work on /opt/airflow/dags/groups/group_transforms.py
[2024-07-15T00:54:20.042+0000] {processor.py:756} INFO - Processing file /opt/airflow/dags/groups/group_transforms.py for tasks to queue
[2024-07-15T00:54:20.043+0000] {logging_mixin.py:120} INFO - [2024-07-15T00:54:20.043+0000] {dagbag.py:537} INFO - Filling up the DagBag from /opt/airflow/dags/groups/group_transforms.py
[2024-07-15T00:54:20.049+0000] {processor.py:768} WARNING - No viable dags retrieved from /opt/airflow/dags/groups/group_transforms.py
[2024-07-15T00:54:20.061+0000] {processor.py:176} INFO - Processing /opt/airflow/dags/groups/group_transforms.py took 0.023 seconds
[2024-07-15T00:54:50.626+0000] {processor.py:154} INFO - Started process (PID=27043) to work on /opt/airflow/dags/groups/group_transforms.py
[2024-07-15T00:54:50.628+0000] {processor.py:756} INFO - Processing file /opt/airflow/dags/groups/group_transforms.py for tasks to queue
[2024-07-15T00:54:50.628+0000] {logging_mixin.py:120} INFO - [2024-07-15T00:54:50.628+0000] {dagbag.py:537} INFO - Filling up the DagBag from /opt/airflow/dags/groups/group_transforms.py
[2024-07-15T00:54:50.634+0000] {processor.py:768} WARNING - No viable dags retrieved from /opt/airflow/dags/groups/group_transforms.py
[2024-07-15T00:54:50.647+0000] {processor.py:176} INFO - Processing /opt/airflow/dags/groups/group_transforms.py took 0.024 seconds
[2024-07-15T00:55:21.140+0000] {processor.py:154} INFO - Started process (PID=27072) to work on /opt/airflow/dags/groups/group_transforms.py
[2024-07-15T00:55:21.141+0000] {processor.py:756} INFO - Processing file /opt/airflow/dags/groups/group_transforms.py for tasks to queue
[2024-07-15T00:55:21.142+0000] {logging_mixin.py:120} INFO - [2024-07-15T00:55:21.142+0000] {dagbag.py:537} INFO - Filling up the DagBag from /opt/airflow/dags/groups/group_transforms.py
[2024-07-15T00:55:21.148+0000] {processor.py:768} WARNING - No viable dags retrieved from /opt/airflow/dags/groups/group_transforms.py
[2024-07-15T00:55:21.160+0000] {processor.py:176} INFO - Processing /opt/airflow/dags/groups/group_transforms.py took 0.023 seconds
[2024-07-15T00:55:51.732+0000] {processor.py:154} INFO - Started process (PID=27110) to work on /opt/airflow/dags/groups/group_transforms.py
[2024-07-15T00:55:51.733+0000] {processor.py:756} INFO - Processing file /opt/airflow/dags/groups/group_transforms.py for tasks to queue
[2024-07-15T00:55:51.734+0000] {logging_mixin.py:120} INFO - [2024-07-15T00:55:51.734+0000] {dagbag.py:537} INFO - Filling up the DagBag from /opt/airflow/dags/groups/group_transforms.py
[2024-07-15T00:55:51.739+0000] {processor.py:768} WARNING - No viable dags retrieved from /opt/airflow/dags/groups/group_transforms.py
[2024-07-15T00:55:51.750+0000] {processor.py:176} INFO - Processing /opt/airflow/dags/groups/group_transforms.py took 0.022 seconds
[2024-07-15T00:56:22.410+0000] {processor.py:154} INFO - Started process (PID=27148) to work on /opt/airflow/dags/groups/group_transforms.py
[2024-07-15T00:56:22.412+0000] {processor.py:756} INFO - Processing file /opt/airflow/dags/groups/group_transforms.py for tasks to queue
[2024-07-15T00:56:22.414+0000] {logging_mixin.py:120} INFO - [2024-07-15T00:56:22.414+0000] {dagbag.py:537} INFO - Filling up the DagBag from /opt/airflow/dags/groups/group_transforms.py
[2024-07-15T00:56:22.425+0000] {processor.py:768} WARNING - No viable dags retrieved from /opt/airflow/dags/groups/group_transforms.py
[2024-07-15T00:56:22.438+0000] {processor.py:176} INFO - Processing /opt/airflow/dags/groups/group_transforms.py took 0.031 seconds
[2024-07-15T00:56:53.040+0000] {processor.py:154} INFO - Started process (PID=27186) to work on /opt/airflow/dags/groups/group_transforms.py
[2024-07-15T00:56:53.041+0000] {processor.py:756} INFO - Processing file /opt/airflow/dags/groups/group_transforms.py for tasks to queue
[2024-07-15T00:56:53.042+0000] {logging_mixin.py:120} INFO - [2024-07-15T00:56:53.042+0000] {dagbag.py:537} INFO - Filling up the DagBag from /opt/airflow/dags/groups/group_transforms.py
[2024-07-15T00:56:53.048+0000] {processor.py:768} WARNING - No viable dags retrieved from /opt/airflow/dags/groups/group_transforms.py
[2024-07-15T00:56:53.060+0000] {processor.py:176} INFO - Processing /opt/airflow/dags/groups/group_transforms.py took 0.023 seconds
[2024-07-15T00:57:23.157+0000] {processor.py:154} INFO - Started process (PID=27215) to work on /opt/airflow/dags/groups/group_transforms.py
[2024-07-15T00:57:23.158+0000] {processor.py:756} INFO - Processing file /opt/airflow/dags/groups/group_transforms.py for tasks to queue
[2024-07-15T00:57:23.160+0000] {logging_mixin.py:120} INFO - [2024-07-15T00:57:23.159+0000] {dagbag.py:537} INFO - Filling up the DagBag from /opt/airflow/dags/groups/group_transforms.py
[2024-07-15T00:57:23.165+0000] {processor.py:768} WARNING - No viable dags retrieved from /opt/airflow/dags/groups/group_transforms.py
[2024-07-15T00:57:23.177+0000] {processor.py:176} INFO - Processing /opt/airflow/dags/groups/group_transforms.py took 0.022 seconds
[2024-07-15T00:57:53.739+0000] {processor.py:154} INFO - Started process (PID=27252) to work on /opt/airflow/dags/groups/group_transforms.py
[2024-07-15T00:57:53.740+0000] {processor.py:756} INFO - Processing file /opt/airflow/dags/groups/group_transforms.py for tasks to queue
[2024-07-15T00:57:53.741+0000] {logging_mixin.py:120} INFO - [2024-07-15T00:57:53.741+0000] {dagbag.py:537} INFO - Filling up the DagBag from /opt/airflow/dags/groups/group_transforms.py
[2024-07-15T00:57:53.747+0000] {processor.py:768} WARNING - No viable dags retrieved from /opt/airflow/dags/groups/group_transforms.py
[2024-07-15T00:57:53.759+0000] {processor.py:176} INFO - Processing /opt/airflow/dags/groups/group_transforms.py took 0.023 seconds
[2024-07-15T00:58:24.333+0000] {processor.py:154} INFO - Started process (PID=27290) to work on /opt/airflow/dags/groups/group_transforms.py
[2024-07-15T00:58:24.334+0000] {processor.py:756} INFO - Processing file /opt/airflow/dags/groups/group_transforms.py for tasks to queue
[2024-07-15T00:58:24.335+0000] {logging_mixin.py:120} INFO - [2024-07-15T00:58:24.335+0000] {dagbag.py:537} INFO - Filling up the DagBag from /opt/airflow/dags/groups/group_transforms.py
[2024-07-15T00:58:24.341+0000] {processor.py:768} WARNING - No viable dags retrieved from /opt/airflow/dags/groups/group_transforms.py
[2024-07-15T00:58:24.352+0000] {processor.py:176} INFO - Processing /opt/airflow/dags/groups/group_transforms.py took 0.022 seconds
[2024-07-15T00:58:54.956+0000] {processor.py:154} INFO - Started process (PID=27328) to work on /opt/airflow/dags/groups/group_transforms.py
[2024-07-15T00:58:54.957+0000] {processor.py:756} INFO - Processing file /opt/airflow/dags/groups/group_transforms.py for tasks to queue
[2024-07-15T00:58:54.958+0000] {logging_mixin.py:120} INFO - [2024-07-15T00:58:54.957+0000] {dagbag.py:537} INFO - Filling up the DagBag from /opt/airflow/dags/groups/group_transforms.py
[2024-07-15T00:58:54.963+0000] {processor.py:768} WARNING - No viable dags retrieved from /opt/airflow/dags/groups/group_transforms.py
[2024-07-15T00:58:54.975+0000] {processor.py:176} INFO - Processing /opt/airflow/dags/groups/group_transforms.py took 0.022 seconds
[2024-07-15T00:59:25.473+0000] {processor.py:154} INFO - Started process (PID=27366) to work on /opt/airflow/dags/groups/group_transforms.py
[2024-07-15T00:59:25.474+0000] {processor.py:756} INFO - Processing file /opt/airflow/dags/groups/group_transforms.py for tasks to queue
[2024-07-15T00:59:25.474+0000] {logging_mixin.py:120} INFO - [2024-07-15T00:59:25.474+0000] {dagbag.py:537} INFO - Filling up the DagBag from /opt/airflow/dags/groups/group_transforms.py
[2024-07-15T00:59:25.480+0000] {processor.py:768} WARNING - No viable dags retrieved from /opt/airflow/dags/groups/group_transforms.py
[2024-07-15T00:59:25.492+0000] {processor.py:176} INFO - Processing /opt/airflow/dags/groups/group_transforms.py took 0.022 seconds
[2024-07-15T00:59:55.978+0000] {processor.py:154} INFO - Started process (PID=27393) to work on /opt/airflow/dags/groups/group_transforms.py
[2024-07-15T00:59:55.979+0000] {processor.py:756} INFO - Processing file /opt/airflow/dags/groups/group_transforms.py for tasks to queue
[2024-07-15T00:59:55.980+0000] {logging_mixin.py:120} INFO - [2024-07-15T00:59:55.980+0000] {dagbag.py:537} INFO - Filling up the DagBag from /opt/airflow/dags/groups/group_transforms.py
[2024-07-15T00:59:55.985+0000] {processor.py:768} WARNING - No viable dags retrieved from /opt/airflow/dags/groups/group_transforms.py
[2024-07-15T00:59:55.997+0000] {processor.py:176} INFO - Processing /opt/airflow/dags/groups/group_transforms.py took 0.022 seconds
[2024-07-15T01:00:26.511+0000] {processor.py:154} INFO - Started process (PID=27431) to work on /opt/airflow/dags/groups/group_transforms.py
[2024-07-15T01:00:26.512+0000] {processor.py:756} INFO - Processing file /opt/airflow/dags/groups/group_transforms.py for tasks to queue
[2024-07-15T01:00:26.513+0000] {logging_mixin.py:120} INFO - [2024-07-15T01:00:26.513+0000] {dagbag.py:537} INFO - Filling up the DagBag from /opt/airflow/dags/groups/group_transforms.py
[2024-07-15T01:00:26.518+0000] {processor.py:768} WARNING - No viable dags retrieved from /opt/airflow/dags/groups/group_transforms.py
[2024-07-15T01:00:26.536+0000] {processor.py:176} INFO - Processing /opt/airflow/dags/groups/group_transforms.py took 0.028 seconds
[2024-07-15T01:00:57.029+0000] {processor.py:154} INFO - Started process (PID=27469) to work on /opt/airflow/dags/groups/group_transforms.py
[2024-07-15T01:00:57.030+0000] {processor.py:756} INFO - Processing file /opt/airflow/dags/groups/group_transforms.py for tasks to queue
[2024-07-15T01:00:57.031+0000] {logging_mixin.py:120} INFO - [2024-07-15T01:00:57.031+0000] {dagbag.py:537} INFO - Filling up the DagBag from /opt/airflow/dags/groups/group_transforms.py
[2024-07-15T01:00:57.036+0000] {processor.py:768} WARNING - No viable dags retrieved from /opt/airflow/dags/groups/group_transforms.py
[2024-07-15T01:00:57.048+0000] {processor.py:176} INFO - Processing /opt/airflow/dags/groups/group_transforms.py took 0.022 seconds
[2024-07-15T01:01:27.613+0000] {processor.py:154} INFO - Started process (PID=27506) to work on /opt/airflow/dags/groups/group_transforms.py
[2024-07-15T01:01:27.614+0000] {processor.py:756} INFO - Processing file /opt/airflow/dags/groups/group_transforms.py for tasks to queue
[2024-07-15T01:01:27.615+0000] {logging_mixin.py:120} INFO - [2024-07-15T01:01:27.615+0000] {dagbag.py:537} INFO - Filling up the DagBag from /opt/airflow/dags/groups/group_transforms.py
[2024-07-15T01:01:27.625+0000] {processor.py:768} WARNING - No viable dags retrieved from /opt/airflow/dags/groups/group_transforms.py
[2024-07-15T01:01:27.636+0000] {processor.py:176} INFO - Processing /opt/airflow/dags/groups/group_transforms.py took 0.026 seconds
[2024-07-15T01:01:58.163+0000] {processor.py:154} INFO - Started process (PID=27544) to work on /opt/airflow/dags/groups/group_transforms.py
[2024-07-15T01:01:58.164+0000] {processor.py:756} INFO - Processing file /opt/airflow/dags/groups/group_transforms.py for tasks to queue
[2024-07-15T01:01:58.165+0000] {logging_mixin.py:120} INFO - [2024-07-15T01:01:58.164+0000] {dagbag.py:537} INFO - Filling up the DagBag from /opt/airflow/dags/groups/group_transforms.py
[2024-07-15T01:01:58.171+0000] {processor.py:768} WARNING - No viable dags retrieved from /opt/airflow/dags/groups/group_transforms.py
[2024-07-15T01:01:58.187+0000] {processor.py:176} INFO - Processing /opt/airflow/dags/groups/group_transforms.py took 0.027 seconds
[2024-07-15T01:02:28.674+0000] {processor.py:154} INFO - Started process (PID=27573) to work on /opt/airflow/dags/groups/group_transforms.py
[2024-07-15T01:02:28.676+0000] {processor.py:756} INFO - Processing file /opt/airflow/dags/groups/group_transforms.py for tasks to queue
[2024-07-15T01:02:28.677+0000] {logging_mixin.py:120} INFO - [2024-07-15T01:02:28.677+0000] {dagbag.py:537} INFO - Filling up the DagBag from /opt/airflow/dags/groups/group_transforms.py
[2024-07-15T01:02:28.683+0000] {processor.py:768} WARNING - No viable dags retrieved from /opt/airflow/dags/groups/group_transforms.py
[2024-07-15T01:02:28.695+0000] {processor.py:176} INFO - Processing /opt/airflow/dags/groups/group_transforms.py took 0.023 seconds
[2024-07-15T01:02:59.247+0000] {processor.py:154} INFO - Started process (PID=27611) to work on /opt/airflow/dags/groups/group_transforms.py
[2024-07-15T01:02:59.248+0000] {processor.py:756} INFO - Processing file /opt/airflow/dags/groups/group_transforms.py for tasks to queue
[2024-07-15T01:02:59.248+0000] {logging_mixin.py:120} INFO - [2024-07-15T01:02:59.248+0000] {dagbag.py:537} INFO - Filling up the DagBag from /opt/airflow/dags/groups/group_transforms.py
[2024-07-15T01:02:59.253+0000] {processor.py:768} WARNING - No viable dags retrieved from /opt/airflow/dags/groups/group_transforms.py
[2024-07-15T01:02:59.265+0000] {processor.py:176} INFO - Processing /opt/airflow/dags/groups/group_transforms.py took 0.022 seconds
[2024-07-15T01:03:29.884+0000] {processor.py:154} INFO - Started process (PID=27649) to work on /opt/airflow/dags/groups/group_transforms.py
[2024-07-15T01:03:29.885+0000] {processor.py:756} INFO - Processing file /opt/airflow/dags/groups/group_transforms.py for tasks to queue
[2024-07-15T01:03:29.886+0000] {logging_mixin.py:120} INFO - [2024-07-15T01:03:29.886+0000] {dagbag.py:537} INFO - Filling up the DagBag from /opt/airflow/dags/groups/group_transforms.py
[2024-07-15T01:03:29.891+0000] {processor.py:768} WARNING - No viable dags retrieved from /opt/airflow/dags/groups/group_transforms.py
[2024-07-15T01:03:29.903+0000] {processor.py:176} INFO - Processing /opt/airflow/dags/groups/group_transforms.py took 0.022 seconds
[2024-07-15T01:04:00.397+0000] {processor.py:154} INFO - Started process (PID=27687) to work on /opt/airflow/dags/groups/group_transforms.py
[2024-07-15T01:04:00.399+0000] {processor.py:756} INFO - Processing file /opt/airflow/dags/groups/group_transforms.py for tasks to queue
[2024-07-15T01:04:00.401+0000] {logging_mixin.py:120} INFO - [2024-07-15T01:04:00.401+0000] {dagbag.py:537} INFO - Filling up the DagBag from /opt/airflow/dags/groups/group_transforms.py
[2024-07-15T01:04:00.406+0000] {processor.py:768} WARNING - No viable dags retrieved from /opt/airflow/dags/groups/group_transforms.py
[2024-07-15T01:04:00.418+0000] {processor.py:176} INFO - Processing /opt/airflow/dags/groups/group_transforms.py took 0.023 seconds
[2024-07-15T01:04:30.942+0000] {processor.py:154} INFO - Started process (PID=27716) to work on /opt/airflow/dags/groups/group_transforms.py
[2024-07-15T01:04:30.943+0000] {processor.py:756} INFO - Processing file /opt/airflow/dags/groups/group_transforms.py for tasks to queue
[2024-07-15T01:04:30.944+0000] {logging_mixin.py:120} INFO - [2024-07-15T01:04:30.944+0000] {dagbag.py:537} INFO - Filling up the DagBag from /opt/airflow/dags/groups/group_transforms.py
[2024-07-15T01:04:30.950+0000] {processor.py:768} WARNING - No viable dags retrieved from /opt/airflow/dags/groups/group_transforms.py
[2024-07-15T01:04:30.963+0000] {processor.py:176} INFO - Processing /opt/airflow/dags/groups/group_transforms.py took 0.024 seconds
[2024-07-15T01:05:01.511+0000] {processor.py:154} INFO - Started process (PID=27754) to work on /opt/airflow/dags/groups/group_transforms.py
[2024-07-15T01:05:01.512+0000] {processor.py:756} INFO - Processing file /opt/airflow/dags/groups/group_transforms.py for tasks to queue
[2024-07-15T01:05:01.513+0000] {logging_mixin.py:120} INFO - [2024-07-15T01:05:01.513+0000] {dagbag.py:537} INFO - Filling up the DagBag from /opt/airflow/dags/groups/group_transforms.py
[2024-07-15T01:05:01.519+0000] {processor.py:768} WARNING - No viable dags retrieved from /opt/airflow/dags/groups/group_transforms.py
[2024-07-15T01:05:01.530+0000] {processor.py:176} INFO - Processing /opt/airflow/dags/groups/group_transforms.py took 0.021 seconds
[2024-07-15T01:05:32.056+0000] {processor.py:154} INFO - Started process (PID=27792) to work on /opt/airflow/dags/groups/group_transforms.py
[2024-07-15T01:05:32.057+0000] {processor.py:756} INFO - Processing file /opt/airflow/dags/groups/group_transforms.py for tasks to queue
[2024-07-15T01:05:32.058+0000] {logging_mixin.py:120} INFO - [2024-07-15T01:05:32.058+0000] {dagbag.py:537} INFO - Filling up the DagBag from /opt/airflow/dags/groups/group_transforms.py
[2024-07-15T01:05:32.064+0000] {processor.py:768} WARNING - No viable dags retrieved from /opt/airflow/dags/groups/group_transforms.py
[2024-07-15T01:05:32.078+0000] {processor.py:176} INFO - Processing /opt/airflow/dags/groups/group_transforms.py took 0.024 seconds
[2024-07-15T01:06:02.594+0000] {processor.py:154} INFO - Started process (PID=27830) to work on /opt/airflow/dags/groups/group_transforms.py
[2024-07-15T01:06:02.595+0000] {processor.py:756} INFO - Processing file /opt/airflow/dags/groups/group_transforms.py for tasks to queue
[2024-07-15T01:06:02.597+0000] {logging_mixin.py:120} INFO - [2024-07-15T01:06:02.597+0000] {dagbag.py:537} INFO - Filling up the DagBag from /opt/airflow/dags/groups/group_transforms.py
[2024-07-15T01:06:02.603+0000] {processor.py:768} WARNING - No viable dags retrieved from /opt/airflow/dags/groups/group_transforms.py
[2024-07-15T01:06:02.614+0000] {processor.py:176} INFO - Processing /opt/airflow/dags/groups/group_transforms.py took 0.023 seconds
[2024-07-15T01:06:33.135+0000] {processor.py:154} INFO - Started process (PID=27868) to work on /opt/airflow/dags/groups/group_transforms.py
[2024-07-15T01:06:33.136+0000] {processor.py:756} INFO - Processing file /opt/airflow/dags/groups/group_transforms.py for tasks to queue
[2024-07-15T01:06:33.137+0000] {logging_mixin.py:120} INFO - [2024-07-15T01:06:33.137+0000] {dagbag.py:537} INFO - Filling up the DagBag from /opt/airflow/dags/groups/group_transforms.py
[2024-07-15T01:06:33.142+0000] {processor.py:768} WARNING - No viable dags retrieved from /opt/airflow/dags/groups/group_transforms.py
[2024-07-15T01:06:33.158+0000] {processor.py:176} INFO - Processing /opt/airflow/dags/groups/group_transforms.py took 0.027 seconds
[2024-07-15T01:07:03.655+0000] {processor.py:154} INFO - Started process (PID=27897) to work on /opt/airflow/dags/groups/group_transforms.py
[2024-07-15T01:07:03.656+0000] {processor.py:756} INFO - Processing file /opt/airflow/dags/groups/group_transforms.py for tasks to queue
[2024-07-15T01:07:03.657+0000] {logging_mixin.py:120} INFO - [2024-07-15T01:07:03.657+0000] {dagbag.py:537} INFO - Filling up the DagBag from /opt/airflow/dags/groups/group_transforms.py
[2024-07-15T01:07:03.662+0000] {processor.py:768} WARNING - No viable dags retrieved from /opt/airflow/dags/groups/group_transforms.py
[2024-07-15T01:07:03.675+0000] {processor.py:176} INFO - Processing /opt/airflow/dags/groups/group_transforms.py took 0.023 seconds
[2024-07-15T01:07:34.207+0000] {processor.py:154} INFO - Started process (PID=27935) to work on /opt/airflow/dags/groups/group_transforms.py
[2024-07-15T01:07:34.208+0000] {processor.py:756} INFO - Processing file /opt/airflow/dags/groups/group_transforms.py for tasks to queue
[2024-07-15T01:07:34.209+0000] {logging_mixin.py:120} INFO - [2024-07-15T01:07:34.209+0000] {dagbag.py:537} INFO - Filling up the DagBag from /opt/airflow/dags/groups/group_transforms.py
[2024-07-15T01:07:34.214+0000] {processor.py:768} WARNING - No viable dags retrieved from /opt/airflow/dags/groups/group_transforms.py
[2024-07-15T01:07:34.226+0000] {processor.py:176} INFO - Processing /opt/airflow/dags/groups/group_transforms.py took 0.022 seconds
[2024-07-15T01:08:04.838+0000] {processor.py:154} INFO - Started process (PID=27973) to work on /opt/airflow/dags/groups/group_transforms.py
[2024-07-15T01:08:04.839+0000] {processor.py:756} INFO - Processing file /opt/airflow/dags/groups/group_transforms.py for tasks to queue
[2024-07-15T01:08:04.839+0000] {logging_mixin.py:120} INFO - [2024-07-15T01:08:04.839+0000] {dagbag.py:537} INFO - Filling up the DagBag from /opt/airflow/dags/groups/group_transforms.py
[2024-07-15T01:08:04.845+0000] {processor.py:768} WARNING - No viable dags retrieved from /opt/airflow/dags/groups/group_transforms.py
[2024-07-15T01:08:04.858+0000] {processor.py:176} INFO - Processing /opt/airflow/dags/groups/group_transforms.py took 0.023 seconds
[2024-07-15T23:59:55.542+0000] {processor.py:154} INFO - Started process (PID=43) to work on /opt/airflow/dags/groups/group_transforms.py
[2024-07-15T23:59:55.544+0000] {processor.py:756} INFO - Processing file /opt/airflow/dags/groups/group_transforms.py for tasks to queue
[2024-07-15T23:59:55.545+0000] {logging_mixin.py:120} INFO - [2024-07-15T23:59:55.545+0000] {dagbag.py:537} INFO - Filling up the DagBag from /opt/airflow/dags/groups/group_transforms.py
[2024-07-15T23:59:55.553+0000] {processor.py:768} WARNING - No viable dags retrieved from /opt/airflow/dags/groups/group_transforms.py
[2024-07-15T23:59:55.571+0000] {processor.py:176} INFO - Processing /opt/airflow/dags/groups/group_transforms.py took 0.038 seconds
