[2024-07-14T18:30:44.621+0000] {taskinstance.py:1165} INFO - Dependencies all met for <TaskInstance: xcom_dag.t1 scheduled__2024-07-07T00:00:00+00:00 [queued]>
[2024-07-14T18:30:44.637+0000] {taskinstance.py:1165} INFO - Dependencies all met for <TaskInstance: xcom_dag.t1 scheduled__2024-07-07T00:00:00+00:00 [queued]>
[2024-07-14T18:30:44.638+0000] {taskinstance.py:1362} INFO - 
--------------------------------------------------------------------------------
[2024-07-14T18:30:44.638+0000] {taskinstance.py:1363} INFO - Starting attempt 1 of 1
[2024-07-14T18:30:44.639+0000] {taskinstance.py:1364} INFO - 
--------------------------------------------------------------------------------
[2024-07-14T18:30:44.658+0000] {taskinstance.py:1383} INFO - Executing <Task(PythonOperator): t1> on 2024-07-07 00:00:00+00:00
[2024-07-14T18:30:44.663+0000] {standard_task_runner.py:55} INFO - Started process 70 to run task
[2024-07-14T18:30:44.670+0000] {standard_task_runner.py:82} INFO - Running: ['***', 'tasks', 'run', 'xcom_dag', 't1', 'scheduled__2024-07-07T00:00:00+00:00', '--job-id', '135', '--raw', '--subdir', 'DAGS_FOLDER/xcom_dag.py', '--cfg-path', '/tmp/tmpg8j90o6r']
[2024-07-14T18:30:44.671+0000] {standard_task_runner.py:83} INFO - Job 135: Subtask t1
[2024-07-14T18:30:44.763+0000] {task_command.py:376} INFO - Running <TaskInstance: xcom_dag.t1 scheduled__2024-07-07T00:00:00+00:00 [running]> on host d45203605df5
[2024-07-14T18:30:44.856+0000] {taskinstance.py:1592} INFO - Exporting the following env vars:
AIRFLOW_CTX_DAG_OWNER=***
AIRFLOW_CTX_DAG_ID=xcom_dag
AIRFLOW_CTX_TASK_ID=t1
AIRFLOW_CTX_EXECUTION_DATE=2024-07-07T00:00:00+00:00
AIRFLOW_CTX_TRY_NUMBER=1
AIRFLOW_CTX_DAG_RUN_ID=scheduled__2024-07-07T00:00:00+00:00
[2024-07-14T18:30:44.871+0000] {python.py:177} INFO - Done. Returned value was: None
[2024-07-14T18:30:44.919+0000] {taskinstance.py:1406} INFO - Marking task as SUCCESS. dag_id=xcom_dag, task_id=t1, execution_date=20240707T000000, start_date=20240714T183044, end_date=20240714T183044
[2024-07-14T18:30:44.975+0000] {local_task_job.py:164} INFO - Task exited with return code 0
[2024-07-14T18:30:45.021+0000] {local_task_job.py:273} INFO - 1 downstream tasks scheduled from follow-on schedule check
