[2024-07-16T00:00:26.460+0000] {processor.py:154} INFO - Started process (PID=81) to work on /opt/airflow/dags/groups/group_downloads.py
[2024-07-16T00:00:26.462+0000] {processor.py:756} INFO - Processing file /opt/airflow/dags/groups/group_downloads.py for tasks to queue
[2024-07-16T00:00:26.462+0000] {logging_mixin.py:120} INFO - [2024-07-16T00:00:26.462+0000] {dagbag.py:537} INFO - Filling up the DagBag from /opt/airflow/dags/groups/group_downloads.py
[2024-07-16T00:00:26.471+0000] {processor.py:768} WARNING - No viable dags retrieved from /opt/airflow/dags/groups/group_downloads.py
[2024-07-16T00:00:26.486+0000] {processor.py:176} INFO - Processing /opt/airflow/dags/groups/group_downloads.py took 0.028 seconds
[2024-07-16T00:00:57.847+0000] {processor.py:154} INFO - Started process (PID=119) to work on /opt/airflow/dags/groups/group_downloads.py
[2024-07-16T00:00:57.850+0000] {processor.py:756} INFO - Processing file /opt/airflow/dags/groups/group_downloads.py for tasks to queue
[2024-07-16T00:00:57.852+0000] {logging_mixin.py:120} INFO - [2024-07-16T00:00:57.852+0000] {dagbag.py:537} INFO - Filling up the DagBag from /opt/airflow/dags/groups/group_downloads.py
[2024-07-16T00:00:57.861+0000] {processor.py:768} WARNING - No viable dags retrieved from /opt/airflow/dags/groups/group_downloads.py
[2024-07-16T00:00:57.883+0000] {processor.py:176} INFO - Processing /opt/airflow/dags/groups/group_downloads.py took 0.042 seconds
[2024-07-16T00:01:28.228+0000] {processor.py:154} INFO - Started process (PID=148) to work on /opt/airflow/dags/groups/group_downloads.py
[2024-07-16T00:01:28.230+0000] {processor.py:756} INFO - Processing file /opt/airflow/dags/groups/group_downloads.py for tasks to queue
[2024-07-16T00:01:28.231+0000] {logging_mixin.py:120} INFO - [2024-07-16T00:01:28.231+0000] {dagbag.py:537} INFO - Filling up the DagBag from /opt/airflow/dags/groups/group_downloads.py
[2024-07-16T00:01:28.237+0000] {processor.py:768} WARNING - No viable dags retrieved from /opt/airflow/dags/groups/group_downloads.py
[2024-07-16T00:01:28.274+0000] {processor.py:176} INFO - Processing /opt/airflow/dags/groups/group_downloads.py took 0.050 seconds
[2024-07-16T00:01:59.204+0000] {processor.py:154} INFO - Started process (PID=187) to work on /opt/airflow/dags/groups/group_downloads.py
[2024-07-16T00:01:59.205+0000] {processor.py:756} INFO - Processing file /opt/airflow/dags/groups/group_downloads.py for tasks to queue
[2024-07-16T00:01:59.207+0000] {logging_mixin.py:120} INFO - [2024-07-16T00:01:59.206+0000] {dagbag.py:537} INFO - Filling up the DagBag from /opt/airflow/dags/groups/group_downloads.py
[2024-07-16T00:01:59.218+0000] {processor.py:768} WARNING - No viable dags retrieved from /opt/airflow/dags/groups/group_downloads.py
[2024-07-16T00:01:59.241+0000] {processor.py:176} INFO - Processing /opt/airflow/dags/groups/group_downloads.py took 0.041 seconds
[2024-07-16T00:02:49.848+0000] {processor.py:154} INFO - Started process (PID=53) to work on /opt/airflow/dags/groups/group_downloads.py
[2024-07-16T00:02:49.850+0000] {processor.py:756} INFO - Processing file /opt/airflow/dags/groups/group_downloads.py for tasks to queue
[2024-07-16T00:02:49.853+0000] {logging_mixin.py:120} INFO - [2024-07-16T00:02:49.852+0000] {dagbag.py:537} INFO - Filling up the DagBag from /opt/airflow/dags/groups/group_downloads.py
[2024-07-16T00:02:49.871+0000] {processor.py:768} WARNING - No viable dags retrieved from /opt/airflow/dags/groups/group_downloads.py
[2024-07-16T00:02:49.902+0000] {processor.py:176} INFO - Processing /opt/airflow/dags/groups/group_downloads.py took 0.060 seconds
[2024-07-16T00:03:20.690+0000] {processor.py:154} INFO - Started process (PID=82) to work on /opt/airflow/dags/groups/group_downloads.py
[2024-07-16T00:03:20.691+0000] {processor.py:756} INFO - Processing file /opt/airflow/dags/groups/group_downloads.py for tasks to queue
[2024-07-16T00:03:20.692+0000] {logging_mixin.py:120} INFO - [2024-07-16T00:03:20.692+0000] {dagbag.py:537} INFO - Filling up the DagBag from /opt/airflow/dags/groups/group_downloads.py
[2024-07-16T00:03:20.699+0000] {processor.py:768} WARNING - No viable dags retrieved from /opt/airflow/dags/groups/group_downloads.py
[2024-07-16T00:03:20.715+0000] {processor.py:176} INFO - Processing /opt/airflow/dags/groups/group_downloads.py took 0.029 seconds
[2024-07-16T00:03:51.445+0000] {processor.py:154} INFO - Started process (PID=120) to work on /opt/airflow/dags/groups/group_downloads.py
[2024-07-16T00:03:51.446+0000] {processor.py:756} INFO - Processing file /opt/airflow/dags/groups/group_downloads.py for tasks to queue
[2024-07-16T00:03:51.447+0000] {logging_mixin.py:120} INFO - [2024-07-16T00:03:51.447+0000] {dagbag.py:537} INFO - Filling up the DagBag from /opt/airflow/dags/groups/group_downloads.py
[2024-07-16T00:03:51.454+0000] {processor.py:768} WARNING - No viable dags retrieved from /opt/airflow/dags/groups/group_downloads.py
[2024-07-16T00:03:51.472+0000] {processor.py:176} INFO - Processing /opt/airflow/dags/groups/group_downloads.py took 0.031 seconds
[2024-07-16T00:04:21.578+0000] {processor.py:154} INFO - Started process (PID=157) to work on /opt/airflow/dags/groups/group_downloads.py
[2024-07-16T00:04:21.579+0000] {processor.py:756} INFO - Processing file /opt/airflow/dags/groups/group_downloads.py for tasks to queue
[2024-07-16T00:04:21.580+0000] {logging_mixin.py:120} INFO - [2024-07-16T00:04:21.580+0000] {dagbag.py:537} INFO - Filling up the DagBag from /opt/airflow/dags/groups/group_downloads.py
[2024-07-16T00:04:21.590+0000] {processor.py:768} WARNING - No viable dags retrieved from /opt/airflow/dags/groups/group_downloads.py
[2024-07-16T00:04:21.605+0000] {processor.py:176} INFO - Processing /opt/airflow/dags/groups/group_downloads.py took 0.030 seconds
[2024-07-16T00:04:51.847+0000] {processor.py:154} INFO - Started process (PID=195) to work on /opt/airflow/dags/groups/group_downloads.py
[2024-07-16T00:04:51.848+0000] {processor.py:756} INFO - Processing file /opt/airflow/dags/groups/group_downloads.py for tasks to queue
[2024-07-16T00:04:51.849+0000] {logging_mixin.py:120} INFO - [2024-07-16T00:04:51.849+0000] {dagbag.py:537} INFO - Filling up the DagBag from /opt/airflow/dags/groups/group_downloads.py
[2024-07-16T00:04:51.855+0000] {processor.py:768} WARNING - No viable dags retrieved from /opt/airflow/dags/groups/group_downloads.py
[2024-07-16T00:04:51.870+0000] {processor.py:176} INFO - Processing /opt/airflow/dags/groups/group_downloads.py took 0.026 seconds
[2024-07-16T00:05:22.453+0000] {processor.py:154} INFO - Started process (PID=224) to work on /opt/airflow/dags/groups/group_downloads.py
[2024-07-16T00:05:22.454+0000] {processor.py:756} INFO - Processing file /opt/airflow/dags/groups/group_downloads.py for tasks to queue
[2024-07-16T00:05:22.455+0000] {logging_mixin.py:120} INFO - [2024-07-16T00:05:22.455+0000] {dagbag.py:537} INFO - Filling up the DagBag from /opt/airflow/dags/groups/group_downloads.py
[2024-07-16T00:05:22.462+0000] {processor.py:768} WARNING - No viable dags retrieved from /opt/airflow/dags/groups/group_downloads.py
[2024-07-16T00:05:22.476+0000] {processor.py:176} INFO - Processing /opt/airflow/dags/groups/group_downloads.py took 0.027 seconds
[2024-07-16T00:05:53.053+0000] {processor.py:154} INFO - Started process (PID=262) to work on /opt/airflow/dags/groups/group_downloads.py
[2024-07-16T00:05:53.054+0000] {processor.py:756} INFO - Processing file /opt/airflow/dags/groups/group_downloads.py for tasks to queue
[2024-07-16T00:05:53.055+0000] {logging_mixin.py:120} INFO - [2024-07-16T00:05:53.055+0000] {dagbag.py:537} INFO - Filling up the DagBag from /opt/airflow/dags/groups/group_downloads.py
[2024-07-16T00:05:53.061+0000] {processor.py:768} WARNING - No viable dags retrieved from /opt/airflow/dags/groups/group_downloads.py
[2024-07-16T00:05:53.073+0000] {processor.py:176} INFO - Processing /opt/airflow/dags/groups/group_downloads.py took 0.023 seconds
[2024-07-16T00:06:23.646+0000] {processor.py:154} INFO - Started process (PID=300) to work on /opt/airflow/dags/groups/group_downloads.py
[2024-07-16T00:06:23.647+0000] {processor.py:756} INFO - Processing file /opt/airflow/dags/groups/group_downloads.py for tasks to queue
[2024-07-16T00:06:23.649+0000] {logging_mixin.py:120} INFO - [2024-07-16T00:06:23.648+0000] {dagbag.py:537} INFO - Filling up the DagBag from /opt/airflow/dags/groups/group_downloads.py
[2024-07-16T00:06:23.654+0000] {processor.py:768} WARNING - No viable dags retrieved from /opt/airflow/dags/groups/group_downloads.py
[2024-07-16T00:06:23.668+0000] {processor.py:176} INFO - Processing /opt/airflow/dags/groups/group_downloads.py took 0.024 seconds
[2024-07-16T00:06:54.268+0000] {processor.py:154} INFO - Started process (PID=338) to work on /opt/airflow/dags/groups/group_downloads.py
[2024-07-16T00:06:54.269+0000] {processor.py:756} INFO - Processing file /opt/airflow/dags/groups/group_downloads.py for tasks to queue
[2024-07-16T00:06:54.270+0000] {logging_mixin.py:120} INFO - [2024-07-16T00:06:54.270+0000] {dagbag.py:537} INFO - Filling up the DagBag from /opt/airflow/dags/groups/group_downloads.py
[2024-07-16T00:06:54.276+0000] {processor.py:768} WARNING - No viable dags retrieved from /opt/airflow/dags/groups/group_downloads.py
[2024-07-16T00:06:54.288+0000] {processor.py:176} INFO - Processing /opt/airflow/dags/groups/group_downloads.py took 0.022 seconds
[2024-07-16T00:07:24.877+0000] {processor.py:154} INFO - Started process (PID=366) to work on /opt/airflow/dags/groups/group_downloads.py
[2024-07-16T00:07:24.878+0000] {processor.py:756} INFO - Processing file /opt/airflow/dags/groups/group_downloads.py for tasks to queue
[2024-07-16T00:07:24.879+0000] {logging_mixin.py:120} INFO - [2024-07-16T00:07:24.879+0000] {dagbag.py:537} INFO - Filling up the DagBag from /opt/airflow/dags/groups/group_downloads.py
[2024-07-16T00:07:24.884+0000] {processor.py:768} WARNING - No viable dags retrieved from /opt/airflow/dags/groups/group_downloads.py
[2024-07-16T00:07:24.902+0000] {processor.py:176} INFO - Processing /opt/airflow/dags/groups/group_downloads.py took 0.028 seconds
[2024-07-16T00:07:55.467+0000] {processor.py:154} INFO - Started process (PID=404) to work on /opt/airflow/dags/groups/group_downloads.py
[2024-07-16T00:07:55.468+0000] {processor.py:756} INFO - Processing file /opt/airflow/dags/groups/group_downloads.py for tasks to queue
[2024-07-16T00:07:55.469+0000] {logging_mixin.py:120} INFO - [2024-07-16T00:07:55.469+0000] {dagbag.py:537} INFO - Filling up the DagBag from /opt/airflow/dags/groups/group_downloads.py
[2024-07-16T00:07:55.475+0000] {processor.py:768} WARNING - No viable dags retrieved from /opt/airflow/dags/groups/group_downloads.py
[2024-07-16T00:07:55.489+0000] {processor.py:176} INFO - Processing /opt/airflow/dags/groups/group_downloads.py took 0.025 seconds
[2024-07-16T00:08:26.073+0000] {processor.py:154} INFO - Started process (PID=442) to work on /opt/airflow/dags/groups/group_downloads.py
[2024-07-16T00:08:26.074+0000] {processor.py:756} INFO - Processing file /opt/airflow/dags/groups/group_downloads.py for tasks to queue
[2024-07-16T00:08:26.075+0000] {logging_mixin.py:120} INFO - [2024-07-16T00:08:26.075+0000] {dagbag.py:537} INFO - Filling up the DagBag from /opt/airflow/dags/groups/group_downloads.py
[2024-07-16T00:08:26.080+0000] {processor.py:768} WARNING - No viable dags retrieved from /opt/airflow/dags/groups/group_downloads.py
[2024-07-16T00:08:26.094+0000] {processor.py:176} INFO - Processing /opt/airflow/dags/groups/group_downloads.py took 0.024 seconds
[2024-07-16T00:08:56.740+0000] {processor.py:154} INFO - Started process (PID=480) to work on /opt/airflow/dags/groups/group_downloads.py
[2024-07-16T00:08:56.741+0000] {processor.py:756} INFO - Processing file /opt/airflow/dags/groups/group_downloads.py for tasks to queue
[2024-07-16T00:08:56.742+0000] {logging_mixin.py:120} INFO - [2024-07-16T00:08:56.741+0000] {dagbag.py:537} INFO - Filling up the DagBag from /opt/airflow/dags/groups/group_downloads.py
[2024-07-16T00:08:56.747+0000] {processor.py:768} WARNING - No viable dags retrieved from /opt/airflow/dags/groups/group_downloads.py
[2024-07-16T00:08:56.761+0000] {processor.py:176} INFO - Processing /opt/airflow/dags/groups/group_downloads.py took 0.026 seconds
[2024-07-16T00:09:26.913+0000] {processor.py:154} INFO - Started process (PID=516) to work on /opt/airflow/dags/groups/group_downloads.py
[2024-07-16T00:09:26.917+0000] {processor.py:756} INFO - Processing file /opt/airflow/dags/groups/group_downloads.py for tasks to queue
[2024-07-16T00:09:26.918+0000] {logging_mixin.py:120} INFO - [2024-07-16T00:09:26.918+0000] {dagbag.py:537} INFO - Filling up the DagBag from /opt/airflow/dags/groups/group_downloads.py
[2024-07-16T00:09:26.927+0000] {processor.py:768} WARNING - No viable dags retrieved from /opt/airflow/dags/groups/group_downloads.py
[2024-07-16T00:09:26.944+0000] {processor.py:176} INFO - Processing /opt/airflow/dags/groups/group_downloads.py took 0.035 seconds
[2024-07-16T00:09:57.590+0000] {processor.py:154} INFO - Started process (PID=547) to work on /opt/airflow/dags/groups/group_downloads.py
[2024-07-16T00:09:57.591+0000] {processor.py:756} INFO - Processing file /opt/airflow/dags/groups/group_downloads.py for tasks to queue
[2024-07-16T00:09:57.592+0000] {logging_mixin.py:120} INFO - [2024-07-16T00:09:57.592+0000] {dagbag.py:537} INFO - Filling up the DagBag from /opt/airflow/dags/groups/group_downloads.py
[2024-07-16T00:09:57.599+0000] {processor.py:768} WARNING - No viable dags retrieved from /opt/airflow/dags/groups/group_downloads.py
[2024-07-16T00:09:57.615+0000] {processor.py:176} INFO - Processing /opt/airflow/dags/groups/group_downloads.py took 0.029 seconds
[2024-07-16T00:10:28.193+0000] {processor.py:154} INFO - Started process (PID=586) to work on /opt/airflow/dags/groups/group_downloads.py
[2024-07-16T00:10:28.194+0000] {processor.py:756} INFO - Processing file /opt/airflow/dags/groups/group_downloads.py for tasks to queue
[2024-07-16T00:10:28.195+0000] {logging_mixin.py:120} INFO - [2024-07-16T00:10:28.195+0000] {dagbag.py:537} INFO - Filling up the DagBag from /opt/airflow/dags/groups/group_downloads.py
[2024-07-16T00:10:28.200+0000] {processor.py:768} WARNING - No viable dags retrieved from /opt/airflow/dags/groups/group_downloads.py
[2024-07-16T00:10:28.213+0000] {processor.py:176} INFO - Processing /opt/airflow/dags/groups/group_downloads.py took 0.023 seconds
[2024-07-16T00:10:58.343+0000] {processor.py:154} INFO - Started process (PID=624) to work on /opt/airflow/dags/groups/group_downloads.py
[2024-07-16T00:10:58.344+0000] {processor.py:756} INFO - Processing file /opt/airflow/dags/groups/group_downloads.py for tasks to queue
[2024-07-16T00:10:58.346+0000] {logging_mixin.py:120} INFO - [2024-07-16T00:10:58.345+0000] {dagbag.py:537} INFO - Filling up the DagBag from /opt/airflow/dags/groups/group_downloads.py
[2024-07-16T00:10:58.351+0000] {processor.py:768} WARNING - No viable dags retrieved from /opt/airflow/dags/groups/group_downloads.py
[2024-07-16T00:10:58.367+0000] {processor.py:176} INFO - Processing /opt/airflow/dags/groups/group_downloads.py took 0.027 seconds
[2024-07-16T00:11:28.953+0000] {processor.py:154} INFO - Started process (PID=662) to work on /opt/airflow/dags/groups/group_downloads.py
[2024-07-16T00:11:28.954+0000] {processor.py:756} INFO - Processing file /opt/airflow/dags/groups/group_downloads.py for tasks to queue
[2024-07-16T00:11:28.955+0000] {logging_mixin.py:120} INFO - [2024-07-16T00:11:28.955+0000] {dagbag.py:537} INFO - Filling up the DagBag from /opt/airflow/dags/groups/group_downloads.py
[2024-07-16T00:11:28.961+0000] {processor.py:768} WARNING - No viable dags retrieved from /opt/airflow/dags/groups/group_downloads.py
[2024-07-16T00:11:28.977+0000] {processor.py:176} INFO - Processing /opt/airflow/dags/groups/group_downloads.py took 0.027 seconds
[2024-07-16T00:11:59.579+0000] {processor.py:154} INFO - Started process (PID=690) to work on /opt/airflow/dags/groups/group_downloads.py
[2024-07-16T00:11:59.580+0000] {processor.py:756} INFO - Processing file /opt/airflow/dags/groups/group_downloads.py for tasks to queue
[2024-07-16T00:11:59.581+0000] {logging_mixin.py:120} INFO - [2024-07-16T00:11:59.581+0000] {dagbag.py:537} INFO - Filling up the DagBag from /opt/airflow/dags/groups/group_downloads.py
[2024-07-16T00:11:59.591+0000] {processor.py:768} WARNING - No viable dags retrieved from /opt/airflow/dags/groups/group_downloads.py
[2024-07-16T00:11:59.603+0000] {processor.py:176} INFO - Processing /opt/airflow/dags/groups/group_downloads.py took 0.028 seconds
[2024-07-16T00:12:29.746+0000] {processor.py:154} INFO - Started process (PID=728) to work on /opt/airflow/dags/groups/group_downloads.py
[2024-07-16T00:12:29.747+0000] {processor.py:756} INFO - Processing file /opt/airflow/dags/groups/group_downloads.py for tasks to queue
[2024-07-16T00:12:29.747+0000] {logging_mixin.py:120} INFO - [2024-07-16T00:12:29.747+0000] {dagbag.py:537} INFO - Filling up the DagBag from /opt/airflow/dags/groups/group_downloads.py
[2024-07-16T00:12:29.753+0000] {processor.py:768} WARNING - No viable dags retrieved from /opt/airflow/dags/groups/group_downloads.py
[2024-07-16T00:12:29.766+0000] {processor.py:176} INFO - Processing /opt/airflow/dags/groups/group_downloads.py took 0.023 seconds
[2024-07-16T00:12:59.816+0000] {processor.py:154} INFO - Started process (PID=764) to work on /opt/airflow/dags/groups/group_downloads.py
[2024-07-16T00:12:59.817+0000] {processor.py:756} INFO - Processing file /opt/airflow/dags/groups/group_downloads.py for tasks to queue
[2024-07-16T00:12:59.821+0000] {logging_mixin.py:120} INFO - [2024-07-16T00:12:59.820+0000] {dagbag.py:537} INFO - Filling up the DagBag from /opt/airflow/dags/groups/group_downloads.py
[2024-07-16T00:12:59.830+0000] {processor.py:768} WARNING - No viable dags retrieved from /opt/airflow/dags/groups/group_downloads.py
[2024-07-16T00:12:59.845+0000] {processor.py:176} INFO - Processing /opt/airflow/dags/groups/group_downloads.py took 0.032 seconds
[2024-07-16T00:13:30.266+0000] {processor.py:154} INFO - Started process (PID=794) to work on /opt/airflow/dags/groups/group_downloads.py
[2024-07-16T00:13:30.268+0000] {processor.py:756} INFO - Processing file /opt/airflow/dags/groups/group_downloads.py for tasks to queue
[2024-07-16T00:13:30.269+0000] {logging_mixin.py:120} INFO - [2024-07-16T00:13:30.269+0000] {dagbag.py:537} INFO - Filling up the DagBag from /opt/airflow/dags/groups/group_downloads.py
[2024-07-16T00:13:30.276+0000] {processor.py:768} WARNING - No viable dags retrieved from /opt/airflow/dags/groups/group_downloads.py
[2024-07-16T00:13:30.293+0000] {processor.py:176} INFO - Processing /opt/airflow/dags/groups/group_downloads.py took 0.033 seconds
[2024-07-16T00:14:00.430+0000] {processor.py:154} INFO - Started process (PID=832) to work on /opt/airflow/dags/groups/group_downloads.py
[2024-07-16T00:14:00.431+0000] {processor.py:756} INFO - Processing file /opt/airflow/dags/groups/group_downloads.py for tasks to queue
[2024-07-16T00:14:00.431+0000] {logging_mixin.py:120} INFO - [2024-07-16T00:14:00.431+0000] {dagbag.py:537} INFO - Filling up the DagBag from /opt/airflow/dags/groups/group_downloads.py
[2024-07-16T00:14:00.437+0000] {processor.py:768} WARNING - No viable dags retrieved from /opt/airflow/dags/groups/group_downloads.py
[2024-07-16T00:14:00.453+0000] {processor.py:176} INFO - Processing /opt/airflow/dags/groups/group_downloads.py took 0.027 seconds
[2024-07-16T00:14:30.681+0000] {processor.py:154} INFO - Started process (PID=870) to work on /opt/airflow/dags/groups/group_downloads.py
[2024-07-16T00:14:30.682+0000] {processor.py:756} INFO - Processing file /opt/airflow/dags/groups/group_downloads.py for tasks to queue
[2024-07-16T00:14:30.683+0000] {logging_mixin.py:120} INFO - [2024-07-16T00:14:30.683+0000] {dagbag.py:537} INFO - Filling up the DagBag from /opt/airflow/dags/groups/group_downloads.py
[2024-07-16T00:14:30.689+0000] {processor.py:768} WARNING - No viable dags retrieved from /opt/airflow/dags/groups/group_downloads.py
[2024-07-16T00:14:30.704+0000] {processor.py:176} INFO - Processing /opt/airflow/dags/groups/group_downloads.py took 0.026 seconds
[2024-07-16T00:15:01.348+0000] {processor.py:154} INFO - Started process (PID=908) to work on /opt/airflow/dags/groups/group_downloads.py
[2024-07-16T00:15:01.349+0000] {processor.py:756} INFO - Processing file /opt/airflow/dags/groups/group_downloads.py for tasks to queue
[2024-07-16T00:15:01.350+0000] {logging_mixin.py:120} INFO - [2024-07-16T00:15:01.350+0000] {dagbag.py:537} INFO - Filling up the DagBag from /opt/airflow/dags/groups/group_downloads.py
[2024-07-16T00:15:01.356+0000] {processor.py:768} WARNING - No viable dags retrieved from /opt/airflow/dags/groups/group_downloads.py
[2024-07-16T00:15:01.372+0000] {processor.py:176} INFO - Processing /opt/airflow/dags/groups/group_downloads.py took 0.027 seconds
[2024-07-16T00:15:31.516+0000] {processor.py:154} INFO - Started process (PID=937) to work on /opt/airflow/dags/groups/group_downloads.py
[2024-07-16T00:15:31.517+0000] {processor.py:756} INFO - Processing file /opt/airflow/dags/groups/group_downloads.py for tasks to queue
[2024-07-16T00:15:31.518+0000] {logging_mixin.py:120} INFO - [2024-07-16T00:15:31.517+0000] {dagbag.py:537} INFO - Filling up the DagBag from /opt/airflow/dags/groups/group_downloads.py
[2024-07-16T00:15:31.524+0000] {processor.py:768} WARNING - No viable dags retrieved from /opt/airflow/dags/groups/group_downloads.py
[2024-07-16T00:15:31.539+0000] {processor.py:176} INFO - Processing /opt/airflow/dags/groups/group_downloads.py took 0.028 seconds
[2024-07-16T00:16:02.023+0000] {processor.py:154} INFO - Started process (PID=975) to work on /opt/airflow/dags/groups/group_downloads.py
[2024-07-16T00:16:02.024+0000] {processor.py:756} INFO - Processing file /opt/airflow/dags/groups/group_downloads.py for tasks to queue
[2024-07-16T00:16:02.024+0000] {logging_mixin.py:120} INFO - [2024-07-16T00:16:02.024+0000] {dagbag.py:537} INFO - Filling up the DagBag from /opt/airflow/dags/groups/group_downloads.py
[2024-07-16T00:16:02.029+0000] {processor.py:768} WARNING - No viable dags retrieved from /opt/airflow/dags/groups/group_downloads.py
[2024-07-16T00:16:02.042+0000] {processor.py:176} INFO - Processing /opt/airflow/dags/groups/group_downloads.py took 0.022 seconds
[2024-07-16T00:16:32.556+0000] {processor.py:154} INFO - Started process (PID=1013) to work on /opt/airflow/dags/groups/group_downloads.py
[2024-07-16T00:16:32.557+0000] {processor.py:756} INFO - Processing file /opt/airflow/dags/groups/group_downloads.py for tasks to queue
[2024-07-16T00:16:32.557+0000] {logging_mixin.py:120} INFO - [2024-07-16T00:16:32.557+0000] {dagbag.py:537} INFO - Filling up the DagBag from /opt/airflow/dags/groups/group_downloads.py
[2024-07-16T00:16:32.563+0000] {processor.py:768} WARNING - No viable dags retrieved from /opt/airflow/dags/groups/group_downloads.py
[2024-07-16T00:16:32.579+0000] {processor.py:176} INFO - Processing /opt/airflow/dags/groups/group_downloads.py took 0.026 seconds
[2024-07-16T00:17:02.831+0000] {processor.py:154} INFO - Started process (PID=1051) to work on /opt/airflow/dags/groups/group_downloads.py
[2024-07-16T00:17:02.832+0000] {processor.py:756} INFO - Processing file /opt/airflow/dags/groups/group_downloads.py for tasks to queue
[2024-07-16T00:17:02.833+0000] {logging_mixin.py:120} INFO - [2024-07-16T00:17:02.833+0000] {dagbag.py:537} INFO - Filling up the DagBag from /opt/airflow/dags/groups/group_downloads.py
[2024-07-16T00:17:02.839+0000] {processor.py:768} WARNING - No viable dags retrieved from /opt/airflow/dags/groups/group_downloads.py
[2024-07-16T00:17:02.852+0000] {processor.py:176} INFO - Processing /opt/airflow/dags/groups/group_downloads.py took 0.023 seconds
[2024-07-16T00:17:33.476+0000] {processor.py:154} INFO - Started process (PID=1080) to work on /opt/airflow/dags/groups/group_downloads.py
[2024-07-16T00:17:33.478+0000] {processor.py:756} INFO - Processing file /opt/airflow/dags/groups/group_downloads.py for tasks to queue
[2024-07-16T00:17:33.479+0000] {logging_mixin.py:120} INFO - [2024-07-16T00:17:33.479+0000] {dagbag.py:537} INFO - Filling up the DagBag from /opt/airflow/dags/groups/group_downloads.py
[2024-07-16T00:17:33.485+0000] {processor.py:768} WARNING - No viable dags retrieved from /opt/airflow/dags/groups/group_downloads.py
[2024-07-16T00:17:33.498+0000] {processor.py:176} INFO - Processing /opt/airflow/dags/groups/group_downloads.py took 0.026 seconds
[2024-07-16T00:18:03.849+0000] {processor.py:154} INFO - Started process (PID=1118) to work on /opt/airflow/dags/groups/group_downloads.py
[2024-07-16T00:18:03.850+0000] {processor.py:756} INFO - Processing file /opt/airflow/dags/groups/group_downloads.py for tasks to queue
[2024-07-16T00:18:03.851+0000] {logging_mixin.py:120} INFO - [2024-07-16T00:18:03.851+0000] {dagbag.py:537} INFO - Filling up the DagBag from /opt/airflow/dags/groups/group_downloads.py
[2024-07-16T00:18:03.857+0000] {processor.py:768} WARNING - No viable dags retrieved from /opt/airflow/dags/groups/group_downloads.py
[2024-07-16T00:18:03.869+0000] {processor.py:176} INFO - Processing /opt/airflow/dags/groups/group_downloads.py took 0.023 seconds
[2024-07-16T00:18:34.387+0000] {processor.py:154} INFO - Started process (PID=1155) to work on /opt/airflow/dags/groups/group_downloads.py
[2024-07-16T00:18:34.388+0000] {processor.py:756} INFO - Processing file /opt/airflow/dags/groups/group_downloads.py for tasks to queue
[2024-07-16T00:18:34.389+0000] {logging_mixin.py:120} INFO - [2024-07-16T00:18:34.389+0000] {dagbag.py:537} INFO - Filling up the DagBag from /opt/airflow/dags/groups/group_downloads.py
[2024-07-16T00:18:34.395+0000] {processor.py:768} WARNING - No viable dags retrieved from /opt/airflow/dags/groups/group_downloads.py
[2024-07-16T00:18:34.411+0000] {processor.py:176} INFO - Processing /opt/airflow/dags/groups/group_downloads.py took 0.027 seconds
[2024-07-16T00:19:04.518+0000] {processor.py:154} INFO - Started process (PID=1193) to work on /opt/airflow/dags/groups/group_downloads.py
[2024-07-16T00:19:04.519+0000] {processor.py:756} INFO - Processing file /opt/airflow/dags/groups/group_downloads.py for tasks to queue
[2024-07-16T00:19:04.520+0000] {logging_mixin.py:120} INFO - [2024-07-16T00:19:04.520+0000] {dagbag.py:537} INFO - Filling up the DagBag from /opt/airflow/dags/groups/group_downloads.py
[2024-07-16T00:19:04.526+0000] {processor.py:768} WARNING - No viable dags retrieved from /opt/airflow/dags/groups/group_downloads.py
[2024-07-16T00:19:04.539+0000] {processor.py:176} INFO - Processing /opt/airflow/dags/groups/group_downloads.py took 0.024 seconds
[2024-07-16T00:19:34.702+0000] {processor.py:154} INFO - Started process (PID=1222) to work on /opt/airflow/dags/groups/group_downloads.py
[2024-07-16T00:19:34.703+0000] {processor.py:756} INFO - Processing file /opt/airflow/dags/groups/group_downloads.py for tasks to queue
[2024-07-16T00:19:34.704+0000] {logging_mixin.py:120} INFO - [2024-07-16T00:19:34.704+0000] {dagbag.py:537} INFO - Filling up the DagBag from /opt/airflow/dags/groups/group_downloads.py
[2024-07-16T00:19:34.709+0000] {processor.py:768} WARNING - No viable dags retrieved from /opt/airflow/dags/groups/group_downloads.py
[2024-07-16T00:19:34.721+0000] {processor.py:176} INFO - Processing /opt/airflow/dags/groups/group_downloads.py took 0.022 seconds
[2024-07-16T00:20:04.837+0000] {processor.py:154} INFO - Started process (PID=1260) to work on /opt/airflow/dags/groups/group_downloads.py
[2024-07-16T00:20:04.838+0000] {processor.py:756} INFO - Processing file /opt/airflow/dags/groups/group_downloads.py for tasks to queue
[2024-07-16T00:20:04.839+0000] {logging_mixin.py:120} INFO - [2024-07-16T00:20:04.839+0000] {dagbag.py:537} INFO - Filling up the DagBag from /opt/airflow/dags/groups/group_downloads.py
[2024-07-16T00:20:04.845+0000] {processor.py:768} WARNING - No viable dags retrieved from /opt/airflow/dags/groups/group_downloads.py
[2024-07-16T00:20:04.861+0000] {processor.py:176} INFO - Processing /opt/airflow/dags/groups/group_downloads.py took 0.027 seconds
[2024-07-16T00:20:35.079+0000] {processor.py:154} INFO - Started process (PID=1298) to work on /opt/airflow/dags/groups/group_downloads.py
[2024-07-16T00:20:35.080+0000] {processor.py:756} INFO - Processing file /opt/airflow/dags/groups/group_downloads.py for tasks to queue
[2024-07-16T00:20:35.081+0000] {logging_mixin.py:120} INFO - [2024-07-16T00:20:35.080+0000] {dagbag.py:537} INFO - Filling up the DagBag from /opt/airflow/dags/groups/group_downloads.py
[2024-07-16T00:20:35.087+0000] {processor.py:768} WARNING - No viable dags retrieved from /opt/airflow/dags/groups/group_downloads.py
[2024-07-16T00:20:35.104+0000] {processor.py:176} INFO - Processing /opt/airflow/dags/groups/group_downloads.py took 0.030 seconds
[2024-07-16T00:21:05.681+0000] {processor.py:154} INFO - Started process (PID=1336) to work on /opt/airflow/dags/groups/group_downloads.py
[2024-07-16T00:21:05.682+0000] {processor.py:756} INFO - Processing file /opt/airflow/dags/groups/group_downloads.py for tasks to queue
[2024-07-16T00:21:05.683+0000] {logging_mixin.py:120} INFO - [2024-07-16T00:21:05.683+0000] {dagbag.py:537} INFO - Filling up the DagBag from /opt/airflow/dags/groups/group_downloads.py
[2024-07-16T00:21:05.689+0000] {processor.py:768} WARNING - No viable dags retrieved from /opt/airflow/dags/groups/group_downloads.py
[2024-07-16T00:21:05.702+0000] {processor.py:176} INFO - Processing /opt/airflow/dags/groups/group_downloads.py took 0.024 seconds
[2024-07-16T00:21:36.265+0000] {processor.py:154} INFO - Started process (PID=1365) to work on /opt/airflow/dags/groups/group_downloads.py
[2024-07-16T00:21:36.266+0000] {processor.py:756} INFO - Processing file /opt/airflow/dags/groups/group_downloads.py for tasks to queue
[2024-07-16T00:21:36.267+0000] {logging_mixin.py:120} INFO - [2024-07-16T00:21:36.267+0000] {dagbag.py:537} INFO - Filling up the DagBag from /opt/airflow/dags/groups/group_downloads.py
[2024-07-16T00:21:36.273+0000] {processor.py:768} WARNING - No viable dags retrieved from /opt/airflow/dags/groups/group_downloads.py
[2024-07-16T00:21:36.286+0000] {processor.py:176} INFO - Processing /opt/airflow/dags/groups/group_downloads.py took 0.024 seconds
[2024-07-16T00:22:06.489+0000] {processor.py:154} INFO - Started process (PID=1403) to work on /opt/airflow/dags/groups/group_downloads.py
[2024-07-16T00:22:06.493+0000] {processor.py:756} INFO - Processing file /opt/airflow/dags/groups/group_downloads.py for tasks to queue
[2024-07-16T00:22:06.497+0000] {logging_mixin.py:120} INFO - [2024-07-16T00:22:06.497+0000] {dagbag.py:537} INFO - Filling up the DagBag from /opt/airflow/dags/groups/group_downloads.py
[2024-07-16T00:22:06.504+0000] {processor.py:768} WARNING - No viable dags retrieved from /opt/airflow/dags/groups/group_downloads.py
[2024-07-16T00:22:06.520+0000] {processor.py:176} INFO - Processing /opt/airflow/dags/groups/group_downloads.py took 0.034 seconds
[2024-07-16T00:22:36.641+0000] {processor.py:154} INFO - Started process (PID=1441) to work on /opt/airflow/dags/groups/group_downloads.py
[2024-07-16T00:22:36.641+0000] {processor.py:756} INFO - Processing file /opt/airflow/dags/groups/group_downloads.py for tasks to queue
[2024-07-16T00:22:36.642+0000] {logging_mixin.py:120} INFO - [2024-07-16T00:22:36.642+0000] {dagbag.py:537} INFO - Filling up the DagBag from /opt/airflow/dags/groups/group_downloads.py
[2024-07-16T00:22:36.647+0000] {processor.py:768} WARNING - No viable dags retrieved from /opt/airflow/dags/groups/group_downloads.py
[2024-07-16T00:22:36.662+0000] {processor.py:176} INFO - Processing /opt/airflow/dags/groups/group_downloads.py took 0.025 seconds
[2024-07-16T00:23:07.288+0000] {processor.py:154} INFO - Started process (PID=1479) to work on /opt/airflow/dags/groups/group_downloads.py
[2024-07-16T00:23:07.290+0000] {processor.py:756} INFO - Processing file /opt/airflow/dags/groups/group_downloads.py for tasks to queue
[2024-07-16T00:23:07.291+0000] {logging_mixin.py:120} INFO - [2024-07-16T00:23:07.291+0000] {dagbag.py:537} INFO - Filling up the DagBag from /opt/airflow/dags/groups/group_downloads.py
[2024-07-16T00:23:07.296+0000] {processor.py:768} WARNING - No viable dags retrieved from /opt/airflow/dags/groups/group_downloads.py
[2024-07-16T00:23:07.312+0000] {processor.py:176} INFO - Processing /opt/airflow/dags/groups/group_downloads.py took 0.027 seconds
[2024-07-16T00:23:37.458+0000] {processor.py:154} INFO - Started process (PID=1508) to work on /opt/airflow/dags/groups/group_downloads.py
[2024-07-16T00:23:37.459+0000] {processor.py:756} INFO - Processing file /opt/airflow/dags/groups/group_downloads.py for tasks to queue
[2024-07-16T00:23:37.460+0000] {logging_mixin.py:120} INFO - [2024-07-16T00:23:37.460+0000] {dagbag.py:537} INFO - Filling up the DagBag from /opt/airflow/dags/groups/group_downloads.py
[2024-07-16T00:23:37.466+0000] {processor.py:768} WARNING - No viable dags retrieved from /opt/airflow/dags/groups/group_downloads.py
[2024-07-16T00:23:37.483+0000] {processor.py:176} INFO - Processing /opt/airflow/dags/groups/group_downloads.py took 0.028 seconds
[2024-07-16T00:24:08.085+0000] {processor.py:154} INFO - Started process (PID=1545) to work on /opt/airflow/dags/groups/group_downloads.py
[2024-07-16T00:24:08.086+0000] {processor.py:756} INFO - Processing file /opt/airflow/dags/groups/group_downloads.py for tasks to queue
[2024-07-16T00:24:08.087+0000] {logging_mixin.py:120} INFO - [2024-07-16T00:24:08.087+0000] {dagbag.py:537} INFO - Filling up the DagBag from /opt/airflow/dags/groups/group_downloads.py
[2024-07-16T00:24:08.093+0000] {processor.py:768} WARNING - No viable dags retrieved from /opt/airflow/dags/groups/group_downloads.py
[2024-07-16T00:24:08.111+0000] {processor.py:176} INFO - Processing /opt/airflow/dags/groups/group_downloads.py took 0.029 seconds
[2024-07-16T00:24:38.214+0000] {processor.py:154} INFO - Started process (PID=1583) to work on /opt/airflow/dags/groups/group_downloads.py
[2024-07-16T00:24:38.215+0000] {processor.py:756} INFO - Processing file /opt/airflow/dags/groups/group_downloads.py for tasks to queue
[2024-07-16T00:24:38.216+0000] {logging_mixin.py:120} INFO - [2024-07-16T00:24:38.216+0000] {dagbag.py:537} INFO - Filling up the DagBag from /opt/airflow/dags/groups/group_downloads.py
[2024-07-16T00:24:38.223+0000] {processor.py:768} WARNING - No viable dags retrieved from /opt/airflow/dags/groups/group_downloads.py
[2024-07-16T00:24:38.235+0000] {processor.py:176} INFO - Processing /opt/airflow/dags/groups/group_downloads.py took 0.024 seconds
[2024-07-16T00:25:08.744+0000] {processor.py:154} INFO - Started process (PID=1614) to work on /opt/airflow/dags/groups/group_downloads.py
[2024-07-16T00:25:08.745+0000] {processor.py:756} INFO - Processing file /opt/airflow/dags/groups/group_downloads.py for tasks to queue
[2024-07-16T00:25:08.746+0000] {logging_mixin.py:120} INFO - [2024-07-16T00:25:08.746+0000] {dagbag.py:537} INFO - Filling up the DagBag from /opt/airflow/dags/groups/group_downloads.py
[2024-07-16T00:25:08.752+0000] {processor.py:768} WARNING - No viable dags retrieved from /opt/airflow/dags/groups/group_downloads.py
[2024-07-16T00:25:08.764+0000] {processor.py:176} INFO - Processing /opt/airflow/dags/groups/group_downloads.py took 0.023 seconds
[2024-07-16T00:25:38.994+0000] {processor.py:154} INFO - Started process (PID=1652) to work on /opt/airflow/dags/groups/group_downloads.py
[2024-07-16T00:25:38.995+0000] {processor.py:756} INFO - Processing file /opt/airflow/dags/groups/group_downloads.py for tasks to queue
[2024-07-16T00:25:38.995+0000] {logging_mixin.py:120} INFO - [2024-07-16T00:25:38.995+0000] {dagbag.py:537} INFO - Filling up the DagBag from /opt/airflow/dags/groups/group_downloads.py
[2024-07-16T00:25:39.001+0000] {processor.py:768} WARNING - No viable dags retrieved from /opt/airflow/dags/groups/group_downloads.py
[2024-07-16T00:25:39.018+0000] {processor.py:176} INFO - Processing /opt/airflow/dags/groups/group_downloads.py took 0.027 seconds
[2024-07-16T00:26:09.197+0000] {processor.py:154} INFO - Started process (PID=1690) to work on /opt/airflow/dags/groups/group_downloads.py
[2024-07-16T00:26:09.198+0000] {processor.py:756} INFO - Processing file /opt/airflow/dags/groups/group_downloads.py for tasks to queue
[2024-07-16T00:26:09.199+0000] {logging_mixin.py:120} INFO - [2024-07-16T00:26:09.198+0000] {dagbag.py:537} INFO - Filling up the DagBag from /opt/airflow/dags/groups/group_downloads.py
[2024-07-16T00:26:09.204+0000] {processor.py:768} WARNING - No viable dags retrieved from /opt/airflow/dags/groups/group_downloads.py
[2024-07-16T00:26:09.220+0000] {processor.py:176} INFO - Processing /opt/airflow/dags/groups/group_downloads.py took 0.026 seconds
[2024-07-16T00:26:39.499+0000] {processor.py:154} INFO - Started process (PID=1728) to work on /opt/airflow/dags/groups/group_downloads.py
[2024-07-16T00:26:39.500+0000] {processor.py:756} INFO - Processing file /opt/airflow/dags/groups/group_downloads.py for tasks to queue
[2024-07-16T00:26:39.501+0000] {logging_mixin.py:120} INFO - [2024-07-16T00:26:39.501+0000] {dagbag.py:537} INFO - Filling up the DagBag from /opt/airflow/dags/groups/group_downloads.py
[2024-07-16T00:26:39.507+0000] {processor.py:768} WARNING - No viable dags retrieved from /opt/airflow/dags/groups/group_downloads.py
[2024-07-16T00:26:39.523+0000] {processor.py:176} INFO - Processing /opt/airflow/dags/groups/group_downloads.py took 0.027 seconds
[2024-07-16T00:27:10.029+0000] {processor.py:154} INFO - Started process (PID=1755) to work on /opt/airflow/dags/groups/group_downloads.py
[2024-07-16T00:27:10.030+0000] {processor.py:756} INFO - Processing file /opt/airflow/dags/groups/group_downloads.py for tasks to queue
[2024-07-16T00:27:10.031+0000] {logging_mixin.py:120} INFO - [2024-07-16T00:27:10.031+0000] {dagbag.py:537} INFO - Filling up the DagBag from /opt/airflow/dags/groups/group_downloads.py
[2024-07-16T00:27:10.038+0000] {processor.py:768} WARNING - No viable dags retrieved from /opt/airflow/dags/groups/group_downloads.py
[2024-07-16T00:27:10.053+0000] {processor.py:176} INFO - Processing /opt/airflow/dags/groups/group_downloads.py took 0.027 seconds
[2024-07-16T00:27:40.210+0000] {processor.py:154} INFO - Started process (PID=1792) to work on /opt/airflow/dags/groups/group_downloads.py
[2024-07-16T00:27:40.214+0000] {processor.py:756} INFO - Processing file /opt/airflow/dags/groups/group_downloads.py for tasks to queue
[2024-07-16T00:27:40.215+0000] {logging_mixin.py:120} INFO - [2024-07-16T00:27:40.215+0000] {dagbag.py:537} INFO - Filling up the DagBag from /opt/airflow/dags/groups/group_downloads.py
[2024-07-16T00:27:40.221+0000] {processor.py:768} WARNING - No viable dags retrieved from /opt/airflow/dags/groups/group_downloads.py
[2024-07-16T00:27:40.233+0000] {processor.py:176} INFO - Processing /opt/airflow/dags/groups/group_downloads.py took 0.027 seconds
[2024-07-16T00:28:10.399+0000] {processor.py:154} INFO - Started process (PID=1830) to work on /opt/airflow/dags/groups/group_downloads.py
[2024-07-16T00:28:10.400+0000] {processor.py:756} INFO - Processing file /opt/airflow/dags/groups/group_downloads.py for tasks to queue
[2024-07-16T00:28:10.401+0000] {logging_mixin.py:120} INFO - [2024-07-16T00:28:10.401+0000] {dagbag.py:537} INFO - Filling up the DagBag from /opt/airflow/dags/groups/group_downloads.py
[2024-07-16T00:28:10.407+0000] {processor.py:768} WARNING - No viable dags retrieved from /opt/airflow/dags/groups/group_downloads.py
[2024-07-16T00:28:10.421+0000] {processor.py:176} INFO - Processing /opt/airflow/dags/groups/group_downloads.py took 0.026 seconds
[2024-07-16T00:28:41.085+0000] {processor.py:154} INFO - Started process (PID=1868) to work on /opt/airflow/dags/groups/group_downloads.py
[2024-07-16T00:28:41.086+0000] {processor.py:756} INFO - Processing file /opt/airflow/dags/groups/group_downloads.py for tasks to queue
[2024-07-16T00:28:41.087+0000] {logging_mixin.py:120} INFO - [2024-07-16T00:28:41.086+0000] {dagbag.py:537} INFO - Filling up the DagBag from /opt/airflow/dags/groups/group_downloads.py
[2024-07-16T00:28:41.093+0000] {processor.py:768} WARNING - No viable dags retrieved from /opt/airflow/dags/groups/group_downloads.py
[2024-07-16T00:28:41.109+0000] {processor.py:176} INFO - Processing /opt/airflow/dags/groups/group_downloads.py took 0.027 seconds
[2024-07-16T00:29:11.673+0000] {processor.py:154} INFO - Started process (PID=1897) to work on /opt/airflow/dags/groups/group_downloads.py
[2024-07-16T00:29:11.674+0000] {processor.py:756} INFO - Processing file /opt/airflow/dags/groups/group_downloads.py for tasks to queue
[2024-07-16T00:29:11.675+0000] {logging_mixin.py:120} INFO - [2024-07-16T00:29:11.675+0000] {dagbag.py:537} INFO - Filling up the DagBag from /opt/airflow/dags/groups/group_downloads.py
[2024-07-16T00:29:11.680+0000] {processor.py:768} WARNING - No viable dags retrieved from /opt/airflow/dags/groups/group_downloads.py
[2024-07-16T00:29:11.695+0000] {processor.py:176} INFO - Processing /opt/airflow/dags/groups/group_downloads.py took 0.025 seconds
[2024-07-16T00:29:41.867+0000] {processor.py:154} INFO - Started process (PID=1935) to work on /opt/airflow/dags/groups/group_downloads.py
[2024-07-16T00:29:41.867+0000] {processor.py:756} INFO - Processing file /opt/airflow/dags/groups/group_downloads.py for tasks to queue
[2024-07-16T00:29:41.868+0000] {logging_mixin.py:120} INFO - [2024-07-16T00:29:41.868+0000] {dagbag.py:537} INFO - Filling up the DagBag from /opt/airflow/dags/groups/group_downloads.py
[2024-07-16T00:29:41.876+0000] {processor.py:768} WARNING - No viable dags retrieved from /opt/airflow/dags/groups/group_downloads.py
[2024-07-16T00:29:41.893+0000] {processor.py:176} INFO - Processing /opt/airflow/dags/groups/group_downloads.py took 0.030 seconds
[2024-07-16T00:30:12.102+0000] {processor.py:154} INFO - Started process (PID=1972) to work on /opt/airflow/dags/groups/group_downloads.py
[2024-07-16T00:30:12.103+0000] {processor.py:756} INFO - Processing file /opt/airflow/dags/groups/group_downloads.py for tasks to queue
[2024-07-16T00:30:12.104+0000] {logging_mixin.py:120} INFO - [2024-07-16T00:30:12.104+0000] {dagbag.py:537} INFO - Filling up the DagBag from /opt/airflow/dags/groups/group_downloads.py
[2024-07-16T00:30:12.110+0000] {processor.py:768} WARNING - No viable dags retrieved from /opt/airflow/dags/groups/group_downloads.py
[2024-07-16T00:30:12.123+0000] {processor.py:176} INFO - Processing /opt/airflow/dags/groups/group_downloads.py took 0.024 seconds
[2024-07-16T00:30:42.256+0000] {processor.py:154} INFO - Started process (PID=2009) to work on /opt/airflow/dags/groups/group_downloads.py
[2024-07-16T00:30:42.257+0000] {processor.py:756} INFO - Processing file /opt/airflow/dags/groups/group_downloads.py for tasks to queue
[2024-07-16T00:30:42.258+0000] {logging_mixin.py:120} INFO - [2024-07-16T00:30:42.258+0000] {dagbag.py:537} INFO - Filling up the DagBag from /opt/airflow/dags/groups/group_downloads.py
[2024-07-16T00:30:42.264+0000] {processor.py:768} WARNING - No viable dags retrieved from /opt/airflow/dags/groups/group_downloads.py
[2024-07-16T00:30:42.277+0000] {processor.py:176} INFO - Processing /opt/airflow/dags/groups/group_downloads.py took 0.024 seconds
[2024-07-16T00:31:12.341+0000] {processor.py:154} INFO - Started process (PID=2037) to work on /opt/airflow/dags/groups/group_downloads.py
[2024-07-16T00:31:12.342+0000] {processor.py:756} INFO - Processing file /opt/airflow/dags/groups/group_downloads.py for tasks to queue
[2024-07-16T00:31:12.343+0000] {logging_mixin.py:120} INFO - [2024-07-16T00:31:12.343+0000] {dagbag.py:537} INFO - Filling up the DagBag from /opt/airflow/dags/groups/group_downloads.py
[2024-07-16T00:31:12.348+0000] {processor.py:768} WARNING - No viable dags retrieved from /opt/airflow/dags/groups/group_downloads.py
[2024-07-16T00:31:12.362+0000] {processor.py:176} INFO - Processing /opt/airflow/dags/groups/group_downloads.py took 0.024 seconds
[2024-07-16T00:31:42.397+0000] {processor.py:154} INFO - Started process (PID=2074) to work on /opt/airflow/dags/groups/group_downloads.py
[2024-07-16T00:31:42.398+0000] {processor.py:756} INFO - Processing file /opt/airflow/dags/groups/group_downloads.py for tasks to queue
[2024-07-16T00:31:42.399+0000] {logging_mixin.py:120} INFO - [2024-07-16T00:31:42.399+0000] {dagbag.py:537} INFO - Filling up the DagBag from /opt/airflow/dags/groups/group_downloads.py
[2024-07-16T00:31:42.406+0000] {processor.py:768} WARNING - No viable dags retrieved from /opt/airflow/dags/groups/group_downloads.py
[2024-07-16T00:31:42.419+0000] {processor.py:176} INFO - Processing /opt/airflow/dags/groups/group_downloads.py took 0.025 seconds
[2024-07-16T00:32:12.749+0000] {processor.py:154} INFO - Started process (PID=2120) to work on /opt/airflow/dags/groups/group_downloads.py
[2024-07-16T00:32:12.751+0000] {processor.py:756} INFO - Processing file /opt/airflow/dags/groups/group_downloads.py for tasks to queue
[2024-07-16T00:32:12.751+0000] {logging_mixin.py:120} INFO - [2024-07-16T00:32:12.751+0000] {dagbag.py:537} INFO - Filling up the DagBag from /opt/airflow/dags/groups/group_downloads.py
[2024-07-16T00:32:12.756+0000] {processor.py:768} WARNING - No viable dags retrieved from /opt/airflow/dags/groups/group_downloads.py
[2024-07-16T00:32:12.769+0000] {processor.py:176} INFO - Processing /opt/airflow/dags/groups/group_downloads.py took 0.023 seconds
[2024-07-16T00:32:42.825+0000] {processor.py:154} INFO - Started process (PID=2157) to work on /opt/airflow/dags/groups/group_downloads.py
[2024-07-16T00:32:42.828+0000] {processor.py:756} INFO - Processing file /opt/airflow/dags/groups/group_downloads.py for tasks to queue
[2024-07-16T00:32:42.829+0000] {logging_mixin.py:120} INFO - [2024-07-16T00:32:42.829+0000] {dagbag.py:537} INFO - Filling up the DagBag from /opt/airflow/dags/groups/group_downloads.py
[2024-07-16T00:32:42.834+0000] {processor.py:768} WARNING - No viable dags retrieved from /opt/airflow/dags/groups/group_downloads.py
[2024-07-16T00:32:42.849+0000] {processor.py:176} INFO - Processing /opt/airflow/dags/groups/group_downloads.py took 0.026 seconds
[2024-07-16T00:33:13.055+0000] {processor.py:154} INFO - Started process (PID=2187) to work on /opt/airflow/dags/groups/group_downloads.py
[2024-07-16T00:33:13.056+0000] {processor.py:756} INFO - Processing file /opt/airflow/dags/groups/group_downloads.py for tasks to queue
[2024-07-16T00:33:13.057+0000] {logging_mixin.py:120} INFO - [2024-07-16T00:33:13.057+0000] {dagbag.py:537} INFO - Filling up the DagBag from /opt/airflow/dags/groups/group_downloads.py
[2024-07-16T00:33:13.063+0000] {processor.py:768} WARNING - No viable dags retrieved from /opt/airflow/dags/groups/group_downloads.py
[2024-07-16T00:33:13.076+0000] {processor.py:176} INFO - Processing /opt/airflow/dags/groups/group_downloads.py took 0.024 seconds
[2024-07-16T00:33:43.234+0000] {processor.py:154} INFO - Started process (PID=2240) to work on /opt/airflow/dags/groups/group_downloads.py
[2024-07-16T00:33:43.235+0000] {processor.py:756} INFO - Processing file /opt/airflow/dags/groups/group_downloads.py for tasks to queue
[2024-07-16T00:33:43.236+0000] {logging_mixin.py:120} INFO - [2024-07-16T00:33:43.236+0000] {dagbag.py:537} INFO - Filling up the DagBag from /opt/airflow/dags/groups/group_downloads.py
[2024-07-16T00:33:43.247+0000] {processor.py:768} WARNING - No viable dags retrieved from /opt/airflow/dags/groups/group_downloads.py
[2024-07-16T00:33:43.260+0000] {processor.py:176} INFO - Processing /opt/airflow/dags/groups/group_downloads.py took 0.030 seconds
[2024-07-16T00:34:13.409+0000] {processor.py:154} INFO - Started process (PID=2277) to work on /opt/airflow/dags/groups/group_downloads.py
[2024-07-16T00:34:13.410+0000] {processor.py:756} INFO - Processing file /opt/airflow/dags/groups/group_downloads.py for tasks to queue
[2024-07-16T00:34:13.411+0000] {logging_mixin.py:120} INFO - [2024-07-16T00:34:13.411+0000] {dagbag.py:537} INFO - Filling up the DagBag from /opt/airflow/dags/groups/group_downloads.py
[2024-07-16T00:34:13.416+0000] {processor.py:768} WARNING - No viable dags retrieved from /opt/airflow/dags/groups/group_downloads.py
[2024-07-16T00:34:13.429+0000] {processor.py:176} INFO - Processing /opt/airflow/dags/groups/group_downloads.py took 0.024 seconds
[2024-07-16T00:34:43.476+0000] {processor.py:154} INFO - Started process (PID=2304) to work on /opt/airflow/dags/groups/group_downloads.py
[2024-07-16T00:34:43.477+0000] {processor.py:756} INFO - Processing file /opt/airflow/dags/groups/group_downloads.py for tasks to queue
[2024-07-16T00:34:43.481+0000] {logging_mixin.py:120} INFO - [2024-07-16T00:34:43.481+0000] {dagbag.py:537} INFO - Filling up the DagBag from /opt/airflow/dags/groups/group_downloads.py
[2024-07-16T00:34:43.487+0000] {processor.py:768} WARNING - No viable dags retrieved from /opt/airflow/dags/groups/group_downloads.py
[2024-07-16T00:34:43.501+0000] {processor.py:176} INFO - Processing /opt/airflow/dags/groups/group_downloads.py took 0.027 seconds
[2024-07-16T00:35:13.735+0000] {processor.py:154} INFO - Started process (PID=2343) to work on /opt/airflow/dags/groups/group_downloads.py
[2024-07-16T00:35:13.736+0000] {processor.py:756} INFO - Processing file /opt/airflow/dags/groups/group_downloads.py for tasks to queue
[2024-07-16T00:35:13.737+0000] {logging_mixin.py:120} INFO - [2024-07-16T00:35:13.737+0000] {dagbag.py:537} INFO - Filling up the DagBag from /opt/airflow/dags/groups/group_downloads.py
[2024-07-16T00:35:13.742+0000] {processor.py:768} WARNING - No viable dags retrieved from /opt/airflow/dags/groups/group_downloads.py
[2024-07-16T00:35:13.756+0000] {processor.py:176} INFO - Processing /opt/airflow/dags/groups/group_downloads.py took 0.024 seconds
[2024-07-16T00:35:43.865+0000] {processor.py:154} INFO - Started process (PID=2381) to work on /opt/airflow/dags/groups/group_downloads.py
[2024-07-16T00:35:43.867+0000] {processor.py:756} INFO - Processing file /opt/airflow/dags/groups/group_downloads.py for tasks to queue
[2024-07-16T00:35:43.867+0000] {logging_mixin.py:120} INFO - [2024-07-16T00:35:43.867+0000] {dagbag.py:537} INFO - Filling up the DagBag from /opt/airflow/dags/groups/group_downloads.py
[2024-07-16T00:35:43.874+0000] {processor.py:768} WARNING - No viable dags retrieved from /opt/airflow/dags/groups/group_downloads.py
[2024-07-16T00:35:43.890+0000] {processor.py:176} INFO - Processing /opt/airflow/dags/groups/group_downloads.py took 0.030 seconds
[2024-07-16T00:36:14.030+0000] {processor.py:154} INFO - Started process (PID=2419) to work on /opt/airflow/dags/groups/group_downloads.py
[2024-07-16T00:36:14.031+0000] {processor.py:756} INFO - Processing file /opt/airflow/dags/groups/group_downloads.py for tasks to queue
[2024-07-16T00:36:14.032+0000] {logging_mixin.py:120} INFO - [2024-07-16T00:36:14.032+0000] {dagbag.py:537} INFO - Filling up the DagBag from /opt/airflow/dags/groups/group_downloads.py
[2024-07-16T00:36:14.037+0000] {processor.py:768} WARNING - No viable dags retrieved from /opt/airflow/dags/groups/group_downloads.py
[2024-07-16T00:36:14.050+0000] {processor.py:176} INFO - Processing /opt/airflow/dags/groups/group_downloads.py took 0.023 seconds
[2024-07-16T00:40:19.490+0000] {processor.py:154} INFO - Started process (PID=44) to work on /opt/airflow/dags/groups/group_downloads.py
[2024-07-16T00:40:19.490+0000] {processor.py:756} INFO - Processing file /opt/airflow/dags/groups/group_downloads.py for tasks to queue
[2024-07-16T00:40:19.491+0000] {logging_mixin.py:120} INFO - [2024-07-16T00:40:19.491+0000] {dagbag.py:537} INFO - Filling up the DagBag from /opt/airflow/dags/groups/group_downloads.py
[2024-07-16T00:40:19.499+0000] {processor.py:768} WARNING - No viable dags retrieved from /opt/airflow/dags/groups/group_downloads.py
[2024-07-16T00:40:19.513+0000] {processor.py:176} INFO - Processing /opt/airflow/dags/groups/group_downloads.py took 0.026 seconds
[2024-07-16T00:40:50.178+0000] {processor.py:154} INFO - Started process (PID=80) to work on /opt/airflow/dags/groups/group_downloads.py
[2024-07-16T00:40:50.179+0000] {processor.py:756} INFO - Processing file /opt/airflow/dags/groups/group_downloads.py for tasks to queue
[2024-07-16T00:40:50.182+0000] {logging_mixin.py:120} INFO - [2024-07-16T00:40:50.182+0000] {dagbag.py:537} INFO - Filling up the DagBag from /opt/airflow/dags/groups/group_downloads.py
[2024-07-16T00:40:50.188+0000] {processor.py:768} WARNING - No viable dags retrieved from /opt/airflow/dags/groups/group_downloads.py
[2024-07-16T00:40:50.204+0000] {processor.py:176} INFO - Processing /opt/airflow/dags/groups/group_downloads.py took 0.029 seconds
[2024-07-16T00:41:20.303+0000] {processor.py:154} INFO - Started process (PID=110) to work on /opt/airflow/dags/groups/group_downloads.py
[2024-07-16T00:41:20.303+0000] {processor.py:756} INFO - Processing file /opt/airflow/dags/groups/group_downloads.py for tasks to queue
[2024-07-16T00:41:20.304+0000] {logging_mixin.py:120} INFO - [2024-07-16T00:41:20.304+0000] {dagbag.py:537} INFO - Filling up the DagBag from /opt/airflow/dags/groups/group_downloads.py
[2024-07-16T00:41:20.309+0000] {processor.py:768} WARNING - No viable dags retrieved from /opt/airflow/dags/groups/group_downloads.py
[2024-07-16T00:41:20.321+0000] {processor.py:176} INFO - Processing /opt/airflow/dags/groups/group_downloads.py took 0.022 seconds
[2024-07-16T00:41:50.928+0000] {processor.py:154} INFO - Started process (PID=156) to work on /opt/airflow/dags/groups/group_downloads.py
[2024-07-16T00:41:50.930+0000] {processor.py:756} INFO - Processing file /opt/airflow/dags/groups/group_downloads.py for tasks to queue
[2024-07-16T00:41:50.931+0000] {logging_mixin.py:120} INFO - [2024-07-16T00:41:50.930+0000] {dagbag.py:537} INFO - Filling up the DagBag from /opt/airflow/dags/groups/group_downloads.py
[2024-07-16T00:41:50.936+0000] {processor.py:768} WARNING - No viable dags retrieved from /opt/airflow/dags/groups/group_downloads.py
[2024-07-16T00:41:50.949+0000] {processor.py:176} INFO - Processing /opt/airflow/dags/groups/group_downloads.py took 0.023 seconds
[2024-07-16T00:42:21.568+0000] {processor.py:154} INFO - Started process (PID=209) to work on /opt/airflow/dags/groups/group_downloads.py
[2024-07-16T00:42:21.569+0000] {processor.py:756} INFO - Processing file /opt/airflow/dags/groups/group_downloads.py for tasks to queue
[2024-07-16T00:42:21.570+0000] {logging_mixin.py:120} INFO - [2024-07-16T00:42:21.570+0000] {dagbag.py:537} INFO - Filling up the DagBag from /opt/airflow/dags/groups/group_downloads.py
[2024-07-16T00:42:21.575+0000] {processor.py:768} WARNING - No viable dags retrieved from /opt/airflow/dags/groups/group_downloads.py
[2024-07-16T00:42:21.588+0000] {processor.py:176} INFO - Processing /opt/airflow/dags/groups/group_downloads.py took 0.024 seconds
[2024-07-16T00:42:52.159+0000] {processor.py:154} INFO - Started process (PID=247) to work on /opt/airflow/dags/groups/group_downloads.py
[2024-07-16T00:42:52.159+0000] {processor.py:756} INFO - Processing file /opt/airflow/dags/groups/group_downloads.py for tasks to queue
[2024-07-16T00:42:52.160+0000] {logging_mixin.py:120} INFO - [2024-07-16T00:42:52.160+0000] {dagbag.py:537} INFO - Filling up the DagBag from /opt/airflow/dags/groups/group_downloads.py
[2024-07-16T00:42:52.166+0000] {processor.py:768} WARNING - No viable dags retrieved from /opt/airflow/dags/groups/group_downloads.py
[2024-07-16T00:42:52.178+0000] {processor.py:176} INFO - Processing /opt/airflow/dags/groups/group_downloads.py took 0.023 seconds
[2024-07-16T00:43:22.776+0000] {processor.py:154} INFO - Started process (PID=285) to work on /opt/airflow/dags/groups/group_downloads.py
[2024-07-16T00:43:22.777+0000] {processor.py:756} INFO - Processing file /opt/airflow/dags/groups/group_downloads.py for tasks to queue
[2024-07-16T00:43:22.777+0000] {logging_mixin.py:120} INFO - [2024-07-16T00:43:22.777+0000] {dagbag.py:537} INFO - Filling up the DagBag from /opt/airflow/dags/groups/group_downloads.py
[2024-07-16T00:43:22.784+0000] {processor.py:768} WARNING - No viable dags retrieved from /opt/airflow/dags/groups/group_downloads.py
[2024-07-16T00:43:22.796+0000] {processor.py:176} INFO - Processing /opt/airflow/dags/groups/group_downloads.py took 0.023 seconds
[2024-07-16T00:43:53.383+0000] {processor.py:154} INFO - Started process (PID=314) to work on /opt/airflow/dags/groups/group_downloads.py
[2024-07-16T00:43:53.384+0000] {processor.py:756} INFO - Processing file /opt/airflow/dags/groups/group_downloads.py for tasks to queue
[2024-07-16T00:43:53.385+0000] {logging_mixin.py:120} INFO - [2024-07-16T00:43:53.385+0000] {dagbag.py:537} INFO - Filling up the DagBag from /opt/airflow/dags/groups/group_downloads.py
[2024-07-16T00:43:53.391+0000] {processor.py:768} WARNING - No viable dags retrieved from /opt/airflow/dags/groups/group_downloads.py
[2024-07-16T00:43:53.404+0000] {processor.py:176} INFO - Processing /opt/airflow/dags/groups/group_downloads.py took 0.024 seconds
[2024-07-16T00:44:23.978+0000] {processor.py:154} INFO - Started process (PID=352) to work on /opt/airflow/dags/groups/group_downloads.py
[2024-07-16T00:44:23.979+0000] {processor.py:756} INFO - Processing file /opt/airflow/dags/groups/group_downloads.py for tasks to queue
[2024-07-16T00:44:23.980+0000] {logging_mixin.py:120} INFO - [2024-07-16T00:44:23.979+0000] {dagbag.py:537} INFO - Filling up the DagBag from /opt/airflow/dags/groups/group_downloads.py
[2024-07-16T00:44:23.986+0000] {processor.py:768} WARNING - No viable dags retrieved from /opt/airflow/dags/groups/group_downloads.py
[2024-07-16T00:44:23.997+0000] {processor.py:176} INFO - Processing /opt/airflow/dags/groups/group_downloads.py took 0.022 seconds
[2024-07-16T00:44:54.191+0000] {processor.py:154} INFO - Started process (PID=390) to work on /opt/airflow/dags/groups/group_downloads.py
[2024-07-16T00:44:54.192+0000] {processor.py:756} INFO - Processing file /opt/airflow/dags/groups/group_downloads.py for tasks to queue
[2024-07-16T00:44:54.193+0000] {logging_mixin.py:120} INFO - [2024-07-16T00:44:54.192+0000] {dagbag.py:537} INFO - Filling up the DagBag from /opt/airflow/dags/groups/group_downloads.py
[2024-07-16T00:44:54.198+0000] {processor.py:768} WARNING - No viable dags retrieved from /opt/airflow/dags/groups/group_downloads.py
[2024-07-16T00:44:54.210+0000] {processor.py:176} INFO - Processing /opt/airflow/dags/groups/group_downloads.py took 0.023 seconds
[2024-07-16T00:45:24.867+0000] {processor.py:154} INFO - Started process (PID=429) to work on /opt/airflow/dags/groups/group_downloads.py
[2024-07-16T00:45:24.871+0000] {processor.py:756} INFO - Processing file /opt/airflow/dags/groups/group_downloads.py for tasks to queue
[2024-07-16T00:45:24.874+0000] {logging_mixin.py:120} INFO - [2024-07-16T00:45:24.874+0000] {dagbag.py:537} INFO - Filling up the DagBag from /opt/airflow/dags/groups/group_downloads.py
[2024-07-16T00:45:24.884+0000] {processor.py:768} WARNING - No viable dags retrieved from /opt/airflow/dags/groups/group_downloads.py
[2024-07-16T00:45:24.896+0000] {processor.py:176} INFO - Processing /opt/airflow/dags/groups/group_downloads.py took 0.032 seconds
[2024-07-16T00:45:55.783+0000] {processor.py:154} INFO - Started process (PID=460) to work on /opt/airflow/dags/groups/group_downloads.py
[2024-07-16T00:45:55.784+0000] {processor.py:756} INFO - Processing file /opt/airflow/dags/groups/group_downloads.py for tasks to queue
[2024-07-16T00:45:55.785+0000] {logging_mixin.py:120} INFO - [2024-07-16T00:45:55.785+0000] {dagbag.py:537} INFO - Filling up the DagBag from /opt/airflow/dags/groups/group_downloads.py
[2024-07-16T00:45:55.791+0000] {processor.py:768} WARNING - No viable dags retrieved from /opt/airflow/dags/groups/group_downloads.py
[2024-07-16T00:45:55.805+0000] {processor.py:176} INFO - Processing /opt/airflow/dags/groups/group_downloads.py took 0.025 seconds
[2024-07-16T00:46:26.448+0000] {processor.py:154} INFO - Started process (PID=499) to work on /opt/airflow/dags/groups/group_downloads.py
[2024-07-16T00:46:26.449+0000] {processor.py:756} INFO - Processing file /opt/airflow/dags/groups/group_downloads.py for tasks to queue
[2024-07-16T00:46:26.451+0000] {logging_mixin.py:120} INFO - [2024-07-16T00:46:26.451+0000] {dagbag.py:537} INFO - Filling up the DagBag from /opt/airflow/dags/groups/group_downloads.py
[2024-07-16T00:46:26.455+0000] {processor.py:768} WARNING - No viable dags retrieved from /opt/airflow/dags/groups/group_downloads.py
[2024-07-16T00:46:26.469+0000] {processor.py:176} INFO - Processing /opt/airflow/dags/groups/group_downloads.py took 0.024 seconds
[2024-07-16T00:46:56.626+0000] {processor.py:154} INFO - Started process (PID=538) to work on /opt/airflow/dags/groups/group_downloads.py
[2024-07-16T00:46:56.627+0000] {processor.py:756} INFO - Processing file /opt/airflow/dags/groups/group_downloads.py for tasks to queue
[2024-07-16T00:46:56.628+0000] {logging_mixin.py:120} INFO - [2024-07-16T00:46:56.628+0000] {dagbag.py:537} INFO - Filling up the DagBag from /opt/airflow/dags/groups/group_downloads.py
[2024-07-16T00:46:56.633+0000] {processor.py:768} WARNING - No viable dags retrieved from /opt/airflow/dags/groups/group_downloads.py
[2024-07-16T00:46:56.650+0000] {processor.py:176} INFO - Processing /opt/airflow/dags/groups/group_downloads.py took 0.027 seconds
[2024-07-16T00:47:27.168+0000] {processor.py:154} INFO - Started process (PID=579) to work on /opt/airflow/dags/groups/group_downloads.py
[2024-07-16T00:47:27.169+0000] {processor.py:756} INFO - Processing file /opt/airflow/dags/groups/group_downloads.py for tasks to queue
[2024-07-16T00:47:27.170+0000] {logging_mixin.py:120} INFO - [2024-07-16T00:47:27.170+0000] {dagbag.py:537} INFO - Filling up the DagBag from /opt/airflow/dags/groups/group_downloads.py
[2024-07-16T00:47:27.175+0000] {processor.py:768} WARNING - No viable dags retrieved from /opt/airflow/dags/groups/group_downloads.py
[2024-07-16T00:47:27.188+0000] {processor.py:176} INFO - Processing /opt/airflow/dags/groups/group_downloads.py took 0.022 seconds
[2024-07-16T00:47:57.768+0000] {processor.py:154} INFO - Started process (PID=610) to work on /opt/airflow/dags/groups/group_downloads.py
[2024-07-16T00:47:57.769+0000] {processor.py:756} INFO - Processing file /opt/airflow/dags/groups/group_downloads.py for tasks to queue
[2024-07-16T00:47:57.770+0000] {logging_mixin.py:120} INFO - [2024-07-16T00:47:57.770+0000] {dagbag.py:537} INFO - Filling up the DagBag from /opt/airflow/dags/groups/group_downloads.py
[2024-07-16T00:47:57.775+0000] {processor.py:768} WARNING - No viable dags retrieved from /opt/airflow/dags/groups/group_downloads.py
[2024-07-16T00:47:57.787+0000] {processor.py:176} INFO - Processing /opt/airflow/dags/groups/group_downloads.py took 0.022 seconds
[2024-07-16T00:48:28.402+0000] {processor.py:154} INFO - Started process (PID=651) to work on /opt/airflow/dags/groups/group_downloads.py
[2024-07-16T00:48:28.406+0000] {processor.py:756} INFO - Processing file /opt/airflow/dags/groups/group_downloads.py for tasks to queue
[2024-07-16T00:48:28.406+0000] {logging_mixin.py:120} INFO - [2024-07-16T00:48:28.406+0000] {dagbag.py:537} INFO - Filling up the DagBag from /opt/airflow/dags/groups/group_downloads.py
[2024-07-16T00:48:28.412+0000] {processor.py:768} WARNING - No viable dags retrieved from /opt/airflow/dags/groups/group_downloads.py
[2024-07-16T00:48:28.425+0000] {processor.py:176} INFO - Processing /opt/airflow/dags/groups/group_downloads.py took 0.027 seconds
[2024-07-16T00:48:59.059+0000] {processor.py:154} INFO - Started process (PID=691) to work on /opt/airflow/dags/groups/group_downloads.py
[2024-07-16T00:48:59.062+0000] {processor.py:756} INFO - Processing file /opt/airflow/dags/groups/group_downloads.py for tasks to queue
[2024-07-16T00:48:59.063+0000] {logging_mixin.py:120} INFO - [2024-07-16T00:48:59.063+0000] {dagbag.py:537} INFO - Filling up the DagBag from /opt/airflow/dags/groups/group_downloads.py
[2024-07-16T00:48:59.075+0000] {processor.py:768} WARNING - No viable dags retrieved from /opt/airflow/dags/groups/group_downloads.py
[2024-07-16T00:48:59.124+0000] {processor.py:176} INFO - Processing /opt/airflow/dags/groups/group_downloads.py took 0.068 seconds
[2024-07-16T00:49:30.142+0000] {processor.py:154} INFO - Started process (PID=731) to work on /opt/airflow/dags/groups/group_downloads.py
[2024-07-16T00:49:30.143+0000] {processor.py:756} INFO - Processing file /opt/airflow/dags/groups/group_downloads.py for tasks to queue
[2024-07-16T00:49:30.144+0000] {logging_mixin.py:120} INFO - [2024-07-16T00:49:30.144+0000] {dagbag.py:537} INFO - Filling up the DagBag from /opt/airflow/dags/groups/group_downloads.py
[2024-07-16T00:49:30.149+0000] {processor.py:768} WARNING - No viable dags retrieved from /opt/airflow/dags/groups/group_downloads.py
[2024-07-16T00:49:30.162+0000] {processor.py:176} INFO - Processing /opt/airflow/dags/groups/group_downloads.py took 0.023 seconds
[2024-07-16T00:50:00.435+0000] {processor.py:154} INFO - Started process (PID=762) to work on /opt/airflow/dags/groups/group_downloads.py
[2024-07-16T00:50:00.436+0000] {processor.py:756} INFO - Processing file /opt/airflow/dags/groups/group_downloads.py for tasks to queue
[2024-07-16T00:50:00.436+0000] {logging_mixin.py:120} INFO - [2024-07-16T00:50:00.436+0000] {dagbag.py:537} INFO - Filling up the DagBag from /opt/airflow/dags/groups/group_downloads.py
[2024-07-16T00:50:00.443+0000] {processor.py:768} WARNING - No viable dags retrieved from /opt/airflow/dags/groups/group_downloads.py
[2024-07-16T00:50:00.456+0000] {processor.py:176} INFO - Processing /opt/airflow/dags/groups/group_downloads.py took 0.024 seconds
[2024-07-16T00:50:31.090+0000] {processor.py:154} INFO - Started process (PID=802) to work on /opt/airflow/dags/groups/group_downloads.py
[2024-07-16T00:50:31.091+0000] {processor.py:756} INFO - Processing file /opt/airflow/dags/groups/group_downloads.py for tasks to queue
[2024-07-16T00:50:31.092+0000] {logging_mixin.py:120} INFO - [2024-07-16T00:50:31.092+0000] {dagbag.py:537} INFO - Filling up the DagBag from /opt/airflow/dags/groups/group_downloads.py
[2024-07-16T00:50:31.097+0000] {processor.py:768} WARNING - No viable dags retrieved from /opt/airflow/dags/groups/group_downloads.py
[2024-07-16T00:50:31.113+0000] {processor.py:176} INFO - Processing /opt/airflow/dags/groups/group_downloads.py took 0.026 seconds
[2024-07-16T00:51:01.719+0000] {processor.py:154} INFO - Started process (PID=842) to work on /opt/airflow/dags/groups/group_downloads.py
[2024-07-16T00:51:01.720+0000] {processor.py:756} INFO - Processing file /opt/airflow/dags/groups/group_downloads.py for tasks to queue
[2024-07-16T00:51:01.721+0000] {logging_mixin.py:120} INFO - [2024-07-16T00:51:01.721+0000] {dagbag.py:537} INFO - Filling up the DagBag from /opt/airflow/dags/groups/group_downloads.py
[2024-07-16T00:51:01.727+0000] {processor.py:768} WARNING - No viable dags retrieved from /opt/airflow/dags/groups/group_downloads.py
[2024-07-16T00:51:01.744+0000] {processor.py:176} INFO - Processing /opt/airflow/dags/groups/group_downloads.py took 0.031 seconds
[2024-07-16T00:51:32.373+0000] {processor.py:154} INFO - Started process (PID=882) to work on /opt/airflow/dags/groups/group_downloads.py
[2024-07-16T00:51:32.374+0000] {processor.py:756} INFO - Processing file /opt/airflow/dags/groups/group_downloads.py for tasks to queue
[2024-07-16T00:51:32.374+0000] {logging_mixin.py:120} INFO - [2024-07-16T00:51:32.374+0000] {dagbag.py:537} INFO - Filling up the DagBag from /opt/airflow/dags/groups/group_downloads.py
[2024-07-16T00:51:32.380+0000] {processor.py:768} WARNING - No viable dags retrieved from /opt/airflow/dags/groups/group_downloads.py
[2024-07-16T00:51:32.395+0000] {processor.py:176} INFO - Processing /opt/airflow/dags/groups/group_downloads.py took 0.025 seconds
[2024-07-16T00:52:03.021+0000] {processor.py:154} INFO - Started process (PID=919) to work on /opt/airflow/dags/groups/group_downloads.py
[2024-07-16T00:52:03.022+0000] {processor.py:756} INFO - Processing file /opt/airflow/dags/groups/group_downloads.py for tasks to queue
[2024-07-16T00:52:03.023+0000] {logging_mixin.py:120} INFO - [2024-07-16T00:52:03.023+0000] {dagbag.py:537} INFO - Filling up the DagBag from /opt/airflow/dags/groups/group_downloads.py
[2024-07-16T00:52:03.031+0000] {processor.py:768} WARNING - No viable dags retrieved from /opt/airflow/dags/groups/group_downloads.py
[2024-07-16T00:52:03.050+0000] {processor.py:176} INFO - Processing /opt/airflow/dags/groups/group_downloads.py took 0.032 seconds
[2024-07-16T00:52:33.718+0000] {processor.py:154} INFO - Started process (PID=953) to work on /opt/airflow/dags/groups/group_downloads.py
[2024-07-16T00:52:33.719+0000] {processor.py:756} INFO - Processing file /opt/airflow/dags/groups/group_downloads.py for tasks to queue
[2024-07-16T00:52:33.720+0000] {logging_mixin.py:120} INFO - [2024-07-16T00:52:33.720+0000] {dagbag.py:537} INFO - Filling up the DagBag from /opt/airflow/dags/groups/group_downloads.py
[2024-07-16T00:52:33.726+0000] {processor.py:768} WARNING - No viable dags retrieved from /opt/airflow/dags/groups/group_downloads.py
[2024-07-16T00:52:33.737+0000] {processor.py:176} INFO - Processing /opt/airflow/dags/groups/group_downloads.py took 0.022 seconds
[2024-07-16T00:53:04.357+0000] {processor.py:154} INFO - Started process (PID=993) to work on /opt/airflow/dags/groups/group_downloads.py
[2024-07-16T00:53:04.358+0000] {processor.py:756} INFO - Processing file /opt/airflow/dags/groups/group_downloads.py for tasks to queue
[2024-07-16T00:53:04.359+0000] {logging_mixin.py:120} INFO - [2024-07-16T00:53:04.359+0000] {dagbag.py:537} INFO - Filling up the DagBag from /opt/airflow/dags/groups/group_downloads.py
[2024-07-16T00:53:04.365+0000] {processor.py:768} WARNING - No viable dags retrieved from /opt/airflow/dags/groups/group_downloads.py
[2024-07-16T00:53:04.378+0000] {processor.py:176} INFO - Processing /opt/airflow/dags/groups/group_downloads.py took 0.024 seconds
[2024-07-16T00:53:34.958+0000] {processor.py:154} INFO - Started process (PID=1033) to work on /opt/airflow/dags/groups/group_downloads.py
[2024-07-16T00:53:34.959+0000] {processor.py:756} INFO - Processing file /opt/airflow/dags/groups/group_downloads.py for tasks to queue
[2024-07-16T00:53:34.960+0000] {logging_mixin.py:120} INFO - [2024-07-16T00:53:34.960+0000] {dagbag.py:537} INFO - Filling up the DagBag from /opt/airflow/dags/groups/group_downloads.py
[2024-07-16T00:53:34.967+0000] {processor.py:768} WARNING - No viable dags retrieved from /opt/airflow/dags/groups/group_downloads.py
[2024-07-16T00:53:34.985+0000] {processor.py:176} INFO - Processing /opt/airflow/dags/groups/group_downloads.py took 0.030 seconds
[2024-07-16T00:54:05.610+0000] {processor.py:154} INFO - Started process (PID=1073) to work on /opt/airflow/dags/groups/group_downloads.py
[2024-07-16T00:54:05.611+0000] {processor.py:756} INFO - Processing file /opt/airflow/dags/groups/group_downloads.py for tasks to queue
[2024-07-16T00:54:05.612+0000] {logging_mixin.py:120} INFO - [2024-07-16T00:54:05.612+0000] {dagbag.py:537} INFO - Filling up the DagBag from /opt/airflow/dags/groups/group_downloads.py
[2024-07-16T00:54:05.618+0000] {processor.py:768} WARNING - No viable dags retrieved from /opt/airflow/dags/groups/group_downloads.py
[2024-07-16T00:54:05.639+0000] {processor.py:176} INFO - Processing /opt/airflow/dags/groups/group_downloads.py took 0.032 seconds
[2024-07-16T00:54:36.318+0000] {processor.py:154} INFO - Started process (PID=1104) to work on /opt/airflow/dags/groups/group_downloads.py
[2024-07-16T00:54:36.319+0000] {processor.py:756} INFO - Processing file /opt/airflow/dags/groups/group_downloads.py for tasks to queue
[2024-07-16T00:54:36.320+0000] {logging_mixin.py:120} INFO - [2024-07-16T00:54:36.320+0000] {dagbag.py:537} INFO - Filling up the DagBag from /opt/airflow/dags/groups/group_downloads.py
[2024-07-16T00:54:36.325+0000] {processor.py:768} WARNING - No viable dags retrieved from /opt/airflow/dags/groups/group_downloads.py
[2024-07-16T00:54:36.338+0000] {processor.py:176} INFO - Processing /opt/airflow/dags/groups/group_downloads.py took 0.023 seconds
[2024-07-16T00:55:06.957+0000] {processor.py:154} INFO - Started process (PID=1144) to work on /opt/airflow/dags/groups/group_downloads.py
[2024-07-16T00:55:06.958+0000] {processor.py:756} INFO - Processing file /opt/airflow/dags/groups/group_downloads.py for tasks to queue
[2024-07-16T00:55:06.958+0000] {logging_mixin.py:120} INFO - [2024-07-16T00:55:06.958+0000] {dagbag.py:537} INFO - Filling up the DagBag from /opt/airflow/dags/groups/group_downloads.py
[2024-07-16T00:55:06.965+0000] {processor.py:768} WARNING - No viable dags retrieved from /opt/airflow/dags/groups/group_downloads.py
[2024-07-16T00:55:06.979+0000] {processor.py:176} INFO - Processing /opt/airflow/dags/groups/group_downloads.py took 0.026 seconds
