[2024-07-06T21:34:46.010+0000] {taskinstance.py:1165} INFO - Dependencies all met for <TaskInstance: xcom_dag.branch manual__2024-07-06T21:34:43.574783+00:00 [queued]>
[2024-07-06T21:34:46.017+0000] {taskinstance.py:1165} INFO - Dependencies all met for <TaskInstance: xcom_dag.branch manual__2024-07-06T21:34:43.574783+00:00 [queued]>
[2024-07-06T21:34:46.018+0000] {taskinstance.py:1362} INFO - 
--------------------------------------------------------------------------------
[2024-07-06T21:34:46.018+0000] {taskinstance.py:1363} INFO - Starting attempt 1 of 1
[2024-07-06T21:34:46.018+0000] {taskinstance.py:1364} INFO - 
--------------------------------------------------------------------------------
[2024-07-06T21:34:46.030+0000] {taskinstance.py:1383} INFO - Executing <Task(BranchPythonOperator): branch> on 2024-07-06 21:34:43.574783+00:00
[2024-07-06T21:34:46.033+0000] {standard_task_runner.py:55} INFO - Started process 1986 to run task
[2024-07-06T21:34:46.036+0000] {standard_task_runner.py:82} INFO - Running: ['***', 'tasks', 'run', 'xcom_dag', 'branch', 'manual__2024-07-06T21:34:43.574783+00:00', '--job-id', '101', '--raw', '--subdir', 'DAGS_FOLDER/xcom_dag.py', '--cfg-path', '/tmp/tmpjxklegk8']
[2024-07-06T21:34:46.037+0000] {standard_task_runner.py:83} INFO - Job 101: Subtask branch
[2024-07-06T21:34:46.092+0000] {task_command.py:376} INFO - Running <TaskInstance: xcom_dag.branch manual__2024-07-06T21:34:43.574783+00:00 [running]> on host 86f3c0daec77
[2024-07-06T21:34:46.150+0000] {taskinstance.py:1592} INFO - Exporting the following env vars:
AIRFLOW_CTX_DAG_OWNER=***
AIRFLOW_CTX_DAG_ID=xcom_dag
AIRFLOW_CTX_TASK_ID=branch
AIRFLOW_CTX_EXECUTION_DATE=2024-07-06T21:34:43.574783+00:00
AIRFLOW_CTX_TRY_NUMBER=1
AIRFLOW_CTX_DAG_RUN_ID=manual__2024-07-06T21:34:43.574783+00:00
[2024-07-06T21:34:46.161+0000] {python.py:177} INFO - Done. Returned value was: t2
[2024-07-06T21:34:46.162+0000] {skipmixin.py:155} INFO - Following branch t2
[2024-07-06T21:34:46.162+0000] {skipmixin.py:190} INFO - Skipping tasks ['t3']
[2024-07-06T21:34:46.195+0000] {taskinstance.py:1406} INFO - Marking task as SUCCESS. dag_id=xcom_dag, task_id=branch, execution_date=20240706T213443, start_date=20240706T213446, end_date=20240706T213446
[2024-07-06T21:34:46.218+0000] {local_task_job.py:164} INFO - Task exited with return code 0
[2024-07-06T21:34:46.245+0000] {local_task_job.py:273} INFO - 1 downstream tasks scheduled from follow-on schedule check
