[2024-07-04T20:14:23.712+0000] {processor.py:154} INFO - Started process (PID=80) to work on /home/airflow/.local/lib/python3.7/site-packages/airflow/example_dags/example_task_group_decorator.py
[2024-07-04T20:14:23.717+0000] {processor.py:756} INFO - Processing file /home/airflow/.local/lib/python3.7/site-packages/airflow/example_dags/example_task_group_decorator.py for tasks to queue
[2024-07-04T20:14:23.721+0000] {logging_mixin.py:120} INFO - [2024-07-04T20:14:23.720+0000] {dagbag.py:537} INFO - Filling up the DagBag from /home/airflow/.local/lib/python3.7/site-packages/airflow/example_dags/example_task_group_decorator.py
[2024-07-04T20:14:23.840+0000] {processor.py:766} INFO - DAG(s) dict_keys(['example_task_group_decorator']) retrieved from /home/airflow/.local/lib/python3.7/site-packages/airflow/example_dags/example_task_group_decorator.py
[2024-07-04T20:14:23.956+0000] {logging_mixin.py:120} INFO - [2024-07-04T20:14:23.956+0000] {dag.py:2585} INFO - Sync 1 DAGs
[2024-07-04T20:14:24.014+0000] {logging_mixin.py:120} INFO - [2024-07-04T20:14:24.013+0000] {dag.py:3340} INFO - Setting next_dagrun for example_task_group_decorator to 2024-07-03T20:14:24.012917+00:00, run_after=2024-07-04T20:14:24.012917+00:00
[2024-07-04T20:14:24.052+0000] {processor.py:176} INFO - Processing /home/airflow/.local/lib/python3.7/site-packages/airflow/example_dags/example_task_group_decorator.py took 0.352 seconds
[2024-07-04T20:14:54.180+0000] {processor.py:154} INFO - Started process (PID=153) to work on /home/airflow/.local/lib/python3.7/site-packages/airflow/example_dags/example_task_group_decorator.py
[2024-07-04T20:14:54.181+0000] {processor.py:756} INFO - Processing file /home/airflow/.local/lib/python3.7/site-packages/airflow/example_dags/example_task_group_decorator.py for tasks to queue
[2024-07-04T20:14:54.182+0000] {logging_mixin.py:120} INFO - [2024-07-04T20:14:54.182+0000] {dagbag.py:537} INFO - Filling up the DagBag from /home/airflow/.local/lib/python3.7/site-packages/airflow/example_dags/example_task_group_decorator.py
[2024-07-04T20:14:54.211+0000] {processor.py:766} INFO - DAG(s) dict_keys(['example_task_group_decorator']) retrieved from /home/airflow/.local/lib/python3.7/site-packages/airflow/example_dags/example_task_group_decorator.py
[2024-07-04T20:14:54.250+0000] {logging_mixin.py:120} INFO - [2024-07-04T20:14:54.250+0000] {dag.py:2585} INFO - Sync 1 DAGs
[2024-07-04T20:14:54.274+0000] {logging_mixin.py:120} INFO - [2024-07-04T20:14:54.273+0000] {dag.py:3340} INFO - Setting next_dagrun for example_task_group_decorator to 2024-07-03T20:14:54.273672+00:00, run_after=2024-07-04T20:14:54.273672+00:00
[2024-07-04T20:14:54.292+0000] {processor.py:176} INFO - Processing /home/airflow/.local/lib/python3.7/site-packages/airflow/example_dags/example_task_group_decorator.py took 0.116 seconds
[2024-07-04T20:15:24.326+0000] {processor.py:154} INFO - Started process (PID=218) to work on /home/airflow/.local/lib/python3.7/site-packages/airflow/example_dags/example_task_group_decorator.py
[2024-07-04T20:15:24.327+0000] {processor.py:756} INFO - Processing file /home/airflow/.local/lib/python3.7/site-packages/airflow/example_dags/example_task_group_decorator.py for tasks to queue
[2024-07-04T20:15:24.328+0000] {logging_mixin.py:120} INFO - [2024-07-04T20:15:24.328+0000] {dagbag.py:537} INFO - Filling up the DagBag from /home/airflow/.local/lib/python3.7/site-packages/airflow/example_dags/example_task_group_decorator.py
[2024-07-04T20:15:24.352+0000] {processor.py:766} INFO - DAG(s) dict_keys(['example_task_group_decorator']) retrieved from /home/airflow/.local/lib/python3.7/site-packages/airflow/example_dags/example_task_group_decorator.py
[2024-07-04T20:15:24.387+0000] {logging_mixin.py:120} INFO - [2024-07-04T20:15:24.387+0000] {dag.py:2585} INFO - Sync 1 DAGs
[2024-07-04T20:15:24.408+0000] {logging_mixin.py:120} INFO - [2024-07-04T20:15:24.408+0000] {dag.py:3340} INFO - Setting next_dagrun for example_task_group_decorator to 2024-07-03T20:15:24.407907+00:00, run_after=2024-07-04T20:15:24.407907+00:00
[2024-07-04T20:15:24.423+0000] {processor.py:176} INFO - Processing /home/airflow/.local/lib/python3.7/site-packages/airflow/example_dags/example_task_group_decorator.py took 0.100 seconds
[2024-07-04T20:15:55.083+0000] {processor.py:154} INFO - Started process (PID=289) to work on /home/airflow/.local/lib/python3.7/site-packages/airflow/example_dags/example_task_group_decorator.py
[2024-07-04T20:15:55.084+0000] {processor.py:756} INFO - Processing file /home/airflow/.local/lib/python3.7/site-packages/airflow/example_dags/example_task_group_decorator.py for tasks to queue
[2024-07-04T20:15:55.085+0000] {logging_mixin.py:120} INFO - [2024-07-04T20:15:55.085+0000] {dagbag.py:537} INFO - Filling up the DagBag from /home/airflow/.local/lib/python3.7/site-packages/airflow/example_dags/example_task_group_decorator.py
[2024-07-04T20:15:55.109+0000] {processor.py:766} INFO - DAG(s) dict_keys(['example_task_group_decorator']) retrieved from /home/airflow/.local/lib/python3.7/site-packages/airflow/example_dags/example_task_group_decorator.py
[2024-07-04T20:15:55.143+0000] {logging_mixin.py:120} INFO - [2024-07-04T20:15:55.143+0000] {dag.py:2585} INFO - Sync 1 DAGs
[2024-07-04T20:15:55.165+0000] {logging_mixin.py:120} INFO - [2024-07-04T20:15:55.165+0000] {dag.py:3340} INFO - Setting next_dagrun for example_task_group_decorator to 2024-07-03T20:15:55.165130+00:00, run_after=2024-07-04T20:15:55.165130+00:00
[2024-07-04T20:15:55.180+0000] {processor.py:176} INFO - Processing /home/airflow/.local/lib/python3.7/site-packages/airflow/example_dags/example_task_group_decorator.py took 0.100 seconds
[2024-07-04T20:16:26.252+0000] {processor.py:154} INFO - Started process (PID=361) to work on /home/airflow/.local/lib/python3.7/site-packages/airflow/example_dags/example_task_group_decorator.py
[2024-07-04T20:16:26.253+0000] {processor.py:756} INFO - Processing file /home/airflow/.local/lib/python3.7/site-packages/airflow/example_dags/example_task_group_decorator.py for tasks to queue
[2024-07-04T20:16:26.254+0000] {logging_mixin.py:120} INFO - [2024-07-04T20:16:26.254+0000] {dagbag.py:537} INFO - Filling up the DagBag from /home/airflow/.local/lib/python3.7/site-packages/airflow/example_dags/example_task_group_decorator.py
[2024-07-04T20:16:26.282+0000] {processor.py:766} INFO - DAG(s) dict_keys(['example_task_group_decorator']) retrieved from /home/airflow/.local/lib/python3.7/site-packages/airflow/example_dags/example_task_group_decorator.py
[2024-07-04T20:16:26.318+0000] {logging_mixin.py:120} INFO - [2024-07-04T20:16:26.318+0000] {dag.py:2585} INFO - Sync 1 DAGs
[2024-07-04T20:16:26.341+0000] {logging_mixin.py:120} INFO - [2024-07-04T20:16:26.341+0000] {dag.py:3340} INFO - Setting next_dagrun for example_task_group_decorator to 2024-07-03T20:16:26.340939+00:00, run_after=2024-07-04T20:16:26.340939+00:00
[2024-07-04T20:16:26.358+0000] {processor.py:176} INFO - Processing /home/airflow/.local/lib/python3.7/site-packages/airflow/example_dags/example_task_group_decorator.py took 0.109 seconds
[2024-07-04T20:16:57.442+0000] {processor.py:154} INFO - Started process (PID=432) to work on /home/airflow/.local/lib/python3.7/site-packages/airflow/example_dags/example_task_group_decorator.py
[2024-07-04T20:16:57.443+0000] {processor.py:756} INFO - Processing file /home/airflow/.local/lib/python3.7/site-packages/airflow/example_dags/example_task_group_decorator.py for tasks to queue
[2024-07-04T20:16:57.444+0000] {logging_mixin.py:120} INFO - [2024-07-04T20:16:57.443+0000] {dagbag.py:537} INFO - Filling up the DagBag from /home/airflow/.local/lib/python3.7/site-packages/airflow/example_dags/example_task_group_decorator.py
[2024-07-04T20:16:57.470+0000] {processor.py:766} INFO - DAG(s) dict_keys(['example_task_group_decorator']) retrieved from /home/airflow/.local/lib/python3.7/site-packages/airflow/example_dags/example_task_group_decorator.py
[2024-07-04T20:16:57.510+0000] {logging_mixin.py:120} INFO - [2024-07-04T20:16:57.509+0000] {dag.py:2585} INFO - Sync 1 DAGs
[2024-07-04T20:16:57.549+0000] {logging_mixin.py:120} INFO - [2024-07-04T20:16:57.548+0000] {dag.py:3340} INFO - Setting next_dagrun for example_task_group_decorator to 2024-07-03T20:16:57.548601+00:00, run_after=2024-07-04T20:16:57.548601+00:00
[2024-07-04T20:16:57.577+0000] {processor.py:176} INFO - Processing /home/airflow/.local/lib/python3.7/site-packages/airflow/example_dags/example_task_group_decorator.py took 0.138 seconds
[2024-07-04T20:17:28.426+0000] {processor.py:154} INFO - Started process (PID=494) to work on /home/airflow/.local/lib/python3.7/site-packages/airflow/example_dags/example_task_group_decorator.py
[2024-07-04T20:17:28.427+0000] {processor.py:756} INFO - Processing file /home/airflow/.local/lib/python3.7/site-packages/airflow/example_dags/example_task_group_decorator.py for tasks to queue
[2024-07-04T20:17:28.428+0000] {logging_mixin.py:120} INFO - [2024-07-04T20:17:28.428+0000] {dagbag.py:537} INFO - Filling up the DagBag from /home/airflow/.local/lib/python3.7/site-packages/airflow/example_dags/example_task_group_decorator.py
[2024-07-04T20:17:28.456+0000] {processor.py:766} INFO - DAG(s) dict_keys(['example_task_group_decorator']) retrieved from /home/airflow/.local/lib/python3.7/site-packages/airflow/example_dags/example_task_group_decorator.py
[2024-07-04T20:17:28.496+0000] {logging_mixin.py:120} INFO - [2024-07-04T20:17:28.496+0000] {dag.py:2585} INFO - Sync 1 DAGs
[2024-07-04T20:17:28.520+0000] {logging_mixin.py:120} INFO - [2024-07-04T20:17:28.520+0000] {dag.py:3340} INFO - Setting next_dagrun for example_task_group_decorator to 2024-07-03T20:17:28.519794+00:00, run_after=2024-07-04T20:17:28.519794+00:00
[2024-07-04T20:17:28.551+0000] {processor.py:176} INFO - Processing /home/airflow/.local/lib/python3.7/site-packages/airflow/example_dags/example_task_group_decorator.py took 0.128 seconds
[2024-07-04T20:17:59.130+0000] {processor.py:154} INFO - Started process (PID=566) to work on /home/airflow/.local/lib/python3.7/site-packages/airflow/example_dags/example_task_group_decorator.py
[2024-07-04T20:17:59.131+0000] {processor.py:756} INFO - Processing file /home/airflow/.local/lib/python3.7/site-packages/airflow/example_dags/example_task_group_decorator.py for tasks to queue
[2024-07-04T20:17:59.132+0000] {logging_mixin.py:120} INFO - [2024-07-04T20:17:59.132+0000] {dagbag.py:537} INFO - Filling up the DagBag from /home/airflow/.local/lib/python3.7/site-packages/airflow/example_dags/example_task_group_decorator.py
[2024-07-04T20:17:59.157+0000] {processor.py:766} INFO - DAG(s) dict_keys(['example_task_group_decorator']) retrieved from /home/airflow/.local/lib/python3.7/site-packages/airflow/example_dags/example_task_group_decorator.py
[2024-07-04T20:17:59.192+0000] {logging_mixin.py:120} INFO - [2024-07-04T20:17:59.191+0000] {dag.py:2585} INFO - Sync 1 DAGs
[2024-07-04T20:17:59.213+0000] {logging_mixin.py:120} INFO - [2024-07-04T20:17:59.213+0000] {dag.py:3340} INFO - Setting next_dagrun for example_task_group_decorator to 2024-07-03T20:17:59.213528+00:00, run_after=2024-07-04T20:17:59.213528+00:00
[2024-07-04T20:17:59.230+0000] {processor.py:176} INFO - Processing /home/airflow/.local/lib/python3.7/site-packages/airflow/example_dags/example_task_group_decorator.py took 0.102 seconds
[2024-07-04T20:18:29.917+0000] {processor.py:154} INFO - Started process (PID=638) to work on /home/airflow/.local/lib/python3.7/site-packages/airflow/example_dags/example_task_group_decorator.py
[2024-07-04T20:18:29.918+0000] {processor.py:756} INFO - Processing file /home/airflow/.local/lib/python3.7/site-packages/airflow/example_dags/example_task_group_decorator.py for tasks to queue
[2024-07-04T20:18:29.919+0000] {logging_mixin.py:120} INFO - [2024-07-04T20:18:29.919+0000] {dagbag.py:537} INFO - Filling up the DagBag from /home/airflow/.local/lib/python3.7/site-packages/airflow/example_dags/example_task_group_decorator.py
[2024-07-04T20:18:29.948+0000] {processor.py:766} INFO - DAG(s) dict_keys(['example_task_group_decorator']) retrieved from /home/airflow/.local/lib/python3.7/site-packages/airflow/example_dags/example_task_group_decorator.py
[2024-07-04T20:18:29.988+0000] {logging_mixin.py:120} INFO - [2024-07-04T20:18:29.988+0000] {dag.py:2585} INFO - Sync 1 DAGs
[2024-07-04T20:18:30.013+0000] {logging_mixin.py:120} INFO - [2024-07-04T20:18:30.012+0000] {dag.py:3340} INFO - Setting next_dagrun for example_task_group_decorator to 2024-07-03T20:18:30.012471+00:00, run_after=2024-07-04T20:18:30.012471+00:00
[2024-07-04T20:18:30.032+0000] {processor.py:176} INFO - Processing /home/airflow/.local/lib/python3.7/site-packages/airflow/example_dags/example_task_group_decorator.py took 0.119 seconds
[2024-07-04T20:19:00.091+0000] {processor.py:154} INFO - Started process (PID=709) to work on /home/airflow/.local/lib/python3.7/site-packages/airflow/example_dags/example_task_group_decorator.py
[2024-07-04T20:19:00.092+0000] {processor.py:756} INFO - Processing file /home/airflow/.local/lib/python3.7/site-packages/airflow/example_dags/example_task_group_decorator.py for tasks to queue
[2024-07-04T20:19:00.093+0000] {logging_mixin.py:120} INFO - [2024-07-04T20:19:00.093+0000] {dagbag.py:537} INFO - Filling up the DagBag from /home/airflow/.local/lib/python3.7/site-packages/airflow/example_dags/example_task_group_decorator.py
[2024-07-04T20:19:00.116+0000] {processor.py:766} INFO - DAG(s) dict_keys(['example_task_group_decorator']) retrieved from /home/airflow/.local/lib/python3.7/site-packages/airflow/example_dags/example_task_group_decorator.py
[2024-07-04T20:19:00.151+0000] {logging_mixin.py:120} INFO - [2024-07-04T20:19:00.151+0000] {dag.py:2585} INFO - Sync 1 DAGs
[2024-07-04T20:19:00.173+0000] {logging_mixin.py:120} INFO - [2024-07-04T20:19:00.173+0000] {dag.py:3340} INFO - Setting next_dagrun for example_task_group_decorator to 2024-07-03T20:19:00.172875+00:00, run_after=2024-07-04T20:19:00.172875+00:00
[2024-07-04T20:19:00.189+0000] {processor.py:176} INFO - Processing /home/airflow/.local/lib/python3.7/site-packages/airflow/example_dags/example_task_group_decorator.py took 0.101 seconds
[2024-07-04T20:19:30.837+0000] {processor.py:154} INFO - Started process (PID=780) to work on /home/airflow/.local/lib/python3.7/site-packages/airflow/example_dags/example_task_group_decorator.py
[2024-07-04T20:19:30.838+0000] {processor.py:756} INFO - Processing file /home/airflow/.local/lib/python3.7/site-packages/airflow/example_dags/example_task_group_decorator.py for tasks to queue
[2024-07-04T20:19:30.838+0000] {logging_mixin.py:120} INFO - [2024-07-04T20:19:30.838+0000] {dagbag.py:537} INFO - Filling up the DagBag from /home/airflow/.local/lib/python3.7/site-packages/airflow/example_dags/example_task_group_decorator.py
[2024-07-04T20:19:30.867+0000] {processor.py:766} INFO - DAG(s) dict_keys(['example_task_group_decorator']) retrieved from /home/airflow/.local/lib/python3.7/site-packages/airflow/example_dags/example_task_group_decorator.py
[2024-07-04T20:19:30.910+0000] {logging_mixin.py:120} INFO - [2024-07-04T20:19:30.910+0000] {dag.py:2585} INFO - Sync 1 DAGs
[2024-07-04T20:19:30.938+0000] {logging_mixin.py:120} INFO - [2024-07-04T20:19:30.938+0000] {dag.py:3340} INFO - Setting next_dagrun for example_task_group_decorator to 2024-07-03T20:19:30.937900+00:00, run_after=2024-07-04T20:19:30.937900+00:00
[2024-07-04T20:19:30.959+0000] {processor.py:176} INFO - Processing /home/airflow/.local/lib/python3.7/site-packages/airflow/example_dags/example_task_group_decorator.py took 0.126 seconds
[2024-07-04T20:20:01.609+0000] {processor.py:154} INFO - Started process (PID=843) to work on /home/airflow/.local/lib/python3.7/site-packages/airflow/example_dags/example_task_group_decorator.py
[2024-07-04T20:20:01.610+0000] {processor.py:756} INFO - Processing file /home/airflow/.local/lib/python3.7/site-packages/airflow/example_dags/example_task_group_decorator.py for tasks to queue
[2024-07-04T20:20:01.611+0000] {logging_mixin.py:120} INFO - [2024-07-04T20:20:01.611+0000] {dagbag.py:537} INFO - Filling up the DagBag from /home/airflow/.local/lib/python3.7/site-packages/airflow/example_dags/example_task_group_decorator.py
[2024-07-04T20:20:01.635+0000] {processor.py:766} INFO - DAG(s) dict_keys(['example_task_group_decorator']) retrieved from /home/airflow/.local/lib/python3.7/site-packages/airflow/example_dags/example_task_group_decorator.py
[2024-07-04T20:20:01.672+0000] {logging_mixin.py:120} INFO - [2024-07-04T20:20:01.672+0000] {dag.py:2585} INFO - Sync 1 DAGs
[2024-07-04T20:20:01.699+0000] {logging_mixin.py:120} INFO - [2024-07-04T20:20:01.698+0000] {dag.py:3340} INFO - Setting next_dagrun for example_task_group_decorator to 2024-07-03T20:20:01.698690+00:00, run_after=2024-07-04T20:20:01.698690+00:00
[2024-07-04T20:20:01.716+0000] {processor.py:176} INFO - Processing /home/airflow/.local/lib/python3.7/site-packages/airflow/example_dags/example_task_group_decorator.py took 0.111 seconds
[2024-07-04T20:20:32.246+0000] {processor.py:154} INFO - Started process (PID=914) to work on /home/airflow/.local/lib/python3.7/site-packages/airflow/example_dags/example_task_group_decorator.py
[2024-07-04T20:20:32.247+0000] {processor.py:756} INFO - Processing file /home/airflow/.local/lib/python3.7/site-packages/airflow/example_dags/example_task_group_decorator.py for tasks to queue
[2024-07-04T20:20:32.248+0000] {logging_mixin.py:120} INFO - [2024-07-04T20:20:32.248+0000] {dagbag.py:537} INFO - Filling up the DagBag from /home/airflow/.local/lib/python3.7/site-packages/airflow/example_dags/example_task_group_decorator.py
[2024-07-04T20:20:32.276+0000] {processor.py:766} INFO - DAG(s) dict_keys(['example_task_group_decorator']) retrieved from /home/airflow/.local/lib/python3.7/site-packages/airflow/example_dags/example_task_group_decorator.py
[2024-07-04T20:20:32.314+0000] {logging_mixin.py:120} INFO - [2024-07-04T20:20:32.314+0000] {dag.py:2585} INFO - Sync 1 DAGs
[2024-07-04T20:20:32.340+0000] {logging_mixin.py:120} INFO - [2024-07-04T20:20:32.340+0000] {dag.py:3340} INFO - Setting next_dagrun for example_task_group_decorator to 2024-07-03T20:20:32.339939+00:00, run_after=2024-07-04T20:20:32.339939+00:00
[2024-07-04T20:20:32.358+0000] {processor.py:176} INFO - Processing /home/airflow/.local/lib/python3.7/site-packages/airflow/example_dags/example_task_group_decorator.py took 0.115 seconds
[2024-07-04T20:21:02.948+0000] {processor.py:154} INFO - Started process (PID=985) to work on /home/airflow/.local/lib/python3.7/site-packages/airflow/example_dags/example_task_group_decorator.py
[2024-07-04T20:21:02.949+0000] {processor.py:756} INFO - Processing file /home/airflow/.local/lib/python3.7/site-packages/airflow/example_dags/example_task_group_decorator.py for tasks to queue
[2024-07-04T20:21:02.950+0000] {logging_mixin.py:120} INFO - [2024-07-04T20:21:02.950+0000] {dagbag.py:537} INFO - Filling up the DagBag from /home/airflow/.local/lib/python3.7/site-packages/airflow/example_dags/example_task_group_decorator.py
[2024-07-04T20:21:02.975+0000] {processor.py:766} INFO - DAG(s) dict_keys(['example_task_group_decorator']) retrieved from /home/airflow/.local/lib/python3.7/site-packages/airflow/example_dags/example_task_group_decorator.py
[2024-07-04T20:21:03.012+0000] {logging_mixin.py:120} INFO - [2024-07-04T20:21:03.012+0000] {dag.py:2585} INFO - Sync 1 DAGs
[2024-07-04T20:21:03.035+0000] {logging_mixin.py:120} INFO - [2024-07-04T20:21:03.035+0000] {dag.py:3340} INFO - Setting next_dagrun for example_task_group_decorator to 2024-07-03T20:21:03.035235+00:00, run_after=2024-07-04T20:21:03.035235+00:00
[2024-07-04T20:21:03.052+0000] {processor.py:176} INFO - Processing /home/airflow/.local/lib/python3.7/site-packages/airflow/example_dags/example_task_group_decorator.py took 0.107 seconds
[2024-07-04T20:21:33.743+0000] {processor.py:154} INFO - Started process (PID=1056) to work on /home/airflow/.local/lib/python3.7/site-packages/airflow/example_dags/example_task_group_decorator.py
[2024-07-04T20:21:33.744+0000] {processor.py:756} INFO - Processing file /home/airflow/.local/lib/python3.7/site-packages/airflow/example_dags/example_task_group_decorator.py for tasks to queue
[2024-07-04T20:21:33.744+0000] {logging_mixin.py:120} INFO - [2024-07-04T20:21:33.744+0000] {dagbag.py:537} INFO - Filling up the DagBag from /home/airflow/.local/lib/python3.7/site-packages/airflow/example_dags/example_task_group_decorator.py
[2024-07-04T20:21:33.768+0000] {processor.py:766} INFO - DAG(s) dict_keys(['example_task_group_decorator']) retrieved from /home/airflow/.local/lib/python3.7/site-packages/airflow/example_dags/example_task_group_decorator.py
[2024-07-04T20:21:33.804+0000] {logging_mixin.py:120} INFO - [2024-07-04T20:21:33.804+0000] {dag.py:2585} INFO - Sync 1 DAGs
[2024-07-04T20:21:33.825+0000] {logging_mixin.py:120} INFO - [2024-07-04T20:21:33.825+0000] {dag.py:3340} INFO - Setting next_dagrun for example_task_group_decorator to 2024-07-03T20:21:33.825087+00:00, run_after=2024-07-04T20:21:33.825087+00:00
[2024-07-04T20:21:33.858+0000] {processor.py:176} INFO - Processing /home/airflow/.local/lib/python3.7/site-packages/airflow/example_dags/example_task_group_decorator.py took 0.119 seconds
