[2024-07-04T20:14:24.402+0000] {processor.py:154} INFO - Started process (PID=84) to work on /home/airflow/.local/lib/python3.7/site-packages/airflow/example_dags/example_python_operator.py
[2024-07-04T20:14:24.405+0000] {processor.py:756} INFO - Processing file /home/airflow/.local/lib/python3.7/site-packages/airflow/example_dags/example_python_operator.py for tasks to queue
[2024-07-04T20:14:24.407+0000] {logging_mixin.py:120} INFO - [2024-07-04T20:14:24.407+0000] {dagbag.py:537} INFO - Filling up the DagBag from /home/airflow/.local/lib/python3.7/site-packages/airflow/example_dags/example_python_operator.py
[2024-07-04T20:14:24.493+0000] {logging_mixin.py:120} INFO - [2024-07-04T20:14:24.493+0000] {taskmixin.py:205} WARNING - Dependency <Task(_PythonDecoratedOperator): print_the_context>, log_sql_query already registered for DAG: example_python_operator
[2024-07-04T20:14:24.495+0000] {logging_mixin.py:120} INFO - [2024-07-04T20:14:24.495+0000] {taskmixin.py:205} WARNING - Dependency <Task(_PythonDecoratedOperator): log_sql_query>, print_the_context already registered for DAG: example_python_operator
[2024-07-04T20:14:24.497+0000] {logging_mixin.py:120} INFO - [2024-07-04T20:14:24.497+0000] {taskmixin.py:205} WARNING - Dependency <Task(_PythonDecoratedOperator): print_the_context>, log_sql_query already registered for DAG: example_python_operator
[2024-07-04T20:14:24.500+0000] {logging_mixin.py:120} INFO - [2024-07-04T20:14:24.500+0000] {taskmixin.py:205} WARNING - Dependency <Task(_PythonDecoratedOperator): log_sql_query>, print_the_context already registered for DAG: example_python_operator
[2024-07-04T20:14:24.502+0000] {logging_mixin.py:120} INFO - [2024-07-04T20:14:24.502+0000] {taskmixin.py:205} WARNING - Dependency <Task(_PythonDecoratedOperator): print_the_context>, log_sql_query already registered for DAG: example_python_operator
[2024-07-04T20:14:24.504+0000] {logging_mixin.py:120} INFO - [2024-07-04T20:14:24.504+0000] {taskmixin.py:205} WARNING - Dependency <Task(_PythonDecoratedOperator): log_sql_query>, print_the_context already registered for DAG: example_python_operator
[2024-07-04T20:14:24.507+0000] {logging_mixin.py:120} INFO - [2024-07-04T20:14:24.507+0000] {taskmixin.py:205} WARNING - Dependency <Task(_PythonDecoratedOperator): print_the_context>, log_sql_query already registered for DAG: example_python_operator
[2024-07-04T20:14:24.508+0000] {logging_mixin.py:120} INFO - [2024-07-04T20:14:24.508+0000] {taskmixin.py:205} WARNING - Dependency <Task(_PythonDecoratedOperator): log_sql_query>, print_the_context already registered for DAG: example_python_operator
[2024-07-04T20:14:24.532+0000] {processor.py:766} INFO - DAG(s) dict_keys(['example_python_operator']) retrieved from /home/airflow/.local/lib/python3.7/site-packages/airflow/example_dags/example_python_operator.py
[2024-07-04T20:14:24.613+0000] {logging_mixin.py:120} INFO - [2024-07-04T20:14:24.613+0000] {dag.py:2585} INFO - Sync 1 DAGs
[2024-07-04T20:14:24.684+0000] {logging_mixin.py:120} INFO - [2024-07-04T20:14:24.683+0000] {dag.py:3340} INFO - Setting next_dagrun for example_python_operator to None, run_after=None
[2024-07-04T20:14:24.732+0000] {processor.py:176} INFO - Processing /home/airflow/.local/lib/python3.7/site-packages/airflow/example_dags/example_python_operator.py took 0.340 seconds
[2024-07-04T20:14:55.460+0000] {processor.py:154} INFO - Started process (PID=159) to work on /home/airflow/.local/lib/python3.7/site-packages/airflow/example_dags/example_python_operator.py
[2024-07-04T20:14:55.462+0000] {processor.py:756} INFO - Processing file /home/airflow/.local/lib/python3.7/site-packages/airflow/example_dags/example_python_operator.py for tasks to queue
[2024-07-04T20:14:55.463+0000] {logging_mixin.py:120} INFO - [2024-07-04T20:14:55.463+0000] {dagbag.py:537} INFO - Filling up the DagBag from /home/airflow/.local/lib/python3.7/site-packages/airflow/example_dags/example_python_operator.py
[2024-07-04T20:14:55.485+0000] {logging_mixin.py:120} INFO - [2024-07-04T20:14:55.484+0000] {taskmixin.py:205} WARNING - Dependency <Task(_PythonDecoratedOperator): print_the_context>, log_sql_query already registered for DAG: example_python_operator
[2024-07-04T20:14:55.486+0000] {logging_mixin.py:120} INFO - [2024-07-04T20:14:55.486+0000] {taskmixin.py:205} WARNING - Dependency <Task(_PythonDecoratedOperator): log_sql_query>, print_the_context already registered for DAG: example_python_operator
[2024-07-04T20:14:55.488+0000] {logging_mixin.py:120} INFO - [2024-07-04T20:14:55.488+0000] {taskmixin.py:205} WARNING - Dependency <Task(_PythonDecoratedOperator): print_the_context>, log_sql_query already registered for DAG: example_python_operator
[2024-07-04T20:14:55.489+0000] {logging_mixin.py:120} INFO - [2024-07-04T20:14:55.489+0000] {taskmixin.py:205} WARNING - Dependency <Task(_PythonDecoratedOperator): log_sql_query>, print_the_context already registered for DAG: example_python_operator
[2024-07-04T20:14:55.491+0000] {logging_mixin.py:120} INFO - [2024-07-04T20:14:55.491+0000] {taskmixin.py:205} WARNING - Dependency <Task(_PythonDecoratedOperator): print_the_context>, log_sql_query already registered for DAG: example_python_operator
[2024-07-04T20:14:55.491+0000] {logging_mixin.py:120} INFO - [2024-07-04T20:14:55.491+0000] {taskmixin.py:205} WARNING - Dependency <Task(_PythonDecoratedOperator): log_sql_query>, print_the_context already registered for DAG: example_python_operator
[2024-07-04T20:14:55.493+0000] {logging_mixin.py:120} INFO - [2024-07-04T20:14:55.493+0000] {taskmixin.py:205} WARNING - Dependency <Task(_PythonDecoratedOperator): print_the_context>, log_sql_query already registered for DAG: example_python_operator
[2024-07-04T20:14:55.494+0000] {logging_mixin.py:120} INFO - [2024-07-04T20:14:55.494+0000] {taskmixin.py:205} WARNING - Dependency <Task(_PythonDecoratedOperator): log_sql_query>, print_the_context already registered for DAG: example_python_operator
[2024-07-04T20:14:55.504+0000] {processor.py:766} INFO - DAG(s) dict_keys(['example_python_operator']) retrieved from /home/airflow/.local/lib/python3.7/site-packages/airflow/example_dags/example_python_operator.py
[2024-07-04T20:14:55.555+0000] {logging_mixin.py:120} INFO - [2024-07-04T20:14:55.554+0000] {dag.py:2585} INFO - Sync 1 DAGs
[2024-07-04T20:14:55.579+0000] {logging_mixin.py:120} INFO - [2024-07-04T20:14:55.579+0000] {dag.py:3340} INFO - Setting next_dagrun for example_python_operator to None, run_after=None
[2024-07-04T20:14:55.598+0000] {processor.py:176} INFO - Processing /home/airflow/.local/lib/python3.7/site-packages/airflow/example_dags/example_python_operator.py took 0.142 seconds
[2024-07-04T20:15:26.348+0000] {processor.py:154} INFO - Started process (PID=222) to work on /home/airflow/.local/lib/python3.7/site-packages/airflow/example_dags/example_python_operator.py
[2024-07-04T20:15:26.349+0000] {processor.py:756} INFO - Processing file /home/airflow/.local/lib/python3.7/site-packages/airflow/example_dags/example_python_operator.py for tasks to queue
[2024-07-04T20:15:26.350+0000] {logging_mixin.py:120} INFO - [2024-07-04T20:15:26.350+0000] {dagbag.py:537} INFO - Filling up the DagBag from /home/airflow/.local/lib/python3.7/site-packages/airflow/example_dags/example_python_operator.py
[2024-07-04T20:15:26.364+0000] {logging_mixin.py:120} INFO - [2024-07-04T20:15:26.364+0000] {taskmixin.py:205} WARNING - Dependency <Task(_PythonDecoratedOperator): print_the_context>, log_sql_query already registered for DAG: example_python_operator
[2024-07-04T20:15:26.365+0000] {logging_mixin.py:120} INFO - [2024-07-04T20:15:26.365+0000] {taskmixin.py:205} WARNING - Dependency <Task(_PythonDecoratedOperator): log_sql_query>, print_the_context already registered for DAG: example_python_operator
[2024-07-04T20:15:26.366+0000] {logging_mixin.py:120} INFO - [2024-07-04T20:15:26.366+0000] {taskmixin.py:205} WARNING - Dependency <Task(_PythonDecoratedOperator): print_the_context>, log_sql_query already registered for DAG: example_python_operator
[2024-07-04T20:15:26.366+0000] {logging_mixin.py:120} INFO - [2024-07-04T20:15:26.366+0000] {taskmixin.py:205} WARNING - Dependency <Task(_PythonDecoratedOperator): log_sql_query>, print_the_context already registered for DAG: example_python_operator
[2024-07-04T20:15:26.367+0000] {logging_mixin.py:120} INFO - [2024-07-04T20:15:26.367+0000] {taskmixin.py:205} WARNING - Dependency <Task(_PythonDecoratedOperator): print_the_context>, log_sql_query already registered for DAG: example_python_operator
[2024-07-04T20:15:26.367+0000] {logging_mixin.py:120} INFO - [2024-07-04T20:15:26.367+0000] {taskmixin.py:205} WARNING - Dependency <Task(_PythonDecoratedOperator): log_sql_query>, print_the_context already registered for DAG: example_python_operator
[2024-07-04T20:15:26.368+0000] {logging_mixin.py:120} INFO - [2024-07-04T20:15:26.368+0000] {taskmixin.py:205} WARNING - Dependency <Task(_PythonDecoratedOperator): print_the_context>, log_sql_query already registered for DAG: example_python_operator
[2024-07-04T20:15:26.368+0000] {logging_mixin.py:120} INFO - [2024-07-04T20:15:26.368+0000] {taskmixin.py:205} WARNING - Dependency <Task(_PythonDecoratedOperator): log_sql_query>, print_the_context already registered for DAG: example_python_operator
[2024-07-04T20:15:26.375+0000] {processor.py:766} INFO - DAG(s) dict_keys(['example_python_operator']) retrieved from /home/airflow/.local/lib/python3.7/site-packages/airflow/example_dags/example_python_operator.py
[2024-07-04T20:15:26.412+0000] {logging_mixin.py:120} INFO - [2024-07-04T20:15:26.412+0000] {dag.py:2585} INFO - Sync 1 DAGs
[2024-07-04T20:15:26.435+0000] {logging_mixin.py:120} INFO - [2024-07-04T20:15:26.435+0000] {dag.py:3340} INFO - Setting next_dagrun for example_python_operator to None, run_after=None
[2024-07-04T20:15:26.452+0000] {processor.py:176} INFO - Processing /home/airflow/.local/lib/python3.7/site-packages/airflow/example_dags/example_python_operator.py took 0.106 seconds
[2024-07-04T20:15:57.107+0000] {processor.py:154} INFO - Started process (PID=293) to work on /home/airflow/.local/lib/python3.7/site-packages/airflow/example_dags/example_python_operator.py
[2024-07-04T20:15:57.108+0000] {processor.py:756} INFO - Processing file /home/airflow/.local/lib/python3.7/site-packages/airflow/example_dags/example_python_operator.py for tasks to queue
[2024-07-04T20:15:57.108+0000] {logging_mixin.py:120} INFO - [2024-07-04T20:15:57.108+0000] {dagbag.py:537} INFO - Filling up the DagBag from /home/airflow/.local/lib/python3.7/site-packages/airflow/example_dags/example_python_operator.py
[2024-07-04T20:15:57.122+0000] {logging_mixin.py:120} INFO - [2024-07-04T20:15:57.122+0000] {taskmixin.py:205} WARNING - Dependency <Task(_PythonDecoratedOperator): print_the_context>, log_sql_query already registered for DAG: example_python_operator
[2024-07-04T20:15:57.122+0000] {logging_mixin.py:120} INFO - [2024-07-04T20:15:57.122+0000] {taskmixin.py:205} WARNING - Dependency <Task(_PythonDecoratedOperator): log_sql_query>, print_the_context already registered for DAG: example_python_operator
[2024-07-04T20:15:57.123+0000] {logging_mixin.py:120} INFO - [2024-07-04T20:15:57.123+0000] {taskmixin.py:205} WARNING - Dependency <Task(_PythonDecoratedOperator): print_the_context>, log_sql_query already registered for DAG: example_python_operator
[2024-07-04T20:15:57.124+0000] {logging_mixin.py:120} INFO - [2024-07-04T20:15:57.124+0000] {taskmixin.py:205} WARNING - Dependency <Task(_PythonDecoratedOperator): log_sql_query>, print_the_context already registered for DAG: example_python_operator
[2024-07-04T20:15:57.124+0000] {logging_mixin.py:120} INFO - [2024-07-04T20:15:57.124+0000] {taskmixin.py:205} WARNING - Dependency <Task(_PythonDecoratedOperator): print_the_context>, log_sql_query already registered for DAG: example_python_operator
[2024-07-04T20:15:57.125+0000] {logging_mixin.py:120} INFO - [2024-07-04T20:15:57.125+0000] {taskmixin.py:205} WARNING - Dependency <Task(_PythonDecoratedOperator): log_sql_query>, print_the_context already registered for DAG: example_python_operator
[2024-07-04T20:15:57.126+0000] {logging_mixin.py:120} INFO - [2024-07-04T20:15:57.125+0000] {taskmixin.py:205} WARNING - Dependency <Task(_PythonDecoratedOperator): print_the_context>, log_sql_query already registered for DAG: example_python_operator
[2024-07-04T20:15:57.126+0000] {logging_mixin.py:120} INFO - [2024-07-04T20:15:57.126+0000] {taskmixin.py:205} WARNING - Dependency <Task(_PythonDecoratedOperator): log_sql_query>, print_the_context already registered for DAG: example_python_operator
[2024-07-04T20:15:57.132+0000] {processor.py:766} INFO - DAG(s) dict_keys(['example_python_operator']) retrieved from /home/airflow/.local/lib/python3.7/site-packages/airflow/example_dags/example_python_operator.py
[2024-07-04T20:15:57.169+0000] {logging_mixin.py:120} INFO - [2024-07-04T20:15:57.169+0000] {dag.py:2585} INFO - Sync 1 DAGs
[2024-07-04T20:15:57.191+0000] {logging_mixin.py:120} INFO - [2024-07-04T20:15:57.191+0000] {dag.py:3340} INFO - Setting next_dagrun for example_python_operator to None, run_after=None
[2024-07-04T20:15:57.207+0000] {processor.py:176} INFO - Processing /home/airflow/.local/lib/python3.7/site-packages/airflow/example_dags/example_python_operator.py took 0.103 seconds
[2024-07-04T20:16:27.422+0000] {processor.py:154} INFO - Started process (PID=365) to work on /home/airflow/.local/lib/python3.7/site-packages/airflow/example_dags/example_python_operator.py
[2024-07-04T20:16:27.422+0000] {processor.py:756} INFO - Processing file /home/airflow/.local/lib/python3.7/site-packages/airflow/example_dags/example_python_operator.py for tasks to queue
[2024-07-04T20:16:27.423+0000] {logging_mixin.py:120} INFO - [2024-07-04T20:16:27.423+0000] {dagbag.py:537} INFO - Filling up the DagBag from /home/airflow/.local/lib/python3.7/site-packages/airflow/example_dags/example_python_operator.py
[2024-07-04T20:16:27.437+0000] {logging_mixin.py:120} INFO - [2024-07-04T20:16:27.437+0000] {taskmixin.py:205} WARNING - Dependency <Task(_PythonDecoratedOperator): print_the_context>, log_sql_query already registered for DAG: example_python_operator
[2024-07-04T20:16:27.438+0000] {logging_mixin.py:120} INFO - [2024-07-04T20:16:27.438+0000] {taskmixin.py:205} WARNING - Dependency <Task(_PythonDecoratedOperator): log_sql_query>, print_the_context already registered for DAG: example_python_operator
[2024-07-04T20:16:27.438+0000] {logging_mixin.py:120} INFO - [2024-07-04T20:16:27.438+0000] {taskmixin.py:205} WARNING - Dependency <Task(_PythonDecoratedOperator): print_the_context>, log_sql_query already registered for DAG: example_python_operator
[2024-07-04T20:16:27.439+0000] {logging_mixin.py:120} INFO - [2024-07-04T20:16:27.439+0000] {taskmixin.py:205} WARNING - Dependency <Task(_PythonDecoratedOperator): log_sql_query>, print_the_context already registered for DAG: example_python_operator
[2024-07-04T20:16:27.440+0000] {logging_mixin.py:120} INFO - [2024-07-04T20:16:27.440+0000] {taskmixin.py:205} WARNING - Dependency <Task(_PythonDecoratedOperator): print_the_context>, log_sql_query already registered for DAG: example_python_operator
[2024-07-04T20:16:27.440+0000] {logging_mixin.py:120} INFO - [2024-07-04T20:16:27.440+0000] {taskmixin.py:205} WARNING - Dependency <Task(_PythonDecoratedOperator): log_sql_query>, print_the_context already registered for DAG: example_python_operator
[2024-07-04T20:16:27.441+0000] {logging_mixin.py:120} INFO - [2024-07-04T20:16:27.441+0000] {taskmixin.py:205} WARNING - Dependency <Task(_PythonDecoratedOperator): print_the_context>, log_sql_query already registered for DAG: example_python_operator
[2024-07-04T20:16:27.441+0000] {logging_mixin.py:120} INFO - [2024-07-04T20:16:27.441+0000] {taskmixin.py:205} WARNING - Dependency <Task(_PythonDecoratedOperator): log_sql_query>, print_the_context already registered for DAG: example_python_operator
[2024-07-04T20:16:27.447+0000] {processor.py:766} INFO - DAG(s) dict_keys(['example_python_operator']) retrieved from /home/airflow/.local/lib/python3.7/site-packages/airflow/example_dags/example_python_operator.py
[2024-07-04T20:16:27.484+0000] {logging_mixin.py:120} INFO - [2024-07-04T20:16:27.484+0000] {dag.py:2585} INFO - Sync 1 DAGs
[2024-07-04T20:16:27.507+0000] {logging_mixin.py:120} INFO - [2024-07-04T20:16:27.506+0000] {dag.py:3340} INFO - Setting next_dagrun for example_python_operator to None, run_after=None
[2024-07-04T20:16:27.523+0000] {processor.py:176} INFO - Processing /home/airflow/.local/lib/python3.7/site-packages/airflow/example_dags/example_python_operator.py took 0.104 seconds
[2024-07-04T20:16:57.705+0000] {processor.py:154} INFO - Started process (PID=436) to work on /home/airflow/.local/lib/python3.7/site-packages/airflow/example_dags/example_python_operator.py
[2024-07-04T20:16:57.706+0000] {processor.py:756} INFO - Processing file /home/airflow/.local/lib/python3.7/site-packages/airflow/example_dags/example_python_operator.py for tasks to queue
[2024-07-04T20:16:57.707+0000] {logging_mixin.py:120} INFO - [2024-07-04T20:16:57.707+0000] {dagbag.py:537} INFO - Filling up the DagBag from /home/airflow/.local/lib/python3.7/site-packages/airflow/example_dags/example_python_operator.py
[2024-07-04T20:16:57.720+0000] {logging_mixin.py:120} INFO - [2024-07-04T20:16:57.720+0000] {taskmixin.py:205} WARNING - Dependency <Task(_PythonDecoratedOperator): print_the_context>, log_sql_query already registered for DAG: example_python_operator
[2024-07-04T20:16:57.721+0000] {logging_mixin.py:120} INFO - [2024-07-04T20:16:57.721+0000] {taskmixin.py:205} WARNING - Dependency <Task(_PythonDecoratedOperator): log_sql_query>, print_the_context already registered for DAG: example_python_operator
[2024-07-04T20:16:57.722+0000] {logging_mixin.py:120} INFO - [2024-07-04T20:16:57.722+0000] {taskmixin.py:205} WARNING - Dependency <Task(_PythonDecoratedOperator): print_the_context>, log_sql_query already registered for DAG: example_python_operator
[2024-07-04T20:16:57.722+0000] {logging_mixin.py:120} INFO - [2024-07-04T20:16:57.722+0000] {taskmixin.py:205} WARNING - Dependency <Task(_PythonDecoratedOperator): log_sql_query>, print_the_context already registered for DAG: example_python_operator
[2024-07-04T20:16:57.723+0000] {logging_mixin.py:120} INFO - [2024-07-04T20:16:57.723+0000] {taskmixin.py:205} WARNING - Dependency <Task(_PythonDecoratedOperator): print_the_context>, log_sql_query already registered for DAG: example_python_operator
[2024-07-04T20:16:57.723+0000] {logging_mixin.py:120} INFO - [2024-07-04T20:16:57.723+0000] {taskmixin.py:205} WARNING - Dependency <Task(_PythonDecoratedOperator): log_sql_query>, print_the_context already registered for DAG: example_python_operator
[2024-07-04T20:16:57.724+0000] {logging_mixin.py:120} INFO - [2024-07-04T20:16:57.724+0000] {taskmixin.py:205} WARNING - Dependency <Task(_PythonDecoratedOperator): print_the_context>, log_sql_query already registered for DAG: example_python_operator
[2024-07-04T20:16:57.724+0000] {logging_mixin.py:120} INFO - [2024-07-04T20:16:57.724+0000] {taskmixin.py:205} WARNING - Dependency <Task(_PythonDecoratedOperator): log_sql_query>, print_the_context already registered for DAG: example_python_operator
[2024-07-04T20:16:57.731+0000] {processor.py:766} INFO - DAG(s) dict_keys(['example_python_operator']) retrieved from /home/airflow/.local/lib/python3.7/site-packages/airflow/example_dags/example_python_operator.py
[2024-07-04T20:16:57.767+0000] {logging_mixin.py:120} INFO - [2024-07-04T20:16:57.767+0000] {dag.py:2585} INFO - Sync 1 DAGs
[2024-07-04T20:16:57.788+0000] {logging_mixin.py:120} INFO - [2024-07-04T20:16:57.788+0000] {dag.py:3340} INFO - Setting next_dagrun for example_python_operator to None, run_after=None
[2024-07-04T20:16:57.804+0000] {processor.py:176} INFO - Processing /home/airflow/.local/lib/python3.7/site-packages/airflow/example_dags/example_python_operator.py took 0.102 seconds
[2024-07-04T20:17:28.679+0000] {processor.py:154} INFO - Started process (PID=505) to work on /home/airflow/.local/lib/python3.7/site-packages/airflow/example_dags/example_python_operator.py
[2024-07-04T20:17:28.680+0000] {processor.py:756} INFO - Processing file /home/airflow/.local/lib/python3.7/site-packages/airflow/example_dags/example_python_operator.py for tasks to queue
[2024-07-04T20:17:28.681+0000] {logging_mixin.py:120} INFO - [2024-07-04T20:17:28.681+0000] {dagbag.py:537} INFO - Filling up the DagBag from /home/airflow/.local/lib/python3.7/site-packages/airflow/example_dags/example_python_operator.py
[2024-07-04T20:17:28.697+0000] {logging_mixin.py:120} INFO - [2024-07-04T20:17:28.697+0000] {taskmixin.py:205} WARNING - Dependency <Task(_PythonDecoratedOperator): print_the_context>, log_sql_query already registered for DAG: example_python_operator
[2024-07-04T20:17:28.698+0000] {logging_mixin.py:120} INFO - [2024-07-04T20:17:28.698+0000] {taskmixin.py:205} WARNING - Dependency <Task(_PythonDecoratedOperator): log_sql_query>, print_the_context already registered for DAG: example_python_operator
[2024-07-04T20:17:28.700+0000] {logging_mixin.py:120} INFO - [2024-07-04T20:17:28.699+0000] {taskmixin.py:205} WARNING - Dependency <Task(_PythonDecoratedOperator): print_the_context>, log_sql_query already registered for DAG: example_python_operator
[2024-07-04T20:17:28.701+0000] {logging_mixin.py:120} INFO - [2024-07-04T20:17:28.701+0000] {taskmixin.py:205} WARNING - Dependency <Task(_PythonDecoratedOperator): log_sql_query>, print_the_context already registered for DAG: example_python_operator
[2024-07-04T20:17:28.702+0000] {logging_mixin.py:120} INFO - [2024-07-04T20:17:28.702+0000] {taskmixin.py:205} WARNING - Dependency <Task(_PythonDecoratedOperator): print_the_context>, log_sql_query already registered for DAG: example_python_operator
[2024-07-04T20:17:28.703+0000] {logging_mixin.py:120} INFO - [2024-07-04T20:17:28.702+0000] {taskmixin.py:205} WARNING - Dependency <Task(_PythonDecoratedOperator): log_sql_query>, print_the_context already registered for DAG: example_python_operator
[2024-07-04T20:17:28.704+0000] {logging_mixin.py:120} INFO - [2024-07-04T20:17:28.703+0000] {taskmixin.py:205} WARNING - Dependency <Task(_PythonDecoratedOperator): print_the_context>, log_sql_query already registered for DAG: example_python_operator
[2024-07-04T20:17:28.704+0000] {logging_mixin.py:120} INFO - [2024-07-04T20:17:28.704+0000] {taskmixin.py:205} WARNING - Dependency <Task(_PythonDecoratedOperator): log_sql_query>, print_the_context already registered for DAG: example_python_operator
[2024-07-04T20:17:28.711+0000] {processor.py:766} INFO - DAG(s) dict_keys(['example_python_operator']) retrieved from /home/airflow/.local/lib/python3.7/site-packages/airflow/example_dags/example_python_operator.py
[2024-07-04T20:17:28.750+0000] {logging_mixin.py:120} INFO - [2024-07-04T20:17:28.749+0000] {dag.py:2585} INFO - Sync 1 DAGs
[2024-07-04T20:17:28.772+0000] {logging_mixin.py:120} INFO - [2024-07-04T20:17:28.771+0000] {dag.py:3340} INFO - Setting next_dagrun for example_python_operator to None, run_after=None
[2024-07-04T20:17:28.788+0000] {processor.py:176} INFO - Processing /home/airflow/.local/lib/python3.7/site-packages/airflow/example_dags/example_python_operator.py took 0.113 seconds
[2024-07-04T20:17:59.349+0000] {processor.py:154} INFO - Started process (PID=570) to work on /home/airflow/.local/lib/python3.7/site-packages/airflow/example_dags/example_python_operator.py
[2024-07-04T20:17:59.350+0000] {processor.py:756} INFO - Processing file /home/airflow/.local/lib/python3.7/site-packages/airflow/example_dags/example_python_operator.py for tasks to queue
[2024-07-04T20:17:59.351+0000] {logging_mixin.py:120} INFO - [2024-07-04T20:17:59.351+0000] {dagbag.py:537} INFO - Filling up the DagBag from /home/airflow/.local/lib/python3.7/site-packages/airflow/example_dags/example_python_operator.py
[2024-07-04T20:17:59.366+0000] {logging_mixin.py:120} INFO - [2024-07-04T20:17:59.365+0000] {taskmixin.py:205} WARNING - Dependency <Task(_PythonDecoratedOperator): print_the_context>, log_sql_query already registered for DAG: example_python_operator
[2024-07-04T20:17:59.366+0000] {logging_mixin.py:120} INFO - [2024-07-04T20:17:59.366+0000] {taskmixin.py:205} WARNING - Dependency <Task(_PythonDecoratedOperator): log_sql_query>, print_the_context already registered for DAG: example_python_operator
[2024-07-04T20:17:59.367+0000] {logging_mixin.py:120} INFO - [2024-07-04T20:17:59.367+0000] {taskmixin.py:205} WARNING - Dependency <Task(_PythonDecoratedOperator): print_the_context>, log_sql_query already registered for DAG: example_python_operator
[2024-07-04T20:17:59.367+0000] {logging_mixin.py:120} INFO - [2024-07-04T20:17:59.367+0000] {taskmixin.py:205} WARNING - Dependency <Task(_PythonDecoratedOperator): log_sql_query>, print_the_context already registered for DAG: example_python_operator
[2024-07-04T20:17:59.368+0000] {logging_mixin.py:120} INFO - [2024-07-04T20:17:59.368+0000] {taskmixin.py:205} WARNING - Dependency <Task(_PythonDecoratedOperator): print_the_context>, log_sql_query already registered for DAG: example_python_operator
[2024-07-04T20:17:59.368+0000] {logging_mixin.py:120} INFO - [2024-07-04T20:17:59.368+0000] {taskmixin.py:205} WARNING - Dependency <Task(_PythonDecoratedOperator): log_sql_query>, print_the_context already registered for DAG: example_python_operator
[2024-07-04T20:17:59.369+0000] {logging_mixin.py:120} INFO - [2024-07-04T20:17:59.369+0000] {taskmixin.py:205} WARNING - Dependency <Task(_PythonDecoratedOperator): print_the_context>, log_sql_query already registered for DAG: example_python_operator
[2024-07-04T20:17:59.369+0000] {logging_mixin.py:120} INFO - [2024-07-04T20:17:59.369+0000] {taskmixin.py:205} WARNING - Dependency <Task(_PythonDecoratedOperator): log_sql_query>, print_the_context already registered for DAG: example_python_operator
[2024-07-04T20:17:59.376+0000] {processor.py:766} INFO - DAG(s) dict_keys(['example_python_operator']) retrieved from /home/airflow/.local/lib/python3.7/site-packages/airflow/example_dags/example_python_operator.py
[2024-07-04T20:17:59.410+0000] {logging_mixin.py:120} INFO - [2024-07-04T20:17:59.410+0000] {dag.py:2585} INFO - Sync 1 DAGs
[2024-07-04T20:17:59.432+0000] {logging_mixin.py:120} INFO - [2024-07-04T20:17:59.431+0000] {dag.py:3340} INFO - Setting next_dagrun for example_python_operator to None, run_after=None
[2024-07-04T20:17:59.448+0000] {processor.py:176} INFO - Processing /home/airflow/.local/lib/python3.7/site-packages/airflow/example_dags/example_python_operator.py took 0.102 seconds
[2024-07-04T20:18:30.290+0000] {processor.py:154} INFO - Started process (PID=642) to work on /home/airflow/.local/lib/python3.7/site-packages/airflow/example_dags/example_python_operator.py
[2024-07-04T20:18:30.292+0000] {processor.py:756} INFO - Processing file /home/airflow/.local/lib/python3.7/site-packages/airflow/example_dags/example_python_operator.py for tasks to queue
[2024-07-04T20:18:30.293+0000] {logging_mixin.py:120} INFO - [2024-07-04T20:18:30.293+0000] {dagbag.py:537} INFO - Filling up the DagBag from /home/airflow/.local/lib/python3.7/site-packages/airflow/example_dags/example_python_operator.py
[2024-07-04T20:18:30.317+0000] {logging_mixin.py:120} INFO - [2024-07-04T20:18:30.317+0000] {taskmixin.py:205} WARNING - Dependency <Task(_PythonDecoratedOperator): print_the_context>, log_sql_query already registered for DAG: example_python_operator
[2024-07-04T20:18:30.317+0000] {logging_mixin.py:120} INFO - [2024-07-04T20:18:30.317+0000] {taskmixin.py:205} WARNING - Dependency <Task(_PythonDecoratedOperator): log_sql_query>, print_the_context already registered for DAG: example_python_operator
[2024-07-04T20:18:30.319+0000] {logging_mixin.py:120} INFO - [2024-07-04T20:18:30.318+0000] {taskmixin.py:205} WARNING - Dependency <Task(_PythonDecoratedOperator): print_the_context>, log_sql_query already registered for DAG: example_python_operator
[2024-07-04T20:18:30.319+0000] {logging_mixin.py:120} INFO - [2024-07-04T20:18:30.319+0000] {taskmixin.py:205} WARNING - Dependency <Task(_PythonDecoratedOperator): log_sql_query>, print_the_context already registered for DAG: example_python_operator
[2024-07-04T20:18:30.320+0000] {logging_mixin.py:120} INFO - [2024-07-04T20:18:30.320+0000] {taskmixin.py:205} WARNING - Dependency <Task(_PythonDecoratedOperator): print_the_context>, log_sql_query already registered for DAG: example_python_operator
[2024-07-04T20:18:30.321+0000] {logging_mixin.py:120} INFO - [2024-07-04T20:18:30.321+0000] {taskmixin.py:205} WARNING - Dependency <Task(_PythonDecoratedOperator): log_sql_query>, print_the_context already registered for DAG: example_python_operator
[2024-07-04T20:18:30.323+0000] {logging_mixin.py:120} INFO - [2024-07-04T20:18:30.323+0000] {taskmixin.py:205} WARNING - Dependency <Task(_PythonDecoratedOperator): print_the_context>, log_sql_query already registered for DAG: example_python_operator
[2024-07-04T20:18:30.323+0000] {logging_mixin.py:120} INFO - [2024-07-04T20:18:30.323+0000] {taskmixin.py:205} WARNING - Dependency <Task(_PythonDecoratedOperator): log_sql_query>, print_the_context already registered for DAG: example_python_operator
[2024-07-04T20:18:30.334+0000] {processor.py:766} INFO - DAG(s) dict_keys(['example_python_operator']) retrieved from /home/airflow/.local/lib/python3.7/site-packages/airflow/example_dags/example_python_operator.py
[2024-07-04T20:18:30.383+0000] {logging_mixin.py:120} INFO - [2024-07-04T20:18:30.383+0000] {dag.py:2585} INFO - Sync 1 DAGs
[2024-07-04T20:18:30.416+0000] {logging_mixin.py:120} INFO - [2024-07-04T20:18:30.416+0000] {dag.py:3340} INFO - Setting next_dagrun for example_python_operator to None, run_after=None
[2024-07-04T20:18:30.439+0000] {processor.py:176} INFO - Processing /home/airflow/.local/lib/python3.7/site-packages/airflow/example_dags/example_python_operator.py took 0.154 seconds
[2024-07-04T20:19:01.312+0000] {processor.py:154} INFO - Started process (PID=713) to work on /home/airflow/.local/lib/python3.7/site-packages/airflow/example_dags/example_python_operator.py
[2024-07-04T20:19:01.313+0000] {processor.py:756} INFO - Processing file /home/airflow/.local/lib/python3.7/site-packages/airflow/example_dags/example_python_operator.py for tasks to queue
[2024-07-04T20:19:01.314+0000] {logging_mixin.py:120} INFO - [2024-07-04T20:19:01.314+0000] {dagbag.py:537} INFO - Filling up the DagBag from /home/airflow/.local/lib/python3.7/site-packages/airflow/example_dags/example_python_operator.py
[2024-07-04T20:19:01.327+0000] {logging_mixin.py:120} INFO - [2024-07-04T20:19:01.327+0000] {taskmixin.py:205} WARNING - Dependency <Task(_PythonDecoratedOperator): print_the_context>, log_sql_query already registered for DAG: example_python_operator
[2024-07-04T20:19:01.328+0000] {logging_mixin.py:120} INFO - [2024-07-04T20:19:01.327+0000] {taskmixin.py:205} WARNING - Dependency <Task(_PythonDecoratedOperator): log_sql_query>, print_the_context already registered for DAG: example_python_operator
[2024-07-04T20:19:01.328+0000] {logging_mixin.py:120} INFO - [2024-07-04T20:19:01.328+0000] {taskmixin.py:205} WARNING - Dependency <Task(_PythonDecoratedOperator): print_the_context>, log_sql_query already registered for DAG: example_python_operator
[2024-07-04T20:19:01.329+0000] {logging_mixin.py:120} INFO - [2024-07-04T20:19:01.329+0000] {taskmixin.py:205} WARNING - Dependency <Task(_PythonDecoratedOperator): log_sql_query>, print_the_context already registered for DAG: example_python_operator
[2024-07-04T20:19:01.330+0000] {logging_mixin.py:120} INFO - [2024-07-04T20:19:01.330+0000] {taskmixin.py:205} WARNING - Dependency <Task(_PythonDecoratedOperator): print_the_context>, log_sql_query already registered for DAG: example_python_operator
[2024-07-04T20:19:01.330+0000] {logging_mixin.py:120} INFO - [2024-07-04T20:19:01.330+0000] {taskmixin.py:205} WARNING - Dependency <Task(_PythonDecoratedOperator): log_sql_query>, print_the_context already registered for DAG: example_python_operator
[2024-07-04T20:19:01.331+0000] {logging_mixin.py:120} INFO - [2024-07-04T20:19:01.330+0000] {taskmixin.py:205} WARNING - Dependency <Task(_PythonDecoratedOperator): print_the_context>, log_sql_query already registered for DAG: example_python_operator
[2024-07-04T20:19:01.331+0000] {logging_mixin.py:120} INFO - [2024-07-04T20:19:01.331+0000] {taskmixin.py:205} WARNING - Dependency <Task(_PythonDecoratedOperator): log_sql_query>, print_the_context already registered for DAG: example_python_operator
[2024-07-04T20:19:01.337+0000] {processor.py:766} INFO - DAG(s) dict_keys(['example_python_operator']) retrieved from /home/airflow/.local/lib/python3.7/site-packages/airflow/example_dags/example_python_operator.py
[2024-07-04T20:19:01.373+0000] {logging_mixin.py:120} INFO - [2024-07-04T20:19:01.373+0000] {dag.py:2585} INFO - Sync 1 DAGs
[2024-07-04T20:19:01.394+0000] {logging_mixin.py:120} INFO - [2024-07-04T20:19:01.394+0000] {dag.py:3340} INFO - Setting next_dagrun for example_python_operator to None, run_after=None
[2024-07-04T20:19:01.409+0000] {processor.py:176} INFO - Processing /home/airflow/.local/lib/python3.7/site-packages/airflow/example_dags/example_python_operator.py took 0.100 seconds
[2024-07-04T20:19:32.105+0000] {processor.py:154} INFO - Started process (PID=784) to work on /home/airflow/.local/lib/python3.7/site-packages/airflow/example_dags/example_python_operator.py
[2024-07-04T20:19:32.105+0000] {processor.py:756} INFO - Processing file /home/airflow/.local/lib/python3.7/site-packages/airflow/example_dags/example_python_operator.py for tasks to queue
[2024-07-04T20:19:32.106+0000] {logging_mixin.py:120} INFO - [2024-07-04T20:19:32.106+0000] {dagbag.py:537} INFO - Filling up the DagBag from /home/airflow/.local/lib/python3.7/site-packages/airflow/example_dags/example_python_operator.py
[2024-07-04T20:19:32.121+0000] {logging_mixin.py:120} INFO - [2024-07-04T20:19:32.120+0000] {taskmixin.py:205} WARNING - Dependency <Task(_PythonDecoratedOperator): print_the_context>, log_sql_query already registered for DAG: example_python_operator
[2024-07-04T20:19:32.121+0000] {logging_mixin.py:120} INFO - [2024-07-04T20:19:32.121+0000] {taskmixin.py:205} WARNING - Dependency <Task(_PythonDecoratedOperator): log_sql_query>, print_the_context already registered for DAG: example_python_operator
[2024-07-04T20:19:32.122+0000] {logging_mixin.py:120} INFO - [2024-07-04T20:19:32.122+0000] {taskmixin.py:205} WARNING - Dependency <Task(_PythonDecoratedOperator): print_the_context>, log_sql_query already registered for DAG: example_python_operator
[2024-07-04T20:19:32.122+0000] {logging_mixin.py:120} INFO - [2024-07-04T20:19:32.122+0000] {taskmixin.py:205} WARNING - Dependency <Task(_PythonDecoratedOperator): log_sql_query>, print_the_context already registered for DAG: example_python_operator
[2024-07-04T20:19:32.123+0000] {logging_mixin.py:120} INFO - [2024-07-04T20:19:32.123+0000] {taskmixin.py:205} WARNING - Dependency <Task(_PythonDecoratedOperator): print_the_context>, log_sql_query already registered for DAG: example_python_operator
[2024-07-04T20:19:32.124+0000] {logging_mixin.py:120} INFO - [2024-07-04T20:19:32.124+0000] {taskmixin.py:205} WARNING - Dependency <Task(_PythonDecoratedOperator): log_sql_query>, print_the_context already registered for DAG: example_python_operator
[2024-07-04T20:19:32.124+0000] {logging_mixin.py:120} INFO - [2024-07-04T20:19:32.124+0000] {taskmixin.py:205} WARNING - Dependency <Task(_PythonDecoratedOperator): print_the_context>, log_sql_query already registered for DAG: example_python_operator
[2024-07-04T20:19:32.125+0000] {logging_mixin.py:120} INFO - [2024-07-04T20:19:32.125+0000] {taskmixin.py:205} WARNING - Dependency <Task(_PythonDecoratedOperator): log_sql_query>, print_the_context already registered for DAG: example_python_operator
[2024-07-04T20:19:32.131+0000] {processor.py:766} INFO - DAG(s) dict_keys(['example_python_operator']) retrieved from /home/airflow/.local/lib/python3.7/site-packages/airflow/example_dags/example_python_operator.py
[2024-07-04T20:19:32.168+0000] {logging_mixin.py:120} INFO - [2024-07-04T20:19:32.168+0000] {dag.py:2585} INFO - Sync 1 DAGs
[2024-07-04T20:19:32.191+0000] {logging_mixin.py:120} INFO - [2024-07-04T20:19:32.190+0000] {dag.py:3340} INFO - Setting next_dagrun for example_python_operator to None, run_after=None
[2024-07-04T20:19:32.208+0000] {processor.py:176} INFO - Processing /home/airflow/.local/lib/python3.7/site-packages/airflow/example_dags/example_python_operator.py took 0.106 seconds
[2024-07-04T20:20:02.855+0000] {processor.py:154} INFO - Started process (PID=847) to work on /home/airflow/.local/lib/python3.7/site-packages/airflow/example_dags/example_python_operator.py
[2024-07-04T20:20:02.856+0000] {processor.py:756} INFO - Processing file /home/airflow/.local/lib/python3.7/site-packages/airflow/example_dags/example_python_operator.py for tasks to queue
[2024-07-04T20:20:02.856+0000] {logging_mixin.py:120} INFO - [2024-07-04T20:20:02.856+0000] {dagbag.py:537} INFO - Filling up the DagBag from /home/airflow/.local/lib/python3.7/site-packages/airflow/example_dags/example_python_operator.py
[2024-07-04T20:20:02.870+0000] {logging_mixin.py:120} INFO - [2024-07-04T20:20:02.870+0000] {taskmixin.py:205} WARNING - Dependency <Task(_PythonDecoratedOperator): print_the_context>, log_sql_query already registered for DAG: example_python_operator
[2024-07-04T20:20:02.871+0000] {logging_mixin.py:120} INFO - [2024-07-04T20:20:02.871+0000] {taskmixin.py:205} WARNING - Dependency <Task(_PythonDecoratedOperator): log_sql_query>, print_the_context already registered for DAG: example_python_operator
[2024-07-04T20:20:02.872+0000] {logging_mixin.py:120} INFO - [2024-07-04T20:20:02.872+0000] {taskmixin.py:205} WARNING - Dependency <Task(_PythonDecoratedOperator): print_the_context>, log_sql_query already registered for DAG: example_python_operator
[2024-07-04T20:20:02.872+0000] {logging_mixin.py:120} INFO - [2024-07-04T20:20:02.872+0000] {taskmixin.py:205} WARNING - Dependency <Task(_PythonDecoratedOperator): log_sql_query>, print_the_context already registered for DAG: example_python_operator
[2024-07-04T20:20:02.873+0000] {logging_mixin.py:120} INFO - [2024-07-04T20:20:02.873+0000] {taskmixin.py:205} WARNING - Dependency <Task(_PythonDecoratedOperator): print_the_context>, log_sql_query already registered for DAG: example_python_operator
[2024-07-04T20:20:02.874+0000] {logging_mixin.py:120} INFO - [2024-07-04T20:20:02.873+0000] {taskmixin.py:205} WARNING - Dependency <Task(_PythonDecoratedOperator): log_sql_query>, print_the_context already registered for DAG: example_python_operator
[2024-07-04T20:20:02.874+0000] {logging_mixin.py:120} INFO - [2024-07-04T20:20:02.874+0000] {taskmixin.py:205} WARNING - Dependency <Task(_PythonDecoratedOperator): print_the_context>, log_sql_query already registered for DAG: example_python_operator
[2024-07-04T20:20:02.875+0000] {logging_mixin.py:120} INFO - [2024-07-04T20:20:02.875+0000] {taskmixin.py:205} WARNING - Dependency <Task(_PythonDecoratedOperator): log_sql_query>, print_the_context already registered for DAG: example_python_operator
[2024-07-04T20:20:02.881+0000] {processor.py:766} INFO - DAG(s) dict_keys(['example_python_operator']) retrieved from /home/airflow/.local/lib/python3.7/site-packages/airflow/example_dags/example_python_operator.py
[2024-07-04T20:20:02.917+0000] {logging_mixin.py:120} INFO - [2024-07-04T20:20:02.917+0000] {dag.py:2585} INFO - Sync 1 DAGs
[2024-07-04T20:20:02.941+0000] {logging_mixin.py:120} INFO - [2024-07-04T20:20:02.941+0000] {dag.py:3340} INFO - Setting next_dagrun for example_python_operator to None, run_after=None
[2024-07-04T20:20:02.957+0000] {processor.py:176} INFO - Processing /home/airflow/.local/lib/python3.7/site-packages/airflow/example_dags/example_python_operator.py took 0.105 seconds
[2024-07-04T20:20:33.496+0000] {processor.py:154} INFO - Started process (PID=918) to work on /home/airflow/.local/lib/python3.7/site-packages/airflow/example_dags/example_python_operator.py
[2024-07-04T20:20:33.497+0000] {processor.py:756} INFO - Processing file /home/airflow/.local/lib/python3.7/site-packages/airflow/example_dags/example_python_operator.py for tasks to queue
[2024-07-04T20:20:33.497+0000] {logging_mixin.py:120} INFO - [2024-07-04T20:20:33.497+0000] {dagbag.py:537} INFO - Filling up the DagBag from /home/airflow/.local/lib/python3.7/site-packages/airflow/example_dags/example_python_operator.py
[2024-07-04T20:20:33.511+0000] {logging_mixin.py:120} INFO - [2024-07-04T20:20:33.511+0000] {taskmixin.py:205} WARNING - Dependency <Task(_PythonDecoratedOperator): print_the_context>, log_sql_query already registered for DAG: example_python_operator
[2024-07-04T20:20:33.511+0000] {logging_mixin.py:120} INFO - [2024-07-04T20:20:33.511+0000] {taskmixin.py:205} WARNING - Dependency <Task(_PythonDecoratedOperator): log_sql_query>, print_the_context already registered for DAG: example_python_operator
[2024-07-04T20:20:33.512+0000] {logging_mixin.py:120} INFO - [2024-07-04T20:20:33.512+0000] {taskmixin.py:205} WARNING - Dependency <Task(_PythonDecoratedOperator): print_the_context>, log_sql_query already registered for DAG: example_python_operator
[2024-07-04T20:20:33.513+0000] {logging_mixin.py:120} INFO - [2024-07-04T20:20:33.513+0000] {taskmixin.py:205} WARNING - Dependency <Task(_PythonDecoratedOperator): log_sql_query>, print_the_context already registered for DAG: example_python_operator
[2024-07-04T20:20:33.513+0000] {logging_mixin.py:120} INFO - [2024-07-04T20:20:33.513+0000] {taskmixin.py:205} WARNING - Dependency <Task(_PythonDecoratedOperator): print_the_context>, log_sql_query already registered for DAG: example_python_operator
[2024-07-04T20:20:33.514+0000] {logging_mixin.py:120} INFO - [2024-07-04T20:20:33.514+0000] {taskmixin.py:205} WARNING - Dependency <Task(_PythonDecoratedOperator): log_sql_query>, print_the_context already registered for DAG: example_python_operator
[2024-07-04T20:20:33.515+0000] {logging_mixin.py:120} INFO - [2024-07-04T20:20:33.514+0000] {taskmixin.py:205} WARNING - Dependency <Task(_PythonDecoratedOperator): print_the_context>, log_sql_query already registered for DAG: example_python_operator
[2024-07-04T20:20:33.515+0000] {logging_mixin.py:120} INFO - [2024-07-04T20:20:33.515+0000] {taskmixin.py:205} WARNING - Dependency <Task(_PythonDecoratedOperator): log_sql_query>, print_the_context already registered for DAG: example_python_operator
[2024-07-04T20:20:33.521+0000] {processor.py:766} INFO - DAG(s) dict_keys(['example_python_operator']) retrieved from /home/airflow/.local/lib/python3.7/site-packages/airflow/example_dags/example_python_operator.py
[2024-07-04T20:20:33.558+0000] {logging_mixin.py:120} INFO - [2024-07-04T20:20:33.558+0000] {dag.py:2585} INFO - Sync 1 DAGs
[2024-07-04T20:20:33.580+0000] {logging_mixin.py:120} INFO - [2024-07-04T20:20:33.580+0000] {dag.py:3340} INFO - Setting next_dagrun for example_python_operator to None, run_after=None
[2024-07-04T20:20:33.596+0000] {processor.py:176} INFO - Processing /home/airflow/.local/lib/python3.7/site-packages/airflow/example_dags/example_python_operator.py took 0.104 seconds
[2024-07-04T20:21:04.184+0000] {processor.py:154} INFO - Started process (PID=990) to work on /home/airflow/.local/lib/python3.7/site-packages/airflow/example_dags/example_python_operator.py
[2024-07-04T20:21:04.185+0000] {processor.py:756} INFO - Processing file /home/airflow/.local/lib/python3.7/site-packages/airflow/example_dags/example_python_operator.py for tasks to queue
[2024-07-04T20:21:04.186+0000] {logging_mixin.py:120} INFO - [2024-07-04T20:21:04.186+0000] {dagbag.py:537} INFO - Filling up the DagBag from /home/airflow/.local/lib/python3.7/site-packages/airflow/example_dags/example_python_operator.py
[2024-07-04T20:21:04.201+0000] {logging_mixin.py:120} INFO - [2024-07-04T20:21:04.201+0000] {taskmixin.py:205} WARNING - Dependency <Task(_PythonDecoratedOperator): print_the_context>, log_sql_query already registered for DAG: example_python_operator
[2024-07-04T20:21:04.201+0000] {logging_mixin.py:120} INFO - [2024-07-04T20:21:04.201+0000] {taskmixin.py:205} WARNING - Dependency <Task(_PythonDecoratedOperator): log_sql_query>, print_the_context already registered for DAG: example_python_operator
[2024-07-04T20:21:04.202+0000] {logging_mixin.py:120} INFO - [2024-07-04T20:21:04.202+0000] {taskmixin.py:205} WARNING - Dependency <Task(_PythonDecoratedOperator): print_the_context>, log_sql_query already registered for DAG: example_python_operator
[2024-07-04T20:21:04.203+0000] {logging_mixin.py:120} INFO - [2024-07-04T20:21:04.203+0000] {taskmixin.py:205} WARNING - Dependency <Task(_PythonDecoratedOperator): log_sql_query>, print_the_context already registered for DAG: example_python_operator
[2024-07-04T20:21:04.204+0000] {logging_mixin.py:120} INFO - [2024-07-04T20:21:04.204+0000] {taskmixin.py:205} WARNING - Dependency <Task(_PythonDecoratedOperator): print_the_context>, log_sql_query already registered for DAG: example_python_operator
[2024-07-04T20:21:04.204+0000] {logging_mixin.py:120} INFO - [2024-07-04T20:21:04.204+0000] {taskmixin.py:205} WARNING - Dependency <Task(_PythonDecoratedOperator): log_sql_query>, print_the_context already registered for DAG: example_python_operator
[2024-07-04T20:21:04.205+0000] {logging_mixin.py:120} INFO - [2024-07-04T20:21:04.205+0000] {taskmixin.py:205} WARNING - Dependency <Task(_PythonDecoratedOperator): print_the_context>, log_sql_query already registered for DAG: example_python_operator
[2024-07-04T20:21:04.206+0000] {logging_mixin.py:120} INFO - [2024-07-04T20:21:04.206+0000] {taskmixin.py:205} WARNING - Dependency <Task(_PythonDecoratedOperator): log_sql_query>, print_the_context already registered for DAG: example_python_operator
[2024-07-04T20:21:04.214+0000] {processor.py:766} INFO - DAG(s) dict_keys(['example_python_operator']) retrieved from /home/airflow/.local/lib/python3.7/site-packages/airflow/example_dags/example_python_operator.py
[2024-07-04T20:21:04.252+0000] {logging_mixin.py:120} INFO - [2024-07-04T20:21:04.251+0000] {dag.py:2585} INFO - Sync 1 DAGs
[2024-07-04T20:21:04.274+0000] {logging_mixin.py:120} INFO - [2024-07-04T20:21:04.274+0000] {dag.py:3340} INFO - Setting next_dagrun for example_python_operator to None, run_after=None
[2024-07-04T20:21:04.290+0000] {processor.py:176} INFO - Processing /home/airflow/.local/lib/python3.7/site-packages/airflow/example_dags/example_python_operator.py took 0.108 seconds
[2024-07-04T20:21:35.041+0000] {processor.py:154} INFO - Started process (PID=1061) to work on /home/airflow/.local/lib/python3.7/site-packages/airflow/example_dags/example_python_operator.py
[2024-07-04T20:21:35.043+0000] {processor.py:756} INFO - Processing file /home/airflow/.local/lib/python3.7/site-packages/airflow/example_dags/example_python_operator.py for tasks to queue
[2024-07-04T20:21:35.044+0000] {logging_mixin.py:120} INFO - [2024-07-04T20:21:35.044+0000] {dagbag.py:537} INFO - Filling up the DagBag from /home/airflow/.local/lib/python3.7/site-packages/airflow/example_dags/example_python_operator.py
[2024-07-04T20:21:35.060+0000] {logging_mixin.py:120} INFO - [2024-07-04T20:21:35.059+0000] {taskmixin.py:205} WARNING - Dependency <Task(_PythonDecoratedOperator): print_the_context>, log_sql_query already registered for DAG: example_python_operator
[2024-07-04T20:21:35.060+0000] {logging_mixin.py:120} INFO - [2024-07-04T20:21:35.060+0000] {taskmixin.py:205} WARNING - Dependency <Task(_PythonDecoratedOperator): log_sql_query>, print_the_context already registered for DAG: example_python_operator
[2024-07-04T20:21:35.061+0000] {logging_mixin.py:120} INFO - [2024-07-04T20:21:35.061+0000] {taskmixin.py:205} WARNING - Dependency <Task(_PythonDecoratedOperator): print_the_context>, log_sql_query already registered for DAG: example_python_operator
[2024-07-04T20:21:35.061+0000] {logging_mixin.py:120} INFO - [2024-07-04T20:21:35.061+0000] {taskmixin.py:205} WARNING - Dependency <Task(_PythonDecoratedOperator): log_sql_query>, print_the_context already registered for DAG: example_python_operator
[2024-07-04T20:21:35.062+0000] {logging_mixin.py:120} INFO - [2024-07-04T20:21:35.062+0000] {taskmixin.py:205} WARNING - Dependency <Task(_PythonDecoratedOperator): print_the_context>, log_sql_query already registered for DAG: example_python_operator
[2024-07-04T20:21:35.063+0000] {logging_mixin.py:120} INFO - [2024-07-04T20:21:35.062+0000] {taskmixin.py:205} WARNING - Dependency <Task(_PythonDecoratedOperator): log_sql_query>, print_the_context already registered for DAG: example_python_operator
[2024-07-04T20:21:35.066+0000] {logging_mixin.py:120} INFO - [2024-07-04T20:21:35.065+0000] {taskmixin.py:205} WARNING - Dependency <Task(_PythonDecoratedOperator): print_the_context>, log_sql_query already registered for DAG: example_python_operator
[2024-07-04T20:21:35.067+0000] {logging_mixin.py:120} INFO - [2024-07-04T20:21:35.066+0000] {taskmixin.py:205} WARNING - Dependency <Task(_PythonDecoratedOperator): log_sql_query>, print_the_context already registered for DAG: example_python_operator
[2024-07-04T20:21:35.089+0000] {processor.py:766} INFO - DAG(s) dict_keys(['example_python_operator']) retrieved from /home/airflow/.local/lib/python3.7/site-packages/airflow/example_dags/example_python_operator.py
[2024-07-04T20:21:35.281+0000] {logging_mixin.py:120} INFO - [2024-07-04T20:21:35.281+0000] {dag.py:2585} INFO - Sync 1 DAGs
[2024-07-04T20:21:35.331+0000] {logging_mixin.py:120} INFO - [2024-07-04T20:21:35.330+0000] {dag.py:3340} INFO - Setting next_dagrun for example_python_operator to None, run_after=None
[2024-07-04T20:21:35.365+0000] {processor.py:176} INFO - Processing /home/airflow/.local/lib/python3.7/site-packages/airflow/example_dags/example_python_operator.py took 0.327 seconds
