[2024-07-04T20:14:23.918+0000] {processor.py:154} INFO - Started process (PID=81) to work on /home/airflow/.local/lib/python3.7/site-packages/airflow/example_dags/example_short_circuit_operator.py
[2024-07-04T20:14:23.922+0000] {processor.py:756} INFO - Processing file /home/airflow/.local/lib/python3.7/site-packages/airflow/example_dags/example_short_circuit_operator.py for tasks to queue
[2024-07-04T20:14:23.924+0000] {logging_mixin.py:120} INFO - [2024-07-04T20:14:23.924+0000] {dagbag.py:537} INFO - Filling up the DagBag from /home/airflow/.local/lib/python3.7/site-packages/airflow/example_dags/example_short_circuit_operator.py
[2024-07-04T20:14:23.976+0000] {processor.py:766} INFO - DAG(s) dict_keys(['example_short_circuit_operator']) retrieved from /home/airflow/.local/lib/python3.7/site-packages/airflow/example_dags/example_short_circuit_operator.py
[2024-07-04T20:14:24.119+0000] {logging_mixin.py:120} INFO - [2024-07-04T20:14:24.119+0000] {dag.py:2585} INFO - Sync 1 DAGs
[2024-07-04T20:14:24.184+0000] {logging_mixin.py:120} INFO - [2024-07-04T20:14:24.184+0000] {dag.py:3340} INFO - Setting next_dagrun for example_short_circuit_operator to 2024-07-03T20:14:24.183535+00:00, run_after=2024-07-04T20:14:24.183535+00:00
[2024-07-04T20:14:24.228+0000] {processor.py:176} INFO - Processing /home/airflow/.local/lib/python3.7/site-packages/airflow/example_dags/example_short_circuit_operator.py took 0.319 seconds
[2024-07-04T20:14:54.311+0000] {processor.py:154} INFO - Started process (PID=156) to work on /home/airflow/.local/lib/python3.7/site-packages/airflow/example_dags/example_short_circuit_operator.py
[2024-07-04T20:14:54.312+0000] {processor.py:756} INFO - Processing file /home/airflow/.local/lib/python3.7/site-packages/airflow/example_dags/example_short_circuit_operator.py for tasks to queue
[2024-07-04T20:14:54.313+0000] {logging_mixin.py:120} INFO - [2024-07-04T20:14:54.313+0000] {dagbag.py:537} INFO - Filling up the DagBag from /home/airflow/.local/lib/python3.7/site-packages/airflow/example_dags/example_short_circuit_operator.py
[2024-07-04T20:14:54.330+0000] {processor.py:766} INFO - DAG(s) dict_keys(['example_short_circuit_operator']) retrieved from /home/airflow/.local/lib/python3.7/site-packages/airflow/example_dags/example_short_circuit_operator.py
[2024-07-04T20:14:54.389+0000] {logging_mixin.py:120} INFO - [2024-07-04T20:14:54.389+0000] {dag.py:2585} INFO - Sync 1 DAGs
[2024-07-04T20:14:54.411+0000] {logging_mixin.py:120} INFO - [2024-07-04T20:14:54.411+0000] {dag.py:3340} INFO - Setting next_dagrun for example_short_circuit_operator to 2024-07-03T20:14:54.411596+00:00, run_after=2024-07-04T20:14:54.411596+00:00
[2024-07-04T20:14:54.428+0000] {processor.py:176} INFO - Processing /home/airflow/.local/lib/python3.7/site-packages/airflow/example_dags/example_short_circuit_operator.py took 0.120 seconds
[2024-07-04T20:15:25.333+0000] {processor.py:154} INFO - Started process (PID=219) to work on /home/airflow/.local/lib/python3.7/site-packages/airflow/example_dags/example_short_circuit_operator.py
[2024-07-04T20:15:25.334+0000] {processor.py:756} INFO - Processing file /home/airflow/.local/lib/python3.7/site-packages/airflow/example_dags/example_short_circuit_operator.py for tasks to queue
[2024-07-04T20:15:25.335+0000] {logging_mixin.py:120} INFO - [2024-07-04T20:15:25.334+0000] {dagbag.py:537} INFO - Filling up the DagBag from /home/airflow/.local/lib/python3.7/site-packages/airflow/example_dags/example_short_circuit_operator.py
[2024-07-04T20:15:25.349+0000] {processor.py:766} INFO - DAG(s) dict_keys(['example_short_circuit_operator']) retrieved from /home/airflow/.local/lib/python3.7/site-packages/airflow/example_dags/example_short_circuit_operator.py
[2024-07-04T20:15:25.383+0000] {logging_mixin.py:120} INFO - [2024-07-04T20:15:25.383+0000] {dag.py:2585} INFO - Sync 1 DAGs
[2024-07-04T20:15:25.405+0000] {logging_mixin.py:120} INFO - [2024-07-04T20:15:25.405+0000] {dag.py:3340} INFO - Setting next_dagrun for example_short_circuit_operator to 2024-07-03T20:15:25.404914+00:00, run_after=2024-07-04T20:15:25.404914+00:00
[2024-07-04T20:15:25.420+0000] {processor.py:176} INFO - Processing /home/airflow/.local/lib/python3.7/site-packages/airflow/example_dags/example_short_circuit_operator.py took 0.090 seconds
[2024-07-04T20:15:56.091+0000] {processor.py:154} INFO - Started process (PID=290) to work on /home/airflow/.local/lib/python3.7/site-packages/airflow/example_dags/example_short_circuit_operator.py
[2024-07-04T20:15:56.092+0000] {processor.py:756} INFO - Processing file /home/airflow/.local/lib/python3.7/site-packages/airflow/example_dags/example_short_circuit_operator.py for tasks to queue
[2024-07-04T20:15:56.093+0000] {logging_mixin.py:120} INFO - [2024-07-04T20:15:56.093+0000] {dagbag.py:537} INFO - Filling up the DagBag from /home/airflow/.local/lib/python3.7/site-packages/airflow/example_dags/example_short_circuit_operator.py
[2024-07-04T20:15:56.107+0000] {processor.py:766} INFO - DAG(s) dict_keys(['example_short_circuit_operator']) retrieved from /home/airflow/.local/lib/python3.7/site-packages/airflow/example_dags/example_short_circuit_operator.py
[2024-07-04T20:15:56.141+0000] {logging_mixin.py:120} INFO - [2024-07-04T20:15:56.141+0000] {dag.py:2585} INFO - Sync 1 DAGs
[2024-07-04T20:15:56.162+0000] {logging_mixin.py:120} INFO - [2024-07-04T20:15:56.162+0000] {dag.py:3340} INFO - Setting next_dagrun for example_short_circuit_operator to 2024-07-03T20:15:56.162012+00:00, run_after=2024-07-04T20:15:56.162012+00:00
[2024-07-04T20:15:56.177+0000] {processor.py:176} INFO - Processing /home/airflow/.local/lib/python3.7/site-packages/airflow/example_dags/example_short_circuit_operator.py took 0.089 seconds
[2024-07-04T20:16:26.266+0000] {processor.py:154} INFO - Started process (PID=362) to work on /home/airflow/.local/lib/python3.7/site-packages/airflow/example_dags/example_short_circuit_operator.py
[2024-07-04T20:16:26.267+0000] {processor.py:756} INFO - Processing file /home/airflow/.local/lib/python3.7/site-packages/airflow/example_dags/example_short_circuit_operator.py for tasks to queue
[2024-07-04T20:16:26.268+0000] {logging_mixin.py:120} INFO - [2024-07-04T20:16:26.268+0000] {dagbag.py:537} INFO - Filling up the DagBag from /home/airflow/.local/lib/python3.7/site-packages/airflow/example_dags/example_short_circuit_operator.py
[2024-07-04T20:16:26.283+0000] {processor.py:766} INFO - DAG(s) dict_keys(['example_short_circuit_operator']) retrieved from /home/airflow/.local/lib/python3.7/site-packages/airflow/example_dags/example_short_circuit_operator.py
[2024-07-04T20:16:26.318+0000] {logging_mixin.py:120} INFO - [2024-07-04T20:16:26.318+0000] {dag.py:2585} INFO - Sync 1 DAGs
[2024-07-04T20:16:26.341+0000] {logging_mixin.py:120} INFO - [2024-07-04T20:16:26.341+0000] {dag.py:3340} INFO - Setting next_dagrun for example_short_circuit_operator to 2024-07-03T20:16:26.340952+00:00, run_after=2024-07-04T20:16:26.340952+00:00
[2024-07-04T20:16:26.358+0000] {processor.py:176} INFO - Processing /home/airflow/.local/lib/python3.7/site-packages/airflow/example_dags/example_short_circuit_operator.py took 0.096 seconds
[2024-07-04T20:16:57.584+0000] {processor.py:154} INFO - Started process (PID=433) to work on /home/airflow/.local/lib/python3.7/site-packages/airflow/example_dags/example_short_circuit_operator.py
[2024-07-04T20:16:57.586+0000] {processor.py:756} INFO - Processing file /home/airflow/.local/lib/python3.7/site-packages/airflow/example_dags/example_short_circuit_operator.py for tasks to queue
[2024-07-04T20:16:57.587+0000] {logging_mixin.py:120} INFO - [2024-07-04T20:16:57.586+0000] {dagbag.py:537} INFO - Filling up the DagBag from /home/airflow/.local/lib/python3.7/site-packages/airflow/example_dags/example_short_circuit_operator.py
[2024-07-04T20:16:57.602+0000] {processor.py:766} INFO - DAG(s) dict_keys(['example_short_circuit_operator']) retrieved from /home/airflow/.local/lib/python3.7/site-packages/airflow/example_dags/example_short_circuit_operator.py
[2024-07-04T20:16:57.639+0000] {logging_mixin.py:120} INFO - [2024-07-04T20:16:57.639+0000] {dag.py:2585} INFO - Sync 1 DAGs
[2024-07-04T20:16:57.662+0000] {logging_mixin.py:120} INFO - [2024-07-04T20:16:57.662+0000] {dag.py:3340} INFO - Setting next_dagrun for example_short_circuit_operator to 2024-07-03T20:16:57.662524+00:00, run_after=2024-07-04T20:16:57.662524+00:00
[2024-07-04T20:16:57.681+0000] {processor.py:176} INFO - Processing /home/airflow/.local/lib/python3.7/site-packages/airflow/example_dags/example_short_circuit_operator.py took 0.099 seconds
[2024-07-04T20:17:28.450+0000] {processor.py:154} INFO - Started process (PID=495) to work on /home/airflow/.local/lib/python3.7/site-packages/airflow/example_dags/example_short_circuit_operator.py
[2024-07-04T20:17:28.451+0000] {processor.py:756} INFO - Processing file /home/airflow/.local/lib/python3.7/site-packages/airflow/example_dags/example_short_circuit_operator.py for tasks to queue
[2024-07-04T20:17:28.453+0000] {logging_mixin.py:120} INFO - [2024-07-04T20:17:28.452+0000] {dagbag.py:537} INFO - Filling up the DagBag from /home/airflow/.local/lib/python3.7/site-packages/airflow/example_dags/example_short_circuit_operator.py
[2024-07-04T20:17:28.469+0000] {processor.py:766} INFO - DAG(s) dict_keys(['example_short_circuit_operator']) retrieved from /home/airflow/.local/lib/python3.7/site-packages/airflow/example_dags/example_short_circuit_operator.py
[2024-07-04T20:17:28.508+0000] {logging_mixin.py:120} INFO - [2024-07-04T20:17:28.508+0000] {dag.py:2585} INFO - Sync 1 DAGs
[2024-07-04T20:17:28.531+0000] {logging_mixin.py:120} INFO - [2024-07-04T20:17:28.531+0000] {dag.py:3340} INFO - Setting next_dagrun for example_short_circuit_operator to 2024-07-03T20:17:28.530943+00:00, run_after=2024-07-04T20:17:28.530943+00:00
[2024-07-04T20:17:28.560+0000] {processor.py:176} INFO - Processing /home/airflow/.local/lib/python3.7/site-packages/airflow/example_dags/example_short_circuit_operator.py took 0.113 seconds
[2024-07-04T20:17:59.230+0000] {processor.py:154} INFO - Started process (PID=567) to work on /home/airflow/.local/lib/python3.7/site-packages/airflow/example_dags/example_short_circuit_operator.py
[2024-07-04T20:17:59.231+0000] {processor.py:756} INFO - Processing file /home/airflow/.local/lib/python3.7/site-packages/airflow/example_dags/example_short_circuit_operator.py for tasks to queue
[2024-07-04T20:17:59.232+0000] {logging_mixin.py:120} INFO - [2024-07-04T20:17:59.232+0000] {dagbag.py:537} INFO - Filling up the DagBag from /home/airflow/.local/lib/python3.7/site-packages/airflow/example_dags/example_short_circuit_operator.py
[2024-07-04T20:17:59.246+0000] {processor.py:766} INFO - DAG(s) dict_keys(['example_short_circuit_operator']) retrieved from /home/airflow/.local/lib/python3.7/site-packages/airflow/example_dags/example_short_circuit_operator.py
[2024-07-04T20:17:59.281+0000] {logging_mixin.py:120} INFO - [2024-07-04T20:17:59.281+0000] {dag.py:2585} INFO - Sync 1 DAGs
[2024-07-04T20:17:59.302+0000] {logging_mixin.py:120} INFO - [2024-07-04T20:17:59.302+0000] {dag.py:3340} INFO - Setting next_dagrun for example_short_circuit_operator to 2024-07-03T20:17:59.302288+00:00, run_after=2024-07-04T20:17:59.302288+00:00
[2024-07-04T20:17:59.318+0000] {processor.py:176} INFO - Processing /home/airflow/.local/lib/python3.7/site-packages/airflow/example_dags/example_short_circuit_operator.py took 0.091 seconds
[2024-07-04T20:18:30.033+0000] {processor.py:154} INFO - Started process (PID=639) to work on /home/airflow/.local/lib/python3.7/site-packages/airflow/example_dags/example_short_circuit_operator.py
[2024-07-04T20:18:30.034+0000] {processor.py:756} INFO - Processing file /home/airflow/.local/lib/python3.7/site-packages/airflow/example_dags/example_short_circuit_operator.py for tasks to queue
[2024-07-04T20:18:30.035+0000] {logging_mixin.py:120} INFO - [2024-07-04T20:18:30.035+0000] {dagbag.py:537} INFO - Filling up the DagBag from /home/airflow/.local/lib/python3.7/site-packages/airflow/example_dags/example_short_circuit_operator.py
[2024-07-04T20:18:30.053+0000] {processor.py:766} INFO - DAG(s) dict_keys(['example_short_circuit_operator']) retrieved from /home/airflow/.local/lib/python3.7/site-packages/airflow/example_dags/example_short_circuit_operator.py
[2024-07-04T20:18:30.091+0000] {logging_mixin.py:120} INFO - [2024-07-04T20:18:30.091+0000] {dag.py:2585} INFO - Sync 1 DAGs
[2024-07-04T20:18:30.120+0000] {logging_mixin.py:120} INFO - [2024-07-04T20:18:30.120+0000] {dag.py:3340} INFO - Setting next_dagrun for example_short_circuit_operator to 2024-07-03T20:18:30.119799+00:00, run_after=2024-07-04T20:18:30.119799+00:00
[2024-07-04T20:18:30.143+0000] {processor.py:176} INFO - Processing /home/airflow/.local/lib/python3.7/site-packages/airflow/example_dags/example_short_circuit_operator.py took 0.113 seconds
[2024-07-04T20:19:00.184+0000] {processor.py:154} INFO - Started process (PID=710) to work on /home/airflow/.local/lib/python3.7/site-packages/airflow/example_dags/example_short_circuit_operator.py
[2024-07-04T20:19:00.185+0000] {processor.py:756} INFO - Processing file /home/airflow/.local/lib/python3.7/site-packages/airflow/example_dags/example_short_circuit_operator.py for tasks to queue
[2024-07-04T20:19:00.186+0000] {logging_mixin.py:120} INFO - [2024-07-04T20:19:00.186+0000] {dagbag.py:537} INFO - Filling up the DagBag from /home/airflow/.local/lib/python3.7/site-packages/airflow/example_dags/example_short_circuit_operator.py
[2024-07-04T20:19:00.201+0000] {processor.py:766} INFO - DAG(s) dict_keys(['example_short_circuit_operator']) retrieved from /home/airflow/.local/lib/python3.7/site-packages/airflow/example_dags/example_short_circuit_operator.py
[2024-07-04T20:19:00.236+0000] {logging_mixin.py:120} INFO - [2024-07-04T20:19:00.236+0000] {dag.py:2585} INFO - Sync 1 DAGs
[2024-07-04T20:19:00.257+0000] {logging_mixin.py:120} INFO - [2024-07-04T20:19:00.257+0000] {dag.py:3340} INFO - Setting next_dagrun for example_short_circuit_operator to 2024-07-03T20:19:00.257471+00:00, run_after=2024-07-04T20:19:00.257471+00:00
[2024-07-04T20:19:00.273+0000] {processor.py:176} INFO - Processing /home/airflow/.local/lib/python3.7/site-packages/airflow/example_dags/example_short_circuit_operator.py took 0.092 seconds
[2024-07-04T20:19:30.951+0000] {processor.py:154} INFO - Started process (PID=781) to work on /home/airflow/.local/lib/python3.7/site-packages/airflow/example_dags/example_short_circuit_operator.py
[2024-07-04T20:19:30.952+0000] {processor.py:756} INFO - Processing file /home/airflow/.local/lib/python3.7/site-packages/airflow/example_dags/example_short_circuit_operator.py for tasks to queue
[2024-07-04T20:19:30.953+0000] {logging_mixin.py:120} INFO - [2024-07-04T20:19:30.953+0000] {dagbag.py:537} INFO - Filling up the DagBag from /home/airflow/.local/lib/python3.7/site-packages/airflow/example_dags/example_short_circuit_operator.py
[2024-07-04T20:19:30.971+0000] {processor.py:766} INFO - DAG(s) dict_keys(['example_short_circuit_operator']) retrieved from /home/airflow/.local/lib/python3.7/site-packages/airflow/example_dags/example_short_circuit_operator.py
[2024-07-04T20:19:31.010+0000] {logging_mixin.py:120} INFO - [2024-07-04T20:19:31.010+0000] {dag.py:2585} INFO - Sync 1 DAGs
[2024-07-04T20:19:31.038+0000] {logging_mixin.py:120} INFO - [2024-07-04T20:19:31.038+0000] {dag.py:3340} INFO - Setting next_dagrun for example_short_circuit_operator to 2024-07-03T20:19:31.038464+00:00, run_after=2024-07-04T20:19:31.038464+00:00
[2024-07-04T20:19:31.058+0000] {processor.py:176} INFO - Processing /home/airflow/.local/lib/python3.7/site-packages/airflow/example_dags/example_short_circuit_operator.py took 0.112 seconds
[2024-07-04T20:20:01.712+0000] {processor.py:154} INFO - Started process (PID=844) to work on /home/airflow/.local/lib/python3.7/site-packages/airflow/example_dags/example_short_circuit_operator.py
[2024-07-04T20:20:01.713+0000] {processor.py:756} INFO - Processing file /home/airflow/.local/lib/python3.7/site-packages/airflow/example_dags/example_short_circuit_operator.py for tasks to queue
[2024-07-04T20:20:01.714+0000] {logging_mixin.py:120} INFO - [2024-07-04T20:20:01.714+0000] {dagbag.py:537} INFO - Filling up the DagBag from /home/airflow/.local/lib/python3.7/site-packages/airflow/example_dags/example_short_circuit_operator.py
[2024-07-04T20:20:01.735+0000] {processor.py:766} INFO - DAG(s) dict_keys(['example_short_circuit_operator']) retrieved from /home/airflow/.local/lib/python3.7/site-packages/airflow/example_dags/example_short_circuit_operator.py
[2024-07-04T20:20:01.772+0000] {logging_mixin.py:120} INFO - [2024-07-04T20:20:01.772+0000] {dag.py:2585} INFO - Sync 1 DAGs
[2024-07-04T20:20:01.795+0000] {logging_mixin.py:120} INFO - [2024-07-04T20:20:01.795+0000] {dag.py:3340} INFO - Setting next_dagrun for example_short_circuit_operator to 2024-07-03T20:20:01.794852+00:00, run_after=2024-07-04T20:20:01.794852+00:00
[2024-07-04T20:20:01.812+0000] {processor.py:176} INFO - Processing /home/airflow/.local/lib/python3.7/site-packages/airflow/example_dags/example_short_circuit_operator.py took 0.104 seconds
[2024-07-04T20:20:32.361+0000] {processor.py:154} INFO - Started process (PID=915) to work on /home/airflow/.local/lib/python3.7/site-packages/airflow/example_dags/example_short_circuit_operator.py
[2024-07-04T20:20:32.362+0000] {processor.py:756} INFO - Processing file /home/airflow/.local/lib/python3.7/site-packages/airflow/example_dags/example_short_circuit_operator.py for tasks to queue
[2024-07-04T20:20:32.363+0000] {logging_mixin.py:120} INFO - [2024-07-04T20:20:32.363+0000] {dagbag.py:537} INFO - Filling up the DagBag from /home/airflow/.local/lib/python3.7/site-packages/airflow/example_dags/example_short_circuit_operator.py
[2024-07-04T20:20:32.381+0000] {processor.py:766} INFO - DAG(s) dict_keys(['example_short_circuit_operator']) retrieved from /home/airflow/.local/lib/python3.7/site-packages/airflow/example_dags/example_short_circuit_operator.py
[2024-07-04T20:20:32.416+0000] {logging_mixin.py:120} INFO - [2024-07-04T20:20:32.416+0000] {dag.py:2585} INFO - Sync 1 DAGs
[2024-07-04T20:20:32.439+0000] {logging_mixin.py:120} INFO - [2024-07-04T20:20:32.439+0000] {dag.py:3340} INFO - Setting next_dagrun for example_short_circuit_operator to 2024-07-03T20:20:32.439450+00:00, run_after=2024-07-04T20:20:32.439450+00:00
[2024-07-04T20:20:32.456+0000] {processor.py:176} INFO - Processing /home/airflow/.local/lib/python3.7/site-packages/airflow/example_dags/example_short_circuit_operator.py took 0.099 seconds
[2024-07-04T20:21:03.053+0000] {processor.py:154} INFO - Started process (PID=986) to work on /home/airflow/.local/lib/python3.7/site-packages/airflow/example_dags/example_short_circuit_operator.py
[2024-07-04T20:21:03.053+0000] {processor.py:756} INFO - Processing file /home/airflow/.local/lib/python3.7/site-packages/airflow/example_dags/example_short_circuit_operator.py for tasks to queue
[2024-07-04T20:21:03.054+0000] {logging_mixin.py:120} INFO - [2024-07-04T20:21:03.054+0000] {dagbag.py:537} INFO - Filling up the DagBag from /home/airflow/.local/lib/python3.7/site-packages/airflow/example_dags/example_short_circuit_operator.py
[2024-07-04T20:21:03.070+0000] {processor.py:766} INFO - DAG(s) dict_keys(['example_short_circuit_operator']) retrieved from /home/airflow/.local/lib/python3.7/site-packages/airflow/example_dags/example_short_circuit_operator.py
[2024-07-04T20:21:03.106+0000] {logging_mixin.py:120} INFO - [2024-07-04T20:21:03.106+0000] {dag.py:2585} INFO - Sync 1 DAGs
[2024-07-04T20:21:03.128+0000] {logging_mixin.py:120} INFO - [2024-07-04T20:21:03.128+0000] {dag.py:3340} INFO - Setting next_dagrun for example_short_circuit_operator to 2024-07-03T20:21:03.128139+00:00, run_after=2024-07-04T20:21:03.128139+00:00
[2024-07-04T20:21:03.145+0000] {processor.py:176} INFO - Processing /home/airflow/.local/lib/python3.7/site-packages/airflow/example_dags/example_short_circuit_operator.py took 0.096 seconds
[2024-07-04T20:21:33.855+0000] {processor.py:154} INFO - Started process (PID=1057) to work on /home/airflow/.local/lib/python3.7/site-packages/airflow/example_dags/example_short_circuit_operator.py
[2024-07-04T20:21:33.856+0000] {processor.py:756} INFO - Processing file /home/airflow/.local/lib/python3.7/site-packages/airflow/example_dags/example_short_circuit_operator.py for tasks to queue
[2024-07-04T20:21:33.858+0000] {logging_mixin.py:120} INFO - [2024-07-04T20:21:33.857+0000] {dagbag.py:537} INFO - Filling up the DagBag from /home/airflow/.local/lib/python3.7/site-packages/airflow/example_dags/example_short_circuit_operator.py
[2024-07-04T20:21:33.884+0000] {processor.py:766} INFO - DAG(s) dict_keys(['example_short_circuit_operator']) retrieved from /home/airflow/.local/lib/python3.7/site-packages/airflow/example_dags/example_short_circuit_operator.py
[2024-07-04T20:21:33.922+0000] {logging_mixin.py:120} INFO - [2024-07-04T20:21:33.922+0000] {dag.py:2585} INFO - Sync 1 DAGs
[2024-07-04T20:21:33.947+0000] {logging_mixin.py:120} INFO - [2024-07-04T20:21:33.946+0000] {dag.py:3340} INFO - Setting next_dagrun for example_short_circuit_operator to 2024-07-03T20:21:33.946628+00:00, run_after=2024-07-04T20:21:33.946628+00:00
[2024-07-04T20:21:33.964+0000] {processor.py:176} INFO - Processing /home/airflow/.local/lib/python3.7/site-packages/airflow/example_dags/example_short_circuit_operator.py took 0.115 seconds
