[2024-07-04T20:14:20.923+0000] {processor.py:154} INFO - Started process (PID=65) to work on /home/airflow/.local/lib/python3.7/site-packages/airflow/example_dags/example_datasets.py
[2024-07-04T20:14:20.926+0000] {processor.py:756} INFO - Processing file /home/airflow/.local/lib/python3.7/site-packages/airflow/example_dags/example_datasets.py for tasks to queue
[2024-07-04T20:14:20.928+0000] {logging_mixin.py:120} INFO - [2024-07-04T20:14:20.928+0000] {dagbag.py:537} INFO - Filling up the DagBag from /home/airflow/.local/lib/python3.7/site-packages/airflow/example_dags/example_datasets.py
[2024-07-04T20:14:20.986+0000] {processor.py:766} INFO - DAG(s) dict_keys(['dataset_consumes_1_never_scheduled', 'dataset_produces_2', 'dataset_produces_1', 'dataset_consumes_1', 'dataset_consumes_unknown_never_scheduled', 'dataset_consumes_1_and_2']) retrieved from /home/airflow/.local/lib/python3.7/site-packages/airflow/example_dags/example_datasets.py
[2024-07-04T20:14:21.219+0000] {logging_mixin.py:120} INFO - [2024-07-04T20:14:21.219+0000] {dag.py:2585} INFO - Sync 6 DAGs
[2024-07-04T20:14:21.261+0000] {logging_mixin.py:120} INFO - [2024-07-04T20:14:21.261+0000] {dag.py:3340} INFO - Setting next_dagrun for dataset_consumes_1 to None, run_after=None
[2024-07-04T20:14:21.267+0000] {logging_mixin.py:120} INFO - [2024-07-04T20:14:21.267+0000] {dag.py:3340} INFO - Setting next_dagrun for dataset_consumes_1_and_2 to None, run_after=None
[2024-07-04T20:14:21.269+0000] {logging_mixin.py:120} INFO - [2024-07-04T20:14:21.269+0000] {dag.py:3340} INFO - Setting next_dagrun for dataset_consumes_1_never_scheduled to None, run_after=None
[2024-07-04T20:14:21.272+0000] {logging_mixin.py:120} INFO - [2024-07-04T20:14:21.272+0000] {dag.py:3340} INFO - Setting next_dagrun for dataset_consumes_unknown_never_scheduled to None, run_after=None
[2024-07-04T20:14:21.276+0000] {logging_mixin.py:120} INFO - [2024-07-04T20:14:21.276+0000] {dag.py:3340} INFO - Setting next_dagrun for dataset_produces_1 to 2024-07-03T00:00:00+00:00, run_after=2024-07-04T00:00:00+00:00
[2024-07-04T20:14:21.279+0000] {logging_mixin.py:120} INFO - [2024-07-04T20:14:21.279+0000] {dag.py:3340} INFO - Setting next_dagrun for dataset_produces_2 to None, run_after=None
[2024-07-04T20:14:21.330+0000] {processor.py:176} INFO - Processing /home/airflow/.local/lib/python3.7/site-packages/airflow/example_dags/example_datasets.py took 0.418 seconds
[2024-07-04T20:14:51.761+0000] {processor.py:154} INFO - Started process (PID=131) to work on /home/airflow/.local/lib/python3.7/site-packages/airflow/example_dags/example_datasets.py
[2024-07-04T20:14:51.762+0000] {processor.py:756} INFO - Processing file /home/airflow/.local/lib/python3.7/site-packages/airflow/example_dags/example_datasets.py for tasks to queue
[2024-07-04T20:14:51.763+0000] {logging_mixin.py:120} INFO - [2024-07-04T20:14:51.763+0000] {dagbag.py:537} INFO - Filling up the DagBag from /home/airflow/.local/lib/python3.7/site-packages/airflow/example_dags/example_datasets.py
[2024-07-04T20:14:51.778+0000] {processor.py:766} INFO - DAG(s) dict_keys(['dataset_consumes_1', 'dataset_consumes_1_and_2', 'dataset_consumes_unknown_never_scheduled', 'dataset_produces_1', 'dataset_produces_2', 'dataset_consumes_1_never_scheduled']) retrieved from /home/airflow/.local/lib/python3.7/site-packages/airflow/example_dags/example_datasets.py
[2024-07-04T20:14:51.825+0000] {logging_mixin.py:120} INFO - [2024-07-04T20:14:51.825+0000] {dag.py:2585} INFO - Sync 6 DAGs
[2024-07-04T20:14:51.849+0000] {logging_mixin.py:120} INFO - [2024-07-04T20:14:51.849+0000] {dag.py:3340} INFO - Setting next_dagrun for dataset_consumes_1 to None, run_after=None
[2024-07-04T20:14:51.852+0000] {logging_mixin.py:120} INFO - [2024-07-04T20:14:51.852+0000] {dag.py:3340} INFO - Setting next_dagrun for dataset_consumes_1_and_2 to None, run_after=None
[2024-07-04T20:14:51.853+0000] {logging_mixin.py:120} INFO - [2024-07-04T20:14:51.853+0000] {dag.py:3340} INFO - Setting next_dagrun for dataset_consumes_1_never_scheduled to None, run_after=None
[2024-07-04T20:14:51.854+0000] {logging_mixin.py:120} INFO - [2024-07-04T20:14:51.854+0000] {dag.py:3340} INFO - Setting next_dagrun for dataset_consumes_unknown_never_scheduled to None, run_after=None
[2024-07-04T20:14:51.857+0000] {logging_mixin.py:120} INFO - [2024-07-04T20:14:51.856+0000] {dag.py:3340} INFO - Setting next_dagrun for dataset_produces_1 to 2024-07-03T00:00:00+00:00, run_after=2024-07-04T00:00:00+00:00
[2024-07-04T20:14:51.858+0000] {logging_mixin.py:120} INFO - [2024-07-04T20:14:51.858+0000] {dag.py:3340} INFO - Setting next_dagrun for dataset_produces_2 to None, run_after=None
[2024-07-04T20:14:51.881+0000] {processor.py:176} INFO - Processing /home/airflow/.local/lib/python3.7/site-packages/airflow/example_dags/example_datasets.py took 0.123 seconds
[2024-07-04T20:15:21.949+0000] {processor.py:154} INFO - Started process (PID=201) to work on /home/airflow/.local/lib/python3.7/site-packages/airflow/example_dags/example_datasets.py
[2024-07-04T20:15:21.950+0000] {processor.py:756} INFO - Processing file /home/airflow/.local/lib/python3.7/site-packages/airflow/example_dags/example_datasets.py for tasks to queue
[2024-07-04T20:15:21.951+0000] {logging_mixin.py:120} INFO - [2024-07-04T20:15:21.951+0000] {dagbag.py:537} INFO - Filling up the DagBag from /home/airflow/.local/lib/python3.7/site-packages/airflow/example_dags/example_datasets.py
[2024-07-04T20:15:21.965+0000] {processor.py:766} INFO - DAG(s) dict_keys(['dataset_consumes_1', 'dataset_consumes_1_never_scheduled', 'dataset_produces_2', 'dataset_produces_1', 'dataset_consumes_unknown_never_scheduled', 'dataset_consumes_1_and_2']) retrieved from /home/airflow/.local/lib/python3.7/site-packages/airflow/example_dags/example_datasets.py
[2024-07-04T20:15:22.013+0000] {logging_mixin.py:120} INFO - [2024-07-04T20:15:22.013+0000] {dag.py:2585} INFO - Sync 6 DAGs
[2024-07-04T20:15:22.037+0000] {logging_mixin.py:120} INFO - [2024-07-04T20:15:22.037+0000] {dag.py:3340} INFO - Setting next_dagrun for dataset_consumes_1 to None, run_after=None
[2024-07-04T20:15:22.040+0000] {logging_mixin.py:120} INFO - [2024-07-04T20:15:22.040+0000] {dag.py:3340} INFO - Setting next_dagrun for dataset_consumes_1_and_2 to None, run_after=None
[2024-07-04T20:15:22.041+0000] {logging_mixin.py:120} INFO - [2024-07-04T20:15:22.041+0000] {dag.py:3340} INFO - Setting next_dagrun for dataset_consumes_1_never_scheduled to None, run_after=None
[2024-07-04T20:15:22.042+0000] {logging_mixin.py:120} INFO - [2024-07-04T20:15:22.042+0000] {dag.py:3340} INFO - Setting next_dagrun for dataset_consumes_unknown_never_scheduled to None, run_after=None
[2024-07-04T20:15:22.045+0000] {logging_mixin.py:120} INFO - [2024-07-04T20:15:22.045+0000] {dag.py:3340} INFO - Setting next_dagrun for dataset_produces_1 to 2024-07-03T00:00:00+00:00, run_after=2024-07-04T00:00:00+00:00
[2024-07-04T20:15:22.046+0000] {logging_mixin.py:120} INFO - [2024-07-04T20:15:22.046+0000] {dag.py:3340} INFO - Setting next_dagrun for dataset_produces_2 to None, run_after=None
[2024-07-04T20:15:22.069+0000] {processor.py:176} INFO - Processing /home/airflow/.local/lib/python3.7/site-packages/airflow/example_dags/example_datasets.py took 0.122 seconds
[2024-07-04T20:15:52.810+0000] {processor.py:154} INFO - Started process (PID=272) to work on /home/airflow/.local/lib/python3.7/site-packages/airflow/example_dags/example_datasets.py
[2024-07-04T20:15:52.811+0000] {processor.py:756} INFO - Processing file /home/airflow/.local/lib/python3.7/site-packages/airflow/example_dags/example_datasets.py for tasks to queue
[2024-07-04T20:15:52.812+0000] {logging_mixin.py:120} INFO - [2024-07-04T20:15:52.811+0000] {dagbag.py:537} INFO - Filling up the DagBag from /home/airflow/.local/lib/python3.7/site-packages/airflow/example_dags/example_datasets.py
[2024-07-04T20:15:52.826+0000] {processor.py:766} INFO - DAG(s) dict_keys(['dataset_consumes_1_never_scheduled', 'dataset_consumes_unknown_never_scheduled', 'dataset_produces_1', 'dataset_consumes_1_and_2', 'dataset_produces_2', 'dataset_consumes_1']) retrieved from /home/airflow/.local/lib/python3.7/site-packages/airflow/example_dags/example_datasets.py
[2024-07-04T20:15:52.889+0000] {logging_mixin.py:120} INFO - [2024-07-04T20:15:52.889+0000] {dag.py:2585} INFO - Sync 6 DAGs
[2024-07-04T20:15:52.925+0000] {logging_mixin.py:120} INFO - [2024-07-04T20:15:52.925+0000] {dag.py:3340} INFO - Setting next_dagrun for dataset_consumes_1 to None, run_after=None
[2024-07-04T20:15:52.929+0000] {logging_mixin.py:120} INFO - [2024-07-04T20:15:52.929+0000] {dag.py:3340} INFO - Setting next_dagrun for dataset_consumes_1_and_2 to None, run_after=None
[2024-07-04T20:15:52.931+0000] {logging_mixin.py:120} INFO - [2024-07-04T20:15:52.931+0000] {dag.py:3340} INFO - Setting next_dagrun for dataset_consumes_1_never_scheduled to None, run_after=None
[2024-07-04T20:15:52.932+0000] {logging_mixin.py:120} INFO - [2024-07-04T20:15:52.932+0000] {dag.py:3340} INFO - Setting next_dagrun for dataset_consumes_unknown_never_scheduled to None, run_after=None
[2024-07-04T20:15:52.935+0000] {logging_mixin.py:120} INFO - [2024-07-04T20:15:52.934+0000] {dag.py:3340} INFO - Setting next_dagrun for dataset_produces_1 to 2024-07-03T00:00:00+00:00, run_after=2024-07-04T00:00:00+00:00
[2024-07-04T20:15:52.936+0000] {logging_mixin.py:120} INFO - [2024-07-04T20:15:52.936+0000] {dag.py:3340} INFO - Setting next_dagrun for dataset_produces_2 to None, run_after=None
[2024-07-04T20:15:52.975+0000] {processor.py:176} INFO - Processing /home/airflow/.local/lib/python3.7/site-packages/airflow/example_dags/example_datasets.py took 0.168 seconds
[2024-07-04T20:16:23.582+0000] {processor.py:154} INFO - Started process (PID=344) to work on /home/airflow/.local/lib/python3.7/site-packages/airflow/example_dags/example_datasets.py
[2024-07-04T20:16:23.584+0000] {processor.py:756} INFO - Processing file /home/airflow/.local/lib/python3.7/site-packages/airflow/example_dags/example_datasets.py for tasks to queue
[2024-07-04T20:16:23.585+0000] {logging_mixin.py:120} INFO - [2024-07-04T20:16:23.585+0000] {dagbag.py:537} INFO - Filling up the DagBag from /home/airflow/.local/lib/python3.7/site-packages/airflow/example_dags/example_datasets.py
[2024-07-04T20:16:23.602+0000] {processor.py:766} INFO - DAG(s) dict_keys(['dataset_produces_1', 'dataset_consumes_1_never_scheduled', 'dataset_consumes_unknown_never_scheduled', 'dataset_consumes_1_and_2', 'dataset_produces_2', 'dataset_consumes_1']) retrieved from /home/airflow/.local/lib/python3.7/site-packages/airflow/example_dags/example_datasets.py
[2024-07-04T20:16:23.666+0000] {logging_mixin.py:120} INFO - [2024-07-04T20:16:23.665+0000] {dag.py:2585} INFO - Sync 6 DAGs
[2024-07-04T20:16:23.694+0000] {logging_mixin.py:120} INFO - [2024-07-04T20:16:23.694+0000] {dag.py:3340} INFO - Setting next_dagrun for dataset_consumes_1 to None, run_after=None
[2024-07-04T20:16:23.697+0000] {logging_mixin.py:120} INFO - [2024-07-04T20:16:23.697+0000] {dag.py:3340} INFO - Setting next_dagrun for dataset_consumes_1_and_2 to None, run_after=None
[2024-07-04T20:16:23.698+0000] {logging_mixin.py:120} INFO - [2024-07-04T20:16:23.698+0000] {dag.py:3340} INFO - Setting next_dagrun for dataset_consumes_1_never_scheduled to None, run_after=None
[2024-07-04T20:16:23.699+0000] {logging_mixin.py:120} INFO - [2024-07-04T20:16:23.699+0000] {dag.py:3340} INFO - Setting next_dagrun for dataset_consumes_unknown_never_scheduled to None, run_after=None
[2024-07-04T20:16:23.701+0000] {logging_mixin.py:120} INFO - [2024-07-04T20:16:23.701+0000] {dag.py:3340} INFO - Setting next_dagrun for dataset_produces_1 to 2024-07-03T00:00:00+00:00, run_after=2024-07-04T00:00:00+00:00
[2024-07-04T20:16:23.702+0000] {logging_mixin.py:120} INFO - [2024-07-04T20:16:23.702+0000] {dag.py:3340} INFO - Setting next_dagrun for dataset_produces_2 to None, run_after=None
[2024-07-04T20:16:23.726+0000] {processor.py:176} INFO - Processing /home/airflow/.local/lib/python3.7/site-packages/airflow/example_dags/example_datasets.py took 0.148 seconds
[2024-07-04T20:16:53.899+0000] {processor.py:154} INFO - Started process (PID=406) to work on /home/airflow/.local/lib/python3.7/site-packages/airflow/example_dags/example_datasets.py
[2024-07-04T20:16:53.900+0000] {processor.py:756} INFO - Processing file /home/airflow/.local/lib/python3.7/site-packages/airflow/example_dags/example_datasets.py for tasks to queue
[2024-07-04T20:16:53.901+0000] {logging_mixin.py:120} INFO - [2024-07-04T20:16:53.900+0000] {dagbag.py:537} INFO - Filling up the DagBag from /home/airflow/.local/lib/python3.7/site-packages/airflow/example_dags/example_datasets.py
[2024-07-04T20:16:53.915+0000] {processor.py:766} INFO - DAG(s) dict_keys(['dataset_consumes_1_never_scheduled', 'dataset_produces_1', 'dataset_produces_2', 'dataset_consumes_1_and_2', 'dataset_consumes_1', 'dataset_consumes_unknown_never_scheduled']) retrieved from /home/airflow/.local/lib/python3.7/site-packages/airflow/example_dags/example_datasets.py
[2024-07-04T20:16:53.965+0000] {logging_mixin.py:120} INFO - [2024-07-04T20:16:53.964+0000] {dag.py:2585} INFO - Sync 6 DAGs
[2024-07-04T20:16:53.995+0000] {logging_mixin.py:120} INFO - [2024-07-04T20:16:53.994+0000] {dag.py:3340} INFO - Setting next_dagrun for dataset_consumes_1 to None, run_after=None
[2024-07-04T20:16:53.999+0000] {logging_mixin.py:120} INFO - [2024-07-04T20:16:53.999+0000] {dag.py:3340} INFO - Setting next_dagrun for dataset_consumes_1_and_2 to None, run_after=None
[2024-07-04T20:16:54.002+0000] {logging_mixin.py:120} INFO - [2024-07-04T20:16:54.001+0000] {dag.py:3340} INFO - Setting next_dagrun for dataset_consumes_1_never_scheduled to None, run_after=None
[2024-07-04T20:16:54.004+0000] {logging_mixin.py:120} INFO - [2024-07-04T20:16:54.004+0000] {dag.py:3340} INFO - Setting next_dagrun for dataset_consumes_unknown_never_scheduled to None, run_after=None
[2024-07-04T20:16:54.008+0000] {logging_mixin.py:120} INFO - [2024-07-04T20:16:54.008+0000] {dag.py:3340} INFO - Setting next_dagrun for dataset_produces_1 to 2024-07-03T00:00:00+00:00, run_after=2024-07-04T00:00:00+00:00
[2024-07-04T20:16:54.011+0000] {logging_mixin.py:120} INFO - [2024-07-04T20:16:54.010+0000] {dag.py:3340} INFO - Setting next_dagrun for dataset_produces_2 to None, run_after=None
[2024-07-04T20:16:54.049+0000] {processor.py:176} INFO - Processing /home/airflow/.local/lib/python3.7/site-packages/airflow/example_dags/example_datasets.py took 0.154 seconds
[2024-07-04T20:17:24.151+0000] {processor.py:154} INFO - Started process (PID=477) to work on /home/airflow/.local/lib/python3.7/site-packages/airflow/example_dags/example_datasets.py
[2024-07-04T20:17:24.151+0000] {processor.py:756} INFO - Processing file /home/airflow/.local/lib/python3.7/site-packages/airflow/example_dags/example_datasets.py for tasks to queue
[2024-07-04T20:17:24.152+0000] {logging_mixin.py:120} INFO - [2024-07-04T20:17:24.152+0000] {dagbag.py:537} INFO - Filling up the DagBag from /home/airflow/.local/lib/python3.7/site-packages/airflow/example_dags/example_datasets.py
[2024-07-04T20:17:24.168+0000] {processor.py:766} INFO - DAG(s) dict_keys(['dataset_consumes_1', 'dataset_consumes_unknown_never_scheduled', 'dataset_produces_2', 'dataset_consumes_1_and_2', 'dataset_produces_1', 'dataset_consumes_1_never_scheduled']) retrieved from /home/airflow/.local/lib/python3.7/site-packages/airflow/example_dags/example_datasets.py
[2024-07-04T20:17:24.216+0000] {logging_mixin.py:120} INFO - [2024-07-04T20:17:24.216+0000] {dag.py:2585} INFO - Sync 6 DAGs
[2024-07-04T20:17:24.239+0000] {logging_mixin.py:120} INFO - [2024-07-04T20:17:24.239+0000] {dag.py:3340} INFO - Setting next_dagrun for dataset_consumes_1 to None, run_after=None
[2024-07-04T20:17:24.242+0000] {logging_mixin.py:120} INFO - [2024-07-04T20:17:24.242+0000] {dag.py:3340} INFO - Setting next_dagrun for dataset_consumes_1_and_2 to None, run_after=None
[2024-07-04T20:17:24.243+0000] {logging_mixin.py:120} INFO - [2024-07-04T20:17:24.243+0000] {dag.py:3340} INFO - Setting next_dagrun for dataset_consumes_1_never_scheduled to None, run_after=None
[2024-07-04T20:17:24.244+0000] {logging_mixin.py:120} INFO - [2024-07-04T20:17:24.244+0000] {dag.py:3340} INFO - Setting next_dagrun for dataset_consumes_unknown_never_scheduled to None, run_after=None
[2024-07-04T20:17:24.247+0000] {logging_mixin.py:120} INFO - [2024-07-04T20:17:24.247+0000] {dag.py:3340} INFO - Setting next_dagrun for dataset_produces_1 to 2024-07-03T00:00:00+00:00, run_after=2024-07-04T00:00:00+00:00
[2024-07-04T20:17:24.249+0000] {logging_mixin.py:120} INFO - [2024-07-04T20:17:24.249+0000] {dag.py:3340} INFO - Setting next_dagrun for dataset_produces_2 to None, run_after=None
[2024-07-04T20:17:24.273+0000] {processor.py:176} INFO - Processing /home/airflow/.local/lib/python3.7/site-packages/airflow/example_dags/example_datasets.py took 0.125 seconds
[2024-07-04T20:17:54.987+0000] {processor.py:154} INFO - Started process (PID=549) to work on /home/airflow/.local/lib/python3.7/site-packages/airflow/example_dags/example_datasets.py
[2024-07-04T20:17:54.987+0000] {processor.py:756} INFO - Processing file /home/airflow/.local/lib/python3.7/site-packages/airflow/example_dags/example_datasets.py for tasks to queue
[2024-07-04T20:17:54.988+0000] {logging_mixin.py:120} INFO - [2024-07-04T20:17:54.988+0000] {dagbag.py:537} INFO - Filling up the DagBag from /home/airflow/.local/lib/python3.7/site-packages/airflow/example_dags/example_datasets.py
[2024-07-04T20:17:55.003+0000] {processor.py:766} INFO - DAG(s) dict_keys(['dataset_consumes_1', 'dataset_consumes_unknown_never_scheduled', 'dataset_consumes_1_never_scheduled', 'dataset_produces_1', 'dataset_consumes_1_and_2', 'dataset_produces_2']) retrieved from /home/airflow/.local/lib/python3.7/site-packages/airflow/example_dags/example_datasets.py
[2024-07-04T20:17:55.052+0000] {logging_mixin.py:120} INFO - [2024-07-04T20:17:55.052+0000] {dag.py:2585} INFO - Sync 6 DAGs
[2024-07-04T20:17:55.075+0000] {logging_mixin.py:120} INFO - [2024-07-04T20:17:55.074+0000] {dag.py:3340} INFO - Setting next_dagrun for dataset_consumes_1 to None, run_after=None
[2024-07-04T20:17:55.078+0000] {logging_mixin.py:120} INFO - [2024-07-04T20:17:55.078+0000] {dag.py:3340} INFO - Setting next_dagrun for dataset_consumes_1_and_2 to None, run_after=None
[2024-07-04T20:17:55.079+0000] {logging_mixin.py:120} INFO - [2024-07-04T20:17:55.079+0000] {dag.py:3340} INFO - Setting next_dagrun for dataset_consumes_1_never_scheduled to None, run_after=None
[2024-07-04T20:17:55.080+0000] {logging_mixin.py:120} INFO - [2024-07-04T20:17:55.080+0000] {dag.py:3340} INFO - Setting next_dagrun for dataset_consumes_unknown_never_scheduled to None, run_after=None
[2024-07-04T20:17:55.082+0000] {logging_mixin.py:120} INFO - [2024-07-04T20:17:55.082+0000] {dag.py:3340} INFO - Setting next_dagrun for dataset_produces_1 to 2024-07-03T00:00:00+00:00, run_after=2024-07-04T00:00:00+00:00
[2024-07-04T20:17:55.083+0000] {logging_mixin.py:120} INFO - [2024-07-04T20:17:55.083+0000] {dag.py:3340} INFO - Setting next_dagrun for dataset_produces_2 to None, run_after=None
[2024-07-04T20:17:55.107+0000] {processor.py:176} INFO - Processing /home/airflow/.local/lib/python3.7/site-packages/airflow/example_dags/example_datasets.py took 0.123 seconds
[2024-07-04T20:18:25.589+0000] {processor.py:154} INFO - Started process (PID=620) to work on /home/airflow/.local/lib/python3.7/site-packages/airflow/example_dags/example_datasets.py
[2024-07-04T20:18:25.590+0000] {processor.py:756} INFO - Processing file /home/airflow/.local/lib/python3.7/site-packages/airflow/example_dags/example_datasets.py for tasks to queue
[2024-07-04T20:18:25.590+0000] {logging_mixin.py:120} INFO - [2024-07-04T20:18:25.590+0000] {dagbag.py:537} INFO - Filling up the DagBag from /home/airflow/.local/lib/python3.7/site-packages/airflow/example_dags/example_datasets.py
[2024-07-04T20:18:25.605+0000] {processor.py:766} INFO - DAG(s) dict_keys(['dataset_produces_2', 'dataset_consumes_unknown_never_scheduled', 'dataset_produces_1', 'dataset_consumes_1', 'dataset_consumes_1_never_scheduled', 'dataset_consumes_1_and_2']) retrieved from /home/airflow/.local/lib/python3.7/site-packages/airflow/example_dags/example_datasets.py
[2024-07-04T20:18:25.653+0000] {logging_mixin.py:120} INFO - [2024-07-04T20:18:25.652+0000] {dag.py:2585} INFO - Sync 6 DAGs
[2024-07-04T20:18:25.676+0000] {logging_mixin.py:120} INFO - [2024-07-04T20:18:25.676+0000] {dag.py:3340} INFO - Setting next_dagrun for dataset_consumes_1 to None, run_after=None
[2024-07-04T20:18:25.679+0000] {logging_mixin.py:120} INFO - [2024-07-04T20:18:25.679+0000] {dag.py:3340} INFO - Setting next_dagrun for dataset_consumes_1_and_2 to None, run_after=None
[2024-07-04T20:18:25.680+0000] {logging_mixin.py:120} INFO - [2024-07-04T20:18:25.680+0000] {dag.py:3340} INFO - Setting next_dagrun for dataset_consumes_1_never_scheduled to None, run_after=None
[2024-07-04T20:18:25.681+0000] {logging_mixin.py:120} INFO - [2024-07-04T20:18:25.681+0000] {dag.py:3340} INFO - Setting next_dagrun for dataset_consumes_unknown_never_scheduled to None, run_after=None
[2024-07-04T20:18:25.684+0000] {logging_mixin.py:120} INFO - [2024-07-04T20:18:25.683+0000] {dag.py:3340} INFO - Setting next_dagrun for dataset_produces_1 to 2024-07-03T00:00:00+00:00, run_after=2024-07-04T00:00:00+00:00
[2024-07-04T20:18:25.685+0000] {logging_mixin.py:120} INFO - [2024-07-04T20:18:25.685+0000] {dag.py:3340} INFO - Setting next_dagrun for dataset_produces_2 to None, run_after=None
[2024-07-04T20:18:25.707+0000] {processor.py:176} INFO - Processing /home/airflow/.local/lib/python3.7/site-packages/airflow/example_dags/example_datasets.py took 0.122 seconds
[2024-07-04T20:18:55.818+0000] {processor.py:154} INFO - Started process (PID=682) to work on /home/airflow/.local/lib/python3.7/site-packages/airflow/example_dags/example_datasets.py
[2024-07-04T20:18:55.819+0000] {processor.py:756} INFO - Processing file /home/airflow/.local/lib/python3.7/site-packages/airflow/example_dags/example_datasets.py for tasks to queue
[2024-07-04T20:18:55.820+0000] {logging_mixin.py:120} INFO - [2024-07-04T20:18:55.820+0000] {dagbag.py:537} INFO - Filling up the DagBag from /home/airflow/.local/lib/python3.7/site-packages/airflow/example_dags/example_datasets.py
[2024-07-04T20:18:55.835+0000] {processor.py:766} INFO - DAG(s) dict_keys(['dataset_consumes_1_never_scheduled', 'dataset_consumes_1_and_2', 'dataset_produces_2', 'dataset_produces_1', 'dataset_consumes_1', 'dataset_consumes_unknown_never_scheduled']) retrieved from /home/airflow/.local/lib/python3.7/site-packages/airflow/example_dags/example_datasets.py
[2024-07-04T20:18:55.882+0000] {logging_mixin.py:120} INFO - [2024-07-04T20:18:55.882+0000] {dag.py:2585} INFO - Sync 6 DAGs
[2024-07-04T20:18:55.906+0000] {logging_mixin.py:120} INFO - [2024-07-04T20:18:55.906+0000] {dag.py:3340} INFO - Setting next_dagrun for dataset_consumes_1 to None, run_after=None
[2024-07-04T20:18:55.910+0000] {logging_mixin.py:120} INFO - [2024-07-04T20:18:55.909+0000] {dag.py:3340} INFO - Setting next_dagrun for dataset_consumes_1_and_2 to None, run_after=None
[2024-07-04T20:18:55.911+0000] {logging_mixin.py:120} INFO - [2024-07-04T20:18:55.910+0000] {dag.py:3340} INFO - Setting next_dagrun for dataset_consumes_1_never_scheduled to None, run_after=None
[2024-07-04T20:18:55.911+0000] {logging_mixin.py:120} INFO - [2024-07-04T20:18:55.911+0000] {dag.py:3340} INFO - Setting next_dagrun for dataset_consumes_unknown_never_scheduled to None, run_after=None
[2024-07-04T20:18:55.914+0000] {logging_mixin.py:120} INFO - [2024-07-04T20:18:55.914+0000] {dag.py:3340} INFO - Setting next_dagrun for dataset_produces_1 to 2024-07-03T00:00:00+00:00, run_after=2024-07-04T00:00:00+00:00
[2024-07-04T20:18:55.915+0000] {logging_mixin.py:120} INFO - [2024-07-04T20:18:55.915+0000] {dag.py:3340} INFO - Setting next_dagrun for dataset_produces_2 to None, run_after=None
[2024-07-04T20:18:55.939+0000] {processor.py:176} INFO - Processing /home/airflow/.local/lib/python3.7/site-packages/airflow/example_dags/example_datasets.py took 0.124 seconds
[2024-07-04T20:19:26.559+0000] {processor.py:154} INFO - Started process (PID=753) to work on /home/airflow/.local/lib/python3.7/site-packages/airflow/example_dags/example_datasets.py
[2024-07-04T20:19:26.560+0000] {processor.py:756} INFO - Processing file /home/airflow/.local/lib/python3.7/site-packages/airflow/example_dags/example_datasets.py for tasks to queue
[2024-07-04T20:19:26.561+0000] {logging_mixin.py:120} INFO - [2024-07-04T20:19:26.561+0000] {dagbag.py:537} INFO - Filling up the DagBag from /home/airflow/.local/lib/python3.7/site-packages/airflow/example_dags/example_datasets.py
[2024-07-04T20:19:26.577+0000] {processor.py:766} INFO - DAG(s) dict_keys(['dataset_consumes_unknown_never_scheduled', 'dataset_produces_2', 'dataset_consumes_1_never_scheduled', 'dataset_produces_1', 'dataset_consumes_1_and_2', 'dataset_consumes_1']) retrieved from /home/airflow/.local/lib/python3.7/site-packages/airflow/example_dags/example_datasets.py
[2024-07-04T20:19:26.636+0000] {logging_mixin.py:120} INFO - [2024-07-04T20:19:26.636+0000] {dag.py:2585} INFO - Sync 6 DAGs
[2024-07-04T20:19:26.661+0000] {logging_mixin.py:120} INFO - [2024-07-04T20:19:26.660+0000] {dag.py:3340} INFO - Setting next_dagrun for dataset_consumes_1 to None, run_after=None
[2024-07-04T20:19:26.664+0000] {logging_mixin.py:120} INFO - [2024-07-04T20:19:26.663+0000] {dag.py:3340} INFO - Setting next_dagrun for dataset_consumes_1_and_2 to None, run_after=None
[2024-07-04T20:19:26.665+0000] {logging_mixin.py:120} INFO - [2024-07-04T20:19:26.664+0000] {dag.py:3340} INFO - Setting next_dagrun for dataset_consumes_1_never_scheduled to None, run_after=None
[2024-07-04T20:19:26.665+0000] {logging_mixin.py:120} INFO - [2024-07-04T20:19:26.665+0000] {dag.py:3340} INFO - Setting next_dagrun for dataset_consumes_unknown_never_scheduled to None, run_after=None
[2024-07-04T20:19:26.668+0000] {logging_mixin.py:120} INFO - [2024-07-04T20:19:26.668+0000] {dag.py:3340} INFO - Setting next_dagrun for dataset_produces_1 to 2024-07-03T00:00:00+00:00, run_after=2024-07-04T00:00:00+00:00
[2024-07-04T20:19:26.669+0000] {logging_mixin.py:120} INFO - [2024-07-04T20:19:26.669+0000] {dag.py:3340} INFO - Setting next_dagrun for dataset_produces_2 to None, run_after=None
[2024-07-04T20:19:26.693+0000] {processor.py:176} INFO - Processing /home/airflow/.local/lib/python3.7/site-packages/airflow/example_dags/example_datasets.py took 0.137 seconds
[2024-07-04T20:19:57.369+0000] {processor.py:154} INFO - Started process (PID=825) to work on /home/airflow/.local/lib/python3.7/site-packages/airflow/example_dags/example_datasets.py
[2024-07-04T20:19:57.370+0000] {processor.py:756} INFO - Processing file /home/airflow/.local/lib/python3.7/site-packages/airflow/example_dags/example_datasets.py for tasks to queue
[2024-07-04T20:19:57.371+0000] {logging_mixin.py:120} INFO - [2024-07-04T20:19:57.371+0000] {dagbag.py:537} INFO - Filling up the DagBag from /home/airflow/.local/lib/python3.7/site-packages/airflow/example_dags/example_datasets.py
[2024-07-04T20:19:57.388+0000] {processor.py:766} INFO - DAG(s) dict_keys(['dataset_produces_1', 'dataset_consumes_1', 'dataset_consumes_1_and_2', 'dataset_consumes_unknown_never_scheduled', 'dataset_consumes_1_never_scheduled', 'dataset_produces_2']) retrieved from /home/airflow/.local/lib/python3.7/site-packages/airflow/example_dags/example_datasets.py
[2024-07-04T20:19:57.432+0000] {logging_mixin.py:120} INFO - [2024-07-04T20:19:57.432+0000] {dag.py:2585} INFO - Sync 6 DAGs
[2024-07-04T20:19:57.454+0000] {logging_mixin.py:120} INFO - [2024-07-04T20:19:57.454+0000] {dag.py:3340} INFO - Setting next_dagrun for dataset_consumes_1 to None, run_after=None
[2024-07-04T20:19:57.457+0000] {logging_mixin.py:120} INFO - [2024-07-04T20:19:57.457+0000] {dag.py:3340} INFO - Setting next_dagrun for dataset_consumes_1_and_2 to None, run_after=None
[2024-07-04T20:19:57.459+0000] {logging_mixin.py:120} INFO - [2024-07-04T20:19:57.458+0000] {dag.py:3340} INFO - Setting next_dagrun for dataset_consumes_1_never_scheduled to None, run_after=None
[2024-07-04T20:19:57.459+0000] {logging_mixin.py:120} INFO - [2024-07-04T20:19:57.459+0000] {dag.py:3340} INFO - Setting next_dagrun for dataset_consumes_unknown_never_scheduled to None, run_after=None
[2024-07-04T20:19:57.462+0000] {logging_mixin.py:120} INFO - [2024-07-04T20:19:57.462+0000] {dag.py:3340} INFO - Setting next_dagrun for dataset_produces_1 to 2024-07-03T00:00:00+00:00, run_after=2024-07-04T00:00:00+00:00
[2024-07-04T20:19:57.465+0000] {logging_mixin.py:120} INFO - [2024-07-04T20:19:57.464+0000] {dag.py:3340} INFO - Setting next_dagrun for dataset_produces_2 to None, run_after=None
[2024-07-04T20:19:57.493+0000] {processor.py:176} INFO - Processing /home/airflow/.local/lib/python3.7/site-packages/airflow/example_dags/example_datasets.py took 0.127 seconds
[2024-07-04T20:20:28.125+0000] {processor.py:154} INFO - Started process (PID=897) to work on /home/airflow/.local/lib/python3.7/site-packages/airflow/example_dags/example_datasets.py
[2024-07-04T20:20:28.126+0000] {processor.py:756} INFO - Processing file /home/airflow/.local/lib/python3.7/site-packages/airflow/example_dags/example_datasets.py for tasks to queue
[2024-07-04T20:20:28.127+0000] {logging_mixin.py:120} INFO - [2024-07-04T20:20:28.127+0000] {dagbag.py:537} INFO - Filling up the DagBag from /home/airflow/.local/lib/python3.7/site-packages/airflow/example_dags/example_datasets.py
[2024-07-04T20:20:28.142+0000] {processor.py:766} INFO - DAG(s) dict_keys(['dataset_produces_2', 'dataset_consumes_1_and_2', 'dataset_consumes_1_never_scheduled', 'dataset_consumes_1', 'dataset_consumes_unknown_never_scheduled', 'dataset_produces_1']) retrieved from /home/airflow/.local/lib/python3.7/site-packages/airflow/example_dags/example_datasets.py
[2024-07-04T20:20:28.221+0000] {logging_mixin.py:120} INFO - [2024-07-04T20:20:28.220+0000] {dag.py:2585} INFO - Sync 6 DAGs
[2024-07-04T20:20:28.249+0000] {logging_mixin.py:120} INFO - [2024-07-04T20:20:28.248+0000] {dag.py:3340} INFO - Setting next_dagrun for dataset_consumes_1 to None, run_after=None
[2024-07-04T20:20:28.252+0000] {logging_mixin.py:120} INFO - [2024-07-04T20:20:28.252+0000] {dag.py:3340} INFO - Setting next_dagrun for dataset_consumes_1_and_2 to None, run_after=None
[2024-07-04T20:20:28.254+0000] {logging_mixin.py:120} INFO - [2024-07-04T20:20:28.254+0000] {dag.py:3340} INFO - Setting next_dagrun for dataset_consumes_1_never_scheduled to None, run_after=None
[2024-07-04T20:20:28.255+0000] {logging_mixin.py:120} INFO - [2024-07-04T20:20:28.255+0000] {dag.py:3340} INFO - Setting next_dagrun for dataset_consumes_unknown_never_scheduled to None, run_after=None
[2024-07-04T20:20:28.257+0000] {logging_mixin.py:120} INFO - [2024-07-04T20:20:28.257+0000] {dag.py:3340} INFO - Setting next_dagrun for dataset_produces_1 to 2024-07-03T00:00:00+00:00, run_after=2024-07-04T00:00:00+00:00
[2024-07-04T20:20:28.258+0000] {logging_mixin.py:120} INFO - [2024-07-04T20:20:28.258+0000] {dag.py:3340} INFO - Setting next_dagrun for dataset_produces_2 to None, run_after=None
[2024-07-04T20:20:28.282+0000] {processor.py:176} INFO - Processing /home/airflow/.local/lib/python3.7/site-packages/airflow/example_dags/example_datasets.py took 0.161 seconds
[2024-07-04T20:20:58.869+0000] {processor.py:154} INFO - Started process (PID=966) to work on /home/airflow/.local/lib/python3.7/site-packages/airflow/example_dags/example_datasets.py
[2024-07-04T20:20:58.870+0000] {processor.py:756} INFO - Processing file /home/airflow/.local/lib/python3.7/site-packages/airflow/example_dags/example_datasets.py for tasks to queue
[2024-07-04T20:20:58.871+0000] {logging_mixin.py:120} INFO - [2024-07-04T20:20:58.871+0000] {dagbag.py:537} INFO - Filling up the DagBag from /home/airflow/.local/lib/python3.7/site-packages/airflow/example_dags/example_datasets.py
[2024-07-04T20:20:58.888+0000] {processor.py:766} INFO - DAG(s) dict_keys(['dataset_produces_1', 'dataset_consumes_1_never_scheduled', 'dataset_produces_2', 'dataset_consumes_1_and_2', 'dataset_consumes_1', 'dataset_consumes_unknown_never_scheduled']) retrieved from /home/airflow/.local/lib/python3.7/site-packages/airflow/example_dags/example_datasets.py
[2024-07-04T20:20:58.939+0000] {logging_mixin.py:120} INFO - [2024-07-04T20:20:58.939+0000] {dag.py:2585} INFO - Sync 6 DAGs
[2024-07-04T20:20:58.962+0000] {logging_mixin.py:120} INFO - [2024-07-04T20:20:58.962+0000] {dag.py:3340} INFO - Setting next_dagrun for dataset_consumes_1 to None, run_after=None
[2024-07-04T20:20:58.965+0000] {logging_mixin.py:120} INFO - [2024-07-04T20:20:58.965+0000] {dag.py:3340} INFO - Setting next_dagrun for dataset_consumes_1_and_2 to None, run_after=None
[2024-07-04T20:20:58.967+0000] {logging_mixin.py:120} INFO - [2024-07-04T20:20:58.966+0000] {dag.py:3340} INFO - Setting next_dagrun for dataset_consumes_1_never_scheduled to None, run_after=None
[2024-07-04T20:20:58.968+0000] {logging_mixin.py:120} INFO - [2024-07-04T20:20:58.967+0000] {dag.py:3340} INFO - Setting next_dagrun for dataset_consumes_unknown_never_scheduled to None, run_after=None
[2024-07-04T20:20:58.970+0000] {logging_mixin.py:120} INFO - [2024-07-04T20:20:58.970+0000] {dag.py:3340} INFO - Setting next_dagrun for dataset_produces_1 to 2024-07-03T00:00:00+00:00, run_after=2024-07-04T00:00:00+00:00
[2024-07-04T20:20:58.971+0000] {logging_mixin.py:120} INFO - [2024-07-04T20:20:58.971+0000] {dag.py:3340} INFO - Setting next_dagrun for dataset_produces_2 to None, run_after=None
[2024-07-04T20:20:58.994+0000] {processor.py:176} INFO - Processing /home/airflow/.local/lib/python3.7/site-packages/airflow/example_dags/example_datasets.py took 0.129 seconds
[2024-07-04T20:21:29.568+0000] {processor.py:154} INFO - Started process (PID=1030) to work on /home/airflow/.local/lib/python3.7/site-packages/airflow/example_dags/example_datasets.py
[2024-07-04T20:21:29.570+0000] {processor.py:756} INFO - Processing file /home/airflow/.local/lib/python3.7/site-packages/airflow/example_dags/example_datasets.py for tasks to queue
[2024-07-04T20:21:29.571+0000] {logging_mixin.py:120} INFO - [2024-07-04T20:21:29.570+0000] {dagbag.py:537} INFO - Filling up the DagBag from /home/airflow/.local/lib/python3.7/site-packages/airflow/example_dags/example_datasets.py
[2024-07-04T20:21:29.585+0000] {processor.py:766} INFO - DAG(s) dict_keys(['dataset_consumes_1_never_scheduled', 'dataset_consumes_unknown_never_scheduled', 'dataset_consumes_1', 'dataset_produces_2', 'dataset_consumes_1_and_2', 'dataset_produces_1']) retrieved from /home/airflow/.local/lib/python3.7/site-packages/airflow/example_dags/example_datasets.py
[2024-07-04T20:21:29.631+0000] {logging_mixin.py:120} INFO - [2024-07-04T20:21:29.631+0000] {dag.py:2585} INFO - Sync 6 DAGs
[2024-07-04T20:21:29.654+0000] {logging_mixin.py:120} INFO - [2024-07-04T20:21:29.654+0000] {dag.py:3340} INFO - Setting next_dagrun for dataset_consumes_1 to None, run_after=None
[2024-07-04T20:21:29.657+0000] {logging_mixin.py:120} INFO - [2024-07-04T20:21:29.657+0000] {dag.py:3340} INFO - Setting next_dagrun for dataset_consumes_1_and_2 to None, run_after=None
[2024-07-04T20:21:29.659+0000] {logging_mixin.py:120} INFO - [2024-07-04T20:21:29.658+0000] {dag.py:3340} INFO - Setting next_dagrun for dataset_consumes_1_never_scheduled to None, run_after=None
[2024-07-04T20:21:29.659+0000] {logging_mixin.py:120} INFO - [2024-07-04T20:21:29.659+0000] {dag.py:3340} INFO - Setting next_dagrun for dataset_consumes_unknown_never_scheduled to None, run_after=None
[2024-07-04T20:21:29.662+0000] {logging_mixin.py:120} INFO - [2024-07-04T20:21:29.662+0000] {dag.py:3340} INFO - Setting next_dagrun for dataset_produces_1 to 2024-07-03T00:00:00+00:00, run_after=2024-07-04T00:00:00+00:00
[2024-07-04T20:21:29.663+0000] {logging_mixin.py:120} INFO - [2024-07-04T20:21:29.663+0000] {dag.py:3340} INFO - Setting next_dagrun for dataset_produces_2 to None, run_after=None
[2024-07-04T20:21:29.688+0000] {processor.py:176} INFO - Processing /home/airflow/.local/lib/python3.7/site-packages/airflow/example_dags/example_datasets.py took 0.123 seconds
[2024-07-04T20:21:59.757+0000] {processor.py:154} INFO - Started process (PID=1101) to work on /home/airflow/.local/lib/python3.7/site-packages/airflow/example_dags/example_datasets.py
[2024-07-04T20:21:59.758+0000] {processor.py:756} INFO - Processing file /home/airflow/.local/lib/python3.7/site-packages/airflow/example_dags/example_datasets.py for tasks to queue
[2024-07-04T20:21:59.759+0000] {logging_mixin.py:120} INFO - [2024-07-04T20:21:59.758+0000] {dagbag.py:537} INFO - Filling up the DagBag from /home/airflow/.local/lib/python3.7/site-packages/airflow/example_dags/example_datasets.py
[2024-07-04T20:21:59.772+0000] {processor.py:766} INFO - DAG(s) dict_keys(['dataset_consumes_1_never_scheduled', 'dataset_produces_2', 'dataset_consumes_1_and_2', 'dataset_consumes_1', 'dataset_produces_1', 'dataset_consumes_unknown_never_scheduled']) retrieved from /home/airflow/.local/lib/python3.7/site-packages/airflow/example_dags/example_datasets.py
[2024-07-04T20:21:59.816+0000] {logging_mixin.py:120} INFO - [2024-07-04T20:21:59.815+0000] {dag.py:2585} INFO - Sync 6 DAGs
[2024-07-04T20:21:59.839+0000] {logging_mixin.py:120} INFO - [2024-07-04T20:21:59.838+0000] {dag.py:3340} INFO - Setting next_dagrun for dataset_consumes_1 to None, run_after=None
[2024-07-04T20:21:59.841+0000] {logging_mixin.py:120} INFO - [2024-07-04T20:21:59.841+0000] {dag.py:3340} INFO - Setting next_dagrun for dataset_consumes_1_and_2 to None, run_after=None
[2024-07-04T20:21:59.843+0000] {logging_mixin.py:120} INFO - [2024-07-04T20:21:59.842+0000] {dag.py:3340} INFO - Setting next_dagrun for dataset_consumes_1_never_scheduled to None, run_after=None
[2024-07-04T20:21:59.844+0000] {logging_mixin.py:120} INFO - [2024-07-04T20:21:59.843+0000] {dag.py:3340} INFO - Setting next_dagrun for dataset_consumes_unknown_never_scheduled to None, run_after=None
[2024-07-04T20:21:59.846+0000] {logging_mixin.py:120} INFO - [2024-07-04T20:21:59.846+0000] {dag.py:3340} INFO - Setting next_dagrun for dataset_produces_1 to 2024-07-03T00:00:00+00:00, run_after=2024-07-04T00:00:00+00:00
[2024-07-04T20:21:59.847+0000] {logging_mixin.py:120} INFO - [2024-07-04T20:21:59.847+0000] {dag.py:3340} INFO - Setting next_dagrun for dataset_produces_2 to None, run_after=None
[2024-07-04T20:21:59.870+0000] {processor.py:176} INFO - Processing /home/airflow/.local/lib/python3.7/site-packages/airflow/example_dags/example_datasets.py took 0.117 seconds
