[2024-07-04T20:14:24.782+0000] {processor.py:154} INFO - Started process (PID=86) to work on /home/airflow/.local/lib/python3.7/site-packages/airflow/example_dags/example_skip_dag.py
[2024-07-04T20:14:24.785+0000] {processor.py:756} INFO - Processing file /home/airflow/.local/lib/python3.7/site-packages/airflow/example_dags/example_skip_dag.py for tasks to queue
[2024-07-04T20:14:24.787+0000] {logging_mixin.py:120} INFO - [2024-07-04T20:14:24.787+0000] {dagbag.py:537} INFO - Filling up the DagBag from /home/airflow/.local/lib/python3.7/site-packages/airflow/example_dags/example_skip_dag.py
[2024-07-04T20:14:24.830+0000] {processor.py:766} INFO - DAG(s) dict_keys(['example_skip_dag']) retrieved from /home/airflow/.local/lib/python3.7/site-packages/airflow/example_dags/example_skip_dag.py
[2024-07-04T20:14:24.908+0000] {logging_mixin.py:120} INFO - [2024-07-04T20:14:24.908+0000] {dag.py:2585} INFO - Sync 1 DAGs
[2024-07-04T20:14:24.961+0000] {logging_mixin.py:120} INFO - [2024-07-04T20:14:24.960+0000] {dag.py:3340} INFO - Setting next_dagrun for example_skip_dag to 2024-07-03T20:14:24.960266+00:00, run_after=2024-07-04T20:14:24.960266+00:00
[2024-07-04T20:14:24.997+0000] {processor.py:176} INFO - Processing /home/airflow/.local/lib/python3.7/site-packages/airflow/example_dags/example_skip_dag.py took 0.225 seconds
[2024-07-04T20:14:55.615+0000] {processor.py:154} INFO - Started process (PID=161) to work on /home/airflow/.local/lib/python3.7/site-packages/airflow/example_dags/example_skip_dag.py
[2024-07-04T20:14:55.616+0000] {processor.py:756} INFO - Processing file /home/airflow/.local/lib/python3.7/site-packages/airflow/example_dags/example_skip_dag.py for tasks to queue
[2024-07-04T20:14:55.617+0000] {logging_mixin.py:120} INFO - [2024-07-04T20:14:55.617+0000] {dagbag.py:537} INFO - Filling up the DagBag from /home/airflow/.local/lib/python3.7/site-packages/airflow/example_dags/example_skip_dag.py
[2024-07-04T20:14:55.631+0000] {processor.py:766} INFO - DAG(s) dict_keys(['example_skip_dag']) retrieved from /home/airflow/.local/lib/python3.7/site-packages/airflow/example_dags/example_skip_dag.py
[2024-07-04T20:14:55.669+0000] {logging_mixin.py:120} INFO - [2024-07-04T20:14:55.669+0000] {dag.py:2585} INFO - Sync 1 DAGs
[2024-07-04T20:14:55.694+0000] {logging_mixin.py:120} INFO - [2024-07-04T20:14:55.693+0000] {dag.py:3340} INFO - Setting next_dagrun for example_skip_dag to 2024-07-03T20:14:55.693747+00:00, run_after=2024-07-04T20:14:55.693747+00:00
[2024-07-04T20:14:55.716+0000] {processor.py:176} INFO - Processing /home/airflow/.local/lib/python3.7/site-packages/airflow/example_dags/example_skip_dag.py took 0.103 seconds
[2024-07-04T20:15:26.469+0000] {processor.py:154} INFO - Started process (PID=224) to work on /home/airflow/.local/lib/python3.7/site-packages/airflow/example_dags/example_skip_dag.py
[2024-07-04T20:15:26.470+0000] {processor.py:756} INFO - Processing file /home/airflow/.local/lib/python3.7/site-packages/airflow/example_dags/example_skip_dag.py for tasks to queue
[2024-07-04T20:15:26.471+0000] {logging_mixin.py:120} INFO - [2024-07-04T20:15:26.471+0000] {dagbag.py:537} INFO - Filling up the DagBag from /home/airflow/.local/lib/python3.7/site-packages/airflow/example_dags/example_skip_dag.py
[2024-07-04T20:15:26.484+0000] {processor.py:766} INFO - DAG(s) dict_keys(['example_skip_dag']) retrieved from /home/airflow/.local/lib/python3.7/site-packages/airflow/example_dags/example_skip_dag.py
[2024-07-04T20:15:26.527+0000] {logging_mixin.py:120} INFO - [2024-07-04T20:15:26.527+0000] {dag.py:2585} INFO - Sync 1 DAGs
[2024-07-04T20:15:26.557+0000] {logging_mixin.py:120} INFO - [2024-07-04T20:15:26.557+0000] {dag.py:3340} INFO - Setting next_dagrun for example_skip_dag to 2024-07-03T20:15:26.557138+00:00, run_after=2024-07-04T20:15:26.557138+00:00
[2024-07-04T20:15:26.587+0000] {processor.py:176} INFO - Processing /home/airflow/.local/lib/python3.7/site-packages/airflow/example_dags/example_skip_dag.py took 0.121 seconds
[2024-07-04T20:15:57.224+0000] {processor.py:154} INFO - Started process (PID=295) to work on /home/airflow/.local/lib/python3.7/site-packages/airflow/example_dags/example_skip_dag.py
[2024-07-04T20:15:57.226+0000] {processor.py:756} INFO - Processing file /home/airflow/.local/lib/python3.7/site-packages/airflow/example_dags/example_skip_dag.py for tasks to queue
[2024-07-04T20:15:57.226+0000] {logging_mixin.py:120} INFO - [2024-07-04T20:15:57.226+0000] {dagbag.py:537} INFO - Filling up the DagBag from /home/airflow/.local/lib/python3.7/site-packages/airflow/example_dags/example_skip_dag.py
[2024-07-04T20:15:57.238+0000] {processor.py:766} INFO - DAG(s) dict_keys(['example_skip_dag']) retrieved from /home/airflow/.local/lib/python3.7/site-packages/airflow/example_dags/example_skip_dag.py
[2024-07-04T20:15:57.273+0000] {logging_mixin.py:120} INFO - [2024-07-04T20:15:57.273+0000] {dag.py:2585} INFO - Sync 1 DAGs
[2024-07-04T20:15:57.295+0000] {logging_mixin.py:120} INFO - [2024-07-04T20:15:57.294+0000] {dag.py:3340} INFO - Setting next_dagrun for example_skip_dag to 2024-07-03T20:15:57.294787+00:00, run_after=2024-07-04T20:15:57.294787+00:00
[2024-07-04T20:15:57.310+0000] {processor.py:176} INFO - Processing /home/airflow/.local/lib/python3.7/site-packages/airflow/example_dags/example_skip_dag.py took 0.089 seconds
[2024-07-04T20:16:27.545+0000] {processor.py:154} INFO - Started process (PID=367) to work on /home/airflow/.local/lib/python3.7/site-packages/airflow/example_dags/example_skip_dag.py
[2024-07-04T20:16:27.547+0000] {processor.py:756} INFO - Processing file /home/airflow/.local/lib/python3.7/site-packages/airflow/example_dags/example_skip_dag.py for tasks to queue
[2024-07-04T20:16:27.548+0000] {logging_mixin.py:120} INFO - [2024-07-04T20:16:27.548+0000] {dagbag.py:537} INFO - Filling up the DagBag from /home/airflow/.local/lib/python3.7/site-packages/airflow/example_dags/example_skip_dag.py
[2024-07-04T20:16:27.566+0000] {processor.py:766} INFO - DAG(s) dict_keys(['example_skip_dag']) retrieved from /home/airflow/.local/lib/python3.7/site-packages/airflow/example_dags/example_skip_dag.py
[2024-07-04T20:16:27.606+0000] {logging_mixin.py:120} INFO - [2024-07-04T20:16:27.605+0000] {dag.py:2585} INFO - Sync 1 DAGs
[2024-07-04T20:16:27.629+0000] {logging_mixin.py:120} INFO - [2024-07-04T20:16:27.629+0000] {dag.py:3340} INFO - Setting next_dagrun for example_skip_dag to 2024-07-03T20:16:27.628986+00:00, run_after=2024-07-04T20:16:27.628986+00:00
[2024-07-04T20:16:27.644+0000] {processor.py:176} INFO - Processing /home/airflow/.local/lib/python3.7/site-packages/airflow/example_dags/example_skip_dag.py took 0.103 seconds
[2024-07-04T20:16:57.823+0000] {processor.py:154} INFO - Started process (PID=438) to work on /home/airflow/.local/lib/python3.7/site-packages/airflow/example_dags/example_skip_dag.py
[2024-07-04T20:16:57.824+0000] {processor.py:756} INFO - Processing file /home/airflow/.local/lib/python3.7/site-packages/airflow/example_dags/example_skip_dag.py for tasks to queue
[2024-07-04T20:16:57.825+0000] {logging_mixin.py:120} INFO - [2024-07-04T20:16:57.825+0000] {dagbag.py:537} INFO - Filling up the DagBag from /home/airflow/.local/lib/python3.7/site-packages/airflow/example_dags/example_skip_dag.py
[2024-07-04T20:16:57.838+0000] {processor.py:766} INFO - DAG(s) dict_keys(['example_skip_dag']) retrieved from /home/airflow/.local/lib/python3.7/site-packages/airflow/example_dags/example_skip_dag.py
[2024-07-04T20:16:57.874+0000] {logging_mixin.py:120} INFO - [2024-07-04T20:16:57.873+0000] {dag.py:2585} INFO - Sync 1 DAGs
[2024-07-04T20:16:57.899+0000] {logging_mixin.py:120} INFO - [2024-07-04T20:16:57.898+0000] {dag.py:3340} INFO - Setting next_dagrun for example_skip_dag to 2024-07-03T20:16:57.898708+00:00, run_after=2024-07-04T20:16:57.898708+00:00
[2024-07-04T20:16:57.917+0000] {processor.py:176} INFO - Processing /home/airflow/.local/lib/python3.7/site-packages/airflow/example_dags/example_skip_dag.py took 0.098 seconds
[2024-07-04T20:17:28.805+0000] {processor.py:154} INFO - Started process (PID=509) to work on /home/airflow/.local/lib/python3.7/site-packages/airflow/example_dags/example_skip_dag.py
[2024-07-04T20:17:28.806+0000] {processor.py:756} INFO - Processing file /home/airflow/.local/lib/python3.7/site-packages/airflow/example_dags/example_skip_dag.py for tasks to queue
[2024-07-04T20:17:28.807+0000] {logging_mixin.py:120} INFO - [2024-07-04T20:17:28.807+0000] {dagbag.py:537} INFO - Filling up the DagBag from /home/airflow/.local/lib/python3.7/site-packages/airflow/example_dags/example_skip_dag.py
[2024-07-04T20:17:28.821+0000] {processor.py:766} INFO - DAG(s) dict_keys(['example_skip_dag']) retrieved from /home/airflow/.local/lib/python3.7/site-packages/airflow/example_dags/example_skip_dag.py
[2024-07-04T20:17:28.856+0000] {logging_mixin.py:120} INFO - [2024-07-04T20:17:28.856+0000] {dag.py:2585} INFO - Sync 1 DAGs
[2024-07-04T20:17:28.878+0000] {logging_mixin.py:120} INFO - [2024-07-04T20:17:28.878+0000] {dag.py:3340} INFO - Setting next_dagrun for example_skip_dag to 2024-07-03T20:17:28.878447+00:00, run_after=2024-07-04T20:17:28.878447+00:00
[2024-07-04T20:17:28.894+0000] {processor.py:176} INFO - Processing /home/airflow/.local/lib/python3.7/site-packages/airflow/example_dags/example_skip_dag.py took 0.092 seconds
[2024-07-04T20:17:59.464+0000] {processor.py:154} INFO - Started process (PID=572) to work on /home/airflow/.local/lib/python3.7/site-packages/airflow/example_dags/example_skip_dag.py
[2024-07-04T20:17:59.465+0000] {processor.py:756} INFO - Processing file /home/airflow/.local/lib/python3.7/site-packages/airflow/example_dags/example_skip_dag.py for tasks to queue
[2024-07-04T20:17:59.466+0000] {logging_mixin.py:120} INFO - [2024-07-04T20:17:59.466+0000] {dagbag.py:537} INFO - Filling up the DagBag from /home/airflow/.local/lib/python3.7/site-packages/airflow/example_dags/example_skip_dag.py
[2024-07-04T20:17:59.479+0000] {processor.py:766} INFO - DAG(s) dict_keys(['example_skip_dag']) retrieved from /home/airflow/.local/lib/python3.7/site-packages/airflow/example_dags/example_skip_dag.py
[2024-07-04T20:17:59.512+0000] {logging_mixin.py:120} INFO - [2024-07-04T20:17:59.512+0000] {dag.py:2585} INFO - Sync 1 DAGs
[2024-07-04T20:17:59.533+0000] {logging_mixin.py:120} INFO - [2024-07-04T20:17:59.533+0000] {dag.py:3340} INFO - Setting next_dagrun for example_skip_dag to 2024-07-03T20:17:59.533428+00:00, run_after=2024-07-04T20:17:59.533428+00:00
[2024-07-04T20:17:59.550+0000] {processor.py:176} INFO - Processing /home/airflow/.local/lib/python3.7/site-packages/airflow/example_dags/example_skip_dag.py took 0.089 seconds
[2024-07-04T20:18:30.444+0000] {processor.py:154} INFO - Started process (PID=644) to work on /home/airflow/.local/lib/python3.7/site-packages/airflow/example_dags/example_skip_dag.py
[2024-07-04T20:18:30.446+0000] {processor.py:756} INFO - Processing file /home/airflow/.local/lib/python3.7/site-packages/airflow/example_dags/example_skip_dag.py for tasks to queue
[2024-07-04T20:18:30.447+0000] {logging_mixin.py:120} INFO - [2024-07-04T20:18:30.447+0000] {dagbag.py:537} INFO - Filling up the DagBag from /home/airflow/.local/lib/python3.7/site-packages/airflow/example_dags/example_skip_dag.py
[2024-07-04T20:18:30.463+0000] {processor.py:766} INFO - DAG(s) dict_keys(['example_skip_dag']) retrieved from /home/airflow/.local/lib/python3.7/site-packages/airflow/example_dags/example_skip_dag.py
[2024-07-04T20:18:30.502+0000] {logging_mixin.py:120} INFO - [2024-07-04T20:18:30.502+0000] {dag.py:2585} INFO - Sync 1 DAGs
[2024-07-04T20:18:30.534+0000] {logging_mixin.py:120} INFO - [2024-07-04T20:18:30.534+0000] {dag.py:3340} INFO - Setting next_dagrun for example_skip_dag to 2024-07-03T20:18:30.533709+00:00, run_after=2024-07-04T20:18:30.533709+00:00
[2024-07-04T20:18:30.554+0000] {processor.py:176} INFO - Processing /home/airflow/.local/lib/python3.7/site-packages/airflow/example_dags/example_skip_dag.py took 0.113 seconds
[2024-07-04T20:19:01.413+0000] {processor.py:154} INFO - Started process (PID=715) to work on /home/airflow/.local/lib/python3.7/site-packages/airflow/example_dags/example_skip_dag.py
[2024-07-04T20:19:01.415+0000] {processor.py:756} INFO - Processing file /home/airflow/.local/lib/python3.7/site-packages/airflow/example_dags/example_skip_dag.py for tasks to queue
[2024-07-04T20:19:01.416+0000] {logging_mixin.py:120} INFO - [2024-07-04T20:19:01.416+0000] {dagbag.py:537} INFO - Filling up the DagBag from /home/airflow/.local/lib/python3.7/site-packages/airflow/example_dags/example_skip_dag.py
[2024-07-04T20:19:01.434+0000] {processor.py:766} INFO - DAG(s) dict_keys(['example_skip_dag']) retrieved from /home/airflow/.local/lib/python3.7/site-packages/airflow/example_dags/example_skip_dag.py
[2024-07-04T20:19:01.480+0000] {logging_mixin.py:120} INFO - [2024-07-04T20:19:01.479+0000] {dag.py:2585} INFO - Sync 1 DAGs
[2024-07-04T20:19:01.502+0000] {logging_mixin.py:120} INFO - [2024-07-04T20:19:01.501+0000] {dag.py:3340} INFO - Setting next_dagrun for example_skip_dag to 2024-07-03T20:19:01.501783+00:00, run_after=2024-07-04T20:19:01.501783+00:00
[2024-07-04T20:19:01.517+0000] {processor.py:176} INFO - Processing /home/airflow/.local/lib/python3.7/site-packages/airflow/example_dags/example_skip_dag.py took 0.107 seconds
[2024-07-04T20:19:32.213+0000] {processor.py:154} INFO - Started process (PID=786) to work on /home/airflow/.local/lib/python3.7/site-packages/airflow/example_dags/example_skip_dag.py
[2024-07-04T20:19:32.215+0000] {processor.py:756} INFO - Processing file /home/airflow/.local/lib/python3.7/site-packages/airflow/example_dags/example_skip_dag.py for tasks to queue
[2024-07-04T20:19:32.216+0000] {logging_mixin.py:120} INFO - [2024-07-04T20:19:32.216+0000] {dagbag.py:537} INFO - Filling up the DagBag from /home/airflow/.local/lib/python3.7/site-packages/airflow/example_dags/example_skip_dag.py
[2024-07-04T20:19:32.234+0000] {processor.py:766} INFO - DAG(s) dict_keys(['example_skip_dag']) retrieved from /home/airflow/.local/lib/python3.7/site-packages/airflow/example_dags/example_skip_dag.py
[2024-07-04T20:19:32.277+0000] {logging_mixin.py:120} INFO - [2024-07-04T20:19:32.277+0000] {dag.py:2585} INFO - Sync 1 DAGs
[2024-07-04T20:19:32.300+0000] {logging_mixin.py:120} INFO - [2024-07-04T20:19:32.299+0000] {dag.py:3340} INFO - Setting next_dagrun for example_skip_dag to 2024-07-03T20:19:32.299721+00:00, run_after=2024-07-04T20:19:32.299721+00:00
[2024-07-04T20:19:32.316+0000] {processor.py:176} INFO - Processing /home/airflow/.local/lib/python3.7/site-packages/airflow/example_dags/example_skip_dag.py took 0.107 seconds
[2024-07-04T20:20:02.962+0000] {processor.py:154} INFO - Started process (PID=849) to work on /home/airflow/.local/lib/python3.7/site-packages/airflow/example_dags/example_skip_dag.py
[2024-07-04T20:20:02.963+0000] {processor.py:756} INFO - Processing file /home/airflow/.local/lib/python3.7/site-packages/airflow/example_dags/example_skip_dag.py for tasks to queue
[2024-07-04T20:20:02.964+0000] {logging_mixin.py:120} INFO - [2024-07-04T20:20:02.964+0000] {dagbag.py:537} INFO - Filling up the DagBag from /home/airflow/.local/lib/python3.7/site-packages/airflow/example_dags/example_skip_dag.py
[2024-07-04T20:20:02.980+0000] {processor.py:766} INFO - DAG(s) dict_keys(['example_skip_dag']) retrieved from /home/airflow/.local/lib/python3.7/site-packages/airflow/example_dags/example_skip_dag.py
[2024-07-04T20:20:03.014+0000] {logging_mixin.py:120} INFO - [2024-07-04T20:20:03.014+0000] {dag.py:2585} INFO - Sync 1 DAGs
[2024-07-04T20:20:03.036+0000] {logging_mixin.py:120} INFO - [2024-07-04T20:20:03.036+0000] {dag.py:3340} INFO - Setting next_dagrun for example_skip_dag to 2024-07-03T20:20:03.035909+00:00, run_after=2024-07-04T20:20:03.035909+00:00
[2024-07-04T20:20:03.053+0000] {processor.py:176} INFO - Processing /home/airflow/.local/lib/python3.7/site-packages/airflow/example_dags/example_skip_dag.py took 0.095 seconds
[2024-07-04T20:20:33.602+0000] {processor.py:154} INFO - Started process (PID=920) to work on /home/airflow/.local/lib/python3.7/site-packages/airflow/example_dags/example_skip_dag.py
[2024-07-04T20:20:33.603+0000] {processor.py:756} INFO - Processing file /home/airflow/.local/lib/python3.7/site-packages/airflow/example_dags/example_skip_dag.py for tasks to queue
[2024-07-04T20:20:33.604+0000] {logging_mixin.py:120} INFO - [2024-07-04T20:20:33.604+0000] {dagbag.py:537} INFO - Filling up the DagBag from /home/airflow/.local/lib/python3.7/site-packages/airflow/example_dags/example_skip_dag.py
[2024-07-04T20:20:33.623+0000] {processor.py:766} INFO - DAG(s) dict_keys(['example_skip_dag']) retrieved from /home/airflow/.local/lib/python3.7/site-packages/airflow/example_dags/example_skip_dag.py
[2024-07-04T20:20:33.670+0000] {logging_mixin.py:120} INFO - [2024-07-04T20:20:33.670+0000] {dag.py:2585} INFO - Sync 1 DAGs
[2024-07-04T20:20:33.694+0000] {logging_mixin.py:120} INFO - [2024-07-04T20:20:33.694+0000] {dag.py:3340} INFO - Setting next_dagrun for example_skip_dag to 2024-07-03T20:20:33.694207+00:00, run_after=2024-07-04T20:20:33.694207+00:00
[2024-07-04T20:20:33.710+0000] {processor.py:176} INFO - Processing /home/airflow/.local/lib/python3.7/site-packages/airflow/example_dags/example_skip_dag.py took 0.111 seconds
[2024-07-04T20:21:04.306+0000] {processor.py:154} INFO - Started process (PID=992) to work on /home/airflow/.local/lib/python3.7/site-packages/airflow/example_dags/example_skip_dag.py
[2024-07-04T20:21:04.307+0000] {processor.py:756} INFO - Processing file /home/airflow/.local/lib/python3.7/site-packages/airflow/example_dags/example_skip_dag.py for tasks to queue
[2024-07-04T20:21:04.307+0000] {logging_mixin.py:120} INFO - [2024-07-04T20:21:04.307+0000] {dagbag.py:537} INFO - Filling up the DagBag from /home/airflow/.local/lib/python3.7/site-packages/airflow/example_dags/example_skip_dag.py
[2024-07-04T20:21:04.321+0000] {processor.py:766} INFO - DAG(s) dict_keys(['example_skip_dag']) retrieved from /home/airflow/.local/lib/python3.7/site-packages/airflow/example_dags/example_skip_dag.py
[2024-07-04T20:21:04.358+0000] {logging_mixin.py:120} INFO - [2024-07-04T20:21:04.357+0000] {dag.py:2585} INFO - Sync 1 DAGs
[2024-07-04T20:21:04.380+0000] {logging_mixin.py:120} INFO - [2024-07-04T20:21:04.380+0000] {dag.py:3340} INFO - Setting next_dagrun for example_skip_dag to 2024-07-03T20:21:04.380200+00:00, run_after=2024-07-04T20:21:04.380200+00:00
[2024-07-04T20:21:04.397+0000] {processor.py:176} INFO - Processing /home/airflow/.local/lib/python3.7/site-packages/airflow/example_dags/example_skip_dag.py took 0.095 seconds
[2024-07-04T20:21:35.384+0000] {processor.py:154} INFO - Started process (PID=1063) to work on /home/airflow/.local/lib/python3.7/site-packages/airflow/example_dags/example_skip_dag.py
[2024-07-04T20:21:35.385+0000] {processor.py:756} INFO - Processing file /home/airflow/.local/lib/python3.7/site-packages/airflow/example_dags/example_skip_dag.py for tasks to queue
[2024-07-04T20:21:35.386+0000] {logging_mixin.py:120} INFO - [2024-07-04T20:21:35.385+0000] {dagbag.py:537} INFO - Filling up the DagBag from /home/airflow/.local/lib/python3.7/site-packages/airflow/example_dags/example_skip_dag.py
[2024-07-04T20:21:35.400+0000] {processor.py:766} INFO - DAG(s) dict_keys(['example_skip_dag']) retrieved from /home/airflow/.local/lib/python3.7/site-packages/airflow/example_dags/example_skip_dag.py
[2024-07-04T20:21:35.436+0000] {logging_mixin.py:120} INFO - [2024-07-04T20:21:35.436+0000] {dag.py:2585} INFO - Sync 1 DAGs
[2024-07-04T20:21:35.459+0000] {logging_mixin.py:120} INFO - [2024-07-04T20:21:35.459+0000] {dag.py:3340} INFO - Setting next_dagrun for example_skip_dag to 2024-07-03T20:21:35.459372+00:00, run_after=2024-07-04T20:21:35.459372+00:00
[2024-07-04T20:21:35.477+0000] {processor.py:176} INFO - Processing /home/airflow/.local/lib/python3.7/site-packages/airflow/example_dags/example_skip_dag.py took 0.097 seconds
