[2024-07-04T20:14:25.869+0000] {processor.py:154} INFO - Started process (PID=94) to work on /home/airflow/.local/lib/python3.7/site-packages/airflow/example_dags/example_subdag_operator.py
[2024-07-04T20:14:25.870+0000] {processor.py:756} INFO - Processing file /home/airflow/.local/lib/python3.7/site-packages/airflow/example_dags/example_subdag_operator.py for tasks to queue
[2024-07-04T20:14:25.871+0000] {logging_mixin.py:120} INFO - [2024-07-04T20:14:25.871+0000] {dagbag.py:537} INFO - Filling up the DagBag from /home/airflow/.local/lib/python3.7/site-packages/airflow/example_dags/example_subdag_operator.py
[2024-07-04T20:14:25.912+0000] {processor.py:766} INFO - DAG(s) dict_keys(['example_subdag_operator.section-1', 'example_subdag_operator.section-2', 'example_subdag_operator']) retrieved from /home/airflow/.local/lib/python3.7/site-packages/airflow/example_dags/example_subdag_operator.py
[2024-07-04T20:14:26.141+0000] {logging_mixin.py:120} INFO - [2024-07-04T20:14:26.141+0000] {dag.py:2585} INFO - Sync 3 DAGs
[2024-07-04T20:14:26.172+0000] {logging_mixin.py:120} INFO - [2024-07-04T20:14:26.172+0000] {dag.py:3340} INFO - Setting next_dagrun for example_subdag_operator to 2022-01-01T00:00:00+00:00, run_after=2022-01-01T00:00:00+00:00
[2024-07-04T20:14:26.177+0000] {logging_mixin.py:120} INFO - [2024-07-04T20:14:26.176+0000] {dag.py:3340} INFO - Setting next_dagrun for example_subdag_operator.section-1 to None, run_after=None
[2024-07-04T20:14:26.178+0000] {logging_mixin.py:120} INFO - [2024-07-04T20:14:26.178+0000] {dag.py:3340} INFO - Setting next_dagrun for example_subdag_operator.section-2 to None, run_after=None
[2024-07-04T20:14:26.186+0000] {logging_mixin.py:120} INFO - [2024-07-04T20:14:26.186+0000] {dag.py:2585} INFO - Sync 2 DAGs
[2024-07-04T20:14:26.193+0000] {logging_mixin.py:120} INFO - [2024-07-04T20:14:26.193+0000] {dag.py:3340} INFO - Setting next_dagrun for example_subdag_operator.section-1 to None, run_after=None
[2024-07-04T20:14:26.194+0000] {logging_mixin.py:120} INFO - [2024-07-04T20:14:26.194+0000] {dag.py:3340} INFO - Setting next_dagrun for example_subdag_operator.section-2 to None, run_after=None
[2024-07-04T20:14:26.207+0000] {processor.py:176} INFO - Processing /home/airflow/.local/lib/python3.7/site-packages/airflow/example_dags/example_subdag_operator.py took 0.342 seconds
[2024-07-04T20:14:56.292+0000] {processor.py:154} INFO - Started process (PID=171) to work on /home/airflow/.local/lib/python3.7/site-packages/airflow/example_dags/example_subdag_operator.py
[2024-07-04T20:14:56.294+0000] {processor.py:756} INFO - Processing file /home/airflow/.local/lib/python3.7/site-packages/airflow/example_dags/example_subdag_operator.py for tasks to queue
[2024-07-04T20:14:56.295+0000] {logging_mixin.py:120} INFO - [2024-07-04T20:14:56.295+0000] {dagbag.py:537} INFO - Filling up the DagBag from /home/airflow/.local/lib/python3.7/site-packages/airflow/example_dags/example_subdag_operator.py
[2024-07-04T20:14:56.336+0000] {processor.py:766} INFO - DAG(s) dict_keys(['example_subdag_operator.section-1', 'example_subdag_operator.section-2', 'example_subdag_operator']) retrieved from /home/airflow/.local/lib/python3.7/site-packages/airflow/example_dags/example_subdag_operator.py
[2024-07-04T20:14:56.573+0000] {logging_mixin.py:120} INFO - [2024-07-04T20:14:56.573+0000] {dag.py:2585} INFO - Sync 3 DAGs
[2024-07-04T20:14:56.613+0000] {logging_mixin.py:120} INFO - [2024-07-04T20:14:56.612+0000] {dag.py:3340} INFO - Setting next_dagrun for example_subdag_operator to 2022-01-01T00:00:00+00:00, run_after=2022-01-01T00:00:00+00:00
[2024-07-04T20:14:56.616+0000] {logging_mixin.py:120} INFO - [2024-07-04T20:14:56.616+0000] {dag.py:3340} INFO - Setting next_dagrun for example_subdag_operator.section-1 to None, run_after=None
[2024-07-04T20:14:56.618+0000] {logging_mixin.py:120} INFO - [2024-07-04T20:14:56.618+0000] {dag.py:3340} INFO - Setting next_dagrun for example_subdag_operator.section-2 to None, run_after=None
[2024-07-04T20:14:56.626+0000] {logging_mixin.py:120} INFO - [2024-07-04T20:14:56.626+0000] {dag.py:2585} INFO - Sync 2 DAGs
[2024-07-04T20:14:56.635+0000] {logging_mixin.py:120} INFO - [2024-07-04T20:14:56.635+0000] {dag.py:3340} INFO - Setting next_dagrun for example_subdag_operator.section-1 to None, run_after=None
[2024-07-04T20:14:56.636+0000] {logging_mixin.py:120} INFO - [2024-07-04T20:14:56.636+0000] {dag.py:3340} INFO - Setting next_dagrun for example_subdag_operator.section-2 to None, run_after=None
[2024-07-04T20:14:56.660+0000] {processor.py:176} INFO - Processing /home/airflow/.local/lib/python3.7/site-packages/airflow/example_dags/example_subdag_operator.py took 0.374 seconds
[2024-07-04T20:15:27.204+0000] {processor.py:154} INFO - Started process (PID=241) to work on /home/airflow/.local/lib/python3.7/site-packages/airflow/example_dags/example_subdag_operator.py
[2024-07-04T20:15:27.205+0000] {processor.py:756} INFO - Processing file /home/airflow/.local/lib/python3.7/site-packages/airflow/example_dags/example_subdag_operator.py for tasks to queue
[2024-07-04T20:15:27.206+0000] {logging_mixin.py:120} INFO - [2024-07-04T20:15:27.206+0000] {dagbag.py:537} INFO - Filling up the DagBag from /home/airflow/.local/lib/python3.7/site-packages/airflow/example_dags/example_subdag_operator.py
[2024-07-04T20:15:27.236+0000] {processor.py:766} INFO - DAG(s) dict_keys(['example_subdag_operator.section-1', 'example_subdag_operator.section-2', 'example_subdag_operator']) retrieved from /home/airflow/.local/lib/python3.7/site-packages/airflow/example_dags/example_subdag_operator.py
[2024-07-04T20:15:27.409+0000] {logging_mixin.py:120} INFO - [2024-07-04T20:15:27.409+0000] {dag.py:2585} INFO - Sync 3 DAGs
[2024-07-04T20:15:27.431+0000] {logging_mixin.py:120} INFO - [2024-07-04T20:15:27.430+0000] {dag.py:3340} INFO - Setting next_dagrun for example_subdag_operator to 2022-01-01T00:00:00+00:00, run_after=2022-01-01T00:00:00+00:00
[2024-07-04T20:15:27.434+0000] {logging_mixin.py:120} INFO - [2024-07-04T20:15:27.433+0000] {dag.py:3340} INFO - Setting next_dagrun for example_subdag_operator.section-1 to None, run_after=None
[2024-07-04T20:15:27.436+0000] {logging_mixin.py:120} INFO - [2024-07-04T20:15:27.436+0000] {dag.py:3340} INFO - Setting next_dagrun for example_subdag_operator.section-2 to None, run_after=None
[2024-07-04T20:15:27.443+0000] {logging_mixin.py:120} INFO - [2024-07-04T20:15:27.443+0000] {dag.py:2585} INFO - Sync 2 DAGs
[2024-07-04T20:15:27.447+0000] {logging_mixin.py:120} INFO - [2024-07-04T20:15:27.447+0000] {dag.py:3340} INFO - Setting next_dagrun for example_subdag_operator.section-1 to None, run_after=None
[2024-07-04T20:15:27.448+0000] {logging_mixin.py:120} INFO - [2024-07-04T20:15:27.448+0000] {dag.py:3340} INFO - Setting next_dagrun for example_subdag_operator.section-2 to None, run_after=None
[2024-07-04T20:15:27.458+0000] {processor.py:176} INFO - Processing /home/airflow/.local/lib/python3.7/site-packages/airflow/example_dags/example_subdag_operator.py took 0.259 seconds
[2024-07-04T20:15:57.882+0000] {processor.py:154} INFO - Started process (PID=303) to work on /home/airflow/.local/lib/python3.7/site-packages/airflow/example_dags/example_subdag_operator.py
[2024-07-04T20:15:57.883+0000] {processor.py:756} INFO - Processing file /home/airflow/.local/lib/python3.7/site-packages/airflow/example_dags/example_subdag_operator.py for tasks to queue
[2024-07-04T20:15:57.884+0000] {logging_mixin.py:120} INFO - [2024-07-04T20:15:57.884+0000] {dagbag.py:537} INFO - Filling up the DagBag from /home/airflow/.local/lib/python3.7/site-packages/airflow/example_dags/example_subdag_operator.py
[2024-07-04T20:15:57.911+0000] {processor.py:766} INFO - DAG(s) dict_keys(['example_subdag_operator.section-1', 'example_subdag_operator.section-2', 'example_subdag_operator']) retrieved from /home/airflow/.local/lib/python3.7/site-packages/airflow/example_dags/example_subdag_operator.py
[2024-07-04T20:15:58.053+0000] {logging_mixin.py:120} INFO - [2024-07-04T20:15:58.053+0000] {dag.py:2585} INFO - Sync 3 DAGs
[2024-07-04T20:15:58.074+0000] {logging_mixin.py:120} INFO - [2024-07-04T20:15:58.073+0000] {dag.py:3340} INFO - Setting next_dagrun for example_subdag_operator to 2022-01-01T00:00:00+00:00, run_after=2022-01-01T00:00:00+00:00
[2024-07-04T20:15:58.076+0000] {logging_mixin.py:120} INFO - [2024-07-04T20:15:58.076+0000] {dag.py:3340} INFO - Setting next_dagrun for example_subdag_operator.section-1 to None, run_after=None
[2024-07-04T20:15:58.078+0000] {logging_mixin.py:120} INFO - [2024-07-04T20:15:58.077+0000] {dag.py:3340} INFO - Setting next_dagrun for example_subdag_operator.section-2 to None, run_after=None
[2024-07-04T20:15:58.083+0000] {logging_mixin.py:120} INFO - [2024-07-04T20:15:58.083+0000] {dag.py:2585} INFO - Sync 2 DAGs
[2024-07-04T20:15:58.087+0000] {logging_mixin.py:120} INFO - [2024-07-04T20:15:58.087+0000] {dag.py:3340} INFO - Setting next_dagrun for example_subdag_operator.section-1 to None, run_after=None
[2024-07-04T20:15:58.088+0000] {logging_mixin.py:120} INFO - [2024-07-04T20:15:58.088+0000] {dag.py:3340} INFO - Setting next_dagrun for example_subdag_operator.section-2 to None, run_after=None
[2024-07-04T20:15:58.097+0000] {processor.py:176} INFO - Processing /home/airflow/.local/lib/python3.7/site-packages/airflow/example_dags/example_subdag_operator.py took 0.217 seconds
[2024-07-04T20:16:28.237+0000] {processor.py:154} INFO - Started process (PID=375) to work on /home/airflow/.local/lib/python3.7/site-packages/airflow/example_dags/example_subdag_operator.py
[2024-07-04T20:16:28.238+0000] {processor.py:756} INFO - Processing file /home/airflow/.local/lib/python3.7/site-packages/airflow/example_dags/example_subdag_operator.py for tasks to queue
[2024-07-04T20:16:28.239+0000] {logging_mixin.py:120} INFO - [2024-07-04T20:16:28.239+0000] {dagbag.py:537} INFO - Filling up the DagBag from /home/airflow/.local/lib/python3.7/site-packages/airflow/example_dags/example_subdag_operator.py
[2024-07-04T20:16:28.268+0000] {processor.py:766} INFO - DAG(s) dict_keys(['example_subdag_operator.section-1', 'example_subdag_operator.section-2', 'example_subdag_operator']) retrieved from /home/airflow/.local/lib/python3.7/site-packages/airflow/example_dags/example_subdag_operator.py
[2024-07-04T20:16:28.415+0000] {logging_mixin.py:120} INFO - [2024-07-04T20:16:28.415+0000] {dag.py:2585} INFO - Sync 3 DAGs
[2024-07-04T20:16:28.434+0000] {logging_mixin.py:120} INFO - [2024-07-04T20:16:28.434+0000] {dag.py:3340} INFO - Setting next_dagrun for example_subdag_operator to 2022-01-01T00:00:00+00:00, run_after=2022-01-01T00:00:00+00:00
[2024-07-04T20:16:28.437+0000] {logging_mixin.py:120} INFO - [2024-07-04T20:16:28.437+0000] {dag.py:3340} INFO - Setting next_dagrun for example_subdag_operator.section-1 to None, run_after=None
[2024-07-04T20:16:28.438+0000] {logging_mixin.py:120} INFO - [2024-07-04T20:16:28.438+0000] {dag.py:3340} INFO - Setting next_dagrun for example_subdag_operator.section-2 to None, run_after=None
[2024-07-04T20:16:28.444+0000] {logging_mixin.py:120} INFO - [2024-07-04T20:16:28.444+0000] {dag.py:2585} INFO - Sync 2 DAGs
[2024-07-04T20:16:28.448+0000] {logging_mixin.py:120} INFO - [2024-07-04T20:16:28.448+0000] {dag.py:3340} INFO - Setting next_dagrun for example_subdag_operator.section-1 to None, run_after=None
[2024-07-04T20:16:28.448+0000] {logging_mixin.py:120} INFO - [2024-07-04T20:16:28.448+0000] {dag.py:3340} INFO - Setting next_dagrun for example_subdag_operator.section-2 to None, run_after=None
[2024-07-04T20:16:28.457+0000] {processor.py:176} INFO - Processing /home/airflow/.local/lib/python3.7/site-packages/airflow/example_dags/example_subdag_operator.py took 0.223 seconds
[2024-07-04T20:16:58.502+0000] {processor.py:154} INFO - Started process (PID=448) to work on /home/airflow/.local/lib/python3.7/site-packages/airflow/example_dags/example_subdag_operator.py
[2024-07-04T20:16:58.503+0000] {processor.py:756} INFO - Processing file /home/airflow/.local/lib/python3.7/site-packages/airflow/example_dags/example_subdag_operator.py for tasks to queue
[2024-07-04T20:16:58.504+0000] {logging_mixin.py:120} INFO - [2024-07-04T20:16:58.504+0000] {dagbag.py:537} INFO - Filling up the DagBag from /home/airflow/.local/lib/python3.7/site-packages/airflow/example_dags/example_subdag_operator.py
[2024-07-04T20:16:58.533+0000] {processor.py:766} INFO - DAG(s) dict_keys(['example_subdag_operator.section-1', 'example_subdag_operator.section-2', 'example_subdag_operator']) retrieved from /home/airflow/.local/lib/python3.7/site-packages/airflow/example_dags/example_subdag_operator.py
[2024-07-04T20:16:58.692+0000] {logging_mixin.py:120} INFO - [2024-07-04T20:16:58.692+0000] {dag.py:2585} INFO - Sync 3 DAGs
[2024-07-04T20:16:58.724+0000] {logging_mixin.py:120} INFO - [2024-07-04T20:16:58.723+0000] {dag.py:3340} INFO - Setting next_dagrun for example_subdag_operator to 2022-01-01T00:00:00+00:00, run_after=2022-01-01T00:00:00+00:00
[2024-07-04T20:16:58.731+0000] {logging_mixin.py:120} INFO - [2024-07-04T20:16:58.731+0000] {dag.py:3340} INFO - Setting next_dagrun for example_subdag_operator.section-1 to None, run_after=None
[2024-07-04T20:16:58.735+0000] {logging_mixin.py:120} INFO - [2024-07-04T20:16:58.735+0000] {dag.py:3340} INFO - Setting next_dagrun for example_subdag_operator.section-2 to None, run_after=None
[2024-07-04T20:16:58.752+0000] {logging_mixin.py:120} INFO - [2024-07-04T20:16:58.752+0000] {dag.py:2585} INFO - Sync 2 DAGs
[2024-07-04T20:16:58.758+0000] {logging_mixin.py:120} INFO - [2024-07-04T20:16:58.757+0000] {dag.py:3340} INFO - Setting next_dagrun for example_subdag_operator.section-1 to None, run_after=None
[2024-07-04T20:16:58.758+0000] {logging_mixin.py:120} INFO - [2024-07-04T20:16:58.758+0000] {dag.py:3340} INFO - Setting next_dagrun for example_subdag_operator.section-2 to None, run_after=None
[2024-07-04T20:16:58.768+0000] {processor.py:176} INFO - Processing /home/airflow/.local/lib/python3.7/site-packages/airflow/example_dags/example_subdag_operator.py took 0.269 seconds
[2024-07-04T20:17:29.432+0000] {processor.py:154} INFO - Started process (PID=517) to work on /home/airflow/.local/lib/python3.7/site-packages/airflow/example_dags/example_subdag_operator.py
[2024-07-04T20:17:29.433+0000] {processor.py:756} INFO - Processing file /home/airflow/.local/lib/python3.7/site-packages/airflow/example_dags/example_subdag_operator.py for tasks to queue
[2024-07-04T20:17:29.434+0000] {logging_mixin.py:120} INFO - [2024-07-04T20:17:29.434+0000] {dagbag.py:537} INFO - Filling up the DagBag from /home/airflow/.local/lib/python3.7/site-packages/airflow/example_dags/example_subdag_operator.py
[2024-07-04T20:17:29.465+0000] {processor.py:766} INFO - DAG(s) dict_keys(['example_subdag_operator.section-1', 'example_subdag_operator.section-2', 'example_subdag_operator']) retrieved from /home/airflow/.local/lib/python3.7/site-packages/airflow/example_dags/example_subdag_operator.py
[2024-07-04T20:17:29.638+0000] {logging_mixin.py:120} INFO - [2024-07-04T20:17:29.638+0000] {dag.py:2585} INFO - Sync 3 DAGs
[2024-07-04T20:17:29.661+0000] {logging_mixin.py:120} INFO - [2024-07-04T20:17:29.661+0000] {dag.py:3340} INFO - Setting next_dagrun for example_subdag_operator to 2022-01-01T00:00:00+00:00, run_after=2022-01-01T00:00:00+00:00
[2024-07-04T20:17:29.664+0000] {logging_mixin.py:120} INFO - [2024-07-04T20:17:29.664+0000] {dag.py:3340} INFO - Setting next_dagrun for example_subdag_operator.section-1 to None, run_after=None
[2024-07-04T20:17:29.666+0000] {logging_mixin.py:120} INFO - [2024-07-04T20:17:29.666+0000] {dag.py:3340} INFO - Setting next_dagrun for example_subdag_operator.section-2 to None, run_after=None
[2024-07-04T20:17:29.672+0000] {logging_mixin.py:120} INFO - [2024-07-04T20:17:29.672+0000] {dag.py:2585} INFO - Sync 2 DAGs
[2024-07-04T20:17:29.677+0000] {logging_mixin.py:120} INFO - [2024-07-04T20:17:29.677+0000] {dag.py:3340} INFO - Setting next_dagrun for example_subdag_operator.section-1 to None, run_after=None
[2024-07-04T20:17:29.677+0000] {logging_mixin.py:120} INFO - [2024-07-04T20:17:29.677+0000] {dag.py:3340} INFO - Setting next_dagrun for example_subdag_operator.section-2 to None, run_after=None
[2024-07-04T20:17:29.686+0000] {processor.py:176} INFO - Processing /home/airflow/.local/lib/python3.7/site-packages/airflow/example_dags/example_subdag_operator.py took 0.257 seconds
[2024-07-04T20:18:00.029+0000] {processor.py:154} INFO - Started process (PID=580) to work on /home/airflow/.local/lib/python3.7/site-packages/airflow/example_dags/example_subdag_operator.py
[2024-07-04T20:18:00.031+0000] {processor.py:756} INFO - Processing file /home/airflow/.local/lib/python3.7/site-packages/airflow/example_dags/example_subdag_operator.py for tasks to queue
[2024-07-04T20:18:00.033+0000] {logging_mixin.py:120} INFO - [2024-07-04T20:18:00.033+0000] {dagbag.py:537} INFO - Filling up the DagBag from /home/airflow/.local/lib/python3.7/site-packages/airflow/example_dags/example_subdag_operator.py
[2024-07-04T20:18:00.091+0000] {processor.py:766} INFO - DAG(s) dict_keys(['example_subdag_operator.section-1', 'example_subdag_operator.section-2', 'example_subdag_operator']) retrieved from /home/airflow/.local/lib/python3.7/site-packages/airflow/example_dags/example_subdag_operator.py
[2024-07-04T20:18:00.257+0000] {logging_mixin.py:120} INFO - [2024-07-04T20:18:00.257+0000] {dag.py:2585} INFO - Sync 3 DAGs
[2024-07-04T20:18:00.278+0000] {logging_mixin.py:120} INFO - [2024-07-04T20:18:00.278+0000] {dag.py:3340} INFO - Setting next_dagrun for example_subdag_operator to 2022-01-01T00:00:00+00:00, run_after=2022-01-01T00:00:00+00:00
[2024-07-04T20:18:00.281+0000] {logging_mixin.py:120} INFO - [2024-07-04T20:18:00.281+0000] {dag.py:3340} INFO - Setting next_dagrun for example_subdag_operator.section-1 to None, run_after=None
[2024-07-04T20:18:00.282+0000] {logging_mixin.py:120} INFO - [2024-07-04T20:18:00.282+0000] {dag.py:3340} INFO - Setting next_dagrun for example_subdag_operator.section-2 to None, run_after=None
[2024-07-04T20:18:00.288+0000] {logging_mixin.py:120} INFO - [2024-07-04T20:18:00.288+0000] {dag.py:2585} INFO - Sync 2 DAGs
[2024-07-04T20:18:00.292+0000] {logging_mixin.py:120} INFO - [2024-07-04T20:18:00.292+0000] {dag.py:3340} INFO - Setting next_dagrun for example_subdag_operator.section-1 to None, run_after=None
[2024-07-04T20:18:00.292+0000] {logging_mixin.py:120} INFO - [2024-07-04T20:18:00.292+0000] {dag.py:3340} INFO - Setting next_dagrun for example_subdag_operator.section-2 to None, run_after=None
[2024-07-04T20:18:00.303+0000] {processor.py:176} INFO - Processing /home/airflow/.local/lib/python3.7/site-packages/airflow/example_dags/example_subdag_operator.py took 0.279 seconds
[2024-07-04T20:18:31.065+0000] {processor.py:154} INFO - Started process (PID=654) to work on /home/airflow/.local/lib/python3.7/site-packages/airflow/example_dags/example_subdag_operator.py
[2024-07-04T20:18:31.066+0000] {processor.py:756} INFO - Processing file /home/airflow/.local/lib/python3.7/site-packages/airflow/example_dags/example_subdag_operator.py for tasks to queue
[2024-07-04T20:18:31.067+0000] {logging_mixin.py:120} INFO - [2024-07-04T20:18:31.067+0000] {dagbag.py:537} INFO - Filling up the DagBag from /home/airflow/.local/lib/python3.7/site-packages/airflow/example_dags/example_subdag_operator.py
[2024-07-04T20:18:31.094+0000] {processor.py:766} INFO - DAG(s) dict_keys(['example_subdag_operator.section-1', 'example_subdag_operator.section-2', 'example_subdag_operator']) retrieved from /home/airflow/.local/lib/python3.7/site-packages/airflow/example_dags/example_subdag_operator.py
[2024-07-04T20:18:31.244+0000] {logging_mixin.py:120} INFO - [2024-07-04T20:18:31.244+0000] {dag.py:2585} INFO - Sync 3 DAGs
[2024-07-04T20:18:31.264+0000] {logging_mixin.py:120} INFO - [2024-07-04T20:18:31.264+0000] {dag.py:3340} INFO - Setting next_dagrun for example_subdag_operator to 2022-01-01T00:00:00+00:00, run_after=2022-01-01T00:00:00+00:00
[2024-07-04T20:18:31.266+0000] {logging_mixin.py:120} INFO - [2024-07-04T20:18:31.266+0000] {dag.py:3340} INFO - Setting next_dagrun for example_subdag_operator.section-1 to None, run_after=None
[2024-07-04T20:18:31.268+0000] {logging_mixin.py:120} INFO - [2024-07-04T20:18:31.268+0000] {dag.py:3340} INFO - Setting next_dagrun for example_subdag_operator.section-2 to None, run_after=None
[2024-07-04T20:18:31.273+0000] {logging_mixin.py:120} INFO - [2024-07-04T20:18:31.273+0000] {dag.py:2585} INFO - Sync 2 DAGs
[2024-07-04T20:18:31.277+0000] {logging_mixin.py:120} INFO - [2024-07-04T20:18:31.277+0000] {dag.py:3340} INFO - Setting next_dagrun for example_subdag_operator.section-1 to None, run_after=None
[2024-07-04T20:18:31.278+0000] {logging_mixin.py:120} INFO - [2024-07-04T20:18:31.278+0000] {dag.py:3340} INFO - Setting next_dagrun for example_subdag_operator.section-2 to None, run_after=None
[2024-07-04T20:18:31.286+0000] {processor.py:176} INFO - Processing /home/airflow/.local/lib/python3.7/site-packages/airflow/example_dags/example_subdag_operator.py took 0.224 seconds
[2024-07-04T20:19:01.922+0000] {processor.py:154} INFO - Started process (PID=723) to work on /home/airflow/.local/lib/python3.7/site-packages/airflow/example_dags/example_subdag_operator.py
[2024-07-04T20:19:01.923+0000] {processor.py:756} INFO - Processing file /home/airflow/.local/lib/python3.7/site-packages/airflow/example_dags/example_subdag_operator.py for tasks to queue
[2024-07-04T20:19:01.924+0000] {logging_mixin.py:120} INFO - [2024-07-04T20:19:01.924+0000] {dagbag.py:537} INFO - Filling up the DagBag from /home/airflow/.local/lib/python3.7/site-packages/airflow/example_dags/example_subdag_operator.py
[2024-07-04T20:19:01.952+0000] {processor.py:766} INFO - DAG(s) dict_keys(['example_subdag_operator.section-1', 'example_subdag_operator.section-2', 'example_subdag_operator']) retrieved from /home/airflow/.local/lib/python3.7/site-packages/airflow/example_dags/example_subdag_operator.py
[2024-07-04T20:19:02.107+0000] {logging_mixin.py:120} INFO - [2024-07-04T20:19:02.107+0000] {dag.py:2585} INFO - Sync 3 DAGs
[2024-07-04T20:19:02.127+0000] {logging_mixin.py:120} INFO - [2024-07-04T20:19:02.127+0000] {dag.py:3340} INFO - Setting next_dagrun for example_subdag_operator to 2022-01-01T00:00:00+00:00, run_after=2022-01-01T00:00:00+00:00
[2024-07-04T20:19:02.130+0000] {logging_mixin.py:120} INFO - [2024-07-04T20:19:02.130+0000] {dag.py:3340} INFO - Setting next_dagrun for example_subdag_operator.section-1 to None, run_after=None
[2024-07-04T20:19:02.131+0000] {logging_mixin.py:120} INFO - [2024-07-04T20:19:02.130+0000] {dag.py:3340} INFO - Setting next_dagrun for example_subdag_operator.section-2 to None, run_after=None
[2024-07-04T20:19:02.136+0000] {logging_mixin.py:120} INFO - [2024-07-04T20:19:02.136+0000] {dag.py:2585} INFO - Sync 2 DAGs
[2024-07-04T20:19:02.140+0000] {logging_mixin.py:120} INFO - [2024-07-04T20:19:02.140+0000] {dag.py:3340} INFO - Setting next_dagrun for example_subdag_operator.section-1 to None, run_after=None
[2024-07-04T20:19:02.141+0000] {logging_mixin.py:120} INFO - [2024-07-04T20:19:02.141+0000] {dag.py:3340} INFO - Setting next_dagrun for example_subdag_operator.section-2 to None, run_after=None
[2024-07-04T20:19:02.149+0000] {processor.py:176} INFO - Processing /home/airflow/.local/lib/python3.7/site-packages/airflow/example_dags/example_subdag_operator.py took 0.230 seconds
[2024-07-04T20:19:32.780+0000] {processor.py:154} INFO - Started process (PID=796) to work on /home/airflow/.local/lib/python3.7/site-packages/airflow/example_dags/example_subdag_operator.py
[2024-07-04T20:19:32.781+0000] {processor.py:756} INFO - Processing file /home/airflow/.local/lib/python3.7/site-packages/airflow/example_dags/example_subdag_operator.py for tasks to queue
[2024-07-04T20:19:32.782+0000] {logging_mixin.py:120} INFO - [2024-07-04T20:19:32.782+0000] {dagbag.py:537} INFO - Filling up the DagBag from /home/airflow/.local/lib/python3.7/site-packages/airflow/example_dags/example_subdag_operator.py
[2024-07-04T20:19:32.810+0000] {processor.py:766} INFO - DAG(s) dict_keys(['example_subdag_operator.section-1', 'example_subdag_operator.section-2', 'example_subdag_operator']) retrieved from /home/airflow/.local/lib/python3.7/site-packages/airflow/example_dags/example_subdag_operator.py
[2024-07-04T20:19:32.962+0000] {logging_mixin.py:120} INFO - [2024-07-04T20:19:32.962+0000] {dag.py:2585} INFO - Sync 3 DAGs
[2024-07-04T20:19:32.984+0000] {logging_mixin.py:120} INFO - [2024-07-04T20:19:32.984+0000] {dag.py:3340} INFO - Setting next_dagrun for example_subdag_operator to 2022-01-01T00:00:00+00:00, run_after=2022-01-01T00:00:00+00:00
[2024-07-04T20:19:32.988+0000] {logging_mixin.py:120} INFO - [2024-07-04T20:19:32.988+0000] {dag.py:3340} INFO - Setting next_dagrun for example_subdag_operator.section-1 to None, run_after=None
[2024-07-04T20:19:32.989+0000] {logging_mixin.py:120} INFO - [2024-07-04T20:19:32.989+0000] {dag.py:3340} INFO - Setting next_dagrun for example_subdag_operator.section-2 to None, run_after=None
[2024-07-04T20:19:32.995+0000] {logging_mixin.py:120} INFO - [2024-07-04T20:19:32.995+0000] {dag.py:2585} INFO - Sync 2 DAGs
[2024-07-04T20:19:32.999+0000] {logging_mixin.py:120} INFO - [2024-07-04T20:19:32.999+0000] {dag.py:3340} INFO - Setting next_dagrun for example_subdag_operator.section-1 to None, run_after=None
[2024-07-04T20:19:32.999+0000] {logging_mixin.py:120} INFO - [2024-07-04T20:19:32.999+0000] {dag.py:3340} INFO - Setting next_dagrun for example_subdag_operator.section-2 to None, run_after=None
[2024-07-04T20:19:33.008+0000] {processor.py:176} INFO - Processing /home/airflow/.local/lib/python3.7/site-packages/airflow/example_dags/example_subdag_operator.py took 0.231 seconds
[2024-07-04T20:20:03.511+0000] {processor.py:154} INFO - Started process (PID=866) to work on /home/airflow/.local/lib/python3.7/site-packages/airflow/example_dags/example_subdag_operator.py
[2024-07-04T20:20:03.512+0000] {processor.py:756} INFO - Processing file /home/airflow/.local/lib/python3.7/site-packages/airflow/example_dags/example_subdag_operator.py for tasks to queue
[2024-07-04T20:20:03.513+0000] {logging_mixin.py:120} INFO - [2024-07-04T20:20:03.513+0000] {dagbag.py:537} INFO - Filling up the DagBag from /home/airflow/.local/lib/python3.7/site-packages/airflow/example_dags/example_subdag_operator.py
[2024-07-04T20:20:03.540+0000] {processor.py:766} INFO - DAG(s) dict_keys(['example_subdag_operator.section-1', 'example_subdag_operator.section-2', 'example_subdag_operator']) retrieved from /home/airflow/.local/lib/python3.7/site-packages/airflow/example_dags/example_subdag_operator.py
[2024-07-04T20:20:03.711+0000] {logging_mixin.py:120} INFO - [2024-07-04T20:20:03.711+0000] {dag.py:2585} INFO - Sync 3 DAGs
[2024-07-04T20:20:03.734+0000] {logging_mixin.py:120} INFO - [2024-07-04T20:20:03.734+0000] {dag.py:3340} INFO - Setting next_dagrun for example_subdag_operator to 2022-01-01T00:00:00+00:00, run_after=2022-01-01T00:00:00+00:00
[2024-07-04T20:20:03.737+0000] {logging_mixin.py:120} INFO - [2024-07-04T20:20:03.737+0000] {dag.py:3340} INFO - Setting next_dagrun for example_subdag_operator.section-1 to None, run_after=None
[2024-07-04T20:20:03.738+0000] {logging_mixin.py:120} INFO - [2024-07-04T20:20:03.738+0000] {dag.py:3340} INFO - Setting next_dagrun for example_subdag_operator.section-2 to None, run_after=None
[2024-07-04T20:20:03.745+0000] {logging_mixin.py:120} INFO - [2024-07-04T20:20:03.745+0000] {dag.py:2585} INFO - Sync 2 DAGs
[2024-07-04T20:20:03.750+0000] {logging_mixin.py:120} INFO - [2024-07-04T20:20:03.750+0000] {dag.py:3340} INFO - Setting next_dagrun for example_subdag_operator.section-1 to None, run_after=None
[2024-07-04T20:20:03.751+0000] {logging_mixin.py:120} INFO - [2024-07-04T20:20:03.751+0000] {dag.py:3340} INFO - Setting next_dagrun for example_subdag_operator.section-2 to None, run_after=None
[2024-07-04T20:20:03.761+0000] {processor.py:176} INFO - Processing /home/airflow/.local/lib/python3.7/site-packages/airflow/example_dags/example_subdag_operator.py took 0.252 seconds
[2024-07-04T20:20:34.135+0000] {processor.py:154} INFO - Started process (PID=928) to work on /home/airflow/.local/lib/python3.7/site-packages/airflow/example_dags/example_subdag_operator.py
[2024-07-04T20:20:34.136+0000] {processor.py:756} INFO - Processing file /home/airflow/.local/lib/python3.7/site-packages/airflow/example_dags/example_subdag_operator.py for tasks to queue
[2024-07-04T20:20:34.139+0000] {logging_mixin.py:120} INFO - [2024-07-04T20:20:34.139+0000] {dagbag.py:537} INFO - Filling up the DagBag from /home/airflow/.local/lib/python3.7/site-packages/airflow/example_dags/example_subdag_operator.py
[2024-07-04T20:20:34.173+0000] {processor.py:766} INFO - DAG(s) dict_keys(['example_subdag_operator.section-1', 'example_subdag_operator.section-2', 'example_subdag_operator']) retrieved from /home/airflow/.local/lib/python3.7/site-packages/airflow/example_dags/example_subdag_operator.py
[2024-07-04T20:20:34.329+0000] {logging_mixin.py:120} INFO - [2024-07-04T20:20:34.329+0000] {dag.py:2585} INFO - Sync 3 DAGs
[2024-07-04T20:20:34.351+0000] {logging_mixin.py:120} INFO - [2024-07-04T20:20:34.350+0000] {dag.py:3340} INFO - Setting next_dagrun for example_subdag_operator to 2022-01-01T00:00:00+00:00, run_after=2022-01-01T00:00:00+00:00
[2024-07-04T20:20:34.354+0000] {logging_mixin.py:120} INFO - [2024-07-04T20:20:34.354+0000] {dag.py:3340} INFO - Setting next_dagrun for example_subdag_operator.section-1 to None, run_after=None
[2024-07-04T20:20:34.355+0000] {logging_mixin.py:120} INFO - [2024-07-04T20:20:34.355+0000] {dag.py:3340} INFO - Setting next_dagrun for example_subdag_operator.section-2 to None, run_after=None
[2024-07-04T20:20:34.361+0000] {logging_mixin.py:120} INFO - [2024-07-04T20:20:34.361+0000] {dag.py:2585} INFO - Sync 2 DAGs
[2024-07-04T20:20:34.366+0000] {logging_mixin.py:120} INFO - [2024-07-04T20:20:34.366+0000] {dag.py:3340} INFO - Setting next_dagrun for example_subdag_operator.section-1 to None, run_after=None
[2024-07-04T20:20:34.366+0000] {logging_mixin.py:120} INFO - [2024-07-04T20:20:34.366+0000] {dag.py:3340} INFO - Setting next_dagrun for example_subdag_operator.section-2 to None, run_after=None
[2024-07-04T20:20:34.376+0000] {processor.py:176} INFO - Processing /home/airflow/.local/lib/python3.7/site-packages/airflow/example_dags/example_subdag_operator.py took 0.244 seconds
[2024-07-04T20:21:04.863+0000] {processor.py:154} INFO - Started process (PID=1000) to work on /home/airflow/.local/lib/python3.7/site-packages/airflow/example_dags/example_subdag_operator.py
[2024-07-04T20:21:04.864+0000] {processor.py:756} INFO - Processing file /home/airflow/.local/lib/python3.7/site-packages/airflow/example_dags/example_subdag_operator.py for tasks to queue
[2024-07-04T20:21:04.865+0000] {logging_mixin.py:120} INFO - [2024-07-04T20:21:04.864+0000] {dagbag.py:537} INFO - Filling up the DagBag from /home/airflow/.local/lib/python3.7/site-packages/airflow/example_dags/example_subdag_operator.py
[2024-07-04T20:21:04.893+0000] {processor.py:766} INFO - DAG(s) dict_keys(['example_subdag_operator.section-1', 'example_subdag_operator.section-2', 'example_subdag_operator']) retrieved from /home/airflow/.local/lib/python3.7/site-packages/airflow/example_dags/example_subdag_operator.py
[2024-07-04T20:21:05.048+0000] {logging_mixin.py:120} INFO - [2024-07-04T20:21:05.047+0000] {dag.py:2585} INFO - Sync 3 DAGs
[2024-07-04T20:21:05.070+0000] {logging_mixin.py:120} INFO - [2024-07-04T20:21:05.070+0000] {dag.py:3340} INFO - Setting next_dagrun for example_subdag_operator to 2022-01-01T00:00:00+00:00, run_after=2022-01-01T00:00:00+00:00
[2024-07-04T20:21:05.073+0000] {logging_mixin.py:120} INFO - [2024-07-04T20:21:05.073+0000] {dag.py:3340} INFO - Setting next_dagrun for example_subdag_operator.section-1 to None, run_after=None
[2024-07-04T20:21:05.074+0000] {logging_mixin.py:120} INFO - [2024-07-04T20:21:05.074+0000] {dag.py:3340} INFO - Setting next_dagrun for example_subdag_operator.section-2 to None, run_after=None
[2024-07-04T20:21:05.080+0000] {logging_mixin.py:120} INFO - [2024-07-04T20:21:05.080+0000] {dag.py:2585} INFO - Sync 2 DAGs
[2024-07-04T20:21:05.084+0000] {logging_mixin.py:120} INFO - [2024-07-04T20:21:05.084+0000] {dag.py:3340} INFO - Setting next_dagrun for example_subdag_operator.section-1 to None, run_after=None
[2024-07-04T20:21:05.085+0000] {logging_mixin.py:120} INFO - [2024-07-04T20:21:05.085+0000] {dag.py:3340} INFO - Setting next_dagrun for example_subdag_operator.section-2 to None, run_after=None
[2024-07-04T20:21:05.094+0000] {processor.py:176} INFO - Processing /home/airflow/.local/lib/python3.7/site-packages/airflow/example_dags/example_subdag_operator.py took 0.234 seconds
[2024-07-04T20:21:36.143+0000] {processor.py:154} INFO - Started process (PID=1073) to work on /home/airflow/.local/lib/python3.7/site-packages/airflow/example_dags/example_subdag_operator.py
[2024-07-04T20:21:36.144+0000] {processor.py:756} INFO - Processing file /home/airflow/.local/lib/python3.7/site-packages/airflow/example_dags/example_subdag_operator.py for tasks to queue
[2024-07-04T20:21:36.145+0000] {logging_mixin.py:120} INFO - [2024-07-04T20:21:36.145+0000] {dagbag.py:537} INFO - Filling up the DagBag from /home/airflow/.local/lib/python3.7/site-packages/airflow/example_dags/example_subdag_operator.py
[2024-07-04T20:21:36.186+0000] {processor.py:766} INFO - DAG(s) dict_keys(['example_subdag_operator.section-1', 'example_subdag_operator.section-2', 'example_subdag_operator']) retrieved from /home/airflow/.local/lib/python3.7/site-packages/airflow/example_dags/example_subdag_operator.py
[2024-07-04T20:21:36.355+0000] {logging_mixin.py:120} INFO - [2024-07-04T20:21:36.355+0000] {dag.py:2585} INFO - Sync 3 DAGs
[2024-07-04T20:21:36.378+0000] {logging_mixin.py:120} INFO - [2024-07-04T20:21:36.378+0000] {dag.py:3340} INFO - Setting next_dagrun for example_subdag_operator to 2022-01-01T00:00:00+00:00, run_after=2022-01-01T00:00:00+00:00
[2024-07-04T20:21:36.381+0000] {logging_mixin.py:120} INFO - [2024-07-04T20:21:36.381+0000] {dag.py:3340} INFO - Setting next_dagrun for example_subdag_operator.section-1 to None, run_after=None
[2024-07-04T20:21:36.382+0000] {logging_mixin.py:120} INFO - [2024-07-04T20:21:36.382+0000] {dag.py:3340} INFO - Setting next_dagrun for example_subdag_operator.section-2 to None, run_after=None
[2024-07-04T20:21:36.388+0000] {logging_mixin.py:120} INFO - [2024-07-04T20:21:36.388+0000] {dag.py:2585} INFO - Sync 2 DAGs
[2024-07-04T20:21:36.392+0000] {logging_mixin.py:120} INFO - [2024-07-04T20:21:36.392+0000] {dag.py:3340} INFO - Setting next_dagrun for example_subdag_operator.section-1 to None, run_after=None
[2024-07-04T20:21:36.393+0000] {logging_mixin.py:120} INFO - [2024-07-04T20:21:36.393+0000] {dag.py:3340} INFO - Setting next_dagrun for example_subdag_operator.section-2 to None, run_after=None
[2024-07-04T20:21:36.403+0000] {processor.py:176} INFO - Processing /home/airflow/.local/lib/python3.7/site-packages/airflow/example_dags/example_subdag_operator.py took 0.263 seconds
