[2024-07-04T20:14:24.268+0000] {processor.py:154} INFO - Started process (PID=83) to work on /home/airflow/.local/lib/python3.7/site-packages/airflow/example_dags/example_branch_operator.py
[2024-07-04T20:14:24.270+0000] {processor.py:756} INFO - Processing file /home/airflow/.local/lib/python3.7/site-packages/airflow/example_dags/example_branch_operator.py for tasks to queue
[2024-07-04T20:14:24.272+0000] {logging_mixin.py:120} INFO - [2024-07-04T20:14:24.272+0000] {dagbag.py:537} INFO - Filling up the DagBag from /home/airflow/.local/lib/python3.7/site-packages/airflow/example_dags/example_branch_operator.py
[2024-07-04T20:14:24.317+0000] {processor.py:766} INFO - DAG(s) dict_keys(['example_branch_operator']) retrieved from /home/airflow/.local/lib/python3.7/site-packages/airflow/example_dags/example_branch_operator.py
[2024-07-04T20:14:24.402+0000] {logging_mixin.py:120} INFO - [2024-07-04T20:14:24.402+0000] {dag.py:2585} INFO - Sync 1 DAGs
[2024-07-04T20:14:24.493+0000] {logging_mixin.py:120} INFO - [2024-07-04T20:14:24.492+0000] {dag.py:3340} INFO - Setting next_dagrun for example_branch_operator to 2024-07-03T00:00:00+00:00, run_after=2024-07-04T00:00:00+00:00
[2024-07-04T20:14:24.535+0000] {processor.py:176} INFO - Processing /home/airflow/.local/lib/python3.7/site-packages/airflow/example_dags/example_branch_operator.py took 0.276 seconds
[2024-07-04T20:14:55.455+0000] {processor.py:154} INFO - Started process (PID=158) to work on /home/airflow/.local/lib/python3.7/site-packages/airflow/example_dags/example_branch_operator.py
[2024-07-04T20:14:55.456+0000] {processor.py:756} INFO - Processing file /home/airflow/.local/lib/python3.7/site-packages/airflow/example_dags/example_branch_operator.py for tasks to queue
[2024-07-04T20:14:55.457+0000] {logging_mixin.py:120} INFO - [2024-07-04T20:14:55.457+0000] {dagbag.py:537} INFO - Filling up the DagBag from /home/airflow/.local/lib/python3.7/site-packages/airflow/example_dags/example_branch_operator.py
[2024-07-04T20:14:55.479+0000] {processor.py:766} INFO - DAG(s) dict_keys(['example_branch_operator']) retrieved from /home/airflow/.local/lib/python3.7/site-packages/airflow/example_dags/example_branch_operator.py
[2024-07-04T20:14:55.536+0000] {logging_mixin.py:120} INFO - [2024-07-04T20:14:55.536+0000] {dag.py:2585} INFO - Sync 1 DAGs
[2024-07-04T20:14:55.567+0000] {logging_mixin.py:120} INFO - [2024-07-04T20:14:55.566+0000] {dag.py:3340} INFO - Setting next_dagrun for example_branch_operator to 2024-07-03T00:00:00+00:00, run_after=2024-07-04T00:00:00+00:00
[2024-07-04T20:14:55.584+0000] {processor.py:176} INFO - Processing /home/airflow/.local/lib/python3.7/site-packages/airflow/example_dags/example_branch_operator.py took 0.132 seconds
[2024-07-04T20:15:26.345+0000] {processor.py:154} INFO - Started process (PID=221) to work on /home/airflow/.local/lib/python3.7/site-packages/airflow/example_dags/example_branch_operator.py
[2024-07-04T20:15:26.346+0000] {processor.py:756} INFO - Processing file /home/airflow/.local/lib/python3.7/site-packages/airflow/example_dags/example_branch_operator.py for tasks to queue
[2024-07-04T20:15:26.347+0000] {logging_mixin.py:120} INFO - [2024-07-04T20:15:26.347+0000] {dagbag.py:537} INFO - Filling up the DagBag from /home/airflow/.local/lib/python3.7/site-packages/airflow/example_dags/example_branch_operator.py
[2024-07-04T20:15:26.362+0000] {processor.py:766} INFO - DAG(s) dict_keys(['example_branch_operator']) retrieved from /home/airflow/.local/lib/python3.7/site-packages/airflow/example_dags/example_branch_operator.py
[2024-07-04T20:15:26.400+0000] {logging_mixin.py:120} INFO - [2024-07-04T20:15:26.400+0000] {dag.py:2585} INFO - Sync 1 DAGs
[2024-07-04T20:15:26.425+0000] {logging_mixin.py:120} INFO - [2024-07-04T20:15:26.425+0000] {dag.py:3340} INFO - Setting next_dagrun for example_branch_operator to 2024-07-03T00:00:00+00:00, run_after=2024-07-04T00:00:00+00:00
[2024-07-04T20:15:26.442+0000] {processor.py:176} INFO - Processing /home/airflow/.local/lib/python3.7/site-packages/airflow/example_dags/example_branch_operator.py took 0.100 seconds
[2024-07-04T20:15:57.104+0000] {processor.py:154} INFO - Started process (PID=292) to work on /home/airflow/.local/lib/python3.7/site-packages/airflow/example_dags/example_branch_operator.py
[2024-07-04T20:15:57.105+0000] {processor.py:756} INFO - Processing file /home/airflow/.local/lib/python3.7/site-packages/airflow/example_dags/example_branch_operator.py for tasks to queue
[2024-07-04T20:15:57.105+0000] {logging_mixin.py:120} INFO - [2024-07-04T20:15:57.105+0000] {dagbag.py:537} INFO - Filling up the DagBag from /home/airflow/.local/lib/python3.7/site-packages/airflow/example_dags/example_branch_operator.py
[2024-07-04T20:15:57.120+0000] {processor.py:766} INFO - DAG(s) dict_keys(['example_branch_operator']) retrieved from /home/airflow/.local/lib/python3.7/site-packages/airflow/example_dags/example_branch_operator.py
[2024-07-04T20:15:57.157+0000] {logging_mixin.py:120} INFO - [2024-07-04T20:15:57.156+0000] {dag.py:2585} INFO - Sync 1 DAGs
[2024-07-04T20:15:57.179+0000] {logging_mixin.py:120} INFO - [2024-07-04T20:15:57.179+0000] {dag.py:3340} INFO - Setting next_dagrun for example_branch_operator to 2024-07-03T00:00:00+00:00, run_after=2024-07-04T00:00:00+00:00
[2024-07-04T20:15:57.196+0000] {processor.py:176} INFO - Processing /home/airflow/.local/lib/python3.7/site-packages/airflow/example_dags/example_branch_operator.py took 0.095 seconds
[2024-07-04T20:16:27.419+0000] {processor.py:154} INFO - Started process (PID=364) to work on /home/airflow/.local/lib/python3.7/site-packages/airflow/example_dags/example_branch_operator.py
[2024-07-04T20:16:27.420+0000] {processor.py:756} INFO - Processing file /home/airflow/.local/lib/python3.7/site-packages/airflow/example_dags/example_branch_operator.py for tasks to queue
[2024-07-04T20:16:27.420+0000] {logging_mixin.py:120} INFO - [2024-07-04T20:16:27.420+0000] {dagbag.py:537} INFO - Filling up the DagBag from /home/airflow/.local/lib/python3.7/site-packages/airflow/example_dags/example_branch_operator.py
[2024-07-04T20:16:27.436+0000] {processor.py:766} INFO - DAG(s) dict_keys(['example_branch_operator']) retrieved from /home/airflow/.local/lib/python3.7/site-packages/airflow/example_dags/example_branch_operator.py
[2024-07-04T20:16:27.473+0000] {logging_mixin.py:120} INFO - [2024-07-04T20:16:27.473+0000] {dag.py:2585} INFO - Sync 1 DAGs
[2024-07-04T20:16:27.497+0000] {logging_mixin.py:120} INFO - [2024-07-04T20:16:27.497+0000] {dag.py:3340} INFO - Setting next_dagrun for example_branch_operator to 2024-07-03T00:00:00+00:00, run_after=2024-07-04T00:00:00+00:00
[2024-07-04T20:16:27.513+0000] {processor.py:176} INFO - Processing /home/airflow/.local/lib/python3.7/site-packages/airflow/example_dags/example_branch_operator.py took 0.097 seconds
[2024-07-04T20:16:57.697+0000] {processor.py:154} INFO - Started process (PID=435) to work on /home/airflow/.local/lib/python3.7/site-packages/airflow/example_dags/example_branch_operator.py
[2024-07-04T20:16:57.698+0000] {processor.py:756} INFO - Processing file /home/airflow/.local/lib/python3.7/site-packages/airflow/example_dags/example_branch_operator.py for tasks to queue
[2024-07-04T20:16:57.699+0000] {logging_mixin.py:120} INFO - [2024-07-04T20:16:57.698+0000] {dagbag.py:537} INFO - Filling up the DagBag from /home/airflow/.local/lib/python3.7/site-packages/airflow/example_dags/example_branch_operator.py
[2024-07-04T20:16:57.714+0000] {processor.py:766} INFO - DAG(s) dict_keys(['example_branch_operator']) retrieved from /home/airflow/.local/lib/python3.7/site-packages/airflow/example_dags/example_branch_operator.py
[2024-07-04T20:16:57.749+0000] {logging_mixin.py:120} INFO - [2024-07-04T20:16:57.748+0000] {dag.py:2585} INFO - Sync 1 DAGs
[2024-07-04T20:16:57.773+0000] {logging_mixin.py:120} INFO - [2024-07-04T20:16:57.772+0000] {dag.py:3340} INFO - Setting next_dagrun for example_branch_operator to 2024-07-03T00:00:00+00:00, run_after=2024-07-04T00:00:00+00:00
[2024-07-04T20:16:57.788+0000] {processor.py:176} INFO - Processing /home/airflow/.local/lib/python3.7/site-packages/airflow/example_dags/example_branch_operator.py took 0.094 seconds
[2024-07-04T20:17:28.581+0000] {processor.py:154} INFO - Started process (PID=504) to work on /home/airflow/.local/lib/python3.7/site-packages/airflow/example_dags/example_branch_operator.py
[2024-07-04T20:17:28.582+0000] {processor.py:756} INFO - Processing file /home/airflow/.local/lib/python3.7/site-packages/airflow/example_dags/example_branch_operator.py for tasks to queue
[2024-07-04T20:17:28.583+0000] {logging_mixin.py:120} INFO - [2024-07-04T20:17:28.583+0000] {dagbag.py:537} INFO - Filling up the DagBag from /home/airflow/.local/lib/python3.7/site-packages/airflow/example_dags/example_branch_operator.py
[2024-07-04T20:17:28.600+0000] {processor.py:766} INFO - DAG(s) dict_keys(['example_branch_operator']) retrieved from /home/airflow/.local/lib/python3.7/site-packages/airflow/example_dags/example_branch_operator.py
[2024-07-04T20:17:28.638+0000] {logging_mixin.py:120} INFO - [2024-07-04T20:17:28.638+0000] {dag.py:2585} INFO - Sync 1 DAGs
[2024-07-04T20:17:28.663+0000] {logging_mixin.py:120} INFO - [2024-07-04T20:17:28.663+0000] {dag.py:3340} INFO - Setting next_dagrun for example_branch_operator to 2024-07-03T00:00:00+00:00, run_after=2024-07-04T00:00:00+00:00
[2024-07-04T20:17:28.681+0000] {processor.py:176} INFO - Processing /home/airflow/.local/lib/python3.7/site-packages/airflow/example_dags/example_branch_operator.py took 0.104 seconds
[2024-07-04T20:17:59.334+0000] {processor.py:154} INFO - Started process (PID=569) to work on /home/airflow/.local/lib/python3.7/site-packages/airflow/example_dags/example_branch_operator.py
[2024-07-04T20:17:59.335+0000] {processor.py:756} INFO - Processing file /home/airflow/.local/lib/python3.7/site-packages/airflow/example_dags/example_branch_operator.py for tasks to queue
[2024-07-04T20:17:59.336+0000] {logging_mixin.py:120} INFO - [2024-07-04T20:17:59.336+0000] {dagbag.py:537} INFO - Filling up the DagBag from /home/airflow/.local/lib/python3.7/site-packages/airflow/example_dags/example_branch_operator.py
[2024-07-04T20:17:59.352+0000] {processor.py:766} INFO - DAG(s) dict_keys(['example_branch_operator']) retrieved from /home/airflow/.local/lib/python3.7/site-packages/airflow/example_dags/example_branch_operator.py
[2024-07-04T20:17:59.388+0000] {logging_mixin.py:120} INFO - [2024-07-04T20:17:59.388+0000] {dag.py:2585} INFO - Sync 1 DAGs
[2024-07-04T20:17:59.410+0000] {logging_mixin.py:120} INFO - [2024-07-04T20:17:59.410+0000] {dag.py:3340} INFO - Setting next_dagrun for example_branch_operator to 2024-07-03T00:00:00+00:00, run_after=2024-07-04T00:00:00+00:00
[2024-07-04T20:17:59.426+0000] {processor.py:176} INFO - Processing /home/airflow/.local/lib/python3.7/site-packages/airflow/example_dags/example_branch_operator.py took 0.095 seconds
[2024-07-04T20:18:30.164+0000] {processor.py:154} INFO - Started process (PID=641) to work on /home/airflow/.local/lib/python3.7/site-packages/airflow/example_dags/example_branch_operator.py
[2024-07-04T20:18:30.165+0000] {processor.py:756} INFO - Processing file /home/airflow/.local/lib/python3.7/site-packages/airflow/example_dags/example_branch_operator.py for tasks to queue
[2024-07-04T20:18:30.165+0000] {logging_mixin.py:120} INFO - [2024-07-04T20:18:30.165+0000] {dagbag.py:537} INFO - Filling up the DagBag from /home/airflow/.local/lib/python3.7/site-packages/airflow/example_dags/example_branch_operator.py
[2024-07-04T20:18:30.182+0000] {processor.py:766} INFO - DAG(s) dict_keys(['example_branch_operator']) retrieved from /home/airflow/.local/lib/python3.7/site-packages/airflow/example_dags/example_branch_operator.py
[2024-07-04T20:18:30.219+0000] {logging_mixin.py:120} INFO - [2024-07-04T20:18:30.219+0000] {dag.py:2585} INFO - Sync 1 DAGs
[2024-07-04T20:18:30.244+0000] {logging_mixin.py:120} INFO - [2024-07-04T20:18:30.244+0000] {dag.py:3340} INFO - Setting next_dagrun for example_branch_operator to 2024-07-03T00:00:00+00:00, run_after=2024-07-04T00:00:00+00:00
[2024-07-04T20:18:30.261+0000] {processor.py:176} INFO - Processing /home/airflow/.local/lib/python3.7/site-packages/airflow/example_dags/example_branch_operator.py took 0.100 seconds
[2024-07-04T20:19:00.289+0000] {processor.py:154} INFO - Started process (PID=712) to work on /home/airflow/.local/lib/python3.7/site-packages/airflow/example_dags/example_branch_operator.py
[2024-07-04T20:19:00.290+0000] {processor.py:756} INFO - Processing file /home/airflow/.local/lib/python3.7/site-packages/airflow/example_dags/example_branch_operator.py for tasks to queue
[2024-07-04T20:19:00.290+0000] {logging_mixin.py:120} INFO - [2024-07-04T20:19:00.290+0000] {dagbag.py:537} INFO - Filling up the DagBag from /home/airflow/.local/lib/python3.7/site-packages/airflow/example_dags/example_branch_operator.py
[2024-07-04T20:19:00.306+0000] {processor.py:766} INFO - DAG(s) dict_keys(['example_branch_operator']) retrieved from /home/airflow/.local/lib/python3.7/site-packages/airflow/example_dags/example_branch_operator.py
[2024-07-04T20:19:00.340+0000] {logging_mixin.py:120} INFO - [2024-07-04T20:19:00.340+0000] {dag.py:2585} INFO - Sync 1 DAGs
[2024-07-04T20:19:00.362+0000] {logging_mixin.py:120} INFO - [2024-07-04T20:19:00.361+0000] {dag.py:3340} INFO - Setting next_dagrun for example_branch_operator to 2024-07-03T00:00:00+00:00, run_after=2024-07-04T00:00:00+00:00
[2024-07-04T20:19:00.376+0000] {processor.py:176} INFO - Processing /home/airflow/.local/lib/python3.7/site-packages/airflow/example_dags/example_branch_operator.py took 0.090 seconds
[2024-07-04T20:19:31.078+0000] {processor.py:154} INFO - Started process (PID=783) to work on /home/airflow/.local/lib/python3.7/site-packages/airflow/example_dags/example_branch_operator.py
[2024-07-04T20:19:31.079+0000] {processor.py:756} INFO - Processing file /home/airflow/.local/lib/python3.7/site-packages/airflow/example_dags/example_branch_operator.py for tasks to queue
[2024-07-04T20:19:31.080+0000] {logging_mixin.py:120} INFO - [2024-07-04T20:19:31.080+0000] {dagbag.py:537} INFO - Filling up the DagBag from /home/airflow/.local/lib/python3.7/site-packages/airflow/example_dags/example_branch_operator.py
[2024-07-04T20:19:31.098+0000] {processor.py:766} INFO - DAG(s) dict_keys(['example_branch_operator']) retrieved from /home/airflow/.local/lib/python3.7/site-packages/airflow/example_dags/example_branch_operator.py
[2024-07-04T20:19:31.282+0000] {logging_mixin.py:120} INFO - [2024-07-04T20:19:31.282+0000] {dag.py:2585} INFO - Sync 1 DAGs
[2024-07-04T20:19:31.328+0000] {logging_mixin.py:120} INFO - [2024-07-04T20:19:31.328+0000] {dag.py:3340} INFO - Setting next_dagrun for example_branch_operator to 2024-07-03T00:00:00+00:00, run_after=2024-07-04T00:00:00+00:00
[2024-07-04T20:19:31.349+0000] {processor.py:176} INFO - Processing /home/airflow/.local/lib/python3.7/site-packages/airflow/example_dags/example_branch_operator.py took 0.275 seconds
[2024-07-04T20:20:01.829+0000] {processor.py:154} INFO - Started process (PID=846) to work on /home/airflow/.local/lib/python3.7/site-packages/airflow/example_dags/example_branch_operator.py
[2024-07-04T20:20:01.830+0000] {processor.py:756} INFO - Processing file /home/airflow/.local/lib/python3.7/site-packages/airflow/example_dags/example_branch_operator.py for tasks to queue
[2024-07-04T20:20:01.831+0000] {logging_mixin.py:120} INFO - [2024-07-04T20:20:01.831+0000] {dagbag.py:537} INFO - Filling up the DagBag from /home/airflow/.local/lib/python3.7/site-packages/airflow/example_dags/example_branch_operator.py
[2024-07-04T20:20:01.847+0000] {processor.py:766} INFO - DAG(s) dict_keys(['example_branch_operator']) retrieved from /home/airflow/.local/lib/python3.7/site-packages/airflow/example_dags/example_branch_operator.py
[2024-07-04T20:20:01.882+0000] {logging_mixin.py:120} INFO - [2024-07-04T20:20:01.882+0000] {dag.py:2585} INFO - Sync 1 DAGs
[2024-07-04T20:20:01.906+0000] {logging_mixin.py:120} INFO - [2024-07-04T20:20:01.906+0000] {dag.py:3340} INFO - Setting next_dagrun for example_branch_operator to 2024-07-03T00:00:00+00:00, run_after=2024-07-04T00:00:00+00:00
[2024-07-04T20:20:01.921+0000] {processor.py:176} INFO - Processing /home/airflow/.local/lib/python3.7/site-packages/airflow/example_dags/example_branch_operator.py took 0.096 seconds
[2024-07-04T20:20:32.473+0000] {processor.py:154} INFO - Started process (PID=917) to work on /home/airflow/.local/lib/python3.7/site-packages/airflow/example_dags/example_branch_operator.py
[2024-07-04T20:20:32.474+0000] {processor.py:756} INFO - Processing file /home/airflow/.local/lib/python3.7/site-packages/airflow/example_dags/example_branch_operator.py for tasks to queue
[2024-07-04T20:20:32.474+0000] {logging_mixin.py:120} INFO - [2024-07-04T20:20:32.474+0000] {dagbag.py:537} INFO - Filling up the DagBag from /home/airflow/.local/lib/python3.7/site-packages/airflow/example_dags/example_branch_operator.py
[2024-07-04T20:20:32.494+0000] {processor.py:766} INFO - DAG(s) dict_keys(['example_branch_operator']) retrieved from /home/airflow/.local/lib/python3.7/site-packages/airflow/example_dags/example_branch_operator.py
[2024-07-04T20:20:32.529+0000] {logging_mixin.py:120} INFO - [2024-07-04T20:20:32.529+0000] {dag.py:2585} INFO - Sync 1 DAGs
[2024-07-04T20:20:32.554+0000] {logging_mixin.py:120} INFO - [2024-07-04T20:20:32.554+0000] {dag.py:3340} INFO - Setting next_dagrun for example_branch_operator to 2024-07-03T00:00:00+00:00, run_after=2024-07-04T00:00:00+00:00
[2024-07-04T20:20:32.571+0000] {processor.py:176} INFO - Processing /home/airflow/.local/lib/python3.7/site-packages/airflow/example_dags/example_branch_operator.py took 0.101 seconds
[2024-07-04T20:21:03.161+0000] {processor.py:154} INFO - Started process (PID=988) to work on /home/airflow/.local/lib/python3.7/site-packages/airflow/example_dags/example_branch_operator.py
[2024-07-04T20:21:03.162+0000] {processor.py:756} INFO - Processing file /home/airflow/.local/lib/python3.7/site-packages/airflow/example_dags/example_branch_operator.py for tasks to queue
[2024-07-04T20:21:03.163+0000] {logging_mixin.py:120} INFO - [2024-07-04T20:21:03.163+0000] {dagbag.py:537} INFO - Filling up the DagBag from /home/airflow/.local/lib/python3.7/site-packages/airflow/example_dags/example_branch_operator.py
[2024-07-04T20:21:03.178+0000] {processor.py:766} INFO - DAG(s) dict_keys(['example_branch_operator']) retrieved from /home/airflow/.local/lib/python3.7/site-packages/airflow/example_dags/example_branch_operator.py
[2024-07-04T20:21:03.213+0000] {logging_mixin.py:120} INFO - [2024-07-04T20:21:03.213+0000] {dag.py:2585} INFO - Sync 1 DAGs
[2024-07-04T20:21:03.236+0000] {logging_mixin.py:120} INFO - [2024-07-04T20:21:03.236+0000] {dag.py:3340} INFO - Setting next_dagrun for example_branch_operator to 2024-07-03T00:00:00+00:00, run_after=2024-07-04T00:00:00+00:00
[2024-07-04T20:21:03.251+0000] {processor.py:176} INFO - Processing /home/airflow/.local/lib/python3.7/site-packages/airflow/example_dags/example_branch_operator.py took 0.093 seconds
[2024-07-04T20:21:33.983+0000] {processor.py:154} INFO - Started process (PID=1059) to work on /home/airflow/.local/lib/python3.7/site-packages/airflow/example_dags/example_branch_operator.py
[2024-07-04T20:21:33.984+0000] {processor.py:756} INFO - Processing file /home/airflow/.local/lib/python3.7/site-packages/airflow/example_dags/example_branch_operator.py for tasks to queue
[2024-07-04T20:21:33.985+0000] {logging_mixin.py:120} INFO - [2024-07-04T20:21:33.985+0000] {dagbag.py:537} INFO - Filling up the DagBag from /home/airflow/.local/lib/python3.7/site-packages/airflow/example_dags/example_branch_operator.py
[2024-07-04T20:21:34.002+0000] {processor.py:766} INFO - DAG(s) dict_keys(['example_branch_operator']) retrieved from /home/airflow/.local/lib/python3.7/site-packages/airflow/example_dags/example_branch_operator.py
[2024-07-04T20:21:34.038+0000] {logging_mixin.py:120} INFO - [2024-07-04T20:21:34.038+0000] {dag.py:2585} INFO - Sync 1 DAGs
[2024-07-04T20:21:34.062+0000] {logging_mixin.py:120} INFO - [2024-07-04T20:21:34.061+0000] {dag.py:3340} INFO - Setting next_dagrun for example_branch_operator to 2024-07-03T00:00:00+00:00, run_after=2024-07-04T00:00:00+00:00
[2024-07-04T20:21:34.080+0000] {processor.py:176} INFO - Processing /home/airflow/.local/lib/python3.7/site-packages/airflow/example_dags/example_branch_operator.py took 0.100 seconds
