[2024-07-04T20:14:22.565+0000] {processor.py:154} INFO - Started process (PID=74) to work on /home/airflow/.local/lib/python3.7/site-packages/airflow/example_dags/example_kubernetes_executor.py
[2024-07-04T20:14:22.568+0000] {processor.py:756} INFO - Processing file /home/airflow/.local/lib/python3.7/site-packages/airflow/example_dags/example_kubernetes_executor.py for tasks to queue
[2024-07-04T20:14:22.569+0000] {logging_mixin.py:120} INFO - [2024-07-04T20:14:22.569+0000] {dagbag.py:537} INFO - Filling up the DagBag from /home/airflow/.local/lib/python3.7/site-packages/airflow/example_dags/example_kubernetes_executor.py
[2024-07-04T20:14:22.627+0000] {processor.py:766} INFO - DAG(s) dict_keys(['example_kubernetes_executor']) retrieved from /home/airflow/.local/lib/python3.7/site-packages/airflow/example_dags/example_kubernetes_executor.py
[2024-07-04T20:14:22.696+0000] {logging_mixin.py:120} INFO - [2024-07-04T20:14:22.695+0000] {dag.py:2585} INFO - Sync 1 DAGs
[2024-07-04T20:14:22.755+0000] {logging_mixin.py:120} INFO - [2024-07-04T20:14:22.755+0000] {dag.py:3340} INFO - Setting next_dagrun for example_kubernetes_executor to None, run_after=None
[2024-07-04T20:14:22.794+0000] {processor.py:176} INFO - Processing /home/airflow/.local/lib/python3.7/site-packages/airflow/example_dags/example_kubernetes_executor.py took 0.235 seconds
[2024-07-04T20:14:53.465+0000] {processor.py:154} INFO - Started process (PID=140) to work on /home/airflow/.local/lib/python3.7/site-packages/airflow/example_dags/example_kubernetes_executor.py
[2024-07-04T20:14:53.466+0000] {processor.py:756} INFO - Processing file /home/airflow/.local/lib/python3.7/site-packages/airflow/example_dags/example_kubernetes_executor.py for tasks to queue
[2024-07-04T20:14:53.466+0000] {logging_mixin.py:120} INFO - [2024-07-04T20:14:53.466+0000] {dagbag.py:537} INFO - Filling up the DagBag from /home/airflow/.local/lib/python3.7/site-packages/airflow/example_dags/example_kubernetes_executor.py
[2024-07-04T20:14:53.491+0000] {processor.py:766} INFO - DAG(s) dict_keys(['example_kubernetes_executor']) retrieved from /home/airflow/.local/lib/python3.7/site-packages/airflow/example_dags/example_kubernetes_executor.py
[2024-07-04T20:14:53.532+0000] {logging_mixin.py:120} INFO - [2024-07-04T20:14:53.532+0000] {dag.py:2585} INFO - Sync 1 DAGs
[2024-07-04T20:14:53.559+0000] {logging_mixin.py:120} INFO - [2024-07-04T20:14:53.559+0000] {dag.py:3340} INFO - Setting next_dagrun for example_kubernetes_executor to None, run_after=None
[2024-07-04T20:14:53.608+0000] {processor.py:176} INFO - Processing /home/airflow/.local/lib/python3.7/site-packages/airflow/example_dags/example_kubernetes_executor.py took 0.147 seconds
[2024-07-04T20:15:23.846+0000] {processor.py:154} INFO - Started process (PID=212) to work on /home/airflow/.local/lib/python3.7/site-packages/airflow/example_dags/example_kubernetes_executor.py
[2024-07-04T20:15:23.847+0000] {processor.py:756} INFO - Processing file /home/airflow/.local/lib/python3.7/site-packages/airflow/example_dags/example_kubernetes_executor.py for tasks to queue
[2024-07-04T20:15:23.848+0000] {logging_mixin.py:120} INFO - [2024-07-04T20:15:23.847+0000] {dagbag.py:537} INFO - Filling up the DagBag from /home/airflow/.local/lib/python3.7/site-packages/airflow/example_dags/example_kubernetes_executor.py
[2024-07-04T20:15:23.871+0000] {processor.py:766} INFO - DAG(s) dict_keys(['example_kubernetes_executor']) retrieved from /home/airflow/.local/lib/python3.7/site-packages/airflow/example_dags/example_kubernetes_executor.py
[2024-07-04T20:15:23.910+0000] {logging_mixin.py:120} INFO - [2024-07-04T20:15:23.910+0000] {dag.py:2585} INFO - Sync 1 DAGs
[2024-07-04T20:15:23.933+0000] {logging_mixin.py:120} INFO - [2024-07-04T20:15:23.933+0000] {dag.py:3340} INFO - Setting next_dagrun for example_kubernetes_executor to None, run_after=None
[2024-07-04T20:15:23.977+0000] {processor.py:176} INFO - Processing /home/airflow/.local/lib/python3.7/site-packages/airflow/example_dags/example_kubernetes_executor.py took 0.134 seconds
[2024-07-04T20:15:54.752+0000] {processor.py:154} INFO - Started process (PID=283) to work on /home/airflow/.local/lib/python3.7/site-packages/airflow/example_dags/example_kubernetes_executor.py
[2024-07-04T20:15:54.753+0000] {processor.py:756} INFO - Processing file /home/airflow/.local/lib/python3.7/site-packages/airflow/example_dags/example_kubernetes_executor.py for tasks to queue
[2024-07-04T20:15:54.754+0000] {logging_mixin.py:120} INFO - [2024-07-04T20:15:54.753+0000] {dagbag.py:537} INFO - Filling up the DagBag from /home/airflow/.local/lib/python3.7/site-packages/airflow/example_dags/example_kubernetes_executor.py
[2024-07-04T20:15:54.778+0000] {processor.py:766} INFO - DAG(s) dict_keys(['example_kubernetes_executor']) retrieved from /home/airflow/.local/lib/python3.7/site-packages/airflow/example_dags/example_kubernetes_executor.py
[2024-07-04T20:15:54.812+0000] {logging_mixin.py:120} INFO - [2024-07-04T20:15:54.811+0000] {dag.py:2585} INFO - Sync 1 DAGs
[2024-07-04T20:15:54.833+0000] {logging_mixin.py:120} INFO - [2024-07-04T20:15:54.833+0000] {dag.py:3340} INFO - Setting next_dagrun for example_kubernetes_executor to None, run_after=None
[2024-07-04T20:15:54.849+0000] {processor.py:176} INFO - Processing /home/airflow/.local/lib/python3.7/site-packages/airflow/example_dags/example_kubernetes_executor.py took 0.100 seconds
[2024-07-04T20:16:25.765+0000] {processor.py:154} INFO - Started process (PID=355) to work on /home/airflow/.local/lib/python3.7/site-packages/airflow/example_dags/example_kubernetes_executor.py
[2024-07-04T20:16:25.767+0000] {processor.py:756} INFO - Processing file /home/airflow/.local/lib/python3.7/site-packages/airflow/example_dags/example_kubernetes_executor.py for tasks to queue
[2024-07-04T20:16:25.768+0000] {logging_mixin.py:120} INFO - [2024-07-04T20:16:25.767+0000] {dagbag.py:537} INFO - Filling up the DagBag from /home/airflow/.local/lib/python3.7/site-packages/airflow/example_dags/example_kubernetes_executor.py
[2024-07-04T20:16:25.794+0000] {processor.py:766} INFO - DAG(s) dict_keys(['example_kubernetes_executor']) retrieved from /home/airflow/.local/lib/python3.7/site-packages/airflow/example_dags/example_kubernetes_executor.py
[2024-07-04T20:16:25.836+0000] {logging_mixin.py:120} INFO - [2024-07-04T20:16:25.836+0000] {dag.py:2585} INFO - Sync 1 DAGs
[2024-07-04T20:16:25.863+0000] {logging_mixin.py:120} INFO - [2024-07-04T20:16:25.863+0000] {dag.py:3340} INFO - Setting next_dagrun for example_kubernetes_executor to None, run_after=None
[2024-07-04T20:16:25.879+0000] {processor.py:176} INFO - Processing /home/airflow/.local/lib/python3.7/site-packages/airflow/example_dags/example_kubernetes_executor.py took 0.118 seconds
[2024-07-04T20:16:57.080+0000] {processor.py:154} INFO - Started process (PID=426) to work on /home/airflow/.local/lib/python3.7/site-packages/airflow/example_dags/example_kubernetes_executor.py
[2024-07-04T20:16:57.081+0000] {processor.py:756} INFO - Processing file /home/airflow/.local/lib/python3.7/site-packages/airflow/example_dags/example_kubernetes_executor.py for tasks to queue
[2024-07-04T20:16:57.082+0000] {logging_mixin.py:120} INFO - [2024-07-04T20:16:57.082+0000] {dagbag.py:537} INFO - Filling up the DagBag from /home/airflow/.local/lib/python3.7/site-packages/airflow/example_dags/example_kubernetes_executor.py
[2024-07-04T20:16:57.107+0000] {processor.py:766} INFO - DAG(s) dict_keys(['example_kubernetes_executor']) retrieved from /home/airflow/.local/lib/python3.7/site-packages/airflow/example_dags/example_kubernetes_executor.py
[2024-07-04T20:16:57.145+0000] {logging_mixin.py:120} INFO - [2024-07-04T20:16:57.145+0000] {dag.py:2585} INFO - Sync 1 DAGs
[2024-07-04T20:16:57.169+0000] {logging_mixin.py:120} INFO - [2024-07-04T20:16:57.168+0000] {dag.py:3340} INFO - Setting next_dagrun for example_kubernetes_executor to None, run_after=None
[2024-07-04T20:16:57.186+0000] {processor.py:176} INFO - Processing /home/airflow/.local/lib/python3.7/site-packages/airflow/example_dags/example_kubernetes_executor.py took 0.109 seconds
[2024-07-04T20:17:28.079+0000] {processor.py:154} INFO - Started process (PID=488) to work on /home/airflow/.local/lib/python3.7/site-packages/airflow/example_dags/example_kubernetes_executor.py
[2024-07-04T20:17:28.080+0000] {processor.py:756} INFO - Processing file /home/airflow/.local/lib/python3.7/site-packages/airflow/example_dags/example_kubernetes_executor.py for tasks to queue
[2024-07-04T20:17:28.081+0000] {logging_mixin.py:120} INFO - [2024-07-04T20:17:28.081+0000] {dagbag.py:537} INFO - Filling up the DagBag from /home/airflow/.local/lib/python3.7/site-packages/airflow/example_dags/example_kubernetes_executor.py
[2024-07-04T20:17:28.105+0000] {processor.py:766} INFO - DAG(s) dict_keys(['example_kubernetes_executor']) retrieved from /home/airflow/.local/lib/python3.7/site-packages/airflow/example_dags/example_kubernetes_executor.py
[2024-07-04T20:17:28.140+0000] {logging_mixin.py:120} INFO - [2024-07-04T20:17:28.140+0000] {dag.py:2585} INFO - Sync 1 DAGs
[2024-07-04T20:17:28.163+0000] {logging_mixin.py:120} INFO - [2024-07-04T20:17:28.163+0000] {dag.py:3340} INFO - Setting next_dagrun for example_kubernetes_executor to None, run_after=None
[2024-07-04T20:17:28.187+0000] {processor.py:176} INFO - Processing /home/airflow/.local/lib/python3.7/site-packages/airflow/example_dags/example_kubernetes_executor.py took 0.111 seconds
[2024-07-04T20:17:58.794+0000] {processor.py:154} INFO - Started process (PID=560) to work on /home/airflow/.local/lib/python3.7/site-packages/airflow/example_dags/example_kubernetes_executor.py
[2024-07-04T20:17:58.794+0000] {processor.py:756} INFO - Processing file /home/airflow/.local/lib/python3.7/site-packages/airflow/example_dags/example_kubernetes_executor.py for tasks to queue
[2024-07-04T20:17:58.795+0000] {logging_mixin.py:120} INFO - [2024-07-04T20:17:58.795+0000] {dagbag.py:537} INFO - Filling up the DagBag from /home/airflow/.local/lib/python3.7/site-packages/airflow/example_dags/example_kubernetes_executor.py
[2024-07-04T20:17:58.818+0000] {processor.py:766} INFO - DAG(s) dict_keys(['example_kubernetes_executor']) retrieved from /home/airflow/.local/lib/python3.7/site-packages/airflow/example_dags/example_kubernetes_executor.py
[2024-07-04T20:17:58.853+0000] {logging_mixin.py:120} INFO - [2024-07-04T20:17:58.853+0000] {dag.py:2585} INFO - Sync 1 DAGs
[2024-07-04T20:17:58.874+0000] {logging_mixin.py:120} INFO - [2024-07-04T20:17:58.874+0000] {dag.py:3340} INFO - Setting next_dagrun for example_kubernetes_executor to None, run_after=None
[2024-07-04T20:17:58.890+0000] {processor.py:176} INFO - Processing /home/airflow/.local/lib/python3.7/site-packages/airflow/example_dags/example_kubernetes_executor.py took 0.100 seconds
[2024-07-04T20:18:29.527+0000] {processor.py:154} INFO - Started process (PID=632) to work on /home/airflow/.local/lib/python3.7/site-packages/airflow/example_dags/example_kubernetes_executor.py
[2024-07-04T20:18:29.528+0000] {processor.py:756} INFO - Processing file /home/airflow/.local/lib/python3.7/site-packages/airflow/example_dags/example_kubernetes_executor.py for tasks to queue
[2024-07-04T20:18:29.529+0000] {logging_mixin.py:120} INFO - [2024-07-04T20:18:29.529+0000] {dagbag.py:537} INFO - Filling up the DagBag from /home/airflow/.local/lib/python3.7/site-packages/airflow/example_dags/example_kubernetes_executor.py
[2024-07-04T20:18:29.557+0000] {processor.py:766} INFO - DAG(s) dict_keys(['example_kubernetes_executor']) retrieved from /home/airflow/.local/lib/python3.7/site-packages/airflow/example_dags/example_kubernetes_executor.py
[2024-07-04T20:18:29.596+0000] {logging_mixin.py:120} INFO - [2024-07-04T20:18:29.596+0000] {dag.py:2585} INFO - Sync 1 DAGs
[2024-07-04T20:18:29.621+0000] {logging_mixin.py:120} INFO - [2024-07-04T20:18:29.621+0000] {dag.py:3340} INFO - Setting next_dagrun for example_kubernetes_executor to None, run_after=None
[2024-07-04T20:18:29.641+0000] {processor.py:176} INFO - Processing /home/airflow/.local/lib/python3.7/site-packages/airflow/example_dags/example_kubernetes_executor.py took 0.116 seconds
[2024-07-04T20:18:59.759+0000] {processor.py:154} INFO - Started process (PID=703) to work on /home/airflow/.local/lib/python3.7/site-packages/airflow/example_dags/example_kubernetes_executor.py
[2024-07-04T20:18:59.760+0000] {processor.py:756} INFO - Processing file /home/airflow/.local/lib/python3.7/site-packages/airflow/example_dags/example_kubernetes_executor.py for tasks to queue
[2024-07-04T20:18:59.760+0000] {logging_mixin.py:120} INFO - [2024-07-04T20:18:59.760+0000] {dagbag.py:537} INFO - Filling up the DagBag from /home/airflow/.local/lib/python3.7/site-packages/airflow/example_dags/example_kubernetes_executor.py
[2024-07-04T20:18:59.784+0000] {processor.py:766} INFO - DAG(s) dict_keys(['example_kubernetes_executor']) retrieved from /home/airflow/.local/lib/python3.7/site-packages/airflow/example_dags/example_kubernetes_executor.py
[2024-07-04T20:18:59.819+0000] {logging_mixin.py:120} INFO - [2024-07-04T20:18:59.818+0000] {dag.py:2585} INFO - Sync 1 DAGs
[2024-07-04T20:18:59.841+0000] {logging_mixin.py:120} INFO - [2024-07-04T20:18:59.841+0000] {dag.py:3340} INFO - Setting next_dagrun for example_kubernetes_executor to None, run_after=None
[2024-07-04T20:18:59.856+0000] {processor.py:176} INFO - Processing /home/airflow/.local/lib/python3.7/site-packages/airflow/example_dags/example_kubernetes_executor.py took 0.100 seconds
[2024-07-04T20:19:30.447+0000] {processor.py:154} INFO - Started process (PID=774) to work on /home/airflow/.local/lib/python3.7/site-packages/airflow/example_dags/example_kubernetes_executor.py
[2024-07-04T20:19:30.448+0000] {processor.py:756} INFO - Processing file /home/airflow/.local/lib/python3.7/site-packages/airflow/example_dags/example_kubernetes_executor.py for tasks to queue
[2024-07-04T20:19:30.449+0000] {logging_mixin.py:120} INFO - [2024-07-04T20:19:30.449+0000] {dagbag.py:537} INFO - Filling up the DagBag from /home/airflow/.local/lib/python3.7/site-packages/airflow/example_dags/example_kubernetes_executor.py
[2024-07-04T20:19:30.476+0000] {processor.py:766} INFO - DAG(s) dict_keys(['example_kubernetes_executor']) retrieved from /home/airflow/.local/lib/python3.7/site-packages/airflow/example_dags/example_kubernetes_executor.py
[2024-07-04T20:19:30.516+0000] {logging_mixin.py:120} INFO - [2024-07-04T20:19:30.516+0000] {dag.py:2585} INFO - Sync 1 DAGs
[2024-07-04T20:19:30.541+0000] {logging_mixin.py:120} INFO - [2024-07-04T20:19:30.541+0000] {dag.py:3340} INFO - Setting next_dagrun for example_kubernetes_executor to None, run_after=None
[2024-07-04T20:19:30.561+0000] {processor.py:176} INFO - Processing /home/airflow/.local/lib/python3.7/site-packages/airflow/example_dags/example_kubernetes_executor.py took 0.118 seconds
[2024-07-04T20:20:01.217+0000] {processor.py:154} INFO - Started process (PID=837) to work on /home/airflow/.local/lib/python3.7/site-packages/airflow/example_dags/example_kubernetes_executor.py
[2024-07-04T20:20:01.218+0000] {processor.py:756} INFO - Processing file /home/airflow/.local/lib/python3.7/site-packages/airflow/example_dags/example_kubernetes_executor.py for tasks to queue
[2024-07-04T20:20:01.219+0000] {logging_mixin.py:120} INFO - [2024-07-04T20:20:01.218+0000] {dagbag.py:537} INFO - Filling up the DagBag from /home/airflow/.local/lib/python3.7/site-packages/airflow/example_dags/example_kubernetes_executor.py
[2024-07-04T20:20:01.252+0000] {processor.py:766} INFO - DAG(s) dict_keys(['example_kubernetes_executor']) retrieved from /home/airflow/.local/lib/python3.7/site-packages/airflow/example_dags/example_kubernetes_executor.py
[2024-07-04T20:20:01.287+0000] {logging_mixin.py:120} INFO - [2024-07-04T20:20:01.287+0000] {dag.py:2585} INFO - Sync 1 DAGs
[2024-07-04T20:20:01.309+0000] {logging_mixin.py:120} INFO - [2024-07-04T20:20:01.309+0000] {dag.py:3340} INFO - Setting next_dagrun for example_kubernetes_executor to None, run_after=None
[2024-07-04T20:20:01.327+0000] {processor.py:176} INFO - Processing /home/airflow/.local/lib/python3.7/site-packages/airflow/example_dags/example_kubernetes_executor.py took 0.113 seconds
[2024-07-04T20:20:31.764+0000] {processor.py:154} INFO - Started process (PID=908) to work on /home/airflow/.local/lib/python3.7/site-packages/airflow/example_dags/example_kubernetes_executor.py
[2024-07-04T20:20:31.765+0000] {processor.py:756} INFO - Processing file /home/airflow/.local/lib/python3.7/site-packages/airflow/example_dags/example_kubernetes_executor.py for tasks to queue
[2024-07-04T20:20:31.766+0000] {logging_mixin.py:120} INFO - [2024-07-04T20:20:31.766+0000] {dagbag.py:537} INFO - Filling up the DagBag from /home/airflow/.local/lib/python3.7/site-packages/airflow/example_dags/example_kubernetes_executor.py
[2024-07-04T20:20:31.791+0000] {processor.py:766} INFO - DAG(s) dict_keys(['example_kubernetes_executor']) retrieved from /home/airflow/.local/lib/python3.7/site-packages/airflow/example_dags/example_kubernetes_executor.py
[2024-07-04T20:20:31.829+0000] {logging_mixin.py:120} INFO - [2024-07-04T20:20:31.828+0000] {dag.py:2585} INFO - Sync 1 DAGs
[2024-07-04T20:20:31.852+0000] {logging_mixin.py:120} INFO - [2024-07-04T20:20:31.852+0000] {dag.py:3340} INFO - Setting next_dagrun for example_kubernetes_executor to None, run_after=None
[2024-07-04T20:20:31.869+0000] {processor.py:176} INFO - Processing /home/airflow/.local/lib/python3.7/site-packages/airflow/example_dags/example_kubernetes_executor.py took 0.109 seconds
[2024-07-04T20:21:02.355+0000] {processor.py:154} INFO - Started process (PID=977) to work on /home/airflow/.local/lib/python3.7/site-packages/airflow/example_dags/example_kubernetes_executor.py
[2024-07-04T20:21:02.356+0000] {processor.py:756} INFO - Processing file /home/airflow/.local/lib/python3.7/site-packages/airflow/example_dags/example_kubernetes_executor.py for tasks to queue
[2024-07-04T20:21:02.357+0000] {logging_mixin.py:120} INFO - [2024-07-04T20:21:02.356+0000] {dagbag.py:537} INFO - Filling up the DagBag from /home/airflow/.local/lib/python3.7/site-packages/airflow/example_dags/example_kubernetes_executor.py
[2024-07-04T20:21:02.381+0000] {processor.py:766} INFO - DAG(s) dict_keys(['example_kubernetes_executor']) retrieved from /home/airflow/.local/lib/python3.7/site-packages/airflow/example_dags/example_kubernetes_executor.py
[2024-07-04T20:21:02.418+0000] {logging_mixin.py:120} INFO - [2024-07-04T20:21:02.418+0000] {dag.py:2585} INFO - Sync 1 DAGs
[2024-07-04T20:21:02.439+0000] {logging_mixin.py:120} INFO - [2024-07-04T20:21:02.439+0000] {dag.py:3340} INFO - Setting next_dagrun for example_kubernetes_executor to None, run_after=None
[2024-07-04T20:21:02.456+0000] {processor.py:176} INFO - Processing /home/airflow/.local/lib/python3.7/site-packages/airflow/example_dags/example_kubernetes_executor.py took 0.104 seconds
[2024-07-04T20:21:33.158+0000] {processor.py:154} INFO - Started process (PID=1048) to work on /home/airflow/.local/lib/python3.7/site-packages/airflow/example_dags/example_kubernetes_executor.py
[2024-07-04T20:21:33.159+0000] {processor.py:756} INFO - Processing file /home/airflow/.local/lib/python3.7/site-packages/airflow/example_dags/example_kubernetes_executor.py for tasks to queue
[2024-07-04T20:21:33.159+0000] {logging_mixin.py:120} INFO - [2024-07-04T20:21:33.159+0000] {dagbag.py:537} INFO - Filling up the DagBag from /home/airflow/.local/lib/python3.7/site-packages/airflow/example_dags/example_kubernetes_executor.py
[2024-07-04T20:21:33.185+0000] {processor.py:766} INFO - DAG(s) dict_keys(['example_kubernetes_executor']) retrieved from /home/airflow/.local/lib/python3.7/site-packages/airflow/example_dags/example_kubernetes_executor.py
[2024-07-04T20:21:33.229+0000] {logging_mixin.py:120} INFO - [2024-07-04T20:21:33.229+0000] {dag.py:2585} INFO - Sync 1 DAGs
[2024-07-04T20:21:33.253+0000] {logging_mixin.py:120} INFO - [2024-07-04T20:21:33.252+0000] {dag.py:3340} INFO - Setting next_dagrun for example_kubernetes_executor to None, run_after=None
[2024-07-04T20:21:33.270+0000] {processor.py:176} INFO - Processing /home/airflow/.local/lib/python3.7/site-packages/airflow/example_dags/example_kubernetes_executor.py took 0.115 seconds
