[2024-07-04T20:14:24.569+0000] {processor.py:154} INFO - Started process (PID=85) to work on /home/airflow/.local/lib/python3.7/site-packages/airflow/example_dags/example_latest_only.py
[2024-07-04T20:14:24.575+0000] {processor.py:756} INFO - Processing file /home/airflow/.local/lib/python3.7/site-packages/airflow/example_dags/example_latest_only.py for tasks to queue
[2024-07-04T20:14:24.577+0000] {logging_mixin.py:120} INFO - [2024-07-04T20:14:24.577+0000] {dagbag.py:537} INFO - Filling up the DagBag from /home/airflow/.local/lib/python3.7/site-packages/airflow/example_dags/example_latest_only.py
[2024-07-04T20:14:24.625+0000] {processor.py:766} INFO - DAG(s) dict_keys(['latest_only']) retrieved from /home/airflow/.local/lib/python3.7/site-packages/airflow/example_dags/example_latest_only.py
[2024-07-04T20:14:24.733+0000] {logging_mixin.py:120} INFO - [2024-07-04T20:14:24.733+0000] {dag.py:2585} INFO - Sync 1 DAGs
[2024-07-04T20:14:24.790+0000] {logging_mixin.py:120} INFO - [2024-07-04T20:14:24.790+0000] {dag.py:3340} INFO - Setting next_dagrun for latest_only to 2024-07-04T16:14:24.790048+00:00, run_after=2024-07-04T20:14:24.790048+00:00
[2024-07-04T20:14:24.836+0000] {processor.py:176} INFO - Processing /home/airflow/.local/lib/python3.7/site-packages/airflow/example_dags/example_latest_only.py took 0.276 seconds
[2024-07-04T20:14:55.599+0000] {processor.py:154} INFO - Started process (PID=160) to work on /home/airflow/.local/lib/python3.7/site-packages/airflow/example_dags/example_latest_only.py
[2024-07-04T20:14:55.600+0000] {processor.py:756} INFO - Processing file /home/airflow/.local/lib/python3.7/site-packages/airflow/example_dags/example_latest_only.py for tasks to queue
[2024-07-04T20:14:55.601+0000] {logging_mixin.py:120} INFO - [2024-07-04T20:14:55.601+0000] {dagbag.py:537} INFO - Filling up the DagBag from /home/airflow/.local/lib/python3.7/site-packages/airflow/example_dags/example_latest_only.py
[2024-07-04T20:14:55.615+0000] {processor.py:766} INFO - DAG(s) dict_keys(['latest_only']) retrieved from /home/airflow/.local/lib/python3.7/site-packages/airflow/example_dags/example_latest_only.py
[2024-07-04T20:14:55.651+0000] {logging_mixin.py:120} INFO - [2024-07-04T20:14:55.651+0000] {dag.py:2585} INFO - Sync 1 DAGs
[2024-07-04T20:14:55.677+0000] {logging_mixin.py:120} INFO - [2024-07-04T20:14:55.677+0000] {dag.py:3340} INFO - Setting next_dagrun for latest_only to 2024-07-04T16:14:55.677085+00:00, run_after=2024-07-04T20:14:55.677085+00:00
[2024-07-04T20:14:55.694+0000] {processor.py:176} INFO - Processing /home/airflow/.local/lib/python3.7/site-packages/airflow/example_dags/example_latest_only.py took 0.098 seconds
[2024-07-04T20:15:26.458+0000] {processor.py:154} INFO - Started process (PID=223) to work on /home/airflow/.local/lib/python3.7/site-packages/airflow/example_dags/example_latest_only.py
[2024-07-04T20:15:26.458+0000] {processor.py:756} INFO - Processing file /home/airflow/.local/lib/python3.7/site-packages/airflow/example_dags/example_latest_only.py for tasks to queue
[2024-07-04T20:15:26.459+0000] {logging_mixin.py:120} INFO - [2024-07-04T20:15:26.459+0000] {dagbag.py:537} INFO - Filling up the DagBag from /home/airflow/.local/lib/python3.7/site-packages/airflow/example_dags/example_latest_only.py
[2024-07-04T20:15:26.472+0000] {processor.py:766} INFO - DAG(s) dict_keys(['latest_only']) retrieved from /home/airflow/.local/lib/python3.7/site-packages/airflow/example_dags/example_latest_only.py
[2024-07-04T20:15:26.510+0000] {logging_mixin.py:120} INFO - [2024-07-04T20:15:26.510+0000] {dag.py:2585} INFO - Sync 1 DAGs
[2024-07-04T20:15:26.538+0000] {logging_mixin.py:120} INFO - [2024-07-04T20:15:26.537+0000] {dag.py:3340} INFO - Setting next_dagrun for latest_only to 2024-07-04T16:15:26.537296+00:00, run_after=2024-07-04T20:15:26.537296+00:00
[2024-07-04T20:15:26.562+0000] {processor.py:176} INFO - Processing /home/airflow/.local/lib/python3.7/site-packages/airflow/example_dags/example_latest_only.py took 0.107 seconds
[2024-07-04T20:15:57.210+0000] {processor.py:154} INFO - Started process (PID=294) to work on /home/airflow/.local/lib/python3.7/site-packages/airflow/example_dags/example_latest_only.py
[2024-07-04T20:15:57.212+0000] {processor.py:756} INFO - Processing file /home/airflow/.local/lib/python3.7/site-packages/airflow/example_dags/example_latest_only.py for tasks to queue
[2024-07-04T20:15:57.213+0000] {logging_mixin.py:120} INFO - [2024-07-04T20:15:57.213+0000] {dagbag.py:537} INFO - Filling up the DagBag from /home/airflow/.local/lib/python3.7/site-packages/airflow/example_dags/example_latest_only.py
[2024-07-04T20:15:57.225+0000] {processor.py:766} INFO - DAG(s) dict_keys(['latest_only']) retrieved from /home/airflow/.local/lib/python3.7/site-packages/airflow/example_dags/example_latest_only.py
[2024-07-04T20:15:57.258+0000] {logging_mixin.py:120} INFO - [2024-07-04T20:15:57.257+0000] {dag.py:2585} INFO - Sync 1 DAGs
[2024-07-04T20:15:57.279+0000] {logging_mixin.py:120} INFO - [2024-07-04T20:15:57.279+0000] {dag.py:3340} INFO - Setting next_dagrun for latest_only to 2024-07-04T16:15:57.279112+00:00, run_after=2024-07-04T20:15:57.279112+00:00
[2024-07-04T20:15:57.296+0000] {processor.py:176} INFO - Processing /home/airflow/.local/lib/python3.7/site-packages/airflow/example_dags/example_latest_only.py took 0.088 seconds
[2024-07-04T20:16:27.530+0000] {processor.py:154} INFO - Started process (PID=366) to work on /home/airflow/.local/lib/python3.7/site-packages/airflow/example_dags/example_latest_only.py
[2024-07-04T20:16:27.531+0000] {processor.py:756} INFO - Processing file /home/airflow/.local/lib/python3.7/site-packages/airflow/example_dags/example_latest_only.py for tasks to queue
[2024-07-04T20:16:27.532+0000] {logging_mixin.py:120} INFO - [2024-07-04T20:16:27.532+0000] {dagbag.py:537} INFO - Filling up the DagBag from /home/airflow/.local/lib/python3.7/site-packages/airflow/example_dags/example_latest_only.py
[2024-07-04T20:16:27.549+0000] {processor.py:766} INFO - DAG(s) dict_keys(['latest_only']) retrieved from /home/airflow/.local/lib/python3.7/site-packages/airflow/example_dags/example_latest_only.py
[2024-07-04T20:16:27.591+0000] {logging_mixin.py:120} INFO - [2024-07-04T20:16:27.590+0000] {dag.py:2585} INFO - Sync 1 DAGs
[2024-07-04T20:16:27.614+0000] {logging_mixin.py:120} INFO - [2024-07-04T20:16:27.614+0000] {dag.py:3340} INFO - Setting next_dagrun for latest_only to 2024-07-04T16:16:27.614538+00:00, run_after=2024-07-04T20:16:27.614538+00:00
[2024-07-04T20:16:27.631+0000] {processor.py:176} INFO - Processing /home/airflow/.local/lib/python3.7/site-packages/airflow/example_dags/example_latest_only.py took 0.105 seconds
[2024-07-04T20:16:57.804+0000] {processor.py:154} INFO - Started process (PID=437) to work on /home/airflow/.local/lib/python3.7/site-packages/airflow/example_dags/example_latest_only.py
[2024-07-04T20:16:57.805+0000] {processor.py:756} INFO - Processing file /home/airflow/.local/lib/python3.7/site-packages/airflow/example_dags/example_latest_only.py for tasks to queue
[2024-07-04T20:16:57.806+0000] {logging_mixin.py:120} INFO - [2024-07-04T20:16:57.806+0000] {dagbag.py:537} INFO - Filling up the DagBag from /home/airflow/.local/lib/python3.7/site-packages/airflow/example_dags/example_latest_only.py
[2024-07-04T20:16:57.821+0000] {processor.py:766} INFO - DAG(s) dict_keys(['latest_only']) retrieved from /home/airflow/.local/lib/python3.7/site-packages/airflow/example_dags/example_latest_only.py
[2024-07-04T20:16:57.856+0000] {logging_mixin.py:120} INFO - [2024-07-04T20:16:57.856+0000] {dag.py:2585} INFO - Sync 1 DAGs
[2024-07-04T20:16:57.879+0000] {logging_mixin.py:120} INFO - [2024-07-04T20:16:57.878+0000] {dag.py:3340} INFO - Setting next_dagrun for latest_only to 2024-07-04T16:16:57.878602+00:00, run_after=2024-07-04T20:16:57.878602+00:00
[2024-07-04T20:16:57.897+0000] {processor.py:176} INFO - Processing /home/airflow/.local/lib/python3.7/site-packages/airflow/example_dags/example_latest_only.py took 0.096 seconds
[2024-07-04T20:17:28.702+0000] {processor.py:154} INFO - Started process (PID=506) to work on /home/airflow/.local/lib/python3.7/site-packages/airflow/example_dags/example_latest_only.py
[2024-07-04T20:17:28.703+0000] {processor.py:756} INFO - Processing file /home/airflow/.local/lib/python3.7/site-packages/airflow/example_dags/example_latest_only.py for tasks to queue
[2024-07-04T20:17:28.704+0000] {logging_mixin.py:120} INFO - [2024-07-04T20:17:28.704+0000] {dagbag.py:537} INFO - Filling up the DagBag from /home/airflow/.local/lib/python3.7/site-packages/airflow/example_dags/example_latest_only.py
[2024-07-04T20:17:28.717+0000] {processor.py:766} INFO - DAG(s) dict_keys(['latest_only']) retrieved from /home/airflow/.local/lib/python3.7/site-packages/airflow/example_dags/example_latest_only.py
[2024-07-04T20:17:28.754+0000] {logging_mixin.py:120} INFO - [2024-07-04T20:17:28.754+0000] {dag.py:2585} INFO - Sync 1 DAGs
[2024-07-04T20:17:28.776+0000] {logging_mixin.py:120} INFO - [2024-07-04T20:17:28.776+0000] {dag.py:3340} INFO - Setting next_dagrun for latest_only to 2024-07-04T16:17:28.776163+00:00, run_after=2024-07-04T20:17:28.776163+00:00
[2024-07-04T20:17:28.794+0000] {processor.py:176} INFO - Processing /home/airflow/.local/lib/python3.7/site-packages/airflow/example_dags/example_latest_only.py took 0.096 seconds
[2024-07-04T20:17:59.442+0000] {processor.py:154} INFO - Started process (PID=571) to work on /home/airflow/.local/lib/python3.7/site-packages/airflow/example_dags/example_latest_only.py
[2024-07-04T20:17:59.443+0000] {processor.py:756} INFO - Processing file /home/airflow/.local/lib/python3.7/site-packages/airflow/example_dags/example_latest_only.py for tasks to queue
[2024-07-04T20:17:59.444+0000] {logging_mixin.py:120} INFO - [2024-07-04T20:17:59.443+0000] {dagbag.py:537} INFO - Filling up the DagBag from /home/airflow/.local/lib/python3.7/site-packages/airflow/example_dags/example_latest_only.py
[2024-07-04T20:17:59.456+0000] {processor.py:766} INFO - DAG(s) dict_keys(['latest_only']) retrieved from /home/airflow/.local/lib/python3.7/site-packages/airflow/example_dags/example_latest_only.py
[2024-07-04T20:17:59.489+0000] {logging_mixin.py:120} INFO - [2024-07-04T20:17:59.489+0000] {dag.py:2585} INFO - Sync 1 DAGs
[2024-07-04T20:17:59.510+0000] {logging_mixin.py:120} INFO - [2024-07-04T20:17:59.510+0000] {dag.py:3340} INFO - Setting next_dagrun for latest_only to 2024-07-04T16:17:59.510361+00:00, run_after=2024-07-04T20:17:59.510361+00:00
[2024-07-04T20:17:59.526+0000] {processor.py:176} INFO - Processing /home/airflow/.local/lib/python3.7/site-packages/airflow/example_dags/example_latest_only.py took 0.088 seconds
[2024-07-04T20:18:30.295+0000] {processor.py:154} INFO - Started process (PID=643) to work on /home/airflow/.local/lib/python3.7/site-packages/airflow/example_dags/example_latest_only.py
[2024-07-04T20:18:30.297+0000] {processor.py:756} INFO - Processing file /home/airflow/.local/lib/python3.7/site-packages/airflow/example_dags/example_latest_only.py for tasks to queue
[2024-07-04T20:18:30.299+0000] {logging_mixin.py:120} INFO - [2024-07-04T20:18:30.298+0000] {dagbag.py:537} INFO - Filling up the DagBag from /home/airflow/.local/lib/python3.7/site-packages/airflow/example_dags/example_latest_only.py
[2024-07-04T20:18:30.318+0000] {processor.py:766} INFO - DAG(s) dict_keys(['latest_only']) retrieved from /home/airflow/.local/lib/python3.7/site-packages/airflow/example_dags/example_latest_only.py
[2024-07-04T20:18:30.367+0000] {logging_mixin.py:120} INFO - [2024-07-04T20:18:30.366+0000] {dag.py:2585} INFO - Sync 1 DAGs
[2024-07-04T20:18:30.399+0000] {logging_mixin.py:120} INFO - [2024-07-04T20:18:30.399+0000] {dag.py:3340} INFO - Setting next_dagrun for latest_only to 2024-07-04T16:18:30.399160+00:00, run_after=2024-07-04T20:18:30.399160+00:00
[2024-07-04T20:18:30.424+0000] {processor.py:176} INFO - Processing /home/airflow/.local/lib/python3.7/site-packages/airflow/example_dags/example_latest_only.py took 0.134 seconds
[2024-07-04T20:19:01.315+0000] {processor.py:154} INFO - Started process (PID=714) to work on /home/airflow/.local/lib/python3.7/site-packages/airflow/example_dags/example_latest_only.py
[2024-07-04T20:19:01.316+0000] {processor.py:756} INFO - Processing file /home/airflow/.local/lib/python3.7/site-packages/airflow/example_dags/example_latest_only.py for tasks to queue
[2024-07-04T20:19:01.316+0000] {logging_mixin.py:120} INFO - [2024-07-04T20:19:01.316+0000] {dagbag.py:537} INFO - Filling up the DagBag from /home/airflow/.local/lib/python3.7/site-packages/airflow/example_dags/example_latest_only.py
[2024-07-04T20:19:01.328+0000] {processor.py:766} INFO - DAG(s) dict_keys(['latest_only']) retrieved from /home/airflow/.local/lib/python3.7/site-packages/airflow/example_dags/example_latest_only.py
[2024-07-04T20:19:01.362+0000] {logging_mixin.py:120} INFO - [2024-07-04T20:19:01.362+0000] {dag.py:2585} INFO - Sync 1 DAGs
[2024-07-04T20:19:01.383+0000] {logging_mixin.py:120} INFO - [2024-07-04T20:19:01.382+0000] {dag.py:3340} INFO - Setting next_dagrun for latest_only to 2024-07-04T16:19:01.382679+00:00, run_after=2024-07-04T20:19:01.382679+00:00
[2024-07-04T20:19:01.398+0000] {processor.py:176} INFO - Processing /home/airflow/.local/lib/python3.7/site-packages/airflow/example_dags/example_latest_only.py took 0.086 seconds
[2024-07-04T20:19:32.107+0000] {processor.py:154} INFO - Started process (PID=785) to work on /home/airflow/.local/lib/python3.7/site-packages/airflow/example_dags/example_latest_only.py
[2024-07-04T20:19:32.108+0000] {processor.py:756} INFO - Processing file /home/airflow/.local/lib/python3.7/site-packages/airflow/example_dags/example_latest_only.py for tasks to queue
[2024-07-04T20:19:32.109+0000] {logging_mixin.py:120} INFO - [2024-07-04T20:19:32.109+0000] {dagbag.py:537} INFO - Filling up the DagBag from /home/airflow/.local/lib/python3.7/site-packages/airflow/example_dags/example_latest_only.py
[2024-07-04T20:19:32.121+0000] {processor.py:766} INFO - DAG(s) dict_keys(['latest_only']) retrieved from /home/airflow/.local/lib/python3.7/site-packages/airflow/example_dags/example_latest_only.py
[2024-07-04T20:19:32.157+0000] {logging_mixin.py:120} INFO - [2024-07-04T20:19:32.157+0000] {dag.py:2585} INFO - Sync 1 DAGs
[2024-07-04T20:19:32.179+0000] {logging_mixin.py:120} INFO - [2024-07-04T20:19:32.179+0000] {dag.py:3340} INFO - Setting next_dagrun for latest_only to 2024-07-04T16:19:32.179154+00:00, run_after=2024-07-04T20:19:32.179154+00:00
[2024-07-04T20:19:32.197+0000] {processor.py:176} INFO - Processing /home/airflow/.local/lib/python3.7/site-packages/airflow/example_dags/example_latest_only.py took 0.092 seconds
[2024-07-04T20:20:02.857+0000] {processor.py:154} INFO - Started process (PID=848) to work on /home/airflow/.local/lib/python3.7/site-packages/airflow/example_dags/example_latest_only.py
[2024-07-04T20:20:02.858+0000] {processor.py:756} INFO - Processing file /home/airflow/.local/lib/python3.7/site-packages/airflow/example_dags/example_latest_only.py for tasks to queue
[2024-07-04T20:20:02.859+0000] {logging_mixin.py:120} INFO - [2024-07-04T20:20:02.859+0000] {dagbag.py:537} INFO - Filling up the DagBag from /home/airflow/.local/lib/python3.7/site-packages/airflow/example_dags/example_latest_only.py
[2024-07-04T20:20:02.872+0000] {processor.py:766} INFO - DAG(s) dict_keys(['latest_only']) retrieved from /home/airflow/.local/lib/python3.7/site-packages/airflow/example_dags/example_latest_only.py
[2024-07-04T20:20:02.906+0000] {logging_mixin.py:120} INFO - [2024-07-04T20:20:02.906+0000] {dag.py:2585} INFO - Sync 1 DAGs
[2024-07-04T20:20:02.929+0000] {logging_mixin.py:120} INFO - [2024-07-04T20:20:02.929+0000] {dag.py:3340} INFO - Setting next_dagrun for latest_only to 2024-07-04T16:20:02.929160+00:00, run_after=2024-07-04T20:20:02.929160+00:00
[2024-07-04T20:20:02.947+0000] {processor.py:176} INFO - Processing /home/airflow/.local/lib/python3.7/site-packages/airflow/example_dags/example_latest_only.py took 0.093 seconds
[2024-07-04T20:20:33.497+0000] {processor.py:154} INFO - Started process (PID=919) to work on /home/airflow/.local/lib/python3.7/site-packages/airflow/example_dags/example_latest_only.py
[2024-07-04T20:20:33.498+0000] {processor.py:756} INFO - Processing file /home/airflow/.local/lib/python3.7/site-packages/airflow/example_dags/example_latest_only.py for tasks to queue
[2024-07-04T20:20:33.499+0000] {logging_mixin.py:120} INFO - [2024-07-04T20:20:33.498+0000] {dagbag.py:537} INFO - Filling up the DagBag from /home/airflow/.local/lib/python3.7/site-packages/airflow/example_dags/example_latest_only.py
[2024-07-04T20:20:33.511+0000] {processor.py:766} INFO - DAG(s) dict_keys(['latest_only']) retrieved from /home/airflow/.local/lib/python3.7/site-packages/airflow/example_dags/example_latest_only.py
[2024-07-04T20:20:33.546+0000] {logging_mixin.py:120} INFO - [2024-07-04T20:20:33.546+0000] {dag.py:2585} INFO - Sync 1 DAGs
[2024-07-04T20:20:33.570+0000] {logging_mixin.py:120} INFO - [2024-07-04T20:20:33.570+0000] {dag.py:3340} INFO - Setting next_dagrun for latest_only to 2024-07-04T16:20:33.570446+00:00, run_after=2024-07-04T20:20:33.570446+00:00
[2024-07-04T20:20:33.587+0000] {processor.py:176} INFO - Processing /home/airflow/.local/lib/python3.7/site-packages/airflow/example_dags/example_latest_only.py took 0.093 seconds
[2024-07-04T20:21:04.223+0000] {processor.py:154} INFO - Started process (PID=991) to work on /home/airflow/.local/lib/python3.7/site-packages/airflow/example_dags/example_latest_only.py
[2024-07-04T20:21:04.224+0000] {processor.py:756} INFO - Processing file /home/airflow/.local/lib/python3.7/site-packages/airflow/example_dags/example_latest_only.py for tasks to queue
[2024-07-04T20:21:04.224+0000] {logging_mixin.py:120} INFO - [2024-07-04T20:21:04.224+0000] {dagbag.py:537} INFO - Filling up the DagBag from /home/airflow/.local/lib/python3.7/site-packages/airflow/example_dags/example_latest_only.py
[2024-07-04T20:21:04.238+0000] {processor.py:766} INFO - DAG(s) dict_keys(['latest_only']) retrieved from /home/airflow/.local/lib/python3.7/site-packages/airflow/example_dags/example_latest_only.py
[2024-07-04T20:21:04.272+0000] {logging_mixin.py:120} INFO - [2024-07-04T20:21:04.272+0000] {dag.py:2585} INFO - Sync 1 DAGs
[2024-07-04T20:21:04.295+0000] {logging_mixin.py:120} INFO - [2024-07-04T20:21:04.295+0000] {dag.py:3340} INFO - Setting next_dagrun for latest_only to 2024-07-04T16:21:04.294720+00:00, run_after=2024-07-04T20:21:04.294720+00:00
[2024-07-04T20:21:04.312+0000] {processor.py:176} INFO - Processing /home/airflow/.local/lib/python3.7/site-packages/airflow/example_dags/example_latest_only.py took 0.093 seconds
[2024-07-04T20:21:35.220+0000] {processor.py:154} INFO - Started process (PID=1062) to work on /home/airflow/.local/lib/python3.7/site-packages/airflow/example_dags/example_latest_only.py
[2024-07-04T20:21:35.224+0000] {processor.py:756} INFO - Processing file /home/airflow/.local/lib/python3.7/site-packages/airflow/example_dags/example_latest_only.py for tasks to queue
[2024-07-04T20:21:35.225+0000] {logging_mixin.py:120} INFO - [2024-07-04T20:21:35.225+0000] {dagbag.py:537} INFO - Filling up the DagBag from /home/airflow/.local/lib/python3.7/site-packages/airflow/example_dags/example_latest_only.py
[2024-07-04T20:21:35.273+0000] {processor.py:766} INFO - DAG(s) dict_keys(['latest_only']) retrieved from /home/airflow/.local/lib/python3.7/site-packages/airflow/example_dags/example_latest_only.py
[2024-07-04T20:21:35.354+0000] {logging_mixin.py:120} INFO - [2024-07-04T20:21:35.354+0000] {dag.py:2585} INFO - Sync 1 DAGs
[2024-07-04T20:21:35.378+0000] {logging_mixin.py:120} INFO - [2024-07-04T20:21:35.378+0000] {dag.py:3340} INFO - Setting next_dagrun for latest_only to 2024-07-04T16:21:35.377886+00:00, run_after=2024-07-04T20:21:35.377886+00:00
[2024-07-04T20:21:35.398+0000] {processor.py:176} INFO - Processing /home/airflow/.local/lib/python3.7/site-packages/airflow/example_dags/example_latest_only.py took 0.220 seconds
